4.809262454509735107e-01
4.640631973743438721e-01
4.802128672599792480e-01
4.453882575035095215e-01
4.593838453292846680e-01
4.722042381763458252e-01
4.485883712768554688e-01
4.873784780502319336e-01
4.779171347618103027e-01
4.784504175186157227e-01
4.575915634632110596e-01
4.705629050731658936e-01
4.207772314548492432e-01
3.919564783573150635e-01
4.658845365047454834e-01
4.792921841144561768e-01
4.464221596717834473e-01
5.004022121429443359e-01
4.058830738067626953e-01
4.629290699958801270e-01
4.605598747730255127e-01
4.770129323005676270e-01
4.924062788486480713e-01
4.219491779804229736e-01
4.772526025772094727e-01
4.710623025894165039e-01
4.860385954380035400e-01
4.676877856254577637e-01
4.742974638938903809e-01
4.550801515579223633e-01
4.680161774158477783e-01
4.745844304561614990e-01
4.656431674957275391e-01
4.685644507408142090e-01
4.771188497543334961e-01
4.773981869220733643e-01
4.852748215198516846e-01
4.812867045402526855e-01
4.504315257072448730e-01
4.684292078018188477e-01
4.002356529235839844e-01
4.883375763893127441e-01
3.357730805873870850e-01
4.803655445575714111e-01
4.710484445095062256e-01
4.816378355026245117e-01
4.940202534198760986e-01
4.418385624885559082e-01
4.805549085140228271e-01
4.893706738948822021e-01
4.845842421054840088e-01
4.677733778953552246e-01
4.643681347370147705e-01
4.772881269454956055e-01
4.614091813564300537e-01
4.375273287296295166e-01
4.543219506740570068e-01
4.604462087154388428e-01
4.648907780647277832e-01
4.777494668960571289e-01
4.756239354610443115e-01
4.189903736114501953e-01
3.547388017177581787e-01
4.529022276401519775e-01
4.687509834766387939e-01
4.403849840164184570e-01
5.075234174728393555e-01
4.811600744724273682e-01
4.857660233974456787e-01
4.866680800914764404e-01
4.420901834964752197e-01
4.290553629398345947e-01
4.500084221363067627e-01
4.720765650272369385e-01
4.517432451248168945e-01
4.464645385742187500e-01
4.923110306262969971e-01
3.937186896800994873e-01
4.876316189765930176e-01
4.798623025417327881e-01
4.469134211540222168e-01
4.813731014728546143e-01
4.838085770606994629e-01
4.311243891716003418e-01
4.748657941818237305e-01
4.561963677406311035e-01
4.728417396545410156e-01
4.225281178951263428e-01
4.968401789665222168e-01
4.661296010017395020e-01
4.565169215202331543e-01
4.640805125236511230e-01
4.814395308494567871e-01
4.294857680797576904e-01
4.785163104534149170e-01
4.696595370769500732e-01
3.986932337284088135e-01
4.756702184677124023e-01
4.696949422359466553e-01
3.999973535537719727e-01
4.838973283767700195e-01
4.624254107475280762e-01
3.952634334564208984e-01
4.623315334320068359e-01
4.660644233226776123e-01
4.966596364974975586e-01
3.875649571418762207e-01
4.859537780284881592e-01
4.850141108036041260e-01
4.810846149921417236e-01
4.778624773025512695e-01
4.680918157100677490e-01
4.554162025451660156e-01
4.452736377716064453e-01
4.945635497570037842e-01
4.694378674030303955e-01
4.651193618774414062e-01
4.929931759834289551e-01
4.227361977100372314e-01
4.513311088085174561e-01
4.210111200809478760e-01
4.384777843952178955e-01
4.838639497756958008e-01
4.807746410369873047e-01
4.386845231056213379e-01
4.813770949840545654e-01
4.761006534099578857e-01
4.408364892005920410e-01
4.634528160095214844e-01
4.803096950054168701e-01
4.355546236038208008e-01
4.860415160655975342e-01
4.710587859153747559e-01
4.736831188201904297e-01
4.867359697818756104e-01
4.837461411952972412e-01
4.834391474723815918e-01
4.764729142189025879e-01
4.907977283000946045e-01
4.369682073593139648e-01
4.750713706016540527e-01
4.187721610069274902e-01
4.600918591022491455e-01
4.140134453773498535e-01
4.815494120121002197e-01
4.515152573585510254e-01
4.762485623359680176e-01
4.835459887981414795e-01
4.464108943939208984e-01
4.536087214946746826e-01
4.517420530319213867e-01
4.497124254703521729e-01
3.995774686336517334e-01
4.946856498718261719e-01
4.766358137130737305e-01
4.778443276882171631e-01
4.583528935909271240e-01
4.754549562931060791e-01
4.610735476016998291e-01
3.317736387252807617e-01
4.406313002109527588e-01
4.804752767086029053e-01
4.798776209354400635e-01
4.768654704093933105e-01
4.563927352428436279e-01
4.624219536781311035e-01
4.661456644535064697e-01
4.755977988243103027e-01
4.695620536804199219e-01
4.667189121246337891e-01
4.777061641216278076e-01
4.500541985034942627e-01
4.729888141155242920e-01
4.608373343944549561e-01
4.708326160907745361e-01
4.892917275428771973e-01
4.106191396713256836e-01
4.731076955795288086e-01
4.813230633735656738e-01
4.830597043037414551e-01
4.694921672344207764e-01
4.813176393508911133e-01
4.857307076454162598e-01
4.892917275428771973e-01
4.432841539382934570e-01
4.776220619678497314e-01
4.674888253211975098e-01
4.866076707839965820e-01
4.494131803512573242e-01
4.625429213047027588e-01
4.603384733200073242e-01
4.045586585998535156e-01
4.554541707038879395e-01
4.694581627845764160e-01
4.968625605106353760e-01
4.647623896598815918e-01
4.431066513061523438e-01
4.894507229328155518e-01
4.836954474449157715e-01
4.789154231548309326e-01
4.489353299140930176e-01
4.421568512916564941e-01
4.835194647312164307e-01
4.715475440025329590e-01
4.829277694225311279e-01
4.682554006576538086e-01
4.762126505374908447e-01
4.687922596931457520e-01
4.651689827442169189e-01
4.796142578125000000e-01
4.737907350063323975e-01
3.286653161048889160e-01
4.627403914928436279e-01
4.760239422321319580e-01
4.919574260711669922e-01
4.612303674221038818e-01
4.673181772232055664e-01
4.807324409484863281e-01
4.784085154533386230e-01
3.408851325511932373e-01
4.253401160240173340e-01
4.495587348937988281e-01
4.544129669666290283e-01
3.852236270904541016e-01
4.768490195274353027e-01
4.467176198959350586e-01
4.878535270690917969e-01
4.396355152130126953e-01
4.664436280727386475e-01
4.621688127517700195e-01
4.774374365806579590e-01
4.397161006927490234e-01
4.454261958599090576e-01
4.873521924018859863e-01
4.803822636604309082e-01
4.826819002628326416e-01
4.354540109634399414e-01
4.692139625549316406e-01
4.751391410827636719e-01
4.546302258968353271e-01
4.102679789066314697e-01
4.736387431621551514e-01
4.599272608757019043e-01
4.822973906993865967e-01
3.509193360805511475e-01
4.798380732536315918e-01
4.765858650207519531e-01
4.563015699386596680e-01
4.739388525485992432e-01
4.697358608245849609e-01
4.456850886344909668e-01
4.937795698642730713e-01
4.929681420326232910e-01
4.543967843055725098e-01
4.841302931308746338e-01
4.474489986896514893e-01
4.713735580444335938e-01
4.766292572021484375e-01
4.033418595790863037e-01
4.481780529022216797e-01
5.026625394821166992e-01
4.760633707046508789e-01
4.147884249687194824e-01
4.730952978134155273e-01
4.761882722377777100e-01
4.890079200267791748e-01
4.830346107482910156e-01
4.816169738769531250e-01
4.513037204742431641e-01
4.714635312557220459e-01
4.635692238807678223e-01
4.769556522369384766e-01
4.796439409255981445e-01
4.589215219020843506e-01
3.300783932209014893e-01
4.818617701530456543e-01
4.905109405517578125e-01
4.638002216815948486e-01
4.825707376003265381e-01
4.783113300800323486e-01
4.615219533443450928e-01
4.713440835475921631e-01
4.815158545970916748e-01
4.807324409484863281e-01
4.898011088371276855e-01
4.836630821228027344e-01
4.797724485397338867e-01
4.929515123367309570e-01
3.295942246913909912e-01
4.759973585605621338e-01
3.239208757877349854e-01
4.481968283653259277e-01
4.509426355361938477e-01
4.746720194816589355e-01
4.482021629810333252e-01
4.416881799697875977e-01
4.731060862541198730e-01
4.417638480663299561e-01
4.621156454086303711e-01
4.702348113059997559e-01
4.796318113803863525e-01
4.661709964275360107e-01
3.973517119884490967e-01
5.013411045074462891e-01
4.478579163551330566e-01
4.829635918140411377e-01
4.790062308311462402e-01
4.803688526153564453e-01
4.781078100204467773e-01
4.433514177799224854e-01
4.760455489158630371e-01
4.930944740772247314e-01
4.745137095451354980e-01
4.710353910923004150e-01
4.790714383125305176e-01
4.847775995731353760e-01
4.457853734493255615e-01
4.732027053833007812e-01
4.373540580272674561e-01
4.794076681137084961e-01
4.511947929859161377e-01
4.546082615852355957e-01
4.277571141719818115e-01
3.512017726898193359e-01
4.405792653560638428e-01
4.270606040954589844e-01
3.885273635387420654e-01
3.758920431137084961e-01
4.756969213485717773e-01
4.817592501640319824e-01
5.018808245658874512e-01
4.387015104293823242e-01
4.911036789417266846e-01
4.988473951816558838e-01
4.766004979610443115e-01
4.743496477603912354e-01
4.730054438114166260e-01
4.617129564285278320e-01
4.795790016651153564e-01
3.395741581916809082e-01
4.819584786891937256e-01
4.873611330986022949e-01
4.793445765972137451e-01
4.731843173503875732e-01
3.886025547981262207e-01
4.735122323036193848e-01
4.768731594085693359e-01
4.777656197547912598e-01
4.291313290596008301e-01
4.661313593387603760e-01
4.506742060184478760e-01
4.435648918151855469e-01
4.851206243038177490e-01
4.732679426670074463e-01
4.914743602275848389e-01
4.283374249935150146e-01
4.896532297134399414e-01
4.345246553421020508e-01
4.707448482513427734e-01
4.571574628353118896e-01
4.838026762008666992e-01
4.635556638240814209e-01
4.819174706935882568e-01
4.321519136428833008e-01
4.772402346134185791e-01
4.729562401771545410e-01
4.954424798488616943e-01
4.757296741008758545e-01
4.703196883201599121e-01
4.811064600944519043e-01
4.695419967174530029e-01
4.468788504600524902e-01
4.752729833126068115e-01
4.883173108100891113e-01
4.625068008899688721e-01
4.701318740844726562e-01
4.848420917987823486e-01
4.828868508338928223e-01
4.839544594287872314e-01
4.875514805316925049e-01
4.175526797771453857e-01
4.629404246807098389e-01
4.913448095321655273e-01
4.559817016124725342e-01
3.799802064895629883e-01
4.858021438121795654e-01
4.595267772674560547e-01
4.645889699459075928e-01
4.675607383251190186e-01
4.845308065414428711e-01
4.683817625045776367e-01
4.617566764354705811e-01
4.649066925048828125e-01
4.560700654983520508e-01
3.496734201908111572e-01
4.696452319622039795e-01
4.010402858257293701e-01
4.768436253070831299e-01
4.715316891670227051e-01
4.110515117645263672e-01
4.765918850898742676e-01
4.292499125003814697e-01
4.878875613212585449e-01
4.574862122535705566e-01
4.471116065979003906e-01
4.625845551490783691e-01
3.389959931373596191e-01
4.874784946441650391e-01
4.745174646377563477e-01
3.465623259544372559e-01
4.779610335826873779e-01
4.816273748874664307e-01
4.750032126903533936e-01
