5.895118415355682373e-02
7.668861150741577148e-01
5.253913402557373047e-01
5.233165025711059570e-01
5.984423160552978516e-01
5.171582698822021484e-01
3.501301407814025879e-01
2.139911055564880371e-01
6.491361856460571289e-01
6.345550417900085449e-01
6.000431180000305176e-01
6.553218960762023926e-01
1.848649829626083374e-01
5.866543650627136230e-01
5.504829287528991699e-01
6.131114363670349121e-01
5.311021804809570312e-01
7.042126655578613281e-01
5.603471398353576660e-01
3.713495433330535889e-01
7.192665934562683105e-01
7.690469026565551758e-01
5.915025472640991211e-01
7.245377898216247559e-01
4.765404462814331055e-01
6.295490860939025879e-01
6.927096843719482422e-01
1.477826088666915894e-01
5.756780505180358887e-01
6.808193922042846680e-01
5.544766783714294434e-01
7.444589138031005859e-01
7.420555949211120605e-01
6.048220992088317871e-01
7.002632021903991699e-01
7.384185791015625000e-01
1.673566550016403198e-01
7.886297106742858887e-01
7.625834941864013672e-01
4.557742476463317871e-01
7.177161574363708496e-01
6.559545397758483887e-01
4.184633195400238037e-01
5.785208344459533691e-01
4.141119718551635742e-01
5.453019142150878906e-01
3.327554166316986084e-01
4.399033188819885254e-01
6.715543866157531738e-01
5.577470064163208008e-01
6.090835332870483398e-01
6.825017184019088745e-02
6.776720881462097168e-01
6.622687578201293945e-01
7.115787863731384277e-01
6.064313054084777832e-01
3.539524972438812256e-01
5.340057611465454102e-01
6.296667456626892090e-01
2.145624458789825439e-01
5.711389183998107910e-01
2.270911484956741333e-01
6.545741856098175049e-02
5.999970436096191406e-01
3.438408970832824707e-01
7.525477409362792969e-01
4.952087700366973877e-01
2.541370503604412079e-02
6.695959568023681641e-01
4.396797716617584229e-01
5.814425945281982422e-01
5.148025751113891602e-01
5.914593935012817383e-01
8.149371147155761719e-01
3.943707346916198730e-01
4.997919499874114990e-01
7.236089110374450684e-01
2.396566569805145264e-01
5.711421966552734375e-01
5.917398929595947266e-01
5.803554058074951172e-01
6.504155397415161133e-01
6.432690620422363281e-01
2.290659099817276001e-01
4.218457937240600586e-01
2.576212584972381592e-01
6.368753910064697266e-01
7.021071910858154297e-01
6.909824013710021973e-01
4.395130574703216553e-01
2.394570112228393555e-01
6.531892418861389160e-01
1.458283662796020508e-01
6.473547220230102539e-01
6.624559164047241211e-01
7.732385396957397461e-01
7.045266032218933105e-01
6.867644786834716797e-01
4.513167440891265869e-01
5.821930766105651855e-01
3.621438741683959961e-01
4.617049396038055420e-01
7.311801910400390625e-01
6.753641963005065918e-01
7.176051735877990723e-01
1.547494232654571533e-01
5.914566516876220703e-01
6.756783723831176758e-01
7.294854521751403809e-01
6.326477527618408203e-01
3.978788256645202637e-01
6.203588843345642090e-01
4.756945669651031494e-01
3.826046288013458252e-01
6.905520558357238770e-01
4.590066969394683838e-01
8.201859593391418457e-01
2.038257420063018799e-01
6.265953779220581055e-01
6.756783723831176758e-01
1.285949051380157471e-01
5.974148511886596680e-01
1.122397333383560181e-01
6.428972482681274414e-01
6.166012883186340332e-01
5.875863432884216309e-01
6.937929987907409668e-01
6.559841036796569824e-01
6.069012284278869629e-01
5.803531408309936523e-01
7.535890340805053711e-01
5.858562588691711426e-01
5.981613993644714355e-01
2.868687212467193604e-01
3.701738417148590088e-01
1.532861143350601196e-01
4.446968138217926025e-01
6.877145171165466309e-01
6.771862506866455078e-01
7.737766206264495850e-02
6.421771645545959473e-01
6.476416587829589844e-01
1.718103140592575073e-01
7.499189972877502441e-01
6.160314083099365234e-01
7.121168375015258789e-01
6.496614813804626465e-01
5.130668282508850098e-01
5.914933681488037109e-01
5.351545810699462891e-01
1.179181262850761414e-01
6.543595194816589355e-01
7.049051523208618164e-01
5.817882418632507324e-01
3.595311641693115234e-01
4.931889772415161133e-01
7.192027568817138672e-01
6.332007646560668945e-01
7.016755342483520508e-01
4.096412360668182373e-01
7.411733269691467285e-01
1.331961303949356079e-01
7.471130490303039551e-01
5.970623493194580078e-01
6.960763931274414062e-01
6.542637944221496582e-01
6.201619505882263184e-01
3.743999004364013672e-01
6.050786375999450684e-01
7.359457612037658691e-01
6.198759078979492188e-01
6.057884693145751953e-01
7.545045018196105957e-01
6.308023333549499512e-01
4.190203547477722168e-02
3.889481425285339355e-01
5.219242572784423828e-01
6.376494169235229492e-01
6.138735413551330566e-01
6.321889758110046387e-01
7.623787522315979004e-01
6.787611246109008789e-01
4.527445137500762939e-01
6.414618492126464844e-01
2.870833277702331543e-01
5.074455142021179199e-01
4.788231551647186279e-01
7.259367108345031738e-01
7.597483396530151367e-01
6.803111433982849121e-01
6.407021284103393555e-01
7.084079980850219727e-01
3.986313939094543457e-01
4.480448365211486816e-01
6.050218343734741211e-01
2.659669220447540283e-01
6.553061604499816895e-01
7.150523662567138672e-01
2.091991007328033447e-01
6.893262267112731934e-01
7.376831173896789551e-01
3.772454559803009033e-01
6.121923923492431641e-01
5.197559595108032227e-01
6.549607515335083008e-01
6.392147541046142578e-01
6.921674609184265137e-01
6.274678111076354980e-01
7.052428722381591797e-01
5.778377130627632141e-02
6.283881068229675293e-01
4.268126487731933594e-01
7.515603303909301758e-01
4.117897152900695801e-01
6.302541494369506836e-01
6.443563103675842285e-01
6.786012649536132812e-01
4.434505999088287354e-01
5.545594692230224609e-01
4.780274331569671631e-01
3.792189955711364746e-01
5.803185105323791504e-01
6.520363688468933105e-01
5.274589657783508301e-01
5.747109055519104004e-01
6.768544316291809082e-01
6.597043871879577637e-01
5.027329325675964355e-01
6.541142463684082031e-01
5.545672774314880371e-01
7.051436305046081543e-01
5.916850566864013672e-01
1.523786038160324097e-01
7.694540917873382568e-02
6.017276644706726074e-01
6.267372965812683105e-01
6.112908720970153809e-01
4.932100474834442139e-01
6.720125675201416016e-01
6.997828483581542969e-01
1.920402497053146362e-01
6.401296257972717285e-01
4.506545364856719971e-01
4.397227764129638672e-01
4.723970293998718262e-01
5.907611250877380371e-01
6.502974629402160645e-01
5.394480228424072266e-01
5.506849288940429688e-01
6.699897050857543945e-01
4.507028684020042419e-02
7.050346732139587402e-01
6.924834847450256348e-01
6.960969567298889160e-01
7.161312103271484375e-01
4.987424015998840332e-01
6.950619816780090332e-01
4.340198040008544922e-01
5.207273364067077637e-02
6.076462864875793457e-01
6.597933769226074219e-01
6.105962991714477539e-01
6.139777898788452148e-01
6.303406357765197754e-01
5.642255544662475586e-01
5.721849799156188965e-01
6.947718262672424316e-01
6.767223477363586426e-01
5.084739923477172852e-01
6.155655533075332642e-02
5.829868912696838379e-01
6.045971512794494629e-01
6.848323941230773926e-01
6.138173937797546387e-01
5.575789809226989746e-01
6.481509804725646973e-01
5.564997792243957520e-01
3.996822535991668701e-01
6.879575848579406738e-01
6.295628547668457031e-01
7.453795075416564941e-01
5.412910878658294678e-02
7.238065600395202637e-01
5.758133530616760254e-01
5.711734890937805176e-01
6.562982201576232910e-01
6.499494910240173340e-01
6.275289654731750488e-01
7.472186088562011719e-01
3.604396283626556396e-01
4.605343937873840332e-01
3.451295793056488037e-01
6.217580437660217285e-01
7.957189679145812988e-01
1.868899464607238770e-01
4.001279771327972412e-01
5.710870027542114258e-01
6.608817577362060547e-01
6.092933416366577148e-01
5.890855789184570312e-01
1.351377964019775391e-01
6.076019406318664551e-01
5.347555875778198242e-01
1.617772728204727173e-01
6.911798715591430664e-01
6.287428140640258789e-01
6.938354372978210449e-01
6.573460102081298828e-01
3.863898217678070068e-01
6.319133639335632324e-01
7.250860929489135742e-01
2.393965423107147217e-01
2.251622974872589111e-01
5.275472402572631836e-01
6.904529929161071777e-01
2.497760206460952759e-02
5.375022292137145996e-01
3.431847691535949707e-01
4.208561480045318604e-01
6.477082371711730957e-01
4.530037641525268555e-01
7.383572459220886230e-01
5.590477585792541504e-01
5.593401193618774414e-01
7.119041085243225098e-01
7.066979408264160156e-01
4.926413893699645996e-01
6.802154183387756348e-01
5.844480395317077637e-01
1.277182400226593018e-01
6.512115001678466797e-01
1.246253177523612976e-01
4.718054831027984619e-01
6.954444646835327148e-01
6.508739590644836426e-01
6.626705527305603027e-01
4.887877106666564941e-01
6.287891268730163574e-01
4.686547517776489258e-01
6.918922066688537598e-01
6.918421983718872070e-01
5.447444319725036621e-01
6.353611350059509277e-01
7.703351974487304688e-01
7.556881308555603027e-01
6.651808619499206543e-01
6.179544925689697266e-01
6.837541460990905762e-01
7.467994093894958496e-01
5.007273554801940918e-01
3.059388399124145508e-01
6.434277296066284180e-01
6.010239124298095703e-01
4.388864040374755859e-01
6.751219630241394043e-01
5.815295577049255371e-01
3.944135606288909912e-01
5.713265538215637207e-01
6.025570631027221680e-01
5.399877429008483887e-01
5.353810787200927734e-01
5.349551439285278320e-01
5.993306636810302734e-01
3.002638816833496094e-01
5.345429778099060059e-01
5.753052830696105957e-01
4.524189233779907227e-01
5.858513712882995605e-01
6.370403766632080078e-01
3.735307753086090088e-01
4.579438865184783936e-01
6.094026565551757812e-01
7.395328581333160400e-02
3.486399054527282715e-01
5.932771563529968262e-01
3.592525720596313477e-01
3.040567040443420410e-01
4.605458080768585205e-01
6.478173732757568359e-01
7.623251080513000488e-01
6.817800998687744141e-01
5.159877538681030273e-01
6.947342753410339355e-01
6.345709562301635742e-01
5.941333770751953125e-01
4.741081595420837402e-01
6.477531194686889648e-01
7.513999342918395996e-01
4.219953417778015137e-01
6.155825257301330566e-01
6.959037780761718750e-01
2.603008151054382324e-01
5.385386943817138672e-01
4.716611206531524658e-01
6.425240039825439453e-01
6.733536124229431152e-01
4.944931268692016602e-01
6.596335768699645996e-01
7.340615987777709961e-01
5.396779775619506836e-01
6.173192858695983887e-01
4.989666342735290527e-01
1.992540806531906128e-01
6.978593468666076660e-01
6.817762255668640137e-01
5.092658400535583496e-01
6.344079971313476562e-01
4.909492433071136475e-01
7.060463428497314453e-01
6.716473698616027832e-01
5.263493061065673828e-01
5.618973374366760254e-01
3.914687931537628174e-01
4.449750781059265137e-01
4.974161982536315918e-01
4.627977907657623291e-01
4.591793417930603027e-01
6.716781258583068848e-01
5.057820677757263184e-01
4.211644232273101807e-01
5.842452049255371094e-01
2.650985717773437500e-01
7.874134182929992676e-02
5.458394885063171387e-01
4.014017581939697266e-01
6.852293014526367188e-01
7.601568698883056641e-01
4.581637084484100342e-01
7.664078474044799805e-01
6.636301875114440918e-01
6.598854660987854004e-01
6.845362186431884766e-01
6.121295690536499023e-01
3.091212920844554901e-02
5.387950539588928223e-01
4.905543029308319092e-01
6.344254016876220703e-01
5.811561346054077148e-01
5.944219231605529785e-01
6.770840287208557129e-01
5.463292002677917480e-01
6.998714804649353027e-01
7.293027043342590332e-01
7.369753122329711914e-01
5.703561902046203613e-01
6.518145203590393066e-01
6.312332749366760254e-01
6.038910150527954102e-01
6.589841246604919434e-01
5.474907159805297852e-01
5.729447603225708008e-01
7.289816141128540039e-01
5.540676712989807129e-01
3.577580153942108154e-01
5.789282321929931641e-01
1.368390023708343506e-01
6.706288456916809082e-01
3.202723860740661621e-01
6.504755616188049316e-01
7.370106577873229980e-01
5.729254484176635742e-01
6.906720995903015137e-01
4.500052034854888916e-01
6.483748555183410645e-01
4.504311382770538330e-01
6.695988178253173828e-01
5.227892994880676270e-01
6.307650208473205566e-01
6.635284423828125000e-01
5.461598634719848633e-01
5.878041386604309082e-01
4.793706238269805908e-01
5.166025161743164062e-01
4.613900780677795410e-01
5.854097604751586914e-01
5.928627848625183105e-01
6.671000123023986816e-01
6.356207728385925293e-01
3.068111538887023926e-01
6.845194101333618164e-01
4.249047040939331055e-01
5.152780413627624512e-01
1.323301643133163452e-01
4.780407845973968506e-01
6.854360699653625488e-01
6.009086966514587402e-01
5.666375160217285156e-01
5.036650896072387695e-01
6.247346997261047363e-01
1.047754362225532532e-01
7.538556456565856934e-01
5.254232883453369141e-01
6.559087634086608887e-01
5.096478462219238281e-01
3.238252103328704834e-01
7.126421332359313965e-01
6.736953854560852051e-01
4.348629117012023926e-01
5.303108692169189453e-01
5.377559661865234375e-01
6.355700492858886719e-01
2.745609581470489502e-01
3.242972791194915771e-01
4.477261602878570557e-01
3.546770811080932617e-01
6.146420836448669434e-01
6.074981689453125000e-01
6.468318104743957520e-01
2.637337148189544678e-01
6.768125891685485840e-01
6.751399040222167969e-01
6.200955510139465332e-01
2.743663191795349121e-01
6.474001407623291016e-01
3.921451270580291748e-01
6.530674695968627930e-01
5.698189735412597656e-01
1.491012126207351685e-01
6.885566115379333496e-01
6.601414680480957031e-01
5.264694094657897949e-01
7.228834629058837891e-01
6.111321449279785156e-01
6.528607606887817383e-01
1.601878106594085693e-01
4.934131503105163574e-01
4.990576505661010742e-01
6.512645483016967773e-01
6.015095710754394531e-01
3.725102841854095459e-01
4.702885746955871582e-01
5.842003822326660156e-01
5.669579505920410156e-01
4.010247290134429932e-01
4.536823332309722900e-01
7.104830741882324219e-01
3.788975477218627930e-01
7.431051731109619141e-01
7.070085406303405762e-01
7.366247773170471191e-01
7.325711846351623535e-01
5.980531573295593262e-01
3.307375013828277588e-01
6.520302891731262207e-01
4.782005846500396729e-01
5.784106254577636719e-01
6.945710778236389160e-01
6.632864475250244141e-01
6.496749520301818848e-01
5.737110972404479980e-01
7.777423262596130371e-01
2.281537652015686035e-01
7.300392985343933105e-01
6.853822469711303711e-01
6.999946832656860352e-01
2.805915772914886475e-01
6.616981625556945801e-01
6.409382820129394531e-01
7.017725110054016113e-01
7.116149067878723145e-01
6.305587291717529297e-01
2.119287997484207153e-01
2.237605154514312744e-01
7.593215703964233398e-01
2.168788760900497437e-01
7.160711884498596191e-01
7.017474174499511719e-01
6.457692384719848633e-01
7.001807093620300293e-01
6.313375383615493774e-02
6.984968781471252441e-01
6.963816285133361816e-01
6.278542876243591309e-01
6.742380261421203613e-01
3.326236307621002197e-01
2.212985455989837646e-01
6.578208804130554199e-01
5.549540519714355469e-01
2.272940278053283691e-01
5.171081423759460449e-01
6.225739121437072754e-01
6.786153316497802734e-01
4.578776955604553223e-01
5.899832844734191895e-01
5.594104528427124023e-01
6.104104518890380859e-01
6.076076626777648926e-01
1.187863424420356750e-01
6.291472911834716797e-01
2.460577040910720825e-01
5.472549796104431152e-01
2.771231532096862793e-01
6.150976419448852539e-01
6.988140940666198730e-01
5.001758337020874023e-01
5.558553934097290039e-01
7.728382945060729980e-01
7.032857537269592285e-01
6.049536466598510742e-01
6.170858740806579590e-01
6.712628602981567383e-01
5.424597263336181641e-01
6.256582140922546387e-01
6.694888472557067871e-01
1.914217472076416016e-01
6.714345812797546387e-01
4.225084185600280762e-01
6.084781885147094727e-01
6.891580224037170410e-01
7.113081812858581543e-01
6.481118202209472656e-01
6.141826510429382324e-02
2.422156780958175659e-01
6.323754191398620605e-01
5.190933346748352051e-01
6.747484207153320312e-01
5.639142990112304688e-01
5.560513734817504883e-01
6.731674671173095703e-01
3.408537209033966064e-01
6.148539781570434570e-01
4.786982834339141846e-01
2.695174813270568848e-01
5.121943354606628418e-01
2.618456482887268066e-01
6.523457765579223633e-01
5.599244832992553711e-01
5.523385405540466309e-01
4.239544272422790527e-01
6.714800000190734863e-01
6.451873183250427246e-01
4.568296670913696289e-01
5.582268834114074707e-01
6.614173650741577148e-01
6.680571287870407104e-02
2.610934376716613770e-01
7.445839047431945801e-01
2.765129506587982178e-01
7.006249427795410156e-01
6.046225428581237793e-01
4.955684542655944824e-01
3.005053400993347168e-01
7.362825274467468262e-01
6.340488195419311523e-01
6.503105163574218750e-01
6.223916411399841309e-01
5.916881561279296875e-02
6.080176234245300293e-01
6.469446420669555664e-01
6.519028544425964355e-01
2.341557145118713379e-01
7.226465940475463867e-01
5.814742445945739746e-01
5.414672493934631348e-01
3.664764463901519775e-01
4.486564993858337402e-01
1.054739281535148621e-01
6.053067445755004883e-01
6.420115828514099121e-01
6.207618117332458496e-01
1.835520565509796143e-01
6.811817884445190430e-01
5.805544853210449219e-01
5.983316302299499512e-01
3.290945887565612793e-01
6.657081246376037598e-01
6.203204989433288574e-01
5.620095729827880859e-01
6.231492161750793457e-01
3.992348611354827881e-01
2.148834466934204102e-01
7.115789651870727539e-01
6.068938374519348145e-01
6.522991061210632324e-01
8.331992477178573608e-02
6.271897554397583008e-01
5.959364175796508789e-01
2.250491976737976074e-01
7.623585462570190430e-01
6.261823773384094238e-01
5.871846675872802734e-01
5.865270495414733887e-01
5.411191582679748535e-01
6.688962578773498535e-01
6.419182419776916504e-01
5.740650892257690430e-01
5.978836417198181152e-01
5.781362652778625488e-01
7.690463066101074219e-01
6.323363184928894043e-01
5.495402812957763672e-01
6.739857792854309082e-01
6.767336726188659668e-01
7.348612546920776367e-01
6.858208179473876953e-01
5.130349993705749512e-01
6.081389784812927246e-01
4.438001811504364014e-01
8.014692068099975586e-01
6.535893678665161133e-01
6.220986247062683105e-01
6.481358408927917480e-01
6.474813818931579590e-01
5.940372943878173828e-01
7.188310027122497559e-01
5.901575684547424316e-01
6.365095973014831543e-01
7.304541468620300293e-01
6.158445477485656738e-01
6.801678538322448730e-01
3.869138062000274658e-01
5.359789133071899414e-01
6.197290420532226562e-01
6.732172966003417969e-01
5.977246165275573730e-01
1.500813066959381104e-01
3.543831110000610352e-01
7.230471372604370117e-01
6.127363443374633789e-01
5.282910466194152832e-01
6.082639098167419434e-01
5.670667886734008789e-01
7.226355075836181641e-01
4.592819213867187500e-01
6.574891209602355957e-01
4.533333778381347656e-01
3.667233884334564209e-01
4.644314348697662354e-01
5.390312075614929199e-01
5.882650613784790039e-01
6.858561635017395020e-01
5.477443933486938477e-01
6.372635960578918457e-01
5.790085196495056152e-01
5.593738555908203125e-01
6.323567628860473633e-01
2.532842755317687988e-01
1.951858252286911011e-01
6.578725576400756836e-01
1.672214716672897339e-01
6.603146195411682129e-01
2.586386352777481079e-02
6.873799562454223633e-01
6.084514260292053223e-01
5.231265425682067871e-01
3.453640937805175781e-01
5.814183950424194336e-01
6.300559043884277344e-01
7.586677670478820801e-01
5.505334138870239258e-01
5.502511858940124512e-01
6.147541403770446777e-01
5.742968320846557617e-01
7.094103097915649414e-01
6.740148067474365234e-01
6.540423035621643066e-01
5.995150208473205566e-01
5.638269186019897461e-01
6.031557917594909668e-01
7.290818691253662109e-01
7.346396446228027344e-01
5.244508981704711914e-01
7.730180621147155762e-01
4.979698061943054199e-01
4.700800180435180664e-01
6.138373613357543945e-01
5.703896880149841309e-01
6.397202610969543457e-01
5.883752554655075073e-02
6.271728873252868652e-01
1.783522218465805054e-01
5.492243170738220215e-01
6.913490295410156250e-01
6.182355284690856934e-01
2.280672937631607056e-01
2.610582113265991211e-01
4.565700888633728027e-01
3.927365541458129883e-01
4.202781915664672852e-01
6.436706185340881348e-01
7.284340858459472656e-01
4.540449678897857666e-01
5.881478786468505859e-01
5.585703849792480469e-01
7.270202636718750000e-01
5.063228607177734375e-01
6.065030694007873535e-01
7.013255357742309570e-01
2.906478345394134521e-01
6.465737223625183105e-01
5.952045321464538574e-01
4.461261332035064697e-01
5.285307168960571289e-01
6.683367490768432617e-01
5.835432410240173340e-01
6.084701418876647949e-01
1.730298064649105072e-02
5.175266265869140625e-01
1.760310530662536621e-01
6.466318964958190918e-01
5.550296902656555176e-01
5.874357819557189941e-01
6.885419487953186035e-01
7.333821058273315430e-01
5.596035122871398926e-01
7.873161435127258301e-01
5.924859642982482910e-01
5.414060950279235840e-01
5.327549576759338379e-01
7.183403968811035156e-01
6.398988366127014160e-01
5.710978806018829346e-02
6.913087964057922363e-01
5.297037363052368164e-01
5.399020910263061523e-01
4.167879521846771240e-01
7.255721092224121094e-01
6.651323437690734863e-01
7.084838151931762695e-01
6.756219267845153809e-01
1.927600502967834473e-01
7.008192539215087891e-01
5.298272967338562012e-01
6.541142463684082031e-01
8.018751740455627441e-01
5.576967597007751465e-01
7.466163635253906250e-01
5.721672996878623962e-02
4.449459016323089600e-01
6.681488156318664551e-01
3.464879691600799561e-01
5.786592364311218262e-01
7.287215590476989746e-01
7.163095474243164062e-01
2.902183309197425842e-02
5.856605768203735352e-01
6.737481951713562012e-01
4.454131722450256348e-01
5.426427721977233887e-01
3.972014188766479492e-01
5.887536406517028809e-01
6.553765535354614258e-01
2.850160561501979828e-02
6.077989935874938965e-01
3.480179607868194580e-01
6.187452673912048340e-01
6.065623164176940918e-01
4.948478341102600098e-01
5.453979969024658203e-01
5.478283762931823730e-01
7.026210427284240723e-01
4.727489054203033447e-01
5.808102488517761230e-01
2.070422656834125519e-02
5.645493865013122559e-01
6.951599717140197754e-01
5.307841300964355469e-01
5.781838893890380859e-01
5.787239074707031250e-01
6.346795558929443359e-01
5.908212661743164062e-01
3.352859020233154297e-01
4.317698180675506592e-01
5.606655478477478027e-01
7.718963027000427246e-01
3.924034535884857178e-01
5.856329798698425293e-01
6.934543848037719727e-01
5.943501591682434082e-01
5.788020491600036621e-01
6.012499332427978516e-01
6.179734468460083008e-01
3.011262714862823486e-01
5.531827211380004883e-01
6.468036770820617676e-01
3.174037337303161621e-01
4.139521718025207520e-01
4.017809033393859863e-01
3.751790821552276611e-01
3.081776797771453857e-01
6.132194995880126953e-01
7.003242969512939453e-01
6.874994635581970215e-01
6.739473342895507812e-01
6.585007309913635254e-01
5.071086883544921875e-01
5.741145610809326172e-01
6.367639303207397461e-01
5.127118229866027832e-01
2.895901501178741455e-01
7.470624446868896484e-01
6.063106656074523926e-01
7.605949640274047852e-01
5.873807668685913086e-01
5.946310758590698242e-01
5.990804433822631836e-01
2.974435985088348389e-01
5.368411540985107422e-01
3.561303019523620605e-01
6.039006114006042480e-01
2.180234193801879883e-01
2.943547070026397705e-01
5.793953537940979004e-01
5.657206773757934570e-01
5.578366518020629883e-01
6.169092059135437012e-01
6.108208298683166504e-01
6.425014138221740723e-01
6.414858698844909668e-01
6.075144410133361816e-01
5.581068396568298340e-01
7.151300311088562012e-01
4.147954881191253662e-01
7.064477205276489258e-01
6.385964751243591309e-01
5.685279369354248047e-01
6.934021711349487305e-01
5.668584108352661133e-01
5.825495123863220215e-01
6.102536916732788086e-01
7.351257205009460449e-01
5.224061608314514160e-01
6.442241668701171875e-01
5.432671904563903809e-01
5.391435027122497559e-01
7.479900121688842773e-01
6.398876905441284180e-01
2.333980500698089600e-01
6.227159500122070312e-01
6.608573198318481445e-01
5.994715094566345215e-01
6.507053971290588379e-01
6.155825257301330566e-01
3.007371127605438232e-01
3.346703946590423584e-01
5.013625621795654297e-01
1.862692534923553467e-01
7.415094971656799316e-01
7.192642688751220703e-01
5.963085889816284180e-01
5.918766856193542480e-01
7.211982607841491699e-01
6.691508889198303223e-01
5.950300097465515137e-01
5.007756948471069336e-01
5.834040641784667969e-01
6.294014453887939453e-01
5.013170838356018066e-01
2.309279143810272217e-01
6.438031196594238281e-01
6.909184455871582031e-01
6.537329554557800293e-01
4.369601905345916748e-01
1.969579011201858521e-01
6.475457549095153809e-01
4.721084535121917725e-01
6.858562231063842773e-01
5.933899879455566406e-01
8.384950459003448486e-02
5.811845660209655762e-01
4.890026152133941650e-01
7.353570461273193359e-01
6.945083141326904297e-01
5.590510368347167969e-01
4.610742628574371338e-01
6.812201142311096191e-01
5.765977501869201660e-01
6.403527259826660156e-01
5.067017078399658203e-01
6.887451410293579102e-01
4.684774577617645264e-01
6.727646589279174805e-01
5.388879776000976562e-01
5.915157198905944824e-01
5.227447748184204102e-01
7.627030611038208008e-01
4.205505847930908203e-01
6.035673022270202637e-01
6.848067641258239746e-01
7.210061550140380859e-01
6.820567846298217773e-01
5.029469728469848633e-01
7.012841105461120605e-01
6.464723944664001465e-01
6.935210824012756348e-01
6.691816449165344238e-01
7.287104129791259766e-01
4.230611622333526611e-01
6.313436627388000488e-01
5.732077956199645996e-01
6.359902024269104004e-01
5.568867176771163940e-02
1.777410954236984253e-01
6.174834370613098145e-01
5.030071139335632324e-01
6.347674727439880371e-01
6.086395978927612305e-01
5.383830666542053223e-01
7.188005447387695312e-01
6.185463070869445801e-01
5.871806144714355469e-01
3.739156126976013184e-01
5.756999254226684570e-01
4.817717522382736206e-02
