6.833687424659729004e-01
6.626789569854736328e-01
2.498651593923568726e-01
5.695078969001770020e-01
6.871020793914794922e-01
1.409971266984939575e-01
5.474817156791687012e-01
6.559709310531616211e-01
4.427671432495117188e-01
6.549773812294006348e-01
6.569801568984985352e-01
3.751265406608581543e-01
4.946572780609130859e-01
5.084763169288635254e-01
6.597472429275512695e-01
5.436827540397644043e-01
6.392295956611633301e-01
6.055600643157958984e-01
4.380647540092468262e-01
1.499797105789184570e-01
6.897245645523071289e-01
6.408581733703613281e-01
3.509159684181213379e-01
5.518661737442016602e-01
3.152142465114593506e-01
4.590883851051330566e-01
6.887486577033996582e-01
3.137791156768798828e-01
3.752892911434173584e-01
7.093819379806518555e-01
6.779443025588989258e-01
4.739507436752319336e-01
6.402338743209838867e-01
6.623601913452148438e-01
6.300188302993774414e-01
6.853840351104736328e-01
6.086495518684387207e-01
5.872099995613098145e-01
6.125653982162475586e-01
2.993665039539337158e-01
5.954065322875976562e-01
6.329902410507202148e-01
5.994590520858764648e-01
4.741467535495758057e-01
5.716508626937866211e-01
6.465656757354736328e-01
6.424347758293151855e-01
6.370016336441040039e-01
6.311860680580139160e-01
2.558874189853668213e-01
6.477770805358886719e-01
6.394404172897338867e-01
6.997031569480895996e-01
3.765366375446319580e-01
6.158490777015686035e-01
1.428410559892654419e-01
1.102514863014221191e-01
1.168716028332710266e-01
6.566688418388366699e-01
6.851946115493774414e-01
3.945346474647521973e-01
6.619593501091003418e-01
2.615211009979248047e-01
6.690001487731933594e-01
6.143466830253601074e-01
6.706612706184387207e-01
7.127265930175781250e-01
5.833143591880798340e-01
6.783348917961120605e-01
6.590153574943542480e-01
3.828524351119995117e-01
7.266418933868408203e-01
5.239849686622619629e-01
5.894491672515869141e-01
5.884491205215454102e-01
6.904230117797851562e-01
7.217547893524169922e-01
5.264107584953308105e-01
7.088851928710937500e-01
6.928331255912780762e-01
3.399616777896881104e-01
5.467388629913330078e-01
7.094728946685791016e-01
5.367938280105590820e-01
6.662767529487609863e-01
4.553707242012023926e-01
2.361411452293395996e-01
6.976764798164367676e-01
6.634355783462524414e-01
1.185814440250396729e-01
1.067281365394592285e-01
5.880342721939086914e-01
5.011077523231506348e-01
5.684382319450378418e-01
6.792268753051757812e-01
6.822985410690307617e-01
6.044118404388427734e-01
5.530351996421813965e-01
1.784580796957015991e-01
5.293601751327514648e-01
5.821949243545532227e-01
6.445816755294799805e-01
3.555320799350738525e-01
6.985098719596862793e-01
7.229709029197692871e-01
3.044719696044921875e-01
5.098173022270202637e-01
5.972921848297119141e-01
3.174949288368225098e-01
5.041174888610839844e-01
6.764796972274780273e-01
6.917067170143127441e-01
7.010993957519531250e-01
1.271976530551910400e-01
6.483173370361328125e-01
5.973004102706909180e-01
6.157651543617248535e-01
6.782285571098327637e-01
3.320131301879882812e-01
6.678441166877746582e-01
7.074728012084960938e-01
6.702971458435058594e-01
6.471192240715026855e-01
4.433582723140716553e-01
6.957720518112182617e-01
4.605302512645721436e-01
1.129622608423233032e-01
6.686121225357055664e-01
3.213344216346740723e-01
6.104765534400939941e-01
1.282442063093185425e-01
7.109250426292419434e-01
4.324989616870880127e-01
6.467664241790771484e-01
6.515356302261352539e-01
5.908070802688598633e-01
6.930793523788452148e-01
6.103833913803100586e-01
6.684115529060363770e-01
6.834366321563720703e-01
4.170380234718322754e-01
3.833212256431579590e-01
1.310087144374847412e-01
6.866325736045837402e-01
3.972891271114349365e-01
6.886254549026489258e-01
1.189600825309753418e-01
1.225821301341056824e-01
5.582503080368041992e-01
2.234537154436111450e-01
5.137620568275451660e-01
6.682895421981811523e-01
6.494416594505310059e-01
6.601540446281433105e-01
6.649327278137207031e-01
7.239899039268493652e-01
4.551422297954559326e-01
4.248108863830566406e-01
5.389731526374816895e-01
6.721374392509460449e-01
6.348173022270202637e-01
6.567561626434326172e-01
5.965425968170166016e-01
6.983247995376586914e-01
7.313147783279418945e-01
6.468113064765930176e-01
5.892507433891296387e-01
7.012944221496582031e-01
5.903127789497375488e-01
6.758521199226379395e-01
6.506076455116271973e-01
6.758549809455871582e-01
1.469548791646957397e-01
6.877042055130004883e-01
6.099308729171752930e-01
7.145409584045410156e-01
4.633831679821014404e-01
6.417922973632812500e-01
5.347852110862731934e-01
7.086752653121948242e-01
5.658850669860839844e-01
6.492496132850646973e-01
5.937625765800476074e-01
5.733367204666137695e-01
6.601603031158447266e-01
6.975302696228027344e-01
1.110107749700546265e-01
5.513219833374023438e-01
7.033713459968566895e-01
6.964647173881530762e-01
4.056872427463531494e-01
6.887046098709106445e-01
5.502610802650451660e-01
5.115866661071777344e-01
5.987067222595214844e-01
4.699586629867553711e-01
4.621383547782897949e-01
6.875473260879516602e-01
6.959888339042663574e-01
6.551462411880493164e-01
6.795996427536010742e-01
4.151173233985900879e-01
6.661165952682495117e-01
5.884268879890441895e-01
6.041455268859863281e-01
6.482909321784973145e-01
5.339913964271545410e-01
6.260414719581604004e-01
6.063465476036071777e-01
6.740137934684753418e-01
6.976271867752075195e-01
5.799242854118347168e-01
6.749922633171081543e-01
7.038995027542114258e-01
6.805467009544372559e-01
6.534136533737182617e-01
1.841515600681304932e-01
6.757242083549499512e-01
5.358420014381408691e-01
6.266098022460937500e-01
4.726684093475341797e-01
5.458773970603942871e-01
4.305619299411773682e-01
6.961394548416137695e-01
5.252641439437866211e-01
6.155608892440795898e-01
7.003960609436035156e-01
6.961283087730407715e-01
5.797569155693054199e-01
6.571567058563232422e-01
6.997357010841369629e-01
7.052454352378845215e-01
6.367217898368835449e-01
5.828086733818054199e-01
6.879512071609497070e-01
6.441234946250915527e-01
5.084751248359680176e-01
6.846534609794616699e-01
5.280829668045043945e-01
3.919026851654052734e-01
7.029645442962646484e-01
1.718137264251708984e-01
6.489693522453308105e-01
6.471719741821289062e-01
6.886658668518066406e-01
6.405044794082641602e-01
6.826016306877136230e-01
5.184555053710937500e-01
5.000581741333007812e-01
4.772856831550598145e-01
4.226478934288024902e-01
1.316563189029693604e-01
6.022478342056274414e-01
6.885266304016113281e-01
6.144922971725463867e-01
4.135511219501495361e-01
7.042921781539916992e-01
5.712148547172546387e-01
1.119818389415740967e-01
6.451868414878845215e-01
7.203052639961242676e-01
6.795730590820312500e-01
3.997268974781036377e-01
7.127355933189392090e-01
6.970628499984741211e-01
6.498442292213439941e-01
7.085386514663696289e-01
4.015334546566009521e-01
7.096582651138305664e-01
3.360650837421417236e-01
4.932944774627685547e-01
6.832340359687805176e-01
5.663117170333862305e-01
6.925837993621826172e-01
7.022038102149963379e-01
7.152552604675292969e-01
6.928192377090454102e-01
5.851402282714843750e-01
6.616358160972595215e-01
4.660672247409820557e-01
3.234438002109527588e-01
5.971839427947998047e-01
5.691201686859130859e-01
1.313566118478775024e-01
6.660153865814208984e-01
6.959072351455688477e-01
6.319286227226257324e-01
6.779644489288330078e-01
5.167975425720214844e-01
1.092355102300643921e-01
2.041078656911849976e-01
4.950261414051055908e-01
4.853961169719696045e-01
5.077629089355468750e-01
4.291712939739227295e-01
6.350312829017639160e-01
6.026859283447265625e-01
7.163922190666198730e-01
7.196043729782104492e-01
6.644081473350524902e-01
1.392691582441329956e-01
7.103564739227294922e-01
6.089171171188354492e-01
6.534506082534790039e-01
5.988817811012268066e-01
6.655879616737365723e-01
6.880788207054138184e-01
6.804386973381042480e-01
6.754633784294128418e-01
6.839948296546936035e-01
6.750229597091674805e-01
6.337273120880126953e-01
5.727808475494384766e-01
5.513057708740234375e-01
6.154925227165222168e-01
5.526518821716308594e-01
5.664011240005493164e-01
5.614586472511291504e-01
6.810822486877441406e-01
5.592045783996582031e-01
6.998416781425476074e-01
6.593235731124877930e-01
6.391626000404357910e-01
6.020023822784423828e-01
6.363620758056640625e-01
6.430031061172485352e-01
6.505646109580993652e-01
5.532297492027282715e-01
6.316230893135070801e-01
5.924999117851257324e-01
6.592285037040710449e-01
6.400388479232788086e-01
6.985726356506347656e-01
6.191956996917724609e-01
6.947681307792663574e-01
6.834563016891479492e-01
5.559874176979064941e-01
7.014182209968566895e-01
2.989550530910491943e-01
6.731449961662292480e-01
5.806999206542968750e-01
6.626165509223937988e-01
6.132320761680603027e-01
6.803900003433227539e-01
5.422285795211791992e-01
6.539659500122070312e-01
4.303584992885589600e-01
5.208567976951599121e-01
6.004346013069152832e-01
6.755107045173645020e-01
5.874224901199340820e-01
5.406728982925415039e-01
6.579403877258300781e-01
6.329714059829711914e-01
6.911511421203613281e-01
7.149107456207275391e-01
3.858135342597961426e-01
5.397837162017822266e-01
3.490260541439056396e-01
6.554285883903503418e-01
6.919835209846496582e-01
6.388399004936218262e-01
6.600230932235717773e-01
6.140787005424499512e-01
6.057120561599731445e-01
1.591584384441375732e-01
6.833530664443969727e-01
4.457384049892425537e-01
6.991666555404663086e-01
6.931594014167785645e-01
1.403371244668960571e-01
7.082820534706115723e-01
7.096716165542602539e-01
6.219028234481811523e-01
6.875479817390441895e-01
5.516539812088012695e-01
5.704635381698608398e-01
7.036589384078979492e-01
4.135647416114807129e-01
3.712484538555145264e-01
5.365957617759704590e-01
6.647448539733886719e-01
4.767901599407196045e-01
5.252345800399780273e-01
3.176211714744567871e-01
5.785993337631225586e-01
3.571617603302001953e-01
6.976476311683654785e-01
6.655575633049011230e-01
7.099224328994750977e-01
6.575947403907775879e-01
6.386999487876892090e-01
6.835719943046569824e-01
5.087395310401916504e-01
1.415386348962783813e-01
6.876326203346252441e-01
4.256113469600677490e-01
5.704440474510192871e-01
6.166175603866577148e-01
6.906076669692993164e-01
6.086495518684387207e-01
6.137242913246154785e-01
1.353586763143539429e-01
7.015324234962463379e-01
7.058759927749633789e-01
7.065527439117431641e-01
7.241891622543334961e-01
6.494808793067932129e-01
6.941469311714172363e-01
4.354295730590820312e-01
6.969107985496520996e-01
3.950673341751098633e-01
3.394118249416351318e-01
1.332990080118179321e-01
3.189382851123809814e-01
5.764913558959960938e-01
6.839089393615722656e-01
7.146187424659729004e-01
6.670796871185302734e-01
3.734124600887298584e-01
2.776153385639190674e-01
5.906985402107238770e-01
5.606261491775512695e-01
5.194737911224365234e-01
6.785082221031188965e-01
6.836539506912231445e-01
6.786988973617553711e-01
6.938706040382385254e-01
6.964487433433532715e-01
7.096030712127685547e-01
6.159833669662475586e-01
5.447621941566467285e-01
7.006037831306457520e-01
2.964479029178619385e-01
4.335950911045074463e-01
6.903463006019592285e-01
6.341654062271118164e-01
4.832759797573089600e-01
6.622700691223144531e-01
6.578378081321716309e-01
6.086495518684387207e-01
6.874945759773254395e-01
5.737592577934265137e-01
6.882957220077514648e-01
3.875702321529388428e-01
6.409335136413574219e-01
7.184844613075256348e-01
3.572475612163543701e-01
3.925693929195404053e-01
3.750658631324768066e-01
7.064787149429321289e-01
1.155754923820495605e-01
7.029481530189514160e-01
6.856887936592102051e-01
7.051732540130615234e-01
6.160801649093627930e-01
1.353142410516738892e-01
7.002146840095520020e-01
5.737940669059753418e-01
5.399301052093505859e-01
6.590973734855651855e-01
4.562209844589233398e-01
6.456387042999267578e-01
5.205157995223999023e-01
6.934710144996643066e-01
4.288643896579742432e-01
4.518109560012817383e-01
5.885238051414489746e-01
5.016340017318725586e-01
5.380861163139343262e-01
7.293027639389038086e-01
6.117590665817260742e-01
6.563613414764404297e-01
6.598141789436340332e-01
6.714515686035156250e-01
6.290244460105895996e-01
6.562231183052062988e-01
6.824220418930053711e-01
5.982676744461059570e-01
6.731753945350646973e-01
1.128446683287620544e-01
6.486617922782897949e-01
6.597975492477416992e-01
5.746312141418457031e-01
4.684573113918304443e-01
5.767093896865844727e-01
2.414161562919616699e-01
7.051097750663757324e-01
5.999733805656433105e-01
5.338894724845886230e-01
6.615616679191589355e-01
6.905458569526672363e-01
1.748735010623931885e-01
6.261599063873291016e-01
6.095251441001892090e-01
5.595368146896362305e-01
6.983924508094787598e-01
4.447831213474273682e-01
5.049865245819091797e-01
6.215201020240783691e-01
5.920087099075317383e-01
6.696419715881347656e-01
1.271194666624069214e-01
4.110090732574462891e-01
1.165430322289466858e-01
5.784395337104797363e-01
4.824224114418029785e-01
6.543851494789123535e-01
6.769741177558898926e-01
5.410689711570739746e-01
6.512529253959655762e-01
5.000286102294921875e-01
5.493836998939514160e-01
4.308519959449768066e-01
6.289958357810974121e-01
3.764867484569549561e-01
6.516712903976440430e-01
7.038121223449707031e-01
6.764053106307983398e-01
6.517601609230041504e-01
5.837689042091369629e-01
6.562155485153198242e-01
1.632863432168960571e-01
6.706885099411010742e-01
7.072952389717102051e-01
6.757897138595581055e-01
1.385461688041687012e-01
6.995666027069091797e-01
6.497863531112670898e-01
6.121113896369934082e-01
7.191702723503112793e-01
6.593790650367736816e-01
6.891018748283386230e-01
7.086559534072875977e-01
3.768989443778991699e-01
6.960647702217102051e-01
6.807533502578735352e-01
4.759781360626220703e-01
3.825759291648864746e-01
7.200162410736083984e-01
6.200230121612548828e-01
6.818662881851196289e-01
5.325070023536682129e-01
6.749377250671386719e-01
5.333307385444641113e-01
5.312601923942565918e-01
7.018452882766723633e-01
6.146508455276489258e-01
4.731605350971221924e-01
5.337056517601013184e-01
6.740546822547912598e-01
6.164551973342895508e-01
7.074873447418212891e-01
1.775330305099487305e-01
4.245215952396392822e-01
7.140476703643798828e-01
6.058507561683654785e-01
6.839393973350524902e-01
7.040023207664489746e-01
6.908938288688659668e-01
5.808861851692199707e-01
7.032157182693481445e-01
5.984635949134826660e-01
6.223076581954956055e-01
4.384601712226867676e-01
6.972630023956298828e-01
5.425266623497009277e-01
6.218823194503784180e-01
5.722908973693847656e-01
7.214561104774475098e-01
4.939309954643249512e-01
7.183962464332580566e-01
6.137154102325439453e-01
6.829485893249511719e-01
4.760654270648956299e-01
7.110829949378967285e-01
5.470110177993774414e-01
4.937072694301605225e-01
2.732553184032440186e-01
6.613351106643676758e-01
6.592377424240112305e-01
6.931995153427124023e-01
7.038716673851013184e-01
5.053089857101440430e-01
5.576756000518798828e-01
6.880004405975341797e-01
4.896541535854339600e-01
6.771180033683776855e-01
6.894324421882629395e-01
5.770397782325744629e-01
5.447299480438232422e-01
5.257017016410827637e-01
6.057579517364501953e-01
6.854640841484069824e-01
1.627991646528244019e-01
7.076146006584167480e-01
6.393425464630126953e-01
6.653106808662414551e-01
6.962459683418273926e-01
5.473987460136413574e-01
4.754831194877624512e-01
2.688604593276977539e-01
7.117555141448974609e-01
6.619208455085754395e-01
6.919800043106079102e-01
5.978651642799377441e-01
6.576396822929382324e-01
5.962896943092346191e-01
4.414912760257720947e-01
5.647123456001281738e-01
6.837996244430541992e-01
5.046020746231079102e-01
3.271759748458862305e-01
6.010934114456176758e-01
6.291350126266479492e-01
4.877374470233917236e-01
6.468175053596496582e-01
5.148707628250122070e-01
4.825280904769897461e-01
5.526821017265319824e-01
6.469413638114929199e-01
6.211535334587097168e-01
7.065569758415222168e-01
5.534406304359436035e-01
6.374235153198242188e-01
7.045283913612365723e-01
6.273707747459411621e-01
1.923739165067672729e-01
2.981028556823730469e-01
7.148659825325012207e-01
1.079554334282875061e-01
6.864429712295532227e-01
7.024041414260864258e-01
5.982905030250549316e-01
5.412613153457641602e-01
6.791853308677673340e-01
6.778913736343383789e-01
6.221877932548522949e-01
6.826655268669128418e-01
5.281134247779846191e-01
6.355403065681457520e-01
7.118120193481445312e-01
4.921476840972900391e-01
3.523339033126831055e-01
4.887752830982208252e-01
4.952765703201293945e-01
6.537388563156127930e-01
5.852113366127014160e-01
6.516214013099670410e-01
7.185667753219604492e-01
5.234082937240600586e-01
5.800817608833312988e-01
6.871346831321716309e-01
7.078898549079895020e-01
5.763093233108520508e-01
7.048496603965759277e-01
3.489520847797393799e-01
4.511126875877380371e-01
1.668717265129089355e-01
3.951746225357055664e-01
6.154925227165222168e-01
4.952802360057830811e-01
6.985391974449157715e-01
1.392903029918670654e-01
4.326772391796112061e-01
6.953467726707458496e-01
7.053287625312805176e-01
2.903677523136138916e-01
3.449296057224273682e-01
6.543273925781250000e-01
3.265922069549560547e-01
6.354051828384399414e-01
6.695619821548461914e-01
6.754070520401000977e-01
5.981293320655822754e-01
6.436377763748168945e-01
1.938013881444931030e-01
1.435727328062057495e-01
6.838915348052978516e-01
4.513925015926361084e-01
6.647283434867858887e-01
5.679282546043395996e-01
5.986020565032958984e-01
6.965022683143615723e-01
7.062593698501586914e-01
6.954245567321777344e-01
3.646754622459411621e-01
6.730058193206787109e-01
6.319350600242614746e-01
7.113403081893920898e-01
6.996035575866699219e-01
6.856646537780761719e-01
7.125896215438842773e-01
7.175425887107849121e-01
7.148058414459228516e-01
6.502510309219360352e-01
6.938339471817016602e-01
6.411604285240173340e-01
3.912599980831146240e-01
5.359692573547363281e-01
6.665419936180114746e-01
7.146567702293395996e-01
6.933313608169555664e-01
1.243799105286598206e-01
5.857356190681457520e-01
1.359724402427673340e-01
7.234808206558227539e-01
6.751726865768432617e-01
6.450634002685546875e-01
6.979293227195739746e-01
6.761941909790039062e-01
6.486257314682006836e-01
4.877230823040008545e-01
3.788665831089019775e-01
6.940029859542846680e-01
2.024392336606979370e-01
6.469689011573791504e-01
5.999320745468139648e-01
7.006954550743103027e-01
4.237312674522399902e-01
5.175238251686096191e-01
6.739688515663146973e-01
6.334890723228454590e-01
1.090361922979354858e-01
6.503314375877380371e-01
5.385634303092956543e-01
6.420159935951232910e-01
2.174037992954254150e-01
2.541683018207550049e-01
6.083306074142456055e-01
5.358676910400390625e-01
4.894603192806243896e-01
6.542119383811950684e-01
6.378233432769775391e-01
6.098024845123291016e-01
5.389834046363830566e-01
5.441335439682006836e-01
6.259522438049316406e-01
2.268662899732589722e-01
5.500108599662780762e-01
5.884361267089843750e-01
4.713968038558959961e-01
6.364969015121459961e-01
6.481702923774719238e-01
6.245320439338684082e-01
5.339913368225097656e-01
4.933075606822967529e-01
3.608861863613128662e-01
5.939346551895141602e-01
6.575704813003540039e-01
6.671677231788635254e-01
2.830512523651123047e-01
6.696211099624633789e-01
6.980137228965759277e-01
5.926733016967773438e-01
5.781663060188293457e-01
7.171971201896667480e-01
4.154194891452789307e-01
6.704679131507873535e-01
6.585423946380615234e-01
7.043365836143493652e-01
1.155482232570648193e-01
1.120801940560340881e-01
4.407190680503845215e-01
2.433164715766906738e-01
5.541957020759582520e-01
6.334545612335205078e-01
7.035210132598876953e-01
4.088222384452819824e-01
4.539124071598052979e-01
6.576333642005920410e-01
6.914435625076293945e-01
3.006895482540130615e-01
5.479573011398315430e-01
3.410019576549530029e-01
1.092910319566726685e-01
6.010284423828125000e-01
5.791404843330383301e-01
6.753734350204467773e-01
5.038726925849914551e-01
1.598843485116958618e-01
4.958961009979248047e-01
1.869787722826004028e-01
6.794747710227966309e-01
6.752400398254394531e-01
3.196899294853210449e-01
6.756076812744140625e-01
7.056081295013427734e-01
5.904068350791931152e-01
6.783137917518615723e-01
6.854088902473449707e-01
3.403929173946380615e-01
3.835825324058532715e-01
5.954630374908447266e-01
2.720477283000946045e-01
5.959088802337646484e-01
6.594612002372741699e-01
5.470110177993774414e-01
6.731222271919250488e-01
5.149218440055847168e-01
5.077307224273681641e-01
6.606683135032653809e-01
5.514287948608398438e-01
6.690394878387451172e-01
6.284470558166503906e-01
6.155077219009399414e-01
5.192226767539978027e-01
6.975043416023254395e-01
6.560119390487670898e-01
5.896828174591064453e-01
6.838654875755310059e-01
4.687303304672241211e-01
4.981048107147216797e-01
7.143491506576538086e-01
6.743918061256408691e-01
2.178618907928466797e-01
6.340317726135253906e-01
6.119142174720764160e-01
3.957310616970062256e-01
7.013549208641052246e-01
5.036132335662841797e-01
6.713274121284484863e-01
6.928734183311462402e-01
6.729168891906738281e-01
6.806545853614807129e-01
6.975553631782531738e-01
1.067838519811630249e-01
3.438771367073059082e-01
6.599587798118591309e-01
2.513064444065093994e-01
3.457418680191040039e-01
6.814358830451965332e-01
6.355358362197875977e-01
5.677832365036010742e-01
7.103030085563659668e-01
6.607401967048645020e-01
6.417421102523803711e-01
6.151198148727416992e-01
6.306177973747253418e-01
1.517949253320693970e-01
5.716785192489624023e-01
6.598028540611267090e-01
7.012249827384948730e-01
6.455999612808227539e-01
7.006310224533081055e-01
7.074156403541564941e-01
3.419329524040222168e-01
5.594318509101867676e-01
6.859122514724731445e-01
5.346392393112182617e-01
4.733287096023559570e-01
6.191956996917724609e-01
7.137371301651000977e-01
5.608932375907897949e-01
5.336241722106933594e-01
5.366349220275878906e-01
1.075290292501449585e-01
3.927432596683502197e-01
6.994253993034362793e-01
4.979248642921447754e-01
5.212228894233703613e-01
5.712720751762390137e-01
6.234366297721862793e-01
6.980554461479187012e-01
6.592101454734802246e-01
6.280136704444885254e-01
6.522915959358215332e-01
6.894666552543640137e-01
1.221357956528663635e-01
6.530700922012329102e-01
5.913298130035400391e-01
5.824422240257263184e-01
1.072028130292892456e-01
6.325471401214599609e-01
6.797346472740173340e-01
5.891930460929870605e-01
5.699935555458068848e-01
6.949822902679443359e-01
5.296995043754577637e-01
6.618044972419738770e-01
3.930979371070861816e-01
6.903291344642639160e-01
6.294614672660827637e-01
6.803603172302246094e-01
5.461789965629577637e-01
5.524560213088989258e-01
4.806823134422302246e-01
6.444873809814453125e-01
6.389417648315429688e-01
4.255286157131195068e-01
5.157223939895629883e-01
1.067196577787399292e-01
6.984253525733947754e-01
6.495965123176574707e-01
7.182580232620239258e-01
6.374140977859497070e-01
1.275696903467178345e-01
5.862026810646057129e-01
6.804806590080261230e-01
6.625562906265258789e-01
2.651600241661071777e-01
7.136240601539611816e-01
6.190122961997985840e-01
5.610687732696533203e-01
6.836550831794738770e-01
6.417645215988159180e-01
6.311541795730590820e-01
6.057252883911132812e-01
6.237230896949768066e-01
6.032868027687072754e-01
2.228724360466003418e-01
6.030283570289611816e-01
6.707285046577453613e-01
7.028824090957641602e-01
5.490863919258117676e-01
7.230724692344665527e-01
4.599564373493194580e-01
4.849337041378021240e-01
4.591256678104400635e-01
1.118266358971595764e-01
5.502758622169494629e-01
5.351013541221618652e-01
5.829845666885375977e-01
4.228654205799102783e-01
6.576270461082458496e-01
6.989403963088989258e-01
6.047601699829101562e-01
6.094951033592224121e-01
4.868976771831512451e-01
6.948495507240295410e-01
6.759453415870666504e-01
5.925802588462829590e-01
6.950628757476806641e-01
6.661557555198669434e-01
5.921750068664550781e-01
6.394939422607421875e-01
5.402722358703613281e-01
7.098694443702697754e-01
5.221847891807556152e-01
7.067601084709167480e-01
5.989452600479125977e-01
6.517925262451171875e-01
5.715911984443664551e-01
6.481567621231079102e-01
6.437851190567016602e-01
3.558710813522338867e-01
6.205617189407348633e-01
1.242788285017013550e-01
6.763253211975097656e-01
4.511030316352844238e-01
4.773946106433868408e-01
6.122432351112365723e-01
4.691924750804901123e-01
6.830958127975463867e-01
1.143111288547515869e-01
4.113650023937225342e-01
5.577493906021118164e-01
1.347059756517410278e-01
6.582445502281188965e-01
6.354868412017822266e-01
7.146465778350830078e-01
2.866526842117309570e-01
5.624938011169433594e-01
4.383564293384552002e-01
6.810159087181091309e-01
1.071971207857131958e-01
3.024584650993347168e-01
6.718099713325500488e-01
6.207768917083740234e-01
6.740022897720336914e-01
4.270287752151489258e-01
1.612251698970794678e-01
5.439770221710205078e-01
6.942144036293029785e-01
5.992575883865356445e-01
5.288978219032287598e-01
1.377260982990264893e-01
6.935122609138488770e-01
7.055425047874450684e-01
6.507777571678161621e-01
6.913273930549621582e-01
7.046559453010559082e-01
6.346957683563232422e-01
6.626013517379760742e-01
5.645461082458496094e-01
6.584914326667785645e-01
6.925102472305297852e-01
4.373425543308258057e-01
1.980120539665222168e-01
5.174344778060913086e-01
6.618679165840148926e-01
6.477940678596496582e-01
6.418450474739074707e-01
6.790715456008911133e-01
5.148871541023254395e-01
5.853527784347534180e-01
6.562993526458740234e-01
6.133452653884887695e-01
7.206006050109863281e-01
6.609801650047302246e-01
6.915902495384216309e-01
3.995896577835083008e-01
6.782087683677673340e-01
2.951955795288085938e-01
6.700231432914733887e-01
5.291247963905334473e-01
6.465668678283691406e-01
2.378440648317337036e-01
5.811034440994262695e-01
5.663080215454101562e-01
6.799645423889160156e-01
6.349733471870422363e-01
7.108879685401916504e-01
6.451819539070129395e-01
6.334580183029174805e-01
6.887126564979553223e-01
4.929639697074890137e-01
6.256822347640991211e-01
6.824294924736022949e-01
5.851402282714843750e-01
1.821335852146148682e-01
6.332512497901916504e-01
6.793407797813415527e-01
6.759453415870666504e-01
1.487947851419448853e-01
4.807503521442413330e-01
6.892060637474060059e-01
6.591408848762512207e-01
4.956184625625610352e-01
6.893134713172912598e-01
7.210223674774169922e-01
5.876270532608032227e-01
5.343513488769531250e-01
5.564585924148559570e-01
5.594859719276428223e-01
7.126163840293884277e-01
6.246795654296875000e-01
1.415235847234725952e-01
7.023290395736694336e-01
6.751444935798645020e-01
7.197072505950927734e-01
6.562657356262207031e-01
6.847983598709106445e-01
6.568703055381774902e-01
4.737158715724945068e-01
7.168025374412536621e-01
1.910312026739120483e-01
6.634137630462646484e-01
6.569824218750000000e-01
6.902664303779602051e-01
5.942768454551696777e-01
3.187627494335174561e-01
6.938998103141784668e-01
6.256487965583801270e-01
4.079340100288391113e-01
6.493060588836669922e-01
6.999232172966003418e-01
6.870492100715637207e-01
4.925572276115417480e-01
1.708843111991882324e-01
7.048986554145812988e-01
4.829273223876953125e-01
6.086495518684387207e-01
6.009566187858581543e-01
7.008379697799682617e-01
5.188519954681396484e-01
6.698409318923950195e-01
6.332378387451171875e-01
6.179644465446472168e-01
5.849464535713195801e-01
6.909183263778686523e-01
7.102174162864685059e-01
5.010759234428405762e-01
6.374114751815795898e-01
6.660528779029846191e-01
6.159422993659973145e-01
6.045030355453491211e-01
6.334788203239440918e-01
6.058244109153747559e-01
6.973254680633544922e-01
5.400027036666870117e-01
1.109185665845870972e-01
1.440221816301345825e-01
3.117987811565399170e-01
1.417865306138992310e-01
4.899936616420745850e-01
5.887643098831176758e-01
1.130774468183517456e-01
5.018501877784729004e-01
3.750564455986022949e-01
6.151005029678344727e-01
7.183962464332580566e-01
4.153428375720977783e-01
4.689090251922607422e-01
6.790341734886169434e-01
2.491795569658279419e-01
4.801848232746124268e-01
6.598945856094360352e-01
1.915732175111770630e-01
5.897363424301147461e-01
4.678272306919097900e-01
5.985817909240722656e-01
6.658305525779724121e-01
3.102832436561584473e-01
5.253221392631530762e-01
6.701745390892028809e-01
6.223359704017639160e-01
6.644619703292846680e-01
5.709480643272399902e-01
5.282378196716308594e-01
6.583154201507568359e-01
6.086495518684387207e-01
1.150267496705055237e-01
7.052000164985656738e-01
6.736271977424621582e-01
6.682789921760559082e-01
6.625173687934875488e-01
6.221195459365844727e-01
7.151039242744445801e-01
6.428640484809875488e-01
1.861499845981597900e-01
6.247109174728393555e-01
5.346555113792419434e-01
6.997382640838623047e-01
6.579455137252807617e-01
5.393486618995666504e-01
5.024483203887939453e-01
5.924198031425476074e-01
4.782492816448211670e-01
6.399520635604858398e-01
4.417741000652313232e-01
2.927281558513641357e-01
6.840721368789672852e-01
6.355548501014709473e-01
6.644855737686157227e-01
7.052817344665527344e-01
5.548735857009887695e-01
6.948249340057373047e-01
5.278322100639343262e-01
5.603165626525878906e-01
5.564393401145935059e-01
5.858029723167419434e-01
6.842373013496398926e-01
7.016221284866333008e-01
5.822430253028869629e-01
6.932702660560607910e-01
6.743296384811401367e-01
6.449380517005920410e-01
6.783320307731628418e-01
6.069139242172241211e-01
2.485614269971847534e-01
7.061102390289306641e-01
6.715408563613891602e-01
6.127632260322570801e-01
4.325528740882873535e-01
6.517558693885803223e-01
5.935141444206237793e-01
6.979157328605651855e-01
6.833864450454711914e-01
6.053979992866516113e-01
5.439085960388183594e-01
5.836405754089355469e-01
5.221294760704040527e-01
6.760401129722595215e-01
6.866881251335144043e-01
5.655210614204406738e-01
6.968811750411987305e-01
6.558372974395751953e-01
6.974835395812988281e-01
6.759152412414550781e-01
6.114428639411926270e-01
5.155398249626159668e-01
6.099520325660705566e-01
6.764788031578063965e-01
6.830778121948242188e-01
6.895189881324768066e-01
6.870093345642089844e-01
6.791567802429199219e-01
6.937554478645324707e-01
5.635912418365478516e-01
2.936712503433227539e-01
6.883980035781860352e-01
5.943720340728759766e-01
4.168637692928314209e-01
6.085415482521057129e-01
6.086495518684387207e-01
6.469501852989196777e-01
6.383901238441467285e-01
6.015562415122985840e-01
6.500389575958251953e-01
6.347661614418029785e-01
5.155586600303649902e-01
6.946656703948974609e-01
5.839908123016357422e-01
6.649950742721557617e-01
4.559150040149688721e-01
4.765886366367340088e-01
6.988305449485778809e-01
6.336290836334228516e-01
7.188037037849426270e-01
5.087311863899230957e-01
2.457873374223709106e-01
6.131881475448608398e-01
4.459148049354553223e-01
2.301615625619888306e-01
7.172822952270507812e-01
7.183962464332580566e-01
6.970897912979125977e-01
6.541495919227600098e-01
5.903127789497375488e-01
6.937860846519470215e-01
5.788214802742004395e-01
6.058394312858581543e-01
6.635798811912536621e-01
6.915251612663269043e-01
5.974664092063903809e-01
5.464304089546203613e-01
6.545158624649047852e-01
6.758756637573242188e-01
5.917022824287414551e-01
6.620786786079406738e-01
5.502402186393737793e-01
6.982181668281555176e-01
6.839690804481506348e-01
6.103452444076538086e-01
4.869189262390136719e-01
5.428851246833801270e-01
6.687996983528137207e-01
1.141116172075271606e-01
6.956994533538818359e-01
6.381502151489257812e-01
6.701338291168212891e-01
1.151003614068031311e-01
6.916318535804748535e-01
5.243446826934814453e-01
6.334025859832763672e-01
5.792551636695861816e-01
7.189739942550659180e-01
2.347142845392227173e-01
5.600269436836242676e-01
4.892796277999877930e-01
6.089890003204345703e-01
7.169500589370727539e-01
6.749479174613952637e-01
6.645258069038391113e-01
6.904070377349853516e-01
6.161159873008728027e-01
5.961651802062988281e-01
6.798647642135620117e-01
4.381542205810546875e-01
1.274911314249038696e-01
5.587198138236999512e-01
6.238462328910827637e-01
1.338698565959930420e-01
5.785725712776184082e-01
6.081805229187011719e-01
7.214218378067016602e-01
6.698470115661621094e-01
1.073106676340103149e-01
6.652870178222656250e-01
7.125297188758850098e-01
1.301289498805999756e-01
4.902604818344116211e-01
6.643921732902526855e-01
6.152501702308654785e-01
1.195129230618476868e-01
3.803236484527587891e-01
6.783646941184997559e-01
4.547758400440216064e-01
6.840543746948242188e-01
6.516036987304687500e-01
6.822411417961120605e-01
5.940815210342407227e-01
6.994843482971191406e-01
4.603579640388488770e-01
2.443404942750930786e-01
3.085125088691711426e-01
6.570418477058410645e-01
5.575103759765625000e-01
6.466401815414428711e-01
2.177686393260955811e-01
6.659772396087646484e-01
4.332042038440704346e-01
4.156710803508758545e-01
4.627204835414886475e-01
2.401302158832550049e-01
6.003967523574829102e-01
3.608543574810028076e-01
5.718595385551452637e-01
7.066245079040527344e-01
5.190219879150390625e-01
7.092919349670410156e-01
5.029897093772888184e-01
7.190715074539184570e-01
4.763530790805816650e-01
6.980678439140319824e-01
6.740379333496093750e-01
6.989904642105102539e-01
6.679555177688598633e-01
5.911411046981811523e-01
6.575301885604858398e-01
6.693446040153503418e-01
7.049734592437744141e-01
6.734302639961242676e-01
6.521926522254943848e-01
1.246951222419738770e-01
5.317170023918151855e-01
1.076199039816856384e-01
6.718721985816955566e-01
5.215498208999633789e-01
6.907228231430053711e-01
6.952870488166809082e-01
6.773524880409240723e-01
6.779708862304687500e-01
3.977525234222412109e-01
6.022243499755859375e-01
6.816757917404174805e-01
6.163680553436279297e-01
6.927548050880432129e-01
4.168987274169921875e-01
6.719871759414672852e-01
6.718487143516540527e-01
6.881735324859619141e-01
3.852355182170867920e-01
6.035005450248718262e-01
1.270312219858169556e-01
7.187190651893615723e-01
6.789303421974182129e-01
6.988791823387145996e-01
2.432794421911239624e-01
5.399417281150817871e-01
5.956256985664367676e-01
5.370587110519409180e-01
4.928317666053771973e-01
6.671355962753295898e-01
1.073647961020469666e-01
6.000720858573913574e-01
6.125528812408447266e-01
7.102174162864685059e-01
2.485614269971847534e-01
1.654590815305709839e-01
6.402071714401245117e-01
5.351689457893371582e-01
3.102295696735382080e-01
1.235649213194847107e-01
4.819662868976593018e-01
5.914956331253051758e-01
5.001141428947448730e-01
5.983364582061767578e-01
5.876880884170532227e-01
1.299383938312530518e-01
4.453613758087158203e-01
7.048691511154174805e-01
5.788684487342834473e-01
6.255416870117187500e-01
6.713065505027770996e-01
6.267790198326110840e-01
5.135962963104248047e-01
6.934897303581237793e-01
4.679694175720214844e-01
2.554636895656585693e-01
2.283241748809814453e-01
5.572462677955627441e-01
6.610028743743896484e-01
6.615827083587646484e-01
2.131635844707489014e-01
6.665850877761840820e-01
2.375056892633438110e-01
4.423647522926330566e-01
1.365880370140075684e-01
6.615616679191589355e-01
6.812598705291748047e-01
5.216341018676757812e-01
6.611511707305908203e-01
6.732751131057739258e-01
6.764009594917297363e-01
6.237837076187133789e-01
4.648355245590209961e-01
6.271533370018005371e-01
4.143830537796020508e-01
6.688409447669982910e-01
6.663426756858825684e-01
1.866305321455001831e-01
6.343915462493896484e-01
6.647918820381164551e-01
6.498887538909912109e-01
4.910751283168792725e-01
1.391542106866836548e-01
6.110612750053405762e-01
6.596477031707763672e-01
6.805307865142822266e-01
6.718623042106628418e-01
6.380910873413085938e-01
6.803786754608154297e-01
3.251419961452484131e-01
6.463201642036437988e-01
3.602669835090637207e-01
5.923340320587158203e-01
2.352412194013595581e-01
2.409163713455200195e-01
6.685687303543090820e-01
6.916717290878295898e-01
7.096022367477416992e-01
5.202651619911193848e-01
6.474680900573730469e-01
7.119559645652770996e-01
6.821013689041137695e-01
6.462272405624389648e-01
7.093150615692138672e-01
7.029215097427368164e-01
6.031878590583801270e-01
6.785749793052673340e-01
6.865815520286560059e-01
5.037606954574584961e-01
5.890066623687744141e-01
7.189767360687255859e-01
6.592973470687866211e-01
6.873195171356201172e-01
5.473075509071350098e-01
5.472090244293212891e-01
6.880792379379272461e-01
5.210401415824890137e-01
5.853856801986694336e-01
1.066134497523307800e-01
6.634998917579650879e-01
6.234086751937866211e-01
6.478310823440551758e-01
1.722397208213806152e-01
6.699841022491455078e-01
6.969169378280639648e-01
6.190571188926696777e-01
6.687665581703186035e-01
5.711169838905334473e-01
5.540518164634704590e-01
6.837638020515441895e-01
5.952225327491760254e-01
6.966071724891662598e-01
6.990700364112854004e-01
5.057302713394165039e-01
6.150935888290405273e-01
6.273543238639831543e-01
6.075571179389953613e-01
5.877481102943420410e-01
6.856014132499694824e-01
5.596075057983398438e-01
6.826749444007873535e-01
5.519078969955444336e-01
5.434278845787048340e-01
6.697468161582946777e-01
1.062831208109855652e-01
6.086495518684387207e-01
7.110120654106140137e-01
7.147568464279174805e-01
5.162987112998962402e-01
4.276580214500427246e-01
3.325053155422210693e-01
5.150079727172851562e-01
7.038304209709167480e-01
5.299314856529235840e-01
5.086058974266052246e-01
6.850376725196838379e-01
6.620974540710449219e-01
5.426095128059387207e-01
6.213130354881286621e-01
5.477057695388793945e-01
4.797210097312927246e-01
6.034331917762756348e-01
1.505343168973922729e-01
1.198425740003585815e-01
6.988815069198608398e-01
6.332029700279235840e-01
5.718764662742614746e-01
6.135315299034118652e-01
6.749257445335388184e-01
6.011440157890319824e-01
6.293959617614746094e-01
3.160900473594665527e-01
6.292705535888671875e-01
7.244781851768493652e-01
6.912913918495178223e-01
5.265610814094543457e-01
1.063855811953544617e-01
7.167373895645141602e-01
7.188104987144470215e-01
6.903169155120849609e-01
7.243346571922302246e-01
6.823616623878479004e-01
6.814855933189392090e-01
6.920817494392395020e-01
6.765825152397155762e-01
5.205627083778381348e-01
3.176399469375610352e-01
2.477572262287139893e-01
5.119144916534423828e-01
6.808599233627319336e-01
6.831229925155639648e-01
6.420906186103820801e-01
5.338412523269653320e-01
5.555044412612915039e-01
6.756630539894104004e-01
6.782858371734619141e-01
6.809565424919128418e-01
6.391587257385253906e-01
5.237334966659545898e-01
5.415962934494018555e-01
5.467569828033447266e-01
6.894326806068420410e-01
4.336693286895751953e-01
6.459777951240539551e-01
6.081986427307128906e-01
6.803538799285888672e-01
6.738847494125366211e-01
6.490938067436218262e-01
5.703143477439880371e-01
6.549590229988098145e-01
6.553047299385070801e-01
1.079950481653213501e-01
5.964231491088867188e-01
2.286807894706726074e-01
3.928489089012145996e-01
6.054309606552124023e-01
6.034815907478332520e-01
5.645874738693237305e-01
6.489054560661315918e-01
3.032101392745971680e-01
6.490237116813659668e-01
6.815167069435119629e-01
1.972736120223999023e-01
6.370016336441040039e-01
4.524729549884796143e-01
7.008063793182373047e-01
5.550876259803771973e-01
4.007419645786285400e-01
5.800970196723937988e-01
6.113351583480834961e-01
1.529444456100463867e-01
6.982451081275939941e-01
6.772159337997436523e-01
5.472513437271118164e-01
5.634717345237731934e-01
5.575498938560485840e-01
4.558349847793579102e-01
5.947845578193664551e-01
5.565503239631652832e-01
5.020329356193542480e-01
6.859208941459655762e-01
6.280900835990905762e-01
5.801280736923217773e-01
6.487815380096435547e-01
7.025695443153381348e-01
2.333840727806091309e-01
6.692690849304199219e-01
7.082590460777282715e-01
6.166755557060241699e-01
6.114611029624938965e-01
5.803641676902770996e-01
7.009653449058532715e-01
6.525443196296691895e-01
6.181557178497314453e-01
5.759246945381164551e-01
6.918719410896301270e-01
6.955766677856445312e-01
4.840950965881347656e-01
5.837707519531250000e-01
6.565526127815246582e-01
3.084014058113098145e-01
7.127893567085266113e-01
3.902667164802551270e-01
6.046743392944335938e-01
6.578215956687927246e-01
6.274875402450561523e-01
7.226530313491821289e-01
6.891220211982727051e-01
6.970071792602539062e-01
7.041180729866027832e-01
4.019077718257904053e-01
6.517703533172607422e-01
3.589935004711151123e-01
6.987334489822387695e-01
3.485783338546752930e-01
5.201947689056396484e-01
6.447242498397827148e-01
6.952351927757263184e-01
4.933931529521942139e-01
4.741774201393127441e-01
6.077636480331420898e-01
6.985003352165222168e-01
5.975968837738037109e-01
5.457292199134826660e-01
6.683999896049499512e-01
4.990133345127105713e-01
5.391226410865783691e-01
6.716238856315612793e-01
5.892839431762695312e-01
3.485500812530517578e-01
6.827975511550903320e-01
6.311063170433044434e-01
6.949743628501892090e-01
7.059960961341857910e-01
3.997264802455902100e-01
5.380499362945556641e-01
6.371773481369018555e-01
7.015698552131652832e-01
6.124213933944702148e-01
6.954771876335144043e-01
5.144357085227966309e-01
6.991042494773864746e-01
6.225114464759826660e-01
5.226700901985168457e-01
6.035834550857543945e-01
6.494383215904235840e-01
4.253834187984466553e-01
1.346923112869262695e-01
5.171790719032287598e-01
5.683333873748779297e-01
6.899712085723876953e-01
7.150611281394958496e-01
1.890290230512619019e-01
7.249265313148498535e-01
6.953879594802856445e-01
6.689794659614562988e-01
5.516954660415649414e-01
7.099034786224365234e-01
6.481897830963134766e-01
3.201382756233215332e-01
5.291052460670471191e-01
7.173136472702026367e-01
7.011558413505554199e-01
5.951889157295227051e-01
7.029501795768737793e-01
4.742387533187866211e-01
6.779091358184814453e-01
1.165950894355773926e-01
6.863213181495666504e-01
5.985441207885742188e-01
7.144589424133300781e-01
6.713698506355285645e-01
1.671069711446762085e-01
4.910625219345092773e-01
6.718700528144836426e-01
6.996269226074218750e-01
6.038064360618591309e-01
1.110450774431228638e-01
6.909862756729125977e-01
4.648304283618927002e-01
7.228322029113769531e-01
6.959968805313110352e-01
6.788496375083923340e-01
4.159328937530517578e-01
5.416326522827148438e-01
6.579357981681823730e-01
4.281001985073089600e-01
6.000618338584899902e-01
6.819982528686523438e-01
4.082761406898498535e-01
6.297762393951416016e-01
6.262623071670532227e-01
4.934038817882537842e-01
6.306761503219604492e-01
5.273299813270568848e-01
6.351556777954101562e-01
6.857513189315795898e-01
4.822430312633514404e-01
5.918098688125610352e-01
6.249123215675354004e-01
7.195419073104858398e-01
7.021114230155944824e-01
6.818504333496093750e-01
7.029265165328979492e-01
5.453684926033020020e-01
5.746715664863586426e-01
6.376058459281921387e-01
4.810900390148162842e-01
4.588051438331604004e-01
5.147857666015625000e-01
6.807091236114501953e-01
6.701080203056335449e-01
2.227622270584106445e-01
3.398686051368713379e-01
6.385327577590942383e-01
5.932021737098693848e-01
6.689608097076416016e-01
6.775155067443847656e-01
1.206838339567184448e-01
5.779570937156677246e-01
5.977162122726440430e-01
6.106160283088684082e-01
6.510471105575561523e-01
6.807533502578735352e-01
6.920984983444213867e-01
7.094237208366394043e-01
2.468412667512893677e-01
5.711893439292907715e-01
5.872943401336669922e-01
3.951594829559326172e-01
5.448993444442749023e-01
1.577679812908172607e-01
2.275990247726440430e-01
5.195094347000122070e-01
6.201286315917968750e-01
5.998381376266479492e-01
5.168181657791137695e-01
6.986242532730102539e-01
5.536307692527770996e-01
7.108438611030578613e-01
6.664729118347167969e-01
5.515481233596801758e-01
6.983272433280944824e-01
6.611731052398681641e-01
6.563146114349365234e-01
5.556540489196777344e-01
5.927307009696960449e-01
5.331493020057678223e-01
4.438315629959106445e-01
7.122788429260253906e-01
4.377669692039489746e-01
6.985098719596862793e-01
6.173154115676879883e-01
2.102322876453399658e-01
6.315473914146423340e-01
6.086495518684387207e-01
4.082785844802856445e-01
5.177180767059326172e-01
2.819402217864990234e-01
6.122533082962036133e-01
6.844186782836914062e-01
1.310233324766159058e-01
5.855721235275268555e-01
6.936408877372741699e-01
6.150566935539245605e-01
5.080319046974182129e-01
6.161159873008728027e-01
6.917399168014526367e-01
5.898348689079284668e-01
6.195738315582275391e-01
6.696164608001708984e-01
6.242133378982543945e-01
6.561456918716430664e-01
5.278690457344055176e-01
6.489858627319335938e-01
5.942724347114562988e-01
1.932956725358963013e-01
5.963682532310485840e-01
5.943418145179748535e-01
6.891089677810668945e-01
5.573428869247436523e-01
4.549810886383056641e-01
1.197803393006324768e-01
6.437654495239257812e-01
6.632427573204040527e-01
3.949051201343536377e-01
6.636849045753479004e-01
4.398547112941741943e-01
6.199542880058288574e-01
3.657876849174499512e-01
5.918253660202026367e-01
7.076644897460937500e-01
4.639865756034851074e-01
5.875397324562072754e-01
5.337798595428466797e-01
6.348338127136230469e-01
6.481705904006958008e-01
3.040295243263244629e-01
6.179839372634887695e-01
6.589137911796569824e-01
4.801076650619506836e-01
4.319355487823486328e-01
1.929127275943756104e-01
6.768900752067565918e-01
4.684821665287017822e-01
6.932862401008605957e-01
5.556691884994506836e-01
4.400585889816284180e-01
7.112460136413574219e-01
6.258597373962402344e-01
6.123436093330383301e-01
5.858158469200134277e-01
3.864913880825042725e-01
6.749212145805358887e-01
1.071906685829162598e-01
7.026403546333312988e-01
5.052314400672912598e-01
5.388554334640502930e-01
7.076612114906311035e-01
6.475619077682495117e-01
6.232215762138366699e-01
6.529959440231323242e-01
6.280060410499572754e-01
6.732212305068969727e-01
7.050307989120483398e-01
6.898885965347290039e-01
6.878582835197448730e-01
7.147983312606811523e-01
4.291731417179107666e-01
6.551723480224609375e-01
6.722081899642944336e-01
1.206427216529846191e-01
5.806403756141662598e-01
6.990197300910949707e-01
5.718595385551452637e-01
6.864305734634399414e-01
6.797211170196533203e-01
6.223379373550415039e-01
6.705990433692932129e-01
1.454191356897354126e-01
1.103172004222869873e-01
5.579382777214050293e-01
4.816000461578369141e-01
6.925496459007263184e-01
5.179837942123413086e-01
7.198914289474487305e-01
1.077036559581756592e-01
5.655182600021362305e-01
1.260348558425903320e-01
5.582201480865478516e-01
6.655968427658081055e-01
6.579484939575195312e-01
2.143479436635971069e-01
6.955974698066711426e-01
6.945311427116394043e-01
6.650562882423400879e-01
5.429953336715698242e-01
6.505700945854187012e-01
6.787685751914978027e-01
7.024884819984436035e-01
6.165863275527954102e-01
5.122814774513244629e-01
6.999948024749755859e-01
6.473684310913085938e-01
6.357694268226623535e-01
6.524376273155212402e-01
7.050997614860534668e-01
4.320614635944366455e-01
2.977368235588073730e-01
5.243329405784606934e-01
5.276328921318054199e-01
1.084272339940071106e-01
6.888247132301330566e-01
1.695251613855361938e-01
5.948933959007263184e-01
6.970019340515136719e-01
4.617506861686706543e-01
1.596688330173492432e-01
6.668328642845153809e-01
2.910791337490081787e-01
1.078011319041252136e-01
2.002674937248229980e-01
6.345610618591308594e-01
6.033769845962524414e-01
5.984611511230468750e-01
6.962692141532897949e-01
6.860907673835754395e-01
5.916509628295898438e-01
5.457963347434997559e-01
6.881774067878723145e-01
5.920228958129882812e-01
6.198402643203735352e-01
6.855707168579101562e-01
5.375526547431945801e-01
6.787969470024108887e-01
6.774444580078125000e-01
6.627191901206970215e-01
5.534319281578063965e-01
5.401722788810729980e-01
4.622873961925506592e-01
6.160213351249694824e-01
6.041615009307861328e-01
6.844620108604431152e-01
5.699564218521118164e-01
5.769485235214233398e-01
5.282231569290161133e-01
7.131092548370361328e-01
6.798381805419921875e-01
6.690623760223388672e-01
1.059372946619987488e-01
6.581133604049682617e-01
5.838212966918945312e-01
6.132141947746276855e-01
6.121757626533508301e-01
6.896164417266845703e-01
6.163453459739685059e-01
6.932861804962158203e-01
4.785444736480712891e-01
4.517697989940643311e-01
7.196062207221984863e-01
5.569111108779907227e-01
3.222055733203887939e-01
7.165865898132324219e-01
5.812256932258605957e-01
5.125135183334350586e-01
4.504828155040740967e-01
6.742896437644958496e-01
6.945519447326660156e-01
5.954944491386413574e-01
6.632739901542663574e-01
2.459472715854644775e-01
2.199649810791015625e-01
6.757464408874511719e-01
6.169859170913696289e-01
5.541928410530090332e-01
5.281996726989746094e-01
6.742520332336425781e-01
5.305394530296325684e-01
5.624870657920837402e-01
1.109497398138046265e-01
3.375872969627380371e-01
6.542700529098510742e-01
1.233018562197685242e-01
1.648177206516265869e-01
6.125375628471374512e-01
5.675297975540161133e-01
5.931718349456787109e-01
5.854969620704650879e-01
6.968715786933898926e-01
7.121827602386474609e-01
1.323007643222808838e-01
6.461896300315856934e-01
7.046962380409240723e-01
5.512757301330566406e-01
6.179981231689453125e-01
6.993685364723205566e-01
5.250784754753112793e-01
6.520194411277770996e-01
5.997592806816101074e-01
4.281675815582275391e-01
6.884080767631530762e-01
6.636708378791809082e-01
6.433271765708923340e-01
6.902621388435363770e-01
3.490194380283355713e-01
6.854749917984008789e-01
5.958104133605957031e-01
4.127530753612518311e-01
6.678113341331481934e-01
6.476993560791015625e-01
6.146288514137268066e-01
5.596618652343750000e-01
5.397043228149414062e-01
5.748159885406494141e-01
7.067971825599670410e-01
3.536953330039978027e-01
6.643569469451904297e-01
5.430895090103149414e-01
4.853867888450622559e-01
6.128234267234802246e-01
6.973999142646789551e-01
6.898379921913146973e-01
6.308950185775756836e-01
6.996034979820251465e-01
4.749228656291961670e-01
6.808586120605468750e-01
5.532378554344177246e-01
4.964095056056976318e-01
3.901983499526977539e-01
5.487747192382812500e-01
7.253689765930175781e-01
5.845470428466796875e-01
2.605297863483428955e-01
6.155608892440795898e-01
7.203132510185241699e-01
6.154792904853820801e-01
6.764796972274780273e-01
4.857711493968963623e-01
7.132321596145629883e-01
4.763511121273040771e-01
6.182128190994262695e-01
5.369884371757507324e-01
6.932476758956909180e-01
7.158355712890625000e-01
6.674380302429199219e-01
6.437056064605712891e-01
6.186709403991699219e-01
6.881565451622009277e-01
1.098737567663192749e-01
6.921743750572204590e-01
6.928281784057617188e-01
4.928057193756103516e-01
4.407190680503845215e-01
3.133696615695953369e-01
6.640107035636901855e-01
5.894546508789062500e-01
2.118730843067169189e-01
6.792117953300476074e-01
5.496927499771118164e-01
6.994526982307434082e-01
6.845000982284545898e-01
6.588623523712158203e-01
7.000230550765991211e-01
5.612614750862121582e-01
6.848527193069458008e-01
6.411142349243164062e-01
6.604660153388977051e-01
7.131375074386596680e-01
6.797312498092651367e-01
4.258211255073547363e-01
6.958953142166137695e-01
1.608697474002838135e-01
2.998049855232238770e-01
1.557082384824752808e-01
6.986886858940124512e-01
6.787127852439880371e-01
7.017257809638977051e-01
