9.976800084114074707e-01
2.431336976587772369e-02
5.427947689895518124e-05
9.997321963310241699e-01
5.265267100185155869e-05
8.131268620491027832e-01
1.641340404748916626e-01
2.248512357473373413e-01
9.976206421852111816e-01
2.771816616586875170e-05
1.548591681057587266e-04
9.994513392448425293e-01
9.981284737586975098e-01
3.067293204367160797e-02
5.384105257689952850e-03
9.903297424316406250e-01
9.997405409812927246e-01
9.715103660710155964e-04
4.065176472067832947e-04
9.958676099777221680e-01
9.998940229415893555e-01
9.982342720031738281e-01
9.993904829025268555e-01
5.684963427484035492e-03
9.994453787803649902e-01
4.926315741613507271e-04
1.893574893474578857e-01
9.996185302734375000e-01
9.998991489410400391e-01
6.427139043807983398e-01
7.599557638168334961e-01
9.977509379386901855e-01
9.990993738174438477e-01
1.047454681247472763e-02
9.079073071479797363e-01
2.819404107867740095e-05
2.700292877852916718e-02
1.004641235340386629e-04
1.516009569168090820e-01
1.666917651891708374e-01
1.569965668022632599e-02
9.954314231872558594e-01
9.743866920471191406e-01
4.066258203238248825e-03
1.257829135283827782e-04
9.963479638099670410e-01
4.919607308693230152e-04
7.991141676902770996e-01
4.658912122249603271e-02
9.967874288558959961e-01
9.996752738952636719e-01
9.999251365661621094e-01
9.995473027229309082e-01
9.995398521423339844e-01
9.999355077743530273e-01
1.556493788957595825e-01
7.905297679826617241e-04
1.786101842299103737e-03
9.999533891677856445e-01
1.844815909862518311e-01
3.739173114299774170e-01
7.332473614951595664e-05
9.880517721176147461e-01
9.998614788055419922e-01
6.650149589404463768e-04
9.999649524688720703e-01
9.999166727066040039e-01
5.933368229307234287e-04
1.252572255907580256e-04
9.995272159576416016e-01
5.277432501316070557e-05
4.416707452037371695e-05
5.860149860382080078e-03
3.656488060951232910e-01
7.727639167569577694e-04
9.996832609176635742e-01
1.338358997600153089e-04
6.397134810686111450e-02
9.997971653938293457e-01
1.378287468105554581e-02
8.018987136892974377e-05
9.998546838760375977e-01
9.996943473815917969e-01
5.667965742759406567e-04
9.998307228088378906e-01
9.997337460517883301e-01
9.999073743820190430e-01
9.981208443641662598e-01
1.647147815674543381e-03
9.996926784515380859e-01
5.935508524999022484e-04
1.033502370119094849e-01
2.120361663401126862e-02
2.533531805966049433e-04
4.139973316341638565e-03
9.981726408004760742e-01
8.203279227018356323e-02
3.791382312774658203e-01
9.985443353652954102e-01
1.050509396009147167e-03
4.385028732940554619e-04
9.928807020187377930e-01
9.988502264022827148e-01
9.964829683303833008e-01
5.396797880530357361e-02
9.997640252113342285e-01
9.997830986976623535e-01
8.411065937252715230e-05
2.507910539861768484e-05
1.562971621751785278e-01
9.681434631347656250e-01
2.517296075820922852e-01
3.446227312088012695e-01
1.202075625769793987e-03
9.987213015556335449e-01
3.024383680894970894e-03
6.033890843391418457e-01
2.640753518790006638e-03
4.013277962803840637e-02
2.422519493848085403e-03
9.998871088027954102e-01
5.401109228841960430e-04
9.998434782028198242e-01
4.892170056700706482e-02
4.835122308577410877e-05
2.589339601399842650e-05
9.999675750732421875e-01
9.706295728683471680e-01
1.845397613942623138e-02
9.997864365577697754e-01
9.921360015869140625e-01
5.447279181680642068e-05
3.585312282666563988e-03
6.025105831213295460e-04
5.250860378146171570e-02
9.997729659080505371e-01
5.125932511873543262e-04
1.138761406764388084e-03
7.647846341133117676e-01
9.906193017959594727e-01
2.713637053966522217e-01
9.996885061264038086e-01
1.325842924416065216e-03
9.703245162963867188e-01
9.957668781280517578e-01
9.903371334075927734e-01
3.366186982020735741e-03
9.957093000411987305e-01
8.651524037122726440e-02
1.421110183000564575e-01
5.194477271288633347e-04
1.154601995949633420e-04
2.654104318935424089e-04
4.961924552917480469e-01
2.318513207137584686e-02
7.483252882957458496e-01
6.828311597928404808e-05
3.366239368915557861e-02
1.128912044805474579e-04
9.970450997352600098e-01
4.113136965315788984e-04
1.646813703700900078e-03
9.222437143325805664e-01
2.354317111894488335e-04
9.995463490486145020e-01
9.998327493667602539e-01
1.217608951264992356e-04
3.145447117276489735e-04
9.999184608459472656e-01
2.009181480389088392e-04
9.999009370803833008e-01
9.998601675033569336e-01
5.171943339519202709e-04
3.169004776282235980e-05
8.881653775461018085e-05
9.849566817283630371e-01
9.999592304229736328e-01
2.242094725370407104e-01
4.932715892791748047e-01
1.274103851756080985e-04
9.999642372131347656e-01
9.993572831153869629e-01
9.996902942657470703e-01
7.234666496515274048e-02
8.417998552322387695e-01
5.281161665916442871e-01
6.319935200735926628e-04
9.010152816772460938e-01
9.996001124382019043e-01
9.289879798889160156e-01
8.580494613852351904e-05
2.695799048524349928e-04
9.999369382858276367e-01
9.190637469291687012e-01
9.479909539222717285e-01
3.145539667457342148e-03
9.883451461791992188e-01
1.288846688112244010e-04
9.169235080480575562e-02
1.025363017106428742e-04
1.573954359628260136e-04
2.431243211030960083e-01
5.887216422706842422e-03
3.885240294039249420e-03
5.725179216824471951e-04
9.985519051551818848e-01
1.109862932935357094e-03
1.300413714488968253e-04
3.447104990482330322e-02
9.993935823440551758e-01
9.998266100883483887e-01
1.507718348875641823e-03
6.633348675677552819e-05
9.996364116668701172e-01
1.032583788037300110e-02
6.424668827094137669e-04
9.997333884239196777e-01
2.369220135733485222e-03
9.995614886283874512e-01
9.977257847785949707e-01
7.918835878372192383e-01
9.989855885505676270e-01
9.240265488624572754e-01
9.913119673728942871e-01
9.998490810394287109e-01
9.274752140045166016e-01
9.619987607002258301e-01
9.987297654151916504e-01
2.296796888113021851e-01
2.323392592370510101e-02
9.486029744148254395e-01
3.478506696410477161e-04
9.994665980339050293e-01
9.966302514076232910e-01
4.450633132364600897e-04
6.012822985649108887e-01
9.835808277130126953e-01
1.900886272778734565e-04
9.007157683372497559e-01
9.707164168357849121e-01
9.985079169273376465e-01
1.931575834751129150e-01
9.563866853713989258e-01
1.605173223651945591e-03
1.889441395178437233e-03
3.331669839099049568e-03
8.478742674924433231e-04
7.616834044456481934e-01
9.995800852775573730e-01
9.397781491279602051e-01
9.253404140472412109e-01
5.274986848235130310e-02
3.392561120563186705e-05
3.168533788993954659e-03
2.757351321633905172e-04
1.396064646542072296e-03
9.996924400329589844e-01
8.898884057998657227e-01
9.997636675834655762e-01
4.767697751522064209e-01
4.571572411805391312e-03
9.997397065162658691e-01
4.804857671260833740e-01
9.159474968910217285e-01
3.371892962604761124e-04
2.000119537115097046e-01
9.742478132247924805e-01
9.999010562896728516e-01
5.789946913719177246e-01
9.997141957283020020e-01
2.667267835931852460e-05
9.994569420814514160e-01
9.335635304450988770e-01
1.313855871558189392e-02
4.008706891909241676e-04
1.876271963119506836e-01
2.277079271152615547e-03
1.597135812044143677e-01
4.851271223742514849e-04
9.997759461402893066e-01
3.242623759433627129e-03
9.997995495796203613e-01
4.443905490916222334e-04
9.998648166656494141e-01
5.926595628261566162e-02
2.531078644096851349e-04
9.999172687530517578e-01
4.095193445682525635e-01
9.999697208404541016e-01
1.156613463535904884e-03
9.988173842430114746e-01
3.959237039089202881e-01
7.908760756254196167e-02
6.551862955093383789e-01
9.992498755455017090e-01
9.998654127120971680e-01
1.493085175752639771e-01
9.988491535186767578e-01
4.712810274213552475e-03
9.982606768608093262e-01
9.982099533081054688e-01
9.999545812606811523e-01
7.284442335367202759e-02
9.950860142707824707e-01
5.235170722007751465e-01
6.954365380806848407e-05
2.210067212581634521e-02
6.864537596702575684e-01
9.999409914016723633e-01
7.515784818679094315e-05
2.083232626318931580e-03
9.991189837455749512e-01
2.675623400136828423e-03
9.987338185310363770e-01
4.041399657726287842e-01
9.609297558199614286e-05
9.986376166343688965e-01
1.959852725267410278e-01
3.161035012453794479e-03
9.722521305084228516e-01
5.306243523955345154e-02
1.102829119190573692e-03
9.995989203453063965e-01
2.073332201689481735e-03
3.889202177524566650e-01
9.999343156814575195e-01
2.606345713138580322e-01
9.999771118164062500e-01
9.995612502098083496e-01
9.986172914505004883e-01
1.108419732190668583e-03
9.992932081222534180e-01
2.745625097304582596e-03
9.994846582412719727e-01
5.984573364257812500e-01
7.409820705652236938e-02
7.700473652221262455e-04
9.993533492088317871e-01
1.925749480724334717e-01
9.998861551284790039e-01
1.369315292686223984e-02
9.999285936355590820e-01
3.152415229124017060e-05
6.278498331084847450e-04
9.997786879539489746e-01
9.996519088745117188e-01
5.904481187462806702e-02
5.114852319820784032e-05
3.399832546710968018e-01
9.995681466534733772e-05
9.996458292007446289e-01
1.428961567580699921e-02
2.003598511219024658e-01
2.044889703392982483e-02
4.718474228866398335e-04
4.022456996608525515e-04
3.427036572247743607e-03
5.768638849258422852e-01
2.893938496708869934e-02
6.665789260296151042e-05
9.861319065093994141e-01
8.772518038749694824e-01
9.996297359466552734e-01
9.999502897262573242e-01
9.999141693115234375e-01
9.999725818634033203e-01
9.997493624687194824e-01
9.998955726623535156e-01
5.105671882629394531e-01
9.999095201492309570e-01
2.297087630722671747e-04
9.942276477813720703e-01
9.760181903839111328e-01
9.998685121536254883e-01
9.999902248382568359e-01
6.669442057609558105e-01
1.329588703811168671e-04
9.221166968345642090e-01
1.031517400406301022e-03
1.738235238008201122e-03
3.274500486440956593e-04
9.756070375442504883e-01
9.999558925628662109e-01
2.912101044785231352e-04
9.767603278160095215e-01
9.999330043792724609e-01
1.528503447771072388e-01
2.764953486621379852e-02
2.250292897224426270e-02
3.578101459424942732e-04
7.944243401288986206e-02
9.999905824661254883e-01
9.985217452049255371e-01
9.940432906150817871e-01
5.822961102239787579e-04
4.326842259615659714e-03
9.998935461044311523e-01
3.952736966311931610e-03
7.003288250416517258e-03
9.929919242858886719e-01
2.308605983853340149e-02
9.954249262809753418e-01
9.989144802093505859e-01
4.885932139586657286e-05
1.524955127388238907e-02
4.230142512824386358e-04
1.270016133785247803e-01
1.007937389658764005e-04
7.080795709043741226e-03
3.812405280768871307e-03
1.845180086093023419e-04
9.989712238311767578e-01
2.248907834291458130e-01
6.439620046876370907e-04
9.997636675834655762e-01
7.136518601328134537e-03
9.995844960212707520e-01
1.547973835840821266e-03
2.489532344043254852e-04
9.993054866790771484e-01
9.070477244677022099e-05
8.932873024605214596e-04
8.713645935058593750e-01
9.258227944374084473e-01
9.372302293777465820e-01
9.955703616142272949e-01
9.999080896377563477e-01
9.999594688415527344e-01
4.554085060954093933e-02
9.990609288215637207e-01
1.262071309611201286e-04
7.120280712842941284e-02
9.998748302459716797e-01
2.189751248806715012e-03
9.999650716781616211e-01
1.302226781845092773e-01
8.365637063980102539e-01
9.926314353942871094e-01
9.976053237915039062e-01
9.983484745025634766e-01
9.916028380393981934e-01
1.017888935166411102e-04
9.531575441360473633e-01
1.815486401319503784e-01
9.470674991607666016e-01
3.230822831392288208e-02
1.216472737723961473e-04
9.990021586418151855e-01
6.155468821525573730e-01
4.295827820897102356e-02
2.391351445112377405e-04
5.368108395487070084e-04
9.806564450263977051e-01
2.657531388103961945e-02
9.997093081474304199e-01
2.787887933664023876e-04
2.186842611990869045e-04
2.760941088199615479e-01
9.999024868011474609e-01
9.910064339637756348e-01
7.340857386589050293e-01
9.883888959884643555e-01
9.370755287818610668e-05
1.405103653669357300e-01
9.998910427093505859e-01
9.975115060806274414e-01
9.984521865844726562e-01
2.859824453480541706e-04
3.671119511127471924e-01
1.905061770230531693e-03
9.999252557754516602e-01
8.350630402565002441e-01
9.294790625572204590e-01
4.747378174215555191e-03
3.225702312192879617e-05
9.644296169281005859e-01
5.319365262985229492e-01
9.952493906021118164e-01
3.316761180758476257e-02
5.070571787655353546e-04
1.755551493261009455e-04
9.999413490295410156e-01
8.112461566925048828e-01
9.990855455398559570e-01
1.882880032062530518e-01
2.614203607663512230e-03
1.544656697660684586e-02
9.999480247497558594e-01
2.676165476441383362e-02
9.932689070701599121e-01
8.269146680831909180e-01
7.036319375038146973e-01
9.991009235382080078e-01
1.082637161016464233e-02
4.950739815831184387e-02
9.972453117370605469e-01
6.931759715080261230e-01
9.998831748962402344e-01
9.424708485603332520e-01
9.295779280364513397e-03
9.999307394027709961e-01
2.955272429971955717e-05
9.999079704284667969e-01
3.692817990668118000e-04
4.382865875959396362e-02
9.309257268905639648e-01
9.984279870986938477e-01
9.999343156814575195e-01
9.999493360519409180e-01
8.579846024513244629e-01
9.998786449432373047e-01
4.074722528457641602e-02
9.999291896820068359e-01
9.999842643737792969e-01
1.300088018178939819e-01
9.972146153450012207e-01
5.485387891530990601e-02
2.811883168760687113e-04
9.997385144233703613e-01
1.138854771852493286e-02
9.813511371612548828e-01
9.931142926216125488e-01
9.934800863265991211e-01
6.762273907661437988e-01
9.884631037712097168e-01
9.999878406524658203e-01
9.990130662918090820e-01
9.999288320541381836e-01
9.992454051971435547e-01
3.254342882428318262e-04
9.977313876152038574e-01
1.491194241680204868e-03
4.544748738408088684e-02
4.616877436637878418e-01
6.244849562644958496e-01
4.687671316787600517e-04
9.957585930824279785e-01
2.674568095244467258e-04
8.116182684898376465e-01
2.401380538940429688e-01
1.146701746620237827e-03
1.672779396176338196e-02
9.998360872268676758e-01
9.999245405197143555e-01
2.728004183154553175e-04
9.999004602432250977e-01
5.990676581859588623e-03
9.364563226699829102e-01
9.969902038574218750e-01
9.994313120841979980e-01
9.999514818191528320e-01
9.996170997619628906e-01
9.439324736595153809e-01
8.553797006607055664e-01
5.833251634612679482e-04
1.180673241615295410e-01
9.996286630630493164e-01
9.792800545692443848e-01
9.995949864387512207e-01
2.075019627809524536e-01
1.710671931505203247e-03
6.882906425744295120e-03
9.997624754905700684e-01
9.999027252197265625e-01
3.658066561911255121e-04
9.938883185386657715e-01
5.818845238536596298e-03
9.998544454574584961e-01
9.999192953109741211e-01
1.391252577304840088e-01
1.526934187859296799e-02
9.950796365737915039e-01
4.574235208565369248e-05
9.988210797309875488e-01
1.196826808154582977e-02
9.917067289352416992e-01
3.708416770678013563e-04
9.637572220526635647e-04
4.771363164763897657e-04
1.580602838657796383e-03
5.379707217216491699e-01
2.836028761521447450e-05
9.999718666076660156e-01
9.987033605575561523e-01
1.317550922976806760e-04
1.244615559699013829e-04
1.189318063552491367e-04
2.329090202692896128e-04
1.703996385913342237e-04
1.255192037206143141e-04
9.459543824195861816e-01
9.972104430198669434e-01
6.318165455013513565e-03
2.201919414801523089e-04
9.948609471321105957e-01
2.621212974190711975e-02
4.539342522621154785e-01
9.999009370803833008e-01
9.881691932678222656e-01
2.760315837804228067e-04
3.666798875201493502e-04
9.689393639564514160e-01
1.083232418750412762e-04
1.069023419404402375e-04
1.848245447035878897e-04
9.984285235404968262e-01
9.985837936401367188e-01
9.648302793502807617e-01
8.112048730254173279e-03
1.779398298822343349e-03
9.912181496620178223e-01
9.999485015869140625e-01
8.706036806106567383e-01
7.310118235182017088e-05
3.628444671630859375e-02
9.950784444808959961e-01
9.981331229209899902e-01
3.947806078940629959e-03
1.190740033052861691e-03
1.450917188776656985e-04
5.798643231391906738e-01
9.746766835451126099e-02
1.073794090189039707e-03
9.984316229820251465e-01
9.999064207077026367e-01
7.150620222091674805e-01
9.974500536918640137e-01
3.390579367987811565e-04
3.772178752114996314e-05
8.497668895870447159e-04
9.999752044677734375e-01
2.690898720175027847e-03
3.443034831434488297e-03
3.416344115976244211e-04
9.926584362983703613e-01
9.996713399887084961e-01
9.997199177742004395e-01
9.995033740997314453e-01
9.997317194938659668e-01
1.043737754225730896e-01
9.910679459571838379e-01
1.684513699728995562e-04
9.958193302154541016e-01
9.997931122779846191e-01
9.975141286849975586e-01
9.963164329528808594e-01
1.285351172555238008e-04
9.990486502647399902e-01
4.434815607964992523e-03
8.643032908439636230e-01
9.891455556498840451e-05
3.640438953880220652e-04
9.715728759765625000e-01
2.453198831062763929e-04
5.537848472595214844e-01
9.999557733535766602e-01
2.970207715407013893e-04
9.468550086021423340e-01
1.599260792136192322e-02
9.991927742958068848e-01
5.800147056579589844e-01
6.694585899822413921e-04
2.304351190105080605e-03
2.328828275203704834e-01
1.223573926836252213e-04
2.486688317731022835e-04
1.815606810851022601e-04
2.185131597798317671e-04
9.950744509696960449e-01
1.418202446075156331e-04
2.615462057292461395e-03
4.053380340337753296e-02
2.393422619206830859e-04
8.424809575080871582e-01
9.994679093360900879e-01
1.232380600413307548e-04
1.074030151357874274e-04
1.233376679010689259e-03
9.995855689048767090e-01
9.980385899543762207e-01
9.908958077430725098e-01
9.925004839897155762e-01
9.994609951972961426e-01
2.279680687934160233e-03
8.301394991576671600e-03
6.119878888130187988e-01
9.959071874618530273e-01
9.998970031738281250e-01
6.386213302612304688e-01
1.469403505325317383e-02
9.064016938209533691e-01
3.134023863822221756e-03
9.998567104339599609e-01
2.993699308717623353e-05
9.967701435089111328e-01
4.202688287477940321e-04
9.981574416160583496e-01
9.995388984680175781e-01
9.985501170158386230e-01
3.669109642505645752e-01
9.999755620956420898e-01
4.170458298176527023e-03
9.717599749565124512e-01
3.585458325687795877e-04
9.998692274093627930e-01
9.812987446784973145e-01
9.999140501022338867e-01
5.275049712508916855e-03
5.149368196725845337e-03
9.271902441978454590e-01
9.997199177742004395e-01
9.950447082519531250e-01
9.978916049003601074e-01
3.984936326742172241e-02
9.998686313629150391e-01
6.546366810798645020e-01
9.985015392303466797e-01
9.964197874069213867e-01
8.632847666740417480e-01
1.196884550154209137e-03
4.359206259250640869e-01
4.156557843089103699e-03
4.503856413066387177e-03
9.996696710586547852e-01
1.050557475537061691e-04
9.612722992897033691e-01
2.168742357753217220e-04
2.970195561647415161e-02
7.235345430672168732e-03
5.960088223218917847e-03
9.990715980529785156e-01
1.336136274039745331e-02
9.994916915893554688e-01
9.925811290740966797e-01
9.813681244850158691e-01
2.886303627747111022e-05
4.351345996838063002e-04
1.715877465903759003e-02
1.366313993930816650e-01
9.994289278984069824e-01
1.548591681057587266e-04
1.339377369731664658e-03
9.997202754020690918e-01
9.996001124382019043e-01
8.864190895110368729e-04
1.009170446195639670e-04
2.075376734137535095e-02
9.979709982872009277e-01
4.849918332183733582e-05
9.993593096733093262e-01
9.999471902847290039e-01
1.708474941551685333e-02
9.996237754821777344e-01
3.530149161815643311e-01
1.261838246136903763e-03
1.473287557018920779e-04
9.998264908790588379e-01
9.999078512191772461e-01
2.065339685941580683e-05
9.951007962226867676e-01
9.998451471328735352e-01
4.996088682673871517e-04
9.999009370803833008e-01
5.811418406665325165e-03
5.897418856620788574e-01
9.999758005142211914e-01
1.145355328917503357e-01
7.402625679969787598e-01
9.933000802993774414e-01
1.036855764687061310e-02
9.999675750732421875e-01
9.998600482940673828e-01
4.659546175389550626e-05
1.390144112519919872e-03
9.999045133590698242e-01
9.965896606445312500e-01
9.183790087699890137e-01
5.531481001526117325e-04
1.146294991485774517e-03
9.998031258583068848e-01
1.303092227317392826e-03
1.714403770165517926e-04
2.436471841065213084e-04
2.533084452152252197e-01
9.999588727951049805e-01
2.415118040516972542e-03
9.874650239944458008e-01
7.719280719757080078e-01
4.657622412196360528e-05
9.998929500579833984e-01
1.081074029207229614e-01
5.458433032035827637e-01
9.996346235275268555e-01
9.996957778930664062e-01
6.182397156953811646e-02
3.007316729053854942e-03
9.996396303176879883e-01
4.988914355635643005e-03
4.876088351011276245e-03
9.540579319000244141e-01
1.016748324036598206e-02
6.174941733479499817e-02
9.998707771301269531e-01
9.469429850578308105e-01
1.495556352892890573e-04
2.229232995887286961e-05
6.452405796153470874e-05
8.673008084297180176e-01
1.986792869865894318e-02
9.986973404884338379e-01
2.014583296841010451e-04
9.998272061347961426e-01
1.672145724296569824e-02
8.665598630905151367e-01
9.999728202819824219e-01
9.976114034652709961e-01
3.599976003170013428e-01
4.205076489597558975e-03
1.655671803746372461e-04
1.707928022369742393e-04
1.239912677556276321e-02
1.015806123614311218e-01
7.884154319763183594e-01
9.980845451354980469e-01
9.125766158103942871e-01
2.528500335756689310e-04
4.903617203235626221e-01
9.991744160652160645e-01
9.850747585296630859e-01
3.887807205319404602e-02
9.997045397758483887e-01
1.358570589218288660e-04
5.605046749114990234e-01
9.702652692794799805e-01
9.994723200798034668e-01
9.998206496238708496e-01
1.757032237946987152e-02
9.993308782577514648e-01
1.142206415534019470e-02
9.999488592147827148e-01
2.157267183065414429e-02
4.288487543817609549e-04
8.043785393238067627e-02
2.043199259787797928e-03
1.098343636840581894e-02
9.968792200088500977e-01
1.338621135801076889e-03
9.979421496391296387e-01
2.505898475646972656e-02
7.645116420462727547e-04
2.510173071641474962e-04
2.829242348670959473e-01
9.728239178657531738e-01
9.555686847306787968e-05
1.886208727955818176e-02
9.344389545731246471e-04
7.708037272095680237e-03
9.999794960021972656e-01
3.984993696212768555e-01
9.645162224769592285e-01
6.515814457088708878e-04
9.917333126068115234e-01
1.002990081906318665e-02
9.996003508567810059e-01
2.448539622128009796e-02
1.575600504875183105e-01
9.239503145217895508e-01
3.075729473493993282e-04
9.926455020904541016e-01
9.995063543319702148e-01
9.777514934539794922e-01
7.663960009813308716e-02
9.999572038650512695e-01
9.958193302154541016e-01
4.842372834682464600e-01
9.995237588882446289e-01
1.018388895317912102e-03
4.184249555692076683e-04
3.242703853175044060e-03
3.465077024884521961e-04
5.041342592448927462e-05
7.412574887275695801e-01
8.663171529769897461e-01
6.355563402175903320e-01
5.527767818421125412e-03
9.995639920234680176e-01
6.028411444276571274e-03
9.994164705276489258e-01
2.248363598482683301e-04
9.993357062339782715e-01
9.911676645278930664e-01
4.077022373676300049e-01
5.261521320790052414e-03
1.888376136776059866e-04
7.149865031242370605e-01
9.789344668388366699e-01
7.779103517532348633e-02
9.999210834503173828e-01
9.995526671409606934e-01
9.997844099998474121e-01
9.999421834945678711e-01
4.193798173218965530e-03
4.687315667979419231e-04
1.011127512902021408e-02
4.215363878756761551e-03
4.008501491625793278e-05
1.318827364593744278e-02
9.973478317260742188e-01
1.086890883743762970e-02
9.970396161079406738e-01
9.997444748878479004e-01
1.054037213325500488e-01
9.970669150352478027e-01
1.430573407560586929e-03
2.672502398490905762e-02
6.734666385455057025e-05
9.974357485771179199e-01
9.985210299491882324e-01
7.051894664764404297e-01
1.903334446251392365e-02
9.998589754104614258e-01
7.928657345473766327e-03
9.988963603973388672e-01
9.995500445365905762e-01
6.953371316194534302e-02
9.753916263580322266e-01
9.895865917205810547e-01
1.015282887965440750e-02
9.970875382423400879e-01
3.839566779788583517e-04
9.999368190765380859e-01
2.643624842166900635e-01
5.790333449840545654e-02
9.998627901077270508e-01
5.325429374352097511e-04
3.532145619392395020e-01
9.956132173538208008e-01
9.978532195091247559e-01
1.089650690555572510e-01
2.770001301541924477e-04
9.998080134391784668e-01
9.975129365921020508e-01
1.849558902904391289e-04
9.811814427375793457e-01
7.296034097671508789e-01
9.992784857749938965e-01
9.996870756149291992e-01
1.303250528872013092e-02
9.962309002876281738e-01
4.914234876632690430e-01
9.949527978897094727e-01
9.823356270790100098e-01
6.615967154502868652e-01
3.636059045675210655e-05
9.990575909614562988e-01
1.157872102339752018e-04
7.596067786216735840e-01
2.021600492298603058e-02
3.931500483304262161e-03
6.448430358432233334e-04
4.612834309227764606e-04
9.994658827781677246e-01
5.428428649902343750e-01
1.222024857997894287e-02
8.472774177789688110e-02
9.508827924728393555e-01
8.594824671745300293e-01
9.999476671218872070e-01
9.927315115928649902e-01
2.955506145954132080e-01
8.410151349380612373e-05
2.979450821876525879e-01
8.678218000568449497e-04
1.815063655376434326e-01
1.541406381875276566e-03
9.850650429725646973e-01
9.991040825843811035e-01
9.993119239807128906e-01
1.009157299995422363e-02
3.978203749284148216e-04
1.591316983103752136e-02
9.917974472045898438e-01
6.075820419937372208e-04
6.873696446418762207e-01
8.094025403261184692e-02
6.569252014160156250e-01
9.869719360722228885e-05
9.968999624252319336e-01
9.999344348907470703e-01
9.999253749847412109e-01
1.507904287427663803e-02
9.996926784515380859e-01
9.998285770416259766e-01
7.439903020858764648e-01
9.998648166656494141e-01
9.876461625099182129e-01
1.059959307312965393e-01
7.444937364198267460e-05
1.042148287524469197e-04
9.982492923736572266e-01
2.461118996143341064e-01
9.998309612274169922e-01
9.991206526756286621e-01
9.985306262969970703e-01
7.036387920379638672e-02
9.910258650779724121e-01
9.941548705101013184e-01
9.857229590415954590e-01
2.650279700756072998e-01
8.658781051635742188e-01
9.999485015869140625e-01
9.998917579650878906e-01
2.326673129573464394e-04
1.567179278936237097e-04
9.998262524604797363e-01
9.998955726623535156e-01
8.697334676980972290e-02
9.990141391754150391e-01
3.301772288978099823e-03
9.998710155487060547e-01
9.998192191123962402e-01
9.997926354408264160e-01
9.444950222969055176e-01
3.095188643783330917e-03
9.906582832336425781e-01
2.556069055572152138e-03
9.439399838447570801e-01
4.935881868004798889e-02
9.988958835601806641e-01
3.185421824455261230e-01
9.998111128807067871e-01
9.992988109588623047e-01
9.897483885288238525e-02
9.912477135658264160e-01
3.895038366317749023e-01
9.713369607925415039e-01
9.988111257553100586e-01
5.731328129768371582e-01
1.519659126643091440e-04
1.533780159661546350e-04
4.950739815831184387e-02
9.998520612716674805e-01
1.461568325757980347e-01
9.997583031654357910e-01
9.983637928962707520e-01
8.732917308807373047e-01
9.951032400131225586e-01
8.872834965586662292e-03
9.257293277187272906e-05
6.663335370831191540e-04
6.063246633857488632e-03
9.924781322479248047e-01
9.999436140060424805e-01
9.994844198226928711e-01
9.989315867424011230e-01
9.997476935386657715e-01
9.179340004920959473e-01
9.678837656974792480e-01
4.486463367938995361e-01
2.553539276123046875e-01
3.210051357746124268e-01
9.441699385643005371e-01
9.993027448654174805e-01
1.915196771733462811e-04
9.975345134735107422e-01
9.562684893608093262e-01
9.993414282798767090e-01
9.981771707534790039e-01
9.036960545927286148e-04
9.986135959625244141e-01
9.999620914459228516e-01
9.914417862892150879e-01
9.994309544563293457e-01
8.323257206939160824e-04
8.161865407600998878e-04
5.988321825861930847e-02
6.953371316194534302e-02
5.045893192291259766e-01
5.208223228692077100e-05
9.999747276306152344e-01
6.626181304454803467e-03
2.979297935962677002e-01
9.888956546783447266e-01
1.038860976696014404e-01
9.433493614196777344e-01
2.451713196933269501e-02
9.940913319587707520e-01
9.976971745491027832e-01
8.781260251998901367e-01
9.917597174644470215e-01
9.492659568786621094e-01
4.822883347515016794e-04
2.107948996126651764e-03
9.860390424728393555e-01
1.671448699198663235e-03
6.865447759628295898e-01
7.515200376510620117e-01
9.998850822448730469e-01
7.863525748252868652e-01
9.999319314956665039e-01
7.249795794486999512e-01
2.232822589576244354e-02
3.895595902577042580e-03
9.989882111549377441e-01
9.999654293060302734e-01
9.999469518661499023e-01
9.991219639778137207e-01
8.053563535213470459e-02
9.998912811279296875e-01
6.758717820048332214e-03
1.427006907761096954e-02
9.999268054962158203e-01
4.162098048254847527e-05
5.774376168847084045e-02
9.998950958251953125e-01
9.960599541664123535e-01
2.609300799667835236e-02
7.563611870864406228e-05
2.942159473896026611e-01
3.502539917826652527e-02
9.996435642242431641e-01
1.241128920810297132e-04
1.390391029417514801e-03
9.993682503700256348e-01
8.682009577751159668e-01
4.594725323840975761e-04
9.984203577041625977e-01
9.878686070442199707e-01
9.322664118371903896e-04
7.682326249778270721e-04
7.255097385495901108e-03
9.998261332511901855e-01
4.107586282771080732e-04
4.840893961954861879e-04
4.263239726424217224e-02
8.998824357986450195e-01
9.999293088912963867e-01
9.999096393585205078e-01
9.973344802856445312e-01
9.999725818634033203e-01
7.992164464667439461e-04
9.809252619743347168e-01
1.788438676157966256e-04
4.905138848698697984e-05
9.994183778762817383e-01
9.999585151672363281e-01
9.998729228973388672e-01
1.473048905609175563e-04
9.029192924499511719e-01
3.607104718685150146e-02
9.986962676048278809e-01
9.997345805168151855e-01
9.983782768249511719e-01
9.999125003814697266e-01
1.926389872096478939e-03
3.949149250984191895e-01
1.612291205674409866e-03
9.999468326568603516e-01
3.110161924269050360e-05
3.532382845878601074e-01
5.135971878189593554e-05
1.634541712701320648e-02
8.929738774895668030e-03
9.998987913131713867e-01
8.718214929103851318e-02
9.999800920486450195e-01
9.998225569725036621e-01
9.994982481002807617e-01
9.998149275779724121e-01
9.998026490211486816e-01
9.999697208404541016e-01
8.904113434255123138e-03
7.931926250457763672e-01
1.020476993289776146e-04
8.015976548194885254e-01
4.309493675827980042e-02
1.086972374469041824e-02
9.999083280563354492e-01
9.605834929971024394e-05
9.999557733535766602e-01
1.164238899946212769e-03
9.741765260696411133e-01
9.999698400497436523e-01
9.998497962951660156e-01
9.941858053207397461e-01
9.996654987335205078e-01
1.151063386350870132e-02
1.784523017704486847e-03
1.541207020636647940e-04
5.571628920733928680e-03
9.031940135173499584e-05
4.112704098224639893e-01
7.518172264099121094e-01
8.171828985214233398e-01
9.996125102043151855e-01
2.407326101092621684e-04
9.971337318420410156e-01
1.198613550513982773e-03
9.992387294769287109e-01
1.150296448031440377e-04
9.998083710670471191e-01
9.999310970306396484e-01
9.998112320899963379e-01
1.071283710189163685e-03
9.999010562896728516e-01
1.745299203321337700e-03
9.996978044509887695e-01
9.996148347854614258e-01
9.754568600328639150e-05
9.996999502182006836e-01
5.522013816516846418e-05
4.800111651420593262e-01
9.924989342689514160e-01
9.488723874092102051e-01
4.652616335079073906e-04
4.636280238628387451e-02
9.998885393142700195e-01
7.682499289512634277e-02
1.021245378069579601e-03
9.981558918952941895e-01
6.146274390630424023e-04
4.355464989203028381e-05
1.818247837945818901e-03
5.636208225041627884e-04
9.999488592147827148e-01
4.164773225784301758e-02
9.640216827392578125e-01
9.999924898147583008e-01
1.181698404252529144e-03
9.997299313545227051e-01
1.406646966934204102e-01
9.998797178268432617e-01
1.702249646186828613e-01
4.339335951954126358e-03
5.653733015060424805e-01
3.355340566486120224e-03
5.707065463066101074e-01
4.738858478958718479e-05
9.999383687973022461e-01
1.794990035705268383e-03
5.567035079002380371e-02
2.378189377486705780e-02
4.303590580821037292e-02
1.476902543799951673e-04
9.587012529373168945e-01
9.996132254600524902e-01
9.997760653495788574e-01
2.182179596275091171e-03
1.768054789863526821e-04
9.997335076332092285e-01
4.953875206410884857e-03
5.904288991587236524e-05
8.574196544941514730e-05
9.999272823333740234e-01
9.857496023178100586e-01
2.831823891028761864e-03
2.877194881439208984e-01
1.256125792860984802e-02
2.127874904545024037e-04
9.884103536605834961e-01
9.998344182968139648e-01
9.999631643295288086e-01
9.993865489959716797e-01
2.270985543727874756e-01
9.997536540031433105e-01
3.886968791484832764e-01
9.881239533424377441e-01
2.437714720144867897e-04
1.624681754037737846e-04
9.996534585952758789e-01
9.905535578727722168e-01
1.196453869342803955e-01
3.692084923386573792e-02
1.336500421166419983e-02
8.547754287719726562e-01
7.187912240624427795e-03
1.018793787807226181e-02
8.962377905845642090e-01
9.448854327201843262e-01
1.831990182399749756e-01
5.128048360347747803e-04
9.977279305458068848e-01
4.740717113018035889e-01
9.999523162841796875e-01
2.025568392127752304e-03
3.411396592855453491e-02
2.759123526629991829e-05
9.221210479736328125e-01
9.992916584014892578e-01
8.671591281890869141e-01
9.995774626731872559e-01
2.034415228990837932e-04
9.997271895408630371e-01
9.964805245399475098e-01
9.738690257072448730e-01
7.356995940208435059e-01
1.350112375803291798e-03
9.999403953552246094e-01
8.466195464134216309e-01
7.708257180638611317e-05
9.813320636749267578e-01
9.996984004974365234e-01
2.738849818706512451e-02
9.988948702812194824e-01
9.011993557214736938e-02
9.994792342185974121e-01
9.999637603759765625e-01
4.238397013978101313e-05
6.492011016234755516e-05
7.539246976375579834e-02
5.801604986190795898e-01
7.071746047586202621e-03
9.230074286460876465e-01
1.789990579709410667e-03
3.888759762048721313e-03
4.691906797233968973e-04
1.958075165748596191e-02
6.858049891889095306e-04
9.999299049377441406e-01
7.222557663917541504e-01
9.985119700431823730e-01
8.305347728310152888e-05
3.391584455966949463e-01
9.992902278900146484e-01
2.912578731775283813e-02
9.992208480834960938e-01
9.984887838363647461e-01
5.181802771403454244e-05
2.538460539653897285e-03
1.025933161145076156e-04
9.999302625656127930e-01
3.251694142818450928e-04
1.718315324978902936e-04
9.993934631347656250e-01
9.991933703422546387e-01
9.997864365577697754e-01
9.881369471549987793e-01
9.969711303710937500e-01
2.237539039924740791e-03
9.999458789825439453e-01
3.411214856896549463e-05
9.999917745590209961e-01
8.318325877189636230e-01
2.504282630980014801e-02
9.529643654823303223e-01
9.999022483825683594e-01
2.303046174347400665e-02
9.976158142089843750e-01
9.998344182968139648e-01
3.770401963265612721e-05
3.943567571695894003e-04
3.101552370935678482e-03
1.633531004190444946e-01
9.999645948410034180e-01
9.847436547279357910e-01
9.998414516448974609e-01
2.491754479706287384e-03
4.110831022262573242e-02
1.311139203608036041e-04
2.248359378427267075e-04
3.862611651420593262e-01
3.873860836029052734e-01
1.434437781572341919e-01
2.347216650377959013e-04
9.999254941940307617e-01
9.999321699142456055e-01
7.593149542808532715e-01
1.569502055644989014e-03
9.995199441909790039e-01
4.280997514724731445e-01
9.999295473098754883e-01
9.998712539672851562e-01
9.990750551223754883e-01
9.999165534973144531e-01
9.731630682945251465e-01
9.976971745491027832e-01
9.998849630355834961e-01
9.981978535652160645e-01
4.244893789291381836e-02
9.998123049736022949e-01
9.884371161460876465e-01
9.987467527389526367e-01
9.510826468467712402e-01
9.950758814811706543e-01
1.536570198368281126e-04
8.061270713806152344e-01
4.283269941806793213e-01
7.231223583221435547e-01
9.954301118850708008e-01
9.959182143211364746e-01
3.946010395884513855e-02
9.995816349983215332e-01
3.759385726880282164e-04
9.997119307518005371e-01
6.964318454265594482e-02
9.489070773124694824e-01
8.337427973747253418e-01
9.996935129165649414e-01
9.991611242294311523e-01
6.402348662959411740e-05
9.999117851257324219e-01
9.889103174209594727e-01
2.808365225791931152e-01
9.992571473121643066e-01
9.921528697013854980e-01
5.211815587244927883e-04
4.181570839136838913e-03
9.999074935913085938e-01
1.169662997126579285e-01
9.128365516662597656e-01
5.564036313444375992e-03
9.989786148071289062e-01
1.411838363856077194e-02
3.600265830755233765e-03
4.216325032757595181e-05
5.867238715291023254e-02
2.387940883636474609e-03
9.983037710189819336e-01
6.948001980781555176e-01
9.997758269309997559e-01
9.963465332984924316e-01
8.069490431807935238e-04
9.998244643211364746e-01
6.162280216813087463e-03
5.281143356114625931e-03
7.332473614951595664e-05
1.387607189826667309e-04
9.998471736907958984e-01
2.592017699498683214e-05
1.014598878100514412e-03
5.860798992216587067e-04
9.960839748382568359e-01
7.485086098313331604e-03
1.353440806269645691e-02
9.999704360961914062e-01
9.999521970748901367e-01
9.939844012260437012e-01
5.579900369048118591e-02
1.596228964626789093e-02
2.957579854410141706e-04
1.466661691665649414e-03
2.901355028152465820e-01
5.690871179103851318e-02
9.999083280563354492e-01
7.809848524630069733e-03
9.999482631683349609e-01
9.935818910598754883e-01
9.993608593940734863e-01
1.452324986457824707e-01
9.970074295997619629e-01
9.599223732948303223e-03
6.854668259620666504e-02
2.532930229790508747e-04
9.998186230659484863e-01
1.460597012192010880e-02
9.202598333358764648e-01
4.475001990795135498e-01
9.995100498199462891e-01
3.770941111724823713e-05
9.994932413101196289e-01
9.989340901374816895e-01
9.998208880424499512e-01
9.998782873153686523e-01
9.992208480834960938e-01
2.665848471224308014e-03
4.574798804242163897e-04
1.436634063720703125e-01
8.684381246566772461e-01
9.999163150787353516e-01
1.057567168027162552e-02
9.999430179595947266e-01
3.094916755799204111e-04
9.998826980590820312e-01
1.462055929005146027e-02
2.590134041383862495e-03
6.242527742870151997e-04
1.678005064604803920e-04
3.755390271544456482e-02
9.999800920486450195e-01
9.906206978484988213e-04
9.998645782470703125e-01
1.500087529420852661e-01
9.999573230743408203e-01
9.857658147811889648e-01
9.999458789825439453e-01
1.278443913906812668e-02
9.415068030357360840e-01
7.472194731235504150e-02
9.932144880294799805e-01
3.655194814200513065e-05
5.766369402408599854e-03
9.225900173187255859e-01
9.984734654426574707e-01
9.992156028747558594e-01
1.254360395250841975e-04
5.948395701125264168e-04
9.997864365577697754e-01
1.828466338338330388e-04
7.875586152076721191e-01
9.996111989021301270e-01
1.178618818521499634e-01
9.989855885505676270e-01
9.999858140945434570e-01
9.972369670867919922e-01
1.330792438238859177e-02
1.780275837518274784e-03
3.649402642622590065e-04
4.449723055586218834e-04
9.956617951393127441e-01
9.997400641441345215e-01
1.298797666095197201e-03
9.990519881248474121e-01
6.482119351858273149e-05
9.996360540390014648e-01
9.871467351913452148e-01
9.999545812606811523e-01
7.008911967277526855e-01
4.297325722291134298e-05
8.248012661933898926e-01
1.508931396529078484e-03
9.995625615119934082e-01
1.445367187261581421e-01
8.487996819894760847e-05
9.429024457931518555e-01
9.992648959159851074e-01
9.999018907546997070e-01
9.763681888580322266e-01
9.998812675476074219e-01
6.243306398391723633e-01
1.226262887939810753e-03
8.764632940292358398e-01
9.999766349792480469e-01
1.834344468079507351e-03
5.760328378528356552e-03
2.224885160103440285e-03
9.901967048645019531e-01
9.717585053294897079e-04
9.983261227607727051e-01
1.721377833746373653e-03
1.968677621334791183e-03
9.998288154602050781e-01
1.254510320723056793e-02
4.234978769090957940e-05
9.998059868812561035e-01
3.755042853299528360e-04
1.771818351699039340e-04
9.997528195381164551e-01
9.989520311355590820e-01
2.470295410603284836e-03
9.973075389862060547e-01
2.728865365497767925e-04
6.271367669105529785e-01
9.846059083938598633e-01
3.491671814117580652e-04
4.498041816987097263e-04
7.415632605552673340e-01
1.242407634854316711e-01
1.050130696967244148e-03
