7.098643779754638672e-01
4.470225870609283447e-01
5.634384751319885254e-01
4.715095162391662598e-01
7.388102412223815918e-01
6.509690284729003906e-01
5.501161813735961914e-01
3.079118132591247559e-01
6.281167864799499512e-01
4.705286920070648193e-01
7.332323789596557617e-01
4.613174796104431152e-01
4.501544833183288574e-01
5.069723725318908691e-01
6.485530734062194824e-01
4.253208339214324951e-01
5.275164842605590820e-01
4.129107892513275146e-01
4.717630743980407715e-01
6.553592681884765625e-01
5.049521923065185547e-01
4.877706170082092285e-01
5.747727155685424805e-01
4.792692661285400391e-01
4.069352746009826660e-01
5.528969168663024902e-01
2.766048312187194824e-01
7.342402338981628418e-01
7.529143095016479492e-01
4.014086127281188965e-01
6.667810082435607910e-01
5.224883556365966797e-01
3.830183744430541992e-01
5.461756587028503418e-01
3.734968006610870361e-01
6.839405298233032227e-01
4.026694893836975098e-01
4.673238992691040039e-01
1.935348212718963623e-01
4.495193362236022949e-01
3.863841891288757324e-01
7.001410126686096191e-01
6.762008666992187500e-01
5.906625986099243164e-01
5.301326513290405273e-01
3.418059349060058594e-01
4.014017879962921143e-01
5.975647568702697754e-01
5.272842049598693848e-01
5.232410430908203125e-01
6.274863481521606445e-01
7.799667716026306152e-01
6.615281105041503906e-01
5.933843255043029785e-01
5.409343838691711426e-01
6.563126444816589355e-01
6.696964502334594727e-01
7.179315090179443359e-01
4.496006667613983154e-01
4.591763317584991455e-01
5.006998181343078613e-01
6.175748705863952637e-01
7.017481923103332520e-01
4.564875960350036621e-01
6.425042152404785156e-01
4.766936004161834717e-01
6.623230576515197754e-01
4.298416078090667725e-01
2.358385175466537476e-01
6.307101249694824219e-01
6.104511022567749023e-01
6.331030726432800293e-01
6.908527016639709473e-01
5.618975758552551270e-01
6.440726518630981445e-01
6.500366330146789551e-01
5.646725296974182129e-01
5.742551088333129883e-01
5.665936470031738281e-01
6.993259787559509277e-01
3.913532197475433350e-01
7.214083075523376465e-01
4.608528316020965576e-01
6.586157083511352539e-01
6.579089760780334473e-01
7.217066287994384766e-01
3.055849969387054443e-01
1.585835665464401245e-01
5.853124856948852539e-01
2.111761122941970825e-01
4.169362783432006836e-01
5.741651654243469238e-01
4.601518213748931885e-01
1.364807486534118652e-01
5.346171259880065918e-01
5.584141612052917480e-01
2.854004800319671631e-01
6.018286943435668945e-01
5.750137567520141602e-01
4.154596030712127686e-01
5.622569322586059570e-01
5.872408151626586914e-01
5.998480319976806641e-01
6.006401181221008301e-01
2.343523353338241577e-01
5.641769170761108398e-01
5.004702210426330566e-01
2.109921723604202271e-01
4.624129235744476318e-01
5.394906997680664062e-01
7.057374119758605957e-01
4.836100041866302490e-01
2.997985184192657471e-01
4.741428792476654053e-01
5.412124395370483398e-01
4.949680566787719727e-01
6.817552447319030762e-01
5.415765047073364258e-01
6.378306746482849121e-01
3.170415461063385010e-01
3.634921610355377197e-01
6.888940334320068359e-01
5.226567983627319336e-01
4.417782425880432129e-01
7.915174365043640137e-01
6.701260805130004883e-01
6.006135344505310059e-01
5.808467864990234375e-01
5.217467546463012695e-01
6.275151968002319336e-01
5.272330045700073242e-01
3.847448527812957764e-01
7.369282841682434082e-01
6.952459216117858887e-01
3.414193391799926758e-01
4.921588897705078125e-01
3.800711929798126221e-01
6.125983595848083496e-01
5.185773372650146484e-01
5.731410384178161621e-01
5.142320990562438965e-01
6.121823191642761230e-01
4.675546884536743164e-01
6.692171096801757812e-01
7.351850271224975586e-01
3.287141025066375732e-01
6.529512405395507812e-01
4.475378692150115967e-01
5.855115056037902832e-01
7.130250334739685059e-01
6.111511588096618652e-01
3.143061101436614990e-01
2.831956148147583008e-01
3.550209999084472656e-01
6.488044261932373047e-01
4.947937130928039551e-01
4.090045392513275146e-01
3.935384154319763184e-01
5.855935811996459961e-01
6.207768321037292480e-01
6.617219448089599609e-01
6.091238856315612793e-01
5.845750570297241211e-01
4.920635521411895752e-01
7.282546758651733398e-01
4.950231015682220459e-01
4.670495688915252686e-01
5.594620108604431152e-01
4.801009595394134521e-01
5.218061804771423340e-01
5.168288946151733398e-01
4.392471313476562500e-01
6.061148047447204590e-01
3.621006608009338379e-01
4.783949255943298340e-01
6.650776267051696777e-01
6.320567727088928223e-01
6.355295777320861816e-01
2.910381853580474854e-01
4.216278493404388428e-01
4.609023034572601318e-01
6.553062200546264648e-01
5.987204909324645996e-01
3.661386370658874512e-01
4.185577929019927979e-01
5.200687050819396973e-01
5.278978347778320312e-01
7.361087203025817871e-01
7.873083949089050293e-01
5.182811617851257324e-01
6.066613197326660156e-01
6.154535412788391113e-01
5.483464598655700684e-01
5.008232593536376953e-01
5.838848948478698730e-01
4.724538922309875488e-01
7.619203329086303711e-01
5.299920439720153809e-01
6.623075604438781738e-01
6.712180972099304199e-01
4.686951935291290283e-01
4.203851819038391113e-01
3.860192596912384033e-01
5.124561786651611328e-01
4.994950592517852783e-01
5.411277413368225098e-01
4.952765703201293945e-01
5.165762901306152344e-01
3.745697140693664551e-01
5.341660976409912109e-01
5.377474427223205566e-01
4.206680953502655029e-01
5.843449234962463379e-01
4.324315786361694336e-01
6.279827356338500977e-01
5.299844145774841309e-01
5.322349071502685547e-01
6.940504312515258789e-01
3.907924294471740723e-01
6.324580907821655273e-01
1.668483465909957886e-01
4.151459336280822754e-01
6.998004913330078125e-01
7.401398420333862305e-01
6.009287834167480469e-01
5.475835800170898438e-01
1.595699042081832886e-01
3.235715627670288086e-01
2.644193768501281738e-01
5.966765880584716797e-01
5.705815553665161133e-01
5.517646670341491699e-01
2.624622881412506104e-01
6.135812401771545410e-01
4.685634076595306396e-01
6.284267902374267578e-01
6.633458733558654785e-01
2.534387707710266113e-01
5.317516922950744629e-01
5.608648657798767090e-01
7.512938976287841797e-01
2.051105052232742310e-01
6.263315081596374512e-01
2.385878860950469971e-01
4.424703717231750488e-01
5.709515213966369629e-01
3.997226357460021973e-01
5.223988890647888184e-01
1.425303369760513306e-01
7.192688584327697754e-01
5.935655832290649414e-01
3.999384641647338867e-01
6.551564931869506836e-01
6.456226110458374023e-01
3.516768813133239746e-01
6.177730560302734375e-01
6.035450100898742676e-01
6.279119849205017090e-01
1.340089589357376099e-01
5.706526637077331543e-01
3.332233130931854248e-01
5.048660039901733398e-01
6.017991900444030762e-01
5.942615270614624023e-01
5.997742414474487305e-01
5.300275087356567383e-01
4.986310005187988281e-01
7.228338718414306641e-01
6.953230500221252441e-01
4.010805487632751465e-01
4.795102477073669434e-01
6.279128789901733398e-01
7.108364701271057129e-01
4.684650599956512451e-01
6.179438829421997070e-01
6.226197481155395508e-01
6.336233615875244141e-01
4.302758574485778809e-01
4.830741584300994873e-01
6.714906692504882812e-01
7.568240761756896973e-01
4.395091235637664795e-01
3.509876132011413574e-01
4.792715907096862793e-01
6.846207380294799805e-01
6.466915011405944824e-01
5.717752575874328613e-01
5.109316706657409668e-01
4.892176985740661621e-01
5.432990789413452148e-01
5.487840175628662109e-01
2.955633401870727539e-01
6.541788578033447266e-01
4.279908537864685059e-01
5.968750715255737305e-01
5.378904342651367188e-01
4.303424954414367676e-01
5.589627623558044434e-01
2.241096198558807373e-01
5.486972928047180176e-01
6.671115756034851074e-01
6.458151340484619141e-01
3.377692103385925293e-01
5.924569368362426758e-01
4.003936052322387695e-01
6.253744363784790039e-01
5.737887024879455566e-01
7.126114964485168457e-01
4.322613775730133057e-01
4.722064733505249023e-01
3.109360337257385254e-01
4.135857820510864258e-01
3.355332612991333008e-01
4.393730163574218750e-01
4.657847285270690918e-01
5.910086035728454590e-01
4.661726951599121094e-01
5.649536252021789551e-01
5.861502289772033691e-01
3.628804087638854980e-01
2.987411618232727051e-01
7.286878824234008789e-01
3.462377786636352539e-01
2.479172348976135254e-01
4.735575616359710693e-01
3.404716253280639648e-01
4.770310521125793457e-01
4.715014100074768066e-01
6.341603994369506836e-01
7.486537694931030273e-01
4.575129449367523193e-01
5.486654043197631836e-01
7.087002396583557129e-01
5.013090968132019043e-01
5.267752408981323242e-01
2.756263315677642822e-01
5.045647621154785156e-01
6.497852206230163574e-01
3.888039290904998779e-01
5.560493469238281250e-01
5.598490238189697266e-01
5.866285562515258789e-01
4.825515151023864746e-01
4.157423079013824463e-01
3.570132553577423096e-01
5.543848872184753418e-01
4.611189067363739014e-01
6.207466125488281250e-01
6.959796547889709473e-01
7.174526453018188477e-01
4.817968904972076416e-01
3.915120065212249756e-01
4.596982300281524658e-01
5.223948955535888672e-01
1.278135180473327637e-01
6.189037561416625977e-01
3.824387788772583008e-01
4.672372341156005859e-01
1.965368688106536865e-01
6.704240441322326660e-01
7.119522094726562500e-01
4.703418910503387451e-01
5.822659730911254883e-01
3.453373014926910400e-01
5.028438568115234375e-01
6.759433746337890625e-01
6.775030493736267090e-01
5.385676026344299316e-01
6.131801009178161621e-01
5.742570757865905762e-01
5.786265134811401367e-01
6.629273295402526855e-01
6.952773332595825195e-01
4.741305708885192871e-01
5.236785411834716797e-01
1.887235939502716064e-01
6.579624414443969727e-01
6.214007139205932617e-01
6.925148367881774902e-01
3.552734851837158203e-01
6.244690418243408203e-01
7.036135792732238770e-01
6.531168222427368164e-01
5.652159452438354492e-01
2.902775704860687256e-01
7.102185487747192383e-01
3.143128752708435059e-01
5.332126021385192871e-01
8.119031786918640137e-01
6.414451599121093750e-01
7.030302286148071289e-01
4.471473693847656250e-01
2.801494002342224121e-01
5.492049455642700195e-01
5.971662402153015137e-01
6.540718078613281250e-01
5.669307708740234375e-01
5.432605147361755371e-01
4.825718402862548828e-01
6.539677381515502930e-01
5.506348609924316406e-01
4.538407921791076660e-01
4.165951907634735107e-01
5.614300966262817383e-01
6.078019738197326660e-01
6.977558732032775879e-01
5.674023628234863281e-01
3.807664513587951660e-01
6.582115292549133301e-01
5.728832483291625977e-01
7.018626332283020020e-01
5.217900872230529785e-01
6.369653344154357910e-01
2.528540194034576416e-01
5.719170570373535156e-01
6.974767446517944336e-01
5.295867323875427246e-01
5.818832516670227051e-01
5.055558085441589355e-01
6.566604971885681152e-01
2.300984710454940796e-01
5.781274437904357910e-01
2.494615614414215088e-01
6.444978117942810059e-01
4.547636806964874268e-01
2.882559001445770264e-01
4.325135052204132080e-01
4.200041294097900391e-01
5.879483819007873535e-01
5.376606583595275879e-01
3.884274363517761230e-01
6.190246343612670898e-01
5.976989269256591797e-01
4.744135141372680664e-01
4.073162376880645752e-01
3.766839206218719482e-01
5.539661645889282227e-01
5.440250039100646973e-01
5.433647632598876953e-01
6.154111027717590332e-01
6.341944336891174316e-01
3.486990332603454590e-01
2.910381853580474854e-01
6.660447120666503906e-01
7.008810043334960938e-01
5.797585248947143555e-01
6.837879419326782227e-01
4.648548960685729980e-01
6.391697525978088379e-01
5.893502235412597656e-01
4.410077035427093506e-01
5.120950937271118164e-01
3.457849323749542236e-01
6.496028900146484375e-01
4.450571537017822266e-01
6.384879350662231445e-01
5.565162897109985352e-01
6.801275610923767090e-01
5.972812175750732422e-01
2.336103916168212891e-01
5.756372809410095215e-01
4.041661322116851807e-01
7.370378971099853516e-01
7.083447575569152832e-01
4.988771975040435791e-01
5.702352523803710938e-01
4.833896160125732422e-01
6.483710408210754395e-01
7.045383453369140625e-01
3.142852485179901123e-01
6.496217846870422363e-01
4.636953473091125488e-01
5.782957673072814941e-01
4.165342748165130615e-01
5.331217646598815918e-01
5.710294842720031738e-01
5.350642800331115723e-01
5.441040396690368652e-01
6.201468706130981445e-01
5.244424343109130859e-01
4.302644729614257812e-01
4.607590138912200928e-01
5.703510642051696777e-01
5.535914301872253418e-01
5.009608268737792969e-01
6.324657201766967773e-01
3.767497837543487549e-01
7.934415936470031738e-01
5.637747645378112793e-01
4.992336928844451904e-01
4.419386088848114014e-01
6.453105807304382324e-01
4.178394377231597900e-01
6.146900057792663574e-01
4.861290454864501953e-01
5.208756327629089355e-01
5.558128952980041504e-01
5.865131020545959473e-01
2.286482900381088257e-01
3.755027353763580322e-01
4.988936185836791992e-01
6.792851686477661133e-01
7.555061578750610352e-01
3.536006510257720947e-01
6.727244257926940918e-01
3.715726733207702637e-01
7.793370485305786133e-01
6.380426287651062012e-01
5.822963714599609375e-01
6.060600280761718750e-01
4.003978967666625977e-01
5.749444365501403809e-01
5.194537639617919922e-01
7.393474578857421875e-01
5.744917392730712891e-01
4.604406952857971191e-01
5.207110047340393066e-01
2.384484261274337769e-01
4.793769717216491699e-01
6.368342638015747070e-01
7.035887241363525391e-01
4.898417294025421143e-01
6.898350119590759277e-01
6.689100265502929688e-01
3.072777986526489258e-01
4.716877341270446777e-01
6.858417987823486328e-01
2.776996493339538574e-01
4.085856676101684570e-01
6.793788075447082520e-01
5.194397568702697754e-01
3.990526199340820312e-01
6.916144490242004395e-01
4.697035253047943115e-01
5.812673568725585938e-01
3.906532526016235352e-01
4.139858186244964600e-01
7.705497145652770996e-01
6.713132262229919434e-01
2.813605070114135742e-01
4.857331812381744385e-01
4.724076986312866211e-01
4.288547337055206299e-01
7.295707464218139648e-01
5.834761857986450195e-01
2.721042335033416748e-01
2.637878954410552979e-01
5.118088126182556152e-01
4.147073924541473389e-01
5.221092104911804199e-01
7.501460909843444824e-01
6.341283917427062988e-01
5.254731774330139160e-01
6.919202208518981934e-01
1.949474364519119263e-01
4.511631429195404053e-01
4.238656461238861084e-01
6.537632942199707031e-01
5.325409173965454102e-01
6.834563612937927246e-01
6.736944913864135742e-01
4.740272462368011475e-01
7.275221347808837891e-01
6.899439692497253418e-01
6.740281581878662109e-01
4.180446565151214600e-01
6.529288291931152344e-01
2.760160863399505615e-01
3.821845054626464844e-01
4.572457075119018555e-01
4.403802454471588135e-01
4.443920850753784180e-01
7.081298828125000000e-01
4.704952836036682129e-01
3.171265721321105957e-01
3.671697974205017090e-01
2.936359345912933350e-01
7.135736942291259766e-01
4.744671583175659180e-01
4.759182333946228027e-01
1.158145591616630554e-01
4.998127818107604980e-01
4.169153273105621338e-01
6.785067915916442871e-01
1.317443847656250000e-01
6.018099188804626465e-01
5.360146164894104004e-01
4.346088469028472900e-01
5.941555500030517578e-01
3.117350339889526367e-01
3.627051711082458496e-01
5.226536393165588379e-01
7.404860258102416992e-01
7.312240004539489746e-01
6.088801026344299316e-01
2.784457504749298096e-01
5.381875634193420410e-01
6.892795562744140625e-01
5.779914855957031250e-01
6.683068275451660156e-01
4.510769248008728027e-01
5.774648189544677734e-01
3.352402150630950928e-01
3.079971671104431152e-01
5.954395532608032227e-01
1.659707725048065186e-01
5.582096576690673828e-01
4.011734426021575928e-01
6.616730093955993652e-01
7.780275344848632812e-01
6.310594677925109863e-01
6.492831110954284668e-01
6.532418727874755859e-01
5.230568051338195801e-01
5.947563052177429199e-01
5.105229020118713379e-01
3.461022675037384033e-01
5.720704197883605957e-01
7.186701893806457520e-01
6.858233213424682617e-01
4.703883230686187744e-01
6.974920034408569336e-01
2.152998894453048706e-01
6.504365205764770508e-01
4.541789889335632324e-01
4.181370139122009277e-01
4.829289913177490234e-01
4.475019276142120361e-01
2.816160917282104492e-01
4.842139780521392822e-01
4.948906302452087402e-01
6.465247273445129395e-01
5.882409811019897461e-01
7.159919738769531250e-01
6.366791129112243652e-01
6.605212688446044922e-01
2.030989676713943481e-01
6.581877470016479492e-01
5.661628246307373047e-01
5.907603502273559570e-01
6.747388839721679688e-01
6.097792983055114746e-01
4.844511449337005615e-01
5.116271972656250000e-01
5.763861536979675293e-01
3.874252736568450928e-01
5.119718909263610840e-01
5.984350442886352539e-01
5.710515379905700684e-01
5.621919035911560059e-01
4.935157001018524170e-01
6.142877340316772461e-01
5.556765198707580566e-01
3.973309397697448730e-01
6.317747235298156738e-01
7.814968228340148926e-01
4.713117480278015137e-01
6.914790868759155273e-01
6.947721838951110840e-01
6.598009467124938965e-01
7.024921774864196777e-01
6.996445059776306152e-01
6.208845973014831543e-01
5.979273319244384766e-01
5.699555873870849609e-01
6.351711750030517578e-01
5.295461416244506836e-01
2.184025943279266357e-01
5.071404576301574707e-01
7.628421783447265625e-01
1.338925361633300781e-01
6.185850501060485840e-01
5.246383547782897949e-01
7.482829689979553223e-01
6.603260636329650879e-01
6.849799156188964844e-01
6.995172500610351562e-01
4.732808172702789307e-01
7.313702702522277832e-01
7.217847108840942383e-01
5.242933034896850586e-01
4.056806266307830811e-01
3.548584580421447754e-01
7.398808598518371582e-01
4.910881817340850830e-01
3.553792238235473633e-01
6.440726518630981445e-01
5.683743953704833984e-01
5.208756327629089355e-01
3.993110358715057373e-01
4.951496720314025879e-01
5.035911202430725098e-01
5.522190928459167480e-01
5.022438168525695801e-01
5.814173221588134766e-01
4.707270264625549316e-01
4.730535149574279785e-01
2.947088778018951416e-01
6.235052347183227539e-01
4.106469750404357910e-01
4.002076685428619385e-01
6.189308166503906250e-01
5.544883608818054199e-01
5.693410038948059082e-01
4.814244806766510010e-01
5.940911769866943359e-01
5.442683100700378418e-01
5.099017620086669922e-01
7.454747557640075684e-01
4.466948807239532471e-01
4.845951795578002930e-01
1.815082728862762451e-01
6.882411241531372070e-01
5.781992077827453613e-01
6.631412506103515625e-01
6.560995578765869141e-01
3.562854230403900146e-01
5.270984768867492676e-01
4.527400135993957520e-01
4.566861093044281006e-01
4.656183421611785889e-01
6.186010837554931641e-01
6.426384449005126953e-01
7.081697583198547363e-01
6.291271448135375977e-01
6.269182562828063965e-01
5.802242159843444824e-01
1.847649961709976196e-01
6.836685538291931152e-01
5.617095232009887695e-01
6.273786425590515137e-01
4.837188720703125000e-01
5.986224412918090820e-01
8.225606083869934082e-01
6.026837825775146484e-01
4.302210211753845215e-01
2.316716462373733521e-01
1.986106336116790771e-01
5.995151400566101074e-01
6.219946146011352539e-01
6.128304004669189453e-01
5.580230951309204102e-01
3.781349658966064453e-01
6.230446100234985352e-01
4.842681884765625000e-01
4.143685698509216309e-01
3.064579963684082031e-01
4.895916283130645752e-01
4.611487686634063721e-01
7.288976907730102539e-01
6.246595382690429688e-01
6.333605051040649414e-01
5.523985028266906738e-01
3.735564649105072021e-01
5.149607062339782715e-01
3.414193391799926758e-01
3.267980515956878662e-01
6.247588992118835449e-01
4.826548695564270020e-01
4.782094657421112061e-01
5.774567723274230957e-01
6.118714809417724609e-01
5.985400080680847168e-01
2.341523170471191406e-01
6.578739881515502930e-01
6.850855946540832520e-01
6.458548307418823242e-01
6.102754473686218262e-01
5.451589226722717285e-01
5.269879698753356934e-01
8.036859631538391113e-01
5.074385404586791992e-01
6.765583157539367676e-01
2.676784396171569824e-01
5.096725821495056152e-01
3.653916418552398682e-01
6.052405238151550293e-01
1.789041310548782349e-01
3.971505761146545410e-01
4.815059602260589600e-01
3.644877374172210693e-01
4.992397725582122803e-01
3.205944299697875977e-01
5.993221998214721680e-01
5.752466320991516113e-01
4.260889887809753418e-01
5.474803447723388672e-01
2.306111007928848267e-01
6.303553581237792969e-01
7.061041593551635742e-01
6.758627891540527344e-01
1.964987665414810181e-01
5.079542398452758789e-01
6.737165451049804688e-01
5.297143459320068359e-01
5.833637118339538574e-01
7.160884737968444824e-01
5.669984221458435059e-01
5.112073421478271484e-01
8.445196747779846191e-01
4.221601784229278564e-01
6.373527050018310547e-01
5.597726106643676758e-01
4.214383065700531006e-01
5.744304060935974121e-01
7.062176465988159180e-01
2.413480579853057861e-01
5.237253308296203613e-01
5.658648014068603516e-01
5.365609526634216309e-01
6.000915765762329102e-01
7.266470193862915039e-01
6.257180571556091309e-01
4.808499515056610107e-01
6.068744063377380371e-01
6.168339848518371582e-01
6.437160968780517578e-01
5.786265134811401367e-01
5.714225769042968750e-01
2.953184247016906738e-01
5.468687415122985840e-01
4.166848659515380859e-01
2.446133345365524292e-01
6.579496264457702637e-01
5.582021474838256836e-01
5.484235286712646484e-01
5.618156790733337402e-01
6.498901844024658203e-01
4.907984435558319092e-01
3.901509642601013184e-01
6.800686120986938477e-01
4.377013742923736572e-01
7.552614212036132812e-01
2.584291994571685791e-01
6.675912141799926758e-01
5.739899873733520508e-01
5.751052498817443848e-01
5.611133575439453125e-01
7.888104319572448730e-01
5.191983580589294434e-01
7.423079013824462891e-01
6.621703505516052246e-01
5.281633138656616211e-01
6.612538099288940430e-01
5.018990039825439453e-01
4.530894160270690918e-01
5.260219573974609375e-01
5.878455638885498047e-01
4.038358032703399658e-01
4.412463307380676270e-01
6.525830626487731934e-01
3.521018922328948975e-01
1.590697765350341797e-01
1.552425622940063477e-01
4.577464163303375244e-01
4.550662636756896973e-01
4.357182383537292480e-01
6.655727624893188477e-01
5.346267223358154297e-01
7.646189928054809570e-01
5.499858260154724121e-01
7.508444190025329590e-01
8.054541349411010742e-01
5.949925780296325684e-01
7.364128232002258301e-01
5.004649162292480469e-01
7.139876484870910645e-01
4.923873245716094971e-01
6.072000265121459961e-01
4.494543671607971191e-01
5.333064198493957520e-01
2.048584222793579102e-01
3.485388159751892090e-01
3.709896802902221680e-01
6.753440499305725098e-01
6.582553386688232422e-01
4.455832839012145996e-01
5.706039071083068848e-01
5.297009348869323730e-01
4.474790990352630615e-01
2.520725727081298828e-01
6.493480205535888672e-01
5.192483067512512207e-01
6.072163581848144531e-01
3.880921304225921631e-01
5.703532099723815918e-01
3.475128412246704102e-01
8.164190053939819336e-01
3.073483705520629883e-01
4.823286533355712891e-01
7.231547832489013672e-01
4.729877412319183350e-01
7.287371754646301270e-01
2.874974012374877930e-01
4.159245789051055908e-01
3.824501335620880127e-01
4.471874237060546875e-01
6.915930509567260742e-01
5.059075355529785156e-01
6.380277872085571289e-01
5.013122558593750000e-01
4.547611474990844727e-01
4.764807820320129395e-01
6.375014185905456543e-01
4.221601784229278564e-01
6.077658534049987793e-01
4.906986951828002930e-01
6.192983388900756836e-01
7.466226220130920410e-01
9.279769659042358398e-02
4.827779233455657959e-01
7.926399111747741699e-01
4.647531211376190186e-01
4.570605754852294922e-01
2.338406890630722046e-01
4.979298263788223267e-02
6.953563690185546875e-01
4.623905420303344727e-01
5.249863266944885254e-01
4.260137677192687988e-01
6.890965104103088379e-01
6.333965063095092773e-01
4.073013067245483398e-01
3.302117288112640381e-01
6.045197248458862305e-01
4.745471477508544922e-01
6.399081349372863770e-01
6.339721679687500000e-01
4.583080708980560303e-01
6.058113574981689453e-01
5.916031002998352051e-01
3.758594095706939697e-01
5.340414047241210938e-01
4.440429806709289551e-01
3.667950630187988281e-01
6.159746646881103516e-01
5.738976597785949707e-01
6.674267053604125977e-01
5.822881460189819336e-01
7.107264995574951172e-01
5.674873590469360352e-01
4.571083784103393555e-01
4.875709712505340576e-01
6.599492430686950684e-01
4.861741364002227783e-01
4.964901506900787354e-01
4.557017087936401367e-01
7.152915000915527344e-01
2.878799736499786377e-01
6.419066190719604492e-01
3.813316226005554199e-01
2.746915817260742188e-01
6.164567470550537109e-01
4.183087348937988281e-01
4.644956290721893311e-01
5.953311920166015625e-01
6.640331149101257324e-01
6.899495124816894531e-01
5.483705997467041016e-01
7.382838726043701172e-01
5.810471177101135254e-01
6.414881944656372070e-01
6.186982393264770508e-01
6.238778233528137207e-01
4.443354010581970215e-01
7.334195375442504883e-01
7.963442206382751465e-01
5.996357798576354980e-01
6.546473503112792969e-01
5.223799347877502441e-01
2.439890503883361816e-01
6.857988834381103516e-01
5.976219177246093750e-01
5.193967819213867188e-01
6.513603329658508301e-01
5.248235464096069336e-01
2.054364085197448730e-01
5.889198780059814453e-01
6.139641404151916504e-01
2.886934876441955566e-01
5.604035854339599609e-01
3.513669371604919434e-01
7.490540742874145508e-01
6.274024248123168945e-01
5.908308625221252441e-01
3.672054708003997803e-01
5.443713068962097168e-01
2.747323513031005859e-01
6.820088624954223633e-01
6.242536306381225586e-01
4.990574717521667480e-01
5.584073066711425781e-01
5.856927633285522461e-01
3.827603757381439209e-01
5.548928380012512207e-01
7.349219918251037598e-01
6.161074042320251465e-01
3.942433595657348633e-01
3.270555138587951660e-01
6.272317171096801758e-01
1.465267986059188843e-01
4.313539862632751465e-01
4.978981614112854004e-01
2.626372873783111572e-01
6.273908019065856934e-01
2.734760046005249023e-01
4.123505949974060059e-01
5.253536105155944824e-01
5.726618170738220215e-01
5.823260545730590820e-01
2.621405124664306641e-01
5.253145098686218262e-01
1.053571477532386780e-01
5.432012677192687988e-01
5.862392783164978027e-01
6.237581968307495117e-01
5.088857412338256836e-01
5.499188899993896484e-01
6.074416637420654297e-01
5.935119390487670898e-01
6.061046123504638672e-01
5.686392188072204590e-01
4.034243822097778320e-01
4.134013950824737549e-01
6.928328871726989746e-01
5.318437218666076660e-01
4.436786770820617676e-01
6.520152688026428223e-01
6.182587742805480957e-01
3.849279880523681641e-01
5.675172209739685059e-01
5.123602151870727539e-01
5.660332441329956055e-01
3.965321779251098633e-01
4.920751750469207764e-01
6.593433618545532227e-01
4.777160584926605225e-01
6.401570439338684082e-01
4.929159283638000488e-01
6.950802803039550781e-01
6.897957921028137207e-01
3.203710913658142090e-01
5.462443828582763672e-01
3.584300875663757324e-01
7.377249002456665039e-01
7.433698773384094238e-01
6.913903355598449707e-01
5.024881362915039062e-01
5.158640742301940918e-01
2.164257019758224487e-01
4.173767268657684326e-01
3.671072721481323242e-01
6.627130508422851562e-01
5.509291887283325195e-01
5.598798394203186035e-01
5.414022207260131836e-01
6.395216584205627441e-01
3.793243467807769775e-01
4.404422342777252197e-01
6.569219231605529785e-01
2.175512462854385376e-01
4.055908322334289551e-01
7.155533432960510254e-01
5.534017086029052734e-01
3.223966658115386963e-01
4.756613671779632568e-01
6.829498410224914551e-01
7.042097449302673340e-01
4.614916741847991943e-01
5.613231658935546875e-01
7.283650040626525879e-01
5.046110749244689941e-01
4.500176906585693359e-01
6.338963508605957031e-01
6.054337620735168457e-01
5.367275476455688477e-01
3.689237833023071289e-01
4.036293625831604004e-01
5.765784978866577148e-01
6.809401512145996094e-01
7.109699845314025879e-01
5.182255506515502930e-01
2.530504763126373291e-01
6.284418702125549316e-01
5.573836565017700195e-01
6.868171095848083496e-01
6.117919683456420898e-01
6.638011932373046875e-01
4.886014163494110107e-01
2.039641886949539185e-01
2.791650295257568359e-01
5.750145316123962402e-01
2.514302134513854980e-01
5.787531733512878418e-01
7.108415961265563965e-01
3.948135077953338623e-01
4.660885632038116455e-01
6.256266236305236816e-01
6.026870012283325195e-01
4.005345404148101807e-01
6.077933311462402344e-01
4.783306419849395752e-01
4.650518000125885010e-01
1.492715477943420410e-01
6.070768237113952637e-01
6.541852951049804688e-01
3.856393694877624512e-01
8.189753293991088867e-01
5.940087437629699707e-01
2.707799971103668213e-01
5.987486839294433594e-01
4.693302512168884277e-01
5.267998576164245605e-01
3.710052371025085449e-01
2.614386975765228271e-01
6.438750624656677246e-01
5.898749828338623047e-01
6.265058517456054688e-01
6.169189810752868652e-01
6.892983913421630859e-01
4.260118603706359863e-01
7.462299466133117676e-01
4.917119741439819336e-01
4.947815835475921631e-01
5.790959596633911133e-01
2.764057815074920654e-01
7.471287846565246582e-01
5.364393591880798340e-01
4.375908672809600830e-01
6.385437250137329102e-01
6.864460706710815430e-01
6.533570289611816406e-01
5.245249271392822266e-01
6.310953497886657715e-01
5.790340900421142578e-01
4.946322143077850342e-01
2.134844362735748291e-01
4.236940443515777588e-01
4.581684470176696777e-01
2.061452120542526245e-01
5.701997280120849609e-01
5.727845430374145508e-01
5.322929024696350098e-01
5.983794927597045898e-01
5.641384124755859375e-01
4.838501513004302979e-01
5.566256642341613770e-01
7.647074460983276367e-01
5.269922018051147461e-01
5.113431215286254883e-01
5.832104682922363281e-01
1.897798627614974976e-01
4.842711091041564941e-01
6.627491116523742676e-01
4.879623055458068848e-01
7.728759646415710449e-01
5.694034099578857422e-01
5.007593035697937012e-01
5.111989378929138184e-01
5.895567536354064941e-01
3.414664864540100098e-01
3.208831846714019775e-01
6.025358438491821289e-01
6.190219521522521973e-01
2.339483946561813354e-01
6.053084731101989746e-01
3.043151497840881348e-01
4.931555688381195068e-01
3.548636436462402344e-01
6.393596529960632324e-01
6.197175383567810059e-01
7.192317843437194824e-01
6.282151937484741211e-01
5.944045782089233398e-01
5.351592302322387695e-01
4.533039033412933350e-01
5.709781646728515625e-01
4.123589098453521729e-01
5.035444498062133789e-01
4.679895043373107910e-01
7.209501266479492188e-01
4.633761644363403320e-01
6.118886470794677734e-01
2.761943638324737549e-01
5.763220191001892090e-01
6.352410316467285156e-01
7.728617191314697266e-01
6.780169606208801270e-01
6.044886708259582520e-01
7.279840707778930664e-01
2.477243989706039429e-01
6.452749371528625488e-01
4.296346604824066162e-01
6.092076897621154785e-01
6.607868075370788574e-01
7.990661263465881348e-01
5.359444022178649902e-01
5.166258215904235840e-01
4.395406544208526611e-01
5.613700151443481445e-01
5.886176228523254395e-01
3.520348668098449707e-01
5.249361395835876465e-01
3.739108741283416748e-01
6.472134590148925781e-01
6.805648803710937500e-01
4.231043457984924316e-01
7.002027630805969238e-01
5.648020505905151367e-01
7.046124935150146484e-01
5.042886734008789062e-01
5.657342672348022461e-01
5.433475375175476074e-01
5.181655883789062500e-01
5.142511129379272461e-01
5.887365341186523438e-01
6.073307394981384277e-01
1.949973106384277344e-01
7.414487004280090332e-01
5.756278038024902344e-01
6.570307612419128418e-01
4.050453901290893555e-01
4.792194366455078125e-01
6.300634741783142090e-01
5.351894497871398926e-01
6.531035304069519043e-01
2.574707865715026855e-01
7.262884378433227539e-01
7.277104854583740234e-01
4.965032339096069336e-01
6.614199876785278320e-01
6.161546707153320312e-01
4.636912643909454346e-01
6.040524244308471680e-01
6.007613539695739746e-01
2.962843477725982666e-01
4.327962696552276611e-01
4.663103520870208740e-01
6.883311867713928223e-01
6.908434033393859863e-01
6.631811261177062988e-01
4.919905364513397217e-01
4.072255194187164307e-01
5.306945443153381348e-01
6.784738898277282715e-01
7.004635930061340332e-01
3.976861834526062012e-01
3.696112930774688721e-01
6.318732500076293945e-01
6.218904256820678711e-01
4.103354811668395996e-01
6.212109923362731934e-01
3.053754568099975586e-01
5.284663438796997070e-01
5.933791995048522949e-01
5.237357020378112793e-01
5.032970905303955078e-01
3.772501945495605469e-01
2.116848379373550415e-01
6.825280189514160156e-01
5.645464062690734863e-01
5.504945516586303711e-01
5.486906766891479492e-01
7.858832478523254395e-01
4.899172484874725342e-01
2.003170251846313477e-01
5.174301862716674805e-01
5.191239714622497559e-01
6.979921460151672363e-01
7.512509822845458984e-01
6.932094097137451172e-01
6.034693717956542969e-01
4.593780934810638428e-01
5.537768006324768066e-01
5.991904139518737793e-01
6.168021559715270996e-01
4.650088846683502197e-01
5.808577537536621094e-01
5.764881372451782227e-01
6.395305991172790527e-01
4.895699024200439453e-01
5.276438593864440918e-01
5.125876069068908691e-01
4.847310483455657959e-01
5.340468287467956543e-01
5.110357403755187988e-01
5.466287732124328613e-01
5.419659018516540527e-01
5.477670431137084961e-01
4.690250754356384277e-01
4.287532567977905273e-01
6.183366775512695312e-01
6.034601330757141113e-01
7.708182334899902344e-01
1.930435001850128174e-01
4.595477581024169922e-01
5.555151104927062988e-01
3.459233343601226807e-01
7.197641730308532715e-01
5.335956215858459473e-01
5.969296097755432129e-01
5.047982931137084961e-01
3.206192255020141602e-01
3.603163957595825195e-01
1.769770085811614990e-01
4.835702478885650635e-01
7.555841803550720215e-01
3.157460689544677734e-01
7.543505430221557617e-01
6.682796478271484375e-01
3.888549804687500000e-01
2.043442577123641968e-01
6.439777016639709473e-01
7.872119545936584473e-01
4.479687511920928955e-01
5.513286590576171875e-01
6.533356904983520508e-01
5.641253590583801270e-01
5.332537293434143066e-01
4.746072888374328613e-01
4.887434542179107666e-01
4.174754321575164795e-01
1.662391573190689087e-01
5.514483451843261719e-01
6.724158525466918945e-01
2.484431713819503784e-01
4.670048952102661133e-01
5.709881782531738281e-01
1.669743359088897705e-01
5.183317661285400391e-01
3.650894165039062500e-01
6.470299959182739258e-01
6.944857835769653320e-01
7.042722702026367188e-01
6.218158602714538574e-01
7.489800453186035156e-01
4.629816114902496338e-01
6.626033186912536621e-01
4.535673260688781738e-01
5.376523137092590332e-01
5.561880469322204590e-01
6.546763181686401367e-01
6.537306904792785645e-01
5.980202555656433105e-01
7.229133844375610352e-01
5.899364352226257324e-01
3.226804435253143311e-01
5.967491865158081055e-01
6.641254425048828125e-01
6.650646328926086426e-01
8.018314242362976074e-01
6.367031931877136230e-01
6.789550781250000000e-01
5.362241268157958984e-01
3.451984822750091553e-01
6.372039914131164551e-01
6.607275009155273438e-01
1.424519866704940796e-01
6.162799596786499023e-01
4.912416934967041016e-01
3.187587857246398926e-01
2.817089557647705078e-01
5.591062903404235840e-01
5.770808458328247070e-01
2.917552888393402100e-01
6.328755617141723633e-01
5.782196521759033203e-01
7.564810514450073242e-01
7.307057976722717285e-01
6.344723701477050781e-01
5.776097774505615234e-01
5.506742596626281738e-01
3.632907271385192871e-01
7.115781307220458984e-01
3.071366250514984131e-01
6.103633046150207520e-01
6.473408937454223633e-01
6.661925911903381348e-01
4.822493493556976318e-01
5.615768432617187500e-01
7.217775583267211914e-01
5.766822695732116699e-01
3.815694153308868408e-01
6.363285183906555176e-01
7.433934807777404785e-01
6.363837122917175293e-01
5.126568675041198730e-01
5.300051569938659668e-01
4.127226173877716064e-01
7.399789690971374512e-01
4.990739226341247559e-01
5.422460436820983887e-01
6.517529487609863281e-01
4.769743978977203369e-01
4.684363305568695068e-01
6.031484007835388184e-01
5.615636706352233887e-01
5.455144643783569336e-01
5.235059857368469238e-01
5.523169040679931641e-01
4.578895568847656250e-01
7.066575884819030762e-01
5.418187975883483887e-01
3.897851407527923584e-01
5.092002153396606445e-01
7.012254595756530762e-01
5.566397905349731445e-01
7.698697447776794434e-01
7.128639221191406250e-01
2.377941757440567017e-01
5.746738910675048828e-01
4.233207702636718750e-01
5.807760953903198242e-01
3.394765257835388184e-01
5.617389082908630371e-01
5.481180548667907715e-01
5.365337729454040527e-01
6.087782382965087891e-01
5.800006389617919922e-01
2.977170646190643311e-01
5.006060004234313965e-01
6.204000711441040039e-01
4.985767602920532227e-01
5.350439548492431641e-01
4.886014163494110107e-01
8.041087985038757324e-01
3.696469664573669434e-01
5.411655902862548828e-01
3.227947652339935303e-01
5.978860259056091309e-01
7.235851883888244629e-01
6.113096326589584351e-02
7.899127602577209473e-01
5.787072181701660156e-01
3.325869739055633545e-01
6.040438413619995117e-01
5.455741286277770996e-01
6.029779911041259766e-01
4.033722281455993652e-01
4.480428695678710938e-01
5.544764995574951172e-01
4.298151731491088867e-01
3.955281078815460205e-01
7.930737137794494629e-01
2.037675976753234863e-01
6.147148609161376953e-01
6.066241860389709473e-01
4.067028760910034180e-01
1.785130798816680908e-01
5.812673568725585938e-01
4.406899809837341309e-01
3.845288753509521484e-01
6.397190093994140625e-01
5.531415939331054688e-01
6.628059744834899902e-01
6.706615686416625977e-01
6.042556166648864746e-01
4.138486683368682861e-01
6.490339636802673340e-01
6.608101129531860352e-01
7.157058119773864746e-01
6.837981343269348145e-01
1.216990724205970764e-01
6.298744678497314453e-01
7.103262543678283691e-01
4.964909553527832031e-01
5.493290424346923828e-01
4.227390885353088379e-01
2.042109817266464233e-01
5.944149494171142578e-01
4.691997170448303223e-01
6.845861077308654785e-01
6.065643429756164551e-01
4.507890939712524414e-01
5.676910877227783203e-01
3.001274168491363525e-01
5.611532926559448242e-01
5.542360544204711914e-01
5.608726143836975098e-01
5.539393424987792969e-01
5.269313454627990723e-01
5.023468136787414551e-01
3.682563900947570801e-01
4.447228908538818359e-01
5.199506282806396484e-01
5.749481320381164551e-01
3.545419275760650635e-01
5.014864206314086914e-01
6.711868643760681152e-01
4.167429804801940918e-01
5.344229936599731445e-01
5.019323229789733887e-01
3.139468133449554443e-01
4.734993278980255127e-01
4.945953488349914551e-01
7.404860258102416992e-01
7.430158853530883789e-01
3.208796381950378418e-01
6.804969310760498047e-01
7.099296450614929199e-01
2.620387077331542969e-01
4.686414003372192383e-01
1.266821473836898804e-01
6.424878239631652832e-01
6.373440027236938477e-01
5.038264393806457520e-01
4.151259958744049072e-01
6.230921149253845215e-01
5.665432214736938477e-01
5.192372202873229980e-01
5.397974848747253418e-01
4.231203794479370117e-01
3.201355934143066406e-01
4.812270104885101318e-01
6.584622859954833984e-01
2.642417848110198975e-01
3.134946823120117188e-01
6.412069797515869141e-01
6.129390597343444824e-01
5.137778520584106445e-01
2.396504878997802734e-01
3.708551526069641113e-01
3.232906162738800049e-01
6.853570938110351562e-01
4.791234433650970459e-01
4.794784486293792725e-01
5.746492147445678711e-01
4.463440477848052979e-01
4.701342880725860596e-01
4.480957984924316406e-01
5.844497084617614746e-01
8.080737590789794922e-01
6.072122454643249512e-01
7.201974987983703613e-01
3.930021226406097412e-01
6.959527730941772461e-01
5.225808024406433105e-01
5.596014261245727539e-01
7.480553984642028809e-01
6.485213041305541992e-01
6.046227216720581055e-01
5.303302407264709473e-01
7.436150312423706055e-01
4.463357925415039062e-01
7.140398621559143066e-01
5.319914221763610840e-01
4.095228016376495361e-01
5.038238763809204102e-01
3.119916021823883057e-01
6.348233819007873535e-01
5.713712573051452637e-01
5.956411957740783691e-01
4.748080074787139893e-01
5.371434092521667480e-01
4.527481496334075928e-01
4.177194237709045410e-01
5.839934349060058594e-01
7.409145236015319824e-01
3.797852993011474609e-01
7.237673997879028320e-01
4.700309336185455322e-01
2.673191428184509277e-01
4.037099480628967285e-01
2.966331839561462402e-01
6.744701266288757324e-01
5.567511916160583496e-01
6.089625954627990723e-01
8.012130856513977051e-01
2.329035997390747070e-01
5.513444542884826660e-01
5.515390038490295410e-01
5.645270943641662598e-01
5.160104632377624512e-01
6.160076856613159180e-01
7.658618092536926270e-01
7.714791893959045410e-01
4.001344740390777588e-01
6.940243840217590332e-01
3.734757304191589355e-01
7.302715182304382324e-01
6.691723465919494629e-01
6.575617790222167969e-01
5.877292752265930176e-01
6.444457173347473145e-01
5.111989378929138184e-01
5.432928800582885742e-01
7.195957303047180176e-01
6.648522019386291504e-01
3.956650793552398682e-01
7.006312012672424316e-01
4.508064985275268555e-01
7.773931026458740234e-01
6.076344847679138184e-01
5.234407186508178711e-01
4.644374549388885498e-01
4.487676024436950684e-01
6.030086874961853027e-01
7.008808851242065430e-01
5.308018326759338379e-01
4.035944044589996338e-01
5.411908626556396484e-01
6.909887194633483887e-01
4.137484729290008545e-01
5.675494074821472168e-01
3.931577503681182861e-01
7.093122601509094238e-01
2.721131443977355957e-01
4.662463963031768799e-01
5.916697978973388672e-01
4.319473803043365479e-01
5.602208375930786133e-01
5.178095698356628418e-01
6.516458392143249512e-01
4.346088469028472900e-01
5.463959574699401855e-01
6.514909863471984863e-01
5.341237783432006836e-01
5.666880011558532715e-01
8.286477625370025635e-02
1.267181634902954102e-01
4.626774191856384277e-01
5.522613525390625000e-01
5.957833528518676758e-01
4.833295643329620361e-01
3.311315178871154785e-01
7.623558044433593750e-01
5.828365683555603027e-01
4.473067224025726318e-01
4.341012835502624512e-01
5.922940969467163086e-01
6.252246499061584473e-01
3.422818481922149658e-01
6.714545488357543945e-01
6.962360143661499023e-01
5.632606148719787598e-01
5.919278264045715332e-01
4.907223582267761230e-01
1.594682931900024414e-01
1.670949459075927734e-01
6.992002725601196289e-01
4.211420416831970215e-01
5.408278107643127441e-01
5.226935744285583496e-01
6.105702519416809082e-01
4.863062500953674316e-01
3.448624014854431152e-01
4.332751929759979248e-01
6.462303996086120605e-01
3.659498989582061768e-01
3.694006800651550293e-01
6.476563215255737305e-01
4.939793944358825684e-01
5.955650210380554199e-01
7.011057138442993164e-01
4.944545924663543701e-01
5.327281355857849121e-01
6.523844003677368164e-01
4.307520687580108643e-01
4.552552998065948486e-01
1.737990677356719971e-01
8.035107254981994629e-01
5.145149827003479004e-01
6.277075409889221191e-01
6.206931471824645996e-01
7.080428600311279297e-01
5.808932781219482422e-01
6.108762621879577637e-01
4.856932461261749268e-01
2.201896607875823975e-01
5.400305390357971191e-01
4.860366582870483398e-01
5.126947760581970215e-01
4.373667240142822266e-01
5.457127690315246582e-01
5.221869349479675293e-01
7.146915793418884277e-01
6.496196985244750977e-01
5.233018994331359863e-01
5.854906439781188965e-01
7.216915488243103027e-01
4.351234734058380127e-01
4.582307338714599609e-01
5.690940618515014648e-01
1.973531395196914673e-01
3.711978495121002197e-01
5.985336899757385254e-01
6.510949134826660156e-01
3.849721550941467285e-01
7.172316908836364746e-01
4.896005392074584961e-01
6.900233030319213867e-01
5.965448021888732910e-01
5.995296239852905273e-01
7.865157127380371094e-01
6.504792571067810059e-01
1.311758756637573242e-01
5.551050305366516113e-01
3.261399269104003906e-01
4.690264761447906494e-01
6.634643077850341797e-01
5.770621895790100098e-01
5.961028933525085449e-01
5.268669724464416504e-01
5.488933324813842773e-01
4.990666806697845459e-01
2.372679412364959717e-01
5.048553347587585449e-01
3.991866409778594971e-01
7.557665109634399414e-01
5.475208759307861328e-01
3.842373788356781006e-01
2.207596004009246826e-01
6.880936026573181152e-01
6.185429096221923828e-01
4.093417227268218994e-01
3.898899555206298828e-01
2.031803578138351440e-01
3.996664881706237793e-01
6.351552009582519531e-01
4.289326369762420654e-01
4.818450510501861572e-01
3.881242275238037109e-01
5.579969286918640137e-01
5.285081863403320312e-01
7.484872341156005859e-01
6.429351568222045898e-01
5.744069218635559082e-01
5.604320764541625977e-01
7.507843971252441406e-01
4.348200261592864990e-01
5.160719156265258789e-01
2.865397930145263672e-01
4.172112643718719482e-01
4.786592125892639160e-01
6.894705891609191895e-01
5.787330865859985352e-01
7.101978063583374023e-01
6.327242851257324219e-01
3.643309473991394043e-01
6.526869535446166992e-01
7.182731628417968750e-01
4.356376826763153076e-01
4.714196026325225830e-01
3.957209885120391846e-01
5.137050151824951172e-01
6.077597737312316895e-01
5.597721934318542480e-01
4.901414513587951660e-01
7.135883569717407227e-01
4.946095645427703857e-01
5.589851140975952148e-01
7.413414716720581055e-01
5.408098101615905762e-01
6.721485853195190430e-01
6.530755758285522461e-01
5.651710033416748047e-01
4.524524211883544922e-01
5.040808916091918945e-01
3.547163009643554688e-01
7.054502964019775391e-01
3.733086287975311279e-01
6.828461289405822754e-01
5.958627462387084961e-01
6.158897280693054199e-01
5.199030637741088867e-01
6.434623599052429199e-01
4.005602896213531494e-01
5.681522488594055176e-01
3.197545707225799561e-01
1.932236105203628540e-01
5.133969783782958984e-01
2.693540453910827637e-01
7.138190865516662598e-01
6.171595454216003418e-01
4.115280807018280029e-01
3.492480218410491943e-01
6.728183627128601074e-01
6.303826570510864258e-01
5.566606521606445312e-01
6.131491065025329590e-01
5.526838898658752441e-01
6.247128844261169434e-01
6.426986455917358398e-01
3.911333084106445312e-01
5.219107866287231445e-01
4.751044809818267822e-01
2.077943533658981323e-01
5.524393320083618164e-01
5.175953507423400879e-01
3.799654543399810791e-01
5.341320037841796875e-01
4.955573081970214844e-01
1.370409429073333740e-01
6.136819124221801758e-01
3.947454690933227539e-01
7.949507236480712891e-02
3.706998825073242188e-01
6.109122037887573242e-01
4.371751546859741211e-01
5.582654476165771484e-01
6.043131947517395020e-01
2.960551083087921143e-01
5.626214742660522461e-01
4.860000610351562500e-01
6.187251806259155273e-01
4.553956985473632812e-01
7.416971325874328613e-01
4.979525208473205566e-01
3.160173296928405762e-01
7.471232414245605469e-01
6.007198095321655273e-01
5.698242187500000000e-01
6.043131947517395020e-01
3.998580574989318848e-01
1.348555535078048706e-01
2.364007085561752319e-01
3.608464598655700684e-01
5.234525203704833984e-01
5.769019722938537598e-01
6.967903375625610352e-01
6.514315009117126465e-01
5.219780802726745605e-01
4.949457645416259766e-01
4.788560569286346436e-01
6.638395190238952637e-01
5.149504542350769043e-01
5.279214382171630859e-01
6.475700139999389648e-01
4.389971196651458740e-01
6.133640408515930176e-01
4.838396012783050537e-01
5.910420417785644531e-01
4.223030805587768555e-01
3.699405789375305176e-01
5.044309496879577637e-01
6.567457318305969238e-01
6.935010552406311035e-01
7.191387414932250977e-01
4.527055621147155762e-01
7.251334190368652344e-01
5.747545361518859863e-01
4.156294167041778564e-01
5.441230535507202148e-01
3.747223317623138428e-01
4.992057681083679199e-01
5.749652981758117676e-01
3.528267741203308105e-01
4.647729992866516113e-01
5.517997145652770996e-01
4.203118085861206055e-01
6.226031780242919922e-01
6.707469224929809570e-01
4.996303021907806396e-01
5.786644220352172852e-01
2.814052402973175049e-01
2.228673100471496582e-01
6.577473878860473633e-01
4.864917397499084473e-01
6.733688116073608398e-01
3.847769200801849365e-01
7.652872800827026367e-01
7.393664717674255371e-01
6.358314156532287598e-01
6.037482023239135742e-01
4.472288489341735840e-01
3.985287547111511230e-01
6.955778598785400391e-01
4.659643471240997314e-01
4.774315655231475830e-01
7.409068346023559570e-01
2.058074474334716797e-01
4.851541221141815186e-01
4.507279694080352783e-01
7.050441503524780273e-01
7.131862640380859375e-01
5.405601263046264648e-01
5.194501876831054688e-01
5.948200225830078125e-01
1.892713159322738647e-01
3.499127328395843506e-01
6.298546791076660156e-01
7.001911997795104980e-01
5.708156228065490723e-01
3.537773787975311279e-01
5.583789944648742676e-01
5.171388387680053711e-01
7.168011069297790527e-01
4.730935990810394287e-01
6.438690423965454102e-01
4.836499691009521484e-01
3.101102113723754883e-01
5.164648294448852539e-01
6.232793331146240234e-01
6.591420769691467285e-01
6.571307778358459473e-01
8.387271761894226074e-01
1.964005380868911743e-01
3.341878354549407959e-01
4.492246806621551514e-01
4.157275259494781494e-01
5.097662210464477539e-01
5.450082421302795410e-01
6.485628485679626465e-01
5.101932883262634277e-01
3.591469526290893555e-01
6.402369141578674316e-01
4.855849444866180420e-01
2.671339511871337891e-01
1.676823496818542480e-01
3.468995392322540283e-01
4.790062308311462402e-01
6.113221049308776855e-01
2.895966470241546631e-01
5.589855313301086426e-01
7.059631347656250000e-01
4.729101955890655518e-01
3.077335059642791748e-01
5.717361569404602051e-01
5.175284743309020996e-01
6.618272066116333008e-01
3.216527998447418213e-01
3.369173109531402588e-01
6.554178595542907715e-01
5.700159072875976562e-01
6.480712294578552246e-01
4.087234735488891602e-01
4.869500100612640381e-01
6.858319640159606934e-01
6.977190971374511719e-01
5.644202828407287598e-01
5.041081905364990234e-01
5.491489171981811523e-01
4.986405968666076660e-01
4.672228991985321045e-01
7.049891948699951172e-01
5.592169165611267090e-01
7.107568383216857910e-01
6.804932951927185059e-01
3.719458580017089844e-01
7.319775819778442383e-01
5.882068276405334473e-01
5.666597485542297363e-01
6.513341069221496582e-01
6.136592030525207520e-01
4.276630282402038574e-01
4.599168896675109863e-01
5.117242336273193359e-01
3.032589256763458252e-01
2.826657593250274658e-01
5.522714853286743164e-01
7.017760276794433594e-01
6.054798364639282227e-01
5.315937995910644531e-01
7.044061422348022461e-01
6.005164384841918945e-01
2.657235264778137207e-01
7.278591990470886230e-01
5.411157011985778809e-01
4.570296406745910645e-01
7.931730747222900391e-01
5.741730928421020508e-01
5.561370849609375000e-01
6.312235593795776367e-01
6.675532460212707520e-01
5.429255366325378418e-01
5.297417044639587402e-01
4.998124837875366211e-01
4.389721155166625977e-01
5.281256437301635742e-01
6.491370201110839844e-01
5.947877168655395508e-01
6.847440600395202637e-01
4.574217498302459717e-01
7.319145798683166504e-01
6.279011964797973633e-01
6.209257841110229492e-01
7.614573240280151367e-01
1.931677311658859253e-01
3.939534723758697510e-01
5.848729610443115234e-01
5.181883573532104492e-01
5.180604457855224609e-01
5.160372257232666016e-01
2.253843247890472412e-01
5.383638143539428711e-01
6.257789134979248047e-01
5.729695558547973633e-01
3.064959943294525146e-01
6.349155306816101074e-01
5.747160911560058594e-01
6.371418237686157227e-01
3.407999575138092041e-01
4.360510110855102539e-01
6.091709136962890625e-01
4.170693755149841309e-01
6.886313557624816895e-01
6.004824042320251465e-01
3.485514223575592041e-01
2.935420274734497070e-01
4.647777974605560303e-01
4.355027079582214355e-01
6.325894594192504883e-01
5.254422426223754883e-01
5.256302356719970703e-01
4.792780876159667969e-01
6.407762169837951660e-01
4.487441778182983398e-01
4.964290261268615723e-01
4.205809831619262695e-01
3.744996786117553711e-01
3.322159945964813232e-01
5.544356703758239746e-01
6.208939552307128906e-01
5.023711323738098145e-01
4.279647767543792725e-01
5.174735784530639648e-01
6.101827621459960938e-01
4.770349562168121338e-01
4.943879246711730957e-01
5.857558846473693848e-01
6.309593915939331055e-01
8.000820875167846680e-01
4.473131895065307617e-01
5.936955213546752930e-01
7.707731723785400391e-01
6.735197901725769043e-01
4.765584170818328857e-01
6.801122426986694336e-01
7.611659169197082520e-01
5.420532822608947754e-01
3.862542510032653809e-01
5.281032919883728027e-01
6.708990931510925293e-01
4.179256260395050049e-01
3.688986599445343018e-01
4.348593950271606445e-01
3.550969064235687256e-01
6.385689377784729004e-01
5.379297137260437012e-01
5.010380148887634277e-01
6.092162728309631348e-01
2.673945128917694092e-01
3.849721550941467285e-01
6.606644988059997559e-01
2.827591001987457275e-01
7.228152751922607422e-01
4.687608182430267334e-01
4.860531091690063477e-01
4.311516880989074707e-01
6.928611993789672852e-01
3.350653052330017090e-01
1.853498071432113647e-01
6.646549701690673828e-01
2.813813686370849609e-01
5.415442585945129395e-01
4.990933835506439209e-01
7.065468430519104004e-01
5.801447629928588867e-01
7.039038538932800293e-01
7.212725877761840820e-01
6.798729896545410156e-01
3.215231299400329590e-01
5.875128507614135742e-01
6.294016242027282715e-01
7.145236730575561523e-01
6.049138903617858887e-01
5.866307616233825684e-01
4.493765830993652344e-01
6.191264986991882324e-01
4.174762070178985596e-01
4.370584487915039062e-01
6.608930230140686035e-01
7.114157676696777344e-01
5.276214480400085449e-01
5.405295491218566895e-01
2.419280707836151123e-01
7.399693727493286133e-01
5.263680815696716309e-01
1.081477329134941101e-01
6.010366678237915039e-01
4.734476506710052490e-01
3.000849485397338867e-01
7.330762147903442383e-01
2.842628359794616699e-01
7.007374167442321777e-01
6.684895753860473633e-01
6.724973917007446289e-01
6.041288375854492188e-01
1.481806784868240356e-01
6.799505352973937988e-01
5.676037669181823730e-01
1.303722560405731201e-01
3.563404679298400879e-01
4.674410820007324219e-01
4.047498703002929688e-01
4.764160513877868652e-01
5.070101618766784668e-01
3.064936399459838867e-01
5.962513089179992676e-01
4.030391871929168701e-01
5.572012662887573242e-01
6.590551137924194336e-01
4.231275916099548340e-01
5.769088864326477051e-01
4.867098033428192139e-01
2.716424167156219482e-01
8.036462068557739258e-01
5.652159452438354492e-01
5.746114850044250488e-01
3.882106542587280273e-01
6.163446307182312012e-01
7.728759646415710449e-01
6.766970753669738770e-01
5.323088765144348145e-01
7.018436789512634277e-01
7.571437954902648926e-01
4.926346242427825928e-01
7.241810560226440430e-01
1.370666474103927612e-01
5.952516198158264160e-01
7.093147635459899902e-01
4.114904105663299561e-01
5.878322124481201172e-01
3.843206763267517090e-01
5.716488361358642578e-01
4.835949242115020752e-01
4.285152554512023926e-01
2.800456285476684570e-01
4.083663225173950195e-01
5.883913040161132812e-01
4.996138811111450195e-01
1.455285549163818359e-01
5.720896720886230469e-01
7.541460394859313965e-01
6.749196052551269531e-01
5.201508998870849609e-01
5.748779177665710449e-01
5.883949398994445801e-01
4.782317578792572021e-01
7.138887047767639160e-01
3.980734348297119141e-01
5.960588455200195312e-01
6.155656576156616211e-01
6.775042414665222168e-01
4.423553645610809326e-01
6.674392819404602051e-01
5.484507083892822266e-01
4.226225614547729492e-01
5.414170622825622559e-01
4.869452714920043945e-01
5.927987694740295410e-01
6.477406620979309082e-01
5.908029675483703613e-01
5.140393972396850586e-01
6.605210304260253906e-01
4.941218495368957520e-01
6.164633631706237793e-01
5.030303597450256348e-01
5.951911807060241699e-01
4.171087741851806641e-01
6.129853725433349609e-01
4.423384368419647217e-01
5.588696599006652832e-01
4.432606101036071777e-01
7.252075076103210449e-01
4.761737883090972900e-01
1.529875248670578003e-01
3.663364648818969727e-01
4.610302150249481201e-01
5.072549581527709961e-01
5.972812175750732422e-01
5.373227596282958984e-01
6.823583841323852539e-01
4.915608465671539307e-01
5.974677801132202148e-01
5.572208166122436523e-01
4.835390746593475342e-01
4.485028088092803955e-01
4.329312741756439209e-01
7.947288751602172852e-01
7.901937961578369141e-01
4.620436728000640869e-01
1.796486526727676392e-01
1.981320679187774658e-01
4.018202126026153564e-01
6.438390016555786133e-01
7.320456504821777344e-01
7.593386173248291016e-01
6.027979254722595215e-01
6.351959109306335449e-01
5.759603977203369141e-01
6.387286782264709473e-01
6.291979551315307617e-01
6.130740642547607422e-01
3.849782645702362061e-01
6.542034149169921875e-01
4.623247087001800537e-01
7.724776268005371094e-01
7.044707536697387695e-01
5.069093108177185059e-01
3.526315391063690186e-01
1.305684745311737061e-01
5.338388681411743164e-01
4.942217767238616943e-01
4.895941913127899170e-01
4.426873326301574707e-01
6.153995990753173828e-01
5.744652152061462402e-01
3.602459430694580078e-01
6.496161818504333496e-01
5.860234498977661133e-01
7.486441135406494141e-01
7.836747169494628906e-01
5.875259041786193848e-01
4.439623355865478516e-01
2.443445324897766113e-01
4.593988955020904541e-01
3.685547709465026855e-01
6.972516775131225586e-01
3.897024095058441162e-01
6.580168008804321289e-01
5.537365674972534180e-01
2.567930817604064941e-01
4.634874761104583740e-01
3.472707271575927734e-01
5.886708498001098633e-01
6.006588339805603027e-01
3.942020237445831299e-01
6.525211930274963379e-01
5.497211813926696777e-01
4.865216910839080811e-01
5.385940074920654297e-01
3.767849504947662354e-01
5.468171238899230957e-01
8.188409805297851562e-01
5.952863693237304688e-01
4.857417345046997070e-01
3.881758153438568115e-01
6.662419438362121582e-01
4.580885767936706543e-01
7.133456468582153320e-01
5.173926353454589844e-01
3.862097859382629395e-01
5.439189076423645020e-01
6.807805299758911133e-01
6.178102493286132812e-01
6.412234902381896973e-01
4.521955847740173340e-01
7.404147982597351074e-01
6.517773866653442383e-01
5.891290307044982910e-01
4.630076587200164795e-01
6.925418376922607422e-01
3.718989491462707520e-01
3.826660215854644775e-01
2.052462846040725708e-01
5.529608130455017090e-01
5.907709598541259766e-01
6.528922915458679199e-01
7.485752105712890625e-01
1.912200003862380981e-01
5.462280511856079102e-01
6.080849766731262207e-01
4.062858819961547852e-01
4.090476334095001221e-01
7.964462637901306152e-01
5.677815079689025879e-01
5.097767710685729980e-01
7.736129760742187500e-01
4.124380946159362793e-01
6.901669502258300781e-01
6.182001829147338867e-01
5.035179853439331055e-01
7.373428940773010254e-01
3.938266932964324951e-01
6.095498800277709961e-01
5.750567913055419922e-01
8.010032773017883301e-01
7.126947045326232910e-01
7.362238168716430664e-01
4.413000345230102539e-01
6.946749091148376465e-01
6.644006967544555664e-01
4.921070337295532227e-01
5.981766581535339355e-01
3.857223689556121826e-01
4.826461970806121826e-01
5.901013612747192383e-01
4.763053655624389648e-01
4.297108352184295654e-01
4.436782002449035645e-01
6.648439168930053711e-01
7.569873332977294922e-01
4.706480205059051514e-01
5.437776446342468262e-01
6.434116363525390625e-01
6.700810790061950684e-01
3.839579820632934570e-01
5.387129783630371094e-01
4.052757024765014648e-01
6.852951645851135254e-01
6.561576128005981445e-01
4.065074920654296875e-01
2.426509410142898560e-01
5.451002120971679688e-01
3.225763142108917236e-01
6.359791159629821777e-01
7.073124647140502930e-01
5.024803876876831055e-01
5.644522905349731445e-01
6.978749632835388184e-01
5.482012033462524414e-01
3.922331929206848145e-01
7.382791638374328613e-01
5.033146142959594727e-01
5.136252641677856445e-01
4.322480261325836182e-01
6.107514500617980957e-01
4.594218730926513672e-01
6.307427883148193359e-01
3.196401596069335938e-01
5.950160622596740723e-01
4.631151854991912842e-01
2.247417718172073364e-01
5.679200887680053711e-01
8.057045340538024902e-01
5.825181007385253906e-01
4.705631136894226074e-01
5.335084199905395508e-01
5.977417826652526855e-01
6.095662117004394531e-01
5.838807821273803711e-01
6.254547834396362305e-01
6.140195131301879883e-01
5.511084794998168945e-01
4.564530253410339355e-01
4.131551384925842285e-01
7.254437804222106934e-01
4.196978211402893066e-01
5.976653695106506348e-01
5.541661977767944336e-01
6.372837424278259277e-01
4.746125638484954834e-01
5.878710150718688965e-01
4.001576900482177734e-01
4.779279232025146484e-01
7.406247854232788086e-01
5.457000136375427246e-01
4.154466688632965088e-01
6.454092264175415039e-01
5.368441939353942871e-01
2.616629600524902344e-01
7.499369382858276367e-01
2.829235792160034180e-01
5.317780375480651855e-01
4.194836020469665527e-01
5.544391870498657227e-01
4.829199910163879395e-01
5.534130334854125977e-01
6.870218515396118164e-01
5.493770837783813477e-01
5.866737961769104004e-01
4.237365722656250000e-01
6.212902069091796875e-01
3.764822483062744141e-01
2.082325369119644165e-01
7.190198302268981934e-01
6.966400742530822754e-01
6.721194982528686523e-01
2.460455745458602905e-01
5.377069711685180664e-01
6.683068275451660156e-01
5.292135477066040039e-01
7.424927353858947754e-01
6.415855884552001953e-01
2.780783176422119141e-01
4.769673943519592285e-01
1.924820095300674438e-01
6.239479184150695801e-01
6.158442497253417969e-01
5.370486974716186523e-01
4.962381422519683838e-01
4.983623325824737549e-01
5.378196239471435547e-01
5.733947157859802246e-01
7.705948948860168457e-01
6.458745002746582031e-01
4.353483915328979492e-01
2.034499198198318481e-01
6.903458833694458008e-01
4.584329724311828613e-01
5.952484607696533203e-01
4.765499532222747803e-01
6.700718402862548828e-01
6.619229912757873535e-01
6.636294722557067871e-01
6.234948635101318359e-01
5.906530618667602539e-01
4.602154195308685303e-01
4.733489155769348145e-01
1.331426352262496948e-01
6.478880047798156738e-01
8.860456943511962891e-02
7.409695386886596680e-01
7.165836691856384277e-01
1.501918137073516846e-01
5.814303755760192871e-01
5.704163312911987305e-01
7.013598680496215820e-01
4.793382287025451660e-01
4.841454327106475830e-01
7.334195375442504883e-01
6.354179978370666504e-01
7.539798021316528320e-01
3.722541034221649170e-01
7.133653759956359863e-01
5.378264188766479492e-01
2.913681268692016602e-01
6.860999464988708496e-01
3.954564929008483887e-01
3.779777586460113525e-01
3.045324981212615967e-01
6.968368887901306152e-01
3.840750753879547119e-01
4.275025129318237305e-01
5.427615046501159668e-01
5.798650383949279785e-01
5.981108546257019043e-01
6.357214450836181641e-01
6.710401177406311035e-01
2.525560259819030762e-01
2.929923236370086670e-01
7.814968228340148926e-01
5.012891292572021484e-01
7.242646813392639160e-01
4.142290353775024414e-01
5.286358594894409180e-01
2.857517302036285400e-01
6.942700743675231934e-01
4.246537685394287109e-01
4.818427860736846924e-01
5.807581543922424316e-01
2.164509296417236328e-01
3.645397126674652100e-01
5.395004749298095703e-01
5.700202584266662598e-01
2.197832316160202026e-01
5.557547211647033691e-01
6.364033222198486328e-01
8.492935299873352051e-01
2.292325943708419800e-01
5.801749229431152344e-01
6.418354511260986328e-01
1.638687402009963989e-01
6.396644115447998047e-01
5.441540479660034180e-01
5.423969030380249023e-01
6.473741531372070312e-01
5.576716065406799316e-01
3.090924322605133057e-01
3.170274198055267334e-01
6.468262672424316406e-01
5.029504895210266113e-01
3.001674711704254150e-01
6.541888713836669922e-01
5.356594920158386230e-01
6.290709376335144043e-01
6.417967081069946289e-01
6.519412994384765625e-01
4.151256382465362549e-01
5.341797471046447754e-01
6.141551733016967773e-01
6.750023365020751953e-01
4.073232114315032959e-01
5.137900114059448242e-01
6.682797074317932129e-01
5.593459010124206543e-01
5.034109354019165039e-01
7.343899607658386230e-01
6.350943446159362793e-01
4.443192183971405029e-01
5.855687260627746582e-01
5.375912785530090332e-01
3.583655059337615967e-01
6.183113455772399902e-01
4.531671404838562012e-01
3.413403332233428955e-01
5.558542609214782715e-01
6.020212769508361816e-01
6.300321221351623535e-01
4.940648078918457031e-01
7.473946809768676758e-01
5.441809892654418945e-01
5.762944221496582031e-01
6.879791617393493652e-01
5.420675873756408691e-01
4.901806116104125977e-01
6.500046253204345703e-01
6.381477713584899902e-01
4.922885000705718994e-01
3.407714962959289551e-01
5.474605560302734375e-01
7.308648228645324707e-01
7.044523954391479492e-01
6.877413988113403320e-01
5.110392570495605469e-01
5.580765604972839355e-01
3.269449472427368164e-01
4.581716656684875488e-01
5.781286954879760742e-01
4.595263600349426270e-01
2.595052421092987061e-01
6.630871295928955078e-01
6.873109340667724609e-01
7.179445624351501465e-01
6.746296286582946777e-01
6.519123911857604980e-01
6.868556737899780273e-01
3.402135968208312988e-01
4.822939336299896240e-01
6.628203392028808594e-01
2.314055413007736206e-01
7.269751429557800293e-01
4.872335195541381836e-01
5.953087806701660156e-01
3.633059263229370117e-01
5.939027667045593262e-01
4.362092912197113037e-01
4.667661786079406738e-01
5.354868769645690918e-01
6.812393069267272949e-01
3.562427759170532227e-01
2.176694273948669434e-01
6.477829217910766602e-01
6.801480650901794434e-01
3.863201439380645752e-01
6.270347833633422852e-01
5.354949235916137695e-01
5.751604437828063965e-01
5.335080623626708984e-01
4.057531058788299561e-01
4.200219511985778809e-01
5.191472172737121582e-01
5.541425943374633789e-01
4.553556740283966064e-01
1.523603647947311401e-01
6.501140594482421875e-01
6.521528363227844238e-01
7.487137913703918457e-01
5.990281701087951660e-01
5.988453030586242676e-01
6.763164401054382324e-01
3.104020953178405762e-01
3.753563463687896729e-01
4.033722281455993652e-01
6.742016077041625977e-01
4.736991822719573975e-01
6.225963830947875977e-01
4.324581027030944824e-01
3.654724359512329102e-01
7.907045483589172363e-01
5.329683423042297363e-01
7.370657920837402344e-01
6.012396216392517090e-01
6.979141235351562500e-01
6.907451748847961426e-01
5.436300635337829590e-01
5.100387334823608398e-01
6.844982504844665527e-01
7.445716857910156250e-01
6.190273761749267578e-01
3.593442440032958984e-01
4.263820350170135498e-01
7.474119067192077637e-01
6.792889833450317383e-01
4.822829663753509521e-01
3.979987204074859619e-01
6.274013519287109375e-01
5.605400800704956055e-01
5.258948206901550293e-01
3.792425394058227539e-01
7.076895236968994141e-01
6.769661903381347656e-01
5.149807929992675781e-01
2.107493430376052856e-01
4.025420546531677246e-01
6.337427496910095215e-01
8.133822679519653320e-01
7.605945467948913574e-01
6.186308264732360840e-01
3.400535881519317627e-01
5.987302064895629883e-01
4.785141050815582275e-01
4.033851027488708496e-01
5.190588235855102539e-01
5.967268943786621094e-01
4.596343934535980225e-01
4.536825120449066162e-01
5.485420227050781250e-01
4.187739193439483643e-01
5.730263590812683105e-01
7.450115680694580078e-01
5.729822516441345215e-01
5.131139159202575684e-01
7.245954871177673340e-01
7.404810190200805664e-01
6.064850091934204102e-01
6.136819124221801758e-01
5.115127563476562500e-01
5.901123881340026855e-01
4.442284703254699707e-01
2.522663772106170654e-01
4.604438245296478271e-01
3.535614013671875000e-01
5.888777375221252441e-01
3.282373547554016113e-01
6.857393383979797363e-01
4.976463913917541504e-01
5.339226126670837402e-01
4.061199724674224854e-01
3.230288922786712646e-01
7.225056290626525879e-01
3.428593575954437256e-01
6.334596276283264160e-01
4.169133305549621582e-01
6.319538354873657227e-01
4.084981679916381836e-01
5.974935293197631836e-01
1.879574507474899292e-01
3.675705492496490479e-01
1.847231984138488770e-01
7.137118577957153320e-01
6.854941248893737793e-01
5.127546191215515137e-01
2.768292129039764404e-01
5.192799568176269531e-01
4.819725155830383301e-01
5.643006563186645508e-01
3.488456904888153076e-01
7.205911874771118164e-01
5.108855962753295898e-01
4.636583030223846436e-01
6.891251206398010254e-01
6.005542278289794922e-01
5.216602087020874023e-01
6.423295140266418457e-01
3.557539880275726318e-01
6.193034052848815918e-01
6.749121546745300293e-01
7.720830440521240234e-01
4.461836218833923340e-01
3.316302299499511719e-01
5.153933763504028320e-01
4.667279124259948730e-01
5.851019620895385742e-01
5.104296207427978516e-01
4.663374722003936768e-01
4.449618160724639893e-01
4.297110736370086670e-01
7.175915837287902832e-01
4.951561689376831055e-01
5.315444469451904297e-01
3.939312398433685303e-01
7.332318425178527832e-01
5.696008801460266113e-01
3.835422992706298828e-01
7.122832536697387695e-01
5.660826563835144043e-01
4.979196190834045410e-01
5.020107626914978027e-01
6.948807835578918457e-01
4.748785495758056641e-01
6.018986701965332031e-01
5.734431743621826172e-01
6.058490872383117676e-01
4.801969230175018311e-01
5.074188113212585449e-01
6.170831918716430664e-01
3.579613566398620605e-01
7.479999065399169922e-01
6.885679364204406738e-01
4.885882139205932617e-01
4.097279608249664307e-01
5.341123342514038086e-01
6.996703743934631348e-01
3.790247440338134766e-01
6.464717388153076172e-01
6.862797737121582031e-01
6.623474359512329102e-01
6.367977261543273926e-01
4.189627468585968018e-01
7.288033366203308105e-01
2.184426337480545044e-01
4.154469370841979980e-01
5.704685449600219727e-01
4.794700741767883301e-01
5.768830776214599609e-01
4.500910639762878418e-01
6.068943142890930176e-01
5.021203160285949707e-01
5.819738507270812988e-01
5.610296726226806641e-01
5.626415014266967773e-01
5.456166863441467285e-01
5.520752072334289551e-01
5.219125747680664062e-01
6.545437574386596680e-01
5.207241177558898926e-01
5.505459904670715332e-01
6.862103939056396484e-01
4.358755350112915039e-01
6.420385241508483887e-01
4.769997894763946533e-01
4.368401765823364258e-01
5.515938401222229004e-01
6.794965863227844238e-01
6.380528211593627930e-01
5.208725333213806152e-01
4.549753367900848389e-01
5.410784482955932617e-01
5.164523124694824219e-01
5.584452748298645020e-01
4.052766263484954834e-01
6.670128107070922852e-01
4.971174299716949463e-01
6.734270453453063965e-01
2.501178681850433350e-01
4.775629937648773193e-01
3.319689929485321045e-01
7.666032910346984863e-01
6.400103569030761719e-01
6.192830801010131836e-01
3.399512767791748047e-01
5.410869121551513672e-01
6.402638554573059082e-01
4.642457664012908936e-01
3.758440911769866943e-01
6.758607029914855957e-01
7.285609841346740723e-01
7.728115320205688477e-01
3.902719318866729736e-01
7.891167998313903809e-01
5.829204916954040527e-01
5.868816375732421875e-01
5.700867772102355957e-01
2.522956430912017822e-01
6.950119733810424805e-01
5.504303574562072754e-01
3.285376727581024170e-01
6.798451542854309082e-01
4.577641189098358154e-01
3.495666384696960449e-01
4.299627542495727539e-01
5.542190670967102051e-01
6.138048171997070312e-01
3.123764991760253906e-01
6.265401244163513184e-01
4.832810163497924805e-01
5.808718800544738770e-01
7.325530052185058594e-01
4.812330305576324463e-01
6.815906167030334473e-01
3.734229803085327148e-01
5.728949308395385742e-01
4.240965247154235840e-01
6.974513530731201172e-01
4.848713576793670654e-01
6.795836091041564941e-01
6.273363828659057617e-01
6.144406795501708984e-01
5.922268033027648926e-01
6.490470170974731445e-01
5.149227976799011230e-01
5.951333642005920410e-01
5.388844013214111328e-01
5.069633722305297852e-01
3.399264216423034668e-01
6.124922633171081543e-01
4.065789580345153809e-01
5.689173340797424316e-01
3.317656815052032471e-01
5.615943670272827148e-01
