5.926739573478698730e-01
6.630628108978271484e-01
6.364642381668090820e-01
7.934631407260894775e-02
3.789304494857788086e-01
5.869379043579101562e-01
5.618323087692260742e-01
6.367294192314147949e-01
6.424170732498168945e-01
6.463629603385925293e-01
6.021240353584289551e-01
5.676811337471008301e-01
5.853126645088195801e-01
4.673990011215209961e-01
6.500065922737121582e-01
5.714470148086547852e-01
4.676755368709564209e-01
2.053759694099426270e-01
5.697487592697143555e-01
6.395844221115112305e-01
3.179451525211334229e-01
6.408023834228515625e-01
6.328716874122619629e-01
4.817798435688018799e-01
6.460685133934020996e-01
6.481627821922302246e-01
6.457430720329284668e-01
6.053402423858642578e-01
6.100521683692932129e-01
4.564865231513977051e-01
3.429114520549774170e-01
3.985649645328521729e-01
4.211366772651672363e-01
5.342395901679992676e-01
2.609384655952453613e-01
5.836136341094970703e-01
6.230802536010742188e-01
4.265967905521392822e-01
5.910508632659912109e-01
6.577171087265014648e-01
6.329041123390197754e-01
5.992962121963500977e-01
7.748240977525711060e-02
4.092952013015747070e-01
6.505284309387207031e-01
6.153309941291809082e-01
6.544226408004760742e-01
6.182070970535278320e-01
5.995332002639770508e-01
6.019164323806762695e-01
5.820705890655517578e-01
3.770743608474731445e-01
4.228412806987762451e-01
4.868442118167877197e-01
6.196125149726867676e-01
6.260948181152343750e-01
5.941866040229797363e-01
4.564069509506225586e-01
4.973258376121520996e-01
4.810688793659210205e-01
6.665416359901428223e-01
5.318401455879211426e-01
6.376727223396301270e-01
6.405638456344604492e-01
4.965327978134155273e-01
6.531182527542114258e-01
5.328491330146789551e-01
5.930966138839721680e-01
2.576467990875244141e-01
6.501425504684448242e-01
4.034627974033355713e-01
4.974876642227172852e-01
8.189800381660461426e-02
6.113796234130859375e-01
6.341946721076965332e-01
6.323996186256408691e-01
6.551353335380554199e-01
5.849864482879638672e-01
5.724657773971557617e-01
5.832411646842956543e-01
5.621472597122192383e-01
3.386405706405639648e-01
5.825267434120178223e-01
5.172210931777954102e-01
6.318173408508300781e-01
5.198734998703002930e-01
6.539437174797058105e-01
6.023369431495666504e-01
6.444832086563110352e-01
4.728864729404449463e-01
5.802659392356872559e-01
2.335916757583618164e-01
5.586603283882141113e-01
6.389973759651184082e-01
5.351668596267700195e-01
4.943093657493591309e-01
2.586171925067901611e-01
6.425133347511291504e-01
4.998438954353332520e-01
6.208220124244689941e-01
5.455951094627380371e-01
6.872959136962890625e-01
5.157674551010131836e-01
4.389025270938873291e-01
5.751879811286926270e-01
6.293299198150634766e-01
5.497262477874755859e-01
5.536239147186279297e-01
3.485853970050811768e-01
4.261831343173980713e-01
5.727462172508239746e-01
6.552040576934814453e-01
5.664322376251220703e-01
6.040319204330444336e-01
3.237434625625610352e-01
4.151462018489837646e-01
5.832247734069824219e-01
5.311417579650878906e-01
4.849058985710144043e-01
5.430170893669128418e-01
6.588724851608276367e-01
6.427361965179443359e-01
3.977259099483489990e-01
6.448431611061096191e-01
6.019256711006164551e-01
6.402815580368041992e-01
6.337695717811584473e-01
5.146888494491577148e-01
6.269346475601196289e-01
4.628365933895111084e-01
5.922870039939880371e-01
6.570655703544616699e-01
5.486093163490295410e-01
5.371172428131103516e-01
6.490822434425354004e-01
6.587325334548950195e-01
5.780371427536010742e-01
6.350085735321044922e-01
5.220101475715637207e-01
4.261505305767059326e-01
6.198349595069885254e-01
5.884855389595031738e-01
6.567368507385253906e-01
5.423927307128906250e-01
4.945929050445556641e-01
6.156173348426818848e-01
6.023736000061035156e-01
5.635705590248107910e-01
5.113179683685302734e-01
5.296264290809631348e-01
6.412109732627868652e-01
4.020237326622009277e-01
6.591553688049316406e-01
6.163954138755798340e-01
6.312699317932128906e-01
5.038165450096130371e-01
6.332198381423950195e-01
8.586084842681884766e-02
5.677122473716735840e-01
4.887248873710632324e-01
6.300852894783020020e-01
5.215634107589721680e-01
4.406626820564270020e-01
6.543972492218017578e-01
5.619193911552429199e-01
5.298784971237182617e-01
5.246822237968444824e-01
4.725859165191650391e-01
5.642409324645996094e-01
3.591554760932922363e-01
1.018955409526824951e-01
4.993580579757690430e-01
6.066806316375732422e-01
6.105344891548156738e-01
5.039251446723937988e-01
6.043901443481445312e-01
5.683513283729553223e-01
5.613891482353210449e-01
4.311398267745971680e-01
6.420506834983825684e-01
5.195501446723937988e-01
5.940854549407958984e-01
6.324933171272277832e-01
5.203910470008850098e-01
3.798955082893371582e-01
4.595600068569183350e-01
4.932395517826080322e-01
6.200101971626281738e-01
5.425234436988830566e-01
2.620762884616851807e-01
6.438436508178710938e-01
5.779989361763000488e-01
6.027020812034606934e-01
5.429850220680236816e-01
4.972960054874420166e-01
4.953486323356628418e-01
6.271559596061706543e-01
5.216087102890014648e-01
6.428802013397216797e-01
5.839095711708068848e-01
4.016884565353393555e-01
6.572105288505554199e-01
4.570396542549133301e-01
4.966092407703399658e-01
5.564318299293518066e-01
3.857960700988769531e-01
5.501016378402709961e-01
6.384479403495788574e-01
6.109699606895446777e-01
6.556363105773925781e-01
6.158391237258911133e-01
6.278414130210876465e-01
4.994812607765197754e-01
5.511560440063476562e-01
6.152129173278808594e-01
6.043053269386291504e-01
6.216998100280761719e-01
4.485405981540679932e-01
6.124026179313659668e-01
6.312278509140014648e-01
6.137669086456298828e-01
6.542673707008361816e-01
6.279253363609313965e-01
5.684848427772521973e-01
8.009814471006393433e-02
6.341380476951599121e-01
6.493374705314636230e-01
6.092911362648010254e-01
5.825062394142150879e-01
6.130857467651367188e-01
6.135545969009399414e-01
4.086035490036010742e-01
5.972172021865844727e-01
4.899982213973999023e-01
6.546955108642578125e-01
6.409160494804382324e-01
6.185051798820495605e-01
5.422177314758300781e-01
5.773651599884033203e-01
6.551929116249084473e-01
6.602240800857543945e-01
5.509080886840820312e-01
3.738770782947540283e-01
6.441034674644470215e-01
4.548240900039672852e-01
6.309798955917358398e-01
6.511643528938293457e-01
3.787082135677337646e-01
3.895636200904846191e-01
6.473062038421630859e-01
5.875025987625122070e-01
6.497613191604614258e-01
5.640701055526733398e-01
1.607647687196731567e-01
5.858264565467834473e-01
5.856650471687316895e-01
4.782589673995971680e-01
6.221358180046081543e-01
4.568051099777221680e-01
6.513735055923461914e-01
6.530696749687194824e-01
5.684601068496704102e-01
5.242811441421508789e-01
4.239761829376220703e-01
5.988426208496093750e-01
3.639987409114837646e-01
4.999617338180541992e-01
6.357249617576599121e-01
5.022794604301452637e-01
6.087368726730346680e-01
4.748368263244628906e-01
2.952314019203186035e-01
6.192696690559387207e-01
5.971716046333312988e-01
8.644608408212661743e-02
5.871397256851196289e-01
6.298627853393554688e-01
6.718963384628295898e-01
6.470068097114562988e-01
4.852854311466217041e-01
6.585717201232910156e-01
6.281697750091552734e-01
5.325373411178588867e-01
6.303849220275878906e-01
4.455091655254364014e-01
5.647071003913879395e-01
6.319777369499206543e-01
6.239506006240844727e-01
6.040784716606140137e-01
5.010142326354980469e-01
3.415470421314239502e-01
6.500873565673828125e-01
6.491187214851379395e-01
6.083058118820190430e-01
4.420963227748870850e-01
5.961410999298095703e-01
6.391525268554687500e-01
3.487961590290069580e-01
6.838272213935852051e-01
5.662763714790344238e-01
5.375625491142272949e-01
6.562373042106628418e-01
3.973517417907714844e-01
6.193745136260986328e-01
5.958317518234252930e-01
6.405996680259704590e-01
4.319669306278228760e-01
6.463944315910339355e-01
1.250520199537277222e-01
6.560326218605041504e-01
5.817582011222839355e-01
5.986449122428894043e-01
5.777835249900817871e-01
6.651943922042846680e-01
5.917615294456481934e-01
6.560102701187133789e-01
5.982925295829772949e-01
5.501779913902282715e-01
5.006009340286254883e-01
3.944610953330993652e-01
5.098329186439514160e-01
6.691082119941711426e-01
5.053600668907165527e-01
4.890171587467193604e-01
6.348376870155334473e-01
6.029197573661804199e-01
6.584290862083435059e-01
6.449051499366760254e-01
6.374808549880981445e-01
6.577035188674926758e-01
3.547792136669158936e-01
5.886859893798828125e-01
6.242801547050476074e-01
6.231791377067565918e-01
6.229792833328247070e-01
6.469601988792419434e-01
5.142882466316223145e-01
3.613142371177673340e-01
6.228105425834655762e-01
5.988172292709350586e-01
4.485292732715606689e-01
6.246603131294250488e-01
3.549090623855590820e-01
6.181081533432006836e-01
5.993077754974365234e-01
6.385388970375061035e-01
6.207076907157897949e-01
4.748082458972930908e-01
5.670782327651977539e-01
6.438353657722473145e-01
5.580707192420959473e-01
2.762550413608551025e-01
6.370382308959960938e-01
6.412419676780700684e-01
4.760462045669555664e-01
6.106893420219421387e-01
5.339738726615905762e-01
6.549319624900817871e-01
5.957341194152832031e-01
7.673913985490798950e-02
4.913261532783508301e-01
5.127787590026855469e-01
5.232726931571960449e-01
5.777418017387390137e-01
5.321822166442871094e-01
6.310885548591613770e-01
6.502722501754760742e-01
2.411945015192031860e-01
6.348316669464111328e-01
5.877435207366943359e-01
5.394071936607360840e-01
6.459910869598388672e-01
5.494561791419982910e-01
4.528252780437469482e-01
6.293539404869079590e-01
6.493768095970153809e-01
6.018051505088806152e-01
3.955157399177551270e-01
4.424959421157836914e-01
6.426813006401062012e-01
6.399744749069213867e-01
4.086643755435943604e-01
5.270190238952636719e-01
5.298261642456054688e-01
6.476467251777648926e-01
6.521023511886596680e-01
6.237410902976989746e-01
4.927209615707397461e-01
5.548062324523925781e-01
3.922722935676574707e-01
6.305050849914550781e-01
4.960981011390686035e-01
5.220100283622741699e-01
4.427436888217926025e-01
4.365240633487701416e-01
5.620860457420349121e-01
3.824315965175628662e-01
4.630067348480224609e-01
5.464572906494140625e-01
5.859255194664001465e-01
9.730607271194458008e-02
4.500750303268432617e-01
5.734564661979675293e-01
6.213507652282714844e-01
5.869055986404418945e-01
6.537186503410339355e-01
6.441734433174133301e-01
7.441724836826324463e-02
5.888261198997497559e-01
4.233577251434326172e-01
5.441725850105285645e-01
4.574457406997680664e-01
1.064956933259963989e-01
4.547637701034545898e-01
4.340943694114685059e-01
5.410518646240234375e-01
5.009518861770629883e-01
5.180622935295104980e-01
1.402860432863235474e-01
5.647917389869689941e-01
3.709517121315002441e-01
6.379299759864807129e-01
6.493981480598449707e-01
5.612299442291259766e-01
5.865969657897949219e-01
5.525980591773986816e-01
4.134803414344787598e-01
4.602976143360137939e-01
5.929679870605468750e-01
4.916336834430694580e-01
5.329953432083129883e-01
4.291635751724243164e-01
5.168856978416442871e-01
6.263867020606994629e-01
6.534504890441894531e-01
4.178768992424011230e-01
3.541420102119445801e-01
6.417340636253356934e-01
6.134436130523681641e-01
6.290343403816223145e-01
6.394338011741638184e-01
2.620762884616851807e-01
6.055426001548767090e-01
5.209834575653076172e-01
6.100128889083862305e-01
4.507061541080474854e-01
6.496498584747314453e-01
6.221754550933837891e-01
6.544280648231506348e-01
6.127334833145141602e-01
5.651398301124572754e-01
6.302614212036132812e-01
6.646242737770080566e-01
2.053759694099426270e-01
6.071541309356689453e-01
3.745374977588653564e-01
5.976045131683349609e-01
6.316446065902709961e-01
4.996054172515869141e-01
2.056641876697540283e-01
6.417924165725708008e-01
4.531730413436889648e-01
6.471990942955017090e-01
6.487612128257751465e-01
6.390682458877563477e-01
4.503293037414550781e-01
6.135082244873046875e-01
2.895985543727874756e-01
6.476895809173583984e-01
5.832810401916503906e-01
6.317354440689086914e-01
5.367042422294616699e-01
6.001546978950500488e-01
4.252204596996307373e-01
6.186471581459045410e-01
3.738621175289154053e-01
6.071628332138061523e-01
5.714470744132995605e-01
4.950086772441864014e-01
3.892515599727630615e-01
6.129636168479919434e-01
4.896533489227294922e-01
6.590851545333862305e-01
4.794403612613677979e-01
5.036745667457580566e-01
6.500592231750488281e-01
4.328324496746063232e-01
6.535096764564514160e-01
4.001737833023071289e-01
4.111702442169189453e-01
8.093693852424621582e-02
5.645117759704589844e-01
4.655999541282653809e-01
6.495544314384460449e-01
1.092301011085510254e-01
6.098641157150268555e-01
6.605315804481506348e-01
6.365704536437988281e-01
6.265137195587158203e-01
6.365640759468078613e-01
5.086418390274047852e-01
4.479335844516754150e-01
5.746591687202453613e-01
6.158448457717895508e-01
4.067371189594268799e-01
5.947750210762023926e-01
4.773976504802703857e-01
6.018426418304443359e-01
4.376396238803863525e-01
6.141576766967773438e-01
6.036683320999145508e-01
5.336244702339172363e-01
4.192764461040496826e-01
5.634264945983886719e-01
6.225644946098327637e-01
4.888224005699157715e-01
6.604706048965454102e-01
5.203623175621032715e-01
7.764130085706710815e-02
6.474375724792480469e-01
6.303412914276123047e-01
5.655583739280700684e-01
5.829193592071533203e-01
4.620148241519927979e-01
6.188345551490783691e-01
6.388010978698730469e-01
6.382119655609130859e-01
4.119921028614044189e-01
6.451099514961242676e-01
6.432249546051025391e-01
6.305428147315979004e-01
5.725799798965454102e-01
4.924458265304565430e-01
4.619195759296417236e-01
9.604360163211822510e-02
6.517425179481506348e-01
6.684489250183105469e-01
6.233145594596862793e-01
5.260149836540222168e-01
5.839416384696960449e-01
4.886852204799652100e-01
6.221616268157958984e-01
6.178238987922668457e-01
6.041008830070495605e-01
5.439568758010864258e-01
3.738532960414886475e-01
4.106030762195587158e-01
4.528538286685943604e-01
5.453103780746459961e-01
5.512309670448303223e-01
6.046629548072814941e-01
5.488208532333374023e-01
6.473785042762756348e-01
3.466516137123107910e-01
5.139819383621215820e-01
5.579125285148620605e-01
4.331414103507995605e-01
6.491230726242065430e-01
4.973177015781402588e-01
5.305408239364624023e-01
6.266662478446960449e-01
4.695861339569091797e-01
5.227175354957580566e-01
6.237758994102478027e-01
6.733672022819519043e-01
1.188227534294128418e-01
7.563750445842742920e-02
6.530212759971618652e-01
6.626608371734619141e-01
6.548180580139160156e-01
5.645512938499450684e-01
5.928712487220764160e-01
5.582990050315856934e-01
5.902585983276367188e-01
4.805620908737182617e-01
6.388712525367736816e-01
4.503267705440521240e-01
3.411558270454406738e-01
5.319635868072509766e-01
5.495098233222961426e-01
4.329205453395843506e-01
5.795198082923889160e-01
6.310364007949829102e-01
6.095043420791625977e-01
5.911333560943603516e-01
6.146852374076843262e-01
5.674167871475219727e-01
4.254703819751739502e-01
6.541642546653747559e-01
4.726577997207641602e-01
6.273383498191833496e-01
6.310407519340515137e-01
6.531744003295898438e-01
4.818663001060485840e-01
4.237383902072906494e-01
6.156126856803894043e-01
6.379860639572143555e-01
4.046347737312316895e-01
5.733572840690612793e-01
6.448904275894165039e-01
5.654072165489196777e-01
5.802670717239379883e-01
3.832576870918273926e-01
5.394797325134277344e-01
3.594424724578857422e-01
5.748854875564575195e-01
6.714280247688293457e-01
3.943333029747009277e-01
6.340346336364746094e-01
6.147958636283874512e-01
6.115303635597229004e-01
4.889022409915924072e-01
5.720663666725158691e-01
6.574850678443908691e-01
4.833285510540008545e-01
6.752721071243286133e-01
5.223361849784851074e-01
6.349089145660400391e-01
5.806626081466674805e-01
4.134140312671661377e-01
6.282228231430053711e-01
5.408365726470947266e-01
5.084696412086486816e-01
3.936189413070678711e-01
6.163787841796875000e-01
4.782967865467071533e-01
2.053759694099426270e-01
6.216037869453430176e-01
6.480950117111206055e-01
6.379337310791015625e-01
6.638119816780090332e-01
2.470884025096893311e-01
5.350028276443481445e-01
4.492205381393432617e-01
6.276759505271911621e-01
4.647430181503295898e-01
6.039651036262512207e-01
5.441426038742065430e-01
5.331364274024963379e-01
6.546934247016906738e-01
1.675784140825271606e-01
5.897217988967895508e-01
4.109712243080139160e-01
3.711766600608825684e-01
5.312339067459106445e-01
5.868396162986755371e-01
6.447485685348510742e-01
3.845197856426239014e-01
5.121799111366271973e-01
3.840956687927246094e-01
6.366249918937683105e-01
7.765960693359375000e-02
3.579254448413848877e-01
6.061646938323974609e-01
5.703452229499816895e-01
5.433559417724609375e-01
4.217879474163055420e-01
4.486134648323059082e-01
6.057677865028381348e-01
9.163263440132141113e-02
6.169945001602172852e-01
6.426848769187927246e-01
6.511008739471435547e-01
6.370583772659301758e-01
4.315234124660491943e-01
3.562822341918945312e-01
6.361721754074096680e-01
6.352497935295104980e-01
4.161690473556518555e-01
5.647555589675903320e-01
5.646506547927856445e-01
5.796167850494384766e-01
1.994756311178207397e-01
5.790966153144836426e-01
5.890840291976928711e-01
6.352251172065734863e-01
5.977395176887512207e-01
5.918387174606323242e-01
6.130911707878112793e-01
5.179107189178466797e-01
6.582104563713073730e-01
5.159575343132019043e-01
4.147047996520996094e-01
6.156719326972961426e-01
6.498578190803527832e-01
1.916946917772293091e-01
5.106645822525024414e-01
5.665543079376220703e-01
5.871328115463256836e-01
3.773104548454284668e-01
4.619963467121124268e-01
6.404651999473571777e-01
5.547561049461364746e-01
5.769699811935424805e-01
5.164504051208496094e-01
4.684656262397766113e-01
5.349907279014587402e-01
5.040339827537536621e-01
6.333662867546081543e-01
6.683644652366638184e-01
5.320057868957519531e-01
6.287994980812072754e-01
1.246110722422599792e-01
6.114184260368347168e-01
5.598988533020019531e-01
6.338322162628173828e-01
6.357527375221252441e-01
2.070111036300659180e-01
6.235986351966857910e-01
6.328673362731933594e-01
6.343254446983337402e-01
5.205949544906616211e-01
6.072489619255065918e-01
5.629901289939880371e-01
4.768410027027130127e-01
6.421719789505004883e-01
6.010909676551818848e-01
6.190654635429382324e-01
2.261088192462921143e-01
6.288172006607055664e-01
6.181075572967529297e-01
6.125816702842712402e-01
3.745935857295989990e-01
6.487492322921752930e-01
5.387430191040039062e-01
2.423861324787139893e-01
6.414685249328613281e-01
5.283159017562866211e-01
5.230602025985717773e-01
6.034554839134216309e-01
6.352890133857727051e-01
3.966106176376342773e-01
5.094152688980102539e-01
3.653433322906494141e-01
5.962864160537719727e-01
5.877699255943298340e-01
6.516675353050231934e-01
6.097227931022644043e-01
6.240311264991760254e-01
6.612012386322021484e-01
7.635769993066787720e-02
4.254946708679199219e-01
5.877035856246948242e-01
5.977196693420410156e-01
6.504274010658264160e-01
6.182944774627685547e-01
4.354865252971649170e-01
4.149670004844665527e-01
4.039026796817779541e-01
5.650216341018676758e-01
5.744922757148742676e-01
4.353522658348083496e-01
5.591933131217956543e-01
5.982091426849365234e-01
6.195105910301208496e-01
5.698733329772949219e-01
4.884111583232879639e-01
5.616899728775024414e-01
6.528849005699157715e-01
4.856849014759063721e-01
5.638160705566406250e-01
6.646917462348937988e-01
6.231306791305541992e-01
5.196479558944702148e-01
4.649779796600341797e-01
4.169738888740539551e-01
1.012197360396385193e-01
6.253647208213806152e-01
5.339466929435729980e-01
5.993641614913940430e-01
6.054009199142456055e-01
5.735210776329040527e-01
6.513866782188415527e-01
5.365518331527709961e-01
6.356543898582458496e-01
6.454419493675231934e-01
3.824470937252044678e-01
6.682991385459899902e-01
6.075099706649780273e-01
6.005753278732299805e-01
5.523563027381896973e-01
6.399370431900024414e-01
5.461983084678649902e-01
6.224963665008544922e-01
5.745734572410583496e-01
5.034303665161132812e-01
6.348701715469360352e-01
3.313784301280975342e-01
6.544488668441772461e-01
4.975559413433074951e-01
4.992988407611846924e-01
5.743278264999389648e-01
5.574309825897216797e-01
6.449051499366760254e-01
6.184735894203186035e-01
6.051814556121826172e-01
4.595850706100463867e-01
5.693272948265075684e-01
2.998271882534027100e-01
1.371502280235290527e-01
5.141452550888061523e-01
5.578507184982299805e-01
2.768544256687164307e-01
3.774316310882568359e-01
4.106804728507995605e-01
6.476224064826965332e-01
6.046075224876403809e-01
5.683341622352600098e-01
5.327355265617370605e-01
6.356955766677856445e-01
5.956436991691589355e-01
5.934722423553466797e-01
6.466333866119384766e-01
5.513522028923034668e-01
5.819563269615173340e-01
6.028749942779541016e-01
6.273966431617736816e-01
4.663110673427581787e-01
6.506959199905395508e-01
5.244403481483459473e-01
6.147345304489135742e-01
6.314694881439208984e-01
5.981798171997070312e-01
5.623615980148315430e-01
3.526878952980041504e-01
5.046173930168151855e-01
6.578177809715270996e-01
3.922922909259796143e-01
4.675746560096740723e-01
5.329425930976867676e-01
6.484120488166809082e-01
6.488980054855346680e-01
4.471559524536132812e-01
6.056774258613586426e-01
4.587148427963256836e-01
5.767849683761596680e-01
6.360534429550170898e-01
3.324573338031768799e-01
5.976011753082275391e-01
6.360851526260375977e-01
5.730616450309753418e-01
4.251340031623840332e-01
6.188389062881469727e-01
5.461327433586120605e-01
5.185173153877258301e-01
5.532935261726379395e-01
6.517127752304077148e-01
6.265289187431335449e-01
6.067059636116027832e-01
6.266013383865356445e-01
6.030088067054748535e-01
5.799104571342468262e-01
4.817756414413452148e-01
5.611275434494018555e-01
6.448709964752197266e-01
4.358434677124023438e-01
6.653214097023010254e-01
2.053759694099426270e-01
4.401410520076751709e-01
3.233890235424041748e-01
4.010125994682312012e-01
6.309780478477478027e-01
6.304299235343933105e-01
6.086394786834716797e-01
5.166461467742919922e-01
5.814570784568786621e-01
3.487609624862670898e-01
2.199380099773406982e-01
5.958662629127502441e-01
6.327829360961914062e-01
1.707582175731658936e-01
5.094842314720153809e-01
6.243744492530822754e-01
4.822716414928436279e-01
4.332667291164398193e-01
6.251460313796997070e-01
3.855518698692321777e-01
4.472947120666503906e-01
5.998063087463378906e-01
6.599569916725158691e-01
6.380954980850219727e-01
6.274966001510620117e-01
6.567975878715515137e-01
6.141858100891113281e-01
5.966913700103759766e-01
6.075657606124877930e-01
6.504498124122619629e-01
5.806503295898437500e-01
8.614789694547653198e-02
6.329576373100280762e-01
5.378987193107604980e-01
5.191731452941894531e-01
6.533403396606445312e-01
5.157398581504821777e-01
5.223715305328369141e-01
6.223887801170349121e-01
6.106057763099670410e-01
5.572609901428222656e-01
5.516816973686218262e-01
4.721897244453430176e-01
6.330097317695617676e-01
6.086543202400207520e-01
6.343439817428588867e-01
6.827563047409057617e-01
5.959585309028625488e-01
5.296809673309326172e-01
5.643477439880371094e-01
5.745358467102050781e-01
6.101984381675720215e-01
5.725965499877929688e-01
6.052839756011962891e-01
6.326525211334228516e-01
6.358857154846191406e-01
6.053722500801086426e-01
6.373724341392517090e-01
4.400601685047149658e-01
4.424361884593963623e-01
1.078900247812271118e-01
6.390686631202697754e-01
4.818835854530334473e-01
6.450962424278259277e-01
6.494014263153076172e-01
6.302501559257507324e-01
6.315693259239196777e-01
6.023215055465698242e-01
5.272004604339599609e-01
4.881808161735534668e-01
5.986478924751281738e-01
5.197901129722595215e-01
4.576252698898315430e-01
2.844752967357635498e-01
5.281933546066284180e-01
6.622258424758911133e-01
6.214783787727355957e-01
5.753164291381835938e-01
5.538465976715087891e-01
6.275541782379150391e-01
2.698750197887420654e-01
6.321447491645812988e-01
4.608849883079528809e-01
5.984060168266296387e-01
5.839931368827819824e-01
1.486333459615707397e-01
6.443193554878234863e-01
5.244295597076416016e-01
6.333914399147033691e-01
6.731557250022888184e-01
6.402142047882080078e-01
6.011039614677429199e-01
6.686112880706787109e-01
5.163348317146301270e-01
3.812883794307708740e-01
5.737642049789428711e-01
4.699745178222656250e-01
4.190933704376220703e-01
5.820471644401550293e-01
4.950776696205139160e-01
5.151742696762084961e-01
6.416843533515930176e-01
1.666994094848632812e-01
4.597266316413879395e-01
6.652746796607971191e-01
5.716798305511474609e-01
5.409925580024719238e-01
6.127665638923645020e-01
5.945902466773986816e-01
5.716757774353027344e-01
6.029829382896423340e-01
5.391584634780883789e-01
6.051357984542846680e-01
3.915280103683471680e-01
5.962785482406616211e-01
5.817333459854125977e-01
6.252924203872680664e-01
6.514450311660766602e-01
5.652565360069274902e-01
4.807414710521697998e-01
6.138757467269897461e-01
4.740993678569793701e-01
4.939527511596679688e-01
5.163313150405883789e-01
4.836937487125396729e-01
4.407137930393218994e-01
5.276526212692260742e-01
6.042997837066650391e-01
4.519570767879486084e-01
5.734614729881286621e-01
6.010174751281738281e-01
5.604844093322753906e-01
6.196883916854858398e-01
6.401858329772949219e-01
1.132357046008110046e-01
5.873261094093322754e-01
4.834766387939453125e-01
3.798050284385681152e-01
5.146270394325256348e-01
5.165191292762756348e-01
6.353142261505126953e-01
5.718199014663696289e-01
7.434903085231781006e-02
6.602680683135986328e-01
2.746358215808868408e-01
3.351157307624816895e-01
4.396554231643676758e-01
6.130177974700927734e-01
6.416967511177062988e-01
4.373331665992736816e-01
6.203617453575134277e-01
6.398648023605346680e-01
6.361109018325805664e-01
6.175202131271362305e-01
4.380355179309844971e-01
3.601600527763366699e-01
6.486305594444274902e-01
2.245396673679351807e-01
1.061470508575439453e-01
6.343019008636474609e-01
6.144677996635437012e-01
6.163634657859802246e-01
5.432881116867065430e-01
6.097057461738586426e-01
5.381028652191162109e-01
5.213222503662109375e-01
5.207133889198303223e-01
4.168372154235839844e-01
5.254699587821960449e-01
2.796825170516967773e-01
6.014065146446228027e-01
3.060118556022644043e-01
4.644305706024169922e-01
5.811914205551147461e-01
5.737538337707519531e-01
6.392199993133544922e-01
6.033034920692443848e-01
5.021229982376098633e-01
5.682405829429626465e-01
5.733821392059326172e-01
6.512272357940673828e-01
6.031296253204345703e-01
8.416587859392166138e-02
4.378940165042877197e-01
3.513853251934051514e-01
6.121939420700073242e-01
6.270871758460998535e-01
6.462381482124328613e-01
6.009894609451293945e-01
6.295679807662963867e-01
6.585680246353149414e-01
4.791132509708404541e-01
5.153907537460327148e-01
6.144672036170959473e-01
4.383187294006347656e-01
5.808916091918945312e-01
5.629168748855590820e-01
4.984074532985687256e-01
5.095417499542236328e-01
5.445712804794311523e-01
6.499662995338439941e-01
6.020233035087585449e-01
3.792578577995300293e-01
5.967559814453125000e-01
5.798835158348083496e-01
6.348111629486083984e-01
5.497253537178039551e-01
6.303495168685913086e-01
5.516093373298645020e-01
5.549970865249633789e-01
5.547069311141967773e-01
5.581810474395751953e-01
4.486742615699768066e-01
4.911324381828308105e-01
6.393951773643493652e-01
5.067933201789855957e-01
4.302377104759216309e-01
6.505136489868164062e-01
5.021229982376098633e-01
4.095140695571899414e-01
6.178636550903320312e-01
6.198899745941162109e-01
6.486502289772033691e-01
6.340538263320922852e-01
5.094103813171386719e-01
4.477456212043762207e-01
4.884174168109893799e-01
6.510537266731262207e-01
6.257153749465942383e-01
5.874180793762207031e-01
5.945392251014709473e-01
5.628043413162231445e-01
5.192080140113830566e-01
5.796286463737487793e-01
5.544711947441101074e-01
5.994316935539245605e-01
6.027066111564636230e-01
6.291065216064453125e-01
4.046895802021026611e-01
5.988858342170715332e-01
3.686594367027282715e-01
6.060479283332824707e-01
5.864504575729370117e-01
6.731479763984680176e-01
4.190154373645782471e-01
3.348461091518402100e-01
4.971527755260467529e-01
6.638324260711669922e-01
6.146930456161499023e-01
4.869963824748992920e-01
6.177142858505249023e-01
1.403276026248931885e-01
6.020542383193969727e-01
4.485852420330047607e-01
6.401158571243286133e-01
6.450958251953125000e-01
6.374883651733398438e-01
3.045192658901214600e-01
5.290520191192626953e-01
6.388437151908874512e-01
3.755373358726501465e-01
3.788126707077026367e-01
5.718117952346801758e-01
6.318231821060180664e-01
4.867974221706390381e-01
5.561264753341674805e-01
6.272286772727966309e-01
6.173006296157836914e-01
5.820544362068176270e-01
6.351988315582275391e-01
6.453143954277038574e-01
6.134701371192932129e-01
5.836684703826904297e-01
6.452441811561584473e-01
6.313669085502624512e-01
6.669638156890869141e-01
5.150305628776550293e-01
6.089640855789184570e-01
2.840636372566223145e-01
5.993801355361938477e-01
6.123890280723571777e-01
5.610424280166625977e-01
4.898509979248046875e-01
6.143988966941833496e-01
6.310065984725952148e-01
6.397423148155212402e-01
5.227422714233398438e-01
6.375697851181030273e-01
4.483334124088287354e-01
4.290917515754699707e-01
6.064127087593078613e-01
4.255033433437347412e-01
5.636175274848937988e-01
3.991648852825164795e-01
5.718438029289245605e-01
6.472349762916564941e-01
4.959941506385803223e-01
4.061722755432128906e-01
6.395167708396911621e-01
4.958517551422119141e-01
6.087348461151123047e-01
4.938010275363922119e-01
6.381351351737976074e-01
3.938246667385101318e-01
3.429695665836334229e-01
6.426400542259216309e-01
6.298627853393554688e-01
4.928134381771087646e-01
5.622830986976623535e-01
5.383235216140747070e-01
4.584150314331054688e-01
6.125816702842712402e-01
5.418481230735778809e-01
9.741263836622238159e-02
5.706135034561157227e-01
6.578762531280517578e-01
6.684479117393493652e-01
4.458348751068115234e-01
4.592557847499847412e-01
5.890312194824218750e-01
3.125970065593719482e-01
6.173459291458129883e-01
3.714058995246887207e-01
6.319561004638671875e-01
6.723265647888183594e-01
6.255404949188232422e-01
4.806028902530670166e-01
6.102485060691833496e-01
5.357359647750854492e-01
5.446516871452331543e-01
5.861544609069824219e-01
5.362697243690490723e-01
6.376726627349853516e-01
6.225190162658691406e-01
6.553154587745666504e-01
4.778703153133392334e-01
5.022066235542297363e-01
6.536102890968322754e-01
5.516133308410644531e-01
1.499262601137161255e-01
6.683030724525451660e-01
4.668326973915100098e-01
6.052292585372924805e-01
4.766590297222137451e-01
3.865344524383544922e-01
6.120320558547973633e-01
2.535282075405120850e-01
6.173580884933471680e-01
5.784538984298706055e-01
4.723555743694305420e-01
7.531862705945968628e-02
6.739414930343627930e-01
6.325708031654357910e-01
4.011847972869873047e-01
6.255324482917785645e-01
4.978121221065521240e-01
6.138940453529357910e-01
5.311561822891235352e-01
5.921033024787902832e-01
6.017279624938964844e-01
4.078871905803680420e-01
5.987464785575866699e-01
4.752769768238067627e-01
5.365490317344665527e-01
6.268006563186645508e-01
6.355187892913818359e-01
6.292466521263122559e-01
6.452772617340087891e-01
5.049395561218261719e-01
5.228964090347290039e-01
6.710026860237121582e-01
6.600775718688964844e-01
5.669865608215332031e-01
4.211460947990417480e-01
4.877569675445556641e-01
6.271997094154357910e-01
5.414353013038635254e-01
6.135105490684509277e-01
5.130282044410705566e-01
6.341713666915893555e-01
6.567482948303222656e-01
4.190513193607330322e-01
6.457279920578002930e-01
6.124151349067687988e-01
5.532253384590148926e-01
5.836997628211975098e-01
4.633054137229919434e-01
5.913625359535217285e-01
5.365827083587646484e-01
5.787732005119323730e-01
6.158210039138793945e-01
6.269083619117736816e-01
6.108055710792541504e-01
6.008840203285217285e-01
5.548585653305053711e-01
5.633005499839782715e-01
3.972525000572204590e-01
6.185674071311950684e-01
4.629317820072174072e-01
5.875056982040405273e-01
5.039724707603454590e-01
4.955609440803527832e-01
2.250311821699142456e-01
8.945529907941818237e-02
5.229742527008056641e-01
5.159550309181213379e-01
4.743543863296508789e-01
6.514614224433898926e-01
4.903179109096527100e-01
6.007885932922363281e-01
6.253619790077209473e-01
6.655538678169250488e-01
4.459572732448577881e-01
6.390715837478637695e-01
6.331136226654052734e-01
5.234689116477966309e-01
6.235470175743103027e-01
6.060448288917541504e-01
6.287296414375305176e-01
6.109161972999572754e-01
6.224983334541320801e-01
6.487795710563659668e-01
4.868585467338562012e-01
6.424345970153808594e-01
6.020169854164123535e-01
5.611539483070373535e-01
4.474893212318420410e-01
6.616939902305603027e-01
5.091376900672912598e-01
6.284059286117553711e-01
6.366790533065795898e-01
3.297623991966247559e-01
4.497780501842498779e-01
6.048179864883422852e-01
5.815687179565429688e-01
6.384792923927307129e-01
3.913612067699432373e-01
5.778961181640625000e-01
6.205296516418457031e-01
4.570109546184539795e-01
4.899850189685821533e-01
5.650020837783813477e-01
5.607070922851562500e-01
6.376722455024719238e-01
6.302069425582885742e-01
6.173218488693237305e-01
6.316736936569213867e-01
6.060233712196350098e-01
1.824700683355331421e-01
6.008021831512451172e-01
3.755985796451568604e-01
6.005270481109619141e-01
4.852229952812194824e-01
6.346793174743652344e-01
6.380071640014648438e-01
6.192494630813598633e-01
6.481373906135559082e-01
6.385272145271301270e-01
4.338670969009399414e-01
6.203760504722595215e-01
4.962315559387207031e-01
4.820511639118194580e-01
6.094943881034851074e-01
6.494746208190917969e-01
6.017059087753295898e-01
6.254515051841735840e-01
6.711041927337646484e-01
6.205570101737976074e-01
5.926859378814697266e-01
6.770325303077697754e-01
5.260919928550720215e-01
5.217505097389221191e-01
5.900982022285461426e-01
6.596625447273254395e-01
4.881496727466583252e-01
5.927394628524780273e-01
4.405836164951324463e-01
6.297199726104736328e-01
4.962338507175445557e-01
6.123303174972534180e-01
1.319574862718582153e-01
6.134382486343383789e-01
6.069892048835754395e-01
5.731832385063171387e-01
5.750806927680969238e-01
6.077942252159118652e-01
5.759801268577575684e-01
5.869541764259338379e-01
5.280517339706420898e-01
6.392842531204223633e-01
6.305694580078125000e-01
6.641163825988769531e-01
5.534495115280151367e-01
4.918243885040283203e-01
5.260275006294250488e-01
3.668380081653594971e-01
6.312054395675659180e-01
6.721065640449523926e-01
4.573866426944732666e-01
6.549143791198730469e-01
4.156256020069122314e-01
6.419050693511962891e-01
2.363468110561370850e-01
4.083080887794494629e-01
5.564504861831665039e-01
6.070013642311096191e-01
6.548804044723510742e-01
5.762074589729309082e-01
4.507306218147277832e-01
4.569315612316131592e-01
5.780059099197387695e-01
5.704849958419799805e-01
4.752238690853118896e-01
4.392861425876617432e-01
5.312046408653259277e-01
5.851683616638183594e-01
6.541472673416137695e-01
7.826887071132659912e-02
5.688899159431457520e-01
4.486778676509857178e-01
6.470146179199218750e-01
5.636460781097412109e-01
6.575734615325927734e-01
6.396305561065673828e-01
4.752659797668457031e-01
4.416384398937225342e-01
5.299635529518127441e-01
6.316645741462707520e-01
6.096759438514709473e-01
5.911318659782409668e-01
6.459864377975463867e-01
6.155485510826110840e-01
1.854464113712310791e-01
5.809354186058044434e-01
6.382217407226562500e-01
6.585001945495605469e-01
4.931881725788116455e-01
6.461485028266906738e-01
5.949029922485351562e-01
6.465570330619812012e-01
3.553401529788970947e-01
6.349930167198181152e-01
5.314292311668395996e-01
5.401321649551391602e-01
6.148547530174255371e-01
5.597052574157714844e-01
5.896809697151184082e-01
6.289289593696594238e-01
6.144024729728698730e-01
6.143011450767517090e-01
3.305826485157012939e-01
5.433963537216186523e-01
6.361103057861328125e-01
6.490860581398010254e-01
6.372336149215698242e-01
5.170267820358276367e-01
5.964735746383666992e-01
4.916724264621734619e-01
4.024692177772521973e-01
4.167919754981994629e-01
6.080538630485534668e-01
6.313880681991577148e-01
6.399238109588623047e-01
6.433756351470947266e-01
6.276894211769104004e-01
4.599180519580841064e-01
6.137914061546325684e-01
6.493837237358093262e-01
5.089954137802124023e-01
6.055013537406921387e-01
5.746972560882568359e-01
6.078001260757446289e-01
6.082478165626525879e-01
5.753037929534912109e-01
5.487608313560485840e-01
5.273637771606445312e-01
6.170951128005981445e-01
5.870944857597351074e-01
6.117057800292968750e-01
5.581205487251281738e-01
3.664495646953582764e-01
3.997938036918640137e-01
3.407558798789978027e-01
1.142932102084159851e-01
6.086365580558776855e-01
5.874881148338317871e-01
5.818734169006347656e-01
1.200437024235725403e-01
4.974215030670166016e-01
4.543988406658172607e-01
4.628936052322387695e-01
5.940780043601989746e-01
6.454813480377197266e-01
6.037874221801757812e-01
6.097539067268371582e-01
4.781138002872467041e-01
6.706516146659851074e-01
5.887200236320495605e-01
5.623939633369445801e-01
5.411635041236877441e-01
6.106699109077453613e-01
4.728159010410308838e-01
6.615779995918273926e-01
3.626747131347656250e-01
3.674857914447784424e-01
6.046777367591857910e-01
3.695752918720245361e-01
6.112555265426635742e-01
3.881791234016418457e-01
5.886030197143554688e-01
4.265303313732147217e-01
6.459817886352539062e-01
5.928676724433898926e-01
5.736461281776428223e-01
4.236296713352203369e-01
5.995213389396667480e-01
6.330417394638061523e-01
6.293515563011169434e-01
6.378214955329895020e-01
6.085907220840454102e-01
6.319465041160583496e-01
6.208284497261047363e-01
5.934745073318481445e-01
6.288426518440246582e-01
5.698094964027404785e-01
5.629901289939880371e-01
4.765799641609191895e-01
3.818127214908599854e-01
6.627559661865234375e-01
6.276118755340576172e-01
4.078424572944641113e-01
5.566437244415283203e-01
6.070548892021179199e-01
6.181690096855163574e-01
4.065639972686767578e-01
6.213828325271606445e-01
2.614794969558715820e-01
5.759807825088500977e-01
5.837867259979248047e-01
6.724897027015686035e-01
4.838051199913024902e-01
6.050483584403991699e-01
7.812305539846420288e-02
5.119879841804504395e-01
2.723955810070037842e-01
6.654721498489379883e-01
1.808996200561523438e-01
1.001438945531845093e-01
6.154315471649169922e-01
4.828986227512359619e-01
6.169205904006958008e-01
5.729084014892578125e-01
5.114079117774963379e-01
6.271488666534423828e-01
6.081993579864501953e-01
1.497040092945098877e-01
6.418445706367492676e-01
4.175394475460052490e-01
6.400256156921386719e-01
4.715330004692077637e-01
4.244409203529357910e-01
3.741514086723327637e-01
6.399123072624206543e-01
6.032221913337707520e-01
5.966162085533142090e-01
5.682390928268432617e-01
6.240777373313903809e-01
6.126378774642944336e-01
5.937162637710571289e-01
3.927903473377227783e-01
4.674061238765716553e-01
1.245434358716011047e-01
6.051331162452697754e-01
4.534322917461395264e-01
6.437239050865173340e-01
6.404612660408020020e-01
5.836716890335083008e-01
6.400545239448547363e-01
5.776136517524719238e-01
6.167914867401123047e-01
8.508411794900894165e-02
5.253707170486450195e-01
5.528275966644287109e-01
6.526924371719360352e-01
6.438485980033874512e-01
6.536989808082580566e-01
3.323558270931243896e-01
4.633703231811523438e-01
5.844598412513732910e-01
5.541823506355285645e-01
5.480870604515075684e-01
5.542533397674560547e-01
6.704074144363403320e-01
6.467602252960205078e-01
5.436266064643859863e-01
6.476418375968933105e-01
6.390098333358764648e-01
6.468372344970703125e-01
5.759018063545227051e-01
6.099866032600402832e-01
6.402820348739624023e-01
4.087950289249420166e-01
8.328951895236968994e-02
5.751372575759887695e-01
6.669205427169799805e-01
6.202324628829956055e-01
5.575309395790100098e-01
5.293588638305664062e-01
6.173453927040100098e-01
6.551761627197265625e-01
4.955410957336425781e-01
6.068294048309326172e-01
5.671730637550354004e-01
6.416239142417907715e-01
6.058441400527954102e-01
6.594658493995666504e-01
5.334549546241760254e-01
5.416638851165771484e-01
3.725232481956481934e-01
5.394518971443176270e-01
6.521302461624145508e-01
6.319186687469482422e-01
6.572096347808837891e-01
4.834769964218139648e-01
4.926027357578277588e-01
6.240196824073791504e-01
5.927633047103881836e-01
5.159445405006408691e-01
5.699350833892822266e-01
4.571367800235748291e-01
6.344607472419738770e-01
5.623559951782226562e-01
6.003316044807434082e-01
6.409915089607238770e-01
5.833550095558166504e-01
5.360826253890991211e-01
6.555796861648559570e-01
8.879999816417694092e-02
6.135545969009399414e-01
5.253623127937316895e-01
4.201762080192565918e-01
6.653226017951965332e-01
6.564486622810363770e-01
3.500099778175354004e-01
5.249335765838623047e-01
6.142539978027343750e-01
1.139993220567703247e-01
5.054773688316345215e-01
4.692383706569671631e-01
4.927756786346435547e-01
3.418795764446258545e-01
5.672214031219482422e-01
6.382413506507873535e-01
5.688850283622741699e-01
6.303426623344421387e-01
5.133565664291381836e-01
6.080378890037536621e-01
5.142704844474792480e-01
7.872935384511947632e-02
5.797393321990966797e-01
4.900138676166534424e-01
5.293096303939819336e-01
6.030703783035278320e-01
6.685444712638854980e-01
5.355877876281738281e-01
5.409753918647766113e-01
6.546257138252258301e-01
3.045312464237213135e-01
4.257892966270446777e-01
4.669572114944458008e-01
1.485149562358856201e-01
5.594344139099121094e-01
6.114071011543273926e-01
6.553115844726562500e-01
6.055961251258850098e-01
5.059598088264465332e-01
2.053759694099426270e-01
3.223168849945068359e-01
6.521815061569213867e-01
6.387672424316406250e-01
6.345481276512145996e-01
6.296918988227844238e-01
6.202423572540283203e-01
5.650424361228942871e-01
6.363231539726257324e-01
6.083299517631530762e-01
5.628585815429687500e-01
5.877369046211242676e-01
5.397677421569824219e-01
6.189293265342712402e-01
6.128658652305603027e-01
6.323994398117065430e-01
6.448543071746826172e-01
6.072720885276794434e-01
4.916623830795288086e-01
5.104258656501770020e-01
3.945174813270568848e-01
6.485999226570129395e-01
6.355581879615783691e-01
4.036183953285217285e-01
6.281096339225769043e-01
5.371403694152832031e-01
4.659493863582611084e-01
6.226736307144165039e-01
1.719273626804351807e-01
3.753388226032257080e-01
5.900938510894775391e-01
6.409457325935363770e-01
6.146165728569030762e-01
4.367598891258239746e-01
5.659518837928771973e-01
4.947100281715393066e-01
3.504273295402526855e-01
5.223518610000610352e-01
1.771108806133270264e-01
5.376670360565185547e-01
6.379871368408203125e-01
3.934493958950042725e-01
6.656062006950378418e-01
5.470106005668640137e-01
4.878824651241302490e-01
5.366907715797424316e-01
6.553726792335510254e-01
5.454007983207702637e-01
5.356073379516601562e-01
6.013734936714172363e-01
1.164386570453643799e-01
3.699952661991119385e-01
6.408564448356628418e-01
6.272948384284973145e-01
2.328146547079086304e-01
6.726356744766235352e-01
6.357121467590332031e-01
6.032631397247314453e-01
6.600422859191894531e-01
6.151201128959655762e-01
5.646882057189941406e-01
5.206313729286193848e-01
4.815573692321777344e-01
3.524612188339233398e-01
6.312659382820129395e-01
6.079466938972473145e-01
5.899540781974792480e-01
5.898514389991760254e-01
6.188186407089233398e-01
5.542420744895935059e-01
4.269355535507202148e-01
5.552969574928283691e-01
6.056464314460754395e-01
4.021841287612915039e-01
5.565994977951049805e-01
6.071163415908813477e-01
6.394627094268798828e-01
4.167396724224090576e-01
5.237478017807006836e-01
3.501673042774200439e-01
6.410773396492004395e-01
1.041538864374160767e-01
3.614245951175689697e-01
5.844689011573791504e-01
5.065681934356689453e-01
7.132217288017272949e-02
5.641885399818420410e-01
5.273745656013488770e-01
8.223846554756164551e-02
6.670697927474975586e-01
4.834415316581726074e-01
4.055643975734710693e-01
4.222204387187957764e-01
4.533275067806243896e-01
6.488980054855346680e-01
6.437377929687500000e-01
5.147253274917602539e-01
5.516508221626281738e-01
4.774769246578216553e-01
1.404957473278045654e-01
6.671018004417419434e-01
6.330696940422058105e-01
6.052457690238952637e-01
5.095861554145812988e-01
5.842584371566772461e-01
4.972271621227264404e-01
5.432792305946350098e-01
4.738913178443908691e-01
6.080797910690307617e-01
5.348119735717773438e-01
6.393294334411621094e-01
6.313832402229309082e-01
5.384206771850585938e-01
5.052708387374877930e-01
6.498237252235412598e-01
5.505616068840026855e-01
5.888975262641906738e-01
2.865254878997802734e-01
4.828377664089202881e-01
6.268371343612670898e-01
6.616491675376892090e-01
3.869434893131256104e-01
6.433746218681335449e-01
5.993013381958007812e-01
4.750505685806274414e-01
4.960666298866271973e-01
5.139812827110290527e-01
6.112536787986755371e-01
5.870753526687622070e-01
5.494597554206848145e-01
1.978109329938888550e-01
5.889071822166442871e-01
6.323817372322082520e-01
6.588069796562194824e-01
6.318790912628173828e-01
5.190621614456176758e-01
4.973331689834594727e-01
1.740677952766418457e-01
6.311332583427429199e-01
2.053759694099426270e-01
6.366645693778991699e-01
5.897642374038696289e-01
4.196622073650360107e-01
5.819153785705566406e-01
4.301981627941131592e-01
6.053621768951416016e-01
5.220299959182739258e-01
5.023617744445800781e-01
6.190301775932312012e-01
4.136039614677429199e-01
6.185337305068969727e-01
6.244313120841979980e-01
4.992995560169219971e-01
6.228616833686828613e-01
6.014764308929443359e-01
4.936279058456420898e-01
4.980865418910980225e-01
5.982191562652587891e-01
6.085696220397949219e-01
5.550955533981323242e-01
6.405810713768005371e-01
6.482108831405639648e-01
4.865804612636566162e-01
4.132050573825836182e-01
6.648837924003601074e-01
5.883526802062988281e-01
6.495279073715209961e-01
5.572980046272277832e-01
6.054300665855407715e-01
5.131772756576538086e-01
4.542954266071319580e-01
5.997422337532043457e-01
6.036617755889892578e-01
3.369243741035461426e-01
5.438802838325500488e-01
6.421996951103210449e-01
5.600919723510742188e-01
5.895606279373168945e-01
4.264402985572814941e-01
5.594678521156311035e-01
4.816925227642059326e-01
5.493927597999572754e-01
5.877570509910583496e-01
3.841575086116790771e-01
6.618952751159667969e-01
6.387295722961425781e-01
5.925196409225463867e-01
6.187392473220825195e-01
4.791266620159149170e-01
3.746867477893829346e-01
5.893890857696533203e-01
6.434287428855895996e-01
2.896470427513122559e-01
4.554851353168487549e-01
9.185601770877838135e-02
4.965318143367767334e-01
6.650266051292419434e-01
6.009747385978698730e-01
6.246080398559570312e-01
6.371855735778808594e-01
6.222231984138488770e-01
6.429987549781799316e-01
2.762532532215118408e-01
4.638589024543762207e-01
2.147857695817947388e-01
5.722169876098632812e-01
2.303094714879989624e-01
5.819754004478454590e-01
6.518497467041015625e-01
5.683937668800354004e-01
6.699660420417785645e-01
4.705750346183776855e-01
4.772943258285522461e-01
4.504642188549041748e-01
5.296135544776916504e-01
5.187018513679504395e-01
5.763168334960937500e-01
6.031544208526611328e-01
4.498330950736999512e-01
5.800595283508300781e-01
5.955060124397277832e-01
5.881903767585754395e-01
6.415525078773498535e-01
6.338075995445251465e-01
3.845197856426239014e-01
3.794954419136047363e-01
6.275504231452941895e-01
5.955660343170166016e-01
5.287862420082092285e-01
6.311733126640319824e-01
4.257763028144836426e-01
5.289574265480041504e-01
6.456677913665771484e-01
5.554983615875244141e-01
5.976274013519287109e-01
3.925905525684356689e-01
6.001909375190734863e-01
5.346119403839111328e-01
5.068807601928710938e-01
5.538979768753051758e-01
6.481214165687561035e-01
6.449600458145141602e-01
6.241858005523681641e-01
4.493407607078552246e-01
6.086419224739074707e-01
6.323765516281127930e-01
4.638459682464599609e-01
6.146550178527832031e-01
4.823658168315887451e-01
5.188722610473632812e-01
5.840160250663757324e-01
2.053759694099426270e-01
5.788692235946655273e-01
5.993045568466186523e-01
6.606641411781311035e-01
3.520227670669555664e-01
4.376949667930603027e-01
5.776787996292114258e-01
4.355157315731048584e-01
3.687945306301116943e-01
1.070200875401496887e-01
6.208459138870239258e-01
6.339765191078186035e-01
6.274591684341430664e-01
6.369957327842712402e-01
5.939461588859558105e-01
4.469830691814422607e-01
6.417537927627563477e-01
4.611360132694244385e-01
5.592137575149536133e-01
5.939836502075195312e-01
5.393779873847961426e-01
6.510576009750366211e-01
5.526443123817443848e-01
3.689003288745880127e-01
6.256402134895324707e-01
1.179201453924179077e-01
5.642713308334350586e-01
5.304723381996154785e-01
3.711768388748168945e-01
5.877864360809326172e-01
6.428272128105163574e-01
5.277987122535705566e-01
3.772230744361877441e-01
4.696280956268310547e-01
5.157241225242614746e-01
4.289240837097167969e-01
6.385113000869750977e-01
6.582704782485961914e-01
5.230188965797424316e-01
3.285233378410339355e-01
6.378397345542907715e-01
3.788380324840545654e-01
4.689027965068817139e-01
6.544320583343505859e-01
6.420642733573913574e-01
4.970838427543640137e-01
6.303190588951110840e-01
5.972714424133300781e-01
6.451006531715393066e-01
6.349539756774902344e-01
4.110062122344970703e-01
6.451162695884704590e-01
6.368626952171325684e-01
5.411688685417175293e-01
5.941526293754577637e-01
6.154567599296569824e-01
5.776778459548950195e-01
6.071099042892456055e-01
3.611798882484436035e-01
6.186801791191101074e-01
6.101007461547851562e-01
3.927177488803863525e-01
6.526706814765930176e-01
6.468399167060852051e-01
5.373569726943969727e-01
4.600495696067810059e-01
6.548472642898559570e-01
4.710956513881683350e-01
6.049355268478393555e-01
2.336196005344390869e-01
6.329734325408935547e-01
6.506732106208801270e-01
6.499766707420349121e-01
4.488761425018310547e-01
5.440796613693237305e-01
5.660772323608398438e-01
6.201899051666259766e-01
6.300519108772277832e-01
5.650307536125183105e-01
5.582856535911560059e-01
6.451972126960754395e-01
6.445430517196655273e-01
6.323545575141906738e-01
5.929679870605468750e-01
6.364834904670715332e-01
3.966989815235137939e-01
4.242318570613861084e-01
5.067508220672607422e-01
6.152967810630798340e-01
6.454629302024841309e-01
6.406971216201782227e-01
6.608335375785827637e-01
4.368143975734710693e-01
1.839390695095062256e-01
6.300235986709594727e-01
4.850948750972747803e-01
6.436815857887268066e-01
6.245607137680053711e-01
5.267058610916137695e-01
6.042410135269165039e-01
5.906876325607299805e-01
5.434337258338928223e-01
4.248972237110137939e-01
5.644531250000000000e-01
3.895753622055053711e-01
5.364143848419189453e-01
4.589098691940307617e-01
1.171451508998870850e-01
5.303598642349243164e-01
6.261222362518310547e-01
4.562807381153106689e-01
6.394972801208496094e-01
4.605234563350677490e-01
6.478445529937744141e-01
5.913733243942260742e-01
4.054062664508819580e-01
6.554434299468994141e-01
4.484040141105651855e-01
6.305441260337829590e-01
6.607625484466552734e-01
5.360785722732543945e-01
6.313638091087341309e-01
5.569260716438293457e-01
4.931039810180664062e-01
6.549953222274780273e-01
6.008826494216918945e-01
4.242552816867828369e-01
3.730722963809967041e-01
6.121076941490173340e-01
4.588407874107360840e-01
5.359377861022949219e-01
6.265163421630859375e-01
4.246531128883361816e-01
6.485055088996887207e-01
5.896012187004089355e-01
5.964027047157287598e-01
4.880173802375793457e-01
3.924238383769989014e-01
5.835195183753967285e-01
4.861154258251190186e-01
3.392901122570037842e-01
8.297999948263168335e-02
5.177549123764038086e-01
6.213487982749938965e-01
5.964919328689575195e-01
2.338213324546813965e-01
6.071281433105468750e-01
6.387138366699218750e-01
6.408033370971679688e-01
4.151579141616821289e-01
2.897281944751739502e-01
4.481772482395172119e-01
6.240239143371582031e-01
3.768254518508911133e-01
5.407840013504028320e-01
6.236305236816406250e-01
6.009833812713623047e-01
5.400527715682983398e-01
6.300277709960937500e-01
4.528672099113464355e-01
6.071275472640991211e-01
5.230230689048767090e-01
5.322188735008239746e-01
6.193693876266479492e-01
4.059200882911682129e-01
3.527851402759552002e-01
6.663478612899780273e-01
4.288545250892639160e-01
5.805292129516601562e-01
5.411729812622070312e-01
5.901262164115905762e-01
6.574848294258117676e-01
4.863773286342620850e-01
6.368839740753173828e-01
6.292063593864440918e-01
6.448267698287963867e-01
5.975341796875000000e-01
5.981440544128417969e-01
6.196370720863342285e-01
6.253674626350402832e-01
6.438206434249877930e-01
5.986862182617187500e-01
5.505682229995727539e-01
5.880683660507202148e-01
5.758237242698669434e-01
5.015799403190612793e-01
6.178954243659973145e-01
6.405967473983764648e-01
4.515517055988311768e-01
1.745488941669464111e-01
5.280906558036804199e-01
6.285165548324584961e-01
6.297275424003601074e-01
5.851037502288818359e-01
5.977346897125244141e-01
6.573518514633178711e-01
4.508482515811920166e-01
6.091307997703552246e-01
5.219251513481140137e-01
6.193237900733947754e-01
4.848870337009429932e-01
6.178121566772460938e-01
5.665131211280822754e-01
6.341701149940490723e-01
5.472079515457153320e-01
5.518540740013122559e-01
6.306036114692687988e-01
6.577879190444946289e-01
5.523953437805175781e-01
6.248412132263183594e-01
5.779219865798950195e-01
6.313637495040893555e-01
6.724936962127685547e-01
6.197276711463928223e-01
5.776668787002563477e-01
4.088440239429473877e-01
4.068436324596405029e-01
6.320672631263732910e-01
6.544174551963806152e-01
6.194161772727966309e-01
5.036262869834899902e-01
5.907848477363586426e-01
6.271467208862304688e-01
4.281305670738220215e-01
1.293201297521591187e-01
4.546939730644226074e-01
5.881589055061340332e-01
6.316645741462707520e-01
6.036087870597839355e-01
2.902033627033233643e-01
6.225165128707885742e-01
6.593033075332641602e-01
5.032430887222290039e-01
5.321351885795593262e-01
6.064594388008117676e-01
4.092932045459747314e-01
6.206259131431579590e-01
4.359634518623352051e-01
6.250432729721069336e-01
4.638089835643768311e-01
5.546576380729675293e-01
5.539860129356384277e-01
4.019265770912170410e-01
6.609017848968505859e-01
4.648516178131103516e-01
6.200389266014099121e-01
4.959855675697326660e-01
5.783993005752563477e-01
3.182080388069152832e-01
6.051641106605529785e-01
6.491257548332214355e-01
5.310068130493164062e-01
5.995399951934814453e-01
6.015783548355102539e-01
4.716127514839172363e-01
5.645987391471862793e-01
6.519042253494262695e-01
6.299409866333007812e-01
5.971251726150512695e-01
5.635527372360229492e-01
5.945392251014709473e-01
5.344013571739196777e-01
5.894496440887451172e-01
5.548256039619445801e-01
5.859643816947937012e-01
6.629035472869873047e-01
5.168033242225646973e-01
5.870125889778137207e-01
4.256452918052673340e-01
4.298063218593597412e-01
1.656866222620010376e-01
2.908599078655242920e-01
6.034554839134216309e-01
6.647416949272155762e-01
4.361521303653717041e-01
5.943228602409362793e-01
4.220473468303680420e-01
4.692184031009674072e-01
4.593220651149749756e-01
4.526631236076354980e-01
6.154302954673767090e-01
5.509053468704223633e-01
3.372402489185333252e-01
5.480357408523559570e-01
6.500340700149536133e-01
6.497567892074584961e-01
6.511806249618530273e-01
5.369346737861633301e-01
6.146141290664672852e-01
5.196059346199035645e-01
5.506260991096496582e-01
4.313661158084869385e-01
4.610031545162200928e-01
6.389960050582885742e-01
6.366688609123229980e-01
6.429812312126159668e-01
6.377285122871398926e-01
4.055671393871307373e-01
4.902264475822448730e-01
6.280625462532043457e-01
5.954479575157165527e-01
5.643985867500305176e-01
5.518925786018371582e-01
5.296112298965454102e-01
3.209511935710906982e-01
3.835967779159545898e-01
5.302381515502929688e-01
6.638119816780090332e-01
6.697136163711547852e-01
6.441130042076110840e-01
6.635222434997558594e-01
6.573652625083923340e-01
6.561492085456848145e-01
5.245389938354492188e-01
6.557295918464660645e-01
6.331156492233276367e-01
5.356081724166870117e-01
6.336314082145690918e-01
4.489246010780334473e-01
6.071981191635131836e-01
5.633172988891601562e-01
4.892392754554748535e-01
4.455946087837219238e-01
6.366522312164306641e-01
5.705326795578002930e-01
2.900702953338623047e-01
9.261810779571533203e-02
5.974295139312744141e-01
3.815496861934661865e-01
5.524882674217224121e-01
6.037876009941101074e-01
6.380403041839599609e-01
6.818217039108276367e-01
4.650561213493347168e-01
6.132965683937072754e-01
6.547920703887939453e-01
6.057632565498352051e-01
2.654792964458465576e-01
5.115538835525512695e-01
6.223146319389343262e-01
6.680927872657775879e-01
8.751069009304046631e-02
4.126054048538208008e-01
5.465052723884582520e-01
6.178793311119079590e-01
6.047840714454650879e-01
3.887208700180053711e-01
6.007011532783508301e-01
6.048229932785034180e-01
4.387255907058715820e-01
6.466378569602966309e-01
1.994088143110275269e-01
6.616759300231933594e-01
6.389919519424438477e-01
5.101609230041503906e-01
5.795580744743347168e-01
5.458719134330749512e-01
4.636648595333099365e-01
6.121417284011840820e-01
5.845328569412231445e-01
6.150588393211364746e-01
3.347482681274414062e-01
5.780913829803466797e-01
2.096714973449707031e-01
5.449024438858032227e-01
6.226937770843505859e-01
5.668952465057373047e-01
3.631364703178405762e-01
5.080634355545043945e-01
5.120547413825988770e-01
6.382712125778198242e-01
1.661601811647415161e-01
6.126537322998046875e-01
4.929136633872985840e-01
5.184547305107116699e-01
2.273306697607040405e-01
5.347356796264648438e-01
4.968858659267425537e-01
6.225861907005310059e-01
5.566536784172058105e-01
6.604136228561401367e-01
6.247649788856506348e-01
6.289241313934326172e-01
5.661668181419372559e-01
6.115632653236389160e-01
6.167182922363281250e-01
7.787586748600006104e-02
6.161875128746032715e-01
5.050470232963562012e-01
6.394453048706054688e-01
6.201182603836059570e-01
6.361505389213562012e-01
6.472981572151184082e-01
4.494687616825103760e-01
6.444872021675109863e-01
1.922239065170288086e-01
5.070315003395080566e-01
5.745008587837219238e-01
6.640228033065795898e-01
5.761612057685852051e-01
5.737276673316955566e-01
5.019473433494567871e-01
6.250666975975036621e-01
5.978823304176330566e-01
6.277131438255310059e-01
4.654933810234069824e-01
5.918543338775634766e-01
2.085153013467788696e-01
5.266780853271484375e-01
6.635298132896423340e-01
6.253788471221923828e-01
4.146135151386260986e-01
5.173005461692810059e-01
5.219333767890930176e-01
4.757849276065826416e-01
5.834875702857971191e-01
5.516585111618041992e-01
6.291987299919128418e-01
4.357670545578002930e-01
6.576070189476013184e-01
5.878103375434875488e-01
5.418305993080139160e-01
5.196471810340881348e-01
6.686909794807434082e-01
5.601833462715148926e-01
5.127951502799987793e-01
5.961897373199462891e-01
5.659507513046264648e-01
4.097864925861358643e-01
4.479335844516754150e-01
5.934543609619140625e-01
5.118877887725830078e-01
6.280525922775268555e-01
5.733903050422668457e-01
6.147562861442565918e-01
5.868940949440002441e-01
6.372040510177612305e-01
6.008506417274475098e-01
1.199565008282661438e-01
5.384724736213684082e-01
6.242230534553527832e-01
6.150470972061157227e-01
5.828099846839904785e-01
5.312489271163940430e-01
6.481142640113830566e-01
5.381606817245483398e-01
4.910656213760375977e-01
4.912644624710083008e-01
6.677480936050415039e-01
6.343652009963989258e-01
6.391546726226806641e-01
6.390524506568908691e-01
4.631479680538177490e-01
4.959825873374938965e-01
5.105779170989990234e-01
4.054172635078430176e-01
7.385451346635818481e-02
4.331531822681427002e-01
6.526678204536437988e-01
5.469102859497070312e-01
5.515941977500915527e-01
5.318797826766967773e-01
6.203687787055969238e-01
1.445319205522537231e-01
6.376986503601074219e-01
6.359518170356750488e-01
5.378510355949401855e-01
4.712875783443450928e-01
6.440810561180114746e-01
5.775546431541442871e-01
6.321257948875427246e-01
6.254249215126037598e-01
5.549460053443908691e-01
5.724323391914367676e-01
4.516647160053253174e-01
6.477283239364624023e-01
3.047032058238983154e-01
5.283641219139099121e-01
4.208378791809082031e-01
6.358948945999145508e-01
2.392683327198028564e-01
6.606641411781311035e-01
6.612174510955810547e-01
6.125861406326293945e-01
5.540554523468017578e-01
5.787004828453063965e-01
3.434058427810668945e-01
5.708243250846862793e-01
4.708566665649414062e-01
6.190707683563232422e-01
2.185406833887100220e-01
5.100677609443664551e-01
4.184272289276123047e-01
6.226224303245544434e-01
5.757122039794921875e-01
4.684623777866363525e-01
6.312263607978820801e-01
2.645771801471710205e-01
1.987769752740859985e-01
5.795407891273498535e-01
9.805458039045333862e-02
3.214713931083679199e-01
6.548525094985961914e-01
6.266524791717529297e-01
5.300375819206237793e-01
3.952524960041046143e-01
5.537441372871398926e-01
5.885452032089233398e-01
5.087446570396423340e-01
5.813751816749572754e-01
6.108539700508117676e-01
6.473025679588317871e-01
4.615203142166137695e-01
6.245944499969482422e-01
4.335354864597320557e-01
6.476263999938964844e-01
6.395024657249450684e-01
6.145530939102172852e-01
6.332587599754333496e-01
4.532844126224517822e-01
6.312494874000549316e-01
5.385475754737854004e-01
4.267072379589080811e-01
6.094861626625061035e-01
6.390711069107055664e-01
6.368816494941711426e-01
6.625313162803649902e-01
3.961147964000701904e-01
6.463132500648498535e-01
4.598762392997741699e-01
5.424082875251770020e-01
4.071893095970153809e-01
6.463134288787841797e-01
4.050673842430114746e-01
6.533371210098266602e-01
5.271632671356201172e-01
6.427773237228393555e-01
5.802546739578247070e-01
5.021641850471496582e-01
6.088126301765441895e-01
4.782847166061401367e-01
3.954296410083770752e-01
5.100826621055603027e-01
5.403543710708618164e-01
6.212347149848937988e-01
6.148350834846496582e-01
6.151951551437377930e-01
5.994369983673095703e-01
6.630826592445373535e-01
3.369243741035461426e-01
6.686040163040161133e-01
6.629027724266052246e-01
5.416451692581176758e-01
6.496917605400085449e-01
5.615898966789245605e-01
4.184455871582031250e-01
6.196883916854858398e-01
5.524510741233825684e-01
6.398168206214904785e-01
6.091623902320861816e-01
5.144234895706176758e-01
5.408905744552612305e-01
5.371457934379577637e-01
6.010511517524719238e-01
4.129698872566223145e-01
6.424198150634765625e-01
4.954532384872436523e-01
5.683372020721435547e-01
4.342878758907318115e-01
6.076542735099792480e-01
6.422911882400512695e-01
1.080679446458816528e-01
3.780477643013000488e-01
6.399372220039367676e-01
6.024802923202514648e-01
5.173287391662597656e-01
3.695134222507476807e-01
5.065701603889465332e-01
5.750003457069396973e-01
4.906437098979949951e-01
6.217366456985473633e-01
6.739121079444885254e-01
1.508251577615737915e-01
4.965522587299346924e-01
4.667917490005493164e-01
6.256442666053771973e-01
6.668697595596313477e-01
6.464936733245849609e-01
5.549225807189941406e-01
4.226108789443969727e-01
3.665432631969451904e-01
2.401985526084899902e-01
6.518197059631347656e-01
5.360698103904724121e-01
6.516075730323791504e-01
4.989687800407409668e-01
4.152949750423431396e-01
3.859497308731079102e-01
3.918530046939849854e-01
5.853840112686157227e-01
5.323590040206909180e-01
6.378868818283081055e-01
6.045013070106506348e-01
4.718550145626068115e-01
3.789621591567993164e-01
5.626614689826965332e-01
2.694383561611175537e-01
4.683933258056640625e-01
3.288166821002960205e-01
5.080170631408691406e-01
6.154600977897644043e-01
6.086689829826354980e-01
6.494159102439880371e-01
5.972404479980468750e-01
4.862550795078277588e-01
5.797826051712036133e-01
6.545448899269104004e-01
6.071576476097106934e-01
5.383821129798889160e-01
6.574801206588745117e-01
5.971388816833496094e-01
6.507593393325805664e-01
6.497905850410461426e-01
5.413308143615722656e-01
5.173200964927673340e-01
4.298926889896392822e-01
5.917053818702697754e-01
5.656641721725463867e-01
4.718797504901885986e-01
3.412434160709381104e-01
3.631295561790466309e-01
6.531946659088134766e-01
5.747450590133666992e-01
4.225885868072509766e-01
5.911586284637451172e-01
4.879578948020935059e-01
4.304873943328857422e-01
6.082515716552734375e-01
6.037864685058593750e-01
3.673558235168457031e-01
4.496979415416717529e-01
6.313923001289367676e-01
6.031709909439086914e-01
5.239336490631103516e-01
4.782315492630004883e-01
6.587648987770080566e-01
6.262178421020507812e-01
6.319587230682373047e-01
6.412052512168884277e-01
5.476466417312622070e-01
6.081256270408630371e-01
4.633441269397735596e-01
6.245686411857604980e-01
3.844055831432342529e-01
4.441173672676086426e-01
6.162456274032592773e-01
5.024346709251403809e-01
6.107677221298217773e-01
5.820305347442626953e-01
6.550570130348205566e-01
5.722956061363220215e-01
4.253868460655212402e-01
5.340382456779479980e-01
4.326483309268951416e-01
5.146461725234985352e-01
4.200652539730072021e-01
6.736739277839660645e-01
5.555540323257446289e-01
4.257488846778869629e-01
6.318767666816711426e-01
6.528512239456176758e-01
4.803213179111480713e-01
5.482662320137023926e-01
5.829062461853027344e-01
3.662503957748413086e-01
4.019531905651092529e-01
5.957118272781372070e-01
6.283986568450927734e-01
5.801162719726562500e-01
5.591580271720886230e-01
2.445944100618362427e-01
6.629634499549865723e-01
6.346969008445739746e-01
6.527481675148010254e-01
4.760574400424957275e-01
4.002837240695953369e-01
6.150872707366943359e-01
4.834336340427398682e-01
6.557566523551940918e-01
5.700230002403259277e-01
6.648889183998107910e-01
5.748560428619384766e-01
6.544280648231506348e-01
3.845197856426239014e-01
5.401692986488342285e-01
6.472308635711669922e-01
6.108605861663818359e-01
3.460333049297332764e-01
3.765768706798553467e-01
5.529950261116027832e-01
4.271440207958221436e-01
6.474236249923706055e-01
6.066388487815856934e-01
5.573397278785705566e-01
6.045433282852172852e-01
3.945851922035217285e-01
4.083408713340759277e-01
5.915256738662719727e-01
6.198017597198486328e-01
6.429913640022277832e-01
6.277576684951782227e-01
6.253136992454528809e-01
6.460373401641845703e-01
3.740561902523040771e-01
5.468168258666992188e-01
6.385932564735412598e-01
6.385126709938049316e-01
6.371448040008544922e-01
5.030435919761657715e-01
6.036437749862670898e-01
5.893162488937377930e-01
6.520054340362548828e-01
6.690485477447509766e-01
6.252446174621582031e-01
4.783094823360443115e-01
5.773583650588989258e-01
6.131795048713684082e-01
8.231699466705322266e-02
4.524715542793273926e-01
6.167182922363281250e-01
5.877001881599426270e-01
5.021229982376098633e-01
5.958017110824584961e-01
6.187237501144409180e-01
4.718063771724700928e-01
4.629153311252593994e-01
4.328158795833587646e-01
4.818698465824127197e-01
5.871790647506713867e-01
6.284415125846862793e-01
6.265625953674316406e-01
6.087234616279602051e-01
4.762852489948272705e-01
5.745639801025390625e-01
5.964104533195495605e-01
5.011226534843444824e-01
5.698685050010681152e-01
6.363491415977478027e-01
6.317877173423767090e-01
6.551098227500915527e-01
6.367940902709960938e-01
5.875205993652343750e-01
5.937580466270446777e-01
5.645925998687744141e-01
6.270568966865539551e-01
5.378705263137817383e-01
5.173355340957641602e-01
6.520158648490905762e-01
5.818209052085876465e-01
6.226711273193359375e-01
6.480919718742370605e-01
8.322662860155105591e-02
4.507839977741241455e-01
6.429681181907653809e-01
5.600203871726989746e-01
6.725614070892333984e-01
8.494930714368820190e-02
6.405157446861267090e-01
6.189628839492797852e-01
6.265760064125061035e-01
1.251386702060699463e-01
6.142785549163818359e-01
6.197829842567443848e-01
6.241506338119506836e-01
5.958855748176574707e-01
4.844797551631927490e-01
6.070371270179748535e-01
6.264966130256652832e-01
5.130246281623840332e-01
6.543298363685607910e-01
4.783219099044799805e-01
5.178109407424926758e-01
6.520859599113464355e-01
6.625658273696899414e-01
6.241388320922851562e-01
5.884791016578674316e-01
4.273893237113952637e-01
5.981338024139404297e-01
6.558816432952880859e-01
6.207805275917053223e-01
5.606611967086791992e-01
4.653997421264648438e-01
5.755247473716735840e-01
6.010821461677551270e-01
6.572417616844177246e-01
5.228596329689025879e-01
5.766341090202331543e-01
6.299504637718200684e-01
5.196210741996765137e-01
5.834378004074096680e-01
5.795910358428955078e-01
6.095186471939086914e-01
1.302375942468643188e-01
3.347661197185516357e-01
6.468586325645446777e-01
3.654167354106903076e-01
6.373160481452941895e-01
4.969953894615173340e-01
1.040088981389999390e-01
5.088585019111633301e-01
5.487880110740661621e-01
6.124438643455505371e-01
6.448259353637695312e-01
5.901193618774414062e-01
7.749259471893310547e-02
6.119534373283386230e-01
3.812507987022399902e-01
4.215988516807556152e-01
6.096774339675903320e-01
6.576455235481262207e-01
5.766845345497131348e-01
6.178892850875854492e-01
6.336680650711059570e-01
6.249458193778991699e-01
6.283715367317199707e-01
6.426125168800354004e-01
3.864652216434478760e-01
6.279501914978027344e-01
6.579465866088867188e-01
1.242033690214157104e-01
4.232566356658935547e-01
4.163390100002288818e-01
6.535294651985168457e-01
6.389939785003662109e-01
6.533158421516418457e-01
5.786581635475158691e-01
6.464011073112487793e-01
5.739631652832031250e-01
4.812010228633880615e-01
3.996859788894653320e-01
6.174920797348022461e-01
6.075855493545532227e-01
4.313522279262542725e-01
6.276759505271911621e-01
4.421288073062896729e-01
6.310233473777770996e-01
6.454576253890991211e-01
5.453209877014160156e-01
2.342358529567718506e-01
7.331789284944534302e-02
4.660189747810363770e-01
6.596462726593017578e-01
4.658432602882385254e-01
6.698718667030334473e-01
5.366744995117187500e-01
6.385611295700073242e-01
4.951625466346740723e-01
6.121667623519897461e-01
6.452139616012573242e-01
6.096665263175964355e-01
5.245000123977661133e-01
6.869361400604248047e-01
3.970900475978851318e-01
6.399105787277221680e-01
5.879675745964050293e-01
6.340944766998291016e-01
6.432626247406005859e-01
5.608205795288085938e-01
5.519382953643798828e-01
6.470924615859985352e-01
5.939792990684509277e-01
5.421379804611206055e-01
5.955826044082641602e-01
5.212893486022949219e-01
5.640057921409606934e-01
5.845795869827270508e-01
5.925355553627014160e-01
6.156293153762817383e-01
4.987162649631500244e-01
5.610952973365783691e-01
3.975807130336761475e-01
5.638641715049743652e-01
5.047956705093383789e-01
