6.850716471672058105e-01
6.025909781455993652e-01
6.657779216766357422e-01
5.536099076271057129e-01
5.038061141967773438e-01
4.219900369644165039e-01
6.953760385513305664e-01
6.301760673522949219e-01
5.897070169448852539e-01
5.965752601623535156e-01
6.283742785453796387e-01
5.695220828056335449e-01
6.353271603584289551e-01
5.183721184730529785e-01
6.600089669227600098e-01
7.443803548812866211e-01
6.287513375282287598e-01
5.894198417663574219e-01
4.785210490226745605e-01
5.927698016166687012e-01
6.869510412216186523e-01
5.333124399185180664e-01
5.691374540328979492e-01
4.974932670593261719e-01
6.056970357894897461e-01
6.800387501716613770e-01
6.765362620353698730e-01
6.133130788803100586e-01
6.191962957382202148e-01
9.885247796773910522e-02
6.541292071342468262e-01
6.170521378517150879e-01
5.360361933708190918e-01
5.504072308540344238e-01
5.844378471374511719e-01
5.990064144134521484e-01
6.164133548736572266e-01
6.517387032508850098e-01
6.033020019531250000e-01
6.830088496208190918e-01
6.710678935050964355e-01
4.695418775081634521e-01
6.887912154197692871e-01
5.559862852096557617e-01
5.865101218223571777e-01
5.750734210014343262e-01
6.559832692146301270e-01
6.679465174674987793e-01
5.675504803657531738e-01
6.401392817497253418e-01
6.009123325347900391e-01
5.042166709899902344e-01
6.830823421478271484e-01
3.977531790733337402e-01
6.318743228912353516e-01
6.398899555206298828e-01
9.885247796773910522e-02
5.889588594436645508e-01
5.769461393356323242e-01
6.424216032028198242e-01
5.078651905059814453e-01
5.544664859771728516e-01
5.823145508766174316e-01
6.272650361061096191e-01
5.347034335136413574e-01
6.021763086318969727e-01
5.888965725898742676e-01
5.932744145393371582e-01
5.382670164108276367e-01
5.201178789138793945e-01
5.370995402336120605e-01
6.947522759437561035e-01
6.675006747245788574e-01
5.345368385314941406e-01
5.964017510414123535e-01
6.502562165260314941e-01
5.808916091918945312e-01
6.106230616569519043e-01
9.885247796773910522e-02
6.838935017585754395e-01
6.676166057586669922e-01
6.220114827156066895e-01
6.084060072898864746e-01
5.968388319015502930e-01
5.654789805412292480e-01
6.904818415641784668e-01
6.257488727569580078e-01
6.382814049720764160e-01
9.885247796773910522e-02
6.084586977958679199e-01
6.563159823417663574e-01
5.524948835372924805e-01
6.969419717788696289e-01
4.164319932460784912e-01
4.245115518569946289e-01
7.128660082817077637e-01
6.723955869674682617e-01
7.015504837036132812e-01
6.146874427795410156e-01
5.373479127883911133e-01
6.061003208160400391e-01
6.400272250175476074e-01
6.517733335494995117e-01
5.514464974403381348e-01
4.926914572715759277e-01
6.747854351997375488e-01
6.646183133125305176e-01
5.841578245162963867e-01
5.373603105545043945e-01
6.440470218658447266e-01
5.505469441413879395e-01
9.885247796773910522e-02
6.459675431251525879e-01
4.823861420154571533e-01
6.964473724365234375e-01
6.530486345291137695e-01
5.380077958106994629e-01
5.971539020538330078e-01
6.806578636169433594e-01
6.387481093406677246e-01
5.343500375747680664e-01
5.292943716049194336e-01
6.144259572029113770e-01
6.625569462776184082e-01
4.945660531520843506e-01
5.849188566207885742e-01
5.106295943260192871e-01
6.286518573760986328e-01
6.560229659080505371e-01
5.463526248931884766e-01
5.211035013198852539e-01
6.284468770027160645e-01
6.486379504203796387e-01
6.426729559898376465e-01
5.743081569671630859e-01
6.869902610778808594e-01
6.267498731613159180e-01
7.136536836624145508e-01
5.721127390861511230e-01
5.869372487068176270e-01
7.008320689201354980e-01
6.402320861816406250e-01
5.835297107696533203e-01
6.190774440765380859e-01
6.054127216339111328e-01
6.624579429626464844e-01
6.265300512313842773e-01
6.492721438407897949e-01
9.885247796773910522e-02
5.261386632919311523e-01
6.148066520690917969e-01
5.060874223709106445e-01
6.376801133155822754e-01
6.223222017288208008e-01
5.123219490051269531e-01
6.161544919013977051e-01
6.479554176330566406e-01
6.179492473602294922e-01
4.920161664485931396e-01
5.160906314849853516e-01
5.760768651962280273e-01
5.864799618721008301e-01
4.910120069980621338e-01
6.551438570022583008e-01
7.034559249877929688e-01
5.935561656951904297e-01
6.474164128303527832e-01
6.117464900016784668e-01
6.342484354972839355e-01
6.633743643760681152e-01
7.265058755874633789e-01
6.790095567703247070e-01
6.262366771697998047e-01
5.766934156417846680e-01
6.392304897308349609e-01
4.869050681591033936e-01
6.459529995918273926e-01
6.157732605934143066e-01
6.302449107170104980e-01
6.317108273506164551e-01
6.300804018974304199e-01
6.715893149375915527e-01
5.816549658775329590e-01
7.023000717163085938e-01
4.634945392608642578e-01
9.885247796773910522e-02
6.892273426055908203e-01
5.773736238479614258e-01
6.967880129814147949e-01
6.517031788825988770e-01
6.132003664970397949e-01
6.482803225517272949e-01
6.174210906028747559e-01
5.685384869575500488e-01
5.994989871978759766e-01
6.104254126548767090e-01
6.707110404968261719e-01
7.029228806495666504e-01
4.925953447818756104e-01
4.807867705821990967e-01
6.562321186065673828e-01
6.491255164146423340e-01
6.745297312736511230e-01
7.019827365875244141e-01
5.613002181053161621e-01
6.176657676696777344e-01
6.730518341064453125e-01
7.226594090461730957e-01
6.064785122871398926e-01
6.607169508934020996e-01
6.931774020195007324e-01
6.101275682449340820e-01
5.734018087387084961e-01
6.056215167045593262e-01
6.368324756622314453e-01
5.761609673500061035e-01
5.208573341369628906e-01
6.798475384712219238e-01
6.312904953956604004e-01
5.948598980903625488e-01
6.189439892768859863e-01
6.183409094810485840e-01
6.577050089836120605e-01
6.428028345108032227e-01
6.281214952468872070e-01
6.162705421447753906e-01
9.885247796773910522e-02
6.213989853858947754e-01
6.186673045158386230e-01
6.383952498435974121e-01
4.854143261909484863e-01
5.311156511306762695e-01
5.524678826332092285e-01
5.438186526298522949e-01
3.762996196746826172e-01
6.909043192863464355e-01
6.050403118133544922e-01
5.947460532188415527e-01
5.669499635696411133e-01
5.650283098220825195e-01
6.863790750503540039e-01
6.115384101867675781e-01
5.934711694717407227e-01
6.487357020378112793e-01
6.342893242835998535e-01
6.197918653488159180e-01
6.284383535385131836e-01
6.132601499557495117e-01
5.713456273078918457e-01
4.838092625141143799e-01
5.917254686355590820e-01
4.641990661621093750e-01
5.836607217788696289e-01
6.125380396842956543e-01
6.343608498573303223e-01
5.223599076271057129e-01
5.846331119537353516e-01
6.021596789360046387e-01
6.639335155487060547e-01
4.646630585193634033e-01
5.880352258682250977e-01
6.629114151000976562e-01
5.524948835372924805e-01
6.267349720001220703e-01
6.410457491874694824e-01
5.738742351531982422e-01
6.703943610191345215e-01
6.765733957290649414e-01
6.545255780220031738e-01
6.035258173942565918e-01
9.885247796773910522e-02
6.072520613670349121e-01
6.726386547088623047e-01
5.600663423538208008e-01
6.509505510330200195e-01
6.760271191596984863e-01
6.382416486740112305e-01
7.090090513229370117e-01
5.558916330337524414e-01
6.225557923316955566e-01
6.602709889411926270e-01
5.824276804924011230e-01
6.396700143814086914e-01
6.572484374046325684e-01
6.364207863807678223e-01
5.869959592819213867e-01
5.591051578521728516e-01
6.154211163520812988e-01
6.876842379570007324e-01
6.139878034591674805e-01
6.841776967048645020e-01
6.597481966018676758e-01
5.397267937660217285e-01
6.320946216583251953e-01
6.734000444412231445e-01
6.013870239257812500e-01
7.054476737976074219e-01
5.897489786148071289e-01
6.339839696884155273e-01
6.657332777976989746e-01
6.534926295280456543e-01
5.018439888954162598e-01
5.826673507690429688e-01
5.669262409210205078e-01
5.790004134178161621e-01
6.594105362892150879e-01
6.023463606834411621e-01
6.374363899230957031e-01
6.691374182701110840e-01
6.750466227531433105e-01
5.572924017906188965e-01
4.292892813682556152e-01
5.902485847473144531e-01
5.370113849639892578e-01
6.903899312019348145e-01
6.998094916343688965e-01
5.861081480979919434e-01
6.552076935768127441e-01
6.111634969711303711e-01
6.157676577568054199e-01
5.705771446228027344e-01
4.361502528190612793e-01
5.713295340538024902e-01
6.438781619071960449e-01
6.313487887382507324e-01
5.354490280151367188e-01
6.140359640121459961e-01
6.363753676414489746e-01
5.694015026092529297e-01
6.193192005157470703e-01
5.103732943534851074e-01
7.001490592956542969e-01
5.787302255630493164e-01
5.706774592399597168e-01
5.570372939109802246e-01
5.091680288314819336e-01
6.773811578750610352e-01
6.546929478645324707e-01
6.112734079360961914e-01
6.285583972930908203e-01
6.556584239006042480e-01
6.888489127159118652e-01
6.019026637077331543e-01
6.730294227600097656e-01
6.475934386253356934e-01
6.100307106971740723e-01
6.311043500900268555e-01
5.646879673004150391e-01
4.537880420684814453e-01
6.834204792976379395e-01
6.734482049942016602e-01
4.887136816978454590e-01
6.198522448539733887e-01
4.280247390270233154e-01
6.467341780662536621e-01
6.499983668327331543e-01
5.754138827323913574e-01
6.570178270339965820e-01
6.179699897766113281e-01
4.537009894847869873e-01
6.321585774421691895e-01
6.885372996330261230e-01
6.540721058845520020e-01
6.113981604576110840e-01
9.885247796773910522e-02
5.836007595062255859e-01
5.637565851211547852e-01
6.714549660682678223e-01
6.358194947242736816e-01
5.536866784095764160e-01
6.418982744216918945e-01
5.399881005287170410e-01
5.894361138343811035e-01
6.611542105674743652e-01
6.716961264610290527e-01
6.502119898796081543e-01
9.885247796773910522e-02
6.081747412681579590e-01
5.125021338462829590e-01
4.095095396041870117e-01
6.307238340377807617e-01
6.745047569274902344e-01
6.910198330879211426e-01
5.984997153282165527e-01
5.538247823715209961e-01
6.569216251373291016e-01
6.167346835136413574e-01
5.820354819297790527e-01
6.127012968063354492e-01
5.979924201965332031e-01
6.968291997909545898e-01
5.068942904472351074e-01
6.781276464462280273e-01
6.024221777915954590e-01
6.788207888603210449e-01
5.980293750762939453e-01
9.885247796773910522e-02
4.197261333465576172e-01
5.714198350906372070e-01
5.808649659156799316e-01
5.583857297897338867e-01
6.619284152984619141e-01
7.053015232086181641e-01
6.543554067611694336e-01
4.727033078670501709e-01
5.873253345489501953e-01
6.369607448577880859e-01
6.181248426437377930e-01
5.601414442062377930e-01
5.298367738723754883e-01
6.269706487655639648e-01
6.583076715469360352e-01
6.588676571846008301e-01
4.299953877925872803e-01
6.243262290954589844e-01
6.445164084434509277e-01
5.613945126533508301e-01
5.843926072120666504e-01
5.723675489425659180e-01
5.901760458946228027e-01
5.585579276084899902e-01
5.965675711631774902e-01
6.232144832611083984e-01
5.178545117378234863e-01
6.217447519302368164e-01
6.182754635810852051e-01
7.312487959861755371e-01
6.474755406379699707e-01
6.868947744369506836e-01
4.334807097911834717e-01
5.167533755302429199e-01
6.043919324874877930e-01
6.590141654014587402e-01
5.918003916740417480e-01
6.555179357528686523e-01
6.654926538467407227e-01
6.154366731643676758e-01
6.487357020378112793e-01
6.862762570381164551e-01
5.717201828956604004e-01
6.740604639053344727e-01
5.544471740722656250e-01
6.815012097358703613e-01
5.587669014930725098e-01
5.701094865798950195e-01
5.985401272773742676e-01
6.421121954917907715e-01
6.315285563468933105e-01
5.027732849121093750e-01
5.796967148780822754e-01
6.699073910713195801e-01
6.451077461242675781e-01
6.079362034797668457e-01
6.530500650405883789e-01
6.373478174209594727e-01
6.165935993194580078e-01
6.248965263366699219e-01
5.819162726402282715e-01
6.116715669631958008e-01
6.405851244926452637e-01
6.243085265159606934e-01
6.327531337738037109e-01
6.006485819816589355e-01
5.485097765922546387e-01
4.824841320514678955e-01
6.851789951324462891e-01
6.277682185173034668e-01
6.471332907676696777e-01
5.921972393989562988e-01
6.346254348754882812e-01
6.629565358161926270e-01
9.885247796773910522e-02
7.349933981895446777e-01
6.872884035110473633e-01
5.803467035293579102e-01
6.031044721603393555e-01
6.421187520027160645e-01
6.289385557174682617e-01
5.677029490470886230e-01
6.348978877067565918e-01
4.822969436645507812e-01
6.648644208908081055e-01
5.238259434700012207e-01
5.600471496582031250e-01
5.936600565910339355e-01
7.109729051589965820e-01
6.630855202674865723e-01
9.885247796773910522e-02
6.793853044509887695e-01
6.695214509963989258e-01
4.910868406295776367e-01
6.251853108406066895e-01
6.355492472648620605e-01
6.598210334777832031e-01
6.684551239013671875e-01
4.615623652935028076e-01
5.616820454597473145e-01
6.046109795570373535e-01
5.760164260864257812e-01
6.601733565330505371e-01
5.698490142822265625e-01
5.622763037681579590e-01
6.232656240463256836e-01
6.727036237716674805e-01
5.862922668457031250e-01
6.332263350486755371e-01
6.556921601295471191e-01
5.856187343597412109e-01
6.372713446617126465e-01
4.862920641899108887e-01
6.427221894264221191e-01
5.796354413032531738e-01
6.400955915451049805e-01
6.281318664550781250e-01
5.794919133186340332e-01
9.885247796773910522e-02
7.244147658348083496e-01
6.402478218078613281e-01
6.242675185203552246e-01
6.356540918350219727e-01
5.992183685302734375e-01
5.610580444335937500e-01
5.955427289009094238e-01
6.777817606925964355e-01
5.121345520019531250e-01
6.192516088485717773e-01
6.357337832450866699e-01
7.188130617141723633e-01
5.389937162399291992e-01
6.159997582435607910e-01
5.541929602622985840e-01
4.958775639533996582e-01
6.079264283180236816e-01
5.703335404396057129e-01
5.515709519386291504e-01
6.124403476715087891e-01
6.638205051422119141e-01
6.085003614425659180e-01
5.439246892929077148e-01
5.775540471076965332e-01
5.538871288299560547e-01
5.646302103996276855e-01
6.467568278312683105e-01
5.423366427421569824e-01
6.250573396682739258e-01
5.646139383316040039e-01
6.412224173545837402e-01
6.219767332077026367e-01
6.123566627502441406e-01
7.114526033401489258e-01
5.083068609237670898e-01
6.237050890922546387e-01
6.353480219841003418e-01
6.487421989440917969e-01
6.879326701164245605e-01
6.904538273811340332e-01
6.751832365989685059e-01
5.309460163116455078e-01
6.512594819068908691e-01
6.740937232971191406e-01
6.766821742057800293e-01
5.422268509864807129e-01
5.388450622558593750e-01
5.969651341438293457e-01
6.175863146781921387e-01
9.885247796773910522e-02
5.522351264953613281e-01
6.307995915412902832e-01
6.187017560005187988e-01
5.353133678436279297e-01
6.846446394920349121e-01
6.797339320182800293e-01
6.661581993103027344e-01
6.085302233695983887e-01
6.494228839874267578e-01
6.074471473693847656e-01
6.200656890869140625e-01
5.504795908927917480e-01
6.272843480110168457e-01
6.352927088737487793e-01
6.631342172622680664e-01
6.076209545135498047e-01
6.408367753028869629e-01
5.690038800239562988e-01
6.443762183189392090e-01
5.017669200897216797e-01
6.124551892280578613e-01
6.244037151336669922e-01
6.905683279037475586e-01
4.675605595111846924e-01
5.808504223823547363e-01
5.888153314590454102e-01
5.979597568511962891e-01
5.971390008926391602e-01
6.363006830215454102e-01
6.019941568374633789e-01
4.237622320652008057e-01
5.136554241180419922e-01
9.885247796773910522e-02
6.366305351257324219e-01
6.134438514709472656e-01
5.423016548156738281e-01
5.618724822998046875e-01
5.516213178634643555e-01
5.991215109825134277e-01
6.288127899169921875e-01
6.561018824577331543e-01
6.340491771697998047e-01
5.221931338310241699e-01
6.274110674858093262e-01
6.540367007255554199e-01
5.977020859718322754e-01
6.574714183807373047e-01
6.213904023170471191e-01
6.062711477279663086e-01
6.346970200538635254e-01
6.698457598686218262e-01
5.931935310363769531e-01
5.764974951744079590e-01
5.970657467842102051e-01
7.333536744117736816e-01
5.520352125167846680e-01
6.323350667953491211e-01
5.614983439445495605e-01
5.790731906890869141e-01
6.641743183135986328e-01
9.885247796773910522e-02
5.486255884170532227e-01
5.316540002822875977e-01
9.885247796773910522e-02
5.609865188598632812e-01
6.050763726234436035e-01
6.199624538421630859e-01
4.826819002628326416e-01
4.969699382781982422e-01
5.773150920867919922e-01
5.373004078865051270e-01
5.779181718826293945e-01
6.107987165451049805e-01
5.939598083496093750e-01
9.885247796773910522e-02
6.351575255393981934e-01
6.265789866447448730e-01
5.623645186424255371e-01
9.885247796773910522e-02
6.689756512641906738e-01
5.923833847045898438e-01
6.927356719970703125e-01
6.586853265762329102e-01
5.220391750335693359e-01
6.127687692642211914e-01
5.840322971343994141e-01
7.014726996421813965e-01
6.288395524024963379e-01
6.547484993934631348e-01
5.389800071716308594e-01
4.709287583827972412e-01
6.775237917900085449e-01
6.712732911109924316e-01
6.081298589706420898e-01
6.761041283607482910e-01
4.606188535690307617e-01
6.000609397888183594e-01
6.253179907798767090e-01
5.875608921051025391e-01
6.301565766334533691e-01
5.929638147354125977e-01
6.871161460876464844e-01
5.174545645713806152e-01
6.047810316085815430e-01
6.558772325515747070e-01
7.248291969299316406e-01
5.641773939132690430e-01
5.591838955879211426e-01
6.130818724632263184e-01
5.144273638725280762e-01
6.768025159835815430e-01
6.408764719963073730e-01
6.182499527931213379e-01
6.415801644325256348e-01
6.647666096687316895e-01
6.297460794448852539e-01
6.818100810050964355e-01
6.215968132019042969e-01
7.009338736534118652e-01
6.918723583221435547e-01
6.040837764739990234e-01
5.459311604499816895e-01
5.292135477066040039e-01
6.350660920143127441e-01
7.190191745758056641e-01
6.252540349960327148e-01
6.399211287498474121e-01
5.539409518241882324e-01
6.020685434341430664e-01
5.946927666664123535e-01
6.401063799858093262e-01
6.102916598320007324e-01
6.570174694061279297e-01
5.863863825798034668e-01
6.265189647674560547e-01
6.294038891792297363e-01
6.225365996360778809e-01
5.354135036468505859e-01
6.130805015563964844e-01
6.723036170005798340e-01
6.351703405380249023e-01
6.067343354225158691e-01
4.617095589637756348e-01
4.793924093246459961e-01
6.420199275016784668e-01
5.520546436309814453e-01
5.985336899757385254e-01
6.263568997383117676e-01
5.351555347442626953e-01
6.315706372261047363e-01
5.934855937957763672e-01
6.807180047035217285e-01
7.092012763023376465e-01
6.015539765357971191e-01
6.350436806678771973e-01
6.580708026885986328e-01
6.217791438102722168e-01
6.661876440048217773e-01
5.907758474349975586e-01
5.189731121063232422e-01
6.392966508865356445e-01
6.827470064163208008e-01
9.885247796773910522e-02
5.477486848831176758e-01
3.658033311367034912e-01
4.200822114944458008e-01
6.457631587982177734e-01
5.295863151550292969e-01
6.395798921585083008e-01
5.259040594100952148e-01
5.950697660446166992e-01
6.331436634063720703e-01
7.003673315048217773e-01
6.797794699668884277e-01
4.685859084129333496e-01
9.885247796773910522e-02
6.101561784744262695e-01
6.647376418113708496e-01
6.880749464035034180e-01
5.711712837219238281e-01
6.633831262588500977e-01
5.408405065536499023e-01
6.859239339828491211e-01
5.728995203971862793e-01
6.010378599166870117e-01
6.039521098136901855e-01
5.198765993118286133e-01
5.940130352973937988e-01
5.522213578224182129e-01
5.475279092788696289e-01
5.502864122390747070e-01
5.275508761405944824e-01
6.443333625793457031e-01
6.332267522811889648e-01
6.494656205177307129e-01
6.130424737930297852e-01
5.474784374237060547e-01
6.520832777023315430e-01
6.941370964050292969e-01
6.022663116455078125e-01
6.793934702873229980e-01
6.477097272872924805e-01
5.881971716880798340e-01
7.138646245002746582e-01
6.244333982467651367e-01
5.442926883697509766e-01
6.658165454864501953e-01
5.987859368324279785e-01
5.889535546302795410e-01
5.077579617500305176e-01
5.016596913337707520e-01
5.601939558982849121e-01
6.540919542312622070e-01
6.647579073905944824e-01
5.153232216835021973e-01
7.041628956794738770e-01
6.581820249557495117e-01
5.800661444664001465e-01
4.800920486450195312e-01
6.306293010711669922e-01
5.223481059074401855e-01
5.719515085220336914e-01
6.057706475257873535e-01
6.620071530342102051e-01
6.589754223823547363e-01
5.854899287223815918e-01
6.403962373733520508e-01
6.478376984596252441e-01
6.202762126922607422e-01
6.237982511520385742e-01
6.467120647430419922e-01
6.902957558631896973e-01
6.047732234001159668e-01
6.381731033325195312e-01
5.991971492767333984e-01
6.236102581024169922e-01
5.826637744903564453e-01
6.210376620292663574e-01
6.929681897163391113e-01
6.765524744987487793e-01
6.334030032157897949e-01
6.147710680961608887e-01
6.083477139472961426e-01
6.871103644371032715e-01
6.703343987464904785e-01
6.757063865661621094e-01
6.453263163566589355e-01
6.863251328468322754e-01
5.653645396232604980e-01
6.363760232925415039e-01
6.342464089393615723e-01
6.783089041709899902e-01
6.282868385314941406e-01
6.494362354278564453e-01
4.204762876033782959e-01
7.061868309974670410e-01
6.648166179656982422e-01
6.078482270240783691e-01
6.076034903526306152e-01
5.763347744941711426e-01
6.180177330970764160e-01
