5.013045072555541992e-01
4.660584330558776855e-01
5.920058488845825195e-01
3.696151375770568848e-01
4.844729900360107422e-01
1.973210722208023071e-01
5.111684799194335938e-01
4.008642435073852539e-01
5.126768350601196289e-01
5.253618359565734863e-01
3.840079009532928467e-01
4.995270669460296631e-01
4.513059556484222412e-01
3.721568882465362549e-01
5.995017886161804199e-01
5.160251855850219727e-01
3.823330402374267578e-01
4.460160732269287109e-01
5.805165171623229980e-01
5.924217700958251953e-01
5.677157640457153320e-01
6.002232432365417480e-01
5.873350501060485840e-01
4.870167970657348633e-01
6.272132396697998047e-01
5.721076130867004395e-01
4.725023210048675537e-01
5.086622238159179688e-01
4.404261410236358643e-01
5.609787702560424805e-01
5.952426195144653320e-01
3.789745569229125977e-01
5.017412304878234863e-01
5.114102363586425781e-01
5.328922867774963379e-01
4.941002130508422852e-01
5.892397761344909668e-01
4.554953277111053467e-01
3.990747630596160889e-01
5.043249726295471191e-01
3.907589912414550781e-01
3.903596103191375732e-01
5.390677452087402344e-01
5.617631673812866211e-01
4.639812409877777100e-01
5.361768603324890137e-01
1.689736098051071167e-01
5.348266661167144775e-02
4.795387685298919678e-01
5.680972933769226074e-01
4.382917284965515137e-01
5.891630649566650391e-01
4.947032630443572998e-01
4.716374576091766357e-01
2.141227871179580688e-01
1.863436251878738403e-01
4.591697156429290771e-01
1.282071024179458618e-01
6.026490926742553711e-01
5.413617491722106934e-01
5.671536326408386230e-01
8.132912218570709229e-02
5.631534457206726074e-01
5.920870900154113770e-01
6.076872348785400391e-01
5.247930884361267090e-01
5.938097238540649414e-01
4.879122078418731689e-01
4.777097404003143311e-01
4.078053832054138184e-01
2.250510305166244507e-01
5.470513701438903809e-01
4.564568698406219482e-01
4.475763142108917236e-01
5.015860199928283691e-01
4.322355389595031738e-01
5.478386282920837402e-01
4.111239016056060791e-01
1.979419440031051636e-01
5.741016268730163574e-01
5.243074297904968262e-01
3.478365242481231689e-01
5.182905793190002441e-01
5.843418240547180176e-01
4.486335813999176025e-01
5.242643952369689941e-01
4.608314931392669678e-01
4.339950978755950928e-01
4.502008557319641113e-01
5.514692068099975586e-01
8.220369368791580200e-02
5.061683654785156250e-01
4.153808653354644775e-01
3.763547837734222412e-01
5.905399918556213379e-01
5.189553499221801758e-01
5.907453894615173340e-01
5.501509904861450195e-01
3.906615376472473145e-01
5.475149750709533691e-01
4.965535104274749756e-01
9.925446659326553345e-02
5.931469202041625977e-01
6.112369298934936523e-01
3.458067476749420166e-01
3.042431473731994629e-01
5.567454695701599121e-01
4.996868669986724854e-01
4.010712802410125732e-01
4.844571352005004883e-01
4.186191558837890625e-01
4.558038115501403809e-01
4.962745308876037598e-01
5.250750184059143066e-01
5.193861126899719238e-01
4.394960701465606689e-01
4.384738504886627197e-01
5.890402793884277344e-01
4.362136423587799072e-01
3.786844015121459961e-01
5.258859992027282715e-01
5.148642063140869141e-01
5.610774159431457520e-01
5.955790281295776367e-01
3.808358013629913330e-01
4.799426794052124023e-01
6.090930700302124023e-01
5.965131521224975586e-01
5.767330527305603027e-01
5.471873283386230469e-01
5.469625592231750488e-01
4.977588951587677002e-01
6.433290243148803711e-01
4.089931547641754150e-01
5.675255656242370605e-01
5.870234370231628418e-01
4.890498816967010498e-01
3.924511075019836426e-01
5.661542415618896484e-01
2.803505361080169678e-01
5.387440919876098633e-01
6.044667959213256836e-01
1.827879548072814941e-01
5.788533091545104980e-01
4.255426526069641113e-01
4.065164327621459961e-01
5.799529552459716797e-01
5.063362717628479004e-01
5.271167755126953125e-01
5.984495282173156738e-01
4.598875343799591064e-01
4.351279139518737793e-01
4.799179136753082275e-01
5.462197661399841309e-01
4.802327752113342285e-01
1.806471943855285645e-01
4.932898581027984619e-01
4.845252633094787598e-01
4.593827724456787109e-01
4.296343922615051270e-01
5.530475974082946777e-01
5.880401730537414551e-01
5.793986320495605469e-01
4.634779095649719238e-01
5.700577497482299805e-01
5.874503850936889648e-01
3.748540878295898438e-01
5.211206674575805664e-01
3.104197084903717041e-01
4.837338626384735107e-01
5.770680308341979980e-01
4.937196075916290283e-01
3.105975985527038574e-01
5.495998263359069824e-02
3.238655328750610352e-01
5.325420498847961426e-01
5.775449872016906738e-01
5.963459610939025879e-01
5.555419921875000000e-01
4.376813769340515137e-01
5.753957033157348633e-01
5.547163486480712891e-01
4.431015849113464355e-01
5.176349282264709473e-01
4.219298362731933594e-01
4.378727376461029053e-01
3.795425891876220703e-01
5.158483982086181641e-01
4.884127378463745117e-01
5.536074042320251465e-01
4.932237863540649414e-01
5.257830023765563965e-01
4.183466732501983643e-01
3.933889269828796387e-01
5.759276151657104492e-01
6.136943697929382324e-01
4.363142251968383789e-01
4.609176814556121826e-01
4.829097688198089600e-01
6.959664076566696167e-02
5.600901842117309570e-01
5.643974542617797852e-01
3.445902764797210693e-01
4.884859919548034668e-01
6.259278059005737305e-01
4.094347357749938965e-01
4.149762988090515137e-01
3.515126109123229980e-01
5.275238156318664551e-01
3.580705821514129639e-01
5.805943608283996582e-01
4.117616713047027588e-01
4.847778677940368652e-01
3.926764130592346191e-01
5.641060471534729004e-01
4.840983450412750244e-01
6.394795179367065430e-01
4.250361025333404541e-01
2.883709669113159180e-01
4.548484385013580322e-01
3.806123137474060059e-01
4.744613766670227051e-01
5.949667692184448242e-01
1.778914779424667358e-01
5.559718012809753418e-01
6.169822439551353455e-02
4.695424139499664307e-01
6.146767139434814453e-01
4.058548808097839355e-01
5.667997002601623535e-01
3.799175918102264404e-01
4.853653311729431152e-01
4.202658832073211670e-01
5.077747702598571777e-01
5.814206600189208984e-01
5.772291421890258789e-01
3.970537483692169189e-01
2.015364468097686768e-01
4.853041172027587891e-01
4.357514679431915283e-01
1.648723334074020386e-01
5.435916185379028320e-01
5.370331406593322754e-01
4.796691834926605225e-01
4.934504330158233643e-01
2.348965853452682495e-01
4.560020267963409424e-01
5.931151509284973145e-01
4.744299650192260742e-01
4.112105071544647217e-01
5.313569307327270508e-01
3.887555599212646484e-01
4.802856743335723877e-01
5.880855917930603027e-01
4.724532663822174072e-01
5.498251914978027344e-01
5.250900983810424805e-01
5.496301651000976562e-01
4.642632305622100830e-01
6.249232292175292969e-01
4.747598767280578613e-01
5.297042131423950195e-01
5.573694109916687012e-01
4.785192012786865234e-01
4.061388075351715088e-01
7.422805577516555786e-02
5.939916372299194336e-01
4.102785289287567139e-01
4.156453609466552734e-01
5.036112666130065918e-01
5.755910277366638184e-01
5.530494451522827148e-01
4.908645451068878174e-01
4.251343011856079102e-01
5.757805705070495605e-01
4.580529630184173584e-01
6.283083558082580566e-02
4.510682821273803711e-01
3.358369469642639160e-01
4.168497323989868164e-01
6.074706315994262695e-01
4.260864555835723877e-01
5.207926630973815918e-01
5.914392471313476562e-01
5.716054439544677734e-01
4.973632395267486572e-01
5.486473441123962402e-01
4.090245664119720459e-01
4.609926640987396240e-01
4.194314181804656982e-01
3.904278576374053955e-01
2.477344870567321777e-01
4.549427330493927002e-01
5.278900861740112305e-01
5.533884167671203613e-01
5.496834516525268555e-01
4.540656208992004395e-01
3.954204022884368896e-01
5.729036778211593628e-02
5.293665528297424316e-01
4.811455011367797852e-01
4.953504800796508789e-01
5.169759988784790039e-01
1.594029366970062256e-01
4.138283133506774902e-01
5.944468379020690918e-01
5.005852580070495605e-01
5.601357221603393555e-01
6.394795179367065430e-01
5.321385264396667480e-01
5.749119520187377930e-01
3.893339633941650391e-01
4.217559695243835449e-01
6.014134883880615234e-01
2.345299720764160156e-01
3.946207165718078613e-01
7.073049992322921753e-02
2.770233154296875000e-01
6.054365038871765137e-01
3.948661088943481445e-01
3.154413998126983643e-01
5.140779018402099609e-01
3.701836168766021729e-01
6.109166741371154785e-01
4.373796284198760986e-01
4.781111776828765869e-01
6.187696456909179688e-01
6.052548885345458984e-01
4.440666735172271729e-01
4.947193562984466553e-01
6.123686432838439941e-01
4.601808786392211914e-01
4.168331921100616455e-01
4.574254453182220459e-01
5.341408252716064453e-01
3.111265897750854492e-01
5.632317662239074707e-01
4.301053583621978760e-01
2.636647224426269531e-01
6.045331358909606934e-01
5.434232354164123535e-01
4.421281218528747559e-01
4.161204993724822998e-01
2.033637613058090210e-01
3.432377874851226807e-01
3.077203631401062012e-01
3.979783356189727783e-01
5.673012733459472656e-01
5.540348291397094727e-01
4.068667292594909668e-01
5.110200047492980957e-01
3.917492330074310303e-01
5.406126379966735840e-01
4.965897798538208008e-01
6.205593943595886230e-01
5.758416056632995605e-01
5.624766349792480469e-01
3.659301102161407471e-01
5.793777108192443848e-01
4.048951864242553711e-01
5.784165263175964355e-01
5.186228156089782715e-01
5.181127786636352539e-01
5.275514721870422363e-01
4.541564881801605225e-01
5.709054470062255859e-01
5.199020504951477051e-01
3.942779898643493652e-01
4.291182458400726318e-01
4.468611478805541992e-01
1.369538903236389160e-01
2.054822593927383423e-01
5.207682847976684570e-01
5.539768934249877930e-01
5.895401239395141602e-01
6.576830893754959106e-02
5.783287882804870605e-01
4.153819978237152100e-01
1.642896682024002075e-01
4.410136044025421143e-01
5.595091581344604492e-01
6.213394999504089355e-01
5.712878704071044922e-01
4.879570305347442627e-01
2.561691403388977051e-01
3.925413191318511963e-01
4.944030642509460449e-01
5.349213629961013794e-02
2.466537207365036011e-01
5.930194854736328125e-01
4.338922500610351562e-01
5.098055005073547363e-01
6.077983379364013672e-01
4.409500956535339355e-01
5.843624472618103027e-01
5.732858180999755859e-01
1.858006715774536133e-01
4.942541420459747314e-01
5.214784145355224609e-01
6.210152059793472290e-02
3.679036498069763184e-01
4.796997904777526855e-01
4.043599963188171387e-01
5.550492405891418457e-01
4.441285729408264160e-01
4.169380366802215576e-01
3.055564463138580322e-01
4.940635263919830322e-01
3.072302639484405518e-01
6.052681207656860352e-01
5.348986387252807617e-01
3.871882259845733643e-01
4.079021215438842773e-01
5.954865217208862305e-01
5.603270530700683594e-01
4.742924273014068604e-01
4.948531389236450195e-01
2.924831211566925049e-01
2.685080468654632568e-01
5.038222670555114746e-01
5.826417729258537292e-02
5.321241542696952820e-02
5.713215470314025879e-01
5.752226710319519043e-01
5.187060236930847168e-01
4.603341221809387207e-01
5.310267210006713867e-01
4.487830698490142822e-01
5.707406401634216309e-01
5.089753270149230957e-01
4.610020816326141357e-01
5.724398493766784668e-01
4.901326298713684082e-01
2.947212755680084229e-01
4.574598670005798340e-01
3.814896047115325928e-01
4.342263638973236084e-01
3.685697615146636963e-01
4.001957774162292480e-01
5.565298795700073242e-01
5.639700591564178467e-02
3.815789818763732910e-01
5.527210831642150879e-01
5.218502879142761230e-01
8.788068592548370361e-02
5.395765304565429688e-01
4.540647268295288086e-01
3.913379013538360596e-01
2.281228601932525635e-01
4.497611224651336670e-01
4.783849418163299561e-01
4.596233069896697998e-01
5.660966634750366211e-01
6.192057132720947266e-01
6.092591285705566406e-01
4.992125034332275391e-01
5.844528675079345703e-01
5.749354958534240723e-01
3.707432746887207031e-01
5.405882000923156738e-01
4.024648666381835938e-01
5.663397312164306641e-01
5.677967667579650879e-01
5.486643910408020020e-01
5.435438156127929688e-01
3.894407153129577637e-01
5.245490670204162598e-01
5.750699043273925781e-01
6.061416268348693848e-01
4.554043412208557129e-01
5.713244080543518066e-01
4.175597429275512695e-01
5.288894772529602051e-01
5.193201899528503418e-01
4.086521565914154053e-01
3.663621544837951660e-01
5.179175734519958496e-01
6.082043796777725220e-02
5.840690732002258301e-01
4.383827447891235352e-01
1.733275204896926880e-01
4.321634173393249512e-01
4.576568305492401123e-01
3.495342433452606201e-01
4.090402126312255859e-01
6.027823090553283691e-01
5.176692605018615723e-01
4.528236687183380127e-01
3.829499781131744385e-01
5.526826381683349609e-01
5.710133910179138184e-01
5.867788195610046387e-01
5.877488851547241211e-01
4.775991141796112061e-01
4.393737912178039551e-01
6.104696989059448242e-01
5.571037530899047852e-01
5.628513097763061523e-01
5.722644925117492676e-01
4.350184500217437744e-01
1.643964946269989014e-01
1.288990527391433716e-01
4.742428660392761230e-01
5.091580748558044434e-01
5.395700335502624512e-01
3.105747699737548828e-01
5.709136128425598145e-01
5.558510422706604004e-01
5.623924136161804199e-01
4.434499442577362061e-01
1.465017944574356079e-01
4.178527593612670898e-01
5.621927976608276367e-02
5.737699866294860840e-01
4.132468998432159424e-01
6.090874075889587402e-01
3.774416744709014893e-01
4.367016851902008057e-01
5.849186778068542480e-01
3.019736111164093018e-01
5.229156017303466797e-01
5.600826740264892578e-01
5.759540796279907227e-01
5.553629398345947266e-01
1.825673580169677734e-01
5.567157864570617676e-01
5.631950497627258301e-01
3.816183507442474365e-01
6.186729073524475098e-01
6.183357238769531250e-01
5.726512670516967773e-01
6.508755683898925781e-02
6.032074093818664551e-01
5.331960320472717285e-01
6.066274642944335938e-01
5.322886109352111816e-01
5.921584367752075195e-01
4.958348870277404785e-01
3.360539078712463379e-01
5.815267562866210938e-01
5.400998592376708984e-01
5.674775242805480957e-01
4.968912899494171143e-01
3.883881568908691406e-01
5.785508751869201660e-01
5.787680745124816895e-01
5.497863888740539551e-01
4.799741506576538086e-01
5.642475485801696777e-01
6.004101037979125977e-01
4.314749240875244141e-01
1.471545547246932983e-01
5.074561238288879395e-01
5.129199028015136719e-01
5.686712265014648438e-01
5.380148068070411682e-02
5.684809088706970215e-01
4.132267534732818604e-01
5.609506964683532715e-01
5.727789402008056641e-01
5.273025035858154297e-01
4.402381181716918945e-01
5.755859613418579102e-01
5.110430717468261719e-01
3.555555641651153564e-01
4.829698204994201660e-01
1.829745769500732422e-01
4.972924888134002686e-01
5.971961021423339844e-01
4.740665853023529053e-01
4.979925155639648438e-01
4.782674312591552734e-01
3.820240199565887451e-01
2.459383755922317505e-01
4.368814527988433838e-01
2.710339128971099854e-01
5.317554473876953125e-01
4.578304588794708252e-01
2.182872593402862549e-01
1.735844165086746216e-01
5.835297107696533203e-01
4.908716678619384766e-01
6.125565171241760254e-01
5.178597569465637207e-01
1.265978515148162842e-01
4.004884660243988037e-01
4.519101381301879883e-01
5.807324051856994629e-01
5.504984855651855469e-01
4.841347038745880127e-01
4.362885057926177979e-01
6.103708148002624512e-01
4.489387869834899902e-01
5.914782285690307617e-01
6.026332378387451172e-01
5.560641288757324219e-01
4.058884084224700928e-01
5.085216760635375977e-01
5.269592404365539551e-01
6.187696456909179688e-01
4.880543649196624756e-01
3.256727755069732666e-01
5.921052694320678711e-01
5.080996155738830566e-01
1.076864823698997498e-01
1.637023538351058960e-01
3.357139527797698975e-01
5.460662245750427246e-01
5.360911041498184204e-02
5.490542054176330566e-01
4.524417221546173096e-01
5.861899852752685547e-01
4.722205996513366699e-01
4.814517796039581299e-01
5.711054205894470215e-01
4.820631146430969238e-01
6.162704154849052429e-02
5.930165648460388184e-01
5.798148512840270996e-01
3.833623230457305908e-01
4.771369695663452148e-01
4.610716104507446289e-01
5.355747342109680176e-01
5.909358859062194824e-01
5.855099558830261230e-01
4.556664526462554932e-01
5.069579482078552246e-01
2.000150829553604126e-01
4.764707088470458984e-01
5.352964401245117188e-01
3.750829100608825684e-01
5.803155303001403809e-01
4.685852229595184326e-01
6.002584099769592285e-01
3.576403856277465820e-01
5.897149816155433655e-02
1.468380391597747803e-01
5.127120614051818848e-01
4.801838994026184082e-01
4.803153574466705322e-01
4.872007071971893311e-01
5.367317795753479004e-01
5.568676590919494629e-01
4.617940485477447510e-01
3.849584460258483887e-01
5.139346122741699219e-01
5.239161252975463867e-01
5.602501630783081055e-01
5.587596297264099121e-01
4.810476005077362061e-01
5.780221819877624512e-01
5.228794813156127930e-01
4.662981033325195312e-01
6.072589159011840820e-01
4.300695955753326416e-01
3.985286355018615723e-01
5.646243095397949219e-01
5.068272352218627930e-01
7.433923333883285522e-02
5.893094539642333984e-01
5.431956052780151367e-01
3.945079147815704346e-01
6.192424297332763672e-01
4.461365938186645508e-01
4.399515390396118164e-01
5.007576346397399902e-01
4.659416675567626953e-01
4.548226892948150635e-01
5.702087283134460449e-01
5.598412156105041504e-01
5.288500189781188965e-01
5.552328228950500488e-01
4.559025168418884277e-01
5.148584246635437012e-01
5.607460737228393555e-01
4.582599997520446777e-01
6.390845775604248047e-02
5.446743369102478027e-01
4.983389973640441895e-01
5.396283268928527832e-01
4.930633902549743652e-01
6.054506897926330566e-01
3.863219022750854492e-01
4.677032828330993652e-01
5.578303933143615723e-01
5.873896479606628418e-01
4.374960958957672119e-01
3.867653608322143555e-01
4.783093333244323730e-01
5.471195578575134277e-01
4.014748334884643555e-01
5.418222546577453613e-01
4.766014218330383301e-01
4.818218946456909180e-01
5.062218904495239258e-01
5.260342955589294434e-01
3.257473111152648926e-01
5.006368756294250488e-01
4.812408685684204102e-01
4.558064341545104980e-01
5.673548579216003418e-01
3.910120427608489990e-01
5.530167818069458008e-01
4.560267329216003418e-01
5.875092744827270508e-01
4.920719861984252930e-01
5.107372403144836426e-01
6.034696102142333984e-01
3.952375948429107666e-01
5.009825229644775391e-01
4.705703854560852051e-01
5.165252089500427246e-01
3.838337361812591553e-01
5.717056989669799805e-01
4.684585630893707275e-01
5.933709740638732910e-01
5.555286407470703125e-01
5.331073403358459473e-01
5.076823234558105469e-01
5.316444635391235352e-01
5.819619446992874146e-02
4.897356927394866943e-01
5.473067164421081543e-01
5.972992181777954102e-01
3.385777175426483154e-01
4.887015521526336670e-01
5.885527133941650391e-01
5.401642322540283203e-01
3.916139006614685059e-01
4.335102140903472900e-01
4.556578397750854492e-01
4.511439204216003418e-01
1.705590188503265381e-01
3.791640698909759521e-01
5.209983587265014648e-01
6.031308174133300781e-01
4.148531556129455566e-01
5.552957653999328613e-01
4.471626281738281250e-01
5.578561425209045410e-01
4.648822247982025146e-01
5.045718550682067871e-01
4.955546259880065918e-01
3.789479434490203857e-01
5.424165725708007812e-01
5.004922747611999512e-01
5.088209509849548340e-01
5.358749628067016602e-01
3.728103637695312500e-01
5.361797809600830078e-01
5.739667415618896484e-01
4.720452129840850830e-01
3.135514557361602783e-01
4.621458947658538818e-01
6.035338640213012695e-01
5.788890123367309570e-01
5.857534408569335938e-01
5.294373035430908203e-01
5.943805575370788574e-01
6.000037789344787598e-01
4.484092891216278076e-01
5.618736743927001953e-01
4.872072637081146240e-01
5.779899954795837402e-01
4.213270545005798340e-01
6.114990115165710449e-01
5.932468771934509277e-01
5.604372620582580566e-01
3.683164119720458984e-01
5.702255964279174805e-01
4.148555696010589600e-01
2.228543311357498169e-01
5.388261079788208008e-01
2.989504337310791016e-01
5.397409796714782715e-01
5.027787089347839355e-01
5.553752183914184570e-01
3.653236925601959229e-01
5.431361794471740723e-01
4.997494220733642578e-01
5.237177610397338867e-01
4.608446657657623291e-01
3.794348537921905518e-01
2.267011404037475586e-01
2.271969169378280640e-01
2.499876022338867188e-01
4.670339524745941162e-01
5.364285111427307129e-01
6.159564256668090820e-01
5.946602225303649902e-01
1.299621313810348511e-01
4.704614579677581787e-01
5.136792659759521484e-01
4.815885424613952637e-01
4.616133570671081543e-01
3.007565736770629883e-01
4.784922301769256592e-01
5.457100868225097656e-01
5.138274431228637695e-01
4.181978404521942139e-01
1.652650386095046997e-01
5.333985090255737305e-01
4.197579026222229004e-01
1.493207812309265137e-01
4.220067560672760010e-01
4.469997286796569824e-01
6.027985811233520508e-01
5.385535955429077148e-01
4.975905120372772217e-01
4.690700173377990723e-01
6.105971336364746094e-01
4.892104566097259521e-01
5.814683437347412109e-01
5.479657649993896484e-01
5.541886687278747559e-01
3.641758263111114502e-01
5.332297682762145996e-01
5.074980258941650391e-01
4.987490475177764893e-01
5.041952729225158691e-01
3.698998391628265381e-01
5.204179883003234863e-01
4.111010730266571045e-01
3.629048764705657959e-01
5.041770339012145996e-01
2.420124709606170654e-01
5.253502726554870605e-01
4.913896918296813965e-01
2.925807535648345947e-01
2.894034087657928467e-01
5.146213173866271973e-01
5.023900270462036133e-01
3.321789503097534180e-01
8.831063657999038696e-02
4.115382432937622070e-01
6.176103949546813965e-01
4.443703293800354004e-01
4.410300254821777344e-01
5.238288044929504395e-01
4.750951528549194336e-01
4.999072849750518799e-01
4.995768070220947266e-01
5.773810148239135742e-01
5.072718858718872070e-01
5.201349258422851562e-01
5.601597428321838379e-01
5.466232895851135254e-01
5.167438983917236328e-01
3.520649671554565430e-01
5.827553868293762207e-01
5.847976207733154297e-01
3.898317515850067139e-01
5.536395907402038574e-01
4.627686738967895508e-01
5.806927680969238281e-01
5.547059178352355957e-01
5.316491723060607910e-01
4.300864338874816895e-01
4.654615819454193115e-01
2.160109430551528931e-01
6.220850944519042969e-01
4.455421566963195801e-01
2.234994322061538696e-01
2.015940696001052856e-01
8.457853645086288452e-02
3.996794521808624268e-01
4.988090693950653076e-01
4.898498356342315674e-01
4.140890240669250488e-01
4.179449379444122314e-01
4.041317403316497803e-01
4.982509613037109375e-01
5.529626607894897461e-01
4.814243316650390625e-01
5.015823841094970703e-01
6.025800108909606934e-01
4.821756780147552490e-01
5.571095347404479980e-01
5.838352441787719727e-01
6.378586888313293457e-01
3.469668626785278320e-01
4.711801707744598389e-01
5.507698655128479004e-01
5.479376912117004395e-01
4.725680947303771973e-01
4.597680568695068359e-01
3.816901743412017822e-01
5.116302967071533203e-01
4.317790269851684570e-01
5.465502738952636719e-01
5.477329492568969727e-01
4.923278093338012695e-01
5.012726783752441406e-01
5.933489799499511719e-01
4.717834591865539551e-01
6.260687112808227539e-01
6.281419843435287476e-02
5.913875102996826172e-01
5.253757238388061523e-01
5.300937294960021973e-01
3.222947120666503906e-01
5.164866447448730469e-01
6.140692830085754395e-01
4.352060854434967041e-01
7.263210415840148926e-02
2.516691684722900391e-01
3.723076879978179932e-01
5.321024060249328613e-01
3.582149147987365723e-01
4.705503284931182861e-01
4.709031879901885986e-01
5.900995731353759766e-01
4.730967879295349121e-01
4.394165575504302979e-01
4.791446626186370850e-01
3.863219022750854492e-01
4.290885925292968750e-01
5.989568829536437988e-01
5.714089274406433105e-01
4.663884341716766357e-01
4.256571829319000244e-01
2.117236256599426270e-01
3.042831718921661377e-01
4.914497435092926025e-01
5.352008938789367676e-01
4.687271416187286377e-01
5.238012075424194336e-01
5.563495755195617676e-01
7.007142901420593262e-02
5.283772945404052734e-01
5.720986425876617432e-02
5.493509769439697266e-01
2.749236524105072021e-01
4.673574268817901611e-01
4.209192693233489990e-01
5.761761665344238281e-01
1.048982143402099609e-01
6.147773265838623047e-01
5.626038312911987305e-01
5.581588745117187500e-01
5.205165147781372070e-01
3.921146988868713379e-01
5.182281136512756348e-01
3.833394050598144531e-01
5.562949776649475098e-01
6.394795179367065430e-01
5.534150004386901855e-01
5.027918219566345215e-01
5.061233043670654297e-01
4.677293002605438232e-01
5.836787819862365723e-01
5.833244323730468750e-01
4.152905344963073730e-01
3.462732434272766113e-01
2.373597323894500732e-01
4.273069202899932861e-01
4.274407327175140381e-01
4.876235723495483398e-01
5.578628182411193848e-01
5.769938826560974121e-01
5.674642920494079590e-01
5.268448591232299805e-01
4.691743850708007812e-01
5.710006356239318848e-01
3.566333651542663574e-01
5.455173254013061523e-01
3.201191723346710205e-01
5.668647289276123047e-01
4.255804121494293213e-01
5.544854998588562012e-01
6.069126129150390625e-01
6.147179007530212402e-01
5.540676712989807129e-01
5.294800400733947754e-01
3.567588031291961670e-01
5.168836712837219238e-01
4.369614720344543457e-01
3.711183071136474609e-01
5.771498680114746094e-01
5.023570656776428223e-01
4.599688947200775146e-01
4.274609386920928955e-01
7.084882259368896484e-02
5.143196582794189453e-01
5.992245674133300781e-01
4.419409632682800293e-01
5.705398917198181152e-01
4.552423954010009766e-01
5.824785828590393066e-01
4.518642127513885498e-01
5.854654312133789062e-01
3.930959999561309814e-01
5.781835317611694336e-01
4.982925653457641602e-01
3.733302950859069824e-01
5.437315106391906738e-01
3.434686660766601562e-01
5.281981229782104492e-01
4.555424451828002930e-01
4.587738215923309326e-01
6.394795179367065430e-01
5.117617845535278320e-01
5.454702377319335938e-01
4.202022254467010498e-01
5.278701782226562500e-01
5.146960020065307617e-01
5.797781944274902344e-01
3.348994255065917969e-01
6.275976300239562988e-01
5.842390656471252441e-02
5.146089792251586914e-01
5.007768869400024414e-01
2.948189377784729004e-01
5.562683194875717163e-02
4.346063435077667236e-01
4.275532364845275879e-01
5.483300089836120605e-01
4.272639453411102295e-01
4.691797792911529541e-01
5.791421532630920410e-01
4.514885246753692627e-01
3.411544263362884521e-01
5.730603933334350586e-01
5.581982135772705078e-01
5.777097940444946289e-01
5.833330154418945312e-01
2.143744379281997681e-01
6.121067702770233154e-02
4.413435459136962891e-01
5.832608342170715332e-01
4.095680713653564453e-01
5.860171318054199219e-01
3.667343556880950928e-01
4.261690676212310791e-01
3.697179853916168213e-01
7.572848349809646606e-02
5.892564654350280762e-01
4.854077994823455811e-01
5.574868321418762207e-01
6.095811128616333008e-01
5.632666945457458496e-01
5.575652122497558594e-01
4.192004799842834473e-01
4.645011425018310547e-01
4.476875066757202148e-01
3.826621472835540771e-01
1.881216764450073242e-01
5.054427385330200195e-01
4.829650223255157471e-01
3.725126683712005615e-01
4.850885868072509766e-01
3.566648662090301514e-01
5.869121551513671875e-01
4.332854747772216797e-01
5.997207164764404297e-01
5.034995675086975098e-01
3.984469175338745117e-01
4.476483762264251709e-01
4.823614954948425293e-01
1.018002703785896301e-01
2.401324957609176636e-01
4.735811948776245117e-01
3.176335394382476807e-01
3.035824596881866455e-01
3.627167344093322754e-01
3.396468460559844971e-01
5.256720781326293945e-01
4.207442998886108398e-01
5.850728154182434082e-01
5.711649060249328613e-01
5.192870497703552246e-01
5.155398845672607422e-01
5.132595300674438477e-01
5.631301403045654297e-01
5.677300691604614258e-01
4.145163893699645996e-01
5.980347990989685059e-01
1.385421752929687500e-01
5.515896081924438477e-01
5.179000496864318848e-01
5.243276357650756836e-01
4.215450286865234375e-01
4.919666647911071777e-01
4.355929791927337646e-01
5.165932178497314453e-01
8.821377903223037720e-02
4.901249408721923828e-01
2.432892918586730957e-01
2.317382097244262695e-01
5.971696376800537109e-01
5.780417919158935547e-01
4.922985732555389404e-01
4.088155329227447510e-01
5.017021298408508301e-01
6.016136407852172852e-01
3.272870779037475586e-01
5.319988131523132324e-01
5.988148450851440430e-01
4.109501838684082031e-01
6.978067755699157715e-02
1.597395837306976318e-01
5.849328637123107910e-01
5.915015935897827148e-01
4.753262400627136230e-01
4.556349217891693115e-01
5.906516909599304199e-01
3.883543014526367188e-01
4.736482501029968262e-01
5.674941539764404297e-01
5.027269124984741211e-01
5.400614142417907715e-01
3.418715000152587891e-01
5.510519146919250488e-01
3.869600296020507812e-01
5.075885653495788574e-01
5.860364437103271484e-01
2.373708486557006836e-01
4.635887145996093750e-01
6.196851134300231934e-01
4.264540076255798340e-01
3.624961376190185547e-01
5.185058116912841797e-01
4.892967939376831055e-01
4.787962436676025391e-01
3.845782876014709473e-01
4.900062978267669678e-01
4.975453019142150879e-01
5.309305191040039062e-01
5.270752906799316406e-01
5.936196446418762207e-01
2.243646830320358276e-01
4.362905919551849365e-01
4.485206305980682373e-01
4.938781857490539551e-01
4.665971100330352783e-01
6.148279309272766113e-01
5.189862847328186035e-01
5.356985926628112793e-01
3.496637344360351562e-01
3.737907707691192627e-01
5.421898961067199707e-01
5.899377465248107910e-01
3.615462481975555420e-01
4.948913455009460449e-01
3.942397534847259521e-01
4.776066541671752930e-01
4.244924783706665039e-01
5.662693977355957031e-01
3.863091170787811279e-01
4.624783992767333984e-01
5.907178521156311035e-01
4.503376483917236328e-01
5.559496879577636719e-01
5.382559895515441895e-01
4.195377528667449951e-01
5.880212783813476562e-01
5.575530529022216797e-01
3.403179049491882324e-01
5.940759778022766113e-01
6.137056350708007812e-01
5.432965755462646484e-01
4.866877198219299316e-01
4.524417221546173096e-01
1.055542603135108948e-01
3.968583047389984131e-01
5.355475097894668579e-02
6.016702055931091309e-01
5.156543254852294922e-01
4.794029891490936279e-01
5.637241601943969727e-01
3.757847845554351807e-01
5.300853252410888672e-01
4.958351254463195801e-01
9.044429659843444824e-02
5.219366550445556641e-01
5.397481322288513184e-01
3.403730392456054688e-01
5.023873448371887207e-01
5.446601510047912598e-01
4.891239106655120850e-01
5.568057298660278320e-01
4.571981728076934814e-01
6.637279689311981201e-02
8.309371024370193481e-02
4.194519519805908203e-01
5.745114088058471680e-01
1.214773505926132202e-01
4.848123490810394287e-01
4.198602437973022461e-01
4.032005369663238525e-01
5.523265004158020020e-01
5.899049639701843262e-01
3.967509269714355469e-01
5.000611543655395508e-01
4.257803261280059814e-01
5.258903503417968750e-01
5.950397253036499023e-01
4.688836634159088135e-01
5.289035439491271973e-01
5.401988625526428223e-01
3.516806364059448242e-01
2.706258296966552734e-01
4.573384523391723633e-01
4.852936267852783203e-01
5.389347076416015625e-01
5.782628655433654785e-01
5.778358578681945801e-01
5.123631358146667480e-01
5.405284762382507324e-01
3.522557020187377930e-01
2.845271229743957520e-01
4.909706115722656250e-01
8.913956582546234131e-02
3.673437833786010742e-01
3.362032175064086914e-01
3.784840404987335205e-01
5.073941946029663086e-01
6.120867133140563965e-01
4.180817604064941406e-01
2.468958050012588501e-01
5.431956052780151367e-01
5.762045383453369141e-01
5.827949047088623047e-01
3.445902764797210693e-01
5.963081121444702148e-01
5.828580856323242188e-01
5.363136529922485352e-01
4.395087063312530518e-01
5.909707546234130859e-01
5.695345997810363770e-01
5.131540894508361816e-01
4.927782714366912842e-01
5.906563997268676758e-01
5.253502726554870605e-01
5.578964352607727051e-01
5.041375756263732910e-01
5.596870183944702148e-01
6.225324869155883789e-01
4.194598495960235596e-01
5.102193355560302734e-01
3.168680965900421143e-01
6.025197505950927734e-01
4.044900834560394287e-01
4.894980192184448242e-01
5.382925271987915039e-01
2.412953078746795654e-01
5.498709082603454590e-01
5.101525187492370605e-01
4.281165897846221924e-01
5.987975001335144043e-01
5.659346580505371094e-01
1.191397756338119507e-01
4.792817533016204834e-01
4.933497309684753418e-01
3.777623474597930908e-01
5.745959877967834473e-01
4.814587533473968506e-01
5.423025488853454590e-01
5.618698596954345703e-01
5.576924085617065430e-01
4.293135106563568115e-01
5.607275366783142090e-01
6.419768184423446655e-02
5.743321776390075684e-01
5.345910191535949707e-01
2.540534138679504395e-01
5.154374241828918457e-01
4.004463553428649902e-01
5.039228200912475586e-01
5.390626192092895508e-01
4.252472817897796631e-01
4.591227471828460693e-01
5.130056142807006836e-01
4.750951528549194336e-01
5.866194963455200195e-01
5.480836033821105957e-01
5.472122430801391602e-01
1.733490228652954102e-01
5.750561356544494629e-01
5.193775892257690430e-01
4.844846129417419434e-01
6.199837923049926758e-01
5.138608217239379883e-01
5.216320157051086426e-01
3.485419750213623047e-01
4.784922301769256592e-01
5.103294253349304199e-01
5.539057850837707520e-01
5.306366682052612305e-01
5.506963729858398438e-01
4.241032004356384277e-01
1.104694604873657227e-01
4.036525785923004150e-01
4.857570230960845947e-01
5.577750205993652344e-01
5.164564251899719238e-01
5.718961358070373535e-01
5.807483196258544922e-01
5.738460421562194824e-01
5.789887905120849609e-01
4.464505612850189209e-01
3.808555305004119873e-01
6.080714464187622070e-01
4.542912542819976807e-01
4.690970778465270996e-01
5.870015025138854980e-01
7.827753573656082153e-02
4.313733279705047607e-01
5.408224463462829590e-01
3.480579257011413574e-01
5.607066750526428223e-01
5.470439195632934570e-01
6.016466617584228516e-01
6.069472432136535645e-01
4.903711080551147461e-01
3.700634241104125977e-01
1.481452137231826782e-01
2.529132962226867676e-01
6.273018717765808105e-01
5.815137624740600586e-01
5.490542054176330566e-01
4.785468280315399170e-01
4.438610374927520752e-01
3.134953677654266357e-01
4.445803165435791016e-01
5.318654179573059082e-01
5.778358578681945801e-01
3.535244762897491455e-01
4.947614371776580811e-01
5.814497470855712891e-01
5.528395175933837891e-01
2.635780572891235352e-01
3.949261009693145752e-01
6.057449579238891602e-01
3.921386599540710449e-01
5.273989439010620117e-01
4.875017404556274414e-01
4.804567694664001465e-01
3.855790197849273682e-01
3.204368352890014648e-01
6.110394001007080078e-01
5.616290569305419922e-01
3.432867228984832764e-01
8.943775296211242676e-02
3.606045246124267578e-01
5.812276005744934082e-01
5.156107544898986816e-01
4.009201526641845703e-01
5.185039639472961426e-01
5.818780064582824707e-01
2.878104746341705322e-01
4.909725785255432129e-01
6.033037304878234863e-01
4.676172435283660889e-01
4.523081481456756592e-01
5.974572300910949707e-01
5.746223330497741699e-01
5.237800478935241699e-01
5.760349035263061523e-01
5.706712007522583008e-01
4.915567040443420410e-01
3.981261849403381348e-01
5.734021663665771484e-01
5.018557906150817871e-01
4.332695901393890381e-01
5.341250896453857422e-01
5.521330237388610840e-01
3.627474308013916016e-01
4.051813185214996338e-01
3.911471664905548096e-01
5.741754770278930664e-01
4.004463553428649902e-01
2.669751644134521484e-01
4.810045659542083740e-01
4.010700583457946777e-01
5.544315576553344727e-01
4.063827097415924072e-01
4.841670691967010498e-01
7.489962130784988403e-02
4.980894327163696289e-01
5.806189179420471191e-01
5.345415472984313965e-01
5.874640345573425293e-01
5.985735058784484863e-01
5.616551041603088379e-01
5.749343633651733398e-01
6.102890968322753906e-01
5.883483886718750000e-01
5.698383450508117676e-01
5.918895006179809570e-01
1.015845090150833130e-01
5.807660818099975586e-01
5.751662850379943848e-01
6.234146952629089355e-01
4.378863573074340820e-01
5.274264812469482422e-01
1.036062166094779968e-01
6.007000207901000977e-01
4.032687842845916748e-01
6.101090908050537109e-01
4.586377739906311035e-01
4.930325746536254883e-01
5.630955696105957031e-01
5.024318099021911621e-01
5.059182047843933105e-01
4.854180216789245605e-01
5.316945910453796387e-01
4.038317501544952393e-01
5.725177526473999023e-01
4.937180876731872559e-01
4.329003393650054932e-01
4.670663177967071533e-01
5.280979871749877930e-01
4.400003254413604736e-01
4.487749040126800537e-01
4.492021203041076660e-01
5.412214398384094238e-01
4.948768615722656250e-01
3.211215734481811523e-01
4.340102672576904297e-01
3.990839719772338867e-01
5.372152924537658691e-01
7.686829566955566406e-02
5.398610830307006836e-01
3.977586030960083008e-01
5.288802385330200195e-01
5.666224360466003418e-01
6.021400690078735352e-01
5.409966707229614258e-01
3.723565638065338135e-01
3.924239277839660645e-01
5.295007824897766113e-01
3.156647384166717529e-01
3.578259944915771484e-01
4.917429685592651367e-01
5.420351624488830566e-01
3.858017623424530029e-01
6.145468354225158691e-01
5.732582807540893555e-01
4.771803319454193115e-01
5.068566799163818359e-01
5.152009129524230957e-01
5.445442199707031250e-01
5.145122408866882324e-01
5.769971013069152832e-01
5.988566875457763672e-01
5.498961210250854492e-01
4.575704634189605713e-01
5.146641135215759277e-01
6.390171647071838379e-01
5.262168645858764648e-01
5.869025588035583496e-01
5.042732954025268555e-01
1.593475639820098877e-01
2.421628385782241821e-01
6.006610989570617676e-01
5.874252915382385254e-01
3.192532360553741455e-01
5.678946971893310547e-01
2.347739934921264648e-01
4.896950721740722656e-01
5.006008148193359375e-01
1.701643317937850952e-01
4.272953569889068604e-01
5.882127285003662109e-01
4.876840114593505859e-01
5.803416967391967773e-01
5.084667801856994629e-01
4.955890476703643799e-01
3.797243833541870117e-01
4.701755940914154053e-01
5.700289011001586914e-01
2.067034244537353516e-01
5.587137937545776367e-01
5.386183261871337891e-01
4.471476376056671143e-01
3.781622350215911865e-01
2.587599456310272217e-01
3.334370553493499756e-01
2.484389543533325195e-01
3.144073784351348877e-01
4.454540908336639404e-01
4.471591413021087646e-01
2.041559517383575439e-01
5.295279622077941895e-01
5.663613080978393555e-01
5.883970856666564941e-01
4.720599949359893799e-01
5.087946653366088867e-01
1.626239269971847534e-01
5.645788908004760742e-01
5.231314897537231445e-01
3.823431432247161865e-01
3.441306352615356445e-01
5.731837153434753418e-01
4.443140327930450439e-01
3.207868337631225586e-01
4.696931540966033936e-01
9.735004603862762451e-02
5.915476083755493164e-01
5.454784631729125977e-01
4.916574954986572266e-01
1.133877485990524292e-01
5.952922105789184570e-01
4.344257414340972900e-01
5.515373349189758301e-01
5.476178526878356934e-01
4.669373631477355957e-01
5.767608880996704102e-01
5.603604316711425781e-01
5.666757225990295410e-01
5.323288440704345703e-01
4.950927495956420898e-01
4.470792710781097412e-01
4.762135446071624756e-01
5.810495018959045410e-01
6.051386520266532898e-02
3.232536315917968750e-01
5.663363337516784668e-01
5.223535299301147461e-01
2.866487503051757812e-01
5.400826334953308105e-01
2.936920821666717529e-01
5.337828397750854492e-01
4.073561728000640869e-01
5.905888676643371582e-01
5.505775809288024902e-01
4.189498126506805420e-01
4.130617678165435791e-01
4.372472763061523438e-01
5.700671076774597168e-01
5.934877991676330566e-01
2.673034369945526123e-01
5.092622637748718262e-01
5.737431049346923828e-01
3.525225520133972168e-01
5.866927504539489746e-01
5.947837233543395996e-01
6.042714715003967285e-01
5.440326333045959473e-01
4.255609512329101562e-01
5.892395973205566406e-01
5.347428321838378906e-01
4.982483088970184326e-01
5.455880761146545410e-01
5.981623530387878418e-01
4.770388603210449219e-01
4.167747795581817627e-01
5.631218552589416504e-01
5.567141771316528320e-01
4.028283059597015381e-01
4.128455221652984619e-01
5.545349717140197754e-01
5.348587036132812500e-01
6.265679597854614258e-01
5.374531149864196777e-01
5.678861737251281738e-01
4.243525564670562744e-01
4.815027415752410889e-01
5.579174682497978210e-02
4.712261557579040527e-01
4.807377159595489502e-01
4.561053812503814697e-01
4.514776766300201416e-01
5.142966508865356445e-01
5.777868032455444336e-01
5.719836056232452393e-02
5.388423204421997070e-01
5.640130043029785156e-01
5.442321896553039551e-01
5.204960703849792480e-01
4.159848093986511230e-01
5.389708280563354492e-01
5.852059721946716309e-01
8.345898985862731934e-02
6.057589650154113770e-01
4.812036752700805664e-01
6.893131881952285767e-02
3.413645029067993164e-01
4.670456051826477051e-01
5.578075051307678223e-01
4.986444711685180664e-01
5.543243288993835449e-01
4.970031380653381348e-01
3.971454501152038574e-01
5.308566689491271973e-01
4.730011820793151855e-01
5.544355511665344238e-01
1.397105604410171509e-01
4.536056816577911377e-01
4.901307225227355957e-01
4.323240220546722412e-01
5.223455429077148438e-01
8.530509471893310547e-02
5.550124645233154297e-01
4.872876405715942383e-01
4.359159469604492188e-01
4.263218045234680176e-01
3.514559864997863770e-01
5.000607371330261230e-01
5.802899599075317383e-01
4.950276613235473633e-01
1.741367131471633911e-01
4.911756515502929688e-01
5.415441393852233887e-01
5.090509057044982910e-01
4.737595915794372559e-01
4.739102721214294434e-01
6.160802841186523438e-01
5.507097840309143066e-01
6.173353195190429688e-01
5.025963187217712402e-01
2.662598490715026855e-01
5.869179368019104004e-01
6.495185941457748413e-02
6.128939390182495117e-01
5.405867099761962891e-01
5.346322059631347656e-01
3.647637069225311279e-01
3.890987634658813477e-01
3.821129500865936279e-01
4.448249340057373047e-01
3.716470599174499512e-01
3.616272509098052979e-01
4.394974112510681152e-01
3.916174769401550293e-01
5.851492285728454590e-01
5.720078349113464355e-01
5.424790978431701660e-01
5.304793715476989746e-01
5.872727036476135254e-01
4.480111002922058105e-01
5.320876240730285645e-01
3.971644937992095947e-01
4.445811510086059570e-01
1.929460614919662476e-01
5.639579147100448608e-02
4.765881001949310303e-01
6.042714715003967285e-01
5.186441540718078613e-01
4.273041486740112305e-01
5.416147112846374512e-01
5.372273921966552734e-01
3.700887560844421387e-01
4.791029691696166992e-01
4.602791666984558105e-01
4.585914611816406250e-01
4.573450386524200439e-01
5.576168298721313477e-01
4.496915042400360107e-01
5.321761369705200195e-01
6.240890622138977051e-01
5.857850313186645508e-01
5.598373413085937500e-01
5.441943407058715820e-01
5.534721016883850098e-01
3.461951315402984619e-01
4.366341233253479004e-01
5.540635585784912109e-01
5.495479330420494080e-02
5.196891427040100098e-01
4.096510410308837891e-01
5.939907431602478027e-01
4.900959730148315430e-01
4.959130883216857910e-01
3.743984699249267578e-01
5.406448841094970703e-01
5.316448807716369629e-01
5.898051857948303223e-01
4.188943803310394287e-01
4.302482604980468750e-01
5.798606276512145996e-01
5.198789834976196289e-01
5.565029382705688477e-01
4.754302799701690674e-01
4.079152345657348633e-01
5.821409225463867188e-01
4.656388759613037109e-01
4.844467341899871826e-01
5.587046742439270020e-01
2.589018940925598145e-01
5.562183856964111328e-01
6.016588211059570312e-01
4.255382418632507324e-01
5.256837010383605957e-01
5.604869723320007324e-01
5.615912675857543945e-01
5.307042002677917480e-01
4.768827557563781738e-01
5.819076299667358398e-01
5.853945612907409668e-01
4.316522777080535889e-01
4.672441482543945312e-01
3.640947639942169189e-01
5.545387268066406250e-01
5.360790491104125977e-01
4.703798890113830566e-01
1.457887291908264160e-01
4.335757195949554443e-01
5.511576533317565918e-01
8.566420525312423706e-02
4.089924693107604980e-01
4.858015775680541992e-01
4.736003279685974121e-01
1.347534060478210449e-01
4.917763471603393555e-01
2.682010233402252197e-01
5.218444466590881348e-01
5.333805084228515625e-01
5.321024060249328613e-01
5.634262561798095703e-01
4.427300393581390381e-01
4.981568157672882080e-01
5.933489799499511719e-01
5.866138339042663574e-01
4.268584251403808594e-01
4.783849418163299561e-01
3.525044620037078857e-01
4.097601771354675293e-01
3.907812535762786865e-01
2.770177423954010010e-01
4.001643359661102295e-01
2.018577605485916138e-01
4.986518025398254395e-01
6.400215625762939453e-01
5.447407364845275879e-01
5.149753689765930176e-01
4.965561330318450928e-01
4.107486605644226074e-01
5.993233323097229004e-01
6.035702824592590332e-01
2.693594098091125488e-01
4.940614402294158936e-01
1.521817892789840698e-01
4.942647516727447510e-01
2.737132310867309570e-01
5.693055689334869385e-02
5.008205175399780273e-01
5.248984098434448242e-01
5.695363879203796387e-01
4.609938859939575195e-01
4.426330924034118652e-01
6.139811873435974121e-01
5.734838843345642090e-01
5.801924467086791992e-01
5.351846218109130859e-01
5.529493093490600586e-01
5.285761356353759766e-01
4.204486012458801270e-01
5.001227259635925293e-01
5.214877724647521973e-01
4.777421653270721436e-01
5.603270530700683594e-01
5.436986684799194336e-01
5.353571772575378418e-01
2.823061645030975342e-01
4.831263720989227295e-01
5.234301686286926270e-01
6.076841950416564941e-01
4.970188140869140625e-01
3.459143936634063721e-01
5.158210992813110352e-01
5.650830864906311035e-01
4.603716731071472168e-01
4.344887435436248779e-01
5.640658736228942871e-01
4.974582195281982422e-01
5.932025909423828125e-01
3.319766521453857422e-01
3.798675835132598877e-01
5.293350219726562500e-01
3.195595443248748779e-01
2.095217704772949219e-01
9.655307233333587646e-02
4.002283513545989990e-01
4.731557071208953857e-01
4.325253665447235107e-01
1.049398407340049744e-01
4.574737846851348877e-01
4.953179657459259033e-01
5.463425815105438232e-02
8.031302690505981445e-02
5.112046003341674805e-01
3.567975163459777832e-01
5.408520102500915527e-01
4.044395983219146729e-01
5.897032022476196289e-01
4.183152616024017334e-01
5.403496623039245605e-01
3.469766080379486084e-01
5.186995267868041992e-01
5.959161520004272461e-01
5.724733471870422363e-01
4.696648120880126953e-01
5.869772434234619141e-01
5.400728583335876465e-01
5.664368271827697754e-01
4.157028794288635254e-01
2.713652849197387695e-01
3.561032712459564209e-01
3.613588809967041016e-01
3.897503316402435303e-01
2.911191582679748535e-01
4.441254138946533203e-01
5.694690942764282227e-01
5.791874527931213379e-01
5.330674648284912109e-01
5.438322424888610840e-01
5.546009540557861328e-01
4.045810699462890625e-01
4.116673469543457031e-01
4.938441216945648193e-01
5.603482127189636230e-01
3.253358900547027588e-01
5.539261102676391602e-01
1.756912469863891602e-01
4.023615121841430664e-01
5.854278802871704102e-01
5.459048151969909668e-01
5.955153703689575195e-01
3.398611545562744141e-01
5.313790440559387207e-01
2.679113745689392090e-01
5.620506405830383301e-01
3.439147174358367920e-01
5.412171483039855957e-01
4.349636137485504150e-01
4.140965044498443604e-01
5.445539355278015137e-01
5.391607061028480530e-02
2.215659022331237793e-01
4.525840878486633301e-01
4.641487002372741699e-01
5.098344683647155762e-01
4.241446852684020996e-01
1.979640573263168335e-01
4.652205705642700195e-01
4.144004881381988525e-01
4.634854197502136230e-01
3.634971082210540771e-01
3.557421565055847168e-01
1.596678048372268677e-01
5.206124186515808105e-01
5.014429688453674316e-01
3.268064558506011963e-01
6.216319799423217773e-01
5.759540796279907227e-01
1.816519200801849365e-01
3.764740228652954102e-01
5.107130408287048340e-01
6.216821074485778809e-01
5.382882952690124512e-01
5.392087697982788086e-01
5.080427527427673340e-01
5.472084283828735352e-01
4.076163470745086670e-01
3.549126684665679932e-01
3.112641870975494385e-01
3.714948594570159912e-01
2.479790896177291870e-01
5.833433270454406738e-01
5.114169120788574219e-01
4.820524752140045166e-01
4.872153103351593018e-01
3.707999289035797119e-01
5.212967991828918457e-01
5.626763105392456055e-01
3.939470648765563965e-01
6.181956529617309570e-01
5.521389842033386230e-01
3.405332267284393311e-01
1.029602289199829102e-01
5.605642199516296387e-01
4.758641719818115234e-01
4.900689423084259033e-01
3.234795629978179932e-01
2.008883208036422729e-01
5.190913081169128418e-01
8.411510288715362549e-02
1.340088397264480591e-01
3.949719071388244629e-01
3.469668626785278320e-01
4.280894398689270020e-01
4.966181218624114990e-01
4.205945730209350586e-01
1.329387873411178589e-01
3.918150067329406738e-01
5.099431872367858887e-01
3.085784316062927246e-01
5.361354947090148926e-01
5.849069356918334961e-01
4.941762387752532959e-01
4.460894763469696045e-01
5.932505726814270020e-01
5.553440451622009277e-01
4.037145078182220459e-01
5.308587551116943359e-01
3.646154999732971191e-01
7.999378442764282227e-02
5.899527668952941895e-01
5.592712759971618652e-01
3.469919562339782715e-01
2.533342242240905762e-01
4.757370054721832275e-01
6.145626902580261230e-01
5.955780148506164551e-01
1.815165579319000244e-01
5.645951628684997559e-01
4.427136778831481934e-01
4.532694220542907715e-01
5.638177394866943359e-01
5.492836236953735352e-01
3.437207937240600586e-01
4.813120067119598389e-01
4.550617337226867676e-01
6.812189519405364990e-02
5.442050099372863770e-01
3.682477176189422607e-01
3.746210634708404541e-01
5.845109820365905762e-01
5.121240019798278809e-01
1.591248512268066406e-01
4.743749201297760010e-01
4.131093323230743408e-01
4.711879491806030273e-01
4.052907526493072510e-01
4.423087239265441895e-01
2.006459236145019531e-01
5.222722291946411133e-01
4.346303939819335938e-01
4.347490370273590088e-01
5.618202686309814453e-01
5.937308073043823242e-01
6.394795179367065430e-01
4.690138399600982666e-01
4.087995290756225586e-01
4.312482476234436035e-01
6.040529012680053711e-01
3.552081882953643799e-01
2.686556875705718994e-01
3.850149214267730713e-01
5.444456338882446289e-01
3.770566880702972412e-01
5.541364550590515137e-01
5.545781254768371582e-01
5.558707118034362793e-01
1.504375487565994263e-01
5.588537454605102539e-01
5.500568747520446777e-01
6.037591695785522461e-01
4.359214007854461670e-01
5.789196491241455078e-01
4.263781905174255371e-01
2.795773446559906006e-01
5.474951267242431641e-01
5.222209692001342773e-01
4.885667562484741211e-01
3.716588020324707031e-01
5.650883913040161133e-02
5.802103877067565918e-01
4.283272624015808105e-01
4.532054364681243896e-01
4.007547497749328613e-01
5.557081699371337891e-01
5.132840871810913086e-01
5.730744004249572754e-01
1.325834691524505615e-01
6.149951815605163574e-01
4.637178778648376465e-01
9.542112052440643311e-02
4.459891021251678467e-01
3.854223489761352539e-01
4.892562031745910645e-01
4.263492822647094727e-01
3.705696761608123779e-01
4.898744523525238037e-01
2.245178818702697754e-01
3.134568333625793457e-01
5.270522832870483398e-01
5.961446762084960938e-01
5.370185375213623047e-01
5.891111493110656738e-01
5.793959498405456543e-01
5.265387296676635742e-01
5.817533135414123535e-01
6.098670363426208496e-01
5.364549756050109863e-01
4.105804264545440674e-01
5.942224860191345215e-01
6.076929569244384766e-01
5.847487449645996094e-01
5.644536018371582031e-01
5.512519553303718567e-02
5.651080012321472168e-01
5.427942872047424316e-01
6.034032702445983887e-01
4.796909987926483154e-01
3.672270476818084717e-01
3.724066019058227539e-01
4.136494100093841553e-01
5.544364452362060547e-01
4.641305208206176758e-01
4.094282388687133789e-01
6.023576259613037109e-01
5.715833902359008789e-01
5.267823934555053711e-01
2.368119806051254272e-01
1.840989142656326294e-01
4.745945632457733154e-01
5.100924968719482422e-01
2.137515544891357422e-01
1.279004812240600586e-01
5.657698512077331543e-01
4.346637129783630371e-01
4.313881695270538330e-01
5.836805701255798340e-01
5.976390838623046875e-01
4.327856600284576416e-01
5.284281373023986816e-01
4.694682061672210693e-01
5.139625668525695801e-01
5.465981364250183105e-01
3.828906416893005371e-01
3.799099028110504150e-01
5.559496879577636719e-01
2.398133575916290283e-01
5.183216929435729980e-01
5.746555924415588379e-01
1.034149602055549622e-01
5.475004315376281738e-01
6.278869509696960449e-01
4.974781572818756104e-01
4.299392402172088623e-01
5.488328933715820312e-01
5.853777527809143066e-01
4.911575913429260254e-01
6.176235675811767578e-01
2.945184111595153809e-01
6.074129343032836914e-01
3.683880865573883057e-01
5.932883024215698242e-01
5.116003155708312988e-01
3.878890573978424072e-01
5.936266779899597168e-01
4.697715938091278076e-01
5.898171067237854004e-01
5.663788318634033203e-01
3.812549710273742676e-01
4.585696756839752197e-01
3.218516409397125244e-01
5.293087959289550781e-01
6.068450808525085449e-01
6.015892028808593750e-01
4.405182600021362305e-01
5.515969991683959961e-01
5.608543753623962402e-01
5.765761137008666992e-01
7.158657163381576538e-02
5.798828005790710449e-01
5.193201899528503418e-01
5.403406620025634766e-01
5.247646570205688477e-01
5.716738104820251465e-01
1.142035275697708130e-01
4.715106487274169922e-01
5.228882431983947754e-01
4.308249354362487793e-01
5.475230216979980469e-01
6.529845297336578369e-02
1.304046511650085449e-01
5.775972604751586914e-01
6.063643693923950195e-01
4.393666684627532959e-01
5.101145505905151367e-01
4.548870325088500977e-01
5.817220807075500488e-01
4.834884107112884521e-01
4.000736773014068604e-01
2.750859260559082031e-01
4.077534079551696777e-01
6.063421368598937988e-01
4.359510242938995361e-01
3.302758932113647461e-01
2.874151468276977539e-01
5.578040480613708496e-01
5.275681614875793457e-01
5.262045264244079590e-01
4.505524337291717529e-01
5.049483180046081543e-01
4.635721147060394287e-01
5.287348031997680664e-01
5.450208783149719238e-01
1.601121425628662109e-01
5.280831456184387207e-01
3.383254408836364746e-01
4.927962124347686768e-01
4.928939938545227051e-01
5.819039940834045410e-01
3.180422186851501465e-01
4.676029384136199951e-01
5.333734154701232910e-01
4.773243069648742676e-01
4.725067615509033203e-01
5.525409579277038574e-01
6.095441579818725586e-01
6.025915145874023438e-01
4.317064881324768066e-01
5.350704789161682129e-01
5.560186505317687988e-01
5.603305697441101074e-01
5.895401239395141602e-01
3.380371332168579102e-01
5.655645132064819336e-01
3.213396668434143066e-01
5.919046401977539062e-01
4.559604823589324951e-01
5.818204879760742188e-01
4.894490242004394531e-01
6.200397610664367676e-01
5.391845107078552246e-01
6.060510277748107910e-01
4.549391269683837891e-01
1.105826273560523987e-01
5.568228363990783691e-01
4.202009141445159912e-01
3.811342716217041016e-01
3.380233645439147949e-01
3.172087967395782471e-01
4.781359434127807617e-01
5.664317011833190918e-01
6.709486246109008789e-02
5.033922791481018066e-01
5.151199102401733398e-01
6.319453120231628418e-01
3.750858008861541748e-01
5.598742961883544922e-01
5.325420498847961426e-01
5.625450015068054199e-01
5.355417728424072266e-01
6.178850531578063965e-01
4.231913089752197266e-01
4.734846353530883789e-01
4.753032326698303223e-01
2.881143689155578613e-01
4.758601784706115723e-01
5.264188647270202637e-01
4.474161863327026367e-01
4.485539197921752930e-01
1.753162592649459839e-01
5.645293593406677246e-01
5.711236596107482910e-01
6.128763556480407715e-01
5.409107208251953125e-01
3.883827030658721924e-01
5.551733374595642090e-01
5.514399409294128418e-01
5.434439182281494141e-01
6.044667959213256836e-01
2.128580063581466675e-01
4.307213425636291504e-01
4.184532165527343750e-01
3.937706053256988525e-01
6.024845242500305176e-01
5.616589784622192383e-01
3.352928161621093750e-01
5.089244246482849121e-01
4.848309457302093506e-01
3.848898708820343018e-01
1.769420951604843140e-01
6.104005575180053711e-01
4.723039865493774414e-01
4.043014645576477051e-01
8.475195616483688354e-02
4.931045472621917725e-01
4.724910557270050049e-01
5.748212337493896484e-01
5.533260107040405273e-01
5.545533895492553711e-01
2.972782552242279053e-01
5.141212344169616699e-01
5.621663331985473633e-01
5.026938319206237793e-01
4.755836129188537598e-01
6.169683933258056641e-01
4.002698361873626709e-01
3.850016593933105469e-01
5.872037410736083984e-01
4.104321599006652832e-01
6.006448268890380859e-01
5.902250409126281738e-01
4.013910889625549316e-01
5.630490779876708984e-01
3.701222538948059082e-01
4.721332192420959473e-01
4.013578295707702637e-01
5.802980661392211914e-01
3.411649167537689209e-01
4.419841468334197998e-01
4.416018128395080566e-01
4.568848013877868652e-01
5.012188553810119629e-01
6.043934822082519531e-01
4.697403907775878906e-01
1.984059214591979980e-01
1.991465538740158081e-01
3.914743959903717041e-01
4.695641696453094482e-01
2.611792981624603271e-01
5.522610545158386230e-01
3.973851501941680908e-01
5.767855048179626465e-01
5.084674954414367676e-01
4.617274403572082520e-01
1.334410756826400757e-01
5.517498254776000977e-01
5.639448761940002441e-01
5.685807466506958008e-01
1.672914326190948486e-01
4.373700916767120361e-01
5.137413740158081055e-01
5.532060265541076660e-01
5.460090637207031250e-01
5.655354857444763184e-01
3.489091396331787109e-01
5.138359665870666504e-01
4.195294976234436035e-01
5.854275822639465332e-01
1.508792638778686523e-01
4.625141918659210205e-01
6.394795179367065430e-01
5.321992635726928711e-01
6.023195385932922363e-01
6.224204897880554199e-01
4.286936223506927490e-01
5.602269172668457031e-01
5.338739752769470215e-01
6.133242696523666382e-02
6.299344897270202637e-01
5.573711991310119629e-01
3.808523118495941162e-01
5.480836033821105957e-01
5.891433358192443848e-01
5.510928109288215637e-02
1.560932099819183350e-01
5.254628658294677734e-01
5.311090350151062012e-01
5.907163023948669434e-01
5.348793864250183105e-01
2.913613021373748779e-01
5.221463441848754883e-01
5.745697021484375000e-01
5.476571321487426758e-01
8.820969611406326294e-02
3.946527540683746338e-01
2.758482396602630615e-01
5.346680879592895508e-01
5.977744460105895996e-01
5.673371553421020508e-01
4.888156354427337646e-01
5.165998935699462891e-01
4.434510767459869385e-01
3.696779608726501465e-01
5.444431304931640625e-01
4.632703065872192383e-01
6.047171354293823242e-01
5.552242398262023926e-01
5.899087786674499512e-01
5.602077245712280273e-01
4.796145558357238770e-01
3.885502219200134277e-01
5.530809164047241211e-01
5.196872353553771973e-01
6.046072840690612793e-01
2.912501394748687744e-01
4.044693708419799805e-01
4.386677443981170654e-01
4.080933928489685059e-01
5.260797739028930664e-01
4.441592395305633545e-01
5.837558507919311523e-01
6.088673472404479980e-01
5.905445814132690430e-01
5.809097886085510254e-01
4.873565435409545898e-01
3.037433624267578125e-01
5.074164271354675293e-01
2.289021760225296021e-01
7.649314403533935547e-02
6.005375981330871582e-01
5.705545544624328613e-01
3.197915852069854736e-01
1.106402352452278137e-01
3.318149447441101074e-01
4.046499431133270264e-01
5.156128406524658203e-01
5.406415462493896484e-01
5.118013620376586914e-01
5.840531587600708008e-01
5.656558871269226074e-01
3.625783920288085938e-01
5.090412497520446777e-01
5.776362419128417969e-01
3.618964552879333496e-01
4.178845286369323730e-01
5.334533452987670898e-01
4.164509475231170654e-01
4.837799072265625000e-01
4.916414022445678711e-01
5.225943922996520996e-01
5.319765210151672363e-01
4.994529485702514648e-01
4.988057613372802734e-01
4.633764028549194336e-01
6.394795179367065430e-01
5.305820703506469727e-01
4.262877404689788818e-01
5.966858863830566406e-01
1.248357370495796204e-01
5.013472437858581543e-01
5.589194297790527344e-01
1.639816761016845703e-01
4.875476360321044922e-01
5.138170719146728516e-01
5.790430307388305664e-01
5.595401525497436523e-01
5.551197528839111328e-01
3.808745443820953369e-01
5.939739942550659180e-01
4.189337193965911865e-01
5.846409201622009277e-01
5.910074338316917419e-02
3.719149231910705566e-01
5.195325016975402832e-01
3.613123595714569092e-01
4.452234506607055664e-01
1.934617459774017334e-01
5.325350165367126465e-01
3.185831308364868164e-01
4.271337687969207764e-01
4.482961893081665039e-01
5.351971983909606934e-01
4.885560572147369385e-01
5.707104206085205078e-01
4.290216863155364990e-01
6.319101899862289429e-02
4.995050430297851562e-01
3.930810987949371338e-01
5.361905097961425781e-01
2.324336320161819458e-01
5.336235165596008301e-01
5.918487310409545898e-01
5.788586139678955078e-01
2.667959034442901611e-01
4.279927313327789307e-01
5.586963891983032227e-01
4.877282977104187012e-01
3.991657495498657227e-01
5.909828543663024902e-01
4.646995663642883301e-01
5.726535320281982422e-01
2.040795683860778809e-01
5.436712503433227539e-01
4.104762375354766846e-01
3.693671524524688721e-01
5.136914253234863281e-01
5.908350944519042969e-01
5.477900505065917969e-01
5.519005656242370605e-01
5.140526294708251953e-01
4.698988497257232666e-01
4.870016276836395264e-01
5.479732751846313477e-01
5.416033267974853516e-01
4.378528892993927002e-01
5.551780462265014648e-01
4.583505094051361084e-01
8.771894127130508423e-02
4.429598152637481689e-01
4.788258671760559082e-01
5.725282430648803711e-01
6.104999780654907227e-01
5.844132304191589355e-01
2.422065883874893188e-01
4.145299196243286133e-01
5.580208301544189453e-01
3.761126101016998291e-01
5.882425308227539062e-01
5.723007321357727051e-01
5.944947004318237305e-01
4.761485457420349121e-01
4.120908081531524658e-01
4.539563059806823730e-01
2.295261323451995850e-01
6.118690371513366699e-01
5.749143362045288086e-01
5.680248737335205078e-01
5.289550423622131348e-01
5.641186833381652832e-01
3.231503665447235107e-01
5.826639533042907715e-01
5.792821645736694336e-01
6.059223413467407227e-01
4.818541109561920166e-01
3.505367934703826904e-01
5.349470973014831543e-01
5.242242217063903809e-01
2.392323613166809082e-01
5.785062313079833984e-01
4.316776990890502930e-01
6.051028966903686523e-01
3.392311930656433105e-01
5.428254604339599609e-01
5.328528881072998047e-01
5.860666632652282715e-01
3.896650969982147217e-01
3.874069452285766602e-01
4.052031636238098145e-01
3.964210748672485352e-01
4.358541667461395264e-01
4.923938512802124023e-01
5.153901576995849609e-01
4.713899195194244385e-01
5.957470536231994629e-01
5.524521470069885254e-01
1.801912784576416016e-01
5.925924181938171387e-01
4.719789326190948486e-01
4.742106497287750244e-01
5.039226412773132324e-01
6.217013597488403320e-01
1.898007243871688843e-01
5.056191086769104004e-01
5.863687992095947266e-01
5.850906968116760254e-01
4.277651906013488770e-01
5.565650463104248047e-01
5.891026854515075684e-01
5.321279764175415039e-01
5.780871510505676270e-01
4.689171612262725830e-01
5.398989319801330566e-01
4.527387022972106934e-01
5.425809025764465332e-01
5.575804114341735840e-01
3.655666410923004150e-01
4.119091928005218506e-01
5.891801714897155762e-01
4.327128529548645020e-01
2.524742186069488525e-01
1.122251451015472412e-01
4.379441440105438232e-01
3.938883244991302490e-01
4.219395518302917480e-01
5.613257288932800293e-01
5.114482641220092773e-01
3.838149905204772949e-01
4.951738715171813965e-01
4.280344545841217041e-01
5.768366456031799316e-01
4.123342931270599365e-01
5.579672455787658691e-01
4.613781571388244629e-01
5.133859515190124512e-01
5.191978216171264648e-01
6.147009134292602539e-01
5.666820406913757324e-01
2.877643704414367676e-01
5.511003136634826660e-01
4.388303756713867188e-01
3.722834885120391846e-01
4.688872098922729492e-01
4.088648855686187744e-01
4.881120622158050537e-01
1.067669242620468140e-01
4.778623580932617188e-01
4.959390163421630859e-01
3.879935443401336670e-01
5.551934242248535156e-01
4.627071321010589600e-01
5.315968990325927734e-01
5.805492401123046875e-01
5.760778784751892090e-01
4.511120021343231201e-01
5.902906060218811035e-01
5.438215732574462891e-01
6.118264794349670410e-01
4.564613699913024902e-01
5.773538351058959961e-01
5.835171937942504883e-01
5.531587600708007812e-01
4.963142275810241699e-01
4.435188770294189453e-01
5.585429668426513672e-01
5.091085433959960938e-01
6.082873344421386719e-01
5.797681212425231934e-01
5.357683300971984863e-01
4.878736138343811035e-01
4.012273550033569336e-01
2.942144274711608887e-01
4.493717849254608154e-01
6.165045127272605896e-02
3.559338450431823730e-01
5.517338514328002930e-01
5.798681974411010742e-01
2.971282601356506348e-01
2.611168026924133301e-01
3.320807516574859619e-01
4.863668382167816162e-01
5.753840804100036621e-01
4.260940551757812500e-01
5.342549681663513184e-01
5.071846246719360352e-01
5.177453756332397461e-01
5.512275099754333496e-01
3.969859182834625244e-01
5.397434830665588379e-01
1.112762391567230225e-01
4.242929816246032715e-01
5.845147967338562012e-01
1.157598420977592468e-01
4.217271804809570312e-01
4.867646992206573486e-01
5.825281739234924316e-01
5.456764698028564453e-01
2.347629219293594360e-01
5.175397396087646484e-01
3.688764572143554688e-01
4.588745832443237305e-01
5.492688417434692383e-01
3.242917954921722412e-01
4.222813546657562256e-01
3.813439607620239258e-01
5.041958093643188477e-01
5.710205435752868652e-01
4.073562026023864746e-01
5.831055045127868652e-01
4.869751632213592529e-01
6.294462680816650391e-01
5.527263283729553223e-01
