9.999579191207885742e-01
9.982897639274597168e-01
4.392486810684204102e-01
9.979884624481201172e-01
9.911955595016479492e-01
9.915270209312438965e-01
2.398923788859974593e-05
9.996274709701538086e-01
9.997013211250305176e-01
9.890106412058230489e-06
9.232156872749328613e-01
9.995753169059753418e-01
9.999700784683227539e-01
9.999514818191528320e-01
9.998641014099121094e-01
3.429013788700103760e-01
9.995722174644470215e-01
1.257162512047216296e-05
9.998825788497924805e-01
9.990954399108886719e-01
4.959708079695701599e-02
9.687406420707702637e-01
9.999507665634155273e-01
5.396996584750013426e-06
9.999798536300659180e-01
8.017204403877258301e-01
9.996665716171264648e-01
9.998237490653991699e-01
7.962046265602111816e-01
9.988673925399780273e-01
9.999051094055175781e-01
9.997470974922180176e-01
2.846889197826385498e-01
4.053939580917358398e-01
4.592553523252718151e-05
9.993500113487243652e-01
9.999400377273559570e-01
9.959785938262939453e-01
3.002814773935824633e-04
7.296153809875249863e-03
8.293687701225280762e-01
9.176239371299743652e-01
9.735286235809326172e-01
9.996833801269531250e-01
9.532676935195922852e-01
9.998854398727416992e-01
9.999564886093139648e-01
1.352572739124298096e-01
9.999794960021972656e-01
2.223385572433471680e-01
8.546514511108398438e-01
9.937540888786315918e-01
1.169671341776847839e-01
9.998136162757873535e-01
9.086740319617092609e-04
9.982264637947082520e-01
9.995039701461791992e-01
2.934831082820892334e-01
9.987382292747497559e-01
9.052510857582092285e-01
7.808674126863479614e-03
9.997506737709045410e-01
7.466309034498408437e-05
2.394679486751556396e-01
9.845427870750427246e-01
9.998408555984497070e-01
9.999450445175170898e-01
4.264105558395385742e-01
4.499469650909304619e-04
9.988811612129211426e-01
9.998082518577575684e-01
5.323708683135919273e-05
9.994488358497619629e-01
9.905136823654174805e-01
9.895561337471008301e-01
9.998704195022583008e-01
9.752742648124694824e-01
9.990997314453125000e-01
9.842505455017089844e-01
9.425579264643602073e-06
9.996283054351806641e-01
5.333991050720214844e-01
7.476789504289627075e-02
9.250045418739318848e-01
9.866816997528076172e-01
9.926492571830749512e-01
8.235540390014648438e-01
3.254427341744303703e-03
9.713965700939297676e-04
8.829005062580108643e-03
9.938716888427734375e-01
6.764262318611145020e-01
4.444564110599458218e-04
5.266684293746948242e-01
9.969459176063537598e-01
9.662312269210815430e-01
6.707848906517028809e-01
9.999020099639892578e-01
7.189229726791381836e-01
8.869981169700622559e-01
9.569690823554992676e-01
2.618771977722644806e-02
3.224218729883432388e-03
9.981258511543273926e-01
9.922105073928833008e-01
1.230494119226932526e-02
9.997697472572326660e-01
2.383477840339764953e-04
2.073032781481742859e-02
7.434229850769042969e-01
9.935268163681030273e-01
9.982774257659912109e-01
4.484568536281585693e-01
9.995869994163513184e-01
9.983484745025634766e-01
4.638487473130226135e-03
5.845578908920288086e-01
1.473721023648977280e-02
1.020026803016662598e-01
2.289484487846493721e-03
3.826665633823722601e-04
1.546687483787536621e-01
7.105839904397726059e-04
4.731905646622180939e-04
6.213067770004272461e-01
9.999289512634277344e-01
6.331795454025268555e-01
9.983497858047485352e-01
1.864024251699447632e-02
1.252713147550821304e-03
1.663031801581382751e-02
1.285197883844375610e-01
8.269762992858886719e-02
9.954928159713745117e-01
9.986781477928161621e-01
8.416967391967773438e-01
9.965399503707885742e-01
9.974337220191955566e-01
9.998981952667236328e-01
3.618025407195091248e-02
7.819506525993347168e-01
6.027456521987915039e-01
2.004857924475800246e-05
3.890503663569688797e-03
9.997735619544982910e-01
8.872666512615978718e-04
3.825932508334517479e-04
2.342458963394165039e-01
9.674456715583801270e-01
2.483444754034280777e-03
3.059287071228027344e-01
8.271479010581970215e-01
9.986552000045776367e-01
1.393816918134689331e-01
1.365343632642179728e-05
9.999519586563110352e-01
5.288872122764587402e-02
9.999302625656127930e-01
2.328865975141525269e-02
4.773976688738912344e-04
9.998775720596313477e-01
9.862293004989624023e-01
9.826838374137878418e-01
9.991899132728576660e-01
2.398885488510131836e-01
1.623495627427473664e-04
9.993978738784790039e-01
4.411877307575196028e-04
7.400909662246704102e-01
3.169367015361785889e-01
9.979708790779113770e-01
8.868548274040222168e-01
3.689763545989990234e-01
4.861143883317708969e-03
1.024380624294281006e-01
2.582217566668987274e-04
5.159523338079452515e-03
7.674397826194763184e-01
9.999070167541503906e-01
2.831383943557739258e-01
4.528292268514633179e-02
9.225705862045288086e-01
1.387612428516149521e-04
3.840075433254241943e-01
2.084840089082717896e-03
8.601837158203125000e-01
9.907907247543334961e-01
8.128817677497863770e-01
9.292381405830383301e-01
2.316212654113769531e-02
7.499240455217659473e-04
9.999818801879882812e-01
1.063844771124422550e-03
9.991968274116516113e-01
9.986128807067871094e-01
9.998567104339599609e-01
9.912363290786743164e-01
7.839605212211608887e-01
9.972221851348876953e-01
9.984278678894042969e-01
9.994019269943237305e-01
9.355282783508300781e-01
9.997648596763610840e-01
4.682066719396971166e-05
3.231514096260070801e-01
2.451401902362704277e-03
9.882292747497558594e-01
7.589942812919616699e-01
9.999734163284301758e-01
1.660127379000186920e-02
9.996865987777709961e-01
1.004409138113260269e-02
7.870936393737792969e-01
9.996505975723266602e-01
9.949199557304382324e-01
9.998930692672729492e-01
1.148749515414237976e-02
9.999246597290039062e-01
9.597079157829284668e-01
1.499608508311212063e-03
3.477593782008625567e-05
9.993392825126647949e-01
9.997821450233459473e-01
9.066315293312072754e-01
2.104471204802393913e-03
1.321407854557037354e-01
9.996988773345947266e-01
1.123801525682210922e-02
1.861524360720068216e-04
8.429900407791137695e-01
9.998119473457336426e-01
1.704660011455416679e-03
9.998519420623779297e-01
1.475437730550765991e-02
9.997492432594299316e-01
9.994609951972961426e-01
1.298918128013610840e-01
1.026359051465988159e-01
9.820764064788818359e-01
8.054251968860626221e-02
9.993997812271118164e-01
9.996275901794433594e-01
9.978278279304504395e-01
9.610514640808105469e-01
4.619227547664195299e-05
5.526116583496332169e-04
5.488294118549674749e-05
4.142647683620452881e-01
9.263947010040283203e-01
9.998537302017211914e-01
9.999144077301025391e-01
2.969995839521288872e-03
9.873207807540893555e-01
9.961267113685607910e-01
1.480286717414855957e-01
9.652528166770935059e-01
7.868680171668529510e-03
9.999693632125854492e-01
1.900353381643071771e-04
8.731781840324401855e-01
4.584136307239532471e-01
9.978387951850891113e-01
9.970861077308654785e-01
9.640237689018249512e-01
9.416925907135009766e-01
9.871067404747009277e-01
4.290957585908472538e-04
8.939237594604492188e-01
9.995997548103332520e-01
4.437295428942888975e-04
2.193500113207846880e-04
1.141883432865142822e-02
1.756356954574584961e-01
9.999371767044067383e-01
8.653638958930969238e-01
2.726483624428510666e-03
9.938566088676452637e-01
9.999419450759887695e-01
7.474493468180298805e-04
9.989670515060424805e-01
7.579872608184814453e-01
9.983861446380615234e-01
7.024509977782145143e-05
9.994947910308837891e-01
9.996917247772216797e-01
3.701192035805433989e-04
9.848285317420959473e-01
9.825423955917358398e-01
1.191160362213850021e-02
4.935544729232788086e-01
9.998837709426879883e-01
9.999784231185913086e-01
2.140282392501831055e-01
2.420852631330490112e-01
9.996491670608520508e-01
9.933115243911743164e-01
9.993312358856201172e-01
9.954517483711242676e-01
9.999645948410034180e-01
9.985042810440063477e-01
9.886771440505981445e-03
9.172303834930062294e-04
1.174283772706985474e-01
4.448179304599761963e-01
9.989357590675354004e-01
3.935144341085106134e-04
9.998595714569091797e-01
9.996738433837890625e-01
9.540465474128723145e-01
9.372321963310241699e-01
1.327759237028658390e-04
4.660649895668029785e-01
9.999384880065917969e-01
3.474289178848266602e-02
1.238636468769982457e-04
4.450178444385528564e-01
9.998975992202758789e-01
3.389351069927215576e-01
8.286683559417724609e-01
9.998623132705688477e-01
9.954908490180969238e-01
4.364542663097381592e-03
9.998543262481689453e-01
4.317453205585479736e-01
1.458023190498352051e-01
9.540990591049194336e-01
3.693211823701858521e-02
9.998105168342590332e-01
1.316912967013195157e-04
1.730600744485855103e-02
4.890608135610818863e-03
6.925315260887145996e-01
1.080715155694633722e-04
9.976691603660583496e-01
9.985728263854980469e-01
1.148276729509234428e-03
9.999136924743652344e-01
9.999451637268066406e-01
1.493259878770913929e-05
3.427312076091766357e-01
9.998660087585449219e-01
9.995583891868591309e-01
8.536005392670631409e-03
9.999812841415405273e-01
1.382196751364972442e-05
7.836364966351538897e-05
9.824778437614440918e-01
7.480862736701965332e-02
9.998186230659484863e-01
9.993608593940734863e-01
7.128286361694335938e-02
1.103458032011985779e-01
9.907245039939880371e-01
9.993267059326171875e-01
9.194617271423339844e-01
9.586219191551208496e-01
9.999496936798095703e-01
9.341023117303848267e-02
3.906361293047666550e-03
2.755649760365486145e-02
9.999420642852783203e-01
9.986741542816162109e-01
5.209501367062330246e-03
9.997509121894836426e-01
9.841622114181518555e-01
8.708885908126831055e-01
9.308797717094421387e-01
9.990305900573730469e-01
9.991444349288940430e-01
1.392852514982223511e-02
3.754404187202453613e-01
9.999768733978271484e-01
8.037131428718566895e-01
9.999812841415405273e-01
1.425047125667333603e-02
2.372170332819223404e-03
9.998753070831298828e-01
9.998919963836669922e-01
9.998829364776611328e-01
9.998812675476074219e-01
9.894059039652347565e-04
3.745474666357040405e-02
5.580505728721618652e-01
9.858248233795166016e-01
9.464367628097534180e-01
9.999377727508544922e-01
9.974256157875061035e-01
5.898552536964416504e-01
3.140089393127709627e-05
9.999002218246459961e-01
6.068951636552810669e-02
4.592681527137756348e-01
9.721770882606506348e-01
7.392056584358215332e-01
9.982404708862304688e-01
9.999643564224243164e-01
9.998075366020202637e-01
9.998571872711181641e-01
9.999459981918334961e-01
9.999477863311767578e-01
6.388613837771117687e-05
4.348053038120269775e-01
9.988759160041809082e-01
9.442217415198683739e-04
9.907132387161254883e-01
9.634993672370910645e-01
1.418925821781158447e-02
1.328330399701371789e-04
9.639133349992334843e-05
8.170515894889831543e-01
4.868565592914819717e-03
7.480477094650268555e-01
3.397952823434025049e-04
2.611398100852966309e-01
9.999721050262451172e-01
1.483113765716552734e-01
9.946967363357543945e-01
9.967920184135437012e-01
9.789803028106689453e-01
9.991336464881896973e-01
4.314610958099365234e-01
9.997764136642217636e-04
9.625433087348937988e-01
1.910419389605522156e-02
7.459917014784878120e-06
9.995486140251159668e-01
9.994276165962219238e-01
9.498679079115390778e-03
9.999655485153198242e-01
7.348127365112304688e-01
4.771966934204101562e-01
5.751672870246693492e-05
2.032105438411235809e-02
1.791609451174736023e-02
5.543705821037292480e-02
6.039508662070147693e-05
9.817898869514465332e-01
3.812580704689025879e-01
9.830467104911804199e-01
4.377250152174383402e-04
1.930314319906756282e-04
9.999451637268066406e-01
9.995643496513366699e-01
7.901372909545898438e-01
9.500744342803955078e-01
9.972572922706604004e-01
9.997037053108215332e-01
9.973031282424926758e-01
9.224449992179870605e-01
9.998018145561218262e-01
9.995507597923278809e-01
9.952240586280822754e-01
4.172402322292327881e-01
2.604093788249883801e-05
3.964320421218872070e-01
9.877267479896545410e-01
2.384722392889671028e-05
9.998816251754760742e-01
9.997901320457458496e-01
9.999470710754394531e-01
9.976346492767333984e-01
2.044778615236282349e-01
5.479435324668884277e-01
6.453156674979254603e-05
3.380324244499206543e-01
9.732897281646728516e-01
8.357881903648376465e-01
9.998925924301147461e-01
8.156262040138244629e-01
1.125827566283987835e-05
8.545811772346496582e-01
9.972985386848449707e-01
9.958094358444213867e-01
8.687035441398620605e-01
3.301816526800394058e-03
2.357623167335987091e-02
4.191138315945863724e-03
9.978098273277282715e-01
4.970481991767883301e-02
6.391942501068115234e-01
6.285584997385740280e-03
9.890469908714294434e-01
7.352599501609802246e-01
8.550691604614257812e-01
9.608850479125976562e-01
3.298848271369934082e-01
9.382275864481925964e-03
9.583865404129028320e-01
5.659084767103195190e-03
1.794699346646666527e-04
9.981232285499572754e-01
7.930798456072807312e-03
9.999334812164306641e-01
6.058111786842346191e-01
9.852179884910583496e-01
9.999662637710571289e-01
9.999437332153320312e-01
9.999577999114990234e-01
6.068951636552810669e-02
9.974222183227539062e-01
2.661350183188915253e-02
9.542477726936340332e-01
9.433313608169555664e-01
2.531795799732208252e-01
9.980576634407043457e-01
2.982528209686279297e-01
4.766227304935455322e-02
6.673224270343780518e-04
4.682066719396971166e-05
5.620806813240051270e-01
2.446643859148025513e-01
9.999265670776367188e-01
4.540237205219455063e-05
9.931059479713439941e-01
7.220608592033386230e-01
9.971848130226135254e-01
9.998987913131713867e-01
8.887517469702288508e-05
4.288638532161712646e-01
4.307607923692557961e-06
4.002900421619415283e-01
9.868034720420837402e-01
4.087820351123809814e-01
9.996854066848754883e-01
9.376363754272460938e-01
7.809465023456141353e-05
4.738226905465126038e-02
9.984406828880310059e-01
9.559116959571838379e-01
6.543262861669063568e-05
9.984375834465026855e-01
9.945763349533081055e-01
9.963145852088928223e-01
9.996100068092346191e-01
9.956167936325073242e-01
9.997827410697937012e-01
9.999520778656005859e-01
7.215683460235595703e-01
3.634447157382965088e-01
2.677147567737847567e-04
2.301319539546966553e-01
8.537844419479370117e-01
1.835422776639461517e-02
9.649617075920104980e-01
9.999512434005737305e-01
6.399625999620184302e-05
8.976284265518188477e-01
9.999819993972778320e-01
6.781273987144231796e-03
7.597993612289428711e-01
9.585402011871337891e-01
4.939133226871490479e-01
3.580974414944648743e-03
9.996755123138427734e-01
1.509779976913705468e-04
9.997710585594177246e-01
9.994603991508483887e-01
9.971804618835449219e-01
2.005171991186216474e-04
1.019305810332298279e-01
9.423301526112481952e-05
9.996743202209472656e-01
7.610531174577772617e-04
9.995990395545959473e-01
4.941030144691467285e-01
7.660098671913146973e-01
9.977630376815795898e-01
5.540018081665039062e-01
1.536878698971122503e-05
1.016964306472800672e-04
1.364987194538116455e-01
7.810127863194793463e-05
3.238154022255912423e-05
9.993497729301452637e-01
8.464018106460571289e-01
9.981344938278198242e-01
1.075590327382087708e-01
9.998021721839904785e-01
9.997720122337341309e-01
8.855333924293518066e-01
8.122505545616149902e-01
6.066215573810040951e-04
2.200961112976074219e-02
9.999444484710693359e-01
8.121224492788314819e-02
9.760360121726989746e-01
9.998867511749267578e-01
9.910441637039184570e-01
2.064004093408584595e-01
1.981891109608113766e-04
9.700918197631835938e-01
4.297925829887390137e-01
5.391978025436401367e-01
8.832512497901916504e-01
9.164263028651475906e-04
9.768458083271980286e-03
1.868017861852422357e-04
3.582677245140075684e-01
1.639638654887676239e-02
6.406580209732055664e-01
9.924800395965576172e-01
5.877178162336349487e-03
4.857399165630340576e-01
1.372640281915664673e-01
9.998834133148193359e-01
9.336982965469360352e-01
9.995890259742736816e-01
3.005192265845835209e-04
9.998780488967895508e-01
8.184098078345414251e-06
9.277924895286560059e-01
9.867576360702514648e-01
4.680760670453310013e-03
9.806318283081054688e-01
2.856903010979294777e-04
7.158709195209667087e-06
9.997996687889099121e-01
8.586967363953590393e-03
9.954238533973693848e-01
7.857481978135183454e-05
9.717543125152587891e-01
9.563092589378356934e-01
8.776613473892211914e-01
9.996033310890197754e-01
2.248241362394765019e-04
1.359300076728686690e-04
9.994738698005676270e-01
5.116196274757385254e-01
1.735967118293046951e-03
3.427403271198272705e-01
9.993581175804138184e-01
9.991515874862670898e-01
2.329068593098782003e-05
4.066663980484008789e-02
9.999744892120361328e-01
7.257094979286193848e-01
1.541095298307482153e-05
2.060152823105454445e-03
2.664605081081390381e-01
5.014591151848435402e-04
2.413043528795242310e-01
7.284634746611118317e-03
9.992178678512573242e-01
9.999506473541259766e-01
8.844621777534484863e-01
2.658651024103164673e-02
9.996860027313232422e-01
8.833863139152526855e-01
9.669206142425537109e-01
9.999685287475585938e-01
4.087873920798301697e-02
1.327641755342483521e-01
5.265741348266601562e-01
4.530977308750152588e-01
9.851972460746765137e-01
2.966542961075901985e-04
9.981506466865539551e-01
9.999415874481201172e-01
3.575326874852180481e-03
3.025410114787518978e-04
1.294044107198715210e-01
9.993607401847839355e-01
1.930972002446651459e-02
9.996297359466552734e-01
9.234471945092082024e-04
4.403186962008476257e-03
9.989258646965026855e-01
6.764262318611145020e-01
1.299380660057067871e-01
9.998212456703186035e-01
1.179543584585189819e-01
9.969328641891479492e-01
4.496652400121092796e-05
2.688525021076202393e-01
1.170589122921228409e-03
9.987547397613525391e-01
9.996984004974365234e-01
8.605983257293701172e-01
4.395520372781902552e-04
9.859202504158020020e-01
9.999073743820190430e-01
9.999592304229736328e-01
9.999595880508422852e-01
7.949470273160841316e-06
3.792191273532807827e-04
2.508536353707313538e-02
9.963543415069580078e-01
2.578623294830322266e-01
4.172016342636197805e-04
1.038631945848464966e-01
3.892257809638977051e-02
9.998391866683959961e-01
9.997137188911437988e-01
9.956914782524108887e-01
9.794348478317260742e-01
1.148708106484264135e-04
8.457353711128234863e-01
9.543595910072326660e-01
9.993329644203186035e-01
3.305121936136856675e-05
9.997323155403137207e-01
9.999383687973022461e-01
4.588280804455280304e-03
9.956122636795043945e-01
9.992164373397827148e-01
9.998793601989746094e-01
9.996495246887207031e-01
5.854583832842763513e-06
9.999132156372070312e-01
3.419133427087217569e-04
7.776421960443258286e-03
9.992030262947082520e-01
9.359841346740722656e-01
3.101359470747411251e-05
9.998801946640014648e-01
9.997026324272155762e-01
9.687342643737792969e-01
8.447766304016113281e-01
2.603241591714322567e-04
5.501880049705505371e-01
2.042700536549091339e-03
4.602630138397216797e-01
9.669848680496215820e-01
5.507958531379699707e-01
9.986568689346313477e-01
2.542218267917633057e-01
9.943769574165344238e-01
7.910235524177551270e-01
7.458611726760864258e-01
9.994756579399108887e-01
8.508651517331600189e-03
9.999620914459228516e-01
9.995973706245422363e-01
4.180218966212123632e-04
9.278705120086669922e-01
8.111268834909424186e-05
1.729264840832911432e-05
9.996870756149291992e-01
9.772475361824035645e-01
9.998942613601684570e-01
6.207493715919554234e-04
9.880397915840148926e-01
9.962323307991027832e-01
9.999207258224487305e-01
1.087953933165408671e-04
9.921625256538391113e-01
9.984663724899291992e-01
9.989097118377685547e-01
9.983207583427429199e-01
9.877772927284240723e-01
9.932548999786376953e-01
9.940032362937927246e-01
5.939532420597970486e-04
9.949853420257568359e-01
4.717748379334807396e-04
9.999675750732421875e-01
9.466037154197692871e-01
4.028395935893058777e-02
2.211725711822509766e-02
8.317842148244380951e-04
9.593759775161743164e-01
9.893651008605957031e-01
7.204897999763488770e-01
9.977820515632629395e-01
5.991851910948753357e-02
2.419664524495601654e-04
1.971892743313219398e-05
9.997058510780334473e-01
9.612589478492736816e-01
6.462546586990356445e-01
1.508891861885786057e-02
9.996711015701293945e-01
9.103814363479614258e-01
4.424102953635156155e-04
6.022483110427856445e-02
8.356300592422485352e-01
8.053926229476928711e-01
7.766897082328796387e-01
9.106786251068115234e-01
9.962342381477355957e-01
6.415719981305301189e-04
9.999562501907348633e-01
1.846359693445265293e-03
5.340322968550026417e-04
2.649709116667509079e-03
9.879634380340576172e-01
6.392697244882583618e-02
3.327001631259918213e-01
1.497188210487365723e-01
9.573342800140380859e-01
9.999525547027587891e-01
1.006196471280418336e-04
9.858022332191467285e-01
9.999122619628906250e-01
9.662312269210815430e-01
1.336506009101867676e-02
9.706702232360839844e-01
9.969598054885864258e-01
2.966092154383659363e-02
9.998221993446350098e-01
6.807005964219570160e-03
1.123730689287185669e-01
9.967352747917175293e-01
2.390970438718795776e-01
7.492293119430541992e-01
9.999560117721557617e-01
1.090303179807960987e-03
1.015862226486206055e-01
9.977834820747375488e-01
9.896949529647827148e-01
9.182875603437423706e-02
4.308145120739936829e-02
9.515072703361511230e-01
6.236641202121973038e-04
4.353058338165283203e-01
9.989858269691467285e-01
1.091066561639308929e-02
2.600284642539918423e-05
1.091049686074256897e-01
5.863072146894410253e-05
9.998946189880371094e-01
9.333131313323974609e-01
2.626314926601480693e-05
9.919422864913940430e-01
7.215683460235595703e-01
1.090653749997727573e-04
2.475035004317760468e-02
9.996925592422485352e-01
1.109109143726527691e-04
1.288437488256022334e-05
6.969257083255797625e-05
7.122841197997331619e-03
1.661501824855804443e-01
9.992671608924865723e-01
4.099760844837874174e-04
9.999507665634155273e-01
1.879843999631702900e-03
6.112060043960809708e-03
2.711273009481374174e-05
7.054454088211059570e-01
8.770240545272827148e-01
8.048757314682006836e-01
9.999305009841918945e-01
8.282402157783508301e-01
9.089789236895740032e-04
9.986416697502136230e-01
9.979525804519653320e-01
3.476433266769163311e-05
9.657015204429626465e-01
1.251261914148926735e-03
9.642419815063476562e-01
3.458824707195162773e-03
2.502052485942840576e-01
3.645572287496179342e-04
8.764018416404724121e-01
6.342868804931640625e-01
1.024094599415548146e-04
1.974220649572089314e-04
8.937473297119140625e-01
9.998840093612670898e-01
6.799926608800888062e-02
1.061998773366212845e-03
5.490211187861859798e-04
9.999217987060546875e-01
9.920317679643630981e-04
6.685291282337857410e-06
3.881200402975082397e-02
9.934400916099548340e-01
4.364542663097381592e-03
7.310137734748423100e-04
9.933230280876159668e-01
4.959809011779725552e-04
2.398248165845870972e-01
2.291441429406404495e-03
1.961006075143814087e-01
9.999428987503051758e-01
9.728980064392089844e-01
1.966803222894668579e-01
4.494018852710723877e-02
9.994762539863586426e-01
9.999369382858276367e-01
9.981347322463989258e-01
9.729372859001159668e-01
9.998710155487060547e-01
1.929233258124440908e-05
3.828391432762145996e-01
9.925164580345153809e-01
9.995110034942626953e-01
9.999239444732666016e-01
1.365360549243632704e-05
6.101465225219726562e-01
9.956461787223815918e-01
8.663033440825529397e-06
9.998502731323242188e-01
9.422108530998229980e-01
9.996851682662963867e-01
9.103851318359375000e-01
9.655989408493041992e-01
6.295311450958251953e-01
9.969964027404785156e-01
8.179144933819770813e-04
1.004910329356789589e-03
1.881876029074192047e-02
9.999463558197021484e-01
9.998518228530883789e-01
9.799701571464538574e-01
7.638071838300675154e-05
9.977368116378784180e-01
9.919617772102355957e-01
9.990139007568359375e-01
6.264454568736255169e-04
9.998278617858886719e-01
2.085827582050114870e-04
9.952082037925720215e-01
1.171204166894312948e-05
9.977867603302001953e-01
6.571054109372198582e-04
9.999756813049316406e-01
4.493492189794778824e-03
5.901466123759746552e-03
9.835255146026611328e-01
9.997476935386657715e-01
7.110246224328875542e-04
9.752094149589538574e-01
9.976648092269897461e-01
1.872197375632822514e-03
9.996988773345947266e-01
4.434047639369964600e-02
9.997493624687194824e-01
9.684316515922546387e-01
1.096790310839423910e-05
7.872208356857299805e-01
6.016250848770141602e-01
3.288314837845973670e-05
1.790630072355270386e-01
9.999612569808959961e-01
8.882389068603515625e-01
3.160188198089599609e-01
3.026186022907495499e-04
1.377243606839329004e-04
7.093797466950491071e-05
9.971515536308288574e-01
3.183049921062774956e-05
9.764095544815063477e-01
1.671365089714527130e-02
7.219468825496733189e-04
9.998492002487182617e-01
1.213719137012958527e-03
9.999155998229980469e-01
2.591715157032012939e-01
9.996858835220336914e-01
2.128070686012506485e-03
7.560666799545288086e-01
7.178375720977783203e-01
9.999202489852905273e-01
6.721205711364746094e-01
9.801749587059020996e-01
9.997212290763854980e-01
6.067062495276331902e-04
9.972629547119140625e-01
9.943282008171081543e-01
9.999588727951049805e-01
9.998567104339599609e-01
1.094517756428103894e-05
9.712675809860229492e-01
6.506934165954589844e-01
4.204131982987746596e-05
9.998664855957031250e-01
1.303639858961105347e-01
9.990046620368957520e-01
9.991676807403564453e-01
9.999614953994750977e-01
5.214450955390930176e-01
9.269111615139991045e-05
2.010421827435493469e-02
9.998329877853393555e-01
9.999443292617797852e-01
8.879482746124267578e-01
8.272849299828521907e-06
3.225170820951461792e-02
8.989153504371643066e-01
9.108049273490905762e-01
8.425505757331848145e-01
6.985432505607604980e-01
3.015695512294769287e-01
2.766053366940468550e-04
9.775542616844177246e-01
5.884548299945890903e-04
9.997302889823913574e-01
9.999649524688720703e-01
9.999291896820068359e-01
7.058583498001098633e-01
9.996252059936523438e-01
9.996662139892578125e-01
2.123918086290359497e-01
9.326942381449043751e-04
2.006290596909821033e-04
9.641718268394470215e-01
1.324246695730835199e-04
1.364082272630184889e-04
2.807330489158630371e-01
9.986028075218200684e-01
8.357079029083251953e-01
4.029048432130366564e-04
9.999442100524902344e-01
1.644374988973140717e-02
9.692001938819885254e-01
9.999753236770629883e-01
4.040548083139583468e-05
9.994656443595886230e-01
9.963268637657165527e-01
3.453232813626527786e-03
7.382490485906600952e-02
8.386809825897216797e-01
3.510659153107553720e-04
4.749223080580122769e-05
9.796321988105773926e-01
9.998832941055297852e-01
9.999454021453857422e-01
9.303131103515625000e-01
7.101324736140668392e-04
2.186492019973229617e-05
4.978123615728691220e-05
9.999570846557617188e-01
1.493544280529022217e-01
9.927482008934020996e-01
3.367191255092620850e-01
2.713510068133473396e-03
9.967373013496398926e-01
5.649578291922807693e-03
1.043285665218718350e-04
9.993665814399719238e-01
9.660187363624572754e-01
9.998912811279296875e-01
9.990752935409545898e-01
1.238971017301082611e-02
8.224797248840332031e-01
9.967693090438842773e-01
4.279372806195169687e-04
4.129468798637390137e-01
9.888868927955627441e-01
9.656131863594055176e-01
7.607619762420654297e-01
4.596474468708038330e-01
9.095000028610229492e-01
3.691014426294714212e-04
4.897370636463165283e-01
9.523697495460510254e-01
9.997367262840270996e-01
8.731906414031982422e-01
9.997833371162414551e-01
8.798255920410156250e-01
9.999418258666992188e-01
9.794961810111999512e-01
1.957245694939047098e-05
1.843769848346710205e-02
9.997298121452331543e-01
4.906085506081581116e-02
9.842808246612548828e-01
7.453890284523367882e-04
9.999366998672485352e-01
9.997690320014953613e-01
4.657521471381187439e-02
2.044075876474380493e-01
2.467738813720643520e-04
3.789181355386972427e-03
9.974083304405212402e-01
9.966631531715393066e-01
1.034052148461341858e-01
7.291513029485940933e-04
1.110924767999676988e-05
9.993570446968078613e-01
9.922742247581481934e-01
9.999076128005981445e-01
9.991377592086791992e-01
9.978370070457458496e-01
8.243152499198913574e-01
1.071544946171343327e-03
1.711695455014705658e-02
1.080202460289001465e-01
7.260940670967102051e-01
2.137674987316131592e-01
6.124675869941711426e-01
9.998741149902343750e-01
6.090731918811798096e-02
5.032767876400612295e-05
1.044156597345136106e-04
9.764185547828674316e-01
1.795413118088617921e-05
2.172470986843109131e-01
9.996945858001708984e-01
3.809373447438701987e-05
9.508771896362304688e-01
9.821309447288513184e-01
3.236880600452423096e-01
5.917701055295765400e-04
1.400898690917529166e-05
9.584988951683044434e-01
9.659163951873779297e-01
9.949099421501159668e-01
4.147205054759979248e-01
9.926297664642333984e-01
5.974715948104858398e-01
9.999355077743530273e-01
3.454907238483428955e-02
1.613517997611779720e-05
9.999577999114990234e-01
9.924809932708740234e-01
2.553497906774282455e-03
3.285588696599006653e-02
6.483620963990688324e-03
1.646815326239448041e-05
9.999802112579345703e-01
9.971073269844055176e-01
1.072346367436693981e-05
1.234810054302215576e-01
9.889339208602905273e-01
9.864729642868041992e-01
8.388552069664001465e-01
1.390089801134308800e-05
9.055853297468274832e-06
9.999547004699707031e-01
8.524655699729919434e-01
9.999755620956420898e-01
9.997038245201110840e-01
1.970657147467136383e-03
