9.999679327011108398e-01
9.934471249580383301e-01
9.998637437820434570e-01
1.619596332311630249e-01
3.899906575679779053e-01
9.998997449874877930e-01
1.825866820581723005e-05
6.772219389677047729e-02
9.904890060424804688e-01
2.386308624409139156e-04
6.546535296365618706e-04
1.184523687697947025e-03
3.770458279177546501e-04
9.998327493667602539e-01
5.526084899902343750e-01
1.987842377275228500e-03
9.999437332153320312e-01
3.493724798317998648e-04
6.512236723210662603e-05
9.987863898277282715e-01
1.896631345152854919e-02
9.751864075660705566e-01
3.537055570632219315e-03
9.978399276733398438e-01
9.986205101013183594e-01
1.243751903530210257e-04
9.999499320983886719e-01
9.998154044151306152e-01
1.813569724617991596e-05
9.998559951782226562e-01
2.855960883607622236e-05
1.048012290993938223e-05
9.666419625282287598e-01
9.995414018630981445e-01
7.866672967793419957e-05
9.999463558197021484e-01
9.624740050639957190e-05
2.154658868676051497e-04
9.998646974563598633e-01
2.202680408954620361e-01
9.998855590820312500e-01
9.999144077301025391e-01
9.994997978210449219e-01
1.672831422183662653e-05
9.999862909317016602e-01
6.754487287253141403e-03
9.993740916252136230e-01
1.659320987528190017e-04
5.877709984779357910e-01
9.999831914901733398e-01
3.568002648535184562e-05
9.999516010284423828e-01
9.996199607849121094e-01
3.136873128823935986e-04
1.395555445924401283e-03
3.459151983261108398e-01
1.205781427415786311e-05
9.998787641525268555e-01
8.379279822111129761e-02
9.966810345649719238e-01
9.356042146682739258e-01
9.952232241630554199e-01
9.964672327041625977e-01
2.618143260478973389e-01
1.849681437015533447e-01
1.217103999806568027e-04
2.616986967041157186e-05
7.164820097386837006e-03
6.098862737417221069e-03
2.200138078478630632e-05
9.999804496765136719e-01
1.094055460271192715e-05
1.804433704819530249e-04
9.998032450675964355e-01
1.381922513246536255e-03
4.740530857816338539e-05
1.260370117961429060e-05
2.144997008144855499e-03
9.934489130973815918e-01
1.287846680497750640e-04
8.623010516166687012e-01
9.405090659856796265e-02
1.668044387770351022e-05
9.991232752799987793e-01
9.998384714126586914e-01
9.998294115066528320e-01
9.944371413439512253e-04
9.999653100967407227e-01
9.997910857200622559e-01
7.646477222442626953e-02
9.999881982803344727e-01
2.429518103599548340e-02
9.434645175933837891e-01
2.464156411588191986e-02
5.911943037062883377e-03
9.445368051528930664e-01
9.998534917831420898e-01
1.784801110625267029e-02
8.410593000007793307e-05
1.239559147506952286e-03
5.854377057403326035e-03
6.721639037132263184e-01
2.386277308687567711e-03
5.763971330452477559e-06
8.412069082260131836e-01
9.999601840972900391e-01
2.170954495668411255e-01
6.817668676376342773e-03
9.999256134033203125e-01
1.495294782216660678e-05
9.819856882095336914e-01
9.998613595962524414e-01
9.635200351476669312e-02
9.997354149818420410e-01
9.998863935470581055e-01
9.999645948410034180e-01
8.071224874584004283e-05
5.058004535385407507e-05
3.690385492518544197e-03
7.367136888206005096e-03
8.056947588920593262e-01
9.226999245584011078e-03
4.152099490165710449e-01
1.876409805845469236e-04
9.972839355468750000e-01
2.633452415466308594e-01
1.988558069569990039e-04
2.932073766714893281e-05
9.999468326568603516e-01
1.331042349338531494e-01
9.989327788352966309e-01
6.549290847033262253e-04
2.121671289205551147e-01
9.982030391693115234e-01
9.991494417190551758e-01
9.999846220016479492e-01
8.151578949764370918e-04
2.316089194209780544e-05
1.275120011996477842e-04
9.999426603317260742e-01
2.616285905241966248e-02
9.999922513961791992e-01
7.507649715989828110e-03
9.981709718704223633e-01
1.064081588992848992e-04
9.781152606010437012e-01
4.671499598771333694e-03
2.146694314433261752e-04
9.994365572929382324e-01
9.753585457801818848e-01
1.492637238698080182e-04
2.558577060699462891e-02
9.999749660491943359e-01
9.971721768379211426e-01
1.045325188897550106e-05
8.071480318903923035e-03
9.793247580528259277e-01
2.377347300352994353e-05
2.255311235785484314e-03
9.990106821060180664e-01
9.447538256645202637e-01
1.042553805746138096e-03
7.263209819793701172e-01
9.998327493667602539e-01
3.511497652652906254e-06
9.999136924743652344e-01
7.299477001652121544e-04
1.909543573856353760e-01
9.074827539734542370e-04
1.673499355092644691e-04
3.489167283987626433e-05
4.682822909671813250e-04
9.999601840972900391e-01
9.999803304672241211e-01
9.983446598052978516e-01
4.137582072871737182e-05
3.932602331042289734e-02
2.736896021815482527e-06
6.669107079505920410e-01
1.579521085659507662e-05
7.142055034637451172e-01
2.426243275403976440e-01
1.483704400015994906e-04
1.394568516843719408e-05
9.991030693054199219e-01
8.507739901542663574e-01
9.999449253082275391e-01
1.067598699592053890e-03
1.257651369087398052e-03
9.978302121162414551e-01
9.999569654464721680e-01
1.007991959340870380e-03
9.999442100524902344e-01
1.091143209487199783e-02
9.804674386978149414e-01
9.995903372764587402e-01
9.999265670776367188e-01
1.432105636922642589e-04
9.882472157478332520e-01
9.998987913131713867e-01
9.554948337608948350e-05
1.446212059818208218e-03
2.438995987176895142e-02
9.998643398284912109e-01
9.488814473152160645e-01
1.704130903817713261e-03
9.993228912353515625e-01
8.329229603987187147e-05
9.888478517532348633e-01
9.854200482368469238e-01
9.999583959579467773e-01
3.870342334266752005e-04
6.969941854476928711e-01
9.999711513519287109e-01
4.256671672919765115e-06
1.561379758641123772e-03
9.969788789749145508e-01
9.925153851509094238e-01
5.721738125430420041e-05
7.859317702241241932e-04
1.676575338933616877e-04
9.422720670700073242e-01
9.996756315231323242e-01
8.803451061248779297e-01
9.903525710105895996e-01
9.885834455490112305e-01
9.075933136045932770e-03
9.999732971191406250e-01
9.997374415397644043e-01
1.735264777380507439e-05
9.989359974861145020e-01
4.647339519578963518e-04
9.999636411666870117e-01
8.384522050619125366e-02
2.256056359328795224e-05
9.999668598175048828e-01
5.092306137084960938e-01
9.999647140502929688e-01
3.108176402747631073e-03
9.994506239891052246e-01
9.997815489768981934e-01
3.080974274780601263e-04
9.892793297767639160e-01
6.734104827046394348e-03
6.036613485775887966e-04
8.229358936659991741e-04
4.702273145085200667e-06
3.890732114086858928e-05
9.998944997787475586e-01
1.512788468971848488e-03
4.963960051536560059e-01
9.925758838653564453e-01
2.098192780977115035e-04
2.473448216915130615e-02
5.163757205009460449e-01
9.714368730783462524e-03
5.126803517341613770e-01
5.357321242627222091e-06
9.983885288238525391e-01
9.982517361640930176e-01
9.798000454902648926e-01
9.999835491180419922e-01
3.567074372767820023e-06
9.999873638153076172e-01
4.228944182395935059e-01
2.921985469583887607e-05
3.681396832689642906e-03
1.922732568345963955e-03
2.786110826491494663e-06
9.999670982360839844e-01
3.920552553609013557e-04
5.743293836712837219e-02
9.999204874038696289e-01
9.999834299087524414e-01
9.862540960311889648e-01
6.929594383109360933e-05
1.419085310772061348e-03
9.750744104385375977e-01
9.999753236770629883e-01
9.437797416467219591e-05
9.999858140945434570e-01
5.383497476577758789e-01
2.855397178791463375e-04
9.585723876953125000e-01
9.997746348381042480e-01
5.412766404333524406e-05
9.694273471832275391e-01
9.986163786379620433e-05
4.466816782951354980e-03
9.999872446060180664e-01
2.754635352175682783e-05
5.980197602184489369e-05
8.727216481929644942e-05
1.106731593608856201e-03
4.873934449278749526e-05
3.478041617199778557e-05
8.866125941276550293e-01
7.770368392812088132e-05
5.978880077600479126e-02
9.999827146530151367e-01
1.080125803127884865e-03
9.990254640579223633e-01
1.033158787322463468e-05
9.995835423469543457e-01
4.885748960077762604e-03
2.105628300341777503e-05
5.059506511315703392e-04
9.999217987060546875e-01
9.990567564964294434e-01
2.009756462939549237e-05
9.999455213546752930e-01
5.023011181037873030e-05
2.479899907484650612e-03
9.979229569435119629e-01
9.999495744705200195e-01
4.981770180165767670e-04
7.272796356119215488e-04
9.987019300460815430e-01
9.999934434890747070e-01
5.753302320954389870e-05
1.329117221757769585e-04
9.999722242355346680e-01
9.999599456787109375e-01
9.999909400939941406e-01
1.119318231940269470e-01
9.995530247688293457e-01
2.732460561674088240e-04
9.999644756317138672e-01
1.085310577764175832e-04
9.681194933364167809e-05
9.999271631240844727e-01
9.999650716781616211e-01
9.365948244521860033e-06
8.660871982574462891e-01
9.999082088470458984e-01
8.363862037658691406e-01
9.728200435638427734e-01
7.580598350614309311e-03
2.574644349806476384e-05
9.997873902320861816e-01
1.515957294031977654e-03
8.887339830398559570e-01
9.999833106994628906e-01
9.999761581420898438e-01
9.999043941497802734e-01
9.991316199302673340e-01
9.999166727066040039e-01
9.998372793197631836e-01
9.971432089805603027e-01
1.702296286821365356e-01
9.954741597175598145e-01
9.997597336769104004e-01
9.999274015426635742e-01
5.777684273198246956e-04
9.165773008135147393e-06
9.526329040527343750e-01
8.243036270141601562e-01
4.132154881954193115e-01
9.997698664665222168e-01
5.027582119510043412e-06
9.898970602080225945e-04
9.993372559547424316e-01
6.022059321403503418e-01
3.324176577734760940e-05
9.997275471687316895e-01
9.958963394165039062e-01
4.701465659309178591e-04
1.496224285801872611e-06
7.223079204559326172e-01
5.379683971405029297e-01
9.996834993362426758e-01
4.158250230830162764e-04
3.115888466709293425e-05
9.949846267700195312e-01
9.999570846557617188e-01
5.158536881208419800e-02
1.734713651239871979e-02
9.888672138913534582e-06
9.999138116836547852e-01
2.371855771343689412e-05
1.002219272777438164e-03
9.999747276306152344e-01
4.731284454464912415e-02
9.999877214431762695e-01
9.998369216918945312e-01
7.931547760963439941e-01
4.188996172160841525e-05
9.998441934585571289e-01
9.996395111083984375e-01
9.371207356452941895e-01
1.313118543475866318e-02
9.999639987945556641e-01
9.988375306129455566e-01
9.964967370033264160e-01
9.996039271354675293e-01
9.999047517776489258e-01
6.983315870456863195e-06
9.145091171376407146e-04
9.999346733093261719e-01
9.998125433921813965e-01
9.998286962509155273e-01
9.406851232051849365e-02
9.965297579765319824e-01
9.999467134475708008e-01
3.791542053222656250e-01
9.615998864173889160e-01
9.996860027313232422e-01
5.978435183351393789e-06
3.613466769456863403e-02
9.998497962951660156e-01
9.997726082801818848e-01
9.982481002807617188e-01
1.712074445094913244e-04
7.971872687339782715e-01
2.806578413583338261e-05
9.998034834861755371e-01
4.849955985264386982e-06
1.035418390529230237e-04
1.376780332066118717e-03
9.088197350502014160e-01
9.999351501464843750e-01
1.134148612618446350e-02
5.873150657862424850e-04
1.836692797951400280e-03
9.942118525505065918e-01
3.082451876252889633e-04
9.978983402252197266e-01
9.999535083770751953e-01
2.439997660985682160e-05
5.095743108540773392e-04
9.997120499610900879e-01
5.275002913549542427e-04
6.929054507054388523e-04
9.999878406524658203e-01
9.999421834945678711e-01
9.999368190765380859e-01
9.999490976333618164e-01
9.889405369758605957e-01
9.999235868453979492e-01
1.381329726427793503e-03
9.182895421981811523e-01
2.200144081143662333e-04
9.983068704605102539e-01
8.426086424151435494e-06
1.135837883339263499e-04
6.767422019038349390e-05
9.816893339157104492e-01
1.020267023704946041e-03
9.999805688858032227e-01
7.669097394682466984e-04
8.772063301876187325e-05
9.998391866683959961e-01
2.989350855350494385e-01
5.364637036109343171e-05
8.406912088394165039e-01
9.999749660491943359e-01
9.999281167984008789e-01
6.410803507606033236e-06
4.681722726672887802e-03
9.999775886535644531e-01
2.144598511222284287e-06
9.319403034169226885e-06
8.746929466724395752e-02
2.076912075281143188e-01
9.999691247940063477e-01
1.018966780975461006e-03
9.999727010726928711e-01
4.036760856251930818e-06
3.297021976322866976e-05
9.984574317932128906e-01
1.789825473679229617e-04
9.984525442123413086e-01
9.930365681648254395e-01
9.925016164779663086e-01
4.554771482944488525e-01
5.015347142034443095e-06
9.998189806938171387e-01
9.692668914794921875e-03
9.916936755180358887e-01
3.065901182708330452e-05
7.964267134666442871e-01
3.080046735703945160e-05
9.999727010726928711e-01
5.935615263297222555e-05
9.987144470214843750e-01
3.361967625096440315e-03
9.999448060989379883e-01
4.718610644340515137e-01
7.777100108796730638e-05
8.396936755161732435e-05
9.999822378158569336e-01
8.527548313140869141e-01
1.983014080906286836e-04
1.350686034129466861e-05
1.071373208105796948e-05
1.434533041901886463e-04
4.792963864019839093e-06
5.673281550407409668e-01
3.154944351990707219e-05
9.999349117279052734e-01
9.999395608901977539e-01
9.999451637268066406e-01
9.998989105224609375e-01
9.999446868896484375e-01
9.259631042368710041e-04
2.135934773832559586e-04
9.999594688415527344e-01
4.178737981419544667e-06
9.215043974108994007e-05
9.999641180038452148e-01
9.995247125625610352e-01
9.998416900634765625e-01
1.139367814175784588e-04
1.568496227264404297e-02
8.008712530136108398e-02
5.609064246527850628e-04
9.999423027038574219e-01
9.094192981719970703e-01
2.156954869860783219e-04
2.831122546922415495e-04
9.366913582198321819e-05
5.375555701903067529e-05
9.992021918296813965e-01
2.347453119000419974e-06
2.350583672523498535e-02
9.978165626525878906e-01
9.992953538894653320e-01
9.998821020126342773e-01
9.393964409828186035e-01
2.874020021408796310e-03
2.835003833752125502e-04
9.997571110725402832e-01
3.088532321271486580e-05
9.930315017700195312e-01
9.999365806579589844e-01
9.999818801879882812e-01
9.969949722290039062e-01
2.357390039833262563e-04
9.999518394470214844e-01
9.999830722808837891e-01
1.378318667411804199e-02
9.999041557312011719e-01
1.771612912416458130e-01
7.566044107079505920e-03
6.350959301926195621e-04
9.998362064361572266e-01
9.999644756317138672e-01
9.970135688781738281e-01
7.375701443379512057e-06
6.018228530883789062e-01
7.713279724121093750e-01
2.282166853547096252e-03
5.454249549075029790e-05
1.268810592591762543e-04
9.999877214431762695e-01
9.704843759536743164e-01
2.566059492892236449e-06
9.933683276176452637e-01
2.227248996496200562e-02
9.998753070831298828e-01
8.682623592903837562e-05
9.987886548042297363e-01
9.995868802070617676e-01
5.557161755859851837e-03
9.998525381088256836e-01
6.209875922650098801e-03
9.471485614776611328e-01
4.706782783614471555e-05
9.999727010726928711e-01
9.999580383300781250e-01
6.047022342681884766e-01
9.957609772682189941e-01
1.806268654763698578e-02
9.999916553497314453e-01
4.277523203199962154e-06
9.998594522476196289e-01
4.604499190463684499e-05
3.265646519139409065e-04
5.495452787727117538e-03
9.995284080505371094e-01
7.799543527653440833e-05
9.991396665573120117e-01
2.452513726893812418e-04
5.198632366955280304e-03
5.726961899199523032e-05
2.496163688192609698e-06
9.999737739562988281e-01
9.999914169311523438e-01
6.596117145818425342e-06
3.096889555454254150e-01
9.834327697753906250e-01
9.431528449058532715e-01
1.111515121010597795e-05
9.975546002388000488e-01
8.480616807937622070e-01
1.320965238846838474e-04
9.979374408721923828e-01
5.224494452704675496e-05
8.740074117667973042e-04
9.997518658638000488e-01
9.998428821563720703e-01
8.312887549400329590e-01
2.056723386049270630e-01
9.999223947525024414e-01
9.975798726081848145e-01
9.095636606216430664e-01
3.845700703095644712e-04
5.514228178071789443e-06
1.190977096557617188e-01
9.660662412643432617e-01
9.999760389328002930e-01
7.077117516018915921e-06
1.830939650535583496e-01
7.445881783496588469e-05
2.185907065868377686e-01
9.206986427307128906e-01
9.901874661445617676e-01
7.752510253340005875e-03
3.383867733646184206e-04
9.975549578666687012e-01
9.694756269454956055e-01
9.989269375801086426e-01
1.416714978404343128e-03
2.059777216345537454e-05
4.152870923280715942e-02
5.376884018915006891e-06
9.999845027923583984e-01
1.297019720077514648e-01
1.188128888607025146e-01
5.864198133349418640e-02
9.988281130790710449e-01
6.573192477226257324e-01
3.838585598714416847e-06
9.994693398475646973e-01
1.913480955408886075e-04
5.702986381947994232e-03
6.836477518081665039e-01
1.201120391488075256e-02
6.622539758682250977e-01
9.896361231803894043e-01
9.999575614929199219e-01
9.997996687889099121e-01
9.999861717224121094e-01
3.248308303227531724e-06
9.805132746696472168e-01
9.788647890090942383e-01
9.999024868011474609e-01
9.278115630149841309e-01
3.400837481021881104e-01
9.967980980873107910e-01
9.999525547027587891e-01
9.999196529388427734e-01
1.189936028822558001e-05
9.999783039093017578e-01
9.999603033065795898e-01
9.995469450950622559e-01
1.033199223456904292e-04
9.871587157249450684e-01
9.997727274894714355e-01
9.998302459716796875e-01
1.444300960429245606e-05
2.030051546171307564e-04
9.132630825042724609e-01
1.276730466634035110e-02
3.936785459518432617e-01
9.843837022781372070e-01
4.563074617180973291e-04
7.496915459632873535e-01
2.504380245227366686e-05
1.032937143463641405e-04
5.571007932303473353e-06
9.999167919158935547e-01
1.969177355931606144e-05
8.563696756027638912e-04
9.992984533309936523e-01
1.251809448003768921e-01
1.671440899372100830e-03
9.998449087142944336e-01
9.950512051582336426e-01
9.492271542549133301e-01
9.983000159263610840e-01
9.999638795852661133e-01
9.999917745590209961e-01
7.407893538475036621e-01
2.824789145961403847e-03
9.834727970883250237e-04
9.966976642608642578e-01
9.965039491653442383e-01
5.837351181980920956e-06
9.999902248382568359e-01
1.894182641990482807e-04
8.736267685890197754e-01
9.999736547470092773e-01
9.999730587005615234e-01
9.998581409454345703e-01
5.261713886284269392e-05
9.982091188430786133e-01
9.999700784683227539e-01
9.989300370216369629e-01
7.931940257549285889e-03
9.988619089126586914e-01
9.999706745147705078e-01
9.999164342880249023e-01
9.999574422836303711e-01
9.949089884757995605e-01
9.962810873985290527e-01
9.998112320899963379e-01
3.681647067423909903e-04
9.954541921615600586e-01
9.997269511222839355e-01
7.763982466713059694e-06
9.860541224479675293e-01
9.856359958648681641e-01
8.767173276282846928e-04
9.999736547470092773e-01
5.590357184410095215e-01
1.637073699384927750e-03
1.219627796672284603e-03
2.159428731829393655e-05
8.873976767063140869e-02
9.999437332153320312e-01
9.985340833663940430e-01
3.150377597194164991e-05
9.999784231185913086e-01
5.024145171046257019e-02
1.042651274474337697e-04
9.205618500709533691e-01
6.217380166053771973e-01
9.999390840530395508e-01
9.996395111083984375e-01
4.434840753674507141e-03
1.901129335165023804e-01
4.042174550704658031e-04
9.446323849260807037e-03
8.548850417137145996e-01
9.999796152114868164e-01
3.435791768424678594e-06
9.985793828964233398e-01
9.845322966575622559e-01
3.465921035967767239e-04
4.619636572897434235e-03
9.996299743652343750e-01
2.243536710739135742e-01
9.999063014984130859e-01
7.128694414859637618e-05
3.063346445560455322e-01
9.892271757125854492e-01
5.948672071099281311e-02
9.111824510910082608e-06
9.999923706054687500e-01
9.999668598175048828e-01
6.019400432705879211e-03
7.041517496109008789e-01
2.199497073888778687e-01
4.989761859178543091e-03
4.716700932476669550e-04
1.746910624206066132e-02
9.997820258140563965e-01
9.997647404670715332e-01
1.521122030680999160e-04
9.997037053108215332e-01
5.203695297241210938e-01
7.238655234687030315e-04
4.392674309201538563e-04
6.936561840120702982e-05
2.412229776382446289e-01
4.615288635250180960e-04
2.856709943444002420e-05
1.162210683105513453e-04
1.257862913917051628e-05
9.999873638153076172e-01
3.785844601225107908e-04
3.951800465583801270e-01
9.991177916526794434e-01
5.648178607225418091e-02
9.998150467872619629e-01
8.665747046470642090e-01
9.923697710037231445e-01
7.704142481088638306e-02
9.979002475738525391e-01
3.608001497923396528e-05
4.002859714091755450e-05
9.998065829277038574e-01
9.957609772682189941e-01
7.180780812632292509e-06
4.573406476993113756e-05
6.737827334291068837e-06
1.666993796825408936e-01
9.998376369476318359e-01
6.384550929069519043e-01
9.994813799858093262e-01
9.668480753898620605e-01
2.144618891179561615e-02
6.476448033936321735e-04
4.362056553363800049e-01
2.873496214306214824e-06
4.762030221172608435e-05
9.999777078628540039e-01
5.655829681927571073e-06
3.894413588568568230e-03
9.999767541885375977e-01
1.169146635220386088e-04
9.999635219573974609e-01
9.999661445617675781e-01
6.375809311866760254e-01
4.170831743977032602e-05
2.142404409823939204e-04
1.353156380355358124e-02
9.996991157531738281e-01
9.997219443321228027e-01
8.679606253281235695e-06
9.999310970306396484e-01
9.916704893112182617e-01
2.284276124555617571e-04
9.561032652854919434e-01
7.795825695211533457e-06
1.400820910930633545e-02
7.948892712593078613e-01
5.113571882247924805e-03
7.148727178573608398e-01
9.998575448989868164e-01
9.995618462562561035e-01
2.190899976994842291e-04
7.122366689145565033e-03
2.226628363132476807e-03
5.261582136154174805e-01
5.720651149749755859e-01
9.996082186698913574e-01
9.830076014623045921e-04
8.345027267932891846e-02
1.230520138051360846e-05
3.713916230481117964e-04
8.983836596598848701e-05
9.991319775581359863e-01
2.140266878996044397e-04
7.010767603787826374e-06
7.294763922691345215e-01
4.295034614187898114e-06
1.358380890451371670e-03
4.328208975493907928e-03
9.999818801879882812e-01
9.971824884414672852e-01
5.801459029316902161e-02
9.999825954437255859e-01
5.936339948675595224e-05
2.907648682594299316e-01
9.996691942214965820e-01
9.934895038604736328e-01
9.998189806938171387e-01
6.048601269721984863e-01
9.994462132453918457e-01
8.836143016815185547e-01
3.720762440934777260e-03
6.612568085984094068e-06
1.806241198210045695e-04
9.999531507492065430e-01
9.999392032623291016e-01
9.947794675827026367e-01
2.035402867477387190e-04
9.999899864196777344e-01
9.813005924224853516e-01
2.026734501123428345e-02
9.693018364487215877e-05
9.999761581420898438e-01
3.832078278064727783e-01
2.966049578390084207e-05
9.974191188812255859e-01
1.824583364395948593e-06
9.988049268722534180e-01
7.186322212219238281e-01
9.999037981033325195e-01
1.439791503798915073e-05
4.734639078378677368e-02
9.999330043792724609e-01
9.999860525131225586e-01
1.988105028867721558e-01
9.999741315841674805e-01
1.200320184580050409e-05
4.906162619590759277e-01
3.185308305546641350e-04
9.999136924743652344e-01
7.633676752448081970e-03
4.871096098213456571e-05
9.987863898277282715e-01
9.998045563697814941e-01
9.980823993682861328e-01
9.998936653137207031e-01
9.998655319213867188e-01
9.843055158853530884e-05
5.648138085234677419e-06
9.985527396202087402e-01
6.860752364445943385e-06
8.140432834625244141e-01
9.979590177536010742e-01
1.458157057641074061e-04
6.228022575378417969e-01
9.996899366378784180e-01
9.962707757949829102e-01
7.937317714095115662e-04
9.998136162757873535e-01
9.999653100967407227e-01
1.402485486323712394e-05
9.960511326789855957e-01
9.999761581420898438e-01
9.994990825653076172e-01
8.977053761482238770e-01
3.520478276186622679e-05
9.983053207397460938e-01
9.997164607048034668e-01
9.999471902847290039e-01
1.849966611189302057e-05
9.998180270195007324e-01
2.821983397006988525e-02
8.046987652778625488e-02
1.907859768834896386e-05
3.606831887736916542e-05
4.094908386468887329e-02
1.909079845063388348e-03
9.999504089355468750e-01
1.146413342212326825e-04
8.625810742378234863e-01
9.998057484626770020e-01
1.040436400217004120e-04
2.934217154979705811e-01
9.999861717224121094e-01
9.821439981460571289e-01
8.322491776198148727e-04
9.997135996818542480e-01
9.971492886543273926e-01
9.999752044677734375e-01
9.999302625656127930e-01
8.311699032783508301e-01
9.974454641342163086e-01
4.782264004461467266e-04
9.989185333251953125e-01
9.997205138206481934e-01
9.999344348907470703e-01
9.992714524269104004e-01
4.845678340643644333e-03
7.771301898173987865e-05
2.518918812274932861e-01
9.843716025352478027e-01
1.276212651282548904e-02
9.997619986534118652e-01
9.997289776802062988e-01
9.965446591377258301e-01
4.105424523004330695e-06
1.365651041851378977e-05
4.490530584007501602e-03
9.999798536300659180e-01
9.998714923858642578e-01
7.022918434813618660e-04
9.997273087501525879e-01
9.323183912783861160e-04
3.930832259356975555e-03
1.066305230779107660e-05
9.999451637268066406e-01
9.999204874038696289e-01
9.997037053108215332e-01
8.807607889175415039e-01
9.989671707153320312e-01
2.453349977731704712e-01
9.999504089355468750e-01
9.997816681861877441e-01
9.998922348022460938e-01
3.846024721860885620e-02
2.658873272594064474e-04
9.972068667411804199e-01
9.531770348548889160e-01
6.218525115400552750e-03
9.243989586830139160e-01
9.995292425155639648e-01
9.999754428863525391e-01
1.401690989732742310e-01
4.922687367070466280e-05
1.459380728192627430e-03
4.836431617150083184e-05
8.657651543617248535e-01
6.240329146385192871e-02
2.462471275066491216e-05
9.998580217361450195e-01
9.999604225158691406e-01
9.991903901100158691e-01
2.699644246604293585e-04
7.050007581710815430e-01
9.999885559082031250e-01
2.024472087214235216e-05
6.308035850524902344e-01
3.254116177558898926e-01
1.152556389570236206e-01
3.146048402413725853e-05
9.997560381889343262e-01
8.388877290599339176e-07
1.429828256368637085e-02
9.996564388275146484e-01
9.998612403869628906e-01
9.999867677688598633e-01
9.983502626419067383e-01
9.997006654739379883e-01
3.228090281481854618e-05
6.153885351523058489e-06
7.750858068466186523e-01
1.833545102272182703e-04
9.677467942237854004e-01
9.999252557754516602e-01
6.388528272509574890e-04
1.279072761535644531e-01
9.142153859138488770e-01
1.688939286395907402e-03
4.147851467132568359e-01
3.501240280456840992e-04
1.029032773658400401e-05
1.353771542198956013e-03
1.604420504008885473e-05
9.998533725738525391e-01
1.175435754703357816e-04
3.946968168020248413e-02
9.222846031188964844e-01
9.676007628440856934e-01
9.841144084930419922e-01
9.996746778488159180e-01
2.864419002435170114e-05
2.802365720272064209e-01
2.888626795538584702e-06
3.207217669114470482e-04
9.507805771136190742e-06
9.990678429603576660e-01
7.694073319435119629e-01
9.987138509750366211e-01
9.464158415794372559e-01
9.999685287475585938e-01
9.999784231185913086e-01
9.799160034162923694e-05
5.012529436498880386e-04
1.544692349852994084e-04
9.997861981391906738e-01
9.999465942382812500e-01
9.925618767738342285e-01
3.269768421887420118e-05
4.918102604278828949e-06
3.022283017635345459e-01
1.703232846921309829e-04
9.999685287475585938e-01
9.999902248382568359e-01
4.712363588623702526e-04
6.600331664085388184e-01
5.301987752318382263e-03
1.881820935523137450e-05
9.999569654464721680e-01
9.999217987060546875e-01
9.999086856842041016e-01
4.793229699134826660e-02
9.999707937240600586e-01
9.078097939491271973e-01
2.162592411041259766e-01
1.015307425404898822e-04
3.599496558308601379e-04
1.129800155758857727e-01
9.725545644760131836e-01
3.044006228446960449e-01
3.137908279895782471e-01
9.911184906959533691e-01
1.412287674611434340e-04
9.999643564224243164e-01
3.252499271184206009e-03
9.995020627975463867e-01
2.562046349048614502e-01
9.996473789215087891e-01
9.999651908874511719e-01
6.573810242116451263e-04
2.071596973109990358e-04
5.241986513137817383e-01
4.734515212476253510e-03
9.997872710227966309e-01
1.899055950343608856e-02
9.999843835830688477e-01
9.999278783798217773e-01
2.615660429000854492e-02
2.207786565122660249e-05
1.017334014177322388e-01
1.320280432701110840e-01
4.960981607437133789e-01
9.999426603317260742e-01
1.224243897013366222e-05
3.406338873901404440e-05
9.998413324356079102e-01
3.196093486621975899e-03
6.575976610183715820e-01
1.733943005092442036e-03
2.875739482988137752e-05
9.998015761375427246e-01
9.396501700393855572e-04
8.464145660400390625e-01
9.173390865325927734e-01
5.162055094842799008e-05
9.996910095214843750e-01
9.999649524688720703e-01
9.997624754905700684e-01
4.524447023868560791e-02
8.316378807649016380e-04
9.997431635856628418e-01
4.624256689567118883e-05
9.999369382858276367e-01
9.874477982521057129e-01
3.281349688768386841e-02
7.984618544578552246e-01
9.975633621215820312e-01
2.554789185523986816e-03
5.827093720436096191e-01
1.955879706656560302e-04
9.999830722808837891e-01
9.681880474090576172e-01
8.973311781883239746e-01
4.158416777499951422e-05
8.658921718597412109e-02
8.068192255450412631e-05
9.739775061607360840e-01
2.410311698913574219e-01
1.300043186347465962e-05
3.582131583243608475e-03
9.999147653579711914e-01
9.977983832359313965e-01
9.999343156814575195e-01
9.722899198532104492e-01
3.950732661905931309e-06
9.998651742935180664e-01
9.480502009391784668e-01
8.283869028091430664e-01
9.999716281890869141e-01
9.999797344207763672e-01
9.005596637725830078e-01
8.283185889013111591e-05
9.998776912689208984e-01
9.999756813049316406e-01
2.921478335338179022e-05
9.423069953918457031e-01
6.311887502670288086e-01
1.766060267982538790e-05
9.999468326568603516e-01
9.998832941055297852e-01
2.429760797895141877e-06
9.893361330032348633e-01
6.919601466506719589e-03
9.986876845359802246e-01
3.036309499293565750e-04
4.744636118412017822e-01
9.999002218246459961e-01
9.999308586120605469e-01
9.980979561805725098e-01
9.996910095214843750e-01
1.472129679314093664e-05
7.623034119606018066e-01
9.818856120109558105e-01
6.621710658073425293e-01
3.726469731191173196e-05
9.996387958526611328e-01
9.243941307067871094e-01
9.996883869171142578e-01
9.804295301437377930e-01
9.998750686645507812e-01
9.998757839202880859e-01
4.544690455077216029e-05
9.463391324970871210e-05
3.921260940842330456e-05
6.818948984146118164e-01
9.999721050262451172e-01
4.603124689310789108e-03
8.669180097058415413e-04
9.958885312080383301e-01
8.999003171920776367e-01
6.575924544449662790e-06
9.824690818786621094e-01
9.998425245285034180e-01
9.998748302459716797e-01
9.915841817855834961e-01
9.093254208564758301e-01
7.535387794632697478e-06
2.414477057754993439e-04
3.426324129104614258e-01
9.302700636908411980e-04
1.587756164371967316e-02
4.312831442803144455e-04
2.402598329354077578e-05
9.872322082519531250e-01
1.099650489777559415e-05
9.984902143478393555e-01
9.999012947082519531e-01
7.116262622730573639e-06
5.152012454345822334e-05
9.999772310256958008e-01
9.774646162986755371e-01
2.933597716037184000e-05
4.918915801681578159e-04
9.999898672103881836e-01
3.497148645692504942e-05
9.999598264694213867e-01
3.037761747837066650e-01
8.892546594142913818e-02
9.999382495880126953e-01
9.401764869689941406e-01
9.983208775520324707e-01
2.118646261806134135e-05
9.212658369506243616e-07
8.658214211463928223e-01
5.742713063955307007e-02
8.490756750106811523e-01
1.222224964294582605e-04
9.998557567596435547e-01
9.939360022544860840e-01
2.062792736978735775e-05
9.999696016311645508e-01
9.999830722808837891e-01
9.997845292091369629e-01
9.999110698699951172e-01
9.867876768112182617e-01
9.866456985473632812e-01
9.999620914459228516e-01
2.728775609284639359e-03
4.342707979958504438e-04
9.999635219573974609e-01
1.568978726863861084e-01
9.999331235885620117e-01
9.999551773071289062e-01
9.957464337348937988e-01
3.259761797380633652e-05
1.322362659266218543e-04
8.624812215566635132e-02
8.918567895889282227e-01
9.999681711196899414e-01
9.997560381889343262e-01
3.730006283149123192e-03
5.588758722296915948e-05
9.999840259552001953e-01
8.761771023273468018e-04
5.075587250757962465e-05
4.008295218227431178e-05
9.955217838287353516e-01
9.585782289505004883e-01
6.101204780861735344e-05
9.962676167488098145e-01
9.999818801879882812e-01
9.967065453529357910e-01
9.998563528060913086e-01
1.050571063387906179e-05
9.975212216377258301e-01
4.613986529875546694e-04
1.746219058986753225e-04
9.941310286521911621e-01
9.999747276306152344e-01
1.331230396317550912e-05
9.999771118164062500e-01
1.262738252989947796e-03
3.135657834718585946e-06
8.813078403472900391e-01
9.765861928462982178e-02
8.813245296478271484e-01
7.604504227638244629e-01
2.528349682688713074e-02
5.980146816000342369e-04
1.106144409277476370e-04
9.999346733093261719e-01
9.978468418121337891e-01
9.999594688415527344e-01
9.999467134475708008e-01
2.589623136373120360e-06
9.998065829277038574e-01
9.887125492095947266e-01
9.996550083160400391e-01
8.115586638450622559e-01
8.511367440223693848e-02
9.998450279235839844e-01
1.917343884706497192e-01
3.546596169471740723e-01
2.348289126530289650e-05
9.999196529388427734e-01
3.281976878643035889e-01
5.746749593527056277e-05
9.492856042925268412e-05
9.998999834060668945e-01
9.996241331100463867e-01
1.884659723145887256e-04
9.993882179260253906e-01
1.522581279277801514e-02
9.839132428169250488e-01
9.999175071716308594e-01
9.999359846115112305e-01
7.557685603387653828e-05
9.998916387557983398e-01
9.998542070388793945e-01
3.380266571184620261e-05
9.675958752632141113e-01
1.265977323055267334e-01
1.662226580083370209e-02
9.999846220016479492e-01
7.874575203459244221e-06
6.623247463721781969e-05
1.899181006592698395e-05
2.462138363625854254e-04
3.607763937907293439e-05
2.169023826718330383e-02
9.999656677246093750e-01
7.071700529195368290e-04
9.999295473098754883e-01
8.829751014709472656e-01
9.999210834503173828e-01
1.824202090501785278e-01
9.985822439193725586e-01
8.393602967262268066e-01
2.844760194420814514e-02
9.998718500137329102e-01
4.708631634712219238e-01
1.884935409179888666e-05
9.828978776931762695e-01
8.133873052429407835e-06
3.150447737425565720e-03
9.982648491859436035e-01
9.141936898231506348e-03
9.992634654045104980e-01
9.998639822006225586e-01
3.583652187444386072e-06
5.787956714630126953e-01
3.754239296540617943e-04
9.997398257255554199e-01
9.999467134475708008e-01
1.317133592237951234e-05
7.979515790939331055e-01
1.923758645716588944e-05
9.851832985877990723e-01
9.979599714279174805e-01
8.123817679006606340e-06
9.999837875366210938e-01
9.985243678092956543e-01
2.402440458536148071e-02
1.686584055423736572e-01
9.999850988388061523e-01
1.058784429915249348e-03
6.731837391853332520e-01
9.896734952926635742e-01
1.009211609925841913e-05
2.741842530667781830e-03
1.645191945135593414e-02
9.227442205883562565e-05
9.991255402565002441e-01
9.674329161643981934e-01
9.999392032623291016e-01
2.023033797740936279e-02
9.999817609786987305e-01
1.246023457497358322e-02
9.814343452453613281e-01
9.995483756065368652e-01
5.020363605581223965e-04
9.998686313629150391e-01
8.966026306152343750e-01
2.110864222049713135e-01
9.361045360565185547e-01
1.060311868786811829e-02
9.998428821563720703e-01
9.999600648880004883e-01
9.934955835342407227e-01
1.731627620756626129e-02
9.999294281005859375e-01
1.129626259207725525e-01
2.562595903873443604e-02
3.121643385384231806e-04
9.167966842651367188e-01
7.427170276641845703e-01
3.917821450158953667e-04
9.999696016311645508e-01
3.239883881178684533e-05
4.812553743249736726e-05
7.101789116859436035e-03
9.997553229331970215e-01
9.882125258445739746e-01
4.140390956308692694e-06
2.065195985778700560e-05
9.998037219047546387e-01
9.969024062156677246e-01
9.203206896781921387e-01
9.330875277519226074e-01
9.369053244590759277e-01
1.725625043036416173e-04
9.994900226593017578e-01
1.325847348198294640e-03
4.082615760125918314e-06
9.999847412109375000e-01
3.048589453101158142e-02
1.178250531665980816e-03
5.591328954324126244e-04
9.999731779098510742e-01
3.253765753470361233e-04
1.447956947231432423e-05
4.434451984707266092e-04
1.436342000961303711e-01
9.999687671661376953e-01
8.298963657580316067e-04
9.998532533645629883e-01
9.984795451164245605e-01
3.322752600070089102e-04
9.613835811614990234e-01
9.999748468399047852e-01
9.999899864196777344e-01
7.675433153053745627e-05
9.999905824661254883e-01
1.044669374823570251e-01
2.906381087086629122e-05
6.569095700979232788e-02
9.235860705375671387e-01
1.789470901712775230e-03
9.462420344352722168e-01
9.999104738235473633e-01
1.092110876925289631e-03
9.999288320541381836e-01
7.942086813272908330e-05
1.182454358786344528e-02
1.067414646968245506e-03
9.946201316779479384e-05
2.867253169824834913e-05
1.455469009670196101e-05
9.982417821884155273e-01
6.574736471520736814e-05
9.900194406509399414e-01
9.781338303582742810e-05
3.944777250289916992e-01
9.999643564224243164e-01
8.940655388869345188e-04
9.998334646224975586e-01
9.919291734695434570e-01
9.999386072158813477e-01
9.422302246093750000e-01
1.308463833993300796e-04
3.541331589221954346e-01
8.965566754341125488e-03
1.015400663018226624e-01
1.695747487246990204e-02
9.967489242553710938e-01
6.668506264686584473e-01
9.999279975891113281e-01
2.494605041647446342e-06
9.999501705169677734e-01
9.999538660049438477e-01
4.594603888108395040e-05
9.553004503250122070e-01
9.852505922317504883e-01
1.274229260161519051e-03
9.999836683273315430e-01
9.406676888465881348e-01
9.432208538055419922e-01
9.997274279594421387e-01
9.951568245887756348e-01
9.999241828918457031e-01
8.461688160896301270e-01
2.531757056713104248e-01
2.877700717363040894e-05
9.992533326148986816e-01
1.185374912893166766e-05
6.432028021663427353e-05
7.385580241680145264e-02
9.897221922874450684e-01
9.937501549720764160e-01
4.247874319553375244e-01
3.853109774354379624e-06
2.857665822375565767e-04
3.999390901299193501e-05
9.998672008514404297e-01
6.655937613686546683e-05
2.331213206052780151e-01
9.708533883094787598e-01
1.053391247987747192e-01
9.997431635856628418e-01
9.141337871551513672e-01
9.533535242080688477e-01
4.279420077800750732e-01
9.999744892120361328e-01
1.961517846211791039e-03
9.998020529747009277e-01
9.611853957176208496e-01
4.824876668862998486e-04
4.127931781113147736e-03
9.999842643737792969e-01
6.572215934284031391e-04
2.386463602306321263e-04
7.093933820724487305e-01
9.997310042381286621e-01
9.642234444618225098e-02
2.576986560598015785e-03
9.999808073043823242e-01
1.414145954186096787e-04
5.762920901179313660e-02
7.726808637380599976e-02
5.422970745712518692e-03
9.002625942230224609e-01
4.399890601634979248e-01
3.320589959621429443e-01
4.491591244004666805e-05
9.942768216133117676e-01
5.844978149980306625e-04
3.213222662452608347e-04
1.038547139614820480e-02
2.669443529157433659e-05
8.656760454177856445e-01
9.910888671875000000e-01
3.094851563218981028e-04
9.999650716781616211e-01
9.391956329345703125e-01
9.997866749763488770e-01
9.999908208847045898e-01
1.558073381602298468e-05
9.988455772399902344e-01
6.327932351268827915e-05
9.999396800994873047e-01
9.290955662727355957e-01
1.550920569570735097e-04
9.998248219490051270e-01
1.160204119514673948e-04
9.919849634170532227e-01
4.057325422763824463e-03
2.181388884782791138e-01
1.099206883736769669e-06
9.999679327011108398e-01
9.998838901519775391e-01
9.872561693191528320e-01
1.170893810922279954e-04
3.369639307493343949e-05
1.285507732973201200e-05
1.124310874729417264e-04
9.998834133148193359e-01
9.873741269111633301e-01
4.484514892101287842e-01
8.308133482933044434e-01
9.996702671051025391e-01
9.999667406082153320e-01
2.993545240315143019e-05
9.999078512191772461e-01
9.991096854209899902e-01
9.998142123222351074e-01
6.383424624800682068e-04
9.253564476966857910e-01
9.468722855672240257e-04
8.784161764197051525e-06
9.932605624198913574e-01
3.114060685038566589e-02
5.671491026878356934e-01
8.226188583648763597e-06
3.506846260279417038e-03
1.438316106796264648e-01
7.316153962165117264e-03
2.044086344540119171e-03
9.608455002307891846e-02
9.996035695075988770e-01
9.988216757774353027e-01
7.412011623382568359e-01
5.656483699567615986e-05
6.470468640327453613e-01
1.702552312053740025e-03
9.105895757675170898e-01
2.033277228474617004e-02
9.999841451644897461e-01
8.773971057962626219e-05
9.995173215866088867e-01
1.193943247199058533e-02
6.237517809495329857e-04
1.565591990947723389e-01
5.746665920014493167e-06
5.873265210539102554e-03
6.274158954620361328e-01
3.168828487396240234e-01
3.134375438094139099e-03
9.916606545448303223e-01
1.941694063134491444e-05
6.239791982807219028e-04
1.632411731407046318e-04
1.992536999750882387e-05
9.998961687088012695e-01
9.569321870803833008e-01
7.609001841046847403e-06
3.759374958463013172e-04
1.263951271539554000e-04
2.711231063585728407e-04
9.999740123748779297e-01
9.999705553054809570e-01
1.250830828212201595e-04
7.123127579689025879e-02
8.709152042865753174e-02
3.474448025226593018e-01
8.105502128601074219e-01
9.999641180038452148e-01
6.356611993396654725e-05
9.999307394027709961e-01
4.693203791975975037e-02
9.976552724838256836e-01
3.010263293981552124e-02
1.840497851371765137e-01
1.605431549251079559e-02
9.982913136482238770e-01
9.992792010307312012e-01
4.618833481799811125e-04
1.150344219058752060e-02
9.972798824310302734e-01
9.983184337615966797e-01
1.350786238908767700e-01
9.998927116394042969e-01
9.267047047615051270e-02
1.132168807089328766e-03
4.091280698776245117e-01
9.959692955017089844e-01
9.999021291732788086e-01
1.887580305337905884e-01
4.221099615097045898e-02
7.557188509963452816e-04
9.577859044075012207e-01
9.982283711433410645e-01
2.809375710785388947e-02
5.343140801414847374e-04
4.043608531355857849e-02
9.939844012260437012e-01
9.995436072349548340e-01
1.919975511555094272e-05
9.996933937072753906e-01
9.999692440032958984e-01
3.025707655979203992e-06
9.951720833778381348e-01
9.999519586563110352e-01
7.875582203269004822e-03
9.895694851875305176e-01
9.242807328701019287e-02
4.572257166728377342e-04
9.998569488525390625e-01
9.956473708152770996e-01
2.067757850454654545e-05
9.996097683906555176e-01
9.999331235885620117e-01
9.999351501464843750e-01
9.999872446060180664e-01
9.999443292617797852e-01
8.750408291816711426e-01
1.215925658470951021e-05
3.819532394409179688e-01
8.086985872068908066e-06
9.665089845657348633e-02
1.658196415519341826e-04
5.242736339569091797e-01
8.785481452941894531e-01
9.999262094497680664e-01
7.503226242988603190e-06
2.521691918373107910e-01
4.223417639732360840e-01
7.032886514934943989e-06
9.997119307518005371e-01
9.226015806198120117e-01
9.999256134033203125e-01
8.349295821972191334e-04
9.999125003814697266e-01
9.994544386863708496e-01
9.142180681228637695e-01
9.999865293502807617e-01
9.931522607803344727e-01
7.637134287506341934e-03
9.999823570251464844e-01
9.997847676277160645e-01
4.085804522037506104e-01
9.995111227035522461e-01
5.227177962660789490e-02
2.220057504018768668e-04
1.612658798694610596e-01
9.782518191059352830e-07
7.977715879678726196e-02
1.852631830843165517e-04
9.899218678474426270e-01
2.163219323847442865e-05
9.979306459426879883e-01
9.999804496765136719e-01
9.263587999157607555e-04
9.026022255420684814e-02
2.694981405511498451e-03
9.999643564224243164e-01
6.546054966747760773e-03
9.995394945144653320e-01
9.986273050308227539e-01
1.928852126002311707e-02
9.966554641723632812e-01
9.971306920051574707e-01
9.999626874923706055e-01
9.460586309432983398e-01
6.543968538608169183e-06
9.999717473983764648e-01
2.610962390899658203e-01
9.999890327453613281e-01
9.997135996818542480e-01
1.392204867443069816e-04
1.020229974528774619e-04
2.251356090710032731e-05
2.896329679060727358e-04
9.989970326423645020e-01
9.053956270217895508e-01
2.423776750219985843e-04
9.485608935356140137e-01
9.999206066131591797e-01
9.998439550399780273e-01
1.056687789969146252e-03
1.038854170474223793e-04
1.133210882544517517e-01
9.997238516807556152e-01
7.067458682286087424e-06
6.543617928400635719e-05
3.877196577377617359e-04
4.361535957286832854e-06
7.498453487642109394e-05
9.991251826286315918e-01
9.999368190765380859e-01
3.909979164600372314e-01
9.989575147628784180e-01
9.005596637725830078e-01
1.022983789443969727e-01
9.999713897705078125e-01
4.687769396696239710e-04
1.145075485110282898e-01
9.998990297317504883e-01
9.420309066772460938e-01
5.541685968637466431e-03
7.143254042603075504e-04
2.166421290894504637e-05
2.325921377632766962e-04
7.883094367571175098e-04
1.750360010191798210e-03
6.520184979308396578e-05
9.999725818634033203e-01
4.054912328720092773e-01
4.823070168495178223e-01
3.238088786602020264e-01
9.999852180480957031e-01
1.750261932611465454e-01
9.203206896781921387e-01
9.987803101539611816e-01
9.999750852584838867e-01
4.169141539023257792e-05
9.198755025863647461e-01
2.434430271387100220e-02
3.766119480133056641e-01
9.970531463623046875e-01
9.999577999114990234e-01
1.880163472378626466e-05
9.998780488967895508e-01
1.114263977797236294e-05
9.999836683273315430e-01
9.263662695884704590e-01
9.428715566173195839e-04
3.751284629106521606e-02
9.839449524879455566e-01
5.064849853515625000e-01
4.335255289333872497e-05
1.333602354861795902e-03
1.167729198932647705e-01
9.805721044540405273e-01
9.996993541717529297e-01
9.971350431442260742e-01
1.728948845993727446e-04
9.998993873596191406e-01
7.020136399660259485e-05
9.999562501907348633e-01
9.988837838172912598e-01
9.738513827323913574e-01
1.898986659944057465e-02
3.055367171764373779e-01
9.955386519432067871e-01
9.999682903289794922e-01
9.986695051193237305e-01
4.448159961611963809e-05
9.594665169715881348e-01
1.609463215572759509e-04
5.247192978858947754e-01
9.999337196350097656e-01
7.879787517595104873e-06
9.956716299057006836e-01
2.237247079610824585e-01
9.999760389328002930e-01
9.998815059661865234e-01
9.214045348926447332e-06
1.047991900122724473e-04
9.999818801879882812e-01
9.994750618934631348e-01
9.999340772628784180e-01
3.231153241358697414e-04
4.440818884177133441e-05
9.999746084213256836e-01
9.627296328544616699e-01
8.761784434318542480e-01
4.595830250764265656e-05
9.991595745086669922e-01
9.996781349182128906e-01
9.998838901519775391e-01
1.316040434176102281e-04
9.999822378158569336e-01
1.807164662750437856e-04
3.017054768861271441e-05
1.779266074299812317e-02
1.403036862611770630e-01
9.999392032623291016e-01
9.999881982803344727e-01
9.997960925102233887e-01
9.998968839645385742e-01
9.998623132705688477e-01
9.074500203132629395e-01
9.999525547027587891e-01
9.761376976966857910e-01
3.553492888386244886e-06
1.913103333208709955e-04
9.984103441238403320e-01
9.986431002616882324e-01
8.976842761039733887e-01
5.560043064178898931e-05
9.999237060546875000e-01
9.999202489852905273e-01
9.962016940116882324e-01
1.101872883737087250e-03
9.826091527938842773e-01
9.999784231185913086e-01
9.991335272789001465e-01
3.331682980060577393e-01
1.414903963450342417e-04
1.357332617044448853e-01
4.666121602058410645e-01
9.998941421508789062e-01
9.999643564224243164e-01
9.999454021453857422e-01
7.853752002120018005e-03
1.430229312973096967e-04
9.365431666374206543e-01
8.793626725673675537e-02
9.999544620513916016e-01
9.999520778656005859e-01
1.474204007536172867e-03
3.159400820732116699e-01
8.907032012939453125e-01
5.216628313064575195e-03
9.991608858108520508e-01
9.999217987060546875e-01
4.599687177687883377e-03
2.842397987842559814e-02
5.511599779129028320e-02
3.013224386450019665e-06
9.863452315330505371e-01
9.999496936798095703e-01
9.994607567787170410e-01
8.757432699203491211e-01
4.462334327399730682e-03
9.969773292541503906e-01
6.224344484508037567e-03
1.591182081028819084e-05
5.568086635321378708e-05
9.884458268061280251e-04
1.277590636163949966e-03
2.331606447696685791e-01
9.998283386230468750e-01
5.557616055011749268e-02
4.447793762665241957e-04
1.331722014583647251e-03
9.111124873161315918e-01
9.841328859329223633e-01
9.718059897422790527e-01
9.998596906661987305e-01
1.988468691706657410e-02
1.223913568537682295e-04
3.079938702285289764e-02
9.999762773513793945e-01
1.097236876375973225e-03
5.073093771934509277e-01
9.952883720397949219e-01
6.147476285696029663e-02
2.589306794106960297e-02
9.999759197235107422e-01
9.223172673955559731e-04
9.997814297676086426e-01
1.259109558304771781e-04
8.186817765235900879e-01
9.999909400939941406e-01
1.632643630728125572e-03
8.820719813229516149e-06
1.037086713040480390e-05
3.483546379356994294e-06
1.684816561464685947e-05
9.999846220016479492e-01
2.950500845909118652e-01
9.941074848175048828e-01
4.350331728346645832e-04
9.449222683906555176e-01
6.293164938688278198e-02
1.923524425365030766e-03
9.994066953659057617e-01
3.460764492047019303e-05
9.393150210380554199e-01
1.053142023010877892e-05
5.697263986803591251e-05
8.918296098709106445e-01
1.150019373744726181e-02
1.896842382848262787e-02
9.999591112136840820e-01
9.998894929885864258e-01
9.939875602722167969e-01
9.840967655181884766e-01
1.431706012226641178e-03
3.391276895999908447e-01
1.565296406624838710e-05
9.897646903991699219e-01
9.999850988388061523e-01
3.890999141731299460e-05
2.173288492485880852e-03
1.884369157778564841e-05
9.999762773513793945e-01
9.831563830375671387e-01
7.354651461355388165e-05
9.999872446060180664e-01
2.443609446345362812e-05
2.151043387129902840e-03
9.993025064468383789e-01
9.999812841415405273e-01
1.123160589486360550e-02
9.999784231185913086e-01
8.510631509125232697e-03
4.628551658242940903e-03
9.999569654464721680e-01
3.321571275591850281e-04
6.780315743526443839e-05
9.999792575836181641e-01
1.055270331562496722e-04
4.007530864328145981e-03
1.887264625111129135e-05
9.985321760177612305e-01
2.152288332581520081e-03
5.985441021039150655e-06
1.479913680668687448e-05
5.287588646751828492e-05
4.217298328876495361e-01
9.107315540313720703e-01
7.024232763797044754e-03
3.041127347387373447e-04
8.980996608734130859e-01
9.999496936798095703e-01
3.135825318167917430e-05
9.865159988403320312e-01
9.999839067459106445e-01
9.999891519546508789e-01
1.053902597050182521e-04
1.879441406344994903e-04
7.454265141859650612e-05
9.999608993530273438e-01
9.999587535858154297e-01
1.587318729434628040e-05
9.883795976638793945e-01
9.999860525131225586e-01
8.472824692726135254e-01
9.884989857673645020e-01
1.504437066614627838e-03
1.113296486437320709e-03
1.359197963029146194e-02
1.799556985497474670e-02
4.291544854640960693e-01
9.999712705612182617e-01
9.999930858612060547e-01
3.373423169250600040e-05
8.821077346801757812e-01
9.998124241828918457e-01
9.994885921478271484e-01
6.689279340207576752e-03
9.248927235603332520e-01
1.554655136715155095e-05
9.999039173126220703e-01
9.992356300354003906e-01
9.999474287033081055e-01
9.999231100082397461e-01
6.496420246548950672e-05
9.984902143478393555e-01
9.977776408195495605e-01
8.547903038561344147e-03
3.957046195864677429e-03
9.993402361869812012e-01
2.498537651263177395e-04
1.052501611411571503e-04
1.586311012506484985e-01
9.101708531379699707e-01
8.040850609540939331e-02
3.637816407717764378e-04
9.999140501022338867e-01
2.410826527921017259e-05
4.704200197011232376e-03
2.078192494809627533e-02
1.191677984024863690e-05
6.602274179458618164e-01
9.759673476219177246e-02
9.938476681709289551e-01
9.982116222381591797e-01
1.417130533809540793e-06
1.339173613814637065e-04
1.326469355262815952e-03
6.247755209187744185e-06
5.594412684440612793e-01
9.838374257087707520e-01
9.998673200607299805e-01
9.995529055595397949e-01
1.004037111997604370e-01
9.998487234115600586e-01
9.964016675949096680e-01
1.517588854767382145e-03
9.137036249740049243e-05
9.999773502349853516e-01
8.633577381260693073e-04
9.989559650421142578e-01
9.999322891235351562e-01
9.999873638153076172e-01
9.999761581420898438e-01
1.021394127747043967e-04
2.972387846966739744e-06
8.622281020507216454e-04
1.635738044569734484e-06
9.916456341743469238e-01
9.999870061874389648e-01
2.107507270920905285e-06
2.139098614861723036e-05
9.616614988772198558e-06
9.997727274894714355e-01
2.131327614188194275e-02
9.999355077743530273e-01
3.193109035491943359e-01
9.965305924415588379e-01
8.245471715927124023e-01
9.403748512268066406e-01
9.905110001564025879e-01
3.692400932777673006e-04
3.013589548572781496e-06
5.756574682891368866e-03
9.999613761901855469e-01
4.654821380972862244e-02
9.999666213989257812e-01
2.122097089886665344e-02
9.999842643737792969e-01
9.998683929443359375e-01
7.410005331039428711e-01
1.947241718880832195e-03
9.879568219184875488e-01
3.222555220127105713e-01
9.999753236770629883e-01
1.554763366584666073e-05
9.999858140945434570e-01
9.822301864624023438e-01
9.997780919075012207e-01
9.999737739562988281e-01
1.087099034339189529e-02
7.230368852615356445e-01
4.417647123336791992e-01
1.768139540217816830e-03
1.029217168688774109e-01
2.903161221183836460e-04
8.792130947113037109e-01
9.930284693837165833e-03
6.203452358022332191e-05
9.121481776237487793e-01
9.999822378158569336e-01
9.999400377273559570e-01
2.212693355977535248e-02
4.227204044582322240e-05
2.190091088414192200e-02
9.991171956062316895e-01
9.999845027923583984e-01
9.674948453903198242e-01
9.999094009399414062e-01
9.999437332153320312e-01
1.046137003868352622e-05
9.999697208404541016e-01
9.990022778511047363e-01
7.122464478015899658e-02
9.999533891677856445e-01
9.998362064361572266e-01
2.668503384484210983e-06
1.355598568916320801e-01
5.695917010307312012e-01
7.524394277425017208e-06
3.249901283197687007e-06
9.999834299087524414e-01
1.559566240757703781e-03
6.293694605119526386e-04
3.031553205801174045e-05
1.345863640308380127e-01
6.313515041256323457e-05
9.999868869781494141e-01
9.369856715202331543e-01
6.873384118080139160e-02
3.330728532091598026e-06
1.565389451570808887e-03
9.999550580978393555e-01
9.999389648437500000e-01
9.990203380584716797e-01
2.413464681012555957e-04
4.544087871909141541e-02
4.114850162295624614e-05
9.972410202026367188e-01
3.339532529935240746e-03
9.985192418098449707e-01
9.999908208847045898e-01
4.193065251456573606e-05
1.715474412776529789e-03
9.954741597175598145e-01
9.999543428421020508e-01
3.822149301413446665e-05
4.983336566510843113e-06
5.012529436498880386e-04
9.999891519546508789e-01
9.997799992561340332e-01
9.970447421073913574e-01
9.527465105056762695e-01
3.824997320771217346e-02
1.903286762535572052e-02
7.738302648067474365e-02
1.891706436872482300e-01
9.807405876927077770e-05
1.438608433090848848e-05
4.852737183682620525e-04
1.052510706358589232e-04
3.809986810665577650e-04
9.999899864196777344e-01
1.412173151038587093e-04
9.999411106109619141e-01
9.993017911911010742e-01
2.494304068386554718e-02
9.996672868728637695e-01
3.179831430315971375e-03
1.693448424339294434e-01
4.228666126728057861e-01
7.790873944759368896e-02
2.051580668194219470e-05
9.639775753021240234e-01
7.973367571830749512e-01
2.641655446495860815e-04
2.833158032444771379e-05
9.996794462203979492e-01
9.999752044677734375e-01
1.571852953929919749e-05
2.968410553876310587e-04
7.685965829296037555e-05
9.996242523193359375e-01
2.867397665977478027e-02
9.683756157755851746e-03
9.982298016548156738e-01
3.282437319285236299e-05
9.911229610443115234e-01
9.999303817749023438e-01
2.556378422013949603e-05
9.997860789299011230e-01
9.999446868896484375e-01
9.999595880508422852e-01
9.834871888160705566e-01
9.965063929557800293e-01
1.287380978465080261e-02
9.999873638153076172e-01
6.921554207801818848e-01
4.648331701755523682e-01
2.657815348356962204e-03
9.998743534088134766e-01
6.719680823152884841e-05
9.999811649322509766e-01
1.080306101357564330e-04
8.941469788551330566e-01
3.861353907268494368e-04
9.999628067016601562e-01
9.918237328529357910e-01
5.822432227432727814e-03
4.063461801706580445e-06
9.631181359291076660e-01
9.988834261894226074e-01
7.746163606643676758e-01
3.333995664434041828e-06
9.993595480918884277e-01
1.924852281808853149e-02
9.998961687088012695e-01
9.997193217277526855e-01
9.998262524604797363e-01
2.696152329444885254e-01
9.529720246791839600e-02
8.177547715604305267e-05
3.913568798452615738e-03
2.666709860932314768e-06
9.999357461929321289e-01
2.044833498075604439e-03
3.541284799575805664e-01
9.995842576026916504e-01
1.712023658910766244e-04
5.337213277816772461e-01
9.991344809532165527e-01
2.783462405204772949e-03
9.999687671661376953e-01
9.997285008430480957e-01
2.307565955561585724e-05
6.620046333409845829e-04
9.996212720870971680e-01
9.534044265747070312e-01
2.896569785661995411e-04
1.754647928464692086e-05
1.845981180667877197e-02
8.593716775067150593e-04
3.300076787127181888e-05
1.761331455782055855e-03
6.532655954360961914e-01
9.995662569999694824e-01
8.993270397186279297e-01
2.552698715589940548e-04
9.952349066734313965e-01
1.889888699224684387e-05
9.999691247940063477e-01
1.137859970331192017e-01
9.997395873069763184e-01
3.017016686499118805e-03
9.999835491180419922e-01
9.530314803123474121e-01
8.539474606513977051e-01
9.996678829193115234e-01
9.194628546538297087e-06
9.995408058166503906e-01
9.999803304672241211e-01
2.715137088671326637e-04
4.261043432052247226e-05
9.941899776458740234e-01
9.986370059777982533e-06
3.535534051479771733e-05
5.009820684790611267e-03
5.044481949880719185e-04
9.981420040130615234e-01
9.409106132807210088e-05
5.935457348823547363e-01
7.069655111990869045e-05
1.500733560533262789e-05
9.971410036087036133e-01
1.208944286190671846e-05
9.999502897262573242e-01
9.436327219009399414e-01
4.426123108714818954e-03
9.253249118046369404e-06
9.998906850814819336e-01
1.374040293740108609e-04
8.595020510256290436e-03
9.999887943267822266e-01
9.905138015747070312e-01
5.129412412643432617e-01
9.950788021087646484e-01
1.211511062138015404e-05
9.999880790710449219e-01
2.916915807873010635e-03
9.999423027038574219e-01
9.999791383743286133e-01
6.409075856208801270e-01
9.999554157257080078e-01
9.997004270553588867e-01
9.998691082000732422e-01
1.683498173952102661e-02
9.999810457229614258e-01
1.320004812441766262e-03
9.772859215736389160e-01
7.249316573143005371e-02
1.395508879795670509e-04
9.811972975730895996e-01
6.214625318534672260e-05
2.659201163623947650e-05
9.915657043457031250e-01
9.999163150787353516e-01
1.889224862679839134e-03
9.996439218521118164e-01
9.999768733978271484e-01
9.998749494552612305e-01
1.774513293639756739e-05
9.994638562202453613e-01
9.715296626091003418e-01
8.920645341277122498e-04
8.900978565216064453e-01
9.698871374130249023e-01
4.242948489263653755e-04
9.992697834968566895e-01
1.352348625659942627e-01
1.441170752514153719e-05
2.417917251586914062e-01
9.999301433563232422e-01
9.999395608901977539e-01
6.128988265991210938e-01
3.780408576130867004e-02
9.635854959487915039e-01
1.348250731825828552e-02
9.669205546379089355e-01
8.558033187000546604e-06
9.978607296943664551e-01
3.983108326792716980e-04
9.849749207496643066e-01
2.083005383610725403e-04
1.035837456583976746e-03
4.881940549239516258e-05
3.881655335426330566e-01
1.601488474989309907e-05
9.999533891677856445e-01
9.999511241912841797e-01
9.502428770065307617e-01
9.724126458168029785e-01
9.953449368476867676e-01
9.990097284317016602e-01
9.998098015785217285e-01
9.922409057617187500e-01
1.283294986933469772e-04
7.792745716869831085e-03
5.895425006747245789e-02
2.551117241382598877e-01
9.949725866317749023e-01
9.734182357788085938e-01
8.156707190209999681e-05
4.760028241435065866e-05
9.999449253082275391e-01
8.402858376502990723e-01
9.998611211776733398e-01
9.999765157699584961e-01
8.889734148979187012e-01
1.058489782735705376e-03
9.997507929801940918e-01
3.880597432726062834e-06
9.999867677688598633e-01
9.986906647682189941e-01
1.427041843271581456e-05
1.711399410851299763e-03
9.034920930862426758e-01
9.998999834060668945e-01
2.234718389809131622e-02
2.610380575060844421e-02
9.993270635604858398e-01
9.999299049377441406e-01
4.270808026194572449e-02
3.074998676311224699e-05
9.997380375862121582e-01
9.997214674949645996e-01
5.676029250025749207e-04
9.234698414802551270e-01
2.857269346714019775e-01
4.908517748117446899e-02
4.215493027004413307e-05
9.889118671417236328e-01
4.094551059097284451e-06
5.543872117996215820e-01
4.940294820698909461e-05
5.018576757720438763e-06
1.686739325523376465e-01
9.999879598617553711e-01
9.999182224273681641e-01
9.983369112014770508e-01
7.492237538099288940e-02
9.553658366203308105e-01
9.946011304855346680e-01
9.996094107627868652e-01
9.998139739036560059e-01
7.880797982215881348e-01
3.340265175211243331e-05
9.999406337738037109e-01
9.997730851173400879e-01
1.502119266660884023e-04
9.995755553245544434e-01
1.060420498251914978e-01
2.828603646776173264e-05
3.015210677403956652e-04
9.982458353042602539e-01
1.142986565828323364e-01
9.999880790710449219e-01
9.941958189010620117e-01
9.999606609344482422e-01
5.442998954094946384e-04
9.999622106552124023e-01
1.274107256904244423e-03
8.811560110189020634e-04
8.297550082206726074e-01
3.381688380613923073e-03
9.999735355377197266e-01
9.953628778457641602e-01
1.061857692548073828e-04
9.576432108879089355e-01
9.996559619903564453e-01
4.233014187775552273e-04
9.964811801910400391e-01
2.357837365707382560e-05
9.999303817749023438e-01
9.999639987945556641e-01
3.996094316244125366e-02
9.999691247940063477e-01
9.997633099555969238e-01
9.890837073326110840e-01
9.999639987945556641e-01
4.405799245432717726e-06
3.890030551701784134e-03
2.728256731643341482e-05
8.197441638913005590e-05
9.999581575393676758e-01
1.935428736032918096e-05
9.948333501815795898e-01
7.345697958953678608e-04
6.736975628882646561e-04
9.994787573814392090e-01
9.997287392616271973e-01
9.938004612922668457e-01
4.266312420368194580e-01
6.854745149612426758e-01
2.224584386567585170e-05
5.592926591634750366e-02
5.421683090389706194e-05
4.124891459941864014e-01
3.823204679065383971e-06
9.979583024978637695e-01
9.998557567596435547e-01
6.434167027473449707e-01
3.644993703346699476e-04
4.697567419498227537e-05
9.989390969276428223e-01
2.292424906045198441e-03
9.999409914016723633e-01
9.990592598915100098e-01
9.999784231185913086e-01
9.956285953521728516e-01
2.571400254964828491e-04
8.664814829826354980e-01
6.028587813489139080e-05
9.973616003990173340e-01
9.999849796295166016e-01
9.946428537368774414e-01
2.933219657279551029e-04
9.999804496765136719e-01
6.577761471271514893e-02
9.998395442962646484e-01
9.999854564666748047e-01
2.211033552885055542e-02
1.534093025838956237e-04
1.857555844253511168e-06
9.999299049377441406e-01
9.993954896926879883e-01
4.332039039582014084e-03
4.514788743108510971e-04
9.997305274009704590e-01
2.253253245726227760e-03
2.296594902873039246e-03
5.508039612323045731e-05
9.998879432678222656e-01
6.017599662300199270e-05
9.999501705169677734e-01
1.310281222686171532e-03
2.462169621139764786e-03
1.756413694238290191e-04
7.892261492088437080e-04
3.146136587020009756e-04
9.990637898445129395e-01
9.997494816780090332e-01
9.946860074996948242e-01
7.621079021191690117e-06
2.549186907708644867e-02
9.997922778129577637e-01
9.999862909317016602e-01
6.521441787481307983e-02
9.997845292091369629e-01
5.551099093281663954e-06
3.809814807027578354e-03
2.153056114912033081e-01
1.205555070191621780e-02
9.998399019241333008e-01
9.999817609786987305e-01
9.999649524688720703e-01
8.345027267932891846e-02
9.986378550529479980e-01
4.673107862472534180e-01
9.999910593032836914e-01
9.997013211250305176e-01
9.400686621665954590e-01
2.551231591496616602e-04
9.998341798782348633e-01
4.195013940334320068e-01
1.450381278991699219e-01
9.998453855514526367e-01
3.248472930863499641e-03
1.099204877391457558e-03
9.998975992202758789e-01
7.875785377109423280e-05
3.211129660485312343e-05
1.023984178900718689e-01
5.364637036109343171e-05
9.135578870773315430e-01
2.981504425406455994e-02
6.792437434196472168e-01
9.998200535774230957e-01
5.673281550407409668e-01
9.999710321426391602e-01
3.931227698922157288e-02
9.999793767929077148e-01
9.998419284820556641e-01
9.998691268265247345e-03
9.909091591835021973e-01
1.482994412072002888e-04
2.014788151427637786e-05
9.999508857727050781e-01
9.999747276306152344e-01
5.620412593998480588e-06
4.263756275177001953e-01
1.590287720318883657e-04
1.700224493106361479e-05
1.585522782988846302e-03
8.363795932382345200e-04
9.993945360183715820e-01
9.949448704719543457e-01
3.620579466223716736e-02
9.999670982360839844e-01
1.743919528962578624e-05
9.071179032325744629e-01
6.273968145251274109e-03
9.999815225601196289e-01
4.782905802130699158e-03
9.999775886535644531e-01
9.993495345115661621e-01
1.634444342926144600e-04
1.544843257761385757e-06
1.318490976700559258e-04
7.933525484986603260e-04
4.804633185267448425e-02
4.538497596513479948e-04
9.990196228027343750e-01
9.999860525131225586e-01
6.338484236039221287e-04
3.962206847063498572e-06
1.495087963121477515e-05
9.999730587005615234e-01
9.999728202819824219e-01
4.752543463837355375e-04
9.985948204994201660e-01
8.719910510990303010e-06
2.774515887722373009e-04
1.544330152682960033e-04
5.296129529597237706e-06
2.374514906477998011e-06
2.087116736220195889e-04
9.999762773513793945e-01
4.591873381286859512e-03
6.092928815633058548e-03
3.016075817868113518e-03
4.897436797618865967e-01
1.255474388599395752e-01
6.529031787067651749e-03
9.999805688858032227e-01
5.539052381209330633e-06
1.042610347212757915e-05
9.999620914459228516e-01
1.457773323636502028e-04
9.999204874038696289e-01
9.999567270278930664e-01
2.190315350890159607e-02
4.704166494775563478e-04
4.464817047119140625e-01
1.176457628607749939e-01
7.694073319435119629e-01
9.997983574867248535e-01
9.967505931854248047e-01
2.397099323570728302e-02
2.526642674638424069e-06
9.996979236602783203e-01
8.390610665082931519e-02
9.278371334075927734e-01
1.591678737895563245e-04
1.887139205791754648e-06
4.644874017685651779e-03
9.959938526153564453e-01
2.969822344311978668e-05
9.857555851340293884e-03
9.989975094795227051e-01
8.610509634017944336e-01
9.998117089271545410e-01
9.998139739036560059e-01
9.193093137582764030e-05
9.997933506965637207e-01
9.999864101409912109e-01
1.073043327778577805e-02
1.506648823124123737e-05
2.642903382366057485e-06
9.999760389328002930e-01
9.709694236516952515e-02
9.999777078628540039e-01
1.328455527982441708e-05
3.085548769377055578e-06
2.161470547434873879e-05
9.996168613433837891e-01
9.963322281837463379e-01
4.578079824568703771e-05
9.388441443443298340e-01
4.429877662914805114e-06
9.999800920486450195e-01
3.422120062168687582e-05
1.400990004185587168e-04
9.999758005142211914e-01
9.996424913406372070e-01
1.323056314140558243e-02
9.999717473983764648e-01
9.999529123306274414e-01
9.958351850509643555e-01
9.762079715728759766e-01
1.353403786197304726e-04
9.998490810394287109e-01
9.928734302520751953e-01
2.672432688996195793e-03
6.969656348228454590e-01
3.471114323474466801e-04
9.999787807464599609e-01
8.604432940483093262e-01
6.059694351279176772e-05
3.507954170345328748e-05
9.254492521286010742e-01
1.699130370980128646e-05
4.783547865372383967e-06
9.999468326568603516e-01
1.163797569461166859e-04
9.990635514259338379e-01
1.495754928328096867e-03
7.148599252104759216e-06
3.879753057844936848e-04
2.154116928577423096e-01
8.651653528213500977e-01
6.121807382442057133e-05
9.998829364776611328e-01
9.997591376304626465e-01
9.998410940170288086e-01
1.139985048212110996e-03
9.998742341995239258e-01
3.044832283194409683e-06
9.999312162399291992e-01
9.998545646667480469e-01
9.997654557228088379e-01
9.999107122421264648e-01
6.120668351650238037e-02
9.993321299552917480e-01
7.084347453201189637e-05
9.999216794967651367e-01
1.627088022360112518e-05
9.996892213821411133e-01
6.432376503944396973e-01
3.619570634327828884e-05
1.653039071243256330e-04
2.873413031920790672e-04
7.440364697686163709e-06
1.185624860227108002e-02
9.999589920043945312e-01
8.243036270141601562e-01
9.997227787971496582e-01
2.088071232719812542e-05
2.715838840231299400e-03
9.537715959595516324e-05
2.939798831939697266e-01
2.029568888247013092e-02
3.868541121482849121e-01
2.857589970517437905e-05
9.999181032180786133e-01
9.997918009757995605e-01
9.094575034396257252e-06
2.106471918523311615e-03
9.997380375862121582e-01
5.964136107650119811e-06
6.521109025925397873e-03
8.289808630943298340e-01
4.995515104383230209e-03
9.997845292091369629e-01
4.973351955413818359e-03
3.278819099068641663e-02
9.667452573776245117e-01
9.999659061431884766e-01
9.997964501380920410e-01
5.430047959089279175e-02
3.758439095690846443e-03
1.474432880058884621e-03
4.136187726544449106e-06
1.590261963428929448e-04
3.621176074375398457e-05
9.576511979103088379e-01
9.999637603759765625e-01
1.304219913436099887e-04
4.238073597662150860e-05
1.758369058370590210e-01
9.983325600624084473e-01
1.317601272603496909e-04
1.433237594028469175e-05
9.999325275421142578e-01
9.976975321769714355e-01
2.311770549567881972e-05
1.261327706743031740e-04
9.999715089797973633e-01
3.266779482364654541e-01
9.999549388885498047e-01
4.364951746538281441e-04
9.999735355377197266e-01
9.999463558197021484e-01
1.434917357983067632e-04
7.729659974575042725e-02
1.418908868799917400e-05
9.999172687530517578e-01
5.886700004339218140e-03
5.340905318007571623e-06
1.514311297796666622e-03
9.993187189102172852e-01
2.364881220273673534e-05
1.584510132670402527e-02
1.735242828726768494e-02
3.934176129405386746e-05
1.737208322083461098e-06
6.155517883598804474e-03
9.997401833534240723e-01
9.998500347137451172e-01
3.698781877756118774e-02
9.115030169486999512e-01
4.741428885608911514e-03
9.999408721923828125e-01
7.833966519683599472e-04
3.170159834553487599e-05
9.998509883880615234e-01
1.908935955725610256e-04
1.339294831268489361e-04
9.998537302017211914e-01
4.339048246038146317e-05
6.063206910766893998e-06
5.287376116029918194e-04
9.975482821464538574e-01
4.580863714218139648e-01
1.080030295997858047e-02
9.999083280563354492e-01
3.831964568234980106e-04
9.983413219451904297e-01
4.722164198756217957e-02
3.769986331462860107e-01
9.999892711639404297e-01
9.996070265769958496e-01
5.567518383031710982e-05
9.229953289031982422e-01
9.999355077743530273e-01
9.998503923416137695e-01
5.960107780992984772e-03
1.957521999429445714e-05
4.216304123401641846e-01
6.944900751113891602e-02
9.996197223663330078e-01
9.994437098503112793e-01
3.820223500952124596e-04
6.907759598107077181e-06
9.996689558029174805e-01
1.025419030338525772e-02
9.999748468399047852e-01
9.988390803337097168e-01
8.167554736137390137e-01
9.999209642410278320e-01
4.336341749876737595e-03
9.998894929885864258e-01
5.841106758452951908e-05
9.955446124076843262e-01
9.996886253356933594e-01
9.743561968207359314e-04
9.999675750732421875e-01
9.948351383209228516e-01
9.793477654457092285e-01
4.786356091499328613e-01
1.606266945600509644e-01
2.338283366043469869e-06
9.999691247940063477e-01
9.999632835388183594e-01
9.997153878211975098e-01
9.997681975364685059e-01
1.291107764700427651e-05
2.460298873484134674e-02
4.830333637073636055e-05
6.365936398506164551e-01
9.992231130599975586e-01
5.471918848343193531e-04
9.998450279235839844e-01
3.963416747865267098e-05
5.978994886390864849e-05
7.669097394682466984e-04
2.950137555599212646e-01
2.353180570935364813e-05
6.312940120697021484e-01
9.848718047142028809e-01
5.474623176269233227e-04
6.046984195709228516e-01
9.999744892120361328e-01
9.998489618301391602e-01
4.091381470061605796e-06
7.586279480165103450e-06
9.955077171325683594e-01
9.999262094497680664e-01
9.530561566352844238e-01
3.016075817868113518e-03
9.944538474082946777e-01
9.935482144355773926e-01
9.999809265136718750e-01
9.225804805755615234e-01
9.190568380290642381e-05
5.559899364016018808e-06
9.852744340896606445e-01
9.727023243904113770e-01
1.925464894156903028e-04
7.414636611938476562e-01
9.999130964279174805e-01
9.999586343765258789e-01
3.623607801273465157e-03
4.900499247014522552e-03
2.470022812485694885e-02
9.998295307159423828e-01
1.794515550136566162e-02
3.127548396587371826e-01
9.990917444229125977e-01
9.485438466072082520e-01
1.967252045869827271e-02
9.966683983802795410e-01
6.531641702167689800e-05
5.064538717269897461e-01
9.984107017517089844e-01
1.017816178500652313e-02
2.724258974194526672e-02
1.847427665779832751e-05
3.111079568043351173e-03
8.389166032429784536e-05
9.999455213546752930e-01
9.999802112579345703e-01
2.298347535543143749e-04
9.993568062782287598e-01
1.109538003802299500e-01
1.560137420892715454e-02
9.475088119506835938e-01
5.927370861172676086e-03
1.568872295320034027e-02
9.999657869338989258e-01
9.998362064361572266e-01
4.826440126635134220e-04
9.998249411582946777e-01
9.842618703842163086e-01
6.151659181341528893e-05
1.444717403501272202e-02
9.985082745552062988e-01
3.703059046529233456e-04
2.226721881015691906e-05
1.674765534698963165e-02
2.699124706850852817e-05
4.412053967826068401e-04
9.997252821922302246e-01
9.994081258773803711e-01
9.992728829383850098e-01
9.999334812164306641e-01
8.784509897232055664e-01
4.303309135138988495e-03
9.999722242355346680e-01
9.996486902236938477e-01
8.750452995300292969e-01
8.840674161911010742e-01
9.994844198226928711e-01
2.997257979586720467e-06
3.795743733644485474e-02
1.312989479629322886e-04
9.999303817749023438e-01
9.999791383743286133e-01
9.999775886535644531e-01
7.226504683494567871e-01
8.524929881095886230e-01
9.997819066047668457e-01
1.005623198579996824e-05
9.731745719909667969e-01
6.318676605587825179e-05
2.702074016269762069e-05
7.791143616486806422e-06
9.999774694442749023e-01
8.701000809669494629e-01
7.063351869583129883e-01
4.259651303291320801e-01
9.999667406082153320e-01
4.945074033457785845e-05
9.999667406082153320e-01
9.777391552925109863e-01
3.843706799671053886e-03
5.979763343930244446e-02
1.839003711938858032e-01
2.268576936330646276e-04
9.982658028602600098e-01
9.935221076011657715e-01
9.998393058776855469e-01
2.003550434892531484e-05
9.999181032180786133e-01
1.340934727340936661e-02
9.999744892120361328e-01
8.714590072631835938e-01
9.999785423278808594e-01
5.174484613235108554e-05
9.980888962745666504e-01
9.998170733451843262e-01
5.669921636581420898e-03
1.011819331324659288e-04
9.963165521621704102e-01
6.381286657415330410e-04
3.553195274434983730e-04
4.328061938285827637e-01
9.999634027481079102e-01
9.989740848541259766e-01
5.688090994954109192e-02
5.911514163017272949e-03
9.882511496543884277e-01
1.942033693194389343e-02
1.827253145165741444e-03
9.989903569221496582e-01
9.996707439422607422e-01
1.009376046567922458e-05
9.997005462646484375e-01
9.999853372573852539e-01
2.523109549656510353e-03
2.538430690765380859e-01
9.997387528419494629e-01
7.206432521343231201e-02
5.546535248868167400e-04
9.997857213020324707e-01
9.998610019683837891e-01
9.948911666870117188e-01
1.283252822759095579e-05
9.976972937583923340e-01
9.391770362854003906e-01
6.642836332321166992e-02
9.996392726898193359e-01
1.846531988121569157e-03
7.007141539361327887e-05
2.551886718720197678e-03
9.988228678703308105e-01
1.824506625780486502e-06
9.999318122863769531e-01
9.943293929100036621e-01
2.214481821283698082e-03
1.696690378594212234e-05
1.907874320750124753e-05
9.695383596408646554e-06
1.389598706737160683e-03
9.999840259552001953e-01
1.322574634104967117e-02
3.842033038381487131e-05
9.997683167457580566e-01
6.217079935595393181e-04
5.766126327216625214e-03
9.996076226234436035e-01
9.999806880950927734e-01
8.067221380770206451e-03
8.593853116035461426e-01
1.408465614076703787e-04
3.043218157472438179e-06
9.999008178710937500e-01
7.715170979499816895e-01
8.315199613571166992e-01
5.875980854034423828e-01
4.978105425834655762e-04
9.978575110435485840e-01
9.998641014099121094e-01
9.979099631309509277e-01
1.336015877313911915e-03
3.935336768627166748e-01
2.085238397121429443e-01
9.992575049400329590e-01
1.930045982589945197e-06
9.731123447418212891e-01
7.378363013267517090e-01
9.992048144340515137e-01
4.411537200212478638e-03
5.248263732937630266e-06
1.338844158453866839e-04
9.687492251396179199e-01
9.999306201934814453e-01
1.047133173415204510e-05
5.046235397458076477e-02
2.713330462574958801e-02
2.324850857257843018e-02
9.841093420982360840e-01
9.981210827827453613e-01
8.074796642176806927e-05
9.918312430381774902e-01
1.689468394033610821e-03
4.349019218352623284e-05
4.100588284927653149e-06
5.967546105384826660e-01
5.198222994804382324e-01
9.972718358039855957e-01
9.955219030380249023e-01
1.702296286821365356e-01
9.741184115409851074e-02
9.995976090431213379e-01
2.293973602354526520e-02
9.999173879623413086e-01
2.025650581344962120e-03
8.386240340769290924e-03
1.065526021193363704e-06
4.256299436092376709e-01
2.577956300228834152e-03
5.243853330612182617e-01
9.999855756759643555e-01
9.999883174896240234e-01
1.720049828290939331e-01
3.611660376191139221e-02
