5.134588479995727539e-01
5.009987354278564453e-01
5.084564089775085449e-01
5.120061635971069336e-01
4.926640093326568604e-01
5.011422038078308105e-01
5.219254493713378906e-01
4.868078827857971191e-01
4.883525669574737549e-01
4.994150102138519287e-01
5.239647626876831055e-01
5.060760378837585449e-01
5.119587182998657227e-01
4.904085993766784668e-01
5.155375003814697266e-01
4.976009130477905273e-01
5.186573863029479980e-01
5.142817497253417969e-01
5.027327537536621094e-01
5.179377794265747070e-01
5.131403207778930664e-01
5.054962038993835449e-01
5.192531347274780273e-01
5.112153887748718262e-01
5.241497159004211426e-01
5.075538158416748047e-01
4.998380541801452637e-01
4.837344288825988770e-01
5.231074094772338867e-01
5.208201408386230469e-01
5.178230404853820801e-01
5.140729546546936035e-01
5.149576067924499512e-01
5.240202546119689941e-01
5.040308833122253418e-01
5.151522159576416016e-01
4.960323274135589600e-01
5.248401761054992676e-01
5.343143343925476074e-01
5.297637581825256348e-01
5.011907219886779785e-01
5.057336688041687012e-01
4.446865618228912354e-01
5.145604014396667480e-01
4.915445148944854736e-01
5.221246480941772461e-01
5.022467970848083496e-01
5.183300971984863281e-01
5.172525644302368164e-01
5.136414766311645508e-01
5.217844843864440918e-01
4.863852858543395996e-01
5.203659534454345703e-01
5.078360438346862793e-01
5.227028131484985352e-01
5.139437317848205566e-01
5.155299901962280273e-01
5.298188328742980957e-01
5.205062627792358398e-01
5.194562673568725586e-01
5.058702230453491211e-01
5.118194222450256348e-01
4.496148526668548584e-01
4.942556619644165039e-01
4.906083643436431885e-01
5.226631164550781250e-01
5.186991095542907715e-01
5.049921274185180664e-01
5.162165164947509766e-01
5.084694623947143555e-01
5.188939571380615234e-01
5.136645436286926270e-01
5.224723815917968750e-01
4.876417219638824463e-01
4.907176494598388672e-01
5.209643244743347168e-01
5.176478624343872070e-01
4.961885213851928711e-01
5.070624947547912598e-01
5.265122056007385254e-01
5.228692889213562012e-01
5.203847885131835938e-01
5.247261524200439453e-01
5.161182880401611328e-01
5.177355408668518066e-01
5.184757113456726074e-01
5.008263587951660156e-01
5.133869051933288574e-01
5.146400928497314453e-01
5.217273831367492676e-01
5.329930186271667480e-01
5.179106593132019043e-01
5.287829041481018066e-01
5.217993259429931641e-01
5.249463915824890137e-01
5.183257460594177246e-01
5.036329030990600586e-01
5.085078477859497070e-01
5.180968046188354492e-01
4.957718253135681152e-01
5.157046318054199219e-01
5.285257101058959961e-01
4.965632557868957520e-01
5.205287933349609375e-01
5.280454754829406738e-01
5.151306390762329102e-01
4.931276440620422363e-01
5.073328018188476562e-01
5.284705758094787598e-01
5.098596811294555664e-01
5.223814249038696289e-01
4.818652868270874023e-01
5.017480254173278809e-01
5.046948194503784180e-01
5.119469165802001953e-01
5.290588736534118652e-01
4.969844818115234375e-01
5.148159265518188477e-01
5.129596590995788574e-01
5.201730132102966309e-01
5.119178295135498047e-01
5.217548012733459473e-01
5.107742547988891602e-01
5.137426257133483887e-01
5.195625424385070801e-01
5.245022773742675781e-01
5.300348997116088867e-01
5.259881019592285156e-01
4.814210534095764160e-01
5.195706486701965332e-01
5.202685594558715820e-01
5.200664997100830078e-01
5.172318816184997559e-01
4.938117861747741699e-01
5.100431442260742188e-01
5.275171399116516113e-01
5.100096464157104492e-01
4.873518347740173340e-01
5.220920443534851074e-01
5.281857848167419434e-01
5.114009380340576172e-01
5.087767243385314941e-01
4.877726137638092041e-01
5.118280053138732910e-01
5.014283657073974609e-01
5.350672006607055664e-01
5.169522166252136230e-01
5.207335352897644043e-01
5.224422812461853027e-01
5.137494802474975586e-01
5.196259021759033203e-01
5.320031046867370605e-01
4.995327889919281006e-01
5.108454227447509766e-01
5.059334635734558105e-01
5.409417748451232910e-01
4.795911312103271484e-01
5.015279650688171387e-01
4.877721667289733887e-01
4.304820001125335693e-01
5.273484587669372559e-01
5.160222053527832031e-01
5.124098062515258789e-01
5.173002481460571289e-01
5.237478017807006836e-01
5.307951569557189941e-01
5.220056772232055664e-01
4.941943883895874023e-01
5.104902386665344238e-01
5.285410284996032715e-01
5.149666666984558105e-01
5.253075361251831055e-01
4.886642098426818848e-01
5.242931246757507324e-01
5.031996965408325195e-01
4.975462555885314941e-01
5.120950341224670410e-01
5.117388367652893066e-01
5.174133777618408203e-01
5.223879218101501465e-01
4.989902079105377197e-01
5.171568393707275391e-01
5.107285380363464355e-01
4.975462555885314941e-01
5.221502780914306641e-01
5.156577229499816895e-01
4.919147193431854248e-01
5.164051055908203125e-01
5.241416096687316895e-01
5.205352902412414551e-01
5.333423614501953125e-01
5.002571940422058105e-01
5.180605649948120117e-01
5.256236195564270020e-01
5.075889825820922852e-01
4.773971140384674072e-01
5.284572839736938477e-01
4.968857467174530029e-01
5.180199146270751953e-01
5.198280215263366699e-01
5.287572145462036133e-01
5.226516127586364746e-01
5.285446047782897949e-01
5.186883211135864258e-01
5.149539113044738770e-01
5.225294828414916992e-01
5.020184516906738281e-01
5.332596898078918457e-01
5.194840431213378906e-01
5.032684206962585449e-01
5.114741325378417969e-01
4.420990347862243652e-01
5.288472175598144531e-01
4.870433211326599121e-01
5.127121210098266602e-01
5.141297578811645508e-01
4.990051090717315674e-01
5.005065798759460449e-01
5.117732286453247070e-01
4.432762563228607178e-01
5.008298158645629883e-01
5.249341726303100586e-01
5.178620219230651855e-01
4.823802411556243896e-01
5.184860825538635254e-01
5.190382003784179688e-01
5.010609030723571777e-01
5.157022476196289062e-01
5.249392390251159668e-01
5.317615270614624023e-01
5.256586074829101562e-01
5.147596001625061035e-01
5.315768718719482422e-01
5.037732124328613281e-01
5.050148963928222656e-01
5.222174525260925293e-01
5.241654515266418457e-01
5.245463252067565918e-01
5.207229852676391602e-01
4.844166338443756104e-01
5.029002428054809570e-01
4.980986714363098145e-01
5.053838491439819336e-01
4.936452805995941162e-01
4.486483633518218994e-01
5.191710591316223145e-01
4.990989267826080322e-01
5.248326659202575684e-01
5.231525301933288574e-01
5.260481834411621094e-01
5.143485069274902344e-01
5.160774588584899902e-01
5.013531446456909180e-01
5.255616307258605957e-01
5.077331066131591797e-01
5.311744809150695801e-01
4.897096157073974609e-01
5.053895711898803711e-01
4.964402019977569580e-01
5.259518623352050781e-01
5.135358572006225586e-01
4.936749637126922607e-01
5.047067999839782715e-01
5.222328901290893555e-01
5.088037848472595215e-01
5.244866609573364258e-01
4.996430575847625732e-01
5.197920203208923340e-01
5.181281566619873047e-01
5.181989669799804688e-01
5.063053965568542480e-01
4.852438867092132568e-01
5.230039954185485840e-01
4.894067645072937012e-01
4.345287978649139404e-01
5.011218190193176270e-01
5.008035898208618164e-01
5.217478275299072266e-01
5.119513869285583496e-01
5.204609036445617676e-01
5.213840603828430176e-01
4.870428442955017090e-01
5.166116356849670410e-01
5.005065798759460449e-01
5.222472548484802246e-01
5.196786522865295410e-01
5.117794871330261230e-01
5.148654580116271973e-01
4.345571696758270264e-01
5.254308581352233887e-01
4.355939030647277832e-01
5.340763926506042480e-01
5.045304894447326660e-01
5.137900114059448242e-01
5.205301046371459961e-01
5.250568389892578125e-01
5.021039843559265137e-01
5.066835880279541016e-01
5.249145030975341797e-01
5.069928765296936035e-01
5.107279419898986816e-01
4.822980463504791260e-01
4.982289969921112061e-01
5.092787146568298340e-01
5.207290053367614746e-01
5.084398984909057617e-01
5.216162800788879395e-01
5.135957002639770508e-01
5.170224308967590332e-01
5.249534845352172852e-01
5.268688201904296875e-01
5.151166915893554688e-01
5.002905726432800293e-01
5.260034203529357910e-01
5.199182033538818359e-01
5.225456357002258301e-01
5.303350687026977539e-01
4.993072748184204102e-01
5.256015658378601074e-01
5.047147274017333984e-01
5.258654356002807617e-01
5.023610591888427734e-01
5.214743614196777344e-01
4.455653429031372070e-01
5.076277256011962891e-01
5.150633454322814941e-01
4.872922301292419434e-01
4.762948751449584961e-01
4.991500675678253174e-01
5.150746703147888184e-01
5.127606391906738281e-01
5.294584035873413086e-01
5.232508182525634766e-01
5.199319124221801758e-01
4.962879419326782227e-01
5.170501470565795898e-01
4.934404492378234863e-01
5.219047069549560547e-01
5.125638842582702637e-01
4.356717169284820557e-01
5.206044912338256836e-01
5.076977014541625977e-01
4.931227564811706543e-01
5.206324458122253418e-01
4.940371215343475342e-01
5.206755399703979492e-01
4.829415678977966309e-01
4.893997907638549805e-01
5.205867886543273926e-01
5.185386538505554199e-01
5.172387957572937012e-01
5.278828740119934082e-01
5.272073745727539062e-01
5.342890024185180664e-01
5.082678794860839844e-01
5.119733810424804688e-01
5.251863598823547363e-01
5.239878892898559570e-01
5.027897953987121582e-01
4.859790503978729248e-01
5.010574460029602051e-01
5.299938917160034180e-01
4.974150359630584717e-01
5.254582762718200684e-01
4.909226894378662109e-01
5.144382715225219727e-01
5.032372474670410156e-01
5.160530805587768555e-01
5.228770375251770020e-01
5.181429386138916016e-01
5.245488286018371582e-01
5.221002101898193359e-01
5.047952532768249512e-01
5.068579912185668945e-01
4.977748990058898926e-01
5.260152816772460938e-01
5.301738977432250977e-01
5.018675327301025391e-01
5.220940709114074707e-01
5.255910158157348633e-01
5.108088254928588867e-01
5.168544650077819824e-01
4.986751675605773926e-01
5.303639173507690430e-01
4.738261699676513672e-01
5.231741666793823242e-01
5.176627635955810547e-01
5.182564854621887207e-01
5.130403041839599609e-01
4.861349165439605713e-01
5.240885019302368164e-01
5.244122743606567383e-01
5.109285712242126465e-01
5.320991277694702148e-01
4.481001198291778564e-01
5.086485147476196289e-01
4.874172508716583252e-01
5.113052129745483398e-01
5.143917798995971680e-01
5.020070672035217285e-01
5.034427046775817871e-01
5.123049616813659668e-01
5.131135582923889160e-01
4.878031313419342041e-01
5.278003215789794922e-01
5.186450481414794922e-01
4.382868111133575439e-01
4.962076842784881592e-01
5.263307094573974609e-01
4.497609734535217285e-01
5.122390985488891602e-01
4.988141953945159912e-01
5.161265134811401367e-01
