5.989961624145507812e-01
6.012404561042785645e-01
6.983783245086669922e-01
3.742319345474243164e-01
5.904959440231323242e-01
1.231914013624191284e-01
6.380788087844848633e-01
4.313929378986358643e-01
6.248268485069274902e-01
6.211868524551391602e-01
3.213979303836822510e-01
5.692188143730163574e-01
5.590491890907287598e-01
3.644059002399444580e-01
7.043387889862060547e-01
6.503790020942687988e-01
4.254217743873596191e-01
5.140517354011535645e-01
6.914439201354980469e-01
6.972535252571105957e-01
6.492948532104492188e-01
6.744029521942138672e-01
7.157983779907226562e-01
4.555687606334686279e-01
7.548019289970397949e-01
6.559776663780212402e-01
6.078408360481262207e-01
6.347376108169555664e-01
5.568398237228393555e-01
6.657912731170654297e-01
7.209084033966064453e-01
3.754360377788543701e-01
6.203980445861816406e-01
6.484904885292053223e-01
6.816341280937194824e-01
6.336003541946411133e-01
6.996020674705505371e-01
5.361924171447753906e-01
4.327004551887512207e-01
6.360073089599609375e-01
4.429379701614379883e-01
4.299532473087310791e-01
6.921157836914062500e-01
6.503536701202392578e-01
5.771663784980773926e-01
6.393125653266906738e-01
5.150913074612617493e-02
7.236298639327287674e-03
6.335489153861999512e-01
6.796219348907470703e-01
4.592868089675903320e-01
6.928408741950988770e-01
5.782912969589233398e-01
5.319304466247558594e-01
9.987830370664596558e-02
9.859638661146163940e-02
4.494531452655792236e-01
9.018869698047637939e-02
7.039097547531127930e-01
6.578074097633361816e-01
6.711238622665405273e-01
3.075649403035640717e-02
6.493420004844665527e-01
7.027156949043273926e-01
7.287444472312927246e-01
6.049669981002807617e-01
6.958249211311340332e-01
6.087684035301208496e-01
6.137005686759948730e-01
3.981969356536865234e-01
1.352732032537460327e-01
6.595773100852966309e-01
5.773670077323913574e-01
5.742670893669128418e-01
6.519724130630493164e-01
4.372985064983367920e-01
6.488021016120910645e-01
4.850190281867980957e-01
1.080664917826652527e-01
6.599544882774353027e-01
5.663278698921203613e-01
2.723475098609924316e-01
6.306661963462829590e-01
6.845179796218872070e-01
5.738098025321960449e-01
6.243383884429931641e-01
5.768643021583557129e-01
4.849400818347930908e-01
5.441890954971313477e-01
6.251925826072692871e-01
2.143733389675617218e-02
6.189692616462707520e-01
4.444697797298431396e-01
4.187549352645874023e-01
6.609082221984863281e-01
6.583186388015747070e-01
7.109782695770263672e-01
6.320190429687500000e-01
3.795195221900939941e-01
6.647258996963500977e-01
6.299612522125244141e-01
2.935189381241798401e-02
6.974803805351257324e-01
7.244095206260681152e-01
2.616690993309020996e-01
2.373020946979522705e-01
6.432288289070129395e-01
6.139496564865112305e-01
4.432974457740783691e-01
6.301373839378356934e-01
4.423485100269317627e-01
5.324712395668029785e-01
5.636237859725952148e-01
6.228235363960266113e-01
6.333729028701782227e-01
5.473353266716003418e-01
5.402767062187194824e-01
6.516142487525939941e-01
5.214084386825561523e-01
4.167582988739013672e-01
6.654848456382751465e-01
6.097255945205688477e-01
6.914593577384948730e-01
6.301769018173217773e-01
2.995660305023193359e-01
6.097909808158874512e-01
7.079496383666992188e-01
7.224580645561218262e-01
7.388934493064880371e-01
6.753745079040527344e-01
6.064724326133728027e-01
6.095169782638549805e-01
7.157804965972900391e-01
4.345721006393432617e-01
6.515564322471618652e-01
6.922745704650878906e-01
6.235606074333190918e-01
4.571433663368225098e-01
6.643447875976562500e-01
1.643574386835098267e-01
6.840162277221679688e-01
7.110539674758911133e-01
9.823651611804962158e-02
6.908214688301086426e-01
4.726330041885375977e-01
4.475727975368499756e-01
7.057778835296630859e-01
6.632168889045715332e-01
6.454116702079772949e-01
6.800847649574279785e-01
5.350429415702819824e-01
4.744036197662353516e-01
5.847123861312866211e-01
6.717079281806945801e-01
5.846010446548461914e-01
1.054869443178176880e-01
6.236913800239562988e-01
5.257086753845214844e-01
5.729731917381286621e-01
5.181587338447570801e-01
6.231019496917724609e-01
7.109268903732299805e-01
7.251789569854736328e-01
5.924685597419738770e-01
6.642040014266967773e-01
6.656446456909179688e-01
4.613803923130035400e-01
5.642386078834533691e-01
1.771873086690902710e-01
6.103293299674987793e-01
6.904445886611938477e-01
5.945215225219726562e-01
2.738436162471771240e-01
8.773012086749076843e-03
2.150060087442398071e-01
6.071391105651855469e-01
6.981747746467590332e-01
7.269660830497741699e-01
6.422027945518493652e-01
5.583991408348083496e-01
6.714706420898437500e-01
7.039872407913208008e-01
5.416231751441955566e-01
6.333953142166137695e-01
5.171993970870971680e-01
4.830671548843383789e-01
3.422857522964477539e-01
6.315951347351074219e-01
6.207121610641479492e-01
6.270064711570739746e-01
5.939050316810607910e-01
6.320179700851440430e-01
5.345533490180969238e-01
4.559046328067779541e-01
6.854485273361206055e-01
7.080394625663757324e-01
5.100464820861816406e-01
6.151701807975769043e-01
5.839219093322753906e-01
2.145007252693176270e-02
6.697787642478942871e-01
6.497514247894287109e-01
3.310539424419403076e-01
5.873808264732360840e-01
7.332794070243835449e-01
5.348286032676696777e-01
4.780920147895812988e-01
3.009231686592102051e-01
6.047169566154479980e-01
3.072642683982849121e-01
6.615403294563293457e-01
5.223009586334228516e-01
5.467610955238342285e-01
4.212432205677032471e-01
6.823793649673461914e-01
6.313596367835998535e-01
2.825172245502471924e-01
4.545642137527465820e-01
2.956857681274414062e-01
5.632841587066650391e-01
3.972339332103729248e-01
6.042236089706420898e-01
6.703933477401733398e-01
1.214430257678031921e-01
6.585314273834228516e-01
1.791883073747158051e-02
5.709278583526611328e-01
7.033976316452026367e-01
3.917083144187927246e-01
6.916230320930480957e-01
3.937837481498718262e-01
6.000528335571289062e-01
4.955018758773803711e-01
6.323365569114685059e-01
7.154546976089477539e-01
7.036116123199462891e-01
4.847244918346405029e-01
1.330208629369735718e-01
6.179561614990234375e-01
5.062059760093688965e-01
1.082861125469207764e-01
6.491339206695556641e-01
6.114958524703979492e-01
5.770565867424011230e-01
6.031808257102966309e-01
1.819253712892532349e-01
4.746730327606201172e-01
7.089712619781494141e-01
5.812817215919494629e-01
4.640864729881286621e-01
7.024147510528564453e-01
4.104105532169342041e-01
6.287217736244201660e-01
7.077625393867492676e-01
4.725170135498046875e-01
6.664113998413085938e-01
6.810399889945983887e-01
6.352041959762573242e-01
6.269204616546630859e-01
7.237606644630432129e-01
6.244435906410217285e-01
6.442101597785949707e-01
6.761111021041870117e-01
4.958408772945404053e-01
4.424372613430023193e-01
2.319572865962982178e-02
6.824603080749511719e-01
4.767261147499084473e-01
4.799076318740844727e-01
6.450415253639221191e-01
6.849882006645202637e-01
6.447241306304931641e-01
6.253826618194580078e-01
5.248321890830993652e-01
6.937564015388488770e-01
5.876904129981994629e-01
1.764456368982791901e-02
5.043105483055114746e-01
3.434384167194366455e-01
5.097036957740783691e-01
7.019062638282775879e-01
5.062889456748962402e-01
5.812582969665527344e-01
7.346735596656799316e-01
6.819766163825988770e-01
5.941865444183349609e-01
6.588873267173767090e-01
4.023407399654388428e-01
5.465986728668212891e-01
5.269287228584289551e-01
4.198838770389556885e-01
1.938306242227554321e-01
5.429292917251586914e-01
6.373611092567443848e-01
6.250147819519042969e-01
6.123675704002380371e-01
5.575242638587951660e-01
4.231873154640197754e-01
1.150267198681831360e-02
6.355719566345214844e-01
6.163721680641174316e-01
6.672115325927734375e-01
6.468253135681152344e-01
6.892050802707672119e-02
5.186019539833068848e-01
6.915854215621948242e-01
5.829577445983886719e-01
6.896576285362243652e-01
2.825172245502471924e-01
6.600891351699829102e-01
6.873990297317504883e-01
3.377752006053924561e-01
5.252733230590820312e-01
6.937457919120788574e-01
1.573934555053710938e-01
4.008055925369262695e-01
2.206362783908843994e-02
2.255282998085021973e-01
7.072665691375732422e-01
3.934570550918579102e-01
2.923279702663421631e-01
6.537588238716125488e-01
4.164573252201080322e-01
7.243125438690185547e-01
5.113287568092346191e-01
6.234755516052246094e-01
7.504444122314453125e-01
7.369787693023681641e-01
5.480581521987915039e-01
6.150810718536376953e-01
6.948907375335693359e-01
5.517091751098632812e-01
5.092149376869201660e-01
5.911790132522583008e-01
6.036064624786376953e-01
2.470048218965530396e-01
6.772434115409851074e-01
5.392079949378967285e-01
1.844382882118225098e-01
6.689866185188293457e-01
6.618411540985107422e-01
5.302882790565490723e-01
5.285223126411437988e-01
1.074453443288803101e-01
3.132638335227966309e-01
1.543235033750534058e-01
4.532235562801361084e-01
6.680258512496948242e-01
6.651859879493713379e-01
4.970665276050567627e-01
6.457454562187194824e-01
5.017470121383666992e-01
6.622675657272338867e-01
6.417504549026489258e-01
7.194986343383789062e-01
6.863834261894226074e-01
6.385743021965026855e-01
4.439471960067749023e-01
6.716691851615905762e-01
5.160222053527832031e-01
6.911314725875854492e-01
6.502128243446350098e-01
6.457710266113281250e-01
6.477974653244018555e-01
5.612016916275024414e-01
6.588779687881469727e-01
6.218084096908569336e-01
4.826233685016632080e-01
5.062994360923767090e-01
5.539109706878662109e-01
8.289255946874618530e-02
1.231390759348869324e-01
6.326808333396911621e-01
7.296973466873168945e-01
7.086151838302612305e-01
3.124527260661125183e-02
6.654166579246520996e-01
4.940862357616424561e-01
9.784652292728424072e-02
5.487700104713439941e-01
6.628826856613159180e-01
7.466312646865844727e-01
6.996174454689025879e-01
5.896991491317749023e-01
1.781937628984451294e-01
4.828407168388366699e-01
6.422165036201477051e-01
7.074037101119756699e-03
1.799148470163345337e-01
6.612782478332519531e-01
5.047193169593811035e-01
6.400098800659179688e-01
7.194281220436096191e-01
4.999935626983642578e-01
6.247726678848266602e-01
6.883394718170166016e-01
9.474045783281326294e-02
6.023151278495788574e-01
6.234652996063232422e-01
1.538856048136949539e-02
4.121326804161071777e-01
5.962424874305725098e-01
4.372133910655975342e-01
6.708174943923950195e-01
5.431262850761413574e-01
4.749550819396972656e-01
2.097825556993484497e-01
5.968570113182067871e-01
1.779182255268096924e-01
7.231969237327575684e-01
6.434757113456726074e-01
3.465652167797088623e-01
4.467276930809020996e-01
7.099363207817077637e-01
6.993607282638549805e-01
6.098086237907409668e-01
5.996406674385070801e-01
2.210935652256011963e-01
2.040445804595947266e-01
6.009782552719116211e-01
1.138401869684457779e-02
7.061782293021678925e-03
6.365039348602294922e-01
7.058219313621520996e-01
6.473743319511413574e-01
5.948166847229003906e-01
6.950346231460571289e-01
5.835574269294738770e-01
6.987116336822509766e-01
6.048182845115661621e-01
5.699596405029296875e-01
7.075322270393371582e-01
6.361300945281982422e-01
2.220264822244644165e-01
5.936298966407775879e-01
4.577913880348205566e-01
5.681388378143310547e-01
3.748129010200500488e-01
4.614722728729248047e-01
6.769466400146484375e-01
9.395767934620380402e-03
3.819908499717712402e-01
6.560537815093994141e-01
5.995162129402160645e-01
2.724024094641208649e-02
6.569930315017700195e-01
5.776321291923522949e-01
3.943942487239837646e-01
1.867376714944839478e-01
5.859408974647521973e-01
5.425170063972473145e-01
5.367710590362548828e-01
6.435260772705078125e-01
6.917566657066345215e-01
7.176682353019714355e-01
5.971307158470153809e-01
6.774002909660339355e-01
6.723698377609252930e-01
3.850091099739074707e-01
6.728547215461730957e-01
3.890202343463897705e-01
7.174451351165771484e-01
6.585572361946105957e-01
6.303858160972595215e-01
6.527768373489379883e-01
4.228030145168304443e-01
5.775739550590515137e-01
6.965979933738708496e-01
7.021489143371582031e-01
5.724167227745056152e-01
6.606208086013793945e-01
4.629241526126861572e-01
6.158433556556701660e-01
6.748419404029846191e-01
4.897025823593139648e-01
3.953773677349090576e-01
6.203448176383972168e-01
1.204998046159744263e-02
6.611213684082031250e-01
5.115494728088378906e-01
9.858820587396621704e-02
4.900172352790832520e-01
5.634312629699707031e-01
3.111126124858856201e-01
4.417336285114288330e-01
7.081723809242248535e-01
6.712117791175842285e-01
5.612375736236572266e-01
3.179620504379272461e-01
6.588536500930786133e-01
6.822822093963623047e-01
7.047479748725891113e-01
6.306981444358825684e-01
5.830217003822326660e-01
5.486950278282165527e-01
7.151333093643188477e-01
6.228018403053283691e-01
6.208401918411254883e-01
6.675666570663452148e-01
3.687088787555694580e-01
8.474550396203994751e-02
6.240186467766761780e-02
6.003465652465820312e-01
5.708538889884948730e-01
6.076647043228149414e-01
2.160149514675140381e-01
6.489420533180236816e-01
6.945143342018127441e-01
7.166767716407775879e-01
5.162780284881591797e-01
7.836277037858963013e-02
5.258153676986694336e-01
1.119260210543870926e-02
6.743847131729125977e-01
4.072520434856414795e-01
7.293047904968261719e-01
4.354986548423767090e-01
5.835670828819274902e-01
6.842574477195739746e-01
3.290891349315643311e-01
6.538265943527221680e-01
6.674354672431945801e-01
6.985740065574645996e-01
6.711872220039367676e-01
1.353718489408493042e-01
6.555541157722473145e-01
6.960387229919433594e-01
4.008808732032775879e-01
7.095621824264526367e-01
7.102794647216796875e-01
6.931156516075134277e-01
1.941697858273983002e-02
7.205128669738769531e-01
6.372028589248657227e-01
6.979019641876220703e-01
6.401837468147277832e-01
6.817806959152221680e-01
6.211580038070678711e-01
3.057711720466613770e-01
6.644182205200195312e-01
6.651378273963928223e-01
6.904202699661254883e-01
6.303898692131042480e-01
4.161182343959808350e-01
6.774461865425109863e-01
7.183625102043151855e-01
6.531885266304016113e-01
5.134966969490051270e-01
6.836290955543518066e-01
6.794179677963256836e-01
4.732460379600524902e-01
8.058490604162216187e-02
6.196783185005187988e-01
6.109403371810913086e-01
6.586347818374633789e-01
7.036553230136632919e-03
7.086544632911682129e-01
4.521057903766632080e-01
6.640567779541015625e-01
6.704388260841369629e-01
6.663835644721984863e-01
5.754949450492858887e-01
6.635511517524719238e-01
6.172228455543518066e-01
3.778938949108123779e-01
5.589867830276489258e-01
1.547421365976333618e-01
6.378046274185180664e-01
6.820118427276611328e-01
5.790954232215881348e-01
6.332297325134277344e-01
5.550031661987304688e-01
4.339608848094940186e-01
1.761643886566162109e-01
5.820309519767761230e-01
1.940811127424240112e-01
6.612972021102905273e-01
5.284716486930847168e-01
1.366055905818939209e-01
1.289010792970657349e-01
6.962587833404541016e-01
6.231555342674255371e-01
7.461969256401062012e-01
6.572574973106384277e-01
7.407797873020172119e-02
4.205929934978485107e-01
6.162222027778625488e-01
6.653155088424682617e-01
5.906046032905578613e-01
6.265740394592285156e-01
5.074504017829895020e-01
7.306180000305175781e-01
4.887893795967102051e-01
6.808226704597473145e-01
6.885076761245727539e-01
6.293239593505859375e-01
4.394711554050445557e-01
6.403825283050537109e-01
6.391267776489257812e-01
7.504444122314453125e-01
6.259766817092895508e-01
3.318854272365570068e-01
7.143312096595764160e-01
6.460359096527099609e-01
4.597606137394905090e-02
8.358784019947052002e-02
2.535943984985351562e-01
6.288614273071289062e-01
7.366509176790714264e-03
6.740770936012268066e-01
4.761817455291748047e-01
6.986339092254638672e-01
6.055036187171936035e-01
6.472024917602539062e-01
7.022888064384460449e-01
5.862937569618225098e-01
1.346486713737249374e-02
7.605480551719665527e-01
6.380302309989929199e-01
4.284904897212982178e-01
5.560670495033264160e-01
5.824294686317443848e-01
6.134541034698486328e-01
7.068378329277038574e-01
6.810897588729858398e-01
5.768901705741882324e-01
5.890868902206420898e-01
1.181668788194656372e-01
6.127504110336303711e-01
6.347706317901611328e-01
3.865450322628021240e-01
6.438484191894531250e-01
5.896506905555725098e-01
7.478876113891601562e-01
2.744083702564239502e-01
9.623953141272068024e-03
9.570656716823577881e-02
6.501801013946533203e-01
5.949552059173583984e-01
6.315250396728515625e-01
5.368238091468811035e-01
5.921930074691772461e-01
6.838603615760803223e-01
6.259567737579345703e-01
4.695726931095123291e-01
6.467210054397583008e-01
6.561281681060791016e-01
6.603917479515075684e-01
6.832184791564941406e-01
6.082181334495544434e-01
6.657986640930175781e-01
6.806840300559997559e-01
5.824521780014038086e-01
6.900725960731506348e-01
3.996460735797882080e-01
4.315887689590454102e-01
6.644110679626464844e-01
6.271467208862304688e-01
1.938874833285808563e-02
6.936717629432678223e-01
5.811822414398193359e-01
3.838645815849304199e-01
7.262896299362182617e-01
5.524469017982482910e-01
4.687792062759399414e-01
6.290975213050842285e-01
6.407909393310546875e-01
6.134678721427917480e-01
6.986595392227172852e-01
6.915339231491088867e-01
6.457532048225402832e-01
6.835024356842041016e-01
5.086680054664611816e-01
6.144543290138244629e-01
6.260529160499572754e-01
4.654204547405242920e-01
1.437692251056432724e-02
6.282214522361755371e-01
5.960797667503356934e-01
6.236532926559448242e-01
6.213029026985168457e-01
7.378430366516113281e-01
4.176158607006072998e-01
5.872324705123901367e-01
6.856474280357360840e-01
6.683961749076843262e-01
5.805547237396240234e-01
4.456168413162231445e-01
6.003469228744506836e-01
6.657434105873107910e-01
5.019226670265197754e-01
6.835629343986511230e-01
6.259134411811828613e-01
6.037660837173461914e-01
6.642756462097167969e-01
6.462659239768981934e-01
3.234978318214416504e-01
6.333399415016174316e-01
5.711293220520019531e-01
5.075653791427612305e-01
6.818830966949462891e-01
4.698705375194549561e-01
6.739591360092163086e-01
4.820490479469299316e-01
6.763640642166137695e-01
5.799701213836669922e-01
6.807804703712463379e-01
7.199094295501708984e-01
4.353252649307250977e-01
6.265167593955993652e-01
5.618882775306701660e-01
6.045721769332885742e-01
3.837752342224121094e-01
6.651771068572998047e-01
5.436253547668457031e-01
6.868631243705749512e-01
6.194570064544677734e-01
6.534909009933471680e-01
6.427718400955200195e-01
6.572471261024475098e-01
1.022699847817420959e-02
6.411750316619873047e-01
6.614787578582763672e-01
7.136607766151428223e-01
3.090358078479766846e-01
6.418803334236145020e-01
7.108281254768371582e-01
6.541772484779357910e-01
4.254683852195739746e-01
3.267481625080108643e-01
5.153210163116455078e-01
5.516102313995361328e-01
1.052183210849761963e-01
3.048545122146606445e-01
6.151580810546875000e-01
7.302164435386657715e-01
4.831691086292266846e-01
6.916059255599975586e-01
5.443896055221557617e-01
6.391773223876953125e-01
6.281840801239013672e-01
6.594366431236267090e-01
6.154980659484863281e-01
4.032436311244964600e-01
6.382983326911926270e-01
5.885097384452819824e-01
6.286200284957885742e-01
6.360486745834350586e-01
3.530180752277374268e-01
6.402139663696289062e-01
6.255186796188354492e-01
4.298145473003387451e-01
3.353768587112426758e-01
5.955280661582946777e-01
6.900292038917541504e-01
6.804220676422119141e-01
6.989417672157287598e-01
6.510707736015319824e-01
7.244297266006469727e-01
6.783551573753356934e-01
5.153133273124694824e-01
6.900773048400878906e-01
6.130262017250061035e-01
7.153977751731872559e-01
4.222705960273742676e-01
7.137615680694580078e-01
7.112481594085693359e-01
6.956213116645812988e-01
3.628472983837127686e-01
6.566686034202575684e-01
4.776104688644409180e-01
1.739965379238128662e-01
6.510807871818542480e-01
2.312078177928924561e-01
6.311404705047607422e-01
6.201084852218627930e-01
6.569321155548095703e-01
3.213144540786743164e-01
6.361607909202575684e-01
5.651146173477172852e-01
6.087270379066467285e-01
5.955731868743896484e-01
3.687216639518737793e-01
1.714216172695159912e-01
1.675297170877456665e-01
1.438777446746826172e-01
5.630586743354797363e-01
6.690325736999511719e-01
6.919990777969360352e-01
6.588544845581054688e-01
7.912552356719970703e-02
6.101644635200500488e-01
6.375036239624023438e-01
5.307887792587280273e-01
5.466588735580444336e-01
2.628520429134368896e-01
5.841832756996154785e-01
6.381067633628845215e-01
5.832477211952209473e-01
4.994931519031524658e-01
7.765606790781021118e-02
6.422831416130065918e-01
4.946665763854980469e-01
9.465008229017257690e-02
4.470482766628265381e-01
5.049757957458496094e-01
7.105841636657714844e-01
6.347286105155944824e-01
5.917568802833557129e-01
5.531432628631591797e-01
7.248458266258239746e-01
5.691224932670593262e-01
6.942564845085144043e-01
6.479176282882690430e-01
6.646232008934020996e-01
3.919217884540557861e-01
6.635028719902038574e-01
6.031413674354553223e-01
6.226478815078735352e-01
6.306596398353576660e-01
3.137724697589874268e-01
6.238433122634887695e-01
4.244454205036163330e-01
3.106184601783752441e-01
6.247522234916687012e-01
1.386836767196655273e-01
6.737926602363586426e-01
5.680757164955139160e-01
2.515250444412231445e-01
3.129537701606750488e-01
6.857571005821228027e-01
5.379900336265563965e-01
3.301883935928344727e-01
3.457261621952056885e-02
4.095616936683654785e-01
7.366195917129516602e-01
5.497304797172546387e-01
5.726004242897033691e-01
6.629583239555358887e-01
5.760847926139831543e-01
6.325111389160156250e-01
6.436294913291931152e-01
6.984653472900390625e-01
6.245251297950744629e-01
6.543071866035461426e-01
6.466480493545532227e-01
6.493654251098632812e-01
6.489009857177734375e-01
2.413629442453384399e-01
6.729217767715454102e-01
6.924302577972412109e-01
4.505597054958343506e-01
6.730873584747314453e-01
5.668602585792541504e-01
6.853117346763610840e-01
6.253436803817749023e-01
6.028914451599121094e-01
5.785257816314697266e-01
6.136272549629211426e-01
1.527108252048492432e-01
7.651024460792541504e-01
5.521528720855712891e-01
1.098284125328063965e-01
1.433818638324737549e-01
3.743851557374000549e-02
3.394135832786560059e-01
6.272813677787780762e-01
5.698382854461669922e-01
4.908952713012695312e-01
4.840834140777587891e-01
4.697581827640533447e-01
5.968480110168457031e-01
6.742135286331176758e-01
5.980525612831115723e-01
6.018567085266113281e-01
6.911645531654357910e-01
5.108835697174072266e-01
6.902154684066772461e-01
6.688300371170043945e-01
7.745741009712219238e-01
4.007843136787414551e-01
5.690689682960510254e-01
6.469272971153259277e-01
6.035879254341125488e-01
5.086861252784729004e-01
5.814895629882812500e-01
3.943757116794586182e-01
6.459986567497253418e-01
5.156059265136718750e-01
6.513951420783996582e-01
6.424684524536132812e-01
5.942314267158508301e-01
6.011177897453308105e-01
7.396263480186462402e-01
6.117779016494750977e-01
7.153070569038391113e-01
1.428389456123113632e-02
6.883842945098876953e-01
6.818729043006896973e-01
6.677360534667968750e-01
2.371535897254943848e-01
6.782277822494506836e-01
7.102732062339782715e-01
5.482766032218933105e-01
3.199651092290878296e-02
2.167363017797470093e-01
2.958577573299407959e-01
6.200181245803833008e-01
3.273924589157104492e-01
6.009272933006286621e-01
6.301754713058471680e-01
7.035663127899169922e-01
6.109454035758972168e-01
4.774057865142822266e-01
5.534593462944030762e-01
4.176158607006072998e-01
5.435785055160522461e-01
6.950695514678955078e-01
6.896967291831970215e-01
5.583453774452209473e-01
4.905962347984313965e-01
1.342568099498748779e-01
2.417817413806915283e-01
5.955996513366699219e-01
6.758307814598083496e-01
5.767359137535095215e-01
6.271198391914367676e-01
6.543318629264831543e-01
2.295851707458496094e-02
6.369276046752929688e-01
1.123620849102735519e-02
6.215801239013671875e-01
1.793262958526611328e-01
6.167759299278259277e-01
4.827301204204559326e-01
6.918652653694152832e-01
5.925441160798072815e-02
6.780411005020141602e-01
7.020916938781738281e-01
6.286960244178771973e-01
6.061676740646362305e-01
3.445515036582946777e-01
6.887266635894775391e-01
4.023577272891998291e-01
6.748101711273193359e-01
2.825172245502471924e-01
6.961942315101623535e-01
6.551306247711181641e-01
6.510941386222839355e-01
5.823193788528442383e-01
6.571527719497680664e-01
6.940642595291137695e-01
4.814270436763763428e-01
2.320199310779571533e-01
1.347417086362838745e-01
5.275080800056457520e-01
5.113840699195861816e-01
6.119039058685302734e-01
6.803649663925170898e-01
6.338860988616943359e-01
6.757488250732421875e-01
6.731997728347778320e-01
4.932536482810974121e-01
6.611482501029968262e-01
2.954516708850860596e-01
6.664935946464538574e-01
2.743736505508422852e-01
7.145873904228210449e-01
5.149250030517578125e-01
6.285566091537475586e-01
6.572036743164062500e-01
7.426777482032775879e-01
6.761852502822875977e-01
6.218820214271545410e-01
4.195271730422973633e-01
5.970172882080078125e-01
5.009540319442749023e-01
3.221819996833801270e-01
7.403054237365722656e-01
5.375289320945739746e-01
5.875903367996215820e-01
5.104942321777343750e-01
2.181510999798774719e-02
6.750162243843078613e-01
6.982578039169311523e-01
5.721854567527770996e-01
6.464830636978149414e-01
5.991775393486022949e-01
6.800493597984313965e-01
5.040003657341003418e-01
6.970599889755249023e-01
3.698002099990844727e-01
6.482542157173156738e-01
5.991759300231933594e-01
3.983400464057922363e-01
6.964686512947082520e-01
2.611756324768066406e-01
5.736202001571655273e-01
5.568491220474243164e-01
5.692213177680969238e-01
2.825172245502471924e-01
6.436368823051452637e-01
6.577293872833251953e-01
5.053839087486267090e-01
6.621327400207519531e-01
6.610478758811950684e-01
6.608084440231323242e-01
3.122248053550720215e-01
7.220789790153503418e-01
1.438832003623247147e-02
6.062580943107604980e-01
6.249938011169433594e-01
3.022639155387878418e-01
9.755004197359085083e-03
5.264814496040344238e-01
4.951631128787994385e-01
6.532971262931823730e-01
5.053393244743347168e-01
6.142219305038452148e-01
6.758782863616943359e-01
5.526737570762634277e-01
2.920509874820709229e-01
6.974723935127258301e-01
7.045716643333435059e-01
6.603847146034240723e-01
6.559073925018310547e-01
1.712412983179092407e-01
1.504354830831289291e-02
5.824142694473266602e-01
6.888653039932250977e-01
4.697711169719696045e-01
6.811656951904296875e-01
3.996206820011138916e-01
5.314164161682128906e-01
3.692670166492462158e-01
2.317358367145061493e-02
6.664553284645080566e-01
5.757021903991699219e-01
7.048155665397644043e-01
7.271366119384765625e-01
6.605824828147888184e-01
6.284942626953125000e-01
4.601889550685882568e-01
5.416442155838012695e-01
5.531593561172485352e-01
4.354670345783233643e-01
1.018757373094558716e-01
6.495012044906616211e-01
4.587812721729278564e-01
3.454951941967010498e-01
5.823187232017517090e-01
3.132643997669219971e-01
6.741645932197570801e-01
5.245330929756164551e-01
7.412350773811340332e-01
5.779239535331726074e-01
4.162191152572631836e-01
5.244535803794860840e-01
6.030985713005065918e-01
5.390722677111625671e-02
1.616874635219573975e-01
5.508515834808349609e-01
2.686061859130859375e-01
2.928071916103363037e-01
4.013166427612304688e-01
2.406612038612365723e-01
6.268320083618164062e-01
4.284086823463439941e-01
6.883221864700317383e-01
7.056544423103332520e-01
6.650490164756774902e-01
6.714084744453430176e-01
6.532202959060668945e-01
6.703206300735473633e-01
6.726872920989990234e-01
4.586988687515258789e-01
6.820188760757446289e-01
8.316034823656082153e-02
6.697442531585693359e-01
5.799950957298278809e-01
6.426466703414916992e-01
4.868083894252777100e-01
6.439028382301330566e-01
5.207453966140747070e-01
6.566326618194580078e-01
3.863591328263282776e-02
6.080487370491027832e-01
1.327742934226989746e-01
1.088708862662315369e-01
6.755063533782958984e-01
6.541234254837036133e-01
5.598709583282470703e-01
5.074969530105590820e-01
6.574701070785522461e-01
6.680678129196166992e-01
2.717086076736450195e-01
6.198636293411254883e-01
7.245757579803466797e-01
4.725626409053802490e-01
2.393271774053573608e-02
1.008911281824111938e-01
6.960486173629760742e-01
6.732100248336791992e-01
5.368601083755493164e-01
5.960503816604614258e-01
6.965298652648925781e-01
4.735234379768371582e-01
6.024747490882873535e-01
7.151069641113281250e-01
6.107897162437438965e-01
6.354779601097106934e-01
2.647123336791992188e-01
6.787116527557373047e-01
3.490307331085205078e-01
6.021499633789062500e-01
6.665323376655578613e-01
2.117685526609420776e-01
5.900210142135620117e-01
7.073411941528320312e-01
5.041739344596862793e-01
2.908785939216613770e-01
6.320780515670776367e-01
5.979189872741699219e-01
6.130789518356323242e-01
3.964342176914215088e-01
5.983879566192626953e-01
6.021476984024047852e-01
6.467369794845581055e-01
6.377275586128234863e-01
6.847246289253234863e-01
2.081259489059448242e-01
5.261415243148803711e-01
5.026671290397644043e-01
6.350719332695007324e-01
5.798667669296264648e-01
6.999533772468566895e-01
6.645803451538085938e-01
6.445189118385314941e-01
3.664577603340148926e-01
3.527034819126129150e-01
6.909663677215576172e-01
6.950868368148803711e-01
2.931198179721832275e-01
6.363614797592163086e-01
4.306838810443878174e-01
6.034139394760131836e-01
5.099061131477355957e-01
6.978548765182495117e-01
4.072195887565612793e-01
6.181104779243469238e-01
6.731138229370117188e-01
5.428956151008605957e-01
6.426727175712585449e-01
6.624464988708496094e-01
4.743705689907073975e-01
7.081168889999389648e-01
6.611603498458862305e-01
2.773811519145965576e-01
7.225009799003601074e-01
7.443915605545043945e-01
6.788557171821594238e-01
5.202178955078125000e-01
4.761817455291748047e-01
4.802858456969261169e-02
4.389733970165252686e-01
7.577696815133094788e-03
7.069349288940429688e-01
6.355232000350952148e-01
5.746309757232666016e-01
6.389149427413940430e-01
3.381007313728332520e-01
6.591257452964782715e-01
6.403408646583557129e-01
3.813668340444564819e-02
6.397567391395568848e-01
6.623604297637939453e-01
3.549550175666809082e-01
6.260721683502197266e-01
6.690310835838317871e-01
6.029348969459533691e-01
6.757815480232238770e-01
5.717262625694274902e-01
2.027155645191669464e-02
3.604144975543022156e-02
4.935220777988433838e-01
6.507756710052490234e-01
6.350055336952209473e-02
5.329494476318359375e-01
4.044150412082672119e-01
4.891014993190765381e-01
6.753644943237304688e-01
7.483115792274475098e-01
4.920666813850402832e-01
6.178824305534362793e-01
4.736705124378204346e-01
6.258419752120971680e-01
7.176415324211120605e-01
6.004250645637512207e-01
6.147027611732482910e-01
6.461284160614013672e-01
3.558965921401977539e-01
1.847908049821853638e-01
5.589331984519958496e-01
6.023492217063903809e-01
6.276643276214599609e-01
6.998326182365417480e-01
6.961159706115722656e-01
6.107476353645324707e-01
6.885796785354614258e-01
3.679858446121215820e-01
2.536262869834899902e-01
5.792875289916992188e-01
2.801450341939926147e-02
4.107937216758728027e-01
2.778973877429962158e-01
3.627708256244659424e-01
6.090429425239562988e-01
6.851824522018432617e-01
5.225732326507568359e-01
2.212491333484649658e-01
5.811822414398193359e-01
6.627683043479919434e-01
6.745269894599914551e-01
3.310539424419403076e-01
6.841160058975219727e-01
6.826604604721069336e-01
6.667302250862121582e-01
4.756807386875152588e-01
7.181422114372253418e-01
6.484112739562988281e-01
6.289352774620056152e-01
6.299022436141967773e-01
6.974011063575744629e-01
6.737926602363586426e-01
6.716927289962768555e-01
6.074286699295043945e-01
6.628509163856506348e-01
7.201007604598999023e-01
4.998345971107482910e-01
6.304834485054016113e-01
2.951074838638305664e-01
7.181940674781799316e-01
4.367188811302185059e-01
5.902335643768310547e-01
6.245819926261901855e-01
1.599478423595428467e-01
6.886188387870788574e-01
6.288831233978271484e-01
5.690027475357055664e-01
6.795909404754638672e-01
6.853376030921936035e-01
5.880426242947578430e-02
5.915012359619140625e-01
6.090307831764221191e-01
3.822511136531829834e-01
6.857335567474365234e-01
5.595872998237609863e-01
6.635643243789672852e-01
6.239880919456481934e-01
6.867237687110900879e-01
5.118751525878906250e-01
6.378666162490844727e-01
1.418802421540021896e-02
6.558517217636108398e-01
6.078686714172363281e-01
2.119270861148834229e-01
6.198120117187500000e-01
4.648973643779754639e-01
5.724164843559265137e-01
6.610454916954040527e-01
4.714003503322601318e-01
6.037297844886779785e-01
6.262996196746826172e-01
5.760847926139831543e-01
6.530316472053527832e-01
7.161635160446166992e-01
6.442770957946777344e-01
9.148267656564712524e-02
6.524807214736938477e-01
5.721819400787353516e-01
6.124885678291320801e-01
7.380762100219726562e-01
5.550650358200073242e-01
5.830227136611938477e-01
3.217860758304595947e-01
5.841832756996154785e-01
6.214305758476257324e-01
6.667113900184631348e-01
6.381365656852722168e-01
6.530091762542724609e-01
4.887490868568420410e-01
5.995202437043190002e-02
4.579965472221374512e-01
6.101995110511779785e-01
6.442788243293762207e-01
6.694161295890808105e-01
6.677865982055664062e-01
6.057755947113037109e-01
6.914407610893249512e-01
6.851977109909057617e-01
5.504634976387023926e-01
4.284218549728393555e-01
7.182054519653320312e-01
5.128880739212036133e-01
6.148333549499511719e-01
6.477785706520080566e-01
2.296495065093040466e-02
5.386674404144287109e-01
7.085206508636474609e-01
3.393037319183349609e-01
6.456955075263977051e-01
6.441836357116699219e-01
6.765743494033813477e-01
7.198511362075805664e-01
6.273277401924133301e-01
3.922004401683807373e-01
7.283444702625274658e-02
2.383986562490463257e-01
7.350850701332092285e-01
6.948868632316589355e-01
6.740770936012268066e-01
6.534182429313659668e-01
5.294579863548278809e-01
2.649151086807250977e-01
5.176324248313903809e-01
6.409317255020141602e-01
6.961159706115722656e-01
3.489651978015899658e-01
6.343151330947875977e-01
7.295386791229248047e-01
6.642068028450012207e-01
1.545202732086181641e-01
4.546332955360412598e-01
7.207991480827331543e-01
4.659109711647033691e-01
6.291536092758178711e-01
5.967239737510681152e-01
5.447809100151062012e-01
3.960346579551696777e-01
1.965586394071578979e-01
6.615700721740722656e-01
6.423285603523254395e-01
2.880376577377319336e-01
2.857002988457679749e-02
3.122430443763732910e-01
6.727749109268188477e-01
6.092061400413513184e-01
4.832775592803955078e-01
5.769765377044677734e-01
7.126790881156921387e-01
1.280430257320404053e-01
6.234280467033386230e-01
7.107477784156799316e-01
6.288072466850280762e-01
5.497151613235473633e-01
7.072532773017883301e-01
7.155591845512390137e-01
5.369656085968017578e-01
7.187177538871765137e-01
7.252064347267150879e-01
5.898844599723815918e-01
4.552041590213775635e-01
7.032474279403686523e-01
6.271573901176452637e-01
5.797142386436462402e-01
6.098855137825012207e-01
6.783897280693054199e-01
2.903164625167846680e-01
5.230197310447692871e-01
4.936317503452301025e-01
6.982778906822204590e-01
4.648973643779754639e-01
1.647714525461196899e-01
5.549319386482238770e-01
4.086340069770812988e-01
6.809399127960205078e-01
4.557420015335083008e-01
5.777989029884338379e-01
2.444602362811565399e-02
6.197701096534729004e-01
6.978706121444702148e-01
6.601631641387939453e-01
6.603533625602722168e-01
6.964649558067321777e-01
6.359475851058959961e-01
7.108604907989501953e-01
7.382300496101379395e-01
6.731638908386230469e-01
6.711620092391967773e-01
6.824273467063903809e-01
3.340920433402061462e-02
6.657126545906066895e-01
7.295762300491333008e-01
7.227599024772644043e-01
5.071572065353393555e-01
5.972712039947509766e-01
4.145642742514610291e-02
7.098737955093383789e-01
3.178558051586151123e-01
7.039754390716552734e-01
5.366248488426208496e-01
5.981567502021789551e-01
6.442557573318481445e-01
6.122364997863769531e-01
6.452036499977111816e-01
5.870349407196044922e-01
6.826504468917846680e-01
4.575476348400115967e-01
6.601295471191406250e-01
6.415007710456848145e-01
5.325275063514709473e-01
5.834679007530212402e-01
5.878043174743652344e-01
6.065696477890014648e-01
5.611947178840637207e-01
6.156604886054992676e-01
6.305102109909057617e-01
5.889602899551391602e-01
2.665287554264068604e-01
4.827779233455657959e-01
4.604332745075225830e-01
6.647583842277526855e-01
2.835374139249324799e-02
6.524365544319152832e-01
4.197334349155426025e-01
6.736840605735778809e-01
6.407355070114135742e-01
6.977764964103698730e-01
6.486765146255493164e-01
3.235264420509338379e-01
3.418743312358856201e-01
5.915198326110839844e-01
1.879956275224685669e-01
4.051330387592315674e-01
6.112900972366333008e-01
6.845197677612304688e-01
4.283053278923034668e-01
6.183162927627563477e-01
6.610721349716186523e-01
6.201008558273315430e-01
6.446813344955444336e-01
6.179613471031188965e-01
6.160373687744140625e-01
6.021870970726013184e-01
6.950539946556091309e-01
6.910654902458190918e-01
6.851528286933898926e-01
5.226107239723205566e-01
6.196323633193969727e-01
7.745420336723327637e-01
6.080873608589172363e-01
6.715406775474548340e-01
6.230674982070922852e-01
1.002362295985221863e-01
1.229755058884620667e-01
7.409601211547851562e-01
7.135055065155029297e-01
2.917601168155670166e-01
6.718898415565490723e-01
1.243642717599868774e-01
5.311074852943420410e-01
6.009370684623718262e-01
9.343153983354568481e-02
4.352413117885589600e-01
6.804604530334472656e-01
6.273142695426940918e-01
7.321208119392395020e-01
5.659906268119812012e-01
5.599235892295837402e-01
3.352706730365753174e-01
5.998904109001159668e-01
6.617653965950012207e-01
1.339682191610336304e-01
6.938920617103576660e-01
6.720700263977050781e-01
5.566919445991516113e-01
3.810391724109649658e-01
1.172352507710456848e-01
3.338434398174285889e-01
2.202083021402359009e-01
2.306015640497207642e-01
6.149649024009704590e-01
5.401515960693359375e-01
1.196152344346046448e-01
6.145347356796264648e-01
6.760162711143493652e-01
7.027965188026428223e-01
5.627455115318298340e-01
6.205410957336425781e-01
9.486719220876693726e-02
6.729703545570373535e-01
6.251361370086669922e-01
4.230015575885772705e-01
3.624613583087921143e-01
6.315081715583801270e-01
5.473601818084716797e-01
2.270774692296981812e-01
6.070941090583801270e-01
3.914551064372062683e-02
7.260568737983703613e-01
7.062621116638183594e-01
5.249906182289123535e-01
4.964594170451164246e-02
7.031808495521545410e-01
5.704829096794128418e-01
6.731408834457397461e-01
6.243011951446533203e-01
6.299930214881896973e-01
6.991712450981140137e-01
6.618891358375549316e-01
6.452592015266418457e-01
6.468119025230407715e-01
6.339611411094665527e-01
5.749753713607788086e-01
5.674200057983398438e-01
6.532652378082275391e-01
1.312726736068725586e-02
2.499687969684600830e-01
6.911223530769348145e-01
6.562421321868896484e-01
2.642074823379516602e-01
6.677911877632141113e-01
2.408738732337951660e-01
6.457034349441528320e-01
3.586394488811492920e-01
6.942160129547119141e-01
6.562513709068298340e-01
4.378851652145385742e-01
4.407755732536315918e-01
5.626810789108276367e-01
6.500073075294494629e-01
6.911771297454833984e-01
1.805207878351211548e-01
6.211054921150207520e-01
7.189067602157592773e-01
2.836438119411468506e-01
7.226890921592712402e-01
6.666014194488525391e-01
7.120522856712341309e-01
6.723982095718383789e-01
4.684212803840637207e-01
6.257873177528381348e-01
6.404361128807067871e-01
6.199344992637634277e-01
6.704459190368652344e-01
7.338864207267761230e-01
5.610674619674682617e-01
5.277568101882934570e-01
6.627798080444335938e-01
6.280322670936584473e-01
4.567299783229827881e-01
5.329156517982482910e-01
6.288620233535766602e-01
6.898687481880187988e-01
7.441481351852416992e-01
5.935596227645874023e-01
6.809192299842834473e-01
4.075353443622589111e-01
5.755337476730346680e-01
9.029853157699108124e-03
5.614215731620788574e-01
5.366612076759338379e-01
5.933772325515747070e-01
5.782111883163452148e-01
5.979232192039489746e-01
6.305881738662719727e-01
9.629699401557445526e-03
6.796476840972900391e-01
6.397679448127746582e-01
6.393892765045166016e-01
6.501151919364929199e-01
3.864732086658477783e-01
6.038849353790283203e-01
6.938468813896179199e-01
2.461547963321208954e-02
6.512681245803833008e-01
6.030874848365783691e-01
2.492036297917366028e-02
3.715976178646087646e-01
6.266614794731140137e-01
6.553226113319396973e-01
6.372707486152648926e-01
6.582207679748535156e-01
6.340836882591247559e-01
4.845042228698730469e-01
6.484908461570739746e-01
6.064555048942565918e-01
6.389830708503723145e-01
7.681942731142044067e-02
4.813301265239715576e-01
5.661251544952392578e-01
5.600386857986450195e-01
6.629175543785095215e-01
5.433530732989311218e-02
6.644709110260009766e-01
6.039770245552062988e-01
5.456862449645996094e-01
5.360960960388183594e-01
3.244730830192565918e-01
6.357604265213012695e-01
6.941084265708923340e-01
5.714532732963562012e-01
9.308958798646926880e-02
6.542502045631408691e-01
6.305118203163146973e-01
6.317360997200012207e-01
5.637866258621215820e-01
6.270182132720947266e-01
7.280924320220947266e-01
6.486662030220031738e-01
7.164046168327331543e-01
5.423083305358886719e-01
1.868882626295089722e-01
7.136295437812805176e-01
1.622912473976612091e-02
7.209850549697875977e-01
5.994450449943542480e-01
6.090773344039916992e-01
3.183598518371582031e-01
4.385707676410675049e-01
3.614704906940460205e-01
5.856731534004211426e-01
4.641748666763305664e-01
3.500093221664428711e-01
5.950698256492614746e-01
3.895827531814575195e-01
6.668916940689086914e-01
6.789349913597106934e-01
6.759806871414184570e-01
6.578888893127441406e-01
7.220763564109802246e-01
5.163164734840393066e-01
6.481707692146301270e-01
4.014171957969665527e-01
5.320102572441101074e-01
1.379612088203430176e-01
1.011017709970474243e-02
5.384782552719116211e-01
7.120522856712341309e-01
5.814610719680786133e-01
5.570021271705627441e-01
6.842168569564819336e-01
6.569452881813049316e-01
3.848032653331756592e-01
5.888110399246215820e-01
4.759004712104797363e-01
5.039248466491699219e-01
5.913942456245422363e-01
6.561918258666992188e-01
4.405434429645538330e-01
6.443629264831542969e-01
7.205027341842651367e-01
6.953608393669128418e-01
6.699808835983276367e-01
7.112321257591247559e-01
6.722706556320190430e-01
3.095183670520782471e-01
5.023129582405090332e-01
6.690261363983154297e-01
7.754957769066095352e-03
6.460069417953491211e-01
5.377954840660095215e-01
6.882140636444091797e-01
6.034754514694213867e-01
6.378172636032104492e-01
3.695995807647705078e-01
6.168510317802429199e-01
5.707455277442932129e-01
6.806044578552246094e-01
4.709063470363616943e-01
5.077710747718811035e-01
6.847926974296569824e-01
6.076465249061584473e-01
6.380826234817504883e-01
5.853158235549926758e-01
3.530711531639099121e-01
6.706610918045043945e-01
5.900279283523559570e-01
5.969698429107666016e-01
6.487846374511718750e-01
1.728330850601196289e-01
7.136851549148559570e-01
6.522063016891479492e-01
5.567241311073303223e-01
6.840865612030029297e-01
6.037567853927612305e-01
6.784763336181640625e-01
6.427680850028991699e-01
5.684510469436645508e-01
6.876764297485351562e-01
6.982354521751403809e-01
5.937785506248474121e-01
5.287356376647949219e-01
3.714537918567657471e-01
5.876794457435607910e-01
6.404175162315368652e-01
5.396040678024291992e-01
7.811000943183898926e-02
4.906114637851715088e-01
6.919766664505004883e-01
3.801118209958076477e-02
4.125526547431945801e-01
6.087936758995056152e-01
6.405121088027954102e-01
7.626266032457351685e-02
5.925261974334716797e-01
1.563518643379211426e-01
6.517274379730224609e-01
6.388460993766784668e-01
6.200181245803833008e-01
7.275229096412658691e-01
5.316628217697143555e-01
5.697244405746459961e-01
7.396263480186462402e-01
6.847033500671386719e-01
5.177330374717712402e-01
5.425170063972473145e-01
3.307979702949523926e-01
3.889553546905517578e-01
3.482223451137542725e-01
2.192902863025665283e-01
4.706934392452239990e-01
1.648401618003845215e-01
5.683499574661254883e-01
7.246815562248229980e-01
6.212164163589477539e-01
6.499540209770202637e-01
6.397497057914733887e-01
4.673860669136047363e-01
7.344193458557128906e-01
7.418915033340454102e-01
1.941107511520385742e-01
5.845286250114440918e-01
8.905468136072158813e-02
6.184183955192565918e-01
1.976660341024398804e-01
1.088997814804315567e-02
6.607034206390380859e-01
6.838511228561401367e-01
6.583482027053833008e-01
4.948846101760864258e-01
5.219112634658813477e-01
7.224680185317993164e-01
6.911303997039794922e-01
6.726277470588684082e-01
6.892940998077392578e-01
6.659909486770629883e-01
6.475962400436401367e-01
5.355986356735229492e-01
6.006122231483459473e-01
6.303960084915161133e-01
5.814180374145507812e-01
6.993607282638549805e-01
6.614915132522583008e-01
6.461184620857238770e-01
1.895721256732940674e-01
5.520396828651428223e-01
6.436029076576232910e-01
7.291469573974609375e-01
6.578310728073120117e-01
3.605859279632568359e-01
6.086515188217163086e-01
6.792426109313964844e-01
5.424831509590148926e-01
5.448812842369079590e-01
6.990673542022705078e-01
6.028689742088317871e-01
7.325807213783264160e-01
2.543603777885437012e-01
4.257956147193908691e-01
6.837077140808105469e-01
2.504170835018157959e-01
1.351395696401596069e-01
4.005433246493339539e-02
4.663454592227935791e-01
4.560424089431762695e-01
4.802793860435485840e-01
5.759207159280776978e-02
5.873902440071105957e-01
6.259689331054687500e-01
8.750673383474349976e-03
2.273884415626525879e-02
6.577518582344055176e-01
3.805841803550720215e-01
6.808836460113525391e-01
4.933336079120635986e-01
6.889788508415222168e-01
4.934888780117034912e-01
6.526770591735839844e-01
2.450115680694580078e-01
6.365296840667724609e-01
6.885855793952941895e-01
7.142252326011657715e-01
5.150529146194458008e-01
7.265582680702209473e-01
6.242299675941467285e-01
6.485864520072937012e-01
3.965442776679992676e-01
1.843611747026443481e-01
3.551249504089355469e-01
3.347218930721282959e-01
4.004185199737548828e-01
2.326562255620956421e-01
5.457714200019836426e-01
6.670258641242980957e-01
6.648193597793579102e-01
6.660146713256835938e-01
6.577829122543334961e-01
6.558629870414733887e-01
3.741585612297058105e-01
4.367367923259735107e-01
5.872869491577148438e-01
6.687690019607543945e-01
2.596885859966278076e-01
6.251257061958312988e-01
1.077275946736335754e-01
4.881936609745025635e-01
6.697691679000854492e-01
6.308511495590209961e-01
6.976452469825744629e-01
3.082409203052520752e-01
6.168327927589416504e-01
1.712379008531570435e-01
6.152622699737548828e-01
3.661927580833435059e-01
6.882715225219726562e-01
5.541225671768188477e-01
4.957393705844879150e-01
5.990761518478393555e-01
7.290778681635856628e-03
1.274124085903167725e-01
5.241921544075012207e-01
5.858611464500427246e-01
6.419728994369506836e-01
4.492747187614440918e-01
1.144139543175697327e-01
5.831440091133117676e-01
4.737108945846557617e-01
5.029450058937072754e-01
3.437157273292541504e-01
3.462014496326446533e-01
6.883435696363449097e-02
6.209530830383300781e-01
6.436753869056701660e-01
3.291666805744171143e-01
7.158235311508178711e-01
6.985740065574645996e-01
9.851202368736267090e-02
4.024536907672882080e-01
6.045312881469726562e-01
7.012440562248229980e-01
6.663098931312561035e-01
6.440524458885192871e-01
6.061507463455200195e-01
6.724922657012939453e-01
5.244619250297546387e-01
3.354839384555816650e-01
2.727956771850585938e-01
3.902042210102081299e-01
1.874341219663619995e-01
6.673666834831237793e-01
5.903285145759582520e-01
5.997437834739685059e-01
5.592246651649475098e-01
3.145093917846679688e-01
6.713473796844482422e-01
6.866087317466735840e-01
4.398936927318572998e-01
7.136349081993103027e-01
6.934511661529541016e-01
2.340466976165771484e-01
2.762206085026264191e-02
6.366211771965026855e-01
5.722929835319519043e-01
6.482038497924804688e-01
2.352043092250823975e-01
2.009449154138565063e-01
6.446311473846435547e-01
2.422940358519554138e-02
6.216747686266899109e-02
2.914022803306579590e-01
4.007843136787414551e-01
5.323087573051452637e-01
5.789534449577331543e-01
5.016701221466064453e-01
5.735721811652183533e-02
4.081684947013854980e-01
6.100014448165893555e-01
2.334895730018615723e-01
6.883565783500671387e-01
6.961830258369445801e-01
5.532411336898803711e-01
5.144550204277038574e-01
6.800398826599121094e-01
6.371119022369384766e-01
4.788229167461395264e-01
6.130234599113464355e-01
3.757313489913940430e-01
2.357620373368263245e-02
6.623349189758300781e-01
6.664576530456542969e-01
3.235231637954711914e-01
2.108599841594696045e-01
6.253703832626342773e-01
7.339761257171630859e-01
7.038114070892333984e-01
9.890300035476684570e-02
6.516650319099426270e-01
5.455226302146911621e-01
5.185006856918334961e-01
6.351529955863952637e-01
6.437141895294189453e-01
3.073860108852386475e-01
5.853955149650573730e-01
5.667740106582641602e-01
1.832289993762969971e-02
6.907783746719360352e-01
3.183711171150207520e-01
3.577421307563781738e-01
6.926355957984924316e-01
6.035235524177551270e-01
9.821689873933792114e-02
5.391064882278442383e-01
5.427762866020202637e-01
6.287100315093994141e-01
3.732497096061706543e-01
5.792705416679382324e-01
9.649115800857543945e-02
6.675603985786437988e-01
4.895664751529693604e-01
4.183590710163116455e-01
6.631526947021484375e-01
6.818988919258117676e-01
2.825172245502471924e-01
5.918951630592346191e-01
5.061220526695251465e-01
5.489330887794494629e-01
7.278100848197937012e-01
2.869820594787597656e-01
2.265249788761138916e-01
4.540421068668365479e-01
6.745125651359558105e-01
3.334729969501495361e-01
6.659060120582580566e-01
7.017832398414611816e-01
6.636863350868225098e-01
7.906562834978103638e-02
6.821649074554443359e-01
6.398118734359741211e-01
7.012776136398315430e-01
5.513615012168884277e-01
6.971139311790466309e-01
4.511151909828186035e-01
2.078775167465209961e-01
6.534011960029602051e-01
5.844242572784423828e-01
4.963114261627197266e-01
3.832334578037261963e-01
9.666883386671543121e-03
6.952533125877380371e-01
5.386277437210083008e-01
4.917624592781066895e-01
3.873240947723388672e-01
6.236061453819274902e-01
6.345915794372558594e-01
7.057608962059020996e-01
7.869461923837661743e-02
7.178803086280822754e-01
5.474318861961364746e-01
5.266436189413070679e-02
5.543444156646728516e-01
4.277785718441009521e-01
5.423896908760070801e-01
5.437296032905578613e-01
3.403887450695037842e-01
4.876354932785034180e-01
1.333665847778320312e-01
2.323931902647018433e-01
6.573439240455627441e-01
6.918283104896545410e-01
6.659164428710937500e-01
7.120487689971923828e-01
6.914396882057189941e-01
6.592123508453369141e-01
6.837673187255859375e-01
7.046061158180236816e-01
6.500647068023681641e-01
4.687157571315765381e-01
6.988189816474914551e-01
7.427598834037780762e-01
6.304585337638854980e-01
6.913631558418273926e-01
8.788591250777244568e-03
6.664281487464904785e-01
6.443051695823669434e-01
7.266688942909240723e-01
5.479348897933959961e-01
3.216774165630340576e-01
3.596297204494476318e-01
4.151621162891387939e-01
6.705722212791442871e-01
5.468287467956542969e-01
4.837924540042877197e-01
7.093591690063476562e-01
7.099353075027465820e-01
6.551864743232727051e-01
1.549165248870849609e-01
1.311912536621093750e-01
5.941668748855590820e-01
6.622233986854553223e-01
9.986547380685806274e-02
6.182362139225006104e-02
6.697090268135070801e-01
5.003963112831115723e-01
5.292889475822448730e-01
6.780608892440795898e-01
6.975929737091064453e-01
5.719048380851745605e-01
6.715461611747741699e-01
5.997493863105773926e-01
6.241285800933837891e-01
6.804724335670471191e-01
4.082593321800231934e-01
3.688842058181762695e-01
6.426727175712585449e-01
1.731456667184829712e-01
6.635044217109680176e-01
6.557906270027160645e-01
4.319697991013526917e-02
6.596481204032897949e-01
7.336758971214294434e-01
5.701981186866760254e-01
5.142706632614135742e-01
6.553233861923217773e-01
6.755180954933166504e-01
5.595179200172424316e-01
7.213795185089111328e-01
1.968780010938644409e-01
7.154758572578430176e-01
3.400763869285583496e-01
6.925771236419677734e-01
5.820188522338867188e-01
4.725635051727294922e-01
6.711360812187194824e-01
5.882536172866821289e-01
6.908771991729736328e-01
6.823952198028564453e-01
3.845708668231964111e-01
5.842924118041992188e-01
2.816824018955230713e-01
6.467245817184448242e-01
7.039007544517517090e-01
7.224926352500915527e-01
4.850431084632873535e-01
6.942363381385803223e-01
6.894454360008239746e-01
6.757076978683471680e-01
2.424323372542858124e-02
7.268310785293579102e-01
6.748419404029846191e-01
6.315556168556213379e-01
6.404699683189392090e-01
6.349232792854309082e-01
5.017741024494171143e-02
5.684605836868286133e-01
6.341886520385742188e-01
4.430754184722900391e-01
6.576029062271118164e-01
1.785222440958023071e-02
7.698631286621093750e-02
7.111793756484985352e-01
7.039133310317993164e-01
4.956133067607879639e-01
6.382299065589904785e-01
4.133641123771667480e-01
7.088788151741027832e-01
5.314035415649414062e-01
4.680447578430175781e-01
2.382626682519912720e-01
4.324786365032196045e-01
7.060921192169189453e-01
5.517082214355468750e-01
2.602953910827636719e-01
1.458434015512466431e-01
6.454922556877136230e-01
5.875977873802185059e-01
6.550843715667724609e-01
5.832130908966064453e-01
6.266924142837524414e-01
5.800336599349975586e-01
6.379137039184570312e-01
6.573597192764282227e-01
6.716439127922058105e-02
6.535170078277587891e-01
2.996265590190887451e-01
6.236459016799926758e-01
6.488079428672790527e-01
6.558883190155029297e-01
2.576658129692077637e-01
5.510782003402709961e-01
6.680435538291931152e-01
6.588854789733886719e-01
5.963389873504638672e-01
7.161803841590881348e-01
7.083766460418701172e-01
6.812447905540466309e-01
4.428344070911407471e-01
6.197137832641601562e-01
6.789631843566894531e-01
6.774688959121704102e-01
7.086151838302612305e-01
2.627471387386322021e-01
6.397972106933593750e-01
3.003312051296234131e-01
6.953558325767517090e-01
5.870379805564880371e-01
6.515383720397949219e-01
5.845445990562438965e-01
7.261318564414978027e-01
6.222221851348876953e-01
6.782277226448059082e-01
5.701817274093627930e-01
4.469174891710281372e-02
6.554662585258483887e-01
4.094684720039367676e-01
2.568446099758148193e-01
2.507930994033813477e-01
2.656028270721435547e-01
6.061404347419738770e-01
7.239423394203186035e-01
1.687471196055412292e-02
6.245075464248657227e-01
6.166126132011413574e-01
7.454296350479125977e-01
3.001732230186462402e-01
6.512405872344970703e-01
6.071391105651855469e-01
6.214437484741210938e-01
6.156293749809265137e-01
6.805392503738403320e-01
4.810051620006561279e-01
5.788304805755615234e-01
5.953285694122314453e-01
1.834928542375564575e-01
6.077044606208801270e-01
6.533728837966918945e-01
5.722000002861022949e-01
6.001576781272888184e-01
6.576453894376754761e-02
6.779718995094299316e-01
6.425474882125854492e-01
6.891303062438964844e-01
6.396937370300292969e-01
4.803874194622039795e-01
6.613539457321166992e-01
6.774533987045288086e-01
6.704435944557189941e-01
6.988548636436462402e-01
1.774048507213592529e-01
5.526764392852783203e-01
4.405944049358367920e-01
4.248214662075042725e-01
6.705053448677062988e-01
6.480149626731872559e-01
3.074833452701568604e-01
6.414469480514526367e-01
6.222818493843078613e-01
3.701337575912475586e-01
8.694607019424438477e-02
7.124755978584289551e-01
6.155465841293334961e-01
4.801597595214843750e-01
3.340734913945198059e-02
5.884354710578918457e-01
5.368468165397644043e-01
6.907463669776916504e-01
7.022499442100524902e-01
6.679936647415161133e-01
2.604164779186248779e-01
6.533516645431518555e-01
6.584495306015014648e-01
6.112735867500305176e-01
6.153942942619323730e-01
7.228813171386718750e-01
4.062836170196533203e-01
4.253512024879455566e-01
6.708884239196777344e-01
5.445488691329956055e-01
6.846811771392822266e-01
7.089878320693969727e-01
4.699408710002899170e-01
6.112081408500671387e-01
3.430389463901519775e-01
5.463743209838867188e-01
4.484558999538421631e-01
6.656694412231445312e-01
3.101377487182617188e-01
5.226649045944213867e-01
5.837982892990112305e-01
4.913452565670013428e-01
6.031268835067749023e-01
7.221072316169738770e-01
6.257246136665344238e-01
1.400798708200454712e-01
1.142532899975776672e-01
4.836500287055969238e-01
5.734636783599853516e-01
1.874268949031829834e-01
6.488655209541320801e-01
4.637120366096496582e-01
7.050048112869262695e-01
6.136170029640197754e-01
5.166084766387939453e-01
7.170369476079940796e-02
6.694678664207458496e-01
6.641221642494201660e-01
7.028837800025939941e-01
1.001347824931144714e-01
5.311549305915832520e-01
5.759899616241455078e-01
6.756957769393920898e-01
6.619057059288024902e-01
6.798623800277709961e-01
3.330675065517425537e-01
6.457503437995910645e-01
4.920035898685455322e-01
6.646394133567810059e-01
7.082251459360122681e-02
5.219456553459167480e-01
2.825172245502471924e-01
6.749098896980285645e-01
6.915973424911499023e-01
7.027668952941894531e-01
5.402955412864685059e-01
6.546786427497863770e-01
6.742240786552429199e-01
1.599093340337276459e-02
7.222662568092346191e-01
5.681235790252685547e-01
3.424011766910552979e-01
7.161635160446166992e-01
7.108891010284423828e-01
9.406433440744876862e-03
7.128047198057174683e-02
6.399774551391601562e-01
6.778171658515930176e-01
7.012644410133361816e-01
6.455699205398559570e-01
2.439225018024444580e-01
6.334596872329711914e-01
6.646061539649963379e-01
6.546803712844848633e-01
3.180164471268653870e-02
4.405579268932342529e-01
1.650114059448242188e-01
6.554984450340270996e-01
6.680009961128234863e-01
6.738106608390808105e-01
6.073729395866394043e-01
5.857825875282287598e-01
5.121991038322448730e-01
3.061675429344177246e-01
6.264184117317199707e-01
5.908405780792236328e-01
6.878044605255126953e-01
6.897608637809753418e-01
6.869345307350158691e-01
6.836866140365600586e-01
5.995137095451354980e-01
4.992153346538543701e-01
6.302362084388732910e-01
6.300901770591735840e-01
6.916911005973815918e-01
2.022721469402313232e-01
5.052182674407958984e-01
5.289041399955749512e-01
4.995416402816772461e-01
6.244605183601379395e-01
5.895667672157287598e-01
6.763110756874084473e-01
7.177966833114624023e-01
7.083307504653930664e-01
7.019436955451965332e-01
6.247223615646362305e-01
2.151756286621093750e-01
6.741077899932861328e-01
1.587808877229690552e-01
2.771486900746822357e-02
7.042279839515686035e-01
6.051714420318603516e-01
2.484748363494873047e-01
5.621844530105590820e-02
2.916529178619384766e-01
4.097770452499389648e-01
6.328789591789245605e-01
6.519387364387512207e-01
6.265829205513000488e-01
6.563875675201416016e-01
6.652036905288696289e-01
3.752750158309936523e-01
6.533109545707702637e-01
6.964040994644165039e-01
2.950731217861175537e-01
4.147139489650726318e-01
6.829792261123657227e-01
5.380166769027709961e-01
6.159462928771972656e-01
6.267402172088623047e-01
6.353682875633239746e-01
6.389298439025878906e-01
6.508085727691650391e-01
5.933970808982849121e-01
6.091376543045043945e-01
2.825172245502471924e-01
6.434131860733032227e-01
5.222576260566711426e-01
7.046518325805664062e-01
5.065064504742622375e-02
5.920774936676025391e-01
7.097204923629760742e-01
6.921815127134323120e-02
5.575478076934814453e-01
6.375924348831176758e-01
6.897383928298950195e-01
6.797456741333007812e-01
6.813209056854248047e-01
4.149560928344726562e-01
6.671621203422546387e-01
4.916684925556182861e-01
6.864208579063415527e-01
1.241905894130468369e-02
4.020756781101226807e-01
6.475492119789123535e-01
2.694827914237976074e-01
5.663470029830932617e-01
1.059555336833000183e-01
6.084277033805847168e-01
2.855396568775177002e-01
4.681878685951232910e-01
5.641957521438598633e-01
6.460461616516113281e-01
5.956302881240844727e-01
6.544323563575744629e-01
5.353890061378479004e-01
1.642639935016632080e-02
5.625131130218505859e-01
4.049666523933410645e-01
6.240207552909851074e-01
2.050872445106506348e-01
6.296609044075012207e-01
7.284750342369079590e-01
7.094266414642333984e-01
1.912865042686462402e-01
4.973358809947967529e-01
6.740962862968444824e-01
5.868670344352722168e-01
3.898147344589233398e-01
7.329917550086975098e-01
5.460573434829711914e-01
6.997986435890197754e-01
1.332907974720001221e-01
6.840212941169738770e-01
4.461858868598937988e-01
3.094039261341094971e-01
6.197580695152282715e-01
7.138755917549133301e-01
6.732771992683410645e-01
6.457754969596862793e-01
6.685851812362670898e-01
5.383157134056091309e-01
5.411414504051208496e-01
6.083972454071044922e-01
6.511812210083007812e-01
5.591429471969604492e-01
6.330800056457519531e-01
5.649591684341430664e-01
3.374924883246421814e-02
5.507829189300537109e-01
6.249530911445617676e-01
6.614001393318176270e-01
7.402258515357971191e-01
6.583415865898132324e-01
1.577703058719635010e-01
4.775576591491699219e-01
6.504186391830444336e-01
3.491376638412475586e-01
6.800538301467895508e-01
6.942625641822814941e-01
6.822593808174133301e-01
6.321136951446533203e-01
4.817779660224914551e-01
4.920273125171661377e-01
1.235560402274131775e-01
6.846293210983276367e-01
6.776354908943176270e-01
6.663830280303955078e-01
6.840940713882446289e-01
6.548388600349426270e-01
2.680360674858093262e-01
6.869812607765197754e-01
6.666598916053771973e-01
6.902143359184265137e-01
5.269705653190612793e-01
3.228702843189239502e-01
6.592575311660766602e-01
6.493696570396423340e-01
1.577096283435821533e-01
6.613315343856811523e-01
5.017777085304260254e-01
7.517299056053161621e-01
3.355057239532470703e-01
7.178992629051208496e-01
6.056706905364990234e-01
6.801612377166748047e-01
4.716725647449493408e-01
4.299395084381103516e-01
4.768482744693756104e-01
3.598352074623107910e-01
4.588707089424133301e-01
5.324969291687011719e-01
5.750176906585693359e-01
5.791583657264709473e-01
7.226291894912719727e-01
6.526048779487609863e-01
1.304544955492019653e-01
7.103599309921264648e-01
5.563477277755737305e-01
6.441801786422729492e-01
6.242308020591735840e-01
7.244483232498168945e-01
1.394536197185516357e-01
5.875492691993713379e-01
6.719902753829956055e-01
7.003738880157470703e-01
4.357470273971557617e-01
6.618868112564086914e-01
7.323430776596069336e-01
5.808784961700439453e-01
6.728268861770629883e-01
4.353830218315124512e-01
6.071074604988098145e-01
6.262562274932861328e-01
6.516055464744567871e-01
6.672133803367614746e-01
3.213277757167816162e-01
4.370809495449066162e-01
7.147997617721557617e-01
5.336204171180725098e-01
2.157623320817947388e-01
7.005809247493743896e-02
5.159270763397216797e-01
3.570123314857482910e-01
5.355669260025024414e-01
6.239373683929443359e-01
6.290780305862426758e-01
4.175493419170379639e-01
6.052913665771484375e-01
4.829608500003814697e-01
6.615502238273620605e-01
5.540531277656555176e-01
6.925785541534423828e-01
5.062023401260375977e-01
6.510007381439208984e-01
6.475708484649658203e-01
6.825816035270690918e-01
6.578540802001953125e-01
2.115218490362167358e-01
6.410267949104309082e-01
5.061620473861694336e-01
4.239346981048583984e-01
5.361884832382202148e-01
5.479553341865539551e-01
5.763899087905883789e-01
4.279790446162223816e-02
5.188310742378234863e-01
4.901206493377685547e-01
4.456311166286468506e-01
6.589192748069763184e-01
5.537108182907104492e-01
6.077510118484497070e-01
6.581151485443115234e-01
6.675856709480285645e-01
5.990426540374755859e-01
7.255100011825561523e-01
6.792668700218200684e-01
7.027832865715026855e-01
5.886270999908447266e-01
6.913029551506042480e-01
7.161665558815002441e-01
6.783959865570068359e-01
6.388900876045227051e-01
5.468238592147827148e-01
6.526545286178588867e-01
5.857821702957153320e-01
7.452210187911987305e-01
7.069637179374694824e-01
6.391532421112060547e-01
6.132394671440124512e-01
4.080086946487426758e-01
2.692774534225463867e-01
5.107030868530273438e-01
1.306545175611972809e-02
3.786534368991851807e-01
6.645237803459167480e-01
6.554278731346130371e-01
2.324166893959045410e-01
1.940347254276275635e-01
2.998197376728057861e-01
5.517140626907348633e-01
7.062038183212280273e-01
5.337893962860107422e-01
6.886097192764282227e-01
5.639899969100952148e-01
6.373540759086608887e-01
6.081146001815795898e-01
5.121245980262756348e-01
6.379827260971069336e-01
4.749526455998420715e-02
4.742738008499145508e-01
7.049055695533752441e-01
6.651826947927474976e-02
4.799726009368896484e-01
6.296747922897338867e-01
7.099002003669738770e-01
6.121701598167419434e-01
1.352160125970840454e-01
6.453754305839538574e-01
3.600704073905944824e-01
5.895715355873107910e-01
7.164651751518249512e-01
2.697231769561767578e-01
4.513018429279327393e-01
3.749644756317138672e-01
6.134751439094543457e-01
6.406111121177673340e-01
3.586395084857940674e-01
7.154741287231445312e-01
5.739869475364685059e-01
7.518776655197143555e-01
6.776428222656250000e-01
