8.267603516578674316e-01
5.905941724777221680e-01
6.808705925941467285e-01
6.112319231033325195e-01
2.659519016742706299e-01
9.494786858558654785e-01
9.484843164682388306e-02
5.754532217979431152e-01
6.803030967712402344e-01
2.553318142890930176e-01
1.913141012191772461e-01
5.881816744804382324e-01
4.348503425717353821e-02
5.914418697357177734e-01
5.527409911155700684e-01
6.323575973510742188e-01
9.209175705909729004e-01
1.998086720705032349e-01
2.056329399347305298e-01
5.443267226219177246e-01
8.933314681053161621e-02
7.293608784675598145e-01
1.173171252012252808e-01
7.499644160270690918e-01
9.226021766662597656e-01
4.841731786727905273e-01
7.429345846176147461e-01
8.835833072662353516e-01
8.286678791046142578e-02
9.068427085876464844e-01
1.345040500164031982e-01
6.949469447135925293e-02
3.980841338634490967e-01
7.933011054992675781e-01
2.497552335262298584e-02
9.236154556274414062e-01
1.875032037496566772e-01
1.234030127525329590e-01
8.376210331916809082e-01
1.079551801085472107e-01
9.280329942703247070e-01
6.494452953338623047e-01
7.989242076873779297e-01
1.857739239931106567e-01
9.640238881111145020e-01
4.962348043918609619e-01
6.635911464691162109e-01
1.059493944048881531e-01
4.378737807273864746e-01
8.757073879241943359e-01
7.322144508361816406e-02
3.567962944507598877e-01
9.410266280174255371e-01
4.096151888370513916e-02
1.611183881759643555e-01
7.347725629806518555e-01
5.087096691131591797e-01
8.620093464851379395e-01
7.662819623947143555e-01
3.164802193641662598e-01
5.373051762580871582e-01
8.560994863510131836e-01
3.162545263767242432e-01
5.855188518762588501e-02
1.251951605081558228e-01
5.946144834160804749e-02
2.170021533966064453e-01
7.151692509651184082e-01
8.005599975585937500e-01
2.046677097678184509e-02
9.177950024604797363e-01
2.540669441223144531e-01
2.060091346502304077e-01
8.812758922576904297e-01
7.353081107139587402e-01
2.243488281965255737e-01
1.481140553951263428e-01
2.571826428174972534e-02
6.053481101989746094e-01
8.572476357221603394e-02
3.911713957786560059e-01
3.430202305316925049e-01
1.522624492645263672e-01
9.198908805847167969e-01
6.238727569580078125e-01
7.912815213203430176e-01
7.467196136713027954e-02
8.655371069908142090e-01
7.628720998764038086e-01
7.245550155639648438e-01
9.625801444053649902e-01
6.141644716262817383e-01
6.603097915649414062e-01
4.389273822307586670e-01
3.899311125278472900e-01
6.121388673782348633e-01
9.572103023529052734e-01
6.502634882926940918e-01
4.965178668498992920e-01
1.000107228755950928e-01
2.904189229011535645e-01
7.269667983055114746e-01
3.513095378875732422e-01
9.365519881248474121e-01
2.666319012641906738e-01
8.336136341094970703e-01
6.447387933731079102e-01
3.769952058792114258e-01
9.089494347572326660e-01
1.443191021680831909e-01
5.924434065818786621e-01
6.055901646614074707e-01
6.993161439895629883e-01
9.493710994720458984e-01
8.330889940261840820e-01
9.268187880516052246e-01
1.793754696846008301e-01
3.404233977198600769e-02
5.337923765182495117e-01
1.183009371161460876e-01
2.872900962829589844e-01
3.782095611095428467e-01
6.925335526466369629e-01
5.683529004454612732e-02
9.191904067993164062e-01
2.635115981101989746e-01
2.465072125196456909e-01
6.021805480122566223e-02
6.423897147178649902e-01
5.632166266441345215e-01
1.697835773229598999e-01
4.151219427585601807e-01
2.043949663639068604e-01
4.966889917850494385e-01
6.829130649566650391e-01
8.263155221939086914e-01
1.889210045337677002e-01
2.134471982717514038e-01
5.811421200633049011e-02
5.798595547676086426e-01
4.820523262023925781e-01
9.337549805641174316e-01
1.636361144483089447e-02
4.734404385089874268e-01
8.868499100208282471e-02
6.790825724601745605e-01
2.000171244144439697e-01
1.265329867601394653e-01
9.426930546760559082e-01
1.325505524873733521e-01
2.246327400207519531e-01
4.671923350542783737e-03
3.904296755790710449e-01
5.149984359741210938e-01
3.387525081634521484e-01
5.691127181053161621e-01
7.715537548065185547e-01
2.001778483390808105e-01
7.215495407581329346e-02
7.233929634094238281e-01
6.494203805923461914e-01
3.784744739532470703e-01
6.272945404052734375e-01
8.593178987503051758e-01
1.285236328840255737e-02
8.338926434516906738e-01
6.869793683290481567e-02
6.010805368423461914e-01
6.566373705863952637e-01
5.279425159096717834e-02
1.903573423624038696e-01
4.374500364065170288e-02
9.207578897476196289e-01
8.920049667358398438e-01
5.507890582084655762e-01
1.841550022363662720e-01
3.676838874816894531e-01
1.007295697927474976e-01
3.587500452995300293e-01
3.581336140632629395e-01
8.003526329994201660e-01
5.292456150054931641e-01
7.438085228204727173e-02
1.202586740255355835e-01
4.202020168304443359e-01
3.653436303138732910e-01
8.315814137458801270e-01
2.626037597656250000e-01
1.544957607984542847e-01
3.666427135467529297e-01
4.835966229438781738e-01
1.331972628831863403e-01
9.222313165664672852e-01
4.205961525440216064e-01
8.982275128364562988e-01
2.201761156320571899e-01
8.534542918205261230e-01
4.593184590339660645e-02
5.222518444061279297e-01
9.735775589942932129e-01
6.079437211155891418e-02
1.694878041744232178e-01
5.423884093761444092e-02
8.099337816238403320e-01
4.799373447895050049e-01
7.323725819587707520e-01
6.222736239433288574e-01
1.490174233913421631e-01
4.803652167320251465e-01
5.705665946006774902e-01
6.762461066246032715e-01
1.809345930814743042e-02
6.165055036544799805e-01
8.450779318809509277e-01
7.448471151292324066e-03
2.535970509052276611e-01
4.474411010742187500e-01
4.067902863025665283e-01
9.678403288125991821e-02
3.770736455917358398e-01
5.312868952751159668e-01
3.655439019203186035e-01
9.129047989845275879e-01
8.197209835052490234e-01
9.424451589584350586e-01
1.909865736961364746e-01
2.997474074363708496e-01
9.811997413635253906e-01
9.601216912269592285e-01
3.754186034202575684e-01
1.767991036176681519e-01
1.955706179141998291e-01
7.412765622138977051e-01
1.746250092983245850e-01
1.589049398899078369e-01
8.541721105575561523e-01
5.003442168235778809e-01
8.570160269737243652e-01
2.091283649206161499e-01
5.538733601570129395e-01
9.620177149772644043e-01
1.946223229169845581e-01
3.931353092193603516e-01
3.435158729553222656e-01
1.622681468725204468e-01
6.184547767043113708e-02
1.002861782908439636e-01
1.994060873985290527e-01
4.615848064422607422e-01
8.484625071287155151e-02
4.199242293834686279e-01
8.420783877372741699e-01
3.885713219642639160e-01
2.102231830358505249e-01
9.656084328889846802e-02
5.465395450592041016e-01
2.513677477836608887e-01
7.780411839485168457e-02
4.810622632503509521e-01
8.999451994895935059e-01
9.535754323005676270e-01
8.553235530853271484e-01
6.240063160657882690e-02
5.441085100173950195e-01
3.991516232490539551e-01
2.713116705417633057e-01
8.362419903278350830e-02
2.219989299774169922e-01
4.090705513954162598e-02
8.037809729576110840e-01
2.119492143392562866e-01
1.698438078165054321e-01
4.445950984954833984e-01
7.692312002182006836e-01
7.929714918136596680e-01
3.303925096988677979e-01
1.637059599161148071e-01
6.361016035079956055e-01
9.157847166061401367e-01
5.813065543770790100e-02
9.663922786712646484e-01
1.747439652681350708e-01
4.596310257911682129e-01
7.995465993881225586e-01
9.660387635231018066e-01
6.031168103218078613e-01
6.305274367332458496e-01
2.436803430318832397e-01
5.780599713325500488e-01
8.109909892082214355e-01
5.644007921218872070e-01
5.837456583976745605e-01
4.481552839279174805e-01
1.467274874448776245e-01
9.321284294128417969e-02
4.430025517940521240e-01
3.995083570480346680e-01
2.507270574569702148e-01
8.872644305229187012e-01
7.787901163101196289e-01
3.571459949016571045e-01
4.250483512878417969e-01
2.387523055076599121e-01
9.101192355155944824e-01
6.467887759208679199e-01
9.048271179199218750e-02
1.426564604043960571e-01
9.674574732780456543e-01
5.886216163635253906e-01
3.769792914390563965e-01
8.917465209960937500e-01
6.591635942459106445e-02
3.377532660961151123e-01
9.051163196563720703e-01
9.837483167648315430e-01
4.426170140504837036e-02
6.271038651466369629e-01
2.326908856630325317e-01
9.586600661277770996e-01
2.240973711013793945e-01
2.240312993526458740e-01
5.378051996231079102e-01
9.291010499000549316e-01
9.881443977355957031e-01
2.472878694534301758e-01
9.395985603332519531e-01
2.177398204803466797e-01
4.372585713863372803e-01
2.126760929822921753e-01
5.310251116752624512e-01
8.739833235740661621e-01
9.195291399955749512e-01
1.547984499484300613e-02
7.836732268333435059e-01
6.932516098022460938e-01
4.278899431228637695e-01
7.180866599082946777e-01
3.856338262557983398e-01
2.878062129020690918e-01
9.335850477218627930e-01
2.996611967682838440e-02
3.612221181392669678e-01
9.099226593971252441e-01
8.353243470191955566e-01
9.252821803092956543e-01
4.420698583126068115e-01
9.463367462158203125e-01
8.297131061553955078e-01
8.383182287216186523e-01
4.829701483249664307e-01
4.102680981159210205e-01
8.126509189605712891e-01
9.280480742454528809e-01
4.165490567684173584e-01
6.015682965517044067e-02
2.248536795377731323e-01
1.766062080860137939e-01
5.589680671691894531e-01
8.864752650260925293e-01
7.674584537744522095e-02
2.978355586528778076e-01
8.512007594108581543e-01
2.220868170261383057e-01
1.849956661462783813e-01
9.104012250900268555e-01
7.924374341964721680e-01
3.564928174018859863e-01
1.705805188976228237e-03
8.573487401008605957e-01
8.261304497718811035e-01
6.361243724822998047e-01
4.294830188155174255e-02
9.541066735982894897e-02
6.865867972373962402e-01
8.416392803192138672e-01
6.557135581970214844e-01
4.513348937034606934e-01
6.353475898504257202e-02
8.701494336128234863e-01
9.126160293817520142e-02
4.445078969001770020e-01
8.345712423324584961e-01
5.367950201034545898e-01
4.278884828090667725e-01
8.649984598159790039e-01
3.949017226696014404e-01
1.354358531534671783e-02
8.896703124046325684e-01
4.542461931705474854e-01
3.112520575523376465e-01
2.710710167884826660e-01
6.818957328796386719e-01
2.553675174713134766e-01
7.478371858596801758e-01
9.520078897476196289e-01
9.211770892143249512e-01
8.458681404590606689e-02
7.668773084878921509e-02
3.792132735252380371e-01
8.516728281974792480e-01
8.498872518539428711e-01
3.769320547580718994e-01
7.682034969329833984e-01
9.724494814872741699e-01
9.454796910285949707e-01
7.395243644714355469e-01
7.514397501945495605e-01
7.474514096975326538e-02
2.097812443971633911e-01
4.875774383544921875e-01
5.586255788803100586e-01
9.107173085212707520e-01
2.932890057563781738e-01
2.460553944110870361e-01
8.067886531352996826e-02
6.994972229003906250e-01
2.655630111694335938e-01
3.319482803344726562e-01
2.049923315644264221e-02
8.316426277160644531e-01
8.895202279090881348e-01
3.882977664470672607e-01
5.501929670572280884e-02
1.735910028219223022e-01
3.419465422630310059e-01
2.201896607875823975e-01
7.375296354293823242e-01
8.245671987533569336e-01
3.086730837821960449e-01
2.354661077260971069e-01
8.906850218772888184e-01
4.635503292083740234e-01
3.420044183731079102e-01
6.642657518386840820e-01
9.774052500724792480e-01
9.470812082290649414e-01
9.719165563583374023e-01
6.493710279464721680e-01
9.242857694625854492e-01
2.004934698343276978e-01
9.368005990982055664e-01
4.409551322460174561e-01
7.679754495620727539e-01
2.721099853515625000e-01
2.582982182502746582e-01
2.006017602980136871e-02
4.629547297954559326e-01
6.095770597457885742e-01
5.200260877609252930e-01
3.982641994953155518e-01
2.794365882873535156e-01
8.987959027290344238e-01
7.187941670417785645e-01
2.588463127613067627e-01
4.439519047737121582e-01
9.041351079940795898e-01
8.877696990966796875e-01
9.012094885110855103e-02
1.756991744041442871e-01
9.606573581695556641e-01
7.348347455263137817e-03
1.073569357395172119e-01
3.645420372486114502e-01
7.711324691772460938e-01
6.767907738685607910e-01
2.969268262386322021e-01
7.812587618827819824e-01
9.054105728864669800e-02
3.548161089420318604e-01
3.509114980697631836e-01
3.271609544754028320e-01
6.812674403190612793e-01
4.073667526245117188e-01
5.787280797958374023e-01
5.172284245491027832e-01
2.421229183673858643e-01
5.917160511016845703e-01
1.290472149848937988e-01
9.205388277769088745e-02
1.673602908849716187e-01
4.343725442886352539e-01
1.284793466329574585e-01
9.798532724380493164e-01
5.084491372108459473e-01
6.981924772262573242e-01
4.812786579132080078e-01
6.258361339569091797e-01
4.673602879047393799e-01
1.536857634782791138e-01
2.730742990970611572e-01
7.855399250984191895e-01
6.051994562149047852e-01
1.956762373447418213e-01
3.691828995943069458e-02
1.118092536926269531e-01
7.704834640026092529e-02
1.638852246105670929e-02
7.280501723289489746e-01
2.178740128874778748e-02
7.747469544410705566e-01
9.506375193595886230e-01
7.272632122039794922e-01
9.050251841545104980e-01
4.807182252407073975e-01
5.871397852897644043e-01
6.283324360847473145e-01
9.203720092773437500e-01
1.406147927045822144e-01
2.043820619583129883e-01
9.662144184112548828e-01
5.198829174041748047e-01
7.569161653518676758e-01
2.956596575677394867e-02
6.624118685722351074e-01
4.011322557926177979e-01
4.192489385604858398e-01
9.026476740837097168e-01
1.429280787706375122e-01
2.761372029781341553e-01
1.771487146615982056e-01
2.694134414196014404e-01
5.633109807968139648e-02
9.526907801628112793e-01
1.901545189321041107e-02
1.314537674188613892e-01
4.607899785041809082e-01
9.090816378593444824e-01
9.004312157630920410e-01
1.977345049381256104e-01
9.243416786193847656e-01
4.844832047820091248e-02
5.771331787109375000e-01
2.919456958770751953e-01
8.937614560127258301e-01
9.695550799369812012e-01
7.608870267868041992e-01
7.160640358924865723e-01
5.021279305219650269e-02
5.747332572937011719e-01
9.098504185676574707e-01
3.376199603080749512e-01
9.606694579124450684e-01
6.813207268714904785e-01
3.947382569313049316e-01
2.032165378332138062e-01
6.654602289199829102e-01
4.372585713863372803e-01
7.917402386665344238e-01
2.230700701475143433e-01
6.294875741004943848e-01
7.841025590896606445e-01
2.466185539960861206e-01
8.716334402561187744e-02
1.025856286287307739e-01
8.990189433097839355e-01
6.942970752716064453e-01
1.829727292060852051e-01
6.604281067848205566e-01
1.570942997932434082e-01
8.370910286903381348e-01
4.150359034538269043e-01
9.175866246223449707e-01
8.944306373596191406e-01
5.087778717279434204e-02
8.853830099105834961e-01
6.943514198064804077e-02
6.830586194992065430e-01
3.556519746780395508e-02
9.258956313133239746e-01
8.596144914627075195e-01
4.477718472480773926e-01
8.580925464630126953e-01
5.658686757087707520e-01
3.060860335826873779e-01
7.843578234314918518e-03
9.551327228546142578e-01
1.051572114229202271e-01
2.148223668336868286e-01
4.105644226074218750e-01
7.453091740608215332e-01
5.947083234786987305e-01
7.113537788391113281e-01
3.065449893474578857e-01
5.812847614288330078e-02
3.496100306510925293e-01
1.518673170357942581e-02
9.747790098190307617e-01
9.542745947837829590e-01
3.710093796253204346e-01
8.808562159538269043e-01
7.616671919822692871e-01
3.196590244770050049e-01
7.783168554306030273e-02
4.136514365673065186e-01
7.032747864723205566e-01
1.360652297735214233e-01
4.760324060916900635e-01
1.569356620311737061e-01
2.470532245934009552e-02
8.779803514480590820e-01
8.587578535079956055e-01
2.990640103816986084e-01
3.959207832813262939e-01
9.389069676399230957e-01
7.715367078781127930e-01
5.063039064407348633e-01
7.475113272666931152e-01
3.257179260253906250e-02
8.566608428955078125e-01
7.943987250328063965e-01
6.324041485786437988e-01
1.950216442346572876e-01
4.328154325485229492e-01
3.187388554215431213e-02
3.914445042610168457e-01
4.592543244361877441e-01
1.961933225393295288e-01
4.359615445137023926e-01
1.801172792911529541e-01
8.550935387611389160e-01
7.702021598815917969e-01
9.464894533157348633e-01
3.322917222976684570e-01
2.245242297649383545e-01
4.556548595428466797e-02
2.313209883868694305e-02
9.697872996330261230e-01
4.462151229381561279e-01
6.103636696934700012e-02
5.870903134346008301e-01
4.810771048069000244e-01
4.247442483901977539e-01
7.856044918298721313e-02
9.561554193496704102e-01
1.334209442138671875e-01
2.450062483549118042e-01
5.727919340133666992e-01
3.719633072614669800e-02
3.202200829982757568e-01
3.450446426868438721e-01
5.806820988655090332e-01
5.604687929153442383e-01
8.271263837814331055e-01
1.381053309887647629e-02
4.794825017452239990e-01
2.115444689989089966e-01
6.217614412307739258e-01
2.944810688495635986e-01
6.726917624473571777e-01
1.478759944438934326e-01
9.538124799728393555e-01
9.522957801818847656e-01
2.169584035873413086e-01
8.847246766090393066e-01
9.206253886222839355e-01
3.949779868125915527e-01
3.133410215377807617e-01
8.362925648689270020e-01
5.367942452430725098e-01
7.487065792083740234e-01
7.186664640903472900e-02
6.417598128318786621e-01
9.074954688549041748e-02
7.632266879081726074e-01
2.093854844570159912e-01
8.501179814338684082e-01
1.206359639763832092e-01
3.545271158218383789e-01
2.742308676242828369e-01
1.600373983383178711e-01
1.426497995853424072e-01
9.429988861083984375e-01
1.881103515625000000e-01
1.147223040461540222e-01
5.758208036422729492e-01
3.043970465660095215e-02
6.873989105224609375e-01
5.462171435356140137e-01
7.310214638710021973e-01
3.622331917285919189e-01
2.052929401397705078e-01
6.239709258079528809e-01
9.626146554946899414e-01
6.045725941658020020e-01
9.029843658208847046e-02
2.853493690490722656e-01
7.966229915618896484e-01
8.220120072364807129e-01
1.210130937397480011e-02
8.679444789886474609e-01
7.645627260208129883e-01
4.241222441196441650e-01
5.257180333137512207e-01
6.062500476837158203e-01
5.005469918251037598e-01
2.283704578876495361e-01
4.730605781078338623e-01
9.115715026855468750e-01
2.279357910156250000e-01
3.366582691669464111e-01
6.516341567039489746e-01
9.605755209922790527e-01
9.556916952133178711e-01
9.682164788246154785e-01
8.604695200920104980e-01
2.615782320499420166e-01
2.619256079196929932e-01
7.169508337974548340e-01
8.010582923889160156e-01
9.636368155479431152e-01
1.482967883348464966e-01
5.664226412773132324e-01
2.264661043882369995e-01
3.002796769142150879e-01
8.580015301704406738e-01
2.340506166219711304e-01
8.242385834455490112e-02
7.150349020957946777e-01
1.142320781946182251e-01
3.374803662300109863e-01
9.186596274375915527e-01
9.027767777442932129e-01
9.389042109251022339e-02
9.268387556076049805e-01
1.489775478839874268e-01
1.679555326700210571e-01
4.644159674644470215e-01
6.778401732444763184e-01
1.886961460113525391e-01
9.866502285003662109e-01
7.314115166664123535e-01
5.696769952774047852e-01
8.963374048471450806e-02
4.939258098602294922e-01
7.274368405342102051e-01
9.775831699371337891e-01
8.553075045347213745e-02
4.362055957317352295e-01
4.861857593059539795e-01
2.912917733192443848e-01
1.821441501379013062e-01
9.074463248252868652e-01
6.298427283763885498e-02
4.415754079818725586e-01
9.905225783586502075e-02
3.322031497955322266e-01
8.191513419151306152e-01
3.987673819065093994e-01
2.340930402278900146e-01
9.610700011253356934e-01
8.552569150924682617e-01
7.989340424537658691e-01
3.004868328571319580e-01
3.420239090919494629e-01
5.963851138949394226e-02
5.691727995872497559e-01
4.795801639556884766e-01
7.379828691482543945e-01
5.459610819816589355e-01
6.275281310081481934e-02
9.236508607864379883e-01
4.176028966903686523e-01
1.018622964620590210e-01
2.777333557605743408e-01
1.401290018111467361e-02
2.531208992004394531e-01
5.874706897884607315e-03
8.864476531744003296e-02
3.006261587142944336e-01
3.479679226875305176e-01
9.552801251411437988e-01
1.939753592014312744e-01
2.135162204504013062e-01
2.596447765827178955e-01
2.976385317742824554e-02
6.949565410614013672e-01
4.351804554462432861e-01
9.779170751571655273e-01
6.393293142318725586e-01
8.908079862594604492e-01
5.169818401336669922e-01
2.419730126857757568e-01
7.226570844650268555e-01
8.580925464630126953e-01
1.401960253715515137e-01
5.641062855720520020e-01
1.392628699541091919e-01
1.971967071294784546e-01
9.723251461982727051e-01
6.989563703536987305e-01
8.872380852699279785e-01
1.992730647325515747e-01
2.524404823780059814e-01
4.682705402374267578e-01
3.579371571540832520e-01
3.782931342720985413e-02
3.963710367679595947e-01
7.592160105705261230e-01
3.212476372718811035e-01
5.429527163505554199e-01
3.786502182483673096e-01
3.520153090357780457e-02
9.426073431968688965e-01
7.985221743583679199e-01
4.424545764923095703e-01
4.568688571453094482e-02
2.281361371278762817e-01
3.622464239597320557e-01
9.042645096778869629e-01
4.914742410182952881e-01
4.089902713894844055e-02
6.032695770263671875e-01
5.536159276962280273e-01
6.248399615287780762e-01
2.494079768657684326e-01
2.339390814304351807e-01
3.370193839073181152e-01
6.323143839836120605e-01
2.343304902315139771e-01
8.611218333244323730e-01
5.994833111763000488e-01
9.066085815429687500e-01
4.522618949413299561e-01
3.065076172351837158e-01
5.007214546203613281e-01
6.212226748466491699e-01
2.306751310825347900e-01
8.830100893974304199e-01
6.179289817810058594e-01
9.109027683734893799e-02
2.828736230731010437e-02
3.485411703586578369e-01
2.560231983661651611e-01
7.487599849700927734e-01
2.100607454776763916e-01
7.947297096252441406e-01
9.650677442550659180e-01
5.096971057355403900e-03
1.952769011259078979e-01
4.548957049846649170e-01
9.532046318054199219e-01
6.472320556640625000e-01
4.693361222743988037e-01
5.795356631278991699e-01
3.448140025138854980e-01
5.500460267066955566e-01
6.820467114448547363e-01
6.103433370590209961e-01
7.329206466674804688e-01
9.355890154838562012e-01
7.697035670280456543e-01
3.216787576675415039e-01
3.154959380626678467e-01
3.285199701786041260e-01
2.702956497669219971e-01
9.091327786445617676e-01
9.258754849433898926e-01
7.520108819007873535e-01
3.307354748249053955e-01
6.523121595382690430e-01
7.483230233192443848e-01
4.274831712245941162e-01
8.052797615528106689e-02
9.300749301910400391e-01
6.798648834228515625e-01
1.947951167821884155e-01
4.449259936809539795e-01
1.412384677678346634e-02
9.535975456237792969e-01
3.056131303310394287e-01
9.305202960968017578e-01
2.450407147407531738e-01
5.664937496185302734e-01
9.257481098175048828e-01
9.372059702873229980e-01
3.805536627769470215e-01
8.046089410781860352e-01
3.768517374992370605e-01
3.028945624828338623e-01
1.520157456398010254e-01
8.365445137023925781e-01
1.655884832143783569e-01
1.504774242639541626e-01
7.159377336502075195e-01
8.068009614944458008e-01
2.105901539325714111e-01
8.961890339851379395e-01
8.512851595878601074e-01
1.231220439076423645e-01
9.027190506458282471e-02
5.615009069442749023e-01
1.036837548017501831e-01
7.502635717391967773e-01
1.182281225919723511e-01
3.586598038673400879e-01
4.864918291568756104e-01
6.333639025688171387e-01
7.668531537055969238e-01
1.969872415065765381e-01
3.719768524169921875e-01
5.236971974372863770e-01
4.105004668235778809e-01
4.359107017517089844e-01
9.600639939308166504e-01
8.337430953979492188e-01
3.081719279289245605e-01
6.964852660894393921e-02
9.544643759727478027e-01
8.229776620864868164e-01
2.591730654239654541e-01
1.876520961523056030e-01
3.458023071289062500e-01
3.794203996658325195e-01
2.317498624324798584e-01
6.747253239154815674e-02
8.406019955873489380e-02
3.568059802055358887e-01
1.046623438596725464e-01
6.436814069747924805e-01
5.518673658370971680e-01
9.466095566749572754e-01
7.256737351417541504e-01
8.972379565238952637e-02
7.311488389968872070e-01
9.436634778976440430e-01
3.247193694114685059e-01
1.631249338388442993e-01
7.855321764945983887e-01
6.159314513206481934e-01
7.987338304519653320e-01
4.553349316120147705e-01
4.846872389316558838e-01
4.538751542568206787e-01
4.327545762062072754e-01
5.877446532249450684e-01
9.434273838996887207e-01
7.828737497329711914e-01
8.999869227409362793e-01
2.323309183120727539e-01
3.157795593142509460e-02
2.590134441852569580e-01
9.450438618659973145e-01
1.903980225324630737e-01
1.828846335411071777e-01
8.086743354797363281e-01
4.840644299983978271e-01
8.424027822911739349e-03
2.455944567918777466e-01
2.351321578025817871e-01
9.607075452804565430e-01
7.186163663864135742e-01
3.378050923347473145e-01
6.380571126937866211e-01
2.568731307983398438e-01
1.519421488046646118e-01
3.752060234546661377e-02
6.504473090171813965e-01
9.599876403808593750e-01
8.691099882125854492e-01
4.405403435230255127e-01
6.609409451484680176e-01
4.248428940773010254e-01
5.383573770523071289e-01
8.359456658363342285e-01
7.887477278709411621e-01
5.235827565193176270e-01
2.292583286762237549e-01
5.797584056854248047e-01
1.069643720984458923e-01
5.328413248062133789e-01
9.631598591804504395e-01
4.841703772544860840e-01
3.428510129451751709e-01
5.443665385246276855e-01
5.470345616340637207e-01
3.005640581250190735e-02
2.518123090267181396e-01
8.813785910606384277e-01
6.665872931480407715e-01
2.745397388935089111e-02
6.857956051826477051e-01
8.546116352081298828e-01
9.323738813400268555e-01
4.081504344940185547e-01
2.675533294677734375e-01
9.569262862205505371e-01
1.443592309951782227e-01
2.764114439487457275e-01
8.500936627388000488e-01
4.122353196144104004e-01
5.203663557767868042e-02
5.205660462379455566e-01
8.370444923639297485e-02
1.993238367140293121e-02
8.980303406715393066e-01
7.320098876953125000e-01
8.268960118293762207e-01
2.540601491928100586e-01
5.628452301025390625e-01
3.082097694277763367e-02
3.345452845096588135e-01
4.085435569286346436e-01
2.865064740180969238e-01
8.274589776992797852e-01
9.529679417610168457e-01
1.880289614200592041e-01
3.164239823818206787e-01
2.733584344387054443e-01
9.825152903795242310e-02
9.326264262199401855e-01
1.701895743608474731e-01
1.655907630920410156e-01
5.097516775131225586e-01
7.889071106910705566e-02
6.526908278465270996e-01
3.145737349987030029e-01
8.064886182546615601e-02
3.936832770705223083e-02
3.940832018852233887e-01
4.550802111625671387e-01
4.430604875087738037e-01
4.609525203704833984e-02
3.142334818840026855e-01
8.610889315605163574e-02
5.392462611198425293e-01
3.001566417515277863e-02
6.704894900321960449e-01
2.754328548908233643e-01
2.601349353790283203e-01
5.234755873680114746e-01
7.352390289306640625e-01
8.722932934761047363e-01
2.217814475297927856e-01
1.949189305305480957e-01
5.171341896057128906e-01
7.685623764991760254e-01
8.829383850097656250e-01
7.994078397750854492e-01
2.470743805170059204e-01
2.345552593469619751e-01
3.101469874382019043e-01
3.038197457790374756e-01
8.970503807067871094e-01
3.971193730831146240e-01
2.757274806499481201e-01
2.791077792644500732e-01
4.452591836452484131e-01
2.836211323738098145e-01
8.795416951179504395e-01
9.363864660263061523e-01
9.848885536193847656e-01
2.232779711484909058e-01
9.445933699607849121e-01
1.865402609109878540e-01
5.614458918571472168e-01
1.706061512231826782e-01
6.285778433084487915e-02
1.799114644527435303e-01
9.570360779762268066e-01
6.940469741821289062e-01
7.071649432182312012e-01
7.566251754760742188e-01
4.424115270376205444e-02
6.042098402976989746e-01
1.545139551162719727e-01
6.335933208465576172e-01
6.850575208663940430e-01
7.429329752922058105e-01
8.607300519943237305e-01
1.219901368021965027e-01
2.337787449359893799e-01
6.183891892433166504e-01
3.041449189186096191e-01
7.105063796043395996e-01
3.671639561653137207e-01
9.635054469108581543e-01
8.020431399345397949e-01
1.004137322306632996e-01
5.704874545335769653e-02
8.101711869239807129e-01
9.138835072517395020e-01
1.957634687423706055e-01
2.547882497310638428e-01
9.276846796274185181e-02
2.030525207519531250e-01
8.422741889953613281e-01
2.094377428293228149e-01
1.640194952487945557e-01
1.758746653795242310e-01
3.855276480317115784e-02
4.702826142311096191e-01
5.036473274230957031e-01
1.931532174348831177e-01
6.920602917671203613e-01
5.167003870010375977e-01
7.371253967285156250e-01
8.573508858680725098e-01
4.366701245307922363e-01
2.907593250274658203e-01
7.148957252502441406e-02
7.909068465232849121e-01
1.900305449962615967e-01
9.590770602226257324e-01
6.329684257507324219e-01
1.656760424375534058e-01
7.098082900047302246e-01
2.720355987548828125e-01
7.029597163200378418e-01
3.667369186878204346e-01
3.985643386840820312e-02
9.351075887680053711e-01
4.549078345298767090e-01
4.748426377773284912e-01
9.303326159715652466e-02
7.167728245258331299e-02
4.505246505141258240e-02
1.872881054878234863e-01
2.009387612342834473e-01
4.883419871330261230e-01
2.997964620590209961e-01
6.120573878288269043e-01
7.857905626296997070e-01
8.494006991386413574e-01
5.174573063850402832e-01
1.398751884698867798e-02
9.553145170211791992e-01
7.716840505599975586e-01
6.961091160774230957e-01
9.671149253845214844e-01
9.054450392723083496e-01
8.801298141479492188e-01
3.947364687919616699e-01
7.548269629478454590e-01
9.063370227813720703e-01
1.281036250293254852e-02
7.732273936271667480e-01
3.237281739711761475e-01
2.443564124405384064e-02
2.504612207412719727e-01
8.736350536346435547e-01
5.554080754518508911e-02
6.814302504062652588e-02
4.522825777530670166e-01
1.377825140953063965e-01
1.754590868949890137e-01
5.228592157363891602e-01
4.631754755973815918e-01
8.201613426208496094e-01
9.698070287704467773e-01
8.173159360885620117e-01
1.337711960077285767e-01
1.871629655361175537e-01
4.899452924728393555e-01
4.110034406185150146e-01
2.634313106536865234e-01
5.095785260200500488e-01
1.555856019258499146e-01
4.530937671661376953e-01
7.272268533706665039e-01
9.203273653984069824e-01
9.573301076889038086e-01
6.312941014766693115e-02
1.850883960723876953e-01
5.641918778419494629e-01
8.536866307258605957e-01
8.280281424522399902e-01
2.284321337938308716e-01
1.546858102083206177e-01
2.549279034137725830e-01
7.305616736412048340e-01
2.389911860227584839e-01
5.340570807456970215e-01
9.082154035568237305e-01
9.157094955444335938e-01
8.700610399246215820e-01
9.240189939737319946e-02
4.040747135877609253e-02
1.440595090389251709e-02
8.831777572631835938e-01
9.323874861001968384e-02
5.928605794906616211e-01
2.552041709423065186e-01
1.176191344857215881e-01
1.726983487606048584e-01
4.718784615397453308e-02
5.640481710433959961e-01
8.616392016410827637e-01
3.201339542865753174e-01
6.550058722496032715e-02
9.689410328865051270e-01
5.938779711723327637e-01
7.535970211029052734e-01
5.039306879043579102e-01
1.921694725751876831e-01
1.647168844938278198e-01
9.441672563552856445e-01
3.085909187793731689e-01
5.862658023834228516e-01
9.639998078346252441e-01
6.877920627593994141e-01
5.558513402938842773e-01
1.752593368291854858e-01
4.796893149614334106e-02
5.085815787315368652e-01
4.322917759418487549e-01
8.757913708686828613e-01
7.504752278327941895e-01
7.934957742691040039e-01
3.679595589637756348e-01
1.603219062089920044e-01
7.333277463912963867e-01
8.185390830039978027e-01
6.988143324851989746e-01
6.942152976989746094e-01
4.006289541721343994e-01
7.392344474792480469e-01
4.933480620384216309e-01
3.968147635459899902e-01
2.583158612251281738e-01
9.505643844604492188e-01
4.928471744060516357e-01
7.252403497695922852e-01
5.694041848182678223e-01
5.789806246757507324e-01
5.247563496232032776e-02
9.040979295969009399e-02
7.795764207839965820e-01
9.133809208869934082e-01
5.218219161033630371e-01
6.890583038330078125e-01
6.996783614158630371e-02
2.087941579520702362e-02
8.732483386993408203e-01
3.041587173938751221e-01
3.518632948398590088e-01
5.213263630867004395e-01
6.649822592735290527e-01
5.354153513908386230e-01
2.841602265834808350e-02
8.214815258979797363e-01
9.466650485992431641e-01
3.849043846130371094e-01
6.524969339370727539e-01
6.172366067767143250e-02
2.760700285434722900e-01
1.498836725950241089e-01
1.369251906871795654e-01
7.021915912628173828e-01
5.969125628471374512e-01
9.195451438426971436e-02
9.512763619422912598e-01
5.018213987350463867e-01
1.674025207757949829e-01
4.365299642086029053e-01
2.028832025825977325e-02
9.058972001075744629e-01
8.747940063476562500e-01
1.617414355278015137e-01
1.549866497516632080e-01
1.436261832714080811e-01
7.992644906044006348e-01
7.945533394813537598e-01
8.101978898048400879e-01
7.799619436264038086e-01
1.120356321334838867e-01
7.417720556259155273e-01
7.155883312225341797e-01
7.218746542930603027e-01
4.312328994274139404e-01
6.468186378479003906e-01
9.233933091163635254e-01
2.029941827058792114e-01
7.038744688034057617e-01
8.646246045827865601e-02
8.160403370857238770e-01
2.647207081317901611e-01
7.153615951538085938e-01
1.385008543729782104e-01
9.038147926330566406e-01
6.608693599700927734e-01
9.379578381776809692e-02
9.219607114791870117e-01
4.120686352252960205e-01
7.707292437553405762e-01
7.529287934303283691e-01
9.619191288948059082e-01
3.097163140773773193e-01
5.731996297836303711e-01
8.443416953086853027e-01
6.137625575065612793e-01
3.674334287643432617e-01
2.283491790294647217e-01
2.709341943264007568e-01
9.547360539436340332e-01
6.941425148397684097e-03
5.013594031333923340e-01
2.565658986568450928e-01
3.591608405113220215e-01
1.495956480503082275e-01
3.526999354362487793e-01
6.768318414688110352e-01
3.179972171783447266e-01
8.883190155029296875e-01
5.784497037529945374e-02
9.530230760574340820e-01
3.466704189777374268e-01
9.404593706130981445e-01
5.415323972702026367e-01
7.431915402412414551e-01
7.258552312850952148e-01
1.705712080001831055e-01
1.592367142438888550e-01
5.774330496788024902e-01
3.933553025126457214e-02
2.975709438323974609e-01
8.183397650718688965e-01
4.002455770969390869e-01
9.100683927536010742e-01
9.515455961227416992e-01
1.134097129106521606e-01
3.861081898212432861e-01
1.361352652311325073e-01
8.279340863227844238e-01
8.231827616691589355e-01
4.276083037257194519e-02
5.001199841499328613e-01
2.343615703284740448e-02
5.180657505989074707e-01
6.931526660919189453e-01
8.758289366960525513e-02
9.691057205200195312e-01
8.428608775138854980e-01
4.534007310867309570e-01
4.601796865463256836e-01
9.234581589698791504e-01
1.805008947849273682e-01
8.763123750686645508e-01
6.129620671272277832e-01
2.252935804426670074e-02
1.221083775162696838e-01
3.645710349082946777e-01
8.121434599161148071e-02
6.039611101150512695e-01
8.261812925338745117e-01
8.287805914878845215e-01
4.334644675254821777e-01
8.165311217308044434e-01
2.465444803237915039e-01
3.498943448066711426e-01
9.402258992195129395e-01
2.318956255912780762e-01
8.822003006935119629e-01
7.689003348350524902e-01
2.067612856626510620e-01
7.650387883186340332e-01
2.227999269962310791e-01
9.390506744384765625e-01
8.052265048027038574e-01
6.864805221557617188e-01
5.747610926628112793e-01
8.412685394287109375e-01
5.296415090560913086e-01
4.389092922210693359e-01
2.063413709402084351e-01
5.682035088539123535e-01
1.252514123916625977e-01
1.118553355336189270e-01
9.352492690086364746e-01
1.605763100087642670e-02
4.976788908243179321e-02
7.411559820175170898e-01
8.329349756240844727e-01
9.055550098419189453e-01
5.256116017699241638e-02
3.728558868169784546e-02
4.839275777339935303e-01
6.529326438903808594e-01
7.837022542953491211e-01
3.525422215461730957e-01
2.765009403228759766e-01
2.720216214656829834e-01
8.328850865364074707e-01
6.344709545373916626e-02
6.285072863101959229e-02
8.411500453948974609e-01
3.380706906318664551e-02
4.845718741416931152e-01
2.596332132816314697e-01
4.733833074569702148e-01
3.002441823482513428e-01
3.862227126955986023e-02
6.287469267845153809e-01
9.330705553293228149e-02
9.212506413459777832e-01
5.374034866690635681e-02
7.011625170707702637e-01
7.991633415222167969e-01
3.640230000019073486e-01
6.859748363494873047e-01
7.083353400230407715e-01
9.118741750717163086e-01
3.220334649085998535e-01
9.180544614791870117e-01
7.919094562530517578e-01
2.877758145332336426e-01
1.228053867816925049e-01
8.103612065315246582e-01
1.654198467731475830e-01
4.003522396087646484e-01
8.618745803833007812e-01
5.103136897087097168e-01
9.572131037712097168e-01
9.455296210944652557e-03
4.923313856124877930e-01
6.904631257057189941e-01
2.285438477993011475e-01
1.955629140138626099e-02
3.475202322006225586e-01
4.921156913042068481e-02
3.541436493396759033e-01
7.424148321151733398e-01
2.042078413069248199e-02
7.531279921531677246e-01
9.339944124221801758e-01
5.314416810870170593e-02
9.286264777183532715e-01
8.887112885713577271e-02
9.032852649688720703e-01
5.885558724403381348e-01
1.781404018402099609e-02
6.642391085624694824e-01
5.467580556869506836e-01
2.440859675407409668e-01
2.837497889995574951e-01
7.782293558120727539e-01
4.517816603183746338e-01
6.303236484527587891e-01
1.434803456068038940e-01
2.571946978569030762e-01
5.498762130737304688e-01
2.175352908670902252e-02
5.338566899299621582e-01
8.451245427131652832e-01
1.078476235270500183e-01
8.069155216217041016e-01
9.153578877449035645e-01
5.358244180679321289e-01
8.486753106117248535e-01
5.982767343521118164e-01
7.244142889976501465e-01
6.818462014198303223e-01
3.836473822593688965e-01
4.274733066558837891e-01
8.473366498947143555e-01
9.261398762464523315e-02
8.132567256689071655e-02
7.846840023994445801e-01
1.990361362695693970e-01
7.443987131118774414e-01
3.474983572959899902e-01
1.940937042236328125e-01
2.615799009799957275e-01
5.740688368678092957e-02
9.235993027687072754e-01
2.928631603717803955e-01
1.696699708700180054e-01
3.350266516208648682e-01
5.258024334907531738e-01
3.501693010330200195e-01
7.240695357322692871e-01
4.448558688163757324e-01
3.268570601940155029e-01
9.021219015121459961e-01
6.573144346475601196e-02
3.658131062984466553e-01
6.152251958847045898e-01
5.992228537797927856e-02
6.242006421089172363e-01
8.016997575759887695e-01
2.414950281381607056e-01
5.262978374958038330e-02
6.116188168525695801e-01
6.960934400558471680e-01
4.481008350849151611e-01
9.122963547706604004e-01
9.397749900817871094e-01
4.763543978333473206e-02
5.609835386276245117e-01
2.603427767753601074e-01
3.878323137760162354e-01
7.550553083419799805e-01
5.703546404838562012e-01
1.449944525957107544e-01
3.652050793170928955e-01
6.148771643638610840e-01
4.379446804523468018e-01
2.685627639293670654e-01
3.470287891104817390e-03
3.459822535514831543e-01
4.928711652755737305e-01
1.324716508388519287e-01
2.360536903142929077e-01
9.056146740913391113e-01
4.949432015419006348e-01
5.277211666107177734e-01
8.456274271011352539e-01
1.844003498554229736e-01
8.044619560241699219e-01
1.211368963122367859e-01
3.472621142864227295e-01
7.678349614143371582e-01
4.187644720077514648e-01
7.685837745666503906e-01
2.572303116321563721e-01
8.113456368446350098e-01
1.187767535448074341e-01
5.732084065675735474e-02
5.551938433200120926e-03
9.124459028244018555e-01
6.673236489295959473e-01
7.344271540641784668e-01
3.121128678321838379e-01
2.097420394420623779e-03
2.054114267230033875e-02
4.178953766822814941e-01
8.048417568206787109e-01
4.832119643688201904e-01
4.182415008544921875e-01
4.886151850223541260e-01
6.770219802856445312e-01
9.561412930488586426e-01
1.680641919374465942e-01
8.741349577903747559e-01
5.824870467185974121e-01
9.645328521728515625e-01
4.392517209053039551e-01
7.200387120246887207e-01
8.639915585517883301e-01
2.859930098056793213e-01
7.387340068817138672e-01
3.978016078472137451e-01
6.248818039894104004e-01
8.591936901211738586e-03
6.958551406860351562e-01
2.435619235038757324e-01
7.506548613309860229e-02
1.440863907337188721e-01
1.770816594362258911e-01
3.809956610202789307e-01
8.919217586517333984e-01
5.005163550376892090e-01
8.633112907409667969e-02
9.026939868927001953e-01
1.320194602012634277e-01
7.668381929397583008e-01
6.096027493476867676e-01
9.153090715408325195e-01
7.765946537256240845e-02
8.435693383216857910e-01
1.283079534769058228e-01
5.692410469055175781e-01
1.530813276767730713e-01
4.644038528203964233e-02
1.544578466564416885e-02
6.565523743629455566e-01
2.498335689306259155e-01
4.655628204345703125e-01
6.119903326034545898e-01
3.675534203648567200e-02
4.894141852855682373e-01
2.990435659885406494e-01
4.289632439613342285e-01
6.848161816596984863e-01
1.189077645540237427e-01
7.980201840400695801e-01
1.735436357557773590e-02
5.942269787192344666e-02
3.959866464138031006e-01
9.000188112258911133e-01
8.310819268226623535e-01
3.209089338779449463e-01
2.185236662626266479e-01
3.948991894721984863e-01
7.077440619468688965e-01
3.136736452579498291e-01
9.291692972183227539e-01
8.765732496976852417e-02
7.218961715698242188e-01
1.198578029870986938e-01
8.956740498542785645e-01
3.012831211090087891e-01
4.859252274036407471e-01
1.501003801822662354e-01
3.911651968955993652e-01
8.759729862213134766e-01
4.788269698619842529e-01
6.870864033699035645e-01
7.339617013931274414e-01
6.114949584007263184e-01
2.379146516323089600e-01
8.518035411834716797e-01
3.353391289710998535e-01
6.282057166099548340e-01
5.051506310701370239e-02
1.974721848964691162e-01
9.398431777954101562e-01
2.336503416299819946e-01
9.604807198047637939e-02
9.550819545984268188e-02
2.615753710269927979e-01
6.894183754920959473e-01
2.692212164402008057e-01
4.453324154019355774e-02
4.387753009796142578e-01
9.476199746131896973e-01
8.972898721694946289e-01
1.708317548036575317e-01
9.639509916305541992e-01
9.596347808837890625e-01
7.387749385088682175e-03
3.013705313205718994e-01
8.948982357978820801e-01
3.129839897155761719e-01
8.508316874504089355e-01
3.765630722045898438e-02
1.094957217574119568e-01
9.008007645606994629e-01
8.377187252044677734e-01
1.644729673862457275e-01
5.263395905494689941e-01
1.724637448787689209e-01
9.656368494033813477e-01
9.861284494400024414e-01
9.836459159851074219e-01
4.759822189807891846e-01
5.478035658597946167e-02
2.972169220447540283e-01
1.807049065828323364e-01
1.678287386894226074e-01
7.435785531997680664e-01
5.365356802940368652e-01
6.061719655990600586e-01
9.411568045616149902e-01
1.099158972501754761e-01
6.894915699958801270e-01
4.039717018604278564e-01
3.854522407054901123e-01
6.509597897529602051e-01
2.698863744735717773e-01
9.429479241371154785e-01
2.370968461036682129e-01
3.773357868194580078e-01
2.036754041910171509e-01
3.857532143592834473e-01
9.554179906845092773e-01
4.637564122676849365e-01
7.789885401725769043e-01
9.546713232994079590e-01
6.018003821372985840e-01
8.136385083198547363e-01
6.376312375068664551e-01
6.103865504264831543e-01
2.328119575977325439e-01
3.372261226177215576e-01
1.992652937769889832e-02
4.554214477539062500e-01
6.988684535026550293e-01
9.324269294738769531e-01
2.270046174526214600e-01
9.775378108024597168e-01
2.337040007114410400e-01
2.548133134841918945e-01
1.410579234361648560e-01
3.983722925186157227e-01
8.918578624725341797e-01
9.329559206962585449e-01
6.182029247283935547e-01
8.827664256095886230e-01
9.498552680015563965e-01
4.284341037273406982e-01
2.489916384220123291e-01
8.611261844635009766e-01
9.110026806592941284e-02
1.413038969039916992e-01
7.816888093948364258e-01
4.617218971252441406e-01
9.290513396263122559e-01
9.287875890731811523e-01
9.065320491790771484e-01
3.029837645590305328e-02
1.710032969713211060e-01
1.020326390862464905e-01
6.770259737968444824e-01
7.840237617492675781e-01
3.418280184268951416e-01
7.542819380760192871e-01
6.491224765777587891e-01
7.641784548759460449e-01
2.834585607051849365e-01
2.857040166854858398e-01
1.007326394319534302e-01
5.976142883300781250e-01
4.562110081315040588e-02
3.696985244750976562e-01
1.735851466655731201e-01
3.393682241439819336e-01
2.410645335912704468e-01
7.967697381973266602e-01
6.816073060035705566e-01
5.209879875183105469e-01
1.530238389968872070e-01
8.801298141479492188e-01
6.213034391403198242e-01
9.650772809982299805e-01
3.308041691780090332e-01
1.073046028614044189e-01
9.317864775657653809e-01
8.111595511436462402e-01
8.170949220657348633e-01
7.534407973289489746e-01
6.454002857208251953e-02
4.001435637474060059e-01
1.228139325976371765e-01
1.611263602972030640e-01
3.677815794944763184e-01
8.738428950309753418e-01
8.252449035644531250e-01
8.546195626258850098e-01
6.710536479949951172e-01
9.516614079475402832e-01
2.382242381572723389e-01
7.837022542953491211e-01
8.968623876571655273e-01
9.667631983757019043e-01
1.913503557443618774e-01
4.202026426792144775e-01
1.405950486660003662e-01
2.677876353263854980e-01
8.845498561859130859e-01
9.138869047164916992e-01
3.261360153555870056e-02
8.352605104446411133e-01
1.253080368041992188e-01
8.756643533706665039e-01
2.157567590475082397e-01
4.720386117696762085e-02
3.573044240474700928e-01
8.092142939567565918e-01
5.164659768342971802e-02
2.512524127960205078e-01
5.513686537742614746e-01
7.460336685180664062e-01
2.967293560504913330e-01
6.895393729209899902e-01
7.310733199119567871e-01
1.971163004636764526e-01
5.338301062583923340e-01
2.116027623414993286e-01
9.190133810043334961e-01
4.876997768878936768e-01
8.820351958274841309e-01
4.625800549983978271e-01
3.376256525516510010e-01
5.677229762077331543e-01
9.703238606452941895e-01
7.027479410171508789e-01
2.474316805601119995e-01
6.860405802726745605e-01
3.481472656130790710e-02
6.560122966766357422e-01
9.319454431533813477e-01
1.386268436908721924e-01
4.913809001445770264e-01
4.474578201770782471e-01
9.134239554405212402e-01
5.694888234138488770e-01
9.169900417327880859e-02
2.502761185169219971e-01
7.593801021575927734e-01
7.269446253776550293e-01
7.406939864158630371e-01
5.670771002769470215e-01
2.958731651306152344e-01
7.916321754455566406e-01
9.033777117729187012e-01
7.959204316139221191e-01
4.299583137035369873e-01
3.427620232105255127e-01
8.472876548767089844e-01
6.673236489295959473e-01
3.392431512475013733e-02
4.934337139129638672e-01
4.491566121578216553e-01
9.730862826108932495e-02
8.017026782035827637e-01
5.614235997200012207e-01
8.541336655616760254e-01
9.063761234283447266e-01
9.519706964492797852e-01
8.919777870178222656e-01
7.300723791122436523e-01
7.387518882751464844e-01
4.249537885189056396e-01
2.615874111652374268e-01
1.790443658828735352e-01
1.090017631649971008e-01
8.619950413703918457e-01
9.059094190597534180e-01
5.377697944641113281e-01
7.067760825157165527e-02
8.664637207984924316e-01
3.630607724189758301e-01
7.674990296363830566e-01
1.718801856040954590e-01
8.207664489746093750e-01
4.855976998805999756e-01
7.362450361251831055e-01
5.047156214714050293e-01
4.669800996780395508e-01
4.229699075222015381e-01
2.968136072158813477e-01
8.547924160957336426e-01
9.306418299674987793e-01
8.263684511184692383e-01
2.988019213080406189e-02
1.871080696582794189e-01
7.384809851646423340e-01
2.929757237434387207e-01
5.962121486663818359e-01
9.578359127044677734e-01
4.249510169029235840e-01
7.185816168785095215e-01
6.473290920257568359e-01
3.299272656440734863e-01
3.590923547744750977e-01
9.363864660263061523e-01
6.875433921813964844e-01
2.290161848068237305e-01
4.075739085674285889e-01
1.905963011085987091e-02
3.812421262264251709e-01
8.417490720748901367e-01
8.893603682518005371e-01
3.030152022838592529e-01
8.212093263864517212e-02
8.813463449478149414e-01
1.758959591388702393e-01
1.640202254056930542e-01
2.204266637563705444e-01
4.148272275924682617e-01
2.000788301229476929e-01
2.612123489379882812e-01
7.509317994117736816e-01
3.730557560920715332e-01
1.605932414531707764e-01
9.379777312278747559e-02
3.466627001762390137e-01
2.710174024105072021e-01
8.452495336532592773e-01
5.187181830406188965e-01
5.683857202529907227e-01
4.637289047241210938e-02
7.921465039253234863e-01
8.772075772285461426e-01
5.989347100257873535e-01
4.459218084812164307e-01
6.760347485542297363e-01
1.842193156480789185e-01
6.492828577756881714e-02
9.067626595497131348e-01
5.861785411834716797e-01
9.187393784523010254e-01
6.133713573217391968e-02
8.137135505676269531e-01
5.886812806129455566e-01
3.754887580871582031e-01
3.996731713414192200e-02
2.797719836235046387e-01
8.223377168178558350e-02
1.000270899385213852e-02
8.263155221939086914e-01
2.894916534423828125e-01
8.534404039382934570e-01
2.800518572330474854e-01
9.427768588066101074e-01
5.902317166328430176e-01
4.335648715496063232e-01
8.355413675308227539e-01
1.302037853747606277e-02
7.409223318099975586e-01
4.153576865792274475e-02
1.350788325071334839e-01
4.093117117881774902e-01
4.916461408138275146e-01
5.307351946830749512e-01
9.512332081794738770e-01
8.309302330017089844e-01
6.479003429412841797e-01
8.968038558959960938e-01
1.076023187488317490e-02
1.764774620532989502e-01
1.054645925760269165e-01
5.973129272460937500e-01
8.477842211723327637e-01
9.038028120994567871e-02
3.247074484825134277e-01
1.543076802045106888e-02
4.200524985790252686e-01
3.719339072704315186e-01
5.243110656738281250e-02
9.460905194282531738e-01
1.117016151547431946e-01
8.380559086799621582e-02
8.858758211135864258e-01
9.370955824851989746e-01
4.085528850555419922e-01
8.147746920585632324e-01
4.475260972976684570e-01
8.009915351867675781e-01
7.891873121261596680e-01
4.843249022960662842e-01
3.273574113845825195e-01
8.174949884414672852e-01
1.128349676728248596e-01
4.413813650608062744e-01
4.596013203263282776e-02
9.058670401573181152e-01
4.970711842179298401e-02
2.185571938753128052e-01
1.319802254438400269e-01
4.038505852222442627e-01
2.882884144783020020e-01
6.155620217323303223e-01
2.765590250492095947e-01
1.440745443105697632e-01
5.484537482261657715e-01
6.560020446777343750e-01
7.605560868978500366e-02
9.449090957641601562e-01
9.676208496093750000e-01
9.626590609550476074e-01
6.247796863317489624e-02
7.322888821363449097e-02
6.414294838905334473e-01
9.820661544799804688e-01
4.812223315238952637e-01
8.361699432134628296e-02
9.685983657836914062e-01
9.614660739898681641e-01
7.496992945671081543e-01
4.817360043525695801e-01
1.594174280762672424e-02
2.073541432619094849e-01
4.480816423892974854e-01
1.063177138566970825e-01
7.201836109161376953e-01
6.624422073364257812e-01
9.253597259521484375e-01
6.708719767630100250e-03
6.703305840492248535e-01
8.361467719078063965e-01
2.765805721282958984e-01
2.161716371774673462e-01
9.010638594627380371e-01
4.110773801803588867e-01
7.291696667671203613e-01
8.499062061309814453e-01
8.837842345237731934e-01
6.512668132781982422e-01
1.872522234916687012e-01
7.578365802764892578e-01
4.677562117576599121e-01
9.591245651245117188e-01
3.556859493255615234e-01
2.947539687156677246e-01
2.812803387641906738e-01
2.095898240804672241e-01
6.151902079582214355e-01
3.822264075279235840e-01
3.629580140113830566e-01
2.206823229789733887e-01
9.055007696151733398e-01
1.832870095968246460e-01
3.622207343578338623e-01
2.424068450927734375e-01
6.336132436990737915e-02
1.868229061365127563e-01
9.451951384544372559e-01
6.539168953895568848e-01
5.247444510459899902e-01
1.306785196065902710e-01
4.048318266868591309e-01
7.590957731008529663e-02
5.858120322227478027e-02
1.205270439386367798e-01
1.044715642929077148e-01
7.387620806694030762e-01
8.924683332443237305e-01
2.636275291442871094e-01
8.702748417854309082e-01
6.498584151268005371e-01
4.757840633392333984e-01
4.198934733867645264e-01
9.306018352508544922e-01
1.714953184127807617e-01
7.125979065895080566e-01
9.209702014923095703e-01
9.388560056686401367e-01
4.825972616672515869e-01
3.013861924409866333e-02
4.774493724107742310e-02
5.241212248802185059e-01
4.833363741636276245e-02
3.418503105640411377e-01
7.075735926628112793e-01
3.131006956100463867e-01
5.098643898963928223e-02
1.408634036779403687e-01
7.523769736289978027e-01
3.137933313846588135e-01
8.786225318908691406e-01
4.868499636650085449e-01
2.379196137189865112e-01
1.676024347543716431e-01
7.521125674247741699e-01
7.975088357925415039e-01
3.236619532108306885e-01
4.441553354263305664e-02
3.715105727314949036e-02
4.236267507076263428e-01
6.738756895065307617e-01
6.676231026649475098e-01
4.994157254695892334e-01
4.548445045948028564e-01
8.245891332626342773e-01
7.800598740577697754e-01
4.538716375827789307e-01
8.653516173362731934e-01
2.275174409151077271e-01
5.052645802497863770e-01
8.897787332534790039e-02
9.238432049751281738e-01
7.791210412979125977e-01
7.177262306213378906e-01
9.747790098190307617e-01
2.539070248603820801e-01
4.451368749141693115e-01
3.925967216491699219e-01
4.125598073005676270e-01
5.109202861785888672e-01
1.309531927108764648e-01
5.990447402000427246e-01
8.747048676013946533e-02
1.179823577404022217e-01
7.475462555885314941e-01
8.472765684127807617e-01
9.247988462448120117e-01
4.598827064037322998e-01
2.692427635192871094e-01
2.116189450025558472e-01
3.165666162967681885e-01
6.048971414566040039e-01
3.442803025245666504e-01
4.908709824085235596e-01
8.984770774841308594e-01
5.841265618801116943e-02
9.273506402969360352e-01
7.636008858680725098e-01
3.421833813190460205e-01
8.693517446517944336e-01
6.654602289199829102e-01
1.311448123306035995e-02
2.153270989656448364e-01
4.342100322246551514e-01
1.883667856454849243e-01
9.297254681587219238e-02
8.976662158966064453e-01
3.666324168443679810e-02
5.650653839111328125e-01
3.434320688247680664e-01
2.573308944702148438e-01
3.540281951427459717e-01
8.410318493843078613e-01
6.834846735000610352e-01
3.660611510276794434e-01
4.374267905950546265e-02
7.896868884563446045e-02
2.018220871686935425e-01
4.864585995674133301e-01
2.609800696372985840e-01
1.028386969119310379e-02
4.378352463245391846e-01
1.739882528781890869e-01
8.354735374450683594e-01
1.621479094028472900e-01
2.810162305831909180e-01
9.878820180892944336e-01
5.992244929075241089e-02
1.628332585096359253e-02
4.102680981159210205e-01
9.429084658622741699e-01
8.762022107839584351e-02
1.058827117085456848e-01
1.949189305305480957e-01
9.066317081451416016e-01
4.681647717952728271e-01
1.844959110021591187e-01
6.016457080841064453e-01
2.324268817901611328e-01
3.848992288112640381e-01
3.369998633861541748e-01
5.843074917793273926e-01
1.123827844858169556e-01
8.598933927714824677e-03
4.246452152729034424e-01
1.900796294212341309e-01
6.255239993333816528e-02
6.520980000495910645e-01
1.843710541725158691e-01
9.084821343421936035e-01
9.194379448890686035e-01
7.802686840295791626e-02
6.620121598243713379e-01
6.099335551261901855e-01
3.830468952655792236e-01
7.268728017807006836e-01
6.762552857398986816e-01
8.097197860479354858e-02
8.503231406211853027e-01
3.138659596443176270e-01
7.110755145549774170e-02
1.618690639734268188e-01
8.377881050109863281e-01
8.239737153053283691e-01
1.380860209465026855e-01
5.134454369544982910e-01
2.987699806690216064e-01
6.687028408050537109e-01
4.378595650196075439e-01
4.709990620613098145e-01
4.409832954406738281e-01
6.754092127084732056e-02
3.468291163444519043e-01
7.906689643859863281e-01
1.004248186945915222e-01
9.555712938308715820e-01
9.676100015640258789e-01
7.841943502426147461e-01
7.678296566009521484e-01
8.797914385795593262e-01
4.864583313465118408e-01
9.552801251411437988e-01
4.232744872570037842e-01
5.192240476608276367e-01
1.559672504663467407e-01
5.555306077003479004e-01
7.427743822336196899e-02
8.501461744308471680e-01
2.600140273571014404e-01
8.772014379501342773e-01
7.871962189674377441e-01
9.552648067474365234e-01
7.431066036224365234e-01
2.198125571012496948e-01
3.548599779605865479e-01
7.638178467750549316e-01
8.957573175430297852e-01
7.066524624824523926e-01
3.615095093846321106e-02
8.428561687469482422e-01
1.249158978462219238e-01
8.511216044425964355e-01
6.289872527122497559e-01
9.302240610122680664e-01
2.121453285217285156e-01
2.080341577529907227e-01
3.375406563282012939e-02
1.685040891170501709e-01
5.295161157846450806e-02
7.125476002693176270e-01
2.761417627334594727e-01
3.738721907138824463e-01
8.388037681579589844e-01
1.289097517728805542e-01
5.465955138206481934e-01
4.822630584239959717e-01
1.612776070833206177e-01
9.742309451103210449e-01
7.807928323745727539e-01
3.566171601414680481e-02
2.020411938428878784e-01
9.557018280029296875e-01
3.764479458332061768e-01
1.195378527045249939e-01
2.749196952208876610e-03
5.008426904678344727e-01
1.935665458440780640e-01
8.448475599288940430e-02
1.943522989749908447e-01
6.650758981704711914e-01
5.245593786239624023e-01
5.945895314216613770e-01
4.437776505947113037e-01
8.643879890441894531e-01
5.546372011303901672e-02
7.360454201698303223e-01
2.580253779888153076e-01
8.853923082351684570e-01
5.727913379669189453e-01
7.812986969947814941e-01
8.703194260597229004e-01
7.626033425331115723e-01
6.498713493347167969e-01
5.928361043334007263e-02
8.650878667831420898e-01
9.628873467445373535e-01
3.683035373687744141e-01
1.090861260890960693e-01
6.576908230781555176e-01
6.858316808938980103e-02
5.685307979583740234e-01
4.868457466363906860e-02
3.132055401802062988e-01
7.976402044296264648e-01
6.547290682792663574e-01
7.807810902595520020e-01
1.640968024730682373e-02
5.125180259346961975e-02
9.256712794303894043e-01
1.876677274703979492e-01
5.617881417274475098e-01
6.258236765861511230e-01
4.342971742153167725e-01
1.772736012935638428e-01
8.032322525978088379e-01
2.236342132091522217e-01
1.601016074419021606e-01
9.586575031280517578e-01
8.656139969825744629e-01
1.755338013172149658e-01
9.950634092092514038e-02
2.247158885002136230e-01
9.542703628540039062e-01
4.116478562355041504e-01
8.991404175758361816e-01
9.313141107559204102e-01
5.665363073348999023e-01
8.868184089660644531e-01
8.640946745872497559e-01
8.087083697319030762e-01
5.187442153692245483e-02
7.527732253074645996e-01
7.068725228309631348e-01
8.927989602088928223e-01
3.902404904365539551e-01
1.392862796783447266e-01
6.477278470993041992e-01
1.523071974515914917e-01
1.928336024284362793e-01
5.188100934028625488e-01
8.831521272659301758e-01
8.798214793205261230e-01
2.155161201953887939e-01
9.482747316360473633e-01
6.767976880073547363e-01
2.786224335432052612e-02
5.333942770957946777e-01
5.884172916412353516e-01
4.741228520870208740e-01
8.145751953125000000e-01
7.813083529472351074e-01
3.079134821891784668e-01
5.332272052764892578e-01
6.140513420104980469e-01
2.272432148456573486e-01
2.094877958297729492e-01
3.640915453433990479e-01
5.446584820747375488e-01
8.543058037757873535e-01
5.312872305512428284e-02
8.801376819610595703e-01
4.450915157794952393e-01
9.356084465980529785e-02
3.206729143857955933e-02
5.030995011329650879e-01
5.792176127433776855e-01
7.039670944213867188e-01
5.398601666092872620e-02
3.195485770702362061e-01
3.339095115661621094e-01
3.572636544704437256e-01
6.518843770027160645e-02
6.426912546157836914e-01
8.729718327522277832e-01
3.471654653549194336e-01
2.876845002174377441e-01
8.640449643135070801e-01
9.369519948959350586e-01
8.397076725959777832e-01
7.590566277503967285e-01
4.451912641525268555e-02
6.034862399101257324e-01
4.522509276866912842e-01
7.825544476509094238e-01
8.742940425872802734e-01
4.161228835582733154e-01
1.867658458650112152e-02
7.672660797834396362e-02
6.144059896469116211e-01
5.070348381996154785e-01
6.855302453041076660e-01
8.299663662910461426e-01
5.056050419807434082e-01
3.709848225116729736e-01
9.231562018394470215e-01
1.655944883823394775e-01
9.307344555854797363e-01
6.221944093704223633e-01
1.705164015293121338e-01
4.270750284194946289e-01
6.126834750175476074e-01
5.537109971046447754e-01
5.824324116110801697e-02
4.111308157444000244e-01
6.006522774696350098e-01
8.406786918640136719e-01
3.014668524265289307e-01
2.414271607995033264e-02
8.884341120719909668e-01
6.798285841941833496e-01
8.652641773223876953e-01
5.989026427268981934e-01
7.000331282615661621e-01
6.451278328895568848e-01
1.735172122716903687e-01
2.305617183446884155e-01
7.780039310455322266e-02
2.693580090999603271e-01
7.824453711509704590e-02
1.520026475191116333e-01
4.993996620178222656e-01
8.530743122100830078e-01
8.150650858879089355e-01
3.012225329875946045e-01
8.895233273506164551e-01
5.556885004043579102e-01
2.124276459217071533e-01
9.164674282073974609e-01
7.612426877021789551e-01
5.456861257553100586e-01
2.378471940755844116e-01
8.669059872627258301e-01
8.353169560432434082e-01
2.780357599258422852e-01
8.204001784324645996e-01
3.067567944526672363e-01
1.515678763389587402e-01
4.386346638202667236e-01
6.558560729026794434e-01
7.037090510129928589e-02
6.199752092361450195e-01
6.660343408584594727e-01
7.977178692817687988e-01
6.816206574440002441e-01
9.672168493270874023e-01
1.157020032405853271e-01
1.191958487033843994e-01
7.153037786483764648e-01
6.768912672996520996e-01
8.667801618576049805e-01
9.258693456649780273e-01
2.617362327873706818e-02
4.468623995780944824e-01
6.645815968513488770e-01
3.985339403152465820e-01
9.330531954765319824e-01
9.053632616996765137e-02
8.230204582214355469e-01
8.682590723037719727e-01
3.856201469898223877e-01
6.918447613716125488e-01
7.576622962951660156e-01
6.591475009918212891e-01
8.899262547492980957e-01
1.216542441397905350e-02
4.729799032211303711e-01
8.599423617124557495e-02
2.524266242980957031e-01
7.438143491744995117e-01
6.982256472110748291e-02
7.930669188499450684e-01
2.099232375621795654e-01
1.591069847345352173e-01
6.585526466369628906e-01
6.078980565071105957e-01
6.132257580757141113e-01
3.161538839340209961e-01
6.343447566032409668e-01
4.649143815040588379e-01
7.154611945152282715e-01
1.065502017736434937e-01
4.587182402610778809e-01
1.152033824473619461e-02
8.562176227569580078e-01
7.934957742691040039e-01
2.495290040969848633e-01
3.627373576164245605e-01
7.556531578302383423e-02
7.273297309875488281e-01
2.143182009458541870e-01
8.691281080245971680e-01
5.891858935356140137e-01
9.134317040443420410e-01
7.034447193145751953e-01
4.029275476932525635e-01
8.542264699935913086e-01
1.318784952163696289e-01
8.384934663772583008e-01
8.685839772224426270e-01
8.930837512016296387e-01
6.395317912101745605e-01
9.099402427673339844e-01
1.496733278036117554e-01
6.225714087486267090e-01
8.329291939735412598e-01
5.361747145652770996e-01
2.784447073936462402e-01
1.499306857585906982e-01
8.578966856002807617e-01
8.520771265029907227e-01
7.465344071388244629e-01
4.629927277565002441e-01
4.756748676300048828e-01
3.434411585330963135e-01
1.213291734457015991e-01
3.772166371345520020e-02
9.129371643066406250e-01
4.471298158168792725e-01
8.743809461593627930e-01
1.463718712329864502e-01
2.774281203746795654e-01
1.656055450439453125e-01
2.254163473844528198e-01
4.059062600135803223e-01
1.591479033231735229e-01
9.607484340667724609e-01
6.930134892463684082e-01
1.664273142814636230e-01
7.226788997650146484e-01
8.888263702392578125e-01
8.960813283920288086e-01
8.939611166715621948e-02
8.349204063415527344e-01
2.498393505811691284e-01
4.946223273873329163e-02
7.715657353401184082e-01
1.855985224246978760e-01
6.989083886146545410e-01
9.321203827857971191e-01
9.699175357818603516e-01
9.109027683734893799e-02
5.328744649887084961e-01
2.707789838314056396e-01
9.642711877822875977e-01
8.144099116325378418e-01
5.235257744789123535e-01
3.260882496833801270e-01
5.144493579864501953e-01
9.327114224433898926e-01
2.778416872024536133e-01
9.534162282943725586e-01
2.123748511075973511e-01
1.538100689649581909e-01
8.128191232681274414e-01
3.540515899658203125e-02
4.077589511871337891e-02
3.854197263717651367e-01
2.588463127613067627e-01
6.588502526283264160e-01
5.546690821647644043e-01
5.194223523139953613e-01
6.838847994804382324e-01
7.280501723289489746e-01
6.400638818740844727e-01
3.341372907161712646e-01
8.231185674667358398e-01
7.255704998970031738e-01
7.822321057319641113e-01
3.624802827835083008e-01
2.615746110677719116e-02
1.259228885173797607e-01
9.062181115150451660e-01
8.924500942230224609e-01
8.145233988761901855e-02
1.194940134882926941e-01
1.161820217967033386e-01
3.983775526285171509e-02
3.478908240795135498e-01
7.535552978515625000e-01
8.799988031387329102e-01
7.081236243247985840e-01
3.114123046398162842e-01
9.462144970893859863e-01
2.629287838935852051e-01
6.438050866127014160e-01
7.137721776962280273e-02
9.071075916290283203e-01
1.248657181859016418e-01
4.935113489627838135e-01
7.187111973762512207e-01
2.131579071283340454e-01
2.061121165752410889e-02
2.672405540943145752e-01
1.679307073354721069e-01
4.380493462085723877e-01
3.114810287952423096e-01
5.305207967758178711e-01
9.636929631233215332e-01
1.251504719257354736e-01
4.776645302772521973e-01
1.893908679485321045e-01
6.022115945816040039e-01
8.560221791267395020e-01
5.037844926118850708e-02
6.228973865509033203e-01
1.029065623879432678e-02
1.950021088123321533e-01
4.098990261554718018e-01
6.786565762013196945e-03
1.480616908520460129e-02
2.352793365716934204e-01
8.174196481704711914e-01
3.411412239074707031e-01
6.642366647720336914e-01
2.661260664463043213e-01
8.202083706855773926e-01
3.038077354431152344e-01
3.461525738239288330e-01
8.470783233642578125e-01
2.802502363920211792e-02
4.474354907870292664e-02
9.873695969581604004e-01
1.362289786338806152e-01
5.575191378593444824e-01
8.627419471740722656e-01
2.414938360452651978e-01
3.337912559509277344e-01
2.682676613330841064e-01
5.593411326408386230e-01
2.754328548908233643e-01
5.166377425193786621e-01
3.697775602340698242e-01
2.219655662775039673e-01
1.928485929965972900e-02
6.503514051437377930e-01
6.917135119438171387e-01
5.523576140403747559e-01
1.951026022434234619e-01
7.509287446737289429e-02
4.882753789424896240e-01
1.628303676843643188e-01
2.991742491722106934e-01
5.683962702751159668e-01
7.022967338562011719e-01
6.149553656578063965e-01
8.966548442840576172e-01
7.201637029647827148e-01
3.750033974647521973e-01
9.251989722251892090e-01
9.129021167755126953e-01
1.946432590484619141e-01
1.996743306517601013e-02
6.039250642061233521e-02
6.987665295600891113e-01
6.416607648134231567e-02
9.308055043220520020e-01
1.279285550117492676e-01
1.328521817922592163e-01
9.720364958047866821e-02
8.219411969184875488e-01
9.411123991012573242e-01
1.402615457773208618e-01
1.551190763711929321e-01
1.532710492610931396e-01
8.453789949417114258e-01
5.468878522515296936e-02
2.752460837364196777e-01
9.066088795661926270e-01
7.574779987335205078e-01
3.576579093933105469e-01
8.458138108253479004e-01
5.131714940071105957e-01
8.173379898071289062e-01
7.287207841873168945e-01
2.009317129850387573e-01
8.938683867454528809e-01
8.450508117675781250e-01
1.269315481185913086e-01
1.242375373840332031e-01
4.929620921611785889e-01
8.601033687591552734e-01
7.181236743927001953e-01
7.605499029159545898e-02
2.595056891441345215e-01
7.697476744651794434e-01
2.586450874805450439e-01
2.680870592594146729e-01
5.174731016159057617e-01
6.620045900344848633e-01
9.460493326187133789e-01
2.609615921974182129e-01
6.909129768610000610e-02
5.792139768600463867e-01
3.799217343330383301e-01
8.843693137168884277e-01
1.561296582221984863e-01
9.690464735031127930e-01
6.204727292060852051e-01
8.953047394752502441e-01
8.550642430782318115e-02
3.221549987792968750e-01
2.721120715141296387e-01
6.027235984802246094e-01
5.624265670776367188e-01
8.330066800117492676e-01
9.373460412025451660e-01
3.602314293384552002e-01
5.773590803146362305e-01
1.133960261940956116e-01
9.037612676620483398e-01
3.523383662104606628e-02
3.785677850246429443e-01
3.221312463283538818e-01
3.206685483455657959e-01
2.382696270942687988e-01
2.928554117679595947e-01
5.331954918801784515e-03
6.000366806983947754e-01
7.345971465110778809e-01
1.766062080860137939e-01
8.205483555793762207e-01
1.331650465726852417e-01
4.048448204994201660e-01
7.180772423744201660e-01
8.672156929969787598e-01
3.431504964828491211e-01
4.535722732543945312e-01
4.785047098994255066e-02
7.743595242500305176e-01
8.033744096755981445e-01
4.656135290861129761e-02
3.867811858654022217e-01
8.884341120719909668e-01
7.858696579933166504e-02
4.136671498417854309e-02
9.154153466224670410e-01
5.534390211105346680e-01
6.792836785316467285e-01
4.816953539848327637e-01
9.564227461814880371e-01
7.486765384674072266e-01
9.571698904037475586e-01
8.006636500358581543e-01
3.181851208209991455e-01
1.029253005981445312e-01
5.248036384582519531e-01
3.021352551877498627e-02
3.980201780796051025e-01
9.343679249286651611e-02
5.754444599151611328e-01
8.238845467567443848e-01
4.935136809945106506e-02
3.457527160644531250e-01
4.149450063705444336e-01
7.102319002151489258e-01
3.350513279438018799e-01
1.354725807905197144e-01
5.626307129859924316e-01
8.230142593383789062e-01
4.900792147964239120e-03
4.835717380046844482e-01
9.511165022850036621e-01
6.481806188821792603e-02
9.681007862091064453e-01
2.877835929393768311e-01
8.667801618576049805e-01
9.109035134315490723e-01
1.986600644886493683e-02
3.426352441310882568e-01
5.241532996296882629e-02
8.996530771255493164e-01
1.222544312477111816e-01
4.776973426342010498e-01
4.595511853694915771e-01
6.388444900512695312e-01
6.812983751296997070e-02
4.425633549690246582e-01
2.212527990341186523e-01
2.408963441848754883e-02
5.079842358827590942e-02
8.137279152870178223e-01
9.565980434417724609e-01
4.080637395381927490e-01
5.807554125785827637e-01
3.334778845310211182e-01
3.085540831089019775e-01
8.608971834182739258e-01
5.197459831833839417e-02
3.813670203089714050e-02
8.448091745376586914e-01
3.214694857597351074e-01
4.197566807270050049e-01
3.539721071720123291e-01
1.381525099277496338e-01
3.281402960419654846e-02
2.157670110464096069e-01
6.023815870285034180e-01
5.149886608123779297e-01
3.672889471054077148e-01
8.047577142715454102e-01
1.459019035100936890e-01
9.049835801124572754e-01
1.393263339996337891e-01
1.474501788616180420e-01
9.673920869827270508e-01
7.348572611808776855e-01
2.986891195178031921e-02
3.210351467132568359e-01
8.981282114982604980e-01
1.451270729303359985e-01
6.803759336471557617e-01
4.732821136713027954e-02
6.426532268524169922e-01
3.270200192928314209e-01
9.615565538406372070e-01
7.453294396400451660e-01
5.208536386489868164e-01
1.832227110862731934e-01
5.222272276878356934e-01
1.251397579908370972e-01
3.992502093315124512e-01
7.383224964141845703e-01
8.598967790603637695e-01
6.581979393959045410e-01
8.524125069379806519e-02
7.284752130508422852e-01
1.033642236143350601e-02
5.665321946144104004e-01
2.894024252891540527e-01
1.168317198753356934e-01
9.120817184448242188e-01
5.709189176559448242e-01
4.119818806648254395e-01
9.069538116455078125e-01
6.360085606575012207e-01
4.511607587337493896e-01
8.529386520385742188e-01
8.049188256263732910e-01
5.521340966224670410e-01
7.833592295646667480e-01
1.084834113717079163e-01
3.456760942935943604e-02
8.959421515464782715e-02
2.591020166873931885e-01
9.037461876869201660e-01
2.740787863731384277e-01
8.193504214286804199e-01
1.565808653831481934e-01
3.357516974210739136e-02
3.982641994953155518e-01
6.302258968353271484e-01
1.984275132417678833e-02
3.286269903182983398e-01
2.320351004600524902e-01
7.695262134075164795e-02
5.382316708564758301e-01
6.891815662384033203e-01
7.558787465095520020e-01
9.136735647916793823e-02
2.261638492345809937e-01
8.285183906555175781e-01
9.411568045616149902e-01
7.868919372558593750e-01
2.661260664463043213e-01
8.227115273475646973e-01
5.881118178367614746e-01
9.194300770759582520e-01
6.681388616561889648e-01
2.417880445718765259e-01
2.309103868901729584e-02
7.909929752349853516e-01
3.521316349506378174e-01
1.371980756521224976e-01
1.453303098678588867e-01
3.664098083972930908e-01
9.386949539184570312e-01
3.433051705360412598e-01
3.966377675533294678e-01
8.267613500356674194e-02
8.792551755905151367e-01
4.226233065128326416e-01
4.078494310379028320e-01
9.398655295372009277e-01
2.766305208206176758e-01
5.385926365852355957e-01
8.423120975494384766e-01
1.207538694143295288e-01
1.686551272869110107e-01
9.573644399642944336e-01
5.692729353904724121e-01
3.376693129539489746e-01
4.077464342117309570e-02
5.738704204559326172e-01
9.090875089168548584e-02
6.265668272972106934e-01
8.594679236412048340e-01
7.470094412565231323e-02
8.496835827827453613e-01
2.986269593238830566e-01
8.923287689685821533e-02
1.918852031230926514e-01
8.732406497001647949e-01
7.865371704101562500e-01
9.643785357475280762e-01
3.035151958465576172e-01
6.424265503883361816e-01
5.873541235923767090e-01
5.779297947883605957e-01
2.087038010358810425e-01
5.117625594139099121e-01
3.799964785575866699e-01
3.214737772941589355e-01
2.825305610895156860e-02
2.771294713020324707e-01
1.762349903583526611e-01
1.977663189172744751e-01
8.085278272628784180e-01
5.682232379913330078e-01
8.120260834693908691e-01
9.782083630561828613e-01
1.951128989458084106e-01
4.877635240554809570e-01
4.352236092090606689e-01
6.381664872169494629e-01
3.031790256500244141e-01
9.133955240249633789e-01
8.378260135650634766e-01
2.623580098152160645e-01
7.608859539031982422e-01
2.516339719295501709e-01
8.230204582214355469e-01
8.747969269752502441e-01
4.935113489627838135e-01
5.048440694808959961e-01
3.726373612880706787e-01
6.652944087982177734e-01
1.003374308347702026e-01
9.382603764533996582e-01
1.239945739507675171e-01
2.437890619039535522e-01
6.890308111906051636e-02
9.744409918785095215e-01
8.853858709335327148e-01
5.101189017295837402e-01
2.805694192647933960e-02
9.561412930488586426e-01
4.146499559283256531e-02
7.291214466094970703e-01
5.710973739624023438e-01
6.978412270545959473e-01
4.341727495193481445e-01
4.524117708206176758e-01
2.335574477910995483e-01
5.329782366752624512e-01
2.932908236980438232e-01
5.949277877807617188e-01
8.885069936513900757e-02
8.480407595634460449e-01
4.871019124984741211e-01
6.882235407829284668e-01
2.267219722270965576e-01
9.165261387825012207e-01
6.686887145042419434e-02
6.831470131874084473e-01
5.018529891967773438e-01
4.879395067691802979e-01
2.204334735870361328e-01
9.172729849815368652e-01
1.882061511278152466e-01
5.504511594772338867e-01
3.679718077182769775e-01
7.544618844985961914e-01
6.790731549263000488e-01
1.823258250951766968e-01
4.969564974308013916e-01
5.867780447006225586e-01
3.172248899936676025e-01
8.930359035730361938e-02
9.613450169563293457e-01
8.649058938026428223e-01
1.066391915082931519e-02
1.627590060234069824e-01
9.546375274658203125e-01
2.894986867904663086e-01
3.983808457851409912e-01
9.753746390342712402e-01
2.112044394016265869e-01
7.636431455612182617e-01
6.712786555290222168e-01
8.796322941780090332e-01
2.662273943424224854e-01
9.579216688871383667e-02
9.463694095611572266e-01
1.110901460051536560e-01
6.068708896636962891e-01
9.425250887870788574e-01
6.038218736648559570e-01
3.510096371173858643e-01
2.124110311269760132e-01
5.035228729248046875e-01
2.649010717868804932e-02
8.962844014167785645e-01
6.493985056877136230e-01
2.582472860813140869e-01
4.083790183067321777e-01
2.150066792964935303e-01
6.190106272697448730e-02
4.415920376777648926e-01
8.060780763626098633e-01
8.344942331314086914e-01
2.954112291336059570e-01
7.315161824226379395e-01
2.218320667743682861e-01
9.360260516405105591e-02
7.121337056159973145e-01
9.716579914093017578e-01
1.828966289758682251e-01
7.657420039176940918e-01
3.566599488258361816e-01
1.807931624352931976e-02
5.261569619178771973e-01
5.611022114753723145e-01
6.625572443008422852e-01
3.912845849990844727e-01
1.776217520236968994e-01
9.498282670974731445e-01
9.225791096687316895e-01
8.175625801086425781e-01
2.951180003583431244e-02
3.149137794971466064e-01
2.306858897209167480e-01
2.418808341026306152e-01
1.089148148894309998e-01
5.001839995384216309e-01
4.960905909538269043e-01
8.981112837791442871e-01
7.529383301734924316e-01
1.225594654679298401e-01
2.353453934192657471e-01
7.083140015602111816e-01
8.569259047508239746e-01
2.798420749604701996e-02
5.810138583183288574e-01
3.430571556091308594e-01
5.355615019798278809e-01
5.067081451416015625e-01
7.779964804649353027e-01
4.014807939529418945e-01
8.026415109634399414e-01
7.616809606552124023e-01
2.715195761993527412e-03
8.658061735332012177e-03
4.837763309478759766e-01
1.761992126703262329e-01
1.892188340425491333e-01
6.939296722412109375e-01
4.829700291156768799e-01
5.366862416267395020e-01
9.368788599967956543e-01
6.183366775512695312e-01
8.700695633888244629e-01
4.389229118824005127e-01
2.567180693149566650e-01
6.941819936037063599e-02
9.184341430664062500e-01
2.832675874233245850e-01
1.224242970347404480e-01
9.507446289062500000e-01
9.435570240020751953e-01
5.554167628288269043e-01
9.742032736539840698e-02
