9.163155555725097656e-01
5.779925733804702759e-02
4.884412884712219238e-01
2.301392853260040283e-01
9.121601581573486328e-01
1.118994434364140034e-03
9.864969849586486816e-01
1.191378533840179443e-01
4.008579533547163010e-03
8.940723538398742676e-01
9.988631010055541992e-01
9.432901144027709961e-01
9.997521042823791504e-01
9.992873072624206543e-01
7.258328199386596680e-01
9.998750686645507812e-01
9.999437332153320312e-01
9.928357005119323730e-01
9.837043285369873047e-02
9.782418608665466309e-01
9.995555281639099121e-01
9.900319576263427734e-01
9.859184026718139648e-01
1.670688949525356293e-02
9.995911717414855957e-01
9.995527863502502441e-01
8.950757384300231934e-01
9.531601667404174805e-01
4.846619069576263428e-01
6.968886256217956543e-01
8.545446209609508514e-03
5.038943290710449219e-01
6.188349723815917969e-01
9.981812238693237305e-01
9.803851842880249023e-01
9.993188381195068359e-01
1.878632814623415470e-03
2.164382301270961761e-02
9.619608521461486816e-03
8.692240118980407715e-01
5.479395040310919285e-04
9.971426129341125488e-01
9.945029020309448242e-01
9.928942322731018066e-01
9.683641195297241211e-01
4.914388656616210938e-01
5.291863679885864258e-01
9.558299183845520020e-01
9.888288378715515137e-01
9.998463392257690430e-01
3.616280555725097656e-01
9.829256534576416016e-01
9.957717061042785645e-01
9.858261942863464355e-01
1.695927381515502930e-01
8.994104862213134766e-01
9.947505593299865723e-01
9.815093278884887695e-01
9.875527620315551758e-01
1.395724620670080185e-02
1.764088720083236694e-01
9.911246895790100098e-01
9.562638998031616211e-01
7.220350503921508789e-01
9.924042820930480957e-01
9.997780919075012207e-01
7.802585363388061523e-01
9.987033605575561523e-01
5.547314882278442383e-01
9.789975285530090332e-01
5.076311826705932617e-01
9.740784764289855957e-01
9.997429251670837402e-01
9.837260842323303223e-01
8.787722587585449219e-01
9.997665286064147949e-01
9.107521176338195801e-01
9.964194297790527344e-01
9.992048144340515137e-01
6.491088271141052246e-01
6.329627037048339844e-01
9.997548460960388184e-01
9.988427162170410156e-01
9.867598414421081543e-01
9.997776150703430176e-01
9.997631907463073730e-01
4.615571498870849609e-01
5.950087308883666992e-02
3.052951395511627197e-01
1.535424441099166870e-01
9.988747239112854004e-01
9.802118539810180664e-01
5.493600387126207352e-03
1.321798283606767654e-02
9.991105198860168457e-01
9.851401448249816895e-01
7.236899137496948242e-01
8.976805210113525391e-01
9.982367753982543945e-01
7.575837373733520508e-01
9.750256538391113281e-01
9.997293353080749512e-01
9.924080371856689453e-01
2.631255388259887695e-01
2.170077860355377197e-01
6.378273367881774902e-01
9.996725320816040039e-01
7.390654087066650391e-02
9.198094718158245087e-03
3.330382406711578369e-01
9.273100495338439941e-01
9.428990483283996582e-01
6.506395936012268066e-01
9.793229103088378906e-01
9.977904558181762695e-01
9.773653745651245117e-01
9.996321201324462891e-01
2.857284843921661377e-01
9.998731613159179688e-01
1.233233045786619186e-02
1.433401182293891907e-02
8.494780063629150391e-01
9.521186351776123047e-01
1.004643961787223816e-01
9.999570846557617188e-01
9.998499155044555664e-01
9.311509728431701660e-01
5.626046098768711090e-03
6.725269369781017303e-03
9.989823698997497559e-01
1.026378273963928223e-01
9.987649917602539062e-01
9.902408123016357422e-01
9.976310729980468750e-01
3.965312615036964417e-02
9.864816665649414062e-01
8.981812596321105957e-01
9.989234805107116699e-01
5.696368813514709473e-01
3.083056770265102386e-02
9.874596595764160156e-01
5.213004946708679199e-01
9.701474308967590332e-01
8.656582832336425781e-01
9.392217993736267090e-01
2.146004438400268555e-01
7.578955497592687607e-03
7.792218923568725586e-01
9.997435212135314941e-01
8.827952146530151367e-01
9.432559609413146973e-01
9.519183039665222168e-01
1.222366839647293091e-02
8.231641054153442383e-01
9.986600875854492188e-01
1.006246805191040039e-01
3.879427164793014526e-02
9.844382405281066895e-01
3.544082045555114746e-01
6.659945845603942871e-01
6.742013152688741684e-03
6.454787254333496094e-01
9.715922474861145020e-01
9.915730953216552734e-01
1.568114012479782104e-01
4.192777872085571289e-01
8.981568217277526855e-01
9.675469398498535156e-01
9.956150054931640625e-01
9.961959123611450195e-01
9.877462387084960938e-01
1.140640676021575928e-02
7.719230055809020996e-01
6.549735367298126221e-02
7.433164119720458984e-01
4.804149568080902100e-01
9.757013320922851562e-01
5.213928595185279846e-02
6.925049424171447754e-02
1.118840277194976807e-01
7.226771116256713867e-01
8.155589699745178223e-01
9.997962117195129395e-01
9.870139360427856445e-01
9.998642206192016602e-01
9.791042804718017578e-01
9.999010562896728516e-01
9.994772076606750488e-01
9.995717406272888184e-01
2.277660220861434937e-01
9.998583793640136719e-01
9.117830991744995117e-01
3.973414003849029541e-01
9.993023872375488281e-01
4.776253104209899902e-01
9.854699373245239258e-01
9.932002425193786621e-01
9.916090369224548340e-01
9.950798749923706055e-01
1.379147171974182129e-02
9.952259063720703125e-01
9.942687749862670898e-01
7.273462414741516113e-01
9.993554949760437012e-01
9.030435085296630859e-01
7.879517972469329834e-02
1.040396541357040405e-01
5.281168594956398010e-02
1.600005924701690674e-01
1.013657525181770325e-01
9.266878366470336914e-01
9.997062087059020996e-01
9.982554316520690918e-01
8.401783108711242676e-01
9.998322725296020508e-01
9.997010827064514160e-01
1.178327202796936035e-02
9.998786449432373047e-01
2.386812120676040649e-01
9.994881153106689453e-01
5.213888734579086304e-02
1.026586741209030151e-01
9.997928738594055176e-01
8.868201971054077148e-01
9.979060888290405273e-01
7.221119403839111328e-01
3.719954984262585640e-03
8.715085387229919434e-01
5.758834886364638805e-04
9.970560073852539062e-01
9.996902942657470703e-01
9.924015998840332031e-01
9.716356545686721802e-02
9.981898665428161621e-01
9.923987984657287598e-01
8.839924335479736328e-01
6.247724294662475586e-01
4.634074270725250244e-01
9.988297820091247559e-01
9.717176556587219238e-01
9.869818091392517090e-01
9.972004890441894531e-01
2.990226447582244873e-01
1.255123168230056763e-01
8.313875198364257812e-01
9.987497329711914062e-01
9.942318797111511230e-01
4.395866692066192627e-01
3.059476241469383240e-02
9.042339324951171875e-01
9.634272456169128418e-01
3.395806998014450073e-02
9.999557733535766602e-01
9.929012656211853027e-01
5.140597373247146606e-02
9.988160133361816406e-01
9.734698534011840820e-01
9.928953051567077637e-01
9.898653626441955566e-01
6.699855625629425049e-02
8.593354374170303345e-03
9.994575381278991699e-01
9.998413324356079102e-01
9.995719790458679199e-01
9.971303343772888184e-01
1.695803925395011902e-02
2.309784293174743652e-01
9.848355650901794434e-01
6.279649734497070312e-01
9.927345514297485352e-01
9.929326772689819336e-01
8.998099565505981445e-01
9.923795461654663086e-01
9.845329821109771729e-02
6.908563375473022461e-01
1.912909001111984253e-01
9.956615567207336426e-01
4.036190733313560486e-02
9.998691082000732422e-01
9.991341233253479004e-01
9.931249022483825684e-01
9.814634323120117188e-01
6.826398372650146484e-01
9.897853732109069824e-01
9.999538660049438477e-01
9.580801725387573242e-01
9.992979764938354492e-01
9.374845623970031738e-01
9.988220334053039551e-01
3.297799825668334961e-01
3.266249597072601318e-01
1.624570344574749470e-03
9.991648197174072266e-01
1.648632809519767761e-02
1.161367818713188171e-02
9.939310550689697266e-01
9.854869842529296875e-01
9.958103895187377930e-01
4.037565365433692932e-02
9.989945292472839355e-01
9.987904429435729980e-01
4.704244136810302734e-01
3.895087242126464844e-01
8.137238211929798126e-03
9.994564652442932129e-01
8.401342630386352539e-01
4.780935347080230713e-01
4.972459077835083008e-01
1.181548684835433960e-01
9.932954907417297363e-01
6.932377815246582031e-01
5.029977560043334961e-01
2.294575870037078857e-01
4.789120554924011230e-01
1.456226855516433716e-01
9.982819557189941406e-01
3.001527190208435059e-01
5.382596850395202637e-01
9.820048809051513672e-01
9.370211958885192871e-01
9.865364432334899902e-01
9.597510695457458496e-01
9.365180730819702148e-01
5.662945285439491272e-02
9.956697225570678711e-01
9.958981871604919434e-01
9.971658587455749512e-01
9.906346201896667480e-01
9.041024446487426758e-01
1.639942824840545654e-01
8.311936855316162109e-01
9.703338742256164551e-01
6.360886693000793457e-01
9.829639196395874023e-01
9.915515184402465820e-01
7.949727028608322144e-02
3.635453879833221436e-01
9.336745142936706543e-01
9.855538010597229004e-01
9.816647768020629883e-01
9.578068852424621582e-01
9.997238516807556152e-01
3.493196796625852585e-03
7.575121521949768066e-01
1.301735937595367432e-01
9.853518605232238770e-01
8.517153859138488770e-01
9.808096289634704590e-01
9.975202679634094238e-01
9.935514926910400391e-01
5.053004622459411621e-01
5.330859422683715820e-01
9.984136819839477539e-01
9.891967177391052246e-01
2.500184811651706696e-02
9.968903660774230957e-01
2.092948881909251213e-03
8.420306444168090820e-01
1.944599673151969910e-02
9.344698786735534668e-01
9.880465269088745117e-01
9.735551476478576660e-01
9.995492100715637207e-01
9.902123808860778809e-01
9.985721111297607422e-01
9.924040436744689941e-01
9.984312653541564941e-01
6.824162006378173828e-01
5.396758913993835449e-01
9.937644004821777344e-01
8.597943186759948730e-01
5.761942267417907715e-01
9.084084071218967438e-03
7.946797609329223633e-01
1.113189198076725006e-02
4.682308435440063477e-02
9.957194924354553223e-01
5.959244370460510254e-01
9.213683195412158966e-03
1.043368950486183167e-01
6.599946618080139160e-01
9.968752861022949219e-01
7.175897806882858276e-02
9.456627964973449707e-01
9.999427795410156250e-01
9.997828602790832520e-01
8.350087329745292664e-03
9.539042115211486816e-01
9.984684586524963379e-01
9.899569153785705566e-01
8.859367370605468750e-01
9.961380362510681152e-01
9.983398914337158203e-01
8.938445243984460831e-04
3.744633495807647705e-01
9.998877048492431641e-01
4.034329950809478760e-01
2.707283711060881615e-04
1.078713163733482361e-01
2.946085631847381592e-01
9.844558238983154297e-01
7.607286572456359863e-01
9.285959601402282715e-01
9.998419284820556641e-01
9.984923601150512695e-01
9.973694086074829102e-01
9.507964253425598145e-01
1.299881488084793091e-01
9.692499041557312012e-01
2.881175279617309570e-02
9.993071556091308594e-01
9.981710910797119141e-01
9.946899414062500000e-01
9.990152120590209961e-01
9.649528264999389648e-01
9.936807155609130859e-01
7.469494938850402832e-01
9.745184183120727539e-01
9.845176339149475098e-01
1.846443712711334229e-01
4.728147387504577637e-01
9.887121915817260742e-01
1.803936213254928589e-01
6.222544312477111816e-01
1.796832308173179626e-03
6.995409727096557617e-02
9.984422326087951660e-01
1.006494858302175999e-04
9.969596862792968750e-01
9.984619617462158203e-01
3.839054144918918610e-03
3.851184248924255371e-01
9.906230568885803223e-01
9.993079900741577148e-01
9.994334578514099121e-01
9.893590211868286133e-01
2.173105254769325256e-03
9.993365406990051270e-01
9.993510842323303223e-01
7.784091830253601074e-01
9.992930889129638672e-01
8.629088290035724640e-03
6.925049424171447754e-02
9.940413832664489746e-01
3.633790016174316406e-01
9.915807843208312988e-01
9.978753328323364258e-01
8.967140913009643555e-01
7.290984690189361572e-02
9.943497776985168457e-01
9.700127243995666504e-01
9.832537770271301270e-01
5.745961070060729980e-01
9.966315627098083496e-01
8.851433172821998596e-03
9.998542070388793945e-01
1.953711062669754028e-01
9.988823533058166504e-01
7.199844717979431152e-01
1.339056193828582764e-01
9.986299276351928711e-01
3.694494068622589111e-01
2.054146379232406616e-01
5.132848620414733887e-01
5.548341199755668640e-03
2.666194140911102295e-01
9.993687272071838379e-01
8.904719352722167969e-01
9.856504797935485840e-01
9.942836165428161621e-01
9.912458062171936035e-02
9.970052838325500488e-01
4.436323046684265137e-01
6.707128286361694336e-01
9.210602641105651855e-01
9.956608414649963379e-01
9.947927594184875488e-01
9.829882979393005371e-01
9.940104484558105469e-01
8.238560557365417480e-01
9.996261596679687500e-01
1.688457280397415161e-01
2.369680106639862061e-01
2.754947170615196228e-02
9.925441741943359375e-01
4.676626026630401611e-01
7.820561528205871582e-02
9.538187384605407715e-01
1.946030883118510246e-03
9.712158441543579102e-01
9.992146492004394531e-01
1.357053313404321671e-02
9.903166890144348145e-01
9.997045397758483887e-01
9.992625117301940918e-01
1.427758135832846165e-03
9.977403879165649414e-01
9.990592598915100098e-01
9.575912845320999622e-04
1.150933653116226196e-02
8.583576083183288574e-01
8.281402587890625000e-01
8.993613123893737793e-01
2.530793845653533936e-01
9.984394907951354980e-01
9.754642248153686523e-01
9.999084472656250000e-01
1.660177111625671387e-02
9.975166320800781250e-01
5.781778134405612946e-03
5.387394428253173828e-01
2.858905792236328125e-01
7.534381747245788574e-02
9.994508624076843262e-01
9.997870326042175293e-01
1.885277591645717621e-02
5.174216628074645996e-01
7.079211473464965820e-01
9.252268075942993164e-02
9.994383454322814941e-01
9.966875910758972168e-01
9.948645234107971191e-01
9.234335422515869141e-01
8.985285460948944092e-02
2.821124531328678131e-02
5.204238295555114746e-01
9.778670668601989746e-01
1.147044543176889420e-02
9.943102598190307617e-01
9.941279888153076172e-01
8.153015375137329102e-01
9.342136383056640625e-01
6.708679348230361938e-02
9.149936437606811523e-01
5.220983624458312988e-01
1.179537475109100342e-01
7.341817617416381836e-01
9.965997338294982910e-01
9.991512298583984375e-01
6.260691583156585693e-02
8.416311442852020264e-02
9.432648420333862305e-01
7.564246654510498047e-02
8.883138298988342285e-01
1.062159761786460876e-01
9.997126460075378418e-01
7.503467053174972534e-02
2.198491059243679047e-02
6.071533560752868652e-01
9.404594898223876953e-01
9.880010485649108887e-01
9.237611889839172363e-01
9.846441745758056641e-01
9.856789708137512207e-01
6.668029427528381348e-01
8.158879876136779785e-01
1.034616827964782715e-01
9.962584972381591797e-01
8.100522756576538086e-01
3.745193183422088623e-01
9.619969725608825684e-01
7.838540077209472656e-01
9.998302459716796875e-01
2.345242798328399658e-01
8.580388426780700684e-01
9.361372888088226318e-02
8.832246661186218262e-01
9.869051575660705566e-01
3.393648862838745117e-01
9.995243549346923828e-01
9.740280508995056152e-01
2.586747407913208008e-01
1.404876410961151123e-01
6.192938089370727539e-01
9.691457748413085938e-01
4.891203641891479492e-01
9.743602275848388672e-01
9.969033598899841309e-01
9.982294440269470215e-01
1.997954547405242920e-01
9.954291582107543945e-01
9.893006682395935059e-01
9.951062202453613281e-01
8.600146770477294922e-01
1.052265893667936325e-02
8.746761679649353027e-01
9.937235713005065918e-01
9.842216968536376953e-01
7.893989793956279755e-03
1.330371797084808350e-01
8.237503170967102051e-01
9.989944100379943848e-01
9.982764720916748047e-01
9.147256016731262207e-01
2.854631748050451279e-03
2.603567540645599365e-01
9.265686869621276855e-01
9.984253644943237305e-01
9.972761273384094238e-01
9.996033310890197754e-01
2.233763188123703003e-01
8.940581679344177246e-01
9.827103018760681152e-01
2.342546544969081879e-02
5.493006319738924503e-04
3.188589513301849365e-01
9.942240118980407715e-01
8.767649531364440918e-01
9.809176921844482422e-01
9.929623007774353027e-01
7.934149503707885742e-01
8.472739905118942261e-02
4.915537238121032715e-01
5.860144272446632385e-02
9.993164539337158203e-01
9.986754059791564941e-01
2.427297234535217285e-01
2.150062024593353271e-01
4.434963762760162354e-01
9.825211167335510254e-01
2.732374938204884529e-03
9.836907982826232910e-01
2.291864342987537384e-02
9.792314767837524414e-01
4.381473660469055176e-01
6.286399960517883301e-01
9.975079298019409180e-01
9.132044315338134766e-01
9.947565793991088867e-01
4.887797534465789795e-01
2.006194554269313812e-03
7.151445746421813965e-01
8.472978472709655762e-01
9.997321963310241699e-01
9.742183089256286621e-01
9.881190657615661621e-01
1.850620955228805542e-01
8.355859518051147461e-01
9.847271442413330078e-01
9.722442626953125000e-01
9.988712668418884277e-01
9.996324777603149414e-01
9.817357659339904785e-01
1.577851325273513794e-01
1.061966642737388611e-01
4.434726724866777658e-04
9.291700720787048340e-01
9.994785189628601074e-01
1.141992360353469849e-01
9.451673626899719238e-01
4.668391868472099304e-02
9.997220635414123535e-01
5.862107872962951660e-02
5.358357429504394531e-01
6.434572339057922363e-01
3.086122870445251465e-01
5.037165880203247070e-01
9.483950138092041016e-01
9.997500777244567871e-01
9.983664155006408691e-01
9.990307092666625977e-01
9.994091987609863281e-01
9.126878380775451660e-01
9.997510313987731934e-01
9.738202095031738281e-01
8.494763374328613281e-01
9.867841005325317383e-01
1.263402104377746582e-01
9.997388720512390137e-01
9.994068145751953125e-01
2.930675260722637177e-02
9.935107827186584473e-01
9.969606995582580566e-01
9.990029931068420410e-01
9.874628186225891113e-01
2.921662479639053345e-02
4.392134547233581543e-01
1.261344403028488159e-01
9.135181903839111328e-01
9.989600181579589844e-01
7.590187788009643555e-01
2.596582844853401184e-02
9.600183963775634766e-01
9.980825185775756836e-01
5.715547204017639160e-01
1.375505793839693069e-02
8.787722587585449219e-01
9.958868622779846191e-01
1.427758135832846165e-03
9.991336464881896973e-01
9.989990592002868652e-01
5.183545947074890137e-01
7.693827152252197266e-01
9.638431072235107422e-01
9.992318153381347656e-01
9.846479892730712891e-01
1.398683637380599976e-01
5.182414129376411438e-02
9.958403110504150391e-01
8.620828986167907715e-01
9.076354503631591797e-01
3.231374081224203110e-03
9.784134626388549805e-01
9.483726024627685547e-01
7.100214958190917969e-01
9.983737468719482422e-01
9.998625516891479492e-01
7.983367890119552612e-02
9.718742370605468750e-01
9.658734202384948730e-01
9.823272228240966797e-01
9.960634112358093262e-01
7.667929530143737793e-01
9.189087748527526855e-01
9.875226616859436035e-01
2.864834964275360107e-01
9.117604494094848633e-01
9.734368920326232910e-01
5.487319231033325195e-01
7.611972689628601074e-01
9.961374402046203613e-01
7.446620464324951172e-01
9.982318282127380371e-01
9.991952776908874512e-01
6.200702786445617676e-01
9.994932413101196289e-01
6.508128251880407333e-03
8.915051817893981934e-01
9.794108867645263672e-01
2.601988017559051514e-01
9.837227463722229004e-01
8.396167755126953125e-01
3.396485373377799988e-02
9.998719692230224609e-01
9.999552965164184570e-01
8.968194723129272461e-01
4.798080772161483765e-03
9.315379895269870758e-03
4.586660768836736679e-03
9.996441602706909180e-01
9.997667670249938965e-01
7.037212606519460678e-03
9.918125867843627930e-01
2.019986361265182495e-01
9.254976511001586914e-01
3.829360604286193848e-01
9.953610301017761230e-01
3.637917935848236084e-01
1.525145620107650757e-01
9.982010126113891602e-01
9.356026649475097656e-01
9.961515069007873535e-01
9.998365640640258789e-01
9.442138075828552246e-01
9.051765799522399902e-01
3.965316340327262878e-02
9.410261511802673340e-01
9.999475479125976562e-01
9.994754195213317871e-01
3.828938305377960205e-02
6.806604266166687012e-01
9.245028495788574219e-01
9.949111342430114746e-01
5.916234850883483887e-01
9.997765421867370605e-01
9.998520612716674805e-01
5.940212309360504150e-02
9.976074695587158203e-01
8.746825456619262695e-01
9.966474175453186035e-01
9.466049075126647949e-01
9.934472441673278809e-01
9.910336136817932129e-01
4.348912835121154785e-02
9.991149306297302246e-01
9.441903233528137207e-01
9.998565912246704102e-01
1.217705532908439636e-01
9.999301433563232422e-01
7.396164536476135254e-01
9.900268316268920898e-01
9.993782043457031250e-01
8.612880706787109375e-01
9.898904561996459961e-01
9.853786230087280273e-01
1.078259898349642754e-03
9.905185103416442871e-01
3.768265247344970703e-02
9.987766146659851074e-01
9.984806180000305176e-01
1.349050737917423248e-02
1.856684125959873199e-02
9.996097683906555176e-01
8.610572814941406250e-01
6.988841891288757324e-01
9.989957213401794434e-01
9.526956677436828613e-01
8.038175702095031738e-01
9.992232322692871094e-01
9.997585415840148926e-01
2.529168128967285156e-01
6.678763031959533691e-01
9.937893748283386230e-01
4.342614486813545227e-02
9.976947903633117676e-01
9.957168698310852051e-01
7.316706776618957520e-01
9.899641871452331543e-01
7.881698757410049438e-02
9.952109456062316895e-01
9.936936497688293457e-01
9.988653659820556641e-01
9.997138381004333496e-01
9.984710812568664551e-01
9.958577752113342285e-01
8.698293566703796387e-01
9.919113516807556152e-01
8.597943186759948730e-01
3.313384205102920532e-02
8.445726633071899414e-01
9.944407343864440918e-01
2.946965694427490234e-01
3.839967548847198486e-01
4.664521839004009962e-04
8.990494608879089355e-01
9.989363551139831543e-01
9.656926393508911133e-01
8.615611493587493896e-02
1.044909376651048660e-02
1.240117661654949188e-02
7.754749655723571777e-01
9.998000264167785645e-01
1.950471661984920502e-02
9.754681587219238281e-02
9.974219799041748047e-01
9.678294062614440918e-01
3.056335747241973877e-01
8.784902095794677734e-01
9.998456239700317383e-01
8.908725380897521973e-01
1.851866841316223145e-01
7.881965041160583496e-01
1.828045770525932312e-02
4.272292852401733398e-01
1.526238024234771729e-01
9.940868616104125977e-01
2.997318208217620850e-01
9.998712539672851562e-01
9.969314336776733398e-01
9.881842136383056641e-01
9.841904044151306152e-01
2.848021104000508785e-04
8.717435412108898163e-03
1.248029875569045544e-04
5.340788513422012329e-03
9.988057613372802734e-01
9.830057024955749512e-01
9.979264736175537109e-01
8.784599304199218750e-01
9.999198913574218750e-01
9.999161958694458008e-01
9.950130581855773926e-01
9.989245533943176270e-01
2.410982400178909302e-01
9.991667270660400391e-01
9.995533823966979980e-01
9.807141423225402832e-01
9.981623291969299316e-01
4.109619557857513428e-02
1.274483799934387207e-01
9.092494249343872070e-01
5.990049336105585098e-03
1.099690943956375122e-01
9.994106292724609375e-01
5.565726161003112793e-01
9.999618530273437500e-01
9.925748109817504883e-01
1.429799827747046947e-03
3.952519036829471588e-03
9.930884242057800293e-01
1.906974008306860924e-03
9.227136522531509399e-02
6.167731285095214844e-01
9.977139234542846680e-01
9.834583997726440430e-01
9.987234473228454590e-01
3.165634870529174805e-01
9.999351501464843750e-01
2.578513929620385170e-03
9.551020860671997070e-01
9.995532631874084473e-01
9.964219331741333008e-01
9.103980660438537598e-01
9.988885521888732910e-01
9.499861001968383789e-01
9.996104836463928223e-01
8.040456175804138184e-01
9.860495924949645996e-01
2.740901112556457520e-01
9.977236390113830566e-01
3.097403645515441895e-01
6.802793741226196289e-01
9.891096353530883789e-01
9.833248853683471680e-01
2.529168128967285156e-01
9.998627901077270508e-01
6.055837031453847885e-03
7.305851578712463379e-01
9.742264747619628906e-01
7.284494638442993164e-01
3.226644396781921387e-01
9.995928406715393066e-01
4.431177973747253418e-01
9.286785125732421875e-01
9.873356223106384277e-01
1.123225782066583633e-02
2.068792581558227539e-01
9.960582256317138672e-01
8.690085411071777344e-01
9.751786589622497559e-01
9.974231719970703125e-01
9.144525527954101562e-01
6.741809844970703125e-01
3.831265568733215332e-01
9.992094039916992188e-01
9.863320589065551758e-01
6.389890909194946289e-01
9.639096856117248535e-01
9.995313882827758789e-01
1.107590869069099426e-01
5.738499164581298828e-01
8.277915716171264648e-01
9.986818432807922363e-01
9.992687106132507324e-01
1.008315710350871086e-03
9.265601634979248047e-01
9.841281771659851074e-01
9.934299588203430176e-01
9.962561130523681641e-01
9.969407916069030762e-01
9.969438910484313965e-01
6.090930700302124023e-01
5.264898645691573620e-04
9.991680383682250977e-01
9.989087581634521484e-01
6.314194295555353165e-03
9.657496809959411621e-01
3.120585903525352478e-02
9.689879417419433594e-01
6.878107786178588867e-01
9.967767596244812012e-01
2.237568646669387817e-01
9.997668862342834473e-01
7.626958489418029785e-01
9.974121451377868652e-01
2.046808898448944092e-01
9.455111622810363770e-01
7.321746945381164551e-01
8.849520087242126465e-01
1.424929499626159668e-01
4.824107587337493896e-01
9.996912479400634766e-01
9.911298751831054688e-01
1.472382843494415283e-01
7.714777588844299316e-01
9.997726082801818848e-01
9.992326498031616211e-01
7.536057829856872559e-01
3.438134193420410156e-01
2.753741741180419922e-01
9.812096133828163147e-03
9.980954527854919434e-01
9.964826107025146484e-01
9.891603589057922363e-01
9.980321526527404785e-01
9.988501071929931641e-01
3.524046018719673157e-02
9.977521300315856934e-01
9.987566471099853516e-01
9.904518127441406250e-01
9.291119575500488281e-01
9.715170860290527344e-01
8.919327855110168457e-01
3.805229067802429199e-01
1.930269994772970676e-03
8.554829955101013184e-01
9.990955591201782227e-01
1.523016691207885742e-01
9.980211257934570312e-01
8.069207668304443359e-01
9.772779345512390137e-01
2.317758053541183472e-01
9.315223097801208496e-01
9.992368221282958984e-01
8.835802078247070312e-01
9.953103661537170410e-01
9.584427475929260254e-01
8.067344427108764648e-01
9.201862215995788574e-01
9.975038170814514160e-01
6.470806896686553955e-03
5.323694944381713867e-01
9.873106479644775391e-01
5.115525126457214355e-01
9.994462132453918457e-01
2.790907770395278931e-02
9.085300564765930176e-01
8.739134669303894043e-01
9.551900625228881836e-01
3.310896754264831543e-01
5.776551961898803711e-01
9.989971518516540527e-01
3.090770216658711433e-03
9.993849992752075195e-01
9.949876070022583008e-01
8.921677470207214355e-01
8.965302705764770508e-01
9.985503554344177246e-01
9.724345207214355469e-01
8.629074692726135254e-01
1.478408128023147583e-01
6.599463224411010742e-01
9.639147520065307617e-01
2.172111123800277710e-01
9.842095375061035156e-01
9.987731575965881348e-01
8.663394451141357422e-01
1.446947157382965088e-01
8.150288462638854980e-01
8.612394928932189941e-01
9.809792041778564453e-01
9.061018228530883789e-01
9.884288907051086426e-01
4.036697745323181152e-01
9.613807201385498047e-01
9.269531369209289551e-01
9.996814727783203125e-01
9.990367889404296875e-01
8.388735651969909668e-01
9.769228696823120117e-01
4.870447814464569092e-01
8.693029880523681641e-01
9.187590479850769043e-01
2.633408084511756897e-02
9.832252264022827148e-01
9.978373646736145020e-01
9.997938275337219238e-01
9.946873188018798828e-01
9.985306262969970703e-01
2.852774050552397966e-04
9.998424053192138672e-01
3.491961658000946045e-01
6.688259541988372803e-03
9.790722727775573730e-01
9.798749089241027832e-01
9.511963129043579102e-01
8.970834016799926758e-01
1.355009973049163818e-01
3.231132328510284424e-01
9.912698268890380859e-01
2.008490450680255890e-02
9.252369403839111328e-01
9.029952287673950195e-01
2.219286859035491943e-01
9.543516635894775391e-01
9.994161128997802734e-01
8.720466494560241699e-01
9.956409931182861328e-01
6.825506221503019333e-03
9.995898604393005371e-01
9.442159533500671387e-01
7.213538289070129395e-01
9.527975916862487793e-01
9.948989748954772949e-01
9.991599321365356445e-01
9.972795844078063965e-01
9.632223248481750488e-01
9.995629191398620605e-01
9.959753155708312988e-01
8.498410582542419434e-01
9.929047226905822754e-01
8.057965636253356934e-01
8.570829629898071289e-01
4.317854065448045731e-03
1.418951004743576050e-01
9.911760091781616211e-01
7.408454082906246185e-03
9.910290241241455078e-01
9.980995059013366699e-01
1.607743054628372192e-01
9.984717965126037598e-01
4.368881881237030029e-01
8.580830693244934082e-01
5.200372934341430664e-01
9.986959099769592285e-01
9.314261078834533691e-01
9.426066279411315918e-01
9.845620989799499512e-01
9.993298053741455078e-01
8.063245415687561035e-01
3.102555871009826660e-02
5.978509187698364258e-01
8.049830794334411621e-01
1.645626127719879150e-01
9.983509778976440430e-01
6.282125711441040039e-01
9.805920720100402832e-01
2.266714274883270264e-01
3.029442131519317627e-01
4.346847534179687500e-02
9.757965803146362305e-01
8.873245120048522949e-01
9.879889488220214844e-01
2.146115601062774658e-01
9.591967463493347168e-01
3.735004365444183350e-02
1.666366495192050934e-02
8.803060650825500488e-01
9.813017249107360840e-01
9.984343647956848145e-01
6.205515861511230469e-01
9.992877840995788574e-01
9.859302639961242676e-01
9.477822184562683105e-01
1.255166977643966675e-01
6.383921951055526733e-03
9.996544122695922852e-01
5.466339588165283203e-01
4.553721519187092781e-04
9.993680119514465332e-01
9.998720884323120117e-01
9.806288480758666992e-01
4.652403891086578369e-01
5.810039043426513672e-01
9.973284006118774414e-01
9.956459403038024902e-01
7.045270204544067383e-01
1.332255266606807709e-02
9.980099797248840332e-01
3.785666078329086304e-02
8.467967063188552856e-02
9.997367262840270996e-01
9.993464350700378418e-01
9.985921978950500488e-01
8.634819388389587402e-01
6.031625270843505859e-01
9.985772371292114258e-01
4.305332005023956299e-01
9.530374407768249512e-01
2.572931647300720215e-01
1.431040614843368530e-01
2.400717465206980705e-03
1.604476012289524078e-02
4.229455888271331787e-01
9.938009381294250488e-01
7.220714092254638672e-01
9.508851766586303711e-01
9.994361996650695801e-01
9.996626377105712891e-01
9.973409771919250488e-01
9.773283004760742188e-01
5.091318860650062561e-03
9.979866743087768555e-01
7.643179502338171005e-03
1.152499392628669739e-02
6.827129051089286804e-03
1.757571548223495483e-01
9.832020401954650879e-01
2.403989247977733612e-02
9.504978060722351074e-01
9.913153648376464844e-01
9.042714834213256836e-01
9.966632723808288574e-01
9.994717240333557129e-01
7.172902226448059082e-01
9.797167181968688965e-01
6.721244659274816513e-03
3.822674974799156189e-02
1.077025663107633591e-02
8.088660836219787598e-01
8.112087845802307129e-01
8.364699897356331348e-04
8.693866133689880371e-01
9.983929991722106934e-01
9.936107993125915527e-01
9.992565512657165527e-01
9.724133461713790894e-02
7.612730264663696289e-01
9.993826150894165039e-01
9.999380111694335938e-01
9.991071820259094238e-01
9.866199980024248362e-05
1.880183070898056030e-02
9.658637642860412598e-01
9.533998966217041016e-01
7.804965376853942871e-01
5.105056762695312500e-01
9.861128926277160645e-01
1.275802217423915863e-02
9.987280964851379395e-01
1.032336265780031681e-03
3.664778769016265869e-01
2.323544472455978394e-01
2.067598281428217888e-03
9.991136193275451660e-01
9.879634380340576172e-01
7.701147347688674927e-02
9.940280914306640625e-01
9.995042085647583008e-01
9.352506399154663086e-01
1.181635782122612000e-01
9.728974699974060059e-01
9.997588992118835449e-01
1.525339018553495407e-02
9.989157915115356445e-01
9.664716720581054688e-01
9.653367996215820312e-01
3.586883097887039185e-02
6.418833509087562561e-03
9.254024922847747803e-02
8.503059744834899902e-01
4.534065127372741699e-01
9.891863465309143066e-01
8.164538145065307617e-01
4.714242741465568542e-02
1.923382841050624847e-02
9.471664428710937500e-01
6.797318458557128906e-01
9.979979395866394043e-01
9.960434436798095703e-01
9.472990632057189941e-01
9.990272521972656250e-01
9.945495724678039551e-01
9.998247027397155762e-01
9.479294419288635254e-01
1.459743455052375793e-02
9.725899696350097656e-01
1.649801135063171387e-01
9.997749924659729004e-01
8.134032487869262695e-01
9.912677407264709473e-01
3.610093891620635986e-01
2.057753801345825195e-01
9.983008503913879395e-01
8.916952610015869141e-01
9.960116147994995117e-01
6.646057963371276855e-01
3.347812891006469727e-01
9.991465806961059570e-01
9.914106130599975586e-01
9.263799786567687988e-01
8.802336454391479492e-01
6.039358675479888916e-03
9.965594410896301270e-01
9.871482253074645996e-01
3.299179952591657639e-04
9.912456870079040527e-01
9.971133470535278320e-01
5.162269622087478638e-02
9.971392154693603516e-01
1.223030984401702881e-01
2.499971389770507812e-01
3.975066840648651123e-01
9.995649456977844238e-01
9.877776503562927246e-01
8.924930095672607422e-01
1.270904242992401123e-01
7.454142570495605469e-01
9.996730089187622070e-01
9.130369424819946289e-01
9.996752738952636719e-01
8.930608746595680714e-04
7.184108495712280273e-01
9.997320771217346191e-01
9.866939187049865723e-01
9.965255856513977051e-01
1.474318951368331909e-01
6.185604631900787354e-02
9.146412014961242676e-01
9.972135424613952637e-01
9.525547027587890625e-01
9.990185499191284180e-01
9.996275901794433594e-01
9.800824522972106934e-01
7.708336710929870605e-01
9.997923970222473145e-01
9.690110087394714355e-01
2.130917739123106003e-03
9.943935871124267578e-01
9.579477906227111816e-01
3.410519063472747803e-01
7.693358929827809334e-04
9.985129237174987793e-01
9.999654293060302734e-01
9.306024909019470215e-01
9.521409869194030762e-01
9.612542390823364258e-01
2.886201627552509308e-02
9.960396289825439453e-01
2.719880938529968262e-01
8.189265131950378418e-01
7.564678788185119629e-01
2.648279070854187012e-01
9.992374181747436523e-01
1.404898762702941895e-01
9.996749162673950195e-01
9.998212456703186035e-01
8.403967022895812988e-01
7.018082737922668457e-01
9.993329644203186035e-01
3.844915628433227539e-01
6.484390497207641602e-01
1.236019879579544067e-01
9.946245551109313965e-01
1.666346043348312378e-01
9.997475743293762207e-01
9.393129944801330566e-01
9.856272935867309570e-01
4.468734934926033020e-02
4.854770302772521973e-01
1.769533157348632812e-01
9.513788819313049316e-01
9.442212581634521484e-01
9.613361954689025879e-01
2.644971907138824463e-01
2.455962151288986206e-01
8.792645931243896484e-01
9.931659102439880371e-01
2.236883342266082764e-01
1.055541932582855225e-01
2.958539500832557678e-02
5.385179519653320312e-01
1.658743768930435181e-01
3.485465887933969498e-03
9.821579456329345703e-01
1.500220596790313721e-01
9.959023594856262207e-01
9.695203304290771484e-01
9.990857839584350586e-01
9.903380274772644043e-01
7.302402257919311523e-01
4.516914784908294678e-01
9.937147498130798340e-01
9.864342212677001953e-01
9.925438165664672852e-01
7.938923835754394531e-01
3.375541567802429199e-01
9.797359704971313477e-01
9.997914433479309082e-01
9.969165325164794922e-01
9.999310970306396484e-01
2.541233897209167480e-01
9.219291806221008301e-01
6.865678727626800537e-02
9.789532423019409180e-01
3.379468023777008057e-01
9.863530397415161133e-01
9.944974780082702637e-01
9.945618510246276855e-01
9.994432330131530762e-01
2.886930108070373535e-02
8.742654919624328613e-01
9.832180738449096680e-01
7.992360740900039673e-02
9.804195761680603027e-01
9.620662927627563477e-01
9.821465611457824707e-01
8.511108160018920898e-01
9.997310042381286621e-01
9.981598258018493652e-01
8.527991175651550293e-01
9.995809197425842285e-01
9.721084833145141602e-01
9.995705485343933105e-01
9.872071146965026855e-01
9.751756191253662109e-01
9.710621833801269531e-01
9.997842907905578613e-01
4.788259267807006836e-01
2.078742235898971558e-01
9.970517158508300781e-01
9.811526536941528320e-01
2.436172217130661011e-01
8.954526185989379883e-01
9.780162572860717773e-01
9.861021041870117188e-01
5.961605906486511230e-01
9.947966933250427246e-01
8.342001438140869141e-01
9.101101160049438477e-01
8.611699342727661133e-01
3.150629997253417969e-02
9.996713399887084961e-01
2.830998897552490234e-01
9.721512347459793091e-02
9.891738891601562500e-01
9.954213500022888184e-01
9.935139417648315430e-01
9.741134047508239746e-01
5.531078949570655823e-02
9.995402097702026367e-01
9.780166298151016235e-02
9.070954322814941406e-01
2.159274369478225708e-01
7.981704175472259521e-02
9.952701926231384277e-01
9.984683394432067871e-01
9.707567691802978516e-01
9.014920592308044434e-01
1.563971303403377533e-02
8.058287501335144043e-01
9.282708168029785156e-01
9.973127245903015137e-01
9.955126643180847168e-01
5.667223334312438965e-01
9.337465167045593262e-01
9.666010737419128418e-01
7.605540752410888672e-01
1.443381141871213913e-02
7.424133270978927612e-02
9.906448125839233398e-01
9.906039834022521973e-01
9.872648715972900391e-01
9.762657284736633301e-01
9.980995059013366699e-01
9.996584653854370117e-01
4.238847494125366211e-01
9.676516652107238770e-01
5.373685359954833984e-01
7.672867774963378906e-01
9.998630285263061523e-01
3.612473665270954370e-05
9.296169877052307129e-01
9.959451556205749512e-01
5.921190232038497925e-02
9.996851682662963867e-01
1.085063740611076355e-01
9.922398328781127930e-01
9.979248046875000000e-01
9.970217347145080566e-01
1.622176147066056728e-03
9.993404746055603027e-01
3.858644142746925354e-02
4.122147560119628906e-01
2.954537421464920044e-02
9.371399879455566406e-01
9.991226792335510254e-01
7.287115454673767090e-01
9.691951870918273926e-01
5.220988988876342773e-01
6.723502874374389648e-01
9.310230612754821777e-01
9.400539398193359375e-01
7.656799256801605225e-02
3.551150439307093620e-03
9.927313923835754395e-01
2.505991756916046143e-01
9.606326371431350708e-02
9.885774850845336914e-01
1.024822518229484558e-02
9.993637204170227051e-01
6.148675084114074707e-01
3.915720153599977493e-03
4.342800378799438477e-01
9.962414503097534180e-01
9.984613656997680664e-01
9.997387528419494629e-01
9.997308850288391113e-01
9.223877191543579102e-01
9.999094009399414062e-01
9.946296215057373047e-01
9.796116948127746582e-01
9.995996356010437012e-01
6.778586655855178833e-03
3.686536550521850586e-01
9.409451484680175781e-01
5.740072727203369141e-01
9.562087655067443848e-01
9.703054428100585938e-01
5.464447196573019028e-03
1.337383408099412918e-02
3.521956801414489746e-01
7.542094099335372448e-04
9.440989494323730469e-01
9.989129304885864258e-01
2.717871218919754028e-02
4.851036369800567627e-01
5.132748484611511230e-01
9.949179887771606445e-01
9.394165873527526855e-01
8.799929022789001465e-01
9.238284230232238770e-01
6.243589520454406738e-01
1.486726552248001099e-01
8.382815867662429810e-03
9.982764720916748047e-01
9.991040825843811035e-01
8.453967571258544922e-01
9.999228715896606445e-01
9.822718054056167603e-02
1.994159258902072906e-02
8.472361564636230469e-01
2.619786828290671110e-04
4.987181723117828369e-01
9.882411360740661621e-01
9.761025905609130859e-01
2.815528512001037598e-01
8.933230638504028320e-01
2.499252706766128540e-01
1.728285402059555054e-01
9.889223575592041016e-01
2.043446153402328491e-01
9.953718781471252441e-01
9.994739890098571777e-01
9.983401000499725342e-02
2.931433916091918945e-01
1.319062709808349609e-01
9.671742916107177734e-01
9.259526729583740234e-01
9.996932744979858398e-01
1.471221633255481720e-02
9.832735061645507812e-01
1.842575371265411377e-01
4.034874960780143738e-02
9.938017725944519043e-01
9.991400241851806641e-01
9.575214385986328125e-01
2.678449153900146484e-01
9.341832995414733887e-01
7.109839916229248047e-01
9.700154066085815430e-01
9.993263483047485352e-01
9.546441435813903809e-01
9.994513392448425293e-01
6.687686592340469360e-02
4.259909689426422119e-01
2.087866365909576416e-01
8.570545315742492676e-01
9.958291649818420410e-01
9.438965916633605957e-01
9.951922893524169922e-01
9.723500609397888184e-01
9.904838800430297852e-01
1.010263934731483459e-01
9.300714135169982910e-01
3.161548823118209839e-02
7.398355286568403244e-03
8.846765384078025818e-03
5.993325114250183105e-01
8.701879382133483887e-01
9.826446175575256348e-01
5.890627503395080566e-01
9.951394796371459961e-01
9.979642629623413086e-01
9.814877510070800781e-01
7.758241295814514160e-01
8.644261956214904785e-01
7.226508855819702148e-01
8.803714513778686523e-01
9.984067082405090332e-01
1.450808346271514893e-01
1.597112268209457397e-01
4.326926767826080322e-01
9.612866044044494629e-01
3.150018677115440369e-02
9.194926023483276367e-01
9.244025945663452148e-01
9.988752007484436035e-01
2.459309399127960205e-01
3.714206516742706299e-01
2.510389778763055801e-03
9.996545314788818359e-01
8.994035124778747559e-01
9.392406344413757324e-01
9.987278580665588379e-01
9.998328685760498047e-01
1.559483408927917480e-01
9.987222552299499512e-01
4.924117326736450195e-01
9.997441172599792480e-01
9.993363022804260254e-01
2.289130724966526031e-02
9.549146294593811035e-01
3.605356439948081970e-03
9.996626377105712891e-01
9.993700385093688965e-01
9.995909333229064941e-01
9.996597766876220703e-01
8.966354131698608398e-01
9.977107048034667969e-01
7.100037336349487305e-01
9.816613197326660156e-01
9.997343420982360840e-01
6.398718953132629395e-01
9.209558963775634766e-01
9.793502688407897949e-01
8.262855410575866699e-01
3.430817425251007080e-01
9.990710020065307617e-01
3.522610962390899658e-01
9.976748824119567871e-01
3.582325577735900879e-02
1.801375299692153931e-01
9.993859529495239258e-01
2.298668492585420609e-03
9.986273050308227539e-01
4.433860071003437042e-03
6.504538655281066895e-01
4.907193481922149658e-01
5.691845342516899109e-02
5.012640729546546936e-03
7.364201359450817108e-03
8.440569043159484863e-01
9.842216968536376953e-01
9.895340800285339355e-01
9.978577494621276855e-01
8.693932890892028809e-01
9.943920969963073730e-01
5.839907005429267883e-02
2.681896439753472805e-04
9.792606234550476074e-01
9.966307282447814941e-01
9.694043993949890137e-01
2.562722861766815186e-01
1.263631284236907959e-01
9.993067979812622070e-01
2.664497005753219128e-04
9.782123565673828125e-01
9.998943805694580078e-01
9.982538819313049316e-01
1.581043601036071777e-01
1.660978654399514198e-03
7.942370772361755371e-01
2.391823363723233342e-04
9.820727109909057617e-01
9.998452663421630859e-01
9.972604513168334961e-01
2.991512604057788849e-02
6.852596066892147064e-03
9.996070265769958496e-01
9.994925260543823242e-01
9.870880842208862305e-01
8.896958231925964355e-01
9.998024106025695801e-01
9.176340699195861816e-01
9.998539686203002930e-01
9.952937960624694824e-01
9.971190690994262695e-01
5.906635895371437073e-02
9.998495578765869141e-01
8.801914453506469727e-01
6.274936348199844360e-02
6.885196566581726074e-01
1.284452676773071289e-01
3.361974656581878662e-01
9.969511032104492188e-01
9.170146584510803223e-01
7.469112277030944824e-01
9.867102503776550293e-01
2.732411026954650879e-01
2.936432063579559326e-01
6.822602590546011925e-04
9.981594681739807129e-01
1.288959681987762451e-01
8.420541882514953613e-01
9.827240109443664551e-01
9.973450303077697754e-01
9.512670040130615234e-01
5.786905065178871155e-02
9.119231700897216797e-01
9.066249132156372070e-01
4.571787081658840179e-03
3.755727782845497131e-03
6.069918721914291382e-02
1.689001731574535370e-02
9.717598557472229004e-01
9.978316426277160645e-01
9.996085762977600098e-01
9.848168492317199707e-01
9.108351916074752808e-02
9.957532882690429688e-01
9.612305164337158203e-01
7.273735851049423218e-02
6.940187811851501465e-01
9.154964685440063477e-01
9.998700618743896484e-01
9.956164360046386719e-01
9.989419579505920410e-01
2.384468019008636475e-01
9.213575720787048340e-01
9.997549653053283691e-01
8.019353747367858887e-01
9.846044182777404785e-01
9.995397329330444336e-01
6.377698183059692383e-01
1.535498420707881451e-03
9.844526648521423340e-01
9.969483017921447754e-01
8.178705573081970215e-01
9.926819205284118652e-01
9.989581108093261719e-01
9.668005108833312988e-01
8.201951384544372559e-01
9.975195527076721191e-01
6.213948726654052734e-01
2.966602705419063568e-02
9.279957413673400879e-01
9.993636012077331543e-01
9.998193383216857910e-01
9.142985939979553223e-01
6.671231985092163086e-02
4.097137153148651123e-01
9.963420033454895020e-01
4.329608082771301270e-01
9.649991393089294434e-01
6.393558382987976074e-01
7.450744742527604103e-04
3.481102287769317627e-01
7.670625448226928711e-01
9.996786117553710938e-01
9.429721832275390625e-01
4.086335003376007080e-02
4.990583658218383789e-01
8.903358578681945801e-01
9.718468785285949707e-01
6.381853483617305756e-03
9.701373577117919922e-01
9.995256662368774414e-01
5.771889686584472656e-01
1.539762169122695923e-01
7.931300401687622070e-01
1.803934015333652496e-02
7.329730391502380371e-01
9.874846339225769043e-01
9.605271220207214355e-01
9.973857998847961426e-01
9.610819816589355469e-01
9.950013756752014160e-01
9.134213924407958984e-01
8.062288761138916016e-01
9.986926913261413574e-01
9.982748031616210938e-01
9.997512698173522949e-01
3.850816488265991211e-01
9.997507929801940918e-01
9.998200535774230957e-01
9.975644350051879883e-01
9.822306036949157715e-01
9.559693336486816406e-01
8.416076302528381348e-01
9.751098752021789551e-01
9.965881109237670898e-01
9.897072315216064453e-01
9.991307854652404785e-01
2.080951184034347534e-01
7.622036337852478027e-02
8.498733639717102051e-01
9.997881054878234863e-01
9.008048176765441895e-01
9.998598098754882812e-01
7.072328329086303711e-01
9.698508977890014648e-01
3.012645244598388672e-01
6.385590136051177979e-02
9.996253252029418945e-01
6.995886564254760742e-01
2.186280936002731323e-01
3.688305988907814026e-02
1.127553172409534454e-02
9.985830783843994141e-01
2.207405716180801392e-01
1.098240446299314499e-02
4.436962306499481201e-01
9.998488426208496094e-01
7.354404926300048828e-01
1.114934310317039490e-01
3.748645260930061340e-02
3.968084454536437988e-01
9.934450387954711914e-01
9.925000071525573730e-01
9.962416887283325195e-01
9.910023808479309082e-01
9.998242259025573730e-01
9.873301982879638672e-01
3.654118776321411133e-01
4.755698889493942261e-02
1.186106353998184204e-01
1.745482981204986572e-01
6.249427795410156250e-02
5.460220575332641602e-01
3.340765833854675293e-01
9.885729551315307617e-01
1.349747478961944580e-01
9.986792206764221191e-01
6.153057515621185303e-02
1.296170894056558609e-02
5.126709342002868652e-01
9.991894364356994629e-01
7.696658372879028320e-01
9.993520379066467285e-01
9.999034404754638672e-01
4.923684522509574890e-02
9.884507656097412109e-01
2.672158181667327881e-02
9.961036443710327148e-01
9.102976918220520020e-01
9.977973699569702148e-01
8.222796022891998291e-02
7.095823884010314941e-01
9.817646145820617676e-01
8.264473676681518555e-01
9.935601949691772461e-01
9.999034404754638672e-01
7.323959469795227051e-01
1.299281511455774307e-02
7.259531021118164062e-01
1.082185772247612476e-03
8.568808436393737793e-01
9.989394545555114746e-01
6.970645189285278320e-01
9.926238059997558594e-01
1.091659963130950928e-01
9.657891392707824707e-01
9.252486824989318848e-01
9.997784495353698730e-01
9.999512434005737305e-01
7.048050761222839355e-01
9.998227953910827637e-01
8.450758457183837891e-02
8.960895538330078125e-01
9.973817467689514160e-01
8.588375449180603027e-01
5.106774042360484600e-04
3.667069599032402039e-02
9.996314048767089844e-01
9.257462620735168457e-01
4.186249673366546631e-01
3.091434538364410400e-01
9.955366849899291992e-01
9.964014291763305664e-01
9.998329877853393555e-01
2.062065294012427330e-03
9.950166344642639160e-01
1.538855135440826416e-01
9.974669218063354492e-01
9.991431236267089844e-01
3.144805086776614189e-04
3.135658800601959229e-02
9.574453830718994141e-01
1.103660278022289276e-02
8.330312371253967285e-01
4.366407543420791626e-02
3.181176781654357910e-01
9.997201561927795410e-01
8.044192790985107422e-01
6.492151021957397461e-01
8.957356214523315430e-01
8.633713722229003906e-01
9.998961687088012695e-01
9.957718253135681152e-01
9.994719624519348145e-01
9.999325275421142578e-01
9.885342717170715332e-01
4.435800611972808838e-01
9.977278113365173340e-01
1.635456643998622894e-02
9.995423555374145508e-01
4.124241322278976440e-02
9.950861334800720215e-01
9.983901977539062500e-01
9.963853359222412109e-01
6.555445492267608643e-02
9.783675074577331543e-01
9.984233379364013672e-01
9.997776150703430176e-01
8.128092288970947266e-01
2.386485636234283447e-01
4.040277563035488129e-03
1.089412951841950417e-03
5.945882201194763184e-01
9.550679326057434082e-01
9.510828852653503418e-01
9.933879375457763672e-01
4.608461856842041016e-01
2.288434505462646484e-01
1.962686628103256226e-01
9.990775585174560547e-01
5.770137161016464233e-02
2.581039210781455040e-03
1.983620822429656982e-01
9.994385838508605957e-01
9.911584258079528809e-01
8.734255433082580566e-01
9.313396811485290527e-01
7.948327064514160156e-01
9.974079728126525879e-01
7.880722284317016602e-01
5.497431755065917969e-01
5.221119895577430725e-02
5.734973549842834473e-01
9.376219511032104492e-01
8.720752596855163574e-01
7.333528995513916016e-01
4.486993420869112015e-03
9.995935559272766113e-01
9.990497231483459473e-01
8.843808770179748535e-01
8.391171693801879883e-03
3.742656484246253967e-02
4.792003929615020752e-01
9.995998740196228027e-01
5.128698945045471191e-01
3.772633373737335205e-01
1.009658053517341614e-01
9.680928587913513184e-01
3.012551739811897278e-02
9.736296534538269043e-01
9.962913990020751953e-01
4.164050798863172531e-03
9.998878240585327148e-01
9.994806647300720215e-01
9.719366207718849182e-03
9.867197871208190918e-01
4.820620119571685791e-01
9.856453537940979004e-01
2.667034864425659180e-01
9.936153888702392578e-01
9.993214607238769531e-01
9.994945526123046875e-01
9.972159862518310547e-01
9.989056587219238281e-01
9.905042052268981934e-01
9.998955726623535156e-01
3.972869813442230225e-01
3.905965387821197510e-02
8.785395324230194092e-02
7.555268406867980957e-01
9.994696974754333496e-01
8.655633330345153809e-01
9.998194575309753418e-01
9.069857597351074219e-01
9.986188411712646484e-01
9.161803722381591797e-01
9.229087084531784058e-02
9.961316585540771484e-01
5.065333247184753418e-01
9.946304559707641602e-01
9.994333386421203613e-01
9.791603684425354004e-01
2.675026059150695801e-01
5.703002810478210449e-01
2.605615556240081787e-01
7.519952654838562012e-01
9.972355961799621582e-01
9.996386766433715820e-01
8.450572490692138672e-01
9.509093165397644043e-01
7.656533718109130859e-01
9.873170256614685059e-01
9.965420365333557129e-01
1.787483110092580318e-03
9.703779965639114380e-02
2.879307977855205536e-02
9.960224628448486328e-01
9.740889072418212891e-01
9.954118132591247559e-01
9.999333620071411133e-01
9.999107122421264648e-01
3.850732743740081787e-02
9.862992167472839355e-01
4.226001501083374023e-01
9.982658028602600098e-01
8.952858448028564453e-01
9.990845918655395508e-01
9.990937709808349609e-01
1.260501891374588013e-01
9.829998612403869629e-01
8.299961686134338379e-03
7.305285930633544922e-01
9.950464963912963867e-01
1.769237965345382690e-01
9.957320094108581543e-01
9.859548881649971008e-03
9.986929297447204590e-01
7.096444368362426758e-01
9.893833994865417480e-01
9.953427314758300781e-01
9.833941459655761719e-01
9.991903901100158691e-01
7.486515045166015625e-01
9.940347075462341309e-01
5.875322222709655762e-01
9.660885930061340332e-01
7.873850464820861816e-01
9.690042734146118164e-01
1.269376426935195923e-01
1.222650036215782166e-01
3.609338076785206795e-03
1.183223910629749298e-02
2.240653783082962036e-01
8.874406218528747559e-01
9.994701743125915527e-01
5.818652361631393433e-02
7.411868572235107422e-01
9.992081522941589355e-01
4.910403862595558167e-02
9.998711347579956055e-01
6.544046998023986816e-01
3.744501173496246338e-01
9.647105932235717773e-01
3.957906301366165280e-05
9.930481314659118652e-01
9.838503599166870117e-01
7.025389075279235840e-01
2.527690827846527100e-01
9.970518350601196289e-01
9.969257712364196777e-01
9.881989955902099609e-01
9.513027071952819824e-01
2.873100340366363525e-03
7.427012920379638672e-01
7.464623451232910156e-01
8.692768812179565430e-01
9.989853501319885254e-01
9.991770386695861816e-01
9.232515096664428711e-01
2.216620603576302528e-03
9.713880419731140137e-01
7.835363037884235382e-03
2.149336636066436768e-01
1.297272890806198120e-01
8.542424440383911133e-01
9.911194443702697754e-01
1.266574300825595856e-02
3.320831805467605591e-03
3.317404389381408691e-01
4.312477111816406250e-01
9.918540716171264648e-01
5.114524364471435547e-01
1.299897581338882446e-01
9.993233680725097656e-01
9.765957593917846680e-01
9.989419579505920410e-01
9.997845292091369629e-01
3.963638562709093094e-03
9.520145058631896973e-01
3.851265460252761841e-02
9.889670014381408691e-01
9.646271467208862305e-01
8.958255648612976074e-01
9.800247550010681152e-01
9.379480034112930298e-03
9.891637563705444336e-01
5.083158248453401029e-05
9.996371269226074219e-01
9.865522980690002441e-01
9.926147460937500000e-01
4.300289452075958252e-01
9.842166900634765625e-01
8.458356261253356934e-01
9.861766695976257324e-01
1.790686883032321930e-02
9.997368454933166504e-01
9.975486397743225098e-01
9.953811168670654297e-01
7.912498712539672852e-01
5.396202206611633301e-02
5.363783836364746094e-01
9.967046380043029785e-01
5.835663080215454102e-01
9.926868677139282227e-01
9.786998629570007324e-01
8.034902811050415039e-01
9.718927145004272461e-01
6.734768152236938477e-01
1.940298452973365784e-02
9.994485974311828613e-01
4.087926819920539856e-02
5.337326787412166595e-03
7.531147599220275879e-01
9.751855134963989258e-01
4.391580820083618164e-01
9.736701250076293945e-01
6.802562475204467773e-01
9.896855354309082031e-01
9.983768463134765625e-01
9.986841082572937012e-01
9.957921504974365234e-01
5.591691588051617146e-04
6.065633893013000488e-01
7.689317464828491211e-01
1.006051525473594666e-02
9.616537690162658691e-01
9.996765851974487305e-01
4.246985614299774170e-01
7.965323328971862793e-02
4.950685501098632812e-01
1.411735862493515015e-01
9.996386766433715820e-01
9.132662415504455566e-01
9.996211528778076172e-01
5.254918869468383491e-05
7.636711001396179199e-02
7.142979502677917480e-01
9.446634650230407715e-01
5.593762919306755066e-02
8.089125752449035645e-01
9.456627964973449707e-01
1.785848885774612427e-01
5.908503755927085876e-02
3.769506886601448059e-02
7.220714092254638672e-01
9.995780587196350098e-01
6.477339267730712891e-01
3.018237948417663574e-01
9.963905215263366699e-01
6.832497566938400269e-02
9.998082518577575684e-01
6.772471666336059570e-01
8.389621227979660034e-02
6.241526007652282715e-01
8.929495215415954590e-01
8.923375010490417480e-01
5.354616418480873108e-02
3.623305857181549072e-01
9.061221480369567871e-01
2.185303717851638794e-01
5.539178964681923389e-04
9.601391553878784180e-01
6.686473488807678223e-01
9.998145699501037598e-01
1.311829499900341034e-02
9.809885621070861816e-01
2.006088793277740479e-01
9.674066901206970215e-01
9.784968569874763489e-04
9.960541725158691406e-01
9.883424639701843262e-01
9.977311491966247559e-01
9.944439530372619629e-01
2.653334140777587891e-01
6.948157548904418945e-01
9.695773720741271973e-01
2.133772671222686768e-01
5.715251341462135315e-02
9.388661980628967285e-01
1.630887202918529510e-02
3.106104023754596710e-02
9.984471201896667480e-01
9.855794906616210938e-01
9.997231364250183105e-01
9.996581077575683594e-01
6.332702040672302246e-01
6.437748670578002930e-03
9.959569573402404785e-01
1.115440670400857925e-02
9.969440102577209473e-01
2.071549743413925171e-01
1.961953379213809967e-02
7.011885195970535278e-02
1.572952605783939362e-02
9.995206594467163086e-01
9.979742169380187988e-01
9.955469369888305664e-01
9.791600108146667480e-01
9.631689190864562988e-01
7.507551461458206177e-02
8.161836266517639160e-01
9.784808158874511719e-01
9.989864230155944824e-01
7.199844717979431152e-01
1.103666843846440315e-03
9.043516218662261963e-02
9.776160120964050293e-01
4.366631037555634975e-04
9.944204688072204590e-01
9.939826130867004395e-01
3.683845046907663345e-03
3.434799015522003174e-01
8.710471987724304199e-01
9.686634540557861328e-01
9.700782299041748047e-01
7.633447647094726562e-02
8.018478155136108398e-01
9.262316823005676270e-01
6.431166529655456543e-01
9.758004546165466309e-01
1.109836921095848083e-01
9.897143244743347168e-01
7.216159105300903320e-01
9.998317956924438477e-01
9.759486913681030273e-01
9.975800514221191406e-01
3.612475097179412842e-01
8.423873782157897949e-01
9.881269335746765137e-01
2.538890112191438675e-04
7.449603080749511719e-01
9.921903014183044434e-01
9.842313528060913086e-01
5.221921801567077637e-01
5.183193683624267578e-01
9.967953562736511230e-01
6.115119457244873047e-01
9.976248145103454590e-01
2.697435915470123291e-01
9.851666092872619629e-01
3.525732457637786865e-02
8.741969359107315540e-04
9.747576117515563965e-01
9.948411583900451660e-01
9.930945634841918945e-01
9.998484849929809570e-01
3.368830084800720215e-01
9.979113936424255371e-01
2.242138050496578217e-02
9.873265624046325684e-01
8.570960164070129395e-01
9.981527924537658691e-01
4.835214614868164062e-01
8.287381529808044434e-01
9.705334901809692383e-01
3.200598806142807007e-02
9.979732632637023926e-01
8.292123675346374512e-02
9.961037635803222656e-01
9.994519352912902832e-01
4.745797812938690186e-02
3.346915245056152344e-01
8.591993451118469238e-01
1.524381805211305618e-02
9.747309684753417969e-01
8.787240386009216309e-01
9.952438473701477051e-01
9.984821677207946777e-01
9.978850483894348145e-01
9.992197751998901367e-01
9.736364483833312988e-01
8.494637012481689453e-01
3.140460252761840820e-01
9.998517036437988281e-01
9.994539618492126465e-01
9.233979880809783936e-02
3.230888843536376953e-01
7.834393382072448730e-01
9.993810653686523438e-01
9.998569488525390625e-01
9.993116855621337891e-01
9.997205138206481934e-01
7.178320884704589844e-01
9.994531273841857910e-01
8.790450096130371094e-01
9.997969269752502441e-01
4.033698351122438908e-04
8.851584792137145996e-01
9.992676377296447754e-01
9.982705116271972656e-01
9.988031387329101562e-01
9.922857284545898438e-01
9.996700286865234375e-01
9.685537219047546387e-01
9.995467066764831543e-01
9.654601216316223145e-01
1.710032299160957336e-02
9.925208091735839844e-01
9.998896121978759766e-01
9.995085000991821289e-01
8.557780832052230835e-02
9.995300769805908203e-01
2.341269403696060181e-01
2.674789726734161377e-01
9.915873408317565918e-01
9.992610812187194824e-01
9.876180887222290039e-01
9.956348538398742676e-01
9.890216588973999023e-01
9.772515296936035156e-01
9.994629025459289551e-01
9.601993560791015625e-01
7.547152042388916016e-01
2.097196877002716064e-03
9.836424589157104492e-01
3.495921492576599121e-01
9.675722122192382812e-01
9.960173964500427246e-01
1.127863535657525063e-03
7.880725264549255371e-01
4.310070872306823730e-01
9.937610030174255371e-01
3.565250430256128311e-03
9.997659325599670410e-01
4.584172368049621582e-01
9.997352957725524902e-01
1.437593102455139160e-01
7.111377716064453125e-01
9.901980161666870117e-01
2.778264284133911133e-01
1.003357321023941040e-01
9.975695013999938965e-01
9.958143830299377441e-01
1.668385230004787445e-02
9.442538619041442871e-01
4.488350823521614075e-02
5.035054869949817657e-03
9.151651859283447266e-01
8.818604946136474609e-01
6.726506948471069336e-01
2.530339956283569336e-01
9.989240765571594238e-01
1.250466704368591309e-01
6.344289183616638184e-01
8.879034519195556641e-01
9.913538098335266113e-01
9.777362942695617676e-01
9.846375584602355957e-01
9.478321075439453125e-01
6.649360060691833496e-02
9.416111111640930176e-01
9.867469072341918945e-01
9.975321292877197266e-01
2.193969637155532837e-01
8.026503324508666992e-01
9.379425048828125000e-01
1.042415350675582886e-01
4.312061965465545654e-01
9.898259043693542480e-01
9.822506457567214966e-03
9.491975903511047363e-01
9.997993111610412598e-01
2.085840255022048950e-01
4.360462538897991180e-03
9.994711279869079590e-01
9.837080836296081543e-01
9.496795535087585449e-01
1.080857068300247192e-01
9.229029417037963867e-01
3.977264165878295898e-01
7.022637291811406612e-04
4.550431072711944580e-01
9.998991489410400391e-01
9.002887606620788574e-01
9.762777686119079590e-01
1.244039013981819153e-01
9.988470077514648438e-01
9.907338619232177734e-01
2.237266488373279572e-02
8.999158740043640137e-01
9.521989226341247559e-01
9.898025393486022949e-01
9.998346567153930664e-01
6.663841754198074341e-02
9.865674972534179688e-01
9.998903274536132812e-01
4.068124294281005859e-01
9.932827949523925781e-01
1.523346602916717529e-01
9.976615905761718750e-01
2.131306678056716919e-01
6.522040963172912598e-01
9.712355136871337891e-01
8.586068749427795410e-01
8.260511606931686401e-02
9.955242872238159180e-01
9.926882982254028320e-01
6.143840402364730835e-02
2.537093162536621094e-01
9.651893377304077148e-01
9.835493564605712891e-01
9.995286464691162109e-01
6.829727888107299805e-01
8.769889362156391144e-03
9.996033310890197754e-01
9.988693594932556152e-01
9.803258180618286133e-01
9.999008178710937500e-01
9.671987891197204590e-01
2.009697407484054565e-01
2.376063317060470581e-01
8.851202726364135742e-01
9.879760146141052246e-01
4.833622574806213379e-01
7.792018055915832520e-01
9.215303659439086914e-01
8.844029307365417480e-01
6.337888240814208984e-01
6.735049486160278320e-01
8.550503253936767578e-01
9.991087317466735840e-01
6.592006683349609375e-01
9.982450008392333984e-01
5.426073912531137466e-03
6.775001063942909241e-03
8.486602902412414551e-01
9.859176278114318848e-01
9.995083808898925781e-01
9.986635446548461914e-01
9.983087778091430664e-01
9.910311698913574219e-01
9.670786857604980469e-01
9.996839761734008789e-01
5.032096523791551590e-03
9.987205266952514648e-01
1.363685820251703262e-03
8.371455073356628418e-01
9.985154271125793457e-01
3.176689147949218750e-03
9.994651675224304199e-01
5.008389949798583984e-01
9.825076460838317871e-01
1.868733204901218414e-02
1.695991605520248413e-01
9.997726082801818848e-01
9.996086955070495605e-01
9.992959499359130859e-01
6.119580194354057312e-02
6.012242436408996582e-01
8.163443207740783691e-01
6.008065938949584961e-01
1.230562478303909302e-02
9.458795189857482910e-01
6.368912756443023682e-03
8.212462067604064941e-02
9.763035178184509277e-01
8.053334951400756836e-01
9.898894429206848145e-01
9.995443224906921387e-01
7.053906917572021484e-01
9.998255372047424316e-01
9.966154694557189941e-01
9.986785054206848145e-01
9.978792667388916016e-01
9.740524888038635254e-01
3.086123168468475342e-01
7.360114455223083496e-01
1.633943058550357819e-02
2.236460894346237183e-01
9.990282058715820312e-01
4.130337852984666824e-03
2.093079499900341034e-02
8.649208545684814453e-01
9.973236322402954102e-01
9.953604340553283691e-01
3.995031714439392090e-01
9.688544273376464844e-01
8.290844559669494629e-01
9.254899024963378906e-01
8.234859257936477661e-02
1.891502887010574341e-01
9.944931268692016602e-01
1.410705745220184326e-01
2.117259986698627472e-02
9.996818304061889648e-01
9.999288320541381836e-01
1.453566364943981171e-04
8.470655679702758789e-01
9.892593622207641602e-01
9.944649338722229004e-01
9.990616440773010254e-01
2.460322380065917969e-01
5.468467250466346741e-02
6.065701018087565899e-04
9.925903081893920898e-01
9.585850834846496582e-01
4.956092219799757004e-03
9.996459484100341797e-01
9.999244213104248047e-01
9.969141483306884766e-01
9.993416666984558105e-01
9.993001222610473633e-01
9.513409733772277832e-01
9.858270287513732910e-01
9.995843768119812012e-01
6.810906529426574707e-01
9.977613687515258789e-01
9.928556084632873535e-01
4.639877974987030029e-01
6.161315250210464001e-04
9.857848286628723145e-01
9.998363256454467773e-01
9.005826115608215332e-01
7.691929340362548828e-01
9.995125532150268555e-01
8.338190317153930664e-01
9.866706728935241699e-01
9.556781053543090820e-01
1.139049418270587921e-03
1.017054617404937744e-01
9.931087493896484375e-01
9.981200098991394043e-01
9.981889128684997559e-01
4.904100000858306885e-01
9.954217076301574707e-01
9.406545758247375488e-01
8.168898224830627441e-01
9.940274953842163086e-01
1.801435947418212891e-01
9.939119964838027954e-02
2.046519070863723755e-01
8.527761697769165039e-02
4.626051485538482666e-01
8.915114402770996094e-01
9.998308420181274414e-01
9.181141853332519531e-02
9.998722076416015625e-01
9.993090629577636719e-01
9.862897992134094238e-01
9.994421601295471191e-01
9.663178324699401855e-01
2.473219484090805054e-02
5.755934119224548340e-01
8.920717835426330566e-01
2.304158918559551239e-02
9.212195873260498047e-01
9.993552565574645996e-01
9.861917495727539062e-01
9.966173768043518066e-01
9.660571813583374023e-01
9.617601037025451660e-01
9.408617019653320312e-01
6.312962770462036133e-01
7.870648503303527832e-01
9.705684781074523926e-01
9.302548766136169434e-01
9.997079521417617798e-02
3.998592793941497803e-01
5.257208347320556641e-01
9.951495528221130371e-01
9.964388608932495117e-01
2.514567375183105469e-01
9.993657469749450684e-01
9.567093849182128906e-01
9.990935325622558594e-01
9.125788211822509766e-01
9.958647489547729492e-01
9.909765720367431641e-01
9.026765227317810059e-01
8.009132742881774902e-01
9.979641437530517578e-01
9.989697933197021484e-01
7.511413097381591797e-01
9.831818938255310059e-01
4.554527997970581055e-01
9.995654225349426270e-01
9.813237786293029785e-01
9.996156692504882812e-01
3.856212198734283447e-01
9.813722372055053711e-01
7.503524422645568848e-01
7.981260865926742554e-02
7.639142274856567383e-01
6.652114987373352051e-01
9.788467288017272949e-01
3.809412717819213867e-01
9.980125427246093750e-01
9.979248046875000000e-01
7.687619328498840332e-01
4.952874481678009033e-01
9.988903403282165527e-01
9.967785477638244629e-01
9.187252819538116455e-02
9.996028542518615723e-01
9.988729357719421387e-01
9.998408555984497070e-01
9.979856014251708984e-01
9.717715382575988770e-01
9.996600151062011719e-01
9.226361513137817383e-01
4.888795018196105957e-01
3.803668022155761719e-01
9.989964365959167480e-01
9.428681135177612305e-01
3.404308855533599854e-01
8.660765886306762695e-01
1.444501578807830811e-01
9.949237704277038574e-01
9.998182654380798340e-01
1.317288279533386230e-01
9.430375099182128906e-01
2.405595481395721436e-01
9.916116595268249512e-01
5.070447325706481934e-01
8.194450139999389648e-01
9.995161294937133789e-01
9.819809794425964355e-01
1.191336123156361282e-04
3.819425404071807861e-01
6.053323149681091309e-01
9.973803162574768066e-01
9.942502975463867188e-01
9.997815489768981934e-01
4.872886538505554199e-01
9.990994930267333984e-01
9.947175383567810059e-01
9.941634535789489746e-01
9.878339767456054688e-01
8.398310542106628418e-01
3.528818786144256592e-01
3.602708280086517334e-01
9.881995916366577148e-01
4.658000469207763672e-01
8.710334897041320801e-01
9.992241859436035156e-01
8.136078715324401855e-01
9.998059868812561035e-01
9.568768143653869629e-01
6.651348471641540527e-01
9.997012019157409668e-01
9.986792206764221191e-01
9.993520379066467285e-01
9.979198575019836426e-01
9.946028590202331543e-01
5.057733654975891113e-01
4.516241140663623810e-03
2.821449041366577148e-01
3.211841685697436333e-03
6.361508369445800781e-01
1.754764318466186523e-01
9.691463112831115723e-01
1.529539823532104492e-01
6.915253400802612305e-01
5.265065934509038925e-03
9.986619949340820312e-01
9.026501178741455078e-01
9.998607635498046875e-01
3.908911347389221191e-01
8.697503060102462769e-02
7.317644357681274414e-02
9.802010059356689453e-01
9.104099124670028687e-03
2.417823523283004761e-01
1.208869963884353638e-01
9.968942403793334961e-01
5.050978660583496094e-01
9.789083003997802734e-01
7.285438477993011475e-03
8.918023705482482910e-01
3.759182393550872803e-01
9.997286200523376465e-01
8.677998930215835571e-02
9.599016308784484863e-01
9.992005228996276855e-01
7.813596129417419434e-01
9.531285166740417480e-01
3.804003298282623291e-01
6.548020755872130394e-04
3.590949252247810364e-02
2.740321215242147446e-03
9.993425011634826660e-01
9.962931275367736816e-01
9.999089241027832031e-01
9.598394632339477539e-01
3.946217596530914307e-01
9.995902180671691895e-01
9.773438572883605957e-01
4.759553372859954834e-01
6.057084798812866211e-01
9.986537694931030273e-01
9.985421895980834961e-01
1.389507353305816650e-01
9.998289346694946289e-01
8.036421537399291992e-01
9.824367761611938477e-01
9.970535039901733398e-01
1.085102483630180359e-01
3.446671962738037109e-01
8.950216174125671387e-01
9.997816681861877441e-01
9.598317742347717285e-01
9.987800717353820801e-01
6.357976198196411133e-01
9.997372031211853027e-01
6.560831069946289062e-01
9.999018907546997070e-01
7.852355241775512695e-01
9.993473887443542480e-01
9.395448565483093262e-01
9.825114607810974121e-01
9.696724414825439453e-01
1.899675130844116211e-01
8.063097484409809113e-03
1.063219308853149414e-01
5.476583912968635559e-02
9.717064350843429565e-02
9.991561174392700195e-01
9.990555644035339355e-01
4.516232907772064209e-01
9.514960646629333496e-01
7.069092392921447754e-01
9.882209897041320801e-01
9.956917166709899902e-01
3.187308833003044128e-02
9.978445768356323242e-01
2.020854130387306213e-02
3.424087166786193848e-01
9.884393215179443359e-01
5.792675614356994629e-01
9.736645817756652832e-01
9.998981952667236328e-01
9.936297535896301270e-01
9.987063407897949219e-01
4.166305530816316605e-03
4.744338393211364746e-01
1.822252292186021805e-03
9.058828353881835938e-01
9.866328239440917969e-01
9.996311664581298828e-01
9.992368221282958984e-01
8.964772224426269531e-01
9.302513003349304199e-01
9.586310982704162598e-01
9.972870349884033203e-01
1.304746046662330627e-02
9.114675521850585938e-01
3.544528186321258545e-01
8.756913542747497559e-01
5.387931466102600098e-01
9.780971407890319824e-01
6.210123654454946518e-03
6.879337430000305176e-01
3.928383812308311462e-02
9.838798642158508301e-01
9.628164768218994141e-01
1.819590106606483459e-02
9.971528053283691406e-01
9.756677746772766113e-01
1.531880646944046021e-01
5.447784811258316040e-02
9.987234473228454590e-01
9.891531467437744141e-01
9.989132881164550781e-01
8.697494268417358398e-01
9.860346317291259766e-01
4.766744077205657959e-01
6.160665154457092285e-01
9.982831478118896484e-01
7.817797660827636719e-01
5.460182204842567444e-02
9.968574047088623047e-01
9.954635500907897949e-01
9.995899796485900879e-01
1.314163506031036377e-01
9.997631907463073730e-01
5.589982867240905762e-01
9.838716983795166016e-01
3.117173314094543457e-01
9.994757771492004395e-01
9.883632063865661621e-01
9.989035129547119141e-01
1.319303363561630249e-01
2.264005094766616821e-01
3.275759220123291016e-01
5.208149924874305725e-02
9.623637199401855469e-01
9.995181560516357422e-01
9.970884919166564941e-01
6.824743151664733887e-01
2.433918416500091553e-01
9.856130480766296387e-01
8.690180629491806030e-02
9.899103045463562012e-01
3.070398569107055664e-01
9.986317753791809082e-01
1.092815492302179337e-02
4.456852674484252930e-01
4.245977848768234253e-03
9.405667185783386230e-01
9.944257736206054688e-01
9.995406866073608398e-01
1.626065671443939209e-01
1.539475768804550171e-01
9.995825886726379395e-01
9.937229752540588379e-01
3.809977322816848755e-03
6.113432645797729492e-01
3.873049318790435791e-01
5.103083699941635132e-02
9.670903086662292480e-01
3.576320111751556396e-01
9.976149797439575195e-01
9.585560560226440430e-01
5.156898498535156250e-01
6.489374488592147827e-02
