1.664675772190093994e-02
1.500945072621107101e-04
7.149553857743740082e-04
1.571181043982505798e-02
9.628577232360839844e-01
9.990423321723937988e-01
4.622578993439674377e-02
9.640593528747558594e-01
9.993029832839965820e-01
2.698025782592594624e-04
6.151950359344482422e-01
1.982548087835311890e-01
9.969158172607421875e-01
9.998499155044555664e-01
4.652797244489192963e-03
3.422822803258895874e-03
9.980230331420898438e-01
9.977620840072631836e-01
1.704318448901176453e-02
9.983709454536437988e-01
9.103288054466247559e-01
9.996160268783569336e-01
7.952982783317565918e-01
6.103891730308532715e-01
9.030113816261291504e-01
9.937452077865600586e-01
9.745484590530395508e-01
8.125738054513931274e-02
3.505502343177795410e-01
9.821715950965881348e-01
4.526846751105040312e-04
1.856722496449947357e-02
9.449141621589660645e-01
9.635301232337951660e-01
9.988920092582702637e-01
9.827978610992431641e-01
4.359301645308732986e-03
3.342773125041276217e-04
9.862259775400161743e-02
9.998425245285034180e-01
2.200576273025944829e-04
9.994511008262634277e-01
9.667805433273315430e-01
9.537686705589294434e-01
9.998218417167663574e-01
1.057053450495004654e-03
1.276005245745182037e-02
9.976785778999328613e-01
1.010729698464274406e-03
9.997604489326477051e-01
9.182741492986679077e-02
9.868860244750976562e-01
9.999414682388305664e-01
9.858341813087463379e-01
9.721111655235290527e-01
9.973813891410827637e-01
9.998247027397155762e-01
9.971056580543518066e-01
7.481825947761535645e-01
1.498362398706376553e-03
1.635428052395582199e-04
5.028731226921081543e-01
5.050116777420043945e-01
3.822529315948486328e-01
9.963668584823608398e-01
9.999030828475952148e-01
7.864571213722229004e-01
9.648449420928955078e-01
8.243402242660522461e-01
9.976963400840759277e-01
6.339148879051208496e-01
9.775026440620422363e-01
9.987275004386901855e-01
6.115114688873291016e-01
1.316782534122467041e-01
9.999227523803710938e-01
9.999315738677978516e-01
2.022011904045939445e-03
8.796267509460449219e-01
1.005117595195770264e-01
9.995821118354797363e-01
1.075255917385220528e-03
9.993946552276611328e-01
1.200283393263816833e-01
9.998373985290527344e-01
6.086102221161127090e-04
6.072217226028442383e-01
8.050354517763480544e-05
9.755579233169555664e-01
4.954538866877555847e-02
1.983934044837951660e-01
8.335236907005310059e-01
8.634583353996276855e-01
5.656909779645502567e-04
9.997307658195495605e-01
9.065706729888916016e-01
6.213463493622839451e-04
9.910880327224731445e-01
9.666182398796081543e-01
2.381286583840847015e-02
9.751230478286743164e-01
9.987653493881225586e-01
9.998748302459716797e-01
9.908925294876098633e-01
3.018352668732404709e-03
4.383643269538879395e-01
9.844266772270202637e-01
3.171179676428437233e-03
1.844907924532890320e-02
4.688872024416923523e-03
6.194844841957092285e-03
5.561798438429832458e-02
9.011517167091369629e-01
9.962592124938964844e-01
7.588434815406799316e-01
9.330284595489501953e-01
9.995692372322082520e-01
1.111639291048049927e-02
9.967162609100341797e-01
2.192602865397930145e-02
3.830946050584316254e-03
9.772829413414001465e-01
9.935651421546936035e-01
6.789444088935852051e-01
9.855620861053466797e-01
9.996197223663330078e-01
7.807673215866088867e-01
9.832972288131713867e-01
5.019075237214565277e-03
9.995374679565429688e-01
1.735027763061225414e-04
9.806001782417297363e-01
9.999018907546997070e-01
8.572385460138320923e-02
1.117244944907724857e-03
9.842812418937683105e-01
3.666744530200958252e-01
1.166831061709672213e-04
7.294051051139831543e-01
9.969124794006347656e-01
9.997389912605285645e-01
2.065363228321075439e-01
2.606416940689086914e-01
9.529420733451843262e-01
6.467034220695495605e-01
2.124498970806598663e-02
6.331531330943107605e-04
8.134067058563232422e-01
9.998656511306762695e-01
1.973803639411926270e-01
2.690819557756185532e-03
9.925171136856079102e-01
2.118478268384933472e-01
3.241531178355216980e-02
9.898994565010070801e-01
7.521346807479858398e-01
2.226869910955429077e-01
9.854314923286437988e-01
2.358198398724198341e-03
9.998458623886108398e-01
2.289114594459533691e-01
1.415202626958489418e-03
9.588184952735900879e-01
9.888380765914916992e-01
1.954727486008778214e-04
4.945699591189622879e-03
7.089737919159233570e-04
9.896608591079711914e-01
7.762635350227355957e-01
9.775436520576477051e-01
2.032757103443145752e-01
1.088719516992568970e-01
3.108290433883666992e-01
1.515681069577112794e-04
9.755767583847045898e-01
5.806678673252463341e-04
9.985205531120300293e-01
2.270279401273000985e-05
4.873084370046854019e-03
9.978221654891967773e-01
8.483739569783210754e-03
1.055139233358204365e-03
9.637640118598937988e-01
1.229507476091384888e-02
9.986832737922668457e-01
4.702141284942626953e-01
9.562624692916870117e-01
9.998641014099121094e-01
9.997866749763488770e-01
6.519610527902841568e-03
9.964136481285095215e-01
9.409039020538330078e-01
9.677329063415527344e-01
9.972035884857177734e-01
7.819007150828838348e-03
8.444874286651611328e-01
9.389328360557556152e-01
4.925824329257011414e-02
9.724442958831787109e-01
2.976674586534500122e-02
4.632074832916259766e-01
1.327024586498737335e-02
3.921393305063247681e-03
9.907882809638977051e-01
1.118951360695064068e-03
2.847331634256988764e-04
5.092761479318141937e-03
4.781542345881462097e-03
3.449415862560272217e-01
8.523757569491863251e-04
8.645910024642944336e-01
9.998363256454467773e-01
9.994238615036010742e-01
3.620985522866249084e-02
9.980275034904479980e-01
9.977204203605651855e-01
2.958835102617740631e-04
9.996590614318847656e-01
3.866809420287609100e-03
9.987142086029052734e-01
7.421603891998529434e-03
6.229522824287414551e-01
5.972470641136169434e-01
9.846073985099792480e-01
9.998517036437988281e-01
3.461850434541702271e-02
2.369598448276519775e-01
1.988574564456939697e-01
7.458765059709548950e-03
3.877224226016551256e-04
2.041107714176177979e-01
8.933659791946411133e-01
7.803778648376464844e-01
9.390316009521484375e-01
9.820657372474670410e-01
1.168378978036344051e-03
9.927371144294738770e-01
9.837442040443420410e-01
7.744841575622558594e-01
9.996147155761718750e-01
9.950987696647644043e-01
1.710584620013833046e-04
8.940173983573913574e-01
2.710692025721073151e-02
2.280754735693335533e-03
4.361414816230535507e-03
9.944185018539428711e-01
9.845619797706604004e-01
1.870511332526803017e-04
2.712490095291286707e-04
7.612683773040771484e-01
7.013949798420071602e-04
9.979705214500427246e-01
9.930011034011840820e-01
1.289172098040580750e-02
7.927964925765991211e-01
8.319994807243347168e-02
7.967689037322998047e-01
9.560616016387939453e-01
9.565944075584411621e-01
1.675900071859359741e-03
9.996792078018188477e-01
9.995570778846740723e-01
9.421474933624267578e-01
9.970809817314147949e-01
2.100506797432899475e-02
2.356011047959327698e-02
9.266366362571716309e-01
9.992786049842834473e-01
1.196095198392868042e-01
3.109702374786138535e-04
9.886852502822875977e-01
2.545910179615020752e-01
5.769869778305292130e-03
9.951542615890502930e-01
9.882121682167053223e-01
9.873684048652648926e-01
1.718049794435501099e-01
9.996943473815917969e-01
9.844679236412048340e-01
2.331729419529438019e-02
9.962426424026489258e-01
3.777185678482055664e-01
3.552739322185516357e-01
9.998669624328613281e-01
2.759758234024047852e-01
9.996379613876342773e-01
4.726418107748031616e-02
4.832460284233093262e-01
9.973861575126647949e-01
4.722822904586791992e-01
6.667360067367553711e-01
9.998346567153930664e-01
9.973055124282836914e-01
3.225342661608010530e-04
5.068706814199686050e-04
9.988654851913452148e-01
9.609860777854919434e-01
9.925652742385864258e-01
9.992491602897644043e-01
9.547414183616638184e-01
6.018320918083190918e-01
9.251744151115417480e-01
4.286518786102533340e-03
2.682924866676330566e-01
9.942653775215148926e-01
9.948681592941284180e-01
4.184321005595847964e-05
1.533043105155229568e-04
9.997920393943786621e-01
1.832556277513504028e-01
2.338001318275928497e-02
3.092577971983700991e-04
5.174434185028076172e-02
7.344828918576240540e-04
9.998888969421386719e-01
1.526921540498733521e-01
1.932526472955942154e-03
9.996170997619628906e-01
9.917181730270385742e-01
8.744909763336181641e-01
9.989470839500427246e-01
9.012107737362384796e-03
1.689750403165817261e-01
9.362331628799438477e-01
9.993208646774291992e-01
5.715559702366590500e-03
2.670494914054870605e-01
1.979966908693313599e-01
6.479497551918029785e-01
2.583802305161952972e-02
9.237097501754760742e-01
9.994375109672546387e-01
8.077747225761413574e-01
9.998190999031066895e-01
4.443191864993423223e-04
1.136603299528360367e-02
5.427033305168151855e-01
1.864526420831680298e-04
9.432103037834167480e-01
9.970966577529907227e-01
4.027779102325439453e-01
3.745600697584450245e-04
9.824809432029724121e-01
2.367292530834674835e-02
9.965920448303222656e-01
9.859700798988342285e-01
9.916702508926391602e-01
9.994012117385864258e-01
9.056165218353271484e-01
9.993073940277099609e-01
2.129771281033754349e-03
4.841668903827667236e-02
7.902026772499084473e-01
1.039912998676300049e-01
9.714844822883605957e-01
1.572144329547882080e-01
9.933503270149230957e-01
9.708825382404029369e-04
9.956098198890686035e-01
4.784418940544128418e-01
8.797877430915832520e-01
9.999293088912963867e-01
1.013243384659290314e-02
2.278954256325960159e-03
9.846755862236022949e-01
9.432500004768371582e-01
9.707648158073425293e-01
3.200172781944274902e-01
4.388701636344194412e-03
9.610817432403564453e-01
1.875384338200092316e-02
1.022173673845827579e-04
9.976862668991088867e-01
5.969053745502606034e-05
7.662136107683181763e-02
9.994100332260131836e-01
1.601530760526657104e-01
1.538938144221901894e-03
8.713382412679493427e-04
7.999334931373596191e-01
9.877845048904418945e-01
3.801519572734832764e-01
9.950901269912719727e-01
9.991668462753295898e-01
9.997876286506652832e-01
9.948641657829284668e-01
5.129604935646057129e-01
9.193276166915893555e-01
8.637294769287109375e-01
9.380584359169006348e-01
9.999451637268066406e-01
9.995686411857604980e-01
5.928877741098403931e-02
1.454869937151670456e-02
1.371897087665274739e-04
9.934178590774536133e-01
1.271779328817501664e-04
9.641411714255809784e-03
9.892246127128601074e-01
5.883111953735351562e-01
4.366541397757828236e-04
2.182993805035948753e-03
9.974893331527709961e-01
9.180894494056701660e-01
9.953734278678894043e-01
9.969622492790222168e-01
1.071150531060993671e-03
1.515680085867643356e-02
9.545761160552501678e-03
2.857064008712768555e-01
9.974410533905029297e-01
9.901249408721923828e-01
1.130239921621978283e-03
4.101111367344856262e-02
1.348743438720703125e-01
9.430769085884094238e-01
9.997138381004333496e-01
9.894366264343261719e-01
9.992213249206542969e-01
5.004608538001775742e-03
9.993692040443420410e-01
9.003285318613052368e-02
3.168440191075205803e-03
1.003133431077003479e-01
8.156931400299072266e-01
9.999489784240722656e-01
2.487259334884583950e-04
9.997258782386779785e-01
2.522814869880676270e-01
6.057739257812500000e-02
2.903404529206454754e-04
1.662530750036239624e-01
9.908678531646728516e-01
9.692066907882690430e-01
9.999624490737915039e-01
8.996522054076194763e-03
1.413347274065017700e-01
7.905599474906921387e-02
5.177982449531555176e-01
9.654252529144287109e-01
4.618285747710615396e-04
4.873084370046854019e-03
9.316682815551757812e-01
1.301512308418750763e-02
9.708087444305419922e-01
9.996800422668457031e-01
1.520733535289764404e-01
7.706394791603088379e-01
9.156912565231323242e-01
9.997349381446838379e-01
9.916813969612121582e-01
4.468388389796018600e-03
9.999217987060546875e-01
9.474990367889404297e-01
9.999089241027832031e-01
9.992732405662536621e-01
9.999189376831054688e-01
9.930893778800964355e-01
5.644190311431884766e-01
9.996935129165649414e-01
2.428052714094519615e-03
9.953593611717224121e-01
9.875298738479614258e-01
9.959021210670471191e-01
9.330903291702270508e-01
8.112115412950515747e-02
1.337907393462955952e-03
1.744726896286010742e-01
2.178336121141910553e-02
4.250459896866232157e-04
1.224817708134651184e-03
3.742744028568267822e-01
1.113199978135526180e-03
2.277796715497970581e-02
2.073287665843963623e-01
9.996174573898315430e-01
9.635809063911437988e-01
1.197362318634986877e-03
5.314206480979919434e-01
1.271193753927946091e-02
7.465472444891929626e-03
3.333741426467895508e-02
5.451818108558654785e-01
9.434301257133483887e-01
1.991200842894613743e-04
2.339442633092403412e-02
3.637014627456665039e-01
5.647072975989431143e-05
9.881541728973388672e-01
9.993115663528442383e-01
2.936350647360086441e-04
5.384947359561920166e-02
9.691529273986816406e-01
9.959766268730163574e-01
9.998351335525512695e-01
9.996098875999450684e-01
5.047761276364326477e-02
1.219166144728660583e-01
1.016814857721328735e-01
1.708006369881331921e-03
9.915592074394226074e-01
9.632477760314941406e-01
9.998435974121093750e-01
9.729989171028137207e-01
9.579387307167053223e-01
9.998722076416015625e-01
9.920901060104370117e-01
9.716821908950805664e-01
1.831219643354415894e-01
1.141445860266685486e-01
9.983469247817993164e-01
9.515181779861450195e-01
9.997655749320983887e-01
1.107417866587638855e-01
9.090525098145008087e-03
6.337406039237976074e-01
1.826570514822378755e-04
9.538363218307495117e-01
9.998155236244201660e-01
9.957793951034545898e-01
9.983100891113281250e-01
9.935579895973205566e-01
3.471615957096219063e-03
3.853306116070598364e-04
2.581993639469146729e-01
9.290890097618103027e-01
6.593766063451766968e-02
9.989228844642639160e-01
9.023321270942687988e-01
1.747440919280052185e-02
9.984065890312194824e-01
9.869857430458068848e-01
9.997475743293762207e-01
8.720158934593200684e-01
5.885806865990161896e-03
2.274811826646327972e-02
9.997847676277160645e-01
9.991489648818969727e-01
6.090898386901244521e-05
4.264805912971496582e-01
9.685285687446594238e-01
2.013467811048030853e-02
9.987676143646240234e-01
6.669345893897116184e-04
4.983498752117156982e-01
4.155899286270141602e-01
7.391165941953659058e-02
6.063280701637268066e-01
4.866607021540403366e-03
3.868629038333892822e-01
9.295153021812438965e-01
9.487136602401733398e-01
9.431715011596679688e-01
5.877984222024679184e-04
4.244254156947135925e-02
1.175913587212562561e-01
3.145060539245605469e-01
2.908812894020229578e-04
1.722528934478759766e-01
9.993288516998291016e-01
2.521695336326956749e-03
9.997726082801818848e-01
2.399204671382904053e-01
1.341657247394323349e-02
9.942696094512939453e-01
5.915154218673706055e-01
8.698583841323852539e-01
3.889195322990417480e-01
2.648063236847519875e-04
3.659779429435729980e-01
9.814230203628540039e-01
9.794791340827941895e-01
9.987555742263793945e-01
8.691711263963952661e-05
2.172428183257579803e-03
5.889020394533872604e-04
9.990597367286682129e-01
9.992617964744567871e-01
8.716692924499511719e-01
6.791236996650695801e-02
9.997172951698303223e-01
5.316483974456787109e-01
1.137743443250656128e-01
2.456666529178619385e-02
8.172693103551864624e-02
9.916564226150512695e-01
9.940140843391418457e-01
5.412005353718996048e-03
4.808946396224200726e-04
3.097172379493713379e-01
9.987173080444335938e-01
9.999479055404663086e-01
5.556238889694213867e-01
4.718044772744178772e-03
8.154584211297333241e-04
7.015217542648315430e-01
4.222163697704672813e-04
3.425406757742166519e-03
9.999059438705444336e-01
5.841600894927978516e-01
9.608104228973388672e-01
9.355567693710327148e-01
1.360616297461092472e-03
6.923940181732177734e-01
3.429119288921356201e-02
9.803010821342468262e-01
6.441376637667417526e-03
9.990636706352233887e-01
9.998667240142822266e-01
8.035672903060913086e-01
6.725890561938285828e-03
9.999032020568847656e-01
9.989130496978759766e-01
9.546597003936767578e-01
9.997310042381286621e-01
9.905971884727478027e-01
1.472759097814559937e-01
6.567297969013452530e-04
6.833387911319732666e-02
2.429199963808059692e-02
3.762873411178588867e-01
1.031643226742744446e-01
2.322675883769989014e-01
1.496848533861339092e-03
5.766406059265136719e-01
9.986824393272399902e-01
5.329627171158790588e-02
9.997414946556091309e-01
3.914591390639543533e-03
2.783163508865982294e-04
1.375162452459335327e-01
1.789941103197634220e-03
9.994819760322570801e-01
1.802586019039154053e-02
9.983060359954833984e-01
1.691391319036483765e-02
3.296735137701034546e-02
4.769152998924255371e-01
1.572383753955364227e-02
9.992376565933227539e-01
3.675620257854461670e-02
8.728716969490051270e-01
1.796613447368144989e-02
3.635465167462825775e-03
2.742872748058289289e-04
8.584083318710327148e-01
9.987962245941162109e-01
6.470129489898681641e-01
1.281281700357794762e-03
1.611902005970478058e-02
5.573623813688755035e-03
8.273620158433914185e-03
8.329229950904846191e-01
1.475189775228500366e-01
4.673535823822021484e-01
1.361909438855946064e-03
7.269883155822753906e-01
9.998213648796081543e-01
9.993053674697875977e-01
9.616498351097106934e-01
9.998853206634521484e-01
9.951948523521423340e-01
9.995563626289367676e-01
3.648235797882080078e-01
1.912125572562217712e-02
6.193516850471496582e-01
2.802383899688720703e-01
9.835565090179443359e-01
9.997603297233581543e-01
1.865675486624240875e-02
3.372709751129150391e-01
5.932241082191467285e-01
9.980394244194030762e-01
9.813644289970397949e-01
3.591174609027802944e-04
4.221427440643310547e-01
5.104068666696548462e-03
9.997578263282775879e-01
9.989100694656372070e-01
5.425998242571949959e-04
9.707128629088401794e-03
1.039472296833992004e-01
9.982197880744934082e-01
9.842967847362160683e-04
6.981422484386712313e-05
1.316782534122467041e-01
2.904927730560302734e-01
9.998351335525512695e-01
1.547194421291351318e-01
9.530349373817443848e-01
1.489757932722568512e-02
7.838778197765350342e-03
9.347415566444396973e-01
9.995458722114562988e-01
4.864176444243639708e-04
9.946681261062622070e-01
1.263123936951160431e-02
6.555731408298015594e-03
1.253284863196313381e-03
9.087712764739990234e-01
9.054150432348251343e-04
9.904922842979431152e-01
9.982314705848693848e-01
1.632670755498111248e-03
9.994963407516479492e-01
9.538966417312622070e-01
2.013549208641052246e-02
9.976160526275634766e-01
3.319191047921776772e-03
9.792966246604919434e-01
2.010755687952041626e-01
2.342065796256065369e-03
1.352351100649684668e-04
2.303941175341606140e-03
2.940825819969177246e-01
8.556915521621704102e-01
4.827285706996917725e-01
9.978043437004089355e-01
1.472695916891098022e-01
9.998759031295776367e-01
9.944075345993041992e-01
9.999213218688964844e-01
9.997535347938537598e-01
2.652600407600402832e-01
9.991847872734069824e-01
1.509605534374713898e-02
9.890880584716796875e-01
5.901286005973815918e-01
9.420076012611389160e-01
9.985186457633972168e-01
2.049471884965896606e-01
7.149344086647033691e-01
9.998389482498168945e-01
9.978249073028564453e-01
2.028637193143367767e-02
2.389763668179512024e-02
2.973217070102691650e-01
4.613495912053622305e-05
9.999042749404907227e-01
9.998989105224609375e-01
2.616145461797714233e-02
1.840260345488786697e-03
8.146768212318420410e-01
8.380539417266845703e-01
2.145210281014442444e-03
2.998534739017486572e-01
2.120234966278076172e-01
7.637094259262084961e-01
6.069509387016296387e-01
7.551534175872802734e-01
9.997861981391906738e-01
4.618561267852783203e-01
2.388917654752731323e-01
2.746864035725593567e-02
1.117244944907724857e-03
9.071973562240600586e-01
9.961930513381958008e-01
9.820752739906311035e-01
1.139682456851005554e-01
6.298270076513290405e-02
9.941089153289794922e-01
9.994993209838867188e-01
2.883700095117092133e-02
9.969456791877746582e-01
9.990462660789489746e-01
1.121343113481998444e-03
9.981149435043334961e-01
8.881486058235168457e-01
9.702810049057006836e-01
1.582972909091040492e-04
7.249807715415954590e-01
1.030475716106593609e-03
5.399037003517150879e-01
9.975544810295104980e-01
2.592895030975341797e-01
9.999172687530517578e-01
4.913659358862787485e-05
9.992833733558654785e-01
5.372065901756286621e-01
1.181359053589403629e-03
9.880080223083496094e-01
9.719908833503723145e-01
9.987652301788330078e-01
4.543277621269226074e-02
4.324507433921098709e-03
3.567892126739025116e-03
5.023195743560791016e-01
9.947605729103088379e-01
7.682614922523498535e-01
9.827702045440673828e-01
4.877403378486633301e-01
9.999465942382812500e-01
4.203635908197611570e-04
2.821218688040971756e-03
9.855831861495971680e-01
9.725544452667236328e-01
9.938467144966125488e-01
3.234227597713470459e-01
9.999552965164184570e-01
9.988622665405273438e-01
9.329747408628463745e-02
3.938358128070831299e-01
2.295089885592460632e-03
7.461918145418167114e-02
9.996140599250793457e-01
5.207946151494979858e-02
9.860655069351196289e-01
9.640147089958190918e-01
9.980102181434631348e-01
9.992815852165222168e-01
9.998335838317871094e-01
4.823237657546997070e-03
9.921358823776245117e-01
1.366696227341890335e-02
8.784393072128295898e-01
9.998966455459594727e-01
9.610817432403564453e-01
9.975507855415344238e-01
4.816724658012390137e-01
9.998262524604797363e-01
1.644430458545684814e-01
1.591519539942964911e-04
8.463455736637115479e-02
6.504875421524047852e-01
9.997935891151428223e-01
2.449935534968972206e-03
1.763936504721641541e-02
9.969076514244079590e-01
3.102090340689755976e-05
9.990788698196411133e-01
9.903862476348876953e-01
3.886547982692718506e-01
2.866279333829879761e-03
9.996191263198852539e-01
3.700179755687713623e-01
2.428118314128369093e-04
9.997422099113464355e-01
9.997323155403137207e-01
8.552397601306438446e-03
9.980959296226501465e-01
7.805419564247131348e-01
8.294409513473510742e-01
2.188822329044342041e-01
5.750072188675403595e-03
9.999102354049682617e-01
9.802243709564208984e-01
9.998815059661865234e-01
9.905253648757934570e-01
6.720117926597595215e-01
6.973298788070678711e-01
1.639393740333616734e-04
7.629354018718004227e-03
7.287584012374281883e-04
1.012081847875379026e-04
9.996182918548583984e-01
9.970953464508056641e-01
9.998385906219482422e-01
1.051525492221117020e-02
9.996115565299987793e-01
9.993546605110168457e-01
9.920772314071655273e-01
3.357524424791336060e-02
8.488906025886535645e-01
9.994965791702270508e-01
9.998419284820556641e-01
4.120759293437004089e-02
9.997819066047668457e-01
6.615098391193896532e-05
3.465769439935684204e-02
9.987474679946899414e-01
2.680646479129791260e-01
8.687719702720642090e-02
3.269355297088623047e-01
1.367423334158957005e-03
9.999272823333740234e-01
1.862043887376785278e-02
3.043411765247583389e-03
9.966003298759460449e-01
6.127122640609741211e-01
9.812306165695190430e-01
9.117648005485534668e-01
9.995021820068359375e-01
9.999251365661621094e-01
9.988837838172912598e-01
9.870534539222717285e-01
2.333996584638953209e-03
9.999219179153442383e-01
1.670255698263645172e-02
9.996891021728515625e-01
9.986158609390258789e-01
9.832732677459716797e-01
3.679036861285567284e-03
7.859193719923496246e-04
3.181108331773430109e-04
7.610189318656921387e-01
5.047465488314628601e-02
9.998309612274169922e-01
9.335123300552368164e-01
9.982208609580993652e-01
1.300314720720052719e-02
9.335858821868896484e-01
9.917546510696411133e-01
1.740058660507202148e-01
9.988622665405273438e-01
9.996637105941772461e-01
7.470597624778747559e-01
9.981402158737182617e-01
9.752817749977111816e-01
4.237295594066381454e-03
8.108782172203063965e-01
9.992207288742065430e-01
2.858159244060516357e-01
3.341487050056457520e-02
3.530344069004058838e-01
5.298461914062500000e-01
1.477823257446289062e-01
1.077989814803004265e-03
5.200685933232307434e-02
7.309097796678543091e-02
9.985665678977966309e-01
2.247828058898448944e-03
8.832348585128784180e-01
9.048673510551452637e-01
9.839124083518981934e-01
4.973232448101043701e-01
9.396651387214660645e-01
9.585162401199340820e-01
9.997981190681457520e-01
9.666044116020202637e-01
9.847381114959716797e-01
5.789601206779479980e-01
9.999256134033203125e-01
9.822795987129211426e-01
1.796481548808515072e-03
5.156908631324768066e-01
9.992989301681518555e-01
9.960750937461853027e-01
9.999265670776367188e-01
1.524246037006378174e-01
9.879464507102966309e-01
9.345086812973022461e-01
4.655913915485143661e-03
9.999443292617797852e-01
9.992244243621826172e-01
4.452778492122888565e-03
9.988363385200500488e-01
9.630237221717834473e-01
9.952113032341003418e-01
7.762680649757385254e-01
8.829478025436401367e-01
9.964698553085327148e-01
9.998894929885864258e-01
6.136237829923629761e-02
7.080264091491699219e-01
1.636245399713516235e-01
9.389113783836364746e-01
1.197728291153907776e-01
5.261799014988355339e-05
9.951530694961547852e-01
2.596196100057568401e-05
9.999455213546752930e-01
9.966850876808166504e-01
9.979604482650756836e-01
9.997817873954772949e-01
1.359640061855316162e-01
9.998974800109863281e-01
9.986935257911682129e-01
9.894227385520935059e-01
6.561208982020616531e-03
6.674363248748704791e-05
9.976786971092224121e-01
9.975609779357910156e-01
1.636125147342681885e-01
1.593585684895515442e-02
9.922940731048583984e-01
2.149244770407676697e-03
4.839678585994988680e-04
7.656675577163696289e-01
9.917163252830505371e-01
6.136935353279113770e-01
9.640035033226013184e-01
9.329015016555786133e-02
8.408420085906982422e-01
2.301681786775588989e-01
6.606543064117431641e-01
9.993495345115661621e-01
7.919083349406719208e-03
9.860396385192871094e-01
9.592185616493225098e-01
9.886265397071838379e-01
1.372726354748010635e-02
2.183921635150909424e-01
4.216041043400764465e-02
9.996336698532104492e-01
9.993985891342163086e-01
7.553893956355750561e-04
9.992892742156982422e-01
8.118693530559539795e-02
9.838472008705139160e-01
6.773726940155029297e-01
9.992665648460388184e-01
3.529540554154664278e-04
7.229360751807689667e-03
9.987115859985351562e-01
4.764242172241210938e-01
9.728950858116149902e-01
9.725707173347473145e-01
9.874969720840454102e-01
3.834546077996492386e-04
1.927490957314148545e-04
9.996728897094726562e-01
3.989996621385216713e-04
2.566638402640819550e-02
9.787444472312927246e-01
9.827197790145874023e-01
4.042352735996246338e-01
9.859583973884582520e-01
9.984740614891052246e-01
5.667651295661926270e-01
3.961411118507385254e-01
1.322347205132246017e-03
7.195835709571838379e-01
9.929558038711547852e-01
9.954936504364013672e-01
9.998606443405151367e-01
7.776425685733556747e-03
9.994758963584899902e-01
9.989197254180908203e-01
9.518285989761352539e-01
3.033190034329891205e-02
1.043128548189997673e-03
9.412631988525390625e-01
5.151529982686042786e-02
1.089435145258903503e-01
9.996602535247802734e-01
9.681241512298583984e-01
9.988133907318115234e-01
8.254737854003906250e-01
9.970368146896362305e-01
9.985118508338928223e-01
9.804825782775878906e-01
1.343302875757217407e-01
8.773025274276733398e-01
9.441611170768737793e-01
9.973695278167724609e-01
9.286016225814819336e-01
9.989731311798095703e-01
9.992721676826477051e-01
9.499713778495788574e-01
9.998726844787597656e-01
2.449617162346839905e-02
1.198164303787052631e-03
9.997929930686950684e-01
2.439759373664855957e-01
2.566588111221790314e-02
9.990837574005126953e-01
1.017144396901130676e-01
1.349670812487602234e-02
9.982423782348632812e-01
1.386493560858070850e-03
9.849796770140528679e-04
4.558514654636383057e-01
3.064876422286033630e-03
8.781430125236511230e-01
9.997407793998718262e-01
1.765258237719535828e-02
9.820729494094848633e-01
2.732272027060389519e-03
9.958320260047912598e-01
8.928406834602355957e-01
2.833162844181060791e-01
9.998576641082763672e-01
1.756554096937179565e-01
9.991394281387329102e-01
9.822012782096862793e-01
9.962784647941589355e-01
9.976482987403869629e-01
9.976836442947387695e-01
8.793163895606994629e-01
9.796908497810363770e-01
7.681996794417500496e-04
9.991466999053955078e-01
9.015303254127502441e-01
9.974135756492614746e-01
1.701253652572631836e-01
1.314773689955472946e-02
2.039123028516769409e-01
9.594663977622985840e-01
2.446687780320644379e-02
3.874827176332473755e-02
3.725265264511108398e-01
4.267357580829411745e-04
8.572484254837036133e-01
3.872349485754966736e-02
5.349468905478715897e-03
9.819658398628234863e-01
9.929015040397644043e-01
1.377529352903366089e-01
9.984208345413208008e-01
5.504231434315443039e-03
7.539794780313968658e-03
3.077011182904243469e-02
1.393710728734731674e-02
8.363697677850723267e-02
8.404343724250793457e-01
2.982877194881439209e-01
9.930881857872009277e-01
9.998760223388671875e-01
9.958199262619018555e-01
2.795801265165209770e-04
6.227693706750869751e-02
9.603230357170104980e-01
5.391978658735752106e-03
9.999448060989379883e-01
9.735262137837707996e-04
1.219049518113024533e-04
9.982459545135498047e-01
3.231230750679969788e-02
9.988387227058410645e-01
8.340226411819458008e-01
5.980701446533203125e-01
9.930564761161804199e-01
9.558160901069641113e-01
9.998620748519897461e-01
1.472295378334820271e-03
9.945776462554931641e-01
1.625912040472030640e-01
3.775687515735626221e-01
9.999314546585083008e-01
9.999445676803588867e-01
6.298883259296417236e-02
2.551549486815929413e-02
3.469949960708618164e-01
9.996770620346069336e-01
9.997238516807556152e-01
1.535767456516623497e-03
3.073547035455703735e-02
9.908508658409118652e-01
2.370907604927197099e-04
9.106251411139965057e-03
5.454921722412109375e-01
9.996984004974365234e-01
9.768468737602233887e-01
5.602221790468320251e-05
3.352591395378112793e-02
9.979268312454223633e-01
8.882257938385009766e-01
1.750350813381373882e-03
3.559211269021034241e-03
2.334992736577987671e-01
8.260802179574966431e-02
9.957269430160522461e-01
9.995027780532836914e-01
9.996163845062255859e-01
9.953984618186950684e-01
9.988389611244201660e-01
3.885287046432495117e-02
8.087929487228393555e-01
9.508845210075378418e-01
8.478208184242248535e-01
6.034635305404663086e-01
9.970259070396423340e-01
9.809396266937255859e-01
2.536416286602616310e-03
6.476078182458877563e-03
9.620043635368347168e-01
9.843058586120605469e-01
9.098811149597167969e-01
9.819666147232055664e-01
9.914361834526062012e-01
1.625314503908157349e-01
9.809354543685913086e-01
9.786610603332519531e-01
9.778359532356262207e-01
2.576429210603237152e-02
1.526401638984680176e-01
3.534061834216117859e-02
1.909835409605875611e-04
4.968468099832534790e-02
9.532109498977661133e-01
3.627317845821380615e-01
9.997548460960388184e-01
9.936934709548950195e-01
8.951470851898193359e-01
9.999214410781860352e-01
9.986415505409240723e-01
4.468408599495887756e-02
9.867556095123291016e-01
9.232828021049499512e-01
1.590214669704437256e-01
6.146027147769927979e-02
6.673594117164611816e-01
7.798453569412231445e-01
9.999021291732788086e-01
9.018598794937133789e-01
9.952005147933959961e-01
4.301321804523468018e-01
8.443092228844761848e-04
9.943517446517944336e-01
2.203435869887471199e-04
4.565446376800537109e-01
9.997099041938781738e-01
7.250665221363306046e-04
5.281666517257690430e-01
9.648235440254211426e-01
7.356240530498325825e-04
6.491283178329467773e-01
9.999200105667114258e-01
9.973955154418945312e-01
8.804722875356674194e-02
9.999245405197143555e-01
9.998046755790710449e-01
8.955643326044082642e-02
9.983447790145874023e-01
9.966136813163757324e-01
1.379588395357131958e-01
1.582367904484272003e-02
9.866466522216796875e-01
1.640645712614059448e-01
6.246347427368164062e-01
1.607161164283752441e-01
8.473105430603027344e-01
6.507174372673034668e-01
1.806939393281936646e-01
9.998776912689208984e-01
4.968896508216857910e-03
9.787237644195556641e-01
9.995643496513366699e-01
9.447465538978576660e-01
2.646579639986157417e-03
9.949283599853515625e-01
9.998180270195007324e-01
8.258550763130187988e-01
5.096503496170043945e-01
3.967696428298950195e-01
9.736292958259582520e-01
1.062876358628273010e-01
9.966713786125183105e-01
9.998258948326110840e-01
9.997925162315368652e-01
9.990835189819335938e-01
9.962827563285827637e-01
8.189453482627868652e-01
9.949831962585449219e-01
5.990427136421203613e-01
6.710841506719589233e-02
2.503318898379802704e-02
9.908199906349182129e-01
9.979427456855773926e-01
4.745262488722801208e-02
9.995701909065246582e-01
3.181265899911522865e-03
9.991964697837829590e-01
6.808720827102661133e-01
1.260327696800231934e-01
6.041284068487584591e-04
9.995512366294860840e-01
1.485766144469380379e-03
9.997798800468444824e-01
9.775748476386070251e-04
1.615996845066547394e-02
9.855422973632812500e-01
9.994674324989318848e-01
3.964414354413747787e-03
8.212444782257080078e-01
9.437576532363891602e-01
5.073760077357292175e-02
9.983307719230651855e-01
2.320114523172378540e-02
8.480984568595886230e-01
9.965999722480773926e-01
9.753413796424865723e-01
9.998200535774230957e-01
3.251047804951667786e-03
9.994826316833496094e-01
3.053260780870914459e-02
1.082853996194899082e-03
2.883530408143997192e-02
1.047463901340961456e-02
1.548126991838216782e-02
6.907778978347778320e-01
9.812316298484802246e-01
2.674132883548736572e-01
5.505515728145837784e-03
9.997774958610534668e-01
2.945974171161651611e-01
1.614362001419067383e-03
9.998230338096618652e-01
9.996550083160400391e-01
1.857238858938217163e-01
7.227554917335510254e-01
9.995008707046508789e-01
1.457711905241012573e-01
9.100044965744018555e-01
2.204539254307746887e-03
8.279860019683837891e-01
5.931075429543852806e-04
9.972181320190429688e-01
9.400802850723266602e-01
3.639866784214973450e-02
9.532869444228708744e-04
8.213455080986022949e-01
1.437713205814361572e-02
4.447232058737426996e-04
9.994833469390869141e-01
9.998232722282409668e-01
6.742000579833984375e-01
9.993554949760437012e-01
9.998772144317626953e-01
1.706042326986789703e-03
5.614664405584335327e-03
2.232762873172760010e-01
9.999122619628906250e-01
2.417700365185737610e-02
1.237925607711076736e-03
4.431788623332977295e-01
3.567333519458770752e-02
3.063420653343200684e-01
4.965114057995378971e-04
9.980575442314147949e-01
3.369042824488133192e-04
8.347807526588439941e-01
9.122123122215270996e-01
8.786683678627014160e-01
1.089617982506752014e-02
2.828906774520874023e-01
9.577143192291259766e-01
8.932051714509725571e-04
9.991712570190429688e-01
9.401725530624389648e-01
1.836199685931205750e-02
9.244417399168014526e-02
9.997102618217468262e-01
9.998304843902587891e-01
9.997523427009582520e-01
4.911191761493682861e-01
4.205886125564575195e-01
7.559788823127746582e-01
2.726447880268096924e-01
9.219760298728942871e-01
4.095592885278165340e-05
9.996911287307739258e-01
9.154776930809020996e-01
7.746343016624450684e-01
1.294885296374559402e-03
1.695026730885729194e-04
2.808053977787494659e-02
9.805094003677368164e-01
9.998953342437744141e-01
9.983958601951599121e-01
2.390784919261932373e-01
9.976685643196105957e-01
3.124002739787101746e-02
8.962366264313459396e-04
6.093528866767883301e-01
4.278503358364105225e-01
5.693743824958801270e-01
7.974220514297485352e-01
4.331993460655212402e-01
9.789653267944231629e-05
8.975229859352111816e-01
9.528546929359436035e-01
3.365001641213893890e-03
2.029269468039274216e-03
9.997294545173645020e-01
2.223897278308868408e-01
2.819625139236450195e-01
9.611995816230773926e-01
9.157772064208984375e-01
7.676624059677124023e-01
6.509823203086853027e-01
9.954234957695007324e-01
9.984544515609741211e-01
4.548452270682901144e-04
9.938731193542480469e-01
7.225003838539123535e-01
9.999020099639892578e-01
8.397633791901171207e-05
9.997538924217224121e-01
9.998341798782348633e-01
9.972891807556152344e-01
8.790232241153717041e-03
6.285106390714645386e-02
2.576337754726409912e-01
9.829862713813781738e-01
4.167166650295257568e-01
9.619787931442260742e-01
4.011369775980710983e-03
9.891941547393798828e-01
3.603568766266107559e-03
1.902802847325801849e-02
8.759097456932067871e-01
4.809810593724250793e-02
2.995922230184078217e-03
9.998277425765991211e-01
2.617465564981102943e-03
9.997996687889099121e-01
9.996240139007568359e-01
1.271971268579363823e-03
9.814039468765258789e-01
7.529611587524414062e-01
1.292755361646413803e-02
1.216975142597220838e-04
1.067230012267827988e-03
8.181171491742134094e-03
7.602307200431823730e-01
9.742181897163391113e-01
7.458882331848144531e-01
8.879332542419433594e-01
2.268600801471620798e-04
9.759328961372375488e-01
9.995834231376647949e-01
6.137097999453544617e-02
9.991673231124877930e-01
9.811061620712280273e-01
8.858216926455497742e-03
9.998859167098999023e-01
6.860300302505493164e-01
3.248944878578186035e-01
5.365315675735473633e-01
4.981478154659271240e-01
2.180900191888213158e-04
9.897753000259399414e-01
9.594663977622985840e-01
9.998897314071655273e-01
9.656271934509277344e-01
6.686758995056152344e-01
7.786248461343348026e-04
8.949092775583267212e-02
9.977167844772338867e-01
1.241870108060538769e-03
1.507593691349029541e-01
9.759284853935241699e-01
1.027471479028463364e-02
9.998660087585449219e-01
2.807459980249404907e-02
6.212674975395202637e-01
9.994544386863708496e-01
9.973143935203552246e-01
4.942141007632017136e-03
3.893232643604278564e-01
9.904733300209045410e-01
9.985057115554809570e-01
6.704843253828585148e-04
9.981796741485595703e-01
1.679673907347023487e-03
9.862471818923950195e-01
7.301737787202000618e-04
8.720158934593200684e-01
8.473496884107589722e-03
1.251034159213304520e-02
9.874126911163330078e-01
4.778077006340026855e-01
2.559142012614756823e-04
9.997974038124084473e-01
5.931791849434375763e-03
2.648217678070068359e-01
9.996731281280517578e-01
1.993229426443576813e-02
9.998013377189636230e-01
1.423148903995752335e-03
3.204683889634907246e-04
5.523872971534729004e-01
9.942623376846313477e-01
9.963251948356628418e-01
1.264000982046127319e-01
9.994332194328308105e-01
4.415327683091163635e-03
9.960518479347229004e-01
5.315428972244262695e-01
2.379023499088361859e-04
8.273316621780395508e-01
2.064155973494052887e-02
5.319287534803152084e-03
1.317561715841293335e-01
4.443877190351486206e-02
4.194516241550445557e-01
5.384771823883056641e-01
1.392832212150096893e-02
1.223937887698411942e-02
3.645178163424134254e-03
1.797299273312091827e-02
6.738040447235107422e-01
9.999468326568603516e-01
9.967160224914550781e-01
1.199220586568117142e-02
2.363135339692234993e-03
9.953668117523193359e-01
5.301019549369812012e-01
9.897505640983581543e-01
8.926669359207153320e-01
6.532007455825805664e-01
4.643774330615997314e-01
9.284742474555969238e-01
9.999479055404663086e-01
9.290559887886047363e-01
9.931604862213134766e-01
8.048160076141357422e-01
5.771200656890869141e-01
4.423949122428894043e-02
9.919752478599548340e-01
1.658797555137425661e-05
4.673468880355358124e-03
3.634092509746551514e-01
6.891267895698547363e-01
9.993668198585510254e-01
9.155058264732360840e-01
3.556216135621070862e-03
9.910327792167663574e-01
9.994919300079345703e-01
4.359383285045623779e-01
1.077162523870356381e-04
9.814925789833068848e-01
5.147337168455123901e-02
6.446991860866546631e-02
1.868701423518359661e-03
9.967502355575561523e-01
9.996489286422729492e-01
9.366339445114135742e-01
7.653295993804931641e-01
9.987819790840148926e-01
9.755935170687735081e-04
9.685035347938537598e-01
4.381205439567565918e-01
9.189743399620056152e-01
9.707368612289428711e-01
5.901654958724975586e-01
7.961406707763671875e-01
2.441736869513988495e-03
9.991182684898376465e-01
9.919087290763854980e-01
9.995032548904418945e-01
9.999029636383056641e-01
2.359777688980102539e-02
9.893053770065307617e-01
8.962607383728027344e-02
8.508606697432696819e-04
9.996608495712280273e-01
3.340199182275682688e-04
9.921247363090515137e-01
1.932610757648944855e-04
9.998354911804199219e-01
9.727925658226013184e-01
8.768737912178039551e-01
1.844698563218116760e-03
2.040986328211147338e-05
5.858304575667716563e-05
9.943677783012390137e-01
2.105289325118064880e-02
3.382924199104309082e-01
9.943445920944213867e-01
8.800245523452758789e-01
9.065487422049045563e-03
9.753015041351318359e-01
9.961250424385070801e-01
9.908639788627624512e-01
9.282780885696411133e-01
4.279256612062454224e-02
9.999142885208129883e-01
1.537633128464221954e-02
1.760378330945968628e-01
9.944770932197570801e-01
2.647162377834320068e-01
9.903974533081054688e-01
9.957267045974731445e-01
9.814743399620056152e-01
9.998150467872619629e-01
9.609585404396057129e-01
9.978716373443603516e-01
9.772407065611332655e-05
9.984474778175354004e-01
8.602520450949668884e-03
8.303289413452148438e-01
6.367906183004379272e-02
9.983751773834228516e-01
9.882113337516784668e-01
9.990444779396057129e-01
9.604381322860717773e-01
9.998898506164550781e-01
9.914823770523071289e-01
7.876970171928405762e-01
8.180873394012451172e-01
9.894723296165466309e-01
8.087929487228393555e-01
6.589547395706176758e-01
9.968038797378540039e-01
9.858457446098327637e-01
8.622889518737792969e-01
9.418672919273376465e-01
8.793313503265380859e-01
9.999099969863891602e-01
9.997863173484802246e-01
1.122807264328002930e-01
9.804874062538146973e-01
8.019892871379852295e-02
4.052326381206512451e-01
6.322214903775602579e-05
8.492369651794433594e-01
1.423492878675460815e-01
1.021281909197568893e-02
9.491785168647766113e-01
1.728999428451061249e-03
9.994402527809143066e-01
4.612295015249401331e-05
9.997470974922180176e-01
4.013014025986194611e-03
9.591846466064453125e-01
2.440067240968346596e-03
6.760004162788391113e-01
1.482678577303886414e-02
7.932037115097045898e-03
9.941387176513671875e-01
9.940140843391418457e-01
9.687240719795227051e-01
9.997050166130065918e-01
1.181202591396868229e-03
8.905809521675109863e-01
2.198540372774004936e-03
9.764552116394042969e-03
2.250975072383880615e-01
9.706361293792724609e-01
9.939463734626770020e-01
5.599804688245058060e-03
3.547753095626831055e-01
9.998220801353454590e-01
2.000646740198135376e-01
5.235924124717712402e-01
9.820990562438964844e-01
9.995012283325195312e-01
9.770711064338684082e-01
6.794140790589153767e-05
1.326472163200378418e-01
2.378113822487648576e-05
9.960921406745910645e-01
6.757935625500977039e-04
5.964877009391784668e-01
1.287036342546343803e-03
1.576371956616640091e-03
9.999285936355590820e-01
9.998867511749267578e-01
8.509960770606994629e-01
9.915460944175720215e-01
9.992831349372863770e-01
1.056952681392431259e-02
9.983003735542297363e-01
9.995105266571044922e-01
9.994735121726989746e-01
9.831629991531372070e-01
9.988155364990234375e-01
4.253100138157606125e-03
8.200276494026184082e-01
1.049119979143142700e-02
3.205934306606650352e-03
2.803500741720199585e-02
9.998148083686828613e-01
4.803970456123352051e-03
9.787065982818603516e-01
9.995946288108825684e-01
7.142253518104553223e-01
1.617031171917915344e-02
2.420419827103614807e-03
1.826733052730560303e-01
9.980929493904113770e-01
9.994959831237792969e-01
6.804023385047912598e-01
4.330275580286979675e-02
4.137621435802429914e-04
1.227556494995951653e-03
9.995058774948120117e-01
3.471031412482261658e-02
1.798349985620006919e-04
2.535909647122025490e-03
2.198043075622990727e-04
9.783211946487426758e-01
9.923112392425537109e-01
2.127069281414151192e-03
2.386362403631210327e-01
9.993377327919006348e-01
8.216315507888793945e-02
8.037239909172058105e-01
2.043242454528808594e-01
9.999223947525024414e-01
5.997706949710845947e-02
1.494879089295864105e-02
9.999035596847534180e-01
9.991144537925720215e-01
9.318993091583251953e-01
2.719834912568330765e-03
9.391419887542724609e-01
9.997438788414001465e-01
9.462332725524902344e-01
5.471341609954833984e-01
9.994928836822509766e-01
2.675149738788604736e-01
1.383099984377622604e-02
1.878748298622667789e-03
4.905236346530728042e-05
9.994865655899047852e-01
7.612248659133911133e-01
7.613453548401594162e-03
4.045094538014382124e-04
5.114335417747497559e-01
4.310685209929943085e-03
5.178915709257125854e-02
1.292957812547683716e-01
3.263141261413693428e-04
1.006782278418540955e-01
9.999350309371948242e-01
9.873368144035339355e-01
6.935572018846869469e-04
3.205014392733573914e-03
9.960939288139343262e-01
6.546078324317932129e-01
6.742660403251647949e-01
9.725996851921081543e-01
1.279436051845550537e-03
9.993773102760314941e-01
9.979913234710693359e-01
9.986931681632995605e-01
9.837379455566406250e-01
9.458879232406616211e-01
6.379225756973028183e-03
9.969304203987121582e-01
9.997418522834777832e-01
5.182775785215198994e-04
9.958195686340332031e-01
9.998843669891357422e-01
9.973934888839721680e-01
5.399511428549885750e-04
9.567244648933410645e-01
9.705621004104614258e-01
5.139149427413940430e-01
8.019053936004638672e-01
8.877719640731811523e-01
9.693652987480163574e-01
9.976080656051635742e-01
9.890480637550354004e-01
9.761624336242675781e-01
4.199078306555747986e-03
9.997146725654602051e-01
9.802955985069274902e-01
9.996551275253295898e-01
7.884348630905151367e-01
9.999444484710693359e-01
9.997925162315368652e-01
9.981908202171325684e-01
9.987239241600036621e-01
9.998880624771118164e-01
4.901748895645141602e-01
4.556245636194944382e-03
9.990394711494445801e-01
9.671031236648559570e-01
9.995810389518737793e-01
9.997200369834899902e-01
4.975315649062395096e-03
6.348378658294677734e-01
9.999414682388305664e-01
9.997655749320983887e-01
9.997020363807678223e-01
2.795031294226646423e-02
2.087815664708614349e-02
2.687509953975677490e-01
7.132651656866073608e-02
9.997214674949645996e-01
9.966410398483276367e-01
6.331314146518707275e-02
2.416540519334375858e-04
8.800987005233764648e-01
2.358850389719009399e-01
9.981756210327148438e-01
1.005649610306136310e-04
2.042262349277734756e-03
9.989404082298278809e-01
3.374463319778442383e-01
1.069369316101074219e-01
2.169530391693115234e-01
8.608335852622985840e-01
9.617636203765869141e-01
7.497650384902954102e-01
9.996519088745117188e-01
7.088940143585205078e-01
8.909004330635070801e-01
4.801805317401885986e-01
1.564806252717971802e-01
6.589628010988235474e-02
3.428041934967041016e-01
9.974174499511718750e-01
1.640307903289794922e-02
7.252842187881469727e-01
1.243820588570088148e-04
9.992331266403198242e-01
2.659175544977188110e-02
9.996633529663085938e-01
7.702831923961639404e-02
1.675482199061661959e-04
8.280601501464843750e-01
9.998711347579956055e-01
1.778594014467671514e-04
8.288003802299499512e-01
2.420281246304512024e-02
2.214640146121382713e-03
2.451136009767651558e-03
5.731928627938032150e-03
9.968398809432983398e-01
9.301396608352661133e-01
5.499003529548645020e-01
4.365829809103161097e-04
4.074534028768539429e-02
5.688158273696899414e-01
9.998933076858520508e-01
2.696912270039319992e-03
2.420281246304512024e-02
5.178177729249000549e-03
5.973865464329719543e-02
1.870613731443881989e-02
4.329266957938671112e-03
7.374382019042968750e-01
9.975125789642333984e-01
1.461842563003301620e-03
4.866114817559719086e-03
3.623648954089730978e-04
3.907383885234594345e-03
3.574358299374580383e-02
9.996465444564819336e-01
9.996508359909057617e-01
1.014845147728919983e-01
4.639182090759277344e-01
9.158509969711303711e-01
9.981465339660644531e-01
9.991968274116516113e-01
9.999092817306518555e-01
9.978220462799072266e-01
9.984747767448425293e-01
9.998967647552490234e-01
1.140605192631483078e-02
4.155392348766326904e-01
9.999027252197265625e-01
9.996449947357177734e-01
9.997476935386657715e-01
2.071577161550521851e-01
3.853977425023913383e-03
1.144565343856811523e-01
4.177526235580444336e-01
9.999310970306396484e-01
9.997020363807678223e-01
2.506233286112546921e-03
1.923547983169555664e-01
9.992817044258117676e-01
3.495262353681027889e-04
2.395633012056350708e-01
9.929823875427246094e-01
1.059197634458541870e-01
5.482364911586046219e-03
3.988880515098571777e-01
1.282439082860946655e-01
8.828724026679992676e-01
1.360354293137788773e-02
9.988871216773986816e-01
9.979628324508666992e-01
1.884704083204269409e-01
9.860700964927673340e-01
9.950104951858520508e-01
9.465241432189941406e-01
9.996536970138549805e-01
1.330331870121881366e-04
9.989023208618164062e-01
9.992961883544921875e-01
9.994705319404602051e-01
9.952392578125000000e-01
5.318247154355049133e-02
9.996343851089477539e-01
2.835011780261993408e-01
9.999544620513916016e-01
9.996553659439086914e-01
6.878547072410583496e-01
9.942693710327148438e-01
9.984664916992187500e-01
1.234913361258804798e-04
8.480350375175476074e-01
9.993371367454528809e-01
2.139203101396560669e-01
9.992081522941589355e-01
4.474428296089172363e-01
1.936517953872680664e-01
3.515219390392303467e-01
9.988983869552612305e-01
8.535729646682739258e-01
2.408212167210876942e-04
9.998256564140319824e-01
1.072178687900304794e-02
1.051590964198112488e-02
9.917022585868835449e-01
9.561818242073059082e-01
9.992958307266235352e-01
9.999369382858276367e-01
2.738283872604370117e-01
9.516289234161376953e-01
2.087564498651772738e-04
7.437987923622131348e-01
9.711919426918029785e-01
6.136633455753326416e-02
6.183128431439399719e-02
1.788645022315904498e-04
9.853019714355468750e-01
9.972798824310302734e-01
1.637636334635317326e-03
2.037021913565695286e-04
1.039693057537078857e-01
1.809507142752408981e-03
9.974676370620727539e-01
2.460604719817638397e-02
8.398972153663635254e-01
3.270604065619409084e-05
7.895550131797790527e-01
1.104219118133187294e-04
9.961150884628295898e-01
9.990227222442626953e-01
6.781546026468276978e-02
9.979434609413146973e-01
2.021172083914279938e-03
4.111622273921966553e-02
2.536461949348449707e-01
2.847183942794799805e-01
9.860517978668212891e-01
2.272070012986660004e-02
9.981827735900878906e-01
1.638182401657104492e-01
9.997683167457580566e-01
9.999006986618041992e-01
9.995648264884948730e-01
9.948151707649230957e-01
9.731785058975219727e-01
2.527463657315820456e-04
9.993036985397338867e-01
9.587786197662353516e-01
4.027878642082214355e-01
9.947620034217834473e-01
1.407147347927093506e-01
9.998368024826049805e-01
7.746560871601104736e-02
9.790762662887573242e-01
2.029843162745237350e-03
2.595757246017456055e-01
5.516896843910217285e-01
9.490803815424442291e-03
9.977061748504638672e-01
4.425236210227012634e-02
7.249951362609863281e-02
9.680179357528686523e-01
9.986910223960876465e-01
4.728046245872974396e-03
4.366573877632617950e-03
8.750200271606445312e-02
1.287303306162357330e-02
9.923208355903625488e-01
9.951602816581726074e-01
9.851031899452209473e-01
9.957129955291748047e-01
4.983227550983428955e-01
4.264443367719650269e-02
2.726233750581741333e-02
2.833939215634018183e-04
9.988504648208618164e-01
6.112753152847290039e-01
9.961034059524536133e-01
9.902980923652648926e-01
9.998755455017089844e-01
1.677810214459896088e-03
9.998431205749511719e-01
8.467438817024230957e-01
9.995239973068237305e-01
9.450691938400268555e-01
9.994543194770812988e-01
9.986200332641601562e-01
8.737003803253173828e-01
9.988942742347717285e-01
6.044515967369079590e-01
9.926309585571289062e-01
9.994671940803527832e-01
1.003573634079657495e-04
9.836882352828979492e-01
9.938380122184753418e-01
9.995824694633483887e-01
9.803318977355957031e-01
1.194133888930082321e-03
9.870625138282775879e-01
4.324143230915069580e-01
9.996097683906555176e-01
1.312943734228610992e-02
9.825394153594970703e-01
2.239388413727283478e-05
9.918733239173889160e-01
9.980437755584716797e-01
8.970509767532348633e-01
2.982190847396850586e-01
9.994542002677917480e-01
1.562482211738824844e-04
3.208393463864922523e-03
1.577367633581161499e-01
1.455686837434768677e-01
9.973596930503845215e-01
7.512445449829101562e-01
9.968016147613525391e-01
9.999386072158813477e-01
9.992247819900512695e-01
9.095382690429687500e-01
9.740205407142639160e-01
4.963180124759674072e-01
9.916609525680541992e-01
6.704415427520871162e-04
9.988803267478942871e-01
8.414932489395141602e-01
1.192177608609199524e-01
5.371148581616580486e-04
9.996163845062255859e-01
2.915831100835930556e-05
3.535969555377960205e-01
4.055769443511962891e-01
7.754520629532635212e-05
6.101204156875610352e-01
9.997344613075256348e-01
6.457375884056091309e-01
1.389937996864318848e-01
9.995740056037902832e-01
9.823400974273681641e-01
6.440091133117675781e-02
9.565578699111938477e-01
6.634161472320556641e-01
3.567709922790527344e-01
6.059032678604125977e-01
1.443075090646743774e-01
9.866147637367248535e-01
8.986577391624450684e-01
1.220663194544613361e-03
3.803210274782031775e-04
1.239051669836044312e-02
9.980006814002990723e-01
5.475698709487915039e-01
1.536978059448301792e-03
9.976031184196472168e-01
9.705134289106354117e-05
9.318993091583251953e-01
9.790656566619873047e-01
6.691224873065948486e-02
9.992620348930358887e-01
9.883880019187927246e-01
8.790444731712341309e-01
9.829460382461547852e-01
9.435266852378845215e-01
9.993000030517578125e-01
3.604152880143374205e-04
7.208982110023498535e-01
5.982127189636230469e-01
9.991651773452758789e-01
7.743740919977426529e-03
2.487628953531384468e-03
3.732938494067639112e-04
3.113051950931549072e-01
2.998637557029724121e-01
9.683012962341308594e-01
9.852256625890731812e-03
9.955735206604003906e-01
9.647651910781860352e-01
9.956699609756469727e-01
7.385817766189575195e-01
7.430668473243713379e-01
9.929701685905456543e-01
9.995746016502380371e-01
9.996336698532104492e-01
9.997891783714294434e-01
9.543035626411437988e-01
9.804132580757141113e-01
4.148872196674346924e-01
9.216823577880859375e-01
2.612894773483276367e-02
9.999148845672607422e-01
1.674264669418334961e-02
4.659444093704223633e-04
9.999372959136962891e-01
1.889303028583526611e-01
1.730599850416183472e-01
9.987687468528747559e-01
3.770572245121002197e-01
9.973211884498596191e-01
6.377371549606323242e-01
9.998297691345214844e-01
9.126199483871459961e-01
8.208009239751845598e-05
9.932553768157958984e-01
4.257903620600700378e-02
5.639485243591479957e-05
7.668594717979431152e-01
9.997838139533996582e-01
1.244073384441435337e-03
3.980458714067935944e-03
9.623932242393493652e-01
9.750951528549194336e-01
9.998329877853393555e-01
1.873620785772800446e-04
9.995630383491516113e-01
1.853866130113601685e-01
1.631372491829097271e-03
4.222108796238899231e-02
9.963759779930114746e-01
1.329587399959564209e-01
8.559764027595520020e-01
9.950901269912719727e-01
1.977487234398722649e-03
1.836015435401350260e-04
9.267134070396423340e-01
9.953984618186950684e-01
9.998611211776733398e-01
8.250842094421386719e-01
4.607503942679613829e-04
4.668822586536407471e-01
6.961338520050048828e-01
9.997267127037048340e-01
1.320944284088909626e-03
9.992527365684509277e-01
1.570769702084362507e-03
1.855515147326514125e-04
9.816097735892981291e-05
1.404593884944915771e-02
7.855093479156494141e-01
8.248974084854125977e-01
9.791311025619506836e-01
1.063172053545713425e-02
9.997851252555847168e-01
1.121181845664978027e-01
9.995601773262023926e-01
4.738090501632541418e-05
2.487996071577072144e-01
6.194853782653808594e-01
5.932499771006405354e-04
2.375655025243759155e-01
8.774927854537963867e-01
4.528135359287261963e-01
9.996734857559204102e-01
5.375032778829336166e-04
2.190896542742848396e-03
7.695026695728302002e-02
1.580299586057662964e-01
9.952137470245361328e-01
9.868108630180358887e-01
9.947612881660461426e-01
9.999092817306518555e-01
2.461375668644905090e-02
9.986812472343444824e-01
3.572112694382667542e-02
9.631909132003784180e-01
8.877380490303039551e-01
6.860633492469787598e-01
1.750294759403914213e-04
3.039078973233699799e-02
9.980773925781250000e-01
9.984076619148254395e-01
3.927929792553186417e-04
7.687790989875793457e-01
4.038403858430683613e-04
9.681910872459411621e-01
1.297437846660614014e-01
3.390432335436344147e-03
3.833979368209838867e-02
3.591865599155426025e-01
1.468323357403278351e-02
4.403730388730764389e-03
7.382213473320007324e-01
9.996951818466186523e-01
9.942684173583984375e-01
9.930893778800964355e-01
1.134547591209411621e-02
5.859928131103515625e-01
9.896184802055358887e-01
1.703306916169822216e-03
9.344022870063781738e-01
9.984273910522460938e-01
7.335382397286593914e-04
8.869911730289459229e-02
9.995573163032531738e-01
3.353475034236907959e-01
7.799737453460693359e-01
2.271065895911306143e-04
9.603854268789291382e-03
5.476751923561096191e-02
8.852930068969726562e-01
8.990152478218078613e-01
2.119807177223265171e-04
5.047403741627931595e-03
5.870410203933715820e-01
2.494240552186965942e-02
9.730139374732971191e-01
9.985646605491638184e-01
9.644709825515747070e-01
4.809794947504997253e-02
9.996190071105957031e-01
5.152036828803829849e-05
9.995717406272888184e-01
8.034884929656982422e-01
8.366845250129699707e-01
5.776247009634971619e-03
9.902149438858032227e-01
9.997907280921936035e-01
9.619729518890380859e-01
1.305134315043687820e-02
1.331289261579513550e-01
2.026040405035018921e-01
9.990476965904235840e-01
3.996482193470001221e-01
5.716387386200949550e-05
7.167589664459228516e-01
7.021203637123107910e-03
9.998875856399536133e-01
6.419066190719604492e-01
9.997472167015075684e-01
2.669061999768018723e-03
9.135516881942749023e-01
4.583343863487243652e-03
9.910289049148559570e-01
4.590826630592346191e-01
1.005944386124610901e-01
8.419486284255981445e-01
3.181618405506014824e-03
2.643494808580726385e-04
6.996566802263259888e-02
2.167108654975891113e-02
9.995042085647583008e-01
4.728586936835199594e-04
6.499378085136413574e-01
9.998173117637634277e-01
1.306878868490457535e-03
9.994994401931762695e-01
3.640952706336975098e-01
9.848299026489257812e-01
9.965786337852478027e-01
9.382214546203613281e-01
9.998821020126342773e-01
8.400062322616577148e-01
9.998730421066284180e-01
1.085853390395641327e-02
9.858765006065368652e-01
9.118129611015319824e-01
9.189428091049194336e-01
9.712553620338439941e-01
3.167279809713363647e-02
9.994062185287475586e-01
9.998497962951660156e-01
9.995786547660827637e-01
8.921924829483032227e-01
9.998826980590820312e-01
9.999160766601562500e-01
9.723752140998840332e-01
9.988088607788085938e-01
1.032089421642012894e-04
2.854705322533845901e-03
5.776010751724243164e-01
9.880136251449584961e-01
9.473090171813964844e-01
4.933564066886901855e-01
9.994589686393737793e-01
9.895722866058349609e-01
2.210940292570739985e-04
5.264447070658206940e-03
3.725543618202209473e-03
9.827081561088562012e-01
9.996879100799560547e-01
9.885976314544677734e-01
1.898218877613544464e-02
9.980307221412658691e-01
3.830079436302185059e-01
9.926267266273498535e-01
9.996131062507629395e-01
8.922542445361614227e-03
9.998935461044311523e-01
1.200258731842041016e-03
9.821517467498779297e-01
9.690246582031250000e-01
4.985172748565673828e-01
9.994551539421081543e-01
2.788420915603637695e-01
9.995990395545959473e-01
3.672824939712882042e-03
6.115272641181945801e-02
9.987144470214843750e-01
9.996888637542724609e-01
9.964313507080078125e-01
9.756303429603576660e-01
4.314717352390289307e-01
2.907306849956512451e-01
9.768395125865936279e-02
9.806113243103027344e-01
6.994390487670898438e-01
9.946637153625488281e-01
6.777133941650390625e-01
2.502859197556972504e-02
9.932745695114135742e-01
9.993613362312316895e-01
2.158825518563389778e-03
9.982104301452636719e-01
4.392431001178920269e-04
4.856397509574890137e-01
2.689990028738975525e-02
1.032411382766440511e-04
3.134383950964547694e-05
9.976383447647094727e-01
2.864487469196319580e-02
9.912919402122497559e-01
8.933610916137695312e-01
3.846221268177032471e-01
9.759048819541931152e-01
2.714106738567352295e-01
9.985107779502868652e-01
1.935647875070571899e-01
9.758952260017395020e-01
3.813332412391901016e-03
6.687476038932800293e-01
6.378021207638084888e-04
7.655677036382257938e-04
9.126797318458557129e-01
9.804152250289916992e-01
1.425542286597192287e-03
1.052946783602237701e-02
9.908190369606018066e-01
4.495683591812849045e-03
1.838924922049045563e-02
9.997268319129943848e-01
4.811672260984778404e-04
9.977564215660095215e-01
9.999315738677978516e-01
8.690120652318000793e-03
2.023306339979171753e-01
7.688249945640563965e-01
9.973178505897521973e-01
9.993707537651062012e-01
9.814218282699584961e-01
1.866376143880188465e-03
2.910372316837310791e-01
1.580227399244904518e-03
2.662856422830373049e-04
9.996498823165893555e-01
6.837088149040937424e-03
2.660619467496871948e-02
9.983886480331420898e-01
9.894311428070068359e-01
1.507148593664169312e-01
3.530188405420631170e-04
4.390501708257943392e-04
5.317903161048889160e-01
9.996486902236938477e-01
9.999130964279174805e-01
2.780496608465909958e-03
7.347364425659179688e-01
9.999035596847534180e-01
2.911174595355987549e-01
9.634391665458679199e-01
8.313486352562904358e-03
9.830875992774963379e-01
9.678616523742675781e-01
2.703755162656307220e-04
9.231033921241760254e-01
7.285775500349700451e-04
7.458164095878601074e-01
1.401412934064865112e-01
5.866277813911437988e-01
7.412377162836492062e-04
4.476227238774299622e-02
9.890268445014953613e-01
2.254623919725418091e-02
9.998383522033691406e-01
9.955671429634094238e-01
5.262919664382934570e-01
9.999059438705444336e-01
2.430976033210754395e-01
5.347505211830139160e-01
9.999600648880004883e-01
9.979315996170043945e-01
1.163586784969083965e-04
7.830137014389038086e-02
9.843158125877380371e-01
1.599600724875926971e-02
8.651872165501117706e-03
8.102432824671268463e-03
9.743220806121826172e-01
9.399509429931640625e-01
9.651548862457275391e-01
1.287894789129495621e-03
9.909108281135559082e-01
9.920605421066284180e-01
5.873759388923645020e-01
9.118837118148803711e-01
3.246372332796454430e-03
2.103329896926879883e-01
9.996318817138671875e-01
8.940107226371765137e-01
9.999096393585205078e-01
9.988836646080017090e-01
9.152894616127014160e-01
8.824530243873596191e-01
9.999136924743652344e-01
9.945805668830871582e-01
9.877647244138643146e-05
9.995831847190856934e-01
1.477512996643781662e-03
9.999452829360961914e-01
1.033539250493049622e-01
9.967232346534729004e-01
9.997221827507019043e-01
9.941747784614562988e-01
9.867979884147644043e-01
9.979898929595947266e-01
9.711356759071350098e-01
1.359640061855316162e-01
9.242743849754333496e-01
2.054839134216308594e-01
9.831164479255676270e-01
1.252326066605746746e-03
6.199136376380920410e-01
6.806190013885498047e-01
9.861942529678344727e-01
9.955091476440429688e-01
1.790473163127899170e-01
5.977756977081298828e-01
3.860121825709939003e-03
6.271287053823471069e-02
9.925000071525573730e-01
8.841005563735961914e-01
9.491979479789733887e-01
7.630980759859085083e-02
7.966486215591430664e-01
4.540047645568847656e-01
1.092796996235847473e-01
9.981960654258728027e-01
4.673535823822021484e-01
2.594084665179252625e-02
9.593193531036376953e-01
3.973828162997961044e-03
9.982753992080688477e-01
1.509479188825935125e-04
9.708365201950073242e-01
6.303898692131042480e-01
9.931072592735290527e-01
9.978415966033935547e-01
5.843620002269744873e-02
9.930003881454467773e-01
9.828385710716247559e-01
9.612951874732971191e-01
5.893798079341650009e-04
9.998688697814941406e-01
9.994537234306335449e-01
9.714327752590179443e-03
1.295737735927104950e-02
9.986435770988464355e-01
9.998615980148315430e-01
5.942473217146471143e-05
6.452853083610534668e-01
2.026923932135105133e-02
9.914774298667907715e-01
9.982028007507324219e-01
3.591959178447723389e-01
1.843989302869886160e-04
5.608907341957092285e-01
9.346713423728942871e-01
5.449381470680236816e-01
1.324501936323940754e-03
6.952447295188903809e-01
9.980155229568481445e-01
9.966694712638854980e-01
9.998766183853149414e-01
9.997573494911193848e-01
1.806073337793350220e-01
9.966427087783813477e-01
9.507402181625366211e-01
1.146364435553550720e-01
9.993380904197692871e-01
5.215361248701810837e-03
9.873189330101013184e-01
3.229037160053849220e-03
5.399328842759132385e-02
9.996015429496765137e-01
6.009579822421073914e-02
9.998319149017333984e-01
4.571079742163419724e-03
9.993168115615844727e-01
9.610337205231189728e-03
8.040384203195571899e-02
8.273633196949958801e-03
3.399011620786041021e-05
9.974856376647949219e-01
9.806507229804992676e-01
1.306026279926300049e-01
8.279699087142944336e-01
3.147216141223907471e-01
5.242424011230468750e-01
1.107817795127630234e-02
2.815001308917999268e-01
9.172924160957336426e-01
9.865757822990417480e-01
8.672878146171569824e-03
9.828725457191467285e-01
4.524518847465515137e-01
1.860134303569793701e-02
9.999257326126098633e-01
5.601533688604831696e-03
9.997667670249938965e-01
2.197390794754028320e-01
2.090076059103012085e-01
1.121170585975050926e-03
1.088895136490464211e-03
2.430944441584870219e-04
5.839839112013578415e-03
9.701309800148010254e-01
9.996732473373413086e-01
9.991835951805114746e-01
9.997581839561462402e-01
5.697683896869421005e-03
9.990102052688598633e-01
9.874885082244873047e-01
2.212627977132797241e-01
9.579631090164184570e-01
4.484617710113525391e-02
7.846616506576538086e-01
2.848807955160737038e-03
9.989078044891357422e-01
1.118586587836034596e-04
1.328609697520732880e-02
1.556685119867324829e-01
9.951195716857910156e-01
3.092759549617767334e-01
1.881835460662841797e-01
9.865970015525817871e-01
8.757666349411010742e-01
3.998782336711883545e-01
9.007204771041870117e-01
6.465269923210144043e-01
3.877412974834442139e-01
5.152944475412368774e-02
9.989314675331115723e-01
9.781631827354431152e-01
9.990672469139099121e-01
3.762758802622556686e-03
1.880265399813652039e-02
5.102980732917785645e-01
9.506169557571411133e-01
9.822052121162414551e-01
9.999061822891235352e-01
9.922084808349609375e-01
7.469575405120849609e-01
5.953630898147821426e-04
9.989286065101623535e-01
9.864423274993896484e-01
9.998778104782104492e-01
9.905940294265747070e-01
3.894108831882476807e-01
9.996415376663208008e-01
9.994544386863708496e-01
4.295461252331733704e-02
1.077432680176571012e-04
9.995067119598388672e-01
9.995560050010681152e-01
3.020018339157104492e-04
9.994131326675415039e-01
3.441278357058763504e-03
9.944229722023010254e-01
9.998532533645629883e-01
9.990440011024475098e-01
9.946308135986328125e-01
9.999042749404907227e-01
9.067690968513488770e-01
9.321592450141906738e-01
9.984397292137145996e-01
9.996554851531982422e-01
4.496596157550811768e-01
9.932280182838439941e-01
1.662841968936845660e-04
9.979968667030334473e-01
9.998117089271545410e-01
8.401516824960708618e-03
8.923540115356445312e-01
2.723091095685958862e-02
9.997293353080749512e-01
3.577938973903656006e-01
9.995715022087097168e-01
9.999400377273559570e-01
9.880962371826171875e-01
3.227212931960821152e-03
3.416152894496917725e-01
5.704773217439651489e-02
1.485785469412803650e-02
9.986985921859741211e-01
9.469944834709167480e-01
5.840919613838195801e-01
8.885384798049926758e-01
2.008644640445709229e-01
2.184591814875602722e-02
1.183221414685249329e-01
1.537973992526531219e-02
3.896606862545013428e-01
1.004478707909584045e-01
6.255696061998605728e-03
3.387807309627532959e-02
1.675892174243927002e-01
9.998730421066284180e-01
9.996573925018310547e-01
4.723782767541706562e-04
9.999239444732666016e-01
5.894610285758972168e-01
9.998645782470703125e-01
9.996633529663085938e-01
9.198840260505676270e-01
9.928338527679443359e-01
3.091628551483154297e-01
9.486103653907775879e-01
4.408354163169860840e-01
1.350203622132539749e-02
5.392857193946838379e-01
3.176759346388280392e-04
6.072670221328735352e-02
9.991342425346374512e-01
2.038176916539669037e-02
2.628076374530792236e-01
1.034839951898902655e-04
9.837120175361633301e-01
9.742203354835510254e-01
9.999278783798217773e-01
9.977501034736633301e-01
9.541266560554504395e-01
6.320006679743528366e-03
9.975997805595397949e-01
6.213114102138206363e-05
7.307328581809997559e-01
8.931418657302856445e-01
9.959783554077148438e-01
8.079257011413574219e-01
9.857462644577026367e-01
4.721556007862091064e-01
8.226688951253890991e-03
7.364311814308166504e-01
9.998663663864135742e-01
1.924574002623558044e-02
9.678533077239990234e-01
2.830281853675842285e-01
1.518965419381856918e-02
8.260994553565979004e-01
6.910343468189239502e-02
4.688567423727363348e-05
9.978945851325988770e-01
2.647993154823780060e-03
9.996833801269531250e-01
9.764778614044189453e-01
9.997476935386657715e-01
9.998144507408142090e-01
2.181774703785777092e-03
9.818329811096191406e-01
2.833936363458633423e-03
9.779767394065856934e-01
7.512660622596740723e-01
7.165162563323974609e-01
6.709410548210144043e-01
6.806078553199768066e-01
9.995917677879333496e-01
1.616293191909790039e-02
9.850342869758605957e-01
7.918453812599182129e-01
8.445727229118347168e-01
7.609693408012390137e-01
9.446474313735961914e-01
9.940495491027832031e-01
2.544159889221191406e-01
1.016272581182420254e-03
6.606707721948623657e-02
9.998530149459838867e-01
5.315330345183610916e-03
9.999053478240966797e-01
9.828254580497741699e-01
9.764971137046813965e-01
9.989499449729919434e-01
9.925740957260131836e-01
9.969831109046936035e-01
1.184148015454411507e-03
1.683702468872070312e-01
2.559086121618747711e-02
1.481909304857254028e-02
4.673197492957115173e-02
8.465512990951538086e-01
4.642535373568534851e-02
9.734338521957397461e-01
6.816954612731933594e-01
5.394455194473266602e-01
8.946052789688110352e-01
9.686625599861145020e-01
8.304662769660353661e-04
9.995988011360168457e-01
3.887758590281009674e-03
9.516950249671936035e-01
9.945770502090454102e-01
7.207890152931213379e-01
4.769415259361267090e-01
9.998694658279418945e-01
9.997147917747497559e-01
9.955560564994812012e-01
1.183475833386182785e-03
9.918181896209716797e-01
3.254421427845954895e-02
9.851610660552978516e-01
7.299318909645080566e-01
9.714741110801696777e-01
5.682905763387680054e-02
5.617421120405197144e-02
9.994398951530456543e-01
9.833494424819946289e-01
9.981624484062194824e-01
7.845480442047119141e-01
9.873583316802978516e-01
1.632135361433029175e-03
8.920526504516601562e-01
9.811658859252929688e-01
3.245645463466644287e-01
5.354476743377745152e-04
6.166808009147644043e-01
2.670088112354278564e-01
7.145704627037048340e-01
5.144262686371803284e-03
3.339469200000166893e-03
9.982303977012634277e-01
9.971080422401428223e-01
9.735866785049438477e-01
7.879534959793090820e-01
2.538152737542986870e-03
5.079400725662708282e-03
9.999325275421142578e-01
8.721487224102020264e-02
1.698359847068786621e-02
5.837194323539733887e-01
1.166444504633545876e-03
9.999145269393920898e-01
9.962265491485595703e-01
3.534408509731292725e-01
9.998273253440856934e-01
8.391653299331665039e-01
1.692306846380233765e-01
1.134530752897262573e-01
9.999577999114990234e-01
2.662515342235565186e-01
6.804549694061279297e-01
9.906773567199707031e-01
2.254117429256439209e-01
1.831402331590652466e-01
9.992850422859191895e-01
8.961394429206848145e-01
2.637179791927337646e-01
8.114313483238220215e-01
6.476059206761419773e-04
3.399025008548051119e-04
9.992598891258239746e-01
9.889181256294250488e-01
9.975216984748840332e-01
1.715604662895202637e-01
9.995797276496887207e-01
3.213545382022857666e-01
9.347432851791381836e-01
9.528051614761352539e-01
9.761103987693786621e-01
1.744476258754730225e-01
9.416730403900146484e-01
2.704069614410400391e-01
9.920738935470581055e-01
1.119053512811660767e-01
9.137973189353942871e-01
4.989917855709791183e-03
8.559994697570800781e-01
9.999027252197265625e-01
9.991840720176696777e-01
1.687529729679226875e-04
2.927653025835752487e-03
6.717133522033691406e-01
9.965078234672546387e-01
8.628162555396556854e-03
9.993926286697387695e-01
2.838166989386081696e-02
9.257800132036209106e-02
1.499118804931640625e-01
1.361240744590759277e-01
