6.859723329544067383e-01
6.681275367736816406e-01
6.200866699218750000e-01
4.771497845649719238e-01
5.732905268669128418e-01
3.818342387676239014e-01
6.602281332015991211e-01
6.852808594703674316e-01
6.459944844245910645e-01
4.689469933509826660e-01
6.225688457489013672e-01
6.577267646789550781e-01
4.644356071949005127e-01
6.196044087409973145e-01
4.861239790916442871e-01
6.237342357635498047e-01
4.686429798603057861e-01
5.976771712303161621e-01
5.436494350433349609e-01
6.355084180831909180e-01
4.819349944591522217e-01
6.140046119689941406e-01
1.233293786644935608e-01
3.699797987937927246e-01
1.817265748977661133e-01
7.114340066909790039e-01
6.422188282012939453e-01
5.631945133209228516e-01
7.207217216491699219e-01
1.978342682123184204e-01
5.226920843124389648e-01
4.983012676239013672e-01
6.262317299842834473e-01
4.168521761894226074e-01
5.549822449684143066e-01
6.775242686271667480e-01
5.952591896057128906e-01
6.840591430664062500e-01
5.172887444496154785e-01
6.546258926391601562e-01
6.670750975608825684e-01
5.272743105888366699e-01
5.432707071304321289e-01
2.178572714328765869e-01
6.418613791465759277e-01
5.705106258392333984e-01
5.942333936691284180e-01
3.188422024250030518e-01
2.448982000350952148e-01
4.913485944271087646e-01
4.186950325965881348e-01
6.307931542396545410e-01
6.253484487533569336e-01
6.409497261047363281e-01
4.844303429126739502e-01
2.934448719024658203e-01
5.086222887039184570e-01
5.619328618049621582e-01
5.953927040100097656e-01
6.539557576179504395e-01
5.663259029388427734e-01
5.796906352043151855e-01
5.491541624069213867e-01
6.268005371093750000e-01
5.482134222984313965e-01
6.446046829223632812e-01
3.700025975704193115e-01
5.231912732124328613e-01
6.123437881469726562e-01
6.225305795669555664e-01
6.652182340621948242e-01
5.565077662467956543e-01
6.156687140464782715e-01
5.446151494979858398e-01
7.630592584609985352e-01
6.477425694465637207e-01
6.762081384658813477e-01
5.799520015716552734e-01
3.661095499992370605e-01
5.342928171157836914e-01
4.716481864452362061e-01
5.804984569549560547e-01
4.788219332695007324e-01
6.208369731903076172e-01
6.644637584686279297e-01
4.140460491180419922e-01
6.075951457023620605e-01
5.878590345382690430e-01
5.382030606269836426e-01
6.364949941635131836e-01
3.302194774150848389e-01
5.571952462196350098e-01
5.137587189674377441e-01
6.166542768478393555e-01
5.674226880073547363e-01
4.273632764816284180e-01
6.497092843055725098e-01
6.124691963195800781e-01
6.181218028068542480e-01
5.463821887969970703e-01
6.032817959785461426e-01
5.022212266921997070e-01
5.170279741287231445e-01
5.978111624717712402e-01
6.537987589836120605e-01
6.118535995483398438e-01
6.157746315002441406e-01
1.233293786644935608e-01
5.016871094703674316e-01
5.948317050933837891e-01
3.349590301513671875e-01
7.511267066001892090e-01
5.849597454071044922e-01
6.364340186119079590e-01
4.394987821578979492e-01
5.230822563171386719e-01
2.738084495067596436e-01
6.018227934837341309e-01
5.246094465255737305e-01
6.310841441154479980e-01
6.970353722572326660e-01
4.995687007904052734e-01
6.415591835975646973e-01
4.109320044517517090e-01
5.525797605514526367e-01
3.847319185733795166e-01
5.409942865371704102e-01
6.947071552276611328e-01
6.326817274093627930e-01
2.920715510845184326e-01
5.524373054504394531e-01
6.368396282196044922e-01
4.344792366027832031e-01
4.133401513099670410e-01
5.716856122016906738e-01
4.690569043159484863e-01
6.486206054687500000e-01
5.970919728279113770e-01
6.112931966781616211e-01
6.733287572860717773e-01
5.352433323860168457e-01
5.357615351676940918e-01
6.163790225982666016e-01
6.662160158157348633e-01
5.680421590805053711e-01
6.100132465362548828e-01
5.188499689102172852e-01
5.637428760528564453e-01
4.408414959907531738e-01
4.763720631599426270e-01
1.233293786644935608e-01
5.620123744010925293e-01
2.763047814369201660e-01
4.174475371837615967e-01
6.214798092842102051e-01
6.245850324630737305e-01
6.047146916389465332e-01
3.868085145950317383e-01
6.545318961143493652e-01
6.381873488426208496e-01
5.876215696334838867e-01
4.780729413032531738e-01
5.780094861984252930e-01
5.980367660522460938e-01
6.078980565071105957e-01
3.527753651142120361e-01
5.881183743476867676e-01
5.225673913955688477e-01
6.197051405906677246e-01
6.513037681579589844e-01
6.861277222633361816e-01
6.280592679977416992e-01
6.167272329330444336e-01
4.524992704391479492e-01
5.565146207809448242e-01
5.720874667167663574e-01
3.672365844249725342e-01
2.901083827018737793e-01
6.122085452079772949e-01
5.472051501274108887e-01
4.169393479824066162e-01
6.095891594886779785e-01
3.795890510082244873e-01
6.472646594047546387e-01
2.193930149078369141e-01
5.265731811523437500e-01
6.375490427017211914e-01
5.501167178153991699e-01
5.374817252159118652e-01
6.270084977149963379e-01
6.326529383659362793e-01
3.566424846649169922e-01
5.052366256713867188e-01
4.972342252731323242e-01
4.163175821304321289e-01
5.720967054367065430e-01
6.677426695823669434e-01
5.680580735206604004e-01
6.920360922813415527e-01
6.032964587211608887e-01
5.593246817588806152e-01
5.108131766319274902e-01
4.908948838710784912e-01
6.760210990905761719e-01
4.927793145179748535e-01
6.056789159774780273e-01
5.466027259826660156e-01
6.371134519577026367e-01
4.556584358215332031e-01
7.146651744842529297e-01
6.220960617065429688e-01
4.231724739074707031e-01
2.866174876689910889e-01
6.608710885047912598e-01
5.025638937950134277e-01
4.050763547420501709e-01
5.519735217094421387e-01
1.233293786644935608e-01
1.233293786644935608e-01
6.365274786949157715e-01
6.033722162246704102e-01
5.628849864006042480e-01
2.503573000431060791e-01
6.000984311103820801e-01
6.852808594703674316e-01
6.016966700553894043e-01
5.606086254119873047e-01
6.768794059753417969e-01
7.189422845840454102e-01
6.467068791389465332e-01
6.515280008316040039e-01
2.320716828107833862e-01
5.191077589988708496e-01
5.561029314994812012e-01
7.020609378814697266e-01
5.224268436431884766e-01
6.978123784065246582e-01
6.258129477500915527e-01
6.143346428871154785e-01
6.678814888000488281e-01
6.901832818984985352e-01
1.531286984682083130e-01
5.415772199630737305e-01
6.778760552406311035e-01
5.760121345520019531e-01
4.913438260555267334e-01
3.252069652080535889e-01
4.349087178707122803e-01
6.763615012168884277e-01
6.413386464118957520e-01
5.594871044158935547e-01
4.197441637516021729e-01
6.555075049400329590e-01
5.314319133758544922e-01
5.392882823944091797e-01
3.916582167148590088e-01
5.162032246589660645e-01
5.116382837295532227e-01
6.339073181152343750e-01
5.755624771118164062e-01
5.917580127716064453e-01
6.181821823120117188e-01
5.852801799774169922e-01
6.392801403999328613e-01
4.843209981918334961e-01
6.574450135231018066e-01
6.462062597274780273e-01
5.987828969955444336e-01
4.979496896266937256e-01
6.632676124572753906e-01
6.548979282379150391e-01
2.920354008674621582e-01
4.652550518512725830e-01
6.736456155776977539e-01
5.867704153060913086e-01
6.241101026535034180e-01
4.413759708404541016e-01
6.908598542213439941e-01
4.360739588737487793e-01
7.417125105857849121e-01
6.073762178421020508e-01
7.080684900283813477e-01
7.019439339637756348e-01
5.444126725196838379e-01
6.415173411369323730e-01
5.328066945075988770e-01
5.128024220466613770e-01
6.203000545501708984e-01
5.844647288322448730e-01
5.932655334472656250e-01
6.491065621376037598e-01
4.568576812744140625e-01
1.233293786644935608e-01
4.749466180801391602e-01
6.402490139007568359e-01
5.483583211898803711e-01
4.065997302532196045e-01
4.987859427928924561e-01
5.057502388954162598e-01
5.790081620216369629e-01
5.795417428016662598e-01
6.217448115348815918e-01
4.976962804794311523e-01
6.304159760475158691e-01
5.816760063171386719e-01
5.765832662582397461e-01
7.076559066772460938e-01
6.569159626960754395e-01
5.898129940032958984e-01
5.707691907882690430e-01
4.424521625041961670e-01
6.885336041450500488e-01
6.452608704566955566e-01
4.951995909214019775e-01
4.167991876602172852e-01
2.903688848018646240e-01
4.896502196788787842e-01
5.084918737411499023e-01
6.827651858329772949e-01
6.135119795799255371e-01
1.233293786644935608e-01
6.066175103187561035e-01
5.562980175018310547e-01
6.502467989921569824e-01
6.230286359786987305e-01
4.893478453159332275e-01
6.394459605216979980e-01
4.993935525417327881e-01
6.474640965461730957e-01
5.343425869941711426e-01
5.973482131958007812e-01
5.596661567687988281e-01
5.497096776962280273e-01
6.698625087738037109e-01
5.545197129249572754e-01
4.489905834197998047e-01
5.937204360961914062e-01
4.095670282840728760e-01
5.589928627014160156e-01
6.321834921836853027e-01
1.233293786644935608e-01
6.472271680831909180e-01
6.136028170585632324e-01
6.105579137802124023e-01
5.521219968795776367e-01
4.480299353599548340e-01
4.797043800354003906e-01
5.745346546173095703e-01
6.470056176185607910e-01
3.916621804237365723e-01
6.581463217735290527e-01
2.536215782165527344e-01
4.872033596038818359e-01
7.046317458152770996e-01
5.469532608985900879e-01
6.002225875854492188e-01
6.395035386085510254e-01
4.176613092422485352e-01
2.672525048255920410e-01
6.485631465911865234e-01
6.923370361328125000e-01
1.233293786644935608e-01
6.007569432258605957e-01
5.958189964294433594e-01
6.108319163322448730e-01
6.876971721649169922e-01
5.178872346878051758e-01
3.502829968929290771e-01
1.233293786644935608e-01
6.447854042053222656e-01
5.740908980369567871e-01
3.275522589683532715e-01
5.201637148857116699e-01
6.909939646720886230e-01
7.230670452117919922e-01
6.302470564842224121e-01
5.508561134338378906e-01
6.685756444931030273e-01
6.127764582633972168e-01
7.225923538208007812e-01
6.980873346328735352e-01
5.836421251296997070e-01
6.502060294151306152e-01
7.314248085021972656e-01
6.384766101837158203e-01
5.591177940368652344e-01
6.097124218940734863e-01
6.266695857048034668e-01
7.420526742935180664e-01
5.775576829910278320e-01
5.900024175643920898e-01
6.529765129089355469e-01
5.658088922500610352e-01
3.696562647819519043e-01
5.171006321907043457e-01
6.029491424560546875e-01
4.010769128799438477e-01
6.428450942039489746e-01
2.888633608818054199e-01
6.452214717864990234e-01
6.911904215812683105e-01
6.194271445274353027e-01
1.233293786644935608e-01
5.174104571342468262e-01
6.787071824073791504e-01
1.233293786644935608e-01
6.261503100395202637e-01
6.908175945281982422e-01
6.306091547012329102e-01
5.243765711784362793e-01
6.355598568916320801e-01
7.543841004371643066e-01
6.871760487556457520e-01
6.290184855461120605e-01
3.888437449932098389e-01
4.741728007793426514e-01
4.585812687873840332e-01
6.292065382003784180e-01
5.231896638870239258e-01
5.483399629592895508e-01
4.304321110248565674e-01
3.839330971240997314e-01
6.409680843353271484e-01
5.425842404365539551e-01
3.194400072097778320e-01
6.955265402793884277e-01
6.318963170051574707e-01
5.497098565101623535e-01
6.469169855117797852e-01
5.881653428077697754e-01
5.229315161705017090e-01
5.873829722404479980e-01
4.898668825626373291e-01
4.618432223796844482e-01
7.051414251327514648e-01
4.754336178302764893e-01
4.971809387207031250e-01
7.250641584396362305e-01
5.862858295440673828e-01
5.961894392967224121e-01
5.685873627662658691e-01
4.418011903762817383e-01
4.959401190280914307e-01
4.750173687934875488e-01
6.460424661636352539e-01
6.772710084915161133e-01
6.724720001220703125e-01
5.189516544342041016e-01
6.194987893104553223e-01
6.800613403320312500e-01
5.915467739105224609e-01
5.834085941314697266e-01
6.262662410736083984e-01
1.233293786644935608e-01
7.257805466651916504e-01
4.912377595901489258e-01
4.873564839363098145e-01
6.985052227973937988e-01
4.761483371257781982e-01
6.350767612457275391e-01
5.021756291389465332e-01
6.785467267036437988e-01
5.642574429512023926e-01
6.245217323303222656e-01
6.945568323135375977e-01
4.692696630954742432e-01
6.046127080917358398e-01
6.178725361824035645e-01
4.762032628059387207e-01
6.579203605651855469e-01
6.898675560951232910e-01
6.373429298400878906e-01
6.233377456665039062e-01
6.943923234939575195e-01
6.434602141380310059e-01
5.293760299682617188e-01
5.816411375999450684e-01
2.772029042243957520e-01
6.238016486167907715e-01
5.649229884147644043e-01
4.352802932262420654e-01
6.485890150070190430e-01
5.546502470970153809e-01
6.231064796447753906e-01
4.647176861763000488e-01
5.027984380722045898e-01
2.429332137107849121e-01
6.050959825515747070e-01
4.721526801586151123e-01
6.593596339225769043e-01
6.481549739837646484e-01
6.039974093437194824e-01
5.996035933494567871e-01
4.767241477966308594e-01
6.384660601615905762e-01
5.777487754821777344e-01
6.632050871849060059e-01
4.844194352626800537e-01
5.988578796386718750e-01
2.044278830289840698e-01
5.580896139144897461e-01
5.832749009132385254e-01
6.278237700462341309e-01
5.071670413017272949e-01
4.555376470088958740e-01
4.892830848693847656e-01
4.820678234100341797e-01
6.997959613800048828e-01
6.745263338088989258e-01
6.534528136253356934e-01
6.933494210243225098e-01
5.467705130577087402e-01
6.258100271224975586e-01
6.827121973037719727e-01
6.235386729240417480e-01
7.243822813034057617e-01
4.267820715904235840e-01
6.166706085205078125e-01
5.548185706138610840e-01
6.554350852966308594e-01
4.711398482322692871e-01
6.209559440612792969e-01
5.905833244323730469e-01
1.233293786644935608e-01
2.126845717430114746e-01
5.408958196640014648e-01
5.926640033721923828e-01
6.839880347251892090e-01
3.915112912654876709e-01
5.888356566429138184e-01
6.668843030929565430e-01
6.114947795867919922e-01
4.634810388088226318e-01
4.878338873386383057e-01
7.162322998046875000e-01
5.601607561111450195e-01
4.525836408138275146e-01
6.157847642898559570e-01
6.930590867996215820e-01
6.129569411277770996e-01
4.920114874839782715e-01
4.312019646167755127e-01
4.807698130607604980e-01
6.873452067375183105e-01
5.894852876663208008e-01
5.581061840057373047e-01
6.313082575798034668e-01
6.508326530456542969e-01
7.058326005935668945e-01
5.982483029365539551e-01
5.934406518936157227e-01
5.548534989356994629e-01
5.948983430862426758e-01
5.846999883651733398e-01
6.468913555145263672e-01
5.663079619407653809e-01
6.533002853393554688e-01
5.331791043281555176e-01
6.498647928237915039e-01
6.341409087181091309e-01
6.042012572288513184e-01
1.233293786644935608e-01
7.034364938735961914e-01
6.046315431594848633e-01
6.521191596984863281e-01
5.954942107200622559e-01
5.526741147041320801e-01
7.634323239326477051e-01
6.716547608375549316e-01
5.971660614013671875e-01
4.969854950904846191e-01
5.711442232131958008e-01
6.370617747306823730e-01
5.088083744049072266e-01
6.123244762420654297e-01
5.901271700859069824e-01
5.053774118423461914e-01
5.456599593162536621e-01
6.039974093437194824e-01
5.500072836875915527e-01
2.733913958072662354e-01
5.665696263313293457e-01
1.233293786644935608e-01
6.592152714729309082e-01
6.723847389221191406e-01
5.827867388725280762e-01
7.221968173980712891e-01
4.850910604000091553e-01
6.742679476737976074e-01
6.346327066421508789e-01
5.579102635383605957e-01
6.769950985908508301e-01
5.044947862625122070e-01
6.276834607124328613e-01
6.050741076469421387e-01
5.218601226806640625e-01
5.552371144294738770e-01
6.452580094337463379e-01
6.643950343132019043e-01
6.327507495880126953e-01
5.635132789611816406e-01
6.278561949729919434e-01
6.745224595069885254e-01
6.204186081886291504e-01
6.570308208465576172e-01
6.463342905044555664e-01
6.587237715721130371e-01
5.443894267082214355e-01
5.435817837715148926e-01
1.233293786644935608e-01
6.040266752243041992e-01
3.967712223529815674e-01
5.924578905105590820e-01
6.126473546028137207e-01
2.540537714958190918e-01
6.272004842758178711e-01
6.784523725509643555e-01
6.994690299034118652e-01
4.497371017932891846e-01
5.878958106040954590e-01
6.036167740821838379e-01
5.826227664947509766e-01
7.570740580558776855e-01
6.760990023612976074e-01
3.910579085350036621e-01
5.632258653640747070e-01
6.494523286819458008e-01
4.068852365016937256e-01
5.790546536445617676e-01
5.122940540313720703e-01
6.385199427604675293e-01
5.460302233695983887e-01
4.838705360889434814e-01
5.642727613449096680e-01
4.999120533466339111e-01
4.470551908016204834e-01
4.785828590393066406e-01
4.605215489864349365e-01
4.328953027725219727e-01
6.393900513648986816e-01
7.187484502792358398e-01
6.943311691284179688e-01
7.293832898139953613e-01
2.198575884103775024e-01
6.738964915275573730e-01
5.768028497695922852e-01
4.239064753055572510e-01
5.241356492042541504e-01
4.131248295307159424e-01
6.069993376731872559e-01
2.444374412298202515e-01
5.402393937110900879e-01
6.356482505798339844e-01
6.212679147720336914e-01
4.504061937332153320e-01
2.796667516231536865e-01
5.074029564857482910e-01
5.270212888717651367e-01
6.424258351325988770e-01
5.568487644195556641e-01
5.781598687171936035e-01
1.233293786644935608e-01
6.397383213043212891e-01
6.589515209197998047e-01
6.917452812194824219e-01
4.790129661560058594e-01
6.147922873497009277e-01
4.857681691646575928e-01
1.233293786644935608e-01
2.384390980005264282e-01
5.263717770576477051e-01
5.612421631813049316e-01
6.497055292129516602e-01
2.836505472660064697e-01
4.768895804882049561e-01
6.036327481269836426e-01
6.479119658470153809e-01
6.806948781013488770e-01
6.055016517639160156e-01
5.115147829055786133e-01
5.719123482704162598e-01
2.781645655632019043e-01
6.431804895401000977e-01
4.426908791065216064e-01
5.228457450866699219e-01
4.902678132057189941e-01
2.220761775970458984e-01
2.848774790763854980e-01
2.838072180747985840e-01
7.531075477600097656e-01
7.020360231399536133e-01
6.422325968742370605e-01
7.156442999839782715e-01
6.040814518928527832e-01
4.471152424812316895e-01
4.784757494926452637e-01
2.970140278339385986e-01
5.368680357933044434e-01
5.846974253654479980e-01
7.273168563842773438e-01
4.612876772880554199e-01
5.770732760429382324e-01
1.233293786644935608e-01
5.941201448440551758e-01
5.565976500511169434e-01
6.307564377784729004e-01
5.120400190353393555e-01
7.229344844818115234e-01
4.135383069515228271e-01
1.233293786644935608e-01
5.413408279418945312e-01
6.415835022926330566e-01
4.047860503196716309e-01
6.853139996528625488e-01
5.811496973037719727e-01
6.197940111160278320e-01
6.862266659736633301e-01
5.920516252517700195e-01
5.056514739990234375e-01
6.367530822753906250e-01
3.392957150936126709e-01
5.491855144500732422e-01
5.667081475257873535e-01
5.086292028427124023e-01
6.600895524024963379e-01
6.845391988754272461e-01
1.233293786644935608e-01
4.168521761894226074e-01
4.117412269115447998e-01
5.500259995460510254e-01
5.549320578575134277e-01
5.431962609291076660e-01
6.731657981872558594e-01
3.511968851089477539e-01
4.714365899562835693e-01
5.922501683235168457e-01
4.610089957714080811e-01
5.521799325942993164e-01
5.707859396934509277e-01
4.575305283069610596e-01
4.964473545551300049e-01
6.320779323577880859e-01
6.425997614860534668e-01
7.068052291870117188e-01
5.857319831848144531e-01
6.948899626731872559e-01
5.411348938941955566e-01
6.311640143394470215e-01
5.698027610778808594e-01
5.468493103981018066e-01
6.180359721183776855e-01
6.523146033287048340e-01
6.574388146400451660e-01
4.907234907150268555e-01
6.575905680656433105e-01
4.989719092845916748e-01
6.009265780448913574e-01
6.458085179328918457e-01
4.092535078525543213e-01
6.742324233055114746e-01
3.864370286464691162e-01
6.400707364082336426e-01
6.079864501953125000e-01
6.213535070419311523e-01
6.137490868568420410e-01
4.897916018962860107e-01
6.328482031822204590e-01
6.423076987266540527e-01
5.756489038467407227e-01
6.291345953941345215e-01
4.275083541870117188e-01
7.525996565818786621e-01
6.341912150382995605e-01
6.362661123275756836e-01
6.174758076667785645e-01
6.172300577163696289e-01
3.930920660495758057e-01
5.549764037132263184e-01
6.479031443595886230e-01
5.867980718612670898e-01
5.496548414230346680e-01
2.668994069099426270e-01
6.207396984100341797e-01
5.212811827659606934e-01
6.097528934478759766e-01
6.557449698448181152e-01
7.053168416023254395e-01
6.210418939590454102e-01
5.414221286773681641e-01
6.486988663673400879e-01
4.716323614120483398e-01
6.857865452766418457e-01
5.029824972152709961e-01
5.456057190895080566e-01
6.292674541473388672e-01
5.409942865371704102e-01
1.233293786644935608e-01
6.480129957199096680e-01
3.996750116348266602e-01
6.370946168899536133e-01
1.233293786644935608e-01
4.670132696628570557e-01
5.792030096054077148e-01
6.532841920852661133e-01
5.513479709625244141e-01
7.447459697723388672e-01
2.613875567913055420e-01
5.433676242828369141e-01
5.913825035095214844e-01
4.150365591049194336e-01
6.505383849143981934e-01
6.136486530303955078e-01
4.715626537799835205e-01
5.837128758430480957e-01
5.936431288719177246e-01
5.163464546203613281e-01
5.873768925666809082e-01
4.973508417606353760e-01
5.311461091041564941e-01
3.831074535846710205e-01
6.191520690917968750e-01
6.975692510604858398e-01
2.907700538635253906e-01
6.341070532798767090e-01
6.603953838348388672e-01
5.686205625534057617e-01
7.329477667808532715e-01
3.452482819557189941e-01
4.959965348243713379e-01
5.669957995414733887e-01
4.060756564140319824e-01
6.775317788124084473e-01
4.751789271831512451e-01
6.673890352249145508e-01
6.861985325813293457e-01
6.913112998008728027e-01
5.158856511116027832e-01
4.143857359886169434e-01
6.549363732337951660e-01
6.126484274864196777e-01
6.100249290466308594e-01
3.609910905361175537e-01
2.581545710563659668e-01
5.526135563850402832e-01
4.518235325813293457e-01
1.233293786644935608e-01
4.859012067317962646e-01
4.901714622974395752e-01
6.619684100151062012e-01
5.036972761154174805e-01
5.511688590049743652e-01
6.232642531394958496e-01
4.311283230781555176e-01
6.398217082023620605e-01
6.446976065635681152e-01
3.896827995777130127e-01
5.920332670211791992e-01
6.797388792037963867e-01
6.874030828475952148e-01
6.796705126762390137e-01
5.319367051124572754e-01
7.021276950836181641e-01
2.675949335098266602e-01
6.308138966560363770e-01
6.687231063842773438e-01
6.190374493598937988e-01
6.487697362899780273e-01
4.652967453002929688e-01
4.826948940753936768e-01
5.555651187896728516e-01
5.074356794357299805e-01
5.546090006828308105e-01
6.430565714836120605e-01
5.625675320625305176e-01
5.809026360511779785e-01
5.412958264350891113e-01
7.017982602119445801e-01
5.917648077011108398e-01
6.124404668807983398e-01
6.515086889266967773e-01
6.380679607391357422e-01
5.899813175201416016e-01
6.327234506607055664e-01
3.964039385318756104e-01
5.878782272338867188e-01
6.471886634826660156e-01
3.930208981037139893e-01
5.847610831260681152e-01
5.527862906455993652e-01
5.469532608985900879e-01
2.849837243556976318e-01
6.306229829788208008e-01
5.637140870094299316e-01
4.600989222526550293e-01
6.369603276252746582e-01
5.908666849136352539e-01
4.438628256320953369e-01
6.897650361061096191e-01
5.052273869514465332e-01
2.665375471115112305e-01
4.466950595378875732e-01
4.831468462944030762e-01
5.942633152008056641e-01
5.119364261627197266e-01
4.176463782787322998e-01
5.213572382926940918e-01
1.233293786644935608e-01
4.360481202602386475e-01
5.526347160339355469e-01
7.215988636016845703e-01
5.222085118293762207e-01
4.438517391681671143e-01
5.454333424568176270e-01
6.551043987274169922e-01
6.316803693771362305e-01
6.118927001953125000e-01
6.279054284095764160e-01
6.303235292434692383e-01
6.293246150016784668e-01
3.393836021423339844e-01
6.199624538421630859e-01
6.081579327583312988e-01
6.312634944915771484e-01
5.599465370178222656e-01
3.102239966392517090e-01
3.660128116607666016e-01
1.233293786644935608e-01
5.453185439109802246e-01
6.358973383903503418e-01
4.870554208755493164e-01
6.249850392341613770e-01
3.695452511310577393e-01
5.843070745468139648e-01
1.634505242109298706e-01
6.039187908172607422e-01
6.824792027473449707e-01
2.693043947219848633e-01
5.636096000671386719e-01
6.154529452323913574e-01
1.581289172172546387e-01
5.714004039764404297e-01
5.372051596641540527e-01
5.706836581230163574e-01
6.628528237342834473e-01
6.477575302124023438e-01
5.606037974357604980e-01
6.917344927787780762e-01
5.596102476119995117e-01
6.413933038711547852e-01
6.373726725578308105e-01
5.223574042320251465e-01
5.274266004562377930e-01
6.236804723739624023e-01
5.445378422737121582e-01
5.973592400550842285e-01
6.413083076477050781e-01
4.173603653907775879e-01
5.639362335205078125e-01
5.909253954887390137e-01
6.091064810752868652e-01
6.486523151397705078e-01
5.647950768470764160e-01
6.792527437210083008e-01
6.446071863174438477e-01
6.004052758216857910e-01
6.224634051322937012e-01
5.951026678085327148e-01
1.233293786644935608e-01
2.522730231285095215e-01
5.961607694625854492e-01
2.275235652923583984e-01
5.771412253379821777e-01
4.992627203464508057e-01
6.368141770362854004e-01
3.986548185348510742e-01
5.039075613021850586e-01
7.154371738433837891e-01
6.203509569168090820e-01
6.497607827186584473e-01
5.967648029327392578e-01
5.945711135864257812e-01
5.676695704460144043e-01
6.159885525703430176e-01
4.781495630741119385e-01
5.617332458496093750e-01
4.240750968456268311e-01
6.506406068801879883e-01
5.684248208999633789e-01
6.447747349739074707e-01
5.571486949920654297e-01
6.382660269737243652e-01
4.026088416576385498e-01
6.315184831619262695e-01
5.335955023765563965e-01
6.309059858322143555e-01
6.436037421226501465e-01
5.499353408813476562e-01
6.326868534088134766e-01
4.741427898406982422e-01
5.686550140380859375e-01
2.224400192499160767e-01
1.233293786644935608e-01
2.038406729698181152e-01
6.570513844490051270e-01
5.137761235237121582e-01
6.868754625320434570e-01
6.293959617614746094e-01
5.093799233436584473e-01
6.912460327148437500e-01
4.384289383888244629e-01
1.233293786644935608e-01
5.200141668319702148e-01
6.134427189826965332e-01
4.747939407825469971e-01
3.923670649528503418e-01
6.871712207794189453e-01
6.186564564704895020e-01
4.392672777175903320e-01
6.304011344909667969e-01
6.986901164054870605e-01
2.144041806459426880e-01
6.741442084312438965e-01
5.479901432991027832e-01
5.562525987625122070e-01
5.862651467323303223e-01
1.233293786644935608e-01
1.233293786644935608e-01
5.479794740676879883e-01
6.575554609298706055e-01
5.155817866325378418e-01
6.133326888084411621e-01
6.695951223373413086e-01
6.289911270141601562e-01
6.144665479660034180e-01
5.794219374656677246e-01
5.417456626892089844e-01
5.368851423263549805e-01
7.214443087577819824e-01
5.796250700950622559e-01
6.092076897621154785e-01
4.500016272068023682e-01
4.317492544651031494e-01
6.905750036239624023e-01
5.889560580253601074e-01
4.434902667999267578e-01
5.715092420578002930e-01
5.066469907760620117e-01
6.147317290306091309e-01
6.315900087356567383e-01
5.789811611175537109e-01
6.503314375877380371e-01
6.659370660781860352e-01
5.753372311592102051e-01
5.221306085586547852e-01
5.665495395660400391e-01
3.625249862670898438e-01
6.898151040077209473e-01
6.329199671745300293e-01
5.898066759109497070e-01
3.777209222316741943e-01
6.356678009033203125e-01
1.233293786644935608e-01
1.233293786644935608e-01
6.201876997947692871e-01
4.847900867462158203e-01
5.266314148902893066e-01
5.999032855033874512e-01
7.157866954803466797e-01
4.445314407348632812e-01
4.577817618846893311e-01
5.595135688781738281e-01
5.761799812316894531e-01
5.821404457092285156e-01
6.056861877441406250e-01
4.644653201103210449e-01
6.435736417770385742e-01
6.252939105033874512e-01
6.327410936355590820e-01
5.912346839904785156e-01
4.733737111091613770e-01
6.187194585800170898e-01
7.073546648025512695e-01
6.776348948478698730e-01
5.332817435264587402e-01
4.884399771690368652e-01
6.329781413078308105e-01
5.751993060111999512e-01
7.064392566680908203e-01
6.898897886276245117e-01
5.242248773574829102e-01
5.955032110214233398e-01
6.969314813613891602e-01
5.476988554000854492e-01
6.045360565185546875e-01
1.233293786644935608e-01
6.159623861312866211e-01
6.549683213233947754e-01
5.385566949844360352e-01
5.924714207649230957e-01
4.885117113590240479e-01
6.772143244743347168e-01
6.694754362106323242e-01
6.669419407844543457e-01
2.710326611995697021e-01
6.770274639129638672e-01
3.841510415077209473e-01
5.619232058525085449e-01
6.889613866806030273e-01
4.444018602371215820e-01
6.150748729705810547e-01
4.032479822635650635e-01
5.525075197219848633e-01
5.960046648979187012e-01
6.581479907035827637e-01
6.880674362182617188e-01
5.978161692619323730e-01
6.478935480117797852e-01
5.599145889282226562e-01
5.629307031631469727e-01
7.329788804054260254e-01
4.833219349384307861e-01
1.233293786644935608e-01
5.826923251152038574e-01
5.917280316352844238e-01
6.222151517868041992e-01
6.708813905715942383e-01
4.926387369632720947e-01
5.973017811775207520e-01
5.070263147354125977e-01
4.963742196559906006e-01
7.141945362091064453e-01
5.178298950195312500e-01
6.765328049659729004e-01
5.691958665847778320e-01
7.386105060577392578e-01
4.798949658870697021e-01
1.954195052385330200e-01
5.869642496109008789e-01
4.952598214149475098e-01
6.272683739662170410e-01
5.629798173904418945e-01
6.203280687332153320e-01
3.919551968574523926e-01
5.733974575996398926e-01
1.233293786644935608e-01
6.456604599952697754e-01
5.385395884513854980e-01
6.792392730712890625e-01
5.877767205238342285e-01
1.233293786644935608e-01
2.969907820224761963e-01
5.275635719299316406e-01
6.793507337570190430e-01
6.277732849121093750e-01
6.340367794036865234e-01
6.605929732322692871e-01
6.868423223495483398e-01
5.663121938705444336e-01
6.095309853553771973e-01
6.051002144813537598e-01
4.981271028518676758e-01
6.227921843528747559e-01
2.953205704689025879e-01
5.931868553161621094e-01
5.897852778434753418e-01
6.409991979598999023e-01
6.054115891456604004e-01
5.156968832015991211e-01
4.955658614635467529e-01
4.496434628963470459e-01
6.158013343811035156e-01
5.794963240623474121e-01
5.767310857772827148e-01
4.862084090709686279e-01
6.488187909126281738e-01
6.842575073242187500e-01
5.583380460739135742e-01
3.744567632675170898e-01
6.201204657554626465e-01
6.912137866020202637e-01
5.905691385269165039e-01
6.167110800743103027e-01
4.330056607723236084e-01
5.932504534721374512e-01
6.443355679512023926e-01
1.388034075498580933e-01
5.411020517349243164e-01
6.258789300918579102e-01
5.784654021263122559e-01
4.866651296615600586e-01
6.022570133209228516e-01
6.009505987167358398e-01
5.924600958824157715e-01
6.156566143035888672e-01
5.873515605926513672e-01
5.889612436294555664e-01
6.555216908454895020e-01
2.803356051445007324e-01
5.481503009796142578e-01
4.770499169826507568e-01
5.435117483139038086e-01
6.441996693611145020e-01
1.233293786644935608e-01
6.855359077453613281e-01
6.291439533233642578e-01
6.209227442741394043e-01
6.407513618469238281e-01
6.369256973266601562e-01
6.390184760093688965e-01
4.182378649711608887e-01
5.177169442176818848e-01
5.507526993751525879e-01
4.448527693748474121e-01
5.028393268585205078e-01
6.087392568588256836e-01
4.749492704868316650e-01
3.892077207565307617e-01
4.790047407150268555e-01
4.337643086910247803e-01
6.343015432357788086e-01
6.475973725318908691e-01
4.495537281036376953e-01
5.968818664550781250e-01
5.777768492698669434e-01
7.051285505294799805e-01
6.411513090133666992e-01
5.549011230468750000e-01
5.353028178215026855e-01
6.490583419799804688e-01
6.494833827018737793e-01
6.065942049026489258e-01
7.043817639350891113e-01
4.273436963558197021e-01
4.982028007507324219e-01
4.543703496456146240e-01
3.843626081943511963e-01
6.224446296691894531e-01
6.125539541244506836e-01
5.568631887435913086e-01
5.258670449256896973e-01
6.197412610054016113e-01
5.188413262367248535e-01
6.741716861724853516e-01
5.249608159065246582e-01
4.925355315208435059e-01
6.232808232307434082e-01
5.766099691390991211e-01
4.707550406455993652e-01
3.867082595825195312e-01
6.487959027290344238e-01
5.069501399993896484e-01
5.763179063796997070e-01
5.450679063796997070e-01
6.308714747428894043e-01
1.233293786644935608e-01
1.233293786644935608e-01
5.751776099205017090e-01
5.542807579040527344e-01
5.909824967384338379e-01
3.208967149257659912e-01
5.700751543045043945e-01
1.233293786644935608e-01
6.446313261985778809e-01
5.248320102691650391e-01
6.869933605194091797e-01
6.563640236854553223e-01
6.098066568374633789e-01
5.536178946495056152e-01
6.657668948173522949e-01
6.151866316795349121e-01
6.329373717308044434e-01
6.101164221763610840e-01
3.797420859336853027e-01
5.924752354621887207e-01
6.499582529067993164e-01
5.881412625312805176e-01
5.842819809913635254e-01
4.998363852500915527e-01
6.230186223983764648e-01
5.267638564109802246e-01
4.685991108417510986e-01
1.233293786644935608e-01
5.018436908721923828e-01
6.941241025924682617e-01
5.339955687522888184e-01
7.243691086769104004e-01
5.910642743110656738e-01
5.572373270988464355e-01
5.772488713264465332e-01
5.335666537284851074e-01
4.237510859966278076e-01
6.839444637298583984e-01
6.082100868225097656e-01
3.356274068355560303e-01
7.249786257743835449e-01
6.809626221656799316e-01
7.797212004661560059e-01
6.035396456718444824e-01
6.873483061790466309e-01
6.384170651435852051e-01
4.787114858627319336e-01
6.791439056396484375e-01
6.498253345489501953e-01
5.978994965553283691e-01
6.359406113624572754e-01
6.341457366943359375e-01
3.797880709171295166e-01
6.052923798561096191e-01
3.027987182140350342e-01
5.498355031013488770e-01
5.900666117668151855e-01
5.914316773414611816e-01
5.256264209747314453e-01
2.425372898578643799e-01
6.033897399902343750e-01
5.643132925033569336e-01
6.946620345115661621e-01
4.006833136081695557e-01
5.578138828277587891e-01
6.934752464294433594e-01
6.174917817115783691e-01
6.093770861625671387e-01
6.267236471176147461e-01
6.656284332275390625e-01
5.313258767127990723e-01
2.335170805454254150e-01
5.639526844024658203e-01
6.489133238792419434e-01
5.406856536865234375e-01
4.791792631149291992e-01
6.619684100151062012e-01
5.699180364608764648e-01
6.589766740798950195e-01
4.849359393119812012e-01
5.438363552093505859e-01
7.158060073852539062e-01
7.126618623733520508e-01
6.475819349288940430e-01
6.953107714653015137e-01
4.777624309062957764e-01
6.934874653816223145e-01
1.233293786644935608e-01
6.295114159584045410e-01
1.728992015123367310e-01
5.556926727294921875e-01
6.591120958328247070e-01
2.634527087211608887e-01
4.423256218433380127e-01
6.565524935722351074e-01
6.271467208862304688e-01
4.684157371520996094e-01
6.335175037384033203e-01
5.538219213485717773e-01
5.223358273506164551e-01
5.670963525772094727e-01
7.344889044761657715e-01
5.903756022453308105e-01
6.951750516891479492e-01
5.225673913955688477e-01
1.233293786644935608e-01
6.723586320877075195e-01
5.421381592750549316e-01
5.738056302070617676e-01
6.598806977272033691e-01
5.451818704605102539e-01
5.449402332305908203e-01
5.771785378456115723e-01
2.818530499935150146e-01
1.689908057451248169e-01
4.727265238761901855e-01
6.583513021469116211e-01
5.898165702819824219e-01
6.182081699371337891e-01
4.852323830127716064e-01
4.870677888393402100e-01
6.054208278656005859e-01
5.711168050765991211e-01
5.395253896713256836e-01
5.533879995346069336e-01
7.170338630676269531e-01
5.422383546829223633e-01
3.910683393478393555e-01
4.799069762229919434e-01
5.647589564323425293e-01
7.117799520492553711e-01
5.449030995368957520e-01
5.842790603637695312e-01
5.024752020835876465e-01
7.632443308830261230e-01
6.541177630424499512e-01
4.670462310314178467e-01
1.233293786644935608e-01
4.824140965938568115e-01
3.736895918846130371e-01
5.898066759109497070e-01
5.278933644294738770e-01
6.768425703048706055e-01
5.973021388053894043e-01
6.955480575561523438e-01
6.705638170242309570e-01
6.343966722488403320e-01
3.970722854137420654e-01
6.928063631057739258e-01
6.570652127265930176e-01
5.619160532951354980e-01
4.773686230182647705e-01
1.233293786644935608e-01
5.477530360221862793e-01
5.794068574905395508e-01
3.257456123828887939e-01
5.848356485366821289e-01
5.937776565551757812e-01
4.974077045917510986e-01
5.991508364677429199e-01
6.632777452468872070e-01
4.517168104648590088e-01
6.743125319480895996e-01
5.502329468727111816e-01
5.548753142356872559e-01
4.925392866134643555e-01
6.008332371711730957e-01
5.212468504905700684e-01
5.627921819686889648e-01
1.233293786644935608e-01
6.492617726325988770e-01
6.291890144348144531e-01
1.233293786644935608e-01
6.059076786041259766e-01
6.442287564277648926e-01
5.978769659996032715e-01
4.284273684024810791e-01
6.371794939041137695e-01
5.705841779708862305e-01
6.673234701156616211e-01
5.574762821197509766e-01
6.053360700607299805e-01
6.421247124671936035e-01
6.316993832588195801e-01
4.493266046047210693e-01
2.667841017246246338e-01
5.692219734191894531e-01
5.906606912612915039e-01
1.233293786644935608e-01
5.649570226669311523e-01
4.927156567573547363e-01
3.790259361267089844e-01
5.687759518623352051e-01
7.036246061325073242e-01
5.372601747512817383e-01
6.232287883758544922e-01
4.941272139549255371e-01
1.233293786644935608e-01
6.240984797477722168e-01
6.195726990699768066e-01
6.523584127426147461e-01
3.707959055900573730e-01
5.945066809654235840e-01
3.294317126274108887e-01
5.129819512367248535e-01
4.097896814346313477e-01
3.696014285087585449e-01
6.984426975250244141e-01
6.208352446556091309e-01
6.361485123634338379e-01
4.214020669460296631e-01
5.653866529464721680e-01
2.577999234199523926e-01
5.302184820175170898e-01
4.942621886730194092e-01
6.654128432273864746e-01
6.269201040267944336e-01
5.690201520919799805e-01
6.366457939147949219e-01
4.422072172164916992e-01
6.406292319297790527e-01
5.089214444160461426e-01
2.539682686328887939e-01
5.411424040794372559e-01
7.027947902679443359e-01
6.328054070472717285e-01
7.121683955192565918e-01
5.796846747398376465e-01
4.474065601825714111e-01
5.618062615394592285e-01
6.732563376426696777e-01
3.578244447708129883e-01
6.578808426856994629e-01
6.575899720191955566e-01
6.556863188743591309e-01
4.827210605144500732e-01
1.233293786644935608e-01
6.627956032752990723e-01
5.694086551666259766e-01
4.975196421146392822e-01
6.187842488288879395e-01
4.104847908020019531e-01
5.165019035339355469e-01
5.550299882888793945e-01
5.886171460151672363e-01
4.575579166412353516e-01
6.134123206138610840e-01
4.321799576282501221e-01
5.871650576591491699e-01
5.465703010559082031e-01
7.638772130012512207e-01
6.323631405830383301e-01
6.758068203926086426e-01
6.491087675094604492e-01
5.583541393280029297e-01
5.981829166412353516e-01
4.744959473609924316e-01
6.016908884048461914e-01
6.203333735466003418e-01
6.098187565803527832e-01
7.236948609352111816e-01
5.404933691024780273e-01
6.325597167015075684e-01
4.450297057628631592e-01
6.681100726127624512e-01
5.743085741996765137e-01
5.983056426048278809e-01
6.290073394775390625e-01
6.040945649147033691e-01
6.415994763374328613e-01
6.306055784225463867e-01
5.672330856323242188e-01
2.305794656276702881e-01
6.276971697807312012e-01
6.460262537002563477e-01
5.832266807556152344e-01
6.235019564628601074e-01
5.260111093521118164e-01
7.030090093612670898e-01
5.910608172416687012e-01
6.251454353332519531e-01
6.103146076202392578e-01
3.906497359275817871e-01
5.932518839836120605e-01
5.607697367668151855e-01
6.689650416374206543e-01
4.324954748153686523e-01
6.227417588233947754e-01
7.111295461654663086e-01
6.570308208465576172e-01
5.337319374084472656e-01
5.560783743858337402e-01
6.024949550628662109e-01
6.354769468307495117e-01
6.405599713325500488e-01
5.694960355758666992e-01
6.653344035148620605e-01
5.598962306976318359e-01
5.388825535774230957e-01
6.258473992347717285e-01
5.204740166664123535e-01
6.260082125663757324e-01
6.840912699699401855e-01
5.305132865905761719e-01
4.032267332077026367e-01
4.725049436092376709e-01
4.972593486309051514e-01
5.937316417694091797e-01
6.381967067718505859e-01
6.267160773277282715e-01
6.157118082046508789e-01
5.217791795730590820e-01
5.095282196998596191e-01
5.691604018211364746e-01
5.709254741668701172e-01
7.141464352607727051e-01
6.819079518318176270e-01
6.431546211242675781e-01
6.448522210121154785e-01
5.532396435737609863e-01
5.236564278602600098e-01
4.843994081020355225e-01
5.750964283943176270e-01
5.776525735855102539e-01
6.762006282806396484e-01
5.201020836830139160e-01
5.089867115020751953e-01
6.978123784065246582e-01
5.841859579086303711e-01
5.631811022758483887e-01
5.629084706306457520e-01
1.233293786644935608e-01
5.607318282127380371e-01
4.198030233383178711e-01
5.728566646575927734e-01
5.693023204803466797e-01
1.233293786644935608e-01
4.830005168914794922e-01
4.883814156055450439e-01
7.000617384910583496e-01
6.468878388404846191e-01
5.166006684303283691e-01
5.398979187011718750e-01
6.453455686569213867e-01
7.050207853317260742e-01
4.778233766555786133e-01
1.233293786644935608e-01
5.366865396499633789e-01
5.706259012222290039e-01
6.134678125381469727e-01
6.444602012634277344e-01
6.320847868919372559e-01
4.605893194675445557e-01
3.371273875236511230e-01
4.778681695461273193e-01
5.755422115325927734e-01
6.392067670822143555e-01
6.031121015548706055e-01
5.221051573753356934e-01
5.025638937950134277e-01
7.355465888977050781e-01
6.942911744117736816e-01
4.321011602878570557e-01
5.120400190353393555e-01
5.205836296081542969e-01
6.065337657928466797e-01
7.116520404815673828e-01
6.983391642570495605e-01
5.252285599708557129e-01
5.939418673515319824e-01
5.750590562820434570e-01
2.000333517789840698e-01
2.886527180671691895e-01
6.413111090660095215e-01
4.767484366893768311e-01
5.761992335319519043e-01
4.860209524631500244e-01
6.027680039405822754e-01
5.688782930374145508e-01
4.869638085365295410e-01
3.220107853412628174e-01
4.492734670639038086e-01
7.316634058952331543e-01
5.675213336944580078e-01
4.018183648586273193e-01
3.959601521492004395e-01
5.732131004333496094e-01
6.849543452262878418e-01
5.694054365158081055e-01
5.639979839324951172e-01
4.372051358222961426e-01
5.605552196502685547e-01
5.469313263893127441e-01
6.695491075515747070e-01
4.685802459716796875e-01
6.610011458396911621e-01
5.623658299446105957e-01
5.741322040557861328e-01
6.095488071441650391e-01
5.400300621986389160e-01
5.512138605117797852e-01
6.291407346725463867e-01
5.533878207206726074e-01
4.390384852886199951e-01
4.940386414527893066e-01
4.923051595687866211e-01
6.597188711166381836e-01
4.462618827819824219e-01
6.469380855560302734e-01
5.858820676803588867e-01
5.173764824867248535e-01
4.960040450096130371e-01
6.215673685073852539e-01
6.829803586006164551e-01
6.870249509811401367e-01
6.060789823532104492e-01
6.226895451545715332e-01
5.368190407752990723e-01
5.627578496932983398e-01
5.911226868629455566e-01
5.282812714576721191e-01
6.110008955001831055e-01
1.233293786644935608e-01
6.506154537200927734e-01
5.094711184501647949e-01
6.775036454200744629e-01
4.430355429649353027e-01
6.307477951049804688e-01
5.669967532157897949e-01
5.641703009605407715e-01
5.378738045692443848e-01
5.849597454071044922e-01
5.757119059562683105e-01
4.886579811573028564e-01
1.233293786644935608e-01
6.309362649917602539e-01
6.160501837730407715e-01
4.873212277889251709e-01
4.278617501258850098e-01
6.179113984107971191e-01
6.547656059265136719e-01
6.303851008415222168e-01
5.423150062561035156e-01
6.290919780731201172e-01
6.865406632423400879e-01
6.291119456291198730e-01
6.412138938903808594e-01
3.780114650726318359e-01
2.727690637111663818e-01
6.412983536720275879e-01
5.836818814277648926e-01
6.252135038375854492e-01
6.352202892303466797e-01
6.454589366912841797e-01
6.390528678894042969e-01
7.080113887786865234e-01
5.956969261169433594e-01
5.966457128524780273e-01
4.507082104682922363e-01
5.180331468582153320e-01
6.816610097885131836e-01
6.468922495841979980e-01
7.153266072273254395e-01
5.817430615425109863e-01
5.966107249259948730e-01
6.548830270767211914e-01
6.796988248825073242e-01
7.090150117874145508e-01
6.716082692146301270e-01
5.753521323204040527e-01
4.826949536800384521e-01
5.276609659194946289e-01
5.566993951797485352e-01
5.897030234336853027e-01
1.233293786644935608e-01
6.693330407142639160e-01
5.873507261276245117e-01
5.562896728515625000e-01
5.070806741714477539e-01
2.489561140537261963e-01
5.007154345512390137e-01
6.739391088485717773e-01
3.291905224323272705e-01
5.585361719131469727e-01
6.866310834884643555e-01
5.212853550910949707e-01
6.536421179771423340e-01
6.040425896644592285e-01
5.689725875854492188e-01
4.991470873355865479e-01
6.066156625747680664e-01
4.771440327167510986e-01
4.975594282150268555e-01
5.207821726799011230e-01
6.159076094627380371e-01
5.519189834594726562e-01
4.747109115123748779e-01
6.445845365524291992e-01
4.206954836845397949e-01
5.890482068061828613e-01
6.909290552139282227e-01
5.593205094337463379e-01
3.811429440975189209e-01
5.616467595100402832e-01
4.693495333194732666e-01
3.080220222473144531e-01
1.825685948133468628e-01
3.994998335838317871e-01
4.638670980930328369e-01
7.209795713424682617e-01
3.761163949966430664e-01
6.497099399566650391e-01
1.233293786644935608e-01
4.499024748802185059e-01
3.570159673690795898e-01
6.110908389091491699e-01
6.613751053810119629e-01
5.831435918807983398e-01
1.233293786644935608e-01
5.578733086585998535e-01
5.761794447898864746e-01
5.538117885589599609e-01
4.830364584922790527e-01
5.836248993873596191e-01
6.205471158027648926e-01
6.612185239791870117e-01
6.662437915802001953e-01
5.555290579795837402e-01
5.306316614151000977e-01
5.698276758193969727e-01
5.896196365356445312e-01
5.758005380630493164e-01
6.364712715148925781e-01
6.085926294326782227e-01
4.874215126037597656e-01
5.319045186042785645e-01
4.681423902511596680e-01
5.210220813751220703e-01
5.434880256652832031e-01
5.783810019493103027e-01
6.314694285392761230e-01
6.443086862564086914e-01
6.174772977828979492e-01
7.228891253471374512e-01
5.554260015487670898e-01
5.530899763107299805e-01
6.509608626365661621e-01
5.942887663841247559e-01
5.886624455451965332e-01
5.932403206825256348e-01
4.552974700927734375e-01
5.329735875129699707e-01
6.011692881584167480e-01
5.728973150253295898e-01
6.115943789482116699e-01
4.601100087165832520e-01
4.995991885662078857e-01
6.951211690902709961e-01
4.924416840076446533e-01
4.781135916709899902e-01
3.664958775043487549e-01
6.534141302108764648e-01
6.257207989692687988e-01
6.905854344367980957e-01
6.136229038238525391e-01
5.767526030540466309e-01
6.044854521751403809e-01
5.702975392341613770e-01
6.826910972595214844e-01
4.886066317558288574e-01
1.233293786644935608e-01
6.688016653060913086e-01
1.233293786644935608e-01
6.760775446891784668e-01
5.691590309143066406e-01
4.839682281017303467e-01
6.324637532234191895e-01
6.021407246589660645e-01
6.223556399345397949e-01
4.427002668380737305e-01
6.690365672111511230e-01
6.463735103607177734e-01
4.245246052742004395e-01
6.478211879730224609e-01
5.833958983421325684e-01
6.778683066368103027e-01
6.576212048530578613e-01
4.508828222751617432e-01
6.536065340042114258e-01
4.408140182495117188e-01
6.797409057617187500e-01
4.024317562580108643e-01
6.586189270019531250e-01
6.500112414360046387e-01
5.976354479789733887e-01
6.445129513740539551e-01
6.751078367233276367e-01
6.364201307296752930e-01
7.351184487342834473e-01
3.939402699470520020e-01
5.960705280303955078e-01
6.099231839179992676e-01
6.363651156425476074e-01
4.236615896224975586e-01
6.236894130706787109e-01
5.488635301589965820e-01
1.233293786644935608e-01
5.659882426261901855e-01
5.821337699890136719e-01
4.752465486526489258e-01
3.924454450607299805e-01
6.192941665649414062e-01
6.529829502105712891e-01
6.583805084228515625e-01
5.337365865707397461e-01
5.583889484405517578e-01
5.789479017257690430e-01
4.259047508239746094e-01
4.935195744037628174e-01
6.008720993995666504e-01
6.104479432106018066e-01
1.590014249086380005e-01
5.642779469490051270e-01
5.643320083618164062e-01
5.747692584991455078e-01
5.469532608985900879e-01
4.975177049636840820e-01
5.807735323905944824e-01
6.448597908020019531e-01
6.073623895645141602e-01
4.964733421802520752e-01
5.829368233680725098e-01
5.400409698486328125e-01
4.246315360069274902e-01
6.747795343399047852e-01
6.483369469642639160e-01
5.998814702033996582e-01
6.750537157058715820e-01
7.462927103042602539e-01
5.800465941429138184e-01
5.159752964973449707e-01
5.073239803314208984e-01
4.909373819828033447e-01
4.977497756481170654e-01
4.923082590103149414e-01
5.341299176216125488e-01
6.047573089599609375e-01
6.361702084541320801e-01
6.595214009284973145e-01
4.339923262596130371e-01
1.233293786644935608e-01
5.449548363685607910e-01
6.310069561004638672e-01
6.018365621566772461e-01
5.096362233161926270e-01
6.442260146141052246e-01
3.801736235618591309e-01
5.473119020462036133e-01
5.171826481819152832e-01
1.233293786644935608e-01
6.425343751907348633e-01
5.713467597961425781e-01
5.197575092315673828e-01
6.554178595542907715e-01
5.819964408874511719e-01
5.109359025955200195e-01
5.319371819496154785e-01
5.578940510749816895e-01
5.220431089401245117e-01
4.174718856811523438e-01
4.921826124191284180e-01
1.672764122486114502e-01
5.295013785362243652e-01
7.070294618606567383e-01
5.299546122550964355e-01
4.757632315158843994e-01
5.397372245788574219e-01
6.361884474754333496e-01
1.233293786644935608e-01
5.712714195251464844e-01
5.221765041351318359e-01
4.615958333015441895e-01
5.516448020935058594e-01
6.832934617996215820e-01
6.543563604354858398e-01
6.060512065887451172e-01
4.918529987335205078e-01
4.541817605495452881e-01
4.171810448169708252e-01
7.029647231101989746e-01
6.371832489967346191e-01
4.235509037971496582e-01
5.419252514839172363e-01
5.654606223106384277e-01
5.623522996902465820e-01
5.783195495605468750e-01
1.233293786644935608e-01
5.002428293228149414e-01
7.222030758857727051e-01
2.601932883262634277e-01
6.019757390022277832e-01
6.909211277961730957e-01
5.455366969108581543e-01
7.004516720771789551e-01
6.923715472221374512e-01
5.893399119377136230e-01
5.640788078308105469e-01
5.026745796203613281e-01
6.188700795173645020e-01
6.737041473388671875e-01
7.573889493942260742e-01
4.854815304279327393e-01
5.366048216819763184e-01
6.374861001968383789e-01
6.536216139793395996e-01
4.527422785758972168e-01
6.825335621833801270e-01
6.245667338371276855e-01
5.222786068916320801e-01
5.063113570213317871e-01
6.784240007400512695e-01
1.233293786644935608e-01
5.044998526573181152e-01
7.292562723159790039e-01
4.446378052234649658e-01
4.803916215896606445e-01
1.233293786644935608e-01
6.514959335327148438e-01
6.356614232063293457e-01
6.533723473548889160e-01
6.480774283409118652e-01
5.334166884422302246e-01
7.372811436653137207e-01
5.096284747123718262e-01
5.216919779777526855e-01
6.228761076927185059e-01
4.923938214778900146e-01
5.733012557029724121e-01
6.400192379951477051e-01
2.667841613292694092e-01
5.770041942596435547e-01
6.165143251419067383e-01
5.484022498130798340e-01
6.131023168563842773e-01
4.888827502727508545e-01
6.027977466583251953e-01
4.883543848991394043e-01
4.746974706649780273e-01
6.301448941230773926e-01
5.742893815040588379e-01
5.646548867225646973e-01
5.821006298065185547e-01
5.764194726943969727e-01
4.676451683044433594e-01
5.110293626785278320e-01
6.337167620658874512e-01
5.401201844215393066e-01
6.207774281501770020e-01
6.687186956405639648e-01
6.856666207313537598e-01
6.737830638885498047e-01
4.961849451065063477e-01
5.075384974479675293e-01
6.550021171569824219e-01
7.175407409667968750e-01
5.071946978569030762e-01
4.268705844879150391e-01
5.800752639770507812e-01
5.049490332603454590e-01
4.024712145328521729e-01
4.971438348293304443e-01
5.214682221412658691e-01
2.358041405677795410e-01
4.968905150890350342e-01
6.201989054679870605e-01
3.080175518989562988e-01
4.432175755500793457e-01
6.752203702926635742e-01
6.200364232063293457e-01
5.397033691406250000e-01
1.233293786644935608e-01
5.999974012374877930e-01
4.480144381523132324e-01
6.577078700065612793e-01
5.574189424514770508e-01
3.250445127487182617e-01
6.924110651016235352e-01
6.475281715393066406e-01
6.095548868179321289e-01
5.077352523803710938e-01
5.396953225135803223e-01
6.968360543251037598e-01
4.809969663619995117e-01
5.099731683731079102e-01
7.133587002754211426e-01
6.216587424278259277e-01
6.512938737869262695e-01
3.127956390380859375e-01
5.265294313430786133e-01
7.277360558509826660e-01
6.421219706535339355e-01
4.933221638202667236e-01
5.871650576591491699e-01
6.829102635383605957e-01
5.632025599479675293e-01
4.008688032627105713e-01
7.323299646377563477e-01
5.994912385940551758e-01
6.829791665077209473e-01
4.775116741657257080e-01
4.249809980392456055e-01
5.939883589744567871e-01
6.803517341613769531e-01
5.220740437507629395e-01
4.245290756225585938e-01
1.233293786644935608e-01
5.749962925910949707e-01
3.296268880367279053e-01
5.903878808021545410e-01
5.781753063201904297e-01
5.923931598663330078e-01
5.770903229713439941e-01
5.989292860031127930e-01
5.047138929367065430e-01
6.670035123825073242e-01
6.915801167488098145e-01
5.507214069366455078e-01
2.430624961853027344e-01
1.233293786644935608e-01
4.635891318321228027e-01
6.730658411979675293e-01
3.637823760509490967e-01
5.455678105354309082e-01
4.338254630565643311e-01
5.640705823898315430e-01
6.010006070137023926e-01
2.982680499553680420e-01
5.651887059211730957e-01
6.185014247894287109e-01
5.199405550956726074e-01
5.227594375610351562e-01
6.604951620101928711e-01
4.975340962409973145e-01
5.548326969146728516e-01
6.184720396995544434e-01
6.268138289451599121e-01
5.497006177902221680e-01
5.535361766815185547e-01
1.233293786644935608e-01
5.744943022727966309e-01
5.624658465385437012e-01
6.555930376052856445e-01
7.048317193984985352e-01
5.569412112236022949e-01
5.417857170104980469e-01
4.789313971996307373e-01
5.915114283561706543e-01
6.111398339271545410e-01
5.282005071640014648e-01
5.082390904426574707e-01
5.902887582778930664e-01
6.487959027290344238e-01
6.473903059959411621e-01
1.078327074646949768e-01
6.017835140228271484e-01
6.044548153877258301e-01
1.762008517980575562e-01
7.217652797698974609e-01
4.437593221664428711e-01
5.315293073654174805e-01
6.228280663490295410e-01
3.421494364738464355e-01
2.613875567913055420e-01
5.717105269432067871e-01
4.528685808181762695e-01
6.708441376686096191e-01
5.075862407684326172e-01
5.315837860107421875e-01
4.466277062892913818e-01
1.233293786644935608e-01
5.684552788734436035e-01
5.852885842323303223e-01
7.041400671005249023e-01
2.165741920471191406e-01
2.761313319206237793e-01
1.233293786644935608e-01
6.825592517852783203e-01
2.971273362636566162e-01
7.071157097816467285e-01
5.495998263359069824e-01
4.259584546089172363e-01
7.090586423873901367e-01
5.561694502830505371e-01
2.993886768817901611e-01
6.512835621833801270e-01
6.137394309043884277e-01
3.673480749130249023e-01
5.744585394859313965e-01
6.399548649787902832e-01
5.085422396659851074e-01
4.877716898918151855e-01
4.647442698478698730e-01
6.152593493461608887e-01
6.428254246711730957e-01
3.032463788986206055e-01
4.899330437183380127e-01
5.707962512969970703e-01
6.967505216598510742e-01
6.144606471061706543e-01
3.845305144786834717e-01
5.483900308609008789e-01
4.579863548278808594e-01
6.083237528800964355e-01
1.233293786644935608e-01
4.138146936893463135e-01
6.073687672615051270e-01
6.086567640304565430e-01
5.787764191627502441e-01
4.424440264701843262e-01
4.035889804363250732e-01
5.569756627082824707e-01
6.625032424926757812e-01
3.895008862018585205e-01
6.460701227188110352e-01
6.267768144607543945e-01
3.700241744518280029e-01
5.534520149230957031e-01
6.502854228019714355e-01
6.322510242462158203e-01
5.499617457389831543e-01
6.721690893173217773e-01
5.539248585700988770e-01
5.708492398262023926e-01
4.832514822483062744e-01
2.547888755798339844e-01
5.437805056571960449e-01
6.621949076652526855e-01
6.494666337966918945e-01
5.852668285369873047e-01
3.855288326740264893e-01
7.013810276985168457e-01
6.966692209243774414e-01
6.125321984291076660e-01
7.358229160308837891e-01
6.174774765968322754e-01
4.973619580268859863e-01
4.270185232162475586e-01
5.994498133659362793e-01
6.184552311897277832e-01
6.528928875923156738e-01
6.156701445579528809e-01
6.658554673194885254e-01
5.474790930747985840e-01
4.821974635124206543e-01
6.963648796081542969e-01
4.916078150272369385e-01
6.288198232650756836e-01
6.238735914230346680e-01
3.809746503829956055e-01
6.064316630363464355e-01
6.594345569610595703e-01
5.519115328788757324e-01
6.799752712249755859e-01
6.229850649833679199e-01
6.306589841842651367e-01
5.805501937866210938e-01
5.578181147575378418e-01
6.193965077400207520e-01
6.170800924301147461e-01
6.786406040191650391e-01
6.432388424873352051e-01
6.799072027206420898e-01
5.869103074073791504e-01
7.105947136878967285e-01
6.971882581710815430e-01
5.597389936447143555e-01
6.822715401649475098e-01
6.692216396331787109e-01
5.642706155776977539e-01
4.785376489162445068e-01
1.233293786644935608e-01
6.956161856651306152e-01
5.860034823417663574e-01
1.625742316246032715e-01
6.405516266822814941e-01
5.214191079139709473e-01
5.884793996810913086e-01
6.529083251953125000e-01
3.311880826950073242e-01
7.069682478904724121e-01
5.116370320320129395e-01
6.795725822448730469e-01
4.225510954856872559e-01
6.091673374176025391e-01
6.362875103950500488e-01
2.941872775554656982e-01
4.655238687992095947e-01
4.857240617275238037e-01
5.595863461494445801e-01
6.324429512023925781e-01
5.819837450981140137e-01
4.691235423088073730e-01
6.494958996772766113e-01
6.166784763336181641e-01
5.906069874763488770e-01
5.619971752166748047e-01
6.284925341606140137e-01
6.718651056289672852e-01
5.341484546661376953e-01
1.233293786644935608e-01
5.819484591484069824e-01
6.438565254211425781e-01
6.885923743247985840e-01
6.608306169509887695e-01
6.111103296279907227e-01
5.621697902679443359e-01
5.031905770301818848e-01
4.523514509201049805e-01
5.864006280899047852e-01
6.395860314369201660e-01
5.000650882720947266e-01
5.457577705383300781e-01
5.415830612182617188e-01
6.848284602165222168e-01
6.777687072753906250e-01
5.725084543228149414e-01
5.048710107803344727e-01
6.374393701553344727e-01
4.532995820045471191e-01
4.128980338573455811e-01
5.821762084960937500e-01
4.697405397891998291e-01
6.394459605216979980e-01
5.985624194145202637e-01
5.378245711326599121e-01
1.233293786644935608e-01
6.726446747779846191e-01
6.490982174873352051e-01
6.146575808525085449e-01
4.831795692443847656e-01
6.616025567054748535e-01
3.539936542510986328e-01
6.538350582122802734e-01
6.609601974487304688e-01
3.162871301174163818e-01
6.114218235015869141e-01
5.567454695701599121e-01
5.874809622764587402e-01
5.159644484519958496e-01
5.484573245048522949e-01
5.315102338790893555e-01
1.233293786644935608e-01
5.896196365356445312e-01
6.596065163612365723e-01
6.348111629486083984e-01
6.808168292045593262e-01
4.665565192699432373e-01
5.506734848022460938e-01
6.606236100196838379e-01
6.073285937309265137e-01
5.382030606269836426e-01
5.779251456260681152e-01
4.686358571052551270e-01
6.555535793304443359e-01
6.054088473320007324e-01
5.138500928878784180e-01
6.053004860877990723e-01
6.392236948013305664e-01
4.669756293296813965e-01
5.954550504684448242e-01
3.939198255538940430e-01
6.368429064750671387e-01
2.241661101579666138e-01
5.550402998924255371e-01
6.528647541999816895e-01
1.233293786644935608e-01
5.992774367332458496e-01
5.557442903518676758e-01
5.857411623001098633e-01
5.350560545921325684e-01
3.062902987003326416e-01
5.861129760742187500e-01
6.565718650817871094e-01
5.110466480255126953e-01
6.376190781593322754e-01
6.600114107131958008e-01
3.634263277053833008e-01
5.697158575057983398e-01
6.046708226203918457e-01
5.524723529815673828e-01
5.367049574851989746e-01
7.068291902542114258e-01
5.869325399398803711e-01
3.487836420536041260e-01
5.764561295509338379e-01
6.619449257850646973e-01
5.187978744506835938e-01
6.082552671432495117e-01
1.539309322834014893e-01
6.592621207237243652e-01
6.118532419204711914e-01
6.322469115257263184e-01
6.152720451354980469e-01
6.511414647102355957e-01
6.702277660369873047e-01
6.072439551353454590e-01
4.190266132354736328e-01
5.287997126579284668e-01
2.529023587703704834e-01
5.261340141296386719e-01
7.070707678794860840e-01
6.306229829788208008e-01
3.615060746669769287e-01
6.602224111557006836e-01
