7.008549571037292480e-01
9.553865194320678711e-01
6.625530719757080078e-01
9.867892861366271973e-01
8.927881717681884766e-01
8.551766872406005859e-01
9.473593235015869141e-01
1.223015412688255310e-01
9.866666197776794434e-01
9.595792293548583984e-01
7.977253198623657227e-01
8.321123719215393066e-01
9.798271656036376953e-01
9.867673516273498535e-01
9.555829763412475586e-01
9.684854149818420410e-01
2.563351690769195557e-01
5.083138346672058105e-01
9.363594055175781250e-01
6.503384113311767578e-01
9.865925908088684082e-01
8.968817591667175293e-01
8.993073701858520508e-01
6.918705701828002930e-01
9.952569603919982910e-01
9.098157882690429688e-01
8.110560774803161621e-01
6.676827669143676758e-01
8.746338486671447754e-01
9.837110638618469238e-01
9.689489603042602539e-01
6.681330204010009766e-01
7.631092071533203125e-01
9.171589612960815430e-01
9.922012090682983398e-01
9.108208417892456055e-01
9.916802048683166504e-01
7.069581747055053711e-01
8.001532554626464844e-01
9.463762640953063965e-01
9.837475419044494629e-01
9.877933859825134277e-01
9.165553450584411621e-01
8.077390789985656738e-01
7.243371009826660156e-01
7.876374125480651855e-01
6.750898957252502441e-01
9.917985200881958008e-01
5.827882289886474609e-01
8.010323047637939453e-01
7.484298348426818848e-01
9.223268628120422363e-01
9.939898252487182617e-01
6.542868018150329590e-01
9.191597700119018555e-01
9.766039252281188965e-01
8.011775612831115723e-01
9.872871637344360352e-01
8.941654562950134277e-01
9.528201818466186523e-01
9.794682860374450684e-01
8.974474072456359863e-01
7.897094488143920898e-01
9.854893088340759277e-01
6.282538920640945435e-02
7.851744890213012695e-01
9.076160788536071777e-01
4.800464510917663574e-01
9.276476502418518066e-01
9.509077072143554688e-01
2.030366361141204834e-01
9.495061039924621582e-01
9.598969817161560059e-01
8.695364594459533691e-01
9.714572429656982422e-01
9.517769813537597656e-01
7.772119045257568359e-01
9.869395494461059570e-01
9.341791272163391113e-01
9.707611203193664551e-01
8.689508438110351562e-01
6.883446574211120605e-01
9.499871730804443359e-01
9.518130421638488770e-01
9.949145317077636719e-01
7.720005512237548828e-01
9.367587566375732422e-01
9.623714685440063477e-01
5.964493751525878906e-01
2.142494916915893555e-01
7.737669348716735840e-01
9.346105456352233887e-01
6.047269105911254883e-01
7.672382593154907227e-01
9.646103978157043457e-01
4.692293405532836914e-01
9.695565104484558105e-01
9.928845167160034180e-01
6.064979434013366699e-01
9.673663377761840820e-01
9.663401842117309570e-01
7.853466272354125977e-01
2.678419053554534912e-01
9.290173053741455078e-01
9.474403858184814453e-01
6.139904856681823730e-01
8.311567902565002441e-01
9.483701586723327637e-01
9.332736730575561523e-01
9.283154010772705078e-01
8.697865605354309082e-01
9.910990595817565918e-01
9.743576049804687500e-01
8.852221965789794922e-01
5.592995285987854004e-01
8.321377038955688477e-01
8.010323047637939453e-01
3.671672046184539795e-01
9.640371799468994141e-01
6.627703905105590820e-01
7.860206961631774902e-01
8.905295133590698242e-01
9.224213957786560059e-01
8.898212909698486328e-01
9.836127758026123047e-01
9.530711174011230469e-01
8.857775926589965820e-01
9.427272081375122070e-01
9.594644308090209961e-01
8.264161348342895508e-01
9.702163338661193848e-01
9.492961168289184570e-01
9.611585140228271484e-01
9.901316165924072266e-01
9.893541336059570312e-01
9.890251755714416504e-01
9.650444388389587402e-01
9.450851678848266602e-01
1.605688184499740601e-01
9.650659561157226562e-01
9.206171035766601562e-01
8.321903944015502930e-01
8.112962245941162109e-01
9.690988659858703613e-01
9.670279622077941895e-01
9.505060911178588867e-01
9.254478216171264648e-01
8.963027596473693848e-01
9.175289273262023926e-01
9.798111319541931152e-01
8.622813820838928223e-01
9.905399084091186523e-01
9.046800732612609863e-01
8.731119036674499512e-01
8.673566579818725586e-01
9.066717028617858887e-01
9.714956879615783691e-01
9.634555578231811523e-01
9.778553247451782227e-01
8.187545537948608398e-01
7.084723711013793945e-01
9.285283088684082031e-01
9.762862920761108398e-01
9.351742863655090332e-01
9.756220579147338867e-01
9.699798822402954102e-01
9.892191290855407715e-01
9.480552673339843750e-01
8.632206320762634277e-01
9.671475291252136230e-01
9.573180079460144043e-01
1.637918502092361450e-01
9.261785745620727539e-01
9.887308478355407715e-01
9.038250446319580078e-01
3.912249505519866943e-01
9.595674872398376465e-01
9.743679165840148926e-01
8.513524532318115234e-01
9.696556329727172852e-01
9.238079786300659180e-01
9.426584243774414062e-01
8.333356380462646484e-01
5.685499310493469238e-01
9.611378908157348633e-01
7.748047709465026855e-01
7.182494401931762695e-01
8.614408969879150391e-01
8.513094782829284668e-01
9.949432015419006348e-01
9.889342188835144043e-01
8.935303688049316406e-01
9.250173568725585938e-01
9.197084903717041016e-01
9.452167749404907227e-01
9.966984391212463379e-01
9.154623150825500488e-01
7.450124621391296387e-01
7.675257921218872070e-01
2.039891779422760010e-01
9.837700128555297852e-01
9.609171748161315918e-01
9.156357645988464355e-01
5.973333716392517090e-01
3.867036700248718262e-01
6.313751339912414551e-01
9.944922924041748047e-01
9.642388224601745605e-01
8.463686704635620117e-01
7.672572731971740723e-01
4.885406196117401123e-01
9.517759680747985840e-01
9.830455780029296875e-01
9.722338914871215820e-01
6.165475845336914062e-01
6.347658634185791016e-01
9.251801967620849609e-01
9.765210747718811035e-01
9.266074895858764648e-01
1.386818587779998779e-01
8.578375577926635742e-01
4.070643484592437744e-01
9.443812370300292969e-01
9.700400829315185547e-01
9.480500817298889160e-01
9.600930809974670410e-01
8.761452436447143555e-01
8.926383256912231445e-01
9.641864299774169922e-01
9.573594927787780762e-01
9.909169077873229980e-01
9.836840629577636719e-01
9.596446752548217773e-01
9.244545698165893555e-01
8.443547487258911133e-01
3.486357927322387695e-01
9.816376566886901855e-01
9.733679890632629395e-01
9.741499423980712891e-01
3.525083661079406738e-01
8.965135216712951660e-01
9.853686690330505371e-01
8.998190164566040039e-01
4.927536249160766602e-01
9.797438383102416992e-01
1.892421692609786987e-01
1.402796804904937744e-01
9.898343086242675781e-01
9.823454022407531738e-01
9.109937548637390137e-01
9.625552892684936523e-01
9.852322340011596680e-01
7.485684752464294434e-01
9.544634819030761719e-01
9.701614975929260254e-01
8.686756491661071777e-01
1.005118712782859802e-01
9.034256339073181152e-01
9.765967726707458496e-01
7.268791198730468750e-01
8.812273740768432617e-01
7.517080903053283691e-01
9.959551095962524414e-01
8.893545269966125488e-01
6.612275242805480957e-01
3.412475883960723877e-01
8.759098649024963379e-01
2.689732909202575684e-01
9.215188026428222656e-01
7.101317644119262695e-01
8.742553591728210449e-01
9.906328916549682617e-01
9.376768469810485840e-01
8.842333555221557617e-01
9.150763154029846191e-01
9.807722568511962891e-01
6.202880144119262695e-01
9.879857897758483887e-01
9.575258493423461914e-01
9.694483876228332520e-01
9.666401743888854980e-01
6.607990860939025879e-01
7.581346035003662109e-01
8.532695174217224121e-01
8.954813480377197266e-01
9.695846438407897949e-01
6.960372328758239746e-01
9.854100942611694336e-01
9.786527156829833984e-01
7.955832034349441528e-02
7.718885540962219238e-01
9.506719708442687988e-01
8.794825077056884766e-01
9.284589290618896484e-01
9.111204147338867188e-01
9.329801201820373535e-01
9.353539943695068359e-01
9.220139980316162109e-01
7.288963794708251953e-01
9.830016493797302246e-01
7.020229101181030273e-01
9.772728085517883301e-01
9.251013398170471191e-01
9.675200581550598145e-01
9.589164853096008301e-01
9.547654986381530762e-01
7.820437848567962646e-02
9.160919189453125000e-01
6.793640255928039551e-01
9.068738818168640137e-01
9.668169021606445312e-01
9.609650373458862305e-01
9.729616641998291016e-01
8.919904232025146484e-01
3.913431167602539062e-01
9.736333489418029785e-01
9.785702824592590332e-01
8.749092221260070801e-01
9.798908233642578125e-01
8.496437072753906250e-01
9.942994117736816406e-01
9.596285223960876465e-01
9.198253154754638672e-01
7.620095610618591309e-01
9.219301342964172363e-01
7.268143892288208008e-01
9.811611771583557129e-01
7.670301198959350586e-01
8.904341459274291992e-01
4.599947631359100342e-01
9.061811566352844238e-01
7.807487845420837402e-01
9.894723296165466309e-01
9.155563116073608398e-01
9.796778559684753418e-01
9.260435104370117188e-01
7.993071675300598145e-01
9.556847810745239258e-01
3.479556739330291748e-01
9.105731844902038574e-01
9.644722342491149902e-01
7.728937268257141113e-01
9.696266055107116699e-01
8.799483776092529297e-01
9.691439867019653320e-01
5.571109652519226074e-01
9.828360676765441895e-01
9.763684272766113281e-01
9.604256153106689453e-01
6.702135205268859863e-01
7.798014283180236816e-01
9.174448847770690918e-01
9.300629496574401855e-01
9.286654591560363770e-01
9.323839545249938965e-01
9.446512460708618164e-01
9.653752446174621582e-01
9.740974903106689453e-01
7.094820737838745117e-01
9.749402403831481934e-01
8.364441394805908203e-01
8.309344053268432617e-01
9.867384433746337891e-01
9.497174024581909180e-01
9.583688974380493164e-01
9.552891254425048828e-01
9.443622231483459473e-01
4.436258971691131592e-01
9.780187010765075684e-01
9.509782791137695312e-01
9.725010991096496582e-01
1.669091135263442993e-01
2.272180318832397461e-01
9.355164170265197754e-01
7.309939861297607422e-01
6.469746232032775879e-01
9.063604474067687988e-02
9.151440858840942383e-01
9.475904703140258789e-01
9.725139737129211426e-01
8.358301520347595215e-01
9.683974981307983398e-01
8.900308012962341309e-01
9.854694008827209473e-01
9.829311966896057129e-01
5.734519958496093750e-01
7.893931865692138672e-01
8.692356348037719727e-01
9.888277053833007812e-01
9.550974965095520020e-01
8.758997917175292969e-01
9.052925109863281250e-01
8.536494970321655273e-01
9.237949848175048828e-01
9.890086054801940918e-01
8.389201760292053223e-01
9.924160242080688477e-01
9.033385515213012695e-01
9.848889112472534180e-01
9.367400407791137695e-01
9.936449527740478516e-01
6.450014114379882812e-01
9.804388284683227539e-01
9.269234538078308105e-01
7.101041674613952637e-01
2.034451067447662354e-01
9.698674678802490234e-01
9.177271723747253418e-01
9.553116559982299805e-01
9.075514674186706543e-01
9.234942197799682617e-01
9.238450527191162109e-01
8.907783031463623047e-01
8.922274112701416016e-01
8.986112475395202637e-01
9.922586083412170410e-01
9.859082102775573730e-01
5.173354148864746094e-01
9.625146985054016113e-01
9.634611010551452637e-01
5.207386016845703125e-01
9.590579867362976074e-01
9.918302893638610840e-01
7.992048859596252441e-01
7.031532526016235352e-01
9.703916907310485840e-01
9.032347202301025391e-01
9.841517210006713867e-01
9.704163670539855957e-01
8.137153387069702148e-01
7.935208678245544434e-01
9.801226258277893066e-01
9.492035508155822754e-01
9.194020032882690430e-01
9.488566517829895020e-01
8.585448265075683594e-01
9.552011489868164062e-01
9.913457632064819336e-01
8.916199803352355957e-01
9.253587126731872559e-01
9.730020761489868164e-01
3.707379698753356934e-01
9.874093532562255859e-01
9.606282114982604980e-01
7.636666893959045410e-01
9.841451048851013184e-01
6.978206038475036621e-01
9.198762178421020508e-01
9.750537872314453125e-01
9.507145285606384277e-01
9.856076240539550781e-01
9.370277523994445801e-01
9.598964452743530273e-01
9.535247087478637695e-01
9.838702082633972168e-01
9.228918552398681641e-01
6.864318847656250000e-01
5.267810821533203125e-01
8.558074831962585449e-01
9.855771660804748535e-01
5.544191598892211914e-01
5.788612961769104004e-01
5.937471389770507812e-01
1.942026913166046143e-01
9.474998116493225098e-01
9.567977190017700195e-01
8.631063103675842285e-01
9.898247122764587402e-01
9.684959053993225098e-01
6.902931928634643555e-01
2.876833379268646240e-01
9.819068312644958496e-01
9.400724768638610840e-01
9.659071564674377441e-01
1.709165871143341064e-01
8.614083528518676758e-01
8.346592187881469727e-01
9.275076985359191895e-01
9.148224592208862305e-01
9.731773734092712402e-01
9.574238657951354980e-01
8.911459445953369141e-01
8.395475745201110840e-01
9.752081632614135742e-01
9.856556653976440430e-01
8.338684439659118652e-01
9.365816712379455566e-01
1.924608349800109863e-01
3.893552720546722412e-01
8.786489963531494141e-01
4.771822392940521240e-01
9.682676196098327637e-01
9.736928343772888184e-01
9.941191673278808594e-01
7.983615398406982422e-01
7.311274409294128418e-01
9.845555424690246582e-01
9.834649562835693359e-01
9.617598652839660645e-01
5.397120714187622070e-01
9.763034582138061523e-01
9.394341707229614258e-01
8.609730005264282227e-01
9.809452295303344727e-01
8.978800773620605469e-01
8.973008394241333008e-01
9.395046830177307129e-01
6.770765781402587891e-01
9.901686906814575195e-01
8.994674682617187500e-01
8.420351147651672363e-01
9.542927145957946777e-01
8.795158863067626953e-01
9.941680431365966797e-01
9.105798006057739258e-01
7.981331944465637207e-01
8.884475231170654297e-01
8.713528513908386230e-01
9.490775465965270996e-01
9.536108970642089844e-01
8.003941774368286133e-01
8.904341459274291992e-01
7.820551395416259766e-01
9.504153132438659668e-01
7.345745563507080078e-01
9.537453651428222656e-01
8.438201546669006348e-01
1.914008706808090210e-01
9.628632664680480957e-01
3.921458423137664795e-01
8.857823014259338379e-01
9.719111323356628418e-01
9.751996397972106934e-01
9.727168679237365723e-01
9.198359847068786621e-01
8.074707984924316406e-01
4.931364357471466064e-01
8.412728309631347656e-01
9.884439110755920410e-01
7.935852408409118652e-01
5.342538356781005859e-01
9.927661418914794922e-01
9.487124085426330566e-01
9.373536109924316406e-01
8.769416213035583496e-01
8.446075320243835449e-01
4.610211774706840515e-02
9.911555051803588867e-01
3.480364382266998291e-01
8.981139659881591797e-01
7.075021266937255859e-01
9.771400690078735352e-01
9.779692888259887695e-01
9.857652783393859863e-01
3.007857203483581543e-01
9.876114726066589355e-01
9.010218381881713867e-01
9.469112157821655273e-01
9.663714766502380371e-01
9.733557105064392090e-01
9.720869660377502441e-01
3.848013579845428467e-01
9.707814455032348633e-01
9.408751726150512695e-01
9.598822593688964844e-01
9.552710056304931641e-01
9.666956663131713867e-01
9.714540839195251465e-01
9.297220706939697266e-01
9.284666776657104492e-01
5.575572848320007324e-01
9.379670619964599609e-01
9.871106147766113281e-01
9.428792595863342285e-01
9.692214727401733398e-01
7.323153614997863770e-01
9.891018271446228027e-01
8.692823648452758789e-01
9.442112445831298828e-01
9.782181382179260254e-01
9.058791995048522949e-01
7.293196320533752441e-01
8.380731940269470215e-01
9.939868450164794922e-01
9.552826285362243652e-01
6.272057294845581055e-01
9.498206377029418945e-01
9.591689705848693848e-01
9.860361814498901367e-01
9.705770611763000488e-01
9.756543636322021484e-01
9.686465263366699219e-01
5.391901135444641113e-01
9.778075218200683594e-01
9.846501946449279785e-01
9.490314722061157227e-01
8.391507863998413086e-01
9.949102997779846191e-01
7.393775880336761475e-02
8.511590957641601562e-01
7.979465723037719727e-01
7.155650258064270020e-01
9.607539772987365723e-01
9.842172861099243164e-01
8.248193860054016113e-01
9.568495154380798340e-01
9.946132302284240723e-01
8.861293196678161621e-01
9.571006298065185547e-01
9.741180539131164551e-01
7.878667712211608887e-01
7.609204053878784180e-01
8.827357888221740723e-01
6.755363941192626953e-01
7.067072987556457520e-01
8.449659943580627441e-01
9.849985241889953613e-01
8.958422541618347168e-01
7.054523825645446777e-01
9.762122035026550293e-01
9.482779502868652344e-01
9.757291674613952637e-01
9.494096040725708008e-01
8.911473751068115234e-01
9.464700818061828613e-01
8.389701843261718750e-01
9.338419437408447266e-01
9.910929799079895020e-01
9.123483896255493164e-01
9.887285232543945312e-01
8.803180456161499023e-01
9.448713064193725586e-01
9.922481775283813477e-01
9.459450840950012207e-01
9.794879555702209473e-01
3.990566432476043701e-01
9.503057003021240234e-01
5.277590155601501465e-01
9.335333108901977539e-01
8.765158057212829590e-01
6.749974489212036133e-01
7.217425704002380371e-01
9.896509647369384766e-01
7.541512846946716309e-01
9.872915148735046387e-01
9.566523432731628418e-01
9.685225486755371094e-01
9.864548444747924805e-01
6.174864768981933594e-01
9.885920882225036621e-01
6.700502634048461914e-01
8.943147659301757812e-01
9.779418110847473145e-01
9.321659803390502930e-01
9.284618496894836426e-01
3.461193442344665527e-01
8.389476537704467773e-01
9.623747467994689941e-01
9.831876158714294434e-01
9.703546166419982910e-01
6.550805568695068359e-01
9.274238348007202148e-01
2.173767983913421631e-01
3.471371829509735107e-01
9.824540019035339355e-01
9.880177974700927734e-01
9.777203798294067383e-01
4.750599265098571777e-01
9.364929199218750000e-01
8.729978203773498535e-01
9.346196055412292480e-01
9.683588743209838867e-01
8.292630910873413086e-01
9.545680880546569824e-01
9.030326604843139648e-01
8.080803751945495605e-01
8.428317308425903320e-01
8.114222884178161621e-01
9.669634103775024414e-01
9.354047775268554688e-01
9.854419231414794922e-01
8.013207912445068359e-01
6.101592779159545898e-01
9.878822565078735352e-01
9.684472680091857910e-01
9.779704213142395020e-01
8.829403519630432129e-01
9.909734129905700684e-01
1.023059561848640442e-01
5.473735332489013672e-01
7.156545519828796387e-01
9.550362825393676758e-01
9.936595559120178223e-01
8.540914654731750488e-01
9.772908091545104980e-01
9.075368642807006836e-01
9.233763217926025391e-01
8.131690621376037598e-01
5.974729061126708984e-01
9.201728701591491699e-01
9.568675160408020020e-01
9.327593445777893066e-01
9.501074552536010742e-01
9.460148811340332031e-01
8.896824717521667480e-01
9.597517848014831543e-01
3.496580719947814941e-01
7.187506556510925293e-01
9.265375733375549316e-01
9.816585183143615723e-01
9.531362056732177734e-01
8.616695404052734375e-01
9.718685746192932129e-01
9.812204837799072266e-01
8.898018002510070801e-01
8.751490116119384766e-01
9.591771960258483887e-01
8.455381989479064941e-01
9.672920107841491699e-01
8.893203735351562500e-01
6.601313948631286621e-01
9.844781160354614258e-01
7.122135758399963379e-01
8.837502002716064453e-01
8.151565194129943848e-01
9.796381592750549316e-01
9.745734930038452148e-01
7.740965485572814941e-01
9.259069561958312988e-01
9.878844618797302246e-01
9.110931754112243652e-01
9.621130824089050293e-01
9.528181552886962891e-01
9.160010218620300293e-01
7.034407258033752441e-01
9.887479543685913086e-01
9.493945240974426270e-01
9.642279744148254395e-01
9.644711017608642578e-01
9.819399714469909668e-01
9.881190657615661621e-01
5.949022173881530762e-01
9.808375239372253418e-01
4.370188415050506592e-01
8.412914872169494629e-01
8.473469614982604980e-01
7.792535424232482910e-01
9.401035904884338379e-01
9.735166430473327637e-01
9.487568140029907227e-01
9.273540973663330078e-01
9.737817645072937012e-01
9.341643452644348145e-01
8.676857352256774902e-01
9.663971066474914551e-01
8.758224248886108398e-01
7.055314183235168457e-01
9.601063132286071777e-01
7.263316512107849121e-01
9.815812110900878906e-01
1.048811674118041992e-01
9.838978648185729980e-01
9.722526073455810547e-01
9.603499770164489746e-01
8.824834823608398438e-01
3.381709158420562744e-01
9.429254531860351562e-01
9.326247572898864746e-01
9.662628173828125000e-01
8.621790409088134766e-01
9.633823037147521973e-01
8.652628064155578613e-01
9.395321607589721680e-01
8.795992732048034668e-01
9.760063886642456055e-01
9.664629101753234863e-01
8.534517288208007812e-01
9.537375569343566895e-01
9.802445173263549805e-01
9.742006659507751465e-01
7.002305388450622559e-01
9.874190688133239746e-01
9.675254225730895996e-01
9.446628689765930176e-01
9.434425234794616699e-01
9.920917749404907227e-01
1.651105433702468872e-01
6.092957854270935059e-01
7.728415727615356445e-01
9.329869747161865234e-01
3.551580607891082764e-01
4.987217783927917480e-01
8.829492926597595215e-01
9.263443946838378906e-01
9.884212017059326172e-01
9.215854406356811523e-01
9.760408997535705566e-01
9.170582890510559082e-01
9.560510516166687012e-01
9.636936187744140625e-01
9.654018282890319824e-01
9.337472915649414062e-01
6.551600247621536255e-02
6.905585527420043945e-01
7.176199555397033691e-01
7.813879847526550293e-01
3.850618600845336914e-01
9.755158424377441406e-01
9.817450642585754395e-01
9.699388146400451660e-01
9.818387031555175781e-01
9.810281395912170410e-01
9.737433195114135742e-01
8.967120051383972168e-01
5.102009177207946777e-01
9.829983115196228027e-01
8.136024475097656250e-01
6.289693117141723633e-01
9.716885685920715332e-01
8.988069891929626465e-01
9.559364318847656250e-01
8.617454767227172852e-01
4.212971627712249756e-01
6.032438874244689941e-01
9.351083040237426758e-01
9.849275350570678711e-01
9.219681024551391602e-01
9.860089421272277832e-01
7.172051072120666504e-01
9.617445468902587891e-01
5.950475335121154785e-01
9.917590022087097168e-01
9.040544033050537109e-01
8.979610800743103027e-01
9.537777900695800781e-01
9.695327877998352051e-01
7.924702167510986328e-01
9.917233586311340332e-01
9.804830551147460938e-01
8.412722945213317871e-01
9.423707127571105957e-01
9.795811772346496582e-01
9.844144582748413086e-01
9.359319210052490234e-01
9.740134477615356445e-01
7.390181422233581543e-01
8.987511396408081055e-01
8.408209085464477539e-01
9.538220167160034180e-01
9.941500425338745117e-01
9.519799947738647461e-01
7.212886214256286621e-01
9.820304512977600098e-01
9.250332117080688477e-01
9.955784678459167480e-01
9.620301127433776855e-01
7.524805665016174316e-01
9.372283220291137695e-01
9.432463645935058594e-01
9.561637043952941895e-01
9.480046629905700684e-01
9.574865102767944336e-01
8.051958084106445312e-01
4.290251135826110840e-01
9.917628765106201172e-01
9.296355247497558594e-01
9.723039865493774414e-01
9.647316336631774902e-01
8.933765888214111328e-01
4.230809211730957031e-01
8.813511133193969727e-01
9.630562663078308105e-01
7.690302133560180664e-01
9.289373755455017090e-01
9.689800739288330078e-01
6.984357237815856934e-01
9.911724925041198730e-01
9.669608473777770996e-01
9.181072115898132324e-01
8.607765436172485352e-01
9.689545631408691406e-01
8.162623047828674316e-01
9.830949902534484863e-01
9.792449474334716797e-01
9.439365863800048828e-01
8.458971977233886719e-01
8.822192549705505371e-01
9.255935549736022949e-01
9.667884707450866699e-01
8.909856081008911133e-01
9.828764796257019043e-01
9.182054996490478516e-01
9.802051186561584473e-01
9.377586841583251953e-01
9.180647134780883789e-01
5.884807109832763672e-01
9.606057405471801758e-01
8.517059087753295898e-01
9.916627407073974609e-01
9.177329540252685547e-01
5.365619659423828125e-01
9.649266600608825684e-01
2.201288044452667236e-01
9.864699244499206543e-01
9.720606207847595215e-01
9.278331398963928223e-01
8.412271142005920410e-01
9.913706779479980469e-01
9.897929430007934570e-01
8.380121588706970215e-01
9.451531171798706055e-01
9.219022393226623535e-01
9.359601140022277832e-01
9.909586906433105469e-01
9.638126492500305176e-01
8.679641485214233398e-01
5.782318711280822754e-01
7.113604545593261719e-01
9.107466936111450195e-01
9.800813198089599609e-01
8.690159916877746582e-01
7.672849893569946289e-01
9.270080327987670898e-01
4.284802377223968506e-01
4.402193129062652588e-01
9.642707705497741699e-01
9.128580689430236816e-01
8.035399317741394043e-01
3.569532632827758789e-01
9.672476649284362793e-01
9.730446338653564453e-01
5.344669818878173828e-01
9.213823676109313965e-01
9.917287230491638184e-01
9.914950132369995117e-01
3.988915085792541504e-01
9.839276671409606934e-01
9.732037782669067383e-01
3.992239236831665039e-01
8.841830492019653320e-01
9.476871490478515625e-01
9.853000044822692871e-01
5.475289821624755859e-01
8.666183352470397949e-01
8.765174150466918945e-01
9.807547330856323242e-01
9.894927740097045898e-01
2.824570834636688232e-01
9.333450794219970703e-01
1.343408077955245972e-01
2.572132647037506104e-01
6.229846477508544922e-01
8.197748661041259766e-01
7.679095864295959473e-01
9.803122282028198242e-01
9.527881741523742676e-01
9.624342918395996094e-01
8.800103664398193359e-01
9.276692867279052734e-01
9.084094166755676270e-01
9.074013829231262207e-01
8.329181671142578125e-01
9.864365458488464355e-01
5.849356055259704590e-01
9.637464284896850586e-01
9.374467134475708008e-01
2.778663337230682373e-01
7.961292862892150879e-01
3.076819777488708496e-01
9.817618131637573242e-01
9.607956409454345703e-01
9.888439178466796875e-01
9.369752407073974609e-01
8.917413353919982910e-01
9.416283369064331055e-01
9.193434119224548340e-01
5.470283627510070801e-01
9.857707023620605469e-01
9.631642699241638184e-01
8.496673107147216797e-01
9.791027903556823730e-01
4.813250899314880371e-01
9.711731076240539551e-01
2.547379434108734131e-01
8.885436058044433594e-01
5.995581150054931641e-01
7.389003634452819824e-01
9.664976596832275391e-01
8.444813638925552368e-02
9.687424302101135254e-01
7.283126711845397949e-01
9.648473858833312988e-01
9.561212062835693359e-01
8.988876342773437500e-01
8.080239892005920410e-01
9.868890047073364258e-01
7.903141975402832031e-01
9.824734926223754883e-01
9.882451295852661133e-01
9.920769929885864258e-01
9.512853026390075684e-01
2.031816542148590088e-01
9.583331346511840820e-01
9.827188253402709961e-01
8.333994746208190918e-01
9.130144715309143066e-01
9.757437109947204590e-01
9.918370842933654785e-01
8.762722015380859375e-01
8.533909916877746582e-01
8.900007009506225586e-01
7.294397354125976562e-01
9.239112734794616699e-01
9.876968264579772949e-01
8.454589247703552246e-01
9.790782332420349121e-01
9.850364923477172852e-01
9.761668443679809570e-01
9.406836032867431641e-01
9.889661669731140137e-01
9.088781476020812988e-01
9.714430570602416992e-01
9.623373150825500488e-01
9.666562080383300781e-01
9.527881741523742676e-01
9.165445566177368164e-01
9.919351339340209961e-01
9.410114288330078125e-01
8.179973959922790527e-01
9.718455076217651367e-01
9.934220910072326660e-01
8.666910976171493530e-02
8.139684796333312988e-01
9.834196567535400391e-01
9.792827963829040527e-01
6.449549794197082520e-01
9.882872700691223145e-01
9.822944402694702148e-01
9.408128261566162109e-01
9.671292304992675781e-01
9.404020309448242188e-01
9.759174585342407227e-01
9.887481927871704102e-01
5.510073900222778320e-01
9.698289036750793457e-01
5.532481074333190918e-01
9.735376834869384766e-01
6.676524877548217773e-01
9.581220746040344238e-01
6.825317144393920898e-01
9.561107754707336426e-01
2.759058773517608643e-01
9.816599488258361816e-01
9.774477481842041016e-01
9.738234877586364746e-01
9.892231225967407227e-01
9.738403558731079102e-01
9.860566854476928711e-01
6.391691565513610840e-01
9.832999110221862793e-01
9.536114335060119629e-01
9.877741932868957520e-01
9.426521658897399902e-01
9.035556316375732422e-01
2.207778543233871460e-01
9.533588290214538574e-01
9.820881485939025879e-01
9.149147272109985352e-01
9.386640787124633789e-01
8.204990029335021973e-01
9.861732721328735352e-01
9.539015293121337891e-01
9.490314722061157227e-01
9.865911602973937988e-01
9.841706156730651855e-01
6.643887162208557129e-01
9.260913729667663574e-01
9.872423410415649414e-01
9.553712010383605957e-01
9.728971123695373535e-01
9.754998683929443359e-01
9.223413467407226562e-01
9.364655017852783203e-01
9.702163338661193848e-01
1.915327608585357666e-01
8.812307119369506836e-01
9.689176678657531738e-01
9.242331385612487793e-01
6.338872313499450684e-01
9.660478830337524414e-01
9.854387044906616211e-01
9.556252956390380859e-01
9.659331440925598145e-01
7.514314651489257812e-01
9.853460788726806641e-01
8.961251974105834961e-01
9.731630682945251465e-01
9.908497333526611328e-01
9.663858413696289062e-01
8.436568379402160645e-01
2.040637731552124023e-01
8.339431285858154297e-01
9.818680286407470703e-01
6.946570277214050293e-01
8.853973746299743652e-01
8.675609230995178223e-01
9.394181966781616211e-01
9.797329902648925781e-01
9.307692646980285645e-01
9.842885732650756836e-01
9.940411448478698730e-01
9.656475186347961426e-01
9.285036325454711914e-01
9.448037147521972656e-01
9.913047552108764648e-01
9.196960926055908203e-01
8.510384559631347656e-01
8.861417770385742188e-01
9.411205053329467773e-01
9.898422360420227051e-01
9.780699014663696289e-01
2.318992316722869873e-01
8.301789760589599609e-01
9.950319528579711914e-01
9.068572521209716797e-01
6.857160329818725586e-01
8.597658276557922363e-01
6.245573163032531738e-01
5.779908299446105957e-01
8.591369390487670898e-01
9.390497207641601562e-01
9.420276284217834473e-01
9.826855659484863281e-01
9.231052398681640625e-01
9.784519672393798828e-01
2.954540550708770752e-01
6.573598980903625488e-01
8.668505549430847168e-01
5.967928767204284668e-01
9.733514785766601562e-01
8.276733160018920898e-01
9.860203862190246582e-01
9.565623402595520020e-01
3.067719638347625732e-01
9.510921239852905273e-01
9.420005083084106445e-01
9.181802868843078613e-01
3.875165879726409912e-01
9.112743735313415527e-01
8.319154977798461914e-01
9.122489690780639648e-01
9.809631109237670898e-01
9.851994514465332031e-01
4.197113513946533203e-01
9.632604122161865234e-01
9.017316699028015137e-01
8.947731256484985352e-01
9.829367399215698242e-01
9.438143968582153320e-01
9.853413701057434082e-01
9.549915790557861328e-01
9.586641192436218262e-01
9.799326658248901367e-01
9.523503184318542480e-01
9.756263494491577148e-01
9.670500755310058594e-01
8.652042150497436523e-01
5.897997617721557617e-01
9.908989667892456055e-01
9.886612892150878906e-01
9.874691963195800781e-01
9.869166612625122070e-01
9.526038765907287598e-01
9.225248694419860840e-01
7.628323435783386230e-01
9.537739753723144531e-01
9.763219356536865234e-01
6.295116543769836426e-01
9.579802751541137695e-01
9.487652778625488281e-01
9.521321654319763184e-01
9.761644005775451660e-01
6.509950757026672363e-01
9.566133022308349609e-01
8.769356012344360352e-01
5.240553021430969238e-01
9.919974207878112793e-01
9.107197523117065430e-01
8.024191856384277344e-01
7.698463648557662964e-02
9.057076573371887207e-01
9.684249162673950195e-01
9.358804225921630859e-01
9.639526605606079102e-01
7.705477476119995117e-01
2.020468115806579590e-01
7.114654779434204102e-01
8.664849400520324707e-01
9.279987215995788574e-01
9.870518445968627930e-01
9.926417469978332520e-01
9.896057844161987305e-01
8.174459934234619141e-01
8.901206254959106445e-01
9.489076137542724609e-01
8.944214582443237305e-01
3.801823556423187256e-01
7.496718317270278931e-02
9.113616347312927246e-01
9.827742576599121094e-01
9.730438590049743652e-01
9.142296910285949707e-01
9.835099577903747559e-01
9.164919853210449219e-01
9.647546410560607910e-01
9.441514611244201660e-01
9.819062948226928711e-01
9.310832023620605469e-01
9.134995341300964355e-01
9.721075892448425293e-01
9.355468750000000000e-01
7.384331822395324707e-01
9.803192019462585449e-01
9.844266772270202637e-01
9.651936292648315430e-01
4.488093405961990356e-02
9.412145018577575684e-01
9.629300236701965332e-01
9.879527688026428223e-01
8.205001950263977051e-01
7.520647048950195312e-01
7.836493849754333496e-01
8.049609065055847168e-01
8.220722079277038574e-01
9.655530452728271484e-01
8.918409943580627441e-01
6.805414557456970215e-01
3.711224198341369629e-01
9.593114852905273438e-01
9.586641192436218262e-01
9.769178628921508789e-01
9.083847403526306152e-01
7.338032126426696777e-01
8.714505434036254883e-01
9.149432778358459473e-01
4.487415850162506104e-01
7.482296824455261230e-01
9.569117426872253418e-01
9.524551630020141602e-01
9.388895034790039062e-01
9.251925349235534668e-01
9.731041193008422852e-01
9.690111875534057617e-01
7.677410244941711426e-01
4.795637726783752441e-01
9.857139587402343750e-01
7.550243735313415527e-01
9.034904241561889648e-01
9.712811708450317383e-01
9.838175773620605469e-01
9.528930187225341797e-01
8.387463092803955078e-01
8.661532998085021973e-01
9.938615560531616211e-01
8.575676679611206055e-01
8.118178248405456543e-01
9.568435549736022949e-01
8.648390769958496094e-01
9.407404661178588867e-01
9.064924120903015137e-01
3.118107616901397705e-01
9.917243123054504395e-01
2.865259349346160889e-01
7.775700688362121582e-01
9.216565489768981934e-01
6.910130977630615234e-01
1.519400626420974731e-01
9.170561432838439941e-01
7.655197381973266602e-01
5.370547771453857422e-01
9.956238865852355957e-01
9.614643454551696777e-01
9.467232227325439453e-01
9.336287975311279297e-01
9.740115404129028320e-01
9.799697995185852051e-01
6.292279362678527832e-01
4.975512027740478516e-01
9.060388803482055664e-01
9.265323281288146973e-01
9.932789206504821777e-01
9.168347716331481934e-01
6.626259088516235352e-01
9.244708418846130371e-01
9.318168163299560547e-01
9.716804027557373047e-01
9.006822109222412109e-01
9.266353249549865723e-01
6.277458667755126953e-01
3.049797713756561279e-01
2.680253088474273682e-01
9.679827094078063965e-01
6.458469629287719727e-01
9.903274178504943848e-01
4.582483470439910889e-01
8.643780350685119629e-01
9.861171841621398926e-01
9.494701623916625977e-01
9.862868189811706543e-01
8.063145875930786133e-01
9.580424427986145020e-01
9.866659045219421387e-01
8.403905034065246582e-01
8.826820850372314453e-01
9.613230824470520020e-01
9.761899113655090332e-01
9.754632115364074707e-01
9.322656393051147461e-01
3.622230887413024902e-01
9.687241911888122559e-01
9.304872751235961914e-01
1.407048106193542480e-01
4.954656362533569336e-01
9.004516005516052246e-01
8.735844492912292480e-01
9.604927897453308105e-01
8.591600656509399414e-01
8.413002490997314453e-01
7.627564668655395508e-01
9.640491604804992676e-01
6.066304445266723633e-01
9.171262383460998535e-01
8.822579979896545410e-01
9.104712009429931641e-01
9.677683115005493164e-01
9.783373475074768066e-01
9.656106233596801758e-01
9.733063578605651855e-01
9.915170669555664062e-01
9.809158444404602051e-01
9.874659180641174316e-01
8.847283124923706055e-01
9.782010316848754883e-01
9.895471334457397461e-01
7.505175471305847168e-01
7.714982330799102783e-02
9.577262997627258301e-01
9.595447778701782227e-01
9.732730984687805176e-01
9.246976971626281738e-01
6.776319742202758789e-01
9.376942515373229980e-01
8.789981603622436523e-01
9.288079738616943359e-01
9.073495268821716309e-01
9.482196569442749023e-01
9.722121357917785645e-01
6.920216679573059082e-01
6.102004051208496094e-01
9.816544055938720703e-01
4.885052517056465149e-02
9.806052446365356445e-01
8.839136362075805664e-01
9.843060970306396484e-01
8.863612413406372070e-01
8.946042060852050781e-01
9.891001582145690918e-01
9.734567999839782715e-01
9.715419411659240723e-01
9.507001042366027832e-01
9.785295724868774414e-01
7.638657093048095703e-01
3.941255807876586914e-01
8.913076519966125488e-01
7.122104167938232422e-01
7.381410598754882812e-01
8.171047568321228027e-01
9.759105443954467773e-01
8.051343560218811035e-01
6.783553957939147949e-01
9.059562683105468750e-01
9.000088572502136230e-01
9.102616310119628906e-01
7.754132151603698730e-01
9.328994750976562500e-01
9.663230776786804199e-01
7.657477259635925293e-01
8.321368694305419922e-01
9.797956943511962891e-01
9.504173398017883301e-01
8.456459045410156250e-01
7.381151914596557617e-01
9.569306373596191406e-01
3.266797363758087158e-01
9.625253677368164062e-01
9.843080639839172363e-01
9.843497872352600098e-01
7.705941200256347656e-01
9.953664541244506836e-01
2.748506069183349609e-01
9.034270048141479492e-01
1.379279643297195435e-01
8.995143175125122070e-01
9.574521780014038086e-01
8.701490163803100586e-01
9.059650897979736328e-01
8.978571891784667969e-01
9.698618054389953613e-01
7.996813654899597168e-01
8.278049826622009277e-01
9.463948011398315430e-01
9.382675290107727051e-01
9.797903299331665039e-01
9.279463291168212891e-01
8.418423533439636230e-01
9.107051491737365723e-01
8.613598346710205078e-01
4.755425155162811279e-01
9.438958168029785156e-01
9.940749406814575195e-01
9.331733584403991699e-01
6.210973858833312988e-01
6.677565574645996094e-01
8.852637410163879395e-01
4.953565895557403564e-01
8.920154571533203125e-01
2.322242259979248047e-01
5.035860463976860046e-02
9.331994056701660156e-01
9.349808692932128906e-01
2.772113978862762451e-01
3.472633063793182373e-01
9.855098724365234375e-01
9.566919803619384766e-01
9.848300218582153320e-01
7.899907827377319336e-01
9.306191205978393555e-01
9.849274158477783203e-01
9.368762373924255371e-01
7.394812107086181641e-01
9.854657649993896484e-01
5.614121556282043457e-01
9.780392050743103027e-01
8.693843483924865723e-01
9.183543920516967773e-01
9.578062295913696289e-01
9.582143425941467285e-01
9.622246623039245605e-01
9.381527304649353027e-01
8.674678206443786621e-01
3.397526741027832031e-01
6.811158359050750732e-02
9.865933060646057129e-01
8.879607915878295898e-01
3.281493186950683594e-01
9.773552417755126953e-01
9.551625251770019531e-01
9.489437937736511230e-01
9.432538151741027832e-01
9.742254018783569336e-01
8.459471464157104492e-01
3.148902952671051025e-01
9.300730824470520020e-01
9.169892072677612305e-01
9.865837693214416504e-01
8.957931399345397949e-01
9.352282881736755371e-01
9.309042096138000488e-01
8.847972750663757324e-01
9.866039752960205078e-01
9.559340476989746094e-01
6.863431930541992188e-01
9.712775945663452148e-01
4.073875248432159424e-01
3.561584651470184326e-01
8.830345869064331055e-01
9.762633442878723145e-01
9.641668200492858887e-01
8.904014229774475098e-01
7.663479447364807129e-01
9.701631665229797363e-01
9.661577939987182617e-01
9.841257333755493164e-01
3.900946676731109619e-01
8.712694048881530762e-01
9.659864306449890137e-01
7.005644440650939941e-01
8.916227817535400391e-01
7.285844683647155762e-01
7.833451032638549805e-01
8.558944463729858398e-01
8.388090729713439941e-01
6.798872947692871094e-01
6.262061595916748047e-01
6.024726033210754395e-01
9.836648106575012207e-01
9.137039184570312500e-01
9.518133401870727539e-01
9.785715341567993164e-01
9.883394241333007812e-01
6.890329718589782715e-01
9.851402640342712402e-01
9.399726390838623047e-01
7.914111018180847168e-01
9.775365591049194336e-01
8.949258327484130859e-01
8.986445665359497070e-01
9.490063786506652832e-01
9.385762810707092285e-01
2.389564365148544312e-01
9.933878183364868164e-01
9.232866764068603516e-01
8.608744144439697266e-01
9.232886433601379395e-01
9.351608753204345703e-01
9.881297349929809570e-01
9.816930294036865234e-01
9.028235077857971191e-01
9.475420713424682617e-01
8.656674027442932129e-01
5.331094861030578613e-01
9.296247363090515137e-01
9.289395809173583984e-01
9.644957184791564941e-01
9.163987636566162109e-01
9.640574455261230469e-01
9.288665652275085449e-01
9.865975975990295410e-01
9.194379448890686035e-01
9.451406598091125488e-01
9.194280505180358887e-01
9.542146921157836914e-01
7.523089647293090820e-01
2.195546776056289673e-01
9.414618611335754395e-01
9.745503664016723633e-01
9.784060716629028320e-01
8.901206254959106445e-01
9.733510613441467285e-01
9.833366274833679199e-01
9.850829839706420898e-01
8.947197794914245605e-01
8.238464593887329102e-01
7.933721542358398438e-01
9.062112569808959961e-01
9.520347714424133301e-01
8.609433770179748535e-01
9.453426599502563477e-01
8.990263342857360840e-01
7.991493940353393555e-01
9.942241311073303223e-01
9.692041277885437012e-01
9.503912329673767090e-01
9.181691408157348633e-01
3.995128571987152100e-01
9.018180966377258301e-01
9.809323549270629883e-01
7.750711441040039062e-01
8.429110646247863770e-01
9.472019672393798828e-01
9.437974691390991211e-01
9.353271722793579102e-01
9.000032544136047363e-01
9.606717824935913086e-01
9.657962918281555176e-01
5.242989659309387207e-01
8.826762437820434570e-01
9.535484313964843750e-01
2.436607182025909424e-01
9.887704849243164062e-01
8.934743404388427734e-01
9.471361637115478516e-01
9.158470034599304199e-01
9.672774076461791992e-01
9.665519595146179199e-01
9.736568927764892578e-01
9.800312519073486328e-01
9.050284028053283691e-01
7.266941070556640625e-01
6.595801711082458496e-01
3.837915956974029541e-01
9.790762662887573242e-01
9.656153917312622070e-01
6.407612562179565430e-01
9.669248461723327637e-01
4.536729156970977783e-01
9.803156256675720215e-01
9.871882200241088867e-01
9.508504271507263184e-01
9.888863563537597656e-01
1.519843935966491699e-01
9.299746751785278320e-01
9.773030281066894531e-01
8.469585776329040527e-01
8.069728016853332520e-01
9.910663962364196777e-01
9.871155023574829102e-01
9.143662452697753906e-01
9.235265851020812988e-01
9.906615614891052246e-01
9.398452043533325195e-01
9.229898452758789062e-01
9.534062743186950684e-01
2.992308735847473145e-01
9.506592750549316406e-01
9.709866642951965332e-01
9.005833864212036133e-01
9.819276332855224609e-01
3.278270363807678223e-01
5.849717855453491211e-01
8.774076700210571289e-01
9.120031595230102539e-01
9.661348462104797363e-01
9.682050347328186035e-01
9.554756283760070801e-01
9.326954483985900879e-01
9.872457981109619141e-01
7.720742821693420410e-01
9.488214254379272461e-01
9.919440746307373047e-01
9.614007472991943359e-01
9.377933144569396973e-01
9.705359339714050293e-01
8.610060214996337891e-01
9.696793556213378906e-01
9.577993750572204590e-01
8.562665581703186035e-01
9.181316494941711426e-01
6.155168414115905762e-01
7.482820153236389160e-01
9.907212257385253906e-01
3.240325748920440674e-01
9.791316986083984375e-01
9.746715426445007324e-01
9.760614633560180664e-01
9.217541217803955078e-01
9.802687764167785645e-01
9.866420030593872070e-01
9.338324069976806641e-01
9.188225269317626953e-01
8.291438221931457520e-01
9.532561302185058594e-01
7.386907339096069336e-01
9.580534696578979492e-01
9.824057817459106445e-01
9.374144673347473145e-01
9.843168258666992188e-01
8.588151931762695312e-01
5.582283735275268555e-01
7.218900322914123535e-01
9.759511947631835938e-01
9.340769648551940918e-01
9.652347564697265625e-01
9.763383269309997559e-01
8.913704752922058105e-01
9.922022819519042969e-01
6.021158695220947266e-01
9.887322187423706055e-01
9.327160120010375977e-01
8.454569578170776367e-01
8.083811998367309570e-01
9.155743718147277832e-01
5.767972469329833984e-01
8.766660690307617188e-01
8.771510124206542969e-01
9.149423837661743164e-01
8.318288326263427734e-01
9.196752309799194336e-01
8.996053934097290039e-01
9.235863685607910156e-01
8.409153819084167480e-01
9.331972599029541016e-01
9.685161709785461426e-01
9.557147026062011719e-01
9.027882218360900879e-01
8.611492514610290527e-01
8.722906112670898438e-01
8.962234854698181152e-01
6.920680403709411621e-01
9.001594781875610352e-01
5.497686266899108887e-01
6.057741045951843262e-01
9.466055035591125488e-01
9.384363889694213867e-01
9.737820029258728027e-01
9.418757557868957520e-01
8.684071302413940430e-01
9.496795535087585449e-01
9.782619476318359375e-01
9.856649637222290039e-01
6.814972311258316040e-02
9.073697328567504883e-01
8.726857304573059082e-01
9.861791133880615234e-01
8.842600584030151367e-01
9.703753590583801270e-01
2.874060869216918945e-01
8.698800206184387207e-01
9.611086249351501465e-01
9.890193343162536621e-01
8.982126116752624512e-01
9.462958574295043945e-01
9.408097863197326660e-01
9.613465666770935059e-01
2.867471277713775635e-01
9.367814660072326660e-01
7.029875516891479492e-01
8.429976701736450195e-01
8.454384207725524902e-01
9.395884275436401367e-01
7.555588483810424805e-01
9.523887634277343750e-01
9.796636700630187988e-01
9.835770726203918457e-01
9.839478731155395508e-01
9.702199697494506836e-01
9.826301932334899902e-01
5.208280682563781738e-01
6.728456020355224609e-01
9.518653154373168945e-01
4.760282039642333984e-01
4.260909259319305420e-01
5.026714205741882324e-01
9.491733312606811523e-01
9.589581489562988281e-01
9.480245113372802734e-01
9.470047950744628906e-01
8.391547799110412598e-01
9.895826578140258789e-01
9.764383435249328613e-01
8.979244828224182129e-01
9.872515201568603516e-01
9.786531925201416016e-01
9.610505104064941406e-01
1.314491331577301025e-01
8.509874343872070312e-01
8.865813016891479492e-01
9.437409043312072754e-01
9.945566654205322266e-01
9.312120079994201660e-01
9.623081684112548828e-01
9.240860939025878906e-01
2.791588306427001953e-01
9.657960534095764160e-01
8.723375201225280762e-01
8.557323217391967773e-01
9.915497303009033203e-01
