8.969814181327819824e-01
7.567219734191894531e-01
7.363834381103515625e-01
3.082198500633239746e-01
5.245879888534545898e-01
9.011260867118835449e-01
3.886910676956176758e-01
4.096595942974090576e-01
6.809486150741577148e-01
3.691758513450622559e-01
3.454523980617523193e-01
7.567747235298156738e-01
1.797144114971160889e-01
6.212758421897888184e-01
7.259966135025024414e-01
7.303911447525024414e-01
8.698573708534240723e-01
4.513072073459625244e-01
2.889483869075775146e-01
5.684852004051208496e-01
2.889021039009094238e-01
6.276575326919555664e-01
1.802202910184860229e-01
8.153457641601562500e-01
8.793415427207946777e-01
1.504496335983276367e-01
9.016573429107666016e-01
8.345618247985839844e-01
2.528332173824310303e-01
7.785754799842834473e-01
1.069224104285240173e-01
3.282697200775146484e-01
3.545137047767639160e-01
4.968858659267425537e-01
2.718645036220550537e-01
8.671179413795471191e-01
4.861211180686950684e-01
3.082773685455322266e-01
7.475443482398986816e-01
1.751022636890411377e-01
8.954938054084777832e-01
8.426129817962646484e-01
8.470895886421203613e-01
2.597306072711944580e-01
8.602926731109619141e-01
7.849026918411254883e-01
4.730651080608367920e-01
1.376831978559494019e-01
7.031904458999633789e-01
6.891563534736633301e-01
1.370623409748077393e-01
8.410410881042480469e-01
8.890480995178222656e-01
4.322023317217826843e-02
9.280142188072204590e-02
8.524963855743408203e-01
1.891199499368667603e-01
8.679926991462707520e-01
7.586712837219238281e-01
6.839913725852966309e-01
7.448485493659973145e-01
8.690894842147827148e-01
4.884586334228515625e-01
4.575696587562561035e-01
2.400741875171661377e-01
1.601931005716323853e-01
2.956099808216094971e-01
7.365792393684387207e-01
8.658468127250671387e-01
2.573099732398986816e-01
7.203993201255798340e-01
2.456952780485153198e-01
1.745947897434234619e-01
7.692186832427978516e-01
5.811776518821716309e-01
1.993751972913742065e-01
3.257326483726501465e-01
8.153211325407028198e-02
5.585017204284667969e-01
6.204189360141754150e-02
7.674542665481567383e-01
7.004975676536560059e-01
4.458322227001190186e-01
8.182622194290161133e-01
7.539581060409545898e-01
8.279527425765991211e-01
3.561647832393646240e-01
9.108256697654724121e-01
6.351140737533569336e-01
6.956693530082702637e-01
8.800384998321533203e-01
2.431208789348602295e-01
7.473264336585998535e-01
5.648824572563171387e-01
4.347732365131378174e-01
5.078354477882385254e-01
9.085223078727722168e-01
8.098447918891906738e-01
1.506365686655044556e-01
1.701565235853195190e-01
4.620416462421417236e-01
4.704833030700683594e-01
4.045675992965698242e-01
7.843903899192810059e-01
4.995311796665191650e-01
8.731811642646789551e-01
6.880621910095214844e-01
6.384044885635375977e-01
8.687472939491271973e-01
3.077425062656402588e-01
7.169477343559265137e-01
8.549612760543823242e-01
4.466224610805511475e-01
8.609741330146789551e-01
9.088985919952392578e-01
8.226658701896667480e-01
1.890695542097091675e-01
1.432806104421615601e-01
4.793997704982757568e-01
4.278911650180816650e-01
3.406980335712432861e-01
1.936525553464889526e-01
7.922288775444030762e-01
9.066633135080337524e-02
5.914825201034545898e-01
4.485181570053100586e-01
7.108196020126342773e-01
9.557276964187622070e-02
4.387853145599365234e-01
5.357418060302734375e-01
8.283721208572387695e-01
4.359405040740966797e-01
7.202253937721252441e-01
5.797878503799438477e-01
7.026224732398986816e-01
8.813505172729492188e-01
5.183081030845642090e-01
1.006708443164825439e-01
3.675744235515594482e-01
7.312214374542236328e-01
3.682234883308410645e-01
9.000129103660583496e-01
3.145348429679870605e-01
8.597897291183471680e-01
1.799234300851821899e-01
5.044981837272644043e-01
3.774873912334442139e-01
1.751547157764434814e-01
7.827302217483520508e-01
4.025894403457641602e-01
6.291051506996154785e-01
4.004787281155586243e-02
7.894268035888671875e-01
8.104020953178405762e-01
4.961175844073295593e-02
2.751567363739013672e-01
6.089836359024047852e-01
1.017259880900382996e-01
7.441021203994750977e-01
5.312957167625427246e-01
5.984911918640136719e-01
5.147162675857543945e-01
6.786950230598449707e-01
8.821894526481628418e-01
1.465565152466297150e-02
8.072566390037536621e-01
3.414404392242431641e-01
5.653654932975769043e-01
2.569884955883026123e-01
1.663403213024139404e-01
1.688452661037445068e-01
4.032803326845169067e-02
8.887140154838562012e-01
8.218868374824523926e-01
7.190328240394592285e-01
1.779142171144485474e-01
6.551808714866638184e-01
4.770169034600257874e-02
2.710652351379394531e-01
1.850122362375259399e-01
5.433677434921264648e-01
7.984545826911926270e-01
4.050145447254180908e-01
1.723944693803787231e-01
4.019489884376525879e-01
5.928230285644531250e-01
7.093234658241271973e-01
3.953847587108612061e-01
5.468352437019348145e-01
5.990512967109680176e-01
5.821930170059204102e-01
4.581524431705474854e-01
8.854738473892211914e-01
8.908708095550537109e-01
8.844037055969238281e-01
4.167423844337463379e-01
6.352324485778808594e-01
6.895734369754791260e-02
5.954554080963134766e-01
8.822010159492492676e-01
1.300754249095916748e-01
2.929211556911468506e-01
2.742160558700561523e-01
8.463024497032165527e-01
4.600114226341247559e-01
4.410922527313232422e-01
7.609168887138366699e-01
2.883076965808868408e-01
8.670601248741149902e-01
6.956546306610107422e-01
8.413808345794677734e-01
3.811624646186828613e-01
6.266964673995971680e-01
8.842230439186096191e-01
2.765248157083988190e-02
4.241450726985931396e-01
6.616361737251281738e-01
4.468983709812164307e-01
1.933667510747909546e-01
2.761205434799194336e-01
3.375425040721893311e-01
4.310007095336914062e-01
8.977920413017272949e-01
8.483495116233825684e-01
8.721967935562133789e-01
3.767277896404266357e-01
5.434930324554443359e-01
8.946323394775390625e-01
8.964535593986511230e-01
3.325979113578796387e-01
4.816439151763916016e-01
4.167261123657226562e-01
8.951812386512756348e-01
7.024553418159484863e-01
1.652575582265853882e-01
8.699618577957153320e-01
3.356552720069885254e-01
7.635597586631774902e-01
2.623582184314727783e-01
5.140785574913024902e-01
9.023681282997131348e-01
4.016384482383728027e-01
7.102127671241760254e-01
4.425668120384216309e-01
5.392606928944587708e-02
1.709869652986526489e-01
6.279937177896499634e-02
5.708968639373779297e-01
8.308766484260559082e-01
1.397964954376220703e-01
6.706911325454711914e-01
8.110281825065612793e-01
7.671691775321960449e-01
2.646713852882385254e-01
3.611928820610046387e-01
3.428606688976287842e-01
7.596022486686706543e-01
2.320933714509010315e-02
5.640203356742858887e-01
8.748039603233337402e-01
8.336903452873229980e-01
9.081423282623291016e-01
2.834488749504089355e-01
4.431651830673217773e-01
5.045418739318847656e-01
3.344778418540954590e-01
1.848468780517578125e-01
1.056129932403564453e-01
5.678728222846984863e-02
7.285742163658142090e-01
2.027609795331954956e-01
2.412068843841552734e-01
8.196786046028137207e-01
8.000597357749938965e-01
8.860427737236022949e-01
3.132822513580322266e-01
3.004131019115447998e-01
8.622478246688842773e-01
8.737357854843139648e-01
7.520738989114761353e-02
9.055556058883666992e-01
6.258051395416259766e-01
2.419123798608779907e-01
7.164977192878723145e-01
8.899198770523071289e-01
5.294440984725952148e-01
7.752885222434997559e-01
6.731212139129638672e-01
6.372558474540710449e-01
8.217800855636596680e-01
3.078140318393707275e-01
5.356059670448303223e-01
4.420357048511505127e-01
2.135598808526992798e-01
2.037236094474792480e-01
3.647526800632476807e-01
4.053310453891754150e-01
1.262560039758682251e-01
9.126389026641845703e-01
8.817198872566223145e-01
2.656513154506683350e-01
5.932177901268005371e-01
3.641436398029327393e-01
8.978018760681152344e-01
5.844819545745849609e-01
9.339491277933120728e-02
2.937655150890350342e-01
9.140442013740539551e-01
2.801063656806945801e-01
3.201727271080017090e-01
7.058533430099487305e-01
1.274493485689163208e-01
5.542800426483154297e-01
8.913972377777099609e-01
9.090577960014343262e-01
2.396130710840225220e-01
7.628467082977294922e-01
4.615549445152282715e-01
8.267688155174255371e-01
2.555111348628997803e-01
3.445856273174285889e-01
7.954728007316589355e-01
8.766375780105590820e-01
8.951939344406127930e-01
2.453020513057708740e-01
8.127302527427673340e-01
2.651213705539703369e-01
2.389598190784454346e-01
1.410002857446670532e-01
4.508419930934906006e-01
8.448591232299804688e-01
6.145366430282592773e-01
4.233543574810028076e-02
7.086787819862365723e-01
5.473904013633728027e-01
7.047982215881347656e-01
5.949231386184692383e-01
4.013630449771881104e-01
2.670110762119293213e-01
8.935215473175048828e-01
2.339711338281631470e-01
7.580738067626953125e-01
7.796013355255126953e-01
8.619165420532226562e-01
8.971011638641357422e-01
6.397303938865661621e-01
8.929154872894287109e-01
8.783142566680908203e-01
7.866900563240051270e-01
4.681236445903778076e-01
6.813229918479919434e-01
7.207432389259338379e-01
9.141617417335510254e-01
1.779270470142364502e-01
8.510120213031768799e-02
4.596163630485534668e-01
4.327682256698608398e-01
6.939772367477416992e-01
9.124025702476501465e-01
3.383714333176612854e-02
2.915911972522735596e-01
8.667238950729370117e-01
2.963083386421203613e-01
1.965638399124145508e-01
8.185124993324279785e-01
6.867393851280212402e-01
2.905212938785552979e-01
1.992870867252349854e-02
8.075617551803588867e-01
8.589394688606262207e-01
5.713139176368713379e-01
3.287405073642730713e-01
7.442188262939453125e-02
6.685394048690795898e-01
8.804454803466796875e-01
6.233372092247009277e-01
9.446610510349273682e-02
2.936691343784332275e-01
7.421678304672241211e-01
1.854620128870010376e-01
2.299996465444564819e-01
5.682395696640014648e-01
4.706250429153442383e-01
7.762578129768371582e-01
8.608167171478271484e-01
7.084774374961853027e-01
3.296784311532974243e-02
8.391679525375366211e-01
5.282748341560363770e-01
3.648746907711029053e-01
4.407801032066345215e-01
7.064016461372375488e-01
3.370686769485473633e-01
4.914458990097045898e-01
8.974381089210510254e-01
9.038338065147399902e-01
9.527796506881713867e-02
3.555652201175689697e-01
7.254581451416015625e-01
3.365157544612884521e-01
6.395457386970520020e-01
4.378002285957336426e-01
8.260502219200134277e-01
8.632865548133850098e-01
8.883664608001708984e-01
8.325464129447937012e-01
8.571565747261047363e-01
8.125804364681243896e-02
7.846000790596008301e-01
5.039662122726440430e-01
8.121643066406250000e-01
8.674959540367126465e-01
4.349351525306701660e-01
2.561216950416564941e-01
1.427695006132125854e-01
8.911108374595642090e-01
3.000279963016510010e-01
1.524943709373474121e-01
1.472313702106475830e-01
3.122687637805938721e-01
8.801071047782897949e-01
4.639455974102020264e-01
9.949275106191635132e-02
2.991664111614227295e-01
5.468001365661621094e-01
4.424534738063812256e-01
8.693079352378845215e-01
8.341242074966430664e-01
6.170316785573959351e-02
4.254690110683441162e-01
8.952909111976623535e-01
7.316847443580627441e-01
3.422092497348785400e-01
5.979091525077819824e-01
9.134281277656555176e-01
8.306069970130920410e-01
8.796339631080627441e-01
7.090205550193786621e-01
8.626503944396972656e-01
2.324220985174179077e-01
6.794829368591308594e-01
5.107474923133850098e-01
6.763390898704528809e-01
1.650611907243728638e-01
1.082193031907081604e-01
3.047611191868782043e-02
3.104611337184906006e-01
4.173492491245269775e-01
7.672663331031799316e-01
2.798343002796173096e-01
3.787970244884490967e-01
8.921895623207092285e-01
8.328301310539245605e-01
6.708669066429138184e-01
3.097952306270599365e-01
8.223087787628173828e-01
7.727585434913635254e-01
9.478899091482162476e-02
6.021493673324584961e-01
9.115375280380249023e-01
3.558669239282608032e-02
3.925192654132843018e-01
7.662917375564575195e-01
8.664176464080810547e-01
8.960778713226318359e-01
1.106727123260498047e-01
5.760474205017089844e-01
5.331470817327499390e-02
5.065156817436218262e-01
5.107150077819824219e-01
2.592023611068725586e-01
4.331628382205963135e-01
5.262895226478576660e-01
3.013057410717010498e-01
7.791047692298889160e-01
9.554163366556167603e-02
7.720261812210083008e-01
3.205256164073944092e-01
8.702988624572753906e-01
3.286469280719757080e-01
7.027068734169006348e-01
8.223294466733932495e-02
8.867067098617553711e-01
4.960035085678100586e-01
7.530618309974670410e-01
6.421270370483398438e-01
8.766827583312988281e-01
4.967697560787200928e-01
3.531860411167144775e-01
2.608515918254852295e-01
7.963532209396362305e-01
5.673202872276306152e-01
3.433489799499511719e-01
8.995978534221649170e-02
4.906338453292846680e-01
1.080746799707412720e-01
1.425932347774505615e-02
7.195941209793090820e-01
2.426234446465969086e-02
6.291484832763671875e-01
8.559287786483764648e-01
3.802354633808135986e-01
8.102679252624511719e-01
8.448099493980407715e-01
5.755155086517333984e-01
2.006862908601760864e-01
8.211475610733032227e-01
3.275613486766815186e-01
1.844842433929443359e-01
9.012292027473449707e-01
5.706427097320556641e-01
8.271828889846801758e-01
4.292425513267517090e-01
6.251482367515563965e-01
5.480626225471496582e-01
5.018220543861389160e-01
7.831716537475585938e-01
4.300552606582641602e-01
4.914939999580383301e-01
7.379116863012313843e-02
5.682829618453979492e-01
1.133183836936950684e-01
9.102107882499694824e-01
4.238733276724815369e-02
4.946999847888946533e-01
5.570829510688781738e-01
6.981946229934692383e-01
5.783504843711853027e-01
2.909656465053558350e-01
8.153109550476074219e-01
1.952360868453979492e-01
7.478578090667724609e-01
2.358832955360412598e-01
9.049129486083984375e-01
8.904117941856384277e-01
8.674612641334533691e-01
7.084987163543701172e-01
1.119380295276641846e-01
4.420226216316223145e-01
8.937175273895263672e-01
7.009497284889221191e-01
8.989763259887695312e-01
5.833783745765686035e-01
4.164162576198577881e-01
9.472089260816574097e-02
7.676351666450500488e-01
2.389598190784454346e-01
6.864044666290283203e-01
7.095045596361160278e-02
5.353777408599853516e-01
6.575719714164733887e-01
1.103692725300788879e-01
7.890252768993377686e-02
3.417175710201263428e-01
9.131749868392944336e-01
6.007447242736816406e-01
5.319307371973991394e-02
5.164344906806945801e-01
2.932616174221038818e-01
8.331705927848815918e-01
4.726681411266326904e-01
5.995078682899475098e-01
9.146976470947265625e-01
5.341845750808715820e-01
8.633840084075927734e-01
2.134014070034027100e-01
7.683417797088623047e-01
5.488717928528785706e-02
8.397143483161926270e-01
9.046614170074462891e-01
6.646301150321960449e-01
7.180728912353515625e-01
7.077283263206481934e-01
8.208588957786560059e-01
1.215550396591424942e-02
8.514871597290039062e-01
2.449554800987243652e-01
4.442240595817565918e-01
1.699223965406417847e-01
7.394806146621704102e-01
2.807601988315582275e-01
7.659230232238769531e-01
4.134273827075958252e-01
1.373488754034042358e-01
4.961717426776885986e-01
1.355144195258617401e-02
9.120917320251464844e-01
9.118412733078002930e-01
9.361472725868225098e-02
7.475781440734863281e-01
6.394218802452087402e-01
4.569820165634155273e-01
6.879935413599014282e-02
5.707901120185852051e-01
8.930777907371520996e-01
2.140030115842819214e-01
6.922839283943176270e-01
2.339719086885452271e-01
1.870607212185859680e-02
7.958141565322875977e-01
8.594993352890014648e-01
3.397694528102874756e-01
4.881292283535003662e-01
8.425548076629638672e-01
6.023806333541870117e-01
8.528146147727966309e-01
8.819829821586608887e-01
6.233945116400718689e-02
7.756043672561645508e-01
5.621122121810913086e-01
4.487018287181854248e-01
1.354754567146301270e-01
4.363768696784973145e-01
9.251463413238525391e-02
3.865996301174163818e-01
5.250436067581176758e-01
4.269319474697113037e-01
4.138618409633636475e-01
1.787261068820953369e-01
8.926849961280822754e-01
8.585568666458129883e-01
8.775969743728637695e-01
5.149052739143371582e-01
1.841051429510116577e-01
1.337144225835800171e-01
3.855707868933677673e-02
9.114013314247131348e-01
5.061422586441040039e-01
2.297194451093673706e-01
7.859535217285156250e-01
8.133571147918701172e-01
5.714762210845947266e-01
1.728918105363845825e-01
9.006636142730712891e-01
1.590085923671722412e-01
4.088546931743621826e-01
6.487915515899658203e-01
2.324933111667633057e-01
5.187668800354003906e-01
4.399085044860839844e-01
7.674972414970397949e-01
8.154315948486328125e-01
5.930677056312561035e-01
3.794198483228683472e-02
6.962054967880249023e-01
3.909683823585510254e-01
8.389581441879272461e-01
6.085022091865539551e-01
7.115725874900817871e-01
3.295508027076721191e-01
8.931515812873840332e-01
9.082296490669250488e-01
1.172271221876144409e-01
8.962501883506774902e-01
8.662410378456115723e-01
8.546944260597229004e-01
4.413018822669982910e-01
6.025809049606323242e-01
8.355708122253417969e-01
7.200628519058227539e-01
1.330543756484985352e-01
3.548291921615600586e-01
2.444108277559280396e-01
6.900556683540344238e-01
3.020476400852203369e-01
7.026367187500000000e-01
8.907973766326904297e-02
6.355900764465332031e-01
3.815203607082366943e-01
2.756232917308807373e-01
4.796331822872161865e-01
8.919342756271362305e-01
1.213527545332908630e-01
2.277167737483978271e-01
7.105832695960998535e-01
4.282564222812652588e-01
8.583768606185913086e-01
7.933031916618347168e-01
5.594574809074401855e-01
4.898567199707031250e-01
6.046092510223388672e-01
8.057587742805480957e-01
8.916519284248352051e-01
5.452985167503356934e-01
1.919145137071609497e-01
6.837066411972045898e-01
8.810692429542541504e-01
7.556399106979370117e-01
5.629996955394744873e-02
8.453515768051147461e-01
5.725938677787780762e-01
4.371192157268524170e-01
8.545719981193542480e-01
7.555870413780212402e-01
7.391375303268432617e-01
2.728633880615234375e-01
8.624095916748046875e-01
8.890841007232666016e-01
5.111753940582275391e-01
4.213034212589263916e-01
5.863992571830749512e-01
8.952590823173522949e-01
9.067786335945129395e-01
9.019913673400878906e-01
8.530647754669189453e-01
6.083849668502807617e-01
4.107942581176757812e-01
3.378103375434875488e-01
6.065984368324279785e-01
8.777273297309875488e-01
8.161352574825286865e-02
7.861485481262207031e-01
6.474384069442749023e-01
4.264271855354309082e-01
9.033755660057067871e-01
4.527639746665954590e-01
3.068418800830841064e-01
6.727058291435241699e-01
1.192727088928222656e-01
2.825912535190582275e-01
9.067273736000061035e-01
8.321588635444641113e-01
9.008909016847610474e-02
8.943680524826049805e-01
4.587749838829040527e-01
5.373512208461761475e-02
5.356584191322326660e-01
8.349404335021972656e-01
4.551060795783996582e-01
9.149768948554992676e-01
7.959595322608947754e-01
4.784820079803466797e-01
2.577427029609680176e-01
3.277658224105834961e-01
8.784031867980957031e-01
8.923273682594299316e-01
3.032196499407291412e-02
6.279418468475341797e-01
5.016067028045654297e-01
5.018751621246337891e-01
4.280811548233032227e-01
8.016036748886108398e-01
2.832227349281311035e-01
2.703918516635894775e-01
2.749949693679809570e-01
6.135969161987304688e-01
8.851897716522216797e-01
5.487147569656372070e-01
4.597261250019073486e-01
8.909505009651184082e-01
8.700310587882995605e-01
5.567218661308288574e-01
6.106050610542297363e-01
1.805720925331115723e-01
6.140509843826293945e-01
4.253427982330322266e-01
6.398791074752807617e-01
7.325907945632934570e-01
6.382054090499877930e-01
4.231938347220420837e-02
4.589314162731170654e-01
5.597049593925476074e-01
7.470042258501052856e-02
3.290265798568725586e-01
8.979003876447677612e-02
4.463436603546142578e-01
2.446771711111068726e-01
5.534665286540985107e-02
4.651749134063720703e-01
4.478398263454437256e-01
7.941226363182067871e-01
1.700644344091415405e-01
3.398188054561614990e-01
3.388629853725433350e-01
6.383223086595535278e-02
5.626353621482849121e-01
7.367194890975952148e-01
8.880890011787414551e-01
5.744466185569763184e-01
8.662065863609313965e-01
4.098284542560577393e-01
3.378973901271820068e-01
5.429539680480957031e-01
7.180728912353515625e-01
8.550988137722015381e-02
2.955612838268280029e-01
3.689449280500411987e-02
4.113226234912872314e-01
9.131410121917724609e-01
6.389498114585876465e-01
8.456623554229736328e-01
1.833020746707916260e-01
3.429780900478363037e-01
4.349428415298461914e-01
2.240517139434814453e-01
9.793621301651000977e-02
4.025950431823730469e-01
9.071316123008728027e-01
3.947358727455139160e-01
4.936260581016540527e-01
7.908923625946044922e-01
5.834160372614860535e-02
9.045025110244750977e-01
8.160665631294250488e-01
5.171439647674560547e-01
4.757103696465492249e-02
2.121006548404693604e-01
7.643237709999084473e-01
8.678423762321472168e-01
5.362386703491210938e-01
3.373581916093826294e-02
6.003631949424743652e-01
4.942674338817596436e-01
6.244013309478759766e-01
6.670521497726440430e-01
4.256172478199005127e-01
9.591132402420043945e-02
4.515386819839477539e-01
5.679402947425842285e-01
8.257328867912292480e-01
3.681652843952178955e-01
8.977833986282348633e-01
4.887970089912414551e-01
2.663093507289886475e-01
4.747495055198669434e-01
7.505081295967102051e-01
1.030152663588523865e-01
8.732571601867675781e-01
7.776002883911132812e-01
7.856928706169128418e-01
3.916447237133979797e-02
3.524675071239471436e-01
9.069096297025680542e-02
6.478220820426940918e-01
9.918099641799926758e-02
4.678885340690612793e-01
8.260476589202880859e-01
5.614104866981506348e-02
3.729954361915588379e-01
4.844931960105895996e-01
9.133583307266235352e-01
3.416521549224853516e-01
6.333141326904296875e-01
5.591706633567810059e-01
2.429496347904205322e-01
8.377874493598937988e-01
8.995051980018615723e-01
5.155813694000244141e-01
7.225649952888488770e-01
9.124454259872436523e-01
8.776012659072875977e-01
4.692132771015167236e-01
4.523651003837585449e-01
2.254811525344848633e-01
6.235809922218322754e-01
9.051374793052673340e-01
8.353241086006164551e-01
7.186428904533386230e-01
2.758561372756958008e-01
8.579784631729125977e-01
8.988121747970581055e-01
5.377985835075378418e-01
1.050434410572052002e-01
9.049999117851257324e-01
8.128457665443420410e-01
2.168067693710327148e-01
9.016121029853820801e-01
2.520553581416606903e-02
8.777161240577697754e-01
2.107965499162673950e-01
9.138435125350952148e-01
1.241235062479972839e-01
7.943806648254394531e-01
9.023010730743408203e-01
9.019770026206970215e-01
3.682557046413421631e-01
8.942515254020690918e-01
4.745171964168548584e-01
3.842331469058990479e-01
5.950798839330673218e-02
6.737838983535766602e-01
4.086969196796417236e-01
5.105628818273544312e-02
8.367784619331359863e-01
8.195831179618835449e-01
2.301876842975616455e-01
8.916440606117248535e-01
8.959569334983825684e-01
3.478822708129882812e-01
2.762857452034950256e-02
8.835021257400512695e-01
2.513735890388488770e-01
9.076502323150634766e-01
2.166968435049057007e-01
1.691387742757797241e-01
5.536246895790100098e-01
6.125116348266601562e-01
8.620541095733642578e-01
3.418306112289428711e-01
6.678899526596069336e-01
8.711566925048828125e-01
5.144254565238952637e-01
2.293504625558853149e-01
9.120138883590698242e-01
4.878228604793548584e-01
5.496307015419006348e-01
5.764381960034370422e-02
8.768821358680725098e-01
8.791876435279846191e-01
4.890737235546112061e-01
3.367974758148193359e-01
2.969462871551513672e-01
5.479165315628051758e-01
1.024966835975646973e-01
1.526669114828109741e-01
8.803192526102066040e-02
5.552660822868347168e-01
3.210678398609161377e-01
8.221353888511657715e-01
5.389500856399536133e-01
8.572685122489929199e-01
8.449257016181945801e-01
1.552794724702835083e-01
5.729976892471313477e-01
9.095760583877563477e-01
8.350308537483215332e-01
1.772947311401367188e-01
7.610793709754943848e-01
5.028551816940307617e-01
9.051510691642761230e-01
8.800179362297058105e-01
7.470374703407287598e-01
5.300825834274291992e-01
5.103986263275146484e-01
5.926856994628906250e-01
9.035800695419311523e-01
9.040251970291137695e-01
5.636227130889892578e-01
1.903895437717437744e-01
8.870235830545425415e-02
3.532086312770843506e-01
7.890099883079528809e-01
1.758816689252853394e-01
3.538411557674407959e-01
7.836251258850097656e-01
7.812106609344482422e-01
2.865651063621044159e-02
3.454400599002838135e-01
4.554680883884429932e-01
9.139395356178283691e-01
6.674881577491760254e-01
2.084426581859588623e-01
5.098972320556640625e-01
1.754428893327713013e-01
2.055536359548568726e-01
6.280022859573364258e-02
5.173145532608032227e-01
8.989200592041015625e-01
8.492631912231445312e-01
6.451501846313476562e-01
7.683247923851013184e-01
4.358688592910766602e-01
5.415882468223571777e-01
5.838075280189514160e-01
8.192812800407409668e-01
5.621135830879211426e-01
1.630928069353103638e-01
6.363545060157775879e-01
1.402303874492645264e-01
8.787695765495300293e-01
9.121307134628295898e-01
6.676600575447082520e-01
7.224771976470947266e-01
6.629450321197509766e-01
3.977046310901641846e-01
5.616948381066322327e-02
3.727643191814422607e-01
8.372694849967956543e-01
8.756174445152282715e-01
1.775017008185386658e-02
7.838463187217712402e-01
9.055928587913513184e-01
8.623537421226501465e-01
2.452284544706344604e-01
7.648456692695617676e-01
8.770569562911987305e-01
5.770390033721923828e-01
4.237768352031707764e-01
6.586374640464782715e-01
4.939104020595550537e-01
4.112942516803741455e-02
7.402964234352111816e-01
5.329703167080879211e-02
2.665738761425018311e-02
7.756953239440917969e-01
8.490723371505737305e-01
7.063792943954467773e-01
4.471379816532135010e-01
8.371143341064453125e-01
3.168670088052749634e-02
5.849962681531906128e-02
8.591363430023193359e-01
8.000572323799133301e-01
8.329803943634033203e-01
9.111266136169433594e-01
2.072740048170089722e-01
3.460926413536071777e-01
7.225749492645263672e-01
1.871695667505264282e-01
8.957087397575378418e-01
6.115172803401947021e-02
1.944196820259094238e-01
5.622699856758117676e-01
4.892135038971900940e-02
9.037626385688781738e-01
1.227345466613769531e-01
2.465941756963729858e-01
1.277587413787841797e-01
5.956561565399169922e-01
3.255715370178222656e-01
6.308548450469970703e-01
1.889464855194091797e-01
8.215095996856689453e-01
6.282643973827362061e-02
5.494808554649353027e-01
5.819217115640640259e-02
5.976791977882385254e-01
3.226441144943237305e-01
5.791649818420410156e-01
7.583824396133422852e-01
6.417149305343627930e-01
8.797916173934936523e-01
7.315605878829956055e-02
2.854818999767303467e-01
4.715196490287780762e-01
8.584764003753662109e-01
8.777145147323608398e-01
7.886067032814025879e-01
3.352522850036621094e-01
3.275033235549926758e-01
3.640210032463073730e-01
4.386644363403320312e-01
7.942993640899658203e-01
5.701605677604675293e-01
4.243637919425964355e-01
4.026597440242767334e-01
5.484022498130798340e-01
4.456905722618103027e-01
8.495983481407165527e-01
9.004010558128356934e-01
9.028338193893432617e-01
3.087872564792633057e-01
8.839675188064575195e-01
2.900869846343994141e-01
6.046472191810607910e-01
2.041223049163818359e-01
9.076019376516342163e-02
1.956019699573516846e-01
9.095379114151000977e-01
2.868408262729644775e-01
7.126261591911315918e-01
8.293811678886413574e-01
8.987080305814743042e-02
5.723218321800231934e-01
3.756692111492156982e-01
6.583872437477111816e-01
4.880757033824920654e-01
7.517192959785461426e-01
9.008268713951110840e-01
3.520717620849609375e-01
1.761383414268493652e-01
5.106797218322753906e-01
4.882409274578094482e-01
6.458072066307067871e-01
4.381324350833892822e-01
8.999754190444946289e-01
8.762390613555908203e-01
4.244116246700286865e-01
1.671929061412811279e-01
5.392774939537048340e-01
8.652932643890380859e-01
3.987223505973815918e-01
8.017408251762390137e-01
2.287190556526184082e-01
4.573284685611724854e-01
8.608130216598510742e-01
1.057629063725471497e-01
4.586385786533355713e-01
4.654331505298614502e-01
6.104124337434768677e-02
4.659816026687622070e-01
2.857768237590789795e-01
5.441384911537170410e-01
5.418393015861511230e-01
3.020906746387481689e-01
7.413585782051086426e-01
8.714867234230041504e-01
3.610205352306365967e-01
5.773200988769531250e-01
2.145470306277275085e-02
8.538167476654052734e-01
1.279050707817077637e-01
8.299832344055175781e-01
8.987938165664672852e-01
3.032376170158386230e-01
8.017440438270568848e-01
7.207222580909729004e-01
4.539528787136077881e-01
4.731303155422210693e-01
1.140078753232955933e-01
8.985279202461242676e-01
5.272333621978759766e-01
5.466477870941162109e-01
4.110466837882995605e-01
1.268857866525650024e-01
3.949413821101188660e-02
6.894392967224121094e-01
2.101458311080932617e-01
3.398399949073791504e-01
2.061176300048828125e-01
8.055121898651123047e-01
8.546383380889892578e-01
8.534347414970397949e-01
4.451987743377685547e-01
1.888822577893733978e-02
8.986006975173950195e-01
5.578480958938598633e-01
7.924637198448181152e-01
8.786108493804931641e-01
4.904927909374237061e-01
8.792863488197326660e-01
3.236915171146392822e-01
9.016396403312683105e-01
8.224326968193054199e-01
1.021494120359420776e-01
5.072658658027648926e-01
2.707064747810363770e-01
4.713503643870353699e-02
7.033308744430541992e-01
7.252545952796936035e-01
2.679780125617980957e-02
4.799089729785919189e-01
4.722543060779571533e-01
3.615936338901519775e-01
3.746219873428344727e-01
7.123282551765441895e-01
1.350226998329162598e-01
8.384659886360168457e-01
9.104475378990173340e-01
7.628707289695739746e-01
3.188919425010681152e-01
4.938853383064270020e-01
3.420233428478240967e-01
7.225102186203002930e-01
2.906470596790313721e-01
7.044454216957092285e-01
5.120082497596740723e-01
5.459751486778259277e-01
7.913519740104675293e-01
8.961838483810424805e-01
8.983988761901855469e-01
2.521568834781646729e-01
2.870816886425018311e-01
4.234930574893951416e-01
8.986871242523193359e-01
8.932037353515625000e-01
2.085692435503005981e-01
2.790690064430236816e-01
5.244770646095275879e-01
8.776632547378540039e-01
1.807956546545028687e-01
5.264706611633300781e-01
9.076406359672546387e-01
8.765294551849365234e-01
8.168967366218566895e-01
1.009232848882675171e-01
2.114345431327819824e-01
2.374594286084175110e-02
8.097138404846191406e-01
4.313301146030426025e-01
4.813367426395416260e-01
5.572248101234436035e-01
1.570375114679336548e-01
4.019671082496643066e-01
4.511868581175804138e-02
8.895530700683593750e-01
8.998293876647949219e-01
2.771873772144317627e-01
3.824250996112823486e-01
9.107492566108703613e-01
7.141389250755310059e-01
2.856259644031524658e-01
3.978081643581390381e-01
5.588858723640441895e-01
4.395473897457122803e-01
7.312895655632019043e-01
3.714337348937988281e-01
8.193770647048950195e-01
8.483847379684448242e-01
7.531537413597106934e-01
4.013927578926086426e-01
5.128410831093788147e-02
4.616946727037429810e-02
7.551237940788269043e-01
7.408766150474548340e-01
8.711221814155578613e-01
3.251086771488189697e-01
8.250936269760131836e-01
5.955416560173034668e-01
9.432522952556610107e-02
7.437962889671325684e-01
8.633999228477478027e-01
6.538193225860595703e-01
5.970652103424072266e-01
5.159817337989807129e-01
8.945208191871643066e-01
7.622354030609130859e-01
2.838586270809173584e-01
4.762972295284271240e-01
7.397004365921020508e-01
7.936848998069763184e-01
7.608153820037841797e-01
7.971313595771789551e-01
4.616429507732391357e-01
1.123571693897247314e-01
1.320454776287078857e-01
8.377970457077026367e-01
8.669681549072265625e-01
7.416222691535949707e-01
6.327974796295166016e-01
1.458100229501724243e-01
8.057589828968048096e-02
9.061985015869140625e-01
6.510161608457565308e-02
1.942937225103378296e-01
5.614677071571350098e-01
5.256636738777160645e-01
7.321396470069885254e-01
6.111915409564971924e-02
5.462444424629211426e-01
9.101801514625549316e-01
6.279099583625793457e-01
6.750580072402954102e-01
4.607363045215606689e-02
5.170364379882812500e-01
4.727030396461486816e-01
3.760504722595214844e-01
6.426568627357482910e-01
8.594225645065307617e-01
2.639625668525695801e-01
8.546811938285827637e-01
3.849384188652038574e-01
1.312939524650573730e-01
5.067479610443115234e-01
5.892023816704750061e-02
8.648653030395507812e-01
8.873283863067626953e-01
4.120230376720428467e-01
2.227114886045455933e-01
4.325282275676727295e-01
8.832542300224304199e-01
8.692327737808227539e-01
7.726111412048339844e-01
8.924973011016845703e-01
8.590832352638244629e-02
8.964265584945678711e-01
8.227611184120178223e-01
6.370381116867065430e-01
7.053017616271972656e-01
7.546924352645874023e-01
8.101335167884826660e-01
4.370156824588775635e-01
8.191322684288024902e-01
1.244193017482757568e-01
8.400119543075561523e-01
3.108978271484375000e-01
6.568329334259033203e-01
1.601669192314147949e-01
8.807516098022460938e-01
6.197048425674438477e-01
7.811094820499420166e-02
8.909445405006408691e-01
7.741602063179016113e-01
8.955153822898864746e-01
7.363814711570739746e-01
9.127143621444702148e-01
3.760495483875274658e-01
5.346943140029907227e-01
8.230853676795959473e-01
3.767854273319244385e-01
7.581379413604736328e-01
4.846475422382354736e-01
4.335435330867767334e-01
8.979020714759826660e-01
1.984701864421367645e-02
4.339421987533569336e-01
5.171029567718505859e-01
4.256034493446350098e-01
7.315149903297424316e-02
4.177743792533874512e-01
6.712800264358520508e-01
4.237613677978515625e-01
9.167216420173645020e-01
2.132495939731597900e-01
8.798524141311645508e-01
3.295196592807769775e-01
9.022908806800842285e-01
5.746758580207824707e-01
6.347339153289794922e-01
4.748194217681884766e-01
1.745577007532119751e-01
4.577360451221466064e-01
4.641077220439910889e-01
4.873892292380332947e-02
5.969156026840209961e-01
7.695657014846801758e-01
2.047072350978851318e-01
8.663569092750549316e-01
9.096242189407348633e-01
6.784646958112716675e-02
7.225332260131835938e-01
1.415437012910842896e-01
8.947846889495849609e-01
8.896383047103881836e-01
6.503281742334365845e-02
5.044067502021789551e-01
2.169561758637428284e-02
4.191251099109649658e-01
8.540399074554443359e-01
4.148580506443977356e-02
9.062275886535644531e-01
8.947166204452514648e-01
4.105055928230285645e-01
3.780014514923095703e-01
8.995498418807983398e-01
5.285239219665527344e-01
7.867813706398010254e-01
8.219441771507263184e-01
6.706435978412628174e-02
1.633842736482620239e-01
2.563735842704772949e-01
1.746542900800704956e-01
8.285089135169982910e-01
6.209365129470825195e-01
9.033840894699096680e-01
8.210347294807434082e-01
8.033492565155029297e-01
2.416595965623855591e-01
6.073523759841918945e-01
8.129081130027770996e-01
2.245199829339981079e-01
8.243763446807861328e-01
7.383620738983154297e-01
2.519340813159942627e-01
8.340946435928344727e-01
1.631089746952056885e-01
8.529777526855468750e-01
9.111724495887756348e-01
8.509103655815124512e-01
8.666753768920898438e-01
8.390232324600219727e-01
4.301673769950866699e-01
4.735031425952911377e-01
7.414028048515319824e-01
8.500413298606872559e-01
4.485780000686645508e-01
5.128781795501708984e-01
5.399162173271179199e-01
3.374677523970603943e-02
6.873565316200256348e-01
6.658933162689208984e-01
7.510774135589599609e-01
8.751170039176940918e-01
5.948823317885398865e-02
2.538774609565734863e-01
7.939339280128479004e-01
8.728171586990356445e-01
4.573745727539062500e-01
7.040380835533142090e-01
6.213090419769287109e-01
4.092467725276947021e-01
6.136251688003540039e-01
2.449905872344970703e-01
6.584300100803375244e-02
8.871743679046630859e-01
7.667402923107147217e-02
1.554192602634429932e-01
3.957049548625946045e-01
5.394964814186096191e-01
6.721870303153991699e-01
3.529404848814010620e-02
4.497033357620239258e-01
3.975436985492706299e-01
8.999733924865722656e-01
1.687721014022827148e-01
2.869634628295898438e-01
8.953766822814941406e-01
3.574045300483703613e-01
5.260434150695800781e-01
8.015267848968505859e-01
9.128094315528869629e-01
1.471305936574935913e-01
8.305368423461914062e-01
8.924387097358703613e-01
3.336747288703918457e-01
3.889150321483612061e-01
7.578114867210388184e-01
3.593325018882751465e-01
5.113201141357421875e-01
9.004049301147460938e-01
6.073164939880371094e-01
9.174019694328308105e-01
3.088692761957645416e-02
6.917446255683898926e-01
8.141403794288635254e-01
3.708677291870117188e-01
3.704328089952468872e-02
2.979432046413421631e-01
3.748022615909576416e-01
3.640307486057281494e-01
8.039294481277465820e-01
2.237939834594726562e-02
8.514018058776855469e-01
9.138047695159912109e-01
1.481336802244186401e-01
9.028472304344177246e-01
4.256019592285156250e-01
8.040293455123901367e-01
5.303491353988647461e-01
4.657713323831558228e-02
4.477652609348297119e-01
4.083420634269714355e-01
3.786761164665222168e-01
2.522972226142883301e-01
6.204346418380737305e-01
4.560846984386444092e-01
8.665195107460021973e-01
1.089987233281135559e-01
7.056866884231567383e-01
6.363688707351684570e-01
5.630374327301979065e-02
4.844541251659393311e-01
7.440282106399536133e-01
1.413444876670837402e-01
8.679677248001098633e-01
8.287014961242675781e-01
8.146150708198547363e-01
7.216717600822448730e-01
4.958730936050415039e-01
8.218392729759216309e-01
5.663568973541259766e-01
4.752556383609771729e-01
4.573837220668792725e-01
6.561493277549743652e-01
1.243809983134269714e-01
1.062041074037551880e-01
7.537943720817565918e-01
4.253360927104949951e-01
8.477499485015869141e-01
7.763369083404541016e-01
2.461599707603454590e-01
2.830119431018829346e-01
5.368297547101974487e-02
8.842050433158874512e-01
1.757362782955169678e-01
8.640819042921066284e-02
6.352661252021789551e-01
4.223417341709136963e-01
8.932706117630004883e-01
7.140616774559020996e-01
6.963415741920471191e-01
5.742930769920349121e-01
8.959996700286865234e-01
3.537579625844955444e-02
5.389519333839416504e-01
8.252835869789123535e-01
9.121616929769515991e-02
6.359167695045471191e-01
8.355492949485778809e-01
1.897726058959960938e-01
1.714720129966735840e-01
4.726771116256713867e-01
8.145707249641418457e-01
4.430998265743255615e-01
6.610162258148193359e-01
9.090931415557861328e-01
6.059800460934638977e-02
5.831671953201293945e-01
1.725948154926300049e-01
7.249497175216674805e-01
7.967579364776611328e-01
7.486646771430969238e-01
4.570812880992889404e-01
4.624867737293243408e-01
7.195315361022949219e-01
6.411101222038269043e-01
3.537674844264984131e-01
4.594911634922027588e-02
4.373550117015838623e-01
4.368574321269989014e-01
1.341229975223541260e-01
4.243315383791923523e-02
8.737812042236328125e-01
5.546920299530029297e-01
6.497117280960083008e-01
8.825709223747253418e-01
2.229844778776168823e-01
8.205271959304809570e-01
1.107207983732223511e-01
4.497807025909423828e-01
6.031998991966247559e-01
1.164250075817108154e-01
5.614697337150573730e-01
4.535408318042755127e-01
7.941704988479614258e-01
3.969844579696655273e-01
3.049667477607727051e-01
1.181883271783590317e-02
9.063171744346618652e-01
8.428003787994384766e-01
7.669408917427062988e-01
1.239716485142707825e-01
3.232809156179428101e-02
1.348510384559631348e-01
4.525415003299713135e-01
8.125695586204528809e-01
5.809118151664733887e-01
8.480916023254394531e-01
7.334431409835815430e-01
8.660653233528137207e-01
8.674902319908142090e-01
1.269613951444625854e-01
9.002512693405151367e-01
8.334257602691650391e-01
9.129429459571838379e-01
7.226308584213256836e-01
6.755216717720031738e-01
5.573448538780212402e-01
2.635442316532135010e-01
5.642204284667968750e-01
6.825728416442871094e-01
6.077446341514587402e-01
1.908156089484691620e-02
6.064776778221130371e-01
2.917554080486297607e-01
3.360439836978912354e-01
3.611733615398406982e-01
8.515588045120239258e-01
5.704964399337768555e-01
8.127896189689636230e-01
4.686692655086517334e-01
7.692906260490417480e-02
8.357619643211364746e-01
2.617505788803100586e-01
5.847369432449340820e-01
2.306319028139114380e-01
8.064846992492675781e-01
5.970184504985809326e-02
6.639598608016967773e-01
2.564549148082733154e-01
6.375708580017089844e-01
7.036185264587402344e-02
2.164382189512252808e-01
9.516794234514236450e-02
4.833440482616424561e-01
2.272973805665969849e-01
3.462751805782318115e-01
6.745222806930541992e-01
7.480139285326004028e-02
3.338592648506164551e-01
4.081021249294281006e-01
7.227484583854675293e-01
8.139210343360900879e-01
3.840827941894531250e-01
5.051507353782653809e-01
2.697890438139438629e-02
1.674536913633346558e-01
4.792032837867736816e-01
8.345371484756469727e-01
8.660426139831542969e-01
4.251677393913269043e-01
6.947269439697265625e-01
2.519007325172424316e-01
7.647304534912109375e-01
8.636150956153869629e-01
8.806924819946289062e-01
1.434730291366577148e-01
6.762551665306091309e-01
3.992066085338592529e-01
8.825663924217224121e-01
1.492562144994735718e-01
3.953481614589691162e-01
3.651183247566223145e-01
8.391622900962829590e-01
8.223537802696228027e-01
5.398973226547241211e-01
7.852369546890258789e-01
6.921355128288269043e-01
8.789159655570983887e-01
2.194232493638992310e-01
8.015934228897094727e-01
3.771076202392578125e-01
5.388062000274658203e-01
1.567565053701400757e-01
2.151361554861068726e-01
8.807703256607055664e-01
3.810971677303314209e-01
1.549799144268035889e-01
1.267445385456085205e-01
5.406005382537841797e-01
7.264437675476074219e-01
3.643328547477722168e-01
1.776097565889358521e-01
4.659442007541656494e-01
9.021545052528381348e-01
8.558840155601501465e-01
3.828374147415161133e-01
8.904503583908081055e-01
9.143522977828979492e-01
2.666217461228370667e-02
3.954863250255584717e-01
8.581179976463317871e-01
4.468073546886444092e-01
5.149254202842712402e-01
1.041675731539726257e-01
2.444359362125396729e-01
9.098373055458068848e-01
8.789441585540771484e-01
3.558509349822998047e-01
5.347365736961364746e-01
5.484558343887329102e-01
8.881498575210571289e-01
9.155368208885192871e-01
9.114072918891906738e-01
7.066953778266906738e-01
1.570815742015838623e-01
3.956740796566009521e-01
3.115566670894622803e-01
2.495528757572174072e-01
7.333922386169433594e-01
3.866924047470092773e-01
7.786328196525573730e-01
9.094201922416687012e-01
4.169211164116859436e-02
5.099122524261474609e-01
6.466658115386962891e-01
3.245702385902404785e-01
8.606249094009399414e-01
4.034552574157714844e-01
9.147650599479675293e-01
5.288384556770324707e-01
4.665052592754364014e-01
3.373365104198455811e-01
5.965957641601562500e-01
8.782470226287841797e-01
6.037252545356750488e-01
3.756376504898071289e-01
8.161178231239318848e-01
6.626177430152893066e-01
6.470795869827270508e-01
8.130544424057006836e-01
7.837239503860473633e-01
1.708285361528396606e-01
5.529972910881042480e-01
1.920737139880657196e-02
5.420007109642028809e-01
5.557495951652526855e-01
8.113439083099365234e-01
3.053047955036163330e-01
8.972168564796447754e-01
6.057469844818115234e-01
4.471388757228851318e-01
5.750535726547241211e-01
8.228917717933654785e-01
9.076729416847229004e-01
8.560976386070251465e-01
5.741937756538391113e-01
8.020378947257995605e-01
8.596235513687133789e-01
6.802452802658081055e-01
4.039587378501892090e-01
8.872993588447570801e-01
1.636334508657455444e-01
8.573304861783981323e-02
7.344316840171813965e-01
5.039505958557128906e-01
8.932694792747497559e-01
8.532618880271911621e-01
9.064915776252746582e-01
1.336473077535629272e-01
2.667542397975921631e-01
3.150172531604766846e-01
8.809260725975036621e-01
7.075864076614379883e-01
3.975111842155456543e-01
8.248704075813293457e-01
8.816403746604919434e-01
8.416957855224609375e-01
1.089304015040397644e-01
3.426586687564849854e-01
7.840186953544616699e-01
6.658886075019836426e-01
3.348773345351219177e-02
1.323712021112442017e-01
2.834969162940979004e-01
2.353366613388061523e-01
1.256752014160156250e-01
6.776546835899353027e-01
8.717359900474548340e-01
5.702184438705444336e-01
3.444018959999084473e-01
8.792863488197326660e-01
6.278964281082153320e-01
9.092171192169189453e-01
2.812231183052062988e-01
3.717430531978607178e-01
8.983935713768005371e-01
9.021127223968505859e-01
8.473913073539733887e-01
7.709994912147521973e-01
1.538085043430328369e-01
4.474869370460510254e-01
3.709193170070648193e-01
2.981878221035003662e-01
2.026775479316711426e-01
8.872063755989074707e-01
6.146068572998046875e-01
7.470707297325134277e-01
5.782319903373718262e-01
9.033123850822448730e-01
2.637485265731811523e-01
4.573745727539062500e-01
7.938368916511535645e-01
8.971740603446960449e-01
3.366250693798065186e-01
5.220455527305603027e-01
2.205626517534255981e-01
4.648384153842926025e-01
9.099525809288024902e-01
9.018092751502990723e-01
5.019007995724678040e-02
7.615162134170532227e-01
2.564834058284759521e-01
8.809981346130371094e-01
6.106257438659667969e-01
6.875389814376831055e-02
1.326566636562347412e-01
8.203752040863037109e-01
1.213556006550788879e-01
1.087814792990684509e-01
4.358551800251007080e-01
6.988310813903808594e-01
2.492330372333526611e-01
6.040812134742736816e-01
8.846911787986755371e-01
1.245139613747596741e-01
7.697235345840454102e-01
9.085512161254882812e-02
8.725723028182983398e-01
3.862481415271759033e-01
7.693091630935668945e-01
7.178472280502319336e-01
5.883253812789916992e-01
7.193890810012817383e-01
9.156902432441711426e-01
8.437656164169311523e-01
4.926497936248779297e-01
7.916626930236816406e-01
9.236609190702438354e-02
6.019533872604370117e-01
8.416333794593811035e-01
2.950884997844696045e-01
7.238311171531677246e-01
3.935500085353851318e-01
8.907195329666137695e-01
8.092474937438964844e-01
3.042788617312908173e-02
4.265072941780090332e-01
8.456908464431762695e-01
6.232253909111022949e-01
7.845972180366516113e-01
4.355438649654388428e-01
1.763882637023925781e-01
8.874743580818176270e-01
8.467622995376586914e-01
8.144137263298034668e-01
6.869052648544311523e-01
5.348140001296997070e-01
8.841165900230407715e-01
8.428003787994384766e-01
3.785490095615386963e-01
5.751788020133972168e-01
8.549781441688537598e-01
1.141897067427635193e-01
5.393616557121276855e-01
4.414283633232116699e-01
8.540266752243041992e-01
8.461031317710876465e-01
8.655141592025756836e-01
8.908441662788391113e-01
7.011338472366333008e-01
8.790267109870910645e-01
5.868166685104370117e-01
3.062679469585418701e-01
3.182138875126838684e-02
2.093213796615600586e-01
7.950978875160217285e-01
8.902969956398010254e-01
8.151817321777343750e-01
6.476849317550659180e-02
8.458607792854309082e-01
5.763352513313293457e-01
8.299522399902343750e-01
3.295598328113555908e-01
8.622540235519409180e-01
7.562353610992431641e-01
8.545749783515930176e-01
5.574134588241577148e-01
3.179281353950500488e-01
5.344715714454650879e-01
5.023879408836364746e-01
7.445236444473266602e-01
9.097468256950378418e-01
8.169716596603393555e-01
3.060859441757202148e-01
3.238480389118194580e-01
8.745082020759582520e-01
8.047130703926086426e-01
4.401378333568572998e-01
8.993110656738281250e-01
3.399541079998016357e-01
8.335988521575927734e-01
8.584201335906982422e-01
3.268462121486663818e-01
5.276250243186950684e-01
9.004010558128356934e-01
6.070605516433715820e-01
4.232532978057861328e-01
3.959864974021911621e-01
2.173521369695663452e-02
5.176875591278076172e-01
9.124396443367004395e-01
7.331582903861999512e-01
3.878389000892639160e-01
5.332889407873153687e-02
7.585145831108093262e-01
4.379897713661193848e-01
2.117860019207000732e-01
3.806249201297760010e-01
7.046504020690917969e-01
5.356489419937133789e-01
7.913290858268737793e-01
8.314204216003417969e-01
8.181203007698059082e-01
3.270214498043060303e-01
4.599987864494323730e-01
7.404221892356872559e-01
5.103787183761596680e-01
8.717265725135803223e-01
6.668530106544494629e-01
5.109417438507080078e-01
7.824991643428802490e-02
8.319304585456848145e-01
8.635175824165344238e-01
4.471076130867004395e-01
7.609601616859436035e-01
5.845687389373779297e-01
2.130848020315170288e-01
5.208016633987426758e-01
9.120022654533386230e-01
8.668448328971862793e-01
8.810617327690124512e-01
1.883587986230850220e-01
8.229171037673950195e-01
7.065011262893676758e-01
3.797689676284790039e-01
1.420299261808395386e-01
6.137564182281494141e-01
3.209728375077247620e-02
3.716848790645599365e-02
8.813505172729492188e-01
4.804830849170684814e-01
8.589721918106079102e-01
1.216958090662956238e-01
8.526059389114379883e-01
8.350230455398559570e-01
5.655909776687622070e-01
7.411693930625915527e-01
1.627529971301555634e-02
8.771991133689880371e-01
4.014068841934204102e-02
1.114742681384086609e-01
6.233777999877929688e-01
4.524723887443542480e-01
5.114709734916687012e-01
8.510946631431579590e-01
8.709478974342346191e-01
7.064235806465148926e-01
4.702003896236419678e-01
7.185269892215728760e-02
1.826801002025604248e-01
1.763097643852233887e-01
7.114588618278503418e-01
8.764837980270385742e-01
2.111728638410568237e-01
5.296363830566406250e-01
2.213165909051895142e-02
9.032439589500427246e-01
5.725880265235900879e-01
3.285795450210571289e-01
8.497062921524047852e-01
3.091775812208652496e-02
3.141081333160400391e-01
9.045442938804626465e-01
8.838997483253479004e-01
4.138200879096984863e-01
8.179279565811157227e-01
6.090294122695922852e-01
5.486153960227966309e-01
7.503186464309692383e-01
8.188869357109069824e-01
3.853316903114318848e-01
8.634129762649536133e-01
3.056834824383258820e-02
5.482162833213806152e-01
2.145065516233444214e-01
9.079145193099975586e-01
1.225330382585525513e-01
1.433267444372177124e-01
8.166400343179702759e-02
2.871211469173431396e-01
4.453410506248474121e-01
5.192701816558837891e-01
3.609900474548339844e-01
3.538806736469268799e-01
7.503647208213806152e-01
7.637484073638916016e-01
2.376955300569534302e-01
8.582912087440490723e-01
9.154590964317321777e-01
9.074106812477111816e-01
5.830376595258712769e-02
4.514224082231521606e-02
4.049264490604400635e-01
9.121144413948059082e-01
5.219501256942749023e-01
2.749951556324958801e-02
8.476073741912841797e-01
8.933309316635131836e-01
6.599612832069396973e-01
8.671945333480834961e-01
4.413401186466217041e-01
4.301801323890686035e-02
5.215431451797485352e-01
4.056032896041870117e-01
8.121546506881713867e-01
6.372500658035278320e-01
9.059411883354187012e-01
2.774510532617568970e-02
4.220862090587615967e-01
8.035053610801696777e-01
7.117813229560852051e-01
1.932922452688217163e-01
7.894467711448669434e-01
9.790264815092086792e-02
4.775287508964538574e-01
8.760508894920349121e-01
8.991567492485046387e-01
5.274452567100524902e-01
1.619090884923934937e-01
8.400522470474243164e-01
7.207363843917846680e-01
9.171000719070434570e-01
5.991740822792053223e-01
1.264314800500869751e-01
1.944514214992523193e-01
1.985436379909515381e-01
4.117802679538726807e-01
4.372400939464569092e-01
3.659490644931793213e-01
1.950598508119583130e-01
8.812611103057861328e-01
2.047438025474548340e-01
5.371297597885131836e-01
2.804715335369110107e-01
2.927301824092864990e-01
6.913060545921325684e-01
9.101800322532653809e-01
7.601789236068725586e-01
6.717484593391418457e-01
2.090672552585601807e-01
7.908854484558105469e-01
1.521552503108978271e-01
2.775191366672515869e-01
1.760765761137008667e-01
2.665170133113861084e-01
7.971038818359375000e-01
8.645442724227905273e-01
5.156639218330383301e-01
7.818166613578796387e-01
8.309198021888732910e-01
4.244534671306610107e-01
4.021436870098114014e-01
8.848421573638916016e-01
1.189736723899841309e-01
5.052735805511474609e-01
9.090042114257812500e-01
9.086896777153015137e-01
7.359305620193481445e-01
1.133490055799484253e-01
2.893026545643806458e-02
2.080435752868652344e-01
2.280571870505809784e-02
6.914863586425781250e-01
6.273008584976196289e-01
3.082030415534973145e-01
6.253332644701004028e-02
8.191268891096115112e-02
5.873690843582153320e-01
2.172894328832626343e-01
8.847112059593200684e-01
6.487813591957092285e-01
3.933643400669097900e-01
2.244647294282913208e-01
7.861145734786987305e-01
5.407199263572692871e-01
2.709726393222808838e-01
1.808062195777893066e-02
4.956746473908424377e-02
9.046820402145385742e-01
5.824677944183349609e-01
8.570389151573181152e-01
4.017372429370880127e-01
8.253408074378967285e-01
8.661216497421264648e-01
8.736730813980102539e-01
2.813368439674377441e-01
9.117585420608520508e-01
5.388951301574707031e-01
5.209864974021911621e-01
2.791713774204254150e-01
8.869737982749938965e-01
3.761430978775024414e-01
7.189285755157470703e-01
9.120917320251464844e-01
1.043579727411270142e-01
5.034197568893432617e-01
2.612047195434570312e-01
5.136366486549377441e-01
5.350632071495056152e-01
5.564968287944793701e-02
8.720931410789489746e-01
2.756791412830352783e-01
1.565492302179336548e-01
7.325727939605712891e-01
8.707247972488403320e-01
6.037136912345886230e-01
7.413329482078552246e-01
2.562275826930999756e-01
4.309024810791015625e-01
3.132118284702301025e-01
8.626580834388732910e-01
6.239683628082275391e-01
5.125648975372314453e-01
8.583150506019592285e-01
2.749561667442321777e-01
7.954890727996826172e-01
8.440223336219787598e-01
2.671939730644226074e-01
8.734884858131408691e-01
7.676351666450500488e-01
2.196828648447990417e-02
4.526505172252655029e-01
6.936139464378356934e-01
2.874966561794281006e-01
9.520062804222106934e-02
9.020047187805175781e-01
3.962791264057159424e-01
3.899921476840972900e-01
3.217438161373138428e-01
4.471538960933685303e-01
7.541970610618591309e-01
8.712683320045471191e-01
7.604960799217224121e-01
4.533140957355499268e-01
1.562057901173830032e-02
4.615926444530487061e-01
4.213230609893798828e-01
8.906601667404174805e-01
1.020755097270011902e-01
1.337331533432006836e-01
4.932128190994262695e-01
1.567965000867843628e-01
8.109775781631469727e-01
2.623977065086364746e-01
4.853325486183166504e-01
8.953539729118347168e-01
1.314150989055633545e-01
8.793140947818756104e-02
6.813229918479919434e-01
8.216182589530944824e-01
1.278549134731292725e-01
1.543517112731933594e-01
2.854818999767303467e-01
8.869062662124633789e-01
3.855647146701812744e-01
4.837983250617980957e-01
8.174635171890258789e-01
2.807050943374633789e-01
1.516240686178207397e-01
4.157484471797943115e-01
7.815363407135009766e-01
2.171924561262130737e-01
2.888008020818233490e-02
4.666537940502166748e-01
3.734390735626220703e-01
1.635088175535202026e-01
8.573507666587829590e-01
1.196397319436073303e-01
8.920440077781677246e-01
7.599567770957946777e-01
2.290426492691040039e-01
6.066064834594726562e-01
3.248063027858734131e-01
6.383974552154541016e-01
7.409791946411132812e-01
6.025445461273193359e-01
1.731793284416198730e-01
8.945125341415405273e-01
5.201522111892700195e-01
6.585704535245895386e-02
3.112003207206726074e-01
7.419077157974243164e-01
8.459004759788513184e-01
2.502554059028625488e-01
3.709896504878997803e-01
5.614652633666992188e-01
4.603649973869323730e-01
5.512648224830627441e-01
5.895740985870361328e-01
3.736766278743743896e-01
1.266187727451324463e-01
6.080915927886962891e-01
8.059136867523193359e-01
1.133802086114883423e-01
9.032427668571472168e-01
9.127401709556579590e-01
7.925014495849609375e-01
8.566579818725585938e-01
8.869458436965942383e-01
7.721133232116699219e-01
7.941226363182067871e-01
5.120403170585632324e-01
5.155860781669616699e-01
4.027359485626220703e-01
4.368747174739837646e-01
3.212918937206268311e-01
8.624663352966308594e-01
9.317699819803237915e-02
6.046726703643798828e-01
6.222037672996520996e-01
9.015475511550903320e-01
8.361252546310424805e-01
7.080148458480834961e-01
3.989647924900054932e-01
7.705368399620056152e-01
8.218783140182495117e-01
8.397405743598937988e-01
1.152487993240356445e-01
8.485016226768493652e-01
2.186437398195266724e-01
7.830058336257934570e-01
5.368524789810180664e-01
7.685450911521911621e-01
5.910407900810241699e-01
3.510514199733734131e-01
2.077642977237701416e-01
4.903776049613952637e-01
2.539643049240112305e-01
7.283799648284912109e-01
7.085722684860229492e-02
5.678805708885192871e-01
7.995753288269042969e-01
2.918678224086761475e-01
5.983143448829650879e-01
4.604718983173370361e-01
5.197301134467124939e-02
8.892948627471923828e-01
8.755082488059997559e-01
1.049410924315452576e-01
1.937512606382369995e-01
8.499308228492736816e-01
7.709167599678039551e-01
2.983525991439819336e-01
6.545841693878173828e-02
5.271407961845397949e-01
4.054925739765167236e-01
7.277189195156097412e-02
3.571875393390655518e-01
7.436245679855346680e-01
8.418047428131103516e-01
8.390178680419921875e-01
4.033499956130981445e-01
6.052920818328857422e-01
2.342664077877998352e-02
7.164649367332458496e-01
3.959701061248779297e-01
5.688130259513854980e-01
6.209022402763366699e-01
8.401888608932495117e-01
7.466359734535217285e-01
8.169198036193847656e-01
4.643627405166625977e-01
3.936686515808105469e-01
8.536998033523559570e-01
8.166311383247375488e-01
6.203676462173461914e-01
3.745878636837005615e-01
4.096495211124420166e-01
2.401283085346221924e-01
2.522932589054107666e-01
7.347930967807769775e-02
1.869292408227920532e-01
6.231350302696228027e-01
7.182290554046630859e-01
6.750341653823852539e-01
6.204524263739585876e-02
2.184456139802932739e-01
8.934072256088256836e-01
1.725608110427856445e-01
7.462182044982910156e-01
4.799074828624725342e-01
4.047837555408477783e-01
2.250448018312454224e-01
8.515970110893249512e-01
1.387687623500823975e-01
2.308968454599380493e-01
8.772022724151611328e-01
6.089783310890197754e-01
2.184617817401885986e-01
4.729276001453399658e-01
4.350407123565673828e-01
9.109640717506408691e-01
3.884344100952148438e-01
8.714120388031005859e-01
9.082857370376586914e-01
1.643982976675033569e-01
4.572287797927856445e-01
5.870363116264343262e-01
8.810798525810241699e-01
5.173214077949523926e-01
8.322564363479614258e-01
7.402781248092651367e-01
8.463043570518493652e-01
2.791275084018707275e-01
5.336028337478637695e-01
7.739798426628112793e-01
1.045070588588714600e-01
2.914386689662933350e-01
6.271927952766418457e-01
8.733618855476379395e-01
8.660519719123840332e-01
3.053870499134063721e-01
8.996409177780151367e-01
4.597704410552978516e-01
3.795931488275527954e-02
8.680472373962402344e-01
5.147569179534912109e-01
5.237541198730468750e-01
9.065845608711242676e-01
4.229713380336761475e-01
3.049278855323791504e-01
7.260241508483886719e-01
4.056660830974578857e-01
9.523331373929977417e-02
4.721124768257141113e-01
7.339492440223693848e-01
6.329690217971801758e-01
7.984971404075622559e-01
9.374409914016723633e-02
8.600232005119323730e-01
2.170427739620208740e-01
4.039967656135559082e-01
4.761353507637977600e-02
5.029438734054565430e-01
5.245084762573242188e-01
3.940005004405975342e-01
3.450251221656799316e-01
1.535998433828353882e-01
2.410135567188262939e-01
4.971812963485717773e-01
1.726980805397033691e-01
6.821335554122924805e-01
8.872877359390258789e-01
4.664033651351928711e-01
5.325884819030761719e-01
8.357419967651367188e-01
8.614654541015625000e-01
7.993620634078979492e-01
8.299657106399536133e-01
4.589187353849411011e-02
6.267654895782470703e-01
2.208401560783386230e-01
8.308504223823547363e-01
7.439053654670715332e-01
6.021887063980102539e-01
4.487117379903793335e-02
2.398464977741241455e-01
4.652639329433441162e-01
4.950004220008850098e-01
7.069409489631652832e-01
8.803000450134277344e-01
5.108176469802856445e-01
5.162006020545959473e-01
9.119685888290405273e-01
2.545958012342453003e-02
8.980176448822021484e-01
7.691181898117065430e-01
1.566275507211685181e-01
4.782143235206604004e-01
5.090405344963073730e-01
7.564692497253417969e-01
1.257954388856887817e-01
4.979117512702941895e-01
5.283247828483581543e-01
8.921437263488769531e-01
5.812914371490478516e-01
2.433334663510322571e-02
8.825799226760864258e-01
8.243289589881896973e-01
5.698736310005187988e-01
7.041603922843933105e-01
7.649071812629699707e-01
5.367285609245300293e-01
7.539586722850799561e-02
4.046816825866699219e-01
5.496075004339218140e-02
7.925073504447937012e-01
4.417817667126655579e-02
7.399396598339080811e-02
7.093919515609741211e-01
8.805900216102600098e-01
6.644645929336547852e-01
5.578112006187438965e-01
7.890521287918090820e-01
4.629279375076293945e-01
5.595701336860656738e-01
9.132175445556640625e-01
7.707208395004272461e-01
2.528363764286041260e-01
9.740410000085830688e-02
8.885030746459960938e-01
8.773313164710998535e-01
4.540221691131591797e-01
8.217710256576538086e-01
5.581910014152526855e-01
3.741445541381835938e-01
3.611989021301269531e-01
6.358769536018371582e-01
5.087330341339111328e-01
6.900489926338195801e-01
6.339704990386962891e-01
8.270121812820434570e-01
7.083479166030883789e-01
9.048351049423217773e-01
5.389171242713928223e-01
5.656143426895141602e-01
6.534385085105895996e-01
3.727489709854125977e-01
9.045191407203674316e-01
8.591921925544738770e-01
3.327380865812301636e-02
5.065643191337585449e-01
7.705495953559875488e-01
3.918507397174835205e-01
8.932684659957885742e-01
9.158587455749511719e-02
7.508872747421264648e-01
8.957393765449523926e-01
2.376749515533447266e-01
8.562515974044799805e-01
7.853462696075439453e-01
8.024570345878601074e-01
8.196647167205810547e-01
3.530271723866462708e-02
4.911204278469085693e-01
2.131190337240695953e-02
6.420625001192092896e-02
7.911436557769775391e-01
1.721332818269729614e-01
5.596089959144592285e-01
3.496126234531402588e-01
1.655969619750976562e-01
8.601415753364562988e-01
7.727149128913879395e-01
8.570982813835144043e-01
3.578588664531707764e-01
8.128920793533325195e-01
2.597869634628295898e-01
7.849771380424499512e-01
1.048077195882797241e-01
6.302775144577026367e-01
2.334010601043701172e-02
8.750287294387817383e-01
8.250936269760131836e-01
3.990958333015441895e-01
3.245321810245513916e-01
1.353877931833267212e-01
8.886440396308898926e-01
3.296926021575927734e-01
8.964956998825073242e-01
2.801109552383422852e-01
8.916660547256469727e-01
7.957143187522888184e-01
2.743730545043945312e-01
7.351519465446472168e-01
3.426762521266937256e-01
8.662989139556884766e-01
8.726558685302734375e-01
7.771141529083251953e-01
5.445498228073120117e-01
8.768555521965026855e-01
9.760344028472900391e-02
8.880493044853210449e-01
8.898907899856567383e-01
4.458700120449066162e-01
2.703464329242706299e-01
1.337501704692840576e-01
8.639131784439086914e-01
8.454013466835021973e-01
7.847968339920043945e-01
5.732774734497070312e-01
5.344215035438537598e-01
1.431314200162887573e-01
2.359107285737991333e-01
8.409607410430908203e-02
8.981001377105712891e-01
2.826389968395233154e-01
8.715625405311584473e-01
3.060671985149383545e-01
7.171154022216796875e-01
2.701140046119689941e-01
4.654396176338195801e-01
2.592593133449554443e-01
3.622032403945922852e-01
8.989295363426208496e-01
8.419330716133117676e-01
1.127398014068603516e-01
8.325065970420837402e-01
8.590193986892700195e-01
6.366385221481323242e-01
4.729288816452026367e-01
5.919441580772399902e-01
1.476631313562393188e-01
1.473094671964645386e-01
5.748804807662963867e-01
1.381892859935760498e-01
7.387344241142272949e-01
9.056864380836486816e-01
9.134441614151000977e-01
7.856928706169128418e-01
8.824526071548461914e-01
3.003443181514739990e-01
9.055014252662658691e-01
7.978792190551757812e-01
7.897557020187377930e-01
5.516778826713562012e-01
7.933169603347778320e-01
8.929765820503234863e-01
8.416591286659240723e-01
8.868906497955322266e-01
2.238947153091430664e-01
4.657982885837554932e-01
5.756654143333435059e-01
1.429127156734466553e-01
5.792481824755668640e-02
7.644526958465576172e-01
6.708669066429138184e-01
2.938969135284423828e-01
5.258697271347045898e-01
7.429037094116210938e-01
8.704843521118164062e-01
7.195941209793090820e-01
6.920908689498901367e-01
4.991473853588104248e-01
8.718140721321105957e-01
5.350369215011596680e-01
6.893624663352966309e-01
7.275276184082031250e-01
4.867489337921142578e-01
4.304727613925933838e-01
8.073790669441223145e-01
9.078157544136047363e-01
5.058755353093147278e-02
2.498819231986999512e-01
2.239011079072952271e-01
3.024995625019073486e-01
5.471351742744445801e-01
6.592661142349243164e-01
8.252062797546386719e-01
7.916191220283508301e-01
7.124533057212829590e-01
9.125549793243408203e-01
2.798481881618499756e-01
7.152291536331176758e-01
4.004721343517303467e-01
8.860270380973815918e-01
3.092923462390899658e-01
5.205234885215759277e-01
8.665708899497985840e-01
9.889838844537734985e-02
2.063049003481864929e-02
2.469435781240463257e-01
3.417155444622039795e-01
6.904211044311523438e-01
2.648659348487854004e-01
8.397052288055419922e-01
8.118346333503723145e-01
3.045703768730163574e-01
2.242146283388137817e-01
2.155025601387023926e-01
7.085692286491394043e-01
9.159637689590454102e-01
8.703387528657913208e-02
8.110274672508239746e-01
2.966553345322608948e-02
5.556777864694595337e-02
1.987001001834869385e-01
2.549863234162330627e-02
1.579673029482364655e-02
2.088352888822555542e-01
7.847867012023925781e-01
2.405773848295211792e-01
6.859059333801269531e-01
7.466607689857482910e-01
8.130607008934020996e-01
8.547617793083190918e-01
3.247836232185363770e-01
8.818074464797973633e-01
7.544374465942382812e-02
1.267502158880233765e-01
9.149788022041320801e-01
3.675916790962219238e-01
5.433983206748962402e-01
9.047119021415710449e-01
4.282315969467163086e-01
1.605172157287597656e-01
2.957536280155181885e-01
4.497957527637481689e-01
3.226441144943237305e-01
6.984912157058715820e-01
7.869445085525512695e-01
1.894809752702713013e-01
1.677925884723663330e-02
8.615065217018127441e-01
6.208299994468688965e-01
8.287615776062011719e-01
1.152353733777999878e-01
2.412175945937633514e-02
4.206233024597167969e-01
2.916690111160278320e-01
1.315020173788070679e-01
3.912104368209838867e-01
6.900223493576049805e-01
5.202289819717407227e-01
8.726324439048767090e-01
5.430167317390441895e-01
4.031019508838653564e-01
9.003691673278808594e-01
9.096986651420593262e-01
3.569251000881195068e-01
1.058505848050117493e-01
1.469250619411468506e-01
7.852237820625305176e-01
3.623382151126861572e-01
8.849816322326660156e-01
2.490464001893997192e-01
3.010046295821666718e-02
4.656066372990608215e-02
8.274731040000915527e-01
8.824198842048645020e-01
3.772734105587005615e-01
4.843184053897857666e-01
2.880753576755523682e-02
9.094070792198181152e-01
7.100240886211395264e-02
3.070023059844970703e-01
9.051411151885986328e-01
5.034795403480529785e-01
4.189365506172180176e-01
8.875219225883483887e-01
4.451525211334228516e-01
8.306460380554199219e-01
9.093047380447387695e-01
3.541571199893951416e-01
7.454648613929748535e-01
4.117025732994079590e-01
1.245134100317955017e-01
5.047073364257812500e-01
3.194570839405059814e-01
8.418751358985900879e-01
5.040248036384582520e-01
1.400327384471893311e-01
3.894719108939170837e-02
6.769903898239135742e-01
1.173757761716842651e-01
5.608192086219787598e-01
5.032402276992797852e-01
6.486110091209411621e-01
8.472198247909545898e-01
4.363979101181030273e-01
1.390258967876434326e-01
4.078524410724639893e-01
7.128386497497558594e-01
8.772174119949340820e-01
3.309234976768493652e-01
9.136195182800292969e-01
6.821489930152893066e-01
8.540256619453430176e-01
1.245227828621864319e-01
7.046362757682800293e-01
4.327536225318908691e-01
8.623780012130737305e-01
4.293749928474426270e-01
8.701135516166687012e-01
8.887692093849182129e-01
5.339764952659606934e-01
7.069085836410522461e-01
4.271361604332923889e-02
8.160014748573303223e-01
4.091093838214874268e-01
2.789812982082366943e-01
4.500003755092620850e-01
7.125569134950637817e-02
2.485944181680679321e-01
2.459157407283782959e-01
1.804673112928867340e-02
2.604461312294006348e-01
6.973095536231994629e-01
4.327682256698608398e-01
8.061770200729370117e-01
6.584361940622329712e-02
8.052822351455688477e-01
2.389979958534240723e-01
7.169011831283569336e-01
4.744622409343719482e-01
4.442090094089508057e-01
2.304604351520538330e-01
9.123730659484863281e-01
8.958851695060729980e-01
4.096806794404983521e-02
4.872848689556121826e-01
8.825799226760864258e-01
8.648808300495147705e-02
1.344395130872726440e-01
4.943473637104034424e-01
4.842945337295532227e-01
6.243246197700500488e-01
4.404260516166687012e-01
8.501576781272888184e-01
4.918282628059387207e-01
9.030408859252929688e-01
8.658362030982971191e-01
4.074224531650543213e-01
2.581831812858581543e-01
5.304690003395080566e-01
2.127061784267425537e-02
7.242278456687927246e-01
7.927305251359939575e-02
5.494554042816162109e-01
8.750681281089782715e-01
1.099087670445442200e-01
5.615230798721313477e-01
6.271445155143737793e-01
5.585855841636657715e-01
5.803923308849334717e-02
1.888334006071090698e-01
4.523039758205413818e-01
8.572472929954528809e-01
2.032187022268772125e-02
3.118579685688018799e-01
9.128910899162292480e-01
1.093250587582588196e-01
8.552257418632507324e-01
3.956646323204040527e-01
9.045191407203674316e-01
8.784598112106323242e-01
6.913670897483825684e-02
6.908186078071594238e-01
5.366324260830879211e-02
8.399087786674499512e-01
1.157197281718254089e-01
1.710486710071563721e-01
4.468345046043395996e-01
7.162710428237915039e-01
6.630561500787734985e-02
2.505781054496765137e-01
2.268649637699127197e-01
4.351202398538589478e-02
2.368150800466537476e-01
8.618885874748229980e-01
8.591762781143188477e-01
5.503435134887695312e-01
3.939967155456542969e-01
4.080748558044433594e-01
4.297089576721191406e-01
5.945612192153930664e-01
4.163986742496490479e-01
5.828897655010223389e-02
8.217056393623352051e-01
5.283718109130859375e-01
6.278331279754638672e-01
6.093349456787109375e-01
6.275664269924163818e-02
2.902103960514068604e-02
6.678168773651123047e-01
6.254785656929016113e-01
5.149503946304321289e-01
4.366089105606079102e-01
6.077872514724731445e-01
3.588474690914154053e-01
8.891802430152893066e-01
4.407829046249389648e-01
6.915401816368103027e-01
9.142743349075317383e-01
5.986772179603576660e-01
1.218735650181770325e-01
3.761042356491088867e-01
7.877047061920166016e-01
3.611263334751129150e-01
4.114475846290588379e-01
7.039617747068405151e-02
6.870843172073364258e-01
4.091611802577972412e-01
9.095055460929870605e-01
6.131311655044555664e-01
4.009078443050384521e-01
6.094982475042343140e-02
8.541729450225830078e-01
3.563630580902099609e-01
8.158568143844604492e-01
6.613578796386718750e-01
6.126969456672668457e-01
8.432306051254272461e-01
6.050514057278633118e-02
7.443262338638305664e-01
2.885209023952484131e-02
6.769589185714721680e-01
3.284295201301574707e-01
1.077841445803642273e-01
8.586352467536926270e-01
4.094443023204803467e-01
7.351057529449462891e-01
9.020773172378540039e-01
4.630780518054962158e-01
6.468566656112670898e-01
8.002591729164123535e-01
8.408990502357482910e-01
4.998231530189514160e-01
7.899310588836669922e-01
1.008493900299072266e-01
3.225214779376983643e-01
1.809039860963821411e-01
1.716227531433105469e-01
8.095781803131103516e-01
1.142986789345741272e-01
7.948084473609924316e-01
8.619034290313720703e-02
1.567979529500007629e-02
2.798343002796173096e-01
7.095826268196105957e-01
4.321545735001564026e-02
2.140288949012756348e-01
5.995289683341979980e-01
1.773844063282012939e-01
6.872113943099975586e-01
8.586888909339904785e-01
6.629050374031066895e-01
1.908773928880691528e-01
4.942812770605087280e-02
8.639680743217468262e-01
9.094201922416687012e-01
8.521204590797424316e-01
7.466607689857482910e-01
7.505023479461669922e-01
5.883432030677795410e-01
7.037010192871093750e-01
7.519632577896118164e-01
7.659743428230285645e-01
5.213785171508789062e-02
6.570909023284912109e-01
4.250727295875549316e-01
4.081904590129852295e-01
6.712832450866699219e-01
7.472160458564758301e-01
8.790854811668395996e-01
4.494752585887908936e-01
5.268444418907165527e-01
2.170534133911132812e-01
8.887596726417541504e-01
5.708501935005187988e-01
4.969712197780609131e-01
8.996055126190185547e-01
6.650516986846923828e-01
6.044136881828308105e-01
8.187173008918762207e-01
1.133264973759651184e-01
4.452704191207885742e-01
8.093765974044799805e-01
5.750606060028076172e-01
4.180056750774383545e-01
3.457071259617805481e-02
4.662043154239654541e-01
3.952046856284141541e-02
8.767377138137817383e-01
8.545509576797485352e-01
6.572689116001129150e-02
7.753055691719055176e-01
2.751320004463195801e-01
1.862446963787078857e-01
4.613241851329803467e-01
5.756685733795166016e-01
9.096948504447937012e-01
9.097400903701782227e-01
4.646624922752380371e-01
6.353337168693542480e-01
7.108276486396789551e-01
7.512990236282348633e-01
1.836025863885879517e-01
4.900492429733276367e-01
5.078766345977783203e-01
3.334630429744720459e-01
1.941644698381423950e-01
3.665553629398345947e-01
2.810794711112976074e-01
4.826200306415557861e-01
5.493280291557312012e-01
7.766677141189575195e-01
8.955308794975280762e-01
8.852809667587280273e-01
3.137378692626953125e-01
4.305574595928192139e-01
7.938171625137329102e-01
7.529226541519165039e-01
4.581904709339141846e-01
8.135196566581726074e-01
6.535686850547790527e-01
2.035755217075347900e-01
7.588794827461242676e-01
2.392479181289672852e-01
7.508872747421264648e-01
5.798316597938537598e-01
5.205234885215759277e-01
6.354725956916809082e-01
6.807148456573486328e-01
8.702684640884399414e-01
1.632344573736190796e-01
8.817937374114990234e-01
4.129498600959777832e-01
2.531962692737579346e-01
4.435677453875541687e-02
9.139905571937561035e-01
9.035508632659912109e-01
6.092806458473205566e-01
9.172134101390838623e-02
8.674902319908142090e-01
4.503457993268966675e-02
8.866790533065795898e-01
7.149458527565002441e-01
6.033069491386413574e-01
4.030123949050903320e-01
4.242457449436187744e-01
2.062928080558776855e-01
7.937617301940917969e-01
4.090975821018218994e-01
4.997975528240203857e-01
7.548689842224121094e-02
8.892026543617248535e-01
5.673629045486450195e-01
4.437264800071716309e-01
4.458161592483520508e-01
8.886905908584594727e-01
2.152023911476135254e-01
8.952991366386413574e-01
5.497923493385314941e-01
4.148544371128082275e-01
4.018393158912658691e-01
7.230750918388366699e-01
2.426611036062240601e-01
6.080647110939025879e-01
5.992630720138549805e-01
7.841212749481201172e-01
8.376359343528747559e-01
3.884588181972503662e-01
4.192180335521697998e-01
5.545808672904968262e-01
3.514429330825805664e-01
3.688032329082489014e-01
8.891105055809020996e-01
8.690895438194274902e-01
2.418269775807857513e-02
5.001464486122131348e-01
8.925080299377441406e-01
4.220705032348632812e-01
5.879129171371459961e-01
9.016941189765930176e-01
2.492082267999649048e-01
6.208498477935791016e-01
8.724749684333801270e-01
8.234221339225769043e-01
6.807737946510314941e-01
5.235050320625305176e-01
8.234590888023376465e-01
6.727159619331359863e-01
8.078713417053222656e-01
9.049139022827148438e-01
4.972855150699615479e-01
3.697102069854736328e-01
3.847315609455108643e-01
5.173752903938293457e-01
2.893695048987865448e-02
8.402419686317443848e-01
5.367304682731628418e-01
5.081688761711120605e-01
4.587533473968505859e-01
1.153386309742927551e-01
7.124545425176620483e-02
4.688732624053955078e-01
8.912422060966491699e-01
3.065168261528015137e-01
2.381620407104492188e-01
8.749868869781494141e-01
1.721017509698867798e-01
1.707051545381546021e-01
5.901245474815368652e-01
8.937811255455017090e-01
1.768496781587600708e-01
8.168408274650573730e-01
5.794286727905273438e-01
1.215298101305961609e-01
8.860674500465393066e-01
4.996342360973358154e-01
8.557257652282714844e-01
1.871177107095718384e-01
9.743961691856384277e-02
8.614440560340881348e-01
8.929838538169860840e-01
8.028386235237121582e-01
7.491265237331390381e-02
5.011603236198425293e-01
5.377461910247802734e-01
4.973148703575134277e-01
2.171089313924312592e-02
7.329429388046264648e-01
4.947478473186492920e-01
5.262312293052673340e-01
4.264943897724151611e-01
1.738108992576599121e-01
2.191730141639709473e-01
6.047998666763305664e-01
8.313226103782653809e-01
3.355966880917549133e-02
6.198614239692687988e-01
6.998676657676696777e-01
6.132024526596069336e-01
4.671218693256378174e-01
8.675415515899658203e-01
2.389203459024429321e-01
8.705564737319946289e-01
7.293301224708557129e-01
2.398105151951313019e-02
4.705822095274925232e-02
5.288924574851989746e-01
3.054469823837280273e-01
3.213697671890258789e-01
6.675595045089721680e-01
4.681237936019897461e-01
6.120648980140686035e-01
8.719320297241210938e-01
5.216953754425048828e-01
8.266389966011047363e-01
6.723184585571289062e-01
2.947579324245452881e-01
4.979439452290534973e-02
8.324289321899414062e-01
4.123427271842956543e-01
2.347555905580520630e-01
8.985855579376220703e-01
8.978653550148010254e-01
5.344516038894653320e-01
3.338949382305145264e-01
