5.355430245399475098e-01
5.186311602592468262e-01
5.215579271316528320e-01
3.856310844421386719e-01
5.251221656799316406e-01
5.325391888618469238e-01
4.530279934406280518e-01
4.911633431911468506e-01
4.741409420967102051e-01
4.128079712390899658e-01
4.810675680637359619e-01
4.889655113220214844e-01
4.519866406917572021e-01
4.051243364810943604e-01
5.025427937507629395e-01
5.129693150520324707e-01
4.321417212486267090e-01
5.376124382019042969e-01
4.594729244709014893e-01
4.676091074943542480e-01
4.594509601593017578e-01
5.342515110969543457e-01
5.205076336860656738e-01
5.192360877990722656e-01
5.375531315803527832e-01
2.670806646347045898e-01
5.250806212425231934e-01
4.903339743614196777e-01
4.684327840805053711e-01
5.270127654075622559e-01
5.451442599296569824e-01
5.191336870193481445e-01
4.467293024063110352e-01
2.231899350881576538e-01
4.531560838222503662e-01
2.072091102600097656e-01
4.662128984928131104e-01
4.628715515136718750e-01
5.273178219795227051e-01
5.315049290657043457e-01
3.187710046768188477e-01
4.676973223686218262e-01
5.078821778297424316e-01
4.620909988880157471e-01
5.246298909187316895e-01
5.295025706291198730e-01
5.023395419120788574e-01
4.228127300739288330e-01
2.494027614593505859e-01
5.272924900054931641e-01
1.668927818536758423e-01
4.841386377811431885e-01
4.268622994422912598e-01
3.995353877544403076e-01
4.920047521591186523e-01
5.338447093963623047e-01
5.291956067085266113e-01
4.176088869571685791e-01
4.928790330886840820e-01
4.983458518981933594e-01
4.992105364799499512e-01
5.138641595840454102e-01
5.377523899078369141e-01
2.665252983570098877e-01
5.219010114669799805e-01
1.802181452512741089e-01
3.710460066795349121e-01
5.276303887367248535e-01
5.192410349845886230e-01
2.901212573051452637e-01
3.028206825256347656e-01
4.215474426746368408e-01
5.268920660018920898e-01
5.423753261566162109e-01
3.886668086051940918e-01
4.987116456031799316e-01
4.543022811412811279e-01
5.023885369300842285e-01
5.422039628028869629e-01
3.565759658813476562e-01
5.263528227806091309e-01
2.460622936487197876e-01
1.686040759086608887e-01
4.911850690841674805e-01
5.215166807174682617e-01
5.187332034111022949e-01
5.340069532394409180e-01
5.028291344642639160e-01
5.346046686172485352e-01
4.660586714744567871e-01
5.265656709671020508e-01
4.160679876804351807e-01
3.983773291110992432e-01
5.278536677360534668e-01
5.145565271377563477e-01
5.219002962112426758e-01
5.019045472145080566e-01
3.855617642402648926e-01
3.581115305423736572e-01
5.110809803009033203e-01
4.434613883495330811e-01
4.244327545166015625e-01
1.735186427831649780e-01
1.762273311614990234e-01
5.278053879737854004e-01
4.228899776935577393e-01
4.959393739700317383e-01
5.372140407562255859e-01
4.817604720592498779e-01
2.191863805055618286e-01
5.266514420509338379e-01
4.691427946090698242e-01
5.079621076583862305e-01
5.303859114646911621e-01
5.394091606140136719e-01
2.813307940959930420e-01
1.899961978197097778e-01
5.342637896537780762e-01
4.957230687141418457e-01
4.932188391685485840e-01
3.644357919692993164e-01
5.263244509696960449e-01
4.584369659423828125e-01
4.518373906612396240e-01
5.283453464508056641e-01
5.274907350540161133e-01
5.441903471946716309e-01
5.301281809806823730e-01
4.385089576244354248e-01
5.061798095703125000e-01
5.423833131790161133e-01
4.219229519367218018e-01
3.324732184410095215e-01
4.408296942710876465e-01
3.419207632541656494e-01
4.814646244049072266e-01
5.165369510650634766e-01
5.369412302970886230e-01
5.211826562881469727e-01
2.142155021429061890e-01
5.331786870956420898e-01
4.284317195415496826e-01
5.430734753608703613e-01
4.338532984256744385e-01
5.080385804176330566e-01
1.998663693666458130e-01
5.302167534828186035e-01
4.120472669601440430e-01
4.588734209537506104e-01
3.010100126266479492e-01
4.639354348182678223e-01
3.993822932243347168e-01
1.708173453807830811e-01
5.263200402259826660e-01
5.142050981521606445e-01
5.399965047836303711e-01
4.949211180210113525e-01
4.937444627285003662e-01
5.111773610115051270e-01
5.127325057983398438e-01
5.393019318580627441e-01
3.582268059253692627e-01
5.352488756179809570e-01
4.930399954319000244e-01
4.105691611766815186e-01
2.935788929462432861e-01
5.294581651687622070e-01
5.310354232788085938e-01
3.573552370071411133e-01
5.156375169754028320e-01
5.390908718109130859e-01
4.481264054775238037e-01
5.283105969429016113e-01
5.154225826263427734e-01
5.227007865905761719e-01
5.276961326599121094e-01
4.585796594619750977e-01
5.364283323287963867e-01
5.448008179664611816e-01
4.789302051067352295e-01
1.858271658420562744e-01
5.212710499763488770e-01
5.145763158798217773e-01
5.294352173805236816e-01
4.260129928588867188e-01
4.148938953876495361e-01
4.036029875278472900e-01
4.291386008262634277e-01
4.678981006145477295e-01
4.653618335723876953e-01
4.409709572792053223e-01
4.874275624752044678e-01
5.361701250076293945e-01
5.130167007446289062e-01
2.392679154872894287e-01
5.076076984405517578e-01
4.853428602218627930e-01
5.406985878944396973e-01
4.960329830646514893e-01
5.262635946273803711e-01
5.061302185058593750e-01
5.191599726676940918e-01
5.159226655960083008e-01
5.011499524116516113e-01
5.250674486160278320e-01
2.812860906124114990e-01
5.224282145500183105e-01
2.495880424976348877e-01
4.874463081359863281e-01
5.192245244979858398e-01
5.291276574134826660e-01
5.400373339653015137e-01
5.068566799163818359e-01
4.124934971332550049e-01
5.447283387184143066e-01
5.363806486129760742e-01
3.609124124050140381e-01
5.320823192596435547e-01
4.362997412681579590e-01
5.181251168251037598e-01
5.151950120925903320e-01
5.297320485115051270e-01
4.548545777797698975e-01
5.216916799545288086e-01
5.069910883903503418e-01
5.191459655761718750e-01
4.843719899654388428e-01
1.665039509534835815e-01
4.243853390216827393e-01
5.408855676651000977e-01
4.927693009376525879e-01
5.180485844612121582e-01
3.977414071559906006e-01
4.919263720512390137e-01
4.229838550090789795e-01
5.322055816650390625e-01
5.213953852653503418e-01
4.023441374301910400e-01
5.219571590423583984e-01
3.625600934028625488e-01
3.798573613166809082e-01
4.800725877285003662e-01
4.320254027843475342e-01
3.078673481941223145e-01
5.411140918731689453e-01
4.675292372703552246e-01
4.782198965549468994e-01
4.033398926258087158e-01
4.556356072425842285e-01
5.101542472839355469e-01
4.354985654354095459e-01
4.581764638423919678e-01
3.742786347866058350e-01
3.347996175289154053e-01
5.203177928924560547e-01
3.704203665256500244e-01
4.767120182514190674e-01
5.236189365386962891e-01
5.455900430679321289e-01
3.648166954517364502e-01
4.786472916603088379e-01
4.326459169387817383e-01
5.437054634094238281e-01
5.263205766677856445e-01
5.338679552078247070e-01
5.211640596389770508e-01
4.283472299575805664e-01
5.344383120536804199e-01
3.600516319274902344e-01
3.864313960075378418e-01
4.172868728637695312e-01
5.131740570068359375e-01
4.995412230491638184e-01
1.885721981525421143e-01
4.853800535202026367e-01
3.385169208049774170e-01
5.434898138046264648e-01
5.148220658302307129e-01
1.850305497646331787e-01
5.226809382438659668e-01
5.407568216323852539e-01
4.839003384113311768e-01
5.212134718894958496e-01
5.260351896286010742e-01
4.651446342468261719e-01
5.372654199600219727e-01
5.345200300216674805e-01
5.368908047676086426e-01
4.846592247486114502e-01
4.462100565433502197e-01
5.219691395759582520e-01
3.997666239738464355e-01
4.856774806976318359e-01
4.997236430644989014e-01
5.286816358566284180e-01
5.309243798255920410e-01
4.273978769779205322e-01
4.861247837543487549e-01
1.779125630855560303e-01
5.159326791763305664e-01
4.618155956268310547e-01
5.090387463569641113e-01
1.946576833724975586e-01
5.312336683273315430e-01
3.119266629219055176e-01
5.342407822608947754e-01
2.285515815019607544e-01
5.358559489250183105e-01
4.330962300300598145e-01
5.312094688415527344e-01
5.163497924804687500e-01
5.026683807373046875e-01
5.238200426101684570e-01
3.334887027740478516e-01
4.873059391975402832e-01
4.788147211074829102e-01
3.733344376087188721e-01
5.442088246345520020e-01
5.436434149742126465e-01
5.396040678024291992e-01
4.995048046112060547e-01
5.465465784072875977e-01
5.402138829231262207e-01
4.815350770950317383e-01
5.380657315254211426e-01
5.275661349296569824e-01
3.969790935516357422e-01
4.048878848552703857e-01
5.140962004661560059e-01
3.626262247562408447e-01
4.752757847309112549e-01
5.202486515045166016e-01
5.318996906280517578e-01
5.426425337791442871e-01
5.424314737319946289e-01
5.127363204956054688e-01
5.241397619247436523e-01
5.093727111816406250e-01
4.279804229736328125e-01
4.736962914466857910e-01
4.478152692317962646e-01
4.190417826175689697e-01
5.385550856590270996e-01
5.419315099716186523e-01
5.340303778648376465e-01
5.047634840011596680e-01
5.276730656623840332e-01
4.960381388664245605e-01
5.139856338500976562e-01
5.211826562881469727e-01
3.941740393638610840e-01
3.294025957584381104e-01
3.331258893013000488e-01
5.470080375671386719e-01
4.783853292465209961e-01
2.456922084093093872e-01
5.255196690559387207e-01
4.030725061893463135e-01
4.922799468040466309e-01
5.155754089355468750e-01
4.300253689289093018e-01
5.340577960014343262e-01
5.008641481399536133e-01
3.954914510250091553e-01
4.957977235317230225e-01
4.232898652553558350e-01
3.894632756710052490e-01
5.358446836471557617e-01
4.182384908199310303e-01
4.875913858413696289e-01
4.112603068351745605e-01
5.043901801109313965e-01
4.840763807296752930e-01
5.364289283752441406e-01
5.170524120330810547e-01
3.314503133296966553e-01
5.045662522315979004e-01
4.383051395416259766e-01
4.325648844242095947e-01
5.017570257186889648e-01
5.006988048553466797e-01
3.198586702346801758e-01
5.171327590942382812e-01
4.806635677814483643e-01
2.577646970748901367e-01
3.823586702346801758e-01
5.105721950531005859e-01
5.336673855781555176e-01
4.555609524250030518e-01
4.743367135524749756e-01
3.937187492847442627e-01
5.124859213829040527e-01
3.729262650012969971e-01
5.145224928855895996e-01
5.327661037445068359e-01
5.405575037002563477e-01
4.702257215976715088e-01
4.602576494216918945e-01
4.907887279987335205e-01
2.390522956848144531e-01
5.197768211364746094e-01
5.270302295684814453e-01
4.255346059799194336e-01
4.844017624855041504e-01
4.838157296180725098e-01
4.963667988777160645e-01
2.952459454536437988e-01
4.627141654491424561e-01
5.389642119407653809e-01
4.896939396858215332e-01
5.385255217552185059e-01
5.323857665061950684e-01
2.961525619029998779e-01
5.326961874961853027e-01
5.330952405929565430e-01
5.232045650482177734e-01
1.680741310119628906e-01
4.613416194915771484e-01
4.737046360969543457e-01
5.306370854377746582e-01
4.529856741428375244e-01
1.673224419355392456e-01
5.324721932411193848e-01
4.619859457015991211e-01
5.359939336776733398e-01
5.307713747024536133e-01
4.284073412418365479e-01
5.172054171562194824e-01
5.224264264106750488e-01
4.798950254917144775e-01
5.380981564521789551e-01
5.259083509445190430e-01
4.308688938617706299e-01
4.869477450847625732e-01
4.630862772464752197e-01
5.378388762474060059e-01
5.248845815658569336e-01
4.565555751323699951e-01
4.994609355926513672e-01
4.037762284278869629e-01
4.408978521823883057e-01
5.379824042320251465e-01
3.747688829898834229e-01
5.224433541297912598e-01
2.677996754646301270e-01
5.113986134529113770e-01
5.040745735168457031e-01
4.018901586532592773e-01
4.486249983310699463e-01
5.353036522865295410e-01
5.023885369300842285e-01
4.374006688594818115e-01
4.487757682800292969e-01
4.989937543869018555e-01
4.065652787685394287e-01
5.066639184951782227e-01
4.399937689304351807e-01
4.111417531967163086e-01
5.164329409599304199e-01
2.945150434970855713e-01
5.058339238166809082e-01
5.339015126228332520e-01
5.384825468063354492e-01
4.563267529010772705e-01
4.959427714347839355e-01
3.929372429847717285e-01
3.092168867588043213e-01
5.214027762413024902e-01
5.213207602500915527e-01
5.428515076637268066e-01
5.429552793502807617e-01
4.121231734752655029e-01
5.283821225166320801e-01
5.034018158912658691e-01
5.280557274818420410e-01
4.437706470489501953e-01
5.162554979324340820e-01
4.752489626407623291e-01
5.178754925727844238e-01
2.906829118728637695e-01
5.353309512138366699e-01
4.957656264305114746e-01
5.210702419281005859e-01
5.466684699058532715e-01
5.357685685157775879e-01
5.013456344604492188e-01
1.827052384614944458e-01
5.257664322853088379e-01
4.407929480075836182e-01
4.586426913738250732e-01
5.026975274085998535e-01
5.385251641273498535e-01
5.231480002403259277e-01
4.423211812973022461e-01
4.035831391811370850e-01
4.931787848472595215e-01
5.252655744552612305e-01
3.414719104766845703e-01
1.664754301309585571e-01
4.947298765182495117e-01
5.187863111495971680e-01
4.450342953205108643e-01
5.365427136421203613e-01
4.895664155483245850e-01
4.751581847667694092e-01
5.039781332015991211e-01
4.810794889926910400e-01
5.271195173263549805e-01
4.759445190429687500e-01
5.236040949821472168e-01
3.617857098579406738e-01
5.213854312896728516e-01
4.705538153648376465e-01
4.836601316928863525e-01
3.950189352035522461e-01
5.248427391052246094e-01
3.895242214202880859e-01
5.099892616271972656e-01
5.387341976165771484e-01
4.888323843479156494e-01
4.768760204315185547e-01
5.330078601837158203e-01
4.637766778469085693e-01
5.279983282089233398e-01
4.650641679763793945e-01
5.170006155967712402e-01
5.463262796401977539e-01
5.271439552307128906e-01
5.307431221008300781e-01
5.178188085556030273e-01
5.325870513916015625e-01
5.343296527862548828e-01
4.789054691791534424e-01
5.199272632598876953e-01
4.660586714744567871e-01
4.958656132221221924e-01
5.077811479568481445e-01
4.033631682395935059e-01
5.240439772605895996e-01
5.357351899147033691e-01
5.301819443702697754e-01
5.348476171493530273e-01
5.130859613418579102e-01
4.761199057102203369e-01
5.224906206130981445e-01
4.373496770858764648e-01
5.228076577186584473e-01
5.299899578094482422e-01
5.338351130485534668e-01
5.342966914176940918e-01
5.133651494979858398e-01
5.278986692428588867e-01
5.095973610877990723e-01
4.825537502765655518e-01
3.841537833213806152e-01
5.424867272377014160e-01
5.438271164894104004e-01
4.323242902755737305e-01
5.037366747856140137e-01
5.076887011528015137e-01
5.338289737701416016e-01
5.086585283279418945e-01
1.682848185300827026e-01
5.341442823410034180e-01
3.429279625415802002e-01
4.258502721786499023e-01
5.121891498565673828e-01
5.289244651794433594e-01
5.411370396614074707e-01
4.631749689579010010e-01
4.988922178745269775e-01
5.337378382682800293e-01
4.934971630573272705e-01
5.123226642608642578e-01
4.568847119808197021e-01
4.885628223419189453e-01
5.430120825767517090e-01
3.465823233127593994e-01
4.700007438659667969e-01
5.253248214721679688e-01
4.851483106613159180e-01
5.090190172195434570e-01
1.680117249488830566e-01
5.323520898818969727e-01
5.090928077697753906e-01
5.042613744735717773e-01
5.465465784072875977e-01
3.940264284610748291e-01
5.450993776321411133e-01
5.156645178794860840e-01
2.829546928405761719e-01
3.660171329975128174e-01
5.083199739456176758e-01
5.167175531387329102e-01
4.082360863685607910e-01
5.256510972976684570e-01
5.151025056838989258e-01
4.757283926010131836e-01
5.057022571563720703e-01
4.971247911453247070e-01
5.295033454895019531e-01
5.158360004425048828e-01
1.688680648803710938e-01
5.390560030937194824e-01
5.281451344490051270e-01
4.972173869609832764e-01
5.414443612098693848e-01
5.510095357894897461e-01
4.290636181831359863e-01
4.604706764221191406e-01
1.966246813535690308e-01
5.412626862525939941e-01
4.039778113365173340e-01
4.829069674015045166e-01
5.285391211509704590e-01
5.220215916633605957e-01
4.780532121658325195e-01
1.686260849237442017e-01
5.280237793922424316e-01
3.148124516010284424e-01
5.177578330039978027e-01
4.407814145088195801e-01
5.408792495727539062e-01
2.859529256820678711e-01
3.454032242298126221e-01
5.419957637786865234e-01
4.982003569602966309e-01
4.461731612682342529e-01
4.981856942176818848e-01
4.056090414524078369e-01
4.945386648178100586e-01
3.705184161663055420e-01
5.136602520942687988e-01
5.348071455955505371e-01
3.594570159912109375e-01
4.987058937549591064e-01
4.302087724208831787e-01
4.482478499412536621e-01
4.204186499118804932e-01
4.841982722282409668e-01
5.140149593353271484e-01
5.268809795379638672e-01
5.431272387504577637e-01
1.850559562444686890e-01
3.222813606262207031e-01
5.430470108985900879e-01
5.288279056549072266e-01
5.379601716995239258e-01
3.507196605205535889e-01
4.311375916004180908e-01
4.698531627655029297e-01
4.960441291332244873e-01
4.843319356441497803e-01
5.386700034141540527e-01
3.963953554630279541e-01
4.938702285289764404e-01
5.253898501396179199e-01
4.250344932079315186e-01
5.261250138282775879e-01
5.429381132125854492e-01
2.913777530193328857e-01
4.401593506336212158e-01
4.312613606452941895e-01
4.864736795425415039e-01
4.737232029438018799e-01
5.321549773216247559e-01
4.218913018703460693e-01
5.473864674568176270e-01
3.396393358707427979e-01
5.268255472183227539e-01
3.831149339675903320e-01
5.447302460670471191e-01
4.557642936706542969e-01
5.401062965393066406e-01
5.330644845962524414e-01
5.281117558479309082e-01
5.192082524299621582e-01
4.765883088111877441e-01
5.288995504379272461e-01
5.199052095413208008e-01
3.840072751045227051e-01
4.793585538864135742e-01
5.140642523765563965e-01
4.379990994930267334e-01
5.458561182022094727e-01
5.100141167640686035e-01
4.162307381629943848e-01
4.778639972209930420e-01
4.196565151214599609e-01
4.839220046997070312e-01
3.991563022136688232e-01
4.394687712192535400e-01
4.523975253105163574e-01
4.882458150386810303e-01
4.274686574935913086e-01
5.310220122337341309e-01
5.108001232147216797e-01
5.249660015106201172e-01
5.358868241310119629e-01
5.318679213523864746e-01
5.127844214439392090e-01
5.137771368026733398e-01
3.607956171035766602e-01
3.987137079238891602e-01
4.152073264122009277e-01
4.095126986503601074e-01
5.369332432746887207e-01
5.077184438705444336e-01
5.208028554916381836e-01
5.337910056114196777e-01
5.300791263580322266e-01
5.172944664955139160e-01
5.224424600601196289e-01
4.847970902919769287e-01
4.935646355152130127e-01
5.145100951194763184e-01
5.414624214172363281e-01
4.160211980342864990e-01
4.962606728076934814e-01
1.874804943799972534e-01
5.090104937553405762e-01
5.422831177711486816e-01
5.299148559570312500e-01
4.766099750995635986e-01
3.905172049999237061e-01
5.067232251167297363e-01
4.985864758491516113e-01
4.689131081104278564e-01
4.584970176219940186e-01
4.936542212963104248e-01
5.203130841255187988e-01
5.503740906715393066e-01
3.579187393188476562e-01
5.037460923194885254e-01
4.011248350143432617e-01
5.281824469566345215e-01
5.128605961799621582e-01
5.007937550544738770e-01
3.829889893531799316e-01
5.122853517532348633e-01
4.180437028408050537e-01
5.409286022186279297e-01
5.314942598342895508e-01
4.857290089130401611e-01
4.017620384693145752e-01
5.360749363899230957e-01
4.997752606868743896e-01
4.642194509506225586e-01
4.938254058361053467e-01
5.399936437606811523e-01
5.227504372596740723e-01
5.301722884178161621e-01
5.056308507919311523e-01
3.606811463832855225e-01
4.067134559154510498e-01
5.351162552833557129e-01
5.005277395248413086e-01
5.375958085060119629e-01
5.307384729385375977e-01
5.261955857276916504e-01
4.984429180622100830e-01
5.301133990287780762e-01
4.454913735389709473e-01
2.049331218004226685e-01
5.157678127288818359e-01
5.231842994689941406e-01
5.248593091964721680e-01
5.391697883605957031e-01
5.131817460060119629e-01
4.936514496803283691e-01
5.026192069053649902e-01
4.959597587585449219e-01
4.546178281307220459e-01
4.921776056289672852e-01
5.240676403045654297e-01
5.351000428199768066e-01
4.037092626094818115e-01
5.292431116104125977e-01
3.997508883476257324e-01
4.078388810157775879e-01
5.069936513900756836e-01
5.171125531196594238e-01
1.746760755777359009e-01
4.976154267787933350e-01
5.021456480026245117e-01
1.855391412973403931e-01
5.108043551445007324e-01
2.364922761917114258e-01
3.832386434078216553e-01
5.331391692161560059e-01
4.986484944820404053e-01
5.215978026390075684e-01
5.274589061737060547e-01
4.916093051433563232e-01
5.106716752052307129e-01
5.217715501785278320e-01
5.215476155281066895e-01
5.376853942871093750e-01
5.011777281761169434e-01
5.169284343719482422e-01
4.866505563259124756e-01
4.329435229301452637e-01
5.127173066139221191e-01
4.745177328586578369e-01
5.315049290657043457e-01
3.298176825046539307e-01
4.413259029388427734e-01
2.801243662834167480e-01
5.295484662055969238e-01
4.158832132816314697e-01
5.037791728973388672e-01
3.765999078750610352e-01
4.258165359497070312e-01
5.294845104217529297e-01
4.710516929626464844e-01
4.217562079429626465e-01
3.999745547771453857e-01
4.780861139297485352e-01
5.271250605583190918e-01
5.178968906402587891e-01
4.635144174098968506e-01
5.292518734931945801e-01
4.434807598590850830e-01
5.151466131210327148e-01
5.340465903282165527e-01
5.449127554893493652e-01
5.316006541252136230e-01
5.251591801643371582e-01
5.251568555831909180e-01
5.225781798362731934e-01
4.716639816761016846e-01
4.652594923973083496e-01
5.333821773529052734e-01
5.203977823257446289e-01
2.915741205215454102e-01
2.246739417314529419e-01
5.295565128326416016e-01
5.355145335197448730e-01
5.159499049186706543e-01
3.676538467407226562e-01
5.246751308441162109e-01
5.012162923812866211e-01
5.253870487213134766e-01
5.202736854553222656e-01
5.340871810913085938e-01
5.195543766021728516e-01
5.159326791763305664e-01
4.958448410034179688e-01
5.464147329330444336e-01
1.887042224407196045e-01
4.594189524650573730e-01
5.268021821975708008e-01
5.362350344657897949e-01
5.105010867118835449e-01
5.330106019973754883e-01
2.045280784368515015e-01
5.397946238517761230e-01
4.519021809101104736e-01
5.136355161666870117e-01
1.673398911952972412e-01
5.208975672721862793e-01
5.326076149940490723e-01
5.021585822105407715e-01
5.249111056327819824e-01
3.121612071990966797e-01
5.147452354431152344e-01
5.070071220397949219e-01
4.876445531845092773e-01
5.329405069351196289e-01
4.636174440383911133e-01
4.912009537220001221e-01
5.199035406112670898e-01
5.177116990089416504e-01
5.402258634567260742e-01
5.422866940498352051e-01
4.862923324108123779e-01
5.377124547958374023e-01
5.214735865592956543e-01
5.093120932579040527e-01
4.417026937007904053e-01
5.471194982528686523e-01
5.220804810523986816e-01
5.282680392265319824e-01
4.198400676250457764e-01
4.569930434226989746e-01
4.823364317417144775e-01
5.268117189407348633e-01
4.960401356220245361e-01
4.097985029220581055e-01
4.337790310382843018e-01
4.966544508934020996e-01
3.644949197769165039e-01
3.485084474086761475e-01
4.661339819431304932e-01
4.821671545505523682e-01
5.175107717514038086e-01
4.855609238147735596e-01
5.067433714866638184e-01
3.802751302719116211e-01
5.364372134208679199e-01
5.425108075141906738e-01
4.301991462707519531e-01
2.161251008510589600e-01
3.114130795001983643e-01
5.161923766136169434e-01
5.359251499176025391e-01
5.274425148963928223e-01
5.052543282508850098e-01
3.762015998363494873e-01
5.042262077331542969e-01
3.824576139450073242e-01
5.111235380172729492e-01
5.291380286216735840e-01
4.745642840862274170e-01
4.626901745796203613e-01
4.813914000988006592e-01
5.375811457633972168e-01
4.996170997619628906e-01
5.157460570335388184e-01
4.944077134132385254e-01
4.283791184425354004e-01
2.291623204946517944e-01
4.458896815776824951e-01
5.263990759849548340e-01
5.236958861351013184e-01
3.653420805931091309e-01
5.440759658813476562e-01
4.065101146697998047e-01
2.712446451187133789e-01
2.421624511480331421e-01
4.636925458908081055e-01
5.170723795890808105e-01
5.132386684417724609e-01
5.411128997802734375e-01
4.757130444049835205e-01
5.032932162284851074e-01
1.707228869199752808e-01
4.884391427040100098e-01
4.429132640361785889e-01
5.248798131942749023e-01
3.937174379825592041e-01
5.404177308082580566e-01
5.172704458236694336e-01
4.367582499980926514e-01
5.018672347068786621e-01
5.250939130783081055e-01
5.276522040367126465e-01
5.202511548995971680e-01
5.314870476722717285e-01
5.325870513916015625e-01
5.016322731971740723e-01
5.244814157485961914e-01
3.894923031330108643e-01
4.328589439392089844e-01
5.332055091857910156e-01
4.746453166007995605e-01
5.264484882354736328e-01
5.095602869987487793e-01
4.263724386692047119e-01
5.033372640609741211e-01
2.051290422677993774e-01
5.181943178176879883e-01
5.327529907226562500e-01
3.724497854709625244e-01
5.034645199775695801e-01
5.141994953155517578e-01
5.111610293388366699e-01
3.919512033462524414e-01
3.554651439189910889e-01
4.859335124492645264e-01
5.342518687248229980e-01
4.936480224132537842e-01
5.411705374717712402e-01
5.192082524299621582e-01
4.041558206081390381e-01
4.050396680831909180e-01
4.291100800037384033e-01
4.939997494220733643e-01
3.877179324626922607e-01
4.835151135921478271e-01
5.362660288810729980e-01
5.446667075157165527e-01
5.332682132720947266e-01
5.146294832229614258e-01
5.192943215370178223e-01
4.827031195163726807e-01
5.280278325080871582e-01
5.258197784423828125e-01
4.569963216781616211e-01
4.635422825813293457e-01
5.420082211494445801e-01
5.422752499580383301e-01
5.130859613418579102e-01
5.288274884223937988e-01
4.066843390464782715e-01
2.707447409629821777e-01
5.444473624229431152e-01
5.074597001075744629e-01
4.411089718341827393e-01
5.165420770645141602e-01
5.453363656997680664e-01
5.032907128334045410e-01
4.028714895248413086e-01
5.357670783996582031e-01
5.400273203849792480e-01
5.174416303634643555e-01
5.286296606063842773e-01
5.124044418334960938e-01
4.813179671764373779e-01
5.366519689559936523e-01
4.560883045196533203e-01
4.866455495357513428e-01
3.927790224552154541e-01
5.424360632896423340e-01
4.916550219058990479e-01
3.664032220840454102e-01
4.733108878135681152e-01
5.377482175827026367e-01
4.639471471309661865e-01
5.162215232849121094e-01
5.205080509185791016e-01
5.367713570594787598e-01
5.130984783172607422e-01
4.173839688301086426e-01
3.630127608776092529e-01
4.211938679218292236e-01
5.196136832237243652e-01
4.963669776916503906e-01
5.271927714347839355e-01
4.131359755992889404e-01
4.659194648265838623e-01
5.383285284042358398e-01
4.232175946235656738e-01
4.883952736854553223e-01
5.363812446594238281e-01
4.874705672264099121e-01
4.975601136684417725e-01
3.968042135238647461e-01
5.197877883911132812e-01
4.680724442005157471e-01
4.983333051204681396e-01
4.107785522937774658e-01
4.618796706199645996e-01
4.339142441749572754e-01
4.303968548774719238e-01
5.104311704635620117e-01
4.934324324131011963e-01
5.277047157287597656e-01
4.830383360385894775e-01
5.299220681190490723e-01
5.088762044906616211e-01
3.659130930900573730e-01
4.905988276004791260e-01
5.250986218452453613e-01
1.868727803230285645e-01
5.307694077491760254e-01
3.841130435466766357e-01
5.314891338348388672e-01
5.372642874717712402e-01
3.343370556831359863e-01
1.680297106504440308e-01
4.829635918140411377e-01
4.558741748332977295e-01
4.800087511539459229e-01
5.048385858535766602e-01
5.232120752334594727e-01
5.293018221855163574e-01
5.169638991355895996e-01
4.230743944644927979e-01
5.421666502952575684e-01
3.843893408775329590e-01
5.463960170745849609e-01
4.506101012229919434e-01
4.858556091785430908e-01
5.180045366287231445e-01
5.407910346984863281e-01
4.090450704097747803e-01
5.126092433929443359e-01
2.765855789184570312e-01
5.249884128570556641e-01
3.434904217720031738e-01
4.071316123008728027e-01
4.958493709564208984e-01
5.029144883155822754e-01
5.216977596282958984e-01
5.246162414550781250e-01
5.137254595756530762e-01
4.417071938514709473e-01
3.361238539218902588e-01
4.535216093063354492e-01
4.611669778823852539e-01
4.916615784168243408e-01
4.977338910102844238e-01
4.765352308750152588e-01
5.042009949684143066e-01
5.129010081291198730e-01
5.127245187759399414e-01
4.503408372402191162e-01
4.325829446315765381e-01
5.266956686973571777e-01
5.267184972763061523e-01
4.732875823974609375e-01
5.432697534561157227e-01
5.330830812454223633e-01
4.690575301647186279e-01
5.240949988365173340e-01
5.454224944114685059e-01
4.879671335220336914e-01
5.166527628898620605e-01
5.216944217681884766e-01
5.099361538887023926e-01
5.300733447074890137e-01
4.501165449619293213e-01
5.336665511131286621e-01
4.064448773860931396e-01
4.812299609184265137e-01
4.666194319725036621e-01
4.962155818939208984e-01
1.687308549880981445e-01
4.459670484066009521e-01
5.158965587615966797e-01
4.937176108360290527e-01
4.906742274761199951e-01
4.203785657882690430e-01
3.915168941020965576e-01
5.243592262268066406e-01
5.323200225830078125e-01
5.214684605598449707e-01
3.965675532817840576e-01
5.343621373176574707e-01
4.023045003414154053e-01
5.385386943817138672e-01
3.034051060676574707e-01
5.282077193260192871e-01
4.317652285099029541e-01
5.147455930709838867e-01
2.532101273536682129e-01
5.192258954048156738e-01
5.097597837448120117e-01
5.380184054374694824e-01
5.066467523574829102e-01
4.814657270908355713e-01
5.252362489700317383e-01
5.019381046295166016e-01
5.321817994117736816e-01
5.045883059501647949e-01
4.862602651119232178e-01
5.088293552398681641e-01
4.967531561851501465e-01
4.871563315391540527e-01
5.322403907775878906e-01
4.405034184455871582e-01
5.296789407730102539e-01
5.421603918075561523e-01
5.209787487983703613e-01
3.106127381324768066e-01
5.472760796546936035e-01
4.361718893051147461e-01
4.775020480155944824e-01
5.081740617752075195e-01
5.038442015647888184e-01
5.259562730789184570e-01
5.281795263290405273e-01
5.417946577072143555e-01
4.990044534206390381e-01
4.604108333587646484e-01
2.996282875537872314e-01
5.271006822586059570e-01
5.315966010093688965e-01
5.167675018310546875e-01
5.092511177062988281e-01
2.012115120887756348e-01
3.482186496257781982e-01
5.253436565399169922e-01
5.096251368522644043e-01
5.040165781974792480e-01
4.916642308235168457e-01
5.325230956077575684e-01
4.134359061717987061e-01
5.371120572090148926e-01
5.070914626121520996e-01
4.914836883544921875e-01
5.023556947708129883e-01
5.279644727706909180e-01
5.196182727813720703e-01
5.505064725875854492e-01
5.293712615966796875e-01
5.255727767944335938e-01
3.901657164096832275e-01
5.288073420524597168e-01
5.317555665969848633e-01
5.336051583290100098e-01
4.282922744750976562e-01
5.293295979499816895e-01
3.283612728118896484e-01
5.003215670585632324e-01
3.338827490806579590e-01
4.200322329998016357e-01
4.585681259632110596e-01
5.264284014701843262e-01
5.043919086456298828e-01
5.064449906349182129e-01
4.857908487319946289e-01
5.152878165245056152e-01
4.687751829624176025e-01
5.460085868835449219e-01
3.686401844024658203e-01
4.459552764892578125e-01
5.368520617485046387e-01
4.601655304431915283e-01
5.358708500862121582e-01
