4.550953209400177002e-01
4.680121243000030518e-01
4.167128503322601318e-01
4.604856371879577637e-01
4.859513640403747559e-01
4.378762841224670410e-01
4.595611095428466797e-01
4.315858483314514160e-01
4.693880677223205566e-01
3.339492678642272949e-01
4.718014895915985107e-01
4.770419299602508545e-01
4.664205014705657959e-01
4.573487639427185059e-01
4.763973355293273926e-01
3.978582918643951416e-01
3.035540282726287842e-01
3.977168798446655273e-01
4.469425678253173828e-01
5.053465366363525391e-01
5.022266507148742676e-01
4.522280097007751465e-01
4.273566603660583496e-01
3.577699065208435059e-01
4.099147319793701172e-01
2.222005426883697510e-01
4.024269878864288330e-01
4.689905047416687012e-01
4.220181703567504883e-01
5.023270845413208008e-01
5.023772716522216797e-01
5.019848942756652832e-01
4.770868122577667236e-01
4.677233397960662842e-01
4.577519297599792480e-01
4.376387596130371094e-01
3.799915611743927002e-01
4.822409451007843018e-01
4.267283976078033447e-01
3.891396820545196533e-01
5.173596143722534180e-01
3.493540883064270020e-01
4.709015488624572754e-01
2.881369888782501221e-01
4.256303310394287109e-01
4.465850889682769775e-01
4.655523896217346191e-01
4.431690275669097900e-01
4.680058360099792480e-01
4.516358375549316406e-01
4.572146236896514893e-01
3.297984004020690918e-01
4.915473759174346924e-01
4.167819321155548096e-01
4.478443264961242676e-01
4.387398660182952881e-01
4.286778271198272705e-01
5.360438227653503418e-01
4.294009208679199219e-01
4.758682847023010254e-01
4.747322499752044678e-01
4.551708698272705078e-01
5.206150412559509277e-01
3.996853530406951904e-01
4.617742598056793213e-01
4.554141759872436523e-01
4.439206123352050781e-01
4.375656247138977051e-01
4.970593452453613281e-01
4.236136674880981445e-01
4.913448095321655273e-01
5.149108767509460449e-01
3.224250376224517822e-01
4.751627743244171143e-01
4.717197418212890625e-01
4.361935257911682129e-01
4.105678796768188477e-01
4.690830111503601074e-01
4.411628842353820801e-01
5.119186639785766602e-01
4.899939298629760742e-01
4.408868253231048584e-01
4.608876109123229980e-01
4.234332442283630371e-01
4.096162319183349609e-01
4.366170465946197510e-01
3.829392790794372559e-01
4.220108985900878906e-01
3.917282521724700928e-01
5.024222731590270996e-01
4.776187241077423096e-01
4.835267663002014160e-01
4.389185607433319092e-01
4.591196775436401367e-01
4.482527375221252441e-01
4.220676422119140625e-01
4.735834896564483643e-01
4.809651374816894531e-01
4.284620285034179688e-01
4.268870949745178223e-01
4.145489931106567383e-01
5.199965834617614746e-01
4.572234749794006348e-01
5.194553732872009277e-01
5.267204642295837402e-01
4.857910573482513428e-01
4.249740242958068848e-01
4.838615953922271729e-01
5.182848572731018066e-01
4.881708621978759766e-01
4.669547080993652344e-01
5.121664404869079590e-01
4.445814490318298340e-01
4.937893450260162354e-01
4.447246491909027100e-01
4.520593285560607910e-01
4.158815443515777588e-01
4.360810220241546631e-01
4.702472984790802002e-01
4.526501297950744629e-01
4.743723869323730469e-01
4.580019414424896240e-01
4.249955415725708008e-01
4.026560783386230469e-01
4.283908903598785400e-01
4.607849717140197754e-01
4.362667500972747803e-01
3.992322683334350586e-01
4.067158102989196777e-01
4.404494464397430420e-01
5.022017955780029297e-01
4.524981081485748291e-01
5.025914311408996582e-01
4.723411202430725098e-01
4.308481216430664062e-01
4.484313130378723145e-01
4.667244255542755127e-01
3.931332826614379883e-01
4.779118597507476807e-01
3.751182854175567627e-01
4.963589906692504883e-01
4.381088316440582275e-01
2.838638126850128174e-01
4.376925528049468994e-01
4.323776960372924805e-01
4.538747668266296387e-01
4.040965139865875244e-01
4.506958127021789551e-01
4.580730795860290527e-01
4.920140206813812256e-01
3.055359125137329102e-01
4.417513906955718994e-01
3.881264030933380127e-01
5.093345642089843750e-01
4.642759263515472412e-01
3.908924460411071777e-01
4.706543982028961182e-01
4.176493287086486816e-01
4.803680777549743652e-01
2.953982651233673096e-01
4.080262184143066406e-01
4.423638582229614258e-01
4.185537695884704590e-01
4.291478395462036133e-01
4.267966449260711670e-01
4.804241955280303955e-01
4.562866687774658203e-01
4.543344676494598389e-01
5.070083141326904297e-01
4.705368280410766602e-01
4.582371413707733154e-01
4.691814184188842773e-01
4.948315322399139404e-01
5.323960781097412109e-01
3.544952869415283203e-01
4.703268706798553467e-01
4.814700782299041748e-01
4.461908340454101562e-01
3.724661469459533691e-01
4.257534444332122803e-01
4.292586147785186768e-01
4.715623855590820312e-01
3.973097503185272217e-01
4.784952700138092041e-01
3.736107051372528076e-01
3.646146953105926514e-01
4.781627357006072998e-01
5.542314052581787109e-01
4.480614960193634033e-01
4.156530201435089111e-01
4.113010466098785400e-01
4.924728870391845703e-01
3.996223509311676025e-01
4.085546731948852539e-01
4.845570921897888184e-01
4.584554135799407959e-01
4.516085982322692871e-01
5.021370649337768555e-01
4.139519929885864258e-01
4.652703106403350830e-01
3.201853930950164795e-01
4.534924924373626709e-01
4.678266048431396484e-01
2.636449933052062988e-01
4.571275711059570312e-01
4.866487085819244385e-01
4.809578955173492432e-01
4.657433629035949707e-01
4.339264929294586182e-01
4.955837726593017578e-01
4.764072299003601074e-01
4.698122143745422363e-01
3.736772239208221436e-01
3.876803815364837646e-01
5.055943131446838379e-01
4.438809752464294434e-01
4.387869536876678467e-01
4.997594356536865234e-01
4.480625987052917480e-01
4.942700564861297607e-01
4.711449742317199707e-01
4.340445101261138916e-01
4.748921096324920654e-01
5.088354945182800293e-01
4.614058732986450195e-01
4.256607890129089355e-01
3.880752027034759521e-01
5.098202824592590332e-01
4.360363185405731201e-01
4.535384774208068848e-01
4.963725507259368896e-01
4.867391288280487061e-01
4.742879569530487061e-01
3.734799623489379883e-01
4.001126885414123535e-01
4.465312659740447998e-01
4.657161533832550049e-01
4.532729387283325195e-01
4.824260175228118896e-01
4.612267613410949707e-01
4.927657246589660645e-01
4.317714571952819824e-01
4.458026587963104248e-01
4.559166729450225830e-01
4.427789151668548584e-01
4.262686073780059814e-01
4.592289328575134277e-01
4.932783544063568115e-01
4.873007237911224365e-01
4.486102163791656494e-01
5.013446807861328125e-01
4.117490649223327637e-01
4.148455262184143066e-01
3.873301148414611816e-01
5.038022994995117188e-01
4.210221469402313232e-01
4.258324503898620605e-01
4.778304100036621094e-01
4.652436971664428711e-01
4.377429485321044922e-01
4.700666964054107666e-01
4.431655108928680420e-01
4.763412773609161377e-01
3.670447468757629395e-01
4.170328080654144287e-01
4.964852631092071533e-01
4.713720679283142090e-01
4.004818499088287354e-01
5.001788139343261719e-01
3.954367339611053467e-01
3.565088808536529541e-01
5.086644291877746582e-01
4.663609564304351807e-01
4.899808764457702637e-01
4.712584614753723145e-01
4.231295585632324219e-01
2.856511175632476807e-01
4.787291884422302246e-01
4.037084281444549561e-01
4.851062595844268799e-01
4.373670518398284912e-01
4.271091818809509277e-01
4.433727562427520752e-01
4.287280440330505371e-01
4.821691811084747314e-01
4.430607259273529053e-01
4.193427264690399170e-01
4.088442027568817139e-01
4.079678952693939209e-01
4.618099629878997803e-01
3.988206684589385986e-01
4.647461771965026855e-01
4.643608927726745605e-01
4.997245371341705322e-01
4.686550199985504150e-01
4.409025311470031738e-01
4.491045475006103516e-01
4.843136072158813477e-01
3.997560441493988037e-01
4.007242619991302490e-01
5.169454216957092285e-01
4.639702439308166504e-01
4.254487156867980957e-01
4.685757458209991455e-01
4.589029848575592041e-01
4.139928519725799561e-01
4.288607835769653320e-01
4.396438300609588623e-01
4.290434122085571289e-01
5.020553469657897949e-01
5.038491487503051758e-01
2.756509184837341309e-01
4.349410831928253174e-01
4.797395169734954834e-01
4.596646130084991455e-01
4.024473726749420166e-01
4.893829524517059326e-01
4.165321588516235352e-01
4.567934572696685791e-01
4.411008059978485107e-01
3.958441019058227539e-01
4.481203258037567139e-01
4.877910912036895752e-01
4.512054026126861572e-01
2.998743355274200439e-01
4.154098033905029297e-01
4.395603239536285400e-01
4.932838678359985352e-01
5.315132141113281250e-01
4.960743188858032227e-01
3.517210781574249268e-01
4.535730779170989990e-01
4.942094385623931885e-01
3.604797720909118652e-01
4.589357674121856689e-01
4.800179302692413330e-01
4.228120446205139160e-01
4.485971927642822266e-01
4.545718133449554443e-01
4.435150027275085449e-01
4.600186645984649658e-01
3.843908309936523438e-01
4.021183550357818604e-01
4.599782228469848633e-01
4.506556987762451172e-01
4.208019673824310303e-01
4.600136280059814453e-01
4.721453189849853516e-01
4.400491714477539062e-01
4.698407351970672607e-01
4.768415391445159912e-01
4.192814826965332031e-01
5.020576715469360352e-01
4.696214795112609863e-01
4.312324523925781250e-01
4.920842945575714111e-01
2.506166994571685791e-01
4.416159987449645996e-01
4.697477221488952637e-01
5.016476511955261230e-01
5.185883045196533203e-01
3.749853968620300293e-01
4.930940568447113037e-01
4.905102252960205078e-01
4.487542510032653809e-01
4.701389372348785400e-01
5.176818966865539551e-01
4.572763144969940186e-01
3.943064510822296143e-01
4.853975772857666016e-01
4.765262007713317871e-01
4.828703999519348145e-01
4.496763646602630615e-01
4.397794306278228760e-01
4.371052682399749756e-01
2.965283393859863281e-01
4.606439471244812012e-01
4.526059627532958984e-01
3.966149687767028809e-01
4.504758417606353760e-01
5.006340742111206055e-01
4.203400909900665283e-01
2.222005426883697510e-01
4.581634402275085449e-01
4.143598079681396484e-01
4.377702176570892334e-01
3.871542811393737793e-01
4.553500413894653320e-01
4.690674841403961182e-01
3.742731511592864990e-01
4.334758818149566650e-01
4.493995904922485352e-01
4.550675451755523682e-01
4.197155535221099854e-01
3.931613266468048096e-01
4.325014650821685791e-01
3.976359069347381592e-01
4.370725750923156738e-01
3.811178505420684814e-01
3.938504159450531006e-01
5.203577876091003418e-01
4.191254973411560059e-01
5.033206939697265625e-01
4.564692378044128418e-01
4.939752221107482910e-01
4.564528465270996094e-01
4.669522345066070557e-01
3.985642194747924805e-01
4.348516166210174561e-01
4.742979407310485840e-01
4.950644075870513916e-01
4.646530747413635254e-01
4.352553188800811768e-01
4.397853314876556396e-01
4.670129418373107910e-01
2.740920782089233398e-01
5.086877942085266113e-01
4.431885778903961182e-01
3.854157030582427979e-01
4.250786304473876953e-01
4.387608468532562256e-01
5.207090973854064941e-01
4.077781736850738525e-01
4.367978274822235107e-01
4.648264646530151367e-01
4.558284878730773926e-01
4.060869216918945312e-01
3.894150257110595703e-01
4.319144189357757568e-01
4.404259324073791504e-01
4.928887784481048584e-01
4.734325706958770752e-01
3.818100392818450928e-01
4.039412736892700195e-01
4.551491737365722656e-01
3.999345004558563232e-01
3.893413245677947998e-01
4.279728531837463379e-01
4.814051091670989990e-01
4.846480786800384521e-01
4.160221517086029053e-01
4.668110609054565430e-01
3.812950551509857178e-01
4.668492972850799561e-01
4.554869830608367920e-01
4.930821955204010010e-01
4.777675271034240723e-01
2.869133055210113525e-01
4.810715317726135254e-01
4.878124296665191650e-01
4.657766819000244141e-01
4.882768392562866211e-01
4.555896520614624023e-01
4.284739494323730469e-01
4.969109892845153809e-01
4.510964751243591309e-01
5.369234681129455566e-01
4.656119346618652344e-01
4.100728332996368408e-01
4.808532595634460449e-01
4.572426378726959229e-01
3.963517844676971436e-01
4.490533769130706787e-01
4.993200600147247314e-01
4.268865585327148438e-01
4.962441325187683105e-01
4.165679812431335449e-01
4.064694643020629883e-01
4.109142422676086426e-01
4.438011050224304199e-01
4.973420202732086182e-01
5.042684674263000488e-01
4.259709715843200684e-01
4.415169358253479004e-01
4.548533856868743896e-01
4.890869557857513428e-01
4.668965935707092285e-01
2.842734456062316895e-01
4.459374547004699707e-01
4.070844352245330811e-01
5.076133608818054199e-01
4.576762020587921143e-01
4.166342318058013916e-01
4.309487044811248779e-01
2.789830565452575684e-01
4.438016712665557861e-01
4.645226299762725830e-01
4.722112417221069336e-01
4.455900192260742188e-01
3.887889981269836426e-01
4.111264348030090332e-01
4.077439606189727783e-01
4.640200436115264893e-01
4.319196045398712158e-01
4.666348695755004883e-01
4.581515491008758545e-01
4.181320071220397949e-01
3.969094455242156982e-01
4.899305105209350586e-01
4.281165003776550293e-01
5.050625205039978027e-01
4.522200524806976318e-01
3.978984355926513672e-01
2.955481112003326416e-01
4.814491271972656250e-01
4.784156978130340576e-01
4.545195698738098145e-01
4.162729382514953613e-01
4.491617679595947266e-01
4.633845090866088867e-01
4.319207668304443359e-01
3.460361361503601074e-01
4.356161653995513916e-01
4.401715397834777832e-01
4.570643603801727295e-01
4.578230679035186768e-01
4.508302807807922363e-01
4.620991945266723633e-01
4.735555350780487061e-01
4.364875555038452148e-01
4.695031940937042236e-01
5.049355030059814453e-01
4.930725693702697754e-01
4.733733236789703369e-01
4.874377548694610596e-01
4.114633202552795410e-01
4.534862041473388672e-01
4.811740815639495850e-01
4.701179563999176025e-01
4.602872431278228760e-01
4.218321442604064941e-01
4.054674506187438965e-01
4.407866597175598145e-01
4.315382540225982666e-01
4.599631428718566895e-01
4.609716832637786865e-01
5.161385536193847656e-01
4.937148392200469971e-01
4.363163709640502930e-01
4.275996088981628418e-01
4.530829191207885742e-01
4.561124145984649658e-01
4.780509173870086670e-01
4.323058426380157471e-01
3.833631575107574463e-01
4.886469542980194092e-01
4.909182488918304443e-01
4.017240107059478760e-01
5.090119838714599609e-01
4.746844172477722168e-01
4.813051521778106689e-01
4.175306260585784912e-01
4.442515373229980469e-01
4.359512925148010254e-01
4.521825313568115234e-01
3.100637793540954590e-01
3.794412314891815186e-01
4.117419421672821045e-01
4.623624086380004883e-01
3.690143227577209473e-01
4.406004548072814941e-01
4.889766275882720947e-01
4.552853107452392578e-01
4.751096367835998535e-01
5.083633065223693848e-01
3.836643695831298828e-01
4.704967141151428223e-01
3.960076570510864258e-01
4.514856040477752686e-01
4.266256988048553467e-01
4.710199832916259766e-01
4.347096681594848633e-01
4.574678540229797363e-01
4.821506142616271973e-01
4.482625126838684082e-01
4.154280126094818115e-01
4.642252624034881592e-01
4.306239485740661621e-01
4.700303971767425537e-01
4.707834720611572266e-01
4.586809277534484863e-01
4.455358684062957764e-01
4.585523307323455811e-01
3.762579262256622314e-01
4.184672236442565918e-01
4.880813956260681152e-01
5.037087202072143555e-01
3.191823065280914307e-01
4.710693061351776123e-01
4.232875704765319824e-01
4.831965565681457520e-01
4.560886621475219727e-01
4.613600969314575195e-01
5.047157406806945801e-01
4.311945140361785889e-01
4.790623486042022705e-01
3.872053027153015137e-01
4.791820943355560303e-01
4.750349521636962891e-01
4.553396701812744141e-01
4.759162366390228271e-01
4.634480476379394531e-01
4.137544035911560059e-01
4.734500050544738770e-01
4.664306044578552246e-01
4.711204171180725098e-01
4.523015916347503662e-01
4.739660620689392090e-01
4.760802388191223145e-01
3.503403961658477783e-01
4.606902897357940674e-01
2.679266929626464844e-01
4.433315694332122803e-01
4.258951544761657715e-01
4.220967292785644531e-01
4.516084492206573486e-01
4.601735174655914307e-01
4.485569000244140625e-01
4.659284353256225586e-01
4.262746274471282959e-01
4.281541407108306885e-01
3.937259316444396973e-01
4.745965600013732910e-01
4.311318695545196533e-01
4.625250697135925293e-01
2.222005426883697510e-01
4.801662564277648926e-01
4.962851107120513916e-01
4.891845881938934326e-01
2.991011440753936768e-01
4.761684536933898926e-01
4.697325527667999268e-01
4.732743501663208008e-01
5.153723955154418945e-01
4.747978746891021729e-01
4.989666342735290527e-01
4.205750226974487305e-01
4.654873013496398926e-01
4.391266405582427979e-01
4.918240904808044434e-01
4.742813110351562500e-01
4.202274978160858154e-01
5.085959434509277344e-01
4.541265666484832764e-01
4.078931808471679688e-01
4.557607173919677734e-01
4.486745595932006836e-01
3.999012112617492676e-01
4.758047461509704590e-01
4.561444222927093506e-01
4.566994905471801758e-01
4.376958906650543213e-01
4.520401656627655029e-01
4.413925111293792725e-01
4.597849547863006592e-01
3.889437317848205566e-01
4.416587352752685547e-01
4.411222934722900391e-01
4.431117475032806396e-01
3.653997182846069336e-01
4.818929731845855713e-01
4.592344462871551514e-01
5.073860883712768555e-01
4.366113245487213135e-01
4.510988593101501465e-01
4.700948894023895264e-01
5.133649110794067383e-01
4.393119812011718750e-01
3.982610702514648438e-01
4.582217037677764893e-01
3.164230883121490479e-01
4.658473730087280273e-01
5.126105546951293945e-01
4.543043375015258789e-01
4.727144837379455566e-01
4.895222485065460205e-01
4.630061686038970947e-01
4.619475305080413818e-01
4.537468254566192627e-01
4.857589304447174072e-01
4.831014871597290039e-01
4.993322491645812988e-01
4.574281275272369385e-01
3.160125911235809326e-01
5.091677308082580566e-01
4.360768795013427734e-01
4.797809422016143799e-01
5.026664137840270996e-01
3.134306371212005615e-01
4.248738884925842285e-01
4.540186226367950439e-01
5.112133026123046875e-01
4.838954806327819824e-01
4.352885782718658447e-01
4.279226064682006836e-01
4.428154826164245605e-01
4.180658757686614990e-01
4.877142012119293213e-01
4.390834271907806396e-01
4.449494481086730957e-01
4.350349307060241699e-01
4.683064222335815430e-01
3.311323821544647217e-01
3.117583692073822021e-01
4.579304456710815430e-01
5.146315693855285645e-01
4.218536913394927979e-01
5.007278323173522949e-01
3.776168823242187500e-01
5.180700421333312988e-01
4.706922173500061035e-01
4.639697372913360596e-01
4.568234086036682129e-01
4.228928685188293457e-01
4.573174118995666504e-01
4.578590691089630127e-01
5.416439771652221680e-01
3.979104161262512207e-01
5.144873857498168945e-01
3.689942657947540283e-01
4.830516874790191650e-01
4.900916218757629395e-01
4.821484684944152832e-01
4.628634750843048096e-01
4.284647405147552490e-01
3.959698975086212158e-01
3.105097711086273193e-01
4.523191154003143311e-01
4.809778630733489990e-01
4.294352531433105469e-01
4.962416589260101318e-01
4.450202584266662598e-01
4.629830420017242432e-01
4.463560283184051514e-01
4.357270300388336182e-01
4.780207276344299316e-01
3.876848220825195312e-01
4.102384448051452637e-01
4.489987194538116455e-01
4.344963431358337402e-01
4.469235241413116455e-01
4.876347482204437256e-01
4.383479058742523193e-01
4.410763978958129883e-01
3.953383266925811768e-01
4.766947925090789795e-01
4.897816479206085205e-01
3.247940838336944580e-01
4.617434144020080566e-01
4.428888857364654541e-01
3.925493359565734863e-01
5.014107227325439453e-01
4.999196529388427734e-01
3.986153304576873779e-01
5.078871250152587891e-01
4.032645821571350098e-01
4.325826764106750488e-01
4.509724080562591553e-01
4.234749972820281982e-01
4.344118237495422363e-01
2.629481554031372070e-01
4.542042911052703857e-01
3.964512050151824951e-01
4.457856118679046631e-01
4.330627918243408203e-01
4.571942687034606934e-01
4.402972161769866943e-01
5.064961314201354980e-01
4.708535373210906982e-01
4.025135338306427002e-01
4.492016434669494629e-01
4.228134453296661377e-01
4.593525826930999756e-01
4.467741847038269043e-01
4.019739627838134766e-01
4.925280213356018066e-01
3.934711515903472900e-01
4.292413890361785889e-01
3.883977532386779785e-01
3.951607942581176758e-01
4.633435606956481934e-01
4.308619499206542969e-01
5.063846707344055176e-01
4.317349791526794434e-01
5.082527399063110352e-01
4.582378864288330078e-01
4.916172623634338379e-01
4.983274936676025391e-01
3.734983801841735840e-01
4.719993174076080322e-01
4.963680505752563477e-01
4.621708393096923828e-01
4.335232973098754883e-01
3.838065564632415771e-01
4.692428112030029297e-01
4.474202096462249756e-01
4.631002843379974365e-01
4.822157621383666992e-01
4.269495904445648193e-01
3.980721533298492432e-01
4.311982393264770508e-01
4.747608304023742676e-01
4.381381869316101074e-01
5.099651813507080078e-01
4.968129992485046387e-01
5.054914951324462891e-01
4.872123003005981445e-01
4.808320701122283936e-01
4.496176242828369141e-01
4.518676698207855225e-01
4.444800019264221191e-01
3.939634859561920166e-01
4.856866002082824707e-01
4.454918503761291504e-01
2.797209024429321289e-01
5.084018111228942871e-01
4.742398262023925781e-01
4.591617584228515625e-01
4.628455936908721924e-01
4.414201378822326660e-01
4.427947402000427246e-01
4.877893030643463135e-01
5.111594200134277344e-01
4.411749541759490967e-01
4.258190393447875977e-01
4.545136690139770508e-01
4.328834116458892822e-01
4.343159794807434082e-01
4.049794375896453857e-01
4.660678505897521973e-01
4.546880424022674561e-01
4.257405698299407959e-01
4.482678174972534180e-01
3.227943480014801025e-01
3.754254877567291260e-01
4.121236801147460938e-01
4.265561103820800781e-01
4.383547902107238770e-01
4.634015560150146484e-01
5.068816542625427246e-01
4.633415639400482178e-01
4.618618190288543701e-01
4.269674122333526611e-01
4.525963962078094482e-01
4.848398566246032715e-01
4.365471601486206055e-01
4.641310870647430420e-01
3.671642839908599854e-01
4.857657551765441895e-01
4.822596609592437744e-01
4.260260462760925293e-01
5.122434496879577637e-01
4.781491160392761230e-01
4.664033353328704834e-01
4.776858091354370117e-01
4.026439189910888672e-01
4.179186522960662842e-01
4.685625433921813965e-01
4.155827164649963379e-01
4.705279469490051270e-01
4.368557333946228027e-01
4.533783197402954102e-01
4.750196635723114014e-01
4.516103863716125488e-01
3.935258388519287109e-01
2.821295559406280518e-01
4.509718120098114014e-01
4.724840223789215088e-01
4.588892161846160889e-01
4.702396988868713379e-01
4.479896426200866699e-01
4.628432393074035645e-01
4.347809553146362305e-01
4.690155088901519775e-01
4.090366065502166748e-01
4.351900815963745117e-01
4.407434165477752686e-01
4.454635679721832275e-01
4.223936498165130615e-01
4.657828211784362793e-01
4.942516982555389404e-01
4.271300733089447021e-01
4.694803953170776367e-01
4.149768650531768799e-01
5.037569999694824219e-01
4.476844370365142822e-01
4.768842160701751709e-01
4.799597561359405518e-01
4.412870407104492188e-01
4.560641050338745117e-01
4.570831656455993652e-01
5.001603364944458008e-01
4.238154888153076172e-01
4.517254233360290527e-01
4.658856689929962158e-01
4.395394027233123779e-01
4.861272573471069336e-01
5.080150961875915527e-01
4.518195986747741699e-01
4.151595830917358398e-01
4.472211599349975586e-01
4.819366037845611572e-01
4.090219736099243164e-01
4.400022327899932861e-01
4.253888130187988281e-01
4.881037771701812744e-01
4.904568493366241455e-01
4.261629283428192139e-01
4.531177580356597900e-01
4.223151803016662598e-01
4.462485015392303467e-01
5.002398490905761719e-01
4.118084013462066650e-01
5.089585781097412109e-01
4.136900007724761963e-01
4.087676405906677246e-01
4.918028116226196289e-01
4.920733273029327393e-01
3.562289178371429443e-01
4.623641073703765869e-01
4.844214022159576416e-01
4.515691697597503662e-01
3.679596483707427979e-01
4.947187304496765137e-01
4.585629701614379883e-01
4.467203319072723389e-01
4.113693833351135254e-01
4.365858733654022217e-01
4.621993303298950195e-01
4.076159000396728516e-01
4.422746896743774414e-01
4.297357201576232910e-01
4.935148656368255615e-01
4.603772759437561035e-01
4.607066810131072998e-01
4.527298510074615479e-01
4.738811552524566650e-01
4.545762240886688232e-01
4.451012611389160156e-01
4.457677006721496582e-01
4.321054220199584961e-01
4.964766204357147217e-01
4.329418241977691650e-01
4.489721357822418213e-01
4.100290536880493164e-01
5.144422650337219238e-01
3.983137905597686768e-01
4.566743969917297363e-01
4.184622764587402344e-01
4.836954474449157715e-01
4.901876151561737061e-01
4.546306729316711426e-01
4.658304154872894287e-01
4.612461030483245850e-01
5.137958526611328125e-01
4.164234101772308350e-01
4.022396504878997803e-01
4.383145272731781006e-01
4.611718952655792236e-01
4.252961277961730957e-01
3.484140038490295410e-01
5.117502212524414062e-01
4.427108764648437500e-01
4.009262025356292725e-01
4.975337386131286621e-01
3.602439761161804199e-01
4.703263938426971436e-01
4.264066219329833984e-01
4.199861288070678711e-01
4.763900637626647949e-01
4.812711477279663086e-01
4.907177388668060303e-01
4.662130177021026611e-01
3.927082121372222900e-01
4.086618423461914062e-01
4.320342242717742920e-01
4.281043410301208496e-01
2.727464139461517334e-01
4.854111671447753906e-01
3.830226659774780273e-01
4.610195159912109375e-01
2.882208824157714844e-01
4.207819402217864990e-01
4.792523086071014404e-01
4.403120577335357666e-01
4.673726558685302734e-01
4.386036098003387451e-01
4.817114472389221191e-01
4.283962249755859375e-01
4.390862584114074707e-01
4.423607885837554932e-01
3.918546438217163086e-01
4.448837041854858398e-01
4.117383062839508057e-01
4.360800683498382568e-01
3.780581653118133545e-01
4.529201686382293701e-01
4.724738001823425293e-01
4.182227253913879395e-01
4.595908224582672119e-01
5.043447017669677734e-01
5.306336879730224609e-01
4.990071058273315430e-01
4.394939243793487549e-01
4.900400936603546143e-01
5.091781020164489746e-01
4.227286875247955322e-01
2.709327638149261475e-01
4.549256563186645508e-01
4.458107948303222656e-01
4.656583666801452637e-01
5.135126113891601562e-01
4.529953598976135254e-01
4.568185210227966309e-01
4.571377635002136230e-01
4.784680008888244629e-01
4.236206114292144775e-01
4.038790464401245117e-01
3.971472978591918945e-01
3.918578028678894043e-01
4.535730779170989990e-01
4.190910160541534424e-01
4.000134170055389404e-01
4.336888790130615234e-01
3.775673508644104004e-01
3.920069336891174316e-01
4.579803347587585449e-01
4.878639578819274902e-01
4.866992533206939697e-01
4.760946035385131836e-01
3.828997611999511719e-01
4.365368783473968506e-01
4.379283487796783447e-01
4.798234701156616211e-01
4.557149708271026611e-01
4.210464954376220703e-01
4.666767120361328125e-01
4.522476494312286377e-01
5.086881518363952637e-01
4.506160020828247070e-01
4.676808416843414307e-01
4.561684727668762207e-01
2.674036026000976562e-01
4.264740347862243652e-01
4.537086188793182373e-01
4.349963068962097168e-01
4.710611402988433838e-01
4.410496354103088379e-01
4.551202058792114258e-01
4.473955631256103516e-01
3.517051935195922852e-01
3.581004738807678223e-01
4.778671562671661377e-01
3.989834487438201904e-01
4.482739567756652832e-01
4.674183726310729980e-01
3.233999907970428467e-01
4.421193599700927734e-01
4.767476618289947510e-01
4.538365602493286133e-01
5.057215690612792969e-01
4.120216071605682373e-01
4.656328260898590088e-01
4.092616140842437744e-01
4.331331849098205566e-01
5.129762887954711914e-01
4.643250703811645508e-01
4.540030062198638916e-01
4.197690188884735107e-01
4.484347105026245117e-01
4.458743035793304443e-01
5.002313852310180664e-01
4.084874391555786133e-01
4.669300615787506104e-01
4.577237665653228760e-01
4.310441017150878906e-01
3.020925521850585938e-01
5.014023184776306152e-01
4.105274081230163574e-01
4.479631483554840088e-01
3.456189930438995361e-01
3.950340151786804199e-01
4.826522469520568848e-01
4.117907881736755371e-01
4.462645649909973145e-01
4.430065453052520752e-01
4.604756832122802734e-01
4.712094962596893311e-01
4.244522750377655029e-01
4.839787483215332031e-01
4.336983859539031982e-01
5.000501871109008789e-01
4.494551718235015869e-01
4.590685963630676270e-01
4.062514305114746094e-01
4.599485695362091064e-01
4.504296779632568359e-01
3.607869446277618408e-01
5.125945210456848145e-01
4.574013948440551758e-01
4.723270237445831299e-01
4.249680340290069580e-01
4.167785644531250000e-01
4.344944655895233154e-01
3.185975551605224609e-01
4.961327016353607178e-01
4.774163365364074707e-01
4.868552684783935547e-01
3.604536354541778564e-01
4.673109352588653564e-01
4.857007265090942383e-01
4.548194408416748047e-01
4.093516170978546143e-01
4.318032860755920410e-01
3.581427335739135742e-01
4.629553258419036865e-01
4.766302704811096191e-01
4.548836052417755127e-01
4.310791492462158203e-01
4.770327210426330566e-01
3.205723166465759277e-01
4.290234148502349854e-01
3.665449917316436768e-01
4.712270796298980713e-01
4.955638349056243896e-01
3.503826260566711426e-01
4.537979662418365479e-01
4.351123571395874023e-01
4.822850227355957031e-01
4.315548539161682129e-01
4.986625909805297852e-01
5.031676292419433594e-01
3.831379711627960205e-01
4.675881862640380859e-01
4.410496354103088379e-01
4.631832540035247803e-01
3.932878375053405762e-01
4.501416683197021484e-01
4.568658471107482910e-01
3.877283334732055664e-01
4.224148094654083252e-01
4.862265586853027344e-01
4.462964534759521484e-01
4.122551679611206055e-01
4.707636535167694092e-01
4.758492708206176758e-01
4.302621781826019287e-01
4.779694080352783203e-01
