8.545067310333251953e-01
4.883447289466857910e-01
7.376535534858703613e-01
2.934088706970214844e-01
7.960770726203918457e-01
8.579217791557312012e-01
7.562490701675415039e-01
7.527869939804077148e-01
2.331127822399139404e-01
9.002211093902587891e-01
6.904864311218261719e-01
7.754804491996765137e-01
7.064761519432067871e-01
1.942714899778366089e-01
8.304579854011535645e-01
6.005749106407165527e-01
2.261585593223571777e-01
6.298990249633789062e-01
2.222005128860473633e-01
6.638200879096984863e-01
6.052711606025695801e-01
7.366047501564025879e-01
7.847536206245422363e-01
9.035890102386474609e-01
7.288005352020263672e-01
6.521008610725402832e-01
4.184257984161376953e-01
6.382740736007690430e-01
6.453491449356079102e-01
6.030756235122680664e-01
7.313566207885742188e-01
2.061443924903869629e-01
5.788235068321228027e-01
2.583398520946502686e-01
4.188833236694335938e-01
8.493133783340454102e-01
8.963904380798339844e-01
4.759137332439422607e-01
7.374204397201538086e-01
1.584984660148620605e-01
8.700826764106750488e-01
8.709878921508789062e-01
3.870466649532318115e-01
3.623254001140594482e-01
1.967167109251022339e-01
6.832010746002197266e-01
6.842385530471801758e-01
2.021098881959915161e-01
1.761121600866317749e-01
6.431509852409362793e-01
7.987528443336486816e-01
6.647195816040039062e-01
7.177197933197021484e-01
3.325148224830627441e-01
4.224602878093719482e-01
8.939310908317565918e-01
5.805086493492126465e-01
3.917405605316162109e-01
7.164481878280639648e-01
5.845334529876708984e-01
4.012545347213745117e-01
3.236315846443176270e-01
6.323845982551574707e-01
8.116352558135986328e-01
9.089825153350830078e-01
6.341490745544433594e-01
6.555362343788146973e-01
6.544823050498962402e-01
8.438346982002258301e-01
9.024839997291564941e-01
8.212286233901977539e-01
8.866745233535766602e-01
7.185181975364685059e-01
7.900288105010986328e-01
5.982212424278259277e-01
4.965021908283233643e-01
7.655101418495178223e-01
1.131693720817565918e-01
3.688736259937286377e-02
7.604240626096725464e-02
9.955697506666183472e-02
3.456813693046569824e-01
8.390532135963439941e-01
9.296573400497436523e-01
1.714429855346679688e-01
3.498861491680145264e-01
6.746906042098999023e-01
9.244651794433593750e-01
4.905082285404205322e-01
8.434706926345825195e-01
1.961863785982131958e-01
1.809379756450653076e-01
3.038425743579864502e-01
5.856421589851379395e-01
7.884722948074340820e-01
3.595814406871795654e-01
2.682078182697296143e-01
3.539926707744598389e-01
1.904276460409164429e-01
9.667623043060302734e-02
9.248786568641662598e-01
8.771737217903137207e-01
6.297464370727539062e-01
8.763948678970336914e-01
8.499410748481750488e-01
2.478454560041427612e-01
5.287497043609619141e-01
6.914888620376586914e-01
8.639596700668334961e-01
7.276536226272583008e-01
7.746562361717224121e-01
1.688591241836547852e-01
7.849705219268798828e-01
5.259474515914916992e-01
5.611869692802429199e-01
8.099976181983947754e-01
2.507306635379791260e-01
3.183048367500305176e-01
5.855467915534973145e-01
8.124148845672607422e-01
6.397631764411926270e-01
8.709132671356201172e-01
7.926887869834899902e-01
7.564611434936523438e-01
2.296179085969924927e-01
2.666300237178802490e-01
8.413761854171752930e-01
5.579444766044616699e-01
9.562903046607971191e-01
6.727291941642761230e-01
7.538590431213378906e-01
5.883841514587402344e-01
6.048233509063720703e-01
4.787926375865936279e-01
5.631517171859741211e-01
6.286621689796447754e-01
8.502781391143798828e-01
9.735599160194396973e-02
3.975160419940948486e-01
5.129677057266235352e-01
9.235329031944274902e-01
5.711430907249450684e-01
8.868398070335388184e-01
6.799937486648559570e-01
2.727530598640441895e-01
6.830847263336181641e-01
8.584976941347122192e-02
6.194659471511840820e-01
3.539350330829620361e-01
1.019487008452415466e-01
6.429342627525329590e-01
5.141133666038513184e-01
3.116845488548278809e-01
8.044520616531372070e-01
3.883807659149169922e-01
6.657525897026062012e-01
9.216508269309997559e-01
2.830516993999481201e-01
8.012117147445678711e-01
9.647103548049926758e-01
2.406571060419082642e-01
9.344527721405029297e-01
5.615480542182922363e-01
1.618324518203735352e-01
4.431232213973999023e-01
3.013819754123687744e-01
7.122927904129028320e-01
8.307131528854370117e-01
6.098250150680541992e-01
4.264090955257415771e-01
6.515181064605712891e-01
9.905328601598739624e-02
7.993372678756713867e-01
6.655287742614746094e-01
8.142055869102478027e-01
6.498171091079711914e-01
2.368142902851104736e-01
8.934347629547119141e-01
4.670155942440032959e-01
1.751466393470764160e-01
7.785947918891906738e-01
2.679410576820373535e-01
7.913972139358520508e-01
8.137783408164978027e-01
9.267406463623046875e-01
9.133925437927246094e-01
7.871878743171691895e-01
8.133600354194641113e-01
9.303183555603027344e-01
3.760961592197418213e-01
3.784380555152893066e-01
5.452293753623962402e-01
8.300114870071411133e-01
7.813283205032348633e-01
5.643841624259948730e-01
7.369948625564575195e-01
7.777775526046752930e-01
7.662167549133300781e-01
8.946139216423034668e-01
2.784341871738433838e-01
8.676299452781677246e-01
5.228302478790283203e-01
8.853375911712646484e-01
1.034845560789108276e-01
7.433385252952575684e-01
3.047121465206146240e-01
7.576892971992492676e-01
2.027085125446319580e-01
7.968593835830688477e-01
5.026159286499023438e-01
7.391047477722167969e-01
8.432824611663818359e-01
5.042829513549804688e-01
7.498221099376678467e-02
3.758676946163177490e-01
5.747563242912292480e-01
7.540031075477600098e-01
7.938829064369201660e-01
6.204484105110168457e-01
3.703097999095916748e-01
8.343943953514099121e-01
8.596582412719726562e-01
8.356115818023681641e-01
9.141468405723571777e-01
6.670938134193420410e-01
8.360289335250854492e-01
2.674070000648498535e-01
1.923332214355468750e-01
1.625811308622360229e-01
6.598674058914184570e-01
4.381109178066253662e-01
8.835135698318481445e-01
4.276275932788848877e-01
8.085775375366210938e-01
7.209653854370117188e-01
7.486507892608642578e-01
2.218500822782516479e-01
4.175457358360290527e-01
7.377085685729980469e-01
8.448957204818725586e-01
8.505382537841796875e-01
7.678667306900024414e-01
1.402142047882080078e-01
8.292329907417297363e-01
2.909791469573974609e-01
5.663546919822692871e-01
8.628645539283752441e-02
2.916572391986846924e-01
9.458572864532470703e-01
9.121832847595214844e-01
9.196647405624389648e-01
3.388110697269439697e-01
1.150863841176033020e-01
8.602323532104492188e-01
6.337727904319763184e-01
7.769653797149658203e-01
9.381687641143798828e-01
8.905528783798217773e-01
7.528112530708312988e-01
2.230766415596008301e-01
1.099337488412857056e-01
3.872306346893310547e-01
9.041543006896972656e-01
8.425472974777221680e-01
4.470735490322113037e-01
6.560973525047302246e-01
6.649745702743530273e-01
2.454400211572647095e-01
7.963973879814147949e-01
1.940874457359313965e-01
8.459020256996154785e-01
8.276767134666442871e-01
6.342207789421081543e-01
9.257259964942932129e-01
9.017838239669799805e-01
6.729589104652404785e-01
1.670855432748794556e-01
5.081683397293090820e-01
1.959892660379409790e-01
7.657353878021240234e-01
8.875786662101745605e-01
3.483197689056396484e-01
5.956172347068786621e-01
5.370752215385437012e-01
7.600341439247131348e-01
7.683335542678833008e-01
8.285615444183349609e-01
7.204598784446716309e-01
8.953619003295898438e-01
8.846157044172286987e-02
2.403875440359115601e-01
1.495065689086914062e-01
2.895192205905914307e-01
8.252676725387573242e-01
7.834197282791137695e-01
3.026993274688720703e-01
8.536490797996520996e-01
6.258426308631896973e-01
8.171217441558837891e-01
8.884406089782714844e-01
1.440793424844741821e-01
1.296360343694686890e-01
4.156489968299865723e-01
9.296196699142456055e-01
8.086520433425903320e-01
9.299027323722839355e-01
6.827846169471740723e-01
2.183070629835128784e-01
9.283506274223327637e-01
6.543076634407043457e-01
6.466885209083557129e-01
7.506121993064880371e-01
7.051282525062561035e-01
6.967405080795288086e-01
6.046813726425170898e-01
2.832562327384948730e-01
8.336251378059387207e-01
4.858565628528594971e-01
2.266536206007003784e-01
7.018157243728637695e-01
6.509243845939636230e-01
2.790135145187377930e-01
8.959413170814514160e-01
8.672833442687988281e-01
8.529472947120666504e-01
4.012792110443115234e-01
8.272994756698608398e-01
6.147046089172363281e-01
9.088158011436462402e-01
6.662005186080932617e-01
8.193933367729187012e-01
7.850329875946044922e-01
6.559909582138061523e-01
1.999401152133941650e-01
4.462483227252960205e-01
1.363339126110076904e-01
5.147055983543395996e-01
3.144952356815338135e-01
1.302693784236907959e-01
1.938125193119049072e-01
3.726873695850372314e-01
5.317620635032653809e-01
8.437450528144836426e-01
2.772164940834045410e-01
1.900103986263275146e-01
1.472079753875732422e-01
3.086567521095275879e-01
1.833864003419876099e-01
4.290957748889923096e-01
8.281195759773254395e-01
3.408073782920837402e-01
8.286357522010803223e-01
7.001037597656250000e-01
7.625810503959655762e-01
3.946196734905242920e-01
3.392431139945983887e-01
4.818871021270751953e-01
7.390521168708801270e-01
7.868456840515136719e-01
8.322899341583251953e-01
7.778338789939880371e-01
7.059912681579589844e-01
9.873390942811965942e-02
8.180574178695678711e-01
8.390786051750183105e-01
6.728778481483459473e-01
7.029096484184265137e-01
4.891929924488067627e-01
2.454412877559661865e-01
4.701626300811767578e-01
7.438504099845886230e-01
8.994568884372711182e-02
2.749566137790679932e-01
2.403515130281448364e-01
8.803756237030029297e-01
4.886285662651062012e-01
8.715309500694274902e-01
7.175009846687316895e-01
6.566717028617858887e-01
3.751016259193420410e-01
7.954545021057128906e-01
2.661413848400115967e-01
3.799028694629669189e-01
8.916279673576354980e-01
1.059889867901802063e-01
4.606815874576568604e-01
9.121683835983276367e-01
7.591900229454040527e-01
5.634939074516296387e-01
3.260532021522521973e-01
2.932811975479125977e-01
1.530016660690307617e-01
2.879891097545623779e-01
1.482365578413009644e-01
7.561328411102294922e-01
7.731214761734008789e-01
7.424439787864685059e-01
1.552622467279434204e-01
9.158535003662109375e-01
2.699401378631591797e-01
7.351074218750000000e-01
7.705219984054565430e-01
8.375577926635742188e-01
6.702747941017150879e-01
2.068365365266799927e-01
4.465192854404449463e-01
5.861553549766540527e-01
4.558119475841522217e-01
7.585679888725280762e-01
8.708079457283020020e-01
7.048397064208984375e-01
6.583272218704223633e-01
7.733547091484069824e-01
3.630803227424621582e-01
8.350107073783874512e-01
9.153274297714233398e-01
8.387212157249450684e-01
8.459726572036743164e-01
7.676972150802612305e-01
1.346371918916702271e-01
2.628987133502960205e-01
4.351681768894195557e-01
3.541728556156158447e-01
9.454881548881530762e-01
4.758432805538177490e-01
3.638227283954620361e-01
5.058642029762268066e-01
1.246906593441963196e-01
2.284565418958663940e-01
1.478923261165618896e-01
8.261945843696594238e-01
4.743292629718780518e-01
3.950665593147277832e-01
3.397539854049682617e-01
7.104934006929397583e-02
8.434715270996093750e-01
5.952724814414978027e-01
5.724053382873535156e-01
8.595433831214904785e-01
6.391426324844360352e-01
5.499074459075927734e-01
2.276665717363357544e-01
7.647798061370849609e-01
4.700202941894531250e-01
1.560869216918945312e-01
7.251995205879211426e-01
7.978095412254333496e-01
2.404548525810241699e-01
4.596102237701416016e-01
4.828152656555175781e-01
3.545646965503692627e-01
1.631509512662887573e-01
2.723451852798461914e-01
1.557523012161254883e-01
4.460948407649993896e-01
2.971692681312561035e-01
7.817429304122924805e-01
3.325148224830627441e-01
8.046824932098388672e-01
2.887556552886962891e-01
8.977342844009399414e-01
7.799319028854370117e-01
7.031408548355102539e-01
6.878748536109924316e-01
2.416604608297348022e-01
7.445234060287475586e-01
1.645641773939132690e-01
1.717453747987747192e-01
1.547927707433700562e-01
7.882963418960571289e-01
2.600518763065338135e-01
3.476883172988891602e-01
4.903523027896881104e-01
9.194645285606384277e-01
5.978147387504577637e-01
9.038688540458679199e-01
9.072395563125610352e-01
5.742217898368835449e-01
3.198079764842987061e-01
8.709202408790588379e-01
5.249758362770080566e-01
4.520767033100128174e-01
5.149827599525451660e-01
3.481515944004058838e-01
1.345964968204498291e-01
4.126065373420715332e-01
4.786177575588226318e-01
7.573518157005310059e-01
9.056454300880432129e-01
6.226710081100463867e-01
2.179953604936599731e-01
5.747563242912292480e-01
5.567351579666137695e-01
3.997998535633087158e-01
7.335284948348999023e-01
3.798224627971649170e-01
7.622712254524230957e-01
7.445408701896667480e-01
7.384744882583618164e-01
2.622257471084594727e-01
6.237535476684570312e-01
9.159619212150573730e-01
7.175899744033813477e-01
4.383402168750762939e-01
8.968994021415710449e-01
1.627066880464553833e-01
2.686660885810852051e-01
6.339594125747680664e-01
8.048972487449645996e-01
1.537931561470031738e-01
8.020743131637573242e-01
6.714584231376647949e-01
2.049508839845657349e-01
7.997018694877624512e-01
1.727541834115982056e-01
8.417461514472961426e-01
1.855238974094390869e-01
9.072510898113250732e-02
5.450726151466369629e-01
7.295784354209899902e-01
6.893138885498046875e-01
3.413071632385253906e-01
4.129643738269805908e-01
3.923276364803314209e-01
6.452745795249938965e-01
5.681601762771606445e-01
8.646924495697021484e-01
9.072600603103637695e-01
8.008908629417419434e-01
1.348542571067810059e-01
2.986147999763488770e-01
8.094448447227478027e-01
4.726867377758026123e-01
3.743340671062469482e-01
2.093710303306579590e-01
2.041400074958801270e-01
9.265719652175903320e-01
6.414749026298522949e-01
5.842165350914001465e-01
5.173382759094238281e-01
8.335974812507629395e-01
3.046440482139587402e-01
9.140276908874511719e-01
3.440411984920501709e-01
7.129224538803100586e-01
7.373637557029724121e-01
8.626595139503479004e-01
2.275543510913848877e-01
4.404002428054809570e-01
3.343873918056488037e-01
7.456437498331069946e-02
5.671703815460205078e-01
9.189439415931701660e-01
2.239399850368499756e-01
7.323666810989379883e-01
5.069102048873901367e-01
5.900146961212158203e-01
6.004793643951416016e-01
2.512026727199554443e-01
8.194421529769897461e-01
1.869510114192962646e-01
3.841011822223663330e-01
9.957313537597656250e-02
3.427003324031829834e-01
6.244465112686157227e-01
2.206088602542877197e-01
8.481854796409606934e-01
4.990961253643035889e-01
6.807851791381835938e-01
7.458350062370300293e-01
2.860313653945922852e-01
8.061283826828002930e-01
2.544848620891571045e-01
6.991638243198394775e-02
8.569552302360534668e-01
7.725883126258850098e-01
8.125784993171691895e-01
8.121475577354431152e-01
6.678526997566223145e-01
7.737343311309814453e-01
8.461886048316955566e-01
7.378279566764831543e-01
1.955097913742065430e-01
9.240806102752685547e-02
6.422927975654602051e-01
3.800104558467864990e-01
1.445517838001251221e-01
7.001538276672363281e-01
3.015425205230712891e-01
9.523803591728210449e-01
9.308500289916992188e-01
3.186976611614227295e-01
6.745209544897079468e-02
4.230800271034240723e-01
3.772364556789398193e-01
5.327240824699401855e-01
8.549253344535827637e-01
4.398463070392608643e-01
7.229307293891906738e-01
7.854270339012145996e-01
1.626970469951629639e-01
4.516386389732360840e-01
3.720029294490814209e-01
5.320879220962524414e-01
9.065429568290710449e-01
8.788633942604064941e-01
8.351001739501953125e-01
1.877065151929855347e-01
7.255795598030090332e-01
6.454005241394042969e-01
4.792922139167785645e-01
5.732160806655883789e-01
8.703634142875671387e-01
6.063688993453979492e-01
9.117071032524108887e-01
8.335092663764953613e-01
9.018142819404602051e-01
7.568178772926330566e-01
6.563361883163452148e-01
1.563097834587097168e-01
4.613150954246520996e-01
4.441951811313629150e-01
3.781822025775909424e-01
7.486360669136047363e-01
1.834072321653366089e-01
8.287595510482788086e-01
1.099337488412857056e-01
7.682873010635375977e-01
8.867961913347244263e-02
1.533081084489822388e-01
2.791238427162170410e-01
7.460522055625915527e-01
8.429036140441894531e-01
2.759515345096588135e-01
9.211412072181701660e-01
6.392142176628112793e-01
5.451146364212036133e-01
1.552902907133102417e-01
1.447187364101409912e-01
4.744629859924316406e-01
7.746145129203796387e-01
8.290238380432128906e-01
8.001741170883178711e-01
9.128866195678710938e-01
5.778148174285888672e-01
1.029526442289352417e-01
8.259091377258300781e-01
8.139094114303588867e-01
8.493949174880981445e-01
8.783963918685913086e-01
2.137123197317123413e-01
7.734916806221008301e-01
8.832559585571289062e-01
4.198006689548492432e-01
6.794587969779968262e-01
7.148944735527038574e-01
3.513987958431243896e-01
5.632851719856262207e-01
2.174856066703796387e-01
7.600150108337402344e-01
7.601187229156494141e-01
4.911864995956420898e-01
4.871029257774353027e-01
6.103639602661132812e-01
7.962462306022644043e-01
2.625955343246459961e-01
5.938445925712585449e-01
1.573311090469360352e-01
5.609942674636840820e-01
8.488693833351135254e-01
1.907674968242645264e-01
8.038007616996765137e-01
5.490872263908386230e-01
5.484019517898559570e-01
8.460515737533569336e-01
1.673057824373245239e-01
8.101912736892700195e-01
6.596046686172485352e-01
8.301987648010253906e-01
6.232763528823852539e-01
8.667126297950744629e-01
4.286405444145202637e-01
2.334159314632415771e-01
7.818106412887573242e-01
1.793064922094345093e-01
3.204563856124877930e-01
7.500209808349609375e-01
2.916929423809051514e-01
7.815409898757934570e-01
7.681100368499755859e-01
7.196981906890869141e-01
4.737142026424407959e-01
6.266828179359436035e-01
9.348094463348388672e-01
6.433052420616149902e-01
8.145920634269714355e-01
5.357744693756103516e-01
7.536513805389404297e-01
7.244707345962524414e-01
8.850188851356506348e-01
3.422870934009552002e-01
4.831698834896087646e-01
8.819691538810729980e-01
1.191566735506057739e-01
5.092640519142150879e-01
8.903919458389282227e-01
2.262880802154541016e-01
9.071461558341979980e-01
3.516222834587097168e-01
6.205620765686035156e-01
6.659283638000488281e-01
9.403503537178039551e-01
8.768069744110107422e-01
3.999770283699035645e-01
7.902141213417053223e-01
8.392338156700134277e-01
5.960514545440673828e-01
4.916706681251525879e-02
1.311571151018142700e-01
5.899681448936462402e-01
7.291150689125061035e-01
3.818528652191162109e-01
4.107235670089721680e-01
7.988929748535156250e-01
5.126672387123107910e-01
9.258661866188049316e-01
1.244921237230300903e-01
9.333569407463073730e-01
1.261513978242874146e-01
7.198837995529174805e-01
8.072893023490905762e-01
3.268415033817291260e-01
8.039302825927734375e-01
5.628634095191955566e-01
6.678526997566223145e-01
8.520024418830871582e-01
8.957957625389099121e-01
7.562935352325439453e-01
8.982371687889099121e-01
4.676913917064666748e-01
8.712156414985656738e-01
8.668016195297241211e-01
7.764695286750793457e-01
3.455414175987243652e-01
1.714874505996704102e-01
2.172957062721252441e-01
1.770222634077072144e-01
8.087722063064575195e-01
9.211412072181701660e-01
4.877664744853973389e-01
8.119877576828002930e-01
4.723482429981231689e-01
6.581007242202758789e-01
6.971040964126586914e-01
7.689629197120666504e-01
9.240874648094177246e-01
7.263877987861633301e-01
8.356272578239440918e-01
6.661981940269470215e-01
6.876568794250488281e-01
8.491508960723876953e-01
8.397758007049560547e-01
1.820342540740966797e-01
7.443570494651794434e-01
1.908208727836608887e-01
6.718313097953796387e-01
6.551641821861267090e-01
6.103186607360839844e-01
8.783366084098815918e-01
6.303055286407470703e-01
3.940212428569793701e-01
2.319239526987075806e-01
5.510055422782897949e-01
8.443578481674194336e-01
2.732733786106109619e-01
9.666378051042556763e-02
6.383479237556457520e-01
3.737077713012695312e-01
7.051070928573608398e-01
7.454923391342163086e-01
8.832963705062866211e-01
4.318854510784149170e-01
6.404492259025573730e-01
2.453604787588119507e-01
5.159496068954467773e-01
8.889986276626586914e-01
7.232810258865356445e-01
9.106454253196716309e-01
3.843634724617004395e-01
6.662548780441284180e-01
2.653038203716278076e-01
8.280231952667236328e-01
4.093527793884277344e-01
7.013784050941467285e-01
9.065890908241271973e-01
1.557023525238037109e-01
6.184517741203308105e-01
6.864439249038696289e-01
7.579662203788757324e-01
7.277765870094299316e-01
2.687552869319915771e-01
1.099337488412857056e-01
6.367329955101013184e-01
9.300426244735717773e-01
2.157604247331619263e-01
8.630940914154052734e-01
8.264633417129516602e-01
5.696599483489990234e-01
9.376893043518066406e-01
3.693183958530426025e-01
4.572803080081939697e-01
7.816216945648193359e-01
9.084739089012145996e-01
2.709154188632965088e-01
9.143825769424438477e-01
9.006575345993041992e-01
1.510693579912185669e-01
4.587966203689575195e-01
3.866648375988006592e-01
8.258523344993591309e-01
8.887768387794494629e-01
4.198278188705444336e-01
2.496154308319091797e-01
8.884632587432861328e-01
5.067691802978515625e-01
4.503599405288696289e-01
3.509249985218048096e-01
2.179051190614700317e-01
6.680575609207153320e-01
8.118444085121154785e-01
9.197568297386169434e-01
6.341287493705749512e-01
7.510724663734436035e-01
8.033542037010192871e-01
6.820994615554809570e-01
3.896082937717437744e-01
3.525669872760772705e-01
5.315417051315307617e-01
6.549122929573059082e-01
5.377089977264404297e-01
2.832800745964050293e-01
2.750394046306610107e-01
5.870584249496459961e-01
3.066402673721313477e-01
8.841581940650939941e-01
2.734048366546630859e-01
9.232159852981567383e-01
7.516082525253295898e-01
6.956359744071960449e-01
7.079134583473205566e-01
8.553917407989501953e-01
2.109191939234733582e-02
8.907203078269958496e-01
5.018271207809448242e-01
6.063449382781982422e-01
4.414617121219635010e-01
1.850923150777816772e-01
8.958235383033752441e-02
4.112509489059448242e-01
2.556627094745635986e-01
8.331796526908874512e-01
5.021166801452636719e-01
2.628388404846191406e-01
1.371060758829116821e-01
9.527085423469543457e-01
6.761607527732849121e-01
1.975568532943725586e-01
4.085249602794647217e-01
2.014234811067581177e-01
3.499640524387359619e-01
4.645258188247680664e-01
8.052828311920166016e-01
4.563175737857818604e-01
7.551733255386352539e-01
6.565009802579879761e-02
7.503637671470642090e-02
1.681925505399703979e-01
8.015128374099731445e-01
6.286621689796447754e-01
5.821030735969543457e-01
5.226673483848571777e-01
9.056341052055358887e-01
7.673257589340209961e-01
3.733814954757690430e-01
6.621834635734558105e-01
9.068288803100585938e-01
8.347738981246948242e-01
6.351349353790283203e-01
8.687658905982971191e-01
8.651220202445983887e-01
2.806755006313323975e-01
8.989878296852111816e-01
5.504156351089477539e-01
8.164636492729187012e-01
8.778097629547119141e-01
7.100555300712585449e-01
1.421042978763580322e-01
7.629817724227905273e-01
2.395908832550048828e-01
2.605360448360443115e-01
2.133162766695022583e-01
6.215295195579528809e-01
9.315865635871887207e-01
7.979503870010375977e-01
5.739095211029052734e-01
9.357581287622451782e-02
7.085027098655700684e-01
4.223350584506988525e-01
8.312876224517822266e-01
8.425083756446838379e-01
4.908216893672943115e-01
6.625222563743591309e-01
2.351063340902328491e-01
3.949536979198455811e-01
5.738394856452941895e-01
8.284681439399719238e-01
5.600662231445312500e-01
6.644551157951354980e-01
7.808279395103454590e-01
6.065099239349365234e-01
5.492817163467407227e-01
8.888683319091796875e-01
9.328268766403198242e-01
8.289088606834411621e-01
5.436569452285766602e-01
2.060850113630294800e-01
7.978168725967407227e-01
1.926747709512710571e-01
7.825353741645812988e-01
4.017832279205322266e-01
9.263068437576293945e-01
2.495796680450439453e-01
8.926905989646911621e-01
3.515608012676239014e-01
2.976726591587066650e-01
1.273779422044754028e-01
9.334446191787719727e-01
9.133303761482238770e-01
1.051010265946388245e-01
4.376564323902130127e-01
5.897859334945678711e-01
9.026342630386352539e-01
8.277652412652969360e-02
8.793816566467285156e-01
8.981165289878845215e-01
6.828908324241638184e-01
5.917939543724060059e-01
5.241057276725769043e-01
3.457431793212890625e-01
8.871140480041503906e-01
3.093553781509399414e-01
4.360224008560180664e-01
7.236583232879638672e-01
7.400127053260803223e-01
9.024370312690734863e-01
8.375241160392761230e-01
8.919132947921752930e-01
8.709281086921691895e-01
1.472651511430740356e-01
7.024813294410705566e-01
8.685784339904785156e-01
8.233955502510070801e-01
7.179137468338012695e-01
6.889507770538330078e-01
4.379764199256896973e-01
6.494503021240234375e-01
7.258458137512207031e-01
8.986254334449768066e-01
7.378820776939392090e-01
2.459026873111724854e-01
6.572015881538391113e-01
1.631106436252593994e-01
7.366047501564025879e-01
1.862020045518875122e-01
4.615769982337951660e-01
7.748267650604248047e-01
7.305355668067932129e-01
8.751223236322402954e-02
2.142157405614852905e-01
8.450649380683898926e-01
5.102478861808776855e-01
7.782226204872131348e-01
2.514993250370025635e-01
6.056326627731323242e-01
5.084212422370910645e-01
4.160420000553131104e-01
8.199649453163146973e-01
8.619041442871093750e-01
4.487985074520111084e-01
7.593536376953125000e-01
6.706958413124084473e-01
8.405677974224090576e-02
4.092169106006622314e-01
7.290574908256530762e-01
6.208119392395019531e-01
3.968323767185211182e-01
1.535971164703369141e-01
4.309296607971191406e-01
8.695859909057617188e-01
6.752012372016906738e-01
1.940567046403884888e-01
6.893074512481689453e-01
8.424227237701416016e-01
4.615036547183990479e-01
9.438031315803527832e-01
8.826361894607543945e-01
4.473739564418792725e-01
5.017066001892089844e-01
9.311588406562805176e-01
9.065867066383361816e-01
8.154751062393188477e-01
6.248360872268676758e-01
8.280231952667236328e-01
8.490920811891555786e-02
7.482159137725830078e-01
6.715283989906311035e-01
5.242462158203125000e-01
7.649402618408203125e-01
4.305361807346343994e-01
4.775654971599578857e-01
4.978570342063903809e-01
5.890723466873168945e-01
8.820765614509582520e-01
1.854167878627777100e-01
7.540491819381713867e-01
1.838267892599105835e-01
8.815525174140930176e-01
2.461816966533660889e-01
5.377483963966369629e-01
1.395604014396667480e-01
7.105541825294494629e-01
7.189964652061462402e-01
7.023971080780029297e-01
8.112688660621643066e-01
1.791622638702392578e-01
8.175951242446899414e-01
6.678755283355712891e-01
4.479044079780578613e-01
8.325985670089721680e-01
3.405386805534362793e-01
8.647964000701904297e-01
5.710647702217102051e-01
3.876990675926208496e-01
3.501138687133789062e-01
8.942402154207229614e-02
7.746809720993041992e-01
8.597637414932250977e-01
3.594199717044830322e-01
7.606659531593322754e-01
5.205364227294921875e-01
3.340007662773132324e-01
7.696943879127502441e-01
4.467288032174110413e-02
7.354935407638549805e-01
4.064141809940338135e-01
8.592097163200378418e-01
4.319666028022766113e-01
6.286621689796447754e-01
3.196559250354766846e-01
2.320164293050765991e-01
7.260966897010803223e-01
5.284047126770019531e-01
1.595904529094696045e-01
6.921185255050659180e-01
8.175951242446899414e-01
7.779954671859741211e-01
7.530959844589233398e-01
6.085187196731567383e-01
1.924013495445251465e-01
5.052747130393981934e-01
9.018142819404602051e-01
6.742224693298339844e-01
9.033852815628051758e-01
1.696094870567321777e-01
7.590704560279846191e-01
7.208611965179443359e-01
8.060722053050994873e-02
2.396042495965957642e-01
8.681644797325134277e-01
8.700712919235229492e-01
4.476656913757324219e-01
3.771445155143737793e-01
8.267850875854492188e-01
9.055147171020507812e-01
8.914371132850646973e-01
6.050485372543334961e-01
8.744950890541076660e-01
5.977457761764526367e-01
7.379639744758605957e-01
3.583709299564361572e-01
8.371447920799255371e-01
5.799104571342468262e-01
6.763971447944641113e-01
2.866127490997314453e-01
1.273962557315826416e-01
2.158210873603820801e-01
1.848163306713104248e-01
2.190784364938735962e-01
1.331987529993057251e-01
7.723330259323120117e-01
6.199746727943420410e-01
4.322907030582427979e-01
6.529730558395385742e-01
1.366287916898727417e-01
7.236037850379943848e-01
6.145351529121398926e-01
8.673152327537536621e-01
5.875198245048522949e-01
7.559118270874023438e-01
7.039414048194885254e-01
5.355148911476135254e-01
1.140980497002601624e-01
2.675416469573974609e-01
6.191273927688598633e-01
9.024046063423156738e-01
2.891737520694732666e-01
6.744556427001953125e-01
1.818518489599227905e-01
2.015381306409835815e-01
2.049705088138580322e-01
8.458737134933471680e-01
8.465575575828552246e-01
1.005903631448745728e-01
8.634401559829711914e-01
9.107708930969238281e-01
4.782852530479431152e-01
2.878641784191131592e-01
8.265423178672790527e-01
6.759687662124633789e-01
2.065427601337432861e-01
3.692500591278076172e-01
7.395529150962829590e-01
2.256865650415420532e-01
6.955556869506835938e-01
4.594370424747467041e-01
8.082232475280761719e-01
8.832801580429077148e-01
4.291209876537322998e-01
2.589569389820098877e-01
7.854618877172470093e-02
1.913072019815444946e-01
9.070627689361572266e-01
5.726034045219421387e-01
4.375161826610565186e-01
5.446273088455200195e-01
6.433428525924682617e-01
9.079335927963256836e-01
8.730360865592956543e-01
4.889993071556091309e-01
3.730830252170562744e-01
7.059463858604431152e-01
2.138618379831314087e-01
1.595858335494995117e-01
4.769574701786041260e-01
6.695287823677062988e-01
9.016795754432678223e-01
6.081919744610786438e-02
5.477843880653381348e-01
5.253202319145202637e-01
8.737457990646362305e-01
4.988052845001220703e-01
8.625409007072448730e-01
2.184463739395141602e-01
5.829293727874755859e-01
8.300435543060302734e-01
4.890324175357818604e-01
1.919824481010437012e-01
4.121892154216766357e-01
5.499822497367858887e-01
1.375400871038436890e-01
8.876408338546752930e-01
8.906944990158081055e-01
1.927265077829360962e-01
4.675471782684326172e-01
2.535116076469421387e-01
1.014813780784606934e-01
2.081260681152343750e-01
2.513633295893669128e-02
6.832167506217956543e-01
9.086801409721374512e-01
9.662786722183227539e-01
1.427584141492843628e-01
4.494102001190185547e-01
5.899842977523803711e-01
5.536038279533386230e-01
6.674384474754333496e-01
7.221898436546325684e-01
8.103077411651611328e-01
6.368131190538406372e-02
2.800264060497283936e-01
8.303086757659912109e-01
3.682107627391815186e-01
3.212052881717681885e-01
7.652047872543334961e-01
3.129106462001800537e-01
2.953459620475769043e-01
2.397238016128540039e-01
7.907459139823913574e-01
4.500263333320617676e-01
8.289952874183654785e-01
8.004735112190246582e-01
8.946399092674255371e-01
8.949028253555297852e-01
7.647536396980285645e-01
2.593024969100952148e-01
3.789140284061431885e-01
8.790990710258483887e-01
3.129724562168121338e-01
5.398843884468078613e-01
6.566180586814880371e-01
6.835421323776245117e-01
5.288161039352416992e-01
1.236041486263275146e-01
8.366639018058776855e-01
9.109597206115722656e-01
1.228697672486305237e-01
2.731581330299377441e-01
3.072169721126556396e-01
3.608636558055877686e-01
2.436128258705139160e-01
5.281397104263305664e-01
6.642206907272338867e-01
2.870637774467468262e-01
3.596110045909881592e-01
8.696749210357666016e-01
8.795516490936279297e-01
4.892137050628662109e-01
3.003689348697662354e-01
1.762229800224304199e-01
8.518582582473754883e-01
4.793680310249328613e-01
7.063360810279846191e-01
6.391242742538452148e-01
6.636182069778442383e-01
8.583532571792602539e-01
7.342281937599182129e-01
2.753100991249084473e-01
4.999058544635772705e-01
5.571205615997314453e-01
6.668947935104370117e-01
9.207670688629150391e-01
7.130901217460632324e-01
6.818746328353881836e-01
8.471429944038391113e-01
4.883798062801361084e-01
8.219752907752990723e-01
4.379764199256896973e-01
7.093129158020019531e-01
6.261990070343017578e-01
1.150584742426872253e-01
5.729525685310363770e-01
8.235345482826232910e-01
5.650931596755981445e-01
8.637475967407226562e-01
8.270635604858398438e-01
5.131481289863586426e-01
6.102437376976013184e-01
2.591503560543060303e-01
1.824031770229339600e-01
7.183645963668823242e-01
8.926450014114379883e-01
7.777224183082580566e-01
4.608072936534881592e-01
7.965006828308105469e-01
1.822699606418609619e-01
2.988280355930328369e-01
7.685909271240234375e-01
8.366149067878723145e-01
3.068993091583251953e-01
6.670724153518676758e-01
1.203825846314430237e-01
1.744605898857116699e-01
9.089598059654235840e-01
2.995575368404388428e-01
8.256991505622863770e-01
7.838293910026550293e-01
8.423718810081481934e-01
2.931835055351257324e-01
1.198709607124328613e-01
1.191334053874015808e-01
8.667024970054626465e-01
8.709465861320495605e-01
9.587305039167404175e-02
3.883078098297119141e-01
2.093782722949981689e-01
1.734337657690048218e-01
5.761030912399291992e-01
8.344879746437072754e-01
7.968284487724304199e-01
7.471870779991149902e-01
8.476442694664001465e-01
5.417188405990600586e-01
1.310112923383712769e-01
3.609552979469299316e-01
8.138940930366516113e-01
3.929395973682403564e-01
3.827812373638153076e-01
6.456556916236877441e-02
7.525818943977355957e-01
6.468981504440307617e-01
9.159275889396667480e-01
7.743289470672607422e-01
6.624839901924133301e-01
2.681549787521362305e-01
4.809821546077728271e-01
7.647665739059448242e-01
3.114928603172302246e-01
2.061280757188796997e-01
1.284525245428085327e-01
6.718028783798217773e-01
1.420526355504989624e-01
8.448121547698974609e-01
7.699964642524719238e-01
5.820989608764648438e-01
5.401288270950317383e-01
4.595294892787933350e-01
2.666314542293548584e-01
4.625454246997833252e-01
6.483479142189025879e-01
4.166798591613769531e-01
3.504569828510284424e-01
6.568464040756225586e-01
5.950036048889160156e-01
7.427724599838256836e-01
3.753523230552673340e-01
4.145158529281616211e-01
7.445252537727355957e-01
7.844850420951843262e-02
8.910366296768188477e-01
7.420399188995361328e-01
9.364250302314758301e-01
8.265129327774047852e-01
1.995334476232528687e-01
4.930109083652496338e-01
5.673034191131591797e-01
1.301075220108032227e-01
7.106056809425354004e-01
7.364244461059570312e-01
6.377177238464355469e-01
2.722663283348083496e-01
8.031019568443298340e-01
2.080317288637161255e-01
9.043029546737670898e-01
1.420229524374008179e-01
9.053634405136108398e-01
7.941238284111022949e-01
3.240537345409393311e-01
9.078223705291748047e-01
9.403548240661621094e-01
1.463222503662109375e-01
8.365756273269653320e-01
1.961999237537384033e-01
5.555821657180786133e-01
2.210855670273303986e-02
4.634365141391754150e-01
5.392022132873535156e-01
4.765212833881378174e-01
8.368955254554748535e-01
2.079859673976898193e-01
7.068069577217102051e-01
7.369583249092102051e-01
8.592097163200378418e-01
8.282122015953063965e-01
8.813081383705139160e-01
5.708072185516357422e-01
1.246339529752731323e-01
9.405708312988281250e-02
5.826808214187622070e-01
6.691322922706604004e-01
4.871029257774353027e-01
9.214288592338562012e-01
3.355729281902313232e-01
8.624470829963684082e-01
7.131620645523071289e-01
8.616974949836730957e-01
7.905856519937515259e-02
2.590605020523071289e-01
9.418548941612243652e-01
5.050943493843078613e-01
7.433668971061706543e-01
7.601994872093200684e-01
7.484297156333923340e-01
2.334737777709960938e-01
8.169960379600524902e-01
9.214635491371154785e-01
5.748097300529479980e-01
6.703639030456542969e-01
1.846978515386581421e-01
5.460588335990905762e-01
7.416788935661315918e-01
4.715914428234100342e-01
4.902623295783996582e-01
5.620274692773818970e-02
2.867671251296997070e-01
3.811350166797637939e-01
5.986022949218750000e-01
2.899553477764129639e-01
7.031670808792114258e-01
3.998270332813262939e-01
3.023391067981719971e-01
6.695958971977233887e-01
7.683172225952148438e-01
3.968591094017028809e-01
6.837173700332641602e-01
5.148404836654663086e-01
3.824532032012939453e-01
8.309864401817321777e-01
1.443342268466949463e-01
8.704552054405212402e-01
1.589640825986862183e-01
9.203255176544189453e-01
8.617585897445678711e-01
8.429569005966186523e-01
7.516151070594787598e-01
5.024180412292480469e-01
5.111362934112548828e-01
4.410946667194366455e-01
4.098038673400878906e-01
5.639428496360778809e-01
4.719568490982055664e-01
6.929576992988586426e-01
7.961742877960205078e-01
4.676376581192016602e-01
6.056792736053466797e-01
7.617974877357482910e-01
4.612796902656555176e-01
7.018917798995971680e-01
7.209621667861938477e-01
1.554483473300933838e-01
5.554409027099609375e-01
2.000053375959396362e-01
8.660377860069274902e-01
8.659210205078125000e-01
3.097428083419799805e-01
4.045020937919616699e-01
8.694623112678527832e-01
5.130464434623718262e-01
5.130769014358520508e-01
3.445717096328735352e-01
1.837222129106521606e-01
1.092046126723289490e-01
1.114763021469116211e-01
4.804022908210754395e-01
9.563726186752319336e-02
8.388291001319885254e-01
3.309555649757385254e-01
7.723276615142822266e-01
3.641456663608551025e-01
8.580858111381530762e-01
9.268205165863037109e-01
2.108630686998367310e-01
4.169872701168060303e-01
8.125784993171691895e-01
8.293693065643310547e-01
7.741993069648742676e-01
8.118081092834472656e-01
3.166226148605346680e-01
8.048083782196044922e-01
5.238479375839233398e-01
8.893066048622131348e-01
1.613866537809371948e-01
5.668027997016906738e-01
3.850807249546051025e-01
8.459488153457641602e-01
8.648277521133422852e-01
8.929775655269622803e-02
7.734975218772888184e-01
2.335591614246368408e-01
4.710132181644439697e-01
5.714311599731445312e-01
3.934772610664367676e-01
4.664143621921539307e-01
5.595257282257080078e-01
1.593211442232131958e-01
4.758145213127136230e-01
9.189639687538146973e-01
6.974983215332031250e-01
5.039903521537780762e-01
8.708553910255432129e-01
9.376134276390075684e-01
7.829927206039428711e-01
8.428748250007629395e-01
4.287719726562500000e-01
3.773309588432312012e-01
6.088929772377014160e-01
9.548433423042297363e-01
9.128776788711547852e-01
4.013774096965789795e-01
7.884143590927124023e-01
8.901749253273010254e-01
2.145422697067260742e-01
8.130905628204345703e-01
4.745935499668121338e-01
9.568989276885986328e-02
4.379761517047882080e-01
2.657132446765899658e-01
3.139883875846862793e-01
2.557548284530639648e-01
2.353594005107879639e-01
8.513354063034057617e-01
5.847594141960144043e-01
8.222495019435882568e-02
9.323089122772216797e-01
7.679618000984191895e-01
8.243204355239868164e-01
8.681759834289550781e-01
8.605198264122009277e-01
6.110505461692810059e-01
7.781642675399780273e-01
8.899821639060974121e-01
5.734080076217651367e-01
9.222539663314819336e-01
7.382991313934326172e-01
8.972292542457580566e-01
5.497760176658630371e-01
8.433101177215576172e-01
6.934863328933715820e-01
4.654849171638488770e-01
7.780169248580932617e-01
6.371020078659057617e-01
7.978314161300659180e-01
3.450898230075836182e-01
1.779463142156600952e-01
7.441024780273437500e-01
7.470510601997375488e-01
8.828924298286437988e-01
6.519358158111572266e-01
5.561858415603637695e-01
6.833955645561218262e-01
2.282960265874862671e-01
2.907211780548095703e-01
3.827498257160186768e-01
2.865014076232910156e-01
9.004485011100769043e-01
5.791905522346496582e-01
8.440253734588623047e-01
7.908749580383300781e-01
8.526068925857543945e-01
8.078945279121398926e-01
3.721659779548645020e-01
1.401056796312332153e-01
3.661141395568847656e-01
7.552635669708251953e-01
6.710029840469360352e-01
7.173517346382141113e-01
7.954664230346679688e-01
2.637733817100524902e-01
3.786176145076751709e-01
1.784591227769851685e-01
9.179640412330627441e-01
2.641367912292480469e-01
1.468278467655181885e-01
1.274644583463668823e-01
8.811517953872680664e-01
4.865913987159729004e-01
2.283317297697067261e-01
3.879341185092926025e-01
8.421182036399841309e-01
9.028655886650085449e-01
9.139716625213623047e-02
9.166189432144165039e-01
7.811198830604553223e-01
7.445370554924011230e-01
5.719241872429847717e-02
6.570680141448974609e-01
7.666823267936706543e-01
5.328346490859985352e-01
7.407976984977722168e-01
1.373860687017440796e-01
7.395829558372497559e-01
7.851498126983642578e-01
7.877730727195739746e-01
8.890586495399475098e-01
6.167968511581420898e-01
6.271685957908630371e-01
3.477727472782135010e-01
4.382468760013580322e-01
4.469709694385528564e-01
7.770408987998962402e-01
6.472576260566711426e-01
2.646474540233612061e-01
8.214708566665649414e-01
4.247554838657379150e-01
7.696924209594726562e-01
8.281420469284057617e-01
6.215522289276123047e-01
6.025778651237487793e-01
1.499684303998947144e-01
7.875372171401977539e-01
4.271542131900787354e-01
2.257275879383087158e-01
8.235363364219665527e-01
6.528348326683044434e-01
8.264805078506469727e-01
2.574692368507385254e-01
8.839433640241622925e-02
7.696352601051330566e-01
4.487628936767578125e-01
6.115108728408813477e-01
3.308427929878234863e-01
4.676838815212249756e-01
8.175950646400451660e-01
3.559956848621368408e-01
9.458173811435699463e-02
7.919732928276062012e-01
7.736882567405700684e-02
3.394204974174499512e-01
7.413452267646789551e-01
