6.131476759910583496e-01
6.270363926887512207e-01
6.073697209358215332e-01
1.857482045888900757e-01
3.343037068843841553e-01
5.613508224487304688e-01
5.652439594268798828e-01
5.983131527900695801e-01
6.201445460319519043e-01
6.266167759895324707e-01
6.190918087959289551e-01
6.076805591583251953e-01
5.635352134704589844e-01
4.971196651458740234e-01
6.145837306976318359e-01
5.747488141059875488e-01
4.623059928417205811e-01
1.237053200602531433e-01
6.012564897537231445e-01
6.049205064773559570e-01
2.998307645320892334e-01
6.086578965187072754e-01
6.080890297889709473e-01
4.376107752323150635e-01
6.431395411491394043e-01
6.471001505851745605e-01
6.402851939201354980e-01
5.959714651107788086e-01
6.343036890029907227e-01
4.924096465110778809e-01
4.120957851409912109e-01
4.494912624359130859e-01
4.702698588371276855e-01
5.492686033248901367e-01
3.034020960330963135e-01
6.041825413703918457e-01
6.129999160766601562e-01
4.679611921310424805e-01
5.587847232818603516e-01
6.382436752319335938e-01
6.262145042419433594e-01
6.008555293083190918e-01
1.854035258293151855e-01
4.150038063526153564e-01
6.301012039184570312e-01
5.962339639663696289e-01
6.338981986045837402e-01
6.309668421745300293e-01
5.864985585212707520e-01
5.913642048835754395e-01
6.237764954566955566e-01
4.384112358093261719e-01
3.927919566631317139e-01
5.310558080673217773e-01
5.865096449851989746e-01
6.222356557846069336e-01
5.991318821907043457e-01
4.570454657077789307e-01
4.981409609317779541e-01
5.044423937797546387e-01
6.416912078857421875e-01
5.611381530761718750e-01
6.272554397583007812e-01
6.367021203041076660e-01
4.680322706699371338e-01
6.499286293983459473e-01
5.897198319435119629e-01
5.815660953521728516e-01
2.698661386966705322e-01
6.456208825111389160e-01
4.623899459838867188e-01
4.857480227947235107e-01
1.894991993904113770e-01
5.861185789108276367e-01
6.029256582260131836e-01
6.192101240158081055e-01
6.325637698173522949e-01
6.253766417503356934e-01
5.842450261116027832e-01
6.091208457946777344e-01
6.026458144187927246e-01
3.388401269912719727e-01
5.997800230979919434e-01
5.648108720779418945e-01
6.000820398330688477e-01
5.505938529968261719e-01
6.267695426940917969e-01
6.101638078689575195e-01
6.009891629219055176e-01
4.240942597389221191e-01
5.468981266021728516e-01
2.769671976566314697e-01
5.567082762718200684e-01
6.242738962173461914e-01
5.333507657051086426e-01
5.079823136329650879e-01
3.054054379463195801e-01
6.068121790885925293e-01
4.593874514102935791e-01
6.186751127243041992e-01
5.630116462707519531e-01
6.481826901435852051e-01
5.464996695518493652e-01
4.235238432884216309e-01
5.555014610290527344e-01
6.011121869087219238e-01
6.001376509666442871e-01
5.626159310340881348e-01
3.173742592334747314e-01
4.539853036403656006e-01
6.001700758934020996e-01
6.368193030357360840e-01
5.459975600242614746e-01
6.080626249313354492e-01
2.879099249839782715e-01
4.599013030529022217e-01
5.624462366104125977e-01
5.532782077789306641e-01
5.084029436111450195e-01
5.424922704696655273e-01
6.339833736419677734e-01
6.193323731422424316e-01
4.499610066413879395e-01
6.413043737411499023e-01
5.698013305664062500e-01
6.241618394851684570e-01
6.111329197883605957e-01
5.417668819427490234e-01
5.916979908943176270e-01
5.029823184013366699e-01
6.004763841629028320e-01
6.262882947921752930e-01
5.603184103965759277e-01
5.572657585144042969e-01
6.382873058319091797e-01
6.446471810340881348e-01
5.872192978858947754e-01
6.335859298706054688e-01
5.459241867065429688e-01
4.245694875717163086e-01
5.874169468879699707e-01
5.908272862434387207e-01
6.268388628959655762e-01
5.534062981605529785e-01
5.232364535331726074e-01
6.202606558799743652e-01
5.695517659187316895e-01
5.794757604598999023e-01
5.556007027626037598e-01
5.323534011840820312e-01
6.111346483230590820e-01
4.660656154155731201e-01
6.447903513908386230e-01
5.843874216079711914e-01
6.129111647605895996e-01
5.364088416099548340e-01
6.204604506492614746e-01
1.906125396490097046e-01
6.018560528755187988e-01
5.203504562377929688e-01
6.149387955665588379e-01
5.355097651481628418e-01
3.761547803878784180e-01
6.467744112014770508e-01
5.914905071258544922e-01
5.474655032157897949e-01
4.537671804428100586e-01
4.657677710056304932e-01
6.007833480834960938e-01
3.199626505374908447e-01
2.065870165824890137e-01
5.242553949356079102e-01
5.815634131431579590e-01
5.920974612236022949e-01
5.047279596328735352e-01
6.263968944549560547e-01
6.020066142082214355e-01
5.360234379768371582e-01
4.730586409568786621e-01
6.431581974029541016e-01
4.884151220321655273e-01
5.725194215774536133e-01
6.072696447372436523e-01
5.188317298889160156e-01
3.622027337551116943e-01
4.456759393215179443e-01
5.541663765907287598e-01
6.017752289772033691e-01
5.351849198341369629e-01
2.919288575649261475e-01
6.342550516128540039e-01
5.720704197883605957e-01
5.621681809425354004e-01
5.024283528327941895e-01
5.037955045700073242e-01
4.869566857814788818e-01
6.353033781051635742e-01
5.293869376182556152e-01
6.002968549728393555e-01
5.947434306144714355e-01
4.547156393527984619e-01
6.389069557189941406e-01
4.316721856594085693e-01
5.057293176651000977e-01
5.786496996879577637e-01
4.619587957859039307e-01
5.722220540046691895e-01
6.270282864570617676e-01
6.102848649024963379e-01
6.333969831466674805e-01
6.159879565238952637e-01
5.998404026031494141e-01
5.082466006278991699e-01
5.828257203102111816e-01
5.700172781944274902e-01
6.073721051216125488e-01
6.142613887786865234e-01
4.853595495223999023e-01
6.315236687660217285e-01
6.049138307571411133e-01
6.236079335212707520e-01
6.201918721199035645e-01
5.931180715560913086e-01
5.676878690719604492e-01
1.877578347921371460e-01
6.203988790512084961e-01
6.169254779815673828e-01
6.057021021842956543e-01
5.707871913909912109e-01
6.093964576721191406e-01
6.222392916679382324e-01
3.743925392627716064e-01
6.103500127792358398e-01
5.092402100563049316e-01
6.304606199264526367e-01
6.301487684249877930e-01
6.253633499145507812e-01
5.200914740562438965e-01
5.837858915328979492e-01
6.337162256240844727e-01
6.322457790374755859e-01
5.541269183158874512e-01
4.427596628665924072e-01
6.379049420356750488e-01
4.320698380470275879e-01
6.046739816665649414e-01
6.406952142715454102e-01
4.529251158237457275e-01
3.147455453872680664e-01
6.185075044631958008e-01
6.020597815513610840e-01
5.987899899482727051e-01
5.724354982376098633e-01
2.027193158864974976e-01
5.900688767433166504e-01
5.459260940551757812e-01
5.013966560363769531e-01
5.808912515640258789e-01
4.464976191520690918e-01
6.294565796852111816e-01
6.350661516189575195e-01
6.036795377731323242e-01
5.512501001358032227e-01
4.438814222812652588e-01
6.078790426254272461e-01
4.374188184738159180e-01
5.034035444259643555e-01
6.395983099937438965e-01
5.327762961387634277e-01
6.080220341682434082e-01
4.820759296417236328e-01
2.884485423564910889e-01
6.111410856246948242e-01
5.793623924255371094e-01
1.890235841274261475e-01
5.758690834045410156e-01
5.861791372299194336e-01
6.393750905990600586e-01
6.349108219146728516e-01
5.377189517021179199e-01
6.429337263107299805e-01
6.448330879211425781e-01
5.683386325836181641e-01
5.863522291183471680e-01
4.380404651165008545e-01
5.710460543632507324e-01
5.904195904731750488e-01
6.248015165328979492e-01
5.918608307838439941e-01
4.864216446876525879e-01
3.016999065876007080e-01
6.382416486740112305e-01
6.218150854110717773e-01
6.064294576644897461e-01
4.201834499835968018e-01
5.747173428535461426e-01
6.263497471809387207e-01
3.403871953487396240e-01
6.558575630187988281e-01
5.850409269332885742e-01
5.869705677032470703e-01
6.474839448928833008e-01
4.427098929882049561e-01
5.836506485939025879e-01
5.872135758399963379e-01
6.066247820854187012e-01
4.855396449565887451e-01
6.381354928016662598e-01
1.960853487253189087e-01
6.298902630805969238e-01
5.688806772232055664e-01
5.716279149055480957e-01
5.618020296096801758e-01
6.515588760375976562e-01
6.078919768333435059e-01
6.420228481292724609e-01
6.054509878158569336e-01
5.646588206291198730e-01
5.415991544723510742e-01
4.282699227333068848e-01
5.307270884513854980e-01
6.468745470046997070e-01
5.076940655708312988e-01
4.331434667110443115e-01
6.063504815101623535e-01
5.719754695892333984e-01
6.208694577217102051e-01
6.062120199203491211e-01
6.075012683868408203e-01
6.416782140731811523e-01
4.407412111759185791e-01
6.046312451362609863e-01
6.124856472015380859e-01
6.031850576400756836e-01
6.064489483833312988e-01
6.146539449691772461e-01
5.467817783355712891e-01
4.193501472473144531e-01
6.031913161277770996e-01
6.297519207000732422e-01
4.256274402141571045e-01
5.797806382179260254e-01
3.320981562137603760e-01
6.322845220565795898e-01
6.212670803070068359e-01
6.337855458259582520e-01
6.249926090240478516e-01
5.041929483413696289e-01
5.660009384155273438e-01
6.251547932624816895e-01
5.493152737617492676e-01
2.903289198875427246e-01
6.346285343170166016e-01
6.337778568267822266e-01
4.814052581787109375e-01
6.134122610092163086e-01
5.450970530509948730e-01
6.457354426383972168e-01
6.094847321510314941e-01
1.875571906566619873e-01
5.240974426269531250e-01
4.638835787773132324e-01
5.455874800682067871e-01
6.096796393394470215e-01
5.406192541122436523e-01
6.130922436714172363e-01
6.205508708953857422e-01
2.727115154266357422e-01
6.371984481811523438e-01
5.987418889999389648e-01
5.379389524459838867e-01
5.982971787452697754e-01
5.261130332946777344e-01
4.927132725715637207e-01
6.073367595672607422e-01
6.499451398849487305e-01
5.953943133354187012e-01
4.650554060935974121e-01
4.641366899013519287e-01
6.268059611320495605e-01
6.319516301155090332e-01
4.681819975376129150e-01
5.370533466339111328e-01
5.560581684112548828e-01
6.299499869346618652e-01
6.083654165267944336e-01
6.376926898956298828e-01
5.232496857643127441e-01
5.892589688301086426e-01
4.557414054870605469e-01
5.804734826087951660e-01
5.064737796783447266e-01
5.434812903404235840e-01
4.858200550079345703e-01
4.764189720153808594e-01
5.546607971191406250e-01
3.457845151424407959e-01
4.950024187564849854e-01
5.703517198562622070e-01
5.917246341705322266e-01
1.935715675354003906e-01
4.776635169982910156e-01
6.102888584136962891e-01
6.329061388969421387e-01
6.131511330604553223e-01
6.370849013328552246e-01
6.189271211624145508e-01
1.863223761320114136e-01
5.685156583786010742e-01
3.530298471450805664e-01
5.552741885185241699e-01
4.880217611789703369e-01
2.036005109548568726e-01
5.039229989051818848e-01
3.561304807662963867e-01
5.622997283935546875e-01
5.141339302062988281e-01
5.653800368309020996e-01
2.126301527023315430e-01
5.620802640914916992e-01
3.359871804714202881e-01
6.096858382225036621e-01
6.147822737693786621e-01
6.241157650947570801e-01
5.597581267356872559e-01
5.599634647369384766e-01
4.831144511699676514e-01
4.526126980781555176e-01
6.224305033683776855e-01
5.341191291809082031e-01
5.364254117012023926e-01
4.553996026515960693e-01
5.202448368072509766e-01
6.216276884078979492e-01
6.205500364303588867e-01
4.233759641647338867e-01
3.297256827354431152e-01
6.209279894828796387e-01
6.122233271598815918e-01
6.392766833305358887e-01
6.287957429885864258e-01
2.919288575649261475e-01
5.868388414382934570e-01
5.793410539627075195e-01
6.033081412315368652e-01
4.971985220909118652e-01
6.415153741836547852e-01
5.806061029434204102e-01
6.376997828483581543e-01
5.864023566246032715e-01
5.691843628883361816e-01
6.397713422775268555e-01
6.456083655357360840e-01
1.237053200602531433e-01
6.068097949028015137e-01
3.241932392120361328e-01
5.658071637153625488e-01
6.050761938095092773e-01
5.720699429512023926e-01
2.555480301380157471e-01
6.248314976692199707e-01
3.666492998600006104e-01
6.194307208061218262e-01
6.236474514007568359e-01
6.115561723709106445e-01
3.780294060707092285e-01
5.894969105720520020e-01
2.965724766254425049e-01
6.347642540931701660e-01
6.191939115524291992e-01
6.110041737556457520e-01
5.277346372604370117e-01
5.809016823768615723e-01
4.751744568347930908e-01
6.317556500434875488e-01
4.461371600627899170e-01
5.991092324256896973e-01
6.100818514823913574e-01
5.104496479034423828e-01
3.505316674709320068e-01
5.709796547889709473e-01
4.908642470836639404e-01
6.399950981140136719e-01
5.127146244049072266e-01
5.318031907081604004e-01
6.156349182128906250e-01
4.790657460689544678e-01
6.397427916526794434e-01
4.524462521076202393e-01
4.457024037837982178e-01
1.876333504915237427e-01
5.656350255012512207e-01
4.934361577033996582e-01
6.192502379417419434e-01
2.164249122142791748e-01
6.078532338142395020e-01
6.512951254844665527e-01
6.461179256439208984e-01
5.790873765945434570e-01
6.217626929283142090e-01
5.019491314888000488e-01
4.956615567207336426e-01
5.565552115440368652e-01
5.721389055252075195e-01
3.770467638969421387e-01
6.094524264335632324e-01
4.987300932407379150e-01
6.031459569931030273e-01
4.830766022205352783e-01
5.857224464416503906e-01
6.122230291366577148e-01
5.543210506439208984e-01
4.401061534881591797e-01
5.338942408561706543e-01
6.273094415664672852e-01
5.004547238349914551e-01
6.374645829200744629e-01
5.282120108604431152e-01
1.867514848709106445e-01
6.240154504776000977e-01
6.170295476913452148e-01
5.563308000564575195e-01
5.722734332084655762e-01
4.458118379116058350e-01
6.346066594123840332e-01
6.110855340957641602e-01
6.372101902961730957e-01
4.628327786922454834e-01
6.358727812767028809e-01
6.332096457481384277e-01
6.327289938926696777e-01
5.742257833480834961e-01
5.047440528869628906e-01
5.036882758140563965e-01
1.871695369482040405e-01
6.320018172264099121e-01
6.427269577980041504e-01
5.921465754508972168e-01
5.467725396156311035e-01
6.014817953109741211e-01
5.110468864440917969e-01
5.989909172058105469e-01
6.291565299034118652e-01
6.146799325942993164e-01
5.289816856384277344e-01
4.119751751422882080e-01
4.729225635528564453e-01
4.923466444015502930e-01
5.422185659408569336e-01
5.522933006286621094e-01
5.792908668518066406e-01
5.592893362045288086e-01
6.389924883842468262e-01
4.088245928287506104e-01
5.406795740127563477e-01
5.771192312240600586e-01
4.759787619113922119e-01
6.180667877197265625e-01
5.012472867965698242e-01
5.600013732910156250e-01
6.161207556724548340e-01
5.124695301055908203e-01
5.631074309349060059e-01
6.032866239547729492e-01
6.409830451011657715e-01
2.012126445770263672e-01
1.867477595806121826e-01
6.435086727142333984e-01
6.440161466598510742e-01
6.396821141242980957e-01
5.411790609359741211e-01
6.113221049308776855e-01
5.451115965843200684e-01
6.076256632804870605e-01
4.766647815704345703e-01
6.112087368965148926e-01
4.854585826396942139e-01
3.185068368911743164e-01
5.529953241348266602e-01
5.654484629631042480e-01
4.156208932399749756e-01
5.970301032066345215e-01
5.894965529441833496e-01
6.059178709983825684e-01
5.871450304985046387e-01
6.006915569305419922e-01
6.067586541175842285e-01
3.592887520790100098e-01
6.297130584716796875e-01
5.175126194953918457e-01
5.987198948860168457e-01
6.090404987335205078e-01
6.327629685401916504e-01
5.106849074363708496e-01
3.264146149158477783e-01
5.898813009262084961e-01
6.212059259414672852e-01
4.103029966354370117e-01
5.671375989913940430e-01
6.251600980758666992e-01
5.767499208450317383e-01
5.779696106910705566e-01
4.448617100715637207e-01
5.654188394546508789e-01
4.337457418441772461e-01
5.635969638824462891e-01
6.361280679702758789e-01
3.638903200626373291e-01
6.141098737716674805e-01
5.749101638793945312e-01
6.000218391418457031e-01
5.162730813026428223e-01
5.796250700950622559e-01
6.354080438613891602e-01
4.750217199325561523e-01
6.397235393524169922e-01
5.444175004959106445e-01
6.323031187057495117e-01
5.944851040840148926e-01
4.691500663757324219e-01
6.107666492462158203e-01
5.275870561599731445e-01
5.469532012939453125e-01
4.323202967643737793e-01
6.130132079124450684e-01
4.935208559036254883e-01
1.237053200602531433e-01
6.222310662269592285e-01
6.446267366409301758e-01
6.172888278961181641e-01
6.444797515869140625e-01
2.756612300872802734e-01
5.607669353485107422e-01
5.062891840934753418e-01
6.131415367126464844e-01
4.951375126838684082e-01
6.232403516769409180e-01
5.904173254966735840e-01
5.429980754852294922e-01
6.434124112129211426e-01
2.305923402309417725e-01
5.900231003761291504e-01
4.553456008434295654e-01
3.851852118968963623e-01
5.360398292541503906e-01
6.158078908920288086e-01
6.102883219718933105e-01
4.520700275897979736e-01
5.175969004631042480e-01
4.449238777160644531e-01
6.090352535247802734e-01
1.887327730655670166e-01
3.291231393814086914e-01
5.813976526260375977e-01
5.686768293380737305e-01
5.637941360473632812e-01
4.632993936538696289e-01
4.988361895084381104e-01
6.219920516014099121e-01
1.879605799913406372e-01
5.963259935379028320e-01
6.013406515121459961e-01
6.250654458999633789e-01
6.016395092010498047e-01
4.724434614181518555e-01
3.237294256687164307e-01
6.286770105361938477e-01
6.299464106559753418e-01
4.756233990192413330e-01
5.712088346481323242e-01
5.651084780693054199e-01
5.851501226425170898e-01
2.816015481948852539e-01
5.795513987541198730e-01
6.058115363121032715e-01
6.105416417121887207e-01
5.883878469467163086e-01
6.018462777137756348e-01
5.902696847915649414e-01
5.503321290016174316e-01
6.247455477714538574e-01
4.926333427429199219e-01
4.727477431297302246e-01
6.158897876739501953e-01
6.389472484588623047e-01
2.803508341312408447e-01
5.458867549896240234e-01
5.720704197883605957e-01
5.443023443222045898e-01
4.482793807983398438e-01
5.003020763397216797e-01
6.106454133987426758e-01
5.861803293228149414e-01
5.900369882583618164e-01
5.475445985794067383e-01
4.636964499950408936e-01
5.570428967475891113e-01
5.432466864585876465e-01
6.026666760444641113e-01
6.378578543663024902e-01
5.390503406524658203e-01
6.172203421592712402e-01
2.010217458009719849e-01
6.168645024299621582e-01
5.150523781776428223e-01
5.903838872909545898e-01
5.886125564575195312e-01
2.468956559896469116e-01
6.156337261199951172e-01
5.961098670959472656e-01
6.409443020820617676e-01
5.329810380935668945e-01
5.983557701110839844e-01
5.875713229179382324e-01
4.889234900474548340e-01
6.182442903518676758e-01
6.101893186569213867e-01
6.219308376312255859e-01
2.587797343730926514e-01
6.094258427619934082e-01
5.960658788681030273e-01
5.848941802978515625e-01
4.460500478744506836e-01
6.257925033569335938e-01
5.289756655693054199e-01
2.697800993919372559e-01
6.381868124008178711e-01
5.379849076271057129e-01
5.244364738464355469e-01
6.350829601287841797e-01
6.056914925575256348e-01
4.766937196254730225e-01
5.100060105323791504e-01
4.319505691528320312e-01
5.500950813293457031e-01
5.871862769126892090e-01
6.185539364814758301e-01
6.212746500968933105e-01
6.148583889007568359e-01
6.195794343948364258e-01
1.870690137147903442e-01
3.903262615203857422e-01
5.697106122970581055e-01
5.727143287658691406e-01
6.214538812637329102e-01
5.816455483436584473e-01
4.344052076339721680e-01
4.674109816551208496e-01
3.767537772655487061e-01
5.468944311141967773e-01
5.710406899452209473e-01
4.818024337291717529e-01
5.717105865478515625e-01
6.163895130157470703e-01
6.174975633621215820e-01
5.983049869537353516e-01
4.752308726310729980e-01
5.724578499794006348e-01
6.373283267021179199e-01
5.039118528366088867e-01
5.612509846687316895e-01
6.534745693206787109e-01
6.073663234710693359e-01
5.506895780563354492e-01
5.038680434226989746e-01
3.913693130016326904e-01
1.945165097713470459e-01
5.974000096321105957e-01
5.748295783996582031e-01
5.677522420883178711e-01
5.759318470954895020e-01
5.931703448295593262e-01
6.080706119537353516e-01
5.811739563941955566e-01
6.060525178909301758e-01
6.228720545768737793e-01
4.511762559413909912e-01
6.410745382308959961e-01
6.002407073974609375e-01
6.105055809020996094e-01
5.768080353736877441e-01
6.408095359802246094e-01
5.635956525802612305e-01
6.232455968856811523e-01
6.046888828277587891e-01
5.156848430633544922e-01
6.163464784622192383e-01
3.207512199878692627e-01
6.447838544845581055e-01
5.474186539649963379e-01
5.182301402091979980e-01
5.898252725601196289e-01
6.016433835029602051e-01
6.062120199203491211e-01
6.233714222908020020e-01
6.188831925392150879e-01
4.688523113727569580e-01
5.688616633415222168e-01
2.905701696872711182e-01
1.993811875581741333e-01
5.316873788833618164e-01
6.026758551597595215e-01
2.885535955429077148e-01
4.272990822792053223e-01
4.707530140876770020e-01
6.371389031410217285e-01
5.861811041831970215e-01
6.049869060516357422e-01
5.525963902473449707e-01
6.026017665863037109e-01
5.495139360427856445e-01
5.881559848785400391e-01
6.217817068099975586e-01
5.748715400695800781e-01
5.986312627792358398e-01
5.845969319343566895e-01
6.137055158615112305e-01
4.336926341056823730e-01
5.977284908294677734e-01
5.598990321159362793e-01
5.967615842819213867e-01
6.243830323219299316e-01
6.069371104240417480e-01
5.435092449188232422e-01
4.079810678958892822e-01
4.903737604618072510e-01
6.269028186798095703e-01
4.523623883724212646e-01
4.997810423374176025e-01
5.557421445846557617e-01
6.276207566261291504e-01
6.437406539916992188e-01
4.454718828201293945e-01
5.767719745635986328e-01
4.054741561412811279e-01
5.467060804367065430e-01
5.971355438232421875e-01
3.280995488166809082e-01
5.940678119659423828e-01
6.044939756393432617e-01
5.898441672325134277e-01
4.614765346050262451e-01
5.855896472930908203e-01
5.406294465065002441e-01
5.537222623825073242e-01
5.404554009437561035e-01
6.249002218246459961e-01
6.209152936935424805e-01
5.727714300155639648e-01
6.409417390823364258e-01
5.913096070289611816e-01
5.886098146438598633e-01
4.975640773773193359e-01
5.223562717437744141e-01
6.255378723144531250e-01
4.651651978492736816e-01
6.098056435585021973e-01
1.237053200602531433e-01
4.624637067317962646e-01
4.089007973670959473e-01
3.390914201736450195e-01
6.382447481155395508e-01
5.840520858764648438e-01
5.926735401153564453e-01
5.308488011360168457e-01
5.856850147247314453e-01
4.317668378353118896e-01
2.615549266338348389e-01
6.306469440460205078e-01
6.283099651336669922e-01
2.587661147117614746e-01
5.360620021820068359e-01
6.373980045318603516e-01
4.822719693183898926e-01
4.651992022991180420e-01
6.188096404075622559e-01
3.209577202796936035e-01
4.910697042942047119e-01
5.888056755065917969e-01
6.458184719085693359e-01
6.151871085166931152e-01
6.139242053031921387e-01
6.206315755844116211e-01
6.417307257652282715e-01
6.104217171669006348e-01
6.003342866897583008e-01
6.417770981788635254e-01
5.767462253570556641e-01
1.857586503028869629e-01
6.162920594215393066e-01
5.454795956611633301e-01
5.457822084426879883e-01
6.074483394622802734e-01
5.610907077789306641e-01
5.664346814155578613e-01
5.857066512107849121e-01
5.899097919464111328e-01
5.951323509216308594e-01
5.495711565017700195e-01
5.104178786277770996e-01
6.250643134117126465e-01
5.520147085189819336e-01
6.317068338394165039e-01
6.533927917480468750e-01
5.767857432365417480e-01
5.403412580490112305e-01
5.794764757156372070e-01
5.665773749351501465e-01
6.138394474983215332e-01
5.530754923820495605e-01
5.729532241821289062e-01
6.413462758064270020e-01
6.048408746719360352e-01
5.758130550384521484e-01
6.282235383987426758e-01
4.323137700557708740e-01
3.595036566257476807e-01
2.038883566856384277e-01
6.273816227912902832e-01
4.907971620559692383e-01
6.203279495239257812e-01
6.460916996002197266e-01
6.386346817016601562e-01
6.122223138809204102e-01
5.773122906684875488e-01
5.501556396484375000e-01
5.604953169822692871e-01
5.831648707389831543e-01
5.938000082969665527e-01
4.524326324462890625e-01
2.955643534660339355e-01
5.312418937683105469e-01
6.249730587005615234e-01
6.009565591812133789e-01
5.434901714324951172e-01
5.165928602218627930e-01
5.926938652992248535e-01
2.865528464317321777e-01
5.989593863487243652e-01
4.894643127918243408e-01
5.718367099761962891e-01
5.871904492378234863e-01
2.016677707433700562e-01
6.361871361732482910e-01
4.539570212364196777e-01
6.343578696250915527e-01
6.477587819099426270e-01
6.195148825645446777e-01
5.669510960578918457e-01
6.471258401870727539e-01
5.615342259407043457e-01
3.408931195735931396e-01
5.774953365325927734e-01
5.368489623069763184e-01
3.794862031936645508e-01
5.875840783119201660e-01
5.436990857124328613e-01
5.673701763153076172e-01
6.412577629089355469e-01
2.546218633651733398e-01
5.013802051544189453e-01
6.367138624191284180e-01
5.933077335357666016e-01
5.275182723999023438e-01
5.823071002960205078e-01
5.639436244964599609e-01
5.962785482406616211e-01
6.017918586730957031e-01
5.571677684783935547e-01
5.583698749542236328e-01
4.511465430259704590e-01
6.155060529708862305e-01
6.086018681526184082e-01
6.205095648765563965e-01
6.420662403106689453e-01
5.919315218925476074e-01
5.276613235473632812e-01
6.094785332679748535e-01
5.348623991012573242e-01
5.245170593261718750e-01
5.455201268196105957e-01
5.550351142883300781e-01
3.982395827770233154e-01
5.933210849761962891e-01
6.172212958335876465e-01
3.942016661167144775e-01
5.486572980880737305e-01
5.810548067092895508e-01
5.473578572273254395e-01
5.866884589195251465e-01
6.353541612625122070e-01
1.978947818279266357e-01
5.609126687049865723e-01
4.696873128414154053e-01
4.545975327491760254e-01
5.281834006309509277e-01
5.102647542953491211e-01
6.139047145843505859e-01
5.806897282600402832e-01
1.847517192363739014e-01
6.376053094863891602e-01
2.697898149490356445e-01
4.036335647106170654e-01
4.730794429779052734e-01
5.765364766120910645e-01
6.190912127494812012e-01
4.856269955635070801e-01
6.175578236579895020e-01
6.287034749984741211e-01
6.059117913246154785e-01
5.967144370079040527e-01
4.775949716567993164e-01
3.189829885959625244e-01
6.488417983055114746e-01
2.712084949016571045e-01
1.909979581832885742e-01
5.981877446174621582e-01
6.111670732498168945e-01
6.018573045730590820e-01
5.563156008720397949e-01
6.035456061363220215e-01
5.522114634513854980e-01
5.626175403594970703e-01
5.511556267738342285e-01
4.515463113784790039e-01
5.268833637237548828e-01
2.779736816883087158e-01
6.004320383071899414e-01
3.123449385166168213e-01
4.490147233009338379e-01
5.511143207550048828e-01
5.763143301010131836e-01
6.017827391624450684e-01
6.211960315704345703e-01
5.274838209152221680e-01
5.950734019279479980e-01
6.038120985031127930e-01
6.392608284950256348e-01
5.866959691047668457e-01
1.873890161514282227e-01
3.920896649360656738e-01
4.337851703166961670e-01
6.069338917732238770e-01
6.045951843261718750e-01
6.278432011604309082e-01
6.125751733779907227e-01
6.061985492706298828e-01
6.323009729385375977e-01
5.085444450378417969e-01
5.275200605392456055e-01
5.904852151870727539e-01
4.213583767414093018e-01
5.481382012367248535e-01
5.761470198631286621e-01
5.179516077041625977e-01
5.340706110000610352e-01
5.451559424400329590e-01
6.420118808746337891e-01
6.143870353698730469e-01
3.169054985046386719e-01
5.997727513313293457e-01
5.777978301048278809e-01
6.098048090934753418e-01
5.558123588562011719e-01
6.082515120506286621e-01
5.383262634277343750e-01
5.471172332763671875e-01
5.221740603446960449e-01
5.825257301330566406e-01
4.905444383621215820e-01
5.231364965438842773e-01
6.356361508369445801e-01
5.278640985488891602e-01
4.436174929141998291e-01
6.266069412231445312e-01
5.274838209152221680e-01
4.621767699718475342e-01
6.019942760467529297e-01
6.196206808090209961e-01
6.159749627113342285e-01
6.275705099105834961e-01
5.303674936294555664e-01
4.851961731910705566e-01
5.268151760101318359e-01
6.373913884162902832e-01
5.926587581634521484e-01
5.717661976814270020e-01
5.687063336372375488e-01
5.918940901756286621e-01
4.668446481227874756e-01
5.997183918952941895e-01
5.620432496070861816e-01
6.330959796905517578e-01
5.764032006263732910e-01
6.267020106315612793e-01
4.497821629047393799e-01
5.727711319923400879e-01
4.456948339939117432e-01
6.305509805679321289e-01
6.086471676826477051e-01
6.491948962211608887e-01
3.541498184204101562e-01
3.439981341361999512e-01
5.424625873565673828e-01
6.239050626754760742e-01
5.916253924369812012e-01
5.294517874717712402e-01
6.221807599067687988e-01
2.385960668325424194e-01
5.946611762046813965e-01
4.698388576507568359e-01
6.285781264305114746e-01
6.460186839103698730e-01
6.204866766929626465e-01
3.101966083049774170e-01
5.586006641387939453e-01
6.270065903663635254e-01
3.103711903095245361e-01
3.694522380828857422e-01
5.937145948410034180e-01
6.229440569877624512e-01
5.106204152107238770e-01
5.775738954544067383e-01
6.234416365623474121e-01
5.801486372947692871e-01
5.652555823326110840e-01
5.900301337242126465e-01
6.305429935455322266e-01
6.279615759849548340e-01
5.774395465850830078e-01
6.279953718185424805e-01
6.075974702835083008e-01
6.454226374626159668e-01
5.475938320159912109e-01
6.119966506958007812e-01
3.144568800926208496e-01
6.007786989212036133e-01
6.283674836158752441e-01
6.100922226905822754e-01
5.261182785034179688e-01
5.848693251609802246e-01
6.227314472198486328e-01
6.270611882209777832e-01
5.229544043540954590e-01
6.446718573570251465e-01
4.197639524936676025e-01
4.694033563137054443e-01
5.951909422874450684e-01
4.828299283981323242e-01
5.489432811737060547e-01
4.621338844299316406e-01
6.067457199096679688e-01
6.051117181777954102e-01
5.231522321701049805e-01
3.366775214672088623e-01
6.371443271636962891e-01
5.080653429031372070e-01
5.884084105491638184e-01
4.511701166629791260e-01
6.299569606781005859e-01
4.535369277000427246e-01
4.100285172462463379e-01
6.369880437850952148e-01
5.861791372299194336e-01
4.804639220237731934e-01
5.565021634101867676e-01
4.770253300666809082e-01
4.964572191238403320e-01
5.848941802978515625e-01
5.367645025253295898e-01
1.911103576421737671e-01
5.993907451629638672e-01
6.381692886352539062e-01
6.381593942642211914e-01
5.072519779205322266e-01
4.856022596359252930e-01
5.971398949623107910e-01
3.005670309066772461e-01
5.933369994163513184e-01
3.122210204601287842e-01
6.156001091003417969e-01
6.363504528999328613e-01
6.020728945732116699e-01
4.850169122219085693e-01
5.688863396644592285e-01
5.428216457366943359e-01
5.476295948028564453e-01
6.136757135391235352e-01
5.636172294616699219e-01
6.188272237777709961e-01
6.167955398559570312e-01
6.490618586540222168e-01
4.865610301494598389e-01
5.260354280471801758e-01
6.414207816123962402e-01
5.527792572975158691e-01
2.261648178100585938e-01
6.484809517860412598e-01
4.635756313800811768e-01
6.081442236900329590e-01
5.239010453224182129e-01
4.559520781040191650e-01
6.297870278358459473e-01
2.671853005886077881e-01
6.164237856864929199e-01
5.690245628356933594e-01
4.922817349433898926e-01
1.860787123441696167e-01
6.491904854774475098e-01
6.401606798171997070e-01
4.442901313304901123e-01
5.908789038658142090e-01
5.284649133682250977e-01
5.969427824020385742e-01
5.483365058898925781e-01
6.210127472877502441e-01
6.045905351638793945e-01
4.553495049476623535e-01
5.891145467758178711e-01
4.264014661312103271e-01
5.241534113883972168e-01
6.402020454406738281e-01
5.791864395141601562e-01
6.166164278984069824e-01
6.072779297828674316e-01
5.222800374031066895e-01
5.416170358657836914e-01
6.439046859741210938e-01
6.222264170646667480e-01
4.692907631397247314e-01
4.758283793926239014e-01
4.347936511039733887e-01
6.244456171989440918e-01
5.715275406837463379e-01
6.138669848442077637e-01
5.756406784057617188e-01
6.170911788940429688e-01
6.401498317718505859e-01
3.902107179164886475e-01
6.397362351417541504e-01
5.775508284568786621e-01
4.573378562927246094e-01
5.896279215812683105e-01
4.823641180992126465e-01
5.523382425308227539e-01
5.316543579101562500e-01
5.450185537338256836e-01
6.223728656768798828e-01
5.905156731605529785e-01
6.172508597373962402e-01
5.707006454467773438e-01
5.929844379425048828e-01
5.731490254402160645e-01
4.706330001354217529e-01
6.129739880561828613e-01
5.055927634239196777e-01
5.872026681900024414e-01
5.358306169509887695e-01
5.189811587333679199e-01
3.025534749031066895e-01
1.871381103992462158e-01
5.780159831047058105e-01
5.400246381759643555e-01
5.106964707374572754e-01
6.116298437118530273e-01
5.094321370124816895e-01
6.087677478790283203e-01
6.184944510459899902e-01
6.380529403686523438e-01
4.847609698772430420e-01
6.071201562881469727e-01
5.931900739669799805e-01
5.309834480285644531e-01
6.031829118728637695e-01
6.205216050148010254e-01
5.961282253265380859e-01
5.812003612518310547e-01
5.783409476280212402e-01
6.429470777511596680e-01
5.070115327835083008e-01
6.234573125839233398e-01
5.694388747215270996e-01
5.816518664360046387e-01
4.821122288703918457e-01
6.120661497116088867e-01
5.407392382621765137e-01
6.330364346504211426e-01
6.227214932441711426e-01
3.186604678630828857e-01
3.513757884502410889e-01
6.133146882057189941e-01
6.120278835296630859e-01
6.157048344612121582e-01
3.416410088539123535e-01
5.493770837783813477e-01
6.054891943931579590e-01
4.114073514938354492e-01
5.237938761711120605e-01
5.725345015525817871e-01
5.870814919471740723e-01
6.310541629791259766e-01
6.157236695289611816e-01
5.829946994781494141e-01
5.994361042976379395e-01
5.506114959716796875e-01
2.152736037969589233e-01
6.151745915412902832e-01
4.528218507766723633e-01
5.641251206398010254e-01
4.992149770259857178e-01
6.181141138076782227e-01
6.324885487556457520e-01
5.874943137168884277e-01
6.516972184181213379e-01
6.038627028465270996e-01
4.784946143627166748e-01
5.993686914443969727e-01
4.824534952640533447e-01
4.897799491882324219e-01
5.857942104339599609e-01
6.340483427047729492e-01
6.007092595100402832e-01
6.197354793548583984e-01
6.242665648460388184e-01
5.949430465698242188e-01
6.080306768417358398e-01
6.470107436180114746e-01
5.498664975166320801e-01
5.347796678543090820e-01
5.751848816871643066e-01
6.276885271072387695e-01
5.368891358375549316e-01
6.211944222450256348e-01
4.231140017509460449e-01
6.200096607208251953e-01
4.465632736682891846e-01
6.201480627059936523e-01
2.132092714309692383e-01
6.223095655441284180e-01
6.064549088478088379e-01
5.837540030479431152e-01
5.724698305130004883e-01
5.820674300193786621e-01
5.711762905120849609e-01
5.718193650245666504e-01
5.422796607017517090e-01
6.172031760215759277e-01
6.239418983459472656e-01
6.345921158790588379e-01
5.963391661643981934e-01
5.305019021034240723e-01
5.634523630142211914e-01
4.084226787090301514e-01
6.403059959411621094e-01
6.510481238365173340e-01
4.799933135509490967e-01
6.458871364593505859e-01
4.647424221038818359e-01
6.302469968795776367e-01
2.972299456596374512e-01
3.247467577457427979e-01
5.446541905403137207e-01
5.715786814689636230e-01
6.436118483543395996e-01
6.097363233566284180e-01
3.606061041355133057e-01
4.880352616310119629e-01
6.192892789840698242e-01
5.739919543266296387e-01
5.369265079498291016e-01
4.907734990119934082e-01
5.475619435310363770e-01
5.923119783401489258e-01
6.089452505111694336e-01
1.866041719913482666e-01
5.575084686279296875e-01
4.225045442581176758e-01
6.264018416404724121e-01
5.532251596450805664e-01
6.222286820411682129e-01
6.383293867111206055e-01
5.180405378341674805e-01
4.236962199211120605e-01
5.122212171554565430e-01
6.084828376770019531e-01
5.801486968994140625e-01
5.961561203002929688e-01
6.256555318832397461e-01
6.144382357597351074e-01
2.361640036106109619e-01
5.773051381111145020e-01
6.219018101692199707e-01
6.471394896507263184e-01
5.171154737472534180e-01
6.073541641235351562e-01
6.187019348144531250e-01
6.225478649139404297e-01
4.426328539848327637e-01
6.244527101516723633e-01
5.465703606605529785e-01
5.496156215667724609e-01
5.879032611846923828e-01
5.898678302764892578e-01
5.530791282653808594e-01
6.238464117050170898e-01
5.979439616203308105e-01
6.231346130371093750e-01
3.066675364971160889e-01
5.372968912124633789e-01
6.055139303207397461e-01
6.160827279090881348e-01
6.100512146949768066e-01
5.339551568031311035e-01
5.740798711776733398e-01
5.123435854911804199e-01
4.513064026832580566e-01
3.524119853973388672e-01
5.807434320449829102e-01
5.798269510269165039e-01
6.388584375381469727e-01
6.378021240234375000e-01
6.145254373550415039e-01
4.786630868911743164e-01
6.140630245208740234e-01
6.249616742134094238e-01
5.635992288589477539e-01
5.962439179420471191e-01
5.528571009635925293e-01
5.871356129646301270e-01
6.234341263771057129e-01
6.109760999679565430e-01
5.450350642204284668e-01
5.599331259727478027e-01
6.009697318077087402e-01
5.579516887664794922e-01
5.884785056114196777e-01
5.559347867965698242e-01
3.305845856666564941e-01
3.986457288265228271e-01
2.939411699771881104e-01
1.979921013116836548e-01
5.825870633125305176e-01
6.161893606185913086e-01
6.032733917236328125e-01
1.972183734178543091e-01
5.223271250724792480e-01
4.354590475559234619e-01
4.771564006805419922e-01
6.149802803993225098e-01
6.351435184478759766e-01
6.397796869277954102e-01
6.173875927925109863e-01
5.215607881546020508e-01
6.508637666702270508e-01
5.753498673439025879e-01
5.444962382316589355e-01
5.675667524337768555e-01
6.381530761718750000e-01
3.929616808891296387e-01
6.366065144538879395e-01
3.165585398674011230e-01
3.201476633548736572e-01
5.867221355438232422e-01
3.303280770778656006e-01
6.191164255142211914e-01
4.558733701705932617e-01
6.238105297088623047e-01
4.254698157310485840e-01
6.297777891159057617e-01
5.738655924797058105e-01
5.896551609039306641e-01
4.678770005702972412e-01
5.864978432655334473e-01
6.266775131225585938e-01
6.381487846374511719e-01
5.947874784469604492e-01
6.120492219924926758e-01
5.943097472190856934e-01
5.935064554214477539e-01
5.755102634429931641e-01
6.008289456367492676e-01
5.362063050270080566e-01
5.875713229179382324e-01
4.962763190269470215e-01
4.487042129039764404e-01
6.284468770027160645e-01
6.120869517326354980e-01
4.680832028388977051e-01
5.755384564399719238e-01
5.702250599861145020e-01
6.113007664680480957e-01
3.386929631233215332e-01
6.257727146148681641e-01
2.914454042911529541e-01
5.603491067886352539e-01
5.913184285163879395e-01
6.469160318374633789e-01
4.926122426986694336e-01
6.008944511413574219e-01
1.854503601789474487e-01
5.637332797050476074e-01
2.984856367111206055e-01
6.482852697372436523e-01
2.522685825824737549e-01
1.898393929004669189e-01
6.090256571769714355e-01
5.018598437309265137e-01
6.104096174240112305e-01
5.888154506683349609e-01
5.149186849594116211e-01
5.951806902885437012e-01
5.775166153907775879e-01
2.279309332370758057e-01
6.104519963264465332e-01
4.037085473537445068e-01
6.197777390480041504e-01
4.801820218563079834e-01
4.479946196079254150e-01
3.879340291023254395e-01
6.071041226387023926e-01
5.681465864181518555e-01
5.850863456726074219e-01
5.984067916870117188e-01
6.317910552024841309e-01
6.336758136749267578e-01
5.923224687576293945e-01
4.291086494922637939e-01
5.032013654708862305e-01
2.281456738710403442e-01
5.767022967338562012e-01
4.246498048305511475e-01
6.321526765823364258e-01
6.264251470565795898e-01
5.683977007865905762e-01
6.291010379791259766e-01
5.681392550468444824e-01
5.984444022178649902e-01
1.911653131246566772e-01
5.323083996772766113e-01
5.719788670539855957e-01
6.456528902053833008e-01
6.289558410644531250e-01
6.142485141754150391e-01
4.351335763931274414e-01
4.988678097724914551e-01
5.706287026405334473e-01
5.310457348823547363e-01
5.711326003074645996e-01
5.339285731315612793e-01
6.474248766899108887e-01
6.439625620841979980e-01
5.340570807456970215e-01
6.234145760536193848e-01
6.414217352867126465e-01
6.228581070899963379e-01
5.676560997962951660e-01
5.689465403556823730e-01
6.286502480506896973e-01
4.598582983016967773e-01
1.863276660442352295e-01
6.056654453277587891e-01
6.499952077865600586e-01
6.280130147933959961e-01
5.626187324523925781e-01
5.317454338073730469e-01
6.173549294471740723e-01
6.236397624015808105e-01
5.276321172714233398e-01
6.103746294975280762e-01
5.652427077293395996e-01
6.396976113319396973e-01
6.093017458915710449e-01
6.340683102607727051e-01
5.712764263153076172e-01
5.628261566162109375e-01
4.358311593532562256e-01
5.636740326881408691e-01
6.224980354309082031e-01
5.980833172798156738e-01
6.326481103897094727e-01
4.765033423900604248e-01
4.847102463245391846e-01
6.165020465850830078e-01
5.792798995971679688e-01
5.359489321708679199e-01
5.397569537162780762e-01
4.818229675292968750e-01
6.068095564842224121e-01
5.929873585700988770e-01
5.741585493087768555e-01
5.897459983825683594e-01
5.602734088897705078e-01
5.413170456886291504e-01
6.422356367111206055e-01
1.875356882810592651e-01
6.222392916679382324e-01
5.454819798469543457e-01
3.720624148845672607e-01
6.396228075027465820e-01
6.275543570518493652e-01
3.714955151081085205e-01
5.128929018974304199e-01
5.790637135505676270e-01
2.026409804821014404e-01
5.222344994544982910e-01
4.048795104026794434e-01
5.262396931648254395e-01
2.977578341960906982e-01
5.178561210632324219e-01
6.290037035942077637e-01
5.858983397483825684e-01
6.328344941139221191e-01
5.618982911109924316e-01
5.674633979797363281e-01
5.238137245178222656e-01
1.859664618968963623e-01
6.081538796424865723e-01
5.342646837234497070e-01
5.505681633949279785e-01
5.680065751075744629e-01
6.433943510055541992e-01
5.409111976623535156e-01
5.139447450637817383e-01
6.294819712638854980e-01
2.905244231224060059e-01
4.142792522907257080e-01
4.234910011291503906e-01
2.640573680400848389e-01
5.557526350021362305e-01
6.142633557319641113e-01
6.047732830047607422e-01
5.696355700492858887e-01
5.383957624435424805e-01
1.237053200602531433e-01
3.998813331127166748e-01
6.251164078712463379e-01
6.311891078948974609e-01
6.360784769058227539e-01
5.825413465499877930e-01
5.839607715606689453e-01
5.757793784141540527e-01
5.733074545860290527e-01
5.734326839447021484e-01
5.894644856452941895e-01
5.585879683494567871e-01
5.396315455436706543e-01
6.091773509979248047e-01
5.805763006210327148e-01
6.014202237129211426e-01
6.255676746368408203e-01
6.083329916000366211e-01
5.051496028900146484e-01
5.397939085960388184e-01
3.270922601222991943e-01
6.466985940933227539e-01
6.171173453330993652e-01
3.398446440696716309e-01
6.124691963195800781e-01
5.258217453956604004e-01
4.948989152908325195e-01
5.805531144142150879e-01
2.399260401725769043e-01
3.399905860424041748e-01
5.883287787437438965e-01
6.342424750328063965e-01
5.851002335548400879e-01
3.583868145942687988e-01
5.382415056228637695e-01
4.835884571075439453e-01
4.297671616077423096e-01
5.421310663223266602e-01
2.209684550762176514e-01
5.229316949844360352e-01
6.334587335586547852e-01
4.222774803638458252e-01
6.476402282714843750e-01
5.168879032135009766e-01
4.943557381629943848e-01
5.050098896026611328e-01
5.960015058517456055e-01
5.485478639602661133e-01
5.213680267333984375e-01
5.890583992004394531e-01
2.180426418781280518e-01
4.541645348072052002e-01
6.006331443786621094e-01
5.848491191864013672e-01
2.575155794620513916e-01
6.453779339790344238e-01
6.427571177482604980e-01
5.868639945983886719e-01
6.395725607872009277e-01
6.124614477157592773e-01
5.975483059883117676e-01
5.358068943023681641e-01
5.032389163970947266e-01
4.409192204475402832e-01
6.005247831344604492e-01
6.086381077766418457e-01
5.723832845687866211e-01
5.466677546501159668e-01
6.182634234428405762e-01
6.021123528480529785e-01
3.448937535285949707e-01
5.330826044082641602e-01
5.858592987060546875e-01
4.663764238357543945e-01
5.786639451980590820e-01
6.107257008552551270e-01
6.388869881629943848e-01
4.496085345745086670e-01
5.680545568466186523e-01
3.942700624465942383e-01
5.958459973335266113e-01
1.965547353029251099e-01
4.336292445659637451e-01
5.499067306518554688e-01
5.544992089271545410e-01
1.837738603353500366e-01
5.310671329498291016e-01
5.135725140571594238e-01
1.888087689876556396e-01
6.457587480545043945e-01
4.731098115444183350e-01
4.653153419494628906e-01
4.022378623485565186e-01
4.611945152282714844e-01
6.437406539916992188e-01
6.355708837509155273e-01
5.410108566284179688e-01
5.317903757095336914e-01
4.917970597743988037e-01
2.266242653131484985e-01
6.200980544090270996e-01
6.150813698768615723e-01
6.031684279441833496e-01
5.343576073646545410e-01
5.950854420661926270e-01
4.933981895446777344e-01
5.577670335769653320e-01
5.053486824035644531e-01
5.901013612747192383e-01
5.518166422843933105e-01
6.215890645980834961e-01
6.384221911430358887e-01
5.709555745124816895e-01
5.347588062286376953e-01
6.315954327583312988e-01
5.366680622100830078e-01
5.785752534866333008e-01
2.872057557106018066e-01
4.981987178325653076e-01
6.305378675460815430e-01
6.488799452781677246e-01
4.188000261783599854e-01
6.304761171340942383e-01
5.954486727714538574e-01
4.758000969886779785e-01
5.468965768814086914e-01
5.123468041419982910e-01
6.146172881126403809e-01
6.007244586944580078e-01
5.528960824012756348e-01
2.514068186283111572e-01
5.725039243698120117e-01
6.000132560729980469e-01
6.394700407981872559e-01
6.182292699813842773e-01
5.239918231964111328e-01
5.173835754394531250e-01
2.203650921583175659e-01
6.281694173812866211e-01
1.237053200602531433e-01
5.981222391128540039e-01
5.994875431060791016e-01
4.495922923088073730e-01
5.992044210433959961e-01
4.240410923957824707e-01
6.195412874221801758e-01
5.246658921241760254e-01
4.916800260543823242e-01
5.843241810798645020e-01
4.664800465106964111e-01
5.864860415458679199e-01
6.285468339920043945e-01
5.070250630378723145e-01
5.969026088714599609e-01
6.192680597305297852e-01
4.615604281425476074e-01
4.921484887599945068e-01
5.735011100769042969e-01
6.111773252487182617e-01
5.511284470558166504e-01
6.187401413917541504e-01
6.438146233558654785e-01
4.071277976036071777e-01
3.729530572891235352e-01
6.440563797950744629e-01
5.674709677696228027e-01
6.232498884201049805e-01
5.521988272666931152e-01
6.137087941169738770e-01
5.454816818237304688e-01
4.877131581306457520e-01
5.713804364204406738e-01
6.197217106819152832e-01
3.142435848712921143e-01
5.071558356285095215e-01
6.331201195716857910e-01
5.526806712150573730e-01
5.403070449829101562e-01
4.747136533260345459e-01
5.810175538063049316e-01
5.159409642219543457e-01
5.343937873840332031e-01
5.335662961006164551e-01
4.386301040649414062e-01
6.348303556442260742e-01
6.047949194908142090e-01
5.938919186592102051e-01
5.825143456459045410e-01
5.337815284729003906e-01
3.457926213741302490e-01
5.617144703865051270e-01
6.071148514747619629e-01
2.836005687713623047e-01
4.838674664497375488e-01
1.883593350648880005e-01
4.823650419712066650e-01
6.443876624107360840e-01
6.095502376556396484e-01
5.852282047271728516e-01
6.163224577903747559e-01
6.059444546699523926e-01
6.346577405929565430e-01
2.839061617851257324e-01
4.873659908771514893e-01
2.572270631790161133e-01
6.003695130348205566e-01
2.850073873996734619e-01
6.347763538360595703e-01
6.480245590209960938e-01
5.555372238159179688e-01
6.407590508460998535e-01
5.049242973327636719e-01
4.772928953170776367e-01
4.739940464496612549e-01
5.333517789840698242e-01
5.317729711532592773e-01
5.542236566543579102e-01
5.733432769775390625e-01
4.888851344585418701e-01
5.743118524551391602e-01
5.698900222778320312e-01
5.581698417663574219e-01
6.409512162208557129e-01
6.261925101280212402e-01
4.520700275897979736e-01
4.536922872066497803e-01
6.169296503067016602e-01
5.805088281631469727e-01
5.432594418525695801e-01
6.078442335128784180e-01
4.729942679405212402e-01
5.601819157600402832e-01
6.275985836982727051e-01
5.793867707252502441e-01
6.101537942886352539e-01
3.881991505622863770e-01
5.720148086547851562e-01
5.262446403503417969e-01
5.222157835960388184e-01
5.403671860694885254e-01
6.384974122047424316e-01
6.471923589706420898e-01
5.922366976737976074e-01
4.391814470291137695e-01
5.699317455291748047e-01
6.177185773849487305e-01
5.046852231025695801e-01
6.028035283088684082e-01
4.778373241424560547e-01
5.017726421356201172e-01
5.523620843887329102e-01
1.237053200602531433e-01
5.768769979476928711e-01
6.249287128448486328e-01
6.488580107688903809e-01
4.117836654186248779e-01
3.600394129753112793e-01
5.979700088500976562e-01
4.579612314701080322e-01
4.479985535144805908e-01
1.924046128988265991e-01
6.204965114593505859e-01
6.051391959190368652e-01
6.198810338973999023e-01
5.835254788398742676e-01
6.083859801292419434e-01
4.145904779434204102e-01
6.153102517127990723e-01
4.942671954631805420e-01
5.157984495162963867e-01
6.156798601150512695e-01
5.688014626502990723e-01
6.398126482963562012e-01
5.647601485252380371e-01
4.365766346454620361e-01
6.374027132987976074e-01
2.149571031332015991e-01
5.753781199455261230e-01
5.623434782028198242e-01
4.409347772598266602e-01
6.119034886360168457e-01
6.311649084091186523e-01
5.646734237670898438e-01
3.180243074893951416e-01
4.145420789718627930e-01
5.125901103019714355e-01
3.873393237590789795e-01
6.133766770362854004e-01
6.399429440498352051e-01
5.368024706840515137e-01
2.916076183319091797e-01
6.279177665710449219e-01
4.427221119403839111e-01
4.603153169155120850e-01
6.397722363471984863e-01
6.100085973739624023e-01
5.111014842987060547e-01
5.886890292167663574e-01
6.309981942176818848e-01
6.256120204925537109e-01
6.311364173889160156e-01
3.450185954570770264e-01
6.186810135841369629e-01
6.194311380386352539e-01
5.095249414443969727e-01
5.941762328147888184e-01
5.845825076103210449e-01
5.710668563842773438e-01
6.202766299247741699e-01
3.385001122951507568e-01
6.002362966537475586e-01
6.017135977745056152e-01
4.554694294929504395e-01
6.090828180313110352e-01
6.436312198638916016e-01
5.518460273742675781e-01
4.742920398712158203e-01
6.160808801651000977e-01
4.478165507316589355e-01
5.987793803215026855e-01
2.783463895320892334e-01
6.100337505340576172e-01
6.313614845275878906e-01
6.210613846778869629e-01
4.021921157836914062e-01
5.680887699127197266e-01
5.965680480003356934e-01
6.171306371688842773e-01
5.911717414855957031e-01
5.938282012939453125e-01
5.620570182800292969e-01
6.149169802665710449e-01
6.031435728073120117e-01
6.022887229919433594e-01
6.224305033683776855e-01
6.134349703788757324e-01
4.473012089729309082e-01
4.454271197319030762e-01
5.002510547637939453e-01
5.982328653335571289e-01
6.273911595344543457e-01
6.153917312622070312e-01
6.446983218193054199e-01
3.827950060367584229e-01
2.683441638946533203e-01
5.958613753318786621e-01
5.154483914375305176e-01
6.239848136901855469e-01
6.383596658706665039e-01
5.486280918121337891e-01
6.023309230804443359e-01
6.161088347434997559e-01
5.261963009834289551e-01
3.977316021919250488e-01
5.203793048858642578e-01
4.470912218093872070e-01
5.675441622734069824e-01
4.909280836582183838e-01
2.148347496986389160e-01
5.595643520355224609e-01
5.877442359924316406e-01
5.138220191001892090e-01
6.270005106925964355e-01
5.259731411933898926e-01
6.381993889808654785e-01
5.466394424438476562e-01
3.513588309288024902e-01
6.510479450225830078e-01
4.671747684478759766e-01
6.100460886955261230e-01
6.291390657424926758e-01
5.802604556083679199e-01
6.227487325668334961e-01
5.988889932632446289e-01
4.986367523670196533e-01
6.192744970321655273e-01
5.920337438583374023e-01
4.397078454494476318e-01
4.453021287918090820e-01
5.805732011795043945e-01
3.770681619644165039e-01
5.651181936264038086e-01
5.909422039985656738e-01
4.742761850357055664e-01
6.316837668418884277e-01
5.953405499458312988e-01
5.655733942985534668e-01
5.114941596984863281e-01
4.562109410762786865e-01
5.603646039962768555e-01
4.682796597480773926e-01
4.282641112804412842e-01
1.873151212930679321e-01
5.545068383216857910e-01
6.109789013862609863e-01
5.781043767929077148e-01
2.877017557621002197e-01
6.287425160408020020e-01
6.181176900863647461e-01
6.175414919853210449e-01
4.688563048839569092e-01
3.014267683029174805e-01
4.837679564952850342e-01
6.225154995918273926e-01
3.425333499908447266e-01
5.750520229339599609e-01
5.947417616844177246e-01
5.719177126884460449e-01
5.791774392127990723e-01
5.926171541213989258e-01
4.318946599960327148e-01
5.921608805656433105e-01
5.431372523307800293e-01
5.419076085090637207e-01
5.997350215911865234e-01
4.609768688678741455e-01
4.283983111381530762e-01
6.501747369766235352e-01
3.872779011726379395e-01
6.099204421043395996e-01
5.276099443435668945e-01
5.669724345207214355e-01
6.407594084739685059e-01
5.095182061195373535e-01
6.101405024528503418e-01
6.298639178276062012e-01
6.442738771438598633e-01
6.098423004150390625e-01
5.981348752975463867e-01
6.129562854766845703e-01
6.487702131271362305e-01
6.322166323661804199e-01
5.759629607200622559e-01
5.544403195381164551e-01
5.667556524276733398e-01
5.777496099472045898e-01
5.131761431694030762e-01
5.829719901084899902e-01
6.377306580543518066e-01
4.687381982803344727e-01
2.606189250946044922e-01
4.837459623813629150e-01
5.899497270584106445e-01
6.398741602897644043e-01
5.614632368087768555e-01
6.232052445411682129e-01
6.242940425872802734e-01
4.970618188381195068e-01
5.949306488037109375e-01
4.974309504032135010e-01
5.793800354003906250e-01
5.288013815879821777e-01
6.133446693420410156e-01
6.177660822868347168e-01
6.268471479415893555e-01
5.438382625579833984e-01
5.174706578254699707e-01
5.987193584442138672e-01
6.405913233757019043e-01
5.616627335548400879e-01
6.144405007362365723e-01
5.871747732162475586e-01
6.106900572776794434e-01
6.470592617988586426e-01
5.778020620346069336e-01
5.824658274650573730e-01
4.543846547603607178e-01
3.242791593074798584e-01
5.874856114387512207e-01
6.297193169593811035e-01
5.998258590698242188e-01
5.145645141601562500e-01
6.098560690879821777e-01
6.240960955619812012e-01
3.530409634113311768e-01
2.143796682357788086e-01
4.708792269229888916e-01
6.306910514831542969e-01
6.084828376770019531e-01
6.223760843276977539e-01
2.884293496608734131e-01
6.379216909408569336e-01
6.356059312820434570e-01
5.599395632743835449e-01
5.612722635269165039e-01
5.801442861557006836e-01
3.327150642871856689e-01
6.286459565162658691e-01
3.930118978023529053e-01
5.930078625679016113e-01
4.790874123573303223e-01
5.721715092658996582e-01
5.876477360725402832e-01
3.681513369083404541e-01
6.336901783943176270e-01
4.405609965324401855e-01
5.824784040451049805e-01
4.849464893341064453e-01
5.857577919960021973e-01
2.825511693954467773e-01
6.053135395050048828e-01
6.184564828872680664e-01
5.618987083435058594e-01
5.601928830146789551e-01
6.066904664039611816e-01
4.683293104171752930e-01
5.598015785217285156e-01
6.263642311096191406e-01
6.232636570930480957e-01
5.985549092292785645e-01
5.698359012603759766e-01
5.687063336372375488e-01
5.459185242652893066e-01
6.027801632881164551e-01
5.882010459899902344e-01
5.586683750152587891e-01
6.363818049430847168e-01
5.649619698524475098e-01
6.147426366806030273e-01
4.746923148632049561e-01
4.852830171585083008e-01
2.250870466232299805e-01
2.875694930553436279e-01
6.350829601287841797e-01
6.411830186843872070e-01
4.782226681709289551e-01
6.135762333869934082e-01
4.807732105255126953e-01
5.277865529060363770e-01
4.393716454505920410e-01
4.854800701141357422e-01
6.262425780296325684e-01
5.459061861038208008e-01
3.004356026649475098e-01
5.648323893547058105e-01
6.360884308815002441e-01
6.423177719116210938e-01
6.306498050689697266e-01
5.626266598701477051e-01
5.875468254089355469e-01
5.836303830146789551e-01
5.309787392616271973e-01
3.561746776103973389e-01
4.771032035350799561e-01
6.044359207153320312e-01
5.857656598091125488e-01
6.214442253112792969e-01
6.165919899940490723e-01
4.481322765350341797e-01
5.109008550643920898e-01
5.955663323402404785e-01
6.092310547828674316e-01
5.450803041458129883e-01
5.595017671585083008e-01
5.529509186744689941e-01
2.822845876216888428e-01
3.138825893402099609e-01
5.156847238540649414e-01
6.444797515869140625e-01
6.458135843276977539e-01
6.155472397804260254e-01
6.392299532890319824e-01
6.166625618934631348e-01
6.382153630256652832e-01
5.239444375038146973e-01
6.522651910781860352e-01
6.284263134002685547e-01
5.120385289192199707e-01
6.311783790588378906e-01
4.922260642051696777e-01
5.817062258720397949e-01
5.438777804374694824e-01
5.058286786079406738e-01
4.528062939643859863e-01
5.842556953430175781e-01
5.874854326248168945e-01
2.953457236289978027e-01
1.943684071302413940e-01
5.678559541702270508e-01
4.425224661827087402e-01
5.600063204765319824e-01
5.799698233604431152e-01
6.224074959754943848e-01
6.492331624031066895e-01
4.748251140117645264e-01
5.926474928855895996e-01
6.415912508964538574e-01
5.798636674880981445e-01
2.935566604137420654e-01
5.389288663864135742e-01
6.377382874488830566e-01
6.381391882896423340e-01
1.902975291013717651e-01
3.772381842136383057e-01
5.418335199356079102e-01
6.033318042755126953e-01
6.202110052108764648e-01
3.319862186908721924e-01
5.824016928672790527e-01
5.971178412437438965e-01
4.771357774734497070e-01
6.307461857795715332e-01
2.615520656108856201e-01
6.337319016456604004e-01
6.236999034881591797e-01
5.330089330673217773e-01
5.764764547348022461e-01
5.342195034027099609e-01
4.180700778961181641e-01
5.862534642219543457e-01
5.601018071174621582e-01
5.944210886955261230e-01
4.205338954925537109e-01
5.846805572509765625e-01
2.639480233192443848e-01
5.818595290184020996e-01
5.752918124198913574e-01
5.589950084686279297e-01
4.489450454711914062e-01
5.258822441101074219e-01
5.250172019004821777e-01
6.135738492012023926e-01
2.442658245563507080e-01
6.150547266006469727e-01
4.933717846870422363e-01
5.174015164375305176e-01
2.547580003738403320e-01
5.540152788162231445e-01
5.467395782470703125e-01
6.026838421821594238e-01
5.538159608840942383e-01
6.518020629882812500e-01
6.120150685310363770e-01
5.923801064491271973e-01
5.956316590309143066e-01
6.227844953536987305e-01
5.895329713821411133e-01
1.850923895835876465e-01
5.901364684104919434e-01
5.369565486907958984e-01
6.142635345458984375e-01
6.121885776519775391e-01
6.244357824325561523e-01
6.478210091590881348e-01
4.821110069751739502e-01
6.297248005867004395e-01
2.435097843408584595e-01
5.342832803726196289e-01
5.628347396850585938e-01
6.517666578292846680e-01
5.011330246925354004e-01
5.647582411766052246e-01
5.516170263290405273e-01
6.144573092460632324e-01
5.787585377693176270e-01
5.992519259452819824e-01
4.886788427829742432e-01
5.608911514282226562e-01
2.323808819055557251e-01
5.604634284973144531e-01
6.264393925666809082e-01
6.114665269851684570e-01
3.442578911781311035e-01
5.251503586769104004e-01
5.169252157211303711e-01
5.212864875793457031e-01
5.700353384017944336e-01
5.606524348258972168e-01
5.938521623611450195e-01
4.138300120830535889e-01
6.449255943298339844e-01
5.946674346923828125e-01
5.480859875679016113e-01
5.029961466789245605e-01
6.417807936668395996e-01
5.618832111358642578e-01
5.462699532508850098e-01
5.718847513198852539e-01
5.218673944473266602e-01
4.683724045753479004e-01
4.956615567207336426e-01
5.901015996932983398e-01
5.353582501411437988e-01
5.959619283676147461e-01
5.327769517898559570e-01
6.034840941429138184e-01
5.991132855415344238e-01
6.196584105491638184e-01
5.901840329170227051e-01
2.136404514312744141e-01
5.330730676651000977e-01
6.162374019622802734e-01
5.881733298301696777e-01
5.913302302360534668e-01
5.558582544326782227e-01
6.314120888710021973e-01
5.220283865928649902e-01
4.788581728935241699e-01
4.949233233928680420e-01
6.472126841545104980e-01
6.154940128326416016e-01
6.027175784111022949e-01
6.238023042678833008e-01
4.915607571601867676e-01
5.282845497131347656e-01
5.570895075798034668e-01
3.468072414398193359e-01
1.860933154821395874e-01
3.788067698478698730e-01
6.245931386947631836e-01
5.807906985282897949e-01
5.469650030136108398e-01
5.317602157592773438e-01
6.175963282585144043e-01
2.341616302728652954e-01
5.906485915184020996e-01
6.029451489448547363e-01
5.809050202369689941e-01
5.131900310516357422e-01
6.448953747749328613e-01
5.793164968490600586e-01
6.055248379707336426e-01
5.856937170028686523e-01
5.558420419692993164e-01
5.288968682289123535e-01
4.769345819950103760e-01
6.015199422836303711e-01
4.098227620124816895e-01
5.396762490272521973e-01
4.706591963768005371e-01
6.062918305397033691e-01
2.833676040172576904e-01
6.488580107688903809e-01
6.466596722602844238e-01
5.944953560829162598e-01
5.791092514991760254e-01
5.904860496520996094e-01
4.316667616367340088e-01
5.700638294219970703e-01
4.520778357982635498e-01
6.355268955230712891e-01
2.871413230895996094e-01
4.675427079200744629e-01
4.621213972568511963e-01
6.100304722785949707e-01
5.992525219917297363e-01
5.159825682640075684e-01
6.228115558624267578e-01
2.897818684577941895e-01
2.876219749450683594e-01
5.575924515724182129e-01
1.961605250835418701e-01
2.950138449668884277e-01
6.432765722274780273e-01
5.762908458709716797e-01
5.875688195228576660e-01
4.301567077636718750e-01
5.280573964118957520e-01
5.842262506484985352e-01
5.005812048912048340e-01
5.960413813591003418e-01
6.195920109748840332e-01
6.190531253814697266e-01
4.863677322864532471e-01
6.204703450202941895e-01
4.298910200595855713e-01
5.897467136383056641e-01
6.387230753898620605e-01
5.891228914260864258e-01
5.919667482376098633e-01
4.196651577949523926e-01
6.296730637550354004e-01
5.493278503417968750e-01
4.666091203689575195e-01
5.977447628974914551e-01
6.291593313217163086e-01
5.881969928741455078e-01
6.234483122825622559e-01
4.342146813869476318e-01
6.221401691436767578e-01
4.304766058921813965e-01
5.823435187339782715e-01
3.158569037914276123e-01
6.253466010093688965e-01
4.664575755596160889e-01
6.362516880035400391e-01
5.236080288887023926e-01
6.357367634773254395e-01
5.653141140937805176e-01
5.329499840736389160e-01
5.809677839279174805e-01
5.154871940612792969e-01
4.365636110305786133e-01
5.028500556945800781e-01
5.486310124397277832e-01
5.759524703025817871e-01
5.768789649009704590e-01
6.062948703765869141e-01
5.816300511360168457e-01
6.463472247123718262e-01
3.142435848712921143e-01
6.436252593994140625e-01
6.421806216239929199e-01
5.519913434982299805e-01
6.347030997276306152e-01
5.765811204910278320e-01
3.500039279460906982e-01
5.866884589195251465e-01
5.681602358818054199e-01
6.318364143371582031e-01
5.929549932479858398e-01
5.288558602333068848e-01
5.322645902633666992e-01
5.322177410125732422e-01
6.154435873031616211e-01
3.386413753032684326e-01
6.409082412719726562e-01
4.810138940811157227e-01
5.590856075286865234e-01
4.799166023731231689e-01
6.226339936256408691e-01
6.184041500091552734e-01
1.986189484596252441e-01
3.187578320503234863e-01
6.140689253807067871e-01
5.743869543075561523e-01
5.327299237251281738e-01
4.115060269832611084e-01
5.492041110992431641e-01
5.559992194175720215e-01
4.478378295898437500e-01
6.180415749549865723e-01
6.475971341133117676e-01
2.196770757436752319e-01
4.762388467788696289e-01
4.810844659805297852e-01
5.974484086036682129e-01
6.512650847434997559e-01
6.176242828369140625e-01
5.454568862915039062e-01
4.692493975162506104e-01
3.154775798320770264e-01
2.826550900936126709e-01
6.371254324913024902e-01
5.269986987113952637e-01
6.368502378463745117e-01
4.805716574192047119e-01
4.563793241977691650e-01
3.494236171245574951e-01
3.267686367034912109e-01
6.240794062614440918e-01
5.482337474822998047e-01
6.141806244850158691e-01
5.885743498802185059e-01
4.970004260540008545e-01
4.501408636569976807e-01
5.662580728530883789e-01
2.758613526821136475e-01
4.191324710845947266e-01
2.971859872341156006e-01
5.502491593360900879e-01
5.806550979614257812e-01
5.815634131431579590e-01
6.408489942550659180e-01
5.977125167846679688e-01
5.108590722084045410e-01
5.669574737548828125e-01
6.352341175079345703e-01
6.016957759857177734e-01
5.556310415267944336e-01
6.479815840721130371e-01
6.250352263450622559e-01
6.380996108055114746e-01
6.455355286598205566e-01
5.105735063552856445e-01
5.429853200912475586e-01
4.302962422370910645e-01
5.716551542282104492e-01
4.734801352024078369e-01
5.269322991371154785e-01
3.389256894588470459e-01
3.157382011413574219e-01
6.354483366012573242e-01
5.795359015464782715e-01
4.726873636245727539e-01
5.832008123397827148e-01
4.952471554279327393e-01
3.958915472030639648e-01
5.756816267967224121e-01
5.807697772979736328e-01
3.287526965141296387e-01
4.854869246482849121e-01
6.325877308845520020e-01
6.199919581413269043e-01
5.703672766685485840e-01
4.790962934494018555e-01
6.468110680580139160e-01
6.027407050132751465e-01
6.454558968544006348e-01
6.062297224998474121e-01
5.703197717666625977e-01
5.586674809455871582e-01
4.961660504341125488e-01
6.204308867454528809e-01
3.278946876525878906e-01
4.264233112335205078e-01
5.834959745407104492e-01
5.201872587203979492e-01
5.835275053977966309e-01
5.895377993583679199e-01
6.243239641189575195e-01
5.617026090621948242e-01
4.790645539760589600e-01
5.667811632156372070e-01
3.648181855678558350e-01
5.278246402740478516e-01
4.005659818649291992e-01
6.336824893951416016e-01
5.450799465179443359e-01
3.873068690299987793e-01
5.889238119125366211e-01
6.417078375816345215e-01
4.941640198230743408e-01
5.759837627410888672e-01
6.002653837203979492e-01
4.295755028724670410e-01
4.473063051700592041e-01
5.518410205841064453e-01
6.093571782112121582e-01
5.723769664764404297e-01
5.702183842658996582e-01
2.893725931644439697e-01
6.452353596687316895e-01
6.387253403663635254e-01
6.367591023445129395e-01
4.894712865352630615e-01
3.282497227191925049e-01
5.748231410980224609e-01
4.986194372177124023e-01
6.212039589881896973e-01
5.667042136192321777e-01
6.367068886756896973e-01
5.698922872543334961e-01
6.376997828483581543e-01
4.520700275897979736e-01
5.802251696586608887e-01
6.274752616882324219e-01
6.142958402633666992e-01
4.155708551406860352e-01
4.460222423076629639e-01
5.748091936111450195e-01
4.761427044868469238e-01
6.409946084022521973e-01
5.729587078094482422e-01
5.858208537101745605e-01
6.320099830627441406e-01
3.087992668151855469e-01
4.538530707359313965e-01
6.019514203071594238e-01
6.276306509971618652e-01
6.378581523895263672e-01
6.112616658210754395e-01
5.901219248771667480e-01
6.405456066131591797e-01
3.277995586395263672e-01
5.577632188796997070e-01
6.280908584594726562e-01
6.075223088264465332e-01
6.141525506973266602e-01
5.453791618347167969e-01
6.201350688934326172e-01
6.085724830627441406e-01
6.132618188858032227e-01
6.476733088493347168e-01
6.186913847923278809e-01
4.741924107074737549e-01
5.850078463554382324e-01
5.792309641838073730e-01
1.904609501361846924e-01
4.358616769313812256e-01
5.895329713821411133e-01
5.645104050636291504e-01
5.274838209152221680e-01
6.247790455818176270e-01
6.222230195999145508e-01
4.659695923328399658e-01
4.969702363014221191e-01
4.741330146789550781e-01
4.906511604785919189e-01
6.010457277297973633e-01
6.063379645347595215e-01
5.881096720695495605e-01
6.161599755287170410e-01
4.911945164203643799e-01
5.967221856117248535e-01
5.741603970527648926e-01
5.332627296447753906e-01
5.766189694404602051e-01
6.139609217643737793e-01
6.161383390426635742e-01
6.392099857330322266e-01
6.286217570304870605e-01
5.772960186004638672e-01
6.047116518020629883e-01
5.668014883995056152e-01
5.971859693527221680e-01
5.538824796676635742e-01
5.628190040588378906e-01
6.337506771087646484e-01
6.007630228996276855e-01
6.035010814666748047e-01
6.269331574440002441e-01
1.867556124925613403e-01
4.879693090915679932e-01
6.468168497085571289e-01
5.861310362815856934e-01
6.402595639228820801e-01
1.860514134168624878e-01
6.409063339233398438e-01
6.004766821861267090e-01
6.292199492454528809e-01
2.301379144191741943e-01
5.813320279121398926e-01
6.441469192504882812e-01
5.980858802795410156e-01
5.529710650444030762e-01
5.167636275291442871e-01
5.792520046234130859e-01
6.156054735183715820e-01
5.371686220169067383e-01
6.453620195388793945e-01
4.443920850753784180e-01
5.407896041870117188e-01
6.315904259681701660e-01
6.453501582145690918e-01
6.346824169158935547e-01
6.146187186241149902e-01
4.002632796764373779e-01
6.005359888076782227e-01
6.341893076896667480e-01
6.224876642227172852e-01
5.205044150352478027e-01
5.063069462776184082e-01
5.804829001426696777e-01
5.821277499198913574e-01
6.461268663406372070e-01
5.395104289054870605e-01
5.793105363845825195e-01
6.037530899047851562e-01
5.330291986465454102e-01
5.893775820732116699e-01
6.048925518989562988e-01
6.179659366607666016e-01
1.995354145765304565e-01
3.562557697296142578e-01
6.309921741485595703e-01
4.444015026092529297e-01
6.112424731254577637e-01
5.234401822090148926e-01
1.893808096647262573e-01
5.587776303291320801e-01
5.579673051834106445e-01
6.113771200180053711e-01
6.299687027931213379e-01
6.160866022109985352e-01
1.888022273778915405e-01
5.881679058074951172e-01
4.397207796573638916e-01
4.681764543056488037e-01
6.034888029098510742e-01
6.475194096565246582e-01
5.954216718673706055e-01
5.704312324523925781e-01
6.211230158805847168e-01
6.226730942726135254e-01
6.132900118827819824e-01
6.159896254539489746e-01
3.201787471771240234e-01
6.055765748023986816e-01
6.404171586036682129e-01
2.094872295856475830e-01
3.190794587135314941e-01
4.480220973491668701e-01
6.395095586776733398e-01
6.114713549613952637e-01
6.418572068214416504e-01
5.872861146926879883e-01
6.155757308006286621e-01
6.124066710472106934e-01
4.842416942119598389e-01
4.493735134601593018e-01
5.815839171409606934e-01
6.251281499862670898e-01
4.647441208362579346e-01
6.131415367126464844e-01
4.785520732402801514e-01
6.143026351928710938e-01
6.424692273139953613e-01
5.534263849258422852e-01
2.755961418151855469e-01
1.854951679706573486e-01
4.206338226795196533e-01
6.298902630805969238e-01
5.080530047416687012e-01
6.390494108200073242e-01
5.298202633857727051e-01
6.381850242614746094e-01
5.373783111572265625e-01
6.123287677764892578e-01
6.052322387695312500e-01
5.962377786636352539e-01
5.598965287208557129e-01
6.518206000328063965e-01
4.335967898368835449e-01
6.138971447944641113e-01
6.122049093246459961e-01
6.149349212646484375e-01
6.232873797416687012e-01
5.603095293045043945e-01
5.262643694877624512e-01
6.378173232078552246e-01
5.674633979797363281e-01
5.206313729286193848e-01
5.759266018867492676e-01
5.493576526641845703e-01
5.425738692283630371e-01
5.804117918014526367e-01
5.941340327262878418e-01
6.104969382286071777e-01
5.293500423431396484e-01
5.708125233650207520e-01
4.320351183414459229e-01
5.638031959533691406e-01
5.634300708770751953e-01
