2.709211409091949463e-01
9.204965233802795410e-01
4.592109322547912598e-01
9.691280722618103027e-01
1.777268350124359131e-01
2.830795645713806152e-01
4.918872714042663574e-01
9.621777534484863281e-01
3.545261323451995850e-01
3.572742938995361328e-01
9.301681518554687500e-01
6.446956992149353027e-01
9.868555665016174316e-01
3.556607067584991455e-01
1.518820226192474365e-01
3.181222379207611084e-01
9.882590770721435547e-01
9.702535271644592285e-01
2.025759369134902954e-01
9.692809581756591797e-01
9.888334274291992188e-01
9.734115004539489746e-01
3.519006371498107910e-01
5.823366641998291016e-01
4.112721681594848633e-01
2.485709637403488159e-01
6.347590684890747070e-01
2.935910224914550781e-01
1.722719371318817139e-01
2.477991282939910889e-01
1.453342437744140625e-01
5.974987149238586426e-01
5.896441340446472168e-01
9.684137105941772461e-01
5.044007897377014160e-01
6.651514172554016113e-01
9.776885509490966797e-01
4.940630793571472168e-01
8.980879187583923340e-01
6.153634190559387207e-01
1.930867731571197510e-01
9.810783267021179199e-01
2.463885098695755005e-01
4.109976291656494141e-01
9.897554516792297363e-01
9.629317522048950195e-01
3.209965229034423828e-01
4.162251353263854980e-01
8.552664518356323242e-01
4.388504922389984131e-01
2.915307283401489258e-01
3.454284369945526123e-01
4.689326286315917969e-01
9.347501993179321289e-01
3.495998084545135498e-01
2.565149068832397461e-01
4.777881503105163574e-01
6.770508289337158203e-01
5.692197680473327637e-01
6.610280871391296387e-01
2.864899337291717529e-01
2.791793048381805420e-01
9.684795737266540527e-01
2.904199361801147461e-01
2.458691298961639404e-01
9.877586960792541504e-01
1.519375443458557129e-01
9.896631836891174316e-01
5.586442947387695312e-01
1.972120702266693115e-01
4.580688178539276123e-01
2.504756152629852295e-01
6.397139430046081543e-01
6.490998268127441406e-01
7.276999950408935547e-01
6.763470172882080078e-01
4.297999739646911621e-01
9.874106049537658691e-01
2.369164824485778809e-01
6.177546381950378418e-01
6.929028630256652832e-01
5.978224873542785645e-01
6.740503311157226562e-01
9.641567468643188477e-01
4.391651749610900879e-01
2.543485462665557861e-01
2.150966823101043701e-01
9.762867093086242676e-01
6.974191665649414062e-01
9.829072356224060059e-01
9.852994680404663086e-01
8.450429439544677734e-01
3.214998543262481689e-01
9.516085982322692871e-01
9.849766492843627930e-01
3.031421005725860596e-01
3.184406757354736328e-01
4.971270263195037842e-01
2.858221828937530518e-01
1.825158596038818359e-01
3.349204957485198975e-01
7.935748696327209473e-01
2.944164574146270752e-01
6.668092608451843262e-01
9.858010411262512207e-01
9.670403599739074707e-01
1.364752203226089478e-01
2.727486193180084229e-01
9.878054857254028320e-01
4.394829571247100830e-01
6.087514162063598633e-01
9.569951295852661133e-01
2.575893402099609375e-01
6.659451723098754883e-01
3.679035902023315430e-01
3.624072074890136719e-01
8.367569446563720703e-01
6.589212417602539062e-01
7.244105339050292969e-01
7.346907854080200195e-01
9.483108520507812500e-01
8.395925760269165039e-01
4.759231507778167725e-01
9.721526503562927246e-01
3.877032399177551270e-01
3.838948011398315430e-01
2.044492661952972412e-01
5.024262070655822754e-01
4.008215069770812988e-01
4.651003777980804443e-01
9.864181876182556152e-01
3.014099895954132080e-01
5.568022727966308594e-01
8.743643760681152344e-01
6.872950792312622070e-01
4.133959710597991943e-01
4.271046221256256104e-01
9.536302089691162109e-02
9.897790551185607910e-01
2.735970616340637207e-01
5.640094876289367676e-01
3.382544219493865967e-01
9.650376439094543457e-01
9.793938398361206055e-01
3.460471630096435547e-01
9.501957893371582031e-01
8.711860775947570801e-01
3.820198178291320801e-01
9.341237545013427734e-01
4.049990177154541016e-01
5.853694081306457520e-01
3.163846135139465332e-01
9.821560978889465332e-01
3.290200233459472656e-01
9.883292913436889648e-01
5.739659667015075684e-01
1.897019892930984497e-01
3.903338313102722168e-01
2.268845736980438232e-01
3.935486674308776855e-01
9.895825386047363281e-01
1.267610192298889160e-01
6.916132569313049316e-01
3.347202241420745850e-01
1.602593064308166504e-01
8.049303889274597168e-01
3.442452847957611084e-01
6.018993854522705078e-01
9.751680493354797363e-01
5.892750024795532227e-01
7.099656462669372559e-01
2.044833302497863770e-01
9.721122980117797852e-01
3.964579105377197266e-01
9.870557785034179688e-01
1.895206719636917114e-01
3.849604129791259766e-01
9.577406644821166992e-01
7.256077527999877930e-01
1.864572018384933472e-01
9.823545217514038086e-01
9.858224987983703613e-01
2.305717021226882935e-01
2.158312052488327026e-01
9.584570527076721191e-01
2.048516124486923218e-01
5.817734599113464355e-01
7.773582339286804199e-01
8.293098807334899902e-01
9.891168475151062012e-01
2.359475940465927124e-01
8.153411149978637695e-01
2.343648970127105713e-01
5.512848496437072754e-01
6.804975122213363647e-02
3.640428781509399414e-01
4.265936315059661865e-01
9.695925116539001465e-01
3.147580325603485107e-01
3.221025168895721436e-01
9.592888951301574707e-01
7.378202676773071289e-01
1.271176189184188843e-01
5.679740905761718750e-01
9.858868122100830078e-01
2.692606449127197266e-01
9.903301000595092773e-01
1.869329959154129028e-01
6.201438903808593750e-01
8.423096537590026855e-01
5.942997932434082031e-01
3.244366645812988281e-01
9.870249032974243164e-01
9.795626401901245117e-01
9.534160494804382324e-01
5.485221743583679199e-01
9.869159460067749023e-01
9.735244512557983398e-01
3.897959589958190918e-01
7.299165725708007812e-01
6.566894054412841797e-01
9.689871668815612793e-01
2.222957909107208252e-01
1.717334389686584473e-01
3.067291080951690674e-01
2.666284441947937012e-01
4.657921791076660156e-01
3.137514591217041016e-01
8.367569446563720703e-01
1.070787310600280762e-01
8.367569446563720703e-01
9.885031580924987793e-01
7.637385725975036621e-01
9.856953024864196777e-01
3.749877512454986572e-01
1.990280151367187500e-01
9.699335694313049316e-01
5.590194463729858398e-01
1.914901137351989746e-01
5.289440155029296875e-01
2.141887843608856201e-01
1.904243230819702148e-01
1.836634874343872070e-01
9.848928451538085938e-01
2.487017959356307983e-01
4.741731286048889160e-01
3.100834190845489502e-01
1.093078181147575378e-01
9.891366958618164062e-01
9.896594882011413574e-01
2.024388164281845093e-01
9.900593161582946777e-01
6.727375388145446777e-01
5.719965696334838867e-01
3.157183825969696045e-01
9.813615679740905762e-01
4.248228371143341064e-01
9.872981309890747070e-01
3.889380395412445068e-01
6.074163317680358887e-01
8.950455188751220703e-01
1.827505081892013550e-01
7.181023955345153809e-01
5.854209661483764648e-01
5.874370932579040527e-01
9.635180830955505371e-01
2.373755723237991333e-01
9.848616123199462891e-01
7.225389480590820312e-01
5.848363041877746582e-01
7.412092685699462891e-01
3.922190964221954346e-01
7.453042864799499512e-01
9.528675079345703125e-01
9.811737537384033203e-01
3.697415292263031006e-01
6.263656616210937500e-01
1.776732653379440308e-01
9.731109738349914551e-01
2.784126996994018555e-01
9.893833994865417480e-01
3.161159753799438477e-01
1.347874104976654053e-01
9.685451388359069824e-01
1.909261792898178101e-01
6.214709281921386719e-01
3.702019751071929932e-01
2.299797236919403076e-01
5.914363861083984375e-01
3.692670762538909912e-01
6.859198808670043945e-01
5.284562706947326660e-01
9.870719313621520996e-01
5.747181177139282227e-01
6.097087860107421875e-01
6.858288645744323730e-01
6.028654575347900391e-01
1.282533109188079834e-01
6.231758594512939453e-01
1.808882504701614380e-01
7.250082492828369141e-01
9.899612665176391602e-01
5.835744738578796387e-01
9.663527011871337891e-01
9.745386838912963867e-01
8.707585334777832031e-01
4.682999253273010254e-01
3.170665502548217773e-01
7.108100652694702148e-01
5.964652895927429199e-01
9.819689393043518066e-01
4.339927732944488525e-01
9.899742007255554199e-01
1.879358291625976562e-01
4.785497188568115234e-01
9.630340337753295898e-01
3.334064781665802002e-01
9.864305257797241211e-01
1.974351108074188232e-01
9.655854105949401855e-01
4.234788119792938232e-01
9.863082766532897949e-01
9.885573387145996094e-01
1.818065345287322998e-01
3.572264313697814941e-01
3.526301085948944092e-01
3.621371090412139893e-01
3.934731483459472656e-01
9.864675998687744141e-01
6.866190433502197266e-01
1.108038574457168579e-01
3.153728544712066650e-01
9.803152084350585938e-01
4.003509581089019775e-01
2.287486493587493896e-01
9.871736764907836914e-01
9.886747002601623535e-01
3.854916989803314209e-01
9.750040173530578613e-01
9.714467525482177734e-01
2.940066456794738770e-01
5.629078149795532227e-01
8.261626958847045898e-01
4.212633073329925537e-01
3.451296091079711914e-01
9.727095365524291992e-01
9.780389666557312012e-01
3.836843073368072510e-01
7.923787236213684082e-01
4.061074852943420410e-01
9.779140353202819824e-01
5.445948243141174316e-01
7.027897238731384277e-01
3.036788702011108398e-01
2.388798296451568604e-01
9.902955889701843262e-01
3.329251110553741455e-01
9.750179648399353027e-01
1.577776670455932617e-01
9.786519408226013184e-01
4.380484819412231445e-01
4.441243410110473633e-01
4.479653835296630859e-01
2.608201801776885986e-01
2.350790798664093018e-01
9.514588117599487305e-01
3.099776208400726318e-01
9.881963133811950684e-01
4.499420523643493652e-01
1.691416800022125244e-01
8.905329704284667969e-01
9.672927260398864746e-01
9.901442527770996094e-01
2.991563677787780762e-01
3.644160926342010498e-01
8.319975137710571289e-01
7.214326262474060059e-01
8.170348405838012695e-01
9.882581830024719238e-01
9.874981045722961426e-01
9.861111640930175781e-01
9.705197811126708984e-01
2.978814542293548584e-01
2.943681180477142334e-01
7.590012252330780029e-02
9.734274148941040039e-01
2.978450953960418701e-01
9.360280036926269531e-01
4.294959902763366699e-01
9.879913926124572754e-01
1.803900450468063354e-01
4.509266316890716553e-01
8.360596895217895508e-01
9.526007771492004395e-01
2.157819569110870361e-01
9.693840146064758301e-01
3.733000755310058594e-01
9.539019465446472168e-01
3.084834814071655273e-01
2.784616351127624512e-01
4.456400573253631592e-01
1.509262919425964355e-01
9.600515365600585938e-01
9.557079672813415527e-01
9.577901959419250488e-01
3.483847677707672119e-01
9.724797010421752930e-01
9.784280657768249512e-01
2.581291198730468750e-01
5.936493277549743652e-01
2.791175842285156250e-01
3.309433460235595703e-01
9.678250551223754883e-01
3.696545064449310303e-01
2.995893061161041260e-01
5.080837011337280273e-01
4.024582505226135254e-01
1.744121313095092773e-01
9.631710052490234375e-01
6.265244483947753906e-01
9.633741378784179688e-01
7.101545929908752441e-01
9.882906675338745117e-01
9.877975583076477051e-01
9.890245795249938965e-01
4.293721616268157959e-01
1.888154447078704834e-01
9.818612337112426758e-01
6.415325403213500977e-01
9.857839941978454590e-01
3.299840986728668213e-01
2.374001890420913696e-01
8.726561665534973145e-01
9.817718267440795898e-01
2.463379353284835815e-01
9.880302548408508301e-01
6.650473475456237793e-01
2.698367536067962646e-01
9.149496555328369141e-01
3.030050694942474365e-01
2.600232958793640137e-01
2.917481660842895508e-01
9.665088653564453125e-01
9.756609797477722168e-01
4.083915054798126221e-01
3.873890638351440430e-01
9.891178011894226074e-01
5.515541434288024902e-01
7.181372046470642090e-01
9.867621064186096191e-01
9.636265635490417480e-01
9.814069271087646484e-01
9.632189273834228516e-01
4.665593206882476807e-01
4.031792581081390381e-01
6.435239911079406738e-01
1.495499163866043091e-01
3.232090771198272705e-01
8.386855721473693848e-01
9.654963612556457520e-01
9.855332970619201660e-01
9.721687436103820801e-01
5.971757769584655762e-01
9.886556863784790039e-01
2.496950775384902954e-01
9.150669574737548828e-01
8.367569446563720703e-01
7.244555950164794922e-01
4.095712006092071533e-01
2.866609394550323486e-01
2.420415431261062622e-01
4.601801931858062744e-01
9.698514342308044434e-01
9.708569645881652832e-01
9.659959077835083008e-01
9.567878842353820801e-01
3.520304858684539795e-01
9.873507618904113770e-01
5.780858397483825684e-01
1.169201061129570007e-01
5.769182443618774414e-01
1.116800457239151001e-01
9.828763604164123535e-01
5.119068622589111328e-01
3.925003111362457275e-01
4.602236151695251465e-01
6.369860172271728516e-01
3.097904026508331299e-01
3.503783345222473145e-01
7.151981592178344727e-01
9.753943681716918945e-01
3.852539062500000000e-01
3.463288843631744385e-01
3.483545184135437012e-01
2.786418795585632324e-01
6.640858054161071777e-01
4.017031490802764893e-01
1.980513781309127808e-01
4.023880660533905029e-01
6.591946482658386230e-01
9.540449082851409912e-02
9.840931892395019531e-01
9.884457588195800781e-01
9.879911541938781738e-01
9.891231656074523926e-01
3.477774262428283691e-01
3.272545337677001953e-01
2.952762246131896973e-01
9.715573787689208984e-01
3.766713738441467285e-01
9.573708772659301758e-01
9.884003400802612305e-01
2.710644900798797607e-01
1.968206167221069336e-01
9.622225165367126465e-01
4.185861051082611084e-01
6.264426112174987793e-01
3.501242399215698242e-01
3.736312985420227051e-01
3.926545009016990662e-02
4.790717661380767822e-01
9.765441417694091797e-01
2.923778891563415527e-01
9.856674075126647949e-01
7.283064126968383789e-01
2.966881692409515381e-01
5.691261291503906250e-01
5.089058876037597656e-01
3.916084170341491699e-01
9.570994377136230469e-01
3.531573116779327393e-01
9.744781255722045898e-01
9.718644618988037109e-01
9.691200256347656250e-01
2.794786393642425537e-01
1.740626990795135498e-01
2.889018654823303223e-01
4.378344118595123291e-01
8.615424633026123047e-01
9.672260284423828125e-01
4.113880395889282227e-01
9.584465622901916504e-01
9.399590492248535156e-01
9.885963797569274902e-01
1.885058879852294922e-01
9.170058369636535645e-01
2.287462651729583740e-01
9.785906076431274414e-01
4.833098351955413818e-01
4.633342921733856201e-01
7.382786273956298828e-01
9.799126386642456055e-01
3.122098445892333984e-01
3.617886900901794434e-01
9.414888024330139160e-01
9.775153994560241699e-01
2.779348194599151611e-01
7.561410069465637207e-01
7.530191540718078613e-01
4.129727482795715332e-01
9.895568490028381348e-01
2.832703590393066406e-01
9.625359773635864258e-01
5.523620247840881348e-01
2.658542394638061523e-01
9.417639374732971191e-01
4.833127558231353760e-01
5.450185537338256836e-01
8.694579005241394043e-01
2.534333765506744385e-01
5.715607404708862305e-01
4.246727228164672852e-01
5.091145634651184082e-01
2.182368189096450806e-01
3.769254684448242188e-01
9.088335037231445312e-01
9.892459511756896973e-01
9.881630539894104004e-01
6.522096395492553711e-01
5.527647733688354492e-01
8.215501904487609863e-01
2.043727338314056396e-01
2.586312890052795410e-01
9.457377791404724121e-01
6.360764503479003906e-01
4.849559366703033447e-01
8.893288969993591309e-01
7.484261393547058105e-01
5.001634359359741211e-01
9.881529211997985840e-01
5.276982784271240234e-01
3.210967481136322021e-01
5.363234281539916992e-01
7.750204801559448242e-01
9.729502797126770020e-01
9.796736240386962891e-01
9.786069393157958984e-01
1.900481432676315308e-01
1.484863907098770142e-01
3.741161525249481201e-01
9.896758198738098145e-01
9.675900340080261230e-01
2.897052764892578125e-01
3.704200387001037598e-01
9.800843000411987305e-01
2.099863737821578979e-01
9.874744415283203125e-01
4.928755760192871094e-01
2.549199163913726807e-01
3.615545630455017090e-01
6.987885236740112305e-01
6.116889119148254395e-01
4.705896079540252686e-01
5.274703502655029297e-01
6.619517207145690918e-01
9.790151119232177734e-01
9.717753529548645020e-01
9.887900352478027344e-01
9.776800274848937988e-01
4.191868603229522705e-01
2.946917116641998291e-01
9.689143896102905273e-01
4.835274815559387207e-01
3.676583766937255859e-01
1.752487719058990479e-01
3.058773577213287354e-01
8.737125992774963379e-02
1.712362766265869141e-01
7.400147914886474609e-01
7.372794151306152344e-01
9.878337383270263672e-01
9.700337052345275879e-01
9.744420051574707031e-01
1.680623143911361694e-01
9.609020948410034180e-01
8.488062620162963867e-01
9.645817875862121582e-01
2.909211814403533936e-01
2.296215444803237915e-01
9.878233671188354492e-01
5.965443253517150879e-01
3.310362100601196289e-01
9.880400300025939941e-01
3.956087529659271240e-01
4.030874669551849365e-01
4.748911261558532715e-01
2.792046666145324707e-01
9.862779974937438965e-01
2.926204800605773926e-01
1.699455231428146362e-01
7.271332740783691406e-01
4.410839676856994629e-01
9.728365540504455566e-01
3.486959636211395264e-01
7.171466350555419922e-01
9.647790193557739258e-01
1.592427641153335571e-01
4.253788590431213379e-01
6.214983463287353516e-01
9.804480671882629395e-01
9.878056049346923828e-01
4.143545627593994141e-01
2.493518143892288208e-01
6.273010373115539551e-01
1.657586991786956787e-01
4.656858444213867188e-01
9.779207110404968262e-01
9.750382304191589355e-01
4.447786509990692139e-01
2.576647102832794189e-01
9.880796074867248535e-01
3.982050418853759766e-01
2.949330210685729980e-01
5.049088001251220703e-01
3.622396290302276611e-01
9.877167344093322754e-01
3.868141770362854004e-01
4.432173371315002441e-01
9.889491796493530273e-01
2.464846819639205933e-01
3.331623673439025879e-01
2.394296079874038696e-01
5.288065075874328613e-01
6.027072072029113770e-01
4.419921934604644775e-01
9.872205853462219238e-01
3.181222379207611084e-01
4.459026455879211426e-01
1.162613257765769958e-01
9.881636500358581543e-01
9.824475646018981934e-01
4.295032918453216553e-01
2.361022680997848511e-01
5.907498598098754883e-01
9.818984866142272949e-01
9.772698879241943359e-01
5.027939677238464355e-01
3.205429613590240479e-01
7.279461622238159180e-01
3.630270957946777344e-01
4.129723310470581055e-01
4.992707371711730957e-01
1.439010649919509888e-01
6.861354112625122070e-01
4.141839444637298584e-01
3.702560067176818848e-01
3.870004713535308838e-01
9.664528965950012207e-01
3.864306211471557617e-01
5.595217347145080566e-01
7.681046128273010254e-01
1.710476577281951904e-01
3.932321071624755859e-01
8.367569446563720703e-01
9.579467177391052246e-01
8.870823383331298828e-01
4.232985973358154297e-01
8.341349363327026367e-01
5.738455653190612793e-01
3.981338143348693848e-01
8.318600058555603027e-02
2.312614619731903076e-01
8.865950703620910645e-01
5.101879239082336426e-01
7.543264031410217285e-01
2.207707613706588745e-01
9.854353666305541992e-01
5.246809124946594238e-01
9.883484840393066406e-01
4.466837942600250244e-01
5.058675408363342285e-01
3.104359507560729980e-01
3.104737401008605957e-01
1.554130315780639648e-01
5.849348306655883789e-01
6.480151414871215820e-01
9.804239273071289062e-01
7.036299109458923340e-01
5.687738656997680664e-01
9.835462570190429688e-01
9.770535826683044434e-01
9.656579494476318359e-01
9.832897186279296875e-01
6.530821323394775391e-01
5.838676691055297852e-01
5.224244594573974609e-01
2.619006335735321045e-01
8.126650452613830566e-01
3.669564425945281982e-01
9.576051831245422363e-01
1.063203886151313782e-01
5.520281791687011719e-01
5.544754266738891602e-01
1.037793532013893127e-01
9.769565463066101074e-01
9.627992510795593262e-01
8.367569446563720703e-01
3.663610816001892090e-01
1.200090795755386353e-01
2.613834440708160400e-01
8.642839789390563965e-01
9.646942615509033203e-01
9.716002345085144043e-01
9.401930123567581177e-02
6.112577319145202637e-01
9.713855981826782227e-01
4.112847447395324707e-01
2.833423316478729248e-01
3.192355334758758545e-01
3.764387667179107666e-01
8.043474555015563965e-01
3.793203830718994141e-01
1.237769573926925659e-01
9.712533950805664062e-01
8.692377805709838867e-01
5.904940962791442871e-01
2.624488174915313721e-01
6.191213130950927734e-01
8.508188128471374512e-01
1.602227240800857544e-01
2.421983927488327026e-01
2.310859858989715576e-01
9.836163520812988281e-01
2.745984196662902832e-01
2.822863757610321045e-01
4.298402667045593262e-01
3.555435538291931152e-01
2.768140137195587158e-01
2.740762829780578613e-01
5.014815926551818848e-01
3.502480089664459229e-01
9.876134395599365234e-01
9.904466867446899414e-01
3.821532726287841797e-01
2.823314368724822998e-01
9.904984831809997559e-01
3.762000799179077148e-01
6.361495852470397949e-01
4.478297829627990723e-01
8.702239990234375000e-01
4.248677194118499756e-01
2.521773874759674072e-01
4.956752061843872070e-01
1.437205821275711060e-01
4.440988004207611084e-01
5.046084523200988770e-01
2.639762163162231445e-01
8.276621103286743164e-01
3.513350486755371094e-01
4.872611463069915771e-01
3.623333275318145752e-01
3.503476083278656006e-01
2.422393113374710083e-01
9.840909838676452637e-01
3.714886605739593506e-01
2.897553145885467529e-01
9.865978956222534180e-01
9.794464111328125000e-01
9.888331890106201172e-01
3.354860246181488037e-01
9.815566539764404297e-01
6.210886836051940918e-01
9.788352251052856445e-02
5.528855323791503906e-01
4.504521489143371582e-01
3.703939318656921387e-01
9.790773987770080566e-01
4.322224557399749756e-01
8.367569446563720703e-01
6.907891035079956055e-01
6.458336710929870605e-01
6.185544133186340332e-01
9.873670339584350586e-01
4.000218510627746582e-01
9.858862161636352539e-01
2.745580673217773438e-01
7.864628434181213379e-01
6.192163228988647461e-01
6.135760545730590820e-01
2.628377377986907959e-01
9.893571734428405762e-01
7.802928090095520020e-01
3.693637251853942871e-01
5.424505472183227539e-01
2.656401693820953369e-01
9.610498547554016113e-01
6.134381890296936035e-01
5.951749682426452637e-01
9.735875129699707031e-01
9.664429426193237305e-01
1.728965789079666138e-01
6.240861415863037109e-01
9.893994927406311035e-01
9.447343349456787109e-01
6.066616177558898926e-01
2.323139607906341553e-01
3.026104271411895752e-01
9.816544055938720703e-01
2.980153560638427734e-01
2.381869256496429443e-01
3.657024502754211426e-01
1.929395347833633423e-01
9.709547162055969238e-01
5.615120530128479004e-01
9.809001684188842773e-01
5.873349308967590332e-01
1.516227871179580688e-01
9.883393049240112305e-01
2.189345806837081909e-01
8.741865158081054688e-01
3.713340163230895996e-01
9.218515753746032715e-01
6.438719034194946289e-01
1.994167268276214600e-01
4.826213717460632324e-01
9.496276378631591797e-01
1.894724369049072266e-01
2.277432680130004883e-01
1.945760697126388550e-01
3.434424102306365967e-01
9.889110326766967773e-01
3.050300180912017822e-01
2.146664857864379883e-01
5.820441842079162598e-01
1.956301629543304443e-01
5.081472992897033691e-01
2.350090295076370239e-01
2.366008162498474121e-01
3.525795638561248779e-01
9.874030351638793945e-01
4.698287844657897949e-01
6.629053354263305664e-01
4.667796790599822998e-01
3.683510422706604004e-01
9.630051851272583008e-01
3.589517176151275635e-01
6.733587980270385742e-01
9.647588133811950684e-01
9.761946797370910645e-01
9.891931414604187012e-01
9.830028414726257324e-01
3.598082363605499268e-01
8.906952738761901855e-01
4.240629374980926514e-01
5.136190056800842285e-01
2.763229310512542725e-01
2.165064066648483276e-01
2.479241788387298584e-01
9.040482640266418457e-01
9.873341321945190430e-01
3.045603334903717041e-01
3.229112029075622559e-01
3.677409887313842773e-01
9.885093569755554199e-01
5.335817933082580566e-01
3.121603727340698242e-01
6.092281341552734375e-01
9.898432493209838867e-01
3.845779597759246826e-01
1.846434623003005981e-01
4.108285009860992432e-01
2.061639577150344849e-01
6.730005145072937012e-01
2.892102003097534180e-01
9.901331663131713867e-01
3.867666423320770264e-01
5.213468074798583984e-01
5.894685387611389160e-01
9.862177968025207520e-01
3.451627194881439209e-01
2.270222902297973633e-01
2.890244722366333008e-01
4.677067101001739502e-01
9.869984984397888184e-01
2.795273959636688232e-01
1.935133635997772217e-01
2.673094272613525391e-01
3.240053057670593262e-01
9.671874046325683594e-01
1.646691858768463135e-01
9.897515773773193359e-01
7.453354597091674805e-01
2.526676058769226074e-01
3.953965008258819580e-01
9.731740951538085938e-01
9.700090289115905762e-01
4.711612761020660400e-01
7.564439624547958374e-02
9.546244740486145020e-01
8.417614102363586426e-01
6.349356770515441895e-01
3.663141727447509766e-01
3.843545019626617432e-01
1.672945618629455566e-01
3.938570916652679443e-01
9.380230903625488281e-01
9.187781214714050293e-01
1.874949336051940918e-01
9.906917214393615723e-01
2.626306116580963135e-01
3.296485245227813721e-01
7.174533009529113770e-01
7.010738253593444824e-01
3.724568784236907959e-01
5.789414644241333008e-01
2.447229027748107910e-01
7.134737968444824219e-01
5.299519896507263184e-01
6.812776923179626465e-01
8.817832469940185547e-01
3.956912159919738770e-01
8.446058034896850586e-01
3.690773844718933105e-01
5.215488076210021973e-01
9.801969528198242188e-01
3.430619239807128906e-01
3.501922190189361572e-01
9.885749220848083496e-01
6.792350411415100098e-01
6.489735841751098633e-01
3.765197396278381348e-01
3.162705004215240479e-01
9.619192481040954590e-01
2.696480751037597656e-01
9.809492230415344238e-01
9.580444097518920898e-01
1.431144624948501587e-01
5.529088377952575684e-01
3.515035510063171387e-01
5.474171042442321777e-01
5.560300946235656738e-01
5.986622571945190430e-01
2.784688770771026611e-01
9.809799790382385254e-01
2.639669477939605713e-01
6.279544234275817871e-01
2.458081394433975220e-01
1.764308512210845947e-01
4.987359941005706787e-01
6.311107277870178223e-01
6.122777462005615234e-01
5.811181664466857910e-01
9.758561849594116211e-01
3.395267128944396973e-01
2.138974517583847046e-01
4.466870129108428955e-01
5.018047690391540527e-01
3.064484894275665283e-01
9.901650547981262207e-01
9.836537241935729980e-01
9.825431108474731445e-01
9.659429788589477539e-01
2.260009348392486572e-01
5.396108627319335938e-01
9.847649335861206055e-01
9.708270430564880371e-01
6.626754999160766602e-01
1.833426207304000854e-01
3.015076518058776855e-01
3.411824107170104980e-01
9.618138074874877930e-01
2.962644398212432861e-01
4.240482449531555176e-01
2.778595387935638428e-01
4.533454477787017822e-01
4.318933784961700439e-01
1.792719960212707520e-01
6.037530899047851562e-01
6.058864593505859375e-01
2.114945948123931885e-01
9.730116724967956543e-01
6.415950059890747070e-01
3.641777932643890381e-01
6.236823201179504395e-01
6.878370046615600586e-01
2.647102773189544678e-01
6.273010373115539551e-01
6.727530956268310547e-01
9.892654418945312500e-01
1.876474171876907349e-01
5.374135971069335938e-01
9.545979499816894531e-01
5.445203781127929688e-01
1.756735891103744507e-01
9.890101552009582520e-01
9.855645298957824707e-01
3.081532418727874756e-01
1.514015346765518188e-01
6.945971846580505371e-01
7.854772806167602539e-01
9.731157422065734863e-01
1.128767505288124084e-01
9.863683581352233887e-01
6.621228456497192383e-01
5.992155671119689941e-01
6.963346004486083984e-01
4.834594726562500000e-01
2.022287696599960327e-01
6.590729355812072754e-01
8.153411149978637695e-01
9.679393768310546875e-01
5.079545378684997559e-01
5.225194096565246582e-01
9.892594814300537109e-01
2.346379011869430542e-01
3.773446977138519287e-01
1.883809566497802734e-01
1.255285441875457764e-01
3.265075385570526123e-01
4.132006466388702393e-01
2.062525153160095215e-01
3.321795463562011719e-01
9.718724489212036133e-01
9.656512141227722168e-01
2.321587204933166504e-01
9.646789431571960449e-01
1.077619716525077820e-01
9.451262354850769043e-01
3.989002704620361328e-01
3.901143670082092285e-01
5.649037957191467285e-01
9.180364608764648438e-01
2.936961352825164795e-01
6.362628936767578125e-01
3.504594266414642334e-01
2.789873182773590088e-01
5.880085229873657227e-01
9.779177904129028320e-01
6.135426163673400879e-01
9.636178016662597656e-01
2.017862498760223389e-01
8.661588430404663086e-01
9.417778849601745605e-01
4.215369522571563721e-01
3.591122627258300781e-01
7.348241209983825684e-01
1.551695466041564941e-01
1.762900054454803467e-01
3.463315069675445557e-01
9.763681888580322266e-01
2.104939818382263184e-01
9.891013503074645996e-01
4.302133619785308838e-01
2.536962628364562988e-01
9.891748428344726562e-01
1.904910802841186523e-01
9.864552021026611328e-01
8.646811246871948242e-01
6.485748291015625000e-01
3.989721536636352539e-01
3.345896005630493164e-01
4.306947886943817139e-01
9.669486284255981445e-01
4.032829999923706055e-01
4.794386029243469238e-01
1.521830111742019653e-01
9.762346744537353516e-01
9.902004599571228027e-01
8.924696445465087891e-01
4.972853958606719971e-01
2.889645993709564209e-01
4.026066660881042480e-01
3.872805237770080566e-01
2.379033416509628296e-01
7.587139606475830078e-01
4.113109111785888672e-01
9.811588525772094727e-01
9.815120100975036621e-01
9.384413361549377441e-01
9.805698990821838379e-01
3.367129564285278320e-01
9.704325199127197266e-01
9.892812967300415039e-01
2.698083221912384033e-01
7.765128612518310547e-01
6.927055120468139648e-01
9.763072729110717773e-01
4.165763556957244873e-01
9.776084423065185547e-01
3.439814150333404541e-01
1.441930979490280151e-01
3.167008459568023682e-01
5.930727720260620117e-01
9.776200652122497559e-01
3.031421005725860596e-01
9.870420694351196289e-01
6.605800390243530273e-01
2.408427000045776367e-01
5.940588712692260742e-01
2.452216297388076782e-01
3.400186300277709961e-01
2.254521697759628296e-01
2.191485613584518433e-01
3.513225317001342773e-01
9.632982015609741211e-01
4.983087256550788879e-02
9.528627395629882812e-01
5.941710472106933594e-01
7.681807875633239746e-01
9.890561103820800781e-01
3.118459582328796387e-01
9.227944016456604004e-01
9.737835526466369629e-01
4.392838180065155029e-01
4.180384874343872070e-01
9.748357534408569336e-01
1.333087682723999023e-01
5.521249771118164062e-01
9.284837245941162109e-01
9.834430813789367676e-01
9.842347502708435059e-01
9.275493621826171875e-01
3.815059661865234375e-01
3.659534752368927002e-01
5.557552576065063477e-01
1.996821463108062744e-01
8.968673348426818848e-01
2.429471015930175781e-01
1.711672097444534302e-01
3.667429387569427490e-01
2.055049389600753784e-01
7.381736040115356445e-01
7.171828746795654297e-01
6.258843541145324707e-01
9.844957590103149414e-01
9.878766536712646484e-01
2.675235569477081299e-01
3.832835555076599121e-01
1.583384871482849121e-01
9.330114722251892090e-01
9.887961149215698242e-01
4.464991092681884766e-01
5.625156760215759277e-01
2.407545298337936401e-01
9.618906378746032715e-01
9.819945693016052246e-01
8.297740221023559570e-01
7.079043984413146973e-01
4.229128360748291016e-01
7.506520152091979980e-01
5.643407106399536133e-01
5.828783512115478516e-01
2.184188365936279297e-01
3.219442367553710938e-01
4.957045614719390869e-01
3.510461449623107910e-01
8.814401030540466309e-01
5.643371343612670898e-01
8.770645856857299805e-01
5.407067537307739258e-01
1.610910147428512573e-01
1.578277796506881714e-01
9.727718830108642578e-01
7.449484467506408691e-01
4.033538103103637695e-01
6.011732220649719238e-01
2.907226383686065674e-01
7.926941514015197754e-01
4.437963664531707764e-01
8.577146530151367188e-01
9.854428768157958984e-01
6.566682457923889160e-01
5.994553565979003906e-01
7.282674312591552734e-01
9.705190658569335938e-01
9.732147455215454102e-01
3.907814919948577881e-01
3.058683574199676514e-01
3.694472908973693848e-01
9.856012463569641113e-01
4.689886271953582764e-01
9.721332788467407227e-01
3.347910046577453613e-01
3.355144858360290527e-01
6.948074698448181152e-01
5.966815948486328125e-01
8.855641484260559082e-01
8.367569446563720703e-01
7.267894744873046875e-01
5.250341296195983887e-01
9.683353900909423828e-01
9.812362194061279297e-01
3.814872205257415771e-01
3.646778464317321777e-01
2.870409190654754639e-01
4.772769510746002197e-01
3.049840331077575684e-01
6.183281540870666504e-01
1.640928983688354492e-01
5.108081102371215820e-01
1.335969269275665283e-01
5.495209693908691406e-01
3.788115978240966797e-01
3.693932592868804932e-01
3.000518679618835449e-01
4.358500838279724121e-01
4.296807050704956055e-01
1.858983933925628662e-01
6.041843891143798828e-01
1.953889727592468262e-01
9.646970629692077637e-01
3.233341872692108154e-01
4.414221048355102539e-01
4.458629488945007324e-01
9.850791692733764648e-01
9.758220911026000977e-01
5.558986663818359375e-01
3.904102444648742676e-01
9.904684424400329590e-01
5.914518237113952637e-01
1.937924027442932129e-01
4.081270694732666016e-01
1.092763170599937439e-01
8.183290362358093262e-01
4.854492247104644775e-01
5.755278468132019043e-01
2.250229716300964355e-01
8.801246285438537598e-01
9.888439178466796875e-01
1.509084999561309814e-01
3.638744056224822998e-01
1.001106649637222290e-01
9.865461587905883789e-01
1.621188670396804810e-01
2.702451944351196289e-01
9.829702377319335938e-01
3.718867301940917969e-01
9.819005131721496582e-01
2.558268010616302490e-01
9.893701076507568359e-01
3.214626610279083252e-01
3.498364686965942383e-01
4.565557837486267090e-01
3.099967241287231445e-01
9.725085496902465820e-01
3.346860706806182861e-01
8.353137373924255371e-01
2.988281846046447754e-01
2.202239781618118286e-01
5.629130005836486816e-01
9.710960984230041504e-01
2.954617142677307129e-01
3.568664193153381348e-01
9.874497652053833008e-01
3.891024291515350342e-01
3.869974613189697266e-01
1.343452483415603638e-01
3.843981623649597168e-01
2.976395785808563232e-01
9.807072281837463379e-01
9.800307154655456543e-01
9.858773946762084961e-01
9.856362342834472656e-01
5.794695615768432617e-01
7.294685244560241699e-01
8.405739068984985352e-01
9.753566980361938477e-01
7.663914561271667480e-01
3.375375866889953613e-01
7.846519947052001953e-01
4.917902648448944092e-01
3.817854821681976318e-01
6.030584573745727539e-01
5.644168853759765625e-01
3.680189549922943115e-01
4.863184392452239990e-01
9.839434623718261719e-01
1.989171355962753296e-01
8.868964314460754395e-01
5.449762940406799316e-01
8.367569446563720703e-01
2.292614877223968506e-01
6.122426390647888184e-01
2.664687037467956543e-01
2.293283194303512573e-01
6.426871418952941895e-01
4.575649499893188477e-01
9.894300699234008789e-01
2.293730974197387695e-01
6.151279211044311523e-01
1.304070949554443359e-01
9.735340476036071777e-01
1.385001093149185181e-01
3.046005666255950928e-01
4.045925438404083252e-01
3.515642881393432617e-01
2.810980975627899170e-01
3.710275590419769287e-01
1.286378949880599976e-01
9.796049594879150391e-01
8.043644428253173828e-01
5.888734459877014160e-01
3.658533394336700439e-01
6.716386675834655762e-01
4.971199631690979004e-01
3.802803158760070801e-01
7.565089464187622070e-01
9.673049449920654297e-01
9.832369685173034668e-01
2.776214778423309326e-01
3.611361086368560791e-01
2.430755198001861572e-01
2.470714896917343140e-01
9.658278822898864746e-01
1.064131706953048706e-01
2.252897471189498901e-01
1.135118678212165833e-01
7.284948229789733887e-01
4.614942073822021484e-01
9.902586936950683594e-01
4.396318197250366211e-01
9.829549193382263184e-01
3.773366808891296387e-01
2.057290822267532349e-01
6.828422546386718750e-01
9.397841095924377441e-01
9.755707383155822754e-01
9.895858168601989746e-01
4.554426074028015137e-01
9.548263549804687500e-01
9.748340845108032227e-01
9.747121930122375488e-01
6.442296504974365234e-01
5.994638204574584961e-01
1.181872561573982239e-01
3.419499397277832031e-01
9.905759096145629883e-01
9.688261151313781738e-01
9.906726479530334473e-01
5.366911292076110840e-01
6.095122694969177246e-01
3.885707259178161621e-01
3.655265569686889648e-01
2.191334068775177002e-01
3.032581508159637451e-01
3.685806393623352051e-01
3.113195896148681641e-01
9.886868000030517578e-01
5.477034449577331543e-01
9.879819750785827637e-01
9.349446892738342285e-01
3.035820424556732178e-01
3.679587244987487793e-01
3.562920391559600830e-01
2.473390549421310425e-01
3.597915172576904297e-01
6.255518794059753418e-01
2.455228716135025024e-01
3.589021265506744385e-01
4.698290526866912842e-01
9.675412774085998535e-01
2.230038195848464966e-01
9.892131686210632324e-01
2.241988480091094971e-01
2.555753290653228760e-01
9.871776103973388672e-01
9.888181090354919434e-01
5.054766535758972168e-01
2.651962041854858398e-01
4.681929945945739746e-01
2.023262083530426025e-01
9.857245087623596191e-01
1.465623676776885986e-01
9.721071124076843262e-01
2.699539065361022949e-01
8.817060589790344238e-01
6.405898332595825195e-01
8.570110201835632324e-01
4.712103903293609619e-01
4.777299761772155762e-01
2.198217660188674927e-01
3.225345313549041748e-01
2.803369760513305664e-01
9.795514345169067383e-01
7.360325455665588379e-01
4.294932484626770020e-01
9.890215992927551270e-01
9.858848452568054199e-01
2.109378427267074585e-01
7.154120206832885742e-01
9.884491562843322754e-01
7.119538784027099609e-01
9.757368564605712891e-01
9.387699365615844727e-01
1.082466617226600647e-01
6.637031435966491699e-01
9.880654811859130859e-01
9.869663715362548828e-01
6.890406608581542969e-01
3.336630463600158691e-01
8.838944435119628906e-01
9.878467917442321777e-01
6.982310414314270020e-01
8.979693651199340820e-01
6.877981424331665039e-01
3.912201523780822754e-01
9.484561681747436523e-01
9.682365655899047852e-01
9.584058523178100586e-01
9.241489171981811523e-01
9.603421688079833984e-01
5.586863756179809570e-01
2.280703037977218628e-01
3.592094480991363525e-01
9.871001243591308594e-01
7.641231417655944824e-01
5.784637928009033203e-01
2.076076120138168335e-01
3.531941771507263184e-01
9.859685897827148438e-01
9.217010736465454102e-01
9.900516867637634277e-01
2.701295614242553711e-01
2.994776368141174316e-01
9.654430150985717773e-01
2.003457844257354736e-01
9.888019561767578125e-01
4.637940526008605957e-01
2.073809206485748291e-01
2.930057346820831299e-01
9.878992438316345215e-01
1.132475212216377258e-01
9.876405596733093262e-01
9.547474980354309082e-01
9.895218610763549805e-01
7.681807875633239746e-01
3.397138416767120361e-01
9.017795920372009277e-01
2.989272475242614746e-01
9.884349107742309570e-01
2.997581660747528076e-01
9.870148897171020508e-01
1.207030192017555237e-01
7.290781736373901367e-01
2.022902518510818481e-01
1.216486543416976929e-01
1.890175491571426392e-01
5.420277118682861328e-01
5.540923476219177246e-01
9.419661760330200195e-01
1.956964284181594849e-01
7.279309034347534180e-01
2.109240889549255371e-01
3.312150835990905762e-01
2.284787744283676147e-01
3.378339409828186035e-01
9.903348088264465332e-01
9.896456003189086914e-01
5.754390954971313477e-01
3.928040266036987305e-01
1.970541328191757202e-01
1.966663450002670288e-01
9.807012677192687988e-01
4.847211837768554688e-01
9.661196470260620117e-01
2.867891192436218262e-01
3.534938991069793701e-01
6.202475428581237793e-01
4.057736694812774658e-01
9.883216023445129395e-01
3.852785527706146240e-01
9.892927408218383789e-01
9.700891375541687012e-01
5.414295196533203125e-01
1.514512747526168823e-01
9.807784557342529297e-01
7.278720736503601074e-01
9.698588848114013672e-01
4.415653049945831299e-01
6.601600050926208496e-01
9.867252111434936523e-01
1.619077771902084351e-01
3.876337409019470215e-01
2.605775892734527588e-01
6.582368016242980957e-01
5.802100300788879395e-01
6.152740120887756348e-01
3.323811292648315430e-01
9.337329268455505371e-01
9.893876314163208008e-01
7.344670295715332031e-01
2.801914215087890625e-01
1.027516126632690430e-01
9.697157740592956543e-01
9.893529415130615234e-01
4.684503674507141113e-01
6.458336710929870605e-01
8.976681828498840332e-01
9.731538891792297363e-01
9.892776012420654297e-01
5.089415311813354492e-01
7.585380077362060547e-01
9.554823040962219238e-01
2.626439034938812256e-01
3.374045789241790771e-01
7.324262261390686035e-01
2.161699086427688599e-01
2.397495359182357788e-01
9.829277396202087402e-01
6.963422149419784546e-02
4.342340528964996338e-01
6.010169386863708496e-01
5.016888976097106934e-01
6.628371477127075195e-01
6.721993684768676758e-01
3.717273771762847900e-01
3.894501030445098877e-01
