7.236919403076171875e-01
3.495259582996368408e-01
7.638234496116638184e-01
6.180845499038696289e-01
7.377217411994934082e-01
6.278628706932067871e-01
7.224484086036682129e-01
1.516211926937103271e-01
7.411734461784362793e-01
6.248820424079895020e-01
5.548857450485229492e-01
7.496635317802429199e-01
1.026946753263473511e-01
6.938959956169128418e-01
4.141168594360351562e-01
6.706850528717041016e-01
7.545120716094970703e-01
6.911748051643371582e-01
7.044057250022888184e-01
2.076323144137859344e-02
6.531957983970642090e-01
2.005056142807006836e-01
6.580979228019714355e-01
7.474332451820373535e-01
7.418122887611389160e-01
7.515633106231689453e-01
6.859735846519470215e-01
7.115750908851623535e-01
6.777098178863525391e-01
1.402521580457687378e-01
7.842011451721191406e-01
5.540515780448913574e-01
7.014332413673400879e-01
7.370606660842895508e-01
4.540024101734161377e-01
6.920825242996215820e-01
7.055203318595886230e-01
7.311350107192993164e-01
7.543461322784423828e-01
5.380101799964904785e-01
7.552507519721984863e-01
7.206411957740783691e-01
7.747030854225158691e-01
7.018489837646484375e-01
2.777286469936370850e-01
6.596768498420715332e-01
1.353506445884704590e-01
2.717624306678771973e-01
5.530325770378112793e-01
3.516228199005126953e-01
2.982473969459533691e-01
6.737971901893615723e-01
7.179297208786010742e-01
5.864582657814025879e-01
5.453835725784301758e-01
7.146106958389282227e-01
7.600950002670288086e-01
5.728939175605773926e-01
6.954804658889770508e-01
6.332117319107055664e-01
2.726826667785644531e-01
7.667178511619567871e-01
6.521984934806823730e-01
2.890780940651893616e-02
1.619436964392662048e-02
7.299771308898925781e-01
7.106242179870605469e-01
1.246010288596153259e-01
6.928673386573791504e-01
3.671651184558868408e-01
2.566323615610599518e-02
5.298674702644348145e-01
6.678293347358703613e-01
7.035677433013916016e-01
7.598876953125000000e-01
7.334710955619812012e-01
5.334644317626953125e-01
6.041772365570068359e-01
5.303194522857666016e-01
7.808231711387634277e-01
7.620410919189453125e-01
7.302089929580688477e-01
2.950417399406433105e-01
2.136000990867614746e-01
3.779237866401672363e-01
7.586255073547363281e-01
6.776335239410400391e-01
7.479395270347595215e-01
5.183866620063781738e-01
5.817779526114463806e-02
6.716383099555969238e-01
6.332418918609619141e-01
7.071691751480102539e-01
6.024840474128723145e-01
7.779493927955627441e-01
7.083473801612854004e-01
5.807337760925292969e-01
7.498245239257812500e-01
1.508499830961227417e-01
7.437814474105834961e-01
6.565492749214172363e-01
7.762578129768371582e-01
6.318442821502685547e-01
7.390634417533874512e-01
7.082344889640808105e-01
6.483741998672485352e-01
4.852370172739028931e-02
7.044015526771545410e-01
6.905922889709472656e-01
3.392193466424942017e-02
6.298938393592834473e-01
7.457348704338073730e-01
5.710942670702934265e-02
7.980511784553527832e-01
6.590022444725036621e-01
5.396479964256286621e-01
5.941761136054992676e-01
5.012940168380737305e-01
6.402350664138793945e-01
7.349969148635864258e-01
4.483571946620941162e-01
6.326660513877868652e-01
4.547918438911437988e-01
6.755318045616149902e-01
5.775354504585266113e-01
6.220552921295166016e-01
4.940715730190277100e-01
7.979462742805480957e-01
7.570788264274597168e-01
4.727116823196411133e-01
6.710192561149597168e-01
7.263262271881103516e-01
6.967477202415466309e-01
2.069474458694458008e-01
3.613499701023101807e-01
6.870678663253784180e-01
7.241622209548950195e-01
2.493094503879547119e-01
1.247461214661598206e-01
4.630906879901885986e-01
6.291698813438415527e-01
7.398085594177246094e-01
7.231689095497131348e-01
6.959202289581298828e-01
7.223923802375793457e-01
7.573286890983581543e-01
5.757447481155395508e-01
7.324155569076538086e-01
6.422309279441833496e-01
1.089926362037658691e-01
6.044766902923583984e-01
6.593662500381469727e-01
9.981641918420791626e-02
6.228866577148437500e-01
6.980476379394531250e-01
6.768419742584228516e-01
5.414476394653320312e-01
3.392866849899291992e-01
7.512340545654296875e-01
7.630123496055603027e-01
7.181420922279357910e-01
4.801405072212219238e-01
6.632391810417175293e-01
8.841132372617721558e-02
6.465656161308288574e-01
7.667887806892395020e-01
7.284615039825439453e-01
6.376197934150695801e-01
7.124775648117065430e-01
5.835901498794555664e-01
6.743046641349792480e-01
6.620830297470092773e-01
1.066977754235267639e-01
4.799976050853729248e-01
7.139331102371215820e-01
7.130095958709716797e-01
4.787863492965698242e-01
6.434736251831054688e-01
7.148117423057556152e-01
6.824218630790710449e-01
7.595663070678710938e-01
6.269112825393676758e-01
6.737762093544006348e-01
5.839554667472839355e-01
1.874374002218246460e-01
6.722773313522338867e-01
7.419280409812927246e-01
9.532867372035980225e-02
6.164513826370239258e-01
2.993064820766448975e-01
6.883099079132080078e-01
5.344542264938354492e-01
7.007914185523986816e-01
7.370831966400146484e-01
2.319439351558685303e-01
3.425326347351074219e-01
2.934595346450805664e-01
7.738220095634460449e-01
5.003827214241027832e-01
6.928753256797790527e-01
7.144543528556823730e-01
3.057258948683738708e-02
7.490280866622924805e-01
6.899462342262268066e-01
6.967647075653076172e-01
5.280064940452575684e-01
7.288185954093933105e-01
6.092344522476196289e-01
6.955315470695495605e-01
7.575067877769470215e-01
7.556427717208862305e-01
7.422665953636169434e-01
6.013733744621276855e-01
2.872706763446331024e-02
7.651742100715637207e-01
5.583382844924926758e-01
6.717839837074279785e-01
9.991494566202163696e-02
7.206848263740539551e-01
7.764398455619812012e-01
7.165436744689941406e-01
6.975253224372863770e-01
4.443804025650024414e-01
5.219334959983825684e-01
6.931056976318359375e-01
5.558968782424926758e-01
1.815529167652130127e-01
7.337336540222167969e-01
2.838493585586547852e-01
7.161470651626586914e-01
7.067188024520874023e-01
7.211238145828247070e-01
6.825101375579833984e-01
6.447871327400207520e-01
6.671659946441650391e-01
3.173652887344360352e-01
7.492311596870422363e-01
3.613159656524658203e-01
6.362034082412719727e-01
4.021458923816680908e-01
6.764177680015563965e-01
4.942289888858795166e-01
6.710086464881896973e-01
2.071209698915481567e-01
6.845299601554870605e-01
6.533263921737670898e-01
6.698125600814819336e-01
7.548969388008117676e-01
7.520866394042968750e-01
7.046059370040893555e-01
4.717770814895629883e-01
7.355567812919616699e-01
4.874657988548278809e-01
6.598076820373535156e-01
6.153619885444641113e-01
6.937415897846221924e-02
5.787329673767089844e-01
5.327966809272766113e-01
5.372000336647033691e-01
7.099229693412780762e-01
6.419737339019775391e-01
6.877987980842590332e-01
6.945961117744445801e-01
6.960113048553466797e-01
1.560591310262680054e-01
3.552023470401763916e-01
3.935112953186035156e-01
6.085503697395324707e-01
7.614005804061889648e-01
7.404808402061462402e-01
6.997402310371398926e-01
5.141063928604125977e-01
6.756091713905334473e-01
6.970251798629760742e-01
4.999726414680480957e-01
4.443620443344116211e-01
5.626960992813110352e-01
7.532640695571899414e-01
6.245540380477905273e-01
6.326053142547607422e-01
2.627667486667633057e-01
6.427136063575744629e-01
7.049751281738281250e-01
7.218880057334899902e-01
5.795467495918273926e-01
3.328805565834045410e-01
7.592812180519104004e-01
7.200832962989807129e-01
1.118474528193473816e-01
7.013920545578002930e-01
5.517295002937316895e-01
4.665147140622138977e-02
7.187886238098144531e-01
7.344299554824829102e-01
7.027168869972229004e-01
7.698518037796020508e-01
6.913404464721679688e-01
7.462738752365112305e-01
7.246109843254089355e-01
7.402436137199401855e-01
7.157912850379943848e-01
6.465530395507812500e-01
4.758716225624084473e-01
7.490212917327880859e-01
7.559725046157836914e-01
6.953845024108886719e-01
5.779793262481689453e-01
4.728146791458129883e-01
6.842362880706787109e-01
6.697507500648498535e-01
2.172080576419830322e-01
7.610212564468383789e-01
7.311906218528747559e-01
6.557361483573913574e-01
6.936612129211425781e-01
5.635355710983276367e-01
3.755201399326324463e-01
6.060875654220581055e-01
6.394518017768859863e-01
8.911234140396118164e-02
3.048997819423675537e-01
7.397518754005432129e-01
5.109076946973800659e-02
6.924573183059692383e-01
4.907791912555694580e-01
6.970670223236083984e-01
6.831942200660705566e-01
4.017887413501739502e-01
7.561922073364257812e-01
6.720702648162841797e-01
3.606269955635070801e-01
7.665955424308776855e-01
6.879988312721252441e-01
6.883142590522766113e-01
6.943966150283813477e-01
7.749279141426086426e-01
6.129938364028930664e-02
6.864234209060668945e-01
7.150231003761291504e-01
7.819914817810058594e-01
6.288327574729919434e-01
6.899933218955993652e-01
6.975864171981811523e-01
5.600794553756713867e-01
6.961392760276794434e-01
6.002312898635864258e-01
6.492272615432739258e-01
7.749321460723876953e-01
3.831031918525695801e-01
6.990124583244323730e-01
5.301163792610168457e-01
2.726826667785644531e-01
7.510977983474731445e-01
7.653853893280029297e-01
7.696945667266845703e-01
6.467144191265106201e-02
7.273212075233459473e-01
6.261411309242248535e-01
7.374382019042968750e-01
7.508373856544494629e-01
7.404808402061462402e-01
2.432418055832386017e-02
5.975566506385803223e-01
6.463896632194519043e-01
6.465244293212890625e-01
3.960752785205841064e-01
1.234149187803268433e-01
6.905649900436401367e-01
7.113468050956726074e-01
4.642698764801025391e-01
6.557669043540954590e-01
4.117514789104461670e-01
5.467621088027954102e-01
3.518983125686645508e-01
6.021662950515747070e-01
7.394124269485473633e-01
2.417742758989334106e-01
4.993614256381988525e-01
5.884950757026672363e-01
1.107362881302833557e-01
7.064718604087829590e-01
2.734051942825317383e-01
6.673696041107177734e-01
4.156040847301483154e-01
6.706850528717041016e-01
2.507286369800567627e-01
7.458740472793579102e-01
7.381187081336975098e-01
7.262911796569824219e-01
6.288871169090270996e-01
7.325053811073303223e-01
7.485328912734985352e-01
6.402470469474792480e-01
6.788203120231628418e-01
7.501847147941589355e-01
5.678735971450805664e-01
3.718746304512023926e-01
7.470981478691101074e-01
7.579246759414672852e-01
6.056523919105529785e-01
2.201555855572223663e-02
6.988347172737121582e-01
7.261195778846740723e-01
7.848696112632751465e-01
7.168666720390319824e-01
7.197209596633911133e-01
6.415786743164062500e-01
6.694247126579284668e-01
7.546845674514770508e-01
4.903015196323394775e-01
6.400007605552673340e-01
7.854703664779663086e-01
6.770620942115783691e-01
7.333843111991882324e-01
5.994373559951782227e-01
6.972469091415405273e-01
7.227951884269714355e-01
6.767032146453857422e-01
4.904733002185821533e-01
7.750439643859863281e-01
5.950186252593994141e-01
2.504349648952484131e-01
5.042096376419067383e-01
6.640931367874145508e-01
6.115352511405944824e-01
6.914556026458740234e-01
7.433465719223022461e-01
7.171745300292968750e-01
6.543160676956176758e-01
6.647021770477294922e-01
3.393415212631225586e-01
5.762985944747924805e-01
7.125474214553833008e-01
6.379243135452270508e-01
6.987068653106689453e-01
7.155093550682067871e-01
6.256074905395507812e-01
7.228125929832458496e-01
2.142325788736343384e-01
7.574512362480163574e-01
7.124850749969482422e-01
6.970040202140808105e-01
7.803611755371093750e-01
7.615728378295898438e-01
6.782994270324707031e-01
7.386889457702636719e-01
6.958374977111816406e-01
7.326916456222534180e-01
7.415993809700012207e-01
1.696950569748878479e-02
1.450113300234079361e-02
5.806487202644348145e-01
1.172046363353729248e-01
7.108628749847412109e-01
7.711657285690307617e-01
6.634812951087951660e-01
7.592313885688781738e-01
5.752896070480346680e-01
7.203087806701660156e-01
6.800286769866943359e-01
7.167318463325500488e-01
7.387877702713012695e-01
6.902928352355957031e-01
7.715522646903991699e-01
5.749663114547729492e-01
7.090420722961425781e-01
1.068678051233291626e-01
7.703281641006469727e-01
7.493942379951477051e-01
7.027387022972106934e-01
5.856559276580810547e-01
7.033261060714721680e-01
7.209529876708984375e-01
7.618851661682128906e-01
5.107873082160949707e-01
7.129615545272827148e-01
7.266895771026611328e-01
5.826898813247680664e-01
5.485545396804809570e-01
6.685800105333328247e-02
6.671690344810485840e-01
7.217243313789367676e-01
7.313445806503295898e-01
5.735067129135131836e-01
6.918204426765441895e-01
6.784382462501525879e-01
7.584018111228942871e-01
7.678043246269226074e-01
7.345939874649047852e-01
3.617751896381378174e-01
3.034240305423736572e-01
7.122334241867065430e-01
6.350432634353637695e-01
7.135784029960632324e-01
6.703117489814758301e-01
7.637009024620056152e-01
5.442856550216674805e-01
7.228983044624328613e-01
6.666711568832397461e-01
6.674970984458923340e-01
6.370043158531188965e-01
7.235205173492431641e-01
6.066717505455017090e-01
7.563846707344055176e-01
7.241566777229309082e-01
7.083502411842346191e-01
6.099669933319091797e-01
7.575106024742126465e-01
7.675408720970153809e-01
3.226814046502113342e-02
7.283599376678466797e-01
7.218486666679382324e-01
6.652183532714843750e-01
3.803827762603759766e-01
6.350752115249633789e-01
5.914893746376037598e-01
7.583273649215698242e-01
6.665139794349670410e-01
7.161294668912887573e-02
7.640431523323059082e-01
4.373311400413513184e-01
6.942248940467834473e-01
7.621139287948608398e-01
5.129719376564025879e-01
5.783020853996276855e-01
6.336728334426879883e-01
6.834369897842407227e-01
7.569808363914489746e-01
6.066717505455017090e-01
6.861199736595153809e-01
4.041486606001853943e-02
7.281749844551086426e-01
6.516588926315307617e-01
4.551262259483337402e-01
6.889020204544067383e-01
6.365563869476318359e-01
4.144436419010162354e-01
7.614787817001342773e-01
7.122247219085693359e-01
7.354434728622436523e-01
6.679571866989135742e-01
3.231216967105865479e-01
1.884736567735671997e-01
6.943966150283813477e-01
6.076464056968688965e-01
3.982037678360939026e-02
7.172307968139648438e-01
6.439158916473388672e-01
7.097815871238708496e-01
7.291672825813293457e-01
7.696921825408935547e-01
7.250893115997314453e-01
7.390874028205871582e-01
1.455331146717071533e-01
5.028169155120849609e-01
4.538559615612030029e-01
7.239567637443542480e-01
5.381070375442504883e-01
6.738034486770629883e-01
7.117905020713806152e-01
6.502629518508911133e-01
2.080292850732803345e-01
7.111593484878540039e-01
4.303443729877471924e-01
6.387977600097656250e-01
7.573189139366149902e-01
1.956719756126403809e-01
6.112416386604309082e-01
7.277805209159851074e-01
7.540910243988037109e-01
7.293930053710937500e-01
2.871891856193542480e-01
6.755572557449340820e-01
6.964918375015258789e-01
6.908825635910034180e-01
3.788165003061294556e-02
1.912044733762741089e-01
6.610075831413269043e-01
7.001669406890869141e-01
2.548770308494567871e-01
7.270088195800781250e-01
7.675404548645019531e-01
1.996109336614608765e-01
6.348231434822082520e-01
5.491215586662292480e-01
3.038777410984039307e-01
5.474979877471923828e-01
6.920749545097351074e-01
5.868402719497680664e-01
5.224722623825073242e-01
6.846363544464111328e-01
6.434417366981506348e-01
6.817609071731567383e-01
4.503455460071563721e-01
6.850306987762451172e-01
5.826410055160522461e-01
7.033761739730834961e-01
5.046594738960266113e-01
6.655709147453308105e-01
7.538723349571228027e-01
6.286213994026184082e-01
5.902585387229919434e-01
6.788676381111145020e-01
7.140346765518188477e-01
5.081791281700134277e-01
6.815160512924194336e-01
7.191510200500488281e-01
7.351219654083251953e-01
6.711029410362243652e-01
1.940781921148300171e-01
2.676455080509185791e-01
7.022163867950439453e-01
6.821248531341552734e-01
3.963486850261688232e-01
6.267037987709045410e-01
6.747851967811584473e-01
6.786458492279052734e-01
1.627208590507507324e-01
6.091542840003967285e-01
7.123499512672424316e-01
2.369398251175880432e-02
4.394356310367584229e-01
7.449050545692443848e-01
3.351921141147613525e-01
7.499771118164062500e-01
4.541780054569244385e-01
4.026851356029510498e-01
7.217951416969299316e-01
6.054111719131469727e-01
3.855418860912322998e-01
7.872260212898254395e-01
6.225916147232055664e-01
6.180258989334106445e-01
3.249146342277526855e-01
1.998654380440711975e-02
7.297958731651306152e-01
4.919945448637008667e-02
7.412932515144348145e-01
7.712938189506530762e-01
7.142049670219421387e-01
6.761521697044372559e-01
7.558028697967529297e-01
4.782436415553092957e-02
4.505842328071594238e-01
7.949835658073425293e-01
7.941390275955200195e-01
7.499541044235229492e-01
7.413689494132995605e-01
4.402056932449340820e-01
7.157327532768249512e-01
5.108405947685241699e-01
7.830341458320617676e-01
6.167758703231811523e-01
2.713138759136199951e-01
7.496083974838256836e-01
6.552678942680358887e-01
7.300322651863098145e-01
5.283936262130737305e-01
6.254534721374511719e-01
2.827215790748596191e-01
6.063967347145080566e-01
7.281368374824523926e-01
6.368012726306915283e-02
6.636708974838256836e-01
7.132188677787780762e-01
6.519795060157775879e-01
1.951115131378173828e-01
6.743679642677307129e-01
6.776335239410400391e-01
7.488737106323242188e-01
3.337125182151794434e-01
7.681450843811035156e-01
6.966049075126647949e-01
7.288380265235900879e-01
1.933758556842803955e-01
7.440467476844787598e-01
5.871267318725585938e-01
7.448788285255432129e-01
6.994047164916992188e-01
7.820949554443359375e-01
6.966015100479125977e-01
5.808513760566711426e-01
2.482720762491226196e-01
5.406706929206848145e-01
1.614547148346900940e-02
7.817121744155883789e-01
3.949649930000305176e-01
7.274855375289916992e-01
7.589871287345886230e-01
4.844105243682861328e-01
7.093976140022277832e-01
7.274167537689208984e-01
7.012358307838439941e-01
6.376620531082153320e-01
3.807392120361328125e-01
6.614933013916015625e-01
6.559572815895080566e-01
7.263785004615783691e-01
5.068759322166442871e-01
1.911844760179519653e-01
6.329068541526794434e-01
2.042608410120010376e-01
6.018626689910888672e-02
7.626920938491821289e-01
7.195297479629516602e-01
6.372465491294860840e-01
6.002299189567565918e-01
7.254055738449096680e-01
7.468928098678588867e-01
6.218680143356323242e-01
7.006266117095947266e-01
4.243042171001434326e-01
3.159561157226562500e-01
6.270613074302673340e-01
6.695021390914916992e-01
2.856397330760955811e-01
6.336653232574462891e-01
6.937082409858703613e-01
7.069166302680969238e-01
7.136223912239074707e-01
5.244433879852294922e-01
4.170700311660766602e-01
7.483989596366882324e-01
7.494404315948486328e-01
6.098844408988952637e-01
5.656015872955322266e-01
4.730739593505859375e-01
8.430768549442291260e-02
5.812127590179443359e-01
7.069118618965148926e-01
4.158327877521514893e-01
7.282880544662475586e-01
6.706648468971252441e-01
7.374647259712219238e-01
7.492076158523559570e-01
5.689367651939392090e-01
6.638849973678588867e-01
2.360433153808116913e-02
5.907591581344604492e-01
7.048571705818176270e-01
7.220456600189208984e-01
1.431185603141784668e-01
7.588407993316650391e-01
6.762859821319580078e-01
7.177719473838806152e-01
7.362218499183654785e-01
1.569888144731521606e-01
5.099800825119018555e-01
6.700339317321777344e-01
7.731624245643615723e-01
9.910799562931060791e-02
7.238724231719970703e-01
7.327888011932373047e-01
7.096988558769226074e-01
6.310106515884399414e-01
6.320037245750427246e-01
7.350904345512390137e-01
7.193855047225952148e-01
5.104670524597167969e-01
1.428952254354953766e-02
7.319633960723876953e-01
4.843591153621673584e-01
4.810041189193725586e-01
7.115954756736755371e-01
6.372753381729125977e-01
4.061232805252075195e-01
7.161338329315185547e-01
3.798671662807464600e-01
6.431248784065246582e-01
2.936652004718780518e-01
7.235214710235595703e-01
7.003889083862304688e-01
2.740144133567810059e-01
4.287771284580230713e-01
6.985921263694763184e-01
1.004388257861137390e-01
6.381702423095703125e-01
6.893934607505798340e-01
5.384879112243652344e-01
6.609141826629638672e-01
7.695828676223754883e-01
7.024517655372619629e-01
7.864463329315185547e-01
5.246290564537048340e-01
5.839241147041320801e-01
7.208586931228637695e-01
7.168852090835571289e-01
6.521337032318115234e-01
6.513882875442504883e-01
6.080849766731262207e-01
5.700403451919555664e-01
7.634940147399902344e-01
6.264801621437072754e-01
6.077629327774047852e-01
4.064374864101409912e-01
1.560866273939609528e-02
7.264148592948913574e-01
6.692594885826110840e-01
6.259143352508544922e-01
6.211861371994018555e-01
9.139978885650634766e-02
2.641690149903297424e-02
7.650560140609741211e-01
5.425949096679687500e-01
7.386851906776428223e-01
6.629023551940917969e-01
6.806692481040954590e-01
7.374069094657897949e-01
6.550909280776977539e-01
6.672318577766418457e-01
2.866988480091094971e-01
7.343167662620544434e-01
3.820999711751937866e-02
6.647890806198120117e-01
3.295864462852478027e-01
7.325568199157714844e-01
7.128763198852539062e-01
6.147673130035400391e-01
5.161364674568176270e-01
3.951716721057891846e-01
7.270903587341308594e-01
1.566885560750961304e-01
7.700955271720886230e-01
4.818576574325561523e-01
5.202093720436096191e-01
5.904991030693054199e-01
7.011629343032836914e-01
7.135061621665954590e-01
6.619158387184143066e-01
2.991264462471008301e-01
7.607595920562744141e-01
4.242065548896789551e-01
6.379284262657165527e-01
6.614118218421936035e-01
6.984753608703613281e-01
7.531907558441162109e-01
6.577219367027282715e-01
7.408953309059143066e-01
7.200924158096313477e-01
7.023473978042602539e-01
6.369283199310302734e-01
7.325283288955688477e-01
5.084679722785949707e-01
2.780602313578128815e-02
3.337231874465942383e-01
5.642566084861755371e-01
7.377652525901794434e-01
6.232901811599731445e-01
7.546725273132324219e-01
1.999898552894592285e-01
7.926875352859497070e-01
5.620372295379638672e-01
5.871613025665283203e-01
2.470046840608119965e-02
3.784587234258651733e-02
4.550302326679229736e-01
4.782989621162414551e-01
7.640143632888793945e-01
6.795933246612548828e-01
4.294193685054779053e-01
2.639100551605224609e-01
6.701857447624206543e-01
4.836858510971069336e-01
7.104331254959106445e-01
3.966100811958312988e-01
7.672887444496154785e-01
6.851777434349060059e-01
7.903620004653930664e-01
6.929656267166137695e-01
4.860024750232696533e-01
2.142648100852966309e-01
4.630906879901885986e-01
3.587211668491363525e-01
7.358818650245666504e-01
6.765812635421752930e-01
7.106226682662963867e-01
6.198280453681945801e-01
7.300779223442077637e-01
7.389369606971740723e-01
7.270936369895935059e-01
4.267941415309906006e-01
7.775222063064575195e-01
7.614288926124572754e-01
1.184708997607231140e-01
6.638696789741516113e-01
6.819087862968444824e-01
6.648072600364685059e-01
6.126342415809631348e-01
7.544165253639221191e-01
6.514164805412292480e-01
5.833875536918640137e-01
1.355702131986618042e-01
6.521777510643005371e-01
6.334827542304992676e-01
7.015141844749450684e-01
6.524407267570495605e-01
5.943151116371154785e-01
6.356755495071411133e-01
1.061016544699668884e-01
3.977172672748565674e-01
3.243497610092163086e-01
5.536702275276184082e-01
5.439029335975646973e-01
5.244011282920837402e-01
5.676746964454650879e-01
5.817103981971740723e-01
7.293043285608291626e-02
7.546935081481933594e-01
7.793410420417785645e-01
6.870735287666320801e-01
6.782341003417968750e-01
2.998546510934829712e-02
6.611450314521789551e-01
6.267839670181274414e-01
1.684614121913909912e-01
7.004839777946472168e-01
5.587856173515319824e-01
7.009675502777099609e-01
6.987761855125427246e-01
6.498677134513854980e-01
6.887527704238891602e-01
6.283018589019775391e-01
7.613024711608886719e-01
6.747299432754516602e-01
7.312663793563842773e-01
7.022163867950439453e-01
7.592557072639465332e-01
3.189196884632110596e-01
6.174964308738708496e-01
1.559140235185623169e-01
5.379032492637634277e-01
6.640686392784118652e-01
8.890680968761444092e-02
3.585338592529296875e-01
7.421125769615173340e-01
7.107723951339721680e-01
3.989896476268768311e-01
5.464045405387878418e-01
6.014984250068664551e-01
6.804781556129455566e-01
7.846763730049133301e-01
7.174617052078247070e-01
7.667368054389953613e-01
4.923109710216522217e-02
7.260409593582153320e-01
3.772476315498352051e-01
7.086522579193115234e-01
6.115528941154479980e-01
7.500844597816467285e-01
3.577949404716491699e-01
6.064720749855041504e-01
6.154561042785644531e-01
6.337863802909851074e-01
2.250669300556182861e-01
7.559043765068054199e-01
6.692555546760559082e-01
6.783117651939392090e-01
5.443989038467407227e-01
7.554976940155029297e-01
5.419141054153442383e-01
6.380789279937744141e-01
7.172115445137023926e-01
7.257733345031738281e-01
3.132129013538360596e-01
1.599189452826976776e-02
1.342054903507232666e-01
7.154402732849121094e-01
7.680260539054870605e-01
3.342237174510955811e-01
7.558041214942932129e-01
6.426802277565002441e-01
7.440593838691711426e-01
7.303815484046936035e-01
6.957309246063232422e-01
6.872376203536987305e-01
6.594392657279968262e-01
6.733863949775695801e-01
5.999743938446044922e-01
5.917738676071166992e-01
7.273292541503906250e-01
2.399283796548843384e-01
6.953639984130859375e-01
7.334437370300292969e-01
6.413064599037170410e-01
5.602003335952758789e-01
7.824241369962692261e-02
4.818083941936492920e-01
7.723083496093750000e-01
6.320405006408691406e-01
7.475612759590148926e-01
7.535626292228698730e-01
3.922761380672454834e-01
6.971340179443359375e-01
3.305148482322692871e-01
7.051061391830444336e-01
6.938966512680053711e-01
7.011849284172058105e-01
5.300238132476806641e-01
3.938350975513458252e-01
5.266970992088317871e-01
7.572715878486633301e-01
7.324877977371215820e-01
7.353687882423400879e-01
6.651487350463867188e-01
6.640083193778991699e-01
5.277880430221557617e-01
2.676982581615447998e-01
5.858014822006225586e-01
7.526261806488037109e-01
6.304574608802795410e-01
3.572303056716918945e-01
7.476139068603515625e-01
6.946649551391601562e-01
6.435424685478210449e-01
6.619740724563598633e-01
6.824218630790710449e-01
6.798828244209289551e-01
5.896595716476440430e-01
6.621917486190795898e-01
6.547588706016540527e-01
2.602116167545318604e-01
5.955925583839416504e-01
6.070188879966735840e-01
5.456135272979736328e-01
5.611259341239929199e-01
7.596121430397033691e-01
5.267565250396728516e-01
6.899462342262268066e-01
7.731645703315734863e-01
6.410570740699768066e-01
4.832252264022827148e-01
7.199910879135131836e-01
6.997970342636108398e-01
5.678986907005310059e-01
7.377393841743469238e-01
7.278586626052856445e-01
1.967851370573043823e-01
6.493651270866394043e-01
5.528637766838073730e-01
7.682980895042419434e-01
6.953825354576110840e-01
5.614193081855773926e-01
6.158130764961242676e-01
6.945307850837707520e-01
6.123471856117248535e-01
5.165328979492187500e-01
7.458407878875732422e-01
6.083120703697204590e-01
7.346774339675903320e-01
6.022229194641113281e-01
6.459155082702636719e-01
7.171774506568908691e-01
4.258193373680114746e-01
6.778010129928588867e-01
1.409929394721984863e-01
5.915435552597045898e-01
7.393071651458740234e-01
2.248064130544662476e-01
7.691411972045898438e-01
5.740417838096618652e-01
6.275156736373901367e-01
7.280160188674926758e-01
7.141630053520202637e-01
4.041914641857147217e-02
4.175972342491149902e-01
4.409240484237670898e-01
7.373233437538146973e-01
6.788233518600463867e-01
7.134710550308227539e-01
4.414811432361602783e-01
7.155128717422485352e-01
7.359995841979980469e-01
6.013044118881225586e-01
1.210767105221748352e-01
2.746412530541419983e-02
4.525086879730224609e-01
5.959702730178833008e-01
7.645099759101867676e-01
6.351054906845092773e-01
6.013484597206115723e-01
7.045466303825378418e-01
6.868489384651184082e-01
6.911392211914062500e-01
7.120769023895263672e-01
7.467558383941650391e-01
2.513386905193328857e-01
6.348103284835815430e-01
6.446530222892761230e-01
8.418361842632293701e-02
1.776788681745529175e-01
6.547985672950744629e-01
6.723173856735229492e-01
7.359978556632995605e-01
6.697228550910949707e-01
5.548396110534667969e-01
4.204502403736114502e-01
6.960994005203247070e-01
7.396230101585388184e-01
5.730657577514648438e-01
7.358674407005310059e-01
3.986337482929229736e-01
7.063293457031250000e-01
7.700458765029907227e-01
7.031836509704589844e-01
5.208736658096313477e-01
6.887038946151733398e-01
2.634958364069461823e-02
5.802037715911865234e-01
7.176779508590698242e-01
5.489290952682495117e-01
6.566061973571777344e-01
7.783110141754150391e-01
6.801301240921020508e-01
4.088925719261169434e-01
5.419360995292663574e-01
1.001350507140159607e-01
7.620198130607604980e-01
7.798470258712768555e-01
5.215690732002258301e-01
5.779086947441101074e-01
5.739139318466186523e-01
6.641083955764770508e-01
4.443075358867645264e-01
7.021510601043701172e-01
1.000102981925010681e-01
8.845400065183639526e-02
7.182881236076354980e-01
7.064972519874572754e-01
7.234192490577697754e-01
6.077947616577148438e-01
6.147643327713012695e-01
5.094625353813171387e-01
7.378469705581665039e-01
6.252704262733459473e-01
6.544502973556518555e-01
1.497386842966079712e-01
4.002973735332489014e-01
6.339866518974304199e-01
3.619736135005950928e-01
2.509609237313270569e-02
6.217827796936035156e-01
3.833615481853485107e-01
2.043060958385467529e-01
1.701759696006774902e-01
6.041424274444580078e-01
6.498338580131530762e-01
7.423496842384338379e-01
6.352832913398742676e-01
2.064469754695892334e-01
5.384806394577026367e-01
6.893009543418884277e-01
5.774141550064086914e-01
7.125752568244934082e-01
7.342154383659362793e-01
1.108362600207328796e-01
7.046854496002197266e-01
7.213247418403625488e-01
6.328496336936950684e-01
5.507882833480834961e-01
3.058194518089294434e-01
6.946737170219421387e-01
4.676928743720054626e-02
6.528376340866088867e-01
1.929258704185485840e-01
1.458071358501911163e-02
6.414994001388549805e-01
7.168277502059936523e-01
6.835218667984008789e-01
6.022542715072631836e-01
7.249664068222045898e-01
4.197826385498046875e-01
1.892445981502532959e-01
6.609112024307250977e-01
1.104436516761779785e-01
7.079434990882873535e-01
6.568785309791564941e-01
2.357431687414646149e-02
6.442139148712158203e-01
7.169568538665771484e-01
6.785548925399780273e-01
3.468576371669769287e-01
6.830064654350280762e-01
7.435452342033386230e-01
7.621526718139648438e-01
7.234088778495788574e-01
2.865149676799774170e-01
6.499086618423461914e-01
7.219213843345642090e-01
6.698681116104125977e-01
4.437871277332305908e-01
7.415666580200195312e-01
2.984210848808288574e-01
4.685116708278656006e-01
3.484966233372688293e-02
7.510611414909362793e-01
5.698819160461425781e-01
6.734102964401245117e-01
1.324122846126556396e-01
4.180097207427024841e-02
6.049483418464660645e-01
6.995614767074584961e-01
7.060232162475585938e-01
7.566549777984619141e-01
7.152019143104553223e-01
7.062280774116516113e-01
1.885686814785003662e-01
6.231244206428527832e-01
6.446167826652526855e-01
5.732858777046203613e-01
6.265904009342193604e-02
7.759721279144287109e-01
7.701646089553833008e-01
7.082669138908386230e-01
1.427738815546035767e-01
6.456412672996520996e-01
3.820515573024749756e-01
7.193637490272521973e-01
6.324715614318847656e-01
5.804262161254882812e-01
3.669518828392028809e-01
7.365186810493469238e-01
7.588006258010864258e-01
6.376863121986389160e-01
6.244103908538818359e-01
7.609937787055969238e-01
5.817912817001342773e-01
6.929615139961242676e-01
6.003399491310119629e-01
7.361389398574829102e-01
4.187112152576446533e-01
3.696945607662200928e-01
5.365046262741088867e-01
6.941586732864379883e-01
5.390707850456237793e-01
4.198612645268440247e-02
2.841521799564361572e-01
7.321391105651855469e-01
1.550387442111968994e-01
6.570932269096374512e-01
5.581031441688537598e-01
7.415619492530822754e-01
5.798736810684204102e-01
4.700325131416320801e-01
5.932076573371887207e-01
6.608463525772094727e-01
4.796070754528045654e-01
2.790505588054656982e-01
6.638669371604919434e-01
6.991612315177917480e-01
7.323877811431884766e-01
6.355686783790588379e-01
7.756836414337158203e-01
6.703852415084838867e-01
7.011849284172058105e-01
4.633659124374389648e-01
6.898628473281860352e-01
7.511612772941589355e-01
2.661447227001190186e-01
6.211289167404174805e-01
7.380669713020324707e-01
7.249112725257873535e-01
2.969774007797241211e-01
6.753085255622863770e-01
6.692006587982177734e-01
6.675461530685424805e-01
4.853400588035583496e-01
7.818968296051025391e-01
6.689944267272949219e-01
2.127959281206130981e-01
3.582611680030822754e-01
2.799703478813171387e-01
6.855291128158569336e-01
5.199953317642211914e-01
5.809440016746520996e-01
7.892731428146362305e-01
7.222270965576171875e-01
5.200625658035278320e-01
2.034941613674163818e-01
6.563392877578735352e-01
7.502337098121643066e-01
7.154358029365539551e-01
7.199555635452270508e-01
6.517419219017028809e-01
5.255898833274841309e-01
3.902149200439453125e-01
7.620215415954589844e-01
6.628431081771850586e-01
4.480048120021820068e-01
7.428086996078491211e-01
7.224484086036682129e-01
7.340217828750610352e-01
7.237342596054077148e-01
2.179490327835083008e-01
5.141063928604125977e-01
6.324840188026428223e-01
4.207133948802947998e-01
1.693019121885299683e-01
7.262507081031799316e-01
2.192363291978836060e-01
4.937692284584045410e-01
7.527854442596435547e-01
3.572424352169036865e-01
4.281577169895172119e-01
5.033723711967468262e-01
1.769646853208541870e-01
7.035248875617980957e-01
1.894347518682479858e-01
7.594815492630004883e-01
3.938812613487243652e-01
7.599125504493713379e-01
6.649096608161926270e-01
5.033794045448303223e-01
2.949808835983276367e-01
3.770880699157714844e-01
6.217615604400634766e-01
6.175920963287353516e-01
3.635708093643188477e-01
7.359411120414733887e-01
6.716522574424743652e-01
4.651493132114410400e-01
6.655824184417724609e-01
7.678194046020507812e-01
4.487582445144653320e-01
7.036305069923400879e-01
6.357830762863159180e-01
7.109156250953674316e-01
6.603035926818847656e-01
7.416589260101318359e-01
7.175974249839782715e-01
6.909056901931762695e-01
6.157010793685913086e-01
6.586923599243164062e-01
6.256054043769836426e-01
7.491507530212402344e-01
6.892279982566833496e-01
7.767315506935119629e-01
7.167944312095642090e-01
6.595267653465270996e-01
7.799761295318603516e-01
7.398315668106079102e-01
7.213367223739624023e-01
6.246823072433471680e-01
6.685921549797058105e-01
4.748740792274475098e-01
6.944264173507690430e-01
4.227039515972137451e-01
6.512359380722045898e-01
1.477804593741893768e-02
6.405019760131835938e-01
5.838152766227722168e-01
1.667750813066959381e-02
6.180436015129089355e-01
7.187001705169677734e-01
7.519674897193908691e-01
2.671946883201599121e-01
6.544438004493713379e-01
6.870341897010803223e-01
6.940454244613647461e-01
3.043068945407867432e-01
6.189338564872741699e-01
6.271535754203796387e-01
6.599051356315612793e-01
7.610954046249389648e-01
6.070324778556823730e-01
7.030212879180908203e-01
6.757265925407409668e-01
6.358512639999389648e-01
1.407420635223388672e-01
7.365514636039733887e-01
7.009591460227966309e-01
1.609391570091247559e-01
6.624457836151123047e-01
5.334966778755187988e-01
5.707320570945739746e-01
5.515047311782836914e-01
5.674760341644287109e-01
5.220562219619750977e-01
6.117035150527954102e-01
3.550479114055633545e-01
7.604204416275024414e-01
2.848273217678070068e-01
7.014332413673400879e-01
6.655855774879455566e-01
7.653459310531616211e-01
8.919231593608856201e-02
7.156155109405517578e-01
6.325338482856750488e-01
6.066935062408447266e-01
6.713745594024658203e-01
6.855255961418151855e-01
5.987636446952819824e-01
6.168974637985229492e-01
7.019872665405273438e-01
7.374032139778137207e-01
9.156254678964614868e-02
7.094302177429199219e-01
2.207139283418655396e-01
7.375580072402954102e-01
7.036283612251281738e-01
5.550015568733215332e-01
6.258977055549621582e-01
7.362735867500305176e-01
7.496772408485412598e-01
4.547167718410491943e-01
6.335200667381286621e-01
7.663579583168029785e-01
3.230146691203117371e-02
6.719451546669006348e-01
5.449238792061805725e-02
6.562091708183288574e-01
4.567183554172515869e-02
6.316975951194763184e-01
1.807561144232749939e-02
5.286778211593627930e-01
7.105239629745483398e-01
7.344430088996887207e-01
7.383401393890380859e-01
7.426021695137023926e-01
4.651559889316558838e-01
6.554897427558898926e-01
7.955867052078247070e-01
4.531203955411911011e-02
6.215551868081092834e-02
6.080290079116821289e-01
6.221763491630554199e-01
6.482319831848144531e-01
7.417936325073242188e-01
3.576321303844451904e-01
5.685147643089294434e-01
6.553882360458374023e-01
6.918865442276000977e-01
5.832688212394714355e-01
6.406402587890625000e-01
7.131586074829101562e-01
5.197073817253112793e-01
1.915774792432785034e-01
5.618223547935485840e-01
4.327466189861297607e-01
8.086673915386199951e-02
4.335582554340362549e-01
6.157344579696655273e-01
7.071229815483093262e-01
6.961099505424499512e-01
7.639506459236145020e-01
6.343289613723754883e-01
6.933637261390686035e-01
7.007917761802673340e-01
7.266441583633422852e-01
5.345988869667053223e-01
6.784875988960266113e-01
5.602744221687316895e-01
6.498709917068481445e-01
7.326920032501220703e-01
6.426152586936950684e-01
6.952624917030334473e-01
6.147455573081970215e-01
7.585673332214355469e-01
7.165991663932800293e-01
7.602760195732116699e-01
7.595269083976745605e-01
7.457919716835021973e-01
1.453451216220855713e-01
6.588211655616760254e-01
1.898281723260879517e-01
2.620743960142135620e-02
7.323116660118103027e-01
5.941573977470397949e-01
7.002823948860168457e-01
7.929453849792480469e-01
5.911141037940979004e-01
6.473978161811828613e-01
6.872079968452453613e-01
7.390634417533874512e-01
2.680724859237670898e-01
6.391925215721130371e-01
6.417534947395324707e-01
6.787850260734558105e-01
5.398893952369689941e-01
6.920749545097351074e-01
6.322207450866699219e-01
6.927282810211181641e-01
1.300826668739318848e-01
4.613862931728363037e-01
7.411699295043945312e-01
7.453246712684631348e-01
5.378614664077758789e-01
4.026781022548675537e-01
7.041394114494323730e-01
7.466129064559936523e-01
6.582947373390197754e-01
6.384385228157043457e-01
4.086808562278747559e-01
6.064535379409790039e-01
6.851153969764709473e-01
1.740662939846515656e-02
6.588095426559448242e-01
4.512458443641662598e-01
6.921123266220092773e-01
6.765284538269042969e-01
5.410779714584350586e-01
3.720798194408416748e-01
5.952892899513244629e-01
7.720360755920410156e-01
6.858283281326293945e-01
6.519941687583923340e-01
7.455564141273498535e-01
6.768307089805603027e-01
5.615500807762145996e-01
1.312908381223678589e-01
7.049197554588317871e-01
7.722644805908203125e-01
7.180384397506713867e-01
7.045101523399353027e-01
6.436657309532165527e-01
7.323401570320129395e-01
7.247410416603088379e-01
5.442542433738708496e-01
8.067833185195922852e-01
7.402079105377197266e-01
6.730520129203796387e-01
5.689437389373779297e-01
6.654757261276245117e-01
5.701783895492553711e-01
6.328276991844177246e-01
6.593444943428039551e-01
7.599362730979919434e-01
6.477621197700500488e-01
7.732441425323486328e-01
6.247385144233703613e-01
6.115933060646057129e-01
5.985190868377685547e-01
6.837324500083923340e-01
7.186460494995117188e-01
6.229986548423767090e-01
7.629985809326171875e-01
6.625307202339172363e-01
7.090420722961425781e-01
7.849515676498413086e-01
5.714839696884155273e-01
7.280494570732116699e-01
7.000334262847900391e-01
7.034953832626342773e-01
4.161835908889770508e-01
5.438619852066040039e-01
7.131894826889038086e-01
3.326720595359802246e-01
7.085853815078735352e-01
6.214311122894287109e-01
7.400093674659729004e-01
7.225515246391296387e-01
6.931408047676086426e-01
7.841671109199523926e-01
6.615933179855346680e-01
7.727447748184204102e-01
7.221759557723999023e-01
7.252922058105468750e-01
5.669861435890197754e-01
1.014311462640762329e-01
6.260354518890380859e-01
2.289737761020660400e-01
7.208923697471618652e-01
5.614887475967407227e-01
7.031525373458862305e-01
7.427160739898681641e-01
7.387092709541320801e-01
7.424688339233398438e-01
7.202160358428955078e-01
7.732866406440734863e-01
7.419589757919311523e-01
7.468391060829162598e-01
5.368809700012207031e-01
6.885747909545898438e-01
6.124540567398071289e-01
6.457646489143371582e-01
7.509474158287048340e-01
8.004506677389144897e-02
7.007892131805419922e-01
1.715171709656715393e-02
7.611443996429443359e-01
5.973445177078247070e-01
5.525495409965515137e-01
6.222296953201293945e-01
6.937744021415710449e-01
7.062857151031494141e-01
6.495737433433532715e-01
1.480398327112197876e-01
5.495947599411010742e-01
7.336791753768920898e-01
7.663204669952392578e-01
5.153959989547729492e-01
7.395629286766052246e-01
7.474057078361511230e-01
5.911555290222167969e-01
7.581148743629455566e-01
6.173231601715087891e-01
7.643414735794067383e-01
6.701208949089050293e-01
6.129230260848999023e-01
5.714076012372970581e-02
8.112726807594299316e-01
6.190548539161682129e-01
5.835930705070495605e-01
7.866380214691162109e-01
5.434047579765319824e-01
6.820849776268005371e-01
6.661812067031860352e-01
6.503209471702575684e-01
7.185692340135574341e-02
6.711994409561157227e-01
5.491215586662292480e-01
1.267744004726409912e-01
6.243642568588256836e-01
4.824991226196289062e-01
7.610707879066467285e-01
7.075406908988952637e-01
5.029861330986022949e-01
7.169787287712097168e-01
6.593499183654785156e-01
6.901870965957641602e-01
5.389034748077392578e-01
7.310027480125427246e-01
1.596214473247528076e-01
7.138815522193908691e-01
3.582812100648880005e-02
7.531182169914245605e-01
2.669048011302947998e-01
7.132899761199951172e-01
7.502238154411315918e-01
5.462572574615478516e-01
7.803875207901000977e-01
7.454398870468139648e-01
3.995165526866912842e-01
6.159303784370422363e-01
6.629129648208618164e-01
7.110854983329772949e-01
1.891691535711288452e-01
7.270747423171997070e-01
7.207986712455749512e-01
7.356069684028625488e-01
6.809989213943481445e-01
7.259592413902282715e-01
6.786184906959533691e-01
4.044511020183563232e-01
6.065636277198791504e-01
4.335582554340362549e-01
6.732157468795776367e-01
7.801002264022827148e-01
7.487972378730773926e-01
7.330189943313598633e-01
5.792580842971801758e-01
4.800567626953125000e-01
6.705346107482910156e-01
6.558496356010437012e-01
7.277805209159851074e-01
6.740640997886657715e-01
6.909499764442443848e-01
7.443927526473999023e-01
6.797548532485961914e-01
6.929882764816284180e-01
2.327206581830978394e-01
7.289999127388000488e-01
2.587040960788726807e-01
6.281273365020751953e-01
4.909388422966003418e-01
3.318343758583068848e-01
7.414861917495727539e-01
6.293091177940368652e-01
5.325587987899780273e-01
4.563526213169097900e-01
5.883841514587402344e-01
6.155933141708374023e-01
7.511610984802246094e-01
6.981789469718933105e-01
6.409009695053100586e-01
7.746417522430419922e-01
7.779482603073120117e-01
6.581975221633911133e-01
6.874833106994628906e-01
6.919222474098205566e-01
2.490666359663009644e-01
5.964532494544982910e-01
7.431829571723937988e-01
5.568234324455261230e-01
7.037081122398376465e-01
6.686401367187500000e-01
6.782343983650207520e-01
7.521681785583496094e-01
4.492595791816711426e-01
5.743594169616699219e-01
7.147370576858520508e-01
7.183478474617004395e-01
3.998936116695404053e-01
1.875236034393310547e-01
7.790448069572448730e-01
7.362009882926940918e-01
6.825584173202514648e-01
5.786153078079223633e-01
6.783810257911682129e-01
6.727058291435241699e-01
5.382850170135498047e-01
7.326996922492980957e-01
6.057004332542419434e-01
1.134742572903633118e-01
1.871006004512310028e-02
7.016389966011047363e-01
4.433971643447875977e-01
4.422051608562469482e-01
7.461954355239868164e-01
6.617142558097839355e-01
7.224046587944030762e-01
6.466544866561889648e-01
7.529791593551635742e-01
6.703753471374511719e-01
7.548598647117614746e-01
6.119068861007690430e-01
6.570249199867248535e-01
7.404195666313171387e-01
7.156890034675598145e-01
1.391085833311080933e-01
5.821745395660400391e-01
5.447170734405517578e-01
6.447443962097167969e-01
7.181320190429687500e-01
7.239559292793273926e-01
6.608883142471313477e-01
5.631152391433715820e-01
7.741907835006713867e-01
7.050582766532897949e-01
7.705448865890502930e-01
7.035305500030517578e-01
7.670319676399230957e-01
7.335918545722961426e-01
6.857378482818603516e-01
6.618119478225708008e-01
6.883422136306762695e-01
7.149024605751037598e-01
6.290852427482604980e-01
6.850154995918273926e-01
4.448982477188110352e-01
3.103919327259063721e-01
6.852813363075256348e-01
7.304747104644775391e-01
5.150018334388732910e-01
7.814322710037231445e-01
7.268430590629577637e-01
3.762443363666534424e-01
7.350814342498779297e-01
5.826986432075500488e-01
7.885807156562805176e-01
4.761191308498382568e-01
5.059442520141601562e-01
1.700933426618576050e-01
5.223838984966278076e-02
1.445170938968658447e-01
1.622176915407180786e-01
7.096483111381530762e-01
6.296432018280029297e-01
7.436526417732238770e-01
7.733286023139953613e-01
6.804500222206115723e-01
7.546778917312622070e-01
6.790736317634582520e-01
7.852343320846557617e-01
9.605868905782699585e-02
7.462691068649291992e-01
4.483128190040588379e-01
7.404479384422302246e-01
5.030672550201416016e-01
7.538439631462097168e-01
5.861460566520690918e-01
8.962441980838775635e-02
5.684372186660766602e-01
5.568488836288452148e-01
7.016077041625976562e-01
5.042997598648071289e-01
4.892208799719810486e-02
3.920300900936126709e-01
7.538861036300659180e-01
6.434174776077270508e-01
5.633630752563476562e-01
6.707682609558105469e-01
7.370635271072387695e-01
3.882767856121063232e-01
6.720711588859558105e-01
6.550909876823425293e-01
7.012172341346740723e-01
5.264095067977905273e-01
6.163141131401062012e-01
3.137292563915252686e-01
7.054233551025390625e-01
7.740201950073242188e-01
4.889476001262664795e-01
7.057070136070251465e-01
7.695206999778747559e-01
6.732472777366638184e-01
6.768122911453247070e-01
7.027814984321594238e-01
7.798536419868469238e-01
7.271110415458679199e-01
6.783351898193359375e-01
6.150322556495666504e-01
6.189405918121337891e-01
7.295111417770385742e-01
7.457945346832275391e-01
6.960539221763610840e-01
7.051157951354980469e-01
7.372187972068786621e-01
7.559043765068054199e-01
6.485270261764526367e-01
5.353046655654907227e-01
7.537043690681457520e-01
6.731819510459899902e-01
5.762106776237487793e-01
5.585591793060302734e-01
6.837261915206909180e-01
6.307814121246337891e-01
6.114343404769897461e-01
7.017387747764587402e-01
2.996775805950164795e-01
4.984342157840728760e-01
7.274430394172668457e-01
6.666170954704284668e-01
4.077517390251159668e-01
5.631021261215209961e-01
6.142686605453491211e-01
7.283594012260437012e-01
1.833426952362060547e-01
7.387254834175109863e-01
6.139186620712280273e-01
7.220572233200073242e-01
5.173426270484924316e-01
4.848202466964721680e-01
7.666379809379577637e-01
6.522141098976135254e-01
7.420338392257690430e-01
7.082879543304443359e-01
7.619644999504089355e-01
6.939997076988220215e-01
7.553027272224426270e-01
2.343339473009109497e-01
4.395572543144226074e-01
7.115090489387512207e-01
3.021538257598876953e-02
5.649159550666809082e-01
5.105594992637634277e-01
3.558999300003051758e-01
6.730101108551025391e-01
7.163973450660705566e-01
6.502217054367065430e-01
7.239905595779418945e-01
6.917660683393478394e-02
6.288781166076660156e-01
5.510413050651550293e-01
7.174167633056640625e-01
7.305375933647155762e-01
7.995321154594421387e-01
4.583804011344909668e-01
6.237356066703796387e-01
5.056275725364685059e-01
6.802479624748229980e-01
5.660303831100463867e-01
7.114048004150390625e-01
5.823416113853454590e-01
3.611635863780975342e-01
1.489996537566184998e-02
6.881104111671447754e-01
3.628581389784812927e-02
7.016726136207580566e-01
2.242709696292877197e-01
7.877638936042785645e-01
6.522775888442993164e-01
6.161674857139587402e-01
5.424321293830871582e-01
7.585296034812927246e-01
6.801795959472656250e-01
5.472791194915771484e-01
5.533720850944519043e-01
2.186933904886245728e-01
6.004590392112731934e-01
9.663450717926025391e-02
2.414339184761047363e-01
7.058492302894592285e-01
7.300378084182739258e-01
6.343898177146911621e-01
6.876688599586486816e-01
6.500862836837768555e-01
7.529767155647277832e-01
6.886357069015502930e-01
7.271848917007446289e-01
4.324861168861389160e-01
6.677996516227722168e-01
6.619064807891845703e-01
4.770635962486267090e-01
7.129849195480346680e-01
7.252591848373413086e-01
7.137168049812316895e-01
4.206649959087371826e-01
5.215403437614440918e-01
3.571216166019439697e-01
2.459621727466583252e-01
5.060502290725708008e-01
6.630894541740417480e-01
7.101901769638061523e-01
7.305375933647155762e-01
5.878103971481323242e-01
4.649051427841186523e-01
5.852167606353759766e-01
4.547249674797058105e-01
5.887553095817565918e-01
4.572702944278717041e-01
7.215508818626403809e-01
4.045073986053466797e-01
4.668025374412536621e-01
7.121157646179199219e-02
5.592980980873107910e-01
3.605737090110778809e-01
5.041502714157104492e-01
7.103520631790161133e-01
6.842789649963378906e-01
7.394049763679504395e-01
3.257290720939636230e-01
7.818714380264282227e-01
3.828068971633911133e-01
6.122995018959045410e-01
7.566995024681091309e-01
6.314727663993835449e-01
