4.973186552524566650e-01
5.320494174957275391e-01
5.388748049736022949e-01
4.733216762542724609e-01
4.336190223693847656e-01
5.448012948036193848e-01
3.546975553035736084e-01
5.190886855125427246e-01
4.076601862907409668e-01
5.413582921028137207e-01
4.722096621990203857e-01
5.187767148017883301e-01
5.527390837669372559e-01
5.010232329368591309e-01
5.447719097137451172e-01
6.247580647468566895e-01
5.253130793571472168e-01
4.206211864948272705e-01
4.298649728298187256e-01
4.820213615894317627e-01
4.544617533683776855e-01
4.824026525020599365e-01
4.979726374149322510e-01
5.146268010139465332e-01
4.573782384395599365e-01
4.877874851226806641e-01
5.401794314384460449e-01
4.587547183036804199e-01
3.826982676982879639e-01
5.242987275123596191e-01
4.338738024234771729e-01
5.042541623115539551e-01
5.332401394844055176e-01
4.886428415775299072e-01
5.049816966056823730e-01
4.119848906993865967e-01
4.515501558780670166e-01
4.594102203845977783e-01
4.705581367015838623e-01
4.722508490085601807e-01
