6.167966127395629883e-01
6.404522657394409180e-01
5.847461223602294922e-01
3.446788340806961060e-02
2.756054401397705078e-01
4.783861339092254639e-01
4.381442964076995850e-01
5.400010347366333008e-01
6.412409543991088867e-01
6.249366402626037598e-01
6.510952115058898926e-01
6.293156147003173828e-01
5.191113352775573730e-01
4.998044669628143311e-01
6.774080395698547363e-01
5.253573060035705566e-01
3.157121837139129639e-01
1.614428311586380005e-01
6.408712267875671387e-01
5.518464446067810059e-01
2.330600768327713013e-01
6.311861872673034668e-01
5.807564258575439453e-01
3.965240716934204102e-01
6.906608343124389648e-01
6.879413127899169922e-01
6.491010189056396484e-01
5.404745340347290039e-01
6.637114882469177246e-01
4.138042330741882324e-01
2.300455123186111450e-01
3.582431674003601074e-01
3.807532489299774170e-01
5.493776798248291016e-01
1.568602621555328369e-01
5.953558087348937988e-01
6.490193009376525879e-01
3.792392611503601074e-01
5.258504748344421387e-01
6.514157056808471680e-01
6.447528004646301270e-01
5.849086642265319824e-01
3.385981544852256775e-02
2.685808539390563965e-01
6.341524720191955566e-01
5.721110701560974121e-01
6.301843523979187012e-01
6.276248693466186523e-01
5.646257996559143066e-01
5.782351493835449219e-01
6.195911169052124023e-01
2.979034185409545898e-01
3.617873191833496094e-01
4.102730751037597656e-01
5.306100249290466309e-01
6.199029088020324707e-01
5.649180412292480469e-01
3.767749667167663574e-01
3.842723667621612549e-01
3.777820765972137451e-01
6.809621453285217285e-01
5.327259898185729980e-01
5.933822989463806152e-01
7.065503597259521484e-01
4.136708676815032959e-01
7.000671625137329102e-01
5.557972788810729980e-01
5.278549790382385254e-01
1.987867057323455811e-01
7.068440914154052734e-01
3.903677165508270264e-01
3.788636922836303711e-01
2.681295946240425110e-02
5.514866113662719727e-01
6.040433049201965332e-01
5.952731370925903320e-01
6.359058022499084473e-01
5.889099836349487305e-01
5.134555101394653320e-01
5.986008644104003906e-01
5.687867999076843262e-01
2.316413223743438721e-01
5.686963796615600586e-01
5.471052527427673340e-01
6.020053625106811523e-01
5.612812042236328125e-01
6.768257617950439453e-01
6.155526638031005859e-01
5.951830148696899414e-01
3.878921270370483398e-01
4.553757607936859131e-01
1.604423671960830688e-01
5.359803438186645508e-01
6.613928079605102539e-01
4.587215483188629150e-01
4.914613962173461914e-01
1.446796804666519165e-01
5.891090631484985352e-01
3.376213014125823975e-01
6.402999162673950195e-01
5.891610980033874512e-01
7.298761606216430664e-01
5.055851936340332031e-01
3.161614835262298584e-01
5.060824751853942871e-01
5.996971130371093750e-01
6.270021200180053711e-01
4.565389752388000488e-01
2.478247731924057007e-01
3.564162552356719971e-01
6.275994181632995605e-01
6.949682235717773438e-01
4.726374745368957520e-01
6.257615685462951660e-01
1.968054324388504028e-01
3.892258107662200928e-01
4.967035651206970215e-01
5.006018280982971191e-01
4.162634611129760742e-01
5.463033914566040039e-01
6.355523467063903809e-01
6.221994161605834961e-01
3.752354681491851807e-01
6.921848058700561523e-01
4.932045340538024902e-01
6.043732762336730957e-01
5.741345286369323730e-01
4.666143357753753662e-01
5.887630581855773926e-01
4.088088870048522949e-01
6.132954359054565430e-01
6.577999591827392578e-01
4.984511435031890869e-01
4.436299204826354980e-01
6.967561244964599609e-01
6.761702299118041992e-01
5.519299507141113281e-01
6.082822084426879883e-01
5.038960576057434082e-01
3.675687313079833984e-01
5.953906774520874023e-01
5.701379179954528809e-01
6.743183732032775879e-01
5.584112405776977539e-01
4.664673209190368652e-01
6.298739910125732422e-01
5.260347723960876465e-01
6.195330619812011719e-01
5.419829487800598145e-01
5.010577440261840820e-01
5.970906019210815430e-01
3.841711580753326416e-01
6.688761115074157715e-01
5.400230288505554199e-01
6.235957741737365723e-01
4.857878684997558594e-01
6.058368682861328125e-01
2.878447435796260834e-02
5.929966568946838379e-01
4.927122890949249268e-01
6.586844325065612793e-01
4.713510274887084961e-01
3.414303660392761230e-01
6.862905621528625488e-01
6.159027218818664551e-01
5.538349151611328125e-01
3.937075138092041016e-01
3.679089546203613281e-01
6.513929367065429688e-01
2.399764508008956909e-01
6.024571135640144348e-02
4.365695416927337646e-01
5.243737101554870605e-01
5.915270447731018066e-01
3.954615592956542969e-01
6.182939410209655762e-01
6.363891363143920898e-01
4.668998122215270996e-01
4.351730346679687500e-01
6.266261339187622070e-01
4.362550973892211914e-01
4.707107543945312500e-01
5.911918878555297852e-01
4.695217907428741455e-01
2.335060834884643555e-01
3.702752888202667236e-01
4.107686579227447510e-01
6.345099210739135742e-01
4.158638715744018555e-01
1.756409406661987305e-01
6.738274097442626953e-01
5.645966529846191406e-01
5.153246521949768066e-01
4.590566158294677734e-01
4.868814349174499512e-01
4.009644687175750732e-01
6.707990765571594238e-01
4.730536341667175293e-01
5.824030637741088867e-01
5.660430788993835449e-01
3.452275991439819336e-01
6.785548925399780273e-01
2.985925078392028809e-01
5.012969970703125000e-01
5.986781120300292969e-01
3.506488800048828125e-01
5.741811990737915039e-01
6.509084701538085938e-01
6.335195899009704590e-01
6.492110490798950195e-01
6.079126000404357910e-01
5.968979597091674805e-01
3.923953175544738770e-01
5.275300145149230957e-01
5.198810100555419922e-01
6.359745264053344727e-01
6.283380985260009766e-01
4.211877584457397461e-01
6.739358901977539062e-01
5.952324271202087402e-01
6.162815690040588379e-01
6.731042861938476562e-01
5.361852645874023438e-01
5.384606122970581055e-01
2.835630252957344055e-02
6.402890682220458984e-01
6.251865625381469727e-01
6.264904141426086426e-01
5.044790506362915039e-01
5.748618841171264648e-01
6.344500184059143066e-01
3.061311841011047363e-01
6.045231819152832031e-01
5.432796478271484375e-01
6.479359865188598633e-01
7.168232202529907227e-01
6.687208414077758789e-01
4.733122587203979492e-01
6.230393052101135254e-01
6.483688354492187500e-01
6.260638236999511719e-01
5.035910606384277344e-01
3.091027438640594482e-01
6.347897648811340332e-01
3.500016629695892334e-01
5.621878504753112793e-01
6.443049907684326172e-01
3.197472691535949707e-01
2.565137743949890137e-01
6.451519727706909180e-01
6.122426390647888184e-01
6.047850847244262695e-01
4.999261498451232910e-01
1.096202954649925232e-01
5.304740667343139648e-01
5.012792944908142090e-01
4.545075595378875732e-01
5.087239742279052734e-01
3.530405163764953613e-01
6.387218236923217773e-01
6.789025664329528809e-01
6.320670247077941895e-01
4.423162043094635010e-01
2.991891801357269287e-01
6.536549329757690430e-01
3.089440762996673584e-01
4.428167939186096191e-01
6.445617079734802246e-01
4.570432305335998535e-01
6.307828426361083984e-01
3.952220678329467773e-01
1.573261171579360962e-01
6.290795803070068359e-01
5.810923576354980469e-01
5.046908929944038391e-02
5.083328485488891602e-01
6.028893589973449707e-01
7.008507847785949707e-01
7.010506391525268555e-01
5.106427073478698730e-01
6.891033649444580078e-01
6.583375334739685059e-01
5.624943971633911133e-01
5.890647768974304199e-01
3.681648373603820801e-01
5.328478813171386719e-01
5.658285617828369141e-01
6.380767226219177246e-01
6.069287061691284180e-01
4.191536009311676025e-01
2.419526875019073486e-01
6.424154639244079590e-01
6.159586906433105469e-01
6.287082433700561523e-01
2.966122031211853027e-01
5.574726462364196777e-01
7.171353697776794434e-01
2.551838457584381104e-01
7.441891431808471680e-01
5.765839219093322754e-01
5.382193326950073242e-01
6.911829113960266113e-01
3.196682631969451904e-01
5.519000291824340820e-01
6.292055249214172363e-01
5.914999842643737793e-01
4.240694642066955566e-01
6.189597249031066895e-01
7.683902978897094727e-02
6.877173185348510742e-01
4.948158264160156250e-01
5.081132054328918457e-01
4.519391059875488281e-01
7.098239660263061523e-01
6.067848801612854004e-01
6.542589068412780762e-01
6.548494100570678711e-01
5.566417574882507324e-01
5.494962334632873535e-01
3.144992291927337646e-01
5.053349137306213379e-01
7.206041812896728516e-01
4.538926482200622559e-01
3.164174258708953857e-01
5.932711362838745117e-01
5.113087892532348633e-01
6.817771792411804199e-01
6.280072927474975586e-01
6.033871769905090332e-01
6.605756282806396484e-01
3.280098140239715576e-01
6.263571381568908691e-01
5.916888117790222168e-01
5.984843969345092773e-01
5.828980207443237305e-01
6.048753857612609863e-01
5.775918364524841309e-01
2.795934379100799561e-01
6.216599345207214355e-01
6.634554266929626465e-01
3.467300534248352051e-01
5.043271780014038086e-01
1.853023022413253784e-01
6.665786504745483398e-01
6.095291972160339355e-01
6.043573617935180664e-01
6.453678607940673828e-01
4.646481871604919434e-01
5.187161564826965332e-01
6.103469133377075195e-01
5.067970156669616699e-01
2.043069899082183838e-01
6.040421724319458008e-01
6.511780023574829102e-01
3.940763175487518311e-01
6.469724178314208984e-01
4.518036544322967529e-01
6.371083259582519531e-01
5.376805663108825684e-01
2.403653785586357117e-02
5.063328742980957031e-01
3.858333230018615723e-01
4.643400311470031738e-01
6.027708649635314941e-01
5.503538846969604492e-01
6.031849384307861328e-01
6.869919300079345703e-01
1.606959700584411621e-01
6.573978662490844727e-01
6.030309796333312988e-01
4.131051003932952881e-01
5.974529981613159180e-01
4.578507542610168457e-01
4.221243858337402344e-01
5.914392471313476562e-01
6.887150406837463379e-01
5.897117853164672852e-01
3.938103318214416504e-01
3.265318870544433594e-01
6.878662705421447754e-01
6.398161649703979492e-01
3.897171914577484131e-01
4.379127621650695801e-01
5.545200705528259277e-01
6.661881804466247559e-01
5.813022851943969727e-01
6.282446384429931641e-01
4.934179186820983887e-01
5.534662008285522461e-01
3.259911239147186279e-01
5.801619291305541992e-01
5.117509961128234863e-01
4.493311345577239990e-01
3.997042775154113770e-01
4.509958326816558838e-01
4.500524699687957764e-01
2.499594092369079590e-01
4.139367938041687012e-01
5.671309232711791992e-01
5.833976268768310547e-01
4.544836655259132385e-02
4.181363582611083984e-01
6.240684986114501953e-01
6.366761326789855957e-01
6.615001559257507324e-01
6.805018782615661621e-01
6.330884695053100586e-01
2.298603206872940063e-02
5.197753310203552246e-01
3.914703130722045898e-01
5.381154417991638184e-01
4.423968195915222168e-01
6.361752003431320190e-02
4.473694264888763428e-01
2.774179577827453613e-01
5.368759632110595703e-01
4.214414358139038086e-01
5.619201660156250000e-01
6.120322644710540771e-02
5.540537238121032715e-01
2.533698379993438721e-01
5.689805746078491211e-01
6.018889546394348145e-01
5.830762982368469238e-01
4.657233953475952148e-01
4.420759081840515137e-01
4.526943862438201904e-01
3.622769415378570557e-01
6.196349263191223145e-01
5.308979153633117676e-01
4.419470727443695068e-01
3.570868372917175293e-01
4.583603739738464355e-01
6.211259365081787109e-01
6.270610094070434570e-01
3.631354570388793945e-01
2.329543232917785645e-01
6.252501010894775391e-01
6.129471063613891602e-01
6.156643033027648926e-01
6.532546877861022949e-01
1.756409406661987305e-01
4.916705191135406494e-01
5.516812205314636230e-01
6.098122596740722656e-01
4.482606351375579834e-01
6.398995518684387207e-01
5.808141231536865234e-01
6.950013637542724609e-01
5.601868629455566406e-01
6.004611253738403320e-01
6.765936017036437988e-01
6.806774139404296875e-01
1.614428311586380005e-01
6.174442172050476074e-01
2.627304494380950928e-01
5.161269307136535645e-01
5.769303441047668457e-01
4.999685287475585938e-01
1.320213824510574341e-01
6.472597718238830566e-01
2.762547433376312256e-01
6.512603163719177246e-01
6.102113723754882812e-01
6.314824819564819336e-01
4.139812886714935303e-01
5.701630711555480957e-01
2.208967804908752441e-01
6.854211091995239258e-01
6.457216739654541016e-01
6.215140223503112793e-01
4.324436783790588379e-01
5.078449249267578125e-01
4.306757450103759766e-01
6.492718458175659180e-01
3.165591657161712646e-01
5.570013523101806641e-01
6.285430788993835449e-01
4.142967164516448975e-01
2.992882728576660156e-01
5.327697992324829102e-01
4.339154660701751709e-01
6.768779158592224121e-01
3.465199768543243408e-01
4.907399117946624756e-01
6.089518666267395020e-01
3.314147591590881348e-01
6.379530429840087891e-01
3.162229657173156738e-01
3.415777981281280518e-01
2.786315232515335083e-02
4.930214285850524902e-01
4.496232271194458008e-01
6.089214682579040527e-01
6.211655959486961365e-02
6.171804666519165039e-01
6.767297983169555664e-01
6.491541266441345215e-01
5.488575100898742676e-01
6.534775495529174805e-01
3.788454234600067139e-01
4.597653448581695557e-01
5.249219536781311035e-01
5.482513904571533203e-01
2.963967621326446533e-01
5.778734683990478516e-01
4.936658442020416260e-01
5.602289438247680664e-01
4.215911924839019775e-01
5.258184671401977539e-01
6.236357688903808594e-01
4.535146653652191162e-01
2.536222040653228760e-01
4.442760050296783447e-01
6.379294991493225098e-01
4.877494573593139648e-01
7.055597901344299316e-01
5.413789749145507812e-01
3.198785707354545593e-02
6.348497271537780762e-01
5.974279642105102539e-01
5.658065080642700195e-01
4.946457445621490479e-01
3.681275546550750732e-01
6.743566989898681641e-01
6.415291428565979004e-01
6.947193741798400879e-01
4.342880845069885254e-01
6.681793332099914551e-01
6.282987594604492188e-01
6.896855235099792480e-01
5.522543787956237793e-01
4.720520079135894775e-01
4.574104249477386475e-01
5.596901476383209229e-02
7.066252231597900391e-01
6.654216051101684570e-01
5.394737124443054199e-01
5.271992087364196777e-01
5.931752324104309082e-01
4.938169121742248535e-01
5.795638561248779297e-01
7.045820355415344238e-01
6.413894295692443848e-01
4.939992427825927734e-01
2.587710916996002197e-01
4.238275587558746338e-01
4.830688238143920898e-01
5.027933120727539062e-01
4.671545326709747314e-01
5.249971151351928711e-01
4.868950247764587402e-01
6.548632979393005371e-01
2.617424428462982178e-01
4.817125499248504639e-01
5.976148843765258789e-01
5.039831995964050293e-01
6.453483104705810547e-01
3.924911320209503174e-01
5.434164404869079590e-01
5.672464370727539062e-01
5.089954137802124023e-01
5.187057852745056152e-01
5.698289275169372559e-01
6.947975158691406250e-01
3.928712382912635803e-02
2.506007440388202667e-02
6.618455648422241211e-01
6.764623522758483887e-01
6.689863801002502441e-01
4.775441288948059082e-01
6.041005849838256836e-01
5.603999495506286621e-01
5.591984987258911133e-01
4.581510424613952637e-01
6.017199754714965820e-01
4.381850659847259521e-01
2.458856701850891113e-01
5.105662345886230469e-01
5.791513919830322266e-01
3.027366995811462402e-01
5.478312969207763672e-01
5.917652249336242676e-01
5.484126806259155273e-01
5.493875741958618164e-01
5.645425915718078613e-01
6.235231161117553711e-01
3.206579983234405518e-01
6.613978743553161621e-01
4.888947010040283203e-01
5.947041511535644531e-01
6.039290428161621094e-01
6.654031872749328613e-01
4.467756748199462891e-01
3.038301169872283936e-01
5.628010630607604980e-01
6.318279504776000977e-01
2.968702614307403564e-01
5.291628837585449219e-01
6.500011682510375977e-01
5.473474860191345215e-01
6.009469032287597656e-01
3.044758439064025879e-01
5.685259103775024414e-01
2.886572182178497314e-01
4.763973355293273926e-01
6.681148409843444824e-01
2.650031447410583496e-01
6.440602540969848633e-01
5.654492378234863281e-01
6.198300719261169434e-01
4.707475304603576660e-01
5.429836511611938477e-01
6.544951200485229492e-01
3.909828066825866699e-01
7.214077115058898926e-01
5.162463188171386719e-01
6.530992984771728516e-01
5.567425489425659180e-01
4.110739231109619141e-01
6.013625264167785645e-01
5.018799304962158203e-01
3.964177072048187256e-01
3.028520643711090088e-01
6.052751541137695312e-01
4.813024997711181641e-01
1.614428311586380005e-01
6.486515998840332031e-01
6.926759481430053711e-01
6.208478212356567383e-01
7.003344893455505371e-01
2.106626331806182861e-01
4.481656253337860107e-01
4.698695838451385498e-01
5.769779682159423828e-01
4.665331840515136719e-01
6.300660967826843262e-01
5.851417779922485352e-01
5.578010678291320801e-01
6.346367001533508301e-01
9.898651391267776489e-02
6.066195964813232422e-01
3.940068781375885010e-01
2.800207436084747314e-01
5.165600180625915527e-01
6.049765348434448242e-01
5.925321578979492188e-01
3.553228676319122314e-01
3.968119919300079346e-01
3.461123108863830566e-01
5.918840169906616211e-01
2.522827498614788055e-02
2.723518311977386475e-01
5.606730580329895020e-01
5.438844561576843262e-01
5.530307292938232422e-01
4.390778541564941406e-01
4.177758693695068359e-01
6.462635397911071777e-01
4.583548381924629211e-02
5.409708619117736816e-01
6.181164383888244629e-01
6.350167989730834961e-01
5.908417105674743652e-01
4.325588941574096680e-01
2.103515416383743286e-01
6.559400558471679688e-01
6.695153713226318359e-01
3.846511542797088623e-01
5.146768689155578613e-01
5.301198363304138184e-01
5.321153998374938965e-01
1.246853098273277283e-01
5.912361145019531250e-01
6.129601001739501953e-01
6.401966214179992676e-01
5.583239793777465820e-01
6.296136975288391113e-01
5.767599344253540039e-01
5.427472591400146484e-01
6.602013111114501953e-01
4.274630248546600342e-01
4.283140301704406738e-01
6.078630089759826660e-01
6.402985453605651855e-01
1.141957268118858337e-01
5.578434467315673828e-01
5.068512558937072754e-01
4.645270705223083496e-01
3.244694769382476807e-01
4.502758681774139404e-01
5.931837558746337891e-01
6.022133231163024902e-01
6.213988065719604492e-01
5.429096221923828125e-01
3.515201508998870850e-01
5.502021908760070801e-01
4.250072538852691650e-01
6.163101196289062500e-01
6.853644847869873047e-01
4.326515495777130127e-01
6.091994643211364746e-01
6.048770248889923096e-02
6.230100989341735840e-01
4.262066483497619629e-01
5.997855663299560547e-01
5.727480053901672363e-01
1.492976546287536621e-01
6.424109935760498047e-01
6.052570343017578125e-01
6.250126361846923828e-01
4.882420599460601807e-01
5.844732522964477539e-01
5.818449258804321289e-01
4.735583961009979248e-01
6.352137923240661621e-01
6.167939305305480957e-01
6.216596364974975586e-01
1.540047228336334229e-01
5.609146356582641602e-01
5.558275580406188965e-01
5.584073662757873535e-01
3.717445433139801025e-01
6.679641604423522949e-01
4.528032541275024414e-01
1.824866384267807007e-01
6.583520174026489258e-01
4.579373002052307129e-01
4.211074113845825195e-01
6.956219673156738281e-01
5.980066657066345215e-01
3.897247314453125000e-01
4.506166875362396240e-01
3.006077706813812256e-01
5.512980818748474121e-01
5.727796554565429688e-01
6.273288130760192871e-01
6.010118126869201660e-01
5.895025134086608887e-01
6.461303234100341797e-01
2.479486912488937378e-02
2.892383933067321777e-01
5.291043519973754883e-01
5.045910477638244629e-01
6.739597916603088379e-01
5.487741827964782715e-01
3.443065881729125977e-01
4.413146674633026123e-01
3.018513917922973633e-01
5.001530647277832031e-01
5.608346462249755859e-01
4.183651208877563477e-01
6.346775293350219727e-01
6.265509724617004395e-01
6.035621762275695801e-01
5.796627402305603027e-01
3.593980371952056885e-01
5.491280555725097656e-01
6.880520582199096680e-01
5.143792629241943359e-01
4.650138914585113525e-01
6.887667179107666016e-01
5.845065116882324219e-01
5.514495372772216797e-01
4.724918901920318604e-01
2.993351519107818604e-01
5.135086178779602051e-02
5.831183195114135742e-01
5.866250395774841309e-01
5.099446177482604980e-01
5.584010481834411621e-01
5.960013270378112793e-01
6.433053612709045410e-01
5.589383840560913086e-01
6.190556883811950684e-01
6.060228347778320312e-01
3.454695641994476318e-01
6.615558266639709473e-01
5.685070753097534180e-01
6.354840397834777832e-01
5.160443782806396484e-01
7.062790989875793457e-01
4.468434453010559082e-01
6.312825679779052734e-01
6.074417829513549805e-01
3.981684744358062744e-01
5.916843414306640625e-01
2.303011268377304077e-01
6.452656984329223633e-01
5.013900995254516602e-01
4.549359679222106934e-01
5.698385238647460938e-01
5.545224547386169434e-01
6.280072927474975586e-01
6.293621063232421875e-01
6.371690034866333008e-01
4.001370072364807129e-01
5.284311771392822266e-01
2.267471551895141602e-01
1.279025226831436157e-01
4.953537583351135254e-01
6.190584897994995117e-01
1.987640708684921265e-01
2.937682569026947021e-01
3.706681430339813232e-01
6.823548078536987305e-01
5.388493537902832031e-01
5.839822888374328613e-01
5.007949471473693848e-01
6.049087047576904297e-01
5.083683133125305176e-01
5.878959894180297852e-01
6.231334209442138672e-01
5.789530873298645020e-01
5.747810602188110352e-01
5.739220380783081055e-01
5.848869085311889648e-01
3.433880805969238281e-01
6.129693388938903809e-01
4.401032924652099609e-01
5.865690708160400391e-01
6.394622921943664551e-01
6.296527385711669922e-01
4.805187582969665527e-01
2.310279458761215210e-01
3.729311227798461914e-01
6.596174240112304688e-01
2.946236431598663330e-01
4.932445585727691650e-01
5.589714646339416504e-01
6.417184472084045410e-01
6.901870369911193848e-01
3.327284455299377441e-01
5.311228036880493164e-01
3.595016300678253174e-01
4.407060146331787109e-01
5.627662539482116699e-01
2.542839050292968750e-01
5.764674544334411621e-01
6.375960111618041992e-01
6.133736968040466309e-01
4.117000401020050049e-01
5.573062896728515625e-01
5.704748034477233887e-01
4.874644577503204346e-01
5.363764762878417969e-01
6.624779105186462402e-01
6.081598401069641113e-01
5.424361824989318848e-01
6.937743425369262695e-01
5.752372741699218750e-01
5.990426540374755859e-01
4.417444169521331787e-01
4.294464588165283203e-01
6.756964921951293945e-01
4.126707017421722412e-01
6.424912214279174805e-01
1.614428311586380005e-01
2.828211486339569092e-01
1.775853633880615234e-01
2.957092225551605225e-01
6.883757114410400391e-01
5.731676816940307617e-01
5.614992380142211914e-01
4.848690032958984375e-01
6.132667660713195801e-01
3.160636126995086670e-01
1.595889180898666382e-01
6.047170758247375488e-01
6.361415386199951172e-01
1.117759048938751221e-01
4.125571250915527344e-01
6.702001094818115234e-01
4.355511963367462158e-01
3.994491100311279297e-01
5.672645568847656250e-01
2.658935189247131348e-01
4.427815973758697510e-01
5.789583325386047363e-01
7.234582901000976562e-01
5.962759256362915039e-01
6.546239256858825684e-01
6.651473045349121094e-01
6.987770795822143555e-01
6.342795491218566895e-01
5.962526202201843262e-01
6.954483389854431152e-01
5.305503010749816895e-01
3.576773405075073242e-02
5.846542119979858398e-01
4.110842347145080566e-01
5.212402343750000000e-01
6.249407529830932617e-01
5.627559423446655273e-01
5.579499006271362305e-01
5.929386019706726074e-01
5.248124599456787109e-01
5.973477959632873535e-01
4.644895195960998535e-01
5.228892564773559570e-01
6.107494235038757324e-01
5.232775807380676270e-01
6.532865166664123535e-01
7.077950239181518555e-01
4.984092116355895996e-01
5.487631559371948242e-01
5.527796745300292969e-01
5.285748243331909180e-01
6.250405311584472656e-01
5.069525837898254395e-01
5.592965483665466309e-01
6.738076806068420410e-01
6.141250729560852051e-01
5.405315160751342773e-01
6.785591840744018555e-01
3.075405061244964600e-01
3.316096067428588867e-01
5.363494157791137695e-02
6.087487936019897461e-01
3.435899317264556885e-01
6.580227017402648926e-01
6.670762300491333008e-01
6.984555125236511230e-01
5.939191579818725586e-01
5.203484892845153809e-01
4.633350968360900879e-01
5.033349394798278809e-01
5.651227235794067383e-01
5.933703184127807617e-01
3.795214295387268066e-01
1.762478947639465332e-01
5.022259354591369629e-01
6.445265412330627441e-01
5.417287945747375488e-01
4.817480742931365967e-01
4.987665414810180664e-01
5.581979155540466309e-01
1.677435338497161865e-01
5.911341905593872070e-01
4.387339949607849121e-01
4.932883381843566895e-01
5.565695762634277344e-01
9.215232729911804199e-02
6.730660796165466309e-01
3.550267219543457031e-01
6.647021174430847168e-01
7.216874957084655762e-01
6.415874958038330078e-01
5.236105918884277344e-01
7.145789265632629395e-01
4.259216189384460449e-01
2.847771346569061279e-01
5.771688222885131836e-01
4.761350452899932861e-01
3.013801872730255127e-01
6.281047463417053223e-01
4.505019187927246094e-01
5.031669139862060547e-01
6.815251708030700684e-01
1.077139377593994141e-01
4.740044772624969482e-01
6.950749158859252930e-01
5.205446481704711914e-01
4.699938297271728516e-01
5.684899687767028809e-01
4.817432165145874023e-01
6.298148036003112793e-01
6.114571690559387207e-01
5.244638323783874512e-01
5.701085329055786133e-01
3.515074849128723145e-01
6.247655153274536133e-01
5.837138891220092773e-01
6.349315047264099121e-01
6.962195038795471191e-01
5.266015529632568359e-01
5.447009205818176270e-01
6.368044018745422363e-01
4.629017710685729980e-01
5.071936845779418945e-01
4.960699379444122314e-01
4.363540112972259521e-01
3.637252151966094971e-01
6.093543171882629395e-01
5.956535339355468750e-01
3.405133783817291260e-01
4.633522033691406250e-01
5.385419130325317383e-01
4.939537346363067627e-01
5.957378149032592773e-01
6.657859086990356445e-01
5.960816144943237305e-02
4.903588593006134033e-01
4.144218266010284424e-01
3.262425065040588379e-01
5.246365070343017578e-01
5.035712718963623047e-01
6.275330185890197754e-01
5.148659348487854004e-01
2.655258961021900177e-02
6.449797749519348145e-01
1.974112242460250854e-01
2.199151217937469482e-01
4.178704023361206055e-01
5.467086434364318848e-01
6.628616452217102051e-01
4.375194609165191650e-01
6.284147500991821289e-01
6.053908467292785645e-01
5.857872366905212402e-01
5.582773685455322266e-01
4.387662112712860107e-01
2.363371104001998901e-01
6.545913815498352051e-01
1.565954834222793579e-01
5.932133272290229797e-02
6.181259155273437500e-01
6.068900823593139648e-01
6.386624574661254883e-01
4.706591665744781494e-01
6.325041651725769043e-01
3.722000122070312500e-01
5.567771196365356445e-01
5.874648690223693848e-01
2.884274721145629883e-01
4.421097338199615479e-01
1.682541966438293457e-01
6.232472062110900879e-01
1.872921139001846313e-01
3.702391684055328369e-01
4.939606785774230957e-01
5.584985613822937012e-01
5.829780101776123047e-01
6.418802142143249512e-01
4.389210343360900879e-01
5.889858007431030273e-01
6.029112339019775391e-01
6.631731986999511719e-01
5.124265551567077637e-01
3.569757938385009766e-02
3.449037969112396240e-01
2.906478345394134521e-01
6.071498990058898926e-01
5.962604284286499023e-01
6.542753577232360840e-01
6.242811679840087891e-01
5.995474457740783691e-01
6.515723466873168945e-01
4.872778952121734619e-01
4.491516649723052979e-01
6.019915938377380371e-01
3.572204709053039551e-01
4.598426520824432373e-01
5.937153100967407227e-01
5.045052170753479004e-01
4.821906983852386475e-01
4.677079617977142334e-01
6.901767849922180176e-01
6.375635266304016113e-01
2.842522263526916504e-01
5.947329401969909668e-01
5.618241429328918457e-01
6.127844452857971191e-01
4.317527115345001221e-01
6.148805618286132812e-01
4.654816687107086182e-01
4.977287054061889648e-01
4.544864892959594727e-01
5.594919919967651367e-01
5.069040060043334961e-01
5.259781479835510254e-01
6.505441665649414062e-01
4.445390403270721436e-01
3.702310621738433838e-01
6.872484683990478516e-01
4.389210343360900879e-01
3.878547251224517822e-01
5.935656428337097168e-01
6.780593395233154297e-01
6.276108622550964355e-01
6.440719366073608398e-01
4.982579946517944336e-01
4.175767004489898682e-01
4.960432946681976318e-01
7.036302089691162109e-01
5.305619239807128906e-01
4.926002621650695801e-01
5.001774430274963379e-01
5.821305513381958008e-01
4.231844246387481689e-01
5.852040052413940430e-01
5.754947662353515625e-01
6.602495312690734863e-01
5.626751780509948730e-01
6.378267407417297363e-01
3.411054909229278564e-01
5.899072289466857910e-01
2.852447628974914551e-01
6.533116698265075684e-01
5.871552228927612305e-01
7.492639422416687012e-01
2.968773245811462402e-01
2.098670601844787598e-01
5.505111813545227051e-01
6.471935510635375977e-01
5.963682532310485840e-01
4.596016108989715576e-01
6.541393399238586426e-01
8.135802298784255981e-02
5.875636339187622070e-01
3.497611284255981445e-01
6.270859837532043457e-01
6.754779219627380371e-01
5.896656513214111328e-01
2.245167344808578491e-01
4.861902594566345215e-01
6.526800394058227539e-01
2.665110528469085693e-01
2.773854732513427734e-01
6.149843335151672363e-01
6.437718868255615234e-01
5.125139951705932617e-01
5.984607934951782227e-01
6.798239350318908691e-01
5.479372143745422363e-01
5.466942191123962402e-01
5.416395068168640137e-01
6.482614278793334961e-01
6.310692429542541504e-01
5.466918349266052246e-01
6.541023850440979004e-01
5.768605470657348633e-01
6.608957052230834961e-01
5.656569600105285645e-01
5.429524779319763184e-01
1.571267545223236084e-01
6.061438918113708496e-01
6.248543858528137207e-01
5.963546037673950195e-01
5.288564562797546387e-01
5.753217935562133789e-01
6.368684768676757812e-01
6.553289890289306641e-01
5.486586689949035645e-01
6.272886395454406738e-01
3.403930962085723877e-01
3.701062500476837158e-01
5.661647915840148926e-01
4.553467929363250732e-01
4.574342072010040283e-01
3.451700806617736816e-01
5.679466128349304199e-01
6.246799230575561523e-01
5.192540884017944336e-01
3.142940700054168701e-01
7.034116387367248535e-01
4.144597053527832031e-01
5.141658782958984375e-01
3.916888833045959473e-01
6.969104409217834473e-01
3.493979573249816895e-01
2.242245972156524658e-01
6.501965522766113281e-01
6.028893589973449707e-01
3.413489460945129395e-01
5.312239527702331543e-01
4.378200769424438477e-01
3.465216755867004395e-01
5.584073662757873535e-01
5.018714666366577148e-01
4.918725788593292236e-02
6.087920069694519043e-01
6.915670037269592285e-01
7.057730555534362793e-01
5.131824016571044922e-01
4.216955006122589111e-01
5.983970165252685547e-01
1.890623569488525391e-01
5.553796291351318359e-01
2.729513943195343018e-01
6.323724985122680664e-01
7.118889093399047852e-01
6.058213114738464355e-01
3.522905707359313965e-01
5.747586488723754883e-01
5.661091208457946777e-01
4.241505563259124756e-01
5.902383327484130859e-01
5.586336255073547363e-01
5.374991297721862793e-01
6.433109045028686523e-01
6.421077847480773926e-01
4.423399269580841064e-01
5.333524942398071289e-01
6.546701192855834961e-01
5.232660174369812012e-01
1.145557388663291931e-01
7.135347127914428711e-01
3.752270936965942383e-01
5.984565019607543945e-01
5.141580104827880859e-01
3.836392462253570557e-01
6.282273530960083008e-01
1.623064428567886353e-01
6.041654944419860840e-01
5.478752851486206055e-01
4.602812826633453369e-01
2.890207991003990173e-02
7.318234443664550781e-01
6.566269993782043457e-01
3.317787051200866699e-01
5.203227996826171875e-01
5.397044420242309570e-01
5.527125597000122070e-01
5.007527470588684082e-01
6.268125772476196289e-01
6.252501606941223145e-01
3.029995262622833252e-01
5.501837730407714844e-01
4.045304059982299805e-01
4.501904249191284180e-01
6.643653512001037598e-01
5.726431608200073242e-01
6.084803938865661621e-01
6.148752570152282715e-01
4.038911759853363037e-01
5.292435884475708008e-01
7.041492462158203125e-01
6.372897624969482422e-01
4.530774652957916260e-01
3.290109038352966309e-01
3.582236468791961670e-01
5.750896334648132324e-01
5.463963150978088379e-01
5.791681408882141113e-01
5.286587476730346680e-01
5.698492527008056641e-01
6.557139754295349121e-01
2.681731581687927246e-01
6.926862001419067383e-01
5.835508108139038086e-01
3.877337872982025146e-01
6.234222650527954102e-01
3.544019758701324463e-01
4.617905318737030029e-01
4.450602531433105469e-01
4.920218288898468018e-01
5.486188530921936035e-01
6.030420660972595215e-01
5.825510621070861816e-01
5.668939352035522461e-01
6.088519096374511719e-01
5.988184213638305664e-01
4.026106894016265869e-01
5.782032608985900879e-01
3.932747244834899902e-01
5.857861042022705078e-01
4.164143204689025879e-01
4.374509155750274658e-01
1.565579921007156372e-01
4.951183125376701355e-02
5.484282374382019043e-01
4.886018037796020508e-01
4.475047886371612549e-01
6.140890121459960938e-01
5.080475807189941406e-01
5.862196683883666992e-01
6.465429067611694336e-01
6.914289593696594238e-01
4.637302160263061523e-01
6.015722155570983887e-01
5.797160863876342773e-01
5.288566350936889648e-01
5.892328619956970215e-01
5.977581739425659180e-01
5.976656079292297363e-01
5.865727663040161133e-01
5.534611940383911133e-01
6.603600382804870605e-01
5.039851665496826172e-01
6.146262884140014648e-01
5.499337911605834961e-01
5.628707408905029297e-01
4.419640302658081055e-01
6.368235349655151367e-01
5.202445387840270996e-01
6.619713306427001953e-01
6.357960700988769531e-01
1.948474645614624023e-01
3.547305762767791748e-01
6.152723431587219238e-01
6.399614214897155762e-01
6.544455289840698242e-01
3.023173213005065918e-01
4.428173601627349854e-01
5.565073490142822266e-01
2.850243449211120605e-01
5.293914675712585449e-01
5.035791993141174316e-01
6.122612357139587402e-01
6.227881312370300293e-01
6.263934373855590820e-01
5.482110977172851562e-01
5.911998152732849121e-01
4.817330241203308105e-01
1.239789500832557678e-01
6.409109830856323242e-01
3.457141220569610596e-01
5.321805477142333984e-01
4.011903107166290283e-01
6.565663814544677734e-01
6.568177342414855957e-01
5.032853484153747559e-01
6.960163712501525879e-01
5.399668812751770020e-01
4.317217767238616943e-01
6.247361898422241211e-01
4.848302006721496582e-01
4.013326168060302734e-01
5.522109866142272949e-01
6.618961691856384277e-01
6.027659177780151367e-01
6.274792551994323730e-01
6.748772859573364258e-01
5.914560556411743164e-01
6.421032547950744629e-01
6.892480850219726562e-01
5.060210824012756348e-01
4.008703529834747314e-01
5.230870246887207031e-01
6.453359127044677734e-01
4.656030833721160889e-01
6.264771223068237305e-01
3.818708360195159912e-01
6.077424287796020508e-01
3.867441713809967041e-01
5.860705375671386719e-01
7.061778008937835693e-02
6.089094281196594238e-01
5.942131280899047852e-01
5.593404769897460938e-01
5.332223176956176758e-01
5.532541275024414062e-01
4.847872853279113770e-01
5.056850910186767578e-01
4.125912785530090332e-01
6.195243597030639648e-01
6.316463351249694824e-01
6.767353415489196777e-01
6.086848974227905273e-01
5.497723817825317383e-01
4.804620444774627686e-01
2.311964482069015503e-01
6.663173437118530273e-01
7.038237452507019043e-01
4.560396075248718262e-01
6.595721244812011719e-01
4.147015511989593506e-01
6.348801255226135254e-01
1.591937392950057983e-01
2.631332874298095703e-01
4.972962439060211182e-01
5.264495611190795898e-01
6.445027589797973633e-01
6.241792440414428711e-01
3.293115198612213135e-01
4.525942802429199219e-01
5.897067189216613770e-01
5.012344717979431152e-01
4.014680087566375732e-01
4.742049574851989746e-01
5.354029536247253418e-01
5.311123132705688477e-01
6.323179006576538086e-01
2.838968671858310699e-02
6.024684309959411621e-01
3.502371609210968018e-01
6.044661998748779297e-01
5.123448967933654785e-01
6.638953685760498047e-01
6.784560084342956543e-01
3.993134796619415283e-01
3.102352321147918701e-01
4.459851682186126709e-01
5.731465220451354980e-01
5.301818847656250000e-01
5.216488838195800781e-01
6.781029105186462402e-01
5.980592966079711914e-01
1.106622889637947083e-01
6.299609541893005371e-01
6.563279628753662109e-01
7.016591429710388184e-01
4.213058948516845703e-01
6.099150180816650391e-01
6.609421968460083008e-01
6.722024679183959961e-01
3.310797214508056641e-01
6.027268171310424805e-01
5.039768218994140625e-01
5.533244013786315918e-01
5.599756836891174316e-01
4.973387718200683594e-01
5.272977352142333984e-01
5.981245040893554688e-01
6.048074364662170410e-01
5.638892650604248047e-01
2.277717143297195435e-01
4.286917150020599365e-01
6.142289042472839355e-01
6.395633816719055176e-01
5.838367342948913574e-01
5.260809063911437988e-01
5.181345343589782715e-01
4.071817100048065186e-01
3.384606838226318359e-01
3.351611196994781494e-01
4.789470434188842773e-01
5.871782898902893066e-01
6.293401718139648438e-01
7.238941192626953125e-01
6.028913259506225586e-01
4.042297303676605225e-01
6.280713677406311035e-01
6.322076320648193359e-01
5.465584397315979004e-01
6.410118341445922852e-01
4.621340930461883545e-01
6.089020371437072754e-01
6.835119724273681641e-01
5.978875756263732910e-01
4.717334806919097900e-01
4.729996025562286377e-01
6.050379276275634766e-01
4.764242768287658691e-01
5.664395093917846680e-01
5.795817375183105469e-01
2.462367415428161621e-01
2.956689298152923584e-01
2.048569023609161377e-01
5.705081298947334290e-02
5.240661501884460449e-01
5.946314334869384766e-01
6.332378387451171875e-01
5.101884156465530396e-02
4.724417030811309814e-01
3.354499042034149170e-01
4.371988475322723389e-01
6.604728102684020996e-01
6.176124215126037598e-01
6.753900051116943359e-01
6.501942276954650879e-01
5.046484470367431641e-01
7.111946940422058105e-01
5.744773745536804199e-01
5.107594132423400879e-01
4.766340553760528564e-01
6.729891896247863770e-01
3.534363508224487305e-01
7.056001424789428711e-01
2.477512955665588379e-01
2.394841909408569336e-01
5.546022057533264160e-01
2.637738883495330811e-01
5.741817355155944824e-01
3.392562568187713623e-01
6.417079567909240723e-01
3.152608275413513184e-01
6.636468768119812012e-01
5.322026014328002930e-01
6.005491614341735840e-01
4.239504635334014893e-01
5.647141337394714355e-01
6.191573739051818848e-01
6.096819043159484863e-01
5.953252315521240234e-01
5.919247865676879883e-01
5.952832102775573730e-01
5.730713009834289551e-01
5.161412954330444336e-01
5.916582942008972168e-01
4.487221837043762207e-01
5.818449258804321289e-01
4.764243960380554199e-01
3.412843346595764160e-01
6.606501340866088867e-01
5.942586064338684082e-01
4.058078229427337646e-01
5.205665826797485352e-01
5.231099128723144531e-01
6.243115067481994629e-01
2.302659600973129272e-01
6.544976234436035156e-01
1.583963036537170410e-01
4.601818919181823730e-01
6.025862693786621094e-01
7.341545820236206055e-01
4.348841011524200439e-01
5.723387598991394043e-01
3.109014965593814850e-02
5.532304048538208008e-01
1.372699737548828125e-01
6.723015904426574707e-01
1.052130237221717834e-01
5.538442358374595642e-02
6.107593774795532227e-01
4.740581214427947998e-01
6.498143672943115234e-01
5.698592662811279297e-01
3.539077639579772949e-01
5.878948569297790527e-01
5.382959842681884766e-01
9.941436350345611572e-02
6.174553632736206055e-01
2.838176786899566650e-01
6.340057253837585449e-01
3.481112420558929443e-01
3.415971994400024414e-01
2.955037951469421387e-01
5.869393944740295410e-01
5.076295137405395508e-01
5.431139469146728516e-01
6.282098293304443359e-01
6.529961824417114258e-01
6.893816590309143066e-01
6.438821554183959961e-01
2.866405546665191650e-01
4.897428750991821289e-01
7.537263631820678711e-02
5.650365948677062988e-01
3.487479984760284424e-01
6.844558119773864746e-01
6.787999868392944336e-01
4.932427406311035156e-01
7.025632262229919434e-01
4.884102344512939453e-01
5.102632045745849609e-01
3.018595091998577118e-02
4.552076756954193115e-01
5.723415613174438477e-01
7.001236677169799805e-01
6.418361067771911621e-01
6.422042250633239746e-01
2.941094636917114258e-01
4.514271020889282227e-01
5.017908215522766113e-01
4.526161253452301025e-01
5.278101563453674316e-01
5.336812734603881836e-01
6.804053783416748047e-01
7.474228143692016602e-01
3.953500986099243164e-01
6.524424552917480469e-01
6.345977187156677246e-01
6.460266113281250000e-01
4.758568406105041504e-01
5.025308132171630859e-01
6.481044888496398926e-01
3.795972168445587158e-01
3.737014159560203552e-02
5.728994011878967285e-01
7.305094599723815918e-01
6.399452686309814453e-01
5.061431527137756348e-01
4.975382983684539795e-01
6.097096204757690430e-01
6.386709809303283691e-01
5.320425629615783691e-01
5.916714668273925781e-01
5.691389441490173340e-01
7.124667167663574219e-01
6.214924454689025879e-01
6.648287773132324219e-01
5.398859977722167969e-01
5.520024299621582031e-01
2.955673336982727051e-01
6.068599224090576172e-01
6.375761032104492188e-01
6.066076159477233887e-01
6.441304683685302734e-01
3.691775202751159668e-01
3.609374463558197021e-01
6.183003187179565430e-01
5.791511535644531250e-01
5.046119689941406250e-01
4.670527279376983643e-01
4.616857171058654785e-01
5.786015391349792480e-01
6.095277667045593262e-01
5.160477757453918457e-01
6.189585924148559570e-01
5.374593734741210938e-01
5.439106822013854980e-01
6.897103190422058105e-01
4.213261231780052185e-02
6.344500184059143066e-01
5.290869474411010742e-01
2.928593158721923828e-01
6.589030623435974121e-01
6.324329972267150879e-01
2.143557220697402954e-01
5.061612725257873535e-01
5.455070734024047852e-01
4.483380168676376343e-02
4.241274297237396240e-01
3.784506320953369141e-01
3.751701116561889648e-01
2.470760643482208252e-01
4.231553077697753906e-01
6.458710432052612305e-01
6.045702695846557617e-01
6.896029710769653320e-01
5.806441903114318848e-01
5.353881120681762695e-01
5.158756375312805176e-01
3.200705721974372864e-02
5.796992778778076172e-01
5.174077749252319336e-01
5.024787783622741699e-01
5.134075880050659180e-01
7.078430056571960449e-01
4.699700474739074707e-01
4.761182665824890137e-01
7.069548368453979492e-01
2.259468138217926025e-01
3.042647242546081543e-01
3.761945962905883789e-01
9.725550562143325806e-02
5.823302268981933594e-01
6.556524038314819336e-01
6.175015568733215332e-01
4.968007504940032959e-01
5.170792937278747559e-01
1.614428311586380005e-01
2.060740739107131958e-01
6.683123707771301270e-01
6.872309446334838867e-01
6.684106588363647461e-01
5.722969770431518555e-01
5.597520470619201660e-01
5.530597567558288574e-01
5.236511826515197754e-01
5.435453653335571289e-01
5.622397661209106445e-01
5.149289965629577637e-01
4.632098376750946045e-01
5.937577486038208008e-01
5.493090748786926270e-01
5.967192053794860840e-01
6.793327331542968750e-01
5.694491863250732422e-01
4.396006762981414795e-01
5.721248388290405273e-01
2.648548483848571777e-01
7.110984921455383301e-01
6.147664189338684082e-01
2.766931354999542236e-01
6.594622731208801270e-01
4.548864364624023438e-01
5.142841935157775879e-01
5.780560970306396484e-01
1.058110520243644714e-01
2.164259850978851318e-01
5.488411188125610352e-01
6.658768653869628906e-01
5.085616707801818848e-01
3.259505331516265869e-01
5.071586966514587402e-01
4.091461896896362305e-01
2.842704951763153076e-01
5.485147237777709961e-01
1.437456458806991577e-01
4.171683490276336670e-01
7.040416598320007324e-01
3.138060867786407471e-01
6.543822288513183594e-01
4.397799968719482422e-01
4.141668677330017090e-01
4.137946069240570068e-01
5.891957879066467285e-01
4.208530485630035400e-01
4.565610587596893311e-01
5.218160152435302734e-01
6.051977351307868958e-02
3.697556555271148682e-01
5.788446068763732910e-01
5.566374063491821289e-01
1.544935107231140137e-01
6.754630804061889648e-01
6.273666620254516602e-01
5.780735015869140625e-01
6.495160460472106934e-01
6.500822305679321289e-01
6.075649261474609375e-01
3.849746882915496826e-01
4.100358188152313232e-01
3.351272046566009521e-01
5.972078442573547363e-01
6.124941110610961914e-01
5.094248652458190918e-01
5.034558773040771484e-01
6.197614669799804688e-01
5.787485241889953613e-01
2.962618172168731689e-01
4.135392904281616211e-01
5.395228266716003418e-01
3.974583446979522705e-01
5.579061508178710938e-01
6.172810792922973633e-01
6.817568540573120117e-01
3.634905815124511719e-01
6.144526004791259766e-01
2.511987388134002686e-01
6.019920706748962402e-01
4.930513724684715271e-02
2.659980058670043945e-01
5.236380100250244141e-01
4.918580651283264160e-01
4.025118425488471985e-02
4.681230485439300537e-01
4.111978411674499512e-01
3.112405166029930115e-02
7.082026600837707520e-01
4.206614196300506592e-01
4.080773591995239258e-01
2.971962392330169678e-01
3.786174058914184570e-01
6.901870369911193848e-01
6.308135390281677246e-01
5.345800518989562988e-01
4.267030954360961914e-01
4.165216982364654541e-01
8.053635805845260620e-02
6.579432487487792969e-01
6.104851961135864258e-01
6.581796407699584961e-01
5.144220590591430664e-01
5.894806385040283203e-01
3.615159690380096436e-01
5.804691314697265625e-01
4.006716310977935791e-01
5.635280609130859375e-01
5.465384721755981445e-01
6.364081501960754395e-01
5.886282324790954590e-01
5.172574520111083984e-01
5.822690129280090332e-01
6.773139238357543945e-01
5.135688185691833496e-01
4.643669724464416504e-01
2.096588909626007080e-01
4.557407200336456299e-01
6.996524930000305176e-01
7.070779800415039062e-01
3.272114098072052002e-01
6.751062870025634766e-01
6.326444745063781738e-01
3.890327811241149902e-01
5.780034661293029785e-01
3.856247663497924805e-01
6.193769574165344238e-01
5.671700239181518555e-01
4.460721015930175781e-01
1.427465975284576416e-01
4.812946617603302002e-01
5.227199792861938477e-01
6.781550049781799316e-01
5.845294594764709473e-01
4.028219580650329590e-01
4.293555021286010742e-01
1.257632225751876831e-01
6.646234989166259766e-01
1.614428311586380005e-01
5.882266163825988770e-01
6.279562115669250488e-01
3.899978101253509521e-01
5.975582003593444824e-01
3.118571937084197998e-01
6.723931431770324707e-01
4.564591944217681885e-01
4.703964293003082275e-01
5.617418289184570312e-01
3.951622247695922852e-01
5.744156241416931152e-01
6.266304850578308105e-01
4.458681046962738037e-01
5.562011003494262695e-01
6.205533742904663086e-01
4.071278870105743408e-01
4.315184056758880615e-01
5.397406816482543945e-01
6.619180440902709961e-01
5.817571282386779785e-01
5.977118015289306641e-01
6.310333609580993652e-01
4.434092640876770020e-01
2.817417383193969727e-01
6.623975634574890137e-01
4.837204217910766602e-01
6.392784714698791504e-01
5.210118293762207031e-01
6.579799652099609375e-01
4.658808112144470215e-01
4.275760650634765625e-01
4.837491512298583984e-01
6.116124391555786133e-01
2.031945586204528809e-01
4.646847546100616455e-01
6.693413257598876953e-01
5.865637063980102539e-01
5.269688963890075684e-01
3.855984210968017578e-01
5.990210175514221191e-01
5.017211437225341797e-01
4.326514601707458496e-01
4.454257190227508545e-01
2.939810752868652344e-01
6.551234126091003418e-01
6.062276363372802734e-01
5.744270682334899902e-01
5.322020053863525391e-01
4.465734958648681641e-01
2.338804304599761963e-01
5.137610435485839844e-01
6.112639307975769043e-01
1.993037909269332886e-01
4.431063830852508545e-01
4.005143046379089355e-02
3.324267566204071045e-01
6.897282004356384277e-01
6.049801111221313477e-01
5.472959876060485840e-01
6.416019201278686523e-01
5.803143978118896484e-01
6.251484751701354980e-01
1.257649362087249756e-01
3.526560366153717041e-01
1.394160389900207520e-01
6.353319287300109863e-01
1.185104697942733765e-01
6.848077774047851562e-01
6.634226441383361816e-01
4.622079432010650635e-01
6.520758867263793945e-01
4.573459923267364502e-01
4.298698008060455322e-01
3.531789779663085938e-01
5.007736086845397949e-01
4.671638607978820801e-01
4.865896999835968018e-01
5.119591951370239258e-01
3.506864905357360840e-01
5.040683150291442871e-01
5.316699743270874023e-01
4.766230285167694092e-01
6.650664806365966797e-01
6.483696699142456055e-01
3.553228676319122314e-01
3.260445892810821533e-01
6.429941654205322266e-01
5.604968070983886719e-01
4.700407683849334717e-01
5.847072601318359375e-01
4.219971597194671631e-01
5.503947138786315918e-01
6.454604268074035645e-01
5.536192059516906738e-01
6.319755911827087402e-01
2.944110333919525146e-01
4.586014747619628906e-01
4.835644364356994629e-01
4.646422266960144043e-01
5.294133424758911133e-01
6.895757913589477539e-01
7.038531899452209473e-01
5.797214508056640625e-01
3.416376113891601562e-01
5.075066685676574707e-01
6.361582875251770020e-01
4.957462847232818604e-01
5.363811850547790527e-01
3.962171077728271484e-01
4.373284280300140381e-01
5.013737678527832031e-01
1.614428311586380005e-01
5.249149203300476074e-01
6.684007048606872559e-01
6.786632537841796875e-01
3.203665316104888916e-01
2.796966135501861572e-01
6.212083697319030762e-01
3.065614700317382812e-01
3.316642940044403076e-01
6.042382121086120605e-02
6.489150524139404297e-01
5.609654784202575684e-01
6.840963959693908691e-01
5.613897442817687988e-01
5.861672163009643555e-01
4.188018739223480225e-01
5.969267487525939941e-01
3.754814863204956055e-01
4.397729933261871338e-01
5.956095457077026367e-01
5.622323751449584961e-01
6.456705331802368164e-01
4.511405229568481445e-01
3.048635721206665039e-01
6.933315396308898926e-01
5.450085178017616272e-02
5.498609542846679688e-01
5.187373161315917969e-01
2.842459082603454590e-01
6.495466828346252441e-01
6.161153912544250488e-01
5.289287567138671875e-01
2.732482850551605225e-01
3.860247135162353516e-01
4.201921522617340088e-01
3.130903244018554688e-01
5.934533476829528809e-01
6.620068550109863281e-01
5.104796886444091797e-01
2.366037964820861816e-01
6.188501715660095215e-01
3.011957108974456787e-01
4.326114356517791748e-01
6.693181991577148438e-01
5.991565585136413574e-01
4.995397925376892090e-01
5.908088088035583496e-01
6.613118648529052734e-01
6.754657030105590820e-01
6.337206363677978516e-01
2.951952815055847168e-01
6.188932657241821289e-01
6.063199043273925781e-01
4.602243602275848389e-01
5.841524004936218262e-01
5.213989019393920898e-01
5.246621370315551758e-01
6.203824281692504883e-01
1.488681733608245850e-01
5.579133629798889160e-01
5.851620435714721680e-01
3.438632786273956299e-01
6.342902183532714844e-01
7.333670258522033691e-01
4.194669723510742188e-01
4.711275994777679443e-01
6.644751429557800293e-01
3.470142185688018799e-01
5.705723166465759277e-01
1.276972591876983643e-01
5.852721333503723145e-01
6.784373521804809570e-01
6.628549098968505859e-01
3.386512994766235352e-01
5.084665417671203613e-01
5.898678898811340332e-01
6.456002593040466309e-01
5.744810700416564941e-01
5.386013388633728027e-01
5.586903691291809082e-01
6.322512030601501465e-01
6.046267151832580566e-01
5.729815363883972168e-01
6.196349263191223145e-01
5.713108181953430176e-01
3.687523305416107178e-01
3.697794079780578613e-01
4.167465567588806152e-01
5.972356200218200684e-01
6.712414622306823730e-01
6.300884485244750977e-01
7.083670496940612793e-01
3.038333952426910400e-01
1.105323210358619690e-01
5.590482950210571289e-01
4.714812338352203369e-01
6.274811029434204102e-01
6.891207098960876465e-01
4.742468893527984619e-01
5.555894374847412109e-01
6.103805899620056152e-01
4.284842312335968018e-01
3.319647014141082764e-01
4.693352282047271729e-01
2.774890065193176270e-01
5.896662473678588867e-01
4.543173909187316895e-01
7.238838076591491699e-02
5.424299836158752441e-01
5.438586473464965820e-01
4.046647846698760986e-01
6.265038251876831055e-01
4.780409038066864014e-01
6.532029509544372559e-01
5.072109103202819824e-01
2.494898736476898193e-01
7.208975553512573242e-01
3.418120443820953369e-01
6.023250818252563477e-01
6.727049350738525391e-01
5.317256450653076172e-01
6.190801262855529785e-01
5.786681771278381348e-01
4.349927902221679688e-01
6.491796970367431641e-01
5.729535818099975586e-01
3.706192374229431152e-01
3.239199519157409668e-01
5.079584121704101562e-01
3.183951079845428467e-01
5.266159772872924805e-01
6.072928309440612793e-01
3.325978815555572510e-01
6.393802762031555176e-01
5.607413649559020996e-01
5.318996310234069824e-01
4.765898585319519043e-01
3.826086819171905518e-01
4.867241084575653076e-01
3.729037344455718994e-01
2.695221602916717529e-01
3.244915977120399475e-02
4.473136961460113525e-01
6.231074929237365723e-01
5.096977353096008301e-01
1.438573449850082397e-01
6.321300864219665527e-01
6.333819627761840820e-01
6.066538095474243164e-01
3.884888291358947754e-01
1.778876334428787231e-01
4.256363809108734131e-01
5.949221253395080566e-01
2.408425658941268921e-01
5.379118323326110840e-01
5.330520868301391602e-01
5.074825882911682129e-01
6.017217040061950684e-01
5.677437186241149902e-01
3.746726214885711670e-01
5.878947377204895020e-01
5.705061554908752441e-01
5.065145492553710938e-01
5.653568506240844727e-01
3.761583566665649414e-01
2.867239415645599365e-01
6.915149688720703125e-01
3.153697848320007324e-01
6.303610801696777344e-01
4.549878835678100586e-01
4.887862205505371094e-01
6.781097054481506348e-01
5.208637118339538574e-01
5.938831567764282227e-01
6.445740461349487305e-01
7.131965160369873047e-01
6.269727349281311035e-01
5.674950480461120605e-01
6.453611850738525391e-01
6.190284490585327148e-01
6.526357531547546387e-01
5.266582369804382324e-01
4.566549062728881836e-01
4.949812591075897217e-01
5.851070284843444824e-01
4.919163882732391357e-01
5.617983341217041016e-01
6.885439753532409668e-01
4.020930230617523193e-01
9.486255794763565063e-02
3.870253860950469971e-01
5.670272707939147949e-01
6.703432202339172363e-01
5.094434618949890137e-01
6.249447464942932129e-01
6.916506886482238770e-01
4.414188861846923828e-01
6.052116751670837402e-01
3.800516724586486816e-01
5.290002822875976562e-01
5.689871907234191895e-01
6.049774289131164551e-01
6.258383393287658691e-01
6.209670305252075195e-01
5.759339928627014160e-01
4.733141958713531494e-01
5.406091809272766113e-01
6.794095635414123535e-01
5.907685160636901855e-01
6.349221467971801758e-01
5.604189634323120117e-01
6.019840240478515625e-01
7.436476945877075195e-01
5.576049685478210449e-01
6.031959056854248047e-01
3.707334101200103760e-01
2.682953178882598877e-01
5.499209165573120117e-01
6.955330371856689453e-01
5.650203227996826172e-01
5.178309082984924316e-01
6.051577329635620117e-01
6.129733324050903320e-01
3.163911700248718262e-01
6.456634402275085449e-02
4.092316031455993652e-01
6.482196450233459473e-01
5.731465220451354980e-01
6.903791427612304688e-01
1.597433984279632568e-01
6.401863098144531250e-01
6.789855957031250000e-01
4.287985265254974365e-01
4.519183635711669922e-01
5.308890342712402344e-01
3.536039888858795166e-01
6.564515829086303711e-01
3.593252003192901611e-01
5.301610827445983887e-01
4.644725322723388672e-01
5.365546941757202148e-01
5.594974756240844727e-01
2.871094346046447754e-01
6.656614542007446289e-01
3.608293831348419189e-01
5.349311828613281250e-01
3.574744462966918945e-01
5.687658190727233887e-01
1.980481743812561035e-01
5.784719586372375488e-01
6.220629215240478516e-01
5.430654883384704590e-01
5.153515934944152832e-01
6.097322106361389160e-01
3.907822668552398682e-01
4.761245548725128174e-01
6.126787662506103516e-01
6.230407953262329102e-01
5.683607459068298340e-01
5.793483257293701172e-01
5.001774430274963379e-01
4.283725023269653320e-01
6.219640970230102539e-01
5.073432326316833496e-01
4.841603040695190430e-01
6.523513197898864746e-01
4.999721050262451172e-01
6.107637882232666016e-01
3.703826963901519775e-01
4.051862061023712158e-01
1.033864021301269531e-01
2.252892255783081055e-01
6.956219673156738281e-01
6.885073184967041016e-01
4.437198042869567871e-01
6.429325938224792480e-01
4.367827773094177246e-01
4.738726913928985596e-01
3.478518128395080566e-01
4.106955528259277344e-01
6.442204713821411133e-01
4.312854111194610596e-01
2.074599415063858032e-01
4.524361491203308105e-01
6.379771828651428223e-01
6.877772808074951172e-01
6.862635016441345215e-01
4.465119838714599609e-01
5.670717358589172363e-01
5.977029800415039062e-01
4.674483835697174072e-01
3.107656240463256836e-01
3.477741181850433350e-01
6.411936283111572266e-01
5.516170263290405273e-01
6.487287878990173340e-01
5.610659718513488770e-01
3.307224810123443604e-01
4.085371792316436768e-01
5.688577294349670410e-01
6.428149342536926270e-01
4.818568825721740723e-01
4.353726506233215332e-01
5.532045364379882812e-01
1.993823647499084473e-01
3.175743818283081055e-01
4.693015813827514648e-01
7.003344893455505371e-01
7.205381393432617188e-01
6.452467441558837891e-01
7.124681472778320312e-01
6.262530088424682617e-01
6.774228215217590332e-01
4.821105003356933594e-01
6.603909134864807129e-01
6.366703510284423828e-01
4.715477526187896729e-01
6.527540087699890137e-01
4.529393911361694336e-01
5.224921107292175293e-01
5.100444555282592773e-01
4.846539199352264404e-01
3.904035389423370361e-01
5.745493769645690918e-01
6.224138736724853516e-01
1.955054700374603271e-01
4.785941168665885925e-02
5.300325155258178711e-01
3.504577577114105225e-01
5.527547001838684082e-01
5.330879688262939453e-01
6.690665483474731445e-01
7.327732443809509277e-01
4.225727915763854980e-01
5.945127606391906738e-01
6.542567610740661621e-01
5.089838504791259766e-01
1.884694993495941162e-01
3.942974805831909180e-01
6.759297251701354980e-01
6.851681470870971680e-01
3.603613376617431641e-02
2.839353382587432861e-01
4.583765864372253418e-01
6.200628876686096191e-01
6.498292684555053711e-01
2.899396717548370361e-01
5.602868795394897461e-01
5.997369289398193359e-01
4.068621695041656494e-01
6.833854317665100098e-01
1.416769027709960938e-01
6.428248286247253418e-01
6.373447179794311523e-01
5.340591669082641602e-01
6.025312542915344238e-01
5.102134346961975098e-01
3.406140804290771484e-01
5.247523188591003418e-01
5.080239772796630859e-01
5.600252151489257812e-01
2.723175287246704102e-01
5.354385972023010254e-01
1.477925181388854980e-01
5.840344429016113281e-01
5.090398192405700684e-01
4.555495977401733398e-01
3.132303655147552490e-01
3.982197046279907227e-01
5.098366737365722656e-01
6.376892328262329102e-01
1.010753437876701355e-01
5.984296798706054688e-01
3.939948081970214844e-01
4.426283836364746094e-01
1.349593400955200195e-01
5.042235255241394043e-01
5.701283812522888184e-01
5.939871072769165039e-01
4.700452387332916260e-01
7.337344884872436523e-01
6.249005198478698730e-01
5.546368360519409180e-01
5.739318132400512695e-01
6.066708564758300781e-01
5.841458439826965332e-01
3.558723255991935730e-02
5.371618270874023438e-01
4.438042044639587402e-01
6.300560832023620605e-01
5.864382982254028320e-01
6.677442193031311035e-01
6.561257839202880859e-01
4.397181272506713867e-01
6.553725004196166992e-01
1.145992204546928406e-01
5.540531277656555176e-01
4.624606966972351074e-01
7.230004072189331055e-01
4.560313522815704346e-01
5.259187817573547363e-01
4.925248920917510986e-01
6.603888869285583496e-01
5.025803446769714355e-01
5.949411392211914062e-01
4.616499543190002441e-01
5.162704586982727051e-01
1.499620974063873291e-01
5.328050851821899414e-01
6.405461430549621582e-01
6.262569427490234375e-01
3.454439640045166016e-01
4.409492611885070801e-01
5.559384822845458984e-01
4.876476824283599854e-01
4.916752874851226807e-01
4.691504538059234619e-01
5.797949433326721191e-01
3.590192496776580811e-01
6.801941394805908203e-01
5.977016091346740723e-01
5.938448905944824219e-01
3.869213759899139404e-01
6.394287347793579102e-01
5.195004343986511230e-01
5.256857872009277344e-01
4.940319955348968506e-01
4.614696502685546875e-01
3.883363008499145508e-01
4.597653448581695557e-01
5.904023647308349609e-01
4.386146664619445801e-01
5.929546952247619629e-01
4.554296433925628662e-01
5.858965516090393066e-01
6.068990826606750488e-01
5.976360440254211426e-01
5.701934695243835449e-01
5.781148746609687805e-02
4.094202518463134766e-01
6.296726465225219727e-01
5.601162314414978027e-01
5.698783993721008301e-01
5.416650176048278809e-01
6.225267052650451660e-01
4.825416207313537598e-01
3.877050280570983887e-01
4.187982678413391113e-01
7.102091908454895020e-01
6.115233302116394043e-01
5.908475518226623535e-01
5.894682407379150391e-01
3.666990399360656738e-01
4.673130810260772705e-01
4.322721660137176514e-01
3.192618489265441895e-01
2.232343517243862152e-02
3.601457178592681885e-01
6.658108830451965332e-01
5.591611862182617188e-01
4.400611817836761475e-01
3.567057251930236816e-01
6.565857529640197754e-01
7.984368503093719482e-02
6.213719248771667480e-01
5.741979479789733887e-01
4.554815888404846191e-01
4.294765293598175049e-01
6.672837138175964355e-01
5.787278413772583008e-01
6.184926629066467285e-01
5.380533337593078613e-01
5.878437757492065430e-01
4.532098472118377686e-01
4.106284677982330322e-01
6.109016537666320801e-01
2.057181745767593384e-01
4.736701846122741699e-01
3.718248009681701660e-01
5.846935510635375977e-01
1.352543234825134277e-01
6.786632537841796875e-01
7.124379873275756836e-01
5.518409013748168945e-01
5.563561320304870605e-01
5.967807769775390625e-01
3.035476803779602051e-01
4.789932072162628174e-01
3.503985404968261719e-01
6.808843612670898438e-01
1.366453915834426880e-01
3.835694193840026855e-01
3.387864530086517334e-01
6.022258996963500977e-01
6.041591763496398926e-01
4.829571247100830078e-01
6.234808564186096191e-01
1.305118054151535034e-01
1.277696341276168823e-01
4.989963769912719727e-01
4.743454605340957642e-02
2.263427674770355225e-01
7.026238441467285156e-01
5.373829603195190430e-01
5.344208478927612305e-01
3.049120604991912842e-01
4.870543479919433594e-01
5.438424944877624512e-01
4.575132131576538086e-01
5.883575081825256348e-01
6.156305074691772461e-01
6.161732673645019531e-01
3.253195583820343018e-01
6.398715376853942871e-01
3.263488709926605225e-01
6.101078987121582031e-01
6.731200814247131348e-01
5.524762868881225586e-01
5.621496438980102539e-01
3.219513893127441406e-01
6.459372639656066895e-01
5.028098821640014648e-01
3.516175746917724609e-01
5.684984922409057617e-01
6.569218039512634277e-01
5.766599178314208984e-01
6.687375307083129883e-01
2.521249055862426758e-01
6.374488472938537598e-01
3.224992454051971436e-01
5.485289096832275391e-01
2.978211045265197754e-01
6.574594378471374512e-01
3.942684531211853027e-01
6.668447852134704590e-01
4.680643379688262939e-01
6.662065386772155762e-01
4.865061640739440918e-01
4.570996165275573730e-01
5.195332169532775879e-01
4.518939256668090820e-01
3.660253882408142090e-01
4.213019013404846191e-01
4.889204800128936768e-01
5.439008474349975586e-01
5.523930788040161133e-01
6.042439341545104980e-01
5.404200553894042969e-01
7.266802787780761719e-01
2.031945586204528809e-01
7.126901745796203613e-01
7.073301076889038086e-01
5.660532712936401367e-01
6.638321280479431152e-01
6.089620590209960938e-01
3.171858191490173340e-01
5.957378149032592773e-01
5.069158077239990234e-01
6.620311141014099121e-01
5.626246929168701172e-01
5.417067408561706543e-01
4.854356646537780762e-01
4.531128108501434326e-01
6.235607862472534180e-01
3.184697031974792480e-01
6.512740254402160645e-01
3.952600955963134766e-01
4.925782680511474609e-01
4.361777901649475098e-01
6.004511117935180664e-01
5.924263000488281250e-01
4.984021559357643127e-02
2.431669533252716064e-01
6.130220890045166016e-01
5.519010424613952637e-01
4.535617232322692871e-01
2.475481927394866943e-01
4.601986706256866455e-01
4.949861764907836914e-01
4.035271406173706055e-01
6.028800606727600098e-01
7.186522483825683594e-01
9.173767268657684326e-02
4.051998257637023926e-01
4.194817543029785156e-01
5.826836228370666504e-01
7.334120869636535645e-01
6.162994503974914551e-01
4.760020971298217773e-01
4.382031857967376709e-01
2.666525542736053467e-01
1.483722180128097534e-01
6.846897006034851074e-01
4.181983768939971924e-01
6.207416653633117676e-01
4.370756745338439941e-01
2.824397981166839600e-01
2.598145902156829834e-01
3.012546300888061523e-01
6.406258344650268555e-01
5.565996766090393066e-01
6.179119944572448730e-01
5.343855023384094238e-01
4.698393642902374268e-01
3.651942312717437744e-01
5.744934678077697754e-01
2.003904283046722412e-01
3.095377385616302490e-01
1.897935122251510620e-01
4.547626376152038574e-01
5.505979657173156738e-01
5.228475928306579590e-01
6.738513112068176270e-01
5.912645459175109863e-01
5.210225582122802734e-01
6.063944697380065918e-01
6.515127420425415039e-01
6.045141816139221191e-01
5.685878396034240723e-01
6.841056942939758301e-01
6.962181925773620605e-01
7.008399367332458496e-01
6.758476495742797852e-01
4.725507199764251709e-01
4.227824807167053223e-01
3.061842024326324463e-01
5.182584524154663086e-01
4.677520990371704102e-01
4.269488453865051270e-01
2.334867119789123535e-01
2.756938934326171875e-01
6.952269077301025391e-01
5.440107583999633789e-01
4.265305101871490479e-01
5.719209313392639160e-01
4.667024016380310059e-01
2.925795316696166992e-01
5.340654253959655762e-01
5.581740140914916992e-01
2.198666632175445557e-01
4.393415451049804688e-01
6.897439360618591309e-01
6.575323343276977539e-01
4.906953573226928711e-01
4.071529805660247803e-01
7.051715850830078125e-01
6.082306504249572754e-01
6.231485009193420410e-01
5.789475440979003906e-01
5.896998047828674316e-01
5.659500360488891602e-01
5.074744820594787598e-01
6.398571133613586426e-01
2.774738371372222900e-01
3.068185448646545410e-01
5.196432471275329590e-01
3.982732594013214111e-01
5.710278153419494629e-01
5.907477736473083496e-01
6.892151236534118652e-01
4.713608920574188232e-01
4.447463750839233398e-01
5.553972125053405762e-01
3.328905403614044189e-01
4.266578555107116699e-01
2.922101020812988281e-01
6.955401301383972168e-01
4.643796086311340332e-01
3.064424693584442139e-01
5.368053913116455078e-01
6.924977302551269531e-01
3.738330900669097900e-01
5.602052211761474609e-01
6.243635416030883789e-01
2.867327034473419189e-01
3.524242937564849854e-01
5.251790881156921387e-01
6.026952266693115234e-01
5.183542966842651367e-01
5.807362198829650879e-01
1.231255084276199341e-01
6.927952766418457031e-01
6.575654745101928711e-01
6.609979867935180664e-01
4.692376255989074707e-01
3.161324560642242432e-01
5.621761679649353027e-01
4.297664463520050049e-01
6.262748241424560547e-01
5.135258436203002930e-01
6.814163923263549805e-01
5.214614272117614746e-01
6.950013637542724609e-01
3.553228676319122314e-01
5.530787110328674316e-01
6.801655292510986328e-01
6.573529839515686035e-01
2.485041320323944092e-01
3.584395945072174072e-01
5.325837731361389160e-01
3.950766026973724365e-01
6.935641765594482422e-01
5.563600659370422363e-01
5.263740420341491699e-01
6.368749737739562988e-01
2.534469664096832275e-01
3.716049492359161377e-01
6.301457285881042480e-01
6.632335186004638672e-01
6.635273694992065430e-01
5.860733389854431152e-01
5.612142682075500488e-01
6.845368742942810059e-01
2.578240334987640381e-01
4.805192351341247559e-01
7.070657610893249512e-01
5.861823558807373047e-01
6.323506832122802734e-01
4.474931359291076660e-01
5.959402918815612793e-01
6.138570904731750488e-01
6.388980746269226074e-01
7.186579108238220215e-01
6.104891300201416016e-01
4.140602946281433105e-01
5.524603128433227539e-01
5.249086022377014160e-01
2.960483729839324951e-02
3.148043453693389893e-01
5.841458439826965332e-01
4.801182150840759277e-01
4.389210343360900879e-01
6.272966861724853516e-01
6.432727575302124023e-01
3.761594891548156738e-01
4.587465524673461914e-01
4.145824015140533447e-01
3.817243874073028564e-01
5.670532584190368652e-01
5.947883129119873047e-01
5.681610703468322754e-01
6.213150620460510254e-01
4.082510173320770264e-01
5.832017064094543457e-01
5.226606130599975586e-01
5.126873254776000977e-01
5.817115902900695801e-01
5.960890054702758789e-01
6.387131214141845703e-01
6.799033880233764648e-01
6.700726747512817383e-01
5.341526865959167480e-01
5.509397983551025391e-01
4.662463963031768799e-01
5.732140541076660156e-01
5.829336643218994141e-01
5.537297129631042480e-01
6.329361796379089355e-01
6.170916557312011719e-01
6.217046976089477539e-01
6.631165146827697754e-01
4.370483011007308960e-02
3.786448538303375244e-01
6.615661382675170898e-01
5.681117773056030273e-01
6.880174875259399414e-01
5.239551886916160583e-02
7.022771835327148438e-01
5.781696438789367676e-01
5.902613401412963867e-01
7.340075075626373291e-02
5.252063274383544922e-01
7.153870463371276855e-01
6.191264986991882324e-01
5.236381292343139648e-01
5.282122492790222168e-01
4.938894212245941162e-01
5.925394296646118164e-01
5.044037699699401855e-01
6.469818949699401855e-01
3.212856650352478027e-01
5.681256651878356934e-01
6.257097721099853516e-01
7.200455069541931152e-01
6.109012365341186523e-01
6.283905506134033203e-01
2.985201179981231689e-01
6.062716245651245117e-01
6.622430086135864258e-01
6.565953493118286133e-01
4.821024537086486816e-01
4.217696189880371094e-01
5.426710247993469238e-01
5.232470035552978516e-01
6.870893239974975586e-01
5.460049510002136230e-01
6.119000911712646484e-01
6.023051142692565918e-01
4.978491663932800293e-01
5.493749976158142090e-01
6.309736371040344238e-01
5.164147615432739258e-01
6.639047712087631226e-02
2.251423597335815430e-01
6.401069760322570801e-01
3.330739140510559082e-01
5.828079581260681152e-01
5.049524307250976562e-01
6.849774718284606934e-02
4.317318201065063477e-01
4.805951714515686035e-01
6.107426881790161133e-01
6.318222284317016602e-01
6.329134106636047363e-01
2.599164098501205444e-02
5.111380815505981445e-01
2.156353890895843506e-01
3.489539027214050293e-01
5.584899187088012695e-01
7.027902603149414062e-01
5.790085792541503906e-01
5.641248822212219238e-01
6.065157651901245117e-01
6.451009511947631836e-01
5.873752832412719727e-01
6.251826286315917969e-01
2.718432545661926270e-01
6.115233302116394043e-01
6.550185680389404297e-01
7.169146090745925903e-02
3.540234267711639404e-01
3.204846680164337158e-01
6.909100413322448730e-01
6.015734076499938965e-01
6.600984930992126465e-01
5.688772797584533691e-01
6.041281223297119141e-01
6.015217900276184082e-01
4.127039909362792969e-01
3.598047792911529541e-01
5.498569607734680176e-01
6.725226640701293945e-01
3.246642649173736572e-01
5.769779682159423828e-01
4.259058833122253418e-01
6.297484040260314941e-01
6.760954856872558594e-01
5.675635337829589844e-01
1.310511082410812378e-01
2.280831709504127502e-02
3.648232817649841309e-01
6.497886180877685547e-01
4.846545159816741943e-01
6.682458519935607910e-01
4.840998947620391846e-01
6.695944666862487793e-01
4.288100302219390869e-01
6.284465789794921875e-01
6.057960987091064453e-01
5.770844221115112305e-01
4.401181638240814209e-01
7.575284838676452637e-01
3.203071951866149902e-01
6.297165751457214355e-01
6.072062849998474121e-01
6.455646753311157227e-01
6.529489159584045410e-01
4.784787893295288086e-01
4.471916556358337402e-01
6.659174561500549316e-01
5.112460851669311523e-01
4.418488442897796631e-01
5.087507963180541992e-01
5.214391946792602539e-01
4.456148147583007812e-01
5.241277217864990234e-01
5.965691804885864258e-01
5.862193703651428223e-01
5.087603926658630371e-01
5.510982871055603027e-01
3.416072130203247070e-01
4.529841542243957520e-01
5.553814172744750977e-01
