5.391011238098144531e-01
5.416345596313476562e-01
5.276188850402832031e-01
5.343901515007019043e-01
5.223245620727539062e-01
5.419908761978149414e-01
5.262408852577209473e-01
5.215213298797607422e-01
5.203464627265930176e-01
5.241737365722656250e-01
5.112429261207580566e-01
5.387408733367919922e-01
5.357669591903686523e-01
5.387992858886718750e-01
5.400181412696838379e-01
5.260014533996582031e-01
5.419229865074157715e-01
5.331282615661621094e-01
5.403128266334533691e-01
5.372695922851562500e-01
5.354559421539306641e-01
5.351495742797851562e-01
5.274929404258728027e-01
5.381082892417907715e-01
5.385797619819641113e-01
5.445567965507507324e-01
5.281422734260559082e-01
5.310155153274536133e-01
4.915674924850463867e-01
5.304815769195556641e-01
5.064826607704162598e-01
5.360136628150939941e-01
5.413025021553039551e-01
5.415617227554321289e-01
5.349245667457580566e-01
5.381307601928710938e-01
5.399932861328125000e-01
5.409368276596069336e-01
5.246565341949462891e-01
5.265008211135864258e-01
5.366898775100708008e-01
4.584483802318572998e-01
5.385684370994567871e-01
5.334568023681640625e-01
5.421736836433410645e-01
5.253132581710815430e-01
5.280814170837402344e-01
5.200633406639099121e-01
5.328018069267272949e-01
5.348834395408630371e-01
5.380559563636779785e-01
4.763617217540740967e-01
5.354614257812500000e-01
5.053355693817138672e-01
5.258311033248901367e-01
5.330494046211242676e-01
5.205408930778503418e-01
4.710026383399963379e-01
5.273214578628540039e-01
5.273435115814208984e-01
5.226483345031738281e-01
5.271232128143310547e-01
5.386137366294860840e-01
5.322609543800354004e-01
5.372760295867919922e-01
5.267736911773681641e-01
5.372449159622192383e-01
5.362351536750793457e-01
5.234207510948181152e-01
5.414196848869323730e-01
5.316162705421447754e-01
5.239683985710144043e-01
5.418165326118469238e-01
5.344112515449523926e-01
4.640217721462249756e-01
5.397498607635498047e-01
5.340859889984130859e-01
5.405187010765075684e-01
5.371146202087402344e-01
5.134791135787963867e-01
5.397313833236694336e-01
5.345420241355895996e-01
5.237488746643066406e-01
5.362482666969299316e-01
5.370300412178039551e-01
5.424539446830749512e-01
5.322834849357604980e-01
5.271823406219482422e-01
5.346848964691162109e-01
5.376940965652465820e-01
5.400066375732421875e-01
5.415488481521606445e-01
5.338590145111083984e-01
5.285786986351013184e-01
4.917406141757965088e-01
5.367038846015930176e-01
5.146124958992004395e-01
5.420696735382080078e-01
5.312720537185668945e-01
5.182593464851379395e-01
5.277387499809265137e-01
5.379360914230346680e-01
5.372589826583862305e-01
5.318219065666198730e-01
5.263017416000366211e-01
5.354076623916625977e-01
5.334559082984924316e-01
5.265854001045227051e-01
5.212666988372802734e-01
5.219112038612365723e-01
5.259180068969726562e-01
5.235436558723449707e-01
5.385867953300476074e-01
5.366744399070739746e-01
5.372329950332641602e-01
5.307320356369018555e-01
5.394236445426940918e-01
5.443140268325805664e-01
5.297758579254150391e-01
5.108335018157958984e-01
5.389742851257324219e-01
4.861305356025695801e-01
5.229960680007934570e-01
5.381176471710205078e-01
5.399948954582214355e-01
4.782941639423370361e-01
5.357406139373779297e-01
5.200924277305603027e-01
5.390716195106506348e-01
5.425511598587036133e-01
5.394405722618103027e-01
5.397722721099853516e-01
5.184847116470336914e-01
5.096480846405029297e-01
5.174508094787597656e-01
5.335488319396972656e-01
5.277094244956970215e-01
5.304794907569885254e-01
5.281023979187011719e-01
5.326307415962219238e-01
5.328988432884216309e-01
5.396265983581542969e-01
4.573697745800018311e-01
5.415965318679809570e-01
5.416550636291503906e-01
5.320383906364440918e-01
5.197033286094665527e-01
5.377811789512634277e-01
5.408920049667358398e-01
5.403837561607360840e-01
5.333960652351379395e-01
5.370755791664123535e-01
5.324339866638183594e-01
5.300728082656860352e-01
5.325546860694885254e-01
5.215691328048706055e-01
5.235037803649902344e-01
5.374125838279724121e-01
4.615298509597778320e-01
5.273603200912475586e-01
5.402039885520935059e-01
5.439287424087524414e-01
5.330159068107604980e-01
5.103335976600646973e-01
5.356547832489013672e-01
5.369981527328491211e-01
4.802224338054656982e-01
5.414534211158752441e-01
5.351048707962036133e-01
5.391513109207153320e-01
5.435807704925537109e-01
4.904160797595977783e-01
4.788789153099060059e-01
4.656747877597808838e-01
5.424775481224060059e-01
5.406604409217834473e-01
5.400619506835937500e-01
5.396615862846374512e-01
5.383222699165344238e-01
5.423911213874816895e-01
5.357718467712402344e-01
5.390520095825195312e-01
5.320749878883361816e-01
5.226960778236389160e-01
5.214442610740661621e-01
5.412333607673645020e-01
5.361770391464233398e-01
5.354210138320922852e-01
5.377076864242553711e-01
5.353221297264099121e-01
5.294631719589233398e-01
4.926874637603759766e-01
4.708332419395446777e-01
5.385189056396484375e-01
5.336320400238037109e-01
5.225250720977783203e-01
5.247288346290588379e-01
5.142467021942138672e-01
5.393972396850585938e-01
5.326969027519226074e-01
5.379154682159423828e-01
5.403630733489990234e-01
5.404836535453796387e-01
5.171141028404235840e-01
4.599164724349975586e-01
5.188254117965698242e-01
5.382474660873413086e-01
5.384078621864318848e-01
5.347197055816650391e-01
5.147366523742675781e-01
5.359538793563842773e-01
5.238880515098571777e-01
5.273965001106262207e-01
5.331081151962280273e-01
5.398970246315002441e-01
5.326267480850219727e-01
5.344990491867065430e-01
5.125179886817932129e-01
5.136691331863403320e-01
5.408121943473815918e-01
5.391472578048706055e-01
5.054422616958618164e-01
5.153692364692687988e-01
5.390520691871643066e-01
5.257493257522583008e-01
5.431786775588989258e-01
5.331221818923950195e-01
5.364098548889160156e-01
5.399181842803955078e-01
5.394555330276489258e-01
5.374789834022521973e-01
5.422252416610717773e-01
4.788199663162231445e-01
5.345672369003295898e-01
4.641484022140502930e-01
5.351760387420654297e-01
5.394345521926879883e-01
5.336089134216308594e-01
5.278980135917663574e-01
5.306684970855712891e-01
5.333855748176574707e-01
5.408071279525756836e-01
5.374752879142761230e-01
5.165150761604309082e-01
5.433211326599121094e-01
5.382089614868164062e-01
5.364727377891540527e-01
5.353175997734069824e-01
5.356209874153137207e-01
5.325486063957214355e-01
5.281801819801330566e-01
5.320444703102111816e-01
5.374543666839599609e-01
5.421633720397949219e-01
5.396450757980346680e-01
5.390966534614562988e-01
5.362906455993652344e-01
4.671570360660552979e-01
5.356311798095703125e-01
5.406928658485412598e-01
5.427671074867248535e-01
5.414277911186218262e-01
5.211114287376403809e-01
5.116643905639648438e-01
5.244253873825073242e-01
5.296964645385742188e-01
5.325976610183715820e-01
5.119358897209167480e-01
5.289725661277770996e-01
5.374109148979187012e-01
5.378578305244445801e-01
5.356819033622741699e-01
5.357936620712280273e-01
5.344731807708740234e-01
5.338959097862243652e-01
5.298919677734375000e-01
5.377870202064514160e-01
4.873995184898376465e-01
5.350301265716552734e-01
5.375784039497375488e-01
5.346385836601257324e-01
5.381100773811340332e-01
5.371369719505310059e-01
5.358317494392395020e-01
5.375704765319824219e-01
5.438101291656494141e-01
5.155932307243347168e-01
5.354824066162109375e-01
5.290239453315734863e-01
5.399670004844665527e-01
5.401349663734436035e-01
5.344605445861816406e-01
4.594713151454925537e-01
5.010485649108886719e-01
4.966143071651458740e-01
5.422098040580749512e-01
5.396959185600280762e-01
5.337072014808654785e-01
5.388638377189636230e-01
5.090162158012390137e-01
5.175252556800842285e-01
5.402227640151977539e-01
5.410261154174804688e-01
5.386858582496643066e-01
5.366568565368652344e-01
5.193820595741271973e-01
5.081550478935241699e-01
5.365166068077087402e-01
5.298754572868347168e-01
5.383322238922119141e-01
5.310325026512145996e-01
5.337646007537841797e-01
5.282151699066162109e-01
5.393855571746826172e-01
5.274298787117004395e-01
5.337649583816528320e-01
5.303426384925842285e-01
5.435029268264770508e-01
5.376193523406982422e-01
5.367115139961242676e-01
5.317535400390625000e-01
5.426609516143798828e-01
5.309674143791198730e-01
5.384425520896911621e-01
5.042929649353027344e-01
5.392257571220397949e-01
5.349795818328857422e-01
5.410424470901489258e-01
5.381810069084167480e-01
5.367884039878845215e-01
5.400394797325134277e-01
4.647087454795837402e-01
5.358030796051025391e-01
5.133982300758361816e-01
5.349851846694946289e-01
5.143091082572937012e-01
4.664162993431091309e-01
5.189238190650939941e-01
5.288388133049011230e-01
5.325496792793273926e-01
5.186860561370849609e-01
5.392375588417053223e-01
4.815743863582611084e-01
5.295273661613464355e-01
5.284818410873413086e-01
5.380051136016845703e-01
5.285589694976806641e-01
5.297476649284362793e-01
5.159998536109924316e-01
5.322951674461364746e-01
5.354210138320922852e-01
5.047218799591064453e-01
5.413292646408081055e-01
5.255990028381347656e-01
5.233150124549865723e-01
5.249163508415222168e-01
5.236423611640930176e-01
5.404402613639831543e-01
5.374152660369873047e-01
5.266790986061096191e-01
5.403934717178344727e-01
5.377175807952880859e-01
5.385866165161132812e-01
5.113949775695800781e-01
5.373839735984802246e-01
5.420770645141601562e-01
5.072398185729980469e-01
5.398342609405517578e-01
5.171337723731994629e-01
5.136916637420654297e-01
5.323065519332885742e-01
4.855439066886901855e-01
5.295887589454650879e-01
5.306928157806396484e-01
5.315111875534057617e-01
5.419952273368835449e-01
5.381656885147094727e-01
5.330235362052917480e-01
5.328605771064758301e-01
5.332811474800109863e-01
5.399470925331115723e-01
4.693323373794555664e-01
5.356333255767822266e-01
5.295013785362243652e-01
5.387119650840759277e-01
5.385059118270874023e-01
5.390418171882629395e-01
5.250109434127807617e-01
4.867356717586517334e-01
5.359734892845153809e-01
4.839560091495513916e-01
5.309474468231201172e-01
5.052540898323059082e-01
5.387510061264038086e-01
5.410930514335632324e-01
5.202826857566833496e-01
5.398846268653869629e-01
5.375218391418457031e-01
5.396179556846618652e-01
5.296076536178588867e-01
5.358915925025939941e-01
5.404340624809265137e-01
5.342739820480346680e-01
4.806601703166961670e-01
4.715425372123718262e-01
5.292045474052429199e-01
5.421320796012878418e-01
5.337825417518615723e-01
5.379673242568969727e-01
4.808130562305450439e-01
5.167704820632934570e-01
5.414474606513977051e-01
5.355665087699890137e-01
5.199722051620483398e-01
5.235033631324768066e-01
5.306569933891296387e-01
5.378812551498413086e-01
5.355000495910644531e-01
5.326417684555053711e-01
5.297504663467407227e-01
5.370540022850036621e-01
5.296696424484252930e-01
4.723877608776092529e-01
5.337355732917785645e-01
5.403502583503723145e-01
5.239726901054382324e-01
5.270673632621765137e-01
5.211949944496154785e-01
5.285499095916748047e-01
5.314039587974548340e-01
4.916132390499114990e-01
5.377079248428344727e-01
4.644343256950378418e-01
5.286077260971069336e-01
5.157515406608581543e-01
5.429553985595703125e-01
5.394591093063354492e-01
5.379691123962402344e-01
5.375569462776184082e-01
5.347083806991577148e-01
5.104466676712036133e-01
5.402272939682006836e-01
5.320860743522644043e-01
4.681579172611236572e-01
5.380250811576843262e-01
5.305461287498474121e-01
5.371823310852050781e-01
4.735190570354461670e-01
5.410066843032836914e-01
5.190442204475402832e-01
5.397292375564575195e-01
5.059554576873779297e-01
4.867651164531707764e-01
5.354088544845581055e-01
5.398702025413513184e-01
5.402569174766540527e-01
5.375761389732360840e-01
5.398704409599304199e-01
5.414136648178100586e-01
5.277945995330810547e-01
5.390989184379577637e-01
5.394289493560791016e-01
4.978774785995483398e-01
5.329320430755615234e-01
4.786849915981292725e-01
5.421279668807983398e-01
5.413657426834106445e-01
5.319875478744506836e-01
5.388529896736145020e-01
5.438345074653625488e-01
5.235829353332519531e-01
5.292351841926574707e-01
5.398491621017456055e-01
5.333400368690490723e-01
5.272594690322875977e-01
5.372577905654907227e-01
5.399217009544372559e-01
5.355534553527832031e-01
5.199860930442810059e-01
5.387033820152282715e-01
5.076391696929931641e-01
5.410348773002624512e-01
4.595414698123931885e-01
5.251014232635498047e-01
5.435981750488281250e-01
5.316657423973083496e-01
5.426642298698425293e-01
5.270199775695800781e-01
5.372839570045471191e-01
5.345736742019653320e-01
5.378776192665100098e-01
5.347822904586791992e-01
5.413129925727844238e-01
5.327569842338562012e-01
5.133214592933654785e-01
5.377141833305358887e-01
5.342696905136108398e-01
5.344865918159484863e-01
5.217587947845458984e-01
5.357271432876586914e-01
5.108608603477478027e-01
4.888680577278137207e-01
5.385739207267761230e-01
5.325903296470642090e-01
5.241243839263916016e-01
5.350405573844909668e-01
5.292182564735412598e-01
5.380697250366210938e-01
4.614360928535461426e-01
4.918400943279266357e-01
5.326663255691528320e-01
5.122063159942626953e-01
5.379407405853271484e-01
5.425575375556945801e-01
5.377820730209350586e-01
5.263779759407043457e-01
5.425858497619628906e-01
4.728881418704986572e-01
5.278166532516479492e-01
5.393257737159729004e-01
5.381350517272949219e-01
5.176990628242492676e-01
5.383456945419311523e-01
5.292910337448120117e-01
4.875772595405578613e-01
5.321240425109863281e-01
5.326672792434692383e-01
5.363277792930603027e-01
5.391435623168945312e-01
5.323711037635803223e-01
5.312570333480834961e-01
5.319023132324218750e-01
5.328629016876220703e-01
5.055213570594787598e-01
5.385782122611999512e-01
5.377824306488037109e-01
5.306006669998168945e-01
5.341483950614929199e-01
5.391083359718322754e-01
5.296903848648071289e-01
5.386273860931396484e-01
5.252174139022827148e-01
5.404522418975830078e-01
5.410962700843811035e-01
5.404202938079833984e-01
5.379599928855895996e-01
5.341548323631286621e-01
5.411305427551269531e-01
4.610444605350494385e-01
5.376750826835632324e-01
5.147606730461120605e-01
5.402690172195434570e-01
5.365318059921264648e-01
5.425949692726135254e-01
5.083189010620117188e-01
5.428641438484191895e-01
5.357721447944641113e-01
5.303921103477478027e-01
5.323866009712219238e-01
5.401886701583862305e-01
5.325528383255004883e-01
5.375028848648071289e-01
5.402218699455261230e-01
5.157166719436645508e-01
5.210534334182739258e-01
5.441036224365234375e-01
4.837639331817626953e-01
5.233780145645141602e-01
5.318301320075988770e-01
5.369250774383544922e-01
5.433400869369506836e-01
5.345622301101684570e-01
5.219080448150634766e-01
4.746894836425781250e-01
4.988044500350952148e-01
4.841086864471435547e-01
5.387002229690551758e-01
5.344305038452148438e-01
5.391682386398315430e-01
5.360761284828186035e-01
5.260847210884094238e-01
5.374225974082946777e-01
4.907421469688415527e-01
5.397105216979980469e-01
5.348309874534606934e-01
5.388325452804565430e-01
4.746816456317901611e-01
5.328570008277893066e-01
5.164899826049804688e-01
5.282069444656372070e-01
5.396674275398254395e-01
5.351127982139587402e-01
4.740581512451171875e-01
5.383751392364501953e-01
4.897865653038024902e-01
5.424017906188964844e-01
5.282198786735534668e-01
4.565689861774444580e-01
5.265229940414428711e-01
5.386001467704772949e-01
5.230109095573425293e-01
5.296164155006408691e-01
5.447673201560974121e-01
5.328010916709899902e-01
5.298785567283630371e-01
5.402958989143371582e-01
5.415050983428955078e-01
5.240882039070129395e-01
5.257257223129272461e-01
5.343803167343139648e-01
5.083587169647216797e-01
5.324262380599975586e-01
5.119445919990539551e-01
5.317893624305725098e-01
5.345316529273986816e-01
5.125720500946044922e-01
5.278462767601013184e-01
5.108528733253479004e-01
5.240415930747985840e-01
5.348107218742370605e-01
5.333622694015502930e-01
5.385958552360534668e-01
5.351051688194274902e-01
5.164569616317749023e-01
5.414602160453796387e-01
5.395637154579162598e-01
5.380802154541015625e-01
5.437847375869750977e-01
5.360295772552490234e-01
5.135086178779602051e-01
5.398370027542114258e-01
5.153572559356689453e-01
5.173120498657226562e-01
5.339286923408508301e-01
5.389959812164306641e-01
5.011755228042602539e-01
5.373156070709228516e-01
5.290860533714294434e-01
5.426246523857116699e-01
4.805227816104888916e-01
5.435270071029663086e-01
5.409069061279296875e-01
5.393942594528198242e-01
5.346030592918395996e-01
5.394430756568908691e-01
5.374158024787902832e-01
5.273324847221374512e-01
5.423185229301452637e-01
5.317534804344177246e-01
5.399742722511291504e-01
5.388504862785339355e-01
5.233800411224365234e-01
5.405315160751342773e-01
5.329081416130065918e-01
5.437281727790832520e-01
5.337893962860107422e-01
5.397562384605407715e-01
5.426508188247680664e-01
5.299171805381774902e-01
5.419200658798217773e-01
5.337355732917785645e-01
5.419276356697082520e-01
5.223288536071777344e-01
5.120005607604980469e-01
5.239635109901428223e-01
5.388953685760498047e-01
5.293670892715454102e-01
5.413160324096679688e-01
5.331802368164062500e-01
5.300824642181396484e-01
5.173375606536865234e-01
5.306938886642456055e-01
5.299661755561828613e-01
5.281339287757873535e-01
5.063818097114562988e-01
5.271770954132080078e-01
5.203935503959655762e-01
5.398976802825927734e-01
5.202559232711791992e-01
5.349120497703552246e-01
5.276934504508972168e-01
5.393451452255249023e-01
5.412169694900512695e-01
5.431639552116394043e-01
5.359689593315124512e-01
5.003579854965209961e-01
5.429148674011230469e-01
5.263152122497558594e-01
5.179241895675659180e-01
5.381633043289184570e-01
5.333023071289062500e-01
5.362266302108764648e-01
5.406808853149414062e-01
5.371689200401306152e-01
5.302984714508056641e-01
5.027084946632385254e-01
5.359501838684082031e-01
5.384672284126281738e-01
5.408914685249328613e-01
5.263327360153198242e-01
4.829824864864349365e-01
5.433353185653686523e-01
5.356888175010681152e-01
5.363983511924743652e-01
5.374503135681152344e-01
5.260896682739257812e-01
5.412170886993408203e-01
5.334308743476867676e-01
5.388445258140563965e-01
5.354839563369750977e-01
5.145653486251831055e-01
5.338200330734252930e-01
5.138442516326904297e-01
5.266159176826477051e-01
5.416055321693420410e-01
4.953305423259735107e-01
5.323889851570129395e-01
5.449704527854919434e-01
5.305077433586120605e-01
5.432285666465759277e-01
5.365881919860839844e-01
4.805656671524047852e-01
5.298736095428466797e-01
4.699478149414062500e-01
5.262027978897094727e-01
5.237599015235900879e-01
5.055470466613769531e-01
4.621501863002777100e-01
5.314443111419677734e-01
5.375103950500488281e-01
5.371918082237243652e-01
5.214304924011230469e-01
5.188782215118408203e-01
5.386599302291870117e-01
5.380181074142456055e-01
5.396960973739624023e-01
5.271673798561096191e-01
5.346810817718505859e-01
5.345895290374755859e-01
5.413589477539062500e-01
5.387105941772460938e-01
5.293681621551513672e-01
5.392219424247741699e-01
5.206955671310424805e-01
5.355395674705505371e-01
4.905774891376495361e-01
5.326262712478637695e-01
5.327156782150268555e-01
5.154212117195129395e-01
5.311243534088134766e-01
5.400185585021972656e-01
5.400594472885131836e-01
5.097949504852294922e-01
5.386911630630493164e-01
5.326182246208190918e-01
5.350666046142578125e-01
5.315446257591247559e-01
5.399512648582458496e-01
5.414197444915771484e-01
5.296689271926879883e-01
5.215423703193664551e-01
5.395264029502868652e-01
5.269096493721008301e-01
5.384919643402099609e-01
5.406990051269531250e-01
5.309053659439086914e-01
5.401920080184936523e-01
5.375884175300598145e-01
5.356433987617492676e-01
5.312086939811706543e-01
5.397802591323852539e-01
5.332225561141967773e-01
5.328115820884704590e-01
5.283130407333374023e-01
5.373954772949218750e-01
5.293111801147460938e-01
5.347024202346801758e-01
5.413947105407714844e-01
4.615187942981719971e-01
4.868645370006561279e-01
5.406665205955505371e-01
5.355138182640075684e-01
5.440539717674255371e-01
5.448151826858520508e-01
5.325604081153869629e-01
5.240982770919799805e-01
5.390522480010986328e-01
5.332093238830566406e-01
5.411643981933593750e-01
5.317096710205078125e-01
5.344339013099670410e-01
4.950210452079772949e-01
5.309947729110717773e-01
5.374888777732849121e-01
5.405339598655700684e-01
5.122276544570922852e-01
4.610503315925598145e-01
5.322443246841430664e-01
5.337241291999816895e-01
5.416179299354553223e-01
5.390875339508056641e-01
5.445353984832763672e-01
5.321300625801086426e-01
5.404549241065979004e-01
5.214224457740783691e-01
5.344868302345275879e-01
5.364808440208435059e-01
5.309770107269287109e-01
5.360004901885986328e-01
4.923910796642303467e-01
5.314646959304809570e-01
5.363617539405822754e-01
5.406305789947509766e-01
5.408924221992492676e-01
5.418655276298522949e-01
5.414835810661315918e-01
5.388528108596801758e-01
5.309199690818786621e-01
5.279682874679565430e-01
5.431256890296936035e-01
5.422199368476867676e-01
5.420531034469604492e-01
5.196805000305175781e-01
5.348357558250427246e-01
5.193734765052795410e-01
5.357863306999206543e-01
5.376192927360534668e-01
4.684219956398010254e-01
5.381312966346740723e-01
5.253777503967285156e-01
5.400354266166687012e-01
5.263431668281555176e-01
5.365502238273620605e-01
5.373491048812866211e-01
5.358578562736511230e-01
5.407083034515380859e-01
5.179818868637084961e-01
5.404108166694641113e-01
5.281823277473449707e-01
5.420866012573242188e-01
5.387855768203735352e-01
5.275750756263732910e-01
5.381297469139099121e-01
5.327813625335693359e-01
5.343368053436279297e-01
5.336589813232421875e-01
5.298606753349304199e-01
5.353713035583496094e-01
4.655973017215728760e-01
5.210762023925781250e-01
5.354669094085693359e-01
5.251575708389282227e-01
4.727031886577606201e-01
5.295485258102416992e-01
5.384171605110168457e-01
4.959678649902343750e-01
5.169113874435424805e-01
4.590823650360107422e-01
5.392634272575378418e-01
5.232855081558227539e-01
5.322970151901245117e-01
5.327637195587158203e-01
5.417515039443969727e-01
5.323227047920227051e-01
5.346009135246276855e-01
8.565434813499450684e-01
5.427913069725036621e-01
5.103046298027038574e-01
5.365083813667297363e-01
5.389159917831420898e-01
5.395800471305847168e-01
5.252716541290283203e-01
5.418422222137451172e-01
5.347208976745605469e-01
5.370442867279052734e-01
5.268962979316711426e-01
5.413814187049865723e-01
5.381102561950683594e-01
5.428048372268676758e-01
5.393126606941223145e-01
5.392159819602966309e-01
5.264377593994140625e-01
5.295009613037109375e-01
5.328033566474914551e-01
5.102792382240295410e-01
5.342843532562255859e-01
5.324306488037109375e-01
5.060588717460632324e-01
5.231282114982604980e-01
4.862545132637023926e-01
5.150615572929382324e-01
5.411525964736938477e-01
4.911665618419647217e-01
5.457897186279296875e-01
5.387618541717529297e-01
5.426769256591796875e-01
5.387389063835144043e-01
5.371680259704589844e-01
5.411074757575988770e-01
5.331597328186035156e-01
5.399061441421508789e-01
5.299128293991088867e-01
5.362845063209533691e-01
5.196111202239990234e-01
5.340942144393920898e-01
5.401555895805358887e-01
5.260965228080749512e-01
5.404480099678039551e-01
5.158762931823730469e-01
5.308247804641723633e-01
5.128723978996276855e-01
5.368654131889343262e-01
4.994829297065734863e-01
5.377503633499145508e-01
5.366173386573791504e-01
5.343156456947326660e-01
5.329028964042663574e-01
5.332708358764648438e-01
5.400312542915344238e-01
5.364026427268981934e-01
5.369110703468322754e-01
4.759518206119537354e-01
5.357465744018554688e-01
5.352249741554260254e-01
4.629129171371459961e-01
4.651259481906890869e-01
5.260459780693054199e-01
5.359376668930053711e-01
5.278283357620239258e-01
8.565434813499450684e-01
5.410733819007873535e-01
5.271386504173278809e-01
5.434797406196594238e-01
5.057072639465332031e-01
5.342623591423034668e-01
5.333150029182434082e-01
5.346125960350036621e-01
5.382257103919982910e-01
5.446386337280273438e-01
5.385491847991943359e-01
4.666571319103240967e-01
4.600859880447387695e-01
5.256990790367126465e-01
5.128513574600219727e-01
5.414263010025024414e-01
5.414874553680419922e-01
5.237056612968444824e-01
5.429459810256958008e-01
4.801292121410369873e-01
5.419473648071289062e-01
5.216543674468994141e-01
5.231043100357055664e-01
5.327812433242797852e-01
5.397880673408508301e-01
5.327091813087463379e-01
5.392268896102905273e-01
5.376528501510620117e-01
5.403388142585754395e-01
5.398586392402648926e-01
5.356547832489013672e-01
5.179818868637084961e-01
5.342341065406799316e-01
5.147482156753540039e-01
5.199878811836242676e-01
5.354697704315185547e-01
5.355421304702758789e-01
5.295186638832092285e-01
5.324518680572509766e-01
5.326444506645202637e-01
5.359542965888977051e-01
5.373980402946472168e-01
5.388022661209106445e-01
5.262024998664855957e-01
5.319175124168395996e-01
5.386430621147155762e-01
4.926728010177612305e-01
4.914122819900512695e-01
5.275906324386596680e-01
5.344400405883789062e-01
5.322062373161315918e-01
4.919452965259552002e-01
5.388779044151306152e-01
5.271155834197998047e-01
5.357611775398254395e-01
5.310952663421630859e-01
4.769284129142761230e-01
5.329095721244812012e-01
5.253977179527282715e-01
5.259687900543212891e-01
5.308539867401123047e-01
4.895614385604858398e-01
5.331817269325256348e-01
5.405401587486267090e-01
5.434163212776184082e-01
5.389218926429748535e-01
5.363087654113769531e-01
5.369457006454467773e-01
5.439411401748657227e-01
5.438719391822814941e-01
5.273614525794982910e-01
5.370641350746154785e-01
5.374411344528198242e-01
4.655628204345703125e-01
5.350505709648132324e-01
5.397644639015197754e-01
5.270893573760986328e-01
5.415048003196716309e-01
5.089296102523803711e-01
5.317109227180480957e-01
5.385859608650207520e-01
5.324793457984924316e-01
5.310904979705810547e-01
5.267758369445800781e-01
4.946210086345672607e-01
5.176053643226623535e-01
5.319429636001586914e-01
5.325000882148742676e-01
5.386194586753845215e-01
5.386196374893188477e-01
4.744590222835540771e-01
5.349240899085998535e-01
5.392672419548034668e-01
5.331035256385803223e-01
5.410845279693603516e-01
5.425180196762084961e-01
5.291871428489685059e-01
5.393129587173461914e-01
4.816146492958068848e-01
5.373454689979553223e-01
5.147244930267333984e-01
5.135403275489807129e-01
5.077149868011474609e-01
5.390290021896362305e-01
5.348636507987976074e-01
5.300590991973876953e-01
5.420974493026733398e-01
5.350038409233093262e-01
5.365663170814514160e-01
5.437077283859252930e-01
4.945186078548431396e-01
5.372856259346008301e-01
5.439411401748657227e-01
5.381231307983398438e-01
5.341185331344604492e-01
5.331576466560363770e-01
5.233213305473327637e-01
5.397022366523742676e-01
4.837187528610229492e-01
5.322553515434265137e-01
5.368760824203491211e-01
5.399128198623657227e-01
5.380290150642395020e-01
5.405970215797424316e-01
5.117356777191162109e-01
5.259637832641601562e-01
5.402073860168457031e-01
4.591190516948699951e-01
5.219364762306213379e-01
5.410665273666381836e-01
5.356959700584411621e-01
5.409520268440246582e-01
4.914611577987670898e-01
5.398254394531250000e-01
5.352706313133239746e-01
5.259721875190734863e-01
5.340469479560852051e-01
5.348461270332336426e-01
5.004138946533203125e-01
4.743799269199371338e-01
5.412569046020507812e-01
5.397767424583435059e-01
4.810206294059753418e-01
5.401544570922851562e-01
5.325219631195068359e-01
5.360412597656250000e-01
5.295158624649047852e-01
5.375762581825256348e-01
5.340277552604675293e-01
5.440993309020996094e-01
5.252827405929565430e-01
5.332847833633422852e-01
5.420276522636413574e-01
5.392460227012634277e-01
5.429016351699829102e-01
5.360321998596191406e-01
5.400419831275939941e-01
5.068466663360595703e-01
5.083302259445190430e-01
5.380697846412658691e-01
5.404896736145019531e-01
5.377740859985351562e-01
5.100650787353515625e-01
5.392174720764160156e-01
5.324618220329284668e-01
5.393304228782653809e-01
5.168007016181945801e-01
5.101515650749206543e-01
5.320619344711303711e-01
5.411844849586486816e-01
5.391504168510437012e-01
5.280338525772094727e-01
5.347214341163635254e-01
5.369288325309753418e-01
5.352505445480346680e-01
5.332642793655395508e-01
5.003802180290222168e-01
5.393211245536804199e-01
5.378431677818298340e-01
5.146735310554504395e-01
5.381160974502563477e-01
5.432266592979431152e-01
5.359004139900207520e-01
5.441170334815979004e-01
5.364957451820373535e-01
5.385344028472900391e-01
4.609763026237487793e-01
5.446208715438842773e-01
5.402888059616088867e-01
5.385388731956481934e-01
5.121700763702392578e-01
5.326754450798034668e-01
5.383894443511962891e-01
4.673891961574554443e-01
5.262923240661621094e-01
5.440188050270080566e-01
5.298516154289245605e-01
4.591096937656402588e-01
5.383660793304443359e-01
5.295239090919494629e-01
5.398277044296264648e-01
5.390831232070922852e-01
5.403953194618225098e-01
5.402194261550903320e-01
5.327156186103820801e-01
5.288886427879333496e-01
5.389914512634277344e-01
5.303167104721069336e-01
5.261618494987487793e-01
5.067663788795471191e-01
5.330455899238586426e-01
5.270810127258300781e-01
5.424903631210327148e-01
5.098436474800109863e-01
5.234026908874511719e-01
5.402267575263977051e-01
5.205317735671997070e-01
5.328685641288757324e-01
5.446856617927551270e-01
5.371532440185546875e-01
5.346565842628479004e-01
5.375718474388122559e-01
5.445700287818908691e-01
5.381444692611694336e-01
5.390287637710571289e-01
5.365838408470153809e-01
5.400455594062805176e-01
5.247501134872436523e-01
5.406915545463562012e-01
5.411992669105529785e-01
5.406915545463562012e-01
5.386802554130554199e-01
5.345849990844726562e-01
5.344607234001159668e-01
5.252425074577331543e-01
5.330480337142944336e-01
5.414756536483764648e-01
5.099229216575622559e-01
5.325707793235778809e-01
5.413185358047485352e-01
4.716441333293914795e-01
5.348616838455200195e-01
5.359445214271545410e-01
5.401620268821716309e-01
5.380317568778991699e-01
5.347630977630615234e-01
5.341746807098388672e-01
5.391627550125122070e-01
5.383756160736083984e-01
5.354464650154113770e-01
5.397396087646484375e-01
5.325912237167358398e-01
5.220404863357543945e-01
5.410929322242736816e-01
5.423749685287475586e-01
5.343190431594848633e-01
5.423467755317687988e-01
5.351452827453613281e-01
4.884580075740814209e-01
4.641084074974060059e-01
5.368025898933410645e-01
5.243819355964660645e-01
5.440896153450012207e-01
5.392915010452270508e-01
5.280909538269042969e-01
5.370931625366210938e-01
5.322440266609191895e-01
4.844552278518676758e-01
5.191926956176757812e-01
5.423904657363891602e-01
5.214715003967285156e-01
5.360457897186279297e-01
5.314318537712097168e-01
5.379116535186767578e-01
5.284035801887512207e-01
5.259251594543457031e-01
5.149002671241760254e-01
5.172038078308105469e-01
5.312913656234741211e-01
5.409535765647888184e-01
5.032322406768798828e-01
5.366039276123046875e-01
5.352050065994262695e-01
5.378511548042297363e-01
5.310688018798828125e-01
5.350344181060791016e-01
5.435196161270141602e-01
5.327147245407104492e-01
5.383821129798889160e-01
5.297520756721496582e-01
5.383124351501464844e-01
5.434165000915527344e-01
5.360258817672729492e-01
5.312885046005249023e-01
5.150589346885681152e-01
5.226433277130126953e-01
5.267178416252136230e-01
5.425220727920532227e-01
5.390869379043579102e-01
5.023937225341796875e-01
5.203808546066284180e-01
5.170786976814270020e-01
4.920349717140197754e-01
4.884349107742309570e-01
5.369105339050292969e-01
5.204873085021972656e-01
5.348138809204101562e-01
5.045738816261291504e-01
5.417461395263671875e-01
5.352196097373962402e-01
5.417089462280273438e-01
4.617419242858886719e-01
5.361431837081909180e-01
5.330380797386169434e-01
5.005110502243041992e-01
5.342739820480346680e-01
5.408298373222351074e-01
5.296927094459533691e-01
5.228896141052246094e-01
5.259956717491149902e-01
5.344474315643310547e-01
5.257361531257629395e-01
5.416548252105712891e-01
5.319035053253173828e-01
5.305657386779785156e-01
5.388144254684448242e-01
5.369362235069274902e-01
5.170316696166992188e-01
5.388677120208740234e-01
5.388253927230834961e-01
5.388914346694946289e-01
5.375780463218688965e-01
5.393795967102050781e-01
5.083199739456176758e-01
4.962323904037475586e-01
5.415754318237304688e-01
5.383621454238891602e-01
5.257351398468017578e-01
5.381814241409301758e-01
5.379273891448974609e-01
5.313265323638916016e-01
5.329404473304748535e-01
5.325056314468383789e-01
5.377531647682189941e-01
5.402840375900268555e-01
5.379536151885986328e-01
5.184155106544494629e-01
5.390291810035705566e-01
5.361694097518920898e-01
5.376878976821899414e-01
5.163856744766235352e-01
5.377779006958007812e-01
5.226832032203674316e-01
5.395274758338928223e-01
5.316995978355407715e-01
5.147520899772644043e-01
5.146614313125610352e-01
5.345461368560791016e-01
5.283817648887634277e-01
5.159320235252380371e-01
5.341535210609436035e-01
5.394047498703002930e-01
5.301893353462219238e-01
5.450036525726318359e-01
5.356043577194213867e-01
5.397397875785827637e-01
5.321202278137207031e-01
5.261502265930175781e-01
5.377964377403259277e-01
5.281906723976135254e-01
5.358104705810546875e-01
5.228232741355895996e-01
5.321432352066040039e-01
5.072436332702636719e-01
5.366872549057006836e-01
5.395864844322204590e-01
5.349060893058776855e-01
5.235329866409301758e-01
5.373354554176330566e-01
5.257481932640075684e-01
5.264483094215393066e-01
4.724620580673217773e-01
5.390524864196777344e-01
5.180613398551940918e-01
5.382348895072937012e-01
5.433221459388732910e-01
5.372871756553649902e-01
5.407679080963134766e-01
5.360009670257568359e-01
5.358620285987854004e-01
4.588091671466827393e-01
5.151612758636474609e-01
5.299551486968994141e-01
5.278934836387634277e-01
5.359703302383422852e-01
5.393531322479248047e-01
5.358380675315856934e-01
5.181729197502136230e-01
4.850265681743621826e-01
4.941833317279815674e-01
4.678068757057189941e-01
4.597715437412261963e-01
5.407233834266662598e-01
5.363668203353881836e-01
4.660163819789886475e-01
5.398641824722290039e-01
5.366200804710388184e-01
5.364723801612854004e-01
5.351989865303039551e-01
5.297724604606628418e-01
5.358436703681945801e-01
5.322619676589965820e-01
5.282903313636779785e-01
5.321568846702575684e-01
5.297451019287109375e-01
5.247740745544433594e-01
5.420184731483459473e-01
5.407239794731140137e-01
5.343533754348754883e-01
5.371807813644409180e-01
5.393776297569274902e-01
5.152937173843383789e-01
5.342515110969543457e-01
4.615151286125183105e-01
4.940498173236846924e-01
5.366833209991455078e-01
5.425484776496887207e-01
5.386036038398742676e-01
5.405189990997314453e-01
5.180870890617370605e-01
5.240380167961120605e-01
5.396236777305603027e-01
5.285568833351135254e-01
5.410804152488708496e-01
5.388725996017456055e-01
5.352929830551147461e-01
5.425383448600769043e-01
5.426859259605407715e-01
5.315443873405456543e-01
5.284769535064697266e-01
5.117155313491821289e-01
5.316724777221679688e-01
5.256519913673400879e-01
5.407177209854125977e-01
4.606780409812927246e-01
5.282066464424133301e-01
5.337941050529479980e-01
5.394778251647949219e-01
5.373980402946472168e-01
5.372196435928344727e-01
5.286057591438293457e-01
5.430695414543151855e-01
5.405849218368530273e-01
4.682208895683288574e-01
5.389959216117858887e-01
5.378097891807556152e-01
5.394333600997924805e-01
5.335794687271118164e-01
5.416741371154785156e-01
5.234162211418151855e-01
5.392581224441528320e-01
5.386112332344055176e-01
5.412041544914245605e-01
5.128374099731445312e-01
4.956676661968231201e-01
4.644034206867218018e-01
5.056554079055786133e-01
5.200453400611877441e-01
5.277091264724731445e-01
5.384807586669921875e-01
5.048627853393554688e-01
4.693933725357055664e-01
5.384125709533691406e-01
5.358974933624267578e-01
5.343574285507202148e-01
5.410197377204895020e-01
5.412583947181701660e-01
5.431067943572998047e-01
5.375165343284606934e-01
5.412529110908508301e-01
5.349080562591552734e-01
5.155244469642639160e-01
5.363423824310302734e-01
5.370512604713439941e-01
5.366833806037902832e-01
5.384557843208312988e-01
5.406453609466552734e-01
5.386310219764709473e-01
4.612318873405456543e-01
5.366541147232055664e-01
5.443292260169982910e-01
5.350790619850158691e-01
5.397153496742248535e-01
5.383608341217041016e-01
5.351598858833312988e-01
5.380688309669494629e-01
5.372787714004516602e-01
5.293121933937072754e-01
5.109478831291198730e-01
5.432295203208923340e-01
5.328317284584045410e-01
4.690438807010650635e-01
5.370270609855651855e-01
5.381863713264465332e-01
5.371612906455993652e-01
5.132798552513122559e-01
5.291230082511901855e-01
5.273758769035339355e-01
5.404519438743591309e-01
5.260396003723144531e-01
5.408103466033935547e-01
5.377607941627502441e-01
5.332275629043579102e-01
5.347127914428710938e-01
5.381342172622680664e-01
5.308707952499389648e-01
5.359858870506286621e-01
5.138431787490844727e-01
5.363453030586242676e-01
5.391845107078552246e-01
5.292459726333618164e-01
5.359550118446350098e-01
5.278884768486022949e-01
5.378676652908325195e-01
5.357006788253784180e-01
5.375487804412841797e-01
5.129734277725219727e-01
5.154827237129211426e-01
5.161063075065612793e-01
5.325825214385986328e-01
5.397419333457946777e-01
5.170843601226806641e-01
5.326827764511108398e-01
5.296325683593750000e-01
5.227168202400207520e-01
5.399848818778991699e-01
4.638243317604064941e-01
5.363701581954956055e-01
5.303679108619689941e-01
5.358982086181640625e-01
5.374498963356018066e-01
5.150224566459655762e-01
5.420539975166320801e-01
5.317217707633972168e-01
5.361258387565612793e-01
5.371051430702209473e-01
5.344513058662414551e-01
4.857971370220184326e-01
5.413621068000793457e-01
4.767337441444396973e-01
4.803836941719055176e-01
5.366835594177246094e-01
4.743232727050781250e-01
5.322741270065307617e-01
5.081632733345031738e-01
5.356509685516357422e-01
5.308942198753356934e-01
5.400642752647399902e-01
4.807757437229156494e-01
5.285090804100036621e-01
5.371411442756652832e-01
5.030930042266845703e-01
5.325050354003906250e-01
5.408093929290771484e-01
5.351467132568359375e-01
4.935267865657806396e-01
5.383670926094055176e-01
5.386041402816772461e-01
5.204979181289672852e-01
5.426220893859863281e-01
5.282485485076904297e-01
5.271375179290771484e-01
5.345113873481750488e-01
5.271960496902465820e-01
5.318723320960998535e-01
5.322417020797729492e-01
5.378384590148925781e-01
5.431444644927978516e-01
5.304358005523681641e-01
5.414105057716369629e-01
5.305470824241638184e-01
5.292732119560241699e-01
5.392922163009643555e-01
5.370293855667114258e-01
5.044745206832885742e-01
5.195192694664001465e-01
5.395234823226928711e-01
5.354809165000915527e-01
5.273820161819458008e-01
5.298916101455688477e-01
5.203704833984375000e-01
5.414083003997802734e-01
5.288630723953247070e-01
5.299883484840393066e-01
5.427078008651733398e-01
5.285147428512573242e-01
5.357972979545593262e-01
5.261751413345336914e-01
5.260573625564575195e-01
5.376323461532592773e-01
5.223492980003356934e-01
5.112305283546447754e-01
5.410256385803222656e-01
5.404319763183593750e-01
5.274780988693237305e-01
5.325405597686767578e-01
5.339210629463195801e-01
5.157096385955810547e-01
5.295296907424926758e-01
4.902663826942443848e-01
5.408096313476562500e-01
4.827515780925750732e-01
5.413781404495239258e-01
5.376435518264770508e-01
5.347057580947875977e-01
5.384972095489501953e-01
5.412192940711975098e-01
5.267322063446044922e-01
5.400258898735046387e-01
5.367566943168640137e-01
5.257397890090942383e-01
5.446705222129821777e-01
5.126188993453979492e-01
5.118697881698608398e-01
5.402573347091674805e-01
5.401439666748046875e-01
5.374861955642700195e-01
5.403108596801757812e-01
5.389003157615661621e-01
5.366428494453430176e-01
5.313311815261840820e-01
5.281431674957275391e-01
5.419601202011108398e-01
5.356813669204711914e-01
5.254040360450744629e-01
5.379499793052673340e-01
5.328510999679565430e-01
5.389933586120605469e-01
5.341837406158447266e-01
5.341858863830566406e-01
4.872097671031951904e-01
5.155854225158691406e-01
5.340855717658996582e-01
5.271786451339721680e-01
5.336015224456787109e-01
5.264137983322143555e-01
5.285078883171081543e-01
5.230471491813659668e-01
4.883089661598205566e-01
5.378572940826416016e-01
5.348216891288757324e-01
5.254274606704711914e-01
5.286897420883178711e-01
5.401780605316162109e-01
4.809753298759460449e-01
5.357292294502258301e-01
4.994086325168609619e-01
5.393267273902893066e-01
5.384189486503601074e-01
5.414885878562927246e-01
5.313798189163208008e-01
5.379985570907592773e-01
5.378437042236328125e-01
5.334689617156982422e-01
5.401836633682250977e-01
5.044571161270141602e-01
5.313342213630676270e-01
5.379537343978881836e-01
5.066438317298889160e-01
5.401369929313659668e-01
5.375452041625976562e-01
5.225655436515808105e-01
5.261993408203125000e-01
5.409129261970520020e-01
5.212078094482421875e-01
5.382494926452636719e-01
5.413241982460021973e-01
5.430321693420410156e-01
5.418617129325866699e-01
5.284265279769897461e-01
5.431469082832336426e-01
5.237029790878295898e-01
5.276656150817871094e-01
5.433568954467773438e-01
5.363271832466125488e-01
5.268212556838989258e-01
5.396453142166137695e-01
5.315093994140625000e-01
5.350993871688842773e-01
5.311380624771118164e-01
5.394267439842224121e-01
5.262261629104614258e-01
5.131639838218688965e-01
5.395467281341552734e-01
5.307166576385498047e-01
5.423201322555541992e-01
5.189904570579528809e-01
5.430241227149963379e-01
5.377210378646850586e-01
5.358866453170776367e-01
5.298800468444824219e-01
5.413987636566162109e-01
5.401741862297058105e-01
5.364037752151489258e-01
5.336140394210815430e-01
5.348118543624877930e-01
5.434781312942504883e-01
5.334042906761169434e-01
5.272883772850036621e-01
5.344232320785522461e-01
5.428665876388549805e-01
5.280264616012573242e-01
5.395916104316711426e-01
5.353686809539794922e-01
5.340390801429748535e-01
5.247609615325927734e-01
5.330232977867126465e-01
5.354701280593872070e-01
4.592691659927368164e-01
5.397931337356567383e-01
5.366743803024291992e-01
5.172706842422485352e-01
5.323227643966674805e-01
5.382280945777893066e-01
5.135478973388671875e-01
5.310664772987365723e-01
5.340172052383422852e-01
5.361759662628173828e-01
5.283420085906982422e-01
4.737227261066436768e-01
5.367721319198608398e-01
5.395250916481018066e-01
5.398260354995727539e-01
4.600379467010498047e-01
5.368740558624267578e-01
5.402182340621948242e-01
5.300934314727783203e-01
5.084873437881469727e-01
5.346230268478393555e-01
5.380214452743530273e-01
5.416401624679565430e-01
5.186302065849304199e-01
5.185721516609191895e-01
5.280357599258422852e-01
5.240600705146789551e-01
5.283976793289184570e-01
5.325276851654052734e-01
5.338463187217712402e-01
5.314027070999145508e-01
5.361347198486328125e-01
5.210669040679931641e-01
5.399804115295410156e-01
5.376872420310974121e-01
5.214281082153320312e-01
5.371930599212646484e-01
5.321460366249084473e-01
5.345622301101684570e-01
5.372055172920227051e-01
5.305800437927246094e-01
5.177644491195678711e-01
5.407963991165161133e-01
5.431734323501586914e-01
5.053384900093078613e-01
5.412018299102783203e-01
4.741286337375640869e-01
5.429030060768127441e-01
5.397498607635498047e-01
5.219237804412841797e-01
5.038177967071533203e-01
5.387250781059265137e-01
4.826945066452026367e-01
5.412754416465759277e-01
5.407088398933410645e-01
5.327329039573669434e-01
5.287181138992309570e-01
4.925684332847595215e-01
5.391559600830078125e-01
5.385573506355285645e-01
5.153197050094604492e-01
5.030673146247863770e-01
4.980583786964416504e-01
5.362590551376342773e-01
5.366656780242919922e-01
5.370123982429504395e-01
5.201352238655090332e-01
5.391808748245239258e-01
5.349876880645751953e-01
5.406136512756347656e-01
4.998343586921691895e-01
5.405291318893432617e-01
5.297867655754089355e-01
5.288025736808776855e-01
5.394381880760192871e-01
4.981883466243743896e-01
5.381016135215759277e-01
5.195175409317016602e-01
5.325827002525329590e-01
5.373768806457519531e-01
5.360383391380310059e-01
5.392490029335021973e-01
5.305631756782531738e-01
5.331305861473083496e-01
5.218998789787292480e-01
5.074709057807922363e-01
5.256679058074951172e-01
5.428205728530883789e-01
4.720648825168609619e-01
5.358675718307495117e-01
5.423892140388488770e-01
5.315399765968322754e-01
5.333092212677001953e-01
5.440096259117126465e-01
5.321084856986999512e-01
5.330326557159423828e-01
5.270048975944519043e-01
5.385394096374511719e-01
5.412320494651794434e-01
5.397107005119323730e-01
5.348035097122192383e-01
5.319488048553466797e-01
4.689836800098419189e-01
5.307517051696777344e-01
4.846680164337158203e-01
5.385246872901916504e-01
5.371134281158447266e-01
5.395626425743103027e-01
5.385306477546691895e-01
5.376525521278381348e-01
4.696671366691589355e-01
5.324546694755554199e-01
5.226341485977172852e-01
5.401383638381958008e-01
5.048105716705322266e-01
5.395209193229675293e-01
5.296046137809753418e-01
4.876162111759185791e-01
5.237564444541931152e-01
5.388017892837524414e-01
5.370533466339111328e-01
5.365118980407714844e-01
5.276934504508972168e-01
5.374021530151367188e-01
5.262471437454223633e-01
5.427879691123962402e-01
5.394293665885925293e-01
5.327986478805541992e-01
5.403179526329040527e-01
5.016797184944152832e-01
5.348471999168395996e-01
5.351002216339111328e-01
5.281835794448852539e-01
5.425575375556945801e-01
5.193999409675598145e-01
5.400162339210510254e-01
5.374661684036254883e-01
5.371751189231872559e-01
5.267862677574157715e-01
5.413488745689392090e-01
5.359960198402404785e-01
5.309425592422485352e-01
5.387743115425109863e-01
5.332279205322265625e-01
4.629391729831695557e-01
5.330542922019958496e-01
5.416367053985595703e-01
5.355128645896911621e-01
5.098648667335510254e-01
5.323742628097534180e-01
5.416741967201232910e-01
5.380730628967285156e-01
5.393556952476501465e-01
5.425892472267150879e-01
5.260846018791198730e-01
5.076851248741149902e-01
5.389912724494934082e-01
5.147427916526794434e-01
5.208831429481506348e-01
5.302892923355102539e-01
5.300527811050415039e-01
5.398877859115600586e-01
5.335929393768310547e-01
5.049874186515808105e-01
4.621809422969818115e-01
5.349339246749877930e-01
5.295175909996032715e-01
5.385881066322326660e-01
5.322328805923461914e-01
5.334720611572265625e-01
5.192264318466186523e-01
5.358415246009826660e-01
5.279353260993957520e-01
5.403798222541809082e-01
5.426329374313354492e-01
5.208503603935241699e-01
5.076183676719665527e-01
5.393927693367004395e-01
5.323957800865173340e-01
5.420920848846435547e-01
5.204852223396301270e-01
5.231823921203613281e-01
5.161352157592773438e-01
5.388779640197753906e-01
5.363185405731201172e-01
5.409711003303527832e-01
5.049914717674255371e-01
5.158604979515075684e-01
5.370042324066162109e-01
5.218509435653686523e-01
5.343406200408935547e-01
5.307631492614746094e-01
5.381100177764892578e-01
4.703775644302368164e-01
5.023964643478393555e-01
4.968017637729644775e-01
5.223188400268554688e-01
5.166617631912231445e-01
5.374952554702758789e-01
5.338256359100341797e-01
5.399841666221618652e-01
5.321224927902221680e-01
5.392423272132873535e-01
5.351539254188537598e-01
5.414769649505615234e-01
5.359250903129577637e-01
5.341089367866516113e-01
5.266962051391601562e-01
5.158894658088684082e-01
4.872177243232727051e-01
5.070790648460388184e-01
5.405931472778320312e-01
5.426819920539855957e-01
4.869680404663085938e-01
5.326266884803771973e-01
5.241743922233581543e-01
5.388370752334594727e-01
4.909813106060028076e-01
5.404740571975708008e-01
4.645576179027557373e-01
5.370207428932189941e-01
5.338807106018066406e-01
5.378208756446838379e-01
5.374860763549804688e-01
5.318344831466674805e-01
5.367901325225830078e-01
5.428802371025085449e-01
5.417212843894958496e-01
5.384333729743957520e-01
5.319361686706542969e-01
5.335878133773803711e-01
5.360372066497802734e-01
5.288334488868713379e-01
4.840525388717651367e-01
5.399614572525024414e-01
4.685079157352447510e-01
4.838862717151641846e-01
5.394970178604125977e-01
5.409314036369323730e-01
5.342479944229125977e-01
5.335118770599365234e-01
5.406298041343688965e-01
5.402179956436157227e-01
4.677681624889373779e-01
4.828986227512359619e-01
5.332837104797363281e-01
5.353957414627075195e-01
5.263699889183044434e-01
5.424559116363525391e-01
5.354744791984558105e-01
5.013943910598754883e-01
5.367531776428222656e-01
5.414438247680664062e-01
5.350757241249084473e-01
5.406628251075744629e-01
5.420815348625183105e-01
5.020182728767395020e-01
5.400622487068176270e-01
5.331274271011352539e-01
5.135194063186645508e-01
5.319608449935913086e-01
5.304849147796630859e-01
5.372025966644287109e-01
5.305870771408081055e-01
5.425116419792175293e-01
5.257195830345153809e-01
5.156507492065429688e-01
5.350658297538757324e-01
4.650549292564392090e-01
5.196987390518188477e-01
5.323330760002136230e-01
5.348166823387145996e-01
5.324768424034118652e-01
5.373053550720214844e-01
5.396884679794311523e-01
4.662286639213562012e-01
4.600287675857543945e-01
5.417006015777587891e-01
5.154483914375305176e-01
5.363203883171081543e-01
5.231881141662597656e-01
5.374265909194946289e-01
5.380245447158813477e-01
5.107813477516174316e-01
5.362589955329895020e-01
4.998343586921691895e-01
5.438254475593566895e-01
5.367274880409240723e-01
5.322906970977783203e-01
5.372076630592346191e-01
5.339758396148681641e-01
5.364869832992553711e-01
5.197098851203918457e-01
5.129577517509460449e-01
5.396248102188110352e-01
5.238977670669555664e-01
4.722530245780944824e-01
5.302191376686096191e-01
5.370389223098754883e-01
4.909192323684692383e-01
5.411909222602844238e-01
5.382224321365356445e-01
5.301114916801452637e-01
4.775536358356475830e-01
5.205157995223999023e-01
5.412007570266723633e-01
5.394868850708007812e-01
5.376258492469787598e-01
5.086315274238586426e-01
5.352507829666137695e-01
5.334447026252746582e-01
5.305220484733581543e-01
5.403042435646057129e-01
5.273803472518920898e-01
5.351804494857788086e-01
5.352846384048461914e-01
5.377212762832641602e-01
5.286855697631835938e-01
5.373221039772033691e-01
8.565434813499450684e-01
5.334529876708984375e-01
5.358064770698547363e-01
5.411540269851684570e-01
5.313642621040344238e-01
5.339278578758239746e-01
5.350183844566345215e-01
5.306216478347778320e-01
5.344135761260986328e-01
5.419218540191650391e-01
5.355781912803649902e-01
5.335929393768310547e-01
5.373032093048095703e-01
5.386922359466552734e-01
5.340066552162170410e-01
5.366449356079101562e-01
5.405943989753723145e-01
5.279083847999572754e-01
5.132258534431457520e-01
4.646541774272918701e-01
5.294457674026489258e-01
5.377038717269897461e-01
5.368393659591674805e-01
5.362036228179931641e-01
5.439210534095764160e-01
5.103811621665954590e-01
5.393625497817993164e-01
5.362410545349121094e-01
5.375760793685913086e-01
4.733864068984985352e-01
4.606635570526123047e-01
5.345025062561035156e-01
5.393167138099670410e-01
5.329045653343200684e-01
5.302328467369079590e-01
5.326978564262390137e-01
5.389928221702575684e-01
5.386570692062377930e-01
5.397744774818420410e-01
5.043157339096069336e-01
4.667007029056549072e-01
5.320804119110107422e-01
5.256667733192443848e-01
5.335619449615478516e-01
5.338021516799926758e-01
5.312278270721435547e-01
5.426889657974243164e-01
5.257851481437683105e-01
5.376313328742980957e-01
5.344492793083190918e-01
5.418800711631774902e-01
5.387806892395019531e-01
5.313183665275573730e-01
5.277546644210815430e-01
5.186667442321777344e-01
5.279548168182373047e-01
5.086095333099365234e-01
5.350131392478942871e-01
5.320995450019836426e-01
5.333357453346252441e-01
5.289439558982849121e-01
5.117889642715454102e-01
5.226452350616455078e-01
5.386155247688293457e-01
5.414215326309204102e-01
5.381449460983276367e-01
5.396860241889953613e-01
5.249315500259399414e-01
5.358617305755615234e-01
5.401359200477600098e-01
5.331538915634155273e-01
4.603230059146881104e-01
5.382581353187561035e-01
5.396165251731872559e-01
5.336371064186096191e-01
5.304549932479858398e-01
5.225230455398559570e-01
4.734829366207122803e-01
5.392495989799499512e-01
5.083194971084594727e-01
5.386923551559448242e-01
5.221771001815795898e-01
5.343480110168457031e-01
5.287522673606872559e-01
5.180194973945617676e-01
5.143995285034179688e-01
5.365297794342041016e-01
5.380628705024719238e-01
5.262476801872253418e-01
5.329539775848388672e-01
5.221778154373168945e-01
5.131522417068481445e-01
5.375276803970336914e-01
5.391378998756408691e-01
5.405374169349670410e-01
5.354057550430297852e-01
5.218137502670288086e-01
5.379914641380310059e-01
5.242455005645751953e-01
5.376459360122680664e-01
5.326599478721618652e-01
5.361740589141845703e-01
5.219852328300476074e-01
5.370388031005859375e-01
5.156549811363220215e-01
5.182891488075256348e-01
4.716653525829315186e-01
5.414641499519348145e-01
4.797431826591491699e-01
5.329051613807678223e-01
5.441907048225402832e-01
5.327995419502258301e-01
5.390330553054809570e-01
5.421414971351623535e-01
5.395344495773315430e-01
5.318669080734252930e-01
5.330196022987365723e-01
5.431511402130126953e-01
5.368410944938659668e-01
5.341697931289672852e-01
5.308572053909301758e-01
5.339461565017700195e-01
5.390020012855529785e-01
5.313999652862548828e-01
5.378102064132690430e-01
5.347236394882202148e-01
5.371803045272827148e-01
5.242301821708679199e-01
5.345231294631958008e-01
5.388994216918945312e-01
5.416003465652465820e-01
5.441077947616577148e-01
5.359933376312255859e-01
5.397279858589172363e-01
4.914858639240264893e-01
5.422230958938598633e-01
5.377629995346069336e-01
5.360348224639892578e-01
5.336315631866455078e-01
5.443447828292846680e-01
5.344483256340026855e-01
5.371628403663635254e-01
5.317580103874206543e-01
5.401287078857421875e-01
5.412280559539794922e-01
5.395705103874206543e-01
5.352603793144226074e-01
4.588914811611175537e-01
5.336990952491760254e-01
5.373041629791259766e-01
5.072861313819885254e-01
5.367656946182250977e-01
5.298991203308105469e-01
5.282057523727416992e-01
5.392588973045349121e-01
5.383961796760559082e-01
5.372701883316040039e-01
5.121939778327941895e-01
5.415217876434326172e-01
4.827084541320800781e-01
5.397703051567077637e-01
5.235347151756286621e-01
5.336282849311828613e-01
5.034740567207336426e-01
5.257912278175354004e-01
5.294318795204162598e-01
5.385507941246032715e-01
5.337842702865600586e-01
4.673631787300109863e-01
5.407240986824035645e-01
5.386575460433959961e-01
5.110485553741455078e-01
5.359453558921813965e-01
5.395175814628601074e-01
5.236774682998657227e-01
5.286169648170471191e-01
5.234560966491699219e-01
5.423935651779174805e-01
5.423603057861328125e-01
5.294449329376220703e-01
5.117278099060058594e-01
5.364999175071716309e-01
5.367219448089599609e-01
5.373598337173461914e-01
5.290946364402770996e-01
5.358412861824035645e-01
5.293279290199279785e-01
5.324445962905883789e-01
5.326209664344787598e-01
5.362338423728942871e-01
5.220749974250793457e-01
5.385686159133911133e-01
5.372843742370605469e-01
5.397981405258178711e-01
5.322561860084533691e-01
5.446386337280273438e-01
5.381514430046081543e-01
5.245401263236999512e-01
5.383574962615966797e-01
5.299482345581054688e-01
5.295911431312561035e-01
4.633121788501739502e-01
5.443769097328186035e-01
5.393436551094055176e-01
5.422163009643554688e-01
5.267428159713745117e-01
5.370442867279052734e-01
5.367276668548583984e-01
5.175778865814208984e-01
5.304484367370605469e-01
5.322792530059814453e-01
5.401540398597717285e-01
5.232732295989990234e-01
5.089768171310424805e-01
5.337487459182739258e-01
5.394105315208435059e-01
5.414860844612121582e-01
