1.058672443032264709e-01
2.044861670583486557e-03
8.296281099319458008e-01
9.872481226921081543e-01
9.975405931472778320e-01
6.862848401069641113e-01
9.466557502746582031e-01
6.467374623753130436e-04
9.618077278137207031e-01
4.778278470039367676e-01
2.336099445819854736e-01
2.370633780956268311e-01
9.998493194580078125e-01
9.512936472892761230e-01
1.635939232073724270e-03
9.722858071327209473e-01
1.456071273423731327e-03
3.358258632943034172e-03
9.908632040023803711e-01
3.919123206287622452e-03
9.884325861930847168e-01
9.759705066680908203e-01
9.577630758285522461e-01
1.580982953310012817e-01
9.994367957115173340e-01
6.478630751371383667e-02
3.901306390762329102e-01
5.452889800071716309e-01
4.056247174739837646e-01
9.499396085739135742e-01
9.994361996650695801e-01
3.314265049993991852e-03
1.348020625300705433e-03
9.159252047538757324e-01
7.971913814544677734e-01
5.825259685516357422e-01
9.929420948028564453e-01
2.462987415492534637e-02
1.337876729667186737e-02
8.486509323120117188e-02
9.760255813598632812e-01
9.998688697814941406e-01
7.686905860900878906e-01
4.493634041864424944e-04
1.108623147010803223e-01
8.822830021381378174e-02
1.020467316266149282e-04
9.830918908119201660e-01
3.203882873058319092e-01
2.348730049561709166e-04
3.875228464603424072e-01
9.976607561111450195e-01
9.472017288208007812e-01
2.812482714653015137e-01
9.849242568016052246e-01
9.348017573356628418e-01
1.296707632718607783e-04
9.998302459716796875e-01
1.274618953466415405e-01
3.771589398384094238e-01
4.614808037877082825e-02
2.598118185997009277e-01
6.785103678703308105e-01
9.952461123466491699e-01
6.345196015900000930e-05
9.563342332839965820e-01
9.622849225997924805e-01
9.568388486513867974e-05
4.557247757911682129e-01
9.777812361717224121e-01
7.320068478584289551e-01
8.630479127168655396e-02
9.981395006179809570e-01
8.353817462921142578e-02
9.934338331222534180e-01
9.132711291313171387e-01
2.528895856812596321e-03
9.730797410011291504e-01
2.777661383152008057e-01
9.814981818199157715e-01
9.906517267227172852e-01
4.979814402759075165e-04
9.944082498550415039e-01
9.624593257904052734e-01
9.997960925102233887e-01
9.442172050476074219e-01
9.963816404342651367e-01
9.882781887426972389e-04
1.925050164572894573e-03
7.829690002836287022e-04
4.196207821369171143e-01
5.803604722023010254e-01
1.228998079895973206e-01
7.483462989330291748e-02
2.925822278484702110e-03
1.126661524176597595e-01
8.559280633926391602e-01
9.992395639419555664e-01
5.858963821083307266e-03
5.214254856109619141e-01
2.806435525417327881e-02
4.314445257186889648e-01
3.954141866415739059e-04
9.958679676055908203e-01
7.634423375129699707e-01
7.784775495529174805e-01
8.613332509994506836e-01
9.964938759803771973e-01
4.048002064228057861e-01
8.795421123504638672e-01
9.901148080825805664e-01
9.988707900047302246e-01
9.986062645912170410e-01
4.938627183437347412e-01
6.472685374319553375e-03
4.190292966086417437e-04
2.348732086829841137e-04
4.932600632309913635e-02
9.124451279640197754e-01
5.632188320159912109e-01
5.422163667390123010e-05
8.766910433769226074e-01
5.433832406997680664e-01
8.245582580566406250e-01
9.733537435531616211e-01
8.822152614593505859e-01
9.735929369926452637e-01
9.634624123573303223e-01
8.932467699050903320e-01
1.087232399731874466e-02
9.974868297576904297e-01
9.873198270797729492e-01
9.099701642990112305e-01
8.121902495622634888e-02
9.534509181976318359e-01
9.844788908958435059e-01
8.335226774215698242e-01
6.347263455390930176e-01
2.211895480286329985e-04
9.977546334266662598e-01
9.992144107818603516e-01
3.462885618209838867e-01
4.279197156429290771e-01
6.423527002334594727e-01
9.499467015266418457e-01
8.147125840187072754e-01
7.853665202856063843e-02
9.925319552421569824e-01
6.698275208473205566e-01
9.746578335762023926e-01
7.088446021080017090e-01
9.977011084556579590e-01
9.577754139900207520e-01
2.537994980812072754e-01
1.107721701264381409e-01
2.191965840756893158e-02
9.991304278373718262e-01
3.614229261875152588e-01
8.464554548263549805e-01
5.291424393653869629e-01
3.001476824283599854e-01
9.951213002204895020e-01
9.796636700630187988e-01
9.891619682312011719e-01
4.376295208930969238e-01
1.317433267831802368e-01
9.752019047737121582e-01
3.617394864559173584e-01
8.689851164817810059e-01
9.952579140663146973e-01
9.896279573440551758e-01
2.303333021700382233e-02
2.558672986924648285e-02
9.991575479507446289e-01
1.394177824258804321e-01
1.766955712810158730e-03
1.015454530715942383e-01
8.923486471176147461e-01
9.531189799308776855e-01
9.945788383483886719e-01
9.877493977546691895e-01
9.808127284049987793e-01
4.503122996538877487e-03
2.825662260875105858e-03
1.323456130921840668e-02
7.698509097099304199e-01
6.177256703376770020e-01
8.249843120574951172e-01
5.442590117454528809e-01
8.466501235961914062e-01
9.862067103385925293e-01
5.493347644805908203e-01
9.108598232269287109e-01
5.522677674889564514e-02
9.722183346748352051e-01
9.993827342987060547e-01
8.270263075828552246e-01
8.823032975196838379e-01
1.138396933674812317e-02
3.294557973276823759e-05
9.356948137283325195e-01
9.307353496551513672e-01
1.463561318814754486e-02
7.184761166572570801e-01
1.743193902075290680e-02
1.734898798167705536e-02
1.744177788496017456e-01
8.773797750473022461e-01
6.298704147338867188e-01
1.829911023378372192e-01
5.363221764564514160e-01
9.966332316398620605e-01
9.910805821418762207e-01
3.542564809322357178e-01
3.072587549686431885e-01
1.588523853570222855e-03
5.054593831300735474e-02
9.944421648979187012e-01
1.950320899486541748e-01
4.739706637337803841e-04
1.543850898742675781e-01
2.010707929730415344e-02
8.331721425056457520e-01
9.972910284996032715e-01
9.933792352676391602e-01
1.613043695688247681e-01
8.243883848190307617e-01
9.778916835784912109e-01
9.570898413658142090e-01
9.347063302993774414e-01
9.974714517593383789e-01
9.997382760047912598e-01
9.947975873947143555e-01
7.523990273475646973e-01
9.890409111976623535e-01
3.324926656205207109e-04
9.960896968841552734e-01
9.990751743316650391e-01
9.377942681312561035e-01
2.972004469484090805e-03
9.892559051513671875e-01
9.935563206672668457e-01
7.425468564033508301e-01
2.515400410629808903e-04
9.991220831871032715e-01
1.603454723954200745e-02
8.899782551452517509e-04
9.996643066406250000e-01
9.947279095649719238e-01
1.625484526157379150e-01
9.945698380470275879e-01
9.841595292091369629e-01
8.848095312714576721e-03
6.510981917381286621e-01
8.947317600250244141e-01
6.130994558334350586e-01
1.326849160250276327e-04
6.872357130050659180e-01
9.609378576278686523e-01
4.460330605506896973e-01
9.978845715522766113e-01
3.609400689601898193e-01
9.876523017883300781e-01
3.049768209457397461e-01
4.364865832030773163e-03
2.233032323420047760e-02
6.655907630920410156e-01
8.604749018559232354e-05
5.295464396476745605e-01
9.965324401855468750e-01
9.671192765235900879e-01
5.497323870658874512e-01
9.743460416793823242e-01
8.992400765419006348e-01
1.270205527544021606e-01
7.480603456497192383e-01
7.882465608417987823e-03
9.176018834114074707e-01
2.344995290040969849e-01
9.690253138542175293e-01
7.443515062332153320e-01
1.422221120446920395e-02
1.238488778471946716e-02
6.336438059806823730e-01
6.340860724449157715e-01
9.998483657836914062e-01
1.755427122116088867e-01
9.955275654792785645e-01
6.961752474308013916e-02
4.155553760938346386e-04
6.326754093170166016e-01
6.801852583885192871e-01
4.689809978008270264e-01
1.847732216119766235e-01
1.014633774757385254e-01
1.635824888944625854e-01
1.041268650442361832e-02
7.762600779533386230e-01
1.535436213016510010e-01
9.380854964256286621e-01
1.844534091651439667e-02
9.972020387649536133e-01
9.554576873779296875e-01
9.897422790527343750e-01
9.918974637985229492e-01
8.097808957099914551e-01
1.867174054495990276e-03
8.154784440994262695e-01
5.739349406212568283e-03
9.454652667045593262e-02
9.894256591796875000e-01
5.011098980903625488e-01
9.982632994651794434e-01
5.673633217811584473e-01
2.042300184257328510e-04
2.539569698274135590e-02
5.799763798713684082e-01
4.555827081203460693e-01
7.190628442913293839e-03
4.781428724527359009e-03
9.998204112052917480e-01
9.806868433952331543e-01
9.768860936164855957e-01
4.387869965285062790e-03
5.639482736587524414e-01
6.199693083763122559e-01
9.973372817039489746e-01
1.730244606733322144e-02
9.860485792160034180e-01
4.661003127694129944e-02
4.281001165509223938e-02
2.990318462252616882e-02
9.201645851135253906e-01
9.347592592239379883e-01
9.986949563026428223e-01
9.329700469970703125e-01
1.407624455168843269e-03
9.970011115074157715e-01
3.702116664499044418e-04
9.326431155204772949e-01
5.043079853057861328e-01
1.840053155319765210e-04
9.979349374771118164e-01
9.643422961235046387e-01
1.750637739896774292e-01
9.809611439704895020e-01
3.042834103107452393e-01
9.514867663383483887e-01
9.976771473884582520e-01
1.715194582939147949e-01
5.656969151459634304e-04
9.912657141685485840e-01
9.293940067291259766e-01
9.002876281738281250e-01
6.049760617315769196e-03
1.532437466084957123e-02
1.560668945312500000e-01
9.779034256935119629e-01
5.154243856668472290e-02
5.795829296112060547e-01
1.526838093996047974e-01
9.482983350753784180e-01
6.984626054763793945e-01
3.353070318698883057e-01
9.891040325164794922e-01
9.849275350570678711e-01
9.788914322853088379e-01
1.060560531914234161e-02
9.917669892311096191e-01
8.012067079544067383e-01
3.121831687167286873e-03
9.828598238527774811e-03
1.055096974596381187e-03
8.688674569129943848e-01
2.866663737222552299e-03
1.262732781469821930e-02
1.126967836171388626e-03
8.711682558059692383e-01
9.273542165756225586e-01
9.980326294898986816e-01
3.603174388408660889e-01
9.674242138862609863e-01
9.211398959159851074e-01
9.950886368751525879e-01
9.931471943855285645e-01
2.409162670373916626e-01
2.016278207302093506e-01
8.439527153968811035e-01
9.837052822113037109e-01
8.733357191085815430e-01
9.693307876586914062e-01
9.222860932350158691e-01
9.242876432836055756e-03
5.370637178421020508e-01
9.878818988800048828e-01
1.241000294685363770e-01
9.855805039405822754e-01
9.984637498855590820e-01
9.985415935516357422e-01
9.065799713134765625e-01
9.952850937843322754e-01
5.193513934500515461e-04
6.235144734382629395e-01
9.773404598236083984e-01
1.055431785061955452e-03
1.906798570416867733e-04
1.149002928286790848e-02
2.536324551329016685e-03
9.570359587669372559e-01
6.900969147682189941e-02
9.815738797187805176e-01
9.530236721038818359e-01
1.470122300088405609e-02
5.061584711074829102e-02
9.182203561067581177e-03
9.982154369354248047e-01
9.599922299385070801e-01
4.353159666061401367e-02
8.517763614654541016e-01
9.987003803253173828e-01
1.233656366821378469e-04
9.066669940948486328e-01
9.995313882827758789e-01
2.661497294902801514e-01
3.535521328449249268e-01
9.996286630630493164e-01
6.215733289718627930e-01
9.918366074562072754e-01
3.592801690101623535e-01
2.154187764972448349e-03
3.424413152970373631e-04
9.892098307609558105e-01
7.214946746826171875e-01
5.730402469635009766e-01
1.217783465981483459e-01
8.474386334419250488e-01
5.537545774132013321e-03
9.988443851470947266e-01
7.437880337238311768e-02
9.964318275451660156e-01
1.486933082342147827e-01
1.896763965487480164e-02
9.928314685821533203e-01
9.635483026504516602e-01
6.888012867420911789e-03
5.862740874290466309e-01
8.365587592124938965e-01
3.827666342258453369e-01
6.616729497909545898e-01
8.750665187835693359e-01
9.710866808891296387e-01
9.873943030834197998e-02
5.148782730102539062e-01
9.925249814987182617e-01
9.817407131195068359e-01
2.019304186105728149e-01
1.861315406858921051e-02
1.368887256830930710e-03
1.692904084920883179e-01
9.713708162307739258e-01
6.839904934167861938e-02
3.907543122768402100e-01
6.639240384101867676e-01
5.894919158890843391e-04
9.843946099281311035e-01
8.175804615020751953e-01
1.811054944992065430e-01
9.689927697181701660e-01
3.729941248893737793e-01
8.030643314123153687e-02
1.522311475127935410e-03
9.576441049575805664e-01
9.988491535186767578e-01
9.816945195198059082e-01
7.773280609399080276e-03
9.835268855094909668e-01
7.826819419860839844e-01
2.537532150745391846e-01
9.552688002586364746e-01
9.952777624130249023e-01
9.075759053230285645e-01
7.349060773849487305e-01
4.168452620506286621e-01
7.470915913581848145e-01
1.914980858564376831e-01
1.780168563127517700e-01
9.922609925270080566e-01
4.384753992781043053e-05
9.218524210155010223e-04
1.625388264656066895e-01
2.886682935059070587e-02
8.647016286849975586e-01
9.745438098907470703e-01
9.724442958831787109e-01
7.769156098365783691e-01
4.809565842151641846e-01
8.844017386436462402e-01
9.966875910758972168e-01
3.230556100606918335e-02
4.914616644382476807e-01
9.747520685195922852e-01
4.479523897171020508e-01
7.778849601745605469e-01
7.803699374198913574e-01
6.340702176094055176e-01
6.896362900733947754e-01
9.268432259559631348e-01
2.116267941892147064e-02
9.996021389961242676e-01
8.897395133972167969e-01
3.726242575794458389e-03
9.821929931640625000e-01
4.237318038940429688e-02
9.997938275337219238e-01
1.368514299392700195e-01
1.701847910881042480e-01
3.623560070991516113e-01
9.467970728874206543e-01
9.898180365562438965e-01
2.959660887718200684e-01
1.284415423870086670e-01
9.860485792160034180e-01
7.398748397827148438e-01
9.505550861358642578e-01
8.267843127250671387e-01
9.787591695785522461e-01
8.151031732559204102e-01
5.537415854632854462e-04
9.928461909294128418e-01
2.279364038258790970e-03
7.412393093109130859e-01
9.937688112258911133e-01
9.783208370208740234e-01
9.299441576004028320e-01
3.090101182460784912e-01
9.418596625328063965e-01
1.535604969831183553e-04
9.961375594139099121e-01
5.068349242210388184e-01
9.878922700881958008e-01
4.711766086984425783e-04
9.886066317558288574e-01
3.605466336011886597e-03
9.840946793556213379e-01
8.571552634239196777e-01
8.966232538223266602e-01
1.027444814098998904e-04
9.952403306961059570e-01
7.509702700190246105e-04
1.321989204734563828e-02
9.671809673309326172e-01
8.887808918952941895e-01
9.713975191116333008e-01
9.964189529418945312e-01
6.036528348922729492e-01
9.766054153442382812e-01
9.975805282592773438e-01
1.380886603146791458e-02
9.938852190971374512e-01
9.963668584823608398e-01
9.948327541351318359e-01
1.496408414095640182e-02
9.763777256011962891e-01
5.535246059298515320e-02
9.971895813941955566e-01
4.641382396221160889e-01
6.815106272697448730e-01
2.181454002857208252e-02
2.638044953346252441e-02
1.783950924873352051e-01
9.744536876678466797e-01
5.407018065452575684e-01
9.948793649673461914e-01
9.631640315055847168e-01
2.376625537872314453e-01
3.958896175026893616e-02
9.957996010780334473e-01
3.277295827865600586e-02
1.414280384778976440e-01
9.995081424713134766e-01
1.225434616208076477e-01
6.198604824021458626e-04
9.585526585578918457e-01
9.998161196708679199e-01
9.519009590148925781e-01
1.330210268497467041e-01
9.725577235221862793e-01
4.385492205619812012e-01
8.914608359336853027e-01
9.991735816001892090e-01
9.954586029052734375e-01
9.229627251625061035e-01
6.318703526630997658e-04
9.774444103240966797e-01
9.956976175308227539e-01
9.998095631599426270e-01
1.884633153676986694e-01
9.970312118530273438e-01
2.927207679022103548e-04
9.917825460433959961e-01
2.499865740537643433e-02
2.210586518049240112e-02
5.921889841556549072e-02
9.760796427726745605e-01
1.584060639142990112e-01
9.905346035957336426e-01
8.485311865806579590e-01
9.253826141357421875e-01
9.945265650749206543e-01
9.463697075843811035e-01
4.956722259521484375e-01
9.403754472732543945e-01
9.737333655357360840e-01
1.500839889049530029e-01
4.462113138288259506e-04
1.225000806152820587e-02
6.091332435607910156e-01
6.582649350166320801e-01
9.899333119392395020e-01
3.389337062835693359e-01
7.003100514411926270e-01
5.933705717325210571e-02
9.162496328353881836e-01
2.643775045871734619e-01
9.916959404945373535e-01
3.796850442886352539e-01
9.526538662612438202e-03
9.998581409454345703e-01
9.970511198043823242e-01
9.996207952499389648e-01
8.071916103363037109e-01
1.955333352088928223e-01
9.271791577339172363e-01
1.189055945724248886e-02
9.949102997779846191e-01
5.470750387758016586e-03
9.394349455833435059e-01
5.720108002424240112e-02
6.566838622093200684e-01
1.000012643635272980e-02
1.914176717400550842e-02
2.103258855640888214e-03
9.991744160652160645e-01
6.564982235431671143e-02
9.984417557716369629e-01
3.085958361625671387e-01
9.783877134323120117e-01
9.983437061309814453e-01
4.276681225746870041e-03
9.997546076774597168e-01
2.796554006636142731e-03
6.419715881347656250e-01
9.953489899635314941e-01
7.715144008398056030e-02
9.797011613845825195e-01
7.391206920146942139e-02
3.445789515972137451e-01
2.012995481491088867e-01
9.833416342735290527e-01
9.747752547264099121e-01
1.547627002000808716e-01
3.534756600856781006e-01
1.032957620918750763e-02
7.333002090454101562e-01
5.886468291282653809e-01
9.976704716682434082e-01
9.928327798843383789e-01
7.967441529035568237e-02
9.788442254066467285e-01
4.303669556975364685e-02
2.124399095773696899e-01
2.474548965692520142e-01
6.938966456800699234e-03
5.978305935859680176e-01
8.622696995735168457e-01
2.365592867136001587e-01
9.921869039535522461e-01
3.462080359458923340e-01
9.982625842094421387e-01
5.110459327697753906e-01
9.986951947212219238e-01
9.656914472579956055e-01
6.494992971420288086e-02
9.975134134292602539e-01
9.890154004096984863e-01
5.428290739655494690e-02
4.555876553058624268e-01
9.907632470130920410e-01
1.195334771182388067e-04
8.599711209535598755e-02
1.091792341321706772e-02
1.393880993127822876e-01
9.830085039138793945e-01
1.272110268473625183e-02
4.573417305946350098e-01
2.959979698061943054e-02
9.852697253227233887e-01
7.206719517707824707e-01
4.124942352063953876e-04
9.983912110328674316e-01
3.124819397926330566e-01
9.821875095367431641e-01
3.750226199626922607e-01
1.388239413499832153e-01
9.917690753936767578e-01
6.385316848754882812e-01
1.078955014236271381e-03
2.543518505990505219e-02
9.873379468917846680e-01
9.946470856666564941e-01
2.687813043594360352e-01
7.809364795684814453e-02
1.531322598457336426e-01
9.395027756690979004e-01
1.043606474995613098e-01
9.293301701545715332e-01
9.558604359626770020e-01
9.968820810317993164e-01
9.910990595817565918e-01
9.026868343353271484e-01
1.245835945010185242e-01
9.994540810585021973e-01
2.708352915942668915e-02
6.348301470279693604e-02
3.049565246328711510e-03
7.989413738250732422e-01
7.515835165977478027e-01
1.314150393009185791e-01
9.989053010940551758e-01
9.975073933601379395e-01
9.987698197364807129e-01
2.006598934531211853e-02
2.824074625968933105e-01
6.557172164320945740e-03
8.479595929384231567e-02
9.934377074241638184e-01
9.487344026565551758e-01
7.767943143844604492e-01
9.968327879905700684e-01
9.977159500122070312e-01
4.393780827522277832e-01
3.027145266532897949e-01
9.563165307044982910e-01
3.801547288894653320e-01
9.726552963256835938e-01
8.844969272613525391e-01
1.199383735656738281e-01
9.875993728637695312e-01
9.976252913475036621e-01
9.958071708679199219e-01
2.752358466386795044e-02
6.273083686828613281e-01
9.984918832778930664e-01
5.975127220153808594e-01
7.033305764198303223e-01
9.098996815737336874e-05
6.215626001358032227e-01
3.527671992778778076e-01
5.681320093572139740e-03
4.633114635944366455e-01
2.062188723357394338e-04
9.934577345848083496e-01
9.434202313423156738e-01
9.973418116569519043e-01
9.841576814651489258e-01
1.750241406261920929e-02
6.125405430793762207e-01
4.390497803688049316e-01
1.275324914604425430e-02
9.136419296264648438e-01
2.451827526092529297e-01
8.608033657073974609e-01
9.898459911346435547e-01
1.047182604670524597e-01
9.169726371765136719e-01
9.005652666091918945e-01
7.765750288963317871e-01
9.784154295921325684e-01
9.918477535247802734e-01
8.794842958450317383e-01
8.411722779273986816e-01
9.575531482696533203e-01
8.975234627723693848e-01
4.486922621726989746e-01
9.760486483573913574e-01
9.307662248611450195e-01
3.961238544434309006e-04
8.824066258966922760e-03
3.752394318580627441e-01
9.708917737007141113e-01
3.981897607445716858e-03
8.401247672736644745e-03
6.539838910102844238e-01
6.437484920024871826e-02
9.998590946197509766e-01
9.998795986175537109e-01
9.453119039535522461e-01
5.060053467750549316e-01
9.992135763168334961e-01
8.635591268539428711e-01
8.321180008351802826e-03
9.821934700012207031e-01
4.169242456555366516e-03
9.224928915500640869e-02
4.217782318592071533e-01
1.035041408613324165e-03
9.842153638601303101e-03
9.988524913787841797e-01
9.978300929069519043e-01
9.245350360870361328e-01
5.630431771278381348e-01
9.503172636032104492e-01
9.963828325271606445e-01
9.080141782760620117e-01
4.306521150283515453e-04
9.946945309638977051e-01
9.635568261146545410e-01
2.338725477457046509e-01
3.428016304969787598e-01
6.494508385658264160e-01
9.812397956848144531e-01
1.177338790148496628e-02
7.108466234058141708e-03
9.790142066776752472e-03
5.088961869478225708e-02
9.982191920280456543e-01
5.863860845565795898e-01
9.966272115707397461e-01
7.391436100006103516e-01
9.793872833251953125e-01
9.498059749603271484e-03
9.653149247169494629e-01
7.681499719619750977e-01
9.368484020233154297e-01
5.654441937804222107e-02
6.729034334421157837e-02
3.630299866199493408e-02
9.998713731765747070e-01
5.700737833976745605e-01
8.241522908210754395e-01
9.995782971382141113e-01
9.945890903472900391e-01
8.539404273033142090e-01
9.229915738105773926e-01
7.976146340370178223e-01
5.605523288249969482e-02
1.979493647813796997e-01
9.500142931938171387e-01
9.856187701225280762e-01
9.996659755706787109e-01
6.428923010826110840e-01
2.491047198418527842e-04
9.825834631919860840e-01
3.555649891495704651e-02
9.642511606216430664e-01
1.427106186747550964e-02
1.167072623502463102e-04
7.865426540374755859e-01
9.061576724052429199e-01
2.034858912229537964e-01
9.816904664039611816e-01
9.873790144920349121e-01
3.212775290012359619e-01
4.339310689829289913e-04
9.849423170089721680e-01
9.997585415840148926e-01
9.998937845230102539e-01
9.501443505287170410e-01
7.703229784965515137e-01
9.095004200935363770e-01
9.883673787117004395e-01
8.707786798477172852e-01
1.214024983346462250e-02
8.309412002563476562e-01
4.086529910564422607e-01
4.063896536827087402e-01
9.994431138038635254e-01
9.778268337249755859e-01
9.270095825195312500e-01
3.236909508705139160e-01
9.901269674301147461e-01
7.367454469203948975e-02
9.941851496696472168e-01
4.394548535346984863e-01
9.949356317520141602e-01
9.595642089843750000e-01
7.530377479270100594e-04
9.841486811637878418e-01
9.502444863319396973e-01
8.093103170394897461e-01
9.875172972679138184e-01
1.378870904445648193e-01
7.846423387527465820e-01
1.369012147188186646e-01
5.156817436218261719e-01
1.948552578687667847e-02
9.991788268089294434e-01
9.831497073173522949e-01
9.957835674285888672e-01
8.259314894676208496e-01
3.247303143143653870e-02
9.127818979322910309e-03
6.314896163530647755e-04
2.383581250905990601e-01
1.379047632217407227e-01
6.534808874130249023e-01
7.998360693454742432e-02
9.507257342338562012e-01
7.852594852447509766e-01
8.155353367328643799e-02
4.022869467735290527e-01
2.326956391334533691e-01
5.474600791931152344e-01
9.989334940910339355e-01
7.063792347908020020e-01
1.119452994316816330e-02
5.401443317532539368e-02
3.478420153260231018e-02
9.965985417366027832e-01
9.741665124893188477e-01
6.101601123809814453e-01
7.548050582408905029e-02
9.985095858573913574e-01
2.205988205969333649e-02
6.817502975463867188e-01
7.278631925582885742e-01
5.674060434103012085e-02
3.474202007055282593e-03
6.451959256082773209e-03
7.746393084526062012e-01
9.983949065208435059e-01
1.771713607013225555e-02
7.296545058488845825e-02
8.124952018260955811e-02
9.995611310005187988e-01
5.189421353861689568e-04
9.911957979202270508e-01
9.977188706398010254e-01
6.639989018440246582e-01
6.720356345176696777e-01
8.303577899932861328e-01
9.994044303894042969e-01
3.946769610047340393e-02
2.325623780488967896e-01
3.044443577527999878e-02
8.637279868125915527e-01
9.992684721946716309e-01
2.294972800882533193e-04
8.554450273513793945e-01
5.389634679886512458e-05
2.377859083935618401e-03
1.934840716421604156e-02
3.686725976876914501e-04
9.571753144264221191e-01
9.997027516365051270e-01
9.288031458854675293e-01
9.226679205894470215e-01
3.900202810764312744e-01
9.805564880371093750e-01
4.649618268013000488e-02
4.580541253089904785e-01
2.379353791475296021e-01
9.972181320190429688e-01
2.885921001434326172e-01
4.168574213981628418e-01
9.311000108718872070e-01
6.087047513574361801e-04
6.530324220657348633e-01
2.799882367253303528e-02
9.970642924308776855e-01
6.246776580810546875e-01
9.963350296020507812e-01
4.354367852210998535e-01
4.224576354026794434e-01
9.248431921005249023e-01
5.721850395202636719e-01
4.904018715023994446e-03
9.978247880935668945e-01
1.652394384145736694e-01
8.718006610870361328e-01
9.815486073493957520e-01
1.335453707724809647e-03
1.678710281848907471e-01
1.827116706408560276e-03
9.950410723686218262e-01
9.496617317199707031e-01
5.289250519126653671e-03
9.056447744369506836e-01
3.396930696908384562e-04
9.051107168197631836e-01
9.161771088838577271e-02
8.330428004264831543e-01
9.662689566612243652e-01
9.420729875564575195e-01
1.433530896902084351e-01
9.991482496261596680e-01
1.630756771191954613e-03
9.595725536346435547e-01
9.630264043807983398e-01
1.964957118034362793e-01
2.922097444534301758e-01
2.248211763799190521e-03
9.903387427330017090e-01
9.942933320999145508e-01
8.362528681755065918e-02
9.118791818618774414e-01
6.595343351364135742e-02
9.940049052238464355e-01
1.350534730590879917e-03
7.521289587020874023e-02
9.912486076354980469e-01
8.990116119384765625e-01
9.877560138702392578e-01
1.956337541341781616e-01
9.638494253158569336e-01
9.968191385269165039e-01
9.904789328575134277e-01
9.994962215423583984e-01
9.856278896331787109e-01
9.456814527511596680e-01
1.231751288287341595e-03
4.179820120334625244e-01
9.961650371551513672e-01
9.992690682411193848e-01
9.288031458854675293e-01
9.898124337196350098e-01
9.040815830230712891e-01
8.239247202873229980e-01
9.414803981781005859e-01
9.804716706275939941e-01
9.994764924049377441e-01
1.256664982065558434e-04
8.211546391248703003e-02
3.799820244312286377e-01
9.651987552642822266e-01
5.886561274528503418e-01
9.777910113334655762e-01
7.136522531509399414e-01
1.119615510106086731e-02
9.062901735305786133e-01
5.616345405578613281e-01
8.528007864952087402e-01
9.997313618659973145e-01
2.729600993916392326e-03
9.951770305633544922e-01
4.930527135729789734e-02
3.881796896457672119e-01
7.611639499664306641e-01
6.134831309318542480e-01
2.934923954308032990e-02
9.510419964790344238e-01
2.242074348032474518e-03
3.957629799842834473e-01
9.921403527259826660e-01
9.501284360885620117e-01
9.915950894355773926e-01
9.689391255378723145e-01
4.888843894004821777e-01
5.715819541364908218e-03
8.637141585350036621e-01
9.994090795516967773e-01
9.993306398391723633e-01
6.116505861282348633e-01
3.828594982624053955e-01
2.651182876434177160e-04
9.849774837493896484e-01
9.442532658576965332e-01
9.949114918708801270e-01
9.843110442161560059e-01
9.140400290489196777e-01
9.984787106513977051e-01
7.697446346282958984e-01
9.998095631599426270e-01
2.544174492359161377e-01
9.243304729461669922e-01
2.923661172389984131e-01
9.214184880256652832e-01
4.950689151883125305e-02
1.737217977643013000e-02
9.974714517593383789e-01
2.936594653874635696e-03
9.840075373649597168e-01
9.771273732185363770e-01
9.974868297576904297e-01
3.145946189761161804e-03
8.217155188322067261e-02
8.797298073768615723e-01
3.303813040256500244e-01
5.324924364686012268e-03
1.600628346204757690e-01
9.993945360183715820e-01
9.984070658683776855e-01
9.961328506469726562e-01
6.561735272407531738e-02
9.991294741630554199e-01
1.276926398277282715e-01
9.707683324813842773e-01
5.703589916229248047e-01
9.666805267333984375e-01
9.282237887382507324e-01
6.735392526024952531e-05
9.288413524627685547e-01
8.494192361831665039e-01
1.725016511045396328e-03
4.282954335212707520e-01
8.104335665702819824e-01
8.840891122817993164e-01
9.830355644226074219e-01
2.116994559764862061e-01
9.948674440383911133e-01
9.945014715194702148e-01
9.890723228454589844e-01
7.688040137290954590e-01
9.951018095016479492e-01
9.909284710884094238e-01
9.939436316490173340e-01
8.327077627182006836e-01
3.999705612659454346e-01
9.586161375045776367e-01
9.965590834617614746e-01
9.990247488021850586e-01
1.413576974300667644e-04
2.201498597860336304e-01
9.941934943199157715e-01
5.747854113578796387e-01
5.056731775403022766e-02
7.263666391372680664e-01
6.925908923149108887e-01
2.786560729146003723e-02
9.920382499694824219e-01
9.899898767471313477e-01
8.665313720703125000e-01
9.457942843437194824e-01
9.880204796791076660e-01
9.550864100456237793e-01
1.728796283714473248e-03
3.872832283377647400e-02
3.511821627616882324e-01
4.848153330385684967e-03
9.663639068603515625e-01
9.562018327414989471e-03
9.966726303100585938e-01
9.656072854995727539e-01
1.078782515833154321e-04
9.025995135307312012e-01
8.771717548370361328e-03
9.968233108520507812e-01
4.864114522933959961e-01
1.249146163463592529e-01
1.145087834447622299e-02
9.934481978416442871e-01
9.983115196228027344e-01
9.989631175994873047e-01
3.309806052129715681e-04
6.765714287757873535e-01
9.835208654403686523e-01
9.505832195281982422e-01
9.643216729164123535e-01
1.752201169729232788e-01
9.731545448303222656e-01
9.949905276298522949e-01
9.979641437530517578e-01
5.074259042739868164e-01
1.746376752853393555e-01
9.993558526039123535e-01
8.706587553024291992e-01
9.472184181213378906e-01
6.805669981986284256e-04
9.925320744514465332e-01
9.997438788414001465e-01
9.862067103385925293e-01
7.771291732788085938e-01
9.887585639953613281e-01
6.660935878753662109e-01
2.062055021524429321e-01
2.470470219850540161e-01
9.924191236495971680e-01
5.791122093796730042e-02
1.144268661737442017e-01
5.145750194787979126e-02
9.983403682708740234e-01
4.673285782337188721e-01
7.110617123544216156e-03
9.884620904922485352e-01
4.524276033043861389e-02
9.859777055680751801e-04
9.882500171661376953e-01
9.569382667541503906e-01
1.157008260488510132e-01
4.804352938663214445e-04
5.467262864112854004e-01
8.495587706565856934e-01
1.826466619968414307e-01
1.531174927949905396e-01
1.899233758449554443e-01
1.674276427365839481e-04
4.587688483297824860e-03
1.944904327392578125e-01
9.127436280250549316e-01
7.591893672943115234e-01
9.995476603507995605e-01
1.611570566892623901e-01
5.229437351226806641e-01
5.784710049629211426e-01
8.378968238830566406e-01
9.625354409217834473e-01
2.773224841803312302e-03
2.277940511703491211e-04
9.929943680763244629e-01
9.112006425857543945e-01
9.710934162139892578e-01
9.989871382713317871e-01
5.967932343482971191e-01
9.017486125230789185e-02
9.727211594581604004e-01
6.563004851341247559e-01
9.886254072189331055e-01
7.656543850898742676e-01
6.663162112236022949e-01
1.455571055412292480e-01
8.129771351814270020e-01
1.595488935708999634e-01
9.982793331146240234e-01
9.861069917678833008e-01
5.022289156913757324e-01
3.969681856688112020e-04
1.021608486771583557e-01
5.012291073799133301e-01
9.996659755706787109e-01
1.257232874631881714e-01
9.227390885353088379e-01
6.180363893508911133e-01
2.698693871498107910e-01
7.231751829385757446e-02
2.029786072671413422e-02
1.118669360876083374e-01
9.058152884244918823e-02
1.378248780965805054e-01
9.975439906120300293e-01
9.979641437530517578e-01
9.990190267562866211e-01
8.476281166076660156e-02
9.267699122428894043e-01
6.717291660606861115e-03
9.848203063011169434e-01
6.202413933351635933e-04
2.278596512041985989e-04
9.515013098716735840e-01
8.139305114746093750e-01
1.924957484006881714e-01
9.979403614997863770e-01
9.805481433868408203e-01
9.654346704483032227e-01
5.237282440066337585e-02
7.473639249801635742e-01
9.988883137702941895e-01
2.809176743030548096e-01
9.760208129882812500e-01
1.911432147026062012e-01
9.907544851303100586e-01
9.121006727218627930e-01
4.032923281192779541e-01
8.570896983146667480e-01
9.812482595443725586e-01
9.717112183570861816e-01
9.442176222801208496e-01
7.515972256660461426e-01
7.816517353057861328e-02
9.503143429756164551e-01
4.346917569637298584e-02
1.156022399663925171e-01
9.990414977073669434e-01
1.582891331054270267e-03
8.038084954023361206e-02
5.943705909885466099e-04
5.125995278358459473e-01
2.320642524864524603e-04
3.142717760056257248e-03
9.171203374862670898e-01
3.980013134423643351e-04
9.995417594909667969e-01
9.960462450981140137e-01
9.757446050643920898e-01
1.066830661147832870e-02
9.914078116416931152e-01
9.860585331916809082e-01
3.246227279305458069e-03
3.551518172025680542e-02
9.966852068901062012e-01
1.389040648937225342e-01
9.834037423133850098e-01
7.843516469001770020e-01
9.677929431200027466e-02
9.882375597953796387e-01
3.446071147918701172e-01
9.893237948417663574e-01
6.531493663787841797e-01
8.463513255119323730e-01
6.884478498250246048e-03
6.198692135512828827e-03
6.656137993559241295e-04
3.101425617933273315e-02
4.326961789047345519e-05
9.995772242546081543e-01
4.334707278758287430e-03
9.721490740776062012e-01
9.961613416671752930e-01
9.253581762313842773e-01
9.936298727989196777e-01
8.406894281506538391e-03
5.543257296085357666e-02
9.991739392280578613e-01
5.354683380573987961e-04
2.010779455304145813e-03
9.815868735313415527e-01
8.499390482902526855e-01
9.980235099792480469e-01
6.587226986885070801e-01
1.224776846356689930e-03
9.360380172729492188e-01
7.028515934944152832e-01
2.249159151688218117e-04
1.602836251258850098e-01
4.555172622203826904e-01
8.507030010223388672e-01
5.917483475059270859e-03
9.473383426666259766e-01
1.630413830280303955e-01
8.912739157676696777e-02
9.964144229888916016e-01
6.114863231778144836e-02
5.171019434928894043e-01
8.257591128349304199e-01
7.470216602087020874e-02
8.150499463081359863e-01
6.832996755838394165e-02
9.715310335159301758e-01
9.688816070556640625e-01
9.899284243583679199e-01
9.995759129524230957e-01
9.978716373443603516e-01
3.057650849223136902e-02
8.498197197914123535e-01
5.932684987783432007e-02
1.858236268162727356e-02
1.006112943287007511e-04
9.950523972511291504e-01
5.456485748291015625e-01
9.680957794189453125e-01
9.472262263298034668e-01
5.079302005469799042e-03
9.868466258049011230e-01
2.244054079055786133e-01
6.814179420471191406e-01
4.542801380157470703e-01
9.730777144432067871e-01
1.301088836044073105e-03
1.207723245024681091e-01
6.978103192523121834e-04
9.526430368423461914e-01
1.554121117806062102e-04
9.996566772460937500e-01
3.798645138740539551e-01
7.110573649406433105e-01
8.349613547325134277e-01
5.754148364067077637e-01
9.757450222969055176e-01
9.996453523635864258e-01
9.963889122009277344e-01
8.306113481521606445e-01
9.063074588775634766e-01
9.441691040992736816e-01
1.808676496148109436e-02
6.808202266693115234e-01
5.951477289199829102e-01
5.865494534373283386e-02
6.554231047630310059e-02
9.699355363845825195e-01
3.553647920489311218e-02
1.589392311871051788e-02
1.570715755224227905e-01
9.897260069847106934e-01
7.727148532867431641e-01
8.656751364469528198e-03
9.667670726776123047e-01
8.361842036247253418e-01
8.597105741500854492e-03
4.392573982477188110e-02
4.839559495449066162e-01
8.145362138748168945e-01
7.147294878959655762e-01
2.433744519948959351e-01
9.956521391868591309e-01
3.683931380510330200e-02
9.741361737251281738e-01
1.035379543900489807e-01
9.986408352851867676e-01
7.470338139683008194e-03
9.995785355567932129e-01
3.593366593122482300e-02
9.262924194335937500e-01
8.818241622066125274e-05
9.938988685607910156e-01
9.719561934471130371e-01
8.138663172721862793e-01
9.888392090797424316e-01
9.616603851318359375e-01
9.993624091148376465e-01
1.272608786821365356e-01
4.751625061035156250e-01
9.968042373657226562e-01
4.213919937610626221e-01
9.993963241577148438e-01
1.072555109858512878e-01
1.444028969854116440e-02
9.543677568435668945e-01
9.281960725784301758e-01
1.858807227108627558e-04
1.129570230841636658e-01
9.999625682830810547e-01
9.966099858283996582e-01
1.908583194017410278e-02
3.372109532356262207e-01
2.043869197368621826e-01
1.587572623975574970e-04
9.710204787552356720e-03
7.531684241257607937e-05
6.328668678179383278e-05
3.551797270774841309e-01
2.275983989238739014e-01
1.441427273675799370e-03
1.907653204398229718e-04
5.077121779322624207e-03
9.952533245086669922e-02
9.993115663528442383e-01
8.615265786647796631e-02
8.411647677421569824e-01
9.989662170410156250e-01
3.184052407741546631e-01
6.837515830993652344e-01
9.983786344528198242e-01
2.095613454002887011e-04
9.991008043289184570e-01
9.566411972045898438e-01
6.742765903472900391e-01
7.850918769836425781e-01
3.859388530254364014e-01
9.166694283485412598e-01
7.877081632614135742e-01
3.001711964607238770e-01
1.598775945603847504e-02
2.607954374980181456e-04
9.999144077301025391e-01
2.799107432365417480e-01
6.746497005224227905e-03
9.979668259620666504e-01
9.691474437713623047e-01
2.292776703834533691e-01
9.986309409141540527e-01
8.533547520637512207e-01
7.502499502152204514e-03
8.071866468526422977e-04
2.737846076488494873e-01
9.869966506958007812e-01
9.997653365135192871e-01
9.943502545356750488e-01
8.606756329536437988e-01
7.537448406219482422e-01
7.937383651733398438e-01
8.890907764434814453e-01
9.822092056274414062e-01
3.207864239811897278e-03
9.974353909492492676e-01
1.694213747978210449e-01
1.584600831847637892e-04
9.942370653152465820e-01
9.929836988449096680e-01
5.357033014297485352e-01
8.822349309921264648e-01
9.886737465858459473e-01
7.129045128822326660e-01
9.934552311897277832e-01
9.989318251609802246e-01
1.761126186465844512e-04
9.908800125122070312e-01
9.045934677124023438e-01
9.781936407089233398e-01
4.080001413822174072e-01
5.910339206457138062e-02
1.687698066234588623e-01
1.797968596220016479e-01
6.011791825294494629e-01
1.902995631098747253e-02
3.140707314014434814e-02
1.658500172197818756e-02
9.987837672233581543e-01
3.336076736450195312e-01
2.265143692493438721e-01
9.987249970436096191e-01
9.955160021781921387e-01
4.259252548217773438e-01
9.949323534965515137e-01
5.643851161003112793e-01
5.957531332969665527e-01
9.983402490615844727e-01
7.336440961807966232e-03
1.975191682577133179e-01
9.738423824310302734e-01
3.588691353797912598e-01
5.927606020122766495e-03
9.712772369384765625e-01
5.347084403038024902e-01
1.401083916425704956e-01
9.975868463516235352e-01
9.573062062263488770e-01
9.991207718849182129e-01
9.943108558654785156e-01
3.485072031617164612e-02
9.562127590179443359e-01
9.990505576133728027e-01
2.569310739636421204e-02
9.974806904792785645e-01
7.937651276588439941e-01
9.975181818008422852e-01
3.339717984199523926e-01
8.995261788368225098e-01
9.480839371681213379e-01
9.982660412788391113e-01
9.355117082595825195e-01
7.134034037590026855e-01
9.996252059936523438e-01
9.664108753204345703e-01
3.720585107803344727e-01
9.763100743293762207e-02
9.142534136772155762e-01
9.639686942100524902e-01
9.900064468383789062e-01
5.784710049629211426e-01
7.254793643951416016e-01
4.503225386142730713e-01
9.637289643287658691e-01
8.301176428794860840e-01
3.344286000356078148e-03
8.416003584861755371e-01
8.438073396682739258e-01
5.844202637672424316e-01
2.535302890464663506e-03
9.265325665473937988e-01
3.134370967745780945e-02
1.201987080276012421e-02
9.616619348526000977e-01
7.148188352584838867e-01
6.549262255430221558e-02
8.979816734790802002e-02
1.401402801275253296e-01
8.577298521995544434e-01
9.983149766921997070e-01
7.912597060203552246e-01
3.829210996627807617e-01
9.835017323493957520e-01
9.601742029190063477e-01
4.188779741525650024e-02
9.255076199769973755e-02
9.382245130836963654e-03
9.989371895790100098e-01
1.289308723062276840e-02
5.608021840453147888e-02
9.906127452850341797e-01
1.039528986439108849e-03
9.997696280479431152e-01
4.488008469343185425e-02
9.913811087608337402e-01
1.542654931545257568e-01
3.782491683959960938e-01
9.084665775299072266e-01
6.169072538614273071e-02
9.972621202468872070e-01
3.129925429821014404e-01
8.379937498830258846e-04
3.233146294951438904e-02
2.479937672615051270e-02
2.087772935628890991e-01
2.104176133871078491e-01
3.387977834790945053e-03
9.774016141891479492e-01
1.252257525920867920e-01
4.502687752246856689e-01
8.199502229690551758e-01
6.459774971008300781e-01
9.849164485931396484e-01
3.429484058870002627e-05
9.994718432426452637e-01
7.969932556152343750e-01
9.861796498298645020e-01
1.395039409399032593e-01
9.768087863922119141e-01
8.819104433059692383e-01
9.942256808280944824e-01
9.993243217468261719e-01
9.825162887573242188e-01
9.987134933471679688e-01
3.061798587441444397e-02
2.655160129070281982e-01
2.303832588950172067e-04
4.485333859920501709e-01
6.924738287925720215e-01
3.953213393688201904e-01
9.971785545349121094e-01
3.599736664909869432e-04
3.396050538867712021e-03
8.669776916503906250e-01
1.087462157011032104e-01
7.756150364875793457e-01
6.958268880844116211e-01
9.035005569458007812e-01
9.349498152732849121e-01
9.969378709793090820e-01
9.192228317260742188e-01
8.531252853572368622e-03
9.986696243286132812e-01
9.601170420646667480e-01
9.518159627914428711e-01
9.678854346275329590e-01
9.216832518577575684e-01
9.991350769996643066e-01
9.926727414131164551e-01
2.111869398504495621e-03
4.853784665465354919e-02
1.413574209436774254e-03
9.933613538742065430e-01
9.906795620918273926e-01
2.745157107710838318e-02
9.994267225265502930e-01
6.193482875823974609e-02
9.991301894187927246e-01
3.197215124964714050e-02
7.690831422805786133e-01
9.937729239463806152e-01
9.745168685913085938e-01
7.788425311446189880e-03
5.878967046737670898e-01
9.984053969383239746e-01
9.094307315535843372e-04
4.143872261047363281e-01
9.966418743133544922e-01
7.464892268180847168e-01
2.788700759410858154e-01
2.088554389774799347e-02
8.177109062671661377e-03
4.421054571866989136e-02
9.960615038871765137e-01
8.850528597831726074e-01
9.929094910621643066e-01
9.878792166709899902e-01
5.927762985229492188e-01
9.987873435020446777e-01
1.797496224753558636e-03
9.693099260330200195e-01
9.920940995216369629e-01
2.367582172155380249e-01
5.669032931327819824e-01
7.005288451910018921e-02
1.364925876259803772e-02
8.935064673423767090e-01
4.259420931339263916e-02
2.309103310108184814e-02
8.136045187711715698e-02
1.376700550317764282e-01
3.353636711835861206e-02
5.797370150685310364e-02
9.930094480514526367e-01
9.142034053802490234e-01
1.390702277421951294e-01
2.719874680042266846e-01
8.153932541608810425e-02
2.389329224824905396e-01
1.602030545473098755e-02
1.983211487531661987e-01
9.384791553020477295e-02
5.607412457466125488e-01
1.532103586941957474e-02
2.688345313072204590e-02
9.989709854125976562e-01
4.905872344970703125e-01
9.981476068496704102e-01
9.592351317405700684e-01
4.423289746046066284e-02
8.956202864646911621e-01
9.985542893409729004e-01
9.971960783004760742e-01
7.992275641299784184e-04
9.588595032691955566e-01
8.995193243026733398e-01
9.970948696136474609e-01
6.490108370780944824e-01
9.060999155044555664e-01
2.570562660694122314e-01
9.795902967453002930e-01
9.943563342094421387e-01
9.697639942169189453e-01
1.696346253156661987e-01
2.047170400619506836e-01
4.822365045547485352e-01
1.463565379381179810e-01
2.824722230434417725e-02
9.986164569854736328e-01
1.302789300680160522e-01
1.220622360706329346e-01
2.542885839939117432e-01
1.161388233304023743e-01
4.034132510423660278e-02
5.691640377044677734e-01
9.940183162689208984e-01
9.984186887741088867e-01
9.711762666702270508e-01
9.741332530975341797e-01
9.978037476539611816e-01
4.740916490554809570e-01
1.935134758241474628e-03
9.011941552162170410e-01
2.134740818291902542e-03
6.002802401781082153e-02
3.229519119486212730e-03
9.984458088874816895e-01
9.734048694372177124e-02
9.732613563537597656e-01
9.745637178421020508e-01
9.636564254760742188e-01
9.861295819282531738e-01
9.990608096122741699e-01
5.868908762931823730e-02
9.894565939903259277e-01
9.943852424621582031e-01
9.996509552001953125e-01
1.790291571523994207e-04
1.620927266776561737e-02
6.922674775123596191e-01
2.136667445302009583e-02
9.986281394958496094e-01
6.028172969818115234e-01
9.994452595710754395e-01
9.977840781211853027e-01
1.096948236227035522e-01
9.997575879096984863e-01
9.838342666625976562e-01
1.693227887153625488e-01
8.708598613739013672e-01
