4.062590003013610840e-01
5.442249774932861328e-01
4.872518777847290039e-01
6.693170070648193359e-01
4.332699477672576904e-01
6.128497719764709473e-01
4.903118312358856201e-01
3.443964719772338867e-01
5.130916237831115723e-01
4.153454005718231201e-01
5.270616412162780762e-01
4.867833554744720459e-01
3.613848686218261719e-01
4.220408201217651367e-01
5.746356844902038574e-01
4.320308864116668701e-01
5.675402283668518066e-01
5.080611705780029297e-01
6.104139089584350586e-01
5.002823472023010254e-01
5.312585234642028809e-01
4.621742069721221924e-01
6.682482957839965820e-01
4.758639037609100342e-01
5.341874957084655762e-01
4.133829772472381592e-01
3.769992589950561523e-01
5.706521272659301758e-01
3.322802782058715820e-01
4.276268482208251953e-01
5.429530143737792969e-01
4.657714366912841797e-01
4.835807085037231445e-01
5.236166119575500488e-01
3.000267148017883301e-01
4.096850156784057617e-01
4.526619911193847656e-01
4.738952815532684326e-01
3.965440988540649414e-01
6.133368611335754395e-01
5.376247167587280273e-01
4.931710064411163330e-01
3.855557143688201904e-01
6.110549569129943848e-01
5.773026943206787109e-01
5.334616303443908691e-01
5.758317708969116211e-01
4.212126731872558594e-01
5.281288623809814453e-01
5.787343978881835938e-01
5.249924659729003906e-01
3.700316250324249268e-01
6.572075486183166504e-01
7.273488044738769531e-01
7.254459857940673828e-01
5.462686419486999512e-01
3.662769198417663574e-01
4.398784637451171875e-01
5.749675631523132324e-01
4.333797693252563477e-01
6.105645298957824707e-01
5.683295130729675293e-01
5.375461578369140625e-01
3.681770563125610352e-01
4.711087048053741455e-01
4.448603987693786621e-01
5.012028217315673828e-01
4.775373935699462891e-01
6.921913623809814453e-01
3.807091116905212402e-01
6.108992099761962891e-01
6.552890539169311523e-01
3.694957196712493896e-01
3.329402804374694824e-01
5.796666145324707031e-01
4.855083227157592773e-01
6.590894460678100586e-01
4.644416570663452148e-01
4.203576147556304932e-01
5.351975560188293457e-01
5.655201673507690430e-01
4.314383566379547119e-01
4.151256382465362549e-01
5.320552587509155273e-01
4.967871010303497314e-01
4.516369998455047607e-01
6.082714200019836426e-01
4.015473425388336182e-01
3.545453250408172607e-01
4.354849755764007568e-01
5.893247127532958984e-01
4.414961040019989014e-01
4.462249577045440674e-01
3.618483841419219971e-01
7.127412557601928711e-01
4.428660273551940918e-01
6.921449303627014160e-01
4.927895069122314453e-01
4.594573974609375000e-01
6.898773908615112305e-01
4.396025240421295166e-01
4.088936150074005127e-01
3.193044066429138184e-01
6.057165861129760742e-01
4.641872346401214600e-01
4.825100898742675781e-01
4.243993461132049561e-01
5.726296901702880859e-01
4.541633725166320801e-01
3.715481460094451904e-01
5.402682423591613770e-01
5.097676515579223633e-01
7.300606369972229004e-01
6.329680681228637695e-01
4.980883002281188965e-01
5.119650959968566895e-01
5.000247359275817871e-01
6.713886260986328125e-01
4.907948076725006104e-01
4.889081716537475586e-01
5.934385061264038086e-01
5.221855640411376953e-01
5.763521790504455566e-01
7.359369993209838867e-01
5.227887630462646484e-01
4.142773747444152832e-01
4.352238774299621582e-01
5.009475946426391602e-01
6.109802722930908203e-01
2.835558950901031494e-01
3.110781908035278320e-01
2.727858424186706543e-01
4.073556959629058838e-01
4.568461477756500244e-01
5.183316469192504883e-01
6.876558661460876465e-01
4.949239194393157959e-01
5.495498180389404297e-01
5.717493295669555664e-01
3.223650157451629639e-01
5.797396898269653320e-01
4.435946941375732422e-01
4.601258635520935059e-01
4.019275903701782227e-01
5.537897348403930664e-01
5.183190107345581055e-01
5.511084198951721191e-01
5.111631155014038086e-01
5.769242644309997559e-01
3.656117618083953857e-01
3.551080524921417236e-01
5.621509552001953125e-01
7.029659152030944824e-01
6.122827529907226562e-01
4.150553941726684570e-01
4.970794916152954102e-01
6.136789917945861816e-01
5.513360500335693359e-01
3.152635395526885986e-01
5.323483347892761230e-01
3.737408816814422607e-01
5.243208408355712891e-01
4.751848876476287842e-01
3.095437288284301758e-01
4.823104739189147949e-01
5.514145493507385254e-01
5.047877430915832520e-01
7.835625410079956055e-01
5.256456136703491211e-01
4.818466007709503174e-01
5.334066152572631836e-01
4.537663161754608154e-01
5.625284910202026367e-01
3.676439821720123291e-01
3.763891458511352539e-01
5.229650139808654785e-01
4.898350834846496582e-01
5.084020495414733887e-01
6.274368762969970703e-01
5.099737644195556641e-01
3.469212949275970459e-01
6.455825567245483398e-01
5.156008005142211914e-01
4.173886179924011230e-01
4.844235181808471680e-01
5.969596505165100098e-01
4.170493781566619873e-01
4.453864395618438721e-01
4.732867479324340820e-01
5.153348445892333984e-01
5.757731795310974121e-01
4.442246258258819580e-01
3.925336003303527832e-01
5.906428694725036621e-01
4.784621596336364746e-01
4.449378848075866699e-01
4.438413083553314209e-01
4.963235855102539062e-01
4.277907907962799072e-01
3.809367120265960693e-01
3.886125981807708740e-01
4.775007963180541992e-01
5.830717086791992188e-01
3.372542262077331543e-01
3.925386071205139160e-01
3.378371298313140869e-01
3.496998846530914307e-01
4.542592167854309082e-01
5.345655083656311035e-01
4.268184602260589600e-01
5.966916084289550781e-01
2.567133307456970215e-01
3.643065989017486572e-01
3.978954255580902100e-01
5.057293772697448730e-01
6.980625391006469727e-01
4.725343883037567139e-01
5.077663660049438477e-01
5.015493035316467285e-01
5.557771325111389160e-01
5.637602806091308594e-01
6.650719642639160156e-01
4.198620915412902832e-01
5.043441057205200195e-01
6.084624528884887695e-01
3.402095139026641846e-01
6.190428137779235840e-01
4.736396372318267822e-01
2.826906442642211914e-01
5.174158215522766113e-01
6.054000258445739746e-01
4.425416588783264160e-01
4.951445460319519043e-01
6.219528913497924805e-01
3.705464303493499756e-01
4.869432151317596436e-01
5.567578077316284180e-01
3.427136838436126709e-01
5.261628031730651855e-01
3.706900775432586670e-01
4.623434543609619141e-01
6.791005134582519531e-01
3.414693474769592285e-01
5.436778068542480469e-01
4.438523948192596436e-01
4.266347289085388184e-01
4.812471866607666016e-01
7.488833665847778320e-01
6.638551354408264160e-01
4.758958816528320312e-01
5.362327098846435547e-01
4.501317143440246582e-01
4.579342901706695557e-01
5.042995214462280273e-01
4.478326737880706787e-01
4.761242866516113281e-01
4.247782826423645020e-01
4.382614493370056152e-01
4.238620996475219727e-01
5.582348108291625977e-01
3.935356438159942627e-01
4.626934528350830078e-01
5.579981207847595215e-01
3.016662001609802246e-01
4.348455965518951416e-01
4.308081269264221191e-01
5.811445713043212891e-01
6.388967037200927734e-01
3.394184708595275879e-01
4.146893322467803955e-01
6.557013392448425293e-01
2.966446876525878906e-01
6.020746231079101562e-01
4.435105919837951660e-01
6.160866022109985352e-01
3.945528864860534668e-01
4.881972968578338623e-01
2.428816407918930054e-01
5.237715244293212891e-01
3.784578144550323486e-01
5.262266993522644043e-01
3.244189918041229248e-01
5.475764870643615723e-01
4.277018904685974121e-01
4.599376618862152100e-01
5.057623386383056641e-01
4.077245593070983887e-01
4.766535162925720215e-01
4.363756477832794189e-01
6.232337355613708496e-01
6.278159618377685547e-01
5.682035088539123535e-01
4.861201643943786621e-01
3.973621726036071777e-01
4.028686285018920898e-01
3.065281808376312256e-01
3.223050832748413086e-01
4.530837237834930420e-01
2.696772217750549316e-01
6.154769062995910645e-01
3.742626011371612549e-01
6.437125205993652344e-01
3.826054632663726807e-01
5.738154649734497070e-01
3.000595867633819580e-01
4.291459321975708008e-01
3.235161900520324707e-01
4.361359775066375732e-01
5.526908636093139648e-01
4.460371732711791992e-01
2.595486938953399658e-01
4.719572663307189941e-01
4.038599133491516113e-01
4.901477396488189697e-01
4.459067285060882568e-01
6.663331389427185059e-01
5.585042238235473633e-01
4.892894923686981201e-01
4.756646156311035156e-01
4.447380304336547852e-01
4.730388522148132324e-01
6.098829507827758789e-01
5.761142969131469727e-01
6.868658065795898438e-01
3.234802782535552979e-01
2.625872492790222168e-01
5.554792284965515137e-01
5.850484371185302734e-01
3.484993875026702881e-01
4.811645746231079102e-01
5.519589185714721680e-01
2.873484194278717041e-01
5.431805253028869629e-01
3.554720282554626465e-01
4.716840386390686035e-01
5.240387320518493652e-01
5.090342760086059570e-01
4.477470517158508301e-01
4.382692277431488037e-01
5.674045085906982422e-01
4.702296853065490723e-01
5.371530652046203613e-01
4.993191659450531006e-01
4.983420670032501221e-01
5.628443360328674316e-01
4.771338701248168945e-01
5.187755823135375977e-01
5.609434843063354492e-01
5.471063852310180664e-01
2.623360157012939453e-01
4.849222600460052490e-01
4.072637259960174561e-01
4.371343553066253662e-01
5.258765220642089844e-01
4.153810143470764160e-01
4.166825413703918457e-01
7.164530754089355469e-01
2.625872492790222168e-01
5.331233143806457520e-01
4.116898179054260254e-01
3.892486691474914551e-01
5.229687690734863281e-01
2.901658713817596436e-01
6.093136668205261230e-01
4.030923843383789062e-01
4.460045695304870605e-01
5.315608978271484375e-01
5.842195153236389160e-01
2.827377021312713623e-01
4.439598917961120605e-01
5.305262804031372070e-01
5.034865140914916992e-01
5.192874073982238770e-01
4.339346587657928467e-01
5.840227007865905762e-01
4.285669028759002686e-01
4.300934374332427979e-01
4.154456257820129395e-01
4.510355293750762939e-01
3.955691158771514893e-01
4.876856207847595215e-01
4.535645842552185059e-01
3.420554697513580322e-01
4.982165694236755371e-01
5.652341246604919434e-01
6.592119336128234863e-01
5.680322051048278809e-01
4.783846735954284668e-01
5.006879568099975586e-01
5.659183263778686523e-01
5.286349654197692871e-01
3.870990872383117676e-01
6.038097143173217773e-01
3.352900743484497070e-01
4.438523948192596436e-01
5.043878555297851562e-01
3.264833688735961914e-01
3.615255057811737061e-01
5.402709841728210449e-01
5.139069557189941406e-01
4.609660804271697998e-01
4.080522656440734863e-01
4.469783008098602295e-01
5.469866394996643066e-01
4.477800726890563965e-01
4.558379948139190674e-01
4.371803700923919678e-01
4.445742666721343994e-01
4.828005135059356689e-01
3.526434600353240967e-01
4.816847741603851318e-01
4.453041255474090576e-01
5.918819308280944824e-01
3.918050825595855713e-01
6.280872821807861328e-01
6.144908070564270020e-01
5.704166889190673828e-01
4.680171310901641846e-01
3.714878857135772705e-01
3.948234915733337402e-01
6.123004555702209473e-01
3.010224401950836182e-01
6.469774246215820312e-01
