3.538435697555541992e-01
4.369171261787414551e-01
4.035495817661285400e-01
6.011034846305847168e-01
5.622517466545104980e-01
6.057364344596862793e-01
6.788665056228637695e-01
8.876395225524902344e-02
5.766955018043518066e-01
5.913389921188354492e-01
5.821859836578369141e-01
2.328715324401855469e-01
5.997807383537292480e-01
5.910738706588745117e-01
5.755357146263122559e-01
5.731917023658752441e-01
1.245313361287117004e-01
6.255235075950622559e-01
6.050349473953247070e-01
1.501523703336715698e-01
6.120367050170898438e-01
6.489865779876708984e-01
5.933549404144287109e-01
6.372484564781188965e-01
5.645211338996887207e-01
6.008784174919128418e-01
6.023910045623779297e-01
6.344954371452331543e-01
6.470636129379272461e-01
7.144334912300109863e-01
5.729090571403503418e-01
3.934643864631652832e-01
4.267436861991882324e-01
5.988655686378479004e-01
5.730971097946166992e-01
6.124176383018493652e-01
5.935038924217224121e-01
5.632906556129455566e-01
5.798244476318359375e-01
5.785089731216430664e-01
6.026992201805114746e-01
6.040348410606384277e-01
5.079686641693115234e-01
1.804162412881851196e-01
5.089243650436401367e-01
5.258439183235168457e-01
3.424278199672698975e-01
6.057094931602478027e-01
3.598197996616363525e-01
6.001266241073608398e-01
5.558574199676513672e-01
6.053733825683593750e-01
6.088312268257141113e-01
6.760636568069458008e-01
5.973835587501525879e-01
5.849190950393676758e-01
1.796298176050186157e-01
5.965958237648010254e-01
3.861112296581268311e-01
4.396494328975677490e-01
5.951702594757080078e-01
5.488145947456359863e-01
5.882102847099304199e-01
6.031597256660461426e-01
6.312642246484756470e-02
6.132090687751770020e-01
6.014637947082519531e-01
1.366053074598312378e-01
3.253424763679504395e-01
4.027068614959716797e-01
1.401020288467407227e-01
4.590670764446258545e-01
6.067391633987426758e-01
5.860414505004882812e-01
5.777594447135925293e-01
6.007622480392456055e-01
1.725423634052276611e-01
5.481794476509094238e-01
6.247245073318481445e-01
6.849048137664794922e-01
3.076939880847930908e-01
2.690585553646087646e-01
6.041489243507385254e-01
6.009598374366760254e-01
6.122471690177917480e-01
6.246510148048400879e-01
7.284385561943054199e-01
5.932518839836120605e-01
3.292869031429290771e-01
5.850555896759033203e-01
6.558631062507629395e-01
6.206064820289611816e-01
6.310700178146362305e-01
4.050806462764739990e-01
4.922321140766143799e-01
3.588611185550689697e-01
6.082634925842285156e-01
6.040403246879577637e-01
4.018937647342681885e-01
6.534671187400817871e-01
5.830183625221252441e-01
5.701992511749267578e-01
1.347704976797103882e-01
6.808407902717590332e-01
5.725818276405334473e-01
3.071552813053131104e-01
5.613483786582946777e-01
5.703200101852416992e-01
3.790311515331268311e-01
5.961131453514099121e-01
6.480243802070617676e-01
6.209223866462707520e-01
5.003495216369628906e-01
6.158223152160644531e-01
2.436860054731369019e-01
5.682830810546875000e-01
6.001266241073608398e-01
4.481224715709686279e-01
6.283335685729980469e-01
4.807111620903015137e-01
1.470833718776702881e-01
5.706990361213684082e-01
6.037867069244384766e-01
6.382109522819519043e-01
6.085147261619567871e-01
5.753554701805114746e-01
5.911345481872558594e-01
4.891943633556365967e-01
6.117657423019409180e-01
6.173622012138366699e-01
5.374669432640075684e-01
3.731128573417663574e-01
6.493887901306152344e-01
6.014927625656127930e-01
6.117767691612243652e-01
5.638768076896667480e-01
6.638599038124084473e-01
6.834846735000610352e-01
1.029941588640213013e-01
4.038914740085601807e-01
7.342373132705688477e-01
5.795914530754089355e-01
5.243833065032958984e-01
6.118205785751342773e-01
5.190204381942749023e-01
5.481890439987182617e-01
6.213039159774780273e-01
5.036219954490661621e-01
5.125133395195007324e-01
6.021334528923034668e-01
5.982310175895690918e-01
6.595141291618347168e-01
4.968564808368682861e-01
5.797907710075378418e-01
5.942401885986328125e-01
4.843689203262329102e-01
5.851660370826721191e-01
6.024395227432250977e-01
6.381082534790039062e-01
5.976883769035339355e-01
2.010728269815444946e-01
5.727369785308837891e-01
5.168983936309814453e-01
6.077291369438171387e-01
3.936661183834075928e-01
6.088762879371643066e-01
6.141689419746398926e-01
6.203529238700866699e-01
4.631871283054351807e-01
6.121408343315124512e-01
5.962640047073364258e-01
1.328152567148208618e-01
6.233473420143127441e-01
6.023431420326232910e-01
5.946402549743652344e-01
1.845632493495941162e-01
6.062582731246948242e-01
5.604605674743652344e-01
5.491004586219787598e-01
4.516334831714630127e-01
6.326190233230590820e-01
7.193977236747741699e-01
6.085962057113647461e-01
1.438939422369003296e-01
6.007453799247741699e-01
9.727424383163452148e-02
1.535128504037857056e-01
6.440175175666809082e-01
5.309975147247314453e-01
6.025523543357849121e-01
6.257858872413635254e-01
6.290810704231262207e-01
5.996020436286926270e-01
4.665813446044921875e-01
5.636783242225646973e-01
6.236761808395385742e-01
1.322581619024276733e-01
4.398851394653320312e-01
5.011543035507202148e-01
1.119515076279640198e-01
6.060863137245178223e-01
5.858741402626037598e-01
3.301823735237121582e-01
3.699842393398284912e-01
3.696199059486389160e-01
2.006525993347167969e-01
5.442956686019897461e-01
4.857091009616851807e-01
5.892204642295837402e-01
6.388891339302062988e-01
5.742364525794982910e-01
6.046196818351745605e-01
6.045978069305419922e-01
5.637889504432678223e-01
2.702137529850006104e-01
3.540237247943878174e-01
5.998100042343139648e-01
5.759832262992858887e-01
4.839314520359039307e-01
9.083272516727447510e-02
5.293295979499816895e-01
8.114872127771377563e-02
6.193798780441284180e-01
6.002591848373413086e-01
6.072372794151306152e-01
5.987989306449890137e-01
6.887107491493225098e-01
4.396460652351379395e-01
6.061650514602661133e-01
6.095229387283325195e-01
5.903973579406738281e-01
6.736939549446105957e-01
6.708381175994873047e-01
7.071254849433898926e-01
3.484256565570831299e-01
1.269237846136093140e-01
5.866652131080627441e-01
5.668068528175354004e-01
5.434115529060363770e-01
1.179598495364189148e-01
5.759294033050537109e-01
6.059255003929138184e-01
5.528280138969421387e-01
2.030026763677597046e-01
5.897430777549743652e-01
1.029040664434432983e-01
1.202174723148345947e-01
5.394038558006286621e-01
6.093989610671997070e-01
6.800432205200195312e-01
4.765101075172424316e-01
5.702782869338989258e-01
1.439475268125534058e-01
5.494044423103332520e-01
6.050576567649841309e-01
4.890587031841278076e-01
8.592879772186279297e-02
5.553966164588928223e-01
6.562061309814453125e-01
5.703576207160949707e-01
5.326274633407592773e-01
6.567714214324951172e-01
6.042723059654235840e-01
6.536685228347778320e-01
4.698011577129364014e-01
1.134891286492347717e-01
4.956737458705902100e-01
1.206145361065864563e-01
5.190578699111938477e-01
4.163151681423187256e-01
5.925590991973876953e-01
6.038649678230285645e-01
5.752612352371215820e-01
5.973029136657714844e-01
5.522943139076232910e-01
6.170946955680847168e-01
1.787871420383453369e-01
5.998719930648803711e-01
6.465160846710205078e-01
6.612544655799865723e-01
6.458336710929870605e-01
5.784740447998046875e-01
5.359231233596801758e-01
4.356283843517303467e-01
6.157374382019042969e-01
6.030248999595642090e-01
4.282822310924530029e-01
6.098824739456176758e-01
5.431619882583618164e-01
6.973877549171447754e-02
6.398279666900634766e-01
6.096138954162597656e-01
5.819038152694702148e-01
5.773330330848693848e-01
6.113451719284057617e-01
5.667662620544433594e-01
5.588036179542541504e-01
6.290680170059204102e-01
5.360422730445861816e-01
6.359321475028991699e-01
4.014409482479095459e-01
3.922476470470428467e-01
6.450999975204467773e-01
5.493621230125427246e-01
5.910555720329284668e-01
7.028835415840148926e-01
9.165646880865097046e-02
5.691468119621276855e-01
2.644335031509399414e-01
4.921263158321380615e-01
3.923870921134948730e-01
5.655161142349243164e-01
5.612886548042297363e-01
5.936659574508666992e-01
1.395798772573471069e-01
6.029111742973327637e-01
5.558574795722961426e-01
6.125828027725219727e-01
5.689710378646850586e-01
5.938189029693603516e-01
6.066393852233886719e-01
6.047303080558776855e-01
5.672466754913330078e-01
4.371891915798187256e-01
5.094763636589050293e-01
5.179879069328308105e-01
5.913745164871215820e-01
5.342464447021484375e-01
6.931408047676086426e-01
2.239439785480499268e-01
6.041152477264404297e-01
6.474876403808593750e-01
6.503767967224121094e-01
6.123188734054565430e-01
5.983005166053771973e-01
6.038317680358886719e-01
6.047207713127136230e-01
6.339957118034362793e-01
1.294732391834259033e-01
5.729470252990722656e-01
6.647285223007202148e-01
5.839154720306396484e-01
6.513311862945556641e-01
6.490804553031921387e-01
5.957352519035339355e-01
1.739572882652282715e-01
6.165388822555541992e-01
6.524814367294311523e-01
6.419994831085205078e-01
1.924331039190292358e-01
3.041999340057373047e-01
6.143493056297302246e-01
5.902378559112548828e-01
6.100866198539733887e-01
6.000609993934631348e-01
6.149663329124450684e-01
6.003814935684204102e-01
6.763412952423095703e-01
6.362258791923522949e-01
6.025983095169067383e-01
5.346110463142395020e-01
1.402719616889953613e-01
6.106873750686645508e-01
5.552876591682434082e-01
4.976314902305603027e-01
6.046052575111389160e-01
5.988326072692871094e-01
1.123453527688980103e-01
6.171312332153320312e-01
6.002409458160400391e-01
5.076490640640258789e-01
2.088067233562469482e-01
1.273144781589508057e-01
5.188255310058593750e-01
4.967589974403381348e-01
9.985383599996566772e-02
9.873997420072555542e-02
1.616786420345306396e-01
6.035014986991882324e-01
5.715841054916381836e-01
6.388615965843200684e-01
6.032581925392150879e-01
5.633683800697326660e-01
6.018775105476379395e-01
6.124609112739562988e-01
5.205164551734924316e-01
5.858756303787231445e-01
4.009805619716644287e-01
5.414583683013916016e-01
7.090925574302673340e-01
5.008682608604431152e-01
6.632964611053466797e-01
6.065599918365478516e-01
6.196889281272888184e-01
5.647959709167480469e-01
3.857735693454742432e-01
6.036042571067810059e-01
6.418078541755676270e-01
6.010458469390869141e-01
5.814148187637329102e-01
6.041689515113830566e-01
1.455498635768890381e-01
6.044055819511413574e-01
6.060439348220825195e-01
1.604873836040496826e-01
2.366888225078582764e-01
6.295042037963867188e-01
6.153645515441894531e-01
4.833451509475708008e-01
6.498709917068481445e-01
5.440742969512939453e-01
6.061669588088989258e-01
6.368981003761291504e-01
5.952811837196350098e-01
5.784963369369506836e-01
6.052852272987365723e-01
6.129627227783203125e-01
3.269185125827789307e-01
5.511496663093566895e-01
4.876624047756195068e-01
2.005347907543182373e-01
6.054831147193908691e-01
6.208657026290893555e-01
1.532441675662994385e-01
6.068095564842224121e-01
5.679813027381896973e-01
6.454386115074157715e-01
5.928434729576110840e-01
6.013712286949157715e-01
1.298798471689224243e-01
1.476452797651290894e-01
6.625561118125915527e-01
6.433700919151306152e-01
5.628347992897033691e-01
5.195339322090148926e-01
3.419646620750427246e-01
5.488430261611938477e-01
6.270366907119750977e-01
5.979129076004028320e-01
6.373791098594665527e-01
5.045443177223205566e-01
4.182728826999664307e-01
6.481838226318359375e-01
6.098130941390991211e-01
2.240355461835861206e-01
5.411572456359863281e-01
5.789536833763122559e-01
5.783244967460632324e-01
6.028730273246765137e-01
6.516487002372741699e-01
5.963779091835021973e-01
5.161854624748229980e-01
5.354039072990417480e-01
6.203215122222900391e-01
6.017751097679138184e-01
6.555761694908142090e-01
5.360632538795471191e-01
1.108117923140525818e-01
4.360095858573913574e-01
5.625461935997009277e-01
2.302709370851516724e-01
1.554148197174072266e-01
3.802677690982818604e-01
1.125102341175079346e-01
6.025171875953674316e-01
6.120502948760986328e-01
6.369206309318542480e-01
6.100543737411499023e-01
5.969906449317932129e-01
4.342100322246551514e-01
1.299800574779510498e-01
5.837674736976623535e-01
1.988410651683807373e-01
5.972820520401000977e-01
1.044959798455238342e-01
5.996011495590209961e-01
5.366074442863464355e-01
5.151675343513488770e-01
6.123611330986022949e-01
5.462210774421691895e-01
6.115604043006896973e-01
5.932820439338684082e-01
6.484940052032470703e-01
5.232313871383666992e-01
6.318349838256835938e-01
5.698360800743103027e-01
6.133136749267578125e-01
2.813171446323394775e-01
4.938443601131439209e-01
4.892734587192535400e-01
4.754423499107360840e-01
5.906854867935180664e-01
5.935283303260803223e-01
6.046100854873657227e-01
5.002200007438659668e-01
6.545951366424560547e-01
6.347776055335998535e-01
5.678323507308959961e-01
6.074828505516052246e-01
1.517481803894042969e-01
5.933923125267028809e-01
5.308498740196228027e-01
1.683409959077835083e-01
4.404276907444000244e-01
5.113201737403869629e-01
6.051150560379028320e-01
4.861199259757995605e-01
3.824703395366668701e-01
6.030505895614624023e-01
5.408868789672851562e-01
5.064216256141662598e-01
6.056895256042480469e-01
4.721567630767822266e-01
5.956535339355468750e-01
6.060842871665954590e-01
5.978508591651916504e-01
6.261869668960571289e-01
6.646980643272399902e-01
7.239057421684265137e-01
3.362045884132385254e-01
5.825486183166503906e-01
6.931408047676086426e-01
5.767364501953125000e-01
6.043089032173156738e-01
5.636172294616699219e-01
4.503163397312164307e-01
2.956359982490539551e-01
1.515180617570877075e-01
6.127192378044128418e-01
1.548898965120315552e-01
2.439465075731277466e-01
4.963887929916381836e-01
5.847128629684448242e-01
6.005416512489318848e-01
6.299225687980651855e-01
6.310536861419677734e-01
1.301245987415313721e-01
3.007484376430511475e-01
6.098166108131408691e-01
2.251099795103073120e-01
5.090544223785400391e-01
5.880100727081298828e-01
5.473601222038269043e-01
6.435993313789367676e-01
3.990859985351562500e-01
4.254640340805053711e-01
4.962078854441642761e-02
6.770861148834228516e-01
9.909307956695556641e-02
5.831823348999023438e-01
5.618281960487365723e-01
6.006780266761779785e-01
6.007699370384216309e-01
5.387508273124694824e-01
1.137579306960105896e-01
6.541137099266052246e-01
6.036833524703979492e-01
5.410739779472351074e-01
5.347856879234313965e-01
6.254522204399108887e-01
6.027398109436035156e-01
1.404611021280288696e-01
6.097659468650817871e-01
5.670174956321716309e-01
6.048614382743835449e-01
6.008154153823852539e-01
5.483474135398864746e-01
5.799387693405151367e-01
4.808901846408843994e-01
3.164316117763519287e-01
4.947636723518371582e-01
4.890067577362060547e-01
5.773960351943969727e-01
6.406370401382446289e-01
5.799008011817932129e-01
3.497760295867919922e-01
6.069691181182861328e-01
5.808449387550354004e-01
6.031641364097595215e-01
5.256526470184326172e-01
4.506816565990447998e-01
5.263895988464355469e-01
5.576255917549133301e-01
5.995241403579711914e-01
6.379132866859436035e-01
1.490813493728637695e-01
5.414255857467651367e-01
6.145679950714111328e-01
5.984990596771240234e-01
5.847291350364685059e-01
5.533864498138427734e-01
4.424992203712463379e-01
4.467582106590270996e-01
6.374176144599914551e-01
6.229293346405029297e-01
3.682541251182556152e-01
2.442969530820846558e-01
5.972614288330078125e-01
1.004015877842903137e-01
5.933447480201721191e-01
5.883727669715881348e-01
2.991841137409210205e-01
5.815773010253906250e-01
4.668956696987152100e-01
2.380914688110351562e-01
5.424714684486389160e-01
6.027054786682128906e-01
5.462477207183837891e-01
5.631344914436340332e-01
5.920051932334899902e-01
6.225094199180603027e-01
1.254519373178482056e-01
6.605962514877319336e-01
5.941190719604492188e-01
4.207346737384796143e-01
5.911846756935119629e-01
5.865828990936279297e-01
3.635665178298950195e-01
6.105203628540039062e-01
6.050648093223571777e-01
6.275107264518737793e-01
5.989241003990173340e-01
6.057062745094299316e-01
2.520428299903869629e-01
6.972677111625671387e-01
4.575949013233184814e-01
5.187775492668151855e-01
5.710285305976867676e-01
5.763525366783142090e-01
6.346313953399658203e-01
5.717599987983703613e-01
6.092772483825683594e-01
6.803758740425109863e-01
6.224613785743713379e-01
6.319387555122375488e-01
1.207005903124809265e-01
6.991989612579345703e-01
2.425644397735595703e-01
5.135386586189270020e-01
6.293346285820007324e-01
6.197231411933898926e-01
1.591087579727172852e-01
6.240681409835815430e-01
5.483748912811279297e-01
6.241095662117004395e-01
6.053965091705322266e-01
6.738246083259582520e-01
5.909792780876159668e-01
3.352201879024505615e-01
6.044051647186279297e-01
5.073798894882202148e-01
4.250577390193939209e-01
6.083758473396301270e-01
6.219429373741149902e-01
3.873794972896575928e-01
1.719519793987274170e-01
4.173144102096557617e-01
5.714285969734191895e-01
6.522985100746154785e-01
5.981127023696899414e-01
1.882767379283905029e-01
4.350470602512359619e-01
3.775079250335693359e-01
4.454838037490844727e-01
6.019133925437927246e-01
6.049131751060485840e-01
5.738919973373413086e-01
1.604185998439788818e-01
6.294007301330566406e-01
6.392099857330322266e-01
5.950574278831481934e-01
5.973950624465942383e-01
4.453358054161071777e-01
4.322958290576934814e-01
5.678904652595520020e-01
6.393957734107971191e-01
6.256292462348937988e-01
3.163470923900604248e-01
6.243815422058105469e-01
2.909990549087524414e-01
5.928441882133483887e-01
7.173013091087341309e-01
1.085623651742935181e-01
6.211184859275817871e-01
5.904271602630615234e-01
6.040482521057128906e-01
5.991567373275756836e-01
6.040812134742736816e-01
1.107507571578025818e-01
1.344561576843261719e-01
3.702206015586853027e-01
5.830894112586975098e-01
6.019117832183837891e-01
5.974402427673339844e-01
6.073452234268188477e-01
5.905963778495788574e-01
6.216984391212463379e-01
5.627588033676147461e-01
1.551314741373062134e-01
6.463150978088378906e-01
4.399172961711883545e-01
6.967923641204833984e-01
5.822761654853820801e-01
6.091095209121704102e-01
6.172977089881896973e-01
6.075443625450134277e-01
3.449175655841827393e-01
1.714268177747726440e-01
5.580129623413085938e-01
5.499648451805114746e-01
5.504845380783081055e-01
4.635493457317352295e-01
5.588752627372741699e-01
6.109024286270141602e-01
6.070457100868225098e-01
6.233475208282470703e-01
6.314198970794677734e-01
5.476433634757995605e-01
6.060195565223693848e-01
6.814499497413635254e-01
1.110066473484039307e-01
6.008480787277221680e-01
3.428563177585601807e-01
4.810485839843750000e-01
5.984653830528259277e-01
5.956022739410400391e-01
6.544715762138366699e-01
4.940502643585205078e-01
6.978711485862731934e-01
6.211203336715698242e-01
5.907270908355712891e-01
6.009505987167358398e-01
5.139501094818115234e-01
6.012538075447082520e-01
2.066078931093215942e-01
6.014509797096252441e-01
6.456245183944702148e-01
6.262736916542053223e-01
7.175309062004089355e-01
6.910523772239685059e-01
5.974285602569580078e-01
3.584019839763641357e-01
5.590666532516479492e-01
5.021299123764038086e-01
5.040856003761291504e-01
5.714550614356994629e-01
6.472027301788330078e-01
5.912942886352539062e-01
6.035102009773254395e-01
6.040779948234558105e-01
6.233550310134887695e-01
6.070795059204101562e-01
5.214529037475585938e-01
4.825587272644042969e-01
6.050317287445068359e-01
5.272056460380554199e-01
5.350720286369323730e-01
5.305299758911132812e-01
6.042671799659729004e-01
5.666344165802001953e-01
1.080202236771583557e-01
6.085594892501831055e-01
6.515501737594604492e-01
5.203988552093505859e-01
3.605784475803375244e-01
3.185421526432037354e-01
3.756618499755859375e-01
6.147699356079101562e-01
5.941442251205444336e-01
6.567991375923156738e-01
6.186851263046264648e-01
5.536783337593078613e-01
5.992925167083740234e-01
5.573508143424987793e-01
6.468712091445922852e-01
6.354066133499145508e-01
3.486144542694091797e-01
5.717250704765319824e-01
4.503413736820220947e-01
5.855198502540588379e-01
6.016090512275695801e-01
6.085284948348999023e-01
5.921700596809387207e-01
6.140883564949035645e-01
5.941700339317321777e-01
6.015095710754394531e-01
1.215753257274627686e-01
2.755109369754791260e-01
5.987723469734191895e-01
6.017805337905883789e-01
2.136599123477935791e-01
9.598647803068161011e-02
5.956155061721801758e-01
6.047129034996032715e-01
6.853640079498291016e-01
6.557962298393249512e-01
6.193094849586486816e-01
6.010658144950866699e-01
6.067672371864318848e-01
5.927158594131469727e-01
6.007895469665527344e-01
7.106129527091979980e-01
7.926063239574432373e-02
2.801105678081512451e-01
6.356468796730041504e-01
4.479339718818664551e-01
1.264881640672683716e-01
4.675218462944030762e-01
5.922958254814147949e-01
6.090756058692932129e-01
6.208514571189880371e-01
5.899018049240112305e-01
6.125120520591735840e-01
6.077053546905517578e-01
5.862415432929992676e-01
6.118729710578918457e-01
6.201466917991638184e-01
6.224648952484130859e-01
5.782443284988403320e-01
4.395638406276702881e-01
6.380661129951477051e-01
6.023181676864624023e-01
1.263439357280731201e-01
5.446100831031799316e-01
5.202758908271789551e-01
5.861521959304809570e-01
6.966831088066101074e-01
5.968653559684753418e-01
2.241506874561309814e-01
4.269832968711853027e-01
1.459797471761703491e-01
6.044864058494567871e-01
4.312146008014678955e-01
6.594293713569641113e-01
5.810620188713073730e-01
6.307076811790466309e-01
1.148580834269523621e-01
5.851141214370727539e-01
7.003740668296813965e-01
7.166744470596313477e-01
5.875034928321838379e-01
5.781410932540893555e-01
5.914681553840637207e-01
6.798791885375976562e-01
5.999346375465393066e-01
5.971246361732482910e-01
6.168228387832641602e-01
6.028535366058349609e-01
4.973444938659667969e-01
5.792296528816223145e-01
6.359791159629821777e-01
4.375912249088287354e-01
5.647954940795898438e-01
5.674999952316284180e-01
6.194908022880554199e-01
5.904032588005065918e-01
1.269162297248840332e-01
4.518449008464813232e-01
5.707438588142395020e-01
6.251716613769531250e-01
6.134092211723327637e-01
6.023794412612915039e-01
5.246415734291076660e-01
1.294401586055755615e-01
6.557275056838989258e-01
7.238931059837341309e-01
5.770009160041809082e-01
4.895400106906890869e-01
6.134383678436279297e-01
1.104316711425781250e-01
4.636891484260559082e-01
6.338134407997131348e-01
5.271613597869873047e-01
5.816665887832641602e-01
4.872240126132965088e-01
4.055516421794891357e-01
5.866237282752990723e-01
5.911110043525695801e-01
5.981199145317077637e-01
6.188764572143554688e-01
6.079396605491638184e-01
6.013250946998596191e-01
5.690492987632751465e-01
5.915450453758239746e-01
4.730593264102935791e-01
5.947628021240234375e-01
6.005011796951293945e-01
5.831548571586608887e-01
6.016703844070434570e-01
5.953766703605651855e-01
5.986552238464355469e-01
6.160598397254943848e-01
4.704146981239318848e-01
6.183242797851562500e-01
7.026789188385009766e-01
6.117947697639465332e-01
4.879843890666961670e-01
4.929610192775726318e-01
5.419405698776245117e-01
7.040057778358459473e-01
5.900435447692871094e-01
5.968043804168701172e-01
1.074197292327880859e-01
6.878093481063842773e-01
6.039236187934875488e-01
5.908460021018981934e-01
5.529612302780151367e-01
6.001309752464294434e-01
6.064383983612060547e-01
5.509134531021118164e-01
6.334853172302246094e-01
5.561383962631225586e-01
6.007258892059326172e-01
6.618438959121704102e-01
5.797448158264160156e-01
5.660185813903808594e-01
5.358646512031555176e-01
4.656798541545867920e-01
4.483858048915863037e-01
6.628661751747131348e-01
3.718117177486419678e-01
5.398421883583068848e-01
4.790634512901306152e-01
6.089258193969726562e-01
2.718393504619598389e-01
6.246166825294494629e-01
5.550823211669921875e-01
5.769657492637634277e-01
7.425450533628463745e-02
4.817760884761810303e-01
6.417481899261474609e-01
2.051688879728317261e-01
5.846257805824279785e-01
6.046706438064575195e-01
5.487220883369445801e-01
1.680972427129745483e-01
5.818639993667602539e-01
5.286659598350524902e-01
4.342956542968750000e-01
5.369515419006347656e-01
6.985004544258117676e-01
6.302095651626586914e-01
5.246835947036743164e-01
2.901478409767150879e-01
5.111792683601379395e-01
6.085758209228515625e-01
6.020310521125793457e-01
1.273815631866455078e-01
5.573110580444335938e-01
1.191638782620429993e-01
2.325708717107772827e-01
5.024240016937255859e-01
5.944121479988098145e-01
3.986200392246246338e-01
6.166929006576538086e-01
6.739343404769897461e-01
4.493805468082427979e-01
5.769089460372924805e-01
2.329688519239425659e-01
3.927748203277587891e-01
5.153610706329345703e-01
5.896623134613037109e-01
6.035106182098388672e-01
1.596509963274002075e-01
6.156728863716125488e-01
5.473050475120544434e-01
3.962866961956024170e-01
5.976508259773254395e-01
1.161293983459472656e-01
5.139171481132507324e-01
5.630285143852233887e-01
5.973691940307617188e-01
5.729740858078002930e-01
6.059705018997192383e-01
5.944989323616027832e-01
6.509680747985839844e-01
2.344165444374084473e-01
6.666116714477539062e-01
4.915387928485870361e-01
6.105269789695739746e-01
5.333208441734313965e-01
1.102546900510787964e-01
6.145737171173095703e-01
2.038496285676956177e-01
6.530379652976989746e-01
4.987455010414123535e-01
6.734399199485778809e-01
6.390851140022277832e-01
9.738301485776901245e-02
6.047715544700622559e-01
3.775516152381896973e-01
6.161507964134216309e-01
3.973128795623779297e-01
5.806707143783569336e-01
4.682586193084716797e-01
6.061674356460571289e-01
4.605560898780822754e-01
6.361978054046630859e-01
5.975893735885620117e-01
5.936999320983886719e-01
6.037634611129760742e-01
8.584490418434143066e-02
5.897117853164672852e-01
5.805264115333557129e-01
5.746957659721374512e-01
6.463143229484558105e-01
6.350669860839843750e-01
6.069439053535461426e-01
4.532403051853179932e-01
5.961456298828125000e-01
4.584856629371643066e-01
5.723019242286682129e-01
4.830314517021179199e-01
5.994986295700073242e-01
5.486267209053039551e-01
5.422371029853820801e-01
5.838541984558105469e-01
5.811328887939453125e-01
3.906441032886505127e-01
6.000484228134155273e-01
5.797519087791442871e-01
6.262564063072204590e-01
6.369804143905639648e-01
6.908045411109924316e-01
6.739343404769897461e-01
3.917741179466247559e-01
6.040992736816406250e-01
5.595519542694091797e-01
5.956925749778747559e-01
5.548982024192810059e-01
6.611644625663757324e-01
1.017290130257606506e-01
4.039491415023803711e-01
5.888113379478454590e-01
5.883101820945739746e-01
4.741451442241668701e-01
6.366350650787353516e-01
6.150702834129333496e-01
6.201460957527160645e-01
5.574468374252319336e-01
5.975399613380432129e-01
6.258452534675598145e-01
4.418788254261016846e-01
2.844632863998413086e-01
6.357364058494567871e-01
1.461828500032424927e-01
4.932193756103515625e-01
5.231987237930297852e-01
5.548708438873291016e-01
5.999025106430053711e-01
6.481266021728515625e-01
8.447544276714324951e-02
6.733438372611999512e-01
5.871259570121765137e-01
6.848804950714111328e-01
5.862207412719726562e-01
4.962836503982543945e-01
5.955980420112609863e-01
4.995132088661193848e-01
4.519169926643371582e-01
7.089259028434753418e-01
5.958517193794250488e-01
1.949566453695297241e-01
5.371669530868530273e-01
7.787105441093444824e-02
6.033787131309509277e-01
5.921747684478759766e-01
5.198833346366882324e-01
4.474915266036987305e-01
6.759961247444152832e-01
5.120375156402587891e-01
5.758847594261169434e-01
3.682541251182556152e-01
6.215013861656188965e-01
6.037320494651794434e-01
1.094706133008003235e-01
5.402372479438781738e-01
6.020426750183105469e-01
3.560022115707397461e-01
5.044461488723754883e-01
5.439282655715942383e-01
5.281882286071777344e-01
6.102411746978759766e-01
5.374669432640075684e-01
9.871249645948410034e-02
5.031219720840454102e-01
6.033424735069274902e-01
6.012648344039916992e-01
1.125539392232894897e-01
6.314229369163513184e-01
5.940514802932739258e-01
6.363196969032287598e-01
5.867503285408020020e-01
5.483675599098205566e-01
5.890939831733703613e-01
5.895576477050781250e-01
6.121354699134826660e-01
6.074150204658508301e-01
5.881348252296447754e-01
6.485570669174194336e-01
1.264414936304092407e-01
6.245560646057128906e-01
6.199080944061279297e-01
5.031720399856567383e-01
3.430365622043609619e-01
3.473275601863861084e-01
5.944206118583679199e-01
6.089619994163513184e-01
5.884825587272644043e-01
5.802056789398193359e-01
6.084018349647521973e-01
6.210569143295288086e-01
7.177211642265319824e-01
5.020073056221008301e-01
5.212152004241943359e-01
6.818770766258239746e-01
6.514332294464111328e-01
5.891829729080200195e-01
6.324187517166137695e-01
6.114436984062194824e-01
6.040903925895690918e-01
1.417350620031356812e-01
5.868169665336608887e-01
6.162578463554382324e-01
6.933244466781616211e-01
6.482169628143310547e-01
4.040904343128204346e-01
5.857070684432983398e-01
2.079531252384185791e-01
2.420570999383926392e-01
6.349891424179077148e-01
6.165429353713989258e-01
6.441525220870971680e-01
4.635104238986968994e-01
5.356135964393615723e-01
6.619572639465332031e-02
5.470598340034484863e-01
5.587339997291564941e-01
3.235149979591369629e-01
5.911310315132141113e-01
4.232828617095947266e-01
6.124147772789001465e-01
5.917734503746032715e-01
2.556030154228210449e-01
6.653350591659545898e-01
6.011692881584167480e-01
6.106644868850708008e-01
2.404026389122009277e-01
3.902916908264160156e-01
6.009139418601989746e-01
5.970070958137512207e-01
5.317639112472534180e-01
6.170384287834167480e-01
2.115402817726135254e-01
6.104505658149719238e-01
7.182582020759582520e-01
5.450326800346374512e-01
4.803039133548736572e-01
6.039423942565917969e-01
6.042250990867614746e-01
5.996987819671630859e-01
6.000874042510986328e-01
5.996798872947692871e-01
6.002688407897949219e-01
5.702444911003112793e-01
4.087737500667572021e-01
3.507904112339019775e-01
2.182790040969848633e-01
5.681049227714538574e-01
4.417839646339416504e-01
6.027092933654785156e-01
6.076856851577758789e-01
6.123411655426025391e-01
5.823760032653808594e-01
3.757585287094116211e-01
6.393520236015319824e-01
5.638387799263000488e-01
2.318651080131530762e-01
6.010493040084838867e-01
5.990070104598999023e-01
6.437274813652038574e-01
6.037245392799377441e-01
1.337465792894363403e-01
5.005796551704406738e-01
3.590150475502014160e-01
2.950919270515441895e-01
5.953714847564697266e-01
1.506012082099914551e-01
5.927332639694213867e-01
5.081260204315185547e-02
1.849152892827987671e-01
5.783779621124267578e-01
6.020694971084594727e-01
6.063815355300903320e-01
5.721860527992248535e-01
1.809828281402587891e-01
2.413195073604583740e-01
5.959905982017517090e-01
4.961954057216644287e-01
6.028063297271728516e-01
5.946507453918457031e-01
6.025647521018981934e-01
2.578209042549133301e-01
7.096517086029052734e-01
6.914033889770507812e-01
3.646855652332305908e-01
1.772167384624481201e-01
1.247229948639869690e-01
5.962208509445190430e-01
6.883670091629028320e-01
6.000961065292358398e-01
6.226928830146789551e-01
5.763103365898132324e-01
6.540807485580444336e-01
4.685463309288024902e-01
5.989188551902770996e-01
5.723285675048828125e-01
5.415571331977844238e-01
4.945262372493743896e-01
6.038556098937988281e-01
6.061534285545349121e-01
3.445516824722290039e-01
5.389266610145568848e-01
5.984129309654235840e-01
6.057548522949218750e-01
8.272904902696609497e-02
3.379804790019989014e-01
6.788677573204040527e-01
6.728953123092651367e-01
6.381954550743103027e-01
3.348128199577331543e-01
6.109380125999450684e-01
4.779900610446929932e-01
6.125196814537048340e-01
5.211300849914550781e-01
3.070693910121917725e-01
5.835657119750976562e-01
1.756247878074645996e-01
4.854525327682495117e-01
6.000874042510986328e-01
6.072892546653747559e-01
3.226304352283477783e-01
3.040903210639953613e-01
6.766771674156188965e-01
7.318871617317199707e-01
1.842260360717773438e-01
5.063301324844360352e-01
5.528621077537536621e-01
4.313172399997711182e-01
6.013025045394897461e-01
1.452725976705551147e-01
5.881688594818115234e-01
5.960230827331542969e-01
6.035340428352355957e-01
4.418682157993316650e-01
5.994516015052795410e-01
6.162838339805603027e-01
5.889113545417785645e-01
5.890939831733703613e-01
5.448014140129089355e-01
6.540157198905944824e-01
5.605924129486083984e-01
6.056944131851196289e-01
6.071398258209228516e-01
7.017571330070495605e-01
5.546622276306152344e-01
6.052644252777099609e-01
5.447497963905334473e-01
3.473585844039916992e-01
6.023356318473815918e-01
2.900015413761138916e-01
6.038848757743835449e-01
1.034730449318885803e-01
5.593599677085876465e-01
2.807103693485260010e-01
2.913281917572021484e-01
8.000396192073822021e-02
5.434810519218444824e-01
7.059394121170043945e-01
4.487332999706268311e-01
6.069331765174865723e-01
5.796345472335815430e-01
5.963441133499145508e-01
3.082834184169769287e-01
7.300440669059753418e-01
6.332536339759826660e-01
1.856142133474349976e-01
5.282952785491943359e-01
3.159201145172119141e-01
2.458205968141555786e-01
6.042984724044799805e-01
5.481128096580505371e-01
6.067405343055725098e-01
4.629972279071807861e-01
5.706489086151123047e-01
6.009669303894042969e-01
6.150451302528381348e-01
5.990543365478515625e-01
5.434540510177612305e-01
1.022154912352561951e-01
1.181214302778244019e-01
5.186764001846313477e-01
1.546397954225540161e-01
4.420782327651977539e-01
2.542475461959838867e-01
5.425928235054016113e-01
6.061053276062011719e-01
2.573032677173614502e-01
4.862923324108123779e-01
6.640754342079162598e-01
6.105167865753173828e-01
5.803172588348388672e-01
5.462778806686401367e-01
6.005601286888122559e-01
6.483523249626159668e-01
6.446117758750915527e-01
6.072068214416503906e-01
6.006941199302673340e-01
4.454368650913238525e-01
5.247319340705871582e-01
5.991408228874206543e-01
7.935230433940887451e-02
1.764959692955017090e-01
2.410406470298767090e-01
5.916339755058288574e-01
6.000851988792419434e-01
5.740707516670227051e-01
4.378000497817993164e-01
5.174489617347717285e-01
6.570907235145568848e-01
5.151278972625732422e-01
4.127000868320465088e-01
6.075962781906127930e-01
3.525030314922332764e-01
6.064273715019226074e-01
6.042069792747497559e-01
5.476935505867004395e-01
6.024035215377807617e-01
5.977836847305297852e-01
6.242630481719970703e-01
5.404908061027526855e-01
5.923195481300354004e-01
6.001791357994079590e-01
6.049441695213317871e-01
5.661409497261047363e-01
9.375276416540145874e-02
5.938896536827087402e-01
6.545735597610473633e-01
6.025478243827819824e-01
6.056676506996154785e-01
3.627197444438934326e-01
6.816083192825317383e-01
5.718213915824890137e-01
6.405556797981262207e-01
4.141539931297302246e-01
4.976189136505126953e-01
5.976861119270324707e-01
5.852122306823730469e-01
3.586813807487487793e-01
5.524367690086364746e-01
5.114478990435600281e-02
6.093981266021728516e-01
5.983446836471557617e-01
6.016331315040588379e-01
5.623276829719543457e-01
6.100724935531616211e-01
6.154373884201049805e-01
6.047589778900146484e-01
6.055796146392822266e-01
4.354360401630401611e-01
5.466425418853759766e-01
5.567333102226257324e-01
9.140285104513168335e-02
6.541184782981872559e-01
1.303188353776931763e-01
1.264388412237167358e-01
5.077393054962158203e-01
6.031146049499511719e-01
5.637770891189575195e-01
3.783662915229797363e-01
6.097295284271240234e-01
1.657852083444595337e-01
5.990325212478637695e-01
7.150837779045104980e-02
5.316094160079956055e-01
6.011757850646972656e-01
4.368117153644561768e-01
5.626404285430908203e-01
6.090081334114074707e-01
5.481044650077819824e-01
6.285793781280517578e-01
6.464125514030456543e-01
5.702857375144958496e-01
3.540595471858978271e-01
6.162440776824951172e-01
6.189839243888854980e-01
5.677111744880676270e-01
3.452278673648834229e-01
6.057612895965576172e-01
5.893367528915405273e-01
3.668478131294250488e-01
1.221732646226882935e-01
6.282609701156616211e-01
7.317264080047607422e-01
2.872090339660644531e-01
6.770152449607849121e-01
7.097868919372558594e-01
6.025338768959045410e-01
6.195928454399108887e-01
2.932943999767303467e-01
5.859071016311645508e-01
6.211271882057189941e-01
5.942545533180236816e-01
6.094075441360473633e-01
5.165249705314636230e-01
6.152181029319763184e-01
7.371004819869995117e-01
2.831232249736785889e-01
6.021461486816406250e-01
6.045702695846557617e-01
6.008660793304443359e-01
3.308930397033691406e-01
4.749739468097686768e-01
6.178233027458190918e-01
1.316594481468200684e-01
4.001511335372924805e-01
1.136877760291099548e-01
6.501519680023193359e-02
6.135317683219909668e-01
6.090568900108337402e-01
1.267501711845397949e-01
9.836783260107040405e-02
6.015300750732421875e-01
5.988146066665649414e-01
5.965934395790100098e-01
2.653522193431854248e-01
6.049510240554809570e-01
6.163237094879150391e-01
6.175418496131896973e-01
6.170095801353454590e-01
5.784886479377746582e-01
1.978013366460800171e-01
6.036871075630187988e-01
2.826585173606872559e-01
5.893049240112304688e-01
5.964583158493041992e-01
6.298184990882873535e-01
5.845530629158020020e-01
5.615807175636291504e-01
5.914852619171142578e-01
2.575428187847137451e-01
6.732843071222305298e-02
6.096526384353637695e-01
2.949487566947937012e-01
3.438863754272460938e-01
5.166221261024475098e-01
5.369534492492675781e-01
6.395664811134338379e-01
4.417477548122406006e-01
6.071323752403259277e-01
4.871532320976257324e-01
1.360822319984436035e-01
3.904135525226593018e-01
6.651788949966430664e-01
5.967715382575988770e-01
6.035122871398925781e-01
6.033447384834289551e-01
5.900713801383972168e-01
6.861066222190856934e-01
5.894185900688171387e-01
6.214963793754577637e-01
5.474196076393127441e-01
6.043364405632019043e-01
5.502263903617858887e-01
1.385695636272430420e-01
5.994863510131835938e-01
6.358202695846557617e-01
4.464573562145233154e-01
6.926594376564025879e-01
3.820951879024505615e-01
5.941591858863830566e-01
5.728867053985595703e-01
6.039198040962219238e-01
1.108864769339561462e-01
6.031214594841003418e-01
3.793735504150390625e-01
4.456768929958343506e-01
4.406477212905883789e-01
5.673515200614929199e-01
5.987028479576110840e-01
4.979007542133331299e-01
6.898981332778930664e-01
4.689092338085174561e-01
3.444129824638366699e-01
2.752185761928558350e-01
5.932750701904296875e-01
5.877959132194519043e-01
4.636817872524261475e-01
6.048482060432434082e-01
5.779353380203247070e-01
5.969244241714477539e-01
5.913351178169250488e-01
6.296362280845642090e-01
5.898025035858154297e-01
4.741019308567047119e-01
4.969855546951293945e-01
6.005167365074157715e-01
6.090883016586303711e-01
7.018705606460571289e-01
1.148187220096588135e-01
6.051924824714660645e-01
5.952112674713134766e-01
5.414181947708129883e-01
5.329952239990234375e-01
6.232395172119140625e-01
6.039140820503234863e-01
6.784192323684692383e-01
4.600701332092285156e-01
6.792163252830505371e-01
5.906993746757507324e-01
1.198163032531738281e-01
6.905863881111145020e-01
5.831804275512695312e-01
6.065357923507690430e-01
4.839682281017303467e-01
5.961894989013671875e-01
6.942076086997985840e-01
5.969675779342651367e-01
6.571981906890869141e-01
4.637587964534759521e-01
5.768819451332092285e-01
7.116573452949523926e-01
5.084857344627380371e-01
1.056573092937469482e-01
5.978921651840209961e-01
5.829898118972778320e-01
6.937988996505737305e-01
7.096517086029052734e-01
5.923432707786560059e-01
6.148360371589660645e-01
5.995693206787109375e-01
6.284439563751220703e-01
2.031202316284179688e-01
6.350131630897521973e-01
5.463238358497619629e-01
6.062572598457336426e-01
2.806343138217926025e-01
2.922421693801879883e-01
5.809276700019836426e-01
4.241840541362762451e-01
6.532837748527526855e-01
5.861240625381469727e-01
6.116229295730590820e-01
6.029165387153625488e-01
1.476419270038604736e-01
4.559353291988372803e-01
6.857464909553527832e-01
5.524742007255554199e-01
5.626551508903503418e-01
7.119430303573608398e-01
7.065920829772949219e-01
6.215100288391113281e-01
6.350055336952209473e-01
3.579154014587402344e-01
5.973107218742370605e-01
1.351195126771926880e-01
6.059696674346923828e-01
5.468696951866149902e-01
1.133699715137481689e-01
5.962754487991333008e-01
6.482146978378295898e-01
6.380367875099182129e-01
6.005438566207885742e-01
5.871195197105407715e-01
4.685335159301757812e-01
6.436453461647033691e-01
6.092344522476196289e-01
6.836119890213012695e-01
2.740336954593658447e-01
6.609137654304504395e-01
5.432412028312683105e-01
5.784119367599487305e-01
4.927917122840881348e-01
3.565818667411804199e-01
2.288113385438919067e-01
5.620214343070983887e-01
6.023833751678466797e-01
6.089386343955993652e-01
5.816916823387145996e-01
6.088950634002685547e-01
1.216985955834388733e-01
7.248053550720214844e-01
6.281865239143371582e-01
6.454660296440124512e-01
4.294077754020690918e-01
6.035603880882263184e-01
6.195235848426818848e-01
5.775585770606994629e-01
7.224740982055664062e-01
6.379239559173583984e-01
7.367039322853088379e-01
3.378742039203643799e-01
5.659263730049133301e-01
1.588947474956512451e-01
5.825819969177246094e-01
6.019023060798645020e-01
4.560886025428771973e-01
5.163812041282653809e-01
2.988564074039459229e-01
2.515943646430969238e-01
5.641519427299499512e-01
5.959534049034118652e-01
6.084794402122497559e-01
6.333292722702026367e-01
4.089119434356689453e-01
5.799212455749511719e-01
6.039847135543823242e-01
5.841658115386962891e-01
4.362901747226715088e-01
6.399821639060974121e-01
4.716462492942810059e-01
6.107564568519592285e-01
6.188927888870239258e-01
3.963075280189514160e-01
4.186283051967620850e-01
5.984516739845275879e-01
3.794548213481903076e-01
4.180841743946075439e-01
5.520213246345520020e-01
5.000967383384704590e-01
6.791079640388488770e-01
1.145846918225288391e-01
6.019533276557922363e-01
6.351336836814880371e-01
5.992772579193115234e-01
4.238747358322143555e-01
6.049984693527221680e-01
5.894516706466674805e-01
1.248197183012962341e-01
4.862507283687591553e-01
6.067439913749694824e-01
4.230136573314666748e-01
6.014891862869262695e-01
6.299642920494079590e-01
6.043282747268676758e-01
4.625545442104339600e-01
5.518285632133483887e-01
2.897826433181762695e-01
4.383994042873382568e-01
6.003832221031188965e-01
6.672555208206176758e-01
5.918717384338378906e-01
5.534930825233459473e-01
5.966351628303527832e-01
5.930607914924621582e-01
6.045876145362854004e-01
2.163386642932891846e-01
5.974029302597045898e-01
6.090278029441833496e-01
6.108725666999816895e-01
5.785434246063232422e-01
6.036372184753417969e-01
6.059499382972717285e-01
5.905684828758239746e-01
5.710165500640869141e-01
6.242273449897766113e-01
5.878190398216247559e-01
6.338753104209899902e-01
6.309636831283569336e-01
6.013138294219970703e-01
4.364251494407653809e-01
5.889614224433898926e-01
6.134021282196044922e-01
5.923386216163635254e-01
5.068722963333129883e-01
4.187536239624023438e-01
5.424966812133789062e-01
5.919810533523559570e-01
4.753297567367553711e-01
5.267192125320434570e-01
5.267985463142395020e-01
3.038839697837829590e-01
6.064292788505554199e-01
5.990182757377624512e-01
6.011592149734497070e-01
5.203612446784973145e-01
4.614361226558685303e-01
3.543087840080261230e-01
5.330811738967895508e-01
6.605079174041748047e-01
6.223170086741447449e-02
5.958742499351501465e-01
6.240535378456115723e-01
5.541639924049377441e-01
6.119601726531982422e-01
6.242758631706237793e-01
5.658545345067977905e-02
5.994784832000732422e-01
5.914010405540466309e-01
6.041937470436096191e-01
5.875829458236694336e-01
6.149854660034179688e-01
6.019107699394226074e-01
6.085234880447387695e-01
9.571011364459991455e-02
5.958261489868164062e-01
2.983625531196594238e-01
5.560096502304077148e-01
5.886913537979125977e-01
5.935472249984741211e-01
5.922088027000427246e-01
5.521240830421447754e-01
5.824322104454040527e-01
6.083900332450866699e-01
5.513201951980590820e-01
6.401668190956115723e-01
5.829284787178039551e-01
1.534902304410934448e-01
2.575235068798065186e-01
5.719642639160156250e-01
2.286744564771652222e-01
3.517210781574249268e-01
5.187105536460876465e-01
6.026608943939208984e-01
2.129384428262710571e-01
6.621062159538269043e-01
5.761183500289916992e-01
1.612485796213150024e-01
5.566335320472717285e-01
6.006845235824584961e-01
4.984588623046875000e-01
6.282226443290710449e-01
6.599404811859130859e-01
4.444552659988403320e-01
8.599543571472167969e-02
3.955615758895874023e-01
4.519081711769104004e-01
6.507524847984313965e-01
6.008753180503845215e-01
6.723765730857849121e-01
5.969702601432800293e-01
5.355430841445922852e-01
1.203401982784271240e-01
4.492089152336120605e-01
4.733021855354309082e-01
4.359822869300842285e-01
6.126046180725097656e-01
