9.999822378158569336e-01
9.977943897247314453e-01
9.999250173568725586e-01
2.660423219203948975e-01
6.004320979118347168e-01
9.999394416809082031e-01
3.986171185970306396e-01
8.779007792472839355e-01
9.998797178268432617e-01
9.659192562103271484e-01
5.841746926307678223e-03
1.000851467251777649e-01
4.482728987932205200e-02
9.899043440818786621e-01
9.992883801460266113e-01
9.998495578765869141e-01
9.997025132179260254e-01
4.140039682388305664e-01
7.383936643600463867e-02
9.965392351150512695e-01
1.282525360584259033e-01
9.917393922805786133e-01
9.540445804595947266e-01
9.664002060890197754e-01
9.995701909065246582e-01
1.343197422102093697e-03
9.999909400939941406e-01
9.983774423599243164e-01
7.484873291105031967e-03
9.985440969467163086e-01
7.951878011226654053e-03
2.690031193196773529e-02
8.316639065742492676e-01
9.999921321868896484e-01
2.524092793464660645e-03
9.998020529747009277e-01
8.167074322700500488e-01
8.570863008499145508e-01
9.999450445175170898e-01
6.510651204735040665e-03
9.999562501907348633e-01
1.671316027641296387e-01
9.999172687530517578e-01
2.145530469715595245e-02
9.999938011169433594e-01
3.397676348686218262e-02
9.851903319358825684e-01
5.153602687641978264e-04
9.997449517250061035e-01
9.999893903732299805e-01
1.276380207855254412e-04
9.990029931068420410e-01
9.995323419570922852e-01
3.744527464732527733e-03
4.415996000170707703e-02
9.924201369285583496e-01
1.261884532868862152e-02
9.999626874923706055e-01
8.767788410186767578e-01
9.582174420356750488e-01
9.997449517250061035e-01
9.999282360076904297e-01
8.953340053558349609e-01
2.032393068075180054e-01
6.656600236892700195e-01
1.085439231246709824e-03
5.305475592613220215e-01
7.789980173110961914e-01
9.996167421340942383e-01
6.219770293682813644e-04
9.998538494110107422e-01
9.321737103164196014e-03
5.351341515779495239e-02
9.999541044235229492e-01
9.379814267158508301e-01
1.762435138225555420e-01
3.703314065933227539e-01
7.223866996355354786e-04
9.937455654144287109e-01
1.385964918881654739e-03
9.972293972969055176e-01
9.996478557586669922e-01
5.902082557440735400e-05
9.982160925865173340e-01
9.770727157592773438e-01
9.992478489875793457e-01
2.470681518316268921e-01
9.999879598617553711e-01
9.998357295989990234e-01
9.342236518859863281e-01
9.996339082717895508e-01
3.361701965332031250e-01
9.985498785972595215e-01
9.998527765274047852e-01
6.307735107839107513e-03
7.590565085411071777e-01
9.993778467178344727e-01
8.323995471000671387e-01
8.029543161392211914e-01
1.070984173566102982e-02
5.421947315335273743e-02
1.987619400024414062e-01
8.708804845809936523e-01
4.148593246936798096e-01
8.912644982337951660e-01
9.999828338623046875e-01
9.640099406242370605e-01
3.259319439530372620e-02
9.999696016311645508e-01
3.210268216207623482e-03
9.994134902954101562e-01
9.996364116668701172e-01
3.108077347278594971e-01
9.993221759796142578e-01
9.994537234306335449e-01
9.999603033065795898e-01
8.343701958656311035e-01
6.506384816020727158e-04
8.165489882230758667e-02
1.132720243185758591e-02
4.742554724216461182e-01
2.873922884464263916e-01
9.998082518577575684e-01
9.132917970418930054e-03
9.998928308486938477e-01
9.492342472076416016e-01
9.930166006088256836e-01
1.536584552377462387e-02
9.999283552169799805e-01
9.948782920837402344e-01
9.928989410400390625e-01
3.552179932594299316e-01
2.190072275698184967e-02
9.988796114921569824e-01
9.978487491607666016e-01
9.997035861015319824e-01
1.136515382677316666e-02
5.073748528957366943e-03
2.316795885562896729e-01
9.998282194137573242e-01
1.280539319850504398e-03
9.999818801879882812e-01
5.709263086318969727e-01
8.902471065521240234e-01
1.453244010917842388e-03
9.440013170242309570e-01
3.326950967311859131e-01
5.633082473650574684e-04
9.997810721397399902e-01
9.991789460182189941e-01
9.739157557487487793e-01
3.965777810662984848e-03
9.997138381004333496e-01
9.951738715171813965e-01
2.337775913474615663e-05
3.305778801441192627e-01
9.993832111358642578e-01
2.679953759070485830e-04
1.636914461851119995e-01
9.978421926498413086e-01
9.672747254371643066e-01
9.826143383979797363e-01
9.889248013496398926e-01
9.998030066490173340e-01
1.852892091847024858e-05
9.992448091506958008e-01
4.455323219299316406e-01
9.762656092643737793e-01
1.764645858202129602e-04
1.357634668238461018e-03
2.347820904105901718e-03
2.992763184010982513e-04
9.999457597732543945e-01
8.024367690086364746e-01
8.716792464256286621e-01
3.996053338050842285e-01
5.363698601722717285e-01
1.707274932414293289e-03
1.579264849424362183e-01
3.327705711126327515e-02
9.993151426315307617e-01
9.424398541450500488e-01
2.458908259868621826e-01
1.130406861193478107e-03
9.920310974121093750e-01
9.996097683906555176e-01
9.999656677246093750e-01
1.513504087924957275e-01
8.094850182533264160e-01
4.837149977684020996e-01
5.457448959350585938e-01
4.912243457511067390e-04
9.999525547027587891e-01
9.509652256965637207e-01
9.988269209861755371e-01
9.996364116668701172e-01
9.999788999557495117e-01
1.517666532890871167e-04
4.965229332447052002e-01
9.999874830245971680e-01
4.767182690557092428e-05
2.212269604206085205e-01
2.232802808284759521e-01
9.999155998229980469e-01
4.154058694839477539e-01
1.731147244572639465e-02
9.999109506607055664e-01
4.684599698521196842e-04
9.960642457008361816e-01
9.991135001182556152e-01
9.990417361259460449e-01
8.210365194827318192e-04
9.632174968719482422e-01
9.999800920486450195e-01
2.018944505834951997e-04
3.088691085577011108e-02
9.971285462379455566e-01
6.472225189208984375e-01
5.614645313471555710e-03
1.043982803821563721e-01
3.284283578395843506e-01
9.975540041923522949e-01
9.999525547027587891e-01
9.989408850669860840e-01
9.997778534889221191e-01
9.995012283325195312e-01
8.866359591484069824e-01
9.999067783355712891e-01
9.999858140945434570e-01
7.866349769756197929e-04
5.149037763476371765e-02
1.328632119111716747e-03
9.999394416809082031e-01
9.667901396751403809e-01
3.945824876427650452e-02
9.999780654907226562e-01
9.299322366714477539e-01
9.994667172431945801e-01
4.323066398501396179e-02
8.034126758575439453e-01
9.999783039093017578e-01
1.831858307123184204e-01
9.999896287918090820e-01
7.979006767272949219e-01
2.313992008566856384e-04
8.978395722806453705e-03
4.579975502565503120e-04
9.220986366271972656e-01
9.994402527809143066e-01
3.552868496626615524e-03
2.007095217704772949e-01
9.999091625213623047e-01
6.120840311050415039e-01
3.938667103648185730e-02
9.944196343421936035e-01
4.830187559127807617e-01
1.470022201538085938e-01
1.931541737576480955e-05
9.630156755447387695e-01
9.993103742599487305e-01
9.932928085327148438e-01
9.999873638153076172e-01
2.287117950618267059e-02
9.997642636299133301e-01
6.250349879264831543e-01
7.382690906524658203e-03
2.980759367346763611e-03
6.759108044207096100e-03
1.240746933035552502e-03
9.944508671760559082e-01
1.322637498378753662e-01
1.878728121519088745e-01
9.999561309814453125e-01
9.996728897094726562e-01
9.628860950469970703e-01
4.269354790449142456e-02
2.370922639966011047e-02
9.854276776313781738e-01
9.999319314956665039e-01
1.859142212197184563e-04
9.999047517776489258e-01
8.810642957687377930e-01
4.610581398010253906e-01
9.961750507354736328e-01
9.991906285285949707e-01
6.481180340051651001e-02
9.983635544776916504e-01
2.250676751136779785e-01
3.084588050842285156e-01
9.996159076690673828e-01
2.783126831054687500e-01
9.037356078624725342e-02
6.857361644506454468e-02
4.879611358046531677e-02
2.901334781199693680e-03
1.066678296774625778e-02
4.427565038204193115e-01
5.711712219635955989e-05
9.901354908943176270e-01
9.999910593032836914e-01
1.680115796625614166e-02
9.999841451644897461e-01
3.249462693929672241e-02
9.999415874481201172e-01
9.961238503456115723e-01
1.137458137236535549e-03
1.110835000872612000e-01
9.999245405197143555e-01
9.864227175712585449e-01
2.562815323472023010e-03
9.999142885208129883e-01
8.456252980977296829e-04
8.331493735313415527e-01
9.984762072563171387e-01
9.999487400054931641e-01
4.443766921758651733e-02
3.255711868405342102e-02
9.992883801460266113e-01
9.999915361404418945e-01
6.026817020028829575e-03
2.760298782959580421e-03
9.999634027481079102e-01
9.998119473457336426e-01
9.999942779541015625e-01
1.207169611006975174e-02
9.999266862869262695e-01
5.172172095626592636e-03
9.919644594192504883e-01
5.595226306468248367e-03
6.582598090171813965e-01
9.999957084655761719e-01
9.999557733535766602e-01
1.246486062882468104e-04
9.705552458763122559e-01
9.997040629386901855e-01
9.980571866035461426e-01
9.674033522605895996e-01
4.795159101486206055e-01
4.606247320771217346e-02
9.999645948410034180e-01
3.421954810619354248e-01
4.246559739112854004e-01
9.999502897262573242e-01
9.983264803886413574e-01
9.999743700027465820e-01
9.687183499336242676e-01
9.999798536300659180e-01
9.980288147926330566e-01
9.996945858001708984e-01
9.997487664222717285e-01
9.988536834716796875e-01
9.899803996086120605e-01
9.998456239700317383e-01
3.633257374167442322e-02
1.549464650452136993e-04
7.484688162803649902e-01
8.210616707801818848e-01
9.787991046905517578e-01
9.999599456787109375e-01
9.592510177753865719e-04
2.363424189388751984e-02
7.670302987098693848e-01
3.648273646831512451e-02
1.660427898168563843e-01
9.998757839202880859e-01
9.997130036354064941e-01
1.814799010753631592e-01
4.930797498673200607e-03
9.676805734634399414e-01
9.989520311355590820e-01
9.997618794441223145e-01
9.903916120529174805e-01
6.061239400878548622e-04
9.220406413078308105e-01
9.999744892120361328e-01
9.796450138092041016e-01
6.401598220691084862e-04
1.305836020037531853e-03
9.997714161872863770e-01
9.627230465412139893e-03
1.962030865252017975e-02
9.996050000190734863e-01
9.992927312850952148e-01
9.998102784156799316e-01
9.999611377716064453e-01
9.726080298423767090e-01
8.742368663661181927e-05
9.995141029357910156e-01
7.895993590354919434e-01
1.582000404596328735e-01
2.232735604047775269e-02
9.999073743820190430e-01
3.373075425624847412e-01
9.997556805610656738e-01
9.998941421508789062e-01
9.999589920043945312e-01
8.425016858382150531e-05
9.573455452919006348e-01
9.973648190498352051e-01
9.978972673416137695e-01
9.927117824554443359e-01
6.261258125305175781e-01
9.789690971374511719e-01
9.993432164192199707e-01
9.834313988685607910e-01
9.998461008071899414e-01
9.998314380645751953e-01
3.051465144380927086e-03
9.997122883796691895e-01
9.998126626014709473e-01
9.999268054962158203e-01
9.998511075973510742e-01
6.972287595272064209e-02
8.189387321472167969e-01
1.971535384654998779e-03
9.999656677246093750e-01
2.502874843776226044e-02
1.414174679666757584e-03
3.961777314543724060e-03
9.553887844085693359e-01
9.996516704559326172e-01
4.811898767948150635e-01
8.558847941458225250e-03
1.083181798458099365e-01
5.831035599112510681e-02
1.222869381308555603e-01
9.292396903038024902e-01
9.959134459495544434e-01
7.606854778714478016e-04
1.815019398927688599e-01
9.962520003318786621e-01
8.069057464599609375e-01
8.328233361244201660e-01
9.670349955558776855e-01
9.997901320457458496e-01
9.999355077743530273e-01
9.999860525131225586e-01
4.020408093929290771e-01
9.994350075721740723e-01
1.250064233317971230e-04
9.997280240058898926e-01
6.338031888008117676e-01
9.990835189819335938e-01
2.809804398566484451e-03
5.374601483345031738e-01
3.075338827329687774e-05
3.283926844596862793e-01
5.829431414604187012e-01
9.552450776100158691e-01
1.122297719120979309e-01
5.857522410224191844e-05
9.999389648437500000e-01
9.989187717437744141e-01
5.790262222290039062e-01
4.507302939891815186e-01
9.999889135360717773e-01
9.999780654907226562e-01
7.393221312668174505e-05
4.918713569641113281e-01
9.999936819076538086e-01
1.696048711892217398e-04
1.458463966846466064e-01
9.987270236015319824e-01
6.666407585144042969e-01
9.998900890350341797e-01
9.297544136643409729e-03
7.036019563674926758e-01
3.233534516766667366e-05
4.784313142299652100e-01
9.974302649497985840e-01
2.980563044548034668e-01
9.977241158485412598e-01
1.553892195224761963e-01
8.664296269416809082e-01
9.991890788078308105e-01
1.063712872564792633e-02
9.964224696159362793e-01
9.977912902832031250e-01
9.957875609397888184e-01
8.593286387622356415e-03
9.996367692947387695e-01
2.724834950640797615e-03
9.999909400939941406e-01
6.603826284408569336e-01
3.865847587585449219e-01
4.230732321739196777e-01
9.998576641082763672e-01
6.207894906401634216e-02
1.425987691618502140e-03
1.190197886899113655e-03
9.997902512550354004e-01
9.976763129234313965e-01
5.430480465292930603e-03
2.846421208232641220e-03
1.141097047366201878e-03
1.958005689084529877e-02
3.993038262706249952e-05
9.999811649322509766e-01
9.113823580264579505e-06
9.998961687088012695e-01
9.998866319656372070e-01
9.999685287475585938e-01
9.995166063308715820e-01
9.959147572517395020e-01
9.860166907310485840e-01
1.728181540966033936e-01
9.990137815475463867e-01
9.975481629371643066e-01
5.728075047954916954e-04
9.998337030410766602e-01
9.996696710586547852e-01
9.728473424911499023e-01
8.217897848226130009e-04
9.998778104782104492e-01
9.546846747398376465e-01
8.078560233116149902e-01
9.999774694442749023e-01
4.523490071296691895e-01
6.369099020957946777e-01
3.567284345626831055e-02
8.241099715232849121e-01
3.400196728762239218e-04
9.998792409896850586e-01
1.676704596320632845e-05
7.762868423014879227e-03
9.842162728309631348e-01
8.861676454544067383e-01
9.998592138290405273e-01
9.995605349540710449e-01
9.994258880615234375e-01
4.193999047856777906e-04
9.999723434448242188e-01
6.192594766616821289e-02
9.998974800109863281e-01
9.999587535858154297e-01
9.999699592590332031e-01
9.885088801383972168e-01
6.399301812052726746e-03
9.152168631553649902e-01
9.998577833175659180e-01
9.701073169708251953e-01
9.999343156814575195e-01
9.999148845672607422e-01
1.331631839275360107e-01
2.910563647747039795e-01
9.971476197242736816e-01
9.919644594192504883e-01
9.996922016143798828e-01
3.608460538089275360e-04
9.587346315383911133e-01
7.587533593177795410e-01
2.092625387012958527e-02
4.857144355773925781e-01
2.182327210903167725e-02
9.999696016311645508e-01
3.935137391090393066e-01
2.284497255459427834e-03
8.652938008308410645e-01
4.714727401733398438e-01
9.998909235000610352e-01
1.126428414136171341e-02
9.999164342880249023e-01
9.999580383300781250e-01
2.092958092689514160e-01
9.983391761779785156e-01
9.712996482849121094e-01
9.993367791175842285e-01
8.812614250928163528e-04
9.999809265136718750e-01
9.999290704727172852e-01
7.690021991729736328e-01
9.967466592788696289e-01
8.772836923599243164e-01
9.999337196350097656e-01
2.274103899253532290e-04
9.998283386230468750e-01
1.150280311703681946e-01
8.224172890186309814e-02
8.188118785619735718e-02
9.992751479148864746e-01
2.480253018438816071e-02
9.977461695671081543e-01
1.682563722133636475e-01
3.918494097888469696e-03
3.312261700630187988e-01
1.541043820907361805e-05
9.999729394912719727e-01
9.999022483825683594e-01
2.795532054733484983e-04
9.997286200523376465e-01
8.353034257888793945e-01
9.972412586212158203e-01
1.663699949858710170e-04
9.913914203643798828e-01
9.993162155151367188e-01
5.442414805293083191e-02
8.960010409355163574e-01
1.690760999917984009e-01
3.406362957321107388e-04
9.999760389328002930e-01
9.992071986198425293e-01
2.230078577995300293e-01
9.983934760093688965e-01
9.989430308341979980e-01
9.974846839904785156e-01
9.982607960700988770e-01
5.637179017066955566e-01
5.378197529353201389e-04
9.966766834259033203e-01
9.395790696144104004e-01
9.637746810913085938e-01
9.722816757857799530e-04
3.770029544830322266e-01
7.640808820724487305e-02
1.030735000967979431e-01
8.985140360891819000e-03
9.988744854927062988e-01
6.245150566101074219e-01
1.566734135849401355e-04
9.997337460517883301e-01
9.973332881927490234e-01
9.997825026512145996e-01
6.356766819953918457e-01
2.579796686768531799e-02
8.902236819267272949e-02
4.320500738685950637e-05
9.999388456344604492e-01
3.786297738552093506e-01
4.270117282867431641e-01
9.971494078636169434e-01
9.963157773017883301e-01
8.381955027580261230e-01
9.065803606063127518e-04
9.917077422142028809e-01
6.013432517647743225e-03
3.551211953163146973e-01
9.998468160629272461e-01
7.188408374786376953e-01
7.355840206146240234e-01
8.906636834144592285e-01
9.997611641883850098e-01
9.999856948852539062e-01
9.999628067016601562e-01
1.399984466843307018e-04
8.732093572616577148e-01
7.669997215270996094e-02
9.997730851173400879e-01
5.090796947479248047e-01
9.348412156105041504e-01
9.983900785446166992e-01
9.999536275863647461e-01
9.999639987945556641e-01
2.093594521284103394e-03
9.997485280036926270e-01
9.999269247055053711e-01
9.997653365135192871e-01
2.974093513330444694e-05
9.998748302459716797e-01
9.998800754547119141e-01
9.936209321022033691e-01
1.186775937676429749e-01
5.986956134438514709e-02
7.163112610578536987e-02
4.478501677513122559e-01
9.176144003868103027e-01
9.961298704147338867e-01
1.007064245641231537e-03
8.965808749198913574e-01
4.203444719314575195e-01
6.004205346107482910e-02
1.450421405024826527e-03
9.999831914901733398e-01
3.355965483933687210e-03
1.297827214002609253e-01
8.815723657608032227e-01
9.963921904563903809e-01
2.713337168097496033e-02
9.999208450317382812e-01
9.999520778656005859e-01
9.994783997535705566e-01
9.752818346023559570e-01
9.996114373207092285e-01
9.992195367813110352e-01
9.739981889724731445e-01
2.810677289962768555e-01
5.813387632369995117e-01
9.998237490653991699e-01
9.995625615119934082e-01
3.610028943512588739e-05
9.999799728393554688e-01
6.032701134681701660e-01
5.222193002700805664e-01
9.987648725509643555e-01
9.998233914375305176e-01
9.999104738235473633e-01
9.358403682708740234e-01
9.998960494995117188e-01
9.994474053382873535e-01
9.974629878997802734e-01
9.314988255500793457e-01
9.857181310653686523e-01
9.999582767486572266e-01
9.996951818466186523e-01
9.997825026512145996e-01
9.996882677078247070e-01
8.439177274703979492e-01
9.999575614929199219e-01
9.820446968078613281e-01
9.113104343414306641e-01
9.999867677688598633e-01
6.663656677119433880e-04
9.985148310661315918e-01
3.302900791168212891e-01
9.562432765960693359e-01
9.999527931213378906e-01
9.957923889160156250e-01
6.448921281844377518e-03
9.924225211143493652e-01
8.045881259022280574e-05
1.911065541207790375e-02
9.999532699584960938e-01
9.996273517608642578e-01
1.142774475738406181e-03
9.999434947967529297e-01
1.083775535225868225e-01
3.858257234096527100e-01
8.913375735282897949e-01
9.985579848289489746e-01
9.619559645652770996e-01
9.999704360961914062e-01
6.200141310691833496e-01
9.972919821739196777e-01
9.853053689002990723e-01
9.399913251399993896e-03
9.996920824050903320e-01
9.999954700469970703e-01
1.886794962047133595e-05
9.983358979225158691e-01
9.992344379425048828e-01
9.785816073417663574e-02
8.059157133102416992e-01
9.999555349349975586e-01
1.231796946376562119e-02
1.491732615977525711e-02
1.135992584750056267e-03
7.584061026573181152e-01
9.999352693557739258e-01
8.612655848264694214e-02
1.071968898177146912e-01
9.999191761016845703e-01
9.999790191650390625e-01
9.851164221763610840e-01
7.513477206230163574e-01
2.838841080665588379e-02
1.158976033329963684e-01
5.178090333938598633e-01
9.997048974037170410e-01
9.985419511795043945e-01
9.998371601104736328e-01
6.711100228130817413e-03
9.999885559082031250e-01
9.978384375572204590e-01
2.818813081830739975e-03
3.202113136649131775e-02
1.150568481534719467e-03
5.037493705749511719e-01
1.607072167098522186e-02
4.676872340496629477e-04
9.318442344665527344e-01
3.925837278366088867e-01
9.999935626983642578e-01
1.542107434943318367e-03
5.355086177587509155e-02
2.411490827798843384e-01
1.224321350455284119e-01
9.993464350700378418e-01
9.916683435440063477e-01
9.999521970748901367e-01
9.997852444648742676e-01
9.999942779541015625e-01
8.598105311393737793e-01
2.131509780883789062e-01
9.991984963417053223e-01
9.967466592788696289e-01
5.076704837847501040e-05
2.095663733780384064e-02
8.445651037618517876e-04
5.527523532509803772e-02
9.999915361404418945e-01
9.834886193275451660e-01
9.999923706054687500e-01
5.635488033294677734e-01
1.260433942079544067e-01
8.964909911155700684e-01
2.571637276560068130e-03
3.857176983729004860e-03
2.655491931363940239e-03
9.999773502349853516e-01
1.116568339057266712e-03
7.832905650138854980e-01
9.997125267982482910e-01
3.507260116748511791e-04
9.999955892562866211e-01
9.929015040397644043e-01
9.997798800468444824e-01
2.583769091870635748e-04
4.969789460301399231e-02
9.866324067115783691e-01
8.663630485534667969e-01
9.906967878341674805e-01
9.634860180085524917e-05
9.994988441467285156e-01
1.139077544212341309e-01
2.664800500497221947e-03
5.588967725634574890e-02
3.086573258042335510e-02
8.262723684310913086e-03
3.176805675029754639e-01
9.920237064361572266e-01
9.999026060104370117e-01
9.996291399002075195e-01
9.999425411224365234e-01
5.784779787063598633e-01
5.250627920031547546e-02
5.512939095497131348e-01
9.996426105499267578e-01
3.265952458605170250e-03
9.956539869308471680e-01
5.987607240676879883e-01
6.944971680641174316e-01
4.858829561271704733e-05
4.285555481910705566e-01
9.356172755360603333e-03
9.958795309066772461e-01
5.751805845648050308e-03
6.662237923592329025e-03
9.999234676361083984e-01
4.841207701247185469e-04
6.084398552775382996e-02
4.689600765705108643e-01
9.999794960021972656e-01
3.534211516380310059e-01
8.573582172393798828e-01
9.996536970138549805e-01
1.859938800334930420e-01
9.950329065322875977e-01
9.999544620513916016e-01
9.994450211524963379e-01
8.956394791603088379e-01
7.385377287864685059e-01
9.999676942825317383e-01
7.636804580688476562e-01
9.532381296157836914e-01
3.431721997912973166e-04
1.125253215432167053e-01
9.999521970748901367e-01
9.997667670249938965e-01
9.308297634124755859e-01
2.436221018433570862e-02
9.986017346382141113e-01
9.950543642044067383e-01
1.068710535764694214e-01
2.903779745101928711e-01
9.955607652664184570e-01
9.988240599632263184e-01
1.958942227065563202e-02
9.694235324859619141e-01
3.331285188323818147e-05
9.959332346916198730e-01
1.337279006838798523e-02
9.998236298561096191e-01
2.326162764802575111e-03
9.943208694458007812e-01
9.999326467514038086e-01
9.998977184295654297e-01
9.988524913787841797e-01
9.999101161956787109e-01
1.452687196433544159e-02
9.068553447723388672e-01
6.660838127136230469e-01
9.999618530273437500e-01
4.298789501190185547e-01
5.231228191405534744e-03
9.954347014427185059e-01
9.763403534889221191e-01
9.452294707298278809e-01
9.993335604667663574e-01
9.457793831825256348e-01
1.014232914894819260e-02
3.571386041585355997e-04
9.971141815185546875e-01
3.192699514329433441e-04
9.988474845886230469e-01
9.647509455680847168e-01
4.083674773573875427e-02
1.203262209892272949e-01
9.911078214645385742e-01
9.818291664123535156e-01
8.611681312322616577e-02
9.979078769683837891e-01
9.999030828475952148e-01
2.819660119712352753e-02
3.905034065246582031e-01
9.999959468841552734e-01
9.999353885650634766e-01
9.744048118591308594e-01
7.303787278942763805e-04
9.995174407958984375e-01
9.997711777687072754e-01
9.958733916282653809e-01
2.422256618738174438e-01
9.880083799362182617e-01
9.973836541175842285e-01
2.617773227393627167e-02
7.562678074464201927e-04
7.115490268915891647e-03
7.827707529067993164e-01
9.563871026039123535e-01
9.992691874504089355e-01
9.260406494140625000e-01
9.998150467872619629e-01
9.998881816864013672e-01
1.333124935626983643e-02
9.564753174781799316e-01
9.999610185623168945e-01
9.999316930770874023e-01
4.599463194608688354e-02
9.997646212577819824e-01
9.539277553558349609e-01
9.991389513015747070e-01
9.954723715782165527e-01
9.999266862869262695e-01
9.897852540016174316e-01
9.974201917648315430e-01
9.998890161514282227e-01
9.997906088829040527e-01
9.813786745071411133e-01
9.999300241470336914e-01
1.408407241106033325e-01
7.109440630301833153e-04
4.603977799415588379e-01
9.999681711196899414e-01
2.046899171546101570e-03
9.959218502044677734e-01
9.921735525131225586e-01
7.289423346519470215e-01
4.659908823668956757e-03
7.051394786685705185e-03
2.154099047183990479e-01
9.999783039093017578e-01
9.986811280250549316e-01
9.165200404822826385e-03
9.935371279716491699e-01
3.147465875372290611e-03
1.401194632053375244e-01
3.438678802922368050e-03
9.975760579109191895e-01
9.999891519546508789e-01
9.976552724838256836e-01
6.672622263431549072e-02
9.972788691520690918e-01
6.217673793435096741e-02
8.147727847099304199e-01
9.993976354598999023e-01
9.999256134033203125e-01
3.149525076150894165e-02
4.837695159949362278e-04
9.929365515708923340e-01
9.032903313636779785e-01
9.780465960502624512e-01
9.968844056129455566e-01
8.954218029975891113e-01
9.982885718345642090e-01
9.999462366104125977e-01
6.853823661804199219e-01
4.820524901151657104e-02
2.152882283553481102e-03
9.999221563339233398e-01
9.954688549041748047e-01
1.183166823466308415e-04
2.670884132385253906e-01
9.999414682388305664e-01
9.999676942825317383e-01
1.744777709245681763e-01
3.807271644473075867e-02
9.999814033508300781e-01
8.414558768272399902e-01
5.927268415689468384e-02
9.986095428466796875e-01
9.555235505104064941e-01
7.186009897850453854e-04
8.679613471031188965e-01
1.363445335300639272e-05
1.049917340278625488e-01
9.999278783798217773e-01
9.999145269393920898e-01
9.120469093322753906e-01
8.384086489677429199e-01
9.999589920043945312e-01
5.138896085554733872e-05
5.568392574787139893e-02
9.979700446128845215e-01
6.375534087419509888e-02
9.986919760704040527e-01
9.999796152114868164e-01
4.682860337197780609e-03
8.649539351463317871e-01
9.971946477890014648e-01
4.014826118946075439e-01
9.991816878318786621e-01
2.897857048083096743e-04
1.275715767405927181e-04
2.266949601471424103e-02
4.990209359675645828e-03
9.991114735603332520e-01
1.092080101370811462e-01
1.331472396850585938e-01
4.110955819487571716e-02
3.873797655105590820e-01
3.806121349334716797e-01
9.998553991317749023e-01
5.428882432170212269e-04
9.521539807319641113e-01
7.681308197788894176e-04
1.704402529867365956e-04
4.063563392264768481e-05
9.999712705612182617e-01
9.019989967346191406e-01
9.614887833595275879e-01
9.980351328849792480e-01
9.831346273422241211e-01
9.997751116752624512e-01
1.487039844505488873e-04
9.147523902356624603e-03
1.784919016063213348e-02
9.959255456924438477e-01
9.987038373947143555e-01
2.001179754734039307e-01
1.892390660941600800e-03
8.153083763318136334e-05
8.603063225746154785e-02
8.929109573364257812e-01
9.991791844367980957e-01
9.999586343765258789e-01
8.092736005783081055e-01
9.986166954040527344e-01
9.962120056152343750e-01
2.513348460197448730e-01
9.989745616912841797e-01
9.999920129776000977e-01
9.973412156105041504e-01
1.870968565344810486e-02
9.999659061431884766e-01
7.687467932701110840e-01
1.577583402395248413e-01
1.608897186815738678e-02
7.923502475023269653e-02
9.301698300987482071e-04
9.995316267013549805e-01
9.311720728874206543e-01
9.982553124427795410e-01
9.991620779037475586e-01
6.819593836553394794e-04
8.940985798835754395e-01
5.514235817827284336e-05
9.959619641304016113e-01
9.861883521080017090e-01
9.990766048431396484e-01
9.996459484100341797e-01
9.334940314292907715e-01
1.755956411361694336e-01
8.159799575805664062e-01
5.593728423118591309e-01
9.987410902976989746e-01
6.850867271423339844e-01
9.997630715370178223e-01
9.998652935028076172e-01
3.372096456587314606e-03
9.372570784762501717e-04
9.985205531120300293e-01
9.984357953071594238e-01
9.996469020843505859e-01
9.881993532180786133e-01
3.540803678333759308e-03
9.859428405761718750e-01
9.991592168807983398e-01
4.343691840767860413e-02
9.985199570655822754e-01
9.992265701293945312e-01
2.297398750670254230e-04
9.998445510864257812e-01
4.117025732994079590e-01
9.854479432106018066e-01
7.788472175598144531e-01
2.811482874676585197e-03
9.986066222190856934e-01
9.999775886535644531e-01
9.999094009399414062e-01
9.391924738883972168e-01
5.503157153725624084e-04
9.987323880195617676e-01
1.998944208025932312e-03
9.999949932098388672e-01
9.954921007156372070e-01
9.340539574623107910e-01
9.977082014083862305e-01
9.991988539695739746e-01
9.467275142669677734e-01
9.844139814376831055e-01
7.431318954331800342e-05
9.996837377548217773e-01
5.214185118675231934e-01
9.965934157371520996e-01
9.461218714714050293e-01
1.997588574886322021e-02
1.707546907709911466e-04
9.976848363876342773e-01
4.488058090209960938e-01
2.622505999170243740e-04
4.345180466771125793e-03
9.995488524436950684e-01
9.999381303787231445e-01
9.996951818466186523e-01
9.808011651039123535e-01
2.246692019980400801e-04
9.999387264251708984e-01
1.087344735860824585e-01
9.995718598365783691e-01
9.999868869781494141e-01
9.999322891235351562e-01
9.998838901519775391e-01
8.207595348358154297e-01
9.999592304229736328e-01
9.999891519546508789e-01
7.432512938976287842e-02
9.998325109481811523e-01
7.794959843158721924e-02
3.857647243421524763e-05
9.996805191040039062e-01
9.995332956314086914e-01
3.237656783312559128e-04
4.241083860397338867e-01
9.541757106781005859e-01
9.649247527122497559e-01
9.084902405738830566e-01
9.670741558074951172e-01
2.397285401821136475e-01
9.998490810394287109e-01
9.997009038925170898e-01
9.998842477798461914e-01
1.353895477950572968e-02
7.334989905357360840e-01
8.098740577697753906e-01
3.313532173633575439e-01
1.572524569928646088e-02
9.966691136360168457e-01
3.444017469882965088e-01
9.992703795433044434e-01
9.107688069343566895e-01
9.999518394470214844e-01
9.999387264251708984e-01
1.694630918791517615e-04
6.516155600547790527e-01
8.613575696945190430e-01
9.999709129333496094e-01
9.997684359550476074e-01
1.543683093041181564e-02
1.987520046532154083e-02
2.774792909622192383e-01
9.997027516365051270e-01
2.745138015598058701e-03
4.382572174072265625e-01
9.999876022338867188e-01
9.957802295684814453e-01
9.999767541885375977e-01
3.632331499829888344e-03
2.809131052345037460e-03
3.487916197627782822e-03
5.772599577903747559e-01
6.886263191699981689e-02
5.281009078025817871e-01
1.540613025426864624e-01
1.296895146369934082e-01
9.989001750946044922e-01
7.008945249253883958e-05
9.986193180084228516e-01
9.999204874038696289e-01
2.015174977714195848e-04
4.978311713784933090e-03
9.999800920486450195e-01
9.995492100715637207e-01
2.550553977489471436e-01
2.690543532371520996e-01
9.472633600234985352e-01
1.649651229381561279e-01
9.999834299087524414e-01
9.468723535537719727e-01
9.987457990646362305e-01
9.999306201934814453e-01
9.961301088333129883e-01
8.952592611312866211e-01
1.365985721349716187e-03
2.391495218034833670e-04
4.082299768924713135e-02
8.102665543556213379e-01
9.514622688293457031e-01
1.144208759069442749e-01
9.991039633750915527e-01
9.995482563972473145e-01
3.500364255160093307e-04
9.999873638153076172e-01
9.998478889465332031e-01
9.992917776107788086e-01
9.999690055847167969e-01
9.897800683975219727e-01
9.998860359191894531e-01
9.406411051750183105e-01
1.118615865707397461e-01
9.035662412643432617e-01
9.999513626098632812e-01
9.936580061912536621e-01
9.998973608016967773e-01
9.964738488197326660e-01
9.997639060020446777e-01
6.770529784262180328e-03
9.533961303532123566e-03
9.225937724113464355e-01
9.999554157257080078e-01
9.999530315399169922e-01
9.999122619628906250e-01
7.810000181198120117e-01
6.678502541035413742e-03
9.999765157699584961e-01
3.597400500439107418e-04
7.633432745933532715e-01
8.134745359420776367e-01
9.866620898246765137e-01
9.000752568244934082e-01
5.931592313572764397e-04
9.957897067070007324e-01
9.998733997344970703e-01
9.992482066154479980e-01
8.940690159797668457e-01
2.140530152246356010e-03
9.772757887840270996e-01
9.717935919761657715e-01
3.123299963772296906e-02
9.915825724601745605e-01
9.999678134918212891e-01
5.747860670089721680e-01
9.999860525131225586e-01
9.177126735448837280e-02
2.866530092433094978e-03
9.225324392318725586e-01
4.053983986377716064e-01
9.997896552085876465e-01
6.561946868896484375e-01
9.468017816543579102e-01
1.229109242558479309e-02
5.214676260948181152e-03
9.995241165161132812e-01
9.999729394912719727e-01
9.999920129776000977e-01
9.999839067459106445e-01
9.444703027838841081e-05
9.998760223388671875e-01
9.994325041770935059e-01
9.981118440628051758e-01
9.979368448257446289e-01
9.808235168457031250e-01
9.999833106994628906e-01
4.699372500181198120e-02
9.998960494995117188e-01
1.266044378280639648e-02
9.987972974777221680e-01
1.594514548778533936e-01
9.835779666900634766e-01
4.946860969066619873e-01
9.999532699584960938e-01
9.995145797729492188e-01
3.760545514523983002e-04
9.999730587005615234e-01
9.985386133193969727e-01
9.944196343421936035e-01
9.998427629470825195e-01
9.999525547027587891e-01
2.116083912551403046e-02
9.999949932098388672e-01
9.986036419868469238e-01
2.531279064714908600e-02
9.892368912696838379e-01
2.453748732805252075e-01
1.364124417304992676e-01
9.999729394912719727e-01
9.957327165466267616e-06
2.306804060935974121e-02
9.774465858936309814e-02
5.452055111527442932e-02
1.053969748318195343e-02
4.689656198024749756e-02
9.997716546058654785e-01
3.022883534431457520e-01
9.999458789825439453e-01
9.238221100531518459e-04
9.999808073043823242e-01
2.679610252380371094e-01
9.998177886009216309e-01
9.925013780593872070e-01
9.999433755874633789e-01
9.988137483596801758e-01
5.898868292570114136e-02
9.960808157920837402e-01
9.874920845031738281e-01
8.598898421041667461e-04
9.593718051910400391e-01
9.984982013702392578e-01
3.572352230548858643e-03
9.767098426818847656e-01
9.999274015426635742e-01
3.838456177618354559e-04
8.267304301261901855e-01
1.902953139506280422e-03
9.997786879539489746e-01
9.999845027923583984e-01
2.161591401090845466e-04
6.315815448760986328e-01
8.458404336124658585e-04
8.498576283454895020e-01
9.989243149757385254e-01
1.828396852943114936e-05
9.999797344207763672e-01
9.997369647026062012e-01
4.526676610112190247e-02
9.414343833923339844e-01
9.999754428863525391e-01
8.039805106818675995e-03
9.914664030075073242e-01
7.545265555381774902e-01
6.589209806406870484e-05
7.604150176048278809e-01
1.866315305233001709e-01
1.060456503182649612e-02
9.456988573074340820e-01
9.995904564857482910e-01
9.999542236328125000e-01
9.973452687263488770e-01
9.999879598617553711e-01
3.775092661380767822e-01
8.010839223861694336e-01
9.999256134033203125e-01
3.336628142278641462e-04
9.983391761779785156e-01
7.315327525138854980e-01
5.302158594131469727e-01
9.395627379417419434e-01
1.257461607456207275e-01
9.933793544769287109e-01
9.999580383300781250e-01
9.998902082443237305e-01
9.933620691299438477e-01
4.147457778453826904e-01
2.770320177078247070e-01
3.125593662261962891e-01
9.867311716079711914e-01
9.841996431350708008e-01
7.968111038208007812e-01
1.014608219265937805e-01
9.982934594154357910e-01
8.435492054559290409e-05
8.005640506744384766e-01
8.889189362525939941e-01
9.960657954216003418e-01
9.967815876007080078e-01
5.997113839839585125e-05
9.664817899465560913e-02
9.992270469665527344e-01
9.180150032043457031e-01
9.998152852058410645e-01
8.765439391136169434e-01
9.962371587753295898e-01
2.485045697540044785e-03
9.981670379638671875e-01
2.474746899679303169e-03
1.438229901395970955e-05
9.992454051971435547e-01
7.242912426590919495e-03
6.194391846656799316e-02
5.479458719491958618e-03
9.999933242797851562e-01
6.614196300506591797e-01
2.058174693956971169e-03
2.056936770677566528e-01
9.754813313484191895e-01
9.999870061874389648e-01
1.571355946362018585e-02
8.795887231826782227e-01
9.998574256896972656e-01
9.664233922958374023e-01
9.762529730796813965e-01
9.994832277297973633e-01
9.999752044677734375e-01
1.417556405067443848e-02
9.870120882987976074e-01
9.933174848556518555e-01
1.608130522072315216e-02
4.925342276692390442e-03
9.861517548561096191e-01
2.994832396507263184e-01
4.470020160079002380e-02
9.999279975891113281e-01
9.995063543319702148e-01
9.999592304229736328e-01
1.019847695715725422e-04
9.795302748680114746e-01
1.655600368976593018e-01
3.174888193607330322e-01
2.787242119666188955e-04
9.371235966682434082e-02
9.993461966514587402e-01
3.966325223445892334e-01
9.974935054779052734e-01
2.130989683791995049e-03
9.963818788528442383e-01
9.999727010726928711e-01
1.913924352265894413e-03
9.994945526123046875e-01
3.062757430598139763e-03
9.999806880950927734e-01
9.411378502845764160e-01
2.592681674286723137e-03
8.489848375320434570e-01
6.050240993499755859e-02
9.996322393417358398e-01
6.847265642136335373e-03
9.999254941940307617e-01
6.895216554403305054e-02
9.999787807464599609e-01
3.815452568233013153e-03
9.997004270553588867e-01
9.998912811279296875e-01
2.260815650224685669e-01
1.119246613234281540e-02
9.970884919166564941e-01
7.719486951828002930e-02
9.999662637710571289e-01
9.877343773841857910e-01
9.958232641220092773e-01
9.969620108604431152e-01
9.827646613121032715e-01
9.996700286865234375e-01
9.999617338180541992e-01
9.465524554252624512e-01
2.534621162340044975e-04
9.996638298034667969e-01
4.173919296590611339e-05
9.426371008157730103e-02
9.836689829826354980e-01
6.721466183662414551e-01
9.938547015190124512e-01
9.826593399047851562e-01
3.573497990146279335e-03
8.261876180768013000e-03
7.838760316371917725e-02
9.999721050262451172e-01
1.557591720484197140e-03
1.402537804096937180e-03
5.496677160263061523e-01
9.227117896080017090e-01
9.999780654907226562e-01
1.876857429742813110e-01
9.654151201248168945e-01
7.426417469978332520e-01
9.996674060821533203e-01
1.762204337865114212e-03
9.978632330894470215e-01
9.494192600250244141e-01
6.557341548614203930e-04
8.406350612640380859e-01
9.999585151672363281e-01
6.195757985115051270e-01
6.203097105026245117e-01
2.371928542852401733e-01
9.987719655036926270e-01
9.971429705619812012e-01
4.075353443622589111e-01
9.995774626731872559e-01
4.791900864802300930e-04
9.158774018287658691e-01
2.807546174153685570e-03
9.458000659942626953e-01
9.999011754989624023e-01
9.973241090774536133e-01
9.748552441596984863e-01
2.429535835981369019e-01
8.127734661102294922e-01
8.201917409896850586e-01
1.019409508444368839e-03
2.663013583514839411e-04
8.349172421731054783e-04
9.974870681762695312e-01
4.824050515890121460e-02
2.332618832588195801e-02
9.999768733978271484e-01
9.836077094078063965e-01
9.919015765190124512e-01
9.999939203262329102e-01
3.882714954670518637e-04
9.999700784683227539e-01
6.530345854116603732e-05
9.962399005889892578e-01
7.880672812461853027e-01
9.263724088668823242e-03
9.998680353164672852e-01
5.279397591948509216e-03
9.939658045768737793e-01
5.527690052986145020e-01
2.978580305352807045e-03
1.464749402657616884e-05
9.998959302902221680e-01
9.998452663421630859e-01
9.978715181350708008e-01
1.526363310404121876e-03
7.117575965821743011e-03
1.176394242793321609e-02
7.979150414466857910e-01
9.738875627517700195e-01
9.998514652252197266e-01
8.370735049247741699e-01
3.422621488571166992e-01
9.996219873428344727e-01
9.996687173843383789e-01
4.316125437617301941e-02
9.999613761901855469e-01
9.995076656341552734e-01
9.999828338623046875e-01
9.893453717231750488e-01
9.987937211990356445e-01
9.838361144065856934e-01
1.261963546276092529e-01
9.993664622306823730e-01
5.825132131576538086e-02
9.813109636306762695e-01
2.090276757371611893e-05
6.639906764030456543e-02
3.184717893600463867e-02
3.412766456604003906e-01
2.266511693596839905e-02
9.965775609016418457e-01
9.998575448989868164e-01
9.962466359138488770e-01
7.604872584342956543e-01
7.756659295409917831e-03
9.686691761016845703e-01
9.606996178627014160e-01
9.933660626411437988e-01
8.696262836456298828e-01
9.998175501823425293e-01
1.776811899617314339e-03
9.380611181259155273e-01
8.359805494546890259e-02
1.265167146921157837e-01
6.717125326395034790e-02
1.134349498897790909e-03
8.418381330557167530e-04
1.906041055917739868e-01
9.983223080635070801e-01
1.414838135242462158e-01
9.932792782783508301e-01
1.001887940219603479e-04
1.595260761678218842e-02
8.696512579917907715e-01
8.465988188982009888e-02
9.999008178710937500e-01
9.260122776031494141e-01
4.532968997955322266e-02
5.851493915542960167e-04
2.481037285178899765e-03
9.906324148178100586e-01
9.998863935470581055e-01
9.999290704727172852e-01
1.057604141533374786e-02
3.049916625022888184e-01
9.874653220176696777e-01
6.144968271255493164e-01
9.929726123809814453e-01
9.885911345481872559e-01
1.227299362653866410e-04
9.999854564666748047e-01
2.267940193414688110e-01
9.998495578765869141e-01
4.380663633346557617e-01
1.410283595323562622e-01
5.522132385522127151e-03
9.965052604675292969e-01
9.707894325256347656e-01
9.996714591979980469e-01
6.880675554275512695e-01
9.999812841415405273e-01
9.999707937240600586e-01
2.478982508182525635e-01
9.999314546585083008e-01
8.614618331193923950e-02
9.880526065826416016e-01
2.121109068393707275e-01
8.538631796836853027e-01
9.999637603759765625e-01
9.926908612251281738e-01
9.239097237586975098e-01
4.337003529071807861e-01
7.089861631393432617e-01
9.997799992561340332e-01
1.454791985452175140e-02
1.386912888847291470e-03
9.213147163391113281e-01
9.998617172241210938e-01
9.859960675239562988e-01
2.600671723484992981e-02
9.999558925628662109e-01
9.999306201934814453e-01
1.252883230336010456e-03
6.878039240837097168e-01
9.997861981391906738e-01
9.131496548652648926e-01
2.155433641746640205e-03
4.340603016316890717e-03
1.138951163738965988e-03
9.983515739440917969e-01
9.998426437377929688e-01
3.859044052660465240e-03
9.999574422836303711e-01
9.987322688102722168e-01
9.999809265136718750e-01
9.998798370361328125e-01
9.999941587448120117e-01
9.955312609672546387e-01
4.686098254751414061e-04
9.394049048423767090e-01
1.092191887437365949e-04
1.326043307781219482e-01
9.237750172615051270e-01
9.987685084342956543e-01
8.753460049629211426e-01
9.962013363838195801e-01
7.735296094324439764e-05
2.487288713455200195e-01
9.988476037979125977e-01
2.707974053919315338e-02
9.970527887344360352e-01
1.192597150802612305e-01
9.998795986175537109e-01
5.036237463355064392e-02
9.934884309768676758e-01
9.916240572929382324e-01
9.429042339324951172e-01
9.999921321868896484e-01
9.084324836730957031e-01
9.999866485595703125e-01
9.999268054962158203e-01
9.995664954185485840e-01
9.425857663154602051e-01
9.991427659988403320e-01
9.999135732650756836e-01
2.244459539651870728e-01
9.714705348014831543e-01
7.636771442776080221e-06
9.950143694877624512e-01
5.200087428092956543e-01
9.940483570098876953e-01
9.917923063039779663e-02
9.999920129776000977e-01
9.998483657836914062e-01
2.415114343166351318e-01
9.709267616271972656e-01
9.373984336853027344e-01
9.999612569808959961e-01
9.973734617233276367e-01
9.980173110961914062e-01
9.867756962776184082e-01
9.994413256645202637e-01
9.746188521385192871e-01
1.588013470172882080e-01
9.999791383743286133e-01
7.732775807380676270e-02
4.475655441638082266e-05
9.999788999557495117e-01
9.845973849296569824e-01
9.999746084213256836e-01
9.998755455017089844e-01
7.128441929817199707e-01
2.734558284282684326e-02
9.939040988683700562e-03
9.674144983291625977e-01
9.999127388000488281e-01
9.957790374755859375e-01
3.238723054528236389e-02
6.579879522323608398e-01
9.999542236328125000e-01
9.997470974922180176e-01
6.583004142157733440e-05
6.342499703168869019e-02
5.165771842002868652e-01
9.887977242469787598e-01
1.680776913417503238e-04
9.955059504136443138e-04
1.715164259076118469e-02
1.129319774918258190e-03
1.321737840771675110e-02
9.348442554473876953e-01
9.997318387031555176e-01
9.526196718215942383e-01
9.976771473884582520e-01
9.998838901519775391e-01
1.814474463462829590e-01
9.998772144317626953e-01
2.518457174301147461e-01
3.243899941444396973e-01
9.991053938865661621e-01
9.989973902702331543e-01
9.829014539718627930e-01
9.950533509254455566e-01
4.376292927190661430e-04
2.371430583298206329e-02
2.532121259719133377e-03
1.550266891717910767e-01
1.165885552763938904e-01
9.999587535858154297e-01
9.999555349349975586e-01
9.991212487220764160e-01
3.985094428062438965e-01
9.992207288742065430e-01
1.845143549144268036e-02
9.998152852058410645e-01
9.999729394912719727e-01
9.999483823776245117e-01
8.358265757560729980e-01
9.494993090629577637e-01
4.197145402431488037e-01
5.687403082847595215e-01
9.999651908874511719e-01
9.999431371688842773e-01
9.072769171325489879e-05
9.998873472213745117e-01
3.749912721104919910e-04
9.788029789924621582e-01
8.585738539695739746e-01
5.034188870922662318e-05
5.751950666308403015e-03
9.999239444732666016e-01
9.735813946463167667e-04
3.301810240373015404e-03
9.945448637008666992e-01
9.998922348022460938e-01
9.905744194984436035e-01
9.790503382682800293e-01
9.821435809135437012e-01
1.898445338010787964e-01
9.981170892715454102e-01
1.367838238365948200e-03
9.861301779747009277e-01
9.999908208847045898e-01
9.999022483825683594e-01
9.476043581962585449e-01
9.948886036872863770e-01
9.229256510734558105e-01
9.998645782470703125e-01
9.995253086090087891e-01
1.701929955743253231e-03
7.468470335006713867e-01
9.189465781673789024e-04
9.988921284675598145e-01
9.983965754508972168e-01
5.104746818542480469e-01
3.728964924812316895e-01
1.787291169166564941e-01
9.999889135360717773e-01
9.999282360076904297e-01
2.971485264424700290e-05
5.011838511563837528e-04
9.994660019874572754e-01
9.997944235801696777e-01
9.360898286104202271e-02
8.532197475433349609e-01
5.084963049739599228e-03
9.995073080062866211e-01
9.953038692474365234e-01
9.998395442962646484e-01
8.722941875457763672e-01
9.499203562736511230e-01
9.999547004699707031e-01
9.998452663421630859e-01
9.026193059980869293e-03
9.998093247413635254e-01
9.619474411010742188e-01
3.378563746809959412e-02
9.986522793769836426e-01
9.849156141281127930e-01
9.995206594467163086e-01
9.999674558639526367e-01
9.999651908874511719e-01
9.999908208847045898e-01
9.999492168426513672e-01
9.992378950119018555e-01
1.784531474113464355e-01
8.168294429779052734e-01
5.539566336665302515e-05
1.470514014363288879e-02
9.992178678512573242e-01
9.994763731956481934e-01
9.960283041000366211e-01
1.278368406929075718e-03
9.586445093154907227e-01
9.999572038650512695e-01
9.988710284233093262e-01
1.419749855995178223e-01
9.999827146530151367e-01
9.754976630210876465e-01
9.930217862129211426e-01
9.996957778930664062e-01
8.420541286468505859e-01
9.491719305515289307e-03
9.144366979598999023e-01
7.944347858428955078e-01
9.999878406524658203e-01
9.988880753517150879e-01
5.113028455525636673e-03
3.680722042918205261e-02
9.999012947082519531e-01
9.978271126747131348e-01
9.996739625930786133e-01
9.998041987419128418e-01
3.174971323460340500e-03
9.999158382415771484e-01
9.997763037681579590e-01
7.241359353065490723e-01
9.959832429885864258e-01
9.999920129776000977e-01
5.718265771865844727e-01
8.226495981216430664e-01
9.989706277847290039e-01
3.322667907923460007e-05
8.168088197708129883e-01
9.999331235885620117e-01
9.924436211585998535e-01
8.662658333778381348e-01
1.229169894941151142e-03
9.997473359107971191e-01
2.726783044636249542e-03
1.678401895333081484e-04
9.691721796989440918e-01
2.537421882152557373e-02
9.619959443807601929e-02
9.986867308616638184e-01
9.940052628517150879e-01
9.994276165962219238e-01
5.293858647346496582e-01
9.989645481109619141e-01
7.886664271354675293e-01
8.918746113777160645e-01
9.833241105079650879e-01
9.997436404228210449e-01
7.634425163269042969e-01
1.343911793082952499e-02
4.469040930271148682e-01
9.999480247497558594e-01
4.380969703197479248e-02
9.998044371604919434e-01
9.998800754547119141e-01
5.494289845228195190e-02
3.564555346965789795e-01
9.998873472213745117e-01
9.547417163848876953e-01
9.991433620452880859e-01
7.401980110444128513e-04
9.991173148155212402e-01
9.988355040550231934e-01
1.468283357098698616e-03
4.751628512167371809e-05
8.743719458580017090e-01
6.452122761402279139e-05
3.244302934035658836e-04
9.997035861015319824e-01
9.734455943107604980e-01
9.998563528060913086e-01
9.746972322463989258e-01
9.999768733978271484e-01
4.614619612693786621e-01
4.749456644058227539e-01
8.673601746559143066e-01
5.450558455777354538e-05
9.990807771682739258e-01
4.258792978362180293e-05
8.582968730479478836e-04
3.163815736770629883e-01
9.652949571609497070e-01
6.374586820602416992e-01
9.999415874481201172e-01
9.997929930686950684e-01
9.989030361175537109e-01
9.997907280921936035e-01
8.775196224451065063e-02
1.483106613159179688e-01
9.056164417415857315e-04
9.974303841590881348e-01
9.882361292839050293e-01
3.084320127964019775e-01
9.927579164505004883e-01
8.132164657581597567e-05
9.996569156646728516e-01
7.417660951614379883e-01
9.571284987032413483e-03
9.994864463806152344e-01
1.450192357879132032e-04
8.908764123916625977e-01
9.993708729743957520e-01
9.999883174896240234e-01
6.381758451461791992e-01
9.999369382858276367e-01
1.089316010475158691e-01
9.718000292778015137e-01
9.897707700729370117e-01
9.997071623802185059e-01
3.430852433666586876e-03
9.999125003814697266e-01
1.508319377899169922e-02
9.956709146499633789e-01
1.642239396460354328e-03
9.937176704406738281e-01
4.444681107997894287e-02
1.497582159936428070e-02
1.262679346837103367e-03
4.882346689701080322e-01
9.942973256111145020e-01
9.911826848983764648e-01
7.875187397003173828e-01
1.966251619160175323e-02
9.992473125457763672e-01
9.998791217803955078e-01
2.503213472664356232e-04
9.999226331710815430e-01
9.999841451644897461e-01
9.999773502349853516e-01
9.505401365458965302e-03
3.472848620731383562e-04
1.206668443046510220e-03
9.999892711639404297e-01
9.971743822097778320e-01
9.331639739684760571e-04
9.998370409011840820e-01
9.999923706054687500e-01
9.948142766952514648e-01
9.962891340255737305e-01
9.783715009689331055e-01
1.447920594364404678e-02
4.843689799308776855e-01
9.356626868247985840e-01
9.991832375526428223e-01
9.853491187095642090e-01
9.999805688858032227e-01
7.269271009135991335e-05
8.904446661472320557e-02
9.999746084213256836e-01
9.995521903038024902e-01
1.318198740482330322e-01
9.997866749763488770e-01
8.128109574317932129e-02
9.998346567153930664e-01
9.997333884239196777e-01
9.998459815979003906e-01
9.906573295593261719e-01
2.987084677442908287e-03
9.998352527618408203e-01
9.991213679313659668e-01
9.952017068862915039e-01
9.695188999176025391e-01
9.832405447959899902e-01
8.300741761922836304e-02
4.894451424479484558e-02
9.998979568481445312e-01
9.538090787827968597e-03
9.962682127952575684e-01
1.438612639904022217e-01
9.989421963691711426e-01
4.488090984523296356e-03
9.976096153259277344e-01
9.695176482200622559e-01
2.393336780369281769e-02
9.942719936370849609e-01
9.999465942382812500e-01
9.886907339096069336e-01
9.983604550361633301e-01
4.623551794793456793e-04
4.992080330848693848e-01
1.629523001611232758e-02
3.273173570632934570e-01
3.015371859073638916e-01
3.824340412393212318e-03
9.941180944442749023e-01
9.999809265136718750e-01
1.501926779747009277e-01
9.760577082633972168e-01
9.907335042953491211e-01
9.813877344131469727e-01
2.090437114238739014e-01
9.999815225601196289e-01
7.070408761501312256e-02
9.938431978225708008e-01
9.992287158966064453e-01
9.998121857643127441e-01
9.988300204277038574e-01
2.418983262032270432e-03
1.555523631395772099e-04
9.865461587905883789e-01
1.425096979801310226e-05
9.575011134147644043e-01
9.985929131507873535e-01
2.386495471000671387e-04
1.275375857949256897e-02
4.761751333717256784e-04
9.998817443847656250e-01
3.321479260921478271e-01
9.999833106994628906e-01
8.060677647590637207e-01
9.992483258247375488e-01
2.146927863359451294e-01
9.973772764205932617e-01
9.998320341110229492e-01
2.008915133774280548e-02
2.449259627610445023e-03
7.087776064872741699e-02
9.988555908203125000e-01
8.751798272132873535e-01
9.986279010772705078e-01
9.873223900794982910e-01
9.998161196708679199e-01
9.997578263282775879e-01
9.868344664573669434e-01
9.486102461814880371e-01
9.995724558830261230e-01
6.094272136688232422e-01
9.999841451644897461e-01
1.359838061034679413e-02
9.999924898147583008e-01
9.949766993522644043e-01
7.306572794914245605e-01
9.999729394912719727e-01
9.972404241561889648e-01
9.734695553779602051e-01
5.779846571385860443e-03
3.489564657211303711e-01
9.717107415199279785e-01
5.704309660359285772e-05
9.998917579650878906e-01
1.028544642031192780e-02
1.230610767379403114e-03
9.589735865592956543e-01
9.999855756759643555e-01
9.999219179153442383e-01
9.850406050682067871e-01
6.007838845252990723e-01
3.875981867313385010e-01
8.392534852027893066e-01
9.970209002494812012e-01
9.367535114288330078e-01
9.873233437538146973e-01
9.999191761016845703e-01
3.031606413424015045e-02
9.998981952667236328e-01
9.944807291030883789e-01
4.591856850311160088e-05
9.999604225158691406e-01
9.971476197242736816e-01
7.693327643210068345e-05
4.750313460826873779e-01
6.187745928764343262e-01
5.790701601654291153e-03
7.514617173001170158e-04
9.997194409370422363e-01
2.102389931678771973e-01
9.993681311607360840e-01
6.883252877742052078e-03
9.989730119705200195e-01
8.238886594772338867e-01
9.997965693473815918e-01
9.993426203727722168e-01
6.679799407720565796e-03
1.237124379258602858e-04
6.711173057556152344e-02
9.019683599472045898e-01
9.835153818130493164e-01
9.852821826934814453e-01
2.101021382259204984e-04
2.529859915375709534e-02
3.082825278397649527e-04
9.984340071678161621e-01
3.849172207992523909e-04
5.786789059638977051e-01
9.999941587448120117e-01
3.586618913686834276e-05
2.080977521836757660e-02
9.988536834716796875e-01
9.999752044677734375e-01
1.714315585559234023e-04
1.144908019341528416e-04
9.147523902356624603e-03
9.994832277297973633e-01
9.968929290771484375e-01
6.064888089895248413e-02
9.895523190498352051e-01
3.302875161170959473e-02
1.121483072638511658e-01
8.100991845130920410e-01
9.821352958679199219e-01
1.109837103285826743e-04
2.284182482981123030e-05
3.060735762119293213e-01
7.049707928672432899e-04
3.251707646995782852e-03
9.984857439994812012e-01
3.594214841723442078e-02
9.999825954437255859e-01
9.999563694000244141e-01
7.258514761924743652e-01
9.907863140106201172e-01
9.907848834991455078e-01
8.630212545394897461e-01
1.395883709192276001e-01
9.161563515663146973e-01
1.231551542878150940e-02
9.998965263366699219e-01
2.573293149471282959e-01
1.793658710084855556e-03
1.042553782463073730e-02
9.999389648437500000e-01
9.996349811553955078e-01
4.427953623235225677e-03
5.370178818702697754e-01
1.912605762481689453e-01
9.992555975914001465e-01
9.998069405555725098e-01
9.966277480125427246e-01
2.631698921322822571e-02
6.688721477985382080e-03
2.312931418418884277e-01
9.999209642410278320e-01
4.713223129510879517e-02
9.992610812187194824e-01
9.999915361404418945e-01
9.996647834777832031e-01
9.687390923500061035e-01
9.999412298202514648e-01
1.932935416698455811e-01
9.999935626983642578e-01
7.723766565322875977e-01
2.169573158025741577e-01
1.270842850208282471e-01
9.974599480628967285e-01
1.829603314399719238e-01
9.999872446060180664e-01
9.032273082993924618e-04
7.969660758972167969e-01
6.550239920616149902e-01
9.999461174011230469e-01
9.610009193420410156e-01
8.164837360382080078e-01
2.967380546033382416e-02
9.997608065605163574e-01
9.951968789100646973e-01
9.839830398559570312e-01
3.050341038033366203e-04
9.988773465156555176e-01
1.179310958832502365e-02
9.995409250259399414e-01
9.994323849678039551e-01
9.999917745590209961e-01
4.926908016204833984e-01
2.434112131595611572e-02
6.271013407967984676e-04
9.294704198837280273e-01
2.302139328094199300e-04
9.836770296096801758e-01
8.218465954996645451e-04
9.815902113914489746e-01
9.999897480010986328e-01
7.918590307235717773e-01
7.782884836196899414e-01
9.999632835388183594e-01
3.250275505706667900e-03
9.999706745147705078e-01
9.999433755874633789e-01
2.888497838284820318e-04
4.279448476154357195e-04
9.991457462310791016e-01
9.734579920768737793e-01
3.860523866023868322e-04
5.258443998172879219e-04
9.918461441993713379e-01
7.638196945190429688e-01
3.442034940235316753e-04
6.637282371520996094e-01
9.991174340248107910e-01
9.944842457771301270e-01
9.995519518852233887e-01
5.500755310058593750e-01
5.561690926551818848e-01
2.480371949786785990e-05
9.999921321868896484e-01
9.926199316978454590e-01
9.999316930770874023e-01
8.509239181876182556e-03
9.999660253524780273e-01
8.229579329490661621e-01
9.236412644386291504e-01
9.999836683273315430e-01
2.000772953033447266e-01
9.998985528945922852e-01
9.999951124191284180e-01
1.559165865182876587e-01
4.050375521183013916e-02
9.908488988876342773e-01
1.418692991137504578e-03
3.000603290274739265e-03
4.510950384428724647e-05
4.678482115268707275e-01
9.953841567039489746e-01
9.997033476829528809e-01
3.603286296129226685e-02
5.715828388929367065e-03
3.710962133482098579e-03
9.999005794525146484e-01
1.753949676640331745e-03
9.997118115425109863e-01
9.983116388320922852e-01
3.378226161003112793e-01
7.819233089685440063e-02
9.999365806579589844e-01
1.809197217226028442e-01
5.147393792867660522e-02
9.999829530715942383e-01
4.621302783489227295e-01
9.150270819664001465e-01
9.999128580093383789e-01
1.170036848634481430e-02
9.994325041770935059e-01
6.459863781929016113e-01
9.999883174896240234e-01
9.999866485595703125e-01
9.927762746810913086e-01
9.974372386932373047e-01
9.977235198020935059e-01
9.995775818824768066e-01
1.125994175672531128e-01
9.996755123138427734e-01
9.997900128364562988e-01
9.936782717704772949e-01
3.945568110793828964e-03
2.298130840063095093e-01
9.999074935913085938e-01
4.950550384819507599e-03
1.939270645380020142e-03
9.252296090126037598e-01
9.997892975807189941e-01
9.993746876716613770e-01
5.930166840553283691e-01
9.999947547912597656e-01
9.989563226699829102e-01
2.512593637220561504e-04
9.999859333038330078e-01
9.075793623924255371e-01
1.509410701692104340e-02
9.999045133590698242e-01
4.251409769058227539e-01
3.694509388878941536e-03
9.999773502349853516e-01
9.904736876487731934e-01
3.664129180833697319e-04
1.856430619955062866e-01
9.999667406082153320e-01
9.889026284217834473e-01
9.999428987503051758e-01
2.398864598944783211e-03
9.996341466903686523e-01
4.626592993736267090e-01
9.846168756484985352e-01
1.010950363706797361e-04
9.872255921363830566e-01
4.618119820952415466e-02
9.999437332153320312e-01
2.491753734648227692e-02
2.675995975732803345e-02
8.341342955827713013e-02
9.814361929893493652e-01
2.312705619260668755e-03
7.745243906974792480e-01
9.999588727951049805e-01
5.483482480049133301e-01
9.986177682876586914e-01
9.999636411666870117e-01
9.883638620376586914e-01
9.310399889945983887e-01
9.991524219512939453e-01
2.132682711817324162e-04
9.871751666069030762e-01
3.098822943866252899e-02
9.998810291290283203e-01
9.992963075637817383e-01
9.562561511993408203e-01
4.054633245687000453e-05
1.983364298939704895e-02
9.999256134033203125e-01
4.787649214267730713e-02
9.965732097625732422e-01
9.988986253738403320e-01
8.007279038429260254e-01
9.956843852996826172e-01
9.993127584457397461e-01
1.154616802523378283e-05
9.994205236434936523e-01
9.814226627349853516e-01
1.229778584092855453e-02
9.122323989868164062e-01
9.297999739646911621e-01
9.999893903732299805e-01
3.621186688542366028e-02
6.099402308464050293e-01
9.994939565658569336e-01
9.999426603317260742e-01
9.932841062545776367e-01
5.004143458791077137e-04
9.815979003906250000e-01
9.387614727020263672e-01
9.956580400466918945e-01
9.996865987777709961e-01
9.992555975914001465e-01
9.996651411056518555e-01
1.120152398943901062e-01
5.253160595893859863e-01
5.251198890618979931e-04
9.993324875831604004e-01
2.350351074710488319e-03
9.893354959785938263e-03
9.998174309730529785e-01
9.999941587448120117e-01
9.963409304618835449e-01
9.991082549095153809e-01
9.989799857139587402e-01
8.433314561843872070e-01
9.986999034881591797e-01
9.999874830245971680e-01
9.999725818634033203e-01
5.321006178855895996e-01
1.099446672014892101e-03
9.999743700027465820e-01
9.999662637710571289e-01
1.251561939716339111e-01
9.999040365219116211e-01
9.857503175735473633e-01
3.882275521755218506e-01
1.438977941870689392e-02
9.989261031150817871e-01
1.794682592153549194e-01
9.998973608016967773e-01
9.994576573371887207e-01
9.956450462341308594e-01
9.160068035125732422e-01
9.986195564270019531e-01
9.901291728019714355e-01
9.569659233093261719e-01
9.995881915092468262e-01
9.876307845115661621e-01
9.997106194496154785e-01
9.729593992233276367e-01
5.476992810145020485e-04
8.498865365982055664e-01
9.861875772476196289e-01
9.705502986907958984e-01
9.985533356666564941e-01
1.260937284678220749e-02
9.994589686393737793e-01
9.999806880950927734e-01
1.072351541370153427e-02
9.998753070831298828e-01
9.999812841415405273e-01
9.999706745147705078e-01
9.997964501380920410e-01
2.634789052535779774e-05
9.865555763244628906e-01
2.949092959170229733e-05
1.178665901534259319e-03
9.980376362800598145e-01
1.293636113405227661e-02
9.998844861984252930e-01
9.976174235343933105e-01
1.971319019794464111e-01
9.998243451118469238e-01
9.828438758850097656e-01
9.997449517250061035e-01
9.594366699457168579e-02
8.525470495223999023e-01
9.787923097610473633e-02
9.848549962043762207e-01
2.955369651317596436e-03
9.599606990814208984e-01
1.049985585268586874e-04
9.991837143898010254e-01
9.991039633750915527e-01
6.095843389630317688e-02
1.259633712470531464e-02
2.686341479420661926e-02
9.992986917495727539e-01
9.507361054420471191e-01
9.995063543319702148e-01
9.859097003936767578e-01
9.999631643295288086e-01
9.997000694274902344e-01
3.497042416711337864e-05
9.893890023231506348e-01
8.982367515563964844e-01
9.998766183853149414e-01
9.999656677246093750e-01
9.999792575836181641e-01
1.627700030803680420e-01
9.999859333038330078e-01
4.073914140462875366e-03
9.998911619186401367e-01
9.999407529830932617e-01
9.993885755538940430e-01
5.756492018699645996e-01
4.443527758121490479e-01
9.999396800994873047e-01
9.975128173828125000e-01
9.903749823570251465e-01
8.731902576982975006e-03
9.872987866401672363e-01
9.068364650011062622e-02
5.965048670768737793e-01
4.362603358458727598e-04
9.999647140502929688e-01
6.577486991882324219e-01
9.998739957809448242e-01
9.795704483985900879e-02
9.828816652297973633e-01
3.639860823750495911e-02
3.206845819950103760e-01
2.242769151926040649e-01
9.991176724433898926e-01
9.999885559082031250e-01
9.998437166213989258e-01
2.208645892096683383e-04
5.572955012321472168e-01
9.999489784240722656e-01
9.999551773071289062e-01
9.479495882987976074e-01
9.941998720169067383e-01
1.303556055063381791e-04
3.268783539533615112e-02
9.852359294891357422e-01
9.005627781152725220e-02
9.999413490295410156e-01
9.997372031211853027e-01
9.999788999557495117e-01
6.944971084594726562e-01
9.993370175361633301e-01
8.396263122558593750e-01
9.997865557670593262e-01
8.989039659500122070e-01
9.402289390563964844e-01
9.101467207074165344e-03
9.992915391921997070e-01
9.999713897705078125e-01
9.999356269836425781e-01
9.784567356109619141e-01
7.824518680572509766e-01
5.840765661559998989e-04
9.874877929687500000e-01
2.017354359850287437e-03
2.234973217127844691e-04
9.985290765762329102e-01
5.790262222290039062e-01
2.789371013641357422e-01
9.939963817596435547e-01
9.954689741134643555e-01
9.998730421066284180e-01
9.999811649322509766e-01
9.704385995864868164e-01
7.919541094452142715e-04
9.999878406524658203e-01
9.748397469520568848e-01
7.913229614496231079e-02
9.997369647026062012e-01
5.735244601964950562e-03
2.078535854816436768e-01
9.999216794967651367e-01
9.999735355377197266e-01
1.644996373215690255e-04
4.066376686096191406e-01
2.215290209278464317e-03
6.833442952483892441e-03
9.908295869827270508e-01
9.961232542991638184e-01
9.998252987861633301e-01
9.979608058929443359e-01
9.987527132034301758e-01
9.999819993972778320e-01
1.701377481222152710e-01
9.996451139450073242e-01
9.465240240097045898e-01
9.999785423278808594e-01
1.045427694916725159e-01
9.986728429794311523e-01
9.999543428421020508e-01
6.290397141128778458e-03
7.647713937330991030e-05
4.164079427719116211e-01
5.261654034256935120e-02
5.727931261062622070e-01
2.061179131269454956e-01
9.696397185325622559e-01
9.999902248382568359e-01
7.871146798133850098e-01
4.802585754077881575e-04
1.715855789370834827e-03
9.998713731765747070e-01
9.999822378158569336e-01
1.477095182053744793e-03
9.998509883880615234e-01
7.414804713334888220e-05
3.434863388538360596e-01
1.411459743976593018e-01
5.144667738932184875e-05
3.184197339578531682e-05
3.291860222816467285e-01
9.979623556137084961e-01
1.633475534617900848e-03
8.144165873527526855e-01
1.267532352358102798e-02
8.050401806831359863e-01
9.973215460777282715e-01
3.521094024181365967e-01
9.999747276306152344e-01
3.798146208282560110e-04
5.578891141340136528e-04
9.998625516891479492e-01
2.320906845852732658e-03
9.891281723976135254e-01
9.999285936355590820e-01
6.769570708274841309e-01
1.642830967903137207e-01
9.494100213050842285e-01
2.693693935871124268e-01
9.019989967346191406e-01
6.363915801048278809e-01
9.994427561759948730e-01
5.312605500221252441e-01
1.994058256968855858e-04
9.998369216918945312e-01
9.831979870796203613e-01
9.531540870666503906e-01
1.481528393924236298e-02
1.734278484946116805e-04
9.927046895027160645e-01
6.771422624588012695e-01
6.922651664353907108e-04
9.619511961936950684e-01
4.542174637317657471e-01
9.883247613906860352e-01
9.999560117721557617e-01
9.992753863334655762e-01
1.715826056897640228e-02
9.999802112579345703e-01
9.999920129776000977e-01
3.003576695919036865e-01
3.425367409363389015e-03
2.441774122416973114e-04
9.999390840530395508e-01
5.142279267311096191e-01
9.999818801879882812e-01
3.249847330152988434e-03
9.796601079870015383e-05
2.448100969195365906e-02
9.999239444732666016e-01
9.993915557861328125e-01
9.623704552650451660e-01
9.132215976715087891e-01
7.428321259794756770e-05
9.999947547912597656e-01
2.242693118751049042e-02
2.985197643283754587e-04
9.998543262481689453e-01
9.996705055236816406e-01
6.138866022229194641e-02
9.994945526123046875e-01
9.383603930473327637e-01
9.995355606079101562e-01
9.911221265792846680e-01
1.108041405677795410e-02
9.994113445281982422e-01
9.606526494026184082e-01
9.212790988385677338e-03
9.265409708023071289e-01
8.994979262351989746e-01
9.983732700347900391e-01
9.539203643798828125e-01
1.455121790058910847e-03
9.811606105358805507e-06
9.162350893020629883e-01
1.510180067270994186e-02
8.380754850804805756e-03
9.999222755432128906e-01
2.604067027568817139e-01
9.999722242355346680e-01
3.146025538444519043e-01
1.040492934407666326e-04
2.024009525775909424e-01
9.972616434097290039e-01
9.898399114608764648e-01
3.727876022458076477e-02
9.999912977218627930e-01
9.986703395843505859e-01
9.999859333038330078e-01
4.851357638835906982e-02
9.984293580055236816e-01
5.427697324194014072e-04
9.991588592529296875e-01
9.917047023773193359e-01
9.972591400146484375e-01
8.802059888839721680e-01
8.693999648094177246e-01
9.874373078346252441e-01
1.671529840677976608e-03
9.999562501907348633e-01
5.346518754959106445e-01
9.990154504776000977e-01
4.683960676193237305e-01
5.266197025775909424e-02
1.435992191545665264e-03
2.814517319202423096e-01
1.116438033932354301e-05
2.323300987482070923e-01
9.999675750732421875e-01
8.210616707801818848e-01
9.730060100555419922e-01
3.100652247667312622e-04
3.177140355110168457e-01
8.676590919494628906e-01
9.996596574783325195e-01
3.926504403352737427e-02
7.982493042945861816e-01
3.695957711897790432e-04
9.997252821922302246e-01
9.992741942405700684e-01
5.856605130247771740e-04
5.452757235616445541e-03
9.815979003906250000e-01
1.325023267418146133e-02
6.121075712144374847e-04
9.708597660064697266e-01
1.400447934865951538e-01
9.911282062530517578e-01
6.582310795783996582e-01
9.597433805465698242e-01
7.805173397064208984e-01
9.999444484710693359e-01
9.999719858169555664e-01
7.554185390472412109e-01
9.666252881288528442e-02
6.210373044013977051e-01
1.665118361415807158e-05
1.993161998689174652e-02
3.229013964300975204e-05
9.805503487586975098e-01
9.999954700469970703e-01
1.714613754302263260e-03
4.914967343211174011e-03
6.241140961647033691e-01
9.990174770355224609e-01
1.609665225259959698e-03
5.174766411073505878e-04
9.998985528945922852e-01
9.840980172157287598e-01
1.153013217845000327e-04
9.360014796257019043e-01
9.999616146087646484e-01
2.959935553371906281e-02
9.999964237213134766e-01
7.968636155128479004e-01
9.997106194496154785e-01
9.997919201850891113e-01
5.259451791062019765e-05
9.997115731239318848e-01
4.543095928966067731e-05
9.999725818634033203e-01
1.660692691802978516e-01
2.247619850095361471e-04
7.210562229156494141e-01
9.973623156547546387e-01
8.934876322746276855e-01
5.635840073227882385e-02
2.262869849801063538e-02
2.064951113425195217e-04
1.547912688693031669e-04
9.911900758743286133e-01
9.967451095581054688e-01
9.988699555397033691e-01
9.977425336837768555e-01
4.411590695381164551e-01
8.755404949188232422e-01
9.976209998130798340e-01
1.006175484508275986e-02
1.158781722187995911e-02
9.986639022827148438e-01
2.150218933820724487e-01
3.068767115473747253e-02
9.888760447502136230e-01
2.274355210829526186e-04
3.605138917919248343e-04
8.331934213638305664e-01
9.999564886093139648e-01
7.453690748661756516e-03
9.478751420974731445e-01
9.998408555984497070e-01
3.479348123073577881e-02
9.973585009574890137e-01
9.773156642913818359e-01
9.877114892005920410e-01
9.999891519546508789e-01
9.999343156814575195e-01
5.260258913040161133e-04
5.532373785972595215e-01
9.997263550758361816e-01
9.982345104217529297e-01
5.623056553304195404e-03
6.085177301429212093e-04
7.529880851507186890e-02
7.238228917121887207e-01
9.999842643737792969e-01
9.988880753517150879e-01
4.057477694004774094e-03
1.637200475670397282e-04
9.998776912689208984e-01
1.866164654493331909e-01
8.668388724327087402e-01
9.994279742240905762e-01
9.996620416641235352e-01
1.304599195718765259e-01
5.952867213636636734e-04
9.997101426124572754e-01
6.060451050871051848e-05
9.999532699584960938e-01
9.998825788497924805e-01
7.878196984529495239e-02
9.998984336853027344e-01
9.875255823135375977e-01
9.766117930412292480e-01
9.990047812461853027e-01
9.911240339279174805e-01
4.075303673744201660e-03
9.998830556869506836e-01
9.999361038208007812e-01
9.876683354377746582e-01
9.985072016716003418e-01
3.679284593090415001e-03
1.707585304975509644e-01
5.885573625564575195e-01
9.751988947391510010e-02
9.998985528945922852e-01
1.323453383520245552e-03
9.392304420471191406e-01
9.426735050510615110e-05
6.880369619466364384e-04
1.122297719120979309e-01
5.853901505470275879e-01
6.429936271160840988e-03
4.693240672349929810e-02
3.909357637166976929e-02
2.553112991154193878e-02
9.991599321365356445e-01
9.979185461997985840e-01
7.515585422515869141e-01
2.866712398827075958e-02
4.546406853478401899e-05
9.995094537734985352e-01
9.962013363838195801e-01
9.999256134033203125e-01
1.267532352358102798e-02
9.926692247390747070e-01
8.961207866668701172e-01
9.998539686203002930e-01
9.701063036918640137e-01
9.825026988983154297e-01
3.311163512989878654e-03
9.999274015426635742e-01
3.775030001997947693e-02
5.893688648939132690e-03
9.783632755279541016e-01
9.327428340911865234e-01
9.999926090240478516e-01
9.864056706428527832e-01
3.226794302463531494e-02
4.633809626102447510e-01
9.995372295379638672e-01
8.110417723655700684e-01
6.279217600822448730e-01
9.999296665191650391e-01
4.295879974961280823e-02
6.022274028509855270e-03
9.999071359634399414e-01
1.001697892206721008e-04
1.470396965742111206e-01
9.999724626541137695e-01
9.993779659271240234e-01
8.861719369888305664e-01
2.325207315152511001e-04
1.369390636682510376e-01
1.982297981157898903e-03
9.998564720153808594e-01
9.997005462646484375e-01
4.416463896632194519e-03
9.998915195465087891e-01
8.652577400207519531e-01
1.669337507337331772e-03
3.273072540760040283e-01
1.298604011535644531e-01
9.973879456520080566e-01
9.998667240142822266e-01
9.838588833808898926e-01
7.856535911560058594e-01
9.999186992645263672e-01
9.899581074714660645e-01
1.406611353158950806e-01
4.332162067294120789e-02
9.986943602561950684e-01
1.502420455217361450e-01
3.942466974258422852e-01
9.966467022895812988e-01
1.071031913161277771e-01
2.835097610950469971e-01
9.998962879180908203e-01
9.963417649269104004e-01
9.998720884323120117e-01
9.998356103897094727e-01
9.794235825538635254e-01
9.951543807983398438e-01
9.999790191650390625e-01
9.997729659080505371e-01
2.964570522308349609e-01
9.831630587577819824e-01
9.952110648155212402e-01
5.615704506635665894e-02
9.635885953903198242e-01
3.311404492706060410e-03
9.994589686393737793e-01
9.999496936798095703e-01
9.986728429794311523e-01
2.987466156482696533e-01
9.983221888542175293e-01
9.998754262924194336e-01
4.507497214945033193e-05
9.996563196182250977e-01
1.286380807869136333e-03
5.971121415495872498e-02
3.710497694555670023e-04
9.999704360961914062e-01
9.997932314872741699e-01
6.763770580291748047e-01
8.215534500777721405e-03
9.996687173843383789e-01
6.637026672251522541e-04
9.996879100799560547e-01
9.974727034568786621e-01
4.612303152680397034e-02
9.621332287788391113e-01
9.004905819892883301e-01
1.863129138946533203e-01
9.980210065841674805e-01
9.909164309501647949e-01
9.999407529830932617e-01
6.718327058479189873e-04
9.999487400054931641e-01
6.073519587516784668e-01
9.999097585678100586e-01
8.925571441650390625e-01
9.999521970748901367e-01
4.510997794568538666e-03
9.998949766159057617e-01
3.492341637611389160e-01
1.792799681425094604e-02
5.233467090874910355e-03
9.999643564224243164e-01
2.589561641216278076e-01
9.869776368141174316e-01
9.999257326126098633e-01
9.992848038673400879e-01
9.976378679275512695e-01
9.949204325675964355e-01
1.927581280469894409e-01
9.930041432380676270e-01
3.247222304344177246e-02
2.362241595983505249e-02
9.995922446250915527e-01
9.999263286590576172e-01
3.490220382809638977e-02
9.999886751174926758e-01
9.999889135360717773e-01
4.907706286758184433e-03
8.531891107559204102e-01
9.999755620956420898e-01
5.789555981755256653e-02
6.340479850769042969e-02
9.999728202819824219e-01
9.998966455459594727e-01
8.683617115020751953e-01
2.710707783699035645e-01
9.999477863311767578e-01
9.973694086074829102e-01
9.995698332786560059e-01
9.999803304672241211e-01
9.973286390304565430e-01
2.201230525970458984e-01
6.214473024010658264e-02
9.701893329620361328e-01
3.953213308705016971e-05
9.999703168869018555e-01
9.998063445091247559e-01
9.986471533775329590e-01
5.228262543678283691e-01
4.639589041471481323e-02
3.317779192002490163e-05
9.273635745048522949e-01
9.999918937683105469e-01
9.195176959037780762e-01
3.444708585739135742e-01
9.959484934806823730e-01
3.376086652278900146e-01
6.242888979613780975e-03
9.997372031211853027e-01
9.999945163726806641e-01
5.243027955293655396e-02
9.959689378738403320e-01
3.177986443042755127e-01
9.062134631676599383e-05
9.998908042907714844e-01
9.804450273513793945e-01
9.971346855163574219e-01
7.661334276199340820e-01
2.272455021739006042e-02
9.998770952224731445e-01
9.999179840087890625e-01
9.996973276138305664e-01
1.572991604916751385e-03
9.762929677963256836e-01
9.820857048034667969e-01
4.731133878231048584e-01
6.025500595569610596e-03
1.429184824228286743e-01
1.961297094821929932e-01
9.999839067459106445e-01
9.783252477645874023e-01
1.399689499521628022e-04
1.188871171325445175e-02
9.976326227188110352e-01
9.999074935913085938e-01
4.296192433685064316e-03
9.999485015869140625e-01
9.766223430633544922e-01
9.731491804122924805e-01
9.993983507156372070e-01
9.976849555969238281e-01
5.616171285510063171e-03
9.997354149818420410e-01
9.949093461036682129e-01
5.934194632573053241e-05
4.898416591458953917e-05
9.978030323982238770e-01
2.464051917195320129e-02
7.123734354972839355e-01
9.538762569427490234e-01
9.997487664222717285e-01
9.998345375061035156e-01
9.992164373397827148e-01
9.197468161582946777e-01
9.998810291290283203e-01
3.105223476886749268e-01
2.327877096831798553e-02
6.702561222482472658e-05
9.996565580368041992e-01
3.023437038064002991e-02
1.441831979900598526e-02
9.999548196792602539e-01
9.999692440032958984e-01
4.150691926479339600e-01
3.234114847145974636e-04
