9.999994039535522461e-01
9.996662139892578125e-01
9.999842643737792969e-01
3.671412914991378784e-02
1.968809068202972412e-01
9.999995231628417969e-01
2.206503003835678101e-01
4.257425293326377869e-02
9.995063543319702148e-01
7.322507444769144058e-04
1.576609938638284802e-04
1.788704685168340802e-04
7.941529154777526855e-02
9.999160766601562500e-01
9.980564117431640625e-01
9.991045594215393066e-01
9.999220371246337891e-01
9.556862711906433105e-01
9.945297837257385254e-01
9.991968274116516113e-01
1.548050716519355774e-02
9.999148845672607422e-01
1.249371052836067975e-05
9.860464930534362793e-01
9.999896287918090820e-01
4.169555177213624120e-05
9.999959468841552734e-01
9.997000694274902344e-01
5.646284648719301913e-07
9.998446702957153320e-01
3.297179500805214047e-05
3.331758080094004981e-06
2.806456200778484344e-02
9.999129772186279297e-01
5.655248241964727640e-05
9.999791383743286133e-01
2.764648757874965668e-02
9.907763600349426270e-01
9.999091625213623047e-01
1.802150509320199490e-04
9.998157620429992676e-01
6.454804539680480957e-01
9.999932050704956055e-01
2.095897144727132400e-07
9.999980926513671875e-01
1.568655297160148621e-02
9.104718565940856934e-01
1.564559410326182842e-03
9.999777078628540039e-01
9.999865293502807617e-01
1.785862892866134644e-01
9.999986886978149414e-01
9.997535347938537598e-01
1.470316965423990041e-05
4.893545337836258113e-06
9.646839499473571777e-01
2.536452029744395986e-06
9.999976158142089844e-01
5.135108949616551399e-04
2.068340480327606201e-01
9.995199441909790039e-01
9.999971389770507812e-01
9.990065693855285645e-01
7.124119438230991364e-03
2.730517880991101265e-04
7.366572276623628568e-07
7.095001637935638428e-02
9.748626351356506348e-01
9.999959468841552734e-01
1.745423651300370693e-05
9.999963045120239258e-01
4.639909863471984863e-01
5.379843969421926886e-06
9.999976158142089844e-01
6.439694971049902961e-06
3.728556036949157715e-01
1.012924709357321262e-03
6.297310348600149155e-03
1.845360919833183289e-02
1.036729372572153807e-04
4.486997127532958984e-01
4.497100114822387695e-01
6.537406534334877506e-06
2.482967972755432129e-01
1.536894775927066803e-02
9.999957084655761719e-01
4.295207327231764793e-05
9.999951124191284180e-01
9.994983673095703125e-01
2.396693676710128784e-01
9.999972581863403320e-01
2.016310463659465313e-05
9.999516010284423828e-01
9.999979734420776367e-01
1.598729342222213745e-01
6.304337084293365479e-02
9.999804496765136719e-01
9.999678134918212891e-01
6.335732527077198029e-03
7.554078251814644318e-07
5.531236456590704620e-05
3.206416033208370209e-03
9.746403694152832031e-01
9.735599160194396973e-01
8.874201448634266853e-04
9.999991655349731445e-01
9.854454398155212402e-01
2.179358452558517456e-01
9.999673366546630859e-01
1.658916153246536851e-04
9.735822677612304688e-01
1.800716854631900787e-02
3.978791832923889160e-02
9.997740387916564941e-01
9.999136924743652344e-01
9.999089241027832031e-01
2.741962671279907227e-04
3.469349849183345214e-06
3.488771108095534146e-05
9.989330172538757324e-01
8.973574638366699219e-01
8.520621657371520996e-01
9.798231720924377441e-01
5.241441726684570312e-02
6.160927414894104004e-01
1.071531187335494906e-06
9.752069115638732910e-01
4.274105776858050376e-06
9.999983310699462891e-01
2.187637425959110260e-02
9.987229704856872559e-01
9.762041568756103516e-01
2.404092356300679967e-07
1.316802948713302612e-01
9.999712705612182617e-01
9.999825954437255859e-01
2.438966929912567139e-02
2.353057243453804404e-05
9.227289701811969280e-04
9.999889135360717773e-01
9.973388314247131348e-01
9.999973773956298828e-01
5.723608192056417465e-03
9.999076128005981445e-01
6.653538730461150408e-05
5.404856892710085958e-06
9.561394108459353447e-04
3.299941090517677367e-05
6.123444810509681702e-02
2.634538896381855011e-02
9.584255218505859375e-01
6.465821206802502275e-05
9.996870756149291992e-01
3.402329385280609131e-01
1.451965886190009769e-06
4.299648702144622803e-01
9.564892649650573730e-01
2.889360184781253338e-04
1.801185775548219681e-03
9.979255199432373047e-01
9.999945163726806641e-01
1.802515726012643427e-05
7.673169374465942383e-01
9.999721050262451172e-01
1.755772700562374666e-06
9.795234203338623047e-01
6.809640675783157349e-02
9.998325109481811523e-01
1.195856111735338345e-05
1.020024996250867844e-03
3.188311552548839245e-07
7.422972430504160002e-06
9.999984502792358398e-01
9.999946355819702148e-01
1.288382918573915958e-06
9.628522093407809734e-05
9.803174734115600586e-01
8.777328730502631515e-06
1.532293856143951416e-01
1.153275006799958646e-04
9.999815225601196289e-01
9.999760389328002930e-01
9.755605459213256836e-01
8.124793384922668338e-05
6.440820638090372086e-03
9.816675186157226562e-01
9.912337660789489746e-01
1.228801906108856201e-02
8.519332623109221458e-04
2.252467721700668335e-01
3.013799898326396942e-03
8.973400440481782425e-07
8.968306779861450195e-01
4.791430234909057617e-01
9.932483434677124023e-01
9.999952316284179688e-01
9.998582601547241211e-01
8.742331374378409237e-07
9.993200302124023438e-01
9.999954700469970703e-01
2.834599399648141116e-07
1.517271593911573291e-04
7.641246169805526733e-02
9.973605275154113770e-01
9.591981768608093262e-01
1.284994232264580205e-05
9.998525381088256836e-01
3.368923216839903034e-06
9.994794726371765137e-01
9.999935626983642578e-01
9.819322824478149414e-01
8.917999139157473110e-07
9.616032838821411133e-01
9.999994039535522461e-01
4.758985596708953381e-06
5.880090594291687012e-02
9.937067627906799316e-01
8.971321582794189453e-01
1.043454062710225116e-06
6.823155672464054078e-06
2.160551957786083221e-02
9.999940395355224609e-01
9.999918937683105469e-01
8.875153660774230957e-01
9.997873902320861816e-01
4.875482991337776184e-02
3.082207217812538147e-02
9.999938011169433594e-01
9.988796114921569824e-01
2.910446608439087868e-03
7.208916358649730682e-04
4.045915557071566582e-05
9.999939203262329102e-01
1.920360045915003866e-05
4.635525941848754883e-01
9.999985694885253906e-01
9.619774646125733852e-04
9.999816417694091797e-01
7.318223267793655396e-02
8.587051033973693848e-01
9.998000264167785645e-01
1.199769758386537433e-05
9.992020726203918457e-01
3.823507726192474365e-01
3.442594106672913767e-06
8.285632247861940414e-06
2.740751142482622527e-06
3.338604234158992767e-03
9.999936819076538086e-01
3.752634256670717150e-06
7.899659249233081937e-05
9.991420507431030273e-01
3.155971169471740723e-01
9.736608266830444336e-01
1.204585935920476913e-02
5.473643250297755003e-05
4.710096120834350586e-02
1.452573599181050668e-07
1.922017079778015614e-03
9.484823942184448242e-01
9.995052814483642578e-01
9.999970197677612305e-01
6.493265628814697266e-01
9.694119095802307129e-01
1.997080147266387939e-01
1.834217300711316057e-06
6.537722423672676086e-03
1.113944686949253082e-03
1.152278514382487629e-06
9.999810457229614258e-01
8.037825822830200195e-01
6.307230144739151001e-02
9.999964237213134766e-01
9.999476671218872070e-01
2.412891089916229248e-01
2.331040566787123680e-03
4.994792863726615906e-03
9.937593936920166016e-01
9.969590902328491211e-01
8.154670358635485172e-04
9.999752044677734375e-01
6.837539076805114746e-01
1.300347270444035530e-03
9.999779462814331055e-01
9.999940395355224609e-01
3.433525271248072386e-04
9.968461394309997559e-01
5.072118947282433510e-04
3.594902111217379570e-03
9.996756315231323242e-01
1.268528751097619534e-03
1.444844342768192291e-02
1.401074463501572609e-03
1.559507846832275391e-02
1.540939479127700906e-06
4.051633732160553336e-05
1.969516597455367446e-04
3.876303651395573979e-07
9.024356603622436523e-01
9.999982118606567383e-01
7.100714719854295254e-05
9.999406337738037109e-01
7.164699127315543592e-06
9.999984502792358398e-01
1.425486803054809570e-01
1.267124246805906296e-02
1.914604581543244421e-06
9.999753236770629883e-01
9.996472597122192383e-01
4.232952051097527146e-05
9.999986886978149414e-01
2.623321734063210897e-06
2.824509749189019203e-03
9.999907016754150391e-01
9.999926090240478516e-01
4.314827492635231465e-06
1.170412986539304256e-03
9.985612034797668457e-01
9.999988079071044922e-01
1.570202243783569429e-06
6.646406650543212891e-02
9.999972581863403320e-01
7.802318334579467773e-01
9.999991655349731445e-01
6.469894742622273043e-06
9.999724626541137695e-01
8.435244126303587109e-06
9.998652935028076172e-01
2.749035484157502651e-04
9.989843964576721191e-01
9.999983310699462891e-01
9.999895095825195312e-01
2.713922413022373803e-06
1.051914542913436890e-01
9.997845292091369629e-01
9.729245305061340332e-01
9.977931976318359375e-01
5.897585749626159668e-01
1.006463207886554301e-04
9.999698400497436523e-01
4.358245132607407868e-05
9.997355341911315918e-01
9.999976158142089844e-01
9.999806880950927734e-01
9.999963045120239258e-01
8.442728519439697266e-01
9.848569631576538086e-01
9.999576807022094727e-01
9.999711513519287109e-01
9.911599755287170410e-01
3.830332541838288307e-03
2.327034808695316315e-02
9.999977350234985352e-01
9.024173778016120195e-05
1.841420726123033091e-06
1.331810257397592068e-03
3.720348468050360680e-05
9.991544485092163086e-01
9.999924898147583008e-01
8.294046551782230381e-07
5.869365486432798207e-05
4.508832991123199463e-01
2.365347743034362793e-02
1.845216902438551188e-04
9.872755408287048340e-01
9.999754428863525391e-01
5.985328555107116699e-01
1.746361158438958228e-05
9.998818635940551758e-01
9.999264478683471680e-01
5.820859074592590332e-01
5.978292599320411682e-02
8.301279308398079593e-07
7.163038104772567749e-02
9.999952316284179688e-01
9.999575614929199219e-01
2.496684601283050142e-07
3.942621333408169448e-06
9.999589920043945312e-01
1.085189403966069221e-03
9.887575507164001465e-01
8.029836416244506836e-01
9.996204376220703125e-01
9.999536275863647461e-01
9.999990463256835938e-01
9.999853372573852539e-01
6.969723358452029061e-07
9.999915361404418945e-01
9.971972703933715820e-01
1.728966683149337769e-01
9.410882485099136829e-04
9.999946355819702148e-01
2.477529048919677734e-01
9.873673915863037109e-01
9.996699094772338867e-01
9.999939203262329102e-01
1.420148919351049699e-06
1.399842905811965466e-03
9.999971389770507812e-01
9.999839067459106445e-01
9.997271895408630371e-01
7.009349465370178223e-01
9.980002045631408691e-01
9.999872446060180664e-01
9.999905824661254883e-01
9.997063279151916504e-01
9.866946935653686523e-01
6.363210559356957674e-05
6.278407573699951172e-01
9.999910593032836914e-01
9.999548196792602539e-01
9.731193780899047852e-01
4.608778357505798340e-01
1.216403692960739136e-01
1.124866599866436445e-07
9.999995231628417969e-01
4.967536311596632004e-03
4.373856354504823685e-03
1.493854651926085353e-04
3.275476694107055664e-01
9.999984502792358398e-01
2.031096518039703369e-01
1.799074016162194312e-05
7.972732419148087502e-06
1.657406101003289223e-03
2.597931921482086182e-01
9.926026463508605957e-01
2.354667376494035125e-04
1.347483703284524381e-05
9.357726667076349258e-04
4.272852838039398193e-01
4.672701358795166016e-01
6.350332498550415039e-01
9.997614026069641113e-01
9.999701976776123047e-01
9.999077320098876953e-01
9.999992847442626953e-01
9.462768435478210449e-01
9.999954700469970703e-01
1.815220258549743448e-07
9.999885559082031250e-01
9.928361773490905762e-01
9.639520049095153809e-01
6.860435823909938335e-04
1.892057210206985474e-01
5.978960757602180820e-07
6.068516895174980164e-02
6.741153192706406116e-04
9.998651742935180664e-01
3.028669425475527532e-06
3.958143861382268369e-05
9.997592568397521973e-01
6.433440446853637695e-01
1.892683096230030060e-02
1.680385554209351540e-03
9.999967813491821289e-01
9.943938255310058594e-01
6.893374120409134775e-07
6.276364903897047043e-03
9.999973773956298828e-01
9.737218533700797707e-07
1.436774581670761108e-01
9.999775886535644531e-01
9.999796152114868164e-01
9.999989271163940430e-01
2.686828520381823182e-05
9.961446523666381836e-01
1.725506763250450604e-06
9.941028952598571777e-01
9.996131062507629395e-01
7.569275476271286607e-05
9.998633861541748047e-01
2.335819408472161740e-05
9.961233735084533691e-01
9.879691600799560547e-01
8.016899664653465152e-05
9.999593496322631836e-01
4.141955636441707611e-03
9.990973472595214844e-01
3.267051884904503822e-03
9.920278191566467285e-01
1.691730744823871646e-06
9.999988079071044922e-01
2.802103292196989059e-03
8.747982978820800781e-01
3.439901396632194519e-02
9.999917745590209961e-01
9.998217225074768066e-01
4.491055733524262905e-05
9.771786153578432277e-07
9.983922839164733887e-01
9.999098777770996094e-01
1.397732738405466080e-02
9.549200331093743443e-05
1.025446923449635506e-03
1.076753505913075060e-06
5.733254511142149568e-06
9.999537467956542969e-01
1.332053329861082602e-06
9.999912977218627930e-01
9.999914169311523438e-01
9.999741315841674805e-01
9.999462366104125977e-01
9.999980926513671875e-01
3.706700168550014496e-03
9.437235348741523921e-06
9.998277425765991211e-01
8.766242302954196930e-03
3.658817604446085170e-06
9.999986886978149414e-01
3.800929710268974304e-02
9.999117851257324219e-01
4.068065027240663767e-05
9.999974966049194336e-01
4.343641996383666992e-01
6.344573572278022766e-03
9.999951124191284180e-01
9.385750889778137207e-01
9.986320137977600098e-01
1.182732521556317806e-04
9.964420199394226074e-01
3.913393811671994627e-05
9.999791383743286133e-01
5.130739850756071974e-07
2.005598973482847214e-03
1.264452876057475805e-04
9.999867677688598633e-01
9.999499320983886719e-01
5.633994936943054199e-01
9.999501705169677734e-01
1.726940695334633347e-06
9.999992847442626953e-01
1.099289875128306448e-05
9.999976158142089844e-01
9.996243715286254883e-01
9.998946189880371094e-01
1.166294515132904053e-01
3.353708564191038022e-07
3.163408255204558372e-03
9.999971389770507812e-01
9.996293783187866211e-01
9.808872938156127930e-01
9.999198913574218750e-01
4.674532711505889893e-01
1.402762427460402250e-04
9.999855756759643555e-01
9.998652935028076172e-01
9.999747276306152344e-01
4.701552970800548792e-04
1.144641009886981919e-05
9.973478317260742188e-01
8.442297030342160724e-07
3.799826954491436481e-04
1.030849161907099187e-04
9.999924898147583008e-01
3.284987062215805054e-02
6.030523218214511871e-03
7.756768172839656472e-05
1.834610302466899157e-04
8.827658891677856445e-01
1.514186005806550384e-04
9.997774958610534668e-01
6.739923357963562012e-01
9.196580052375793457e-01
9.999270439147949219e-01
1.824086159467697144e-01
7.010353729128837585e-04
2.527140895836055279e-04
9.999988079071044922e-01
9.943740367889404297e-01
3.923639655113220215e-03
9.999965429306030273e-01
9.897734522819519043e-01
9.999967813491821289e-01
1.706194552753004245e-06
9.728039503097534180e-01
7.344935511355288327e-06
5.839897319674491882e-03
3.021549446202698164e-06
9.948559999465942383e-01
2.679573080968111753e-04
9.999233484268188477e-01
1.618995884200558066e-05
4.195092969894176349e-06
3.328555263578891754e-03
1.121845443208258075e-07
9.999986886978149414e-01
9.996535778045654297e-01
8.091375889307528269e-07
9.707045392133295536e-04
1.536215841770172119e-01
9.996874332427978516e-01
6.308558226919558365e-07
3.562959134578704834e-01
9.999991655349731445e-01
2.275970985010644654e-07
9.999127388000488281e-01
2.190371509641408920e-03
3.914331955456873402e-06
9.999769926071166992e-01
9.999895095825195312e-01
3.195558907464146614e-03
9.998536109924316406e-01
3.857520818710327148e-01
8.178910017013549805e-01
9.972541928291320801e-01
2.358997444389387965e-04
1.129596967075485736e-05
9.645078182220458984e-01
3.394272178411483765e-02
9.999808073043823242e-01
2.027203208854189143e-06
1.177334785461425781e-02
2.372498420299962163e-05
8.915062062442302704e-03
3.251571208238601685e-02
1.031517866067588329e-03
2.313415287062525749e-03
6.924103672645287588e-07
7.555040717124938965e-01
9.999905824661254883e-01
9.999841451644897461e-01
4.189990460872650146e-02
1.683821295728193945e-07
9.894441962242126465e-01
5.827411314385244623e-06
9.999992847442626953e-01
9.999767541885375977e-01
3.121407702565193176e-02
9.999960660934448242e-01
3.497661352157592773e-01
9.983431100845336914e-01
2.226747892564162612e-04
9.999898672103881836e-01
3.297088667750358582e-03
8.238508552312850952e-02
9.685682654380798340e-01
6.382951047271490097e-03
3.790215487242676318e-05
8.223570585250854492e-01
9.999977350234985352e-01
9.999834299087524414e-01
9.997246861457824707e-01
8.374451135750859976e-05
9.928418397903442383e-01
2.059773396467790008e-04
9.727452993392944336e-01
6.944085359573364258e-01
5.488758087158203125e-01
9.738403558731079102e-01
8.967815041542053223e-01
9.999984502792358398e-01
2.056862285826355219e-05
9.999324083328247070e-01
9.999886751174926758e-01
9.771323800086975098e-01
7.447894313372671604e-04
9.995927214622497559e-01
9.852439165115356445e-01
9.999979734420776367e-01
8.138761586451437324e-06
1.716526094241999090e-05
3.619908355176448822e-03
1.126590177591424435e-05
5.767138645751401782e-06
9.999973773956298828e-01
3.807020038948394358e-05
4.907151162624359131e-01
7.686002390983048826e-06
6.594461738131940365e-04
8.520971277903299779e-06
9.999974966049194336e-01
4.965565949532901868e-06
5.093430168926715851e-03
9.997169375419616699e-01
9.676008820533752441e-01
1.126883726101368666e-04
9.999989271163940430e-01
9.999153614044189453e-01
9.999833106994628906e-01
9.994022846221923828e-01
9.981246590614318848e-01
9.998010993003845215e-01
9.999835491180419922e-01
2.285030931234359741e-01
1.185763278044760227e-03
9.999046325683593750e-01
9.998181462287902832e-01
1.189979047921951860e-05
9.999980926513671875e-01
6.922394633293151855e-01
2.908378606662154198e-03
9.911961555480957031e-01
9.999744892120361328e-01
8.947876095771789551e-01
8.779873140156269073e-03
9.999971389770507812e-01
9.999984502792358398e-01
4.048478975892066956e-02
1.487146466970443726e-01
9.998450279235839844e-01
9.999771118164062500e-01
9.999960660934448242e-01
9.992646574974060059e-01
9.998832941055297852e-01
2.274326533079147339e-01
2.260884270071983337e-02
8.636406660079956055e-01
9.986845850944519043e-01
9.999978542327880859e-01
1.971522113308310509e-03
9.993009567260742188e-01
2.821009729814250022e-06
5.964596867561340332e-01
9.999973773956298828e-01
1.155368518084287643e-04
3.184386969223851338e-06
9.994441866874694824e-01
1.335754350293427706e-04
1.371961843688040972e-06
9.999593496322631836e-01
7.301524281501770020e-01
1.389248791383579373e-04
9.999989271163940430e-01
2.773481355689000338e-06
1.004620715975761414e-01
1.147916987538337708e-01
9.999514818191528320e-01
3.611054643988609314e-02
9.998475313186645508e-01
9.998608827590942383e-01
9.944908618927001953e-01
1.533041149377822876e-01
2.741416392382234335e-04
9.994078874588012695e-01
9.999994039535522461e-01
1.461405099689727649e-05
9.510851502418518066e-01
9.684053659439086914e-01
2.834850735962390900e-02
3.971672413172200322e-05
9.978430271148681641e-01
2.437923976685851812e-04
1.340556045761331916e-04
1.220182980432582553e-06
2.160926908254623413e-02
9.989701509475708008e-01
2.591761760413646698e-03
1.916678808629512787e-02
8.155938237905502319e-02
9.999985694885253906e-01
9.272394180297851562e-01
8.570734062232077122e-04
5.239979363977909088e-04
9.969021081924438477e-01
9.528943337500095367e-05
9.999965429306030273e-01
9.999964237213134766e-01
9.997989535331726074e-01
1.153782523033441976e-05
9.836246967315673828e-01
8.897185325622558594e-01
1.054345921147614717e-05
4.994156062602996826e-01
9.329285148851340637e-07
7.884802471380680799e-06
1.233743296324973926e-05
1.096321511795395054e-06
9.098639488220214844e-01
9.927052855491638184e-01
9.999990463256835938e-01
2.916029302468814421e-07
1.254749222425743937e-04
2.311682328581809998e-02
3.696824023791123182e-06
9.985191226005554199e-01
9.924473762512207031e-01
9.999969005584716797e-01
9.999963045120239258e-01
9.999140501022338867e-01
1.588278246344998479e-04
1.120789420383516699e-05
9.999961853027343750e-01
9.999965429306030273e-01
3.505584516005910700e-07
2.665001451969146729e-01
2.302615212101954967e-05
2.204210068157408386e-05
9.999977350234985352e-01
9.999969005584716797e-01
9.999971389770507812e-01
1.880726449599023908e-05
6.946729990886524320e-05
2.652315888553857803e-04
7.442984730005264282e-02
3.485164597805123776e-06
5.647388547913578805e-07
9.999992847442626953e-01
6.222139745659660548e-06
1.161685064435005188e-01
9.996889829635620117e-01
1.441953145331353880e-06
9.999994039535522461e-01
5.991513840854167938e-03
9.998027682304382324e-01
5.386954399000387639e-06
3.652953819255344570e-05
9.935868978500366211e-01
9.862733483314514160e-01
9.999678134918212891e-01
3.780667725550301839e-07
9.999977350234985352e-01
1.811849325895309448e-02
8.964735752670094371e-05
2.953920513391494751e-02
2.173779159784317017e-02
3.751426993403583765e-04
2.230266481637954712e-02
9.992739558219909668e-01
9.951046705245971680e-01
9.998146891593933105e-01
9.999983310699462891e-01
1.238783523440361023e-01
5.061930278316140175e-04
6.850468253105645999e-06
9.999989271163940430e-01
3.855719569401117042e-06
9.997690320014953613e-01
5.420346278697252274e-04
8.644917048513889313e-03
7.237537147375405766e-07
4.328860640525817871e-01
9.078561333808465861e-07
9.315802156925201416e-02
1.640537448110990226e-05
2.468475431669503450e-04
9.847974181175231934e-01
8.371440344490110874e-05
1.513246148824691772e-01
1.469651124352822080e-05
9.999978542327880859e-01
9.991463422775268555e-01
9.395393133163452148e-01
9.999966621398925781e-01
4.781002644449472427e-06
9.988340735435485840e-01
9.999917745590209961e-01
9.999951124191284180e-01
9.999136924743652344e-01
5.448566675186157227e-01
9.998608827590942383e-01
7.055690884590148926e-01
9.436297416687011719e-01
2.510746298867161386e-06
8.937080565374344587e-05
9.999898672103881836e-01
8.365075588226318359e-01
9.999811649322509766e-01
1.114309611693897750e-06
9.796019792556762695e-01
9.708554744720458984e-01
5.714791041100397706e-05
9.828602196648716927e-05
9.997854828834533691e-01
9.999700784683227539e-01
3.637483814600273035e-06
9.991280436515808105e-01
3.271427431172924116e-07
9.999967813491821289e-01
1.134470380748098250e-06
9.999986886978149414e-01
1.032322761602699757e-04
9.998843073844909668e-02
9.999957084655761719e-01
8.102001547813415527e-01
5.302509525790810585e-04
9.999710321426391602e-01
3.050873875617980957e-01
6.036249399185180664e-01
2.903635277107241563e-06
9.999939203262329102e-01
2.072909808248368790e-07
2.267245668917894363e-03
8.939049839973449707e-01
8.586931824684143066e-01
9.986867308616638184e-01
8.684116601943969727e-01
9.999794960021972656e-01
2.562274457886815071e-04
4.342282563447952271e-02
9.997790455818176270e-01
3.861787990899756551e-05
9.440241456031799316e-01
9.956150054931640625e-01
1.872652792371809483e-04
4.078850615769624710e-04
3.268569009378552437e-03
9.999725818634033203e-01
8.643718957901000977e-01
9.999964237213134766e-01
9.998372793197631836e-01
2.822238486260175705e-03
9.630817770957946777e-01
9.999979734420776367e-01
9.999957084655761719e-01
7.427015304565429688e-01
3.808866720646619797e-03
9.999550580978393555e-01
9.997819066047668457e-01
9.855887293815612793e-01
4.251238133292645216e-04
9.995056390762329102e-01
8.833591639995574951e-02
5.118622539157513529e-06
3.654584190826426493e-07
7.581448244309285656e-06
1.374998986721038818e-01
9.907241463661193848e-01
9.999568462371826172e-01
1.756943645887076855e-03
7.935571074485778809e-01
9.999992847442626953e-01
1.371507532894611359e-03
2.045773565769195557e-01
9.999977350234985352e-01
9.542914032936096191e-01
8.811706720734946430e-06
9.999780654907226562e-01
9.999970197677612305e-01
9.999316930770874023e-01
9.591062664985656738e-01
9.999953508377075195e-01
1.365228295326232910e-01
8.735086023807525635e-02
9.999518394470214844e-01
9.999247789382934570e-01
9.956849813461303711e-01
9.999893903732299805e-01
5.737296305596828461e-06
4.137783253099769354e-05
9.707539081573486328e-01
9.999988079071044922e-01
7.673193514347076416e-02
9.999215602874755859e-01
9.991865754127502441e-01
9.705733060836791992e-01
9.726229310035705566e-02
2.855734783224761486e-04
2.826194651424884796e-02
9.999481439590454102e-01
9.998675584793090820e-01
2.776319161057472229e-05
9.979769587516784668e-01
2.538341448143910384e-07
4.140311777591705322e-01
7.673231302760541439e-04
9.999969005584716797e-01
9.999988079071044922e-01
9.999976158142089844e-01
9.999607801437377930e-01
9.999719858169555664e-01
8.673446625471115112e-02
8.956411480903625488e-01
9.994406104087829590e-01
8.622419834136962891e-01
4.175993148237466812e-03
5.290167337079765275e-06
9.999965429306030273e-01
3.258515149354934692e-03
9.969316720962524414e-01
9.999650716781616211e-01
5.525864660739898682e-03
9.994396567344665527e-01
9.999963045120239258e-01
9.579387307167053223e-01
1.973825192180811428e-06
4.591501237882766873e-06
9.999965429306030273e-01
1.917641013860702515e-01
1.799253254830546211e-06
1.183516830205917358e-01
9.948517680168151855e-01
9.999965429306030273e-01
2.486923040123656392e-05
5.160248875617980957e-01
9.994727969169616699e-01
3.847053349018096924e-01
5.398327708244323730e-01
9.975349903106689453e-01
9.360314905643463135e-02
1.857379317016238929e-07
1.761310340953059494e-05
8.208151598410040606e-07
5.361894369125366211e-01
9.999988079071044922e-01
9.979549646377563477e-01
9.997902512550354004e-01
1.002428803076327313e-06
9.999655485153198242e-01
2.230745366205155733e-07
1.395777962898137048e-05
1.373090708511881530e-05
5.769832966961985221e-08
9.878244400024414062e-01
9.999525547027587891e-01
4.080276266904547811e-05
9.407438039779663086e-01
9.581769108772277832e-01
7.636303547769784927e-03
9.999953508377075195e-01
4.888717626272409689e-07
1.341026472800876945e-05
2.809724901453591883e-05
3.065168357352376916e-06
9.999095201492309570e-01
2.297005084983538836e-05
1.618237346410751343e-01
2.036742371274158359e-04
1.121012537623755634e-04
9.991127848625183105e-01
9.999524354934692383e-01
9.369203439746343065e-07
9.866843819618225098e-01
6.314965958154061809e-06
5.846560270583722740e-06
9.378902063872374129e-07
9.999893903732299805e-01
2.257878147065639496e-02
5.913919303566217422e-03
7.504038214683532715e-01
9.998410940170288086e-01
9.999963045120239258e-01
1.965771843970287591e-06
1.219195052981376648e-01
9.654211401939392090e-01
9.999958276748657227e-01
9.999992847442626953e-01
1.691382931312546134e-04
1.006782840704545379e-04
2.419793599983677268e-05
2.299039124409318902e-06
9.996956586837768555e-01
9.272684454917907715e-01
9.999852180480957031e-01
9.324630498886108398e-01
9.908913969993591309e-01
7.872108253650367260e-04
1.485600769519805908e-01
9.999932050704956055e-01
9.999994039535522461e-01
9.999147653579711914e-01
2.048560236289631575e-05
9.999923706054687500e-01
7.248105406761169434e-01
9.958471655845642090e-01
1.559255224492517300e-06
7.885984086897224188e-05
3.936501343559939414e-06
9.403489828109741211e-01
5.583395250141620636e-06
9.865170717239379883e-01
9.966135621070861816e-01
1.150008029071614146e-05
8.324115872383117676e-01
1.383630093187093735e-02
2.360389679670333862e-01
9.999229907989501953e-01
9.998302459716796875e-01
9.999815225601196289e-01
9.142408967018127441e-01
1.606390242159250192e-06
1.201472332468256354e-05
9.999152421951293945e-01
9.998725652694702148e-01
6.950564980506896973e-01
9.999959468841552734e-01
9.999926090240478516e-01
3.969687968492507935e-03
4.319640538597013801e-06
9.999966621398925781e-01
9.997906088829040527e-01
9.999310970306396484e-01
9.553146958351135254e-01
6.508081569336354733e-04
1.811289257602766156e-04
9.996501207351684570e-01
1.613786935195093974e-06
8.600717782974243164e-01
5.853093042969703674e-02
2.041463602608928340e-07
9.999368190765380859e-01
1.065086759626865387e-02
9.395759105682373047e-01
3.479102253913879395e-01
1.714724930934607983e-05
9.905582666397094727e-01
9.999984502792358398e-01
9.999920129776000977e-01
2.033786661922931671e-02
1.159903331426903605e-04
9.999952316284179688e-01
4.414235809235833585e-05
9.999979734420776367e-01
9.998489618301391602e-01
4.184980988502502441e-01
9.999941587448120117e-01
9.999986886978149414e-01
7.254012227058410645e-01
9.995896220207214355e-01
9.106882430387486238e-07
9.999972581863403320e-01
6.653710443060845137e-05
9.721498489379882812e-01
9.976577758789062500e-01
3.450611075095366687e-06
2.813712399074574932e-06
5.081076324131572619e-06
9.970800280570983887e-01
1.858842369983904064e-05
2.246729843318462372e-02
9.997922778129577637e-01
9.999941587448120117e-01
9.999905824661254883e-01
1.793633215129375458e-03
1.324906572699546814e-02
9.999977350234985352e-01
2.382799284532666206e-03
9.999935626983642578e-01
9.999973773956298828e-01
9.974555373191833496e-01
9.674552679061889648e-01
9.996098875999450684e-01
9.999951124191284180e-01
9.999965429306030273e-01
5.703808710677549243e-05
9.960685968399047852e-01
9.934068657457828522e-04
2.112392212438862771e-05
9.996994733810424805e-01
9.941248297691345215e-01
8.682302450324641541e-07
9.998157620429992676e-01
8.951248973608016968e-02
9.997127652168273926e-01
9.848959445953369141e-01
1.577785704284906387e-03
9.986028075218200684e-01
9.998661279678344727e-01
9.999961853027343750e-01
9.999934434890747070e-01
4.475325567909749225e-06
1.994635931623633951e-05
9.488318562507629395e-01
4.088210761547088623e-01
2.221697382628917694e-02
9.984171390533447266e-01
3.599424380809068680e-03
9.999639987945556641e-01
9.991502761840820312e-01
9.996727705001831055e-01
9.999978542327880859e-01
5.230367605690844357e-07
3.706071898341178894e-02
2.444778978824615479e-01
9.999738931655883789e-01
9.999881982803344727e-01
7.701892741351912264e-07
9.924948215484619141e-01
4.178924858570098877e-02
9.992832541465759277e-01
2.856914215954020619e-05
2.377648353576660156e-01
9.999989271163940430e-01
9.958378076553344727e-01
9.927036762237548828e-01
3.202278776370803826e-06
7.239515980472788215e-06
2.783489662760985084e-06
9.800046086311340332e-01
2.611766394693404436e-04
9.430463910102844238e-01
5.473908502608537674e-03
1.818546820686606225e-06
9.864186644554138184e-01
1.954320941877085716e-05
9.992107152938842773e-01
9.996626377105712891e-01
2.907645466621033847e-07
4.165962309343740344e-05
9.946948885917663574e-01
9.047823548316955566e-01
1.835961156757548451e-04
6.029472351074218750e-01
7.319784723222255707e-03
2.191810496151447296e-02
9.999868869781494141e-01
2.722851745784282684e-02
9.997968077659606934e-01
9.999983310699462891e-01
9.202614426612854004e-01
4.796344935894012451e-01
3.499342483337386511e-06
9.944609473677701317e-07
7.403618097305297852e-01
1.830099266953766346e-03
1.524032950401306152e-01
9.551898241043090820e-01
9.701538681983947754e-01
7.407368421554565430e-01
1.127240949472252396e-07
9.999992847442626953e-01
9.998304843902587891e-01
9.999107122421264648e-01
9.999994039535522461e-01
9.986926913261413574e-01
9.999936819076538086e-01
8.570154905319213867e-01
7.187173515558242798e-02
9.748568534851074219e-01
9.999963045120239258e-01
9.999728202819824219e-01
9.973729848861694336e-01
9.171881079673767090e-01
9.972518086433410645e-01
5.100501994093065150e-07
2.563708676461828873e-06
9.869290590286254883e-01
9.973468780517578125e-01
9.999914169311523438e-01
9.999889135360717773e-01
2.884617424570024014e-04
3.125636283130006632e-07
9.999966621398925781e-01
2.211685796282836236e-06
9.917665920511353761e-06
3.126632364001125097e-04
6.580404005944728851e-03
9.967419505119323730e-01
2.086873109874431975e-06
9.999123811721801758e-01
9.999967813491821289e-01
9.853193759918212891e-01
9.999675750732421875e-01
1.497695211583049968e-05
1.072753730113618076e-04
8.230618834495544434e-01
2.934602499008178711e-01
9.997045397758483887e-01
9.999805688858032227e-01
4.580005406751297414e-05
9.999961853027343750e-01
1.142008812166750431e-03
4.626130394171923399e-04
2.285826355218887329e-01
3.327404920128174126e-05
1.520009487867355347e-01
9.995188713073730469e-01
9.911053776741027832e-01
1.023946888744831085e-02
5.862621217966079712e-02
9.999980926513671875e-01
9.999971389770507812e-01
9.999963045120239258e-01
3.187059657648205757e-03
2.753680803380120778e-07
9.999971389770507812e-01
9.925200939178466797e-01
9.999911785125732422e-01
9.692358970642089844e-01
9.612762331962585449e-01
9.999904632568359375e-01
1.275657559745013714e-04
9.984650611877441406e-01
3.143806566185958218e-07
9.995081424713134766e-01
1.287826802581548691e-03
9.973348975181579590e-01
1.720449176900729071e-06
9.999971389770507812e-01
9.987469911575317383e-01
5.104325282445643097e-06
9.999861717224121094e-01
9.984545707702636719e-01
9.770332574844360352e-01
9.999978542327880859e-01
9.999901056289672852e-01
1.943657249212265015e-01
1.182896085083484650e-03
9.999819993972778320e-01
1.226267727361118887e-06
9.466619491577148438e-01
8.498565554618835449e-01
5.462538101710379124e-04
9.999982118606567383e-01
8.541081086832491565e-08
7.781980457366444170e-06
2.753765147645026445e-04
1.091478907255805098e-06
1.846080522227566689e-05
9.961649179458618164e-01
9.999953508377075195e-01
1.558264193590730429e-04
9.996250867843627930e-01
3.296161139587638900e-07
9.999995231628417969e-01
4.763408014696324244e-06
9.998456239700317383e-01
9.974174499511718750e-01
7.224146723747253418e-01
9.813224077224731445e-01
7.060030940920114517e-03
2.016067128352005966e-06
9.719181656837463379e-01
1.282675953007128555e-06
9.977775216102600098e-01
9.999929666519165039e-01
1.257092208106769249e-06
9.995862841606140137e-01
9.998188614845275879e-01
6.995574608481547330e-07
9.674856066703796387e-01
3.131211269646883011e-05
9.998986721038818359e-01
9.993507266044616699e-01
1.064587422661134042e-06
9.837406105361878872e-05
4.507609119173139334e-04
1.675283163785934448e-01
9.974508881568908691e-01
3.851394296816579299e-07
9.999977350234985352e-01
9.960408210754394531e-01
1.619764952920377254e-05
8.713953197002410889e-02
9.999880790710449219e-01
9.900369644165039062e-01
9.997767806053161621e-01
5.888044834136962891e-01
1.750252522469963878e-06
3.012607630807906389e-04
3.411116451025009155e-02
3.039017610717564821e-04
4.497169641126674833e-07
9.999743700027465820e-01
9.999860525131225586e-01
9.998626708984375000e-01
9.999995231628417969e-01
2.252777812827844173e-05
5.779613852500915527e-01
9.999727010726928711e-01
6.782225682400166988e-06
9.994108676910400391e-01
2.786385715007781982e-01
1.375478599220514297e-02
9.999086856842041016e-01
9.305001071879814845e-07
9.991349577903747559e-01
9.999986886978149414e-01
9.981923699378967285e-01
9.987216591835021973e-01
8.967506289482116699e-01
1.292904955334961414e-03
5.524941661860793829e-05
2.291872166097164154e-03
9.551424980163574219e-01
1.129871234297752380e-02
2.965233288705348969e-02
9.999710321426391602e-01
1.221317006638855673e-06
4.879145696759223938e-02
2.419905960559844971e-01
9.984723925590515137e-01
9.999958276748657227e-01
1.743565121614665259e-06
3.208655698472284712e-06
9.918290972709655762e-01
1.404679119586944580e-01
9.998656511306762695e-01
6.175846457481384277e-01
9.860179424285888672e-01
2.387244167039170861e-04
8.310235716635361314e-05
5.736858838645275682e-06
3.224218119157740148e-07
9.998470544815063477e-01
3.274746704846620560e-03
1.280916272662580013e-03
2.120888821082189679e-04
9.999986886978149414e-01
5.071491375565528870e-02
1.496980758020072244e-06
2.077644021483138204e-04
3.474112018011510372e-04
9.999819993972778320e-01
9.289870649809017777e-05
9.873093962669372559e-01
9.999974966049194336e-01
4.451279938220977783e-01
7.212896943092346191e-01
9.999098777770996094e-01
9.999976158142089844e-01
8.267717817034281325e-07
9.999185800552368164e-01
9.998063445091247559e-01
5.301150493323802948e-03
2.009250601986423135e-05
9.997751116752624512e-01
3.027391135692596436e-01
3.558000025805085897e-04
9.997995495796203613e-01
9.135759472846984863e-01
9.999992847442626953e-01
1.711869799692067318e-06
3.533971011638641357e-01
5.547691398533061147e-05
6.737197400070726871e-04
2.441951892251381651e-06
4.207561141811311245e-05
3.152540624141693115e-01
9.277637600898742676e-01
9.997792840003967285e-01
1.397281039317022078e-06
9.933395981788635254e-01
9.999945163726806641e-01
1.259858436242211610e-06
9.999639987945556641e-01
3.832326910924166441e-06
9.999902248382568359e-01
7.711701989173889160e-01
3.557185482350178063e-05
9.931600093841552734e-01
1.752528478391468525e-03
9.811325669288635254e-01
2.482349827914731577e-06
9.997442364692687988e-01
1.338639645837247372e-03
9.999988079071044922e-01
1.789729140000417829e-05
9.998730421066284180e-01
9.988418221473693848e-01
7.362755241047125310e-06
5.637379363179206848e-04
3.249926259741187096e-03
7.533904522460943554e-07
9.999988079071044922e-01
9.998414516448974609e-01
9.068022370338439941e-01
9.997324347496032715e-01
4.468981921672821045e-02
9.999257326126098633e-01
9.999839067459106445e-01
8.154165698215365410e-04
2.221319590489656548e-07
9.999896287918090820e-01
2.368211880821036175e-06
8.276984691619873047e-01
9.982954859733581543e-01
2.311253183506778441e-06
9.999603033065795898e-01
3.633306914707645774e-05
3.471137490123510361e-03
2.281204433529637754e-05
5.138691980391740799e-03
9.999965429306030273e-01
1.717041013762354851e-04
3.624409873737022281e-05
9.155825711786746979e-03
2.483217567205429077e-01
9.998703002929687500e-01
6.112575531005859375e-01
6.829428076744079590e-01
9.868186712265014648e-01
9.999260902404785156e-01
1.475653983652591705e-02
8.927987813949584961e-01
9.999047517776489258e-01
2.221868053311482072e-04
9.736987948417663574e-01
9.999874830245971680e-01
9.915503263473510742e-01
8.825044460536446422e-06
6.215469166636466980e-02
9.998761415481567383e-01
9.179355110973119736e-04
9.470173716545104980e-01
9.999971389770507812e-01
6.316327471722615883e-06
9.736277908086776733e-02
1.352138817310333252e-02
9.999786615371704102e-01
9.990183115005493164e-01
5.837977528572082520e-01
5.118436217308044434e-01
1.228623325005173683e-03
9.999940395355224609e-01
4.434946477413177490e-01
3.545665740966796875e-01
8.806798632576828822e-07
7.469556927680969238e-01
9.998002648353576660e-01
5.729917902499437332e-04
9.685003315098583698e-04
9.999431371688842773e-01
2.932933159172534943e-03
9.999333620071411133e-01
9.999996423721313477e-01
4.891984909772872925e-02
9.999940395355224609e-01
2.765637873380910605e-05
9.999929666519165039e-01
9.358561038970947266e-01
1.623729709535837173e-03
3.618031740188598633e-01
6.698040238006797154e-07
9.999896287918090820e-01
2.017705082835163921e-05
6.553549155796645209e-06
4.800323836207098793e-07
9.182463288307189941e-01
9.999980926513671875e-01
2.700749598443508148e-02
1.237140619195997715e-03
6.690649115626001731e-06
5.011145840398967266e-04
3.054015542147681117e-05
9.999908208847045898e-01
7.524363398551940918e-01
9.988056421279907227e-01
2.977366447448730469e-01
9.999345541000366211e-01
7.027709484100341797e-02
1.323163596680387855e-04
9.999558925628662109e-01
9.800171852111816406e-01
9.999864101409912109e-01
1.242042481899261475e-01
9.999961853027343750e-01
9.999942779541015625e-01
2.543874979019165039e-01
9.996345043182373047e-01
3.869092166423797607e-01
9.999922513961791992e-01
3.384062665645615198e-07
1.009132574836257845e-05
2.920888164226198569e-06
8.968254327774047852e-01
9.582147598266601562e-01
9.979531764984130859e-01
6.832663348177447915e-05
9.975620508193969727e-01
9.998356103897094727e-01
4.263048171997070312e-01
1.383080035448074341e-01
9.936038851737976074e-01
9.999959468841552734e-01
8.842406272888183594e-01
9.999964237213134766e-01
3.728495130417286418e-06
9.999948740005493164e-01
1.205088454298675060e-03
1.504402689533890225e-06
7.271965742111206055e-01
1.442510052584111691e-03
1.607189187780022621e-05
2.772667631506919861e-02
9.988266825675964355e-01
1.193966818391345441e-05
9.862024188041687012e-01
1.117657916438474786e-06
2.228857965747010894e-06
5.923812091350555420e-02
2.842724825313780457e-05
9.999928474426269531e-01
5.583240464329719543e-02
7.815556600689888000e-03
5.448094270832370967e-06
9.478158899582922459e-04
9.995749592781066895e-01
9.996166229248046875e-01
9.999604225158691406e-01
5.808305740356445312e-02
2.290122210979461670e-02
2.822035457938909531e-04
9.999271631240844727e-01
5.554660782217979431e-02
6.026909351348876953e-01
7.633842074028507341e-07
9.999972581863403320e-01
1.529502333141863346e-04
9.999946355819702148e-01
1.606672815978527069e-02
7.285468745976686478e-05
9.541138410568237305e-01
9.999667406082153320e-01
8.446971187368035316e-04
2.097273318213410676e-05
8.404964208602905273e-02
9.999928474426269531e-01
9.999753236770629883e-01
9.849776029586791992e-01
9.999970197677612305e-01
9.816147685050964355e-01
8.128456771373748779e-03
1.572169549763202667e-02
9.984799027442932129e-01
9.994402527809143066e-01
9.381003975868225098e-01
9.263688325881958008e-01
8.679072925588116050e-05
2.160019503207877278e-04
9.994549155235290527e-01
5.680587128154002130e-05
8.071732008829712868e-05
9.951041936874389648e-01
9.987258315086364746e-01
1.695062383078038692e-04
1.792072362150065601e-05
9.999423027038574219e-01
9.950168728828430176e-01
4.367740586985746631e-07
1.835832186043262482e-02
9.998211264610290527e-01
5.472821183502674103e-03
8.480375981889665127e-05
2.402952406555414200e-03
1.513776648789644241e-02
9.990076422691345215e-01
9.999763965606689453e-01
2.373113781213760376e-01
6.471167504787445068e-02
9.999426603317260742e-01
9.999856948852539062e-01
9.999915361404418945e-01
9.999992847442626953e-01
9.996811151504516602e-01
2.387375843682093546e-06
9.873398542404174805e-01
4.977983280696207657e-06
7.789721488952636719e-01
9.537436962127685547e-01
9.998107552528381348e-01
3.028175421059131622e-02
9.995731711387634277e-01
4.908736173092620447e-07
1.855251612141728401e-04
9.990018010139465332e-01
6.219915747642517090e-01
9.996714591979980469e-01
7.641761840204708278e-06
9.999994039535522461e-01
1.545167378935730085e-06
9.945210218429565430e-01
9.982302784919738770e-01
4.120441153645515442e-02
9.999995231628417969e-01
9.974379539489746094e-01
9.999445676803588867e-01
9.983957409858703613e-01
9.987499713897705078e-01
9.998928308486938477e-01
9.996635913848876953e-01
9.997871518135070801e-01
1.087829514290206134e-04
6.260328460484743118e-03
2.201191051653950126e-07
5.981332808732986450e-02
8.041815757751464844e-01
5.103843286633491516e-03
1.427315000910311937e-04
9.999885559082031250e-01
9.971319437026977539e-01
6.156302690505981445e-01
4.539973139762878418e-01
5.195534825325012207e-01
9.999912977218627930e-01
9.288963079452514648e-01
7.909201383590698242e-01
9.999942779541015625e-01
9.950732588768005371e-01
9.081129431724548340e-01
9.999263286590576172e-01
9.999995231628417969e-01
9.999319314956665039e-01
3.372522314748493955e-07
9.999498128890991211e-01
1.439880975340201985e-06
9.999977350234985352e-01
9.999858140945434570e-01
1.103269278246443719e-05
3.138362662866711617e-04
2.298631370067596436e-01
1.003779396414756775e-01
9.999905824661254883e-01
9.997337460517883301e-01
9.688727441243827343e-04
9.991213679313659668e-01
9.999973773956298828e-01
9.999862909317016602e-01
2.191148382735264022e-07
3.227091860026121140e-03
1.293035779781348538e-06
9.799581170082092285e-01
3.775313359710708028e-07
3.455290061538107693e-05
3.574906941139488481e-06
2.153823970729717985e-06
2.643422703840769827e-06
9.998904466629028320e-01
9.972069859504699707e-01
9.999396800994873047e-01
9.989576339721679688e-01
9.674552679061889648e-01
9.790503382682800293e-01
9.999985694885253906e-01
1.875480171293020248e-03
2.182102054357528687e-01
9.989204406738281250e-01
9.999984502792358398e-01
9.925255775451660156e-01
9.992295503616333008e-01
1.293849578587469296e-07
1.083330251276493073e-03
6.510737002827227116e-04
5.669108577421866357e-05
9.086194913834333420e-04
9.999859333038330078e-01
9.018571376800537109e-01
9.998670816421508789e-01
5.869845747947692871e-01
9.911594986915588379e-01
3.529559969902038574e-01
9.998656511306762695e-01
9.999992847442626953e-01
9.999871253967285156e-01
1.433257665485143661e-02
9.982395172119140625e-01
4.518731236457824707e-01
9.735066890716552734e-01
9.999986886978149414e-01
9.999984502792358398e-01
3.225114596716593951e-06
9.999990463256835938e-01
3.171825539993733400e-07
9.802473783493041992e-01
9.992138147354125977e-01
5.650259709000238217e-07
1.112298164684943913e-07
9.999395608901977539e-01
5.115681415190920234e-05
1.617557609279174358e-05
5.186838563531637192e-03
9.862428903579711914e-01
2.164633944630622864e-03
9.998175501823425293e-01
9.999983310699462891e-01
2.313153800059808418e-06
9.982884526252746582e-01
8.434113283328770194e-07
2.823050320148468018e-01
9.997963309288024902e-01
9.639622569084167480e-01
9.568669795989990234e-01
9.999603033065795898e-01
2.698137797415256500e-02
9.999926090240478516e-01
9.981180429458618164e-01
7.800771527399774641e-06
9.992420673370361328e-01
1.525726020190631971e-06
9.384626746177673340e-01
9.999927282333374023e-01
1.519088255008682609e-05
3.308377694338560104e-03
1.707064453512430191e-03
9.999932050704956055e-01
9.999991655349731445e-01
2.204510747105814517e-05
1.072471422958187759e-04
9.999834299087524414e-01
7.221087813377380371e-01
9.999687671661376953e-01
2.600634694099426270e-01
5.767447146354243159e-05
9.994342923164367676e-01
9.988967180252075195e-01
8.079535365104675293e-01
1.041715499013662338e-03
6.674036383628845215e-01
9.999532699584960938e-01
9.999980926513671875e-01
8.055592479649931192e-05
9.999539852142333984e-01
2.430128864943981171e-03
1.268986216018674895e-05
1.086993068456649780e-01
6.029571406543254852e-03
9.999949932098388672e-01
9.979684948921203613e-01
9.999492168426513672e-01
9.999917745590209961e-01
7.868860363960266113e-01
9.999949932098388672e-01
4.515441879630088806e-02
8.532643551006913185e-04
1.547487158859439660e-06
2.472974883858114481e-04
9.984764456748962402e-01
9.999952316284179688e-01
8.833020329475402832e-01
4.671817077905870974e-05
9.941721558570861816e-01
9.999988079071044922e-01
9.996539354324340820e-01
1.832397654652595520e-02
9.999924898147583008e-01
9.999128580093383789e-01
9.999986886978149414e-01
2.732422053813934326e-01
3.397581353783607483e-02
2.299510470038512722e-06
6.070908904075622559e-01
9.999660253524780273e-01
9.981517195701599121e-01
9.989124536514282227e-01
2.073563337035011500e-05
9.685118794441223145e-01
9.999324083328247070e-01
9.243989586830139160e-01
9.998639822006225586e-01
9.996762275695800781e-01
1.329882707068463787e-06
9.999961853027343750e-01
9.999684095382690430e-01
4.272370460967067629e-06
9.993435740470886230e-01
9.999994039535522461e-01
2.396463789045810699e-02
4.808738231658935547e-01
9.962651133537292480e-01
2.118403727990880725e-07
3.473562654107809067e-03
9.999984502792358398e-01
9.643638879060745239e-02
9.999785423278808594e-01
2.396326408415916376e-06
9.980261921882629395e-01
2.417309588054195046e-07
2.335590494340067380e-07
2.129119820892810822e-05
2.334617165615782142e-04
5.041563781560398638e-05
9.996131062507629395e-01
9.499239325523376465e-01
9.942795038223266602e-01
1.199257522821426392e-01
8.270919322967529297e-01
9.892710447311401367e-01
5.942347049713134766e-01
7.922520637512207031e-01
9.999577999114990234e-01
1.714495169835572597e-06
8.032485493458807468e-04
4.924049079418182373e-01
9.999974966049194336e-01
6.295476341620087624e-04
9.998992681503295898e-01
9.999967813491821289e-01
1.277667324757203460e-04
1.638888988964026794e-06
9.999984502792358398e-01
1.828295295126736164e-03
9.999984502792358398e-01
4.623824497684836388e-05
9.999692440032958984e-01
9.999974966049194336e-01
5.511926487088203430e-03
1.370304671581834555e-04
2.043446525931358337e-03
1.940453330462332815e-06
3.434600657783448696e-04
9.999825954437255859e-01
9.989930987358093262e-01
9.999990463256835938e-01
3.746618167497217655e-04
9.997681975364685059e-01
1.025043055415153503e-01
7.505433168262243271e-03
9.589618444442749023e-01
1.367963932352722622e-06
9.999943971633911133e-01
4.494024688028730452e-05
4.893228151559014805e-07
4.730415457743220031e-05
4.527997970581054688e-01
9.863102436065673828e-01
9.999738931655883789e-01
9.999905824661254883e-01
9.999972581863403320e-01
3.709030896425247192e-02
3.208713314961642027e-04
8.156979680061340332e-01
1.192363129121076781e-06
9.999866485595703125e-01
2.438215538859367371e-03
7.226002216339111328e-01
1.217683427967131138e-03
4.379051574687764514e-07
9.999433755874633789e-01
9.900658130645751953e-01
1.216787751764059067e-02
9.999965429306030273e-01
2.607965689094271511e-05
2.772686457319650799e-05
8.510429859161376953e-01
9.999991655349731445e-01
4.764818772673606873e-02
9.999881982803344727e-01
4.541126145340967923e-06
3.970045072492212057e-04
9.996814727783203125e-01
7.354608178138732910e-01
2.386751839367207140e-05
9.999988079071044922e-01
5.201311432756483555e-04
4.919452476315200329e-04
2.050379407592117786e-06
9.994999170303344727e-01
1.389553017361322418e-05
4.124819042772287503e-06
5.987154736430966295e-07
8.403664827346801758e-01
9.999961853027343750e-01
9.829128980636596680e-01
5.686699296347796917e-04
2.975459676235914230e-03
3.124442696571350098e-01
9.998053908348083496e-01
1.057596760801970959e-03
9.999976158142089844e-01
9.999434947967529297e-01
9.998713731765747070e-01
1.546684325148817152e-05
2.061787427010131069e-06
5.114665254950523376e-04
9.999188184738159180e-01
9.999988079071044922e-01
6.764977342754718848e-07
3.291772603988647461e-01
9.999995231628417969e-01
5.013274550437927246e-01
9.994748234748840332e-01
9.999043941497802734e-01
1.121463865274563432e-04
2.739903926849365234e-01
2.455283850431442261e-01
9.660268425941467285e-01
9.991494417190551758e-01
9.999502897262573242e-01
1.075625505109201185e-06
3.725858550751581788e-05
9.999961853027343750e-01
7.069663405418395996e-01
2.197644935222342610e-04
9.990503191947937012e-01
1.741822052281349897e-05
1.092156581580638885e-02
9.910367727279663086e-01
9.999814033508300781e-01
7.570538520812988281e-01
2.156880870461463928e-02
9.999959468841552734e-01
9.999753236770629883e-01
5.959319882094860077e-03
9.935933947563171387e-01
9.999573230743408203e-01
2.252607643604278564e-01
2.915973891504108906e-04
9.999157190322875977e-01
9.669177532196044922e-01
2.356684207916259766e-01
1.589367240667343140e-01
9.936529397964477539e-01
8.069413304328918457e-01
2.260418385267257690e-01
4.452369213104248047e-01
1.071287897502770647e-06
9.855139255523681641e-01
9.999917745590209961e-01
8.659377098083496094e-01
2.864795327186584473e-01
3.167345994370407425e-07
9.997083544731140137e-01
9.339172720501665026e-06
7.636326699866913259e-06
3.533556461334228516e-01
1.576866088726092130e-05
9.999926090240478516e-01
9.993813037872314453e-01
5.304721416905522346e-04
9.999930858612060547e-01
9.652166366577148438e-01
1.376315776724368334e-05
1.694638095796108246e-02
9.999985694885253906e-01
2.553007602691650391e-01
9.996653795242309570e-01
9.999929666519165039e-01
9.999983310699462891e-01
9.999916553497314453e-01
1.509150479250820354e-06
3.091908411079202779e-06
5.531588792800903320e-01
3.251457201258745044e-06
6.372252246364951134e-04
9.994316697120666504e-01
8.863480616128072143e-06
4.728301614522933960e-02
1.017839053929492366e-06
9.999892711639404297e-01
1.313379380007972941e-05
9.999973773956298828e-01
9.980090260505676270e-01
9.998657703399658203e-01
6.777994713047519326e-05
2.635035514831542969e-01
9.999870061874389648e-01
1.457756310701370239e-01
1.006102775136241689e-05
4.619258470484055579e-05
9.999409914016723633e-01
9.999657869338989258e-01
9.999883174896240234e-01
9.836156964302062988e-01
9.998415708541870117e-01
9.999966621398925781e-01
9.999974966049194336e-01
7.642875313758850098e-01
9.999904632568359375e-01
9.997588992118835449e-01
9.999982118606567383e-01
3.700765373650938272e-04
9.999996423721313477e-01
6.576164960861206055e-01
5.114322900772094727e-01
9.999986886978149414e-01
9.765323400497436523e-01
5.621911287307739258e-01
2.617473728605546057e-05
8.391550779342651367e-01
4.757477290695533156e-05
1.231520514011208434e-06
9.999942779541015625e-01
1.868202707555610687e-05
4.493802043725736439e-05
5.119789838790893555e-01
9.999984502792358398e-01
8.787245154380798340e-01
9.516603350639343262e-01
1.764595508575439453e-04
7.956086844205856323e-02
1.340917660854756832e-04
9.998658895492553711e-01
8.034119606018066406e-01
9.875330924987792969e-01
9.999819993972778320e-01
2.999491880473215133e-05
9.999856948852539062e-01
3.917036652565002441e-01
3.571379784261807799e-05
9.999858140945434570e-01
9.999855756759643555e-01
1.944402811204781756e-06
9.998666048049926758e-01
6.974951177835464478e-02
1.903356496768537909e-05
9.221088816957490053e-07
9.999907016754150391e-01
5.448244792205514386e-06
9.953821301460266113e-01
7.021319561317795888e-06
9.999867677688598633e-01
5.085375308990478516e-01
9.999986886978149414e-01
9.986003041267395020e-01
9.152096026809886098e-05
7.008992542978376150e-05
2.192489091612515040e-06
9.988545179367065430e-01
9.981619715690612793e-01
2.213360494351945817e-05
9.994879292207770050e-06
5.159559659659862518e-03
4.232211267662933096e-06
9.711505174636840820e-01
3.423322993967303773e-07
6.231908686459064484e-03
9.999991655349731445e-01
1.962586111403652467e-07
1.157628139480948448e-04
3.830332541838288307e-03
9.999984502792358398e-01
5.324720291355333757e-07
7.822769703125231899e-07
1.219195052981376648e-01
9.665469527244567871e-01
9.999762773513793945e-01
6.793608918087556958e-05
9.997984766960144043e-01
3.869927488267421722e-03
1.022162381559610367e-02
8.410427835769951344e-04
9.999828338623046875e-01
4.129715762246632949e-06
1.423079993401188403e-06
9.996086955070495605e-01
8.048267045523971319e-05
1.329318479292851407e-06
9.742296338081359863e-01
1.829605177044868469e-02
9.999986886978149414e-01
9.993071556091308594e-01
6.687026470899581909e-04
9.319740533828735352e-01
1.268942432943731546e-04
2.769758248177822679e-05
1.893529854714870453e-02
5.115885138511657715e-01
3.955238571506924927e-05
3.753454387187957764e-01
5.532249342650175095e-03
3.810423004324547946e-05
1.066804088623030111e-06
9.995511174201965332e-01
9.999960660934448242e-01
2.540494961067452095e-06
8.592818863689899445e-03
5.233848094940185547e-01
9.990755319595336914e-01
7.172168493270874023e-01
9.980106949806213379e-01
1.828133612871170044e-01
9.994992017745971680e-01
6.072194576263427734e-01
9.999985694885253906e-01
2.361593842506408691e-01
9.999698400497436523e-01
9.999979734420776367e-01
9.999724626541137695e-01
9.895706176757812500e-01
9.999960660934448242e-01
7.719663381576538086e-01
9.999990463256835938e-01
2.277197539806365967e-01
5.990089266560971737e-05
1.061175426002591848e-04
9.999930858612060547e-01
1.141517888754606247e-03
9.999972581863403320e-01
4.242209854510292644e-07
9.962871074676513672e-01
9.599186159903183579e-05
9.999530315399169922e-01
9.999809265136718750e-01
6.822485829616198316e-06
6.151982815936207771e-04
9.999302625656127930e-01
9.998348951339721680e-01
9.854943752288818359e-01
1.063274567059124820e-06
9.999965429306030273e-01
7.513197601838328410e-07
9.999752044677734375e-01
9.751963615417480469e-01
9.999922513961791992e-01
8.886139839887619019e-02
1.082403628061001655e-06
2.976953226152545540e-07
3.359578317031264305e-03
3.513491537887603045e-04
3.730984926223754883e-01
1.272665031137876213e-06
9.997963309288024902e-01
9.934764504432678223e-01
7.298222184181213379e-01
9.979368448257446289e-01
9.937360286712646484e-01
3.246007509005721658e-06
9.999979734420776367e-01
9.999976158142089844e-01
1.608427623978059273e-06
4.617373633664101362e-06
9.999881982803344727e-01
9.999916553497314453e-01
4.765225583014398580e-07
3.782124622375704348e-06
9.820842146873474121e-01
1.582083641551434994e-03
2.406595740467309952e-06
9.466841220855712891e-01
5.448678731918334961e-01
9.688189625740051270e-01
9.999593496322631836e-01
4.098048957530409098e-04
4.913431126624345779e-03
2.136473767677671276e-06
9.999990463256835938e-01
9.778686165809631348e-01
9.778152108192443848e-01
9.498513340950012207e-01
9.991957545280456543e-01
1.388292480260133743e-02
7.587065100669860840e-01
9.999729394912719727e-01
4.799927771091461182e-02
9.993089437484741211e-01
9.999992847442626953e-01
1.461672072764486074e-04
4.194922372698783875e-02
1.109818113036453724e-03
1.079751996257982682e-06
1.611413836144492961e-06
1.601124267835984938e-06
1.730932295322418213e-02
9.999312162399291992e-01
9.972074627876281738e-01
4.554015025496482849e-02
1.253712071047630161e-05
1.019178398564690724e-05
9.999885559082031250e-01
1.652478749747388065e-05
3.114439547061920166e-01
9.733890295028686523e-01
5.321074277162551880e-03
1.964404620230197906e-02
9.999874830245971680e-01
4.279237691662274301e-05
1.988709846045821905e-05
9.997245669364929199e-01
1.149243488907814026e-02
9.432235956192016602e-01
8.344460129737854004e-01
2.367889537708833814e-04
9.999630451202392578e-01
1.669188030064105988e-02
9.999946355819702148e-01
9.998728036880493164e-01
9.738444089889526367e-01
9.998103976249694824e-01
9.998855590820312500e-01
9.650139808654785156e-01
1.120034085033694282e-06
9.999785423278808594e-01
9.999973773956298828e-01
9.999837875366210938e-01
2.214763127267360687e-02
3.216768618585774675e-06
9.997760653495788574e-01
1.409500555382692255e-06
3.448476263656630181e-06
9.994720816612243652e-01
5.476570725440979004e-01
9.454626590013504028e-03
9.999804496765136719e-01
9.999994039535522461e-01
9.606741666793823242e-01
1.579720446898136288e-06
9.997885823249816895e-01
9.988330006599426270e-01
1.457507954910397530e-03
9.999904632568359375e-01
9.993614554405212402e-01
4.173048750999441836e-07
9.999306201934814453e-01
3.406576439738273621e-02
1.521735794085543603e-05
6.904558977112174034e-04
9.999876022338867188e-01
6.937081217765808105e-01
9.999835491180419922e-01
7.320427926060801838e-07
5.209398269653320312e-01
1.031501869874773547e-05
9.998799562454223633e-01
2.855066441043163650e-07
8.953397274017333984e-01
3.955369591712951660e-01
9.999291896820068359e-01
2.906895428895950317e-02
1.007710216072155163e-05
1.915207121783168986e-06
7.327043451368808746e-03
3.135610313620418310e-06
8.992528319358825684e-01
9.999899864196777344e-01
9.998965263366699219e-01
8.723267819732427597e-04
9.999326467514038086e-01
9.995885491371154785e-01
1.423356938175857067e-03
9.963437914848327637e-01
1.878480816230876371e-06
9.999970197677612305e-01
5.081748822703957558e-04
9.992858767509460449e-01
9.996906518936157227e-01
3.789826063439249992e-03
8.203115430660545826e-04
7.264525629580020905e-04
9.999423027038574219e-01
1.411778032779693604e-01
9.987570047378540039e-01
9.981672763824462891e-01
9.466329813003540039e-01
9.988893866539001465e-01
9.988933205604553223e-01
3.378210351456800709e-07
9.999970197677612305e-01
9.999525547027587891e-01
2.379539978392131161e-07
9.889537096023559570e-01
1.253991737030446529e-03
9.999996423721313477e-01
2.971875946968793869e-03
5.007794499397277832e-01
9.999946355819702148e-01
9.996333122253417969e-01
9.998369216918945312e-01
1.250156401511048898e-05
9.999905824661254883e-01
2.993913739919662476e-02
3.643183736130595207e-04
9.999183416366577148e-01
9.931602478027343750e-01
9.972631931304931641e-01
3.681217506527900696e-02
9.877732396125793457e-01
2.954535887056408683e-07
9.997438788414001465e-01
6.164882051962194964e-06
3.374616994733514730e-07
9.999195337295532227e-01
9.999973773956298828e-01
9.995838999748229980e-01
9.593198299407958984e-01
5.358189344406127930e-01
8.371127247810363770e-01
9.999943971633911133e-01
9.998934268951416016e-01
9.999957084655761719e-01
6.381002813577651978e-02
1.295098627451807261e-04
9.999989271163940430e-01
9.999386072158813477e-01
6.125404615886509418e-05
9.999967813491821289e-01
4.880432243226096034e-05
9.982817173004150391e-01
7.579565513879060745e-03
9.033366106450557709e-03
4.397746175527572632e-02
9.999794960021972656e-01
9.188528060913085938e-01
9.999812841415405273e-01
9.841265082359313965e-01
9.999963045120239258e-01
3.745428621768951416e-01
9.651363492012023926e-01
9.221438765525817871e-01
3.815610110759735107e-01
7.180154919624328613e-01
9.998949766159057617e-01
1.027406142384279519e-06
9.834861755371093750e-01
9.997599720954895020e-01
9.470834732055664062e-01
9.724760055541992188e-01
5.529216723516583443e-04
9.999577999114990234e-01
9.362362027168273926e-01
6.982357263041194528e-06
9.999984502792358398e-01
9.999966621398925781e-01
9.999405145645141602e-01
9.999825954437255859e-01
1.749640091475157533e-06
9.992718100547790527e-01
1.351464197796303779e-05
9.833432159211952239e-06
1.104581728577613831e-01
1.605417393147945404e-02
9.968731999397277832e-01
1.319072034675627947e-04
5.888984203338623047e-01
9.970742464065551758e-01
9.999651908874511719e-01
9.999402761459350586e-01
9.151057747658342123e-05
1.192924473434686661e-02
1.213069166988134384e-02
5.501269479282200336e-04
1.685517927398905158e-04
1.463946500734891742e-05
5.064932793175103143e-07
7.087509632110595703e-01
9.701538681983947754e-01
7.851705551147460938e-01
5.407148933045391459e-07
4.332677690399577841e-06
9.999965429306030273e-01
7.414391040802001953e-01
9.999969005584716797e-01
9.996314048767089844e-01
9.999985694885253906e-01
9.999973773956298828e-01
4.432796458786469884e-07
9.998662471771240234e-01
2.298777872056234628e-05
9.998358488082885742e-01
9.998598098754882812e-01
9.932807087898254395e-01
1.298362272791564465e-03
9.999969005584716797e-01
2.210260331630706787e-01
9.999334812164306641e-01
9.999982118606567383e-01
9.883910417556762695e-01
9.530010819435119629e-01
5.594519972801208496e-01
9.999636411666870117e-01
9.995056390762329102e-01
9.959242343902587891e-01
9.209606647491455078e-01
9.902571439743041992e-01
2.449792737024836242e-05
6.298708740359870717e-06
1.850137891779013444e-07
9.999994039535522461e-01
9.845393300056457520e-01
9.995891451835632324e-01
3.551107965904520825e-06
2.689404936973005533e-05
2.404763549566268921e-01
1.932516606757417321e-04
1.373959183692932129e-01
1.614795625209808350e-02
9.999973773956298828e-01
9.987652301788330078e-01
1.241303721144504379e-06
9.995055198669433594e-01
9.999951124191284180e-01
9.999334812164306641e-01
3.822370490524917841e-04
9.996454715728759766e-01
4.979056484444299713e-06
1.505001637269742787e-05
9.983863830566406250e-01
1.960092231456656009e-05
9.999989271163940430e-01
9.999948740005493164e-01
9.999984502792358398e-01
8.644917048513889313e-03
9.991701841354370117e-01
9.980744123458862305e-01
9.999985694885253906e-01
9.983348250389099121e-01
7.759840488433837891e-01
4.212175099382875487e-06
9.999907016754150391e-01
9.999830722808837891e-01
9.985250830650329590e-01
9.999461174011230469e-01
5.694795772433280945e-02
6.018336762281251140e-07
9.995090961456298828e-01
3.645698889158666134e-04
2.072079752224453841e-07
9.999656677246093750e-01
1.892683096230030060e-02
1.924455761909484863e-01
9.998207688331604004e-01
9.697175025939941406e-01
9.999895095825195312e-01
9.999537467956542969e-01
1.766670495271682739e-01
1.974610313482116908e-06
9.999148845672607422e-01
9.998158812522888184e-01
7.548087742179632187e-03
1.257308875210583210e-03
3.314474952276214026e-07
4.426920786499977112e-02
9.999991655349731445e-01
9.999994039535522461e-01
5.062908712716307491e-06
1.688618585467338562e-02
1.147392936218238901e-07
5.643798886012518778e-06
4.420474637299776077e-03
9.999850988388061523e-01
9.997437596321105957e-01
9.761270880699157715e-01
9.650950431823730469e-01
9.999870061874389648e-01
5.136801600456237793e-01
9.999945163726806641e-01
9.990593791007995605e-01
9.999971389770507812e-01
1.506610424257814884e-03
9.998892545700073242e-01
9.999974966049194336e-01
1.628137215448077768e-05
5.064081506134243682e-06
3.339268369018100202e-05
3.121353872120380402e-02
3.577996511012315750e-03
1.245577111840248108e-01
6.918088793754577637e-01
9.978766441345214844e-01
9.999717473983764648e-01
1.633384963497519493e-04
8.332088473252952099e-04
9.999963045120239258e-01
9.999884366989135742e-01
1.400642649969086051e-04
9.999985694885253906e-01
2.307416070834733546e-05
7.910947315394878387e-03
9.988497495651245117e-01
4.548836329831829062e-07
1.236280354532937054e-06
9.170489385724067688e-03
9.992903470993041992e-01
9.412605166435241699e-01
8.466945886611938477e-01
1.894198730587959290e-02
9.999895095825195312e-01
9.990023970603942871e-01
3.825247113127261400e-04
9.999978542327880859e-01
6.925502930243965238e-06
1.182604819405241869e-06
9.999970197677612305e-01
3.195698605850338936e-03
9.999881982803344727e-01
9.925528168678283691e-01
6.216462497832253575e-05
1.051997969625517726e-04
9.998010993003845215e-01
2.521998714655637741e-03
2.257878147065639496e-02
1.119060255587100983e-02
9.996670484542846680e-01
1.797647774219512939e-02
3.881275006278883666e-06
9.999299049377441406e-01
8.548401594161987305e-01
9.994853734970092773e-01
3.248727023601531982e-01
2.848846065717225429e-07
4.563120603561401367e-01
2.760788798332214355e-01
3.606375571507669520e-07
1.323937531560659409e-02
7.174446582794189453e-01
9.996606111526489258e-01
9.996478557586669922e-01
9.999957084655761719e-01
2.727626822888851166e-02
9.999929666519165039e-01
9.999653100967407227e-01
1.693188532954081893e-04
3.024095121872960590e-06
1.591907675901893526e-05
9.131882786750793457e-01
3.078616646234877408e-05
9.999985694885253906e-01
2.615920675452798605e-04
3.852617851407558192e-07
4.823496099561452866e-03
9.999991655349731445e-01
9.999935626983642578e-01
1.420941501855850220e-01
9.987704157829284668e-01
8.969003033598710317e-07
9.999971389770507812e-01
2.989904714922886342e-05
4.103287665202515200e-06
9.999388456344604492e-01
9.952269792556762695e-01
9.989695549011230469e-01
9.999986886978149414e-01
9.567392617464065552e-02
9.964195489883422852e-01
9.999516010284423828e-01
6.416611313397879712e-07
9.990000128746032715e-01
9.967876672744750977e-01
3.632633597590029240e-04
1.795514374971389771e-01
2.688340842723846436e-01
9.994921684265136719e-01
9.721503853797912598e-01
3.735097707249224186e-04
5.355872758627810981e-07
9.900940060615539551e-01
2.061412036418914795e-01
3.654291795101016760e-04
9.999141693115234375e-01
3.084367563133127987e-05
9.999991655349731445e-01
6.972121627768501639e-05
2.400489029241725802e-05
8.864139090292155743e-05
1.600000075995922089e-02
9.999870061874389648e-01
3.580543079806375317e-07
9.999976158142089844e-01
9.989976286888122559e-01
9.998996257781982422e-01
1.087731902771338355e-06
9.944853186607360840e-01
1.115099394155549817e-06
9.909710884094238281e-01
9.999390840530395508e-01
9.999988079071044922e-01
9.998126626014709473e-01
2.078577381325885653e-04
2.482251450419425964e-02
4.989704393665306270e-06
9.999985694885253906e-01
3.511328031891025603e-05
4.573472440242767334e-01
1.042239600792527199e-04
4.947538836859166622e-04
7.473703590221703053e-06
3.862258791923522949e-02
3.449150426604319364e-06
8.973906005849130452e-06
9.999473094940185547e-01
3.720348468050360680e-05
9.997298121452331543e-01
1.008520757750375196e-05
9.664099707151763141e-06
4.044460365548729897e-04
9.999982118606567383e-01
6.474266410805284977e-04
4.578451514244079590e-01
1.150881530520564411e-06
9.907921552658081055e-01
9.967033267021179199e-01
2.559232234489172697e-04
6.180742957440088503e-07
9.999905824661254883e-01
1.076524858945049345e-04
2.794567990349605680e-05
9.060855507850646973e-01
1.098213531076908112e-02
9.663102626800537109e-01
1.230346504598855972e-03
9.962336421012878418e-01
9.999799728393554688e-01
9.999800920486450195e-01
9.999964237213134766e-01
4.644035100936889648e-01
1.079489379662845749e-06
2.687967941164970398e-02
4.597087013280543033e-07
3.258950528106652200e-05
1.021065781969809905e-05
9.709867835044860840e-01
9.999979734420776367e-01
3.348046811879612505e-05
1.879958091421940480e-07
1.507196691818535328e-03
9.998508691787719727e-01
2.669004970812238753e-06
4.045093362492480082e-07
9.999650716781616211e-01
9.997482895851135254e-01
1.829480061132926494e-05
1.886306107044219971e-01
9.999947547912597656e-01
4.571144934743642807e-03
9.999995231628417969e-01
8.378608822822570801e-01
7.180154919624328613e-01
9.999920129776000977e-01
6.994954446781775914e-07
9.806970357894897461e-01
2.933763653345522471e-06
9.999990463256835938e-01
4.283059024601243436e-05
1.860795237007550895e-05
9.996775388717651367e-01
9.999872446060180664e-01
5.155786639079451561e-04
1.279408570553641766e-05
5.593672394752502441e-04
3.054047556361183524e-05
2.799611991122219479e-07
9.899970293045043945e-01
7.898584604263305664e-01
9.999519586563110352e-01
2.468897253274917603e-01
2.454388550177100115e-07
5.296916514635086060e-02
9.996279478073120117e-01
2.036734658759087324e-04
5.387961209635250270e-06
9.999797344207763672e-01
2.882795408368110657e-02
7.616866827011108398e-01
9.961922168731689453e-01
8.304635412059724331e-05
3.652023451650165953e-06
8.286963566206395626e-04
9.982360601425170898e-01
8.762866059441876132e-07
9.961161613464355469e-01
9.999967813491821289e-01
5.275990366935729980e-01
9.996753931045532227e-01
9.797573685646057129e-01
7.897037267684936523e-02
9.999990463256835938e-01
9.999552965164184570e-01
7.624880709045100957e-06
4.706329107284545898e-01
9.999990463256835938e-01
9.964423775672912598e-01
3.659611567854881287e-03
2.518537257856223732e-05
9.304690361022949219e-01
3.224705869797617197e-05
9.999978542327880859e-01
9.996368885040283203e-01
1.793376356363296509e-02
2.994535861944314092e-05
9.999593496322631836e-01
1.599987619556486607e-03
9.857794046401977539e-01
9.999787807464599609e-01
3.357493877410888672e-02
7.121586799621582031e-01
8.018223525141365826e-06
9.998849630355834961e-01
1.573537156218662858e-05
3.557033836841583252e-02
9.999969005584716797e-01
1.962321675819111988e-06
9.999992847442626953e-01
9.725008159875869751e-03
3.523671925067901611e-01
9.999898672103881836e-01
5.385515396483242512e-04
6.405083695426583290e-05
9.999978542327880859e-01
9.999983310699462891e-01
9.999936819076538086e-01
9.999262094497680664e-01
6.128875247668474913e-05
2.199923619627952576e-03
6.846821866929531097e-03
2.530950041546020657e-06
9.999625682830810547e-01
9.747654985403642058e-06
9.998047947883605957e-01
1.481371441514056642e-06
4.677730612456798553e-04
3.028669425475527532e-06
9.884075522422790527e-01
9.739139841258293018e-07
2.649112138897180557e-05
1.707013249397277832e-01
1.885302117443643510e-05
9.999744892120361328e-01
9.991330504417419434e-01
9.999629259109497070e-01
1.194572541862726212e-04
1.406287424288166221e-06
9.982542395591735840e-01
9.995731711387634277e-01
9.529418894089758396e-04
1.894198730587959290e-02
9.997022747993469238e-01
9.964118599891662598e-01
9.999945163726806641e-01
9.999876022338867188e-01
9.984157085418701172e-01
3.167108843626920134e-06
9.999959468841552734e-01
2.160318661481142044e-03
1.413220888935029507e-03
3.549907414708286524e-04
9.984605312347412109e-01
9.999996423721313477e-01
2.098097652196884155e-01
9.882650192594155669e-05
6.655665347352623940e-04
9.999595880508422852e-01
1.274986134376376867e-04
1.863133013248443604e-01
9.999810457229614258e-01
2.362564206123352051e-03
5.175979342311620712e-03
9.999976158142089844e-01
1.902293115563225001e-05
9.995674490928649902e-01
9.999014139175415039e-01
8.733155578374862671e-02
7.664439678192138672e-01
1.732407508825417608e-05
9.997282624244689941e-01
2.854142258001957089e-05
9.999917745590209961e-01
9.995618462562561035e-01
6.679698708467185497e-05
9.999777078628540039e-01
4.266236792318522930e-04
8.772113346822152380e-07
9.998909235000610352e-01
8.473533391952514648e-01
9.940120577812194824e-01
9.999980926513671875e-01
3.534547286108136177e-03
1.431566895917057991e-03
9.999697208404541016e-01
3.134473925456404686e-03
6.799420225434005260e-04
3.756494697881862521e-05
9.998731613159179688e-01
8.111176639795303345e-02
7.561714649200439453e-01
8.899925351142883301e-01
6.580370245501399040e-04
1.587050355738028884e-04
9.792329668998718262e-01
9.989585876464843750e-01
9.999914169311523438e-01
9.992668032646179199e-01
1.191978156566619873e-01
1.405000127851963043e-02
9.950013756752014160e-01
9.998562335968017578e-01
2.830639295279979706e-02
9.996720552444458008e-01
9.994864463806152344e-01
4.380732661957154050e-06
8.024327754974365234e-01
8.243475804192712530e-07
9.999577999114990234e-01
9.992440938949584961e-01
9.998892545700073242e-01
9.999371767044067383e-01
5.358571186661720276e-02
9.999886751174926758e-01
3.647728021860530134e-07
9.694729447364807129e-01
8.525819907845288981e-07
9.274593321606516838e-05
1.421910610588383861e-06
9.959939718246459961e-01
1.425590552389621735e-02
4.299697279930114746e-01
9.589191449776990339e-07
7.027709484100341797e-02
1.453410950489342213e-04
9.529943466186523438e-01
9.502283334732055664e-01
6.806887995480792597e-06
7.759073050692677498e-04
1.286061014980077744e-03
1.266312210645992309e-05
9.838094711303710938e-01
1.281956938328221440e-04
9.999487400054931641e-01
8.851780535223952029e-07
9.999306201934814453e-01
9.594676666893064976e-04
9.987126588821411133e-01
1.941989030456170440e-04
9.999876022338867188e-01
1.185233577416511253e-05
9.999978542327880859e-01
3.955029845237731934e-01
5.695390882465289906e-06
1.909087002277374268e-01
9.999952316284179688e-01
9.293573498725891113e-01
8.399824500083923340e-01
9.917741417884826660e-01
9.999939203262329102e-01
2.535884380340576172e-01
6.004415825009346008e-02
8.256008150056004524e-04
9.671627879142761230e-01
6.135245712357573211e-06
4.312617966206744313e-05
9.998059868812561035e-01
9.999886751174926758e-01
7.364912016782909632e-05
9.999957084655761719e-01
9.675933718681335449e-01
4.566969073493964970e-05
6.222581025213003159e-03
9.999585151672363281e-01
8.772994042374193668e-04
5.779219865798950195e-01
9.999992847442626953e-01
9.999821186065673828e-01
3.993557393550872803e-01
8.238697052001953125e-02
9.999868869781494141e-01
9.999806880950927734e-01
9.800573587417602539e-01
9.999818801879882812e-01
4.622833221219480038e-04
2.408531436230987310e-04
8.831734955310821533e-02
9.999698400497436523e-01
1.085166445591312367e-06
9.999989271163940430e-01
4.124034643173217773e-01
7.622269541025161743e-02
1.364974309581157286e-06
1.481707698758327751e-07
2.328644654880918097e-07
9.732384681701660156e-01
9.999973773956298828e-01
6.693831086158752441e-02
9.872385263442993164e-01
9.999976158142089844e-01
2.547825453802943230e-03
1.570878899656236172e-03
9.999698400497436523e-01
9.999991655349731445e-01
1.478917693020775914e-04
9.985350370407104492e-01
6.034775287844240665e-04
1.911853644287475618e-07
9.872397780418395996e-01
7.713531702756881714e-02
9.999721050262451172e-01
2.777500230877194554e-05
5.810009952256223187e-06
6.120396256446838379e-01
9.999842643737792969e-01
9.999966621398925781e-01
6.592889008061320055e-07
9.757001996040344238e-01
6.404633522033691406e-01
4.075423814356327057e-03
2.500237769709201530e-06
9.943029880523681641e-01
5.667844015988521278e-05
8.492414355278015137e-01
1.030314342642668635e-05
1.129267502619768493e-06
1.406858814334555063e-06
5.401114225387573242e-01
9.998319149017333984e-01
1.161906538982293569e-06
9.999966621398925781e-01
9.997945427894592285e-01
9.988056421279907227e-01
2.931473851203918457e-01
2.088137269020080566e-01
1.751185394823551178e-02
9.999973773956298828e-01
9.997712969779968262e-01
1.502811073805787601e-06
1.684257995293592103e-06
9.915830492973327637e-01
1.951211197592783719e-05
9.949823021888732910e-01
9.807295203208923340e-01
9.911599755287170410e-01
9.999909400939941406e-01
9.255133867263793945e-01
3.751425817608833313e-02
6.450991034507751465e-01
1.076397529686801136e-04
9.934879541397094727e-01
5.542617600440280512e-07
5.567719787359237671e-02
6.526884436607360840e-01
8.704186620889231563e-05
9.999979734420776367e-01
9.999910593032836914e-01
6.806380748748779297e-01
2.808452848057640949e-07
