7.021759748458862305e-01
7.091887593269348145e-01
9.127922058105468750e-01
8.567915558815002441e-01
8.207697272300720215e-01
8.653938770294189453e-01
8.045113682746887207e-01
8.416520804166793823e-02
7.753321528434753418e-01
8.108747601509094238e-01
5.927733182907104492e-01
4.521130025386810303e-01
8.707372546195983887e-01
8.353350758552551270e-01
7.797973752021789551e-01
8.262796401977539062e-01
2.277673631906509399e-01
6.758595108985900879e-01
8.664813041687011719e-01
6.900423169136047363e-01
8.640174269676208496e-01
8.950637578964233398e-01
8.596477508544921875e-01
7.358263731002807617e-01
8.443294167518615723e-01
7.727228999137878418e-01
8.753604292869567871e-01
7.166341543197631836e-01
8.200613260269165039e-01
9.269464612007141113e-01
8.268240690231323242e-01
6.748874187469482422e-01
5.435176491737365723e-01
7.423073649406433105e-01
8.031169772148132324e-01
7.819743752479553223e-01
8.716143965721130371e-01
7.084071040153503418e-01
7.469579577445983887e-01
8.722658157348632812e-01
9.218877553939819336e-01
8.938004970550537109e-01
5.519922375679016113e-01
4.484382569789886475e-01
8.692150712013244629e-01
7.596652507781982422e-01
5.808730721473693848e-01
9.060116410255432129e-01
4.172159135341644287e-01
3.729204535484313965e-01
7.075415849685668945e-01
9.400947093963623047e-01
8.984436988830566406e-01
7.052221894264221191e-01
8.036305308341979980e-01
8.888173103332519531e-01
5.594255328178405762e-01
8.181099295616149902e-01
3.463461697101593018e-01
9.023687839508056641e-01
7.838284969329833984e-01
5.355686545372009277e-01
8.950525522232055664e-01
8.986220359802246094e-01
2.701669000089168549e-02
8.069726228713989258e-01
7.629295587539672852e-01
2.791242003440856934e-01
6.927113533020019531e-01
6.405500769615173340e-01
3.203642368316650391e-01
7.347894310951232910e-01
8.720133304595947266e-01
8.525863885879516602e-01
8.612771034240722656e-01
8.505961298942565918e-01
5.485337376594543457e-01
7.307869791984558105e-01
8.037670254707336426e-01
8.682354688644409180e-01
6.118502616882324219e-01
5.166232585906982422e-01
8.188042640686035156e-01
8.569027185440063477e-01
9.291428327560424805e-01
7.796649932861328125e-01
8.786911964416503906e-01
9.130765795707702637e-01
5.201380252838134766e-01
6.067231893539428711e-01
4.556729495525360107e-01
8.544531464576721191e-01
8.732188940048217773e-01
6.930187940597534180e-01
7.280813455581665039e-01
5.087878704071044922e-01
8.834533095359802246e-01
8.836871385574340820e-01
4.380450248718261719e-01
8.994311690330505371e-01
8.132753372192382812e-01
8.621196746826171875e-01
1.494095623493194580e-01
8.320767283439636230e-01
8.006489276885986328e-01
6.640517115592956543e-01
8.701678514480590820e-01
8.541734218597412109e-01
7.920672297477722168e-01
8.790603876113891602e-01
7.807212471961975098e-01
9.141466021537780762e-01
6.780238151550292969e-01
7.798911333084106445e-01
2.123092412948608398e-01
8.136898875236511230e-01
3.729204535484313965e-01
5.699551701545715332e-01
7.222818136215209961e-01
4.664712250232696533e-01
5.128239393234252930e-01
6.905528306961059570e-01
9.045680761337280273e-01
9.278605580329895020e-01
8.775998353958129883e-01
7.243713140487670898e-01
8.614173531532287598e-01
8.274078369140625000e-01
8.881705999374389648e-01
7.587890625000000000e-01
8.337286710739135742e-01
8.391382098197937012e-01
9.055071473121643066e-01
8.289852738380432129e-01
8.587065339088439941e-01
8.179818391799926758e-01
8.961459398269653320e-01
7.873537540435791016e-01
9.508489072322845459e-02
7.767025232315063477e-01
8.543221354484558105e-01
8.741893172264099121e-01
7.443218231201171875e-01
8.746581077575683594e-01
8.882849812507629395e-01
6.868134140968322754e-01
8.696687221527099609e-01
8.916525244712829590e-01
6.690454483032226562e-01
8.966716527938842773e-01
7.976346611976623535e-01
8.725811839103698730e-01
5.462873578071594238e-01
9.340595006942749023e-01
8.210473656654357910e-01
4.909676909446716309e-01
7.819534540176391602e-01
8.159824609756469727e-01
8.545430302619934082e-01
6.868032813072204590e-01
5.036461949348449707e-01
8.191975355148315430e-01
8.410406708717346191e-01
8.645539879798889160e-01
5.951066017150878906e-01
7.828081250190734863e-01
8.120293021202087402e-01
7.931657433509826660e-01
8.238483667373657227e-01
8.325181007385253906e-01
9.206496477127075195e-01
1.465222984552383423e-01
8.931363224983215332e-01
9.181022047996520996e-01
7.293362617492675781e-01
8.535168766975402832e-01
8.577308058738708496e-01
7.906383275985717773e-01
8.713133931159973145e-01
5.930984616279602051e-01
8.709978461265563965e-01
8.909608721733093262e-01
6.192868947982788086e-01
3.600479662418365479e-01
8.939641118049621582e-01
9.593822062015533447e-02
4.756679534912109375e-01
9.120016694068908691e-01
6.704409122467041016e-01
8.783769607543945312e-01
8.401430249214172363e-01
9.111294150352478027e-01
8.765891790390014648e-01
5.425307750701904297e-01
7.555294036865234375e-01
9.274614453315734863e-01
6.591801643371582031e-01
8.299926519393920898e-01
7.296810150146484375e-01
1.433020979166030884e-01
7.356960773468017578e-01
8.438950777053833008e-01
8.391463756561279297e-01
5.952298641204833984e-01
7.658362388610839844e-01
6.027894616127014160e-01
8.771049380302429199e-01
8.518173694610595703e-01
9.115387201309204102e-01
8.533786535263061523e-01
6.982592940330505371e-01
8.813263773918151855e-01
7.968977093696594238e-01
7.860015034675598145e-01
5.570000410079956055e-01
4.501131772994995117e-01
8.448435664176940918e-01
7.851588129997253418e-01
6.055200695991516113e-01
6.261364370584487915e-02
7.832443714141845703e-01
2.848915569484233856e-02
8.623983860015869141e-01
8.862217068672180176e-01
8.851685523986816406e-01
8.295796513557434082e-01
7.411183714866638184e-01
8.240001797676086426e-01
8.735374212265014648e-01
8.656693696975708008e-01
9.011386036872863770e-01
8.409281373023986816e-01
8.655237555503845215e-01
8.589886426925659180e-01
3.527181148529052734e-01
4.542486369609832764e-01
8.708527088165283203e-01
7.759013772010803223e-01
8.567333817481994629e-01
2.888989448547363281e-01
7.746705412864685059e-01
8.566527962684631348e-01
8.680117726325988770e-01
4.211694896221160889e-01
8.222606778144836426e-01
1.039387509226799011e-01
3.288557529449462891e-01
8.105455040931701660e-01
8.343479633331298828e-01
7.993918657302856445e-01
6.669337153434753418e-01
9.043630957603454590e-01
2.241911292076110840e-01
7.710437774658203125e-01
8.599466681480407715e-01
8.315548300743103027e-01
5.464668944478034973e-02
7.848224639892578125e-01
9.122409224510192871e-01
8.489182591438293457e-01
8.191730976104736328e-01
5.054686665534973145e-01
8.838801980018615723e-01
8.150169253349304199e-01
8.156977295875549316e-01
1.173199042677879333e-01
7.503113746643066406e-01
1.453665494918823242e-01
8.033667802810668945e-01
4.853568077087402344e-01
8.317568302154541016e-01
8.507049083709716797e-01
7.233207225799560547e-01
6.614438295364379883e-01
8.061901330947875977e-01
8.830357193946838379e-01
8.810719251632690430e-01
8.310757875442504883e-01
8.578482270240783691e-01
8.395096659660339355e-01
9.086843729019165039e-01
5.972197055816650391e-01
7.907994389533996582e-01
7.178908586502075195e-01
7.614073753356933594e-01
8.906592130661010742e-01
7.416410446166992188e-01
8.121193051338195801e-01
8.977031707763671875e-01
2.632994055747985840e-01
8.418864607810974121e-01
8.432161211967468262e-01
7.927275300025939941e-01
7.914875745773315430e-01
7.906790375709533691e-01
8.417671918869018555e-01
7.312063574790954590e-01
9.144963026046752930e-01
8.316096067428588867e-01
9.012107253074645996e-01
7.121123671531677246e-01
8.089417815208435059e-01
9.055488705635070801e-01
8.532689213752746582e-01
8.319908976554870605e-01
7.629854679107666016e-01
1.084077954292297363e-01
6.872541308403015137e-01
6.023927330970764160e-01
6.029070615768432617e-01
7.114641070365905762e-01
7.678324580192565918e-01
9.007458090782165527e-01
8.100025653839111328e-01
2.558535933494567871e-01
8.225802183151245117e-01
7.840778827667236328e-01
9.114825129508972168e-01
5.519654154777526855e-01
7.898812890052795410e-01
9.180714488029479980e-01
8.942160010337829590e-01
8.268091678619384766e-01
7.499595284461975098e-01
5.945825576782226562e-01
7.495849132537841797e-01
8.839719295501708984e-01
7.843994498252868652e-01
9.054485559463500977e-01
6.744930744171142578e-01
7.773634791374206543e-01
9.117060303688049316e-01
9.041501879692077637e-01
8.718125224113464355e-01
8.230275511741638184e-01
8.982887268066406250e-01
8.587226271629333496e-01
8.511661291122436523e-01
1.603008210659027100e-01
8.348590135574340820e-01
8.473266363143920898e-01
8.304237723350524902e-01
8.721861839294433594e-01
7.887104153633117676e-01
8.021436333656311035e-01
1.839471012353897095e-01
8.945234417915344238e-01
9.042013883590698242e-01
9.154915809631347656e-01
2.553549408912658691e-01
7.203837633132934570e-01
8.259257078170776367e-01
8.616561889648437500e-01
9.222296476364135742e-01
7.268060445785522461e-01
8.471222519874572754e-01
8.822820186614990234e-01
8.705619573593139648e-01
6.359124779701232910e-01
8.406878709793090820e-01
5.675768852233886719e-01
3.045300543308258057e-01
8.917688131332397461e-01
6.966663599014282227e-01
8.558261990547180176e-01
8.067615628242492676e-01
7.674875855445861816e-01
7.882280647754669189e-02
8.512615561485290527e-01
8.147261142730712891e-01
8.126605153083801270e-01
6.485081911087036133e-01
2.101083695888519287e-01
8.926146030426025391e-01
7.361487746238708496e-01
7.456671446561813354e-02
5.520942434668540955e-02
6.185458898544311523e-01
8.930746316909790039e-01
7.933724522590637207e-01
8.516157269477844238e-01
8.489691615104675293e-01
8.469865918159484863e-01
8.292317390441894531e-01
9.109714627265930176e-01
5.527211427688598633e-01
6.831681132316589355e-01
4.505639672279357910e-01
6.848410964012145996e-01
8.642064332962036133e-01
7.401687502861022949e-01
9.135391712188720703e-01
8.491306900978088379e-01
8.745524883270263672e-01
8.375440239906311035e-01
8.101615309715270996e-01
8.992651700973510742e-01
7.771427631378173828e-01
8.719444870948791504e-01
8.510349988937377930e-01
8.901545405387878418e-01
3.216483592987060547e-01
8.850579857826232910e-01
7.673712372779846191e-01
6.966959238052368164e-01
7.406949400901794434e-01
8.799483776092529297e-01
7.955118417739868164e-01
8.409856557846069336e-01
7.545424103736877441e-01
8.242048025131225586e-01
7.640172243118286133e-01
7.747824192047119141e-01
8.979441523551940918e-01
7.925102114677429199e-01
8.068197369575500488e-01
8.227784633636474609e-01
5.462248921394348145e-01
8.644449114799499512e-01
7.887592911720275879e-01
5.039946436882019043e-01
8.814477920532226562e-01
9.104750156402587891e-01
5.288857817649841309e-01
8.468981981277465820e-01
8.949797749519348145e-01
9.240651726722717285e-01
8.471181392669677734e-01
9.031112790107727051e-01
3.906705677509307861e-01
5.005454421043395996e-01
9.036185145378112793e-01
8.828713893890380859e-01
7.663974165916442871e-01
6.770776510238647461e-01
6.004649400711059570e-01
8.033316731452941895e-01
8.963388800621032715e-01
7.928166985511779785e-01
7.946779131889343262e-01
7.036534547805786133e-01
6.149589419364929199e-01
8.982849717140197754e-01
8.955781459808349609e-01
3.708825707435607910e-01
7.673754692077636719e-01
8.112092614173889160e-01
4.253622591495513916e-01
8.956727981567382812e-01
7.291542887687683105e-01
8.958925008773803711e-01
8.061515092849731445e-01
7.726582884788513184e-01
8.499320149421691895e-01
8.610491156578063965e-01
8.636758327484130859e-01
8.369751572608947754e-01
3.208623528480529785e-01
9.155977964401245117e-01
8.761953115463256836e-01
2.368790209293365479e-01
4.224291443824768066e-01
5.597773790359497070e-01
1.182168051600456238e-01
8.819451332092285156e-01
8.107668161392211914e-01
8.738003969192504883e-01
8.763734102249145508e-01
9.234727025032043457e-01
3.995044827461242676e-01
1.220471337437629700e-01
8.153516650199890137e-01
2.587106823921203613e-01
8.462557792663574219e-01
9.830164909362792969e-02
8.948464989662170410e-01
7.067748308181762695e-01
8.096412420272827148e-01
8.589649796485900879e-01
7.833088636398315430e-01
8.472534418106079102e-01
8.531646132469177246e-01
8.732204437255859375e-01
7.354674339294433594e-01
8.820023536682128906e-01
8.460454940795898438e-01
8.500924706459045410e-01
4.366975426673889160e-01
3.775404095649719238e-01
6.659979820251464844e-01
6.289947628974914551e-01
8.686674833297729492e-01
7.624624967575073242e-01
8.927379846572875977e-01
6.863822340965270996e-01
7.055677771568298340e-01
8.930086493492126465e-01
7.794945836067199707e-01
7.383838891983032227e-01
7.680739462375640869e-02
8.396646380424499512e-01
7.730557918548583984e-01
8.329539299011230469e-01
7.562788128852844238e-01
8.491992354393005371e-01
5.499230027198791504e-01
8.890665769577026367e-01
6.121995449066162109e-01
8.825138807296752930e-01
6.465903520584106445e-01
6.646103262901306152e-01
8.475139141082763672e-01
7.739445567131042480e-01
8.002454638481140137e-01
8.421185612678527832e-01
8.654733896255493164e-01
8.893968462944030762e-01
8.042380213737487793e-01
8.944669365882873535e-01
4.907697737216949463e-01
7.297426462173461914e-01
9.054485559463500977e-01
9.024748206138610840e-01
8.614783883094787598e-01
6.293816566467285156e-01
5.243604183197021484e-01
4.680123329162597656e-01
3.371497988700866699e-01
9.145886301994323730e-01
7.174657285213470459e-02
6.547811627388000488e-01
8.638634085655212402e-01
6.980640888214111328e-01
8.703563213348388672e-01
8.240671753883361816e-01
7.903162837028503418e-01
4.282627105712890625e-01
3.861151933670043945e-01
8.204890489578247070e-01
5.075168013572692871e-01
7.001353502273559570e-01
9.181625843048095703e-01
8.519269824028015137e-01
9.053030610084533691e-01
7.048072814941406250e-01
7.614111304283142090e-01
2.347111515700817108e-02
8.871020078659057617e-01
1.217224672436714172e-01
9.264127612113952637e-01
8.362990617752075195e-01
8.437486290931701660e-01
8.406307697296142578e-01
8.371899127960205078e-01
1.409975439310073853e-01
8.584098815917968750e-01
8.872498273849487305e-01
8.631679415702819824e-01
8.668675422668457031e-01
8.556916713714599609e-01
8.946765661239624023e-01
1.935723572969436646e-01
9.064020514488220215e-01
8.233149051666259766e-01
8.825431466102600098e-01
8.088355064392089844e-01
6.841261386871337891e-01
8.071611523628234863e-01
7.344585061073303223e-01
2.794873416423797607e-01
8.470900058746337891e-01
6.228356361389160156e-01
8.312699198722839355e-01
7.513906359672546387e-01
8.567287921905517578e-01
6.164532303810119629e-01
9.170767068862915039e-01
8.729578256607055664e-01
9.184229373931884766e-01
9.114333391189575195e-01
7.742533087730407715e-01
5.950340628623962402e-01
7.654328346252441406e-01
8.867908716201782227e-01
9.152144789695739746e-01
5.691000223159790039e-01
8.758643269538879395e-01
8.840743899345397949e-01
8.586775064468383789e-01
7.825748920440673828e-01
8.904946446418762207e-01
8.765255212783813477e-01
5.200243592262268066e-01
9.323875904083251953e-01
8.719750046730041504e-01
8.719927668571472168e-01
5.164134502410888672e-01
8.843942880630493164e-01
1.583622545003890991e-01
8.538576960563659668e-01
8.958573937416076660e-01
1.205735281109809875e-01
8.379127979278564453e-01
7.824949026107788086e-01
6.321589350700378418e-01
8.625959753990173340e-01
8.764311075210571289e-01
8.481544256210327148e-01
8.392339944839477539e-01
8.310766220092773438e-01
9.140648245811462402e-01
1.835011243820190430e-01
8.479843735694885254e-01
8.103142380714416504e-01
5.085504055023193359e-01
7.904561758041381836e-01
8.775181770324707031e-01
7.423204183578491211e-01
7.634754180908203125e-01
7.305655479431152344e-01
9.215061664581298828e-01
8.907349109649658203e-01
8.795352578163146973e-01
5.502870082855224609e-01
9.143192768096923828e-01
6.968270540237426758e-01
7.239537239074707031e-01
8.438466787338256836e-01
8.435474038124084473e-01
8.529019355773925781e-01
7.299962639808654785e-01
8.727800250053405762e-01
8.435618877410888672e-01
8.561272025108337402e-01
8.939951062202453613e-01
3.107605874538421631e-01
7.984243035316467285e-01
6.580869555473327637e-01
7.008697390556335449e-01
8.178840279579162598e-01
7.768357992172241211e-01
4.255500733852386475e-01
9.188889265060424805e-01
6.381579041481018066e-01
8.458821177482604980e-01
8.637934923171997070e-01
8.761820197105407715e-01
8.452211618423461914e-01
7.083001136779785156e-01
9.256021976470947266e-01
6.204815506935119629e-01
7.579683065414428711e-01
8.855090737342834473e-01
9.040566682815551758e-01
7.756518721580505371e-01
1.064505130052566528e-01
6.959275603294372559e-01
7.960287332534790039e-01
8.924126029014587402e-01
8.428180813789367676e-01
6.171118021011352539e-01
7.298879623413085938e-01
6.281309127807617188e-01
8.019308447837829590e-01
8.454245924949645996e-01
8.053048849105834961e-01
8.855453133583068848e-01
2.635757029056549072e-01
8.408748507499694824e-01
8.663384318351745605e-01
8.808850049972534180e-01
8.786641359329223633e-01
5.225608944892883301e-01
8.243016600608825684e-01
7.827290892601013184e-01
7.905641198158264160e-01
8.635222315788269043e-01
5.915336012840270996e-01
8.445410132408142090e-01
6.415520310401916504e-01
8.340706229209899902e-01
8.151081204414367676e-01
1.702133268117904663e-01
8.744170665740966797e-01
8.937996029853820801e-01
8.906282782554626465e-01
6.045463085174560547e-01
9.000350832939147949e-01
1.502072811126708984e-01
4.400346577167510986e-01
5.858896970748901367e-01
8.349060416221618652e-01
8.633818626403808594e-01
8.497495055198669434e-01
5.541751980781555176e-01
8.411275744438171387e-01
9.100026488304138184e-01
8.608506321907043457e-01
4.634519517421722412e-01
8.804450035095214844e-01
6.513061523437500000e-01
9.242838621139526367e-01
7.204537987709045410e-01
8.721244335174560547e-01
8.829470276832580566e-01
9.108693003654479980e-01
7.894043922424316406e-01
2.716585397720336914e-01
8.511330485343933105e-01
8.649731278419494629e-01
8.972450494766235352e-01
7.366405725479125977e-01
8.801605701446533203e-01
8.787362575531005859e-01
9.104011058807373047e-01
8.410816192626953125e-01
8.749687671661376953e-01
8.712834119796752930e-01
9.041994214057922363e-01
7.713512182235717773e-01
2.130706310272216797e-01
8.937563896179199219e-01
5.616362690925598145e-01
7.050110697746276855e-01
7.864323258399963379e-01
9.111210107803344727e-01
9.075583219528198242e-01
7.499628067016601562e-01
9.132553339004516602e-01
8.743611574172973633e-01
8.877699971199035645e-01
8.142889738082885742e-01
6.384495496749877930e-01
7.131205201148986816e-01
5.520109534263610840e-01
8.664860129356384277e-01
8.737552762031555176e-01
9.167662262916564941e-01
8.992686271667480469e-01
9.021645784378051758e-01
8.593581914901733398e-01
6.818149685859680176e-01
7.462298274040222168e-01
6.168307065963745117e-01
5.518755912780761719e-01
8.271390199661254883e-01
8.628020286560058594e-01
8.603305220603942871e-01
8.765191435813903809e-01
8.541467785835266113e-01
8.935167789459228516e-01
8.413220643997192383e-01
8.167371153831481934e-01
6.961703896522521973e-01
8.065096735954284668e-01
7.729659676551818848e-01
6.669648289680480957e-01
8.312621712684631348e-01
7.519538998603820801e-01
8.436981439590454102e-01
1.531952917575836182e-01
8.439417481422424316e-01
8.989045619964599609e-01
8.275453448295593262e-01
7.038828134536743164e-01
3.667002320289611816e-01
6.167628169059753418e-01
8.607906699180603027e-01
7.816173434257507324e-01
8.763505220413208008e-01
9.029881358146667480e-01
7.653230428695678711e-01
8.607855439186096191e-01
8.100695013999938965e-01
8.780711293220520020e-01
8.317574858665466309e-01
6.529238224029541016e-01
9.182711243629455566e-01
8.265129327774047852e-01
8.801741600036621094e-01
9.131945371627807617e-01
8.988943696022033691e-01
8.068369626998901367e-01
8.497352600097656250e-01
9.114522337913513184e-01
8.067091107368469238e-01
1.964494436979293823e-01
8.499755263328552246e-01
8.340481519699096680e-01
8.565831780433654785e-01
2.719453573226928711e-01
3.407940268516540527e-01
8.123365640640258789e-01
8.355909585952758789e-01
8.560223579406738281e-01
8.827166557312011719e-01
8.442501425743103027e-01
8.160468935966491699e-01
8.876000642776489258e-01
7.636768221855163574e-01
8.624411225318908691e-01
8.307737112045288086e-01
2.168690599501132965e-02
6.937040686607360840e-01
8.528192043304443359e-01
7.651138901710510254e-01
3.594248592853546143e-01
7.869552969932556152e-01
8.542965650558471680e-01
8.771550059318542480e-01
8.910523056983947754e-01
8.460468649864196777e-01
8.899648189544677734e-01
8.527132272720336914e-01
6.833329796791076660e-01
9.124559164047241211e-01
8.955636620521545410e-01
8.401863574981689453e-01
8.451100587844848633e-01
9.005901217460632324e-01
8.895307183265686035e-01
5.958933234214782715e-01
1.384893506765365601e-01
6.148477792739868164e-01
8.335207700729370117e-01
8.353491425514221191e-01
8.529375791549682617e-01
9.184449911117553711e-01
8.798424601554870605e-01
5.680836439132690430e-01
6.583703160285949707e-01
9.058243036270141602e-01
7.957733869552612305e-01
9.111213684082031250e-01
8.753981590270996094e-01
8.015024662017822266e-01
1.285133957862854004e-01
8.876155614852905273e-01
8.126369118690490723e-01
8.861159682273864746e-01
7.252631187438964844e-01
8.316282033920288086e-01
8.307816386222839355e-01
9.158718585968017578e-01
9.154753684997558594e-01
8.409675359725952148e-01
9.214830994606018066e-01
9.099931716918945312e-01
8.649760484695434570e-01
8.390613198280334473e-01
8.945889472961425781e-01
6.904617547988891602e-01
8.522631525993347168e-01
7.971596121788024902e-01
8.677620291709899902e-01
7.896619439125061035e-01
1.709146946668624878e-01
5.895050764083862305e-01
8.401555418968200684e-01
8.399579524993896484e-01
8.617714047431945801e-01
8.474701642990112305e-01
6.713858842849731445e-01
2.810212373733520508e-01
9.051264524459838867e-01
9.010047912597656250e-01
8.783985972404479980e-01
8.106100559234619141e-01
7.462578415870666504e-01
2.535112798213958740e-01
6.784812808036804199e-01
9.065818190574645996e-01
7.370598316192626953e-01
6.778997182846069336e-01
6.722564101219177246e-01
7.756903171539306641e-01
8.546916842460632324e-01
6.775204539299011230e-01
8.396574854850769043e-01
7.487921714782714844e-01
8.826314806938171387e-01
7.091341614723205566e-01
9.091145396232604980e-01
7.562252283096313477e-01
7.358508706092834473e-01
8.637591004371643066e-01
7.977342009544372559e-01
8.679941296577453613e-01
9.247427582740783691e-01
8.883576989173889160e-01
8.550739288330078125e-01
8.160775303840637207e-01
7.541211247444152832e-01
8.772591352462768555e-01
8.868493437767028809e-01
7.752664685249328613e-01
7.021050453186035156e-01
7.446072101593017578e-01
8.386214375495910645e-01
8.150531053543090820e-01
6.169427633285522461e-01
8.601114153861999512e-01
1.634802371263504028e-01
9.270272850990295410e-01
8.770548701286315918e-01
8.602046966552734375e-01
8.325467705726623535e-01
8.642446398735046387e-01
8.281139731407165527e-01
8.431348800659179688e-01
8.110506534576416016e-01
8.094081878662109375e-01
7.959421873092651367e-01
9.108090400695800781e-01
8.046029806137084961e-01
6.041668653488159180e-01
7.994868755340576172e-01
7.355055212974548340e-01
8.689628839492797852e-01
8.339223265647888184e-01
6.651396155357360840e-01
7.598509192466735840e-01
7.765567302703857422e-01
6.552093029022216797e-01
4.633315205574035645e-01
8.585814833641052246e-01
7.946007251739501953e-01
9.051966667175292969e-01
4.570487141609191895e-02
7.601431608200073242e-01
7.983747124671936035e-01
3.746104240417480469e-01
8.501410484313964844e-01
8.689683079719543457e-01
8.749164342880249023e-01
6.008476018905639648e-01
8.984397649765014648e-01
7.318842411041259766e-01
7.121905088424682617e-01
7.463051080703735352e-01
9.147277474403381348e-01
8.557040691375732422e-01
7.864894270896911621e-01
5.419862270355224609e-01
5.877335667610168457e-01
9.060891866683959961e-01
8.221862912178039551e-01
2.427697628736495972e-01
7.165420651435852051e-01
1.630295813083648682e-01
3.476559817790985107e-01
7.485240697860717773e-01
8.354395627975463867e-01
6.730864644050598145e-01
8.945351243019104004e-01
8.387234210968017578e-01
8.012633323669433594e-01
6.885573863983154297e-01
4.931705296039581299e-01
9.131671190261840820e-01
5.745415687561035156e-01
7.134088873863220215e-01
7.763706445693969727e-01
5.939873456954956055e-01
8.023251295089721680e-01
8.359234333038330078e-01
6.835702061653137207e-01
7.390398383140563965e-01
3.963911831378936768e-01
8.432564139366149902e-01
8.979206085205078125e-01
8.534182310104370117e-01
7.717853784561157227e-01
8.494283556938171387e-01
7.634201645851135254e-01
8.279136419296264648e-01
3.982625901699066162e-01
8.890109658241271973e-01
7.794520258903503418e-01
7.428871393203735352e-01
8.845558762550354004e-01
1.970568150281906128e-01
7.905452847480773926e-01
3.650189936161041260e-01
9.340012669563293457e-01
7.714948058128356934e-01
7.625059485435485840e-01
8.858830928802490234e-01
6.537927687168121338e-02
8.723993897438049316e-01
7.755781412124633789e-01
8.455685377120971680e-01
7.967749238014221191e-01
8.255199193954467773e-01
7.009995579719543457e-01
8.344172239303588867e-01
7.185523509979248047e-01
8.940527439117431641e-01
8.943643569946289062e-01
7.504623532295227051e-01
9.104245305061340332e-01
2.710005342960357666e-01
8.334812521934509277e-01
8.135401010513305664e-01
8.086993098258972168e-01
6.197757720947265625e-01
8.921557664871215820e-01
8.980231881141662598e-01
8.227196335792541504e-01
7.070178985595703125e-01
6.774882674217224121e-01
6.971318721771240234e-01
8.228646516799926758e-01
8.148841261863708496e-01
8.749743103981018066e-01
8.020370602607727051e-01
7.510038018226623535e-01
8.415672779083251953e-01
7.503577470779418945e-01
8.178440928459167480e-01
7.348836660385131836e-01
8.899310231208801270e-01
8.144007325172424316e-01
9.012455344200134277e-01
8.387234210968017578e-01
7.460756301879882812e-01
9.197639822959899902e-01
7.864120006561279297e-01
7.959496974945068359e-01
8.016614913940429688e-01
9.146475791931152344e-01
8.124450594186782837e-02
7.925459742546081543e-01
8.026306033134460449e-01
9.092652201652526855e-01
7.570149302482604980e-01
8.373917341232299805e-01
8.822177648544311523e-01
8.640338182449340820e-01
7.167596220970153809e-01
8.788822889328002930e-01
9.187901020050048828e-01
7.980685830116271973e-01
5.226080417633056641e-01
9.387019872665405273e-01
3.863427042961120605e-01
7.959122061729431152e-01
7.557491064071655273e-01
8.440736532211303711e-01
6.876090764999389648e-01
8.837149143218994141e-01
5.009145662188529968e-02
8.822560906410217285e-01
8.525323271751403809e-01
9.216378927230834961e-01
8.441618084907531738e-01
7.559921145439147949e-01
8.786039948463439941e-01
6.714709401130676270e-01
7.088837623596191406e-01
7.264398336410522461e-01
7.851669192314147949e-01
9.104896783828735352e-01
7.170929312705993652e-01
3.116735443472862244e-02
8.919788599014282227e-01
8.742859959602355957e-01
7.703077793121337891e-01
7.543713450431823730e-01
8.564773201942443848e-01
8.348485827445983887e-01
8.520911931991577148e-01
8.719927668571472168e-01
9.118856787681579590e-01
8.674973249435424805e-01
1.046961396932601929e-01
8.582005500793457031e-01
8.482452034950256348e-01
7.379323244094848633e-01
8.060356378555297852e-01
6.989877820014953613e-01
8.973451852798461914e-01
7.750185132026672363e-01
8.337286710739135742e-01
2.087571769952774048e-01
5.458727478981018066e-01
8.469341397285461426e-01
8.550209403038024902e-01
1.990573108196258545e-01
8.362089991569519043e-01
8.660986423492431641e-01
8.164872527122497559e-01
8.128323554992675781e-01
6.417065858840942383e-01
8.711387515068054199e-01
8.482615947723388672e-01
8.635982275009155273e-01
8.666375875473022461e-01
8.519458174705505371e-01
7.313393354415893555e-01
1.784901767969131470e-01
7.667492628097534180e-01
7.462746500968933105e-01
8.125603199005126953e-01
6.442924737930297852e-01
8.295465707778930664e-01
8.094673156738281250e-01
8.711003065109252930e-01
8.456803560256958008e-01
7.913936376571655273e-01
8.543886542320251465e-01
7.607781291007995605e-01
9.213140606880187988e-01
6.499764323234558105e-01
8.599560260772705078e-01
8.894656896591186523e-01
8.209554553031921387e-01
7.715139389038085938e-01
8.846078515052795410e-01
8.875458836555480957e-01
9.192922711372375488e-01
2.294976264238357544e-01
8.105933666229248047e-01
8.369778394699096680e-01
7.857671380043029785e-01
7.528324127197265625e-01
8.326876759529113770e-01
8.421409130096435547e-01
7.053949236869812012e-01
4.003357589244842529e-01
7.867414355278015137e-01
7.502999901771545410e-01
9.466401338577270508e-01
6.206356287002563477e-01
9.178125858306884766e-01
2.909478358924388885e-02
6.578761935234069824e-01
8.032355308532714844e-01
5.951672792434692383e-01
8.293342590332031250e-01
6.280418634414672852e-01
9.005385041236877441e-01
8.616332411766052246e-01
6.137884855270385742e-01
8.632874488830566406e-01
5.582076311111450195e-01
8.553205132484436035e-01
3.796752095222473145e-01
7.009078264236450195e-01
8.869119286537170410e-01
9.287649989128112793e-01
8.412994742393493652e-01
8.250054717063903809e-01
5.831893682479858398e-01
7.970671653747558594e-01
8.501599431037902832e-01
8.570082783699035645e-01
8.610481023788452148e-01
8.622856736183166504e-01
9.117673635482788086e-01
8.603503704071044922e-01
8.669914603233337402e-01
8.123353719711303711e-01
8.261797428131103516e-01
8.382719159126281738e-01
4.438072144985198975e-01
3.585885465145111084e-01
4.443491399288177490e-01
8.905404806137084961e-01
7.973974347114562988e-01
9.263790845870971680e-01
8.958274722099304199e-01
8.723875284194946289e-01
8.506796360015869141e-01
6.356051564216613770e-01
6.662603020668029785e-01
6.902252435684204102e-01
5.118829011917114258e-01
7.623971700668334961e-01
6.938319802284240723e-01
8.564983010292053223e-01
8.821354508399963379e-01
3.691785633563995361e-01
8.297411799430847168e-01
6.169514060020446777e-01
6.600979566574096680e-01
7.434554696083068848e-01
3.436080813407897949e-01
8.236170411109924316e-01
2.128171361982822418e-02
7.047369480133056641e-01
8.554776906967163086e-01
8.736491799354553223e-01
7.886185646057128906e-01
7.972658276557922363e-01
4.934301078319549561e-01
5.598194599151611328e-01
7.701225280761718750e-01
7.402590513229370117e-01
8.311975002288818359e-01
8.518590331077575684e-01
8.834700584411621094e-01
6.748329401016235352e-01
8.304800391197204590e-01
8.064057230949401855e-01
6.902413964271545410e-01
2.567099034786224365e-01
1.620421856641769409e-01
9.202947616577148438e-01
8.979097604751586914e-01
8.985463976860046387e-01
8.566805124282836914e-01
7.913864850997924805e-01
7.316225171089172363e-01
7.691118717193603516e-01
8.482356071472167969e-01
7.935408949851989746e-01
8.201742768287658691e-01
7.132242918014526367e-01
8.636089563369750977e-01
8.028209805488586426e-01
5.785218477249145508e-01
8.495876193046569824e-01
7.385939359664916992e-01
8.221427202224731445e-01
8.525650203227996826e-02
6.164107322692871094e-01
9.015176296234130859e-01
8.593483567237854004e-01
8.406092524528503418e-01
5.076745748519897461e-01
8.971609473228454590e-01
8.422253131866455078e-01
7.604604363441467285e-01
7.174058556556701660e-01
7.350280880928039551e-01
7.492832541465759277e-01
1.957236081361770630e-01
8.758639693260192871e-01
8.669914603233337402e-01
8.633745312690734863e-01
3.541476130485534668e-01
7.487279176712036133e-01
7.544097304344177246e-01
7.588482499122619629e-01
7.378413677215576172e-01
5.446849465370178223e-01
8.491512537002563477e-01
8.194857239723205566e-01
8.150125741958618164e-01
4.111118018627166748e-01
8.747056126594543457e-01
7.078971266746520996e-01
7.692399621009826660e-01
7.696614861488342285e-01
8.651108741760253906e-01
7.918194532394409180e-01
7.133033871650695801e-01
8.057427406311035156e-01
7.073298692703247070e-01
8.879683613777160645e-01
7.445333003997802734e-01
7.936948537826538086e-01
8.185818195343017578e-01
8.798020482063293457e-01
8.591603636741638184e-01
7.981007099151611328e-01
7.628780603408813477e-01
8.755276203155517578e-01
8.906477093696594238e-01
4.236798286437988281e-01
8.721524477005004883e-01
1.457710862159729004e-01
7.331649065017700195e-01
2.834102809429168701e-01
3.564980924129486084e-01
6.041646003723144531e-02
8.219631910324096680e-01
8.505755066871643066e-01
5.882478952407836914e-01
9.152522087097167969e-01
8.721199631690979004e-01
8.871476054191589355e-01
6.590757966041564941e-01
7.668576240539550781e-01
8.870388865470886230e-01
6.978120207786560059e-01
7.571778893470764160e-01
5.485367774963378906e-01
4.746575653553009033e-01
8.997150063514709473e-01
9.151252508163452148e-01
5.873303413391113281e-01
6.190484166145324707e-01
8.757059574127197266e-01
8.908266425132751465e-01
8.697773814201354980e-01
7.822659015655517578e-01
6.636241674423217773e-01
1.480582058429718018e-01
1.261795461177825928e-01
6.974543333053588867e-01
1.891156435012817383e-01
8.485349416732788086e-01
4.108695983886718750e-01
8.775259852409362793e-01
8.466103076934814453e-01
4.973537325859069824e-01
8.177739381790161133e-01
8.338593244552612305e-01
8.873472213745117188e-01
8.412566184997558594e-01
6.287951469421386719e-01
8.879825472831726074e-01
8.936191797256469727e-01
9.249583482742309570e-01
9.144394993782043457e-01
8.217546343803405762e-01
5.541572570800781250e-01
9.062600135803222656e-01
8.153007030487060547e-01
4.320570081472396851e-02
3.382044434547424316e-01
5.047614574432373047e-01
9.219359159469604492e-01
8.470174670219421387e-01
8.442834019660949707e-01
8.031345009803771973e-01
8.140919208526611328e-01
8.102267980575561523e-01
4.788039028644561768e-01
7.391487360000610352e-01
8.993657231330871582e-01
6.838227510452270508e-01
8.257738351821899414e-01
7.375388741493225098e-01
7.371234893798828125e-01
4.625172019004821777e-01
8.738837838172912598e-01
9.168686270713806152e-01
8.119468688964843750e-01
8.240402936935424805e-01
7.928097844123840332e-01
8.832483291625976562e-01
7.379568219184875488e-01
1.677743345499038696e-01
8.756350874900817871e-01
8.887188434600830078e-01
7.660822272300720215e-01
7.944530844688415527e-01
8.368670344352722168e-01
8.601449728012084961e-01
7.734228968620300293e-01
8.912921547889709473e-01
7.566438913345336914e-01
8.801938891410827637e-01
8.238870501518249512e-01
8.711691498756408691e-01
5.767612457275390625e-01
8.744212388992309570e-01
2.195090055465698242e-02
8.874306082725524902e-01
8.650460839271545410e-01
8.875693678855895996e-01
8.351226449012756348e-01
8.063980340957641602e-01
8.947176933288574219e-01
8.720303773880004883e-01
8.776330351829528809e-01
8.426851630210876465e-01
7.642998099327087402e-01
7.023988962173461914e-01
7.404012978076934814e-02
9.081395864486694336e-01
2.148964405059814453e-01
2.288959473371505737e-01
8.640863299369812012e-01
8.673401474952697754e-01
7.351419329643249512e-01
4.801258444786071777e-01
7.854140996932983398e-01
3.416618704795837402e-01
8.601077795028686523e-01
4.583843424916267395e-02
8.267133831977844238e-01
8.313566446304321289e-01
6.970463991165161133e-01
7.849989533424377441e-01
6.795167326927185059e-01
6.866432428359985352e-01
8.424880504608154297e-01
8.477389812469482422e-01
8.295584917068481445e-01
6.787349581718444824e-01
8.814197778701782227e-01
6.382821202278137207e-01
8.181855678558349609e-01
5.203667879104614258e-01
8.962385058403015137e-01
7.172178030014038086e-01
8.166882991790771484e-01
1.906657665967941284e-01
7.480294108390808105e-01
8.377144932746887207e-01
5.552167892456054688e-01
7.743932008743286133e-01
9.124254584312438965e-01
8.423780798912048340e-01
8.540580868721008301e-01
4.316619634628295898e-01
7.978630661964416504e-01
7.741100788116455078e-01
8.704671263694763184e-01
8.045781254768371582e-01
7.330299019813537598e-01
8.108921647071838379e-01
7.095201015472412109e-01
4.862266778945922852e-01
8.712493181228637695e-01
9.042056798934936523e-01
7.274794578552246094e-01
7.340527772903442383e-01
8.153027892112731934e-01
7.946454286575317383e-01
2.058565765619277954e-01
6.133857965469360352e-01
3.179614245891571045e-01
4.879466444253921509e-02
8.256897330284118652e-01
8.819068670272827148e-01
1.710481941699981689e-01
4.166747257113456726e-02
8.387871384620666504e-01
8.378573656082153320e-01
8.703926801681518555e-01
3.266736268997192383e-01
7.906287908554077148e-01
8.271785378456115723e-01
8.565112948417663574e-01
8.655661344528198242e-01
7.345792651176452637e-01
4.939769506454467773e-01
8.200768828392028809e-01
7.678839564323425293e-01
8.870086073875427246e-01
8.128619194030761719e-01
8.215817809104919434e-01
8.014222979545593262e-01
8.673363924026489258e-01
7.735967636108398438e-01
5.154962539672851562e-01
4.526089131832122803e-02
8.849133849143981934e-01
5.347992181777954102e-01
5.187228322029113770e-01
8.657394051551818848e-01
7.526556849479675293e-01
8.431114554405212402e-01
7.710033059120178223e-01
8.442287445068359375e-01
5.790233016014099121e-01
1.913550645112991333e-01
9.106724262237548828e-01
8.503735065460205078e-01
8.918179273605346680e-01
9.089409708976745605e-01
8.600566387176513672e-01
7.455574870109558105e-01
7.585008144378662109e-01
8.825498223304748535e-01
8.861758708953857422e-01
7.193837165832519531e-01
8.683401942253112793e-01
8.078475594520568848e-01
2.721002995967864990e-01
8.795385956764221191e-01
9.075634479522705078e-01
8.181238770484924316e-01
8.627822399139404297e-01
7.833040356636047363e-01
6.374251246452331543e-01
7.788009047508239746e-01
8.747675418853759766e-01
1.120488494634628296e-01
8.796787858009338379e-01
6.947411894798278809e-01
6.585095524787902832e-01
8.200683593750000000e-01
7.360658049583435059e-01
8.845528364181518555e-01
3.663831055164337158e-01
8.654317855834960938e-01
6.641066670417785645e-01
7.474486231803894043e-01
6.169747114181518555e-01
8.464286327362060547e-01
8.674939274787902832e-01
5.290448665618896484e-01
9.190798401832580566e-01
8.445309996604919434e-01
7.266606092453002930e-01
9.039275646209716797e-01
8.375135660171508789e-01
8.408237695693969727e-01
5.669619441032409668e-01
8.284384608268737793e-01
8.770359158515930176e-01
8.687791824340820312e-01
8.995023965835571289e-01
4.457531571388244629e-01
9.295147061347961426e-01
8.286736011505126953e-01
7.453241348266601562e-01
8.989260792732238770e-01
9.061961770057678223e-01
8.742708563804626465e-01
8.530381321907043457e-01
7.043099999427795410e-01
7.603696584701538086e-01
8.063216209411621094e-01
1.213490590453147888e-01
8.763540387153625488e-01
6.358972787857055664e-01
8.560798168182373047e-01
7.600383162498474121e-01
6.705860495567321777e-01
9.027857184410095215e-01
8.991829156875610352e-01
8.765928745269775391e-01
7.178537845611572266e-01
7.930848002433776855e-01
8.687782287597656250e-01
2.116156369447708130e-01
8.162460476160049438e-02
8.873604536056518555e-01
6.816833615303039551e-01
9.026595354080200195e-01
8.304800391197204590e-01
7.943390607833862305e-01
8.965001106262207031e-01
7.968546152114868164e-01
9.087772965431213379e-01
4.261571168899536133e-01
8.583687543869018555e-01
7.620450854301452637e-01
8.814829587936401367e-01
4.801447093486785889e-01
7.747510075569152832e-01
8.487949967384338379e-01
7.830737829208374023e-01
9.324659109115600586e-01
8.500282764434814453e-01
8.522975444793701172e-01
8.428664207458496094e-01
1.816249042749404907e-01
8.957879543304443359e-01
9.216902256011962891e-01
7.575380802154541016e-01
7.762283086776733398e-01
8.917514681816101074e-01
9.019480943679809570e-01
8.539431691169738770e-01
8.369156122207641602e-01
5.823782086372375488e-01
7.905439138412475586e-01
1.964104920625686646e-01
8.632706999778747559e-01
8.023652434349060059e-01
2.274616658687591553e-01
8.873680830001831055e-01
8.237996101379394531e-01
9.026451110839843750e-01
7.108651995658874512e-01
7.764775753021240234e-01
7.113157510757446289e-01
8.994296789169311523e-01
8.591594099998474121e-01
8.122593164443969727e-01
5.259721875190734863e-01
7.213211655616760254e-01
7.614347338676452637e-01
7.992031574249267578e-01
8.814744353294372559e-01
8.433817625045776367e-01
4.494327902793884277e-01
5.989271998405456543e-01
8.421154022216796875e-01
8.913750052452087402e-01
6.528159379959106445e-01
8.675561547279357910e-01
2.303150892257690430e-01
8.749981522560119629e-01
7.915204167366027832e-01
8.705430030822753906e-01
6.305474042892456055e-01
8.898859620094299316e-01
8.219718933105468750e-01
8.788998723030090332e-01
8.806058168411254883e-01
9.052971005439758301e-01
8.194441795349121094e-01
6.752482056617736816e-01
5.903846621513366699e-01
3.608151078224182129e-01
9.120370149612426758e-01
8.254648447036743164e-01
4.094952344894409180e-01
8.417356610298156738e-01
3.428514301776885986e-01
8.015593290328979492e-01
7.688024640083312988e-01
8.475944399833679199e-01
9.136691093444824219e-01
8.490116596221923828e-01
7.999346256256103516e-01
9.029135704040527344e-01
8.388927578926086426e-01
7.913380861282348633e-01
8.736309409141540527e-01
9.062281847000122070e-01
7.288531661033630371e-01
6.987813115119934082e-01
8.693968057632446289e-01
7.966337800025939941e-01
7.931061983108520508e-01
8.277644515037536621e-01
7.470088601112365723e-01
2.119304388761520386e-01
7.326540946960449219e-01
7.599319815635681152e-01
8.602706789970397949e-01
2.227631509304046631e-01
8.608449697494506836e-01
8.952512145042419434e-01
8.553296327590942383e-01
8.194781541824340820e-01
9.062339663505554199e-01
8.185966014862060547e-01
4.744800627231597900e-01
7.755591869354248047e-01
8.275895118713378906e-01
8.617873787879943848e-01
6.455107331275939941e-01
8.214007019996643066e-01
8.618724346160888672e-01
8.132376074790954590e-01
8.321205973625183105e-01
4.558361768722534180e-01
7.789574265480041504e-01
7.628490924835205078e-01
8.793264627456665039e-01
8.650426864624023438e-01
8.248278498649597168e-01
8.733741044998168945e-01
8.099493980407714844e-01
8.706701397895812988e-01
4.821475148200988770e-01
7.426263689994812012e-01
8.472582101821899414e-01
8.641958236694335938e-01
7.081919312477111816e-01
7.531797289848327637e-01
8.217678666114807129e-01
8.347617983818054199e-01
7.405471205711364746e-01
8.829140663146972656e-01
6.857395172119140625e-01
8.960202336311340332e-01
8.888030052185058594e-01
6.151100397109985352e-01
7.371514439582824707e-01
8.090527057647705078e-01
9.158244132995605469e-01
7.706633806228637695e-01
7.663215398788452148e-01
8.260557055473327637e-01
8.094327449798583984e-01
8.449627757072448730e-01
5.171982049942016602e-01
7.866745591163635254e-01
6.674636006355285645e-01
6.555735468864440918e-01
8.681356310844421387e-01
8.710595369338989258e-01
8.112695813179016113e-01
8.345118165016174316e-01
7.741811275482177734e-01
7.424578666687011719e-01
6.732382178306579590e-01
8.892318606376647949e-01
3.591470792889595032e-02
7.000642418861389160e-01
7.417457103729248047e-01
7.529615759849548340e-01
7.809736132621765137e-01
8.157202601432800293e-01
5.014821514487266541e-02
8.601236343383789062e-01
8.811893463134765625e-01
8.718788623809814453e-01
8.550664186477661133e-01
8.261014223098754883e-01
9.077831506729125977e-01
8.337838649749755859e-01
2.073555290699005127e-01
8.172647953033447266e-01
7.150787711143493652e-01
7.308377623558044434e-01
7.998863458633422852e-01
7.614013552665710449e-01
7.167018651962280273e-01
7.659180164337158203e-01
7.542794346809387207e-01
8.790290951728820801e-01
8.940252661705017090e-01
9.569922089576721191e-01
8.056540489196777344e-01
2.826223969459533691e-01
6.308148503303527832e-01
8.477662205696105957e-01
2.246901690959930420e-01
7.263220548629760742e-01
7.532312870025634766e-01
8.414354920387268066e-01
6.284887194633483887e-01
9.250776767730712891e-01
9.149743914604187012e-01
6.328564286231994629e-01
7.238995432853698730e-01
8.341990709304809570e-01
8.094052672386169434e-01
8.667065501213073730e-01
8.581779599189758301e-01
8.928190469741821289e-01
8.907123655080795288e-02
7.340968251228332520e-01
6.544277667999267578e-01
8.592286705970764160e-01
9.175162315368652344e-01
9.241714477539062500e-01
8.210340142250061035e-01
9.103531837463378906e-01
1.582123041152954102e-01
7.853335738182067871e-01
8.007629513740539551e-01
4.651843607425689697e-01
8.905793428421020508e-01
