4.140892624855041504e-01
4.858534634113311768e-01
4.372777044773101807e-01
4.588710069656372070e-01
4.750764369964599609e-01
4.690517187118530273e-01
4.848958551883697510e-01
4.186944961547851562e-01
4.622264802455902100e-01
4.807216823101043701e-01
4.669871628284454346e-01
4.156610071659088135e-01
4.371090233325958252e-01
4.574577808380126953e-01
4.522966146469116211e-01
4.286843240261077881e-01
4.610821604728698730e-01
4.534393846988677979e-01
4.219404757022857666e-01
4.812705814838409424e-01
4.416544437408447266e-01
4.815037846565246582e-01
5.000680685043334961e-01
4.695833027362823486e-01
4.070647954940795898e-01
4.209318161010742188e-01
4.821256399154663086e-01
4.748195707798004150e-01
4.355444014072418213e-01
4.164884388446807861e-01
4.489980041980743408e-01
4.220528602600097656e-01
4.611676931381225586e-01
4.432525336742401123e-01
4.475467205047607422e-01
4.877855479717254639e-01
4.461522400379180908e-01
4.446438252925872803e-01
4.123585820198059082e-01
4.445676207542419434e-01
4.458703398704528809e-01
4.583117365837097168e-01
4.627298414707183838e-01
4.282904863357543945e-01
4.873686134815216064e-01
4.379566609859466553e-01
4.452989399433135986e-01
4.270621240139007568e-01
4.148167371749877930e-01
4.574179649353027344e-01
4.159324169158935547e-01
4.547645151615142822e-01
4.772241115570068359e-01
4.524827301502227783e-01
4.852812290191650391e-01
4.149519503116607666e-01
4.522798359394073486e-01
4.565451443195343018e-01
4.427787959575653076e-01
4.627777338027954102e-01
4.632331728935241699e-01
4.114162623882293701e-01
4.307587146759033203e-01
4.529760777950286865e-01
4.361674487590789795e-01
4.199398756027221680e-01
4.468455910682678223e-01
4.655860960483551025e-01
4.722500145435333252e-01
4.644144177436828613e-01
4.492718577384948730e-01
4.133076965808868408e-01
4.923809170722961426e-01
4.523235857486724854e-01
4.793436527252197266e-01
4.559494853019714355e-01
4.161307215690612793e-01
4.649945795536041260e-01
4.337463676929473877e-01
4.368643462657928467e-01
4.287305176258087158e-01
4.361082315444946289e-01
4.725811779499053955e-01
4.171798825263977051e-01
4.754925966262817383e-01
4.152114391326904297e-01
4.193009734153747559e-01
4.392791390419006348e-01
4.612778127193450928e-01
4.715005159378051758e-01
4.234962165355682373e-01
4.225951433181762695e-01
5.060532093048095703e-01
4.119902551174163818e-01
4.186365902423858643e-01
4.115760922431945801e-01
4.819844663143157959e-01
4.780758619308471680e-01
4.280137121677398682e-01
4.615613520145416260e-01
4.627797305583953857e-01
4.226332008838653564e-01
4.384903609752655029e-01
4.506277143955230713e-01
4.991853535175323486e-01
4.444930553436279297e-01
4.153312444686889648e-01
4.742423295974731445e-01
4.523707628250122070e-01
4.158200919628143311e-01
4.470091760158538818e-01
4.544568359851837158e-01
4.666512012481689453e-01
4.886102974414825439e-01
4.786569178104400635e-01
4.474568665027618408e-01
4.236424267292022705e-01
4.883328974246978760e-01
4.532904624938964844e-01
4.478574395179748535e-01
4.170052707195281982e-01
4.522035419940948486e-01
4.320895075798034668e-01
4.597748517990112305e-01
4.722444117069244385e-01
4.630061388015747070e-01
4.930797517299652100e-01
4.496643841266632080e-01
4.316206574440002441e-01
4.468451142311096191e-01
4.359492063522338867e-01
4.881308674812316895e-01
4.840152561664581299e-01
4.260418415069580078e-01
4.208507239818572998e-01
4.177647829055786133e-01
4.274672567844390869e-01
4.800596237182617188e-01
4.415895342826843262e-01
4.815664887428283691e-01
4.183554053306579590e-01
4.261634051799774170e-01
4.461783468723297119e-01
4.383900761604309082e-01
4.196496605873107910e-01
4.151354432106018066e-01
4.570878446102142334e-01
4.321251511573791504e-01
4.577556252479553223e-01
4.526954591274261475e-01
4.136096835136413574e-01
4.573890268802642822e-01
4.232280254364013672e-01
4.736696481704711914e-01
4.093459248542785645e-01
4.622769653797149658e-01
4.594069719314575195e-01
4.183996319770812988e-01
4.260616600513458252e-01
4.811828434467315674e-01
4.375015795230865479e-01
4.310498535633087158e-01
4.872338771820068359e-01
4.749008119106292725e-01
4.238414764404296875e-01
4.921652376651763916e-01
4.156577587127685547e-01
4.252558052539825439e-01
4.567458927631378174e-01
4.313209652900695801e-01
4.148387014865875244e-01
4.154554903507232666e-01
4.770764112472534180e-01
4.664165377616882324e-01
4.476606845855712891e-01
4.255653619766235352e-01
4.441699683666229248e-01
4.904587268829345703e-01
4.454390406608581543e-01
4.474895000457763672e-01
4.262744784355163574e-01
4.429454505443572998e-01
4.748519957065582275e-01
4.499806761741638184e-01
4.215300977230072021e-01
4.201553761959075928e-01
4.799525737762451172e-01
4.989101886749267578e-01
4.753097593784332275e-01
4.176770746707916260e-01
4.378754794597625732e-01
4.756069481372833252e-01
4.357499778270721436e-01
4.661020338535308838e-01
4.586530327796936035e-01
4.781105220317840576e-01
4.493085145950317383e-01
4.655931591987609863e-01
4.696000814437866211e-01
4.559981822967529297e-01
4.343900084495544434e-01
4.162152707576751709e-01
4.446619451045989990e-01
4.872019588947296143e-01
4.336633980274200439e-01
4.254463911056518555e-01
4.242476522922515869e-01
4.671364724636077881e-01
4.521071612834930420e-01
4.171791374683380127e-01
1.585416048765182495e-01
4.295157194137573242e-01
4.185638129711151123e-01
4.464912414550781250e-01
4.768509864807128906e-01
4.454463720321655273e-01
4.567720592021942139e-01
4.201413094997406006e-01
4.444272220134735107e-01
4.496024549007415771e-01
4.287763535976409912e-01
4.323008060455322266e-01
4.521452784538269043e-01
4.726500809192657471e-01
4.256356954574584961e-01
4.157541394233703613e-01
4.149324595928192139e-01
4.841500222682952881e-01
4.179079532623291016e-01
4.174899160861968994e-01
4.212541878223419189e-01
4.376405477523803711e-01
4.379154145717620850e-01
5.067548155784606934e-01
4.560479521751403809e-01
4.463271796703338623e-01
4.458609521389007568e-01
4.418148696422576904e-01
4.237236976623535156e-01
4.129041731357574463e-01
4.552613794803619385e-01
4.329982399940490723e-01
4.561795294284820557e-01
4.683344364166259766e-01
4.458864629268646240e-01
4.142646789550781250e-01
4.242688417434692383e-01
4.431278109550476074e-01
4.149371385574340820e-01
4.466617703437805176e-01
4.532251358032226562e-01
4.234028458595275879e-01
4.115247130393981934e-01
4.144043326377868652e-01
4.289120137691497803e-01
4.755894243717193604e-01
4.654451310634613037e-01
4.646019637584686279e-01
4.643989801406860352e-01
4.674015641212463379e-01
4.250873029232025146e-01
4.457863569259643555e-01
4.733209311962127686e-01
4.514302015304565430e-01
4.196731746196746826e-01
4.495471715927124023e-01
4.946753680706024170e-01
4.174070656299591064e-01
4.765898585319519043e-01
4.337911307811737061e-01
4.181391894817352295e-01
4.185479283332824707e-01
4.237972795963287354e-01
4.566166698932647705e-01
4.387387633323669434e-01
4.235819578170776367e-01
4.162952005863189697e-01
4.786342382431030273e-01
4.570443630218505859e-01
4.782878160476684570e-01
4.579603374004364014e-01
4.587885737419128418e-01
4.584248363971710205e-01
4.189937710762023926e-01
4.100081622600555420e-01
4.505276083946228027e-01
4.428068697452545166e-01
4.163692891597747803e-01
4.235898852348327637e-01
4.464326500892639160e-01
4.501451551914215088e-01
4.232974052429199219e-01
4.834144711494445801e-01
4.169622361660003662e-01
4.707640111446380615e-01
4.502795338630676270e-01
4.375748932361602783e-01
4.601246416568756104e-01
4.444028139114379883e-01
4.494641423225402832e-01
4.198182225227355957e-01
4.595607519149780273e-01
4.200913012027740479e-01
4.234319031238555908e-01
4.907502532005310059e-01
4.746915698051452637e-01
4.573943614959716797e-01
4.276804029941558838e-01
4.144005179405212402e-01
4.485100805759429932e-01
4.441145956516265869e-01
4.576311707496643066e-01
4.494976699352264404e-01
4.767560064792633057e-01
4.646335840225219727e-01
4.311032891273498535e-01
4.576159417629241943e-01
4.691386520862579346e-01
4.698892235755920410e-01
4.314905703067779541e-01
4.370247125625610352e-01
4.219044148921966553e-01
4.605774581432342529e-01
4.623965620994567871e-01
4.107857346534729004e-01
4.387631714344024658e-01
4.532106816768646240e-01
4.191951453685760498e-01
4.187028706073760986e-01
4.549921154975891113e-01
4.470854401588439941e-01
4.133169949054718018e-01
4.446374177932739258e-01
4.460558295249938965e-01
4.871893823146820068e-01
4.704547524452209473e-01
4.491229057312011719e-01
4.262454211711883545e-01
4.545280635356903076e-01
4.249430894851684570e-01
4.227781295776367188e-01
4.698703289031982422e-01
4.367399811744689941e-01
4.574933946132659912e-01
4.705594182014465332e-01
4.378530681133270264e-01
4.761658608913421631e-01
4.347048103809356689e-01
4.425155520439147949e-01
4.835523962974548340e-01
4.847201704978942871e-01
4.361952543258666992e-01
4.711918532848358154e-01
4.465402066707611084e-01
4.789099097251892090e-01
4.235837757587432861e-01
4.336213469505310059e-01
4.558169841766357422e-01
4.159854650497436523e-01
5.134621262550354004e-01
4.227047562599182129e-01
4.220169484615325928e-01
4.731296598911285400e-01
4.349159300327301025e-01
4.447569549083709717e-01
4.276607334613800049e-01
4.487991034984588623e-01
4.827530086040496826e-01
4.520169198513031006e-01
4.596219956874847412e-01
4.329859912395477295e-01
4.193882942199707031e-01
4.927119314670562744e-01
4.296224713325500488e-01
4.318454265594482422e-01
4.248516261577606201e-01
4.627042114734649658e-01
4.673121273517608643e-01
4.538496732711791992e-01
4.477015435695648193e-01
4.552804231643676758e-01
4.437071681022644043e-01
4.465064704418182373e-01
4.545304775238037109e-01
4.613851606845855713e-01
4.204426109790802002e-01
4.649244546890258789e-01
4.855388402938842773e-01
4.482361972332000732e-01
4.161241352558135986e-01
4.156045913696289062e-01
4.559850692749023438e-01
4.557672739028930664e-01
4.813576340675354004e-01
4.592528641223907471e-01
4.191949367523193359e-01
4.582263529300689697e-01
4.920243620872497559e-01
4.223370552062988281e-01
4.478461444377899170e-01
4.173781573772430420e-01
4.160019755363464355e-01
4.639939069747924805e-01
4.421259164810180664e-01
4.617818892002105713e-01
4.160667061805725098e-01
4.406752586364746094e-01
4.319236278533935547e-01
4.578085839748382568e-01
4.305709004402160645e-01
4.570501148700714111e-01
4.211532473564147949e-01
4.707482755184173584e-01
4.698053896427154541e-01
4.467876553535461426e-01
4.526278376579284668e-01
4.249594509601593018e-01
4.466590583324432373e-01
4.184646606445312500e-01
4.838531315326690674e-01
4.172536730766296387e-01
4.365336596965789795e-01
4.426920115947723389e-01
4.176235795021057129e-01
4.123352766036987305e-01
4.262557029724121094e-01
4.703950583934783936e-01
4.319975674152374268e-01
4.362366199493408203e-01
4.573719799518585205e-01
4.561182856559753418e-01
4.192134141921997070e-01
4.209670126438140869e-01
4.659912288188934326e-01
4.211531579494476318e-01
4.667054116725921631e-01
4.512596726417541504e-01
4.923814237117767334e-01
4.362564980983734131e-01
4.701030552387237549e-01
4.169282913208007812e-01
4.713585078716278076e-01
4.228412210941314697e-01
4.155449569225311279e-01
5.105746388435363770e-01
4.565377831459045410e-01
4.179908037185668945e-01
4.178566634654998779e-01
4.189376533031463623e-01
4.544450640678405762e-01
4.641332924365997314e-01
4.217359423637390137e-01
4.152985811233520508e-01
4.719001352787017822e-01
4.314482212066650391e-01
4.197899401187896729e-01
4.110261499881744385e-01
4.564078748226165771e-01
4.735521078109741211e-01
4.968072772026062012e-01
4.617067277431488037e-01
4.726196825504302979e-01
4.253903627395629883e-01
4.531228840351104736e-01
4.180546700954437256e-01
4.234726130962371826e-01
4.534569084644317627e-01
4.438370466232299805e-01
4.616058468818664551e-01
4.279514849185943604e-01
4.540836215019226074e-01
4.500630795955657959e-01
4.273958504199981689e-01
4.192288219928741455e-01
4.648239314556121826e-01
4.422617256641387939e-01
4.428314864635467529e-01
4.203947782516479492e-01
4.128706157207489014e-01
4.523388743400573730e-01
4.227981567382812500e-01
4.570510983467102051e-01
4.537864923477172852e-01
4.480191767215728760e-01
4.716914594173431396e-01
4.206786751747131348e-01
4.402533173561096191e-01
4.478139579296112061e-01
4.386124908924102783e-01
4.406917393207550049e-01
4.196235239505767822e-01
4.953211247920989990e-01
4.423855245113372803e-01
4.408034980297088623e-01
4.136986732482910156e-01
4.220380783081054688e-01
4.250101745128631592e-01
4.314330518245697021e-01
4.260446727275848389e-01
4.244472384452819824e-01
4.172569513320922852e-01
4.762703180313110352e-01
4.392757415771484375e-01
4.601994752883911133e-01
4.653629362583160400e-01
4.677012860774993896e-01
4.756286740303039551e-01
4.186008274555206299e-01
4.761564433574676514e-01
4.214272201061248779e-01
4.219162166118621826e-01
4.904691576957702637e-01
4.239461421966552734e-01
4.371508359909057617e-01
4.425897002220153809e-01
4.114451408386230469e-01
4.216112196445465088e-01
4.249357879161834717e-01
4.646984934806823730e-01
4.263025224208831787e-01
4.715483784675598145e-01
4.568586349487304688e-01
4.263329505920410156e-01
4.795279502868652344e-01
4.281317591667175293e-01
4.441892504692077637e-01
4.168942272663116455e-01
4.283281564712524414e-01
4.292867481708526611e-01
4.168044626712799072e-01
4.489225447177886963e-01
4.162362813949584961e-01
4.771859347820281982e-01
4.541685879230499268e-01
4.398078322410583496e-01
4.632664322853088379e-01
4.513358771800994873e-01
4.672327637672424316e-01
4.662461876869201660e-01
4.699488580226898193e-01
4.551087319850921631e-01
4.325372874736785889e-01
4.481925368309020996e-01
4.666768014430999756e-01
4.609564840793609619e-01
4.689400494098663330e-01
4.996863305568695068e-01
4.234313070774078369e-01
4.226995706558227539e-01
4.229649007320404053e-01
4.767736792564392090e-01
4.188992381095886230e-01
4.418126344680786133e-01
4.247522354125976562e-01
5.085651278495788574e-01
4.545384049415588379e-01
4.132294058799743652e-01
4.565594494342803955e-01
4.593944549560546875e-01
4.345003366470336914e-01
4.316075742244720459e-01
4.295771718025207520e-01
4.750396907329559326e-01
4.208832979202270508e-01
4.317867159843444824e-01
4.290606081485748291e-01
4.164514541625976562e-01
4.164403676986694336e-01
4.681363403797149658e-01
4.799461364746093750e-01
4.255135357379913330e-01
4.248220622539520264e-01
4.726862609386444092e-01
4.142319262027740479e-01
4.068119823932647705e-01
4.426063299179077148e-01
4.283838868141174316e-01
4.401143789291381836e-01
4.595492184162139893e-01
4.300335645675659180e-01
4.414879381656646729e-01
5.029464364051818848e-01
4.569419622421264648e-01
4.813216328620910645e-01
4.162738919258117676e-01
4.765254855155944824e-01
4.565084278583526611e-01
4.189496040344238281e-01
4.721739888191223145e-01
4.786342382431030273e-01
4.198076426982879639e-01
4.533556401729583740e-01
4.343830943107604980e-01
4.471480250358581543e-01
4.363955855369567871e-01
4.494976103305816650e-01
4.150015115737915039e-01
4.450773596763610840e-01
4.684244096279144287e-01
4.508619606494903564e-01
4.653406739234924316e-01
4.205023944377899170e-01
4.145649969577789307e-01
4.879016876220703125e-01
4.742027223110198975e-01
4.513064324855804443e-01
4.557152688503265381e-01
4.665073454380035400e-01
4.621213674545288086e-01
1.585416048765182495e-01
4.565349221229553223e-01
4.538407027721405029e-01
4.600249230861663818e-01
4.160170555114746094e-01
4.537666440010070801e-01
4.458985030651092529e-01
4.395238459110260010e-01
4.838206470012664795e-01
4.168413281440734863e-01
4.973920285701751709e-01
4.418774247169494629e-01
4.157040417194366455e-01
4.186132550239562988e-01
4.512425363063812256e-01
4.366118311882019043e-01
4.418804347515106201e-01
4.309003651142120361e-01
4.239883720874786377e-01
4.173275232315063477e-01
4.616037011146545410e-01
4.178184568881988525e-01
4.183267652988433838e-01
4.517281055450439453e-01
4.153012633323669434e-01
4.378409981727600098e-01
4.164543449878692627e-01
4.664203226566314697e-01
4.677706658840179443e-01
4.798704087734222412e-01
4.457358121871948242e-01
4.694300591945648193e-01
4.523332118988037109e-01
4.414527118206024170e-01
4.230878353118896484e-01
4.793276786804199219e-01
4.400323629379272461e-01
4.713372588157653809e-01
4.467134177684783936e-01
4.158499240875244141e-01
4.612757563591003418e-01
4.166918098926544189e-01
4.634921848773956299e-01
4.370464384555816650e-01
4.339491724967956543e-01
4.677934646606445312e-01
4.470428526401519775e-01
4.793274402618408203e-01
4.219296872615814209e-01
4.201607108116149902e-01
5.003890991210937500e-01
4.440594613552093506e-01
4.266107678413391113e-01
4.435031414031982422e-01
4.646964371204376221e-01
4.240853190422058105e-01
4.232392907142639160e-01
4.256862998008728027e-01
1.585416048765182495e-01
4.164277017116546631e-01
4.561452567577362061e-01
4.678298234939575195e-01
4.592787027359008789e-01
4.200054705142974854e-01
4.499719440937042236e-01
4.484614729881286621e-01
4.687729775905609131e-01
4.322958588600158691e-01
4.279406070709228516e-01
4.170250892639160156e-01
4.142767488956451416e-01
4.485878944396972656e-01
4.612360596656799316e-01
4.449119269847869873e-01
4.490368962287902832e-01
4.622954130172729492e-01
4.345709383487701416e-01
4.418029487133026123e-01
4.506065249443054199e-01
4.102665185928344727e-01
4.220913350582122803e-01
4.347705841064453125e-01
4.839738309383392334e-01
4.659365415573120117e-01
4.196780622005462646e-01
4.580868482589721680e-01
4.362940788269042969e-01
4.206328094005584717e-01
4.504759907722473145e-01
4.293988943099975586e-01
4.466474950313568115e-01
4.422145187854766846e-01
4.260033369064331055e-01
4.769313335418701172e-01
4.733172953128814697e-01
4.195217192173004150e-01
4.133702218532562256e-01
4.593798220157623291e-01
4.523180723190307617e-01
4.184713065624237061e-01
4.667138755321502686e-01
4.549080431461334229e-01
4.593763947486877441e-01
4.149994552135467529e-01
4.114937484264373779e-01
4.813027381896972656e-01
4.711916446685791016e-01
4.785737991333007812e-01
4.432753920555114746e-01
4.651610255241394043e-01
4.182911515235900879e-01
4.159923791885375977e-01
4.917354881763458252e-01
4.859995543956756592e-01
4.175075292587280273e-01
4.575012326240539551e-01
4.471384882926940918e-01
4.528454244136810303e-01
4.884133040904998779e-01
4.675489366054534912e-01
4.643293321132659912e-01
4.932582974433898926e-01
4.987164437770843506e-01
4.282295703887939453e-01
4.643251597881317139e-01
4.477503299713134766e-01
4.605654478073120117e-01
4.348908066749572754e-01
4.854180216789245605e-01
4.656215012073516846e-01
4.814029335975646973e-01
4.169136881828308105e-01
4.382967054843902588e-01
4.496206343173980713e-01
4.554134905338287354e-01
4.542533755302429199e-01
4.238674938678741455e-01
4.490885734558105469e-01
4.230158925056457520e-01
4.259396195411682129e-01
4.186609089374542236e-01
4.486801624298095703e-01
4.234118163585662842e-01
4.158227145671844482e-01
4.434378743171691895e-01
4.218353629112243652e-01
4.671297669410705566e-01
4.562864303588867188e-01
4.466736912727355957e-01
5.168258547782897949e-01
4.224578142166137695e-01
4.366545081138610840e-01
4.303161799907684326e-01
4.265666902065277100e-01
4.561271965503692627e-01
4.250012338161468506e-01
4.200544357299804688e-01
5.078667402267456055e-01
4.683090448379516602e-01
4.996187686920166016e-01
4.107783138751983643e-01
4.868156611919403076e-01
4.514505267143249512e-01
4.572195112705230713e-01
4.226243495941162109e-01
4.756173491477966309e-01
4.215263128280639648e-01
4.716812670230865479e-01
4.203043878078460693e-01
4.236168861389160156e-01
4.631598591804504395e-01
4.528323113918304443e-01
4.158029854297637939e-01
4.174853265285491943e-01
4.860668480396270752e-01
4.683604836463928223e-01
4.817084074020385742e-01
4.399947822093963623e-01
4.658279716968536377e-01
4.137637317180633545e-01
4.256486296653747559e-01
4.564475715160369873e-01
4.706952273845672607e-01
4.623745381832122803e-01
4.658607840538024902e-01
4.165317416191101074e-01
4.556563496589660645e-01
4.856985211372375488e-01
4.188398718833923340e-01
4.435639083385467529e-01
4.301939308643341064e-01
4.653739333152770996e-01
4.647018313407897949e-01
4.278192520141601562e-01
4.121463596820831299e-01
4.264682829380035400e-01
4.444385170936584473e-01
4.323072731494903564e-01
4.329006075859069824e-01
4.295463860034942627e-01
4.464216828346252441e-01
4.799215793609619141e-01
4.232304096221923828e-01
4.530341029167175293e-01
4.736308753490447998e-01
4.228806793689727783e-01
4.574020802974700928e-01
4.457726180553436279e-01
4.324564337730407715e-01
4.189046025276184082e-01
4.150716960430145264e-01
4.134721755981445312e-01
4.482773244380950928e-01
4.787888824939727783e-01
4.680815935134887695e-01
4.414498209953308105e-01
4.594417214393615723e-01
4.525236487388610840e-01
4.500189125537872314e-01
4.987343549728393555e-01
4.653329253196716309e-01
4.146461188793182373e-01
4.496199488639831543e-01
4.158826768398284912e-01
4.529814124107360840e-01
4.581184983253479004e-01
4.445581138134002686e-01
4.431898891925811768e-01
4.527613222599029541e-01
4.503084123134613037e-01
4.351434409618377686e-01
4.792773723602294922e-01
4.232221245765686035e-01
4.107835292816162109e-01
4.575301110744476318e-01
4.192760288715362549e-01
4.462801218032836914e-01
4.641979336738586426e-01
4.227270781993865967e-01
4.463585317134857178e-01
4.654849767684936523e-01
4.424573779106140137e-01
4.485100805759429932e-01
4.178465604782104492e-01
4.717141985893249512e-01
4.159538447856903076e-01
4.492222964763641357e-01
4.941751956939697266e-01
4.746473729610443115e-01
4.206457436084747314e-01
4.597471058368682861e-01
4.152135252952575684e-01
4.865516722202301025e-01
4.124245047569274902e-01
4.583601057529449463e-01
4.899332523345947266e-01
4.306283593177795410e-01
4.978827834129333496e-01
5.179668664932250977e-01
4.428547620773315430e-01
4.691117107868194580e-01
4.186672568321228027e-01
4.582985043525695801e-01
4.863721430301666260e-01
4.547160863876342773e-01
4.253602623939514160e-01
4.622280001640319824e-01
4.505040943622589111e-01
4.538404345512390137e-01
4.530993103981018066e-01
5.151405930519104004e-01
4.536647498607635498e-01
4.403726756572723389e-01
4.409564733505249023e-01
4.368519186973571777e-01
4.304737746715545654e-01
4.292650222778320312e-01
4.401787519454956055e-01
4.265824854373931885e-01
4.575659632682800293e-01
4.635179936885833740e-01
4.726804494857788086e-01
4.469269514083862305e-01
4.560056924819946289e-01
4.922806620597839355e-01
4.265166223049163818e-01
4.527405500411987305e-01
4.637924134731292725e-01
4.263066947460174561e-01
4.179301857948303223e-01
4.540313184261322021e-01
4.623726010322570801e-01
4.126609563827514648e-01
4.376693069934844971e-01
4.998410344123840332e-01
4.767689108848571777e-01
4.658017456531524658e-01
4.232310950756072998e-01
4.553853571414947510e-01
4.716007709503173828e-01
4.647018313407897949e-01
4.481061398983001709e-01
4.122768938541412354e-01
4.999213218688964844e-01
4.256508648395538330e-01
4.673220217227935791e-01
4.733818769454956055e-01
4.256308078765869141e-01
4.473479688167572021e-01
4.565068781375885010e-01
4.422665238380432129e-01
4.268867969512939453e-01
4.164085984230041504e-01
4.663982987403869629e-01
4.397991597652435303e-01
4.600214064121246338e-01
4.191531240940093994e-01
4.167088866233825684e-01
4.524389803409576416e-01
4.715483784675598145e-01
4.513196945190429688e-01
4.341046512126922607e-01
4.469291865825653076e-01
4.623117446899414062e-01
4.384163618087768555e-01
4.561595320701599121e-01
4.686653316020965576e-01
4.553807973861694336e-01
4.489353299140930176e-01
4.579395353794097900e-01
4.184081554412841797e-01
4.584038853645324707e-01
4.507481455802917480e-01
4.696105420589447021e-01
4.644527733325958252e-01
4.190966188907623291e-01
4.205864369869232178e-01
4.597113728523254395e-01
4.531943798065185547e-01
4.572380483150482178e-01
4.186505377292633057e-01
4.595543742179870605e-01
4.146035909652709961e-01
4.792474806308746338e-01
4.256593286991119385e-01
4.473722875118255615e-01
4.321154952049255371e-01
4.178826808929443359e-01
4.660241603851318359e-01
4.570918977260589600e-01
4.798704087734222412e-01
4.178940653800964355e-01
4.218897223472595215e-01
4.582104980945587158e-01
4.341443777084350586e-01
4.784352481365203857e-01
4.583265483379364014e-01
4.761315882205963135e-01
4.685148298740386963e-01
4.289824664592742920e-01
4.174248874187469482e-01
4.181851148605346680e-01
4.199185967445373535e-01
4.133232235908508301e-01
4.661541581153869629e-01
4.222500622272491455e-01
4.337211549282073975e-01
4.684210717678070068e-01
4.281526505947113037e-01
4.292441308498382568e-01
4.892694056034088135e-01
4.869714379310607910e-01
4.709399342536926270e-01
4.427230358123779297e-01
4.672542512416839600e-01
4.156017005443572998e-01
4.563273787498474121e-01
4.284228384494781494e-01
4.206686317920684814e-01
4.514507055282592773e-01
4.166321456432342529e-01
4.762671291828155518e-01
4.146994352340698242e-01
4.146041572093963623e-01
4.171475172042846680e-01
4.326605498790740967e-01
4.791576862335205078e-01
4.241824448108673096e-01
4.842303395271301270e-01
4.672855734825134277e-01
4.518858492374420166e-01
4.163876175880432129e-01
4.396555721759796143e-01
4.312458932399749756e-01
4.874272942543029785e-01
4.138241708278656006e-01
4.236915409564971924e-01
4.594807624816894531e-01
4.412105381488800049e-01
4.224122166633605957e-01
4.676583111286163330e-01
4.287801086902618408e-01
4.705200791358947754e-01
4.248920381069183350e-01
4.454934597015380859e-01
4.265685975551605225e-01
4.156655967235565186e-01
4.803915619850158691e-01
4.536620080471038818e-01
4.554992914199829102e-01
4.468930363655090332e-01
4.172884523868560791e-01
4.402420818805694580e-01
4.110902547836303711e-01
4.391670823097229004e-01
4.348436594009399414e-01
4.763306677341461182e-01
4.491568207740783691e-01
4.273571968078613281e-01
4.155268669128417969e-01
4.428864717483520508e-01
4.665957093238830566e-01
4.169151484966278076e-01
4.859423041343688965e-01
4.102531969547271729e-01
4.132030904293060303e-01
4.549594521522521973e-01
4.229591488838195801e-01
4.468609988689422607e-01
4.571999013423919678e-01
4.439027607440948486e-01
4.333455562591552734e-01
4.650719165802001953e-01
4.179181158542633057e-01
5.069102644920349121e-01
4.500983059406280518e-01
4.452627301216125488e-01
4.194481074810028076e-01
4.150723814964294434e-01
4.305538535118103027e-01
4.588589668273925781e-01
4.603425562381744385e-01
4.286130964756011963e-01
4.271495938301086426e-01
4.239704310894012451e-01
4.471423625946044922e-01
4.604391455650329590e-01
4.638926982879638672e-01
4.780705273151397705e-01
4.558834731578826904e-01
4.438732564449310303e-01
4.341251850128173828e-01
4.441778063774108887e-01
4.432678520679473877e-01
4.486738443374633789e-01
4.125703871250152588e-01
4.449549615383148193e-01
4.271669089794158936e-01
4.215341210365295410e-01
4.894583821296691895e-01
4.486406147480010986e-01
4.199395477771759033e-01
4.712917208671569824e-01
4.465189278125762939e-01
4.146397411823272705e-01
4.688732326030731201e-01
4.153749644756317139e-01
4.167158305644989014e-01
4.296636879444122314e-01
4.438248872756958008e-01
4.620205760002136230e-01
4.152057766914367676e-01
4.628904461860656738e-01
4.427073299884796143e-01
4.486522078514099121e-01
4.597894251346588135e-01
4.401255846023559570e-01
4.251885712146759033e-01
4.633207917213439941e-01
4.654914140701293945e-01
4.158376455307006836e-01
4.812040627002716064e-01
4.426366388797760010e-01
4.225903749465942383e-01
4.650638699531555176e-01
4.382196962833404541e-01
4.218205213546752930e-01
4.187172055244445801e-01
4.459457993507385254e-01
4.438442289829254150e-01
4.684933722019195557e-01
4.723395109176635742e-01
4.123818874359130859e-01
4.187901914119720459e-01
4.494284093379974365e-01
4.761129915714263916e-01
4.529455602169036865e-01
4.504156708717346191e-01
4.522291719913482666e-01
4.511081576347351074e-01
4.522357583045959473e-01
4.151425659656524658e-01
4.168993234634399414e-01
4.538186788558959961e-01
4.525551795959472656e-01
4.376908540725708008e-01
4.436406791210174561e-01
4.194991588592529297e-01
4.607199430465698242e-01
5.231755971908569336e-01
4.643316268920898438e-01
4.601303040981292725e-01
4.836447834968566895e-01
4.660976827144622803e-01
4.117443561553955078e-01
4.667214155197143555e-01
4.470731914043426514e-01
4.342010617256164551e-01
4.594140350818634033e-01
4.739014804363250732e-01
4.189131259918212891e-01
4.160124361515045166e-01
4.607248902320861816e-01
4.179100394248962402e-01
4.296271800994873047e-01
4.383847415447235107e-01
4.510709643363952637e-01
4.300760626792907715e-01
4.588522315025329590e-01
4.191235303878784180e-01
4.459189772605895996e-01
4.427114427089691162e-01
4.527997970581054688e-01
4.461630582809448242e-01
4.161678254604339600e-01
4.553590118885040283e-01
4.581988751888275146e-01
4.157207906246185303e-01
4.384673237800598145e-01
4.151984453201293945e-01
4.516583979129791260e-01
4.436923861503601074e-01
4.370317757129669189e-01
4.147936701774597168e-01
4.153756797313690186e-01
4.735526442527770996e-01
4.302417635917663574e-01
4.196683466434478760e-01
4.425297379493713379e-01
4.312879741191864014e-01
4.171249568462371826e-01
4.568515717983245850e-01
4.366287589073181152e-01
4.172772467136383057e-01
4.578716456890106201e-01
4.619966447353363037e-01
4.250839352607727051e-01
4.191879034042358398e-01
4.388721883296966553e-01
4.669821560382843018e-01
4.581576287746429443e-01
4.768404662609100342e-01
4.736413061618804932e-01
4.652525782585144043e-01
4.221426546573638916e-01
4.284055829048156738e-01
4.188607633113861084e-01
4.609120190143585205e-01
4.497066736221313477e-01
4.306051731109619141e-01
4.150633811950683594e-01
4.782226681709289551e-01
4.342666864395141602e-01
4.522143006324768066e-01
4.702115654945373535e-01
4.248569309711456299e-01
4.252917766571044922e-01
4.638876318931579590e-01
4.246038496494293213e-01
4.845068454742431641e-01
4.353381693363189697e-01
4.468605816364288330e-01
4.954135715961456299e-01
4.582448303699493408e-01
4.185546040534973145e-01
4.502877295017242432e-01
4.575123488903045654e-01
4.389075338840484619e-01
4.504186213016510010e-01
4.143253266811370850e-01
1.585416048765182495e-01
4.595619142055511475e-01
4.479504227638244629e-01
4.638482928276062012e-01
4.645903408527374268e-01
4.190992414951324463e-01
4.498224854469299316e-01
4.830052852630615234e-01
4.496153295040130615e-01
4.713638126850128174e-01
4.326533377170562744e-01
4.487452208995819092e-01
4.219380617141723633e-01
4.406291544437408447e-01
4.447498321533203125e-01
4.228761196136474609e-01
4.305382370948791504e-01
4.270788729190826416e-01
4.385635256767272949e-01
4.680108726024627686e-01
4.539505839347839355e-01
4.670404195785522461e-01
4.667639136314392090e-01
4.950322210788726807e-01
4.661216735839843750e-01
4.501034319400787354e-01
4.597203731536865234e-01
4.205771386623382568e-01
4.636758863925933838e-01
4.462375044822692871e-01
4.489307701587677002e-01
4.352592229843139648e-01
4.383420050144195557e-01
4.653410315513610840e-01
4.747528135776519775e-01
4.799386560916900635e-01
4.834270477294921875e-01
4.275603890419006348e-01
4.435715079307556152e-01
5.112876892089843750e-01
4.546341300010681152e-01
5.047500133514404297e-01
4.191330671310424805e-01
4.413265883922576904e-01
4.188648164272308350e-01
4.559567272663116455e-01
4.168652594089508057e-01
4.171262681484222412e-01
4.407172203063964844e-01
4.614675045013427734e-01
4.198803305625915527e-01
4.624732434749603271e-01
4.292633235454559326e-01
4.556503295898437500e-01
4.164579808712005615e-01
4.487122297286987305e-01
4.546924829483032227e-01
5.122929215431213379e-01
4.144253730773925781e-01
4.394243955612182617e-01
4.362854957580566406e-01
5.002192258834838867e-01
4.228286743164062500e-01
4.558446407318115234e-01
4.462021589279174805e-01
4.764925837516784668e-01
4.797739684581756592e-01
4.229321181774139404e-01
4.224649667739868164e-01
4.567214250564575195e-01
4.201636612415313721e-01
4.188531041145324707e-01
4.442788660526275635e-01
4.595833718776702881e-01
4.510318040847778320e-01
4.450149238109588623e-01
4.596098661422729492e-01
4.357396066188812256e-01
4.576410353183746338e-01
4.318057894706726074e-01
4.594076275825500488e-01
4.410945475101470947e-01
4.549594521522521973e-01
4.505486190319061279e-01
4.559231698513031006e-01
4.246147871017456055e-01
4.291611015796661377e-01
4.549974203109741211e-01
4.266171157360076904e-01
4.577040076255798340e-01
4.252258539199829102e-01
4.223407208919525146e-01
4.652581512928009033e-01
4.476310312747955322e-01
4.909090101718902588e-01
4.616485834121704102e-01
4.619590044021606445e-01
4.483156502246856689e-01
4.494753479957580566e-01
4.317833185195922852e-01
4.250876009464263916e-01
4.336760938167572021e-01
4.761533737182617188e-01
4.526604712009429932e-01
4.646138250827789307e-01
4.468789100646972656e-01
4.521396160125732422e-01
4.502782523632049561e-01
4.463580250740051270e-01
4.675830900669097900e-01
4.554225206375122070e-01
4.484683275222778320e-01
4.470762908458709717e-01
4.466978311538696289e-01
4.749630689620971680e-01
4.497112631797790527e-01
4.557001292705535889e-01
4.509043395519256592e-01
4.401383399963378906e-01
4.414831399917602539e-01
4.845665097236633301e-01
4.202798306941986084e-01
4.936710298061370850e-01
4.426366388797760010e-01
4.381373226642608643e-01
4.347951114177703857e-01
4.426769614219665527e-01
4.817060232162475586e-01
4.751352667808532715e-01
4.447580277919769287e-01
4.112322032451629639e-01
4.242652058601379395e-01
4.269055128097534180e-01
4.264765679836273193e-01
4.453175067901611328e-01
4.505609273910522461e-01
4.166486561298370361e-01
4.198020100593566895e-01
4.690867066383361816e-01
4.245241880416870117e-01
4.546723365783691406e-01
4.436013400554656982e-01
5.126084089279174805e-01
4.447631835937500000e-01
4.237423241138458252e-01
4.402973353862762451e-01
4.493941068649291992e-01
4.658992290496826172e-01
4.467951655387878418e-01
4.616763591766357422e-01
4.211597740650177002e-01
4.827362895011901855e-01
4.761877954006195068e-01
4.465214908123016357e-01
4.644524157047271729e-01
4.214943647384643555e-01
4.310184121131896973e-01
4.545055031776428223e-01
4.300629794597625732e-01
4.407545328140258789e-01
4.171614646911621094e-01
4.680997729301452637e-01
4.296612441539764404e-01
4.231708943843841553e-01
4.159535169601440430e-01
4.229765534400939941e-01
4.465359747409820557e-01
4.694248437881469727e-01
4.777989983558654785e-01
4.294620454311370850e-01
4.187394678592681885e-01
4.251202940940856934e-01
4.722299575805664062e-01
4.478959739208221436e-01
4.196160435676574707e-01
4.796703755855560303e-01
4.444568753242492676e-01
4.613908529281616211e-01
4.783573150634765625e-01
4.230920970439910889e-01
4.838503301143646240e-01
4.119130671024322510e-01
4.179193675518035889e-01
4.581531882286071777e-01
4.635662734508514404e-01
4.745571315288543701e-01
4.357956647872924805e-01
4.422617554664611816e-01
4.159227013587951660e-01
4.371602535247802734e-01
4.750479757785797119e-01
4.841673374176025391e-01
4.212961494922637939e-01
4.693746864795684814e-01
4.278520345687866211e-01
4.642246365547180176e-01
4.628213346004486084e-01
4.672358334064483643e-01
4.196642041206359863e-01
4.181995689868927002e-01
4.554724991321563721e-01
4.179454445838928223e-01
4.173795580863952637e-01
4.381799995899200439e-01
4.364345073699951172e-01
4.205636382102966309e-01
4.548753798007965088e-01
4.483115375041961670e-01
4.240947961807250977e-01
4.328514039516448975e-01
4.201063513755798340e-01
4.268893599510192871e-01
4.311284720897674561e-01
4.627470374107360840e-01
4.404265880584716797e-01
4.275929927825927734e-01
4.783046245574951172e-01
4.187666475772857666e-01
4.656203091144561768e-01
4.292516708374023438e-01
4.483472704887390137e-01
4.143558740615844727e-01
4.164206683635711670e-01
4.305743575096130371e-01
4.986828863620758057e-01
4.549507200717926025e-01
4.242079257965087891e-01
4.287015795707702637e-01
4.603973925113677979e-01
4.387303292751312256e-01
4.285739362239837646e-01
4.443656802177429199e-01
4.424990117549896240e-01
4.216430187225341797e-01
4.413221478462219238e-01
4.406216442584991455e-01
4.643733203411102295e-01
4.296163320541381836e-01
4.499263167381286621e-01
5.003888010978698730e-01
4.655534327030181885e-01
4.397538900375366211e-01
4.357111752033233643e-01
4.502617120742797852e-01
4.581731557846069336e-01
4.722562134265899658e-01
4.687210023403167725e-01
5.052808523178100586e-01
4.677265882492065430e-01
4.884611964225769043e-01
4.338817000389099121e-01
4.273270666599273682e-01
4.224639534950256348e-01
4.147175848484039307e-01
4.564749002456665039e-01
4.804985523223876953e-01
4.411429166793823242e-01
4.510392844676971436e-01
4.612381756305694580e-01
4.187909960746765137e-01
4.367213845252990723e-01
4.247613549232482910e-01
4.154520034790039062e-01
4.605617821216583252e-01
4.461790025234222412e-01
4.152208566665649414e-01
4.450199306011199951e-01
4.686409831047058105e-01
4.228656888008117676e-01
4.385654926300048828e-01
4.935706257820129395e-01
5.028356909751892090e-01
4.102744758129119873e-01
4.509526193141937256e-01
4.618234932422637939e-01
4.293389320373535156e-01
4.628930091857910156e-01
4.237237274646759033e-01
4.508026540279388428e-01
4.720678925514221191e-01
4.833337366580963135e-01
4.190009236335754395e-01
4.232560098171234131e-01
4.588567018508911133e-01
4.449883997440338135e-01
4.515204429626464844e-01
4.180368781089782715e-01
4.504021704196929932e-01
4.543195962905883789e-01
4.182264804840087891e-01
4.270206987857818604e-01
4.911738038063049316e-01
4.209600389003753662e-01
4.350115656852722168e-01
4.553052186965942383e-01
4.400866031646728516e-01
4.458126127719879150e-01
4.920409917831420898e-01
4.747175276279449463e-01
4.265598356723785400e-01
4.194624423980712891e-01
4.156087636947631836e-01
4.821968078613281250e-01
4.549313783645629883e-01
4.408823549747467041e-01
4.609601497650146484e-01
4.186122119426727295e-01
4.475601911544799805e-01
4.485540688037872314e-01
4.120420813560485840e-01
4.435173869132995605e-01
4.225955605506896973e-01
4.138027727603912354e-01
4.147795736789703369e-01
4.617254734039306641e-01
4.137710034847259521e-01
4.545943737030029297e-01
4.299413561820983887e-01
4.296787679195404053e-01
4.208377599716186523e-01
4.415690302848815918e-01
4.204331338405609131e-01
4.283878207206726074e-01
4.691207110881805420e-01
4.657807052135467529e-01
4.519951939582824707e-01
4.227057695388793945e-01
4.570533335208892822e-01
4.309567809104919434e-01
4.608829617500305176e-01
4.214560985565185547e-01
4.706333875656127930e-01
4.136756658554077148e-01
4.388276338577270508e-01
4.481924176216125488e-01
4.215970635414123535e-01
4.428001642227172852e-01
4.606000185012817383e-01
4.494408369064331055e-01
4.783970415592193604e-01
4.707617461681365967e-01
4.499965906143188477e-01
4.613619148731231689e-01
4.146320223808288574e-01
4.201949834823608398e-01
4.260092675685882568e-01
4.368323087692260742e-01
4.472223222255706787e-01
4.372779428958892822e-01
4.242895245552062988e-01
4.736419320106506348e-01
4.667953252792358398e-01
4.676294922828674316e-01
5.023329257965087891e-01
4.307667911052703857e-01
4.878831803798675537e-01
4.800769984722137451e-01
4.275936782360076904e-01
4.515591859817504883e-01
4.454324245452880859e-01
4.538757503032684326e-01
4.432670772075653076e-01
4.341633915901184082e-01
4.396366178989410400e-01
5.022686719894409180e-01
4.218706786632537842e-01
4.897971153259277344e-01
4.162776768207550049e-01
4.206348955631256104e-01
5.057958960533142090e-01
4.183055460453033447e-01
4.391264021396636963e-01
4.197634458541870117e-01
4.678781926631927490e-01
4.535000324249267578e-01
4.667733013629913330e-01
4.632237553596496582e-01
5.092421770095825195e-01
4.106807708740234375e-01
4.180931746959686279e-01
4.433237910270690918e-01
4.828184843063354492e-01
4.489628672599792480e-01
4.686152338981628418e-01
4.579876363277435303e-01
4.382575154304504395e-01
4.519724249839782715e-01
4.566823542118072510e-01
4.543426334857940674e-01
4.461502432823181152e-01
4.745887815952301025e-01
4.640678763389587402e-01
4.340609908103942871e-01
4.273725152015686035e-01
4.789806306362152100e-01
4.483712017536163330e-01
4.188297986984252930e-01
4.431723952293395996e-01
4.205526113510131836e-01
4.608808159828186035e-01
4.430298805236816406e-01
4.233774244785308838e-01
4.155292809009552002e-01
4.217783510684967041e-01
4.256686568260192871e-01
4.422816336154937744e-01
4.233124256134033203e-01
4.578290879726409912e-01
4.220169484615325928e-01
4.786931872367858887e-01
4.231230914592742920e-01
4.468098282814025879e-01
4.115337133407592773e-01
4.400880336761474609e-01
4.898711144924163818e-01
4.708438217639923096e-01
4.815122485160827637e-01
4.139927625656127930e-01
4.581663608551025391e-01
4.181096851825714111e-01
4.407257437705993652e-01
4.259214997291564941e-01
4.627319276332855225e-01
4.583227932453155518e-01
4.816394448280334473e-01
4.627716541290283203e-01
4.261339008808135986e-01
4.605045020580291748e-01
4.606821835041046143e-01
4.534325897693634033e-01
4.168286919593811035e-01
4.246537685394287109e-01
4.167142510414123535e-01
4.779468774795532227e-01
4.456574320793151855e-01
4.670514166355133057e-01
4.845169186592102051e-01
4.809972941875457764e-01
4.268850982189178467e-01
4.427586495876312256e-01
4.151018857955932617e-01
4.157941043376922607e-01
5.020709037780761719e-01
4.233626425266265869e-01
4.691891670227050781e-01
4.517583250999450684e-01
4.231383502483367920e-01
5.092239379882812500e-01
4.588439464569091797e-01
4.293625950813293457e-01
4.680928587913513184e-01
4.148842692375183105e-01
4.457726180553436279e-01
4.964206814765930176e-01
4.238052666187286377e-01
4.929389357566833496e-01
4.472971856594085693e-01
4.270580708980560303e-01
4.159324169158935547e-01
4.615113735198974609e-01
4.263206720352172852e-01
4.715208709239959717e-01
4.432104229927062988e-01
4.688358604907989502e-01
4.175675809383392334e-01
4.243534207344055176e-01
4.605344235897064209e-01
4.492339193820953369e-01
4.256520569324493408e-01
4.515440165996551514e-01
4.490450918674468994e-01
4.629272222518920898e-01
4.804259538650512695e-01
4.437943100929260254e-01
4.373963773250579834e-01
4.329006075859069824e-01
4.363738298416137695e-01
4.185011684894561768e-01
4.133539199829101562e-01
4.328995048999786377e-01
4.482296109199523926e-01
4.154053628444671631e-01
4.568012058734893799e-01
4.202325344085693359e-01
4.147628247737884521e-01
4.610788822174072266e-01
4.392588436603546143e-01
4.620834887027740479e-01
4.215474128723144531e-01
4.597352147102355957e-01
4.447307884693145752e-01
4.202464222908020020e-01
4.770737290382385254e-01
4.452801644802093506e-01
4.527786374092102051e-01
4.753565192222595215e-01
4.554579854011535645e-01
4.781112968921661377e-01
4.675150811672210693e-01
4.369169175624847412e-01
4.264282584190368652e-01
4.232491552829742432e-01
5.064292550086975098e-01
4.667433202266693115e-01
4.760564565658569336e-01
4.272452294826507568e-01
4.530723690986633301e-01
4.664583206176757812e-01
4.714093208312988281e-01
4.263013601303100586e-01
4.321259260177612305e-01
4.413090944290161133e-01
4.766918718814849854e-01
4.664691388607025146e-01
4.288199245929718018e-01
4.847469925880432129e-01
4.312823414802551270e-01
4.476761817932128906e-01
4.435160756111145020e-01
4.761089980602264404e-01
4.661696851253509521e-01
5.116099715232849121e-01
4.446025490760803223e-01
4.912591278553009033e-01
4.716160893440246582e-01
4.665621221065521240e-01
4.443960785865783691e-01
4.184731841087341309e-01
4.709146618843078613e-01
4.269574880599975586e-01
4.174724221229553223e-01
4.442485272884368896e-01
4.264385700225830078e-01
4.668150246143341064e-01
4.562864899635314941e-01
4.137619733810424805e-01
4.380035102367401123e-01
4.321156740188598633e-01
4.161029458045959473e-01
4.659217596054077148e-01
4.698636233806610107e-01
4.525304734706878662e-01
4.145166277885437012e-01
4.867164194583892822e-01
4.460182487964630127e-01
4.183548390865325928e-01
4.210342764854431152e-01
4.530519843101501465e-01
4.899441897869110107e-01
4.269821047782897949e-01
4.196378588676452637e-01
4.556054770946502686e-01
4.364721477031707764e-01
4.577327370643615723e-01
4.533365666866302490e-01
4.689442515373229980e-01
4.309153258800506592e-01
4.580535590648651123e-01
4.462421834468841553e-01
4.361873269081115723e-01
4.139185845851898193e-01
4.367913603782653809e-01
4.675010144710540771e-01
4.208396971225738525e-01
4.228178858757019043e-01
4.105384647846221924e-01
4.359083473682403564e-01
4.553055763244628906e-01
4.271308481693267822e-01
4.635487496852874756e-01
4.290530383586883545e-01
4.383250474929809570e-01
4.463122785091400146e-01
4.656048119068145752e-01
4.511975049972534180e-01
4.388109743595123291e-01
4.867234826087951660e-01
4.633830189704895020e-01
4.586208462715148926e-01
4.161038100719451904e-01
4.317198693752288818e-01
4.573712646961212158e-01
4.293907284736633301e-01
4.880307316780090332e-01
4.849083423614501953e-01
4.734553396701812744e-01
4.163429737091064453e-01
4.363282620906829834e-01
4.182301759719848633e-01
4.262419044971466064e-01
4.227459132671356201e-01
4.129670262336730957e-01
4.312601387500762939e-01
4.463121294975280762e-01
4.278353154659271240e-01
4.570838809013366699e-01
4.177906215190887451e-01
4.359451234340667725e-01
4.500090181827545166e-01
4.493339955806732178e-01
4.208000898361206055e-01
1.585416048765182495e-01
4.510261416435241699e-01
4.181195199489593506e-01
4.197385013103485107e-01
4.319834113121032715e-01
4.505323469638824463e-01
4.089155197143554688e-01
5.061574578285217285e-01
4.745642244815826416e-01
4.312596917152404785e-01
4.558703899383544922e-01
5.052043795585632324e-01
4.114439487457275391e-01
4.505709707736968994e-01
4.792664349079132080e-01
4.672420620918273926e-01
4.652361571788787842e-01
4.245508313179016113e-01
4.198238253593444824e-01
4.293624460697174072e-01
4.862921833992004395e-01
4.653481543064117432e-01
4.589728415012359619e-01
4.605331122875213623e-01
4.573713541030883789e-01
4.375015795230865479e-01
4.132741987705230713e-01
4.392332434654235840e-01
4.137548804283142090e-01
4.292826056480407715e-01
4.297762215137481689e-01
4.805408716201782227e-01
4.489873349666595459e-01
4.164650142192840576e-01
4.573910236358642578e-01
4.272816181182861328e-01
4.171361625194549561e-01
4.791390895843505859e-01
4.498011469841003418e-01
4.135878086090087891e-01
4.579190313816070557e-01
4.929587543010711670e-01
4.268449544906616211e-01
4.740304648876190186e-01
4.528460800647735596e-01
4.159302711486816406e-01
4.287871420383453369e-01
4.557254612445831299e-01
4.186593592166900635e-01
4.543868303298950195e-01
4.225843250751495361e-01
4.461695253849029541e-01
4.185734987258911133e-01
4.647405743598937988e-01
4.197973012924194336e-01
4.656037688255310059e-01
4.814423918724060059e-01
4.379614591598510742e-01
4.244974553585052490e-01
4.532168209552764893e-01
4.169250130653381348e-01
4.240770936012268066e-01
4.246499538421630859e-01
4.208930134773254395e-01
4.748742580413818359e-01
4.481759965419769287e-01
4.733438789844512939e-01
4.626012742519378662e-01
4.182995557785034180e-01
4.314737021923065186e-01
4.255449175834655762e-01
4.503099918365478516e-01
4.629690349102020264e-01
4.341145753860473633e-01
4.649980664253234863e-01
4.360538125038146973e-01
4.510725140571594238e-01
4.399576783180236816e-01
4.441477656364440918e-01
4.337169826030731201e-01
4.736545085906982422e-01
4.804483950138092041e-01
4.555216431617736816e-01
4.518218338489532471e-01
4.404851496219635010e-01
4.346664547920227051e-01
4.510208964347839355e-01
4.543558359146118164e-01
4.928855299949645996e-01
4.280426502227783203e-01
4.430587291717529297e-01
4.347411096096038818e-01
4.915163815021514893e-01
4.243178665637969971e-01
4.373100996017456055e-01
4.233565330505371094e-01
4.885937273502349854e-01
4.476014375686645508e-01
4.515835046768188477e-01
4.587603807449340820e-01
4.160848557949066162e-01
4.503299593925476074e-01
4.344186782836914062e-01
4.414919316768646240e-01
4.166003465652465820e-01
4.247608184814453125e-01
4.104205965995788574e-01
4.127549231052398682e-01
4.201967418193817139e-01
4.524891674518585205e-01
4.189021587371826172e-01
4.214614331722259521e-01
4.234741032123565674e-01
4.164392948150634766e-01
4.252982437610626221e-01
4.512299299240112305e-01
4.239993393421173096e-01
4.282887876033782959e-01
4.581833779811859131e-01
4.723451435565948486e-01
4.731417298316955566e-01
4.306299686431884766e-01
4.777199625968933105e-01
4.585655927658081055e-01
4.805328547954559326e-01
4.408464431762695312e-01
4.199533760547637939e-01
4.423138499259948730e-01
4.182442724704742432e-01
4.397991597652435303e-01
4.353613257408142090e-01
4.590494334697723389e-01
4.511941075325012207e-01
4.209412336349487305e-01
4.418302178382873535e-01
4.713231623172760010e-01
4.331747889518737793e-01
4.232478439807891846e-01
4.384234249591827393e-01
4.204117357730865479e-01
4.184753894805908203e-01
5.090618133544921875e-01
4.128156006336212158e-01
4.167041480541229248e-01
4.193440973758697510e-01
4.427116215229034424e-01
4.266730844974517822e-01
4.255061149597167969e-01
4.592022299766540527e-01
4.459429979324340820e-01
4.778025746345520020e-01
4.440112113952636719e-01
4.736903011798858643e-01
4.794254004955291748e-01
4.239781200885772705e-01
4.693507850170135498e-01
4.222723841667175293e-01
4.284656345844268799e-01
4.432089030742645264e-01
4.150238037109375000e-01
1.585416048765182495e-01
4.268175065517425537e-01
4.625303745269775391e-01
4.492411017417907715e-01
4.624675512313842773e-01
4.104219377040863037e-01
4.237580001354217529e-01
4.633596837520599365e-01
4.182448387145996094e-01
4.513423740863800049e-01
4.445087015628814697e-01
4.732249975204467773e-01
4.414430558681488037e-01
4.686275720596313477e-01
4.760727882385253906e-01
4.487303793430328369e-01
4.637348949909210205e-01
4.181574583053588867e-01
4.196034967899322510e-01
4.308102428913116455e-01
4.296142458915710449e-01
4.311206638813018799e-01
4.398902654647827148e-01
4.217590987682342529e-01
4.511695504188537598e-01
4.552623629570007324e-01
4.928453862667083740e-01
4.259136617183685303e-01
4.161070287227630615e-01
4.256758391857147217e-01
4.626040458679199219e-01
4.235762059688568115e-01
4.709451198577880859e-01
4.540551006793975830e-01
4.162502586841583252e-01
4.559689760208129883e-01
4.282065331935882568e-01
4.159258902072906494e-01
4.446087777614593506e-01
4.459747374057769775e-01
4.317069351673126221e-01
4.688178300857543945e-01
4.215204715728759766e-01
4.174312353134155273e-01
4.480160772800445557e-01
4.149837791919708252e-01
4.447086751461029053e-01
4.730811715126037598e-01
4.726100265979766846e-01
4.582940042018890381e-01
4.217979609966278076e-01
4.491094350814819336e-01
1.585416048765182495e-01
4.260185658931732178e-01
4.744152128696441650e-01
4.444908797740936279e-01
4.557093381881713867e-01
4.395091235637664795e-01
4.218776226043701172e-01
4.605971872806549072e-01
4.147098958492279053e-01
4.452342987060546875e-01
4.515073895454406738e-01
4.447044730186462402e-01
4.473973512649536133e-01
4.502518475055694580e-01
4.578281342983245850e-01
4.680471122264862061e-01
4.578981399536132812e-01
4.371070861816406250e-01
4.830866158008575439e-01
4.712528586387634277e-01
4.108470678329467773e-01
4.354402720928192139e-01
4.167784452438354492e-01
4.661832749843597412e-01
4.481110274791717529e-01
4.517478048801422119e-01
4.822184145450592041e-01
4.122828841209411621e-01
4.365316927433013916e-01
4.251845479011535645e-01
4.271592497825622559e-01
4.433338046073913574e-01
4.146021902561187744e-01
4.731765389442443848e-01
4.384359419345855713e-01
4.211768209934234619e-01
4.718444943428039551e-01
4.538407027721405029e-01
4.563226103782653809e-01
5.065752863883972168e-01
4.143846929073333740e-01
4.209261238574981689e-01
4.513361752033233643e-01
4.322925806045532227e-01
4.171753227710723877e-01
4.776965677738189697e-01
4.890255928039550781e-01
4.671736955642700195e-01
4.596297144889831543e-01
4.259851276874542236e-01
4.164629280567169189e-01
4.133677780628204346e-01
4.337186515331268311e-01
4.866181612014770508e-01
4.292356967926025391e-01
4.674127399921417236e-01
4.318872392177581787e-01
4.555750489234924316e-01
4.642739593982696533e-01
4.644146263599395752e-01
4.444691240787506104e-01
4.609563052654266357e-01
4.139259159564971924e-01
4.623886048793792725e-01
4.640864729881286621e-01
4.633311033248901367e-01
4.510343670845031738e-01
4.173034429550170898e-01
4.933122992515563965e-01
4.781013727188110352e-01
4.224418103694915771e-01
4.223946034908294678e-01
4.817819595336914062e-01
4.381339848041534424e-01
4.663767218589782715e-01
4.296428263187408447e-01
4.917166829109191895e-01
4.120654165744781494e-01
4.200211167335510254e-01
4.458208680152893066e-01
4.212733805179595947e-01
4.155627489089965820e-01
4.380765259265899658e-01
4.224094748497009277e-01
4.478754699230194092e-01
5.043729543685913086e-01
4.134733974933624268e-01
4.148813188076019287e-01
4.392791390419006348e-01
4.618308544158935547e-01
4.164057970046997070e-01
4.385853409767150879e-01
4.209485948085784912e-01
4.365350604057312012e-01
4.163465201854705811e-01
4.681370258331298828e-01
4.212653338909149170e-01
4.357601702213287354e-01
4.178766608238220215e-01
4.261608421802520752e-01
4.179675281047821045e-01
4.598653614521026611e-01
4.999314546585083008e-01
4.163878560066223145e-01
4.538496732711791992e-01
4.633272290229797363e-01
4.223635792732238770e-01
4.503255784511566162e-01
4.458091557025909424e-01
4.562784433364868164e-01
4.240452945232391357e-01
4.657477140426635742e-01
4.157569408416748047e-01
4.123966395854949951e-01
4.413453042507171631e-01
4.394870996475219727e-01
4.209519624710083008e-01
4.189491868019104004e-01
4.565610587596893311e-01
4.611869156360626221e-01
4.412105381488800049e-01
4.290697872638702393e-01
4.650253951549530029e-01
4.494104981422424316e-01
4.803344011306762695e-01
4.574853479862213135e-01
4.271748363971710205e-01
4.622648954391479492e-01
4.523266851902008057e-01
4.171514511108398438e-01
4.818283319473266602e-01
4.236694574356079102e-01
4.465923309326171875e-01
4.945130050182342529e-01
4.404065310955047607e-01
4.331346452236175537e-01
4.132592082023620605e-01
4.460365772247314453e-01
4.186582565307617188e-01
4.653801918029785156e-01
4.294712543487548828e-01
4.931043386459350586e-01
4.420804381370544434e-01
4.404024481773376465e-01
4.505932629108428955e-01
4.275304377079010010e-01
4.596495628356933594e-01
4.571506381034851074e-01
4.199518859386444092e-01
4.187310338020324707e-01
4.528958797454833984e-01
4.190906882286071777e-01
4.520229399204254150e-01
4.238300919532775879e-01
4.105572700500488281e-01
4.577899873256683350e-01
4.365035891532897949e-01
4.624995589256286621e-01
4.401145875453948975e-01
4.233553409576416016e-01
4.741968214511871338e-01
4.513321816921234131e-01
4.501225352287292480e-01
4.551501870155334473e-01
4.649490118026733398e-01
4.589170813560485840e-01
4.238390922546386719e-01
4.627642333507537842e-01
4.772380590438842773e-01
4.451227188110351562e-01
4.513449072837829590e-01
4.207135736942291260e-01
4.229414165019989014e-01
4.180863797664642334e-01
4.165676534175872803e-01
4.528915584087371826e-01
4.550373554229736328e-01
4.319233596324920654e-01
4.378176033496856689e-01
4.629145562648773193e-01
4.704925715923309326e-01
4.290136098861694336e-01
4.309521615505218506e-01
4.211766719818115234e-01
4.803277552127838135e-01
4.200406372547149658e-01
4.389091432094573975e-01
4.481731653213500977e-01
4.286259710788726807e-01
4.271635115146636963e-01
4.752412140369415283e-01
4.549080431461334229e-01
4.351247549057006836e-01
4.575501978397369385e-01
4.993593692779541016e-01
5.063197612762451172e-01
4.672920405864715576e-01
4.123255312442779541e-01
4.537760317325592041e-01
4.356266558170318604e-01
4.425793886184692383e-01
4.700699150562286377e-01
4.176772832870483398e-01
4.248527884483337402e-01
4.566239714622497559e-01
4.802384972572326660e-01
4.207149744033813477e-01
4.277747571468353271e-01
4.583036303520202637e-01
4.825900495052337646e-01
4.665825366973876953e-01
4.196582436561584473e-01
4.654474556446075439e-01
4.439408183097839355e-01
4.334923624992370605e-01
4.350155591964721680e-01
4.347985386848449707e-01
4.242156445980072021e-01
4.419116973876953125e-01
4.154411554336547852e-01
4.184258580207824707e-01
4.470477104187011719e-01
4.550137519836425781e-01
4.142093658447265625e-01
4.734516143798828125e-01
4.197394847869873047e-01
4.283492267131805420e-01
4.640296995639801025e-01
4.114352762699127197e-01
4.261024296283721924e-01
4.520270526409149170e-01
4.622170925140380859e-01
4.133487939834594727e-01
4.204104542732238770e-01
4.781013727188110352e-01
4.151078760623931885e-01
4.754243493080139160e-01
4.195588827133178711e-01
4.579526484012603760e-01
4.597793519496917725e-01
4.125332832336425781e-01
4.341565966606140137e-01
4.404145777225494385e-01
4.196870923042297363e-01
4.677462577819824219e-01
4.481566548347473145e-01
4.616484642028808594e-01
4.831486344337463379e-01
4.509877264499664307e-01
4.680051207542419434e-01
4.393358230590820312e-01
4.440664947032928467e-01
4.579014480113983154e-01
4.195587933063507080e-01
4.601300656795501709e-01
4.797491133213043213e-01
4.531645178794860840e-01
4.207186102867126465e-01
4.409837424755096436e-01
4.682172834873199463e-01
4.375968873500823975e-01
4.189130365848541260e-01
4.185641109943389893e-01
4.236358702182769775e-01
4.586440026760101318e-01
4.208731651306152344e-01
4.804078340530395508e-01
4.157518744468688965e-01
4.197639524936676025e-01
4.648083448410034180e-01
4.237176477909088135e-01
1.585416048765182495e-01
4.182893037796020508e-01
4.969407320022583008e-01
4.565465748310089111e-01
4.524739980697631836e-01
4.683190584182739258e-01
4.384855031967163086e-01
4.508038163185119629e-01
4.692243039608001709e-01
4.701266884803771973e-01
4.210876226425170898e-01
4.588061571121215820e-01
4.443198740482330322e-01
4.539557695388793945e-01
4.343721568584442139e-01
4.541237652301788330e-01
4.268251359462738037e-01
4.603322148323059082e-01
4.439249336719512939e-01
4.665018320083618164e-01
4.623291492462158203e-01
4.502522349357604980e-01
4.329659640789031982e-01
4.376408159732818604e-01
4.348714649677276611e-01
4.238338172435760498e-01
4.175832569599151611e-01
4.843030869960784912e-01
4.581057131290435791e-01
4.206011891365051270e-01
4.187950789928436279e-01
4.198670089244842529e-01
4.935542643070220947e-01
4.167647659778594971e-01
4.395149052143096924e-01
4.148390591144561768e-01
4.168373346328735352e-01
4.167761504650115967e-01
4.708180129528045654e-01
4.392961561679840088e-01
4.148860573768615723e-01
4.114890694618225098e-01
4.543700516223907471e-01
4.422755241394042969e-01
4.268709719181060791e-01
4.364178776741027832e-01
4.228811562061309814e-01
4.555618166923522949e-01
4.200096726417541504e-01
4.121203720569610596e-01
4.154373109340667725e-01
4.155625104904174805e-01
4.540652632713317871e-01
4.530775845050811768e-01
4.346476793289184570e-01
4.544698894023895264e-01
4.849964976310729980e-01
4.525517225265502930e-01
4.766959846019744873e-01
4.451082050800323486e-01
4.910115301609039307e-01
4.201102256774902344e-01
4.395713806152343750e-01
4.237955808639526367e-01
4.638211429119110107e-01
4.127947390079498291e-01
4.583535194396972656e-01
4.219122529029846191e-01
4.245589971542358398e-01
4.857971966266632080e-01
4.199711680412292480e-01
4.898419380187988281e-01
4.330484271049499512e-01
4.168167114257812500e-01
4.618332386016845703e-01
4.615397155284881592e-01
4.748627543449401855e-01
4.419816434383392334e-01
4.270470440387725830e-01
4.871460497379302979e-01
4.124245047569274902e-01
4.705557525157928467e-01
4.255160987377166748e-01
4.841528236865997314e-01
4.522264599800109863e-01
4.298714697360992432e-01
4.243039488792419434e-01
4.442665874958038330e-01
4.564189016819000244e-01
4.197847843170166016e-01
4.272917211055755615e-01
4.769339561462402344e-01
4.612234830856323242e-01
4.638188481330871582e-01
4.404311180114746094e-01
4.579919576644897461e-01
4.672930836677551270e-01
4.512982964515686035e-01
4.132010340690612793e-01
4.887011051177978516e-01
4.161307215690612793e-01
4.697969555854797363e-01
4.167384505271911621e-01
4.321386814117431641e-01
4.242678284645080566e-01
4.722569286823272705e-01
4.564993679523468018e-01
4.132804274559020996e-01
4.178076386451721191e-01
5.054091811180114746e-01
4.482627511024475098e-01
4.684771895408630371e-01
4.646944105625152588e-01
4.709655046463012695e-01
4.206229448318481445e-01
4.196506440639495850e-01
4.121983647346496582e-01
4.817349016666412354e-01
4.409463703632354736e-01
4.413969516754150391e-01
4.152387678623199463e-01
4.599686861038208008e-01
4.544289112091064453e-01
4.718725085258483887e-01
4.519268274307250977e-01
4.354286491870880127e-01
4.836807548999786377e-01
4.610655009746551514e-01
4.677777588367462158e-01
4.309119582176208496e-01
4.684262275695800781e-01
4.556581974029541016e-01
4.200516939163208008e-01
4.501385986804962158e-01
4.626336693763732910e-01
4.555114507675170898e-01
4.596655070781707764e-01
4.579862356185913086e-01
4.142158329486846924e-01
4.345352947711944580e-01
4.732887148857116699e-01
4.259387552738189697e-01
4.523584842681884766e-01
4.804867804050445557e-01
4.672046005725860596e-01
4.379130601882934570e-01
4.389464855194091797e-01
4.173707664012908936e-01
4.483988583087921143e-01
4.714384675025939941e-01
4.277544021606445312e-01
4.141708314418792725e-01
4.372033178806304932e-01
4.128841161727905273e-01
4.449791014194488525e-01
4.386521279811859131e-01
4.246171414852142334e-01
4.230522215366363525e-01
4.645843207836151123e-01
4.649055004119873047e-01
4.382020235061645508e-01
4.859378039836883545e-01
4.498224854469299316e-01
4.379102885723114014e-01
4.508939683437347412e-01
4.490017592906951904e-01
4.547420144081115723e-01
4.412783682346343994e-01
4.629027545452117920e-01
4.368976652622222900e-01
4.532008469104766846e-01
4.211820065975189209e-01
4.616984426975250244e-01
4.632495045661926270e-01
4.339406788349151611e-01
4.518057107925415039e-01
4.674490094184875488e-01
4.303562045097351074e-01
4.317360818386077881e-01
4.662851691246032715e-01
4.834004342555999756e-01
4.445178210735321045e-01
4.274276494979858398e-01
4.162990748882293701e-01
4.422772824764251709e-01
4.781554937362670898e-01
4.676237404346466064e-01
4.196580648422241211e-01
4.558241665363311768e-01
4.355579018592834473e-01
4.699621498584747314e-01
4.461030960083007812e-01
4.493422210216522217e-01
4.579107463359832764e-01
4.160085618495941162e-01
4.778935015201568604e-01
4.564072489738464355e-01
4.332456588745117188e-01
4.690535366535186768e-01
