4.551370739936828613e-01
4.680120050907135010e-01
4.167605936527252197e-01
4.605179429054260254e-01
4.860123991966247559e-01
4.379104971885681152e-01
4.595877528190612793e-01
4.316227138042449951e-01
4.694232344627380371e-01
3.339732289314270020e-01
4.717805981636047363e-01
4.770856797695159912e-01
4.664439260959625244e-01
4.573901295661926270e-01
4.764441847801208496e-01
3.978664278984069824e-01
3.036085069179534912e-01
3.977196514606475830e-01
4.469500184059143066e-01
5.053775906562805176e-01
5.022668838500976562e-01
4.522547721862792969e-01
4.273685216903686523e-01
3.578040897846221924e-01
4.099482893943786621e-01
2.221983522176742554e-01
4.024676084518432617e-01
4.689927995204925537e-01
4.220391809940338135e-01
5.023624300956726074e-01
5.023468732833862305e-01
5.020425319671630859e-01
4.770832955837249756e-01
4.677758812904357910e-01
4.577236473560333252e-01
4.376272857189178467e-01
3.800280392169952393e-01
4.822548031806945801e-01
4.267673790454864502e-01
3.891742527484893799e-01
5.173859596252441406e-01
3.493596315383911133e-01
4.709267616271972656e-01
2.881481349468231201e-01
4.256978929042816162e-01
4.466159939765930176e-01
4.655759036540985107e-01
4.431762397289276123e-01
4.680413603782653809e-01
4.516584873199462891e-01
4.572499096393585205e-01
3.298353850841522217e-01
4.915713369846343994e-01
4.167870879173278809e-01
4.478832483291625977e-01
4.387386739253997803e-01
4.287091195583343506e-01
5.360641479492187500e-01
4.293926954269409180e-01
4.758917093276977539e-01
4.748029112815856934e-01
4.552052021026611328e-01
5.206414461135864258e-01
3.997016549110412598e-01
4.618032574653625488e-01
4.554036557674407959e-01
4.439503550529479980e-01
4.376150667667388916e-01
4.970601499080657959e-01
4.236266314983367920e-01
4.913901090621948242e-01
5.149369835853576660e-01
3.224427998065948486e-01
4.752026498317718506e-01
4.717668890953063965e-01
4.362458586692810059e-01
4.105789661407470703e-01
4.691148102283477783e-01
4.411776363849639893e-01
5.119493603706359863e-01
4.900093972682952881e-01
4.409073889255523682e-01
4.608870148658752441e-01
4.234521687030792236e-01
4.097183644771575928e-01
4.366371929645538330e-01
3.829629421234130859e-01
4.220241904258728027e-01
3.917806446552276611e-01
5.024512410163879395e-01
4.776036143302917480e-01
4.835796654224395752e-01
4.389383494853973389e-01
4.591622650623321533e-01
4.482910633087158203e-01
4.221106767654418945e-01
4.735957384109497070e-01
4.809777140617370605e-01
4.284811615943908691e-01
4.269412457942962646e-01
4.145822823047637939e-01
5.200105309486389160e-01
4.572488069534301758e-01
5.194745659828186035e-01
5.267462134361267090e-01
4.857949316501617432e-01
4.249966740608215332e-01
4.839099347591400146e-01
5.182892680168151855e-01
4.881921708583831787e-01
4.669735431671142578e-01
5.122158527374267578e-01
4.446014165878295898e-01
4.937920868396759033e-01
4.447971880435943604e-01
4.520862698554992676e-01
4.159065186977386475e-01
4.360990226268768311e-01
4.702930748462677002e-01
4.526856839656829834e-01
4.744131863117218018e-01
4.580072462558746338e-01
4.250359833240509033e-01
4.026395380496978760e-01
4.284236133098602295e-01
4.608070850372314453e-01
4.363324344158172607e-01
3.992457687854766846e-01
4.067557156085968018e-01
4.404685795307159424e-01
5.022519826889038086e-01
4.525519609451293945e-01
5.026269555091857910e-01
4.723422825336456299e-01
4.309279024600982666e-01
4.484677016735076904e-01
4.667409956455230713e-01
3.931234180927276611e-01
4.779183268547058105e-01
3.751746416091918945e-01
4.963390231132507324e-01
4.381556808948516846e-01
2.838882505893707275e-01
4.377165436744689941e-01
4.324086308479309082e-01
4.538905024528503418e-01
4.041338562965393066e-01
4.507889449596405029e-01
4.581013917922973633e-01
4.920181930065155029e-01
3.055444359779357910e-01
4.417375624179840088e-01
3.881223499774932861e-01
5.093327164649963379e-01
4.643081128597259521e-01
3.909708559513092041e-01
4.707052111625671387e-01
4.176818132400512695e-01
4.803944826126098633e-01
2.953866124153137207e-01
4.080570340156555176e-01
4.424021244049072266e-01
4.185692667961120605e-01
4.291729629039764404e-01
4.268317818641662598e-01
4.804674983024597168e-01
4.563505351543426514e-01
4.543582499027252197e-01
5.070511698722839355e-01
4.705657958984375000e-01
4.582664668560028076e-01
4.692270755767822266e-01
4.948383271694183350e-01
5.324164628982543945e-01
3.544863164424896240e-01
4.703408479690551758e-01
4.814729690551757812e-01
4.462436139583587646e-01
3.724941909313201904e-01
4.257928431034088135e-01
4.293231070041656494e-01
4.715451002120971680e-01
3.973720073699951172e-01
4.785309433937072754e-01
3.736311197280883789e-01
3.646480143070220947e-01
4.782011210918426514e-01
5.542939305305480957e-01
4.480703473091125488e-01
4.156452715396881104e-01
4.113113880157470703e-01
4.925052821636199951e-01
3.996312320232391357e-01
4.086096882820129395e-01
4.845958352088928223e-01
4.584959149360656738e-01
4.516354501247406006e-01
5.021850466728210449e-01
4.139734804630279541e-01
4.652805328369140625e-01
3.202179968357086182e-01
4.535136818885803223e-01
4.678569734096527100e-01
2.636930942535400391e-01
4.571563005447387695e-01
4.866626560688018799e-01
4.809679985046386719e-01
4.657806456089019775e-01
4.339514970779418945e-01
4.955641031265258789e-01
4.764061868190765381e-01
4.698312580585479736e-01
3.736706674098968506e-01
3.876701295375823975e-01
5.056162476539611816e-01
4.439226686954498291e-01
4.387696981430053711e-01
4.997924268245697021e-01
4.480867087841033936e-01
4.943473637104034424e-01
4.711738526821136475e-01
4.340912997722625732e-01
4.749288856983184814e-01
5.088353157043457031e-01
4.614283740520477295e-01
4.257069826126098633e-01
3.881312608718872070e-01
5.098385810852050781e-01
4.360770881175994873e-01
4.535554647445678711e-01
4.964132905006408691e-01
4.867762327194213867e-01
4.743053019046783447e-01
3.735103905200958252e-01
4.001282453536987305e-01
4.465935528278350830e-01
4.657615721225738525e-01
4.532943367958068848e-01
4.824450016021728516e-01
4.612832665443420410e-01
4.928028285503387451e-01
4.318388700485229492e-01
4.457985758781433105e-01
4.559562802314758301e-01
4.427762329578399658e-01
4.262945652008056641e-01
4.592450261116027832e-01
4.933052957057952881e-01
4.873285889625549316e-01
4.485971927642822266e-01
5.013615489006042480e-01
4.117866456508636475e-01
4.148681759834289551e-01
3.873602747917175293e-01
5.038314461708068848e-01
4.210418164730072021e-01
4.258424937725067139e-01
4.778571426868438721e-01
4.652458727359771729e-01
4.377449154853820801e-01
4.701182842254638672e-01
4.431973099708557129e-01
4.763597846031188965e-01
3.670791089534759521e-01
4.170483946800231934e-01
4.965252280235290527e-01
4.713703095912933350e-01
4.005255401134490967e-01
5.002120137214660645e-01
3.954765200614929199e-01
3.565641343593597412e-01
5.086984634399414062e-01
4.664205908775329590e-01
4.900072216987609863e-01
4.712858796119689941e-01
4.232019186019897461e-01
2.857089042663574219e-01
4.787116646766662598e-01
4.037418067455291748e-01
4.851247370243072510e-01
4.374350905418395996e-01
4.271264374256134033e-01
4.433845579624176025e-01
4.287179410457611084e-01
4.822205901145935059e-01
4.430933594703674316e-01
4.193840920925140381e-01
4.088619649410247803e-01
4.080043733119964600e-01
4.618299901485443115e-01
3.988930284976959229e-01
4.647600352764129639e-01
4.644072055816650391e-01
4.997871816158294678e-01
4.686931967735290527e-01
4.409242272377014160e-01
4.491291642189025879e-01
4.843170642852783203e-01
3.998049497604370117e-01
4.007274806499481201e-01
5.169446468353271484e-01
4.640017449855804443e-01
4.254879057407379150e-01
4.685989022254943848e-01
4.589580297470092773e-01
4.140157401561737061e-01
4.288692474365234375e-01
4.396508336067199707e-01
4.290775954723358154e-01
5.020740032196044922e-01
5.038673877716064453e-01
2.756469845771789551e-01
4.349342286586761475e-01
4.798018038272857666e-01
4.596567153930664062e-01
4.024925827980041504e-01
4.894019067287445068e-01
4.165714681148529053e-01
4.568383395671844482e-01
4.411030709743499756e-01
3.959035277366638184e-01
4.481572210788726807e-01
4.878012537956237793e-01
4.512477815151214600e-01
2.998760640621185303e-01
4.154537618160247803e-01
4.395668208599090576e-01
4.933174550533294678e-01
5.315235257148742676e-01
4.960919916629791260e-01
3.517575263977050781e-01
4.535946846008300781e-01
4.942435026168823242e-01
3.605077862739562988e-01
4.589197933673858643e-01
4.799887537956237793e-01
4.228433370590209961e-01
4.485770463943481445e-01
4.546092450618743896e-01
4.435421526432037354e-01
4.600655436515808105e-01
3.844275176525115967e-01
4.021504819393157959e-01
4.600139260292053223e-01
4.506756663322448730e-01
4.208665788173675537e-01
4.600528776645660400e-01
4.721609652042388916e-01
4.400509297847747803e-01
4.698804318904876709e-01
4.768818914890289307e-01
4.192641675472259521e-01
5.021117329597473145e-01
4.696327447891235352e-01
4.312574267387390137e-01
4.921319782733917236e-01
2.506318986415863037e-01
4.416447877883911133e-01
4.698052704334259033e-01
5.016742944717407227e-01
5.185909271240234375e-01
3.749847114086151123e-01
4.931276440620422363e-01
4.905371963977813721e-01
4.487403333187103271e-01
4.701578021049499512e-01
5.176860690116882324e-01
4.573168754577636719e-01
3.943560719490051270e-01
4.854380190372467041e-01
4.765706956386566162e-01
4.829139709472656250e-01
4.497302472591400146e-01
4.398109316825866699e-01
4.371179342269897461e-01
2.965257763862609863e-01
4.606693387031555176e-01
4.526387751102447510e-01
3.966275751590728760e-01
4.504994153976440430e-01
5.006702542304992676e-01
4.203852713108062744e-01
2.221983522176742554e-01
4.581826627254486084e-01
4.143821597099304199e-01
4.377855062484741211e-01
3.872247338294982910e-01
4.553714990615844727e-01
4.690845012664794922e-01
3.743243217468261719e-01
4.334924519062042236e-01
4.494367837905883789e-01
4.550724923610687256e-01
4.197402894496917725e-01
3.932068943977355957e-01
4.324928522109985352e-01
3.977036774158477783e-01
4.371019005775451660e-01
3.811683654785156250e-01
3.938330709934234619e-01
5.203682780265808105e-01
4.191481173038482666e-01
5.033684372901916504e-01
4.564794600009918213e-01
4.939844012260437012e-01
4.565097689628601074e-01
4.669927656650543213e-01
3.985845744609832764e-01
4.348498582839965820e-01
4.743388295173645020e-01
4.950607419013977051e-01
4.646732211112976074e-01
4.352565109729766846e-01
4.397843182086944580e-01
4.670344889163970947e-01
2.740971744060516357e-01
5.086767673492431641e-01
4.432549178600311279e-01
3.854800760746002197e-01
4.250654578208923340e-01
4.387721717357635498e-01
5.207475423812866211e-01
4.077759087085723877e-01
4.368049204349517822e-01
4.648503065109252930e-01
4.558709859848022461e-01
4.061007499694824219e-01
3.894418478012084961e-01
4.319451451301574707e-01
4.404448270797729492e-01
4.929033517837524414e-01
4.734476506710052490e-01
3.818471729755401611e-01
4.039665460586547852e-01
4.551374912261962891e-01
3.999913930892944336e-01
3.894398808479309082e-01
4.280005097389221191e-01
4.814147651195526123e-01
4.846693575382232666e-01
4.160385727882385254e-01
4.668383002281188965e-01
3.813392221927642822e-01
4.668474495410919189e-01
4.555160999298095703e-01
4.930820167064666748e-01
4.778035581111907959e-01
2.869076132774353027e-01
4.811160266399383545e-01
4.878755211830139160e-01
4.658054411411285400e-01
4.883090257644653320e-01
4.556045830249786377e-01
4.284583628177642822e-01
4.969229400157928467e-01
4.511275291442871094e-01
5.369472503662109375e-01
4.656079411506652832e-01
4.101099967956542969e-01
4.808772206306457520e-01
4.572475552558898926e-01
3.963823914527893066e-01
4.490603804588317871e-01
4.993805289268493652e-01
4.269260764122009277e-01
4.962903857231140137e-01
4.165995121002197266e-01
4.065195024013519287e-01
4.109592139720916748e-01
4.438147246837615967e-01
4.973808228969573975e-01
5.042791366577148438e-01
4.259801805019378662e-01
4.415500164031982422e-01
4.548662900924682617e-01
4.890845417976379395e-01
4.669418334960937500e-01
2.842688262462615967e-01
4.459813535213470459e-01
4.070976078510284424e-01
5.076065659523010254e-01
4.576891958713531494e-01
4.166173636913299561e-01
4.309586286544799805e-01
2.789854407310485840e-01
4.438229203224182129e-01
4.645238816738128662e-01
4.722680449485778809e-01
4.456432759761810303e-01
3.888129293918609619e-01
4.111546277999877930e-01
4.077438414096832275e-01
4.639928340911865234e-01
4.319531619548797607e-01
4.666521549224853516e-01
4.581691026687622070e-01
4.181428849697113037e-01
3.969886302947998047e-01
4.899689853191375732e-01
4.281376004219055176e-01
5.050615668296813965e-01
4.522342085838317871e-01
3.979488909244537354e-01
2.955982089042663574e-01
4.814442694187164307e-01
4.784480035305023193e-01
4.545346498489379883e-01
4.162836968898773193e-01
4.492154419422149658e-01
4.633970558643341064e-01
4.319029748439788818e-01
3.460629582405090332e-01
4.356188774108886719e-01
4.402440786361694336e-01
4.570978283882141113e-01
4.578632712364196777e-01
4.508549571037292480e-01
4.621333777904510498e-01
4.735746681690216064e-01
4.364816546440124512e-01
4.695523977279663086e-01
5.049570202827453613e-01
4.930795729160308838e-01
4.733776450157165527e-01
4.874475002288818359e-01
4.114482998847961426e-01
4.534660577774047852e-01
4.812106192111968994e-01
4.701185822486877441e-01
4.602867364883422852e-01
4.218531548976898193e-01
4.054872095584869385e-01
4.407880902290344238e-01
4.315934479236602783e-01
4.599590003490447998e-01
4.609935879707336426e-01
5.162072777748107910e-01
4.937224984169006348e-01
4.363219141960144043e-01
4.276058375835418701e-01
4.530862867832183838e-01
4.561450183391571045e-01
4.780745208263397217e-01
4.323324859142303467e-01
3.833512365818023682e-01
4.886581003665924072e-01
4.909175038337707520e-01
4.017338752746582031e-01
5.090379714965820312e-01
4.747055470943450928e-01
4.813424348831176758e-01
4.175619781017303467e-01
4.442666769027709961e-01
4.359932243824005127e-01
4.522061049938201904e-01
3.100833296775817871e-01
3.794747591018676758e-01
4.117972552776336670e-01
4.624067544937133789e-01
3.690125048160552979e-01
4.406107366085052490e-01
4.889961779117584229e-01
4.553357064723968506e-01
4.751444756984710693e-01
5.084071159362792969e-01
3.837033212184906006e-01
4.704954922199249268e-01
3.960463106632232666e-01
4.515193998813629150e-01
4.266565144062042236e-01
4.710385203361511230e-01
4.347376525402069092e-01
4.575121700763702393e-01
4.821233153343200684e-01
4.482723176479339600e-01
4.154471457004547119e-01
4.642393290996551514e-01
4.306521117687225342e-01
4.700739085674285889e-01
4.708162248134613037e-01
4.587175250053405762e-01
4.455518126487731934e-01
4.585793614387512207e-01
3.762662708759307861e-01
4.184813797473907471e-01
4.880805909633636475e-01
5.037289261817932129e-01
3.192104101181030273e-01
4.710944890975952148e-01
4.233156740665435791e-01
4.832553267478942871e-01
4.561623632907867432e-01
4.613946080207824707e-01
5.047317743301391602e-01
4.312040805816650391e-01
4.790886342525482178e-01
3.872476518154144287e-01
4.791903197765350342e-01
4.750737547874450684e-01
4.553562402725219727e-01
4.759722948074340820e-01
4.634681642055511475e-01
4.137929975986480713e-01
4.734874069690704346e-01
4.664632380008697510e-01
4.711354374885559082e-01
4.523109793663024902e-01
4.739592075347900391e-01
4.760876893997192383e-01
3.503176271915435791e-01
4.607053697109222412e-01
2.679336071014404297e-01
4.433464109897613525e-01
4.259403347969055176e-01
4.221471846103668213e-01
4.516153037548065186e-01
4.601826071739196777e-01
4.485657215118408203e-01
4.659425616264343262e-01
4.263034462928771973e-01
4.281812608242034912e-01
3.937540054321289062e-01
4.746129810810089111e-01
4.311235845088958740e-01
4.625512659549713135e-01
2.221983522176742554e-01
4.802040755748748779e-01
4.962942600250244141e-01
4.892287552356719971e-01
2.991358637809753418e-01
4.761874675750732422e-01
4.697691798210144043e-01
4.733019173145294189e-01
5.154139399528503418e-01
4.748232960700988770e-01
4.989546835422515869e-01
4.205709397792816162e-01
4.655532836914062500e-01
4.391308724880218506e-01
4.918595850467681885e-01
4.742695093154907227e-01
4.202347397804260254e-01
5.085830688476562500e-01
4.541118144989013672e-01
4.078960418701171875e-01
4.557839930057525635e-01
4.486866891384124756e-01
3.999401926994323730e-01
4.758148789405822754e-01
4.561547935009002686e-01
4.567362368106842041e-01
4.377233982086181641e-01
4.520634114742279053e-01
4.414504766464233398e-01
4.597945213317871094e-01
3.889836668968200684e-01
4.416837394237518311e-01
4.411627054214477539e-01
4.431609511375427246e-01
3.654218614101409912e-01
4.819562137126922607e-01
4.592718183994293213e-01
5.074176788330078125e-01
4.366068542003631592e-01
4.510979354381561279e-01
4.701232314109802246e-01
5.133708715438842773e-01
4.393598437309265137e-01
3.983311951160430908e-01
4.582679271697998047e-01
3.164242804050445557e-01
4.658589363098144531e-01
5.126267671585083008e-01
4.543714821338653564e-01
4.727724194526672363e-01
4.895158410072326660e-01
4.630433917045593262e-01
4.619853496551513672e-01
4.537685215473175049e-01
4.857890903949737549e-01
4.831383824348449707e-01
4.993678629398345947e-01
4.574300348758697510e-01
3.160503208637237549e-01
5.092096328735351562e-01
4.360978007316589355e-01
4.798155725002288818e-01
5.026988983154296875e-01
3.134320676326751709e-01
4.248422980308532715e-01
4.540790021419525146e-01
5.112378597259521484e-01
4.839201569557189941e-01
4.353117942810058594e-01
4.279184043407440186e-01
4.428559839725494385e-01
4.180758893489837646e-01
4.877761900424957275e-01
4.391580820083618164e-01
4.449343979358673096e-01
4.350572526454925537e-01
4.683372676372528076e-01
3.311630189418792725e-01
3.117926716804504395e-01
4.579544067382812500e-01
5.146748423576354980e-01
4.218631982803344727e-01
5.007814168930053711e-01
3.776089847087860107e-01
5.180959701538085938e-01
4.707074463367462158e-01
4.639960229396820068e-01
4.568879008293151855e-01
4.228733181953430176e-01
4.573351740837097168e-01
4.578792452812194824e-01
5.416891574859619141e-01
3.979298472404479980e-01
5.145034790039062500e-01
3.690304458141326904e-01
4.830669462680816650e-01
4.901287257671356201e-01
4.821470677852630615e-01
4.628711938858032227e-01
4.284811317920684814e-01
3.960063457489013672e-01
3.105105757713317871e-01
4.523386657238006592e-01
4.810218214988708496e-01
4.294483959674835205e-01
4.962581098079681396e-01
4.450456202030181885e-01
4.630049467086791992e-01
4.463504552841186523e-01
4.357530176639556885e-01
4.780383706092834473e-01
3.877071142196655273e-01
4.102660417556762695e-01
4.490536749362945557e-01
4.345144927501678467e-01
4.469611048698425293e-01
4.876538515090942383e-01
4.383521676063537598e-01
4.410804808139801025e-01
3.953931033611297607e-01
4.767142832279205322e-01
4.897834956645965576e-01
3.247903585433959961e-01
4.617550075054168701e-01
4.429062008857727051e-01
3.925851285457611084e-01
5.014247894287109375e-01
4.999359846115112305e-01
3.986602723598480225e-01
5.078682303428649902e-01
4.033035933971405029e-01
4.326110780239105225e-01
4.510116875171661377e-01
4.235176742076873779e-01
4.344383180141448975e-01
2.629162073135375977e-01
4.542313218116760254e-01
3.964737355709075928e-01
4.458278715610504150e-01
4.331031739711761475e-01
4.572098255157470703e-01
4.403204321861267090e-01
5.065070986747741699e-01
4.708512127399444580e-01
4.025430977344512939e-01
4.492373764514923096e-01
4.227955937385559082e-01
4.593579769134521484e-01
4.468212723731994629e-01
4.020178020000457764e-01
4.925692379474639893e-01
3.935115337371826172e-01
4.292659163475036621e-01
3.884303867816925049e-01
3.951943218708038330e-01
4.633525013923645020e-01
4.308766722679138184e-01
5.064130425453186035e-01
4.317645430564880371e-01
5.083047151565551758e-01
4.582844972610473633e-01
4.916252791881561279e-01
4.983672201633453369e-01
3.735398352146148682e-01
4.720258712768554688e-01
4.963614642620086670e-01
4.622002243995666504e-01
4.335567951202392578e-01
3.838351368904113770e-01
4.692721068859100342e-01
4.474472105503082275e-01
4.631394743919372559e-01
4.822199642658233643e-01
4.269607067108154297e-01
3.981548249721527100e-01
4.312004446983337402e-01
4.747574925422668457e-01
4.381723105907440186e-01
5.100132226943969727e-01
4.968746900558471680e-01
5.055186748504638672e-01
4.872627258300781250e-01
4.808571636676788330e-01
4.496860802173614502e-01
4.519007205963134766e-01
4.445346891880035400e-01
3.940107822418212891e-01
4.857005476951599121e-01
4.455321729183197021e-01
2.797018289566040039e-01
5.084431767463684082e-01
4.742069840431213379e-01
4.591991603374481201e-01
4.628544449806213379e-01
4.414317011833190918e-01
4.427582621574401855e-01
4.877979755401611328e-01
5.112099647521972656e-01
4.411991536617279053e-01
4.258525073528289795e-01
4.545472562313079834e-01
4.329075813293457031e-01
4.343368411064147949e-01
4.050266742706298828e-01
4.660798609256744385e-01
4.546970129013061523e-01
4.258091151714324951e-01
4.482642710208892822e-01
3.228332102298736572e-01
3.754724264144897461e-01
4.121666550636291504e-01
4.265877604484558105e-01
4.383945465087890625e-01
4.634570479393005371e-01
5.069022774696350098e-01
4.633485078811645508e-01
4.618759751319885254e-01
4.269882738590240479e-01
4.526178836822509766e-01
4.849013984203338623e-01
4.365919530391693115e-01
4.641600251197814941e-01
3.672095835208892822e-01
4.857947826385498047e-01
4.822886884212493896e-01
4.260670840740203857e-01
5.122622251510620117e-01
4.781773686408996582e-01
4.664356410503387451e-01
4.777408838272094727e-01
4.026628732681274414e-01
4.179693460464477539e-01
4.685540795326232910e-01
4.155747294425964355e-01
4.705315232276916504e-01
4.368648827075958252e-01
4.533995389938354492e-01
4.750576019287109375e-01
4.516259133815765381e-01
3.935312032699584961e-01
2.821236550807952881e-01
4.509942233562469482e-01
4.725140929222106934e-01
4.588916003704071045e-01
4.702861011028289795e-01
4.480237364768981934e-01
4.628451764583587646e-01
4.347933828830718994e-01
4.690633416175842285e-01
4.090496301651000977e-01
4.352113306522369385e-01
4.407502412796020508e-01
4.454821944236755371e-01
4.224325418472290039e-01
4.657795727252960205e-01
4.942695200443267822e-01
4.271477758884429932e-01
4.695007801055908203e-01
4.149880409240722656e-01
5.037508010864257812e-01
4.477162063121795654e-01
4.768981635570526123e-01
4.799331724643707275e-01
4.412907063961029053e-01
4.560780525207519531e-01
4.571010172367095947e-01
5.001874566078186035e-01
4.238695800304412842e-01
4.517416357994079590e-01
4.659145474433898926e-01
4.395702779293060303e-01
4.861616194248199463e-01
5.080619454383850098e-01
4.518371522426605225e-01
4.151939153671264648e-01
4.472634196281433105e-01
4.819849133491516113e-01
4.090710878372192383e-01
4.400549829006195068e-01
4.254091978073120117e-01
4.881130754947662354e-01
4.905126392841339111e-01
4.262145757675170898e-01
4.531475603580474854e-01
4.223259985446929932e-01
4.462998807430267334e-01
5.002725124359130859e-01
4.118540883064270020e-01
5.089871883392333984e-01
4.137638211250305176e-01
4.087982177734375000e-01
4.918408393859863281e-01
4.921151101589202881e-01
3.562595248222351074e-01
4.623616933822631836e-01
4.844087958335876465e-01
4.515638649463653564e-01
3.680038452148437500e-01
4.947482645511627197e-01
4.586044847965240479e-01
4.467339813709259033e-01
4.113546907901763916e-01
4.366453289985656738e-01
4.622764885425567627e-01
4.076713621616363525e-01
4.422803819179534912e-01
4.297924339771270752e-01
4.935244023799896240e-01
4.603976011276245117e-01
4.607171118259429932e-01
4.527605473995208740e-01
4.739222228527069092e-01
4.545907080173492432e-01
4.450890719890594482e-01
4.457477927207946777e-01
4.321442544460296631e-01
4.965236485004425049e-01
4.329970180988311768e-01
4.490305781364440918e-01
4.100468754768371582e-01
5.144894719123840332e-01
3.983422815799713135e-01
4.566912055015563965e-01
4.184990227222442627e-01
4.837035834789276123e-01
4.902062714099884033e-01
4.546207785606384277e-01
4.658526182174682617e-01
4.612925648689270020e-01
5.138382911682128906e-01
4.164321720600128174e-01
4.022851586341857910e-01
4.383423626422882080e-01
4.612183868885040283e-01
4.252964854240417480e-01
3.484440445899963379e-01
5.117229223251342773e-01
4.427253603935241699e-01
4.009338915348052979e-01
4.975392818450927734e-01
3.603066205978393555e-01
4.703671038150787354e-01
4.264356195926666260e-01
4.199924767017364502e-01
4.764030575752258301e-01
4.812930226325988770e-01
4.907521009445190430e-01
4.662261605262756348e-01
3.927124440670013428e-01
4.086859226226806641e-01
4.320807754993438721e-01
4.281016886234283447e-01
2.727554440498352051e-01
4.854316115379333496e-01
3.831002414226531982e-01
4.610475897789001465e-01
2.882297933101654053e-01
4.208498001098632812e-01
4.792878031730651855e-01
4.403685033321380615e-01
4.673824310302734375e-01
4.385847151279449463e-01
4.817080795764923096e-01
4.284051358699798584e-01
4.391149580478668213e-01
4.423792660236358643e-01
3.918751478195190430e-01
4.449147582054138184e-01
4.117715358734130859e-01
4.361043572425842285e-01
3.781146109104156494e-01
4.529370665550231934e-01
4.724639654159545898e-01
4.182395040988922119e-01
4.596222043037414551e-01
5.043554902076721191e-01
5.306579470634460449e-01
4.990153610706329346e-01
4.395467042922973633e-01
4.900322258472442627e-01
5.092067122459411621e-01
4.227609932422637939e-01
2.709393799304962158e-01
4.549471139907836914e-01
4.458400905132293701e-01
4.656606316566467285e-01
5.135512948036193848e-01
4.530004858970642090e-01
4.568217992782592773e-01
4.571643769741058350e-01
4.784374237060546875e-01
4.236329197883605957e-01
4.039484262466430664e-01
3.971747159957885742e-01
3.918822407722473145e-01
4.535946846008300781e-01
4.191308021545410156e-01
4.000428020954132080e-01
4.337089359760284424e-01
3.776025474071502686e-01
3.920363783836364746e-01
4.579881429672241211e-01
4.878990948200225830e-01
4.867464601993560791e-01
4.760916233062744141e-01
3.828746676445007324e-01
4.365533292293548584e-01
4.379644393920898438e-01
4.798191487789154053e-01
4.557413160800933838e-01
4.211006462574005127e-01
4.667286276817321777e-01
4.522480368614196777e-01
5.087116956710815430e-01
4.506326615810394287e-01
4.677450060844421387e-01
4.561685323715209961e-01
2.674255669116973877e-01
4.264985918998718262e-01
4.537472128868103027e-01
4.350035190582275391e-01
4.710855484008789062e-01
4.410240948200225830e-01
4.551126956939697266e-01
4.474371075630187988e-01
3.517358303070068359e-01
3.581477403640747070e-01
4.778878986835479736e-01
3.989663422107696533e-01
4.482860267162322998e-01
4.674377441406250000e-01
3.235023319721221924e-01
4.421525895595550537e-01
4.767592847347259521e-01
4.538817107677459717e-01
5.057352781295776367e-01
4.120504260063171387e-01
4.656772613525390625e-01
4.092658758163452148e-01
4.331271350383758545e-01
5.129787325859069824e-01
4.643455147743225098e-01
4.540385901927947998e-01
4.198192358016967773e-01
4.484452605247497559e-01
4.459015130996704102e-01
5.002406239509582520e-01
4.084924161434173584e-01
4.669396281242370605e-01
4.577549099922180176e-01
4.310593605041503906e-01
3.021680116653442383e-01
5.014007091522216797e-01
4.105438590049743652e-01
4.480335712432861328e-01
3.456755578517913818e-01
3.950408995151519775e-01
4.826506376266479492e-01
4.118511378765106201e-01
4.462824165821075439e-01
4.430169761180877686e-01
4.605073928833007812e-01
4.712156951427459717e-01
4.244761466979980469e-01
4.840162694454193115e-01
4.337583184242248535e-01
5.000974535942077637e-01
4.494900107383728027e-01
4.591257274150848389e-01
4.062804281711578369e-01
4.599401950836181641e-01
4.504292011260986328e-01
3.607887327671051025e-01
5.126286745071411133e-01
4.574173688888549805e-01
4.723636507987976074e-01
4.249911606311798096e-01
4.167996942996978760e-01
4.345395267009735107e-01
3.185990154743194580e-01
4.961619377136230469e-01
4.774331748485565186e-01
4.868713319301605225e-01
3.604726493358612061e-01
4.673270285129547119e-01
4.857534170150756836e-01
4.548430740833282471e-01
4.093610942363739014e-01
4.318063259124755859e-01
3.581683039665222168e-01
4.629779160022735596e-01
4.766518771648406982e-01
4.549322724342346191e-01
4.311056137084960938e-01
4.770573079586029053e-01
3.205973505973815918e-01
4.290453195571899414e-01
3.665578067302703857e-01
4.712290167808532715e-01
4.956085085868835449e-01
3.504842519760131836e-01
4.538196623325347900e-01
4.351240992546081543e-01
4.823059141635894775e-01
4.315554201602935791e-01
4.986562132835388184e-01
5.031864047050476074e-01
3.831614255905151367e-01
4.676133692264556885e-01
4.410240948200225830e-01
4.632076025009155273e-01
3.933049738407135010e-01
4.501801431179046631e-01
4.568819105625152588e-01
3.877560794353485107e-01
4.224278628826141357e-01
4.862657785415649414e-01
4.463481009006500244e-01
4.123114347457885742e-01
4.708139002323150635e-01
4.758952856063842773e-01
4.302827417850494385e-01
4.779907763004302979e-01
