1.831358373165130615e-01
9.835984110832214355e-01
5.974829792976379395e-01
9.901741743087768555e-01
1.144837960600852966e-01
1.149330958724021912e-01
4.519149065017700195e-01
9.847660064697265625e-01
2.052690088748931885e-01
1.831499487161636353e-01
9.848782420158386230e-01
6.969205737113952637e-01
9.964500665664672852e-01
1.865765303373336792e-01
5.752155184745788574e-02
1.357298791408538818e-01
9.967784285545349121e-01
9.893887639045715332e-01
1.415440291166305542e-01
9.910067915916442871e-01
9.967657327651977539e-01
9.923420548439025879e-01
2.345080524682998657e-01
3.445191681385040283e-01
3.606514036655426025e-01
1.604523509740829468e-01
7.842002511024475098e-01
2.013602852821350098e-01
1.220175325870513916e-01
1.413991451263427734e-01
5.598525330424308777e-02
5.040289759635925293e-01
6.168789863586425781e-01
9.887969493865966797e-01
3.446795940399169922e-01
7.012875080108642578e-01
9.918348789215087891e-01
5.566163659095764160e-01
9.708250761032104492e-01
5.607479810714721680e-01
1.486003547906875610e-01
9.945949912071228027e-01
1.011881753802299500e-01
4.116574823856353760e-01
9.977769255638122559e-01
9.848968982696533203e-01
3.598194122314453125e-01
2.481039762496948242e-01
9.544144272804260254e-01
2.134646624326705933e-01
1.356399357318878174e-01
2.237948030233383179e-01
3.086558878421783447e-01
9.780575633049011230e-01
1.857556998729705811e-01
1.964056342840194702e-01
4.601388871669769287e-01
8.333803415298461914e-01
4.593853950500488281e-01
6.836536526679992676e-01
2.485165596008300781e-01
9.082658588886260986e-02
9.905632734298706055e-01
2.441376894712448120e-01
8.953884243965148926e-02
9.965915679931640625e-01
7.023014128208160400e-02
9.977298378944396973e-01
5.477328300476074219e-01
1.218272298574447632e-01
3.786537051200866699e-01
7.658935338258743286e-02
7.812123298645019531e-01
7.611418366432189941e-01
8.568225502967834473e-01
8.112742900848388672e-01
4.145812392234802246e-01
9.967401623725891113e-01
1.262237131595611572e-01
7.151901125907897949e-01
7.853885889053344727e-01
8.764249086380004883e-01
6.678687930107116699e-01
9.883295297622680664e-01
2.334787100553512573e-01
1.610703617334365845e-01
1.400451064109802246e-01
9.930250644683837891e-01
8.508352637290954590e-01
9.952367544174194336e-01
9.960660338401794434e-01
9.158982634544372559e-01
1.662542074918746948e-01
9.861690998077392578e-01
9.938878417015075684e-01
1.694496124982833862e-01
1.630990207195281982e-01
4.200224578380584717e-01
1.595427542924880981e-01
1.885606497526168823e-01
1.062404066324234009e-01
9.710954427719116211e-01
1.205881536006927490e-01
7.210509181022644043e-01
9.962849617004394531e-01
9.899779558181762695e-01
9.945374727249145508e-02
7.736457139253616333e-02
9.958720803260803223e-01
3.015548288822174072e-01
6.732146143913269043e-01
9.906007051467895508e-01
2.863273322582244873e-01
7.405278086662292480e-01
1.725252121686935425e-01
2.777865827083587646e-01
4.742093682289123535e-01
7.141062617301940918e-01
8.752927780151367188e-01
8.928750753402709961e-01
9.856790900230407715e-01
9.478264451026916504e-01
3.243015706539154053e-01
9.919373393058776855e-01
2.235295027494430542e-01
3.552549481391906738e-01
1.275901496410369873e-01
3.734579980373382568e-01
3.303414583206176758e-01
3.501322865486145020e-01
9.961746931076049805e-01
1.692702621221542358e-01
4.660786688327789307e-01
9.713800549507141113e-01
7.164287567138671875e-01
2.870622575283050537e-01
2.244628518819808960e-01
1.199603676795959473e-01
9.974002838134765625e-01
1.277853250503540039e-01
5.224123597145080566e-01
1.850100755691528320e-01
9.901845455169677734e-01
9.870409965515136719e-01
2.042136192321777344e-01
9.825890064239501953e-01
9.570087790489196777e-01
4.068777263164520264e-01
9.839835166931152344e-01
2.161458134651184082e-01
6.346123814582824707e-01
2.524158060550689697e-01
9.944108128547668457e-01
1.239514797925949097e-01
9.975616931915283203e-01
8.496628403663635254e-01
1.842475831508636475e-01
2.521210312843322754e-01
1.334417462348937988e-01
3.727039098739624023e-01
9.962131977081298828e-01
8.966980129480361938e-02
8.094333410263061523e-01
1.518153101205825806e-01
1.041555628180503845e-01
9.197909832000732422e-01
2.131982147693634033e-01
6.935838460922241211e-01
9.888309836387634277e-01
6.432700157165527344e-01
7.752439975738525391e-01
1.745080351829528809e-01
9.900500774383544922e-01
3.136248588562011719e-01
9.959151148796081543e-01
8.165673166513442993e-02
2.621978521347045898e-01
9.877267479896545410e-01
9.178778529167175293e-01
6.216164678335189819e-02
9.926893115043640137e-01
9.954380393028259277e-01
1.186648383736610413e-01
1.633005142211914062e-01
9.869094491004943848e-01
1.806230247020721436e-01
6.542869806289672852e-01
8.719049692153930664e-01
9.668069481849670410e-01
9.975181818008422852e-01
1.689708083868026733e-01
9.515470862388610840e-01
1.082826107740402222e-01
5.432407259941101074e-01
4.961278289556503296e-02
3.798335790634155273e-01
4.117547869682312012e-01
9.905326366424560547e-01
2.783240377902984619e-01
2.774671614170074463e-01
9.833862185478210449e-01
8.361353278160095215e-01
9.144294261932373047e-02
7.743906974792480469e-01
9.966968297958374023e-01
2.630939483642578125e-01
9.973933696746826172e-01
8.762089163064956665e-02
6.711298823356628418e-01
9.733633399009704590e-01
5.219061970710754395e-01
2.795111238956451416e-01
9.961605072021484375e-01
9.941661357879638672e-01
9.847950339317321777e-01
5.834698081016540527e-01
9.959402084350585938e-01
9.904522895812988281e-01
3.597590327262878418e-01
9.224395155906677246e-01
8.047586083412170410e-01
9.906213283538818359e-01
1.111801043152809143e-01
1.564493924379348755e-01
1.214363276958465576e-01
2.240223884582519531e-01
2.602037787437438965e-01
2.568285167217254639e-01
4.742093682289123535e-01
6.742547452449798584e-02
4.742093682289123535e-01
9.968053102493286133e-01
9.089459776878356934e-01
9.961198568344116211e-01
2.292727828025817871e-01
1.020006015896797180e-01
9.886753559112548828e-01
4.369877874851226807e-01
7.686880975961685181e-02
5.427669286727905273e-01
1.566078364849090576e-01
6.709531694650650024e-02
1.014834344387054443e-01
9.932690262794494629e-01
1.192269623279571533e-01
4.861698448657989502e-01
1.760515421628952026e-01
9.497142583131790161e-02
9.970176219940185547e-01
9.973689317703247070e-01
1.618963778018951416e-01
9.976785778999328613e-01
7.760557532310485840e-01
4.853411316871643066e-01
3.290388286113739014e-01
9.939365983009338379e-01
5.319761037826538086e-01
9.965031147003173828e-01
1.749336719512939453e-01
6.564293503761291504e-01
9.639731645584106445e-01
1.953926235437393188e-01
8.021324276924133301e-01
5.110898613929748535e-01
7.309793829917907715e-01
9.892876148223876953e-01
2.171127498149871826e-01
9.963744282722473145e-01
8.448421359062194824e-01
6.459834575653076172e-01
8.311190009117126465e-01
2.999973297119140625e-01
8.248454332351684570e-01
9.844203591346740723e-01
9.947544336318969727e-01
3.144154548645019531e-01
5.818119049072265625e-01
1.628100872039794922e-01
9.914414882659912109e-01
9.508139640092849731e-02
9.970380067825317383e-01
1.564148515462875366e-01
7.850448042154312134e-02
9.912543892860412598e-01
7.575733959674835205e-02
5.871256589889526367e-01
2.215783298015594482e-01
1.226039603352546692e-01
6.099053621292114258e-01
1.896045506000518799e-01
7.471129894256591797e-01
6.246365904808044434e-01
9.956609606742858887e-01
5.663343071937561035e-01
5.978699326515197754e-01
7.032073140144348145e-01
7.286886572837829590e-01
8.867560327053070068e-02
5.862454175949096680e-01
1.372033655643463135e-01
8.648995757102966309e-01
9.978238344192504883e-01
4.049725532531738281e-01
9.826213717460632324e-01
9.923726320266723633e-01
9.212107658386230469e-01
4.011101424694061279e-01
1.346335560083389282e-01
7.166258692741394043e-01
5.199983119964599609e-01
9.924477338790893555e-01
6.156793236732482910e-01
9.972649812698364258e-01
1.097862347960472107e-01
5.471815466880798340e-01
9.848085641860961914e-01
2.604267597198486328e-01
9.964277148246765137e-01
6.674465537071228027e-02
9.895530939102172852e-01
2.496022433042526245e-01
9.954957962036132812e-01
9.949787259101867676e-01
2.001802921295166016e-01
2.170878946781158447e-01
1.900590360164642334e-01
4.272582828998565674e-01
3.514015376567840576e-01
9.957699179649353027e-01
8.522076606750488281e-01
5.399517714977264404e-02
1.570410579442977905e-01
9.936304688453674316e-01
3.470540046691894531e-01
1.317820698022842407e-01
9.967562556266784668e-01
9.971860051155090332e-01
2.051936686038970947e-01
9.872285127639770508e-01
9.897211194038391113e-01
1.044899076223373413e-01
7.071658372879028320e-01
9.474485516548156738e-01
1.881859153509140015e-01
2.422277927398681641e-01
9.920320510864257812e-01
9.938113093376159668e-01
3.162640631198883057e-01
9.242343902587890625e-01
2.678153514862060547e-01
9.936781525611877441e-01
3.545242547988891602e-01
8.897567391395568848e-01
2.027927935123443604e-01
7.979945093393325806e-02
9.967875480651855469e-01
2.257258892059326172e-01
9.885618686676025391e-01
1.762962341308593750e-01
9.928648471832275391e-01
2.035944163799285889e-01
3.689208030700683594e-01
2.696188390254974365e-01
1.175634711980819702e-01
1.831956803798675537e-01
9.874773025512695312e-01
4.312196075916290283e-01
9.962477087974548340e-01
2.857037186622619629e-01
1.532226204872131348e-01
9.774730205535888672e-01
9.894497990608215332e-01
9.978201389312744141e-01
3.657696545124053955e-01
1.717688739299774170e-01
9.333051443099975586e-01
8.185466527938842773e-01
9.442059397697448730e-01
9.966492056846618652e-01
9.962394237518310547e-01
9.957593083381652832e-01
9.917128086090087891e-01
1.455875188112258911e-01
9.986530244350433350e-02
5.995888635516166687e-02
9.880324602127075195e-01
1.948416382074356079e-01
9.701565504074096680e-01
6.113354563713073730e-01
9.957678318023681641e-01
1.528159677982330322e-01
2.933984994888305664e-01
8.992214202880859375e-01
9.850104451179504395e-01
4.256679862737655640e-02
9.916495084762573242e-01
2.239406704902648926e-01
9.929056167602539062e-01
1.926524490118026733e-01
1.402577459812164307e-01
4.756978452205657959e-01
1.665012240409851074e-01
9.889615178108215332e-01
9.753847122192382812e-01
9.862620830535888672e-01
1.845079064369201660e-01
9.909872412681579590e-01
9.919095635414123535e-01
1.069178283214569092e-01
4.186483621597290039e-01
2.016631513833999634e-01
1.170237883925437927e-01
9.866619706153869629e-01
2.573792338371276855e-01
1.202552244067192078e-01
3.692109286785125732e-01
3.930718004703521729e-01
6.935049593448638916e-02
9.907354116439819336e-01
7.015453577041625977e-01
9.866596460342407227e-01
8.660244345664978027e-01
9.961649179458618164e-01
9.972583055496215820e-01
9.975277781486511230e-01
5.549440383911132812e-01
7.858228683471679688e-02
9.924373030662536621e-01
6.040281057357788086e-01
9.957073926925659180e-01
2.162933945655822754e-01
1.193738579750061035e-01
9.225338697433471680e-01
9.946606755256652832e-01
7.903927564620971680e-02
9.969711303710937500e-01
7.604199647903442383e-01
1.589418649673461914e-01
9.753947854042053223e-01
1.202267333865165710e-01
1.348375529050827026e-01
3.285479247570037842e-01
9.884763956069946289e-01
9.915934801101684570e-01
2.278394848108291626e-01
2.336233705282211304e-01
9.979063272476196289e-01
4.040763378143310547e-01
7.948086261749267578e-01
9.954284429550170898e-01
9.884977936744689941e-01
9.921241402626037598e-01
9.866285324096679688e-01
4.203053414821624756e-01
2.675366103649139404e-01
6.860896348953247070e-01
1.738177388906478882e-01
1.823652982711791992e-01
9.481495618820190430e-01
9.858916401863098145e-01
9.967504739761352539e-01
9.910554885864257812e-01
6.977893114089965820e-01
9.970790147781372070e-01
1.689914464950561523e-01
9.703314900398254395e-01
4.742093682289123535e-01
9.331530332565307617e-01
4.239088594913482666e-01
1.311573386192321777e-01
7.035937905311584473e-02
1.946429312229156494e-01
9.896753430366516113e-01
9.923366904258728027e-01
9.904026985168457031e-01
9.887545108795166016e-01
1.350209712982177734e-01
9.958972930908203125e-01
7.169878482818603516e-01
7.680267840623855591e-02
3.905412852764129639e-01
8.899851143360137939e-02
9.942359328269958496e-01
4.377456009387969971e-01
1.158046349883079529e-01
2.826948463916778564e-01
7.816506028175354004e-01
1.342275440692901611e-01
1.974296420812606812e-01
7.011530995368957520e-01
9.922168254852294922e-01
3.581134080886840820e-01
3.266296684741973877e-01
1.484103351831436157e-01
1.458848714828491211e-01
7.795329093933105469e-01
2.514387965202331543e-01
9.970491379499435425e-02
2.273007333278656006e-01
8.234046697616577148e-01
5.030949786305427551e-02
9.940465688705444336e-01
9.973543882369995117e-01
9.966629147529602051e-01
9.969441294670104980e-01
2.524457275867462158e-01
1.529419273138046265e-01
2.289646714925765991e-01
9.906972646713256836e-01
2.351225912570953369e-01
9.874759316444396973e-01
9.963059425354003906e-01
1.142356023192405701e-01
1.079103723168373108e-01
9.883330464363098145e-01
2.920978367328643799e-01
6.770061850547790527e-01
3.846898972988128662e-01
3.676452934741973877e-01
5.276685580611228943e-02
4.048716127872467041e-01
9.930349588394165039e-01
1.296931654214859009e-01
9.959563612937927246e-01
8.809918761253356934e-01
1.292185634374618530e-01
6.242612600326538086e-01
3.509186208248138428e-01
2.274666726589202881e-01
9.816105365753173828e-01
2.662352323532104492e-01
9.887095093727111816e-01
9.893559813499450684e-01
9.932866692543029785e-01
1.496503353118896484e-01
8.328045904636383057e-02
3.026544153690338135e-01
2.362329065799713135e-01
9.528080821037292480e-01
9.909886717796325684e-01
2.068953067064285278e-01
9.861540794372558594e-01
9.832777380943298340e-01
9.976353645324707031e-01
1.366831362247467041e-01
9.796788692474365234e-01
1.351368725299835205e-01
9.926262497901916504e-01
3.125877976417541504e-01
3.821313977241516113e-01
8.605291843414306641e-01
9.942451119422912598e-01
1.722974330186843872e-01
1.587337404489517212e-01
9.815266728401184082e-01
9.923256635665893555e-01
1.243461593985557556e-01
9.276031851768493652e-01
8.671044111251831055e-01
4.035655260086059570e-01
9.978163242340087891e-01
1.102658435702323914e-01
9.858089089393615723e-01
5.509086847305297852e-01
3.316249251365661621e-01
9.830901622772216797e-01
4.276108443737030029e-01
3.739727437496185303e-01
9.652819633483886719e-01
8.436603844165802002e-02
4.605719149112701416e-01
4.719811677932739258e-01
4.228939414024353027e-01
1.290214806795120239e-01
3.152951002120971680e-01
9.740894436836242676e-01
9.973949193954467773e-01
9.963282942771911621e-01
7.490639686584472656e-01
5.527124404907226562e-01
9.536315798759460449e-01
6.811773777008056641e-02
9.622006118297576904e-02
9.797547459602355957e-01
6.926897764205932617e-01
4.203164577484130859e-01
9.763981103897094727e-01
8.396359682083129883e-01
7.195176482200622559e-01
9.963198900222778320e-01
6.827530264854431152e-01
2.914886474609375000e-01
4.757546484470367432e-01
9.158852696418762207e-01
9.914611577987670898e-01
9.934496283531188965e-01
9.932317733764648438e-01
2.233630865812301636e-01
1.682597696781158447e-01
2.439738959074020386e-01
9.975180625915527344e-01
9.851112961769104004e-01
1.198176890611648560e-01
2.323350161314010620e-01
9.936328530311584473e-01
8.250152319669723511e-02
9.970588684082031250e-01
3.863209784030914307e-01
1.479741036891937256e-01
1.762007325887680054e-01
8.451586961746215820e-01
6.692570447921752930e-01
2.969646155834197998e-01
4.908436238765716553e-01
6.931098103523254395e-01
9.951775074005126953e-01
9.896178841590881348e-01
9.969606995582580566e-01
9.921668767929077148e-01
3.050329983234405518e-01
1.863193064928054810e-01
9.825347065925598145e-01
2.960697710514068604e-01
3.418733179569244385e-01
1.899021565914154053e-01
1.887655854225158691e-01
8.347705006599426270e-02
1.107860952615737915e-01
8.751511573791503906e-01
7.777976393699645996e-01
9.962594509124755859e-01
9.845853447914123535e-01
9.919803142547607422e-01
6.806547939777374268e-02
9.917148947715759277e-01
9.150530695915222168e-01
9.889464974403381348e-01
3.476763367652893066e-01
7.973688095808029175e-02
9.962307810783386230e-01
4.728909134864807129e-01
4.100034236907958984e-01
9.972823858261108398e-01
2.952793836593627930e-01
2.422237545251846313e-01
3.038552403450012207e-01
1.377656012773513794e-01
9.958237409591674805e-01
1.920795738697052002e-01
1.515852659940719604e-01
8.721644878387451172e-01
3.618119359016418457e-01
9.897688627243041992e-01
3.052009940147399902e-01
9.158431887626647949e-01
9.893543720245361328e-01
8.869859576225280762e-02
4.259693324565887451e-01
6.756589412689208984e-01
9.926038384437561035e-01
9.966969490051269531e-01
4.941278696060180664e-01
2.030807137489318848e-01
6.902344822883605957e-01
7.410386949777603149e-02
5.209983587265014648e-01
9.922620058059692383e-01
9.918540716171264648e-01
2.736149430274963379e-01
1.459594666957855225e-01
9.966795444488525391e-01
3.253881633281707764e-01
2.167276442050933838e-01
4.532395303249359131e-01
4.797582328319549561e-01
9.966782331466674805e-01
3.163134753704071045e-01
4.840022027492523193e-01
9.972059130668640137e-01
2.273969948291778564e-01
1.681425124406814575e-01
1.210186481475830078e-01
4.964855611324310303e-01
7.499834299087524414e-01
3.307628631591796875e-01
9.960259199142456055e-01
1.357298791408538818e-01
2.912461459636688232e-01
1.197406277060508728e-01
9.965380430221557617e-01
9.945998191833496094e-01
3.146145045757293701e-01
2.219970077276229858e-01
6.723539829254150391e-01
9.948543906211853027e-01
9.952077269554138184e-01
4.002281725406646729e-01
2.206756323575973511e-01
8.365497589111328125e-01
2.525030672550201416e-01
4.430238008499145508e-01
4.017815887928009033e-01
1.536116302013397217e-01
8.533295392990112305e-01
2.685631215572357178e-01
3.506669402122497559e-01
1.662144511938095093e-01
9.883449077606201172e-01
1.789783537387847900e-01
4.959610700607299805e-01
9.195948839187622070e-01
8.448226004838943481e-02
3.654532730579376221e-01
4.742093682289123535e-01
9.879431128501892090e-01
9.749149680137634277e-01
3.280096054077148438e-01
9.504557847976684570e-01
6.790176033973693848e-01
4.453293383121490479e-01
4.979072883725166321e-02
1.566245406866073608e-01
9.735249876976013184e-01
4.300503134727478027e-01
8.995568752288818359e-01
1.139796152710914612e-01
9.953538179397583008e-01
2.595336437225341797e-01
9.951399564743041992e-01
3.599790632724761963e-01
4.778827726840972900e-01
3.030976355075836182e-01
2.286922186613082886e-01
9.023119509220123291e-02
5.682984590530395508e-01
6.939125061035156250e-01
9.941450953483581543e-01
8.075994253158569336e-01
5.858579277992248535e-01
9.938673377037048340e-01
9.917770624160766602e-01
9.878599047660827637e-01
9.948424696922302246e-01
6.610193848609924316e-01
6.909098029136657715e-01
4.061683416366577148e-01
8.365631103515625000e-02
9.412982463836669922e-01
2.824173271656036377e-01
9.900295138359069824e-01
6.780686974525451660e-02
6.301271319389343262e-01
4.947629570960998535e-01
7.220505923032760620e-02
9.918497800827026367e-01
9.878029227256774902e-01
4.742093682289123535e-01
3.600290715694427490e-01
1.281488984823226929e-01
3.649955391883850098e-01
9.516229033470153809e-01
9.804099202156066895e-01
9.911457896232604980e-01
6.344884634017944336e-02
6.261240243911743164e-01
9.911380410194396973e-01
1.648908108472824097e-01
1.935947090387344360e-01
3.552884757518768311e-01
3.164643347263336182e-01
9.526847004890441895e-01
2.040059268474578857e-01
6.587384641170501709e-02
9.916508793830871582e-01
9.509777426719665527e-01
4.748440980911254883e-01
4.145852327346801758e-01
5.214520096778869629e-01
9.722115993499755859e-01
7.454862445592880249e-02
1.249846220016479492e-01
1.857160180807113647e-01
9.947589039802551270e-01
1.032591313123703003e-01
1.726053506135940552e-01
2.335476130247116089e-01
2.102512121200561523e-01
2.033792287111282349e-01
1.737341433763504028e-01
5.435721874237060547e-01
1.645746231079101562e-01
9.965565204620361328e-01
9.978746175765991211e-01
2.354410886764526367e-01
1.135719791054725647e-01
9.978367686271667480e-01
5.022658109664916992e-01
7.508340477943420410e-01
3.798048794269561768e-01
9.216225743293762207e-01
2.839669883251190186e-01
2.262784689664840698e-01
4.729650318622589111e-01
1.450873613357543945e-01
4.239590764045715332e-01
3.018529117107391357e-01
3.893760144710540771e-01
9.014601707458496094e-01
4.483358561992645264e-01
3.552735447883605957e-01
2.611451148986816406e-01
2.552860975265502930e-01
1.400163620710372925e-01
9.945899248123168945e-01
2.085089683532714844e-01
2.431275695562362671e-01
9.953981041908264160e-01
9.925667047500610352e-01
9.966430664062500000e-01
2.790544927120208740e-01
9.941533207893371582e-01
6.629491448402404785e-01
5.845069512724876404e-02
6.143432855606079102e-01
2.916568815708160400e-01
3.079660236835479736e-01
9.935461878776550293e-01
3.220173716545104980e-01
4.742093682289123535e-01
7.702019214630126953e-01
7.115067839622497559e-01
4.596290886402130127e-01
9.970640540122985840e-01
2.308604270219802856e-01
9.957102537155151367e-01
1.203062757849693298e-01
9.071975350379943848e-01
5.824813246726989746e-01
7.121397852897644043e-01
1.940227150917053223e-01
9.967869520187377930e-01
8.735315203666687012e-01
2.086771577596664429e-01
3.682711422443389893e-01
1.398594826459884644e-01
9.875434637069702148e-01
7.341881990432739258e-01
7.528548836708068848e-01
9.932004809379577637e-01
9.920513629913330078e-01
8.548965305089950562e-02
6.183795332908630371e-01
9.966624975204467773e-01
9.732864499092102051e-01
6.571580171585083008e-01
1.304191648960113525e-01
1.636294871568679810e-01
9.930400848388671875e-01
1.755968034267425537e-01
1.790905743837356567e-01
4.762454330921173096e-01
8.790680766105651855e-02
9.922163486480712891e-01
4.400247037410736084e-01
9.941300153732299805e-01
5.548994541168212891e-01
1.214773505926132202e-01
9.971951246261596680e-01
9.024540334939956665e-02
9.254606962203979492e-01
2.455977648496627808e-01
9.856441020965576172e-01
6.476244330406188965e-01
7.565006613731384277e-02
3.908324539661407471e-01
9.860963225364685059e-01
2.240059673786163330e-01
1.508879065513610840e-01
6.974977254867553711e-02
1.816480755805969238e-01
9.967038035392761230e-01
1.492184251546859741e-01
7.148692011833190918e-02
4.941639006137847900e-01
2.237657904624938965e-01
3.514549136161804199e-01
8.221250772476196289e-02
1.160792335867881775e-01
1.424911022186279297e-01
9.964522123336791992e-01
3.827896118164062500e-01
7.246457934379577637e-01
4.258875250816345215e-01
2.170991301536560059e-01
9.886815547943115234e-01
1.731236875057220459e-01
5.803748369216918945e-01
9.870936274528503418e-01
9.935821294784545898e-01
9.973940849304199219e-01
9.921934008598327637e-01
2.312031537294387817e-01
9.628807306289672852e-01
5.121457576751708984e-01
4.348497390747070312e-01
1.105482801795005798e-01
1.046860590577125549e-01
2.705819010734558105e-01
9.516484737396240234e-01
9.967203736305236816e-01
1.682672351598739624e-01
1.489427536725997925e-01
1.958559602499008179e-01
9.969028830528259277e-01
5.689671635627746582e-01
3.410944044589996338e-01
5.553519129753112793e-01
9.979429841041564941e-01
2.724795937538146973e-01
1.174262464046478271e-01
1.960209161043167114e-01
1.061687394976615906e-01
7.968751788139343262e-01
1.507536768913269043e-01
9.973421692848205566e-01
2.727456092834472656e-01
3.356702625751495361e-01
5.847461819648742676e-01
9.960313439369201660e-01
1.948747783899307251e-01
1.983892619609832764e-01
2.159116417169570923e-01
3.981561958789825439e-01
9.962899684906005859e-01
1.130043044686317444e-01
8.283604681491851807e-02
1.479143053293228149e-01
1.226999387145042419e-01
9.872746467590332031e-01
1.385552883148193359e-01
9.977604150772094727e-01
9.450744986534118652e-01
1.654362827539443970e-01
3.557768166065216064e-01
9.914082884788513184e-01
9.919456839561462402e-01
2.910687923431396484e-01
4.368744418025016785e-02
9.883649349212646484e-01
9.643402695655822754e-01
7.309499382972717285e-01
1.887779980897903442e-01
2.803308963775634766e-01
7.285448163747787476e-02
4.923270940780639648e-01
9.795401096343994141e-01
9.739824533462524414e-01
9.773017466068267822e-02
9.981132745742797852e-01
9.513986110687255859e-02
1.357330232858657837e-01
8.602293133735656738e-01
8.310990929603576660e-01
4.172970950603485107e-01
5.103769898414611816e-01
1.456539183855056763e-01
8.019054532051086426e-01
5.008135437965393066e-01
9.039340019226074219e-01
9.757145047187805176e-01
2.235736846923828125e-01
9.146623611450195312e-01
1.973186433315277100e-01
5.177728533744812012e-01
9.928365349769592285e-01
2.166902422904968262e-01
1.378436684608459473e-01
9.968788623809814453e-01
6.714842915534973145e-01
8.269157409667968750e-01
2.440798878669738770e-01
2.515087127685546875e-01
9.855807423591613770e-01
1.675742119550704956e-01
9.948021173477172852e-01
9.889808893203735352e-01
7.851713150739669800e-02
4.210182726383209229e-01
2.098715603351593018e-01
4.793502390384674072e-01
5.618612170219421387e-01
6.351404786109924316e-01
9.951144456863403320e-02
9.936981797218322754e-01
1.692461520433425903e-01
7.833001613616943359e-01
1.301971822977066040e-01
7.326029241085052490e-02
4.896034598350524902e-01
5.198394060134887695e-01
7.241720557212829590e-01
7.361894845962524414e-01
9.931449890136718750e-01
2.732795476913452148e-01
7.882448285818099976e-02
2.437089979648590088e-01
2.516071796417236328e-01
1.699394285678863525e-01
9.977326393127441406e-01
9.917669892311096191e-01
9.936447143554687500e-01
9.912988543510437012e-01
8.117605000734329224e-02
6.225799322128295898e-01
9.963830709457397461e-01
9.885244965553283691e-01
7.210267186164855957e-01
8.730882406234741211e-02
1.204491779208183289e-01
3.191787600517272949e-01
9.856173396110534668e-01
1.050532758235931396e-01
2.744392156600952148e-01
1.756907403469085693e-01
4.829935133457183838e-01
1.490698158740997314e-01
7.124233245849609375e-02
7.398653626441955566e-01
4.777365624904632568e-01
1.725781559944152832e-01
9.904665350914001465e-01
7.729973793029785156e-01
3.777193129062652588e-01
5.775586962699890137e-01
7.840662002563476562e-01
1.056595742702484131e-01
6.902344822883605957e-01
8.146502375602722168e-01
9.969626069068908691e-01
9.186720103025436401e-02
7.215584516525268555e-01
9.859969615936279297e-01
3.904344439506530762e-01
9.071442484855651855e-02
9.969491362571716309e-01
9.949487447738647461e-01
1.015756279230117798e-01
1.120060533285140991e-01
8.944721221923828125e-01
9.212244153022766113e-01
9.892701506614685059e-01
1.406061202287673950e-01
9.965835213661193848e-01
6.866127252578735352e-01
5.115337967872619629e-01
8.134779334068298340e-01
8.428025841712951660e-01
1.158031225204467773e-01
8.309336900711059570e-01
9.515470862388610840e-01
9.881218671798706055e-01
4.215688407421112061e-01
3.441691100597381592e-01
9.970667958259582520e-01
1.402453035116195679e-01
3.475822806358337402e-01
1.170669347047805786e-01
8.689327538013458252e-02
1.861820816993713379e-01
6.097681522369384766e-01
1.070561259984970093e-01
1.549552232027053833e-01
9.900160431861877441e-01
9.910633563995361328e-01
8.166567236185073853e-02
9.865191578865051270e-01
1.447213739156723022e-01
9.786888957023620605e-01
1.984415203332901001e-01
1.552822440862655640e-01
6.249821782112121582e-01
9.773579835891723633e-01
1.659528762102127075e-01
7.188506722450256348e-01
1.713594049215316772e-01
1.465900242328643799e-01
5.273402333259582520e-01
9.924737215042114258e-01
7.059854269027709961e-01
9.915142059326171875e-01
6.372608989477157593e-02
9.142213463783264160e-01
9.855029582977294922e-01
2.803502678871154785e-01
3.212010860443115234e-01
8.409859538078308105e-01
5.736844241619110107e-02
1.131069660186767578e-01
2.297022342681884766e-01
9.912955760955810547e-01
1.069729179143905640e-01
9.975239634513854980e-01
2.731241285800933838e-01
1.531677544116973877e-01
9.975250363349914551e-01
1.129876002669334412e-01
9.950906038284301758e-01
9.400414228439331055e-01
5.945745706558227539e-01
2.082070261240005493e-01
1.505320370197296143e-01
1.984248012304306030e-01
9.891878962516784668e-01
2.681798636913299561e-01
2.803891599178314209e-01
1.225856989622116089e-01
9.919339418411254883e-01
9.984279870986938477e-01
9.454067349433898926e-01
6.489355564117431641e-01
2.046388089656829834e-01
1.677761077880859375e-01
2.222734242677688599e-01
1.709825098514556885e-01
9.163438081741333008e-01
2.695527970790863037e-01
9.942228198051452637e-01
9.946355223655700684e-01
9.794880747795104980e-01
9.936308264732360840e-01
1.482167392969131470e-01
9.906678795814514160e-01
9.980341792106628418e-01
3.300620913505554199e-01
9.495773315429687500e-01
8.249681591987609863e-01
9.902932643890380859e-01
2.856969237327575684e-01
9.926589131355285645e-01
3.956606984138488770e-01
8.572678267955780029e-02
1.178694665431976318e-01
4.664593040943145752e-01
9.911485910415649414e-01
1.694496124982833862e-01
9.967747330665588379e-01
6.810706257820129395e-01
9.034332633018493652e-02
4.958039522171020508e-01
1.556101143360137939e-01
4.966845214366912842e-01
1.090437322854995728e-01
2.180673927068710327e-01
2.247931063175201416e-01
9.925865530967712402e-01
7.119835913181304932e-02
9.843848943710327148e-01
6.475816369056701660e-01
8.992477059364318848e-01
9.975336790084838867e-01
4.670370817184448242e-01
9.854555726051330566e-01
9.890885949134826660e-01
2.397387921810150146e-01
3.842970132827758789e-01
9.919912219047546387e-01
8.835903555154800415e-02
6.860235333442687988e-01
9.853668212890625000e-01
9.938693046569824219e-01
9.944250583648681641e-01
9.640582203865051270e-01
2.297102808952331543e-01
2.961716055870056152e-01
6.657494306564331055e-01
7.565884292125701904e-02
9.756129384040832520e-01
1.352107375860214233e-01
1.683890074491500854e-01
2.127503007650375366e-01
1.458820104598999023e-01
9.453428983688354492e-01
8.852198719978332520e-01
6.058229207992553711e-01
9.955155253410339355e-01
9.968035221099853516e-01
1.218710690736770630e-01
2.827115356922149658e-01
7.422504574060440063e-02
9.748197793960571289e-01
9.969633221626281738e-01
4.118664264678955078e-01
3.976056277751922607e-01
1.081949844956398010e-01
9.901195764541625977e-01
9.933182001113891602e-01
9.611256718635559082e-01
6.690182089805603027e-01
3.448525667190551758e-01
9.287490248680114746e-01
4.659345746040344238e-01
4.940532445907592773e-01
1.031998470425605774e-01
1.971847414970397949e-01
5.251929163932800293e-01
2.233608961105346680e-01
9.472545981407165527e-01
6.336164474487304688e-01
9.732983112335205078e-01
5.493106245994567871e-01
6.958686560392379761e-02
1.234854385256767273e-01
9.900728464126586914e-01
8.873754143714904785e-01
2.369307279586791992e-01
6.682084202766418457e-01
1.216740459203720093e-01
9.291452765464782715e-01
2.089196145534515381e-01
9.280785918235778809e-01
9.957171082496643066e-01
6.704837679862976074e-01
7.039770483970642090e-01
8.110129833221435547e-01
9.913969635963439941e-01
9.904561638832092285e-01
2.785349488258361816e-01
1.356180608272552490e-01
2.921254038810729980e-01
9.963127970695495605e-01
4.474438726902008057e-01
9.915441274642944336e-01
3.495693206787109375e-01
1.638690680265426636e-01
6.952424645423889160e-01
6.152823567390441895e-01
9.133370518684387207e-01
4.742093682289123535e-01
8.627778887748718262e-01
5.583233833312988281e-01
9.900220036506652832e-01
9.943854808807373047e-01
2.891343533992767334e-01
1.498023718595504761e-01
2.405716329813003540e-01
5.483937263488769531e-01
2.023803740739822388e-01
6.391120553016662598e-01
8.213061094284057617e-02
2.924793362617492676e-01
6.530715525150299072e-02
4.588233232498168945e-01
2.305983453989028931e-01
1.709015518426895142e-01
2.547765374183654785e-01
3.377968668937683105e-01
2.490851283073425293e-01
6.047914177179336548e-02
7.897861599922180176e-01
1.030770242214202881e-01
9.822860360145568848e-01
2.178479135036468506e-01
2.229794412851333618e-01
5.221159458160400391e-01
9.943260550498962402e-01
9.913883805274963379e-01
5.350797772407531738e-01
3.090007007122039795e-01
9.981603026390075684e-01
6.884037256240844727e-01
1.664301306009292603e-01
2.500780820846557617e-01
5.376815795898437500e-02
9.573416113853454590e-01
4.844749271869659424e-01
6.671790480613708496e-01
1.007074639201164246e-01
9.649277329444885254e-01
9.971313476562500000e-01
1.748198121786117554e-01
2.204372733831405640e-01
4.871543496847152710e-02
9.953969120979309082e-01
8.012231439352035522e-02
1.078898683190345764e-01
9.946199655532836914e-01
2.936885356903076172e-01
9.958412051200866699e-01
8.967477083206176758e-02
9.976158142089843750e-01
3.129511177539825439e-01
1.373323202133178711e-01
3.494402468204498291e-01
1.322907209396362305e-01
9.912552833557128906e-01
2.841429412364959717e-01
9.486095309257507324e-01
2.446360737085342407e-01
7.916942238807678223e-02
6.451566219329833984e-01
9.913150668144226074e-01
4.686498939990997314e-01
5.008723735809326172e-01
9.969245791435241699e-01
2.635395228862762451e-01
2.480277419090270996e-01
6.442578136920928955e-02
2.283255606889724731e-01
4.041294157505035400e-01
9.935374855995178223e-01
9.935291409492492676e-01
9.946753978729248047e-01
9.963120818138122559e-01
5.077947974205017090e-01
8.145796656608581543e-01
9.547865986824035645e-01
9.904497265815734863e-01
9.153642058372497559e-01
3.050552010536193848e-01
9.357745647430419922e-01
4.525108337402343750e-01
1.546976119279861450e-01
8.579143881797790527e-01
3.131048679351806641e-01
2.151651233434677124e-01
3.902956843376159668e-01
9.963363409042358398e-01
1.679489910602569580e-01
9.699014425277709961e-01
5.256093740463256836e-01
4.742093682289123535e-01
1.924467533826828003e-01
7.404154539108276367e-01
1.023600921034812927e-01
9.192273020744323730e-02
8.669440746307373047e-01
2.029328644275665283e-01
9.972224235534667969e-01
1.090437024831771851e-01
6.862729787826538086e-01
1.082395538687705994e-01
9.927718043327331543e-01
8.730761706829071045e-02
1.568884849548339844e-01
2.191694229841232300e-01
1.453857719898223877e-01
1.094243228435516357e-01
2.002788931131362915e-01
5.541235581040382385e-02
9.940302968025207520e-01
9.112966656684875488e-01
5.122759342193603516e-01
3.164902031421661377e-01
7.940517663955688477e-01
3.713943660259246826e-01
3.723109364509582520e-01
9.079996943473815918e-01
9.920713305473327637e-01
9.947143197059631348e-01
8.991834521293640137e-02
2.347342073917388916e-01
1.238422170281410217e-01
9.134493768215179443e-02
9.907397031784057617e-01
6.357990950345993042e-02
8.734147250652313232e-02
1.888927072286605835e-01
8.820200562477111816e-01
2.517860233783721924e-01
9.980409741401672363e-01
3.645995259284973145e-01
9.952528476715087891e-01
3.439193964004516602e-01
7.530280947685241699e-02
8.285531997680664062e-01
9.780203700065612793e-01
9.883803129196166992e-01
9.978426694869995117e-01
4.570820927619934082e-01
9.841349720954895020e-01
9.913973808288574219e-01
9.903717041015625000e-01
7.286508679389953613e-01
6.628631949424743652e-01
8.486975729465484619e-02
2.044271975755691528e-01
9.976340532302856445e-01
9.830703139305114746e-01
9.980794191360473633e-01
7.003854513168334961e-01
6.886649727821350098e-01
2.578857839107513428e-01
2.325248122215270996e-01
1.809093356132507324e-01
1.552533507347106934e-01
2.739431858062744141e-01
1.958568990230560303e-01
9.976308345794677734e-01
4.654650688171386719e-01
9.972211122512817383e-01
9.802398085594177246e-01
2.152252197265625000e-01
1.667318791151046753e-01
2.332317680120468140e-01
1.764660775661468506e-01
2.341080904006958008e-01
8.019506335258483887e-01
9.532821923494338989e-02
2.045991122722625732e-01
2.843150794506072998e-01
9.898673295974731445e-01
8.322621136903762817e-02
9.975081682205200195e-01
9.701447188854217529e-02
1.130703985691070557e-01
9.954936504364013672e-01
9.963138699531555176e-01
3.448376655578613281e-01
1.534614562988281250e-01
3.115083575248718262e-01
1.584569960832595825e-01
9.960193037986755371e-01
7.625126093626022339e-02
9.919297695159912109e-01
1.158749163150787354e-01
9.606516361236572266e-01
7.088767290115356445e-01
9.618378281593322754e-01
5.031385421752929688e-01
3.356202542781829834e-01
1.757828295230865479e-01
1.605498343706130981e-01
2.796479761600494385e-01
9.923487901687622070e-01
9.081546068191528320e-01
2.461159974336624146e-01
9.973908066749572754e-01
9.963198900222778320e-01
1.865257620811462402e-01
9.269034862518310547e-01
9.969639182090759277e-01
8.629050254821777344e-01
9.926348328590393066e-01
9.857707023620605469e-01
1.327791959047317505e-01
7.245041728019714355e-01
9.964563250541687012e-01
9.953342080116271973e-01
7.292232513427734375e-01
1.804940253496170044e-01
9.644062519073486328e-01
9.962211847305297852e-01
7.177917361259460449e-01
9.342092871665954590e-01
8.647153377532958984e-01
4.194706976413726807e-01
9.667983651161193848e-01
9.907778501510620117e-01
9.869662523269653320e-01
9.856231212615966797e-01
9.885271787643432617e-01
5.121937990188598633e-01
1.020961627364158630e-01
2.291389852762222290e-01
9.957833290100097656e-01
8.969125747680664062e-01
5.206363201141357422e-01
8.215265721082687378e-02
2.624473273754119873e-01
9.960153698921203613e-01
9.861596226692199707e-01
9.980444908142089844e-01
1.336468309164047241e-01
2.821445465087890625e-01
9.846412539482116699e-01
1.205760911107063293e-01
9.965021610260009766e-01
5.547153353691101074e-01
1.173111945390701294e-01
2.609759569168090820e-01
9.968466162681579590e-01
1.146665662527084351e-01
9.968450069427490234e-01
9.844136238098144531e-01
9.970947504043579102e-01
8.992477059364318848e-01
2.081536054611206055e-01
9.717531800270080566e-01
3.319293558597564697e-01
9.969205856323242188e-01
1.707217395305633545e-01
9.950114488601684570e-01
1.056655794382095337e-01
8.925079107284545898e-01
9.628140926361083984e-02
4.179866984486579895e-02
1.717709451913833618e-01
5.088524818420410156e-01
3.865073621273040771e-01
9.812837243080139160e-01
1.041128262877464294e-01
8.770872354507446289e-01
1.685870736837387085e-01
2.330449074506759644e-01
1.885813176631927490e-01
1.698728799819946289e-01
9.983344674110412598e-01
9.974730610847473145e-01
5.082179903984069824e-01
2.569289207458496094e-01
1.345594525337219238e-01
1.338720768690109253e-01
9.941603541374206543e-01
4.975763559341430664e-01
9.850887656211853027e-01
1.267061382532119751e-01
2.319767624139785767e-01
6.064648628234863281e-01
5.861825942993164062e-01
9.969351291656494141e-01
2.297534495592117310e-01
9.976279139518737793e-01
9.911103248596191406e-01
6.885740160942077637e-01
1.206147074699401855e-01
9.937207698822021484e-01
8.759568929672241211e-01
9.901718497276306152e-01
1.954761147499084473e-01
8.013389706611633301e-01
9.964136481285095215e-01
7.519336044788360596e-02
2.770655155181884766e-01
1.833045929670333862e-01
6.456095576286315918e-01
4.659574627876281738e-01
7.324093580245971680e-01
1.467909216880798340e-01
9.769737124443054199e-01
9.977027773857116699e-01
9.163020849227905273e-01
1.752452403306961060e-01
1.106985881924629211e-01
9.886102676391601562e-01
9.969637989997863770e-01
2.527132630348205566e-01
7.115067839622497559e-01
9.757434725761413574e-01
9.930068254470825195e-01
9.974103569984436035e-01
5.180701613426208496e-01
8.483440876007080078e-01
9.871310591697692871e-01
1.451689004898071289e-01
1.292473375797271729e-01
8.413999080657958984e-01
7.638426870107650757e-02
1.344516426324844360e-01
9.955196380615234375e-01
7.965555042028427124e-02
2.879689931869506836e-01
4.675450325012207031e-01
4.525050818920135498e-01
7.429060935974121094e-01
8.458147644996643066e-01
2.032594233751296997e-01
4.344112575054168701e-01
