5.989639759063720703e-01
6.012340188026428223e-01
6.984102129936218262e-01
3.741889297962188721e-01
5.904683470726013184e-01
1.232220754027366638e-01
6.380699276924133301e-01
4.313423633575439453e-01
6.248168349266052246e-01
6.211849451065063477e-01
3.213860988616943359e-01
5.692479014396667480e-01
5.590478777885437012e-01
3.643333911895751953e-01
7.043338418006896973e-01
6.503815650939941406e-01
4.254277348518371582e-01
5.139895677566528320e-01
6.913933157920837402e-01
6.972606778144836426e-01
6.492978930473327637e-01
6.744328737258911133e-01
7.158126235008239746e-01
4.555726051330566406e-01
7.548280954360961914e-01
6.559432148933410645e-01
6.078450679779052734e-01
6.347252130508422852e-01
5.568382143974304199e-01
6.657713055610656738e-01
7.209589481353759766e-01
3.753937482833862305e-01
6.203640699386596680e-01
6.485013961791992188e-01
6.816512346267700195e-01
6.335803270339965820e-01
6.996251344680786133e-01
5.361510515213012695e-01
4.326726794242858887e-01
6.360130906105041504e-01
4.428887665271759033e-01
4.299244582653045654e-01
6.921415328979492188e-01
6.503365635871887207e-01
5.771088004112243652e-01
6.392669677734375000e-01
5.151955038309097290e-02
7.231798022985458374e-03
6.335367560386657715e-01
6.796202659606933594e-01
4.592673778533935547e-01
6.928691864013671875e-01
5.782765746116638184e-01
5.318944454193115234e-01
9.986197203397750854e-02
9.860248863697052002e-02
4.494102895259857178e-01
9.021404385566711426e-02
7.038780450820922852e-01
6.577962040901184082e-01
6.711147427558898926e-01
3.074892610311508179e-02
6.492935419082641602e-01
7.027189135551452637e-01
7.287135124206542969e-01
6.049288511276245117e-01
6.958308815956115723e-01
6.087455153465270996e-01
6.136732101440429688e-01
3.981720805168151855e-01
1.352703124284744263e-01
6.595961451530456543e-01
5.773343443870544434e-01
5.742128491401672363e-01
6.519466042518615723e-01
4.372151792049407959e-01
6.488115787506103516e-01
4.850007593631744385e-01
1.080499887466430664e-01
6.599864959716796875e-01
5.662760734558105469e-01
2.722970545291900635e-01
6.306485533714294434e-01
6.845046281814575195e-01
5.737763643264770508e-01
6.243329644203186035e-01
5.768147706985473633e-01
4.849024713039398193e-01
5.441793799400329590e-01
6.251851320266723633e-01
2.142369560897350311e-02
6.189762353897094727e-01
4.444851279258728027e-01
4.186823964118957520e-01
6.609414815902709961e-01
6.582723259925842285e-01
7.110105752944946289e-01
6.319789290428161621e-01
3.795105516910552979e-01
6.646959185600280762e-01
6.299099326133728027e-01
2.934870682656764984e-02
6.974719166755676270e-01
7.244425415992736816e-01
2.616589367389678955e-01
2.373035103082656860e-01
6.432446837425231934e-01
6.139405965805053711e-01
4.432264268398284912e-01
6.301231980323791504e-01
4.423834085464477539e-01
5.324848294258117676e-01
5.636597275733947754e-01
6.228391528129577637e-01
6.333591341972351074e-01
5.472639203071594238e-01
5.402753353118896484e-01
6.516094803810119629e-01
5.214023590087890625e-01
4.167682230472564697e-01
6.654735803604125977e-01
6.096933484077453613e-01
6.914134025573730469e-01
6.301113367080688477e-01
2.995442152023315430e-01
6.098151803016662598e-01
7.079673409461975098e-01
7.224578261375427246e-01
7.388960123062133789e-01
6.754024028778076172e-01
6.064186692237854004e-01
6.095160245895385742e-01
7.157452702522277832e-01
4.345144927501678467e-01
6.515763998031616211e-01
6.922559142112731934e-01
6.235824227333068848e-01
4.571052789688110352e-01
6.643179059028625488e-01
1.643563061952590942e-01
6.840260624885559082e-01
7.110685110092163086e-01
9.825038909912109375e-02
6.908406615257263184e-01
4.725712239742279053e-01
4.475111961364746094e-01
7.057830691337585449e-01
6.631733179092407227e-01
6.453983783721923828e-01
6.800771355628967285e-01
5.350404977798461914e-01
4.743902087211608887e-01
5.846721529960632324e-01
6.716971397399902344e-01
5.845807790756225586e-01
1.054627001285552979e-01
6.237004995346069336e-01
5.256663560867309570e-01
5.729459524154663086e-01
5.181211233139038086e-01
6.230787634849548340e-01
7.109535932540893555e-01
7.251824736595153809e-01
5.924808382987976074e-01
6.641742587089538574e-01
6.656813621520996094e-01
4.612624645233154297e-01
5.641927719116210938e-01
1.771603971719741821e-01
6.103187799453735352e-01
6.904345154762268066e-01
5.944830179214477539e-01
2.738318145275115967e-01
8.768500760197639465e-03
2.149618119001388550e-01
6.070985794067382812e-01
6.981336474418640137e-01
7.270120382308959961e-01
6.422230601310729980e-01
5.583804249763488770e-01
6.714483499526977539e-01
7.040033340454101562e-01
5.415884852409362793e-01
6.333697438240051270e-01
5.171456336975097656e-01
4.830398261547088623e-01
3.422863185405731201e-01
6.315482854843139648e-01
6.207056045532226562e-01
6.270101070404052734e-01
5.938737988471984863e-01
6.319712400436401367e-01
5.344983935356140137e-01
4.558919966220855713e-01
6.854838728904724121e-01
7.080377936363220215e-01
5.099911093711853027e-01
6.151537299156188965e-01
5.838939547538757324e-01
2.144253626465797424e-02
6.697943210601806641e-01
6.497624516487121582e-01
3.310204148292541504e-01
5.873333215713500977e-01
7.333011627197265625e-01
5.347607135772705078e-01
4.780690073966979980e-01
3.008812665939331055e-01
6.047533154487609863e-01
3.072370886802673340e-01
6.615585684776306152e-01
5.222486257553100586e-01
5.467279553413391113e-01
4.211482703685760498e-01
6.823774576187133789e-01
6.313583850860595703e-01
2.824493050575256348e-01
4.545558393001556396e-01
2.956373989582061768e-01
5.632449984550476074e-01
3.971738815307617188e-01
6.042224764823913574e-01
6.703959703445434570e-01
1.213779672980308533e-01
6.585417985916137695e-01
1.791089400649070740e-02
5.709307193756103516e-01
7.034081220626831055e-01
3.916510641574859619e-01
6.916582584381103516e-01
3.937592506408691406e-01
6.000385880470275879e-01
4.954479634761810303e-01
6.323167085647583008e-01
7.154896259307861328e-01
7.035847306251525879e-01
4.846976399421691895e-01
1.330213248729705811e-01
6.179180741310119629e-01
5.062032938003540039e-01
1.082829609513282776e-01
6.490959525108337402e-01
6.114735603332519531e-01
5.770604610443115234e-01
6.031621694564819336e-01
1.819719076156616211e-01
4.746207296848297119e-01
7.089553475379943848e-01
5.812823772430419922e-01
4.640415012836456299e-01
7.024230957031250000e-01
4.103514552116394043e-01
6.286835074424743652e-01
7.077729701995849609e-01
4.725305438041687012e-01
6.664510965347290039e-01
6.810320615768432617e-01
6.352131366729736328e-01
6.269357800483703613e-01
7.237586975097656250e-01
6.244071722030639648e-01
6.441742181777954102e-01
6.761171817779541016e-01
4.958311915397644043e-01
4.423820674419403076e-01
2.319776639342308044e-02
6.824182271957397461e-01
4.767153859138488770e-01
4.798505902290344238e-01
6.450043916702270508e-01
6.849949955940246582e-01
6.447266340255737305e-01
6.253293156623840332e-01
5.248218774795532227e-01
6.937453150749206543e-01
5.876473784446716309e-01
1.763563044369220734e-02
5.043236613273620605e-01
3.434092104434967041e-01
5.096982121467590332e-01
7.019317746162414551e-01
5.062578320503234863e-01
5.812487602233886719e-01
7.346881628036499023e-01
6.819863319396972656e-01
5.941761732101440430e-01
6.588919758796691895e-01
4.022714793682098389e-01
5.465451478958129883e-01
5.268301367759704590e-01
4.198268055915832520e-01
1.937398612499237061e-01
5.429069995880126953e-01
6.373466849327087402e-01
6.250024437904357910e-01
6.123612523078918457e-01
5.574893355369567871e-01
4.231946170330047607e-01
1.149866543710231781e-02
6.355680823326110840e-01
6.163103580474853516e-01
6.671885848045349121e-01
6.468100547790527344e-01
6.892248243093490601e-02
5.185667276382446289e-01
6.915733218193054199e-01
5.829594135284423828e-01
6.896802783012390137e-01
2.824493050575256348e-01
6.601175069808959961e-01
6.874091625213623047e-01
3.377234637737274170e-01
5.252013802528381348e-01
6.937624216079711914e-01
1.573615521192550659e-01
4.007512629032135010e-01
2.206326834857463837e-02
2.255150973796844482e-01
7.073061466217041016e-01
3.934025764465332031e-01
2.923106253147125244e-01
6.537529826164245605e-01
4.164011180400848389e-01
7.243309020996093750e-01
5.113185048103332520e-01
6.234553456306457520e-01
7.504663467407226562e-01
7.370204925537109375e-01
5.480808615684509277e-01
6.150270104408264160e-01
6.949023604393005371e-01
5.517075657844543457e-01
5.091691613197326660e-01
5.911675095558166504e-01
6.035934686660766602e-01
2.469744533300399780e-01
6.772451400756835938e-01
5.392147898674011230e-01
1.844247579574584961e-01
6.689275503158569336e-01
6.618536114692687988e-01
5.302985906600952148e-01
5.284463167190551758e-01
1.074328273534774780e-01
3.132323622703552246e-01
1.542982608079910278e-01
4.532388448715209961e-01
6.680154800415039062e-01
6.652174592018127441e-01
4.970872700214385986e-01
6.457653045654296875e-01
5.017343759536743164e-01
6.622596979141235352e-01
6.417436003684997559e-01
7.195311784744262695e-01
6.863777041435241699e-01
6.385991573333740234e-01
4.438613355159759521e-01
6.715961098670959473e-01
5.159801840782165527e-01
6.911461353302001953e-01
6.502214670181274414e-01
6.457752585411071777e-01
6.477923393249511719e-01
5.612037181854248047e-01
6.588940620422363281e-01
6.217964291572570801e-01
4.825616180896759033e-01
5.062411427497863770e-01
5.538886189460754395e-01
8.289343118667602539e-02
1.231105625629425049e-01
6.326808929443359375e-01
7.297080755233764648e-01
7.086200714111328125e-01
3.123465180397033691e-02
6.654383540153503418e-01
4.940291941165924072e-01
9.784144908189773560e-02
5.487285256385803223e-01
6.628615856170654297e-01
7.466650009155273438e-01
6.995969414710998535e-01
5.896595120429992676e-01
1.781925708055496216e-01
4.827952384948730469e-01
6.421911716461181641e-01
7.070353720337152481e-03
1.799036115407943726e-01
6.612401604652404785e-01
5.047067999839782715e-01
6.400338411331176758e-01
7.194355726242065430e-01
4.999663233757019043e-01
6.247889399528503418e-01
6.883776783943176270e-01
9.469506144523620605e-02
6.023037433624267578e-01
6.234464645385742188e-01
1.538331527262926102e-02
4.121108949184417725e-01
5.962084531784057617e-01
4.371440112590789795e-01
6.708232164382934570e-01
5.431266427040100098e-01
4.748888611793518066e-01
2.097264230251312256e-01
5.968056917190551758e-01
1.779078394174575806e-01
7.232084274291992188e-01
6.434769034385681152e-01
3.465407490730285645e-01
4.467366933822631836e-01
7.099254131317138672e-01
6.993442177772521973e-01
6.097820997238159180e-01
5.996335148811340332e-01
2.210773825645446777e-01
2.040225565433502197e-01
6.009902954101562500e-01
1.137709151953458786e-02
7.057440001517534256e-03
6.364635825157165527e-01
7.058519124984741211e-01
6.473599672317504883e-01
5.948505997657775879e-01
6.950240135192871094e-01
5.835099220275878906e-01
6.987341642379760742e-01
6.048293709754943848e-01
5.699366331100463867e-01
7.075011730194091797e-01
6.361564397811889648e-01
2.219733744859695435e-01
5.936090946197509766e-01
4.577634036540985107e-01
5.681238174438476562e-01
3.747912645339965820e-01
4.614309668540954590e-01
6.769859790802001953e-01
9.389161132276058197e-03
3.819315135478973389e-01
6.560274958610534668e-01
5.994849801063537598e-01
2.723858691751956940e-02
6.570019125938415527e-01
5.776085853576660156e-01
3.943427205085754395e-01
1.866916716098785400e-01
5.859081149101257324e-01
5.425071120262145996e-01
5.366934537887573242e-01
6.435295343399047852e-01
6.917082071304321289e-01
7.177213430404663086e-01
5.971144437789916992e-01
6.773983836174011230e-01
6.723368167877197266e-01
3.849725127220153809e-01
6.727925539016723633e-01
3.889889121055603027e-01
7.174285650253295898e-01
6.586224436759948730e-01
6.303730010986328125e-01
6.528003215789794922e-01
4.227699935436248779e-01
5.775589942932128906e-01
6.966195702552795410e-01
7.021427750587463379e-01
5.723830461502075195e-01
6.606198549270629883e-01
4.629347920417785645e-01
6.158879399299621582e-01
6.748425960540771484e-01
4.896786212921142578e-01
3.952860832214355469e-01
6.203417778015136719e-01
1.204568520188331604e-02
6.611636877059936523e-01
5.115268826484680176e-01
9.856235980987548828e-02
4.899647533893585205e-01
5.634015798568725586e-01
3.110911846160888672e-01
4.417231082916259766e-01
7.081714272499084473e-01
6.712161898612976074e-01
5.612326860427856445e-01
3.179688751697540283e-01
6.588701009750366211e-01
6.822639107704162598e-01
7.047682404518127441e-01
6.307342648506164551e-01
5.830136537551879883e-01
5.486556887626647949e-01
7.151160836219787598e-01
6.228470206260681152e-01
6.208496689796447754e-01
6.675708293914794922e-01
3.687096536159515381e-01
8.478711545467376709e-02
6.238899752497673035e-02
6.002970933914184570e-01
5.708894133567810059e-01
6.076756715774536133e-01
2.159687876701354980e-01
6.489571928977966309e-01
6.945084333419799805e-01
7.166865468025207520e-01
5.162451267242431641e-01
7.835248857736587524e-02
5.257897377014160156e-01
1.118599716573953629e-02
6.743630170822143555e-01
4.072699248790740967e-01
7.293442487716674805e-01
4.354191124439239502e-01
5.835661292076110840e-01
6.842483878135681152e-01
3.290063142776489258e-01
6.537844538688659668e-01
6.674073338508605957e-01
6.985484957695007324e-01
6.712264418601989746e-01
1.353657245635986328e-01
6.555500030517578125e-01
6.960530877113342285e-01
4.008292853832244873e-01
7.095741033554077148e-01
7.103206515312194824e-01
6.931309103965759277e-01
1.940952613949775696e-02
7.205232381820678711e-01
6.371744275093078613e-01
6.978574395179748535e-01
6.401758193969726562e-01
6.818370819091796875e-01
6.210937500000000000e-01
3.057147860527038574e-01
6.644232273101806641e-01
6.651358604431152344e-01
6.904081106185913086e-01
6.303958296775817871e-01
4.160897433757781982e-01
6.774122118949890137e-01
7.183530926704406738e-01
6.532232165336608887e-01
5.134971737861633301e-01
6.836550831794738770e-01
6.794369220733642578e-01
4.732261896133422852e-01
8.058764785528182983e-02
6.197230219841003418e-01
6.109614372253417969e-01
6.586082577705383301e-01
7.032955531030893326e-03
7.086836099624633789e-01
4.521249532699584961e-01
6.640619039535522461e-01
6.704124212265014648e-01
6.663690209388732910e-01
5.754652023315429688e-01
6.635556221008300781e-01
6.171717047691345215e-01
3.778342604637145996e-01
5.589959621429443359e-01
1.546888351440429688e-01
6.378001570701599121e-01
6.820018887519836426e-01
5.790498256683349609e-01
6.332432031631469727e-01
5.549301505088806152e-01
4.339256882667541504e-01
1.761669814586639404e-01
5.820168852806091309e-01
1.940592080354690552e-01
6.612693667411804199e-01
5.284456014633178711e-01
1.365642398595809937e-01
1.288987100124359131e-01
6.962574720382690430e-01
6.231319904327392578e-01
7.462282180786132812e-01
6.572180986404418945e-01
7.408393174409866333e-02
4.205823838710784912e-01
6.161649823188781738e-01
6.652806997299194336e-01
5.906301140785217285e-01
6.265500187873840332e-01
5.074417591094970703e-01
7.306304574012756348e-01
4.887950122356414795e-01
6.807895302772521973e-01
6.884598731994628906e-01
6.293351054191589355e-01
4.393857121467590332e-01
6.403635144233703613e-01
6.391628384590148926e-01
7.504663467407226562e-01
6.259824633598327637e-01
3.318175971508026123e-01
7.143418192863464355e-01
6.460239291191101074e-01
4.596620798110961914e-02
8.359677344560623169e-02
2.535896003246307373e-01
6.288796067237854004e-01
7.361883297562599182e-03
6.740665435791015625e-01
4.761527776718139648e-01
6.986727118492126465e-01
6.054734587669372559e-01
6.471770405769348145e-01
7.023081183433532715e-01
5.862755775451660156e-01
1.345809828490018845e-02
7.605506777763366699e-01
6.380758285522460938e-01
4.284518957138061523e-01
5.560160279273986816e-01
5.823960304260253906e-01
6.134151220321655273e-01
7.068643569946289062e-01
6.811235547065734863e-01
5.768435597419738770e-01
5.890796780586242676e-01
1.181351915001869202e-01
6.126944422721862793e-01
6.347449421882629395e-01
3.865319788455963135e-01
6.438637375831604004e-01
5.895900130271911621e-01
7.479076981544494629e-01
2.743894159793853760e-01
9.619876742362976074e-03
9.568065404891967773e-02
6.501662731170654297e-01
5.948946475982666016e-01
6.314792037010192871e-01
5.368036031723022461e-01
5.921505689620971680e-01
6.838651299476623535e-01
6.259552836418151855e-01
4.694985151290893555e-01
6.467112898826599121e-01
6.561262011528015137e-01
6.604222655296325684e-01
6.832471489906311035e-01
6.081822514533996582e-01
6.658248901367187500e-01
6.806693673133850098e-01
5.824053883552551270e-01
6.900837421417236328e-01
3.996249139308929443e-01
4.315886795520782471e-01
6.644406318664550781e-01
6.271749138832092285e-01
1.937828585505485535e-02
6.937050819396972656e-01
5.811451077461242676e-01
3.837663829326629639e-01
7.263091206550598145e-01
5.524252653121948242e-01
4.687203764915466309e-01
6.291126012802124023e-01
6.407698392868041992e-01
6.133905053138732910e-01
6.986731886863708496e-01
6.915166378021240234e-01
6.457251906394958496e-01
6.835355758666992188e-01
5.086408853530883789e-01
6.144702434539794922e-01
6.260883808135986328e-01
4.654446244239807129e-01
1.436924841254949570e-02
6.282024383544921875e-01
5.960217714309692383e-01
6.236860752105712891e-01
6.212438344955444336e-01
7.378934621810913086e-01
4.175752699375152588e-01
5.871917009353637695e-01
6.856561303138732910e-01
6.684619784355163574e-01
5.805186629295349121e-01
4.455581605434417725e-01
6.003249287605285645e-01
6.657179594039916992e-01
5.018740296363830566e-01
6.835667490959167480e-01
6.258867383003234863e-01
6.037622690200805664e-01
6.642473936080932617e-01
6.462278366088867188e-01
3.234475255012512207e-01
6.333682537078857422e-01
5.711544156074523926e-01
5.075146555900573730e-01
6.819062829017639160e-01
4.698088467121124268e-01
6.739938259124755859e-01
4.820111691951751709e-01
6.764129400253295898e-01
5.799410343170166016e-01
6.807495951652526855e-01
7.199242115020751953e-01
4.352939128875732422e-01
6.264865994453430176e-01
5.618778467178344727e-01
6.045243144035339355e-01
3.837394714355468750e-01
6.651497483253479004e-01
5.436240434646606445e-01
6.868873238563537598e-01
6.194863319396972656e-01
6.535197496414184570e-01
6.427623629570007324e-01
6.572712063789367676e-01
1.022254955023527145e-02
6.411489248275756836e-01
6.614990234375000000e-01
7.136867046356201172e-01
3.089516460895538330e-01
6.418721675872802734e-01
7.108172178268432617e-01
6.541984081268310547e-01
4.254575073719024658e-01
3.267434537410736084e-01
5.153092145919799805e-01
5.515560507774353027e-01
1.051894426345825195e-01
3.048360943794250488e-01
6.151162981986999512e-01
7.302059531211853027e-01
4.831438362598419189e-01
6.916237473487854004e-01
5.443163514137268066e-01
6.391990184783935547e-01
6.281535625457763672e-01
6.594088673591613770e-01
6.154857873916625977e-01
4.032030105590820312e-01
6.382757425308227539e-01
5.884285569190979004e-01
6.286201477050781250e-01
6.360262632369995117e-01
3.529843389987945557e-01
6.402218341827392578e-01
6.255043745040893555e-01
4.298060834407806396e-01
3.352829515933990479e-01
5.954965949058532715e-01
6.900122165679931641e-01
6.804356575012207031e-01
6.989337205886840820e-01
6.510257720947265625e-01
7.244372367858886719e-01
6.783207058906555176e-01
5.152878165245056152e-01
6.901037096977233887e-01
6.129668951034545898e-01
7.154434919357299805e-01
4.222597181797027588e-01
7.137246727943420410e-01
7.112666368484497070e-01
6.956114768981933594e-01
3.627818524837493896e-01
6.566244363784790039e-01
4.775409698486328125e-01
1.739855557680130005e-01
6.511036753654479980e-01
2.311857193708419800e-01
6.312001943588256836e-01
6.201183795928955078e-01
6.569526791572570801e-01
3.212552964687347412e-01
6.361644268035888672e-01
5.651024580001831055e-01
6.087171435356140137e-01
5.954989790916442871e-01
3.686937987804412842e-01
1.713986992835998535e-01
1.675102859735488892e-01
1.438933759927749634e-01
5.630846619606018066e-01
6.690379977226257324e-01
6.919572949409484863e-01
6.588521003723144531e-01
7.909740507602691650e-02
6.101121306419372559e-01
6.374915838241577148e-01
5.307540893554687500e-01
5.466225743293762207e-01
2.628492116928100586e-01
5.841549634933471680e-01
6.381002664566040039e-01
5.832238197326660156e-01
4.994547367095947266e-01
7.762783020734786987e-02
6.422640681266784668e-01
4.946601986885070801e-01
9.462762624025344849e-02
4.469905793666839600e-01
5.049502849578857422e-01
7.105551362037658691e-01
6.347122192382812500e-01
5.917384624481201172e-01
5.530774593353271484e-01
7.248643040657043457e-01
5.691172480583190918e-01
6.942750811576843262e-01
6.478955149650573730e-01
6.645845174789428711e-01
3.918271064758300781e-01
6.635152697563171387e-01
6.031203269958496094e-01
6.225989460945129395e-01
6.306492090225219727e-01
3.137022554874420166e-01
6.238327622413635254e-01
4.244154691696166992e-01
3.106036782264709473e-01
6.247224211692810059e-01
1.386545300483703613e-01
6.737921237945556641e-01
5.680484771728515625e-01
2.515095472335815430e-01
3.128634989261627197e-01
6.857734918594360352e-01
5.379767417907714844e-01
3.301294445991516113e-01
3.456090763211250305e-02
4.095606505870819092e-01
7.365614771842956543e-01
5.496678948402404785e-01
5.725980401039123535e-01
6.629200577735900879e-01
5.760703682899475098e-01
6.325149536132812500e-01
6.436498761177062988e-01
6.984611749649047852e-01
6.245129704475402832e-01
6.543157100677490234e-01
6.466611027717590332e-01
6.493675708770751953e-01
6.488646864891052246e-01
2.413744032382965088e-01
6.729246377944946289e-01
6.923742294311523438e-01
4.505789279937744141e-01
6.730931401252746582e-01
5.668119192123413086e-01
6.853300929069519043e-01
6.252892017364501953e-01
6.028261780738830566e-01
5.785096883773803711e-01
6.135980486869812012e-01
1.527237445116043091e-01
7.650801539421081543e-01
5.521319508552551270e-01
1.098257973790168762e-01
1.433635652065277100e-01
3.743270039558410645e-02
3.393984138965606689e-01
6.272618770599365234e-01
5.698117613792419434e-01
4.908365011215209961e-01
4.840489625930786133e-01
4.697215557098388672e-01
5.967941880226135254e-01
6.741970181465148926e-01
5.980185270309448242e-01
6.018174886703491211e-01
6.911842823028564453e-01
5.108326673507690430e-01
6.902253031730651855e-01
6.688594818115234375e-01
7.745957374572753906e-01
4.007492959499359131e-01
5.689988732337951660e-01
6.469287276268005371e-01
6.035755872726440430e-01
5.086349844932556152e-01
5.814425945281982422e-01
3.942990303039550781e-01
6.459805965423583984e-01
5.155768990516662598e-01
6.513900160789489746e-01
6.424409151077270508e-01
5.942359566688537598e-01
6.011216640472412109e-01
7.396338582038879395e-01
6.117419600486755371e-01
7.153386473655700684e-01
1.427634246647357941e-02
6.883821487426757812e-01
6.818975210189819336e-01
6.677170991897583008e-01
2.371581941843032837e-01
6.782426834106445312e-01
7.103149890899658203e-01
5.482555627822875977e-01
3.199491649866104126e-02
2.167293131351470947e-01
2.958252131938934326e-01
6.200119853019714355e-01
3.273808956146240234e-01
6.008955836296081543e-01
6.301469206809997559e-01
7.036024332046508789e-01
6.109399795532226562e-01
4.773552715778350830e-01
5.534669756889343262e-01
4.175752699375152588e-01
5.435745716094970703e-01
6.950709223747253418e-01
6.897036433219909668e-01
5.583386421203613281e-01
4.906587302684783936e-01
1.342585682868957520e-01
2.417438924312591553e-01
5.956372022628784180e-01
6.758286952972412109e-01
5.766980051994323730e-01
6.271387338638305664e-01
6.543641686439514160e-01
2.294952236115932465e-02
6.369190216064453125e-01
1.122768875211477280e-02
6.215618252754211426e-01
1.793226748704910278e-01
6.167706847190856934e-01
4.827093482017517090e-01
6.918717026710510254e-01
5.925941467285156250e-02
6.779819130897521973e-01
7.021412253379821777e-01
6.286842226982116699e-01
6.061162948608398438e-01
3.445272743701934814e-01
6.887190937995910645e-01
4.023278355598449707e-01
6.748260259628295898e-01
2.824493050575256348e-01
6.962099671363830566e-01
6.551272273063659668e-01
6.510678529739379883e-01
5.822772979736328125e-01
6.571678519248962402e-01
6.940574049949645996e-01
4.814117252826690674e-01
2.320277839899063110e-01
1.347110122442245483e-01
5.274769067764282227e-01
5.113511085510253906e-01
6.118862032890319824e-01
6.803940534591674805e-01
6.338214874267578125e-01
6.757562160491943359e-01
6.732215881347656250e-01
4.932198822498321533e-01
6.611295938491821289e-01
2.954244017601013184e-01
6.664682030677795410e-01
2.743358314037322998e-01
7.145759463310241699e-01
5.148889422416687012e-01
6.285403966903686523e-01
6.571930646896362305e-01
7.426910996437072754e-01
6.762037277221679688e-01
6.218724846839904785e-01
4.194193184375762939e-01
5.970100164413452148e-01
5.009071230888366699e-01
3.221504688262939453e-01
7.403365969657897949e-01
5.375094413757324219e-01
5.875788331031799316e-01
5.104818344116210938e-01
2.180410362780094147e-02
6.750210523605346680e-01
6.982585787773132324e-01
5.721471309661865234e-01
6.464762091636657715e-01
5.991778969764709473e-01
6.800775527954101562e-01
5.040011405944824219e-01
6.970503330230712891e-01
3.697691857814788818e-01
6.482493281364440918e-01
5.991516113281250000e-01
3.982895016670227051e-01
6.964448690414428711e-01
2.611448466777801514e-01
5.736263394355773926e-01
5.568379759788513184e-01
5.691880583763122559e-01
2.824493050575256348e-01
6.436080336570739746e-01
6.577242612838745117e-01
5.053263306617736816e-01
6.621152162551879883e-01
6.610572934150695801e-01
6.608036160469055176e-01
3.121960163116455078e-01
7.220609188079833984e-01
1.438003778457641602e-02
6.062209606170654297e-01
6.249881386756896973e-01
3.021852374076843262e-01
9.750499390065670013e-03
5.264511704444885254e-01
4.952011108398437500e-01
6.532971262931823730e-01
5.053076148033142090e-01
6.142408251762390137e-01
6.758883595466613770e-01
5.526340007781982422e-01
2.920084595680236816e-01
6.974331736564636230e-01
7.045768499374389648e-01
6.603589653968811035e-01
6.559165120124816895e-01
1.712434887886047363e-01
1.503649167716503143e-02
5.823698639869689941e-01
6.889060139656066895e-01
4.697490632534027100e-01
6.811877489089965820e-01
3.995570242404937744e-01
5.313840508460998535e-01
3.692252337932586670e-01
2.316450141370296478e-02
6.664720177650451660e-01
5.756821036338806152e-01
7.047857642173767090e-01
7.271285057067871094e-01
6.605899333953857422e-01
6.284881830215454102e-01
4.601443409919738770e-01
5.416512489318847656e-01
5.531606078147888184e-01
4.353922307491302490e-01
1.018701046705245972e-01
6.495004296302795410e-01
4.587474465370178223e-01
3.454608321189880371e-01
5.822744369506835938e-01
3.132358491420745850e-01
6.741399765014648438e-01
5.244970917701721191e-01
7.412485480308532715e-01
5.779126286506652832e-01
4.161877036094665527e-01
5.244438052177429199e-01
6.030789017677307129e-01
5.388619378209114075e-02
1.616583615541458130e-01
5.508428812026977539e-01
2.685486674308776855e-01
2.928042113780975342e-01
4.012385010719299316e-01
2.406354397535324097e-01
6.268412470817565918e-01
4.283562302589416504e-01
6.883305907249450684e-01
7.056409716606140137e-01
6.650384068489074707e-01
6.713989973068237305e-01
6.532298922538757324e-01
6.703402996063232422e-01
6.726830601692199707e-01
4.586465060710906982e-01
6.820495724678039551e-01
8.316912502050399780e-02
6.697556376457214355e-01
5.800063014030456543e-01
6.426149606704711914e-01
4.867650568485260010e-01
6.438859701156616211e-01
5.206897854804992676e-01
6.566157341003417969e-01
3.863359242677688599e-02
6.080186963081359863e-01
1.327300220727920532e-01
1.088533550500869751e-01
6.755019426345825195e-01
6.541154980659484863e-01
5.598744153976440430e-01
5.074318647384643555e-01
6.574326753616333008e-01
6.680786013603210449e-01
2.717054188251495361e-01
6.198152303695678711e-01
7.245950698852539062e-01
4.725300073623657227e-01
2.391691133379936218e-02
1.009003072977066040e-01
6.960561275482177734e-01
6.732185482978820801e-01
5.368341207504272461e-01
5.960072875022888184e-01
6.964962482452392578e-01
4.734558761119842529e-01
6.024360060691833496e-01
7.151234149932861328e-01
6.107855439186096191e-01
6.354971528053283691e-01
2.646435201168060303e-01
6.787141561508178711e-01
3.490311801433563232e-01
6.021735668182373047e-01
6.665629148483276367e-01
2.117165625095367432e-01
5.899902582168579102e-01
7.073471546173095703e-01
5.041474699974060059e-01
2.908467352390289307e-01
6.320523619651794434e-01
5.978876352310180664e-01
6.131075620651245117e-01
3.964198231697082520e-01
5.982967019081115723e-01
6.021433472633361816e-01
6.467130184173583984e-01
6.377031207084655762e-01
6.847445368766784668e-01
2.081153392791748047e-01
5.261526107788085938e-01
5.026071667671203613e-01
6.350699663162231445e-01
5.798511505126953125e-01
6.999532580375671387e-01
6.645674705505371094e-01
6.444855928421020508e-01
3.664148449897766113e-01
3.526357412338256836e-01
6.909463405609130859e-01
6.950921416282653809e-01
2.930907309055328369e-01
6.363728046417236328e-01
4.306350946426391602e-01
6.034398674964904785e-01
5.098485946655273438e-01
6.978377103805541992e-01
4.072178304195404053e-01
6.180832982063293457e-01
6.731200218200683594e-01
5.428395271301269531e-01
6.426524519920349121e-01
6.624156832695007324e-01
4.743287265300750732e-01
7.081573605537414551e-01
6.611478328704833984e-01
2.773484587669372559e-01
7.225121855735778809e-01
7.443913817405700684e-01
6.788229942321777344e-01
5.202122926712036133e-01
4.761527776718139648e-01
4.801863059401512146e-02
4.389501512050628662e-01
7.574079092592000961e-03
7.069246768951416016e-01
6.354721188545227051e-01
5.745854377746582031e-01
6.389281749725341797e-01
3.380296230316162109e-01
6.591040492057800293e-01
6.403300166130065918e-01
3.814054280519485474e-02
6.397698521614074707e-01
6.623375415802001953e-01
3.549503684043884277e-01
6.260434389114379883e-01
6.690442562103271484e-01
6.029390096664428711e-01
6.757705211639404297e-01
5.717216134071350098e-01
2.025993913412094116e-02
3.604483231902122498e-02
4.934474229812622070e-01
6.507871747016906738e-01
6.351952254772186279e-02
5.329331159591674805e-01
4.044183790683746338e-01
4.890635609626770020e-01
6.753721237182617188e-01
7.483361363410949707e-01
4.920387268066406250e-01
6.179104447364807129e-01
4.736645221710205078e-01
6.258325576782226562e-01
7.176296710968017578e-01
6.004508137702941895e-01
6.146658658981323242e-01
6.461491584777832031e-01
3.558453321456909180e-01
1.847770214080810547e-01
5.589661002159118652e-01
6.023130416870117188e-01
6.276369690895080566e-01
6.998158097267150879e-01
6.960932016372680664e-01
6.106890439987182617e-01
6.885530948638916016e-01
3.679438233375549316e-01
2.536234557628631592e-01
5.792690515518188477e-01
2.801057882606983185e-02
4.107351303100585938e-01
2.778519093990325928e-01
3.627097010612487793e-01
6.089968085289001465e-01
6.851720213890075684e-01
5.225484967231750488e-01
2.212014198303222656e-01
5.811451077461242676e-01
6.627642512321472168e-01
6.745144724845886230e-01
3.310204148292541504e-01
6.841261386871337891e-01
6.826997995376586914e-01
6.667070388793945312e-01
4.756565093994140625e-01
7.181519269943237305e-01
6.483886837959289551e-01
6.288855075836181641e-01
6.299003362655639648e-01
6.974022388458251953e-01
6.737921237945556641e-01
6.716997027397155762e-01
6.074347496032714844e-01
6.628714799880981445e-01
7.200853824615478516e-01
4.997884929180145264e-01
6.305002570152282715e-01
2.950524091720581055e-01
7.181982994079589844e-01
4.367430806159973145e-01
5.902087688446044922e-01
6.245917081832885742e-01
1.598882824182510376e-01
6.885839700698852539e-01
6.288542151451110840e-01
5.689467191696166992e-01
6.795935630798339844e-01
6.853949427604675293e-01
5.879411473870277405e-02
5.915110111236572266e-01
6.090552210807800293e-01
3.822011053562164307e-01
6.857289671897888184e-01
5.595443248748779297e-01
6.635772585868835449e-01
6.239967942237854004e-01
6.867496371269226074e-01
5.118491053581237793e-01
6.378338932991027832e-01
1.417972147464752197e-02
6.558157801628112793e-01
6.078534722328186035e-01
2.119013369083404541e-01
6.198094487190246582e-01
4.648548960685729980e-01
5.723747611045837402e-01
6.610620021820068359e-01
4.713767766952514648e-01
6.037039756774902344e-01
6.262488961219787598e-01
5.760703682899475098e-01
6.529908776283264160e-01
7.161678075790405273e-01
6.442503333091735840e-01
9.148689359426498413e-02
6.524772644042968750e-01
5.721552371978759766e-01
6.124894618988037109e-01
7.380514144897460938e-01
5.550217032432556152e-01
5.829815268516540527e-01
3.217624127864837646e-01
5.841549634933471680e-01
6.214452385902404785e-01
6.667016148567199707e-01
6.381127834320068359e-01
6.529951095581054688e-01
4.887349605560302734e-01
5.996861681342124939e-02
4.579432010650634766e-01
6.101495027542114258e-01
6.442811489105224609e-01
6.694255471229553223e-01
6.677713394165039062e-01
6.057565212249755859e-01
6.914466023445129395e-01
6.852294802665710449e-01
5.504454374313354492e-01
4.283696115016937256e-01
7.181913852691650391e-01
5.128849744796752930e-01
6.148527264595031738e-01
6.477289199829101562e-01
2.295873127877712250e-02
5.386458635330200195e-01
7.084948420524597168e-01
3.392386138439178467e-01
6.456976532936096191e-01
6.441505551338195801e-01
6.765534877777099609e-01
7.198474407196044922e-01
6.273061037063598633e-01
3.921432197093963623e-01
7.284616678953170776e-02
2.383681982755661011e-01
7.351207733154296875e-01
6.949037909507751465e-01
6.740665435791015625e-01
6.534214615821838379e-01
5.294191837310791016e-01
2.648383677005767822e-01
5.175457000732421875e-01
6.409169435501098633e-01
6.960932016372680664e-01
3.489159643650054932e-01
6.343195438385009766e-01
7.295724749565124512e-01
6.642026901245117188e-01
1.545319110155105591e-01
4.546078145503997803e-01
7.208174467086791992e-01
4.658665955066680908e-01
6.291255950927734375e-01
5.967010855674743652e-01
5.447664260864257812e-01
3.960036039352416992e-01
1.965369135141372681e-01
6.615672111511230469e-01
6.423099637031555176e-01
2.879736423492431641e-01
2.856819890439510345e-02
3.121795654296875000e-01
6.727852225303649902e-01
6.091694831848144531e-01
4.832832217216491699e-01
5.769462585449218750e-01
7.126591205596923828e-01
1.280451267957687378e-01
6.234120130538940430e-01
7.107279300689697266e-01
6.288064718246459961e-01
5.496107339859008789e-01
7.072542309761047363e-01
7.155645489692687988e-01
5.369900465011596680e-01
7.187343239784240723e-01
7.252221107482910156e-01
5.898577570915222168e-01
4.551407396793365479e-01
7.032302021980285645e-01
6.271475553512573242e-01
5.797185897827148438e-01
6.098603010177612305e-01
6.783863902091979980e-01
2.903009951114654541e-01
5.229314565658569336e-01
4.936516582965850830e-01
6.983058452606201172e-01
4.648548960685729980e-01
1.647737324237823486e-01
5.549022555351257324e-01
4.085911214351654053e-01
6.809376478195190430e-01
4.556944668292999268e-01
5.778151154518127441e-01
2.443932555615901947e-02
6.197556853294372559e-01
6.979063749313354492e-01
6.601272821426391602e-01
6.603888869285583496e-01
6.965001225471496582e-01
6.359372735023498535e-01
7.108775377273559570e-01
7.382531166076660156e-01
6.731770038604736328e-01
6.711424589157104492e-01
6.824709177017211914e-01
3.340367227792739868e-02
6.657310724258422852e-01
7.295806407928466797e-01
7.227566838264465332e-01
5.071413516998291016e-01
5.972964763641357422e-01
4.145902395248413086e-02
7.098759412765502930e-01
3.178398907184600830e-01
7.040070891380310059e-01
5.365913510322570801e-01
5.981454849243164062e-01
6.442611813545227051e-01
6.122121214866638184e-01
6.451746821403503418e-01
5.870312452316284180e-01
6.826551556587219238e-01
4.574864208698272705e-01
6.601811647415161133e-01
6.415261626243591309e-01
5.325148105621337891e-01
5.834305286407470703e-01
5.877138376235961914e-01
6.065045595169067383e-01
5.612152218818664551e-01
6.156283020973205566e-01
6.305288672447204590e-01
5.889580249786376953e-01
2.665095329284667969e-01
4.827440083026885986e-01
4.604083597660064697e-01
6.647510528564453125e-01
2.834176458418369293e-02
6.524603366851806641e-01
4.196504652500152588e-01
6.736940145492553711e-01
6.407690048217773438e-01
6.977752447128295898e-01
6.486546397209167480e-01
3.235096931457519531e-01
3.418141901493072510e-01
5.915013551712036133e-01
1.879822462797164917e-01
4.050634205341339111e-01
6.112813353538513184e-01
6.844788789749145508e-01
4.282218515872955322e-01
6.183341145515441895e-01
6.610474586486816406e-01
6.200488805770874023e-01
6.446489095687866211e-01
6.179532408714294434e-01
6.159721612930297852e-01
6.021755933761596680e-01
6.950787305831909180e-01
6.910620927810668945e-01
6.851665377616882324e-01
5.226038694381713867e-01
6.196072697639465332e-01
7.745898365974426270e-01
6.080808639526367188e-01
6.715418696403503418e-01
6.230636239051818848e-01
1.002144515514373779e-01
1.229518875479698181e-01
7.409439086914062500e-01
7.135127186775207520e-01
2.917037904262542725e-01
6.719231605529785156e-01
1.243677660822868347e-01
5.311387777328491211e-01
6.009256243705749512e-01
9.343194961547851562e-02
4.352609217166900635e-01
6.805248856544494629e-01
6.273117065429687500e-01
7.321786284446716309e-01
5.659751296043395996e-01
5.599216818809509277e-01
3.352321386337280273e-01
5.998536944389343262e-01
6.617708802223205566e-01
1.339541077613830566e-01
6.939063668251037598e-01
6.720373034477233887e-01
5.566852688789367676e-01
3.809990286827087402e-01
1.171918287873268127e-01
3.338311016559600830e-01
2.201730757951736450e-01
2.305954843759536743e-01
6.148864626884460449e-01
5.401132106781005859e-01
1.196086034178733826e-01
6.145417690277099609e-01
6.760576963424682617e-01
7.027945518493652344e-01
5.627164840698242188e-01
6.205370426177978516e-01
9.489376097917556763e-02
6.729633212089538574e-01
6.251003742218017578e-01
4.229510128498077393e-01
3.623716533184051514e-01
6.315010786056518555e-01
5.473777055740356445e-01
2.270434200763702393e-01
6.070606708526611328e-01
3.913990035653114319e-02
7.260886430740356445e-01
7.062698602676391602e-01
5.249787569046020508e-01
4.964102059602737427e-02
7.031997442245483398e-01
5.704462528228759766e-01
6.731435060501098633e-01
6.242901682853698730e-01
6.300003528594970703e-01
6.991285085678100586e-01
6.619002223014831543e-01
6.452351808547973633e-01
6.467826962471008301e-01
6.339594125747680664e-01
5.749415159225463867e-01
5.674335360527038574e-01
6.532734036445617676e-01
1.312109827995300293e-02
2.499327808618545532e-01
6.911094188690185547e-01
6.562711000442504883e-01
2.642068564891815186e-01
6.678079962730407715e-01
2.408503592014312744e-01
6.457225680351257324e-01
3.586302399635314941e-01
6.942338347434997559e-01
6.562320590019226074e-01
4.378129541873931885e-01
4.407848417758941650e-01
5.626295804977416992e-01
6.499786972999572754e-01
6.911420226097106934e-01
1.805276870727539062e-01
6.211076378822326660e-01
7.189372777938842773e-01
2.836379408836364746e-01
7.227249741554260254e-01
6.666123867034912109e-01
7.120763063430786133e-01
6.724306941032409668e-01
4.683413505554199219e-01
6.258051991462707520e-01
6.404263377189636230e-01
6.199221611022949219e-01
6.704396009445190430e-01
7.338569760322570801e-01
5.610166192054748535e-01
5.277253985404968262e-01
6.627632975578308105e-01
6.279899477958679199e-01
4.566779732704162598e-01
5.329086184501647949e-01
6.288640499114990234e-01
6.898662447929382324e-01
7.441551089286804199e-01
5.935388207435607910e-01
6.809310317039489746e-01
4.075093567371368408e-01
5.754928588867187500e-01
9.026172570884227753e-03
5.614207386970520020e-01
5.366604328155517578e-01
5.933787226676940918e-01
5.781909227371215820e-01
5.979071259498596191e-01
6.305665373802185059e-01
9.624621830880641937e-03
6.796566843986511230e-01
6.397339701652526855e-01
6.393823623657226562e-01
6.501303911209106445e-01
3.864409327507019043e-01
6.038655638694763184e-01
6.938489079475402832e-01
2.460855431854724884e-02
6.512387990951538086e-01
6.030814051628112793e-01
2.491601929068565369e-02
3.715096116065979004e-01
6.266406774520874023e-01
6.553121805191040039e-01
6.372868418693542480e-01
6.582409143447875977e-01
6.340670585632324219e-01
4.844551980495452881e-01
6.484872102737426758e-01
6.064709424972534180e-01
6.389515995979309082e-01
7.680228352546691895e-02
4.812734127044677734e-01
5.661603808403015137e-01
5.600048899650573730e-01
6.628981828689575195e-01
5.431700497865676880e-02
6.644435524940490723e-01
6.039671301841735840e-01
5.456997156143188477e-01
5.360679030418395996e-01
3.244580030441284180e-01
6.357832551002502441e-01
6.941516995429992676e-01
5.714553594589233398e-01
9.312587976455688477e-02
6.542169451713562012e-01
6.305376291275024414e-01
6.317262053489685059e-01
5.637562274932861328e-01
6.270117759704589844e-01
7.281461954116821289e-01
6.487063169479370117e-01
7.164351940155029297e-01
5.422760844230651855e-01
1.868738383054733276e-01
7.136338949203491211e-01
1.621744967997074127e-02
7.209705710411071777e-01
5.994430780410766602e-01
6.090341806411743164e-01
3.182816207408905029e-01
4.385295808315277100e-01
3.614469170570373535e-01
5.856845974922180176e-01
4.640946984291076660e-01
3.499906361103057861e-01
5.950046777725219727e-01
3.895577788352966309e-01
6.668745875358581543e-01
6.789497733116149902e-01
6.760025620460510254e-01
6.578938364982604980e-01
7.221012115478515625e-01
5.162812471389770508e-01
6.481704711914062500e-01
4.013513326644897461e-01
5.319545865058898926e-01
1.379600763320922852e-01
1.010599639266729355e-02
5.384497642517089844e-01
7.120763063430786133e-01
5.814741253852844238e-01
5.569627285003662109e-01
6.842181682586669922e-01
6.569260358810424805e-01
3.847365379333496094e-01
5.887770652770996094e-01
4.758517742156982422e-01
5.039119720458984375e-01
5.913764834403991699e-01
6.562040448188781738e-01
4.405422806739807129e-01
6.444307565689086914e-01
7.204433679580688477e-01
6.953961253166198730e-01
6.700053811073303223e-01
7.112398147583007812e-01
6.722657084465026855e-01
3.095038235187530518e-01
5.022456645965576172e-01
6.690247654914855957e-01
7.750617805868387222e-03
6.459331512451171875e-01
5.377303957939147949e-01
6.882236599922180176e-01
6.034213304519653320e-01
6.377976536750793457e-01
3.695554733276367188e-01
6.168612837791442871e-01
5.706995129585266113e-01
6.806166172027587891e-01
4.708317518234252930e-01
5.077533721923828125e-01
6.847943067550659180e-01
6.076622009277343750e-01
6.380776166915893555e-01
5.852969884872436523e-01
3.530496656894683838e-01
6.706128716468811035e-01
5.900255441665649414e-01
5.969048142433166504e-01
6.487775444984436035e-01
1.727808117866516113e-01
7.136813998222351074e-01
6.522070169448852539e-01
5.566760301589965820e-01
6.841143965721130371e-01
6.037763953208923340e-01
6.784865260124206543e-01
6.427718400955200195e-01
5.683772563934326172e-01
6.877024173736572266e-01
6.982533931732177734e-01
5.937616825103759766e-01
5.287320017814636230e-01
3.714269101619720459e-01
5.877129435539245605e-01
6.404045820236206055e-01
5.395760536193847656e-01
7.812070101499557495e-02
4.905731678009033203e-01
6.920132637023925781e-01
3.800443187355995178e-02
4.124742746353149414e-01
6.087717413902282715e-01
6.405165195465087891e-01
7.626461237668991089e-02
5.924931168556213379e-01
1.563552320003509521e-01
6.517016291618347168e-01
6.388525366783142090e-01
6.200119853019714355e-01
7.275388836860656738e-01
5.316159129142761230e-01
5.696817040443420410e-01
7.396338582038879395e-01
6.847322583198547363e-01
5.176782011985778809e-01
5.425071120262145996e-01
3.307698071002960205e-01
3.889704942703247070e-01
3.481527268886566162e-01
2.192364484071731567e-01
4.707013070583343506e-01
1.648218929767608643e-01
5.683172941207885742e-01
7.246884703636169434e-01
6.212000846862792969e-01
6.499674320220947266e-01
6.397563815116882324e-01
4.673322439193725586e-01
7.344475984573364258e-01
7.419220209121704102e-01
1.940894871950149536e-01
5.845436453819274902e-01
8.904635906219482422e-02
6.184048056602478027e-01
1.976318359375000000e-01
1.088327262550592422e-02
6.606718301773071289e-01
6.838372349739074707e-01
6.583944559097290039e-01
4.948550164699554443e-01
5.219094753265380859e-01
7.224726080894470215e-01
6.911241412162780762e-01
6.726673245429992676e-01
6.892842650413513184e-01
6.660181283950805664e-01
6.475867629051208496e-01
5.355347394943237305e-01
6.005902290344238281e-01
6.304267048835754395e-01
5.813907384872436523e-01
6.993442177772521973e-01
6.615085005760192871e-01
6.460877060890197754e-01
1.896153092384338379e-01
5.520064830780029297e-01
6.435988545417785645e-01
7.291662096977233887e-01
6.578356027603149414e-01
3.605571091175079346e-01
6.086418628692626953e-01
6.792591810226440430e-01
5.424711108207702637e-01
5.448749065399169922e-01
6.991004347801208496e-01
6.028345823287963867e-01
7.325615882873535156e-01
2.543112039566040039e-01
4.257160425186157227e-01
6.837064623832702637e-01
2.504343986511230469e-01
1.351249366998672485e-01
4.004115611314773560e-02
4.662604928016662598e-01
4.560195803642272949e-01
4.802488684654235840e-01
5.761528015136718750e-02
5.873610973358154297e-01
6.259239912033081055e-01
8.746562525629997253e-03
2.273491211235523224e-02
6.577333807945251465e-01
3.804542720317840576e-01
6.808538436889648438e-01
4.932838082313537598e-01
6.890151500701904297e-01
4.934732019901275635e-01
6.526942253112792969e-01
2.449406832456588745e-01
6.364864706993103027e-01
6.885742545127868652e-01
7.142480611801147461e-01
5.150395631790161133e-01
7.265668511390686035e-01
6.242073774337768555e-01
6.485964655876159668e-01
3.964261114597320557e-01
1.843424737453460693e-01
3.550662696361541748e-01
3.346748650074005127e-01
4.003578424453735352e-01
2.326265871524810791e-01
5.457580089569091797e-01
6.670070886611938477e-01
6.648139357566833496e-01
6.659978628158569336e-01
6.578133106231689453e-01
6.558632254600524902e-01
3.741329312324523926e-01
4.366424977779388428e-01
5.873019099235534668e-01
6.687620282173156738e-01
2.596882879734039307e-01
6.251331567764282227e-01
1.077206879854202271e-01
4.881567060947418213e-01
6.697505116462707520e-01
6.308526396751403809e-01
6.976681947708129883e-01
3.082298338413238525e-01
6.168168783187866211e-01
1.712475419044494629e-01
6.152736544609069824e-01
3.661588430404663086e-01
6.882786750793457031e-01
5.540829300880432129e-01
4.957125186920166016e-01
5.990737676620483398e-01
7.287021260708570480e-03
1.274163126945495605e-01
5.241456031799316406e-01
5.858624577522277832e-01
6.419630050659179688e-01
4.491882324218750000e-01
1.144218817353248596e-01
5.831285119056701660e-01
4.736518859863281250e-01
5.029107928276062012e-01
3.437164723873138428e-01
3.461310565471649170e-01
6.883686035871505737e-02
6.209166646003723145e-01
6.436554193496704102e-01
3.291064500808715820e-01
7.158259749412536621e-01
6.985484957695007324e-01
9.849498420953750610e-02
4.023473858833312988e-01
6.045002341270446777e-01
7.011994123458862305e-01
6.663023233413696289e-01
6.440623402595520020e-01
6.061612367630004883e-01
6.724991798400878906e-01
5.244473814964294434e-01
3.354466855525970459e-01
2.727706730365753174e-01
3.901517689228057861e-01
1.874410361051559448e-01
6.673215627670288086e-01
5.903021693229675293e-01
5.997821092605590820e-01
5.591798424720764160e-01
3.144616782665252686e-01
6.712944507598876953e-01
6.866416335105895996e-01
4.398117065429687500e-01
7.136214375495910645e-01
6.934319138526916504e-01
2.340421527624130249e-01
2.760645933449268341e-02
6.366275548934936523e-01
5.722875595092773438e-01
6.481902003288269043e-01
2.351534962654113770e-01
2.009365856647491455e-01
6.446366906166076660e-01
2.422349154949188232e-02
6.216197088360786438e-02
2.914074361324310303e-01
4.007492959499359131e-01
5.322889685630798340e-01
5.789189934730529785e-01
5.016676783561706543e-01
5.734344199299812317e-02
4.081397950649261475e-01
6.099858880043029785e-01
2.334641516208648682e-01
6.883886456489562988e-01
6.961897611618041992e-01
5.532072782516479492e-01
5.144383311271667480e-01
6.800573468208312988e-01
6.371499300003051758e-01
4.788116514682769775e-01
6.130291819572448730e-01
3.756703436374664307e-01
2.356376312673091888e-02
6.623195409774780273e-01
6.664663553237915039e-01
3.234716653823852539e-01
2.108196467161178589e-01
6.253284811973571777e-01
7.340034246444702148e-01
7.038357257843017578e-01
9.891084581613540649e-02
6.516419649124145508e-01
5.454550385475158691e-01
5.185185074806213379e-01
6.351447105407714844e-01
6.437143087387084961e-01
3.073273301124572754e-01
5.853897333145141602e-01
5.667486786842346191e-01
1.832028105854988098e-02
6.907916069030761719e-01
3.183637261390686035e-01
3.576642870903015137e-01
6.926258802413940430e-01
6.035348176956176758e-01
9.820980578660964966e-02
5.391290783882141113e-01
5.426973104476928711e-01
6.286866664886474609e-01
3.732291162014007568e-01
5.792336463928222656e-01
9.646630287170410156e-02
6.675704121589660645e-01
4.895311594009399414e-01
4.183149337768554688e-01
6.631736159324645996e-01
6.819196939468383789e-01
2.824493050575256348e-01
5.918411016464233398e-01
5.060527920722961426e-01
5.488991141319274902e-01
7.277998328208923340e-01
2.869605123996734619e-01
2.264656424522399902e-01
4.539862871170043945e-01
6.745008826255798340e-01
3.334539532661437988e-01
6.658877134323120117e-01
7.017750740051269531e-01
6.636845469474792480e-01
7.904189825057983398e-02
6.821472048759460449e-01
6.397947669029235840e-01
7.012985348701477051e-01
5.513493418693542480e-01
6.971280574798583984e-01
4.511032998561859131e-01
2.078534215688705444e-01
6.534244418144226074e-01
5.843786597251892090e-01
4.962858259677886963e-01
3.831984400749206543e-01
9.662515483796596527e-03
6.952607035636901855e-01
5.386517643928527832e-01
4.917390048503875732e-01
3.873308598995208740e-01
6.236265897750854492e-01
6.345824599266052246e-01
7.057597637176513672e-01
7.871645689010620117e-02
7.178725600242614746e-01
5.473933815956115723e-01
5.266701430082321167e-02
5.542798042297363281e-01
4.277096688747406006e-01
5.423967838287353516e-01
5.437018275260925293e-01
3.403109610080718994e-01
4.875733554363250732e-01
1.333279162645339966e-01
2.323262840509414673e-01
6.573540568351745605e-01
6.918478012084960938e-01
6.658974885940551758e-01
7.120667099952697754e-01
6.914547085762023926e-01
6.591786742210388184e-01
6.837499141693115234e-01
7.046269774436950684e-01
6.500729322433471680e-01
4.686889648437500000e-01
6.988565921783447266e-01
7.427729964256286621e-01
6.304287910461425781e-01
6.913493275642395020e-01
8.784704841673374176e-03
6.664279103279113770e-01
6.443167328834533691e-01
7.266864776611328125e-01
5.478938221931457520e-01
3.216609060764312744e-01
3.596267104148864746e-01
4.151368141174316406e-01
6.706066727638244629e-01
5.468273758888244629e-01
4.837509393692016602e-01
7.093921899795532227e-01
7.099192142486572266e-01
6.552041769027709961e-01
1.549023091793060303e-01
1.312011629343032837e-01
5.940889120101928711e-01
6.622191667556762695e-01
9.985096007585525513e-02
6.182517483830451965e-02
6.697005629539489746e-01
5.003851652145385742e-01
5.292668342590332031e-01
6.780677437782287598e-01
6.975817084312438965e-01
5.718588829040527344e-01
6.715400815010070801e-01
5.996795296669006348e-01
6.241180300712585449e-01
6.804788112640380859e-01
4.081804454326629639e-01
3.688493072986602783e-01
6.426524519920349121e-01
1.731332242488861084e-01
6.634752154350280762e-01
6.557950973510742188e-01
4.319651797413825989e-02
6.596608757972717285e-01
7.337201833724975586e-01
5.701569318771362305e-01
5.142536759376525879e-01
6.553147435188293457e-01
6.755043268203735352e-01
5.594744086265563965e-01
7.213969230651855469e-01
1.968380510807037354e-01
7.154818177223205566e-01
3.401086330413818359e-01
6.926287412643432617e-01
5.820164680480957031e-01
4.724850356578826904e-01
6.711002588272094727e-01
5.882186293601989746e-01
6.908661723136901855e-01
6.823709011077880859e-01
3.845555186271667480e-01
5.842433571815490723e-01
2.816471457481384277e-01
6.466880440711975098e-01
7.039018273353576660e-01
7.225337624549865723e-01
4.849873483180999756e-01
6.942037343978881836e-01
6.894238591194152832e-01
6.757233142852783203e-01
2.423254400491714478e-02
7.267975807189941406e-01
6.748425960540771484e-01
6.316118240356445312e-01
6.404627561569213867e-01
6.349260210990905762e-01
5.017426982522010803e-02
5.684632658958435059e-01
6.341869831085205078e-01
4.430827796459197998e-01
6.576157808303833008e-01
1.784405112266540527e-02
7.698417454957962036e-02
7.111653089523315430e-01
7.039176821708679199e-01
4.956017732620239258e-01
6.381999850273132324e-01
4.133407473564147949e-01
7.089229226112365723e-01
5.314049720764160156e-01
4.679956138134002686e-01
2.382065355777740479e-01
4.324619472026824951e-01
7.061404585838317871e-01
5.516996979713439941e-01
2.602762579917907715e-01
1.458365917205810547e-01
6.455032825469970703e-01
5.875419378280639648e-01
6.550915837287902832e-01
5.831972956657409668e-01
6.266806721687316895e-01
5.800195932388305664e-01
6.379142403602600098e-01
6.573289036750793457e-01
6.714338809251785278e-02
6.535253524780273438e-01
2.995734214782714844e-01
6.236293315887451172e-01
6.488271951675415039e-01
6.558477878570556641e-01
2.576638162136077881e-01
5.510756373405456543e-01
6.680381894111633301e-01
6.588697433471679688e-01
5.963066220283508301e-01
7.161920666694641113e-01
7.084212899208068848e-01
6.811881661415100098e-01
4.427750110626220703e-01
6.197261214256286621e-01
6.789875030517578125e-01
6.774562597274780273e-01
7.086200714111328125e-01
2.627059221267700195e-01
6.397878527641296387e-01
3.002677857875823975e-01
6.953456997871398926e-01
5.869693756103515625e-01
6.515251994132995605e-01
5.845583081245422363e-01
7.260962128639221191e-01
6.222107410430908203e-01
6.782404780387878418e-01
5.701805949211120605e-01
4.468459263443946838e-02
6.554628014564514160e-01
4.094574749469757080e-01
2.568178772926330566e-01
2.507874965667724609e-01
2.656007409095764160e-01
6.061461567878723145e-01
7.239231467247009277e-01
1.686559244990348816e-02
6.244921088218688965e-01
6.166105866432189941e-01
7.454993724822998047e-01
3.001306951045989990e-01
6.512734889984130859e-01
6.070985794067382812e-01
6.214668750762939453e-01
6.156039237976074219e-01
6.804999113082885742e-01
4.809676110744476318e-01
5.788316726684570312e-01
5.953130722045898438e-01
1.834724545478820801e-01
6.076805591583251953e-01
6.533557176589965820e-01
5.721483230590820312e-01
6.001416444778442383e-01
6.577111780643463135e-02
6.779680252075195312e-01
6.425648331642150879e-01
6.891590356826782227e-01
6.396520733833312988e-01
4.803822636604309082e-01
6.613578796386718750e-01
6.774408221244812012e-01
6.704559326171875000e-01
6.988935470581054688e-01
1.773790270090103149e-01
5.526767373085021973e-01
4.405554831027984619e-01
4.247801303863525391e-01
6.704497337341308594e-01
6.480172872543334961e-01
3.074432015419006348e-01
6.414269804954528809e-01
6.222532987594604492e-01
3.701300323009490967e-01
8.696937561035156250e-02
7.124764323234558105e-01
6.155209541320800781e-01
4.800975322723388672e-01
3.339384123682975769e-02
5.884416103363037109e-01
5.368103981018066406e-01
6.907457709312438965e-01
7.022475600242614746e-01
6.679822802543640137e-01
2.604516148567199707e-01
6.533185839653015137e-01
6.584473252296447754e-01
6.112881898880004883e-01
6.153736710548400879e-01
7.229093313217163086e-01
4.062283039093017578e-01
4.252871572971343994e-01
6.708881258964538574e-01
5.445213317871093750e-01
6.846930980682373047e-01
7.090017199516296387e-01
4.698705375194549561e-01
6.112400889396667480e-01
3.429954946041107178e-01
5.463934540748596191e-01
4.483935236930847168e-01
6.656706333160400391e-01
3.100901842117309570e-01
5.226575136184692383e-01
5.837604999542236328e-01
4.913464784622192383e-01
6.030568480491638184e-01
7.221122384071350098e-01
6.256813406944274902e-01
1.400497257709503174e-01
1.142198070883750916e-01
4.835790991783142090e-01
5.734784007072448730e-01
1.874101161956787109e-01
6.488780379295349121e-01
4.636228978633880615e-01
7.050161361694335938e-01
6.136338710784912109e-01
5.165749192237854004e-01
7.171201705932617188e-02
6.694603562355041504e-01
6.641449928283691406e-01
7.029087543487548828e-01
1.001293361186981201e-01
5.311591029167175293e-01
5.759906768798828125e-01
6.757061481475830078e-01
6.619145274162292480e-01
6.798737645149230957e-01
3.330504000186920166e-01
6.457523107528686523e-01
4.920034706592559814e-01
6.646900773048400879e-01
7.081660628318786621e-02
5.219376683235168457e-01
2.824493050575256348e-01
6.749082803726196289e-01
6.916308403015136719e-01
7.028084397315979004e-01
5.403083562850952148e-01
6.546621918678283691e-01
6.742115616798400879e-01
1.598183438181877136e-02
7.222728133201599121e-01
5.680968165397644043e-01
3.423971831798553467e-01
7.161678075790405273e-01
7.109084725379943848e-01
9.401703253388404846e-03
7.126613706350326538e-02
6.399520635604858398e-01
6.778086423873901367e-01
7.013047933578491211e-01
6.455436944961547852e-01
2.439326643943786621e-01
6.334487199783325195e-01
6.645596623420715332e-01
6.546941399574279785e-01
3.179071471095085144e-02
4.405990839004516602e-01
1.649782955646514893e-01
6.554870009422302246e-01
6.680085659027099609e-01
6.738333106040954590e-01
6.073441505432128906e-01
5.857806801795959473e-01
5.121447443962097168e-01
3.061259090900421143e-01
6.263928413391113281e-01
5.908488631248474121e-01
6.877965331077575684e-01
6.897409558296203613e-01
6.869649291038513184e-01
6.837150454521179199e-01
5.995029807090759277e-01
4.992081522941589355e-01
6.302624344825744629e-01
6.300908327102661133e-01
6.917187571525573730e-01
2.022350877523422241e-01
5.051541328430175781e-01
5.288471579551696777e-01
4.994742572307586670e-01
6.244540810585021973e-01
5.895173549652099609e-01
6.762995123863220215e-01
7.178450822830200195e-01
7.083519697189331055e-01
7.019628882408142090e-01
6.247537732124328613e-01
2.151826620101928711e-01
6.740947961807250977e-01
1.587775349617004395e-01
2.770305983722209930e-02
7.042565345764160156e-01
6.051408052444458008e-01
2.484478801488876343e-01
5.621990934014320374e-02
2.916085124015808105e-01
4.097451567649841309e-01
6.328876614570617676e-01
6.519470810890197754e-01
6.265609860420227051e-01
6.563724875450134277e-01
6.651933193206787109e-01
3.752138018608093262e-01
6.533048748970031738e-01
6.963795423507690430e-01
2.950784564018249512e-01
4.146793484687805176e-01
6.829853653907775879e-01
5.379577875137329102e-01
6.159273982048034668e-01
6.267653107643127441e-01
6.353117227554321289e-01
6.389587521553039551e-01
6.507813334465026855e-01
5.934003591537475586e-01
6.090955138206481934e-01
2.824493050575256348e-01
6.434112787246704102e-01
5.222321152687072754e-01
7.046743035316467285e-01
5.065852776169776917e-02
5.920714735984802246e-01
7.097259163856506348e-01
6.919731199741363525e-02
5.575514435768127441e-01
6.375811696052551270e-01
6.897512674331665039e-01
6.797538399696350098e-01
6.813008189201354980e-01
4.149340093135833740e-01
6.671411395072937012e-01
4.916497170925140381e-01
6.864264607429504395e-01
1.241255179047584534e-02
4.020208120346069336e-01
6.475208401679992676e-01
2.694973945617675781e-01
5.662992000579833984e-01
1.059331297874450684e-01
6.084235310554504395e-01
2.855183184146881104e-01
4.681628644466400146e-01
5.641501545906066895e-01
6.460479497909545898e-01
5.956106781959533691e-01
6.544491648674011230e-01
5.353599190711975098e-01
1.641759462654590607e-02
5.624925494194030762e-01
4.049289524555206299e-01
6.239959001541137695e-01
2.050319761037826538e-01
6.296643018722534180e-01
7.284550070762634277e-01
7.094483971595764160e-01
1.912663877010345459e-01
4.972877502441406250e-01
6.741281747817993164e-01
5.868633389472961426e-01
3.897630274295806885e-01
7.329980134963989258e-01
5.460463166236877441e-01
6.998057365417480469e-01
1.333063542842864990e-01
6.840087175369262695e-01
4.461246132850646973e-01
3.093731999397277832e-01
6.197317242622375488e-01
7.138844728469848633e-01
6.732539534568786621e-01
6.457608938217163086e-01
6.685756444931030273e-01
5.383591651916503906e-01
5.411441922187805176e-01
6.084178686141967773e-01
6.511880755424499512e-01
5.591473579406738281e-01
6.330574750900268555e-01
5.649288296699523926e-01
3.374375402927398682e-02
5.507667064666748047e-01
6.249188184738159180e-01
6.614461541175842285e-01
7.402253746986389160e-01
6.582708954811096191e-01
1.577789783477783203e-01
4.775030314922332764e-01
6.504617333412170410e-01
3.491182327270507812e-01
6.800569295883178711e-01
6.942522525787353516e-01
6.822530031204223633e-01
6.320900917053222656e-01
4.817257821559906006e-01
4.920603930950164795e-01
1.235183849930763245e-01
6.846351623535156250e-01
6.776509881019592285e-01
6.663499474525451660e-01
6.840678453445434570e-01
6.548436880111694336e-01
2.680024206638336182e-01
6.869754195213317871e-01
6.666523218154907227e-01
6.902611851692199707e-01
5.269647240638732910e-01
3.228788971900939941e-01
6.592396497726440430e-01
6.493291258811950684e-01
1.576871871948242188e-01
6.613060832023620605e-01
5.017564892768859863e-01
7.517474293708801270e-01
3.354974985122680664e-01
7.178922891616821289e-01
6.056293845176696777e-01
6.801869869232177734e-01
4.716199636459350586e-01
4.299190342426300049e-01
4.767484366893768311e-01
3.598387241363525391e-01
4.588550329208374023e-01
5.325103998184204102e-01
5.749446749687194824e-01
5.791214108467102051e-01
7.226426601409912109e-01
6.526292562484741211e-01
1.304407119750976562e-01
7.103926539421081543e-01
5.563408732414245605e-01
6.441660523414611816e-01
6.242070794105529785e-01
7.244123220443725586e-01
1.394864767789840698e-01
5.875520706176757812e-01
6.720092296600341797e-01
7.003757953643798828e-01
4.357466399669647217e-01
6.618933081626892090e-01
7.323902845382690430e-01
5.808691978454589844e-01
6.728625893592834473e-01
4.353194832801818848e-01
6.070932149887084961e-01
6.261916160583496094e-01
6.516113281250000000e-01
6.672329902648925781e-01
3.212841451168060303e-01
4.371078312397003174e-01
7.148252129554748535e-01
5.335758924484252930e-01
2.157592922449111938e-01
7.007662206888198853e-02
5.158712267875671387e-01
3.569683730602264404e-01
5.354739427566528320e-01
6.239608526229858398e-01
6.290963292121887207e-01
4.174824357032775879e-01
6.052374243736267090e-01
4.829721450805664062e-01
6.615856289863586426e-01
5.540019869804382324e-01
6.925457119941711426e-01
5.061817169189453125e-01
6.509728431701660156e-01
6.475510597229003906e-01
6.825614571571350098e-01
6.578684449195861816e-01
2.115229666233062744e-01
6.409724354743957520e-01
5.061088800430297852e-01
4.239155054092407227e-01
5.362120270729064941e-01
5.478925704956054688e-01
5.763632655143737793e-01
4.279150441288948059e-02
5.187465548515319824e-01
4.901169240474700928e-01
4.455978572368621826e-01
6.589141488075256348e-01
5.536836981773376465e-01
6.077272295951843262e-01
6.580905914306640625e-01
6.676102876663208008e-01
5.990055203437805176e-01
7.255021333694458008e-01
6.792716383934020996e-01
7.027722597122192383e-01
5.885798931121826172e-01
6.912796497344970703e-01
7.161493301391601562e-01
6.783763170242309570e-01
6.388460397720336914e-01
5.467580556869506836e-01
6.526343226432800293e-01
5.858045220375061035e-01
7.452031373977661133e-01
7.069627046585083008e-01
6.391399502754211426e-01
6.131854653358459473e-01
4.080157876014709473e-01
2.692524790763854980e-01
5.107412338256835938e-01
1.305542699992656708e-02
3.786033093929290771e-01
6.645262241363525391e-01
6.554366946220397949e-01
2.323351949453353882e-01
1.940451413393020630e-01
2.997868955135345459e-01
5.517130494117736816e-01
7.061986923217773438e-01
5.337687134742736816e-01
6.885856389999389648e-01
5.639424324035644531e-01
6.373449563980102539e-01
6.080973148345947266e-01
5.120744705200195312e-01
6.379428505897521973e-01
4.746706783771514893e-02
4.742307960987091064e-01
7.048947215080261230e-01
6.653074175119400024e-02
4.798892438411712646e-01
6.296902894973754883e-01
7.099369764328002930e-01
6.121639013290405273e-01
1.352146863937377930e-01
6.453621387481689453e-01
3.600299358367919922e-01
5.895487070083618164e-01
7.164444923400878906e-01
2.696614265441894531e-01
4.512985646724700928e-01
3.749564290046691895e-01
6.134438514709472656e-01
6.405665278434753418e-01
3.586302101612091064e-01
7.155017852783203125e-01
5.739907026290893555e-01
7.518753409385681152e-01
6.776469945907592773e-01
