2.284539043903350830e-01
2.655574381351470947e-01
3.949038684368133545e-01
3.829455375671386719e-01
2.994642853736877441e-01
4.791688621044158936e-01
4.755868911743164062e-01
3.627877533435821533e-01
3.606314659118652344e-01
3.096980750560760498e-01
3.710534274578094482e-01
4.882578551769256592e-01
4.063217937946319580e-01
4.045224487781524658e-01
4.451504349708557129e-01
4.704954326152801514e-01
4.187263548374176025e-01
3.227910101413726807e-01
2.666516900062561035e-01
4.564320743083953857e-01
5.417028665542602539e-01
4.589241147041320801e-01
4.314467012882232666e-01
5.577824115753173828e-01
3.676492571830749512e-01
4.706441164016723633e-01
4.867220520973205566e-01
3.119988441467285156e-01
3.549429476261138916e-01
4.508960545063018799e-01
5.758740901947021484e-01
4.137873351573944092e-01
4.559662342071533203e-01
4.373912513256072998e-01
2.191147804260253906e-01
4.816675186157226562e-01
4.914937615394592285e-01
4.724380373954772949e-01
6.457339972257614136e-02
5.642325878143310547e-01
4.863210916519165039e-01
2.930307686328887939e-01
4.959642291069030762e-01
3.924224078655242920e-01
3.622343838214874268e-01
4.531547129154205322e-01
3.963476419448852539e-01
4.174900650978088379e-01
4.061012566089630127e-01
4.810083210468292236e-01
3.465795814990997314e-01
4.636232554912567139e-01
3.724787235260009766e-01
4.841535985469818115e-01
4.428485929965972900e-01
3.180212676525115967e-01
5.498211979866027832e-01
4.003348648548126221e-01
6.457339972257614136e-02
4.715291261672973633e-01
4.136417806148529053e-01
4.364136159420013428e-01
4.023017585277557373e-01
4.589582681655883789e-01
5.453866124153137207e-01
3.314148783683776855e-01
4.998041093349456787e-01
3.487122058868408203e-01
4.872115552425384521e-01
4.142998754978179932e-01
3.491892516613006592e-01
3.412470221519470215e-01
5.159136652946472168e-01
4.067416787147521973e-01
3.822109699249267578e-01
4.085653424263000488e-01
4.927059113979339600e-01
1.830107122659683228e-01
3.673352599143981934e-01
2.431477755308151245e-01
3.936175107955932617e-01
5.154827833175659180e-01
5.066431760787963867e-01
2.895838022232055664e-01
4.357471168041229248e-01
3.951754271984100342e-01
3.610010445117950439e-01
5.198943614959716797e-01
3.414361774921417236e-01
6.457339972257614136e-02
3.840337097644805908e-01
4.189856052398681641e-01
3.828758001327514648e-01
4.153113365173339844e-01
3.655803203582763672e-01
4.617978632450103760e-01
4.934912025928497314e-01
4.698460996150970459e-01
4.036137461662292480e-01
4.795759916305541992e-01
2.826549112796783447e-01
4.497256875038146973e-01
4.657403230667114258e-01
2.672027945518493652e-01
4.590927064418792725e-01
4.414817392826080322e-01
3.261848092079162598e-01
2.931578755378723145e-01
4.914071559906005859e-01
3.254843652248382568e-01
3.423666954040527344e-01
3.572305142879486084e-01
4.613835513591766357e-01
4.724848866462707520e-01
2.627286911010742188e-01
3.904407620429992676e-01
4.612495899200439453e-01
4.287670552730560303e-01
3.369773328304290771e-01
4.172723591327667236e-01
3.478812277317047119e-01
4.290915727615356445e-01
4.375639259815216064e-01
4.816691875457763672e-01
3.660274744033813477e-01
4.131309688091278076e-01
2.482690811157226562e-01
2.290160357952117920e-01
3.678159117698669434e-01
2.226839363574981689e-01
4.128086268901824951e-01
4.299496412277221680e-01
4.240493178367614746e-01
3.943228423595428467e-01
4.075735807418823242e-01
6.457339972257614136e-02
3.829350769519805908e-01
4.686835110187530518e-01
4.421731829643249512e-01
4.009746313095092773e-01
4.716197550296783447e-01
5.325661897659301758e-01
4.323990046977996826e-01
4.262095987796783447e-01
4.164401888847351074e-01
4.514843523502349854e-01
3.454815149307250977e-01
4.579797983169555664e-01
5.493113398551940918e-01
3.972374498844146729e-01
4.466730952262878418e-01
3.493509590625762939e-01
3.508192002773284912e-01
4.037214517593383789e-01
4.906359612941741943e-01
4.859230816364288330e-01
2.865636944770812988e-01
3.601075708866119385e-01
4.678471386432647705e-01
5.262029767036437988e-01
5.059995055198669434e-01
3.851999044418334961e-01
3.485569953918457031e-01
5.079715251922607422e-01
3.414817452430725098e-01
4.250344932079315186e-01
3.343695998191833496e-01
5.249279141426086426e-01
3.142724335193634033e-01
3.243302702903747559e-01
4.169239401817321777e-01
3.868098855018615723e-01
4.613385796546936035e-01
5.441761612892150879e-01
4.467680454254150391e-01
5.509532690048217773e-01
1.829435974359512329e-01
3.820410966873168945e-01
3.810050487518310547e-01
3.622919917106628418e-01
4.389640390872955322e-01
3.726504147052764893e-01
3.041171431541442871e-01
4.671411216259002686e-01
3.729490935802459717e-01
5.159837603569030762e-01
5.861913561820983887e-01
3.352168798446655273e-01
4.887680113315582275e-01
3.827355504035949707e-01
4.553103148937225342e-01
4.912985265254974365e-01
4.076218903064727783e-01
2.951268851757049561e-01
4.749536216259002686e-01
4.614918828010559082e-01
4.198957979679107666e-01
4.284476041793823242e-01
4.296371638774871826e-01
4.130894839763641357e-01
4.151881635189056396e-01
3.832642734050750732e-01
3.835150599479675293e-01
4.647604823112487793e-01
5.110930204391479492e-01
3.459825515747070312e-01
3.478094935417175293e-01
5.460847020149230957e-01
6.457339972257614136e-02
4.563122391700744629e-01
3.991707265377044678e-01
3.963066339492797852e-01
2.926123440265655518e-01
3.218376338481903076e-01
4.420150816440582275e-01
3.636600673198699951e-01
5.134471058845520020e-01
4.674554765224456787e-01
4.888626933097839355e-01
4.175969958305358887e-01
3.845743238925933838e-01
3.616555631160736084e-01
5.051255822181701660e-01
4.545488357543945312e-01
6.457339972257614136e-02
4.084174335002899170e-01
6.457339972257614136e-02
3.777191340923309326e-01
4.415409266948699951e-01
4.155775904655456543e-01
4.767159223556518555e-01
4.285191297531127930e-01
3.673247992992401123e-01
4.494703114032745361e-01
4.662457108497619629e-01
3.101200163364410400e-01
3.373039066791534424e-01
3.250118196010589600e-01
4.246362745761871338e-01
4.704541563987731934e-01
3.428067266941070557e-01
3.378374576568603516e-01
2.719974517822265625e-01
3.953255712985992432e-01
3.910189270973205566e-01
6.457339972257614136e-02
3.552304506301879883e-01
3.973285853862762451e-01
3.750424683094024658e-01
4.700238108634948730e-01
3.812591135501861572e-01
5.313936471939086914e-01
4.650605022907257080e-01
4.838568568229675293e-01
3.456190526485443115e-01
4.556341767311096191e-01
2.663701176643371582e-01
3.832482993602752686e-01
5.768200159072875977e-01
3.399368822574615479e-01
4.816225171089172363e-01
1.936273276805877686e-01
3.875471055507659912e-01
3.439338505268096924e-01
4.826999008655548096e-01
4.188142418861389160e-01
3.931172490119934082e-01
4.076959192752838135e-01
5.331419706344604492e-01
3.290835022926330566e-01
4.725089371204376221e-01
3.573928475379943848e-01
4.416560232639312744e-01
4.635307490825653076e-01
3.512069880962371826e-01
4.371390640735626221e-01
4.874408841133117676e-01
4.524748623371124268e-01
4.282299280166625977e-01
4.479565918445587158e-01
6.457339972257614136e-02
2.281205058097839355e-01
4.684540331363677979e-01
4.724393188953399658e-01
4.010568559169769287e-01
3.038794994354248047e-01
4.507696032524108887e-01
4.091652631759643555e-01
5.481771230697631836e-01
2.840248942375183105e-01
3.780083358287811279e-01
3.162214159965515137e-01
3.166323602199554443e-01
3.086714148521423340e-01
3.909381926059722900e-01
3.128889799118041992e-01
5.553331971168518066e-01
3.763693571090698242e-01
5.564392209053039551e-01
3.566682040691375732e-01
3.796695768833160400e-01
3.469713926315307617e-01
4.661992192268371582e-01
3.655331432819366455e-01
5.368592739105224609e-01
2.189977765083312988e-01
4.459054172039031982e-01
3.165026903152465820e-01
4.145034551620483398e-01
2.951501309871673584e-01
4.097808003425598145e-01
4.354504346847534180e-01
6.457339972257614136e-02
4.075909554958343506e-01
4.238744378089904785e-01
4.071451127529144287e-01
4.878886938095092773e-01
1.919605433940887451e-01
3.799111247062683105e-01
2.288099825382232666e-01
2.941478788852691650e-01
3.563115298748016357e-01
4.723065197467803955e-01
4.746218025684356689e-01
4.167460203170776367e-01
3.890957832336425781e-01
5.025700926780700684e-01
4.750191867351531982e-01
5.122775435447692871e-01
3.995013833045959473e-01
4.611593186855316162e-01
4.656414985656738281e-01
4.432767331600189209e-01
4.916598498821258545e-01
4.328791201114654541e-01
3.316056430339813232e-01
4.691612124443054199e-01
4.767130911350250244e-01
4.942342340946197510e-01
3.276626765727996826e-01
6.457339972257614136e-02
5.232656002044677734e-01
6.457339972257614136e-02
3.747382760047912598e-01
4.393063783645629883e-01
4.403922855854034424e-01
4.473294019699096680e-01
4.681364297866821289e-01
5.137515068054199219e-01
4.105978608131408691e-01
5.671844482421875000e-01
4.359702467918395996e-01
4.219644367694854736e-01
4.503601491451263428e-01
4.539214372634887695e-01
4.621288776397705078e-01
6.457339972257614136e-02
4.332964122295379639e-01
3.888054490089416504e-01
4.527245759963989258e-01
4.135051071643829346e-01
5.374428033828735352e-01
3.044966161251068115e-01
3.662530183792114258e-01
4.322001039981842041e-01
4.300090968608856201e-01
4.693079888820648193e-01
4.970945715904235840e-01
6.457339972257614136e-02
4.707028865814208984e-01
3.183818161487579346e-01
5.318794250488281250e-01
3.690481781959533691e-01
4.856520593166351318e-01
3.432930111885070801e-01
5.293040275573730469e-01
4.005126953125000000e-01
4.968847334384918213e-01
3.500483930110931396e-01
4.730687439441680908e-01
4.065038263797760010e-01
4.215423166751861572e-01
4.617978632450103760e-01
3.550347983837127686e-01
2.902806103229522705e-01
4.028210341930389404e-01
4.478053152561187744e-01
4.111526310443878174e-01
4.945314228534698486e-01
4.409874677658081055e-01
3.823893368244171143e-01
4.071592688560485840e-01
3.841277658939361572e-01
4.619846343994140625e-01
3.316657245159149170e-01
2.753891944885253906e-01
4.118898212909698486e-01
3.481975197792053223e-01
4.105509221553802490e-01
4.128780961036682129e-01
4.647463262081146240e-01
2.385167181491851807e-01
3.578340113162994385e-01
3.427126109600067139e-01
4.769911766052246094e-01
4.410178661346435547e-01
4.792175889015197754e-01
3.596296310424804688e-01
4.722014665603637695e-01
4.514378309249877930e-01
3.958564698696136475e-01
4.063381850719451904e-01
4.648171961307525635e-01
5.051350593566894531e-01
4.494703114032745361e-01
4.893528521060943604e-01
6.457339972257614136e-02
5.186017751693725586e-01
2.361183613538742065e-01
3.704953193664550781e-01
4.530287683010101318e-01
5.164663195610046387e-01
5.311018824577331543e-01
4.381315112113952637e-01
4.317836463451385498e-01
4.780671596527099609e-01
3.759730160236358643e-01
4.476447403430938721e-01
4.708808064460754395e-01
4.523874223232269287e-01
5.232194662094116211e-01
4.365466833114624023e-01
5.095343589782714844e-01
3.062440156936645508e-01
4.652853012084960938e-01
6.457339972257614136e-02
2.299936264753341675e-01
5.203562378883361816e-01
6.457339972257614136e-02
4.266738593578338623e-01
3.993857204914093018e-01
4.268522560596466064e-01
4.637002348899841309e-01
2.505479454994201660e-01
4.192914962768554688e-01
3.621507585048675537e-01
3.455422818660736084e-01
3.985617458820343018e-01
4.557423591613769531e-01
5.949563384056091309e-01
4.186558425426483154e-01
1.956796497106552124e-01
3.895864486694335938e-01
4.348423480987548828e-01
4.958758056163787842e-01
4.857759177684783936e-01
4.617126584053039551e-01
4.261503219604492188e-01
4.894355833530426025e-01
5.586571693420410156e-01
3.063501417636871338e-01
4.927227199077606201e-01
3.228603899478912354e-01
5.153541564941406250e-01
4.704198241233825684e-01
3.790573179721832275e-01
4.181832075119018555e-01
3.827297687530517578e-01
3.458444476127624512e-01
3.842875361442565918e-01
5.269892215728759766e-01
2.909262180328369141e-01
6.457339972257614136e-02
3.955082297325134277e-01
4.865859746932983398e-01
2.034767419099807739e-01
5.066383481025695801e-01
5.006876587867736816e-01
4.318260848522186279e-01
5.492813587188720703e-01
5.459216237068176270e-01
5.579785108566284180e-01
3.612591624259948730e-01
4.340379834175109863e-01
2.594052553176879883e-01
3.521690368652343750e-01
3.576638698577880859e-01
3.398979008197784424e-01
3.848570585250854492e-01
5.121601223945617676e-01
4.095868468284606934e-01
4.339725673198699951e-01
2.994499206542968750e-01
2.788768410682678223e-01
4.186113476753234863e-01
5.037796497344970703e-01
4.373811483383178711e-01
3.852290809154510498e-01
4.565757513046264648e-01
3.635213971138000488e-01
4.576450288295745850e-01
3.578706383705139160e-01
4.170802235603332520e-01
4.714815914630889893e-01
3.513511419296264648e-01
5.320386290550231934e-01
3.190291225910186768e-01
4.453074932098388672e-01
4.104826152324676514e-01
4.875259697437286377e-01
5.339267253875732422e-01
3.729009628295898438e-01
4.352537095546722412e-01
4.605234563350677490e-01
4.643540978431701660e-01
4.220933020114898682e-01
6.457339972257614136e-02
4.070355296134948730e-01
4.983433187007904053e-01
4.181155562400817871e-01
3.128193616867065430e-01
4.727635085582733154e-01
4.825537502765655518e-01
3.849820494651794434e-01
3.605227172374725342e-01
3.721516430377960205e-01
3.824600279331207275e-01
5.218983888626098633e-01
4.078468680381774902e-01
4.785411953926086426e-01
3.599576354026794434e-01
3.989890813827514648e-01
4.550539851188659668e-01
4.084517061710357666e-01
3.680227696895599365e-01
4.008109271526336670e-01
4.873814582824707031e-01
3.040957450866699219e-01
4.290220439434051514e-01
5.331489443778991699e-01
2.781077027320861816e-01
4.730111062526702881e-01
4.302031993865966797e-01
4.357368946075439453e-01
5.172348022460937500e-01
3.888065218925476074e-01
4.796161949634552002e-01
4.353594183921813965e-01
4.233640432357788086e-01
4.855322241783142090e-01
3.410778641700744629e-01
4.909445643424987793e-01
4.279933869838714600e-01
4.600530862808227539e-01
3.570085167884826660e-01
3.607889413833618164e-01
4.033463299274444580e-01
4.541593194007873535e-01
4.438840746879577637e-01
1.946543306112289429e-01
3.920561075210571289e-01
4.633545577526092529e-01
4.139828681945800781e-01
4.543428421020507812e-01
4.953745305538177490e-01
4.855441153049468994e-01
5.121932625770568848e-01
3.502337038516998291e-01
4.608477652072906494e-01
4.454098045825958252e-01
4.641660749912261963e-01
4.821095466613769531e-01
5.006745457649230957e-01
3.562555909156799316e-01
4.169239401817321777e-01
4.414504766464233398e-01
4.574801325798034668e-01
4.264662265777587891e-01
4.081506133079528809e-01
4.962279200553894043e-01
4.255494475364685059e-01
6.457339972257614136e-02
4.239630699157714844e-01
4.433268308639526367e-01
6.457339972257614136e-02
2.601339817047119141e-01
3.673445582389831543e-01
4.656268656253814697e-01
4.476795196533203125e-01
4.545635282993316650e-01
4.000302255153656006e-01
5.621243715286254883e-01
3.252457082271575928e-01
3.669642508029937744e-01
3.817355334758758545e-01
3.499892950057983398e-01
4.704471528530120850e-01
5.207107663154602051e-01
3.772459328174591064e-01
4.134576320648193359e-01
4.487411975860595703e-01
4.072108864784240723e-01
3.687260746955871582e-01
4.512607157230377197e-01
3.774782121181488037e-01
4.486438333988189697e-01
4.950131773948669434e-01
3.550993502140045166e-01
4.088942706584930420e-01
3.316356241703033447e-01
2.554867863655090332e-01
4.655199348926544189e-01
5.413745045661926270e-01
3.941132724285125732e-01
3.871164023876190186e-01
5.111365914344787598e-01
5.190637707710266113e-01
4.925343096256256104e-01
4.872124195098876953e-01
5.249835848808288574e-01
4.482511579990386963e-01
5.041210055351257324e-01
4.366278648376464844e-01
3.689283132553100586e-01
5.861520767211914062e-01
3.966103792190551758e-01
3.982029259204864502e-01
5.400642752647399902e-01
3.968042731285095215e-01
4.910531044006347656e-01
4.473949074745178223e-01
4.657154381275177002e-01
4.733251929283142090e-01
4.180448651313781738e-01
3.425418138504028320e-01
3.100014925003051758e-01
4.633004963397979736e-01
4.731656908988952637e-01
5.379433035850524902e-01
4.727073609828948975e-01
3.964166343212127686e-01
4.327979385852813721e-01
4.207596778869628906e-01
5.042278766632080078e-01
3.699374198913574219e-01
3.467466831207275391e-01
4.810817539691925049e-01
3.441426157951354980e-01
4.241406917572021484e-01
4.191491603851318359e-01
4.280803501605987549e-01
4.259749948978424072e-01
4.049870967864990234e-01
5.360846519470214844e-01
4.400862753391265869e-01
4.211619198322296143e-01
4.159731566905975342e-01
4.684416055679321289e-01
4.468933343887329102e-01
4.668214619159698486e-01
2.551259100437164307e-01
6.457339972257614136e-02
3.058181405067443848e-01
5.024413466453552246e-01
5.066139101982116699e-01
4.332425296306610107e-01
4.166805446147918701e-01
4.415417909622192383e-01
4.461134672164916992e-01
1.910736858844757080e-01
4.006348550319671631e-01
4.851255118846893311e-01
3.482953310012817383e-01
4.231193363666534424e-01
5.239401459693908691e-01
3.895542323589324951e-01
4.472341537475585938e-01
3.582543134689331055e-01
4.292784035205841064e-01
4.241986572742462158e-01
4.481045305728912354e-01
3.009276390075683594e-01
3.880376815795898438e-01
3.262283205986022949e-01
4.783901572227478027e-01
3.027614653110504150e-01
3.742109835147857666e-01
2.939473986625671387e-01
3.722603023052215576e-01
5.373836159706115723e-01
4.060422182083129883e-01
3.290549218654632568e-01
4.109369814395904541e-01
5.421943068504333496e-01
4.985534250736236572e-01
4.044006764888763428e-01
5.700610280036926270e-01
3.430143594741821289e-01
4.573487639427185059e-01
4.660712182521820068e-01
3.205529153347015381e-01
3.475069403648376465e-01
3.944986462593078613e-01
5.183424353599548340e-01
4.231819212436676025e-01
3.669262528419494629e-01
5.286665558815002441e-01
4.297512173652648926e-01
3.918522000312805176e-01
4.607029259204864502e-01
3.725201189517974854e-01
4.684893786907196045e-01
4.087140262126922607e-01
3.258530199527740479e-01
6.457339972257614136e-02
3.006794452667236328e-01
4.528881013393402100e-01
2.847619354724884033e-01
4.364355802536010742e-01
4.481582343578338623e-01
3.964023888111114502e-01
3.872341215610504150e-01
4.600746929645538330e-01
3.825863301753997803e-01
4.488007128238677979e-01
3.591772913932800293e-01
4.770265817642211914e-01
4.629041850566864014e-01
3.526466786861419678e-01
5.018435120582580566e-01
4.200135171413421631e-01
4.176240861415863037e-01
3.979205191135406494e-01
3.617958724498748779e-01
2.793258428573608398e-01
5.549095869064331055e-01
5.367867946624755859e-01
3.439802527427673340e-01
5.137004852294921875e-01
3.691261708736419678e-01
3.778108358383178711e-01
3.924042880535125732e-01
4.489539861679077148e-01
5.182746052742004395e-01
4.658421576023101807e-01
4.833335876464843750e-01
4.466956257820129395e-01
3.162606060504913330e-01
5.129458308219909668e-01
3.983711600303649902e-01
4.187262654304504395e-01
4.453896582126617432e-01
2.730462849140167236e-01
4.455992877483367920e-01
3.235552012920379639e-01
4.856460094451904297e-01
4.780243337154388428e-01
4.311639964580535889e-01
6.457339972257614136e-02
3.319431841373443604e-01
3.911580443382263184e-01
3.164580166339874268e-01
3.156067430973052979e-01
4.939810335636138916e-01
4.304815828800201416e-01
4.212247431278228760e-01
6.457339972257614136e-02
4.545838236808776855e-01
4.740678668022155762e-01
3.838726580142974854e-01
4.371312558650970459e-01
3.913668096065521240e-01
2.574171125888824463e-01
3.789000809192657471e-01
3.852455019950866699e-01
4.183781743049621582e-01
5.021990537643432617e-01
3.526359200477600098e-01
5.545015335083007812e-01
3.200482726097106934e-01
4.084662795066833496e-01
3.994014859199523926e-01
4.750802516937255859e-01
3.881695568561553955e-01
2.671963274478912354e-01
5.255083441734313965e-01
4.924775660037994385e-01
4.168480336666107178e-01
3.682294785976409912e-01
4.562833011150360107e-01
3.009919524192810059e-01
4.602065384387969971e-01
3.648723363876342773e-01
4.257930815219879150e-01
3.654651939868927002e-01
4.777036607265472412e-01
2.546150982379913330e-01
5.396828651428222656e-01
3.499417603015899658e-01
4.579655826091766357e-01
4.788921475410461426e-01
5.104097127914428711e-01
4.016180038452148438e-01
3.955661356449127197e-01
3.957563340663909912e-01
5.273101329803466797e-01
4.566712081432342529e-01
4.086720347404479980e-01
3.249768912792205811e-01
6.457339972257614136e-02
4.335998892784118652e-01
3.988813459873199463e-01
5.167341828346252441e-01
6.457339972257614136e-02
3.743359744548797607e-01
4.029564857482910156e-01
3.907311856746673584e-01
3.958220183849334717e-01
3.833423256874084473e-01
5.347489714622497559e-01
3.900527954101562500e-01
5.469190478324890137e-01
4.700656831264495850e-01
3.344973623752593994e-01
3.706775605678558350e-01
3.498307466506958008e-01
5.248650312423706055e-01
4.140846431255340576e-01
4.488432705402374268e-01
4.131724536418914795e-01
4.247429072856903076e-01
4.397670626640319824e-01
3.876690864562988281e-01
4.610364437103271484e-01
2.994014322757720947e-01
3.990680277347564697e-01
4.542309343814849854e-01
3.013916909694671631e-01
3.308359086513519287e-01
5.320781469345092773e-01
4.695830941200256348e-01
3.466414511203765869e-01
3.719515204429626465e-01
2.437658011913299561e-01
3.985172808170318604e-01
6.457339972257614136e-02
3.553038239479064941e-01
2.977530360221862793e-01
5.113412737846374512e-01
4.151415228843688965e-01
4.353109896183013916e-01
2.889377772808074951e-01
3.825629651546478271e-01
3.207564353942871094e-01
3.825629651546478271e-01
4.340614974498748779e-01
3.594363629817962646e-01
4.229728877544403076e-01
4.165826141834259033e-01
3.442447483539581299e-01
2.901453971862792969e-01
3.691811859607696533e-01
4.258762001991271973e-01
5.610972642898559570e-01
3.567813634872436523e-01
4.818157553672790527e-01
2.849078774452209473e-01
6.457339972257614136e-02
4.705318510532379150e-01
5.270726680755615234e-01
6.457339972257614136e-02
3.885933756828308105e-01
6.457339972257614136e-02
4.055902063846588135e-01
3.946684002876281738e-01
4.461909234523773193e-01
4.297006726264953613e-01
2.895826101303100586e-01
2.980138063430786133e-01
3.471411168575286865e-01
5.147056579589843750e-01
3.909385502338409424e-01
4.386257231235504150e-01
4.219644367694854736e-01
4.899712800979614258e-01
5.134384632110595703e-01
5.476127862930297852e-01
3.234260976314544678e-01
2.847430706024169922e-01
4.478424787521362305e-01
4.898765087127685547e-01
6.457339972257614136e-02
5.399552583694458008e-01
4.131950438022613525e-01
5.055570006370544434e-01
2.572775185108184814e-01
3.259259760379791260e-01
2.801577150821685791e-01
4.265736341476440430e-01
3.758114576339721680e-01
2.214869409799575806e-01
3.661153018474578857e-01
5.101311206817626953e-01
5.135351419448852539e-01
3.681148886680603027e-01
5.405838489532470703e-01
2.798780798912048340e-01
4.803297817707061768e-01
5.298013687133789062e-01
3.808870315551757812e-01
3.698731362819671631e-01
4.105953872203826904e-01
5.215596556663513184e-01
4.327846765518188477e-01
3.249441683292388916e-01
3.411081433296203613e-01
4.876158833503723145e-01
4.105070829391479492e-01
3.850502371788024902e-01
5.200367569923400879e-01
3.287506103515625000e-01
4.403091073036193848e-01
4.841603040695190430e-01
3.336496055126190186e-01
4.912323653697967529e-01
4.845529496669769287e-01
2.915482521057128906e-01
4.851200282573699951e-01
4.663068354129791260e-01
4.748091995716094971e-01
4.950783252716064453e-01
3.554148375988006592e-01
4.455455243587493896e-01
4.004085063934326172e-01
5.048595666885375977e-01
4.767114818096160889e-01
3.960631489753723145e-01
4.696307182312011719e-01
4.159402549266815186e-01
4.227136969566345215e-01
4.038580060005187988e-01
5.014241337776184082e-01
4.358842372894287109e-01
4.449072182178497314e-01
2.511984407901763916e-01
1.985907107591629028e-01
3.185219168663024902e-01
4.366458654403686523e-01
3.860045671463012695e-01
3.799286186695098877e-01
4.788371324539184570e-01
4.051510095596313477e-01
4.029112160205841064e-01
4.442597329616546631e-01
4.431727230548858643e-01
2.774643599987030029e-01
2.946686744689941406e-01
4.043167829513549805e-01
3.409637212753295898e-01
5.329711437225341797e-01
4.526536464691162109e-01
4.399012029170989990e-01
5.339238047599792480e-01
4.608237147331237793e-01
4.637466967105865479e-01
3.537458181381225586e-01
4.316280484199523926e-01
2.087595760822296143e-01
4.502553343772888184e-01
4.249332845211029053e-01
3.749449253082275391e-01
2.998943924903869629e-01
4.017112851142883301e-01
4.627229869365692139e-01
3.648354411125183105e-01
4.943648278713226318e-01
6.457339972257614136e-02
3.405658602714538574e-01
4.219092428684234619e-01
5.337563753128051758e-01
4.272387921810150146e-01
5.507963299751281738e-01
4.917311072349548340e-01
3.991734683513641357e-01
4.371415078639984131e-01
3.767750859260559082e-01
3.938443362712860107e-01
3.731469810009002686e-01
4.661830663681030273e-01
4.234591126441955566e-01
2.466048151254653931e-01
3.597000539302825928e-01
4.521099925041198730e-01
4.435025751590728760e-01
4.503749310970306396e-01
3.583286404609680176e-01
4.037809073925018311e-01
4.917269051074981689e-01
4.534171521663665771e-01
4.369039237499237061e-01
4.342708289623260498e-01
3.462391197681427002e-01
4.691896438598632812e-01
3.119368255138397217e-01
4.457258284091949463e-01
3.585498034954071045e-01
3.914006948471069336e-01
3.572197854518890381e-01
4.036186337471008301e-01
