4.569856524467468262e-01
8.084544539451599121e-01
8.029869794845581055e-01
9.042130708694458008e-01
8.105604052543640137e-01
7.603006362915039062e-01
8.924611210823059082e-01
7.398275285959243774e-02
8.686984181404113770e-01
8.103187084197998047e-01
7.877704501152038574e-01
6.852915287017822266e-01
8.896170854568481445e-01
8.827238082885742188e-01
7.877947092056274414e-01
8.617795705795288086e-01
1.037216931581497192e-01
7.403672933578491211e-01
8.452217578887939453e-01
1.600063294172286987e-01
8.274226188659667969e-01
8.756445050239562988e-01
7.653903961181640625e-01
8.060061335563659668e-01
8.712618350982666016e-01
8.384712338447570801e-01
9.236680269241333008e-01
6.008000373840332031e-01
6.683221459388732910e-01
9.272878766059875488e-01
8.725433349609375000e-01
6.968348622322082520e-01
5.841444730758666992e-01
8.034382462501525879e-01
8.553895950317382812e-01
8.671935796737670898e-01
8.228079676628112793e-01
6.350330114364624023e-01
7.867919802665710449e-01
7.482486367225646973e-01
8.789829611778259277e-01
8.995909094810485840e-01
7.183026075363159180e-01
7.902727127075195312e-01
8.377152085304260254e-01
6.268936395645141602e-01
6.778158545494079590e-01
8.269236087799072266e-01
4.928744137287139893e-01
8.108948469161987305e-01
5.994108915328979492e-01
9.018176794052124023e-01
9.117239713668823242e-01
8.516240715980529785e-01
8.285722732543945312e-01
8.425551652908325195e-01
5.936124920845031738e-01
9.012357592582702637e-01
6.281703710556030273e-01
7.874481081962585449e-01
7.369774580001831055e-01
5.723778009414672852e-01
6.895107030868530273e-01
8.729193210601806641e-01
1.259706169366836548e-01
7.901961207389831543e-01
8.124871253967285156e-01
6.474065184593200684e-01
7.176808118820190430e-01
7.134925127029418945e-01
2.367525249719619751e-01
6.488299369812011719e-01
8.941178321838378906e-01
7.403004765510559082e-01
8.007352352142333984e-01
8.184758424758911133e-01
5.491931438446044922e-01
8.416384458541870117e-01
7.792019844055175781e-01
8.569229245185852051e-01
7.990408539772033691e-01
6.663637757301330566e-01
7.462757229804992676e-01
8.298699259757995605e-01
8.963816165924072266e-01
8.747927546501159668e-01
8.939120173454284668e-01
6.992389559745788574e-01
7.305912375450134277e-01
4.388492107391357422e-01
8.086367845535278320e-01
7.733852267265319824e-01
7.530723214149475098e-01
7.945771217346191406e-01
7.617582082748413086e-01
6.992931962013244629e-01
7.921491265296936035e-01
7.726851701736450195e-01
7.465249896049499512e-01
8.536095619201660156e-01
8.491706848144531250e-01
6.096456050872802734e-01
2.005245834589004517e-01
8.265393376350402832e-01
8.804483413696289062e-01
8.135299086570739746e-01
7.213207483291625977e-01
8.432742357254028320e-01
6.943612694740295410e-01
7.957336306571960449e-01
6.809276342391967773e-01
8.491889834403991699e-01
8.321250081062316895e-01
8.435278534889221191e-01
8.623055815696716309e-01
7.202825546264648438e-01
8.108948469161987305e-01
4.664059579372406006e-01
8.716945648193359375e-01
6.408391594886779785e-01
7.503079771995544434e-01
7.479979991912841797e-01
8.657115101814270020e-01
8.197978138923645020e-01
8.892546892166137695e-01
8.107916116714477539e-01
8.326307535171508789e-01
8.003426790237426758e-01
8.711110949516296387e-01
7.853988409042358398e-01
9.056449532508850098e-01
9.380322694778442383e-01
8.720083832740783691e-01
8.310980796813964844e-01
7.805567979812622070e-01
8.053047060966491699e-01
8.078806996345520020e-01
8.243573904037475586e-01
4.238777980208396912e-02
7.769995927810668945e-01
8.063988685607910156e-01
7.492423057556152344e-01
6.865892410278320312e-01
8.244865536689758301e-01
9.283025860786437988e-01
8.416682481765747070e-01
8.313464522361755371e-01
7.043783664703369141e-01
5.708127617835998535e-01
8.558123707771301270e-01
8.523072004318237305e-01
9.212421178817749023e-01
7.347565293312072754e-01
8.673678040504455566e-01
7.571426630020141602e-01
6.708061695098876953e-01
9.035021066665649414e-01
8.838933110237121582e-01
8.570530414581298828e-01
7.787355184555053711e-01
6.204535961151123047e-01
7.834168076515197754e-01
7.420510649681091309e-01
8.153703808784484863e-01
7.252911925315856934e-01
8.864684104919433594e-01
8.301538825035095215e-01
8.231328725814819336e-01
7.905833721160888672e-01
8.190478086471557617e-01
8.811384439468383789e-01
1.630861908197402954e-01
8.509303331375122070e-01
9.048754572868347168e-01
8.372601270675659180e-01
6.188983917236328125e-01
7.565538287162780762e-01
8.424856662750244141e-01
8.694478869438171387e-01
8.021137714385986328e-01
8.611288070678710938e-01
8.662360906600952148e-01
7.902593612670898438e-01
3.339638113975524902e-01
8.703604340553283691e-01
4.335502684116363525e-01
6.371708512306213379e-01
8.513894081115722656e-01
6.720034480094909668e-01
8.756127357482910156e-01
7.600858211517333984e-01
7.883225679397583008e-01
8.414674997329711914e-01
7.802687883377075195e-01
8.460863828659057617e-01
8.972152471542358398e-01
3.001637458801269531e-01
4.818887710571289062e-01
7.377972602844238281e-01
1.698167473077774048e-01
9.278889894485473633e-01
8.073156476020812988e-01
7.088482379913330078e-01
6.092675328254699707e-01
4.800197482109069824e-01
5.844637155532836914e-01
8.410048484802246094e-01
8.606922626495361328e-01
7.521194219589233398e-01
6.739623546600341797e-01
7.211573719978332520e-01
7.488515377044677734e-01
8.684060573577880859e-01
8.353846073150634766e-01
4.893912374973297119e-01
2.616287767887115479e-01
8.382015824317932129e-01
8.962191939353942871e-01
7.263680100440979004e-01
6.144360080361366272e-02
8.842393159866333008e-01
4.231491088867187500e-01
7.942273616790771484e-01
8.591975569725036621e-01
8.738012313842773438e-01
6.237427592277526855e-01
8.162930607795715332e-01
7.748983502388000488e-01
8.058792352676391602e-01
7.565722465515136719e-01
9.039962887763977051e-01
8.994284272193908691e-01
8.647617101669311523e-01
8.255345821380615234e-01
8.487651944160461426e-01
5.826480984687805176e-01
8.558675050735473633e-01
8.954501152038574219e-01
8.763171434402465820e-01
4.330401718616485596e-01
7.822824716567993164e-01
7.507967948913574219e-01
6.478123068809509277e-01
6.701394915580749512e-01
8.834779262542724609e-01
3.946225345134735107e-01
3.923486173152923584e-01
8.561874628067016602e-01
9.030517935752868652e-01
7.853339314460754395e-01
8.619610071182250977e-01
8.563377261161804199e-01
7.346660494804382324e-01
8.687729239463806152e-01
8.970993161201477051e-01
8.483298420906066895e-01
1.944506019353866577e-01
3.630560040473937988e-01
8.801230192184448242e-01
6.842077970504760742e-01
7.502823472023010254e-01
6.405671238899230957e-01
8.726865053176879883e-01
7.928493022918701172e-01
8.496217131614685059e-01
4.019645452499389648e-01
6.676014661788940430e-01
2.592636346817016602e-01
7.761443853378295898e-01
8.867201805114746094e-01
7.165294885635375977e-01
8.783167004585266113e-01
8.057097792625427246e-01
7.035288214683532715e-01
8.950237035751342773e-01
8.287987112998962402e-01
3.806036412715911865e-01
9.053934812545776367e-01
8.187031149864196777e-01
8.060391545295715332e-01
8.484417200088500977e-01
6.329057216644287109e-01
7.780159115791320801e-01
7.290831804275512695e-01
8.396477103233337402e-01
8.261984586715698242e-01
5.308960676193237305e-01
8.601179122924804688e-01
7.666215896606445312e-01
7.918749749660491943e-02
8.942605257034301758e-01
8.383750319480895996e-01
8.208268880844116211e-01
7.802514433860778809e-01
8.558182120323181152e-01
7.486454844474792480e-01
7.105320096015930176e-01
8.480861783027648926e-01
6.972649693489074707e-01
7.926557660102844238e-01
7.663249969482421875e-01
8.659848570823669434e-01
8.636797666549682617e-01
8.834596872329711914e-01
8.129008412361145020e-01
7.766414880752563477e-01
2.682456076145172119e-01
8.164839744567871094e-01
7.411214709281921387e-01
7.360428571701049805e-01
8.400057554244995117e-01
8.374437689781188965e-01
7.892027497291564941e-01
7.303365468978881836e-01
1.716443598270416260e-01
8.379658460617065430e-01
7.960082292556762695e-01
8.481543064117431641e-01
8.144263625144958496e-01
7.862585186958312988e-01
8.839215040206909180e-01
8.616507053375244141e-01
7.640438675880432129e-01
5.671302080154418945e-01
8.144621253013610840e-01
8.143960237503051758e-01
8.128294348716735840e-01
7.207201123237609863e-01
8.389642238616943359e-01
6.142409443855285645e-01
8.391936421394348145e-01
7.589794397354125977e-01
8.877713084220886230e-01
8.446716070175170898e-01
8.923863768577575684e-01
8.125407099723815918e-01
7.911301851272583008e-01
8.802479505538940430e-01
3.320280909538269043e-01
8.146304488182067871e-01
8.850420117378234863e-01
8.722209930419921875e-01
8.788853287696838379e-01
8.318448662757873535e-01
8.796600699424743652e-01
6.536722183227539062e-01
8.452693819999694824e-01
8.826670646667480469e-01
8.630155920982360840e-01
7.396428585052490234e-01
6.500232219696044922e-01
8.327347636222839355e-01
8.318085074424743652e-01
8.991035223007202148e-01
6.162906289100646973e-01
8.494102358818054199e-01
7.283356189727783203e-01
8.886834383010864258e-01
6.513922214508056641e-01
8.383384943008422852e-01
7.563986182212829590e-01
7.324985265731811523e-01
9.007567763328552246e-01
6.928696036338806152e-01
8.246170878410339355e-01
7.694063186645507812e-01
8.514500856399536133e-01
3.933868408203125000e-01
8.788443803787231445e-01
7.558395266532897949e-01
8.447104096412658691e-01
6.100593805313110352e-01
1.685616225004196167e-01
8.652439713478088379e-01
9.142829179763793945e-01
2.754932940006256104e-01
2.588311433792114258e-01
8.451543450355529785e-01
7.948076128959655762e-01
8.516086935997009277e-01
6.713871955871582031e-01
8.030387759208679199e-01
8.068760037422180176e-01
8.057908415794372559e-01
8.601895570755004883e-01
5.729412436485290527e-01
8.398143053054809570e-01
5.756443142890930176e-01
8.491709232330322266e-01
8.369736075401306152e-01
8.008643388748168945e-01
7.969171404838562012e-01
7.233492732048034668e-01
8.356992602348327637e-01
8.823689818382263184e-01
7.313705682754516602e-01
9.013198018074035645e-01
8.706985712051391602e-01
8.688487410545349121e-01
8.177418112754821777e-01
8.610621690750122070e-01
5.037787556648254395e-01
8.446902632713317871e-01
8.195782303810119629e-01
6.382981538772583008e-01
1.747677326202392578e-01
8.789777755737304688e-01
7.862833142280578613e-01
7.423790693283081055e-01
8.585096597671508789e-01
8.041505217552185059e-01
8.964629173278808594e-01
8.228300809860229492e-01
7.866863608360290527e-01
6.339884996414184570e-01
9.348672628402709961e-01
8.431897163391113281e-01
4.387786984443664551e-01
8.357292413711547852e-01
7.059293389320373535e-01
4.565653204917907715e-01
8.233351707458496094e-01
8.296600580215454102e-01
6.872493028640747070e-01
7.468807697296142578e-01
9.063191413879394531e-01
6.696777343750000000e-01
8.721171617507934570e-01
9.178432226181030273e-01
3.133870363235473633e-01
7.605059742927551270e-01
8.990154266357421875e-01
8.926319479942321777e-01
8.286834359169006348e-01
8.870251178741455078e-01
6.907472014427185059e-01
7.687340974807739258e-01
9.157019257545471191e-01
8.831959366798400879e-01
8.280959129333496094e-01
8.732050657272338867e-01
5.207320451736450195e-01
8.215994238853454590e-01
8.407040238380432129e-01
5.696116685867309570e-01
7.525001168251037598e-01
8.012882471084594727e-01
7.191014289855957031e-01
8.376483917236328125e-01
7.951950430870056152e-01
8.438497185707092285e-01
8.078142404556274414e-01
8.495718836784362793e-01
8.338088393211364746e-01
9.055337309837341309e-01
8.145276904106140137e-01
7.000080347061157227e-01
4.714443981647491455e-01
8.096923828125000000e-01
8.171976208686828613e-01
3.612137138843536377e-01
7.089262604713439941e-01
5.882767438888549805e-01
8.951594680547714233e-02
8.805156946182250977e-01
7.969352602958679199e-01
7.660580277442932129e-01
9.072978496551513672e-01
9.463738799095153809e-01
6.478081941604614258e-01
6.520828604698181152e-01
8.391441106796264648e-01
7.361689209938049316e-01
8.138896226882934570e-01
1.372859179973602295e-01
8.154049515724182129e-01
7.537120580673217773e-01
8.771762847900390625e-01
6.598318219184875488e-01
8.283776640892028809e-01
8.869067430496215820e-01
8.555923104286193848e-01
8.647446036338806152e-01
8.470282554626464844e-01
8.509007692337036133e-01
7.932012677192687988e-01
8.624480366706848145e-01
5.213578939437866211e-01
7.365439534187316895e-01
8.239225745201110840e-01
7.024884819984436035e-01
8.087857961654663086e-01
7.987858653068542480e-01
8.807191848754882812e-01
7.519390583038330078e-01
7.943187952041625977e-01
8.825234770774841309e-01
7.433367967605590820e-01
7.748037576675415039e-01
6.543024778366088867e-01
8.017092943191528320e-01
8.327966928482055664e-01
5.720081925392150879e-01
8.575491905212402344e-01
8.556680679321289062e-01
8.168745636940002441e-01
8.161959648132324219e-01
6.141145229339599609e-01
8.478285074234008789e-01
7.803291082382202148e-01
6.345688104629516602e-01
7.809619903564453125e-01
7.957709431648254395e-01
8.756479024887084961e-01
8.325810432434082031e-01
7.456430196762084961e-01
8.204709887504577637e-01
8.406946659088134766e-01
7.796942591667175293e-01
7.605701684951782227e-01
7.921997308731079102e-01
8.389642238616943359e-01
6.039006114006042480e-01
8.507978320121765137e-01
6.558428406715393066e-01
8.085752129554748535e-01
6.599484682083129883e-01
5.739218592643737793e-01
8.781380057334899902e-01
3.571499884128570557e-01
7.040116190910339355e-01
8.619579076766967773e-01
7.785009741783142090e-01
8.379985690116882324e-01
8.533906340599060059e-01
9.003738164901733398e-01
2.911440730094909668e-01
6.772216558456420898e-01
8.529599905014038086e-01
8.509856462478637695e-01
6.892607212066650391e-01
8.466183543205261230e-01
8.679381012916564941e-01
7.543318271636962891e-01
6.437916159629821777e-01
8.322020173072814941e-01
5.562589690089225769e-02
9.273746013641357422e-01
1.563098281621932983e-01
7.817611098289489746e-01
7.959433197975158691e-01
7.435171008110046387e-01
7.842457890510559082e-01
8.616545796394348145e-01
6.802164316177368164e-01
8.698731064796447754e-01
9.019316434860229492e-01
7.289342880249023438e-01
8.517854809761047363e-01
8.728470802307128906e-01
8.982298374176025391e-01
8.120666742324829102e-01
8.430302739143371582e-01
8.936604857444763184e-01
8.628433346748352051e-01
8.387805223464965820e-01
8.471080660820007324e-01
8.255686759948730469e-01
7.713866829872131348e-01
7.585025429725646973e-01
6.110706329345703125e-01
8.452570438385009766e-01
8.248890638351440430e-01
8.165079355239868164e-01
8.842179775238037109e-01
5.272504091262817383e-01
8.800395131111145020e-01
6.995041966438293457e-01
8.567839264869689941e-01
8.596745729446411133e-01
7.726110816001892090e-01
6.450865864753723145e-01
8.298867344856262207e-01
8.952851891517639160e-01
8.309735059738159180e-01
5.301045775413513184e-01
7.296946048736572266e-01
8.408452868461608887e-01
8.275609612464904785e-01
9.011270403861999512e-01
8.503866791725158691e-01
7.484088540077209473e-01
5.066509842872619629e-01
9.265515804290771484e-01
8.405749797821044922e-01
8.670471906661987305e-01
5.734667778015136719e-01
9.166798591613769531e-01
1.215568631887435913e-01
6.919090747833251953e-01
8.442405462265014648e-01
6.612293124198913574e-01
7.855948805809020996e-01
8.714753389358520508e-01
6.192045211791992188e-01
8.548605442047119141e-01
8.754269480705261230e-01
4.426633119583129883e-01
8.405190706253051758e-01
7.992253899574279785e-01
8.073892593383789062e-01
3.607717454433441162e-01
7.992874979972839355e-01
6.535846590995788574e-01
7.732245326042175293e-01
7.060685157775878906e-01
8.960087895393371582e-01
7.217721343040466309e-01
8.115316033363342285e-01
8.697401285171508789e-01
8.776243329048156738e-01
8.666431307792663574e-01
8.279799818992614746e-01
6.159861683845520020e-01
7.992324829101562500e-01
7.906085848808288574e-01
8.409633040428161621e-01
8.581922054290771484e-01
8.026190400123596191e-01
8.925422430038452148e-01
8.400886654853820801e-01
8.356006145477294922e-01
9.088623523712158203e-01
8.678962588310241699e-01
8.226176500320434570e-01
5.121579170227050781e-01
8.849735856056213379e-01
4.940899610519409180e-01
7.641938924789428711e-01
7.370329499244689941e-01
6.736902594566345215e-01
5.046634078025817871e-01
9.012250304222106934e-01
8.380936980247497559e-01
8.760696649551391602e-01
8.048287630081176758e-01
8.485699892044067383e-01
8.461657762527465820e-01
5.520201921463012695e-01
9.121313095092773438e-01
8.602250814437866211e-01
6.730057597160339355e-01
8.832854628562927246e-01
7.150796651840209961e-01
7.031347155570983887e-01
3.441210091114044189e-01
6.867548823356628418e-01
8.077894449234008789e-01
8.809275627136230469e-01
8.112925291061401367e-01
6.071208119392395020e-01
8.691231608390808105e-01
6.338702440261840820e-01
6.187768578529357910e-01
8.347684144973754883e-01
8.661060929298400879e-01
9.190358519554138184e-01
4.172608852386474609e-01
8.251149654388427734e-01
8.250734806060791016e-01
8.254367113113403320e-01
8.664793372154235840e-01
7.251030802726745605e-01
7.247437238693237305e-01
7.622190713882446289e-01
8.490536212921142578e-01
8.271868228912353516e-01
2.616188824176788330e-01
8.563178777694702148e-01
8.974832296371459961e-01
7.969334125518798828e-01
8.421362042427062988e-01
6.835774779319763184e-01
8.788241744041442871e-01
8.008145689964294434e-01
7.712703943252563477e-01
7.966306209564208984e-01
9.466483592987060547e-01
1.353187859058380127e-01
6.842463016510009766e-01
5.531512498855590820e-01
7.981954813003540039e-01
8.908298611640930176e-01
7.301397323608398438e-01
8.920207023620605469e-01
8.368678092956542969e-01
8.023762702941894531e-01
7.528616786003112793e-01
7.546539902687072754e-01
7.932052016258239746e-01
7.771988511085510254e-01
8.620713949203491211e-01
7.988756895065307617e-01
8.339166045188903809e-01
8.466806411743164062e-01
8.872389197349548340e-01
6.081472635269165039e-01
8.742309808731079102e-01
8.017629981040954590e-01
8.852635622024536133e-01
7.304512262344360352e-01
8.134594559669494629e-01
8.084456920623779297e-01
8.919466733932495117e-01
8.544535636901855469e-01
8.051671385765075684e-01
8.636987805366516113e-01
6.591070294380187988e-01
7.911580204963684082e-01
8.701448440551757812e-01
6.231313347816467285e-01
7.605007290840148926e-01
6.947007775306701660e-01
7.959783673286437988e-01
7.925236821174621582e-01
8.716481328010559082e-01
8.593559265136718750e-01
7.015411257743835449e-01
8.829823732376098633e-01
8.788217306137084961e-01
8.663482069969177246e-01
7.826068401336669922e-01
8.421835303306579590e-01
8.741405606269836426e-01
4.288111031055450439e-01
8.612359762191772461e-01
7.907017469406127930e-01
7.883483767509460449e-01
8.205270767211914062e-01
8.696767687797546387e-01
8.010106682777404785e-01
5.027351975440979004e-01
7.715399265289306641e-01
6.316137909889221191e-01
8.126815557479858398e-01
6.555425524711608887e-01
7.554583549499511719e-01
8.612653017044067383e-01
7.866955399513244629e-01
8.793980479240417480e-01
8.509801030158996582e-01
8.131592869758605957e-01
6.239503622055053711e-01
7.946916818618774414e-01
7.604974508285522461e-01
6.741158366203308105e-01
5.268831253051757812e-01
8.883663415908813477e-01
7.900519967079162598e-01
6.801090836524963379e-01
3.509239554405212402e-01
8.395061492919921875e-01
8.928253054618835449e-01
8.371151089668273926e-01
8.198372721672058105e-01
2.696740329265594482e-01
8.056379556655883789e-01
8.637759089469909668e-01
8.021023869514465332e-01
8.614975214004516602e-01
8.264746069908142090e-01
8.530306816101074219e-01
8.714987635612487793e-01
8.118925094604492188e-01
8.262364268302917480e-01
8.814949393272399902e-01
7.552382349967956543e-01
9.101608991622924805e-01
7.978397607803344727e-01
8.309827446937561035e-01
8.681800961494445801e-01
8.948869109153747559e-01
9.194476008415222168e-01
7.833005785942077637e-01
6.159814596176147461e-01
8.802285194396972656e-01
3.808954358100891113e-01
7.762559056282043457e-01
8.018122911453247070e-01
8.496531844139099121e-01
5.776135325431823730e-01
3.684192299842834473e-01
6.923209428787231445e-01
8.602237701416015625e-01
8.443115353584289551e-01
9.020668864250183105e-01
9.154362082481384277e-01
8.456716537475585938e-01
7.929487228393554688e-01
9.048305749893188477e-01
9.075627326965332031e-01
8.053399920463562012e-01
1.052902191877365112e-01
7.645291686058044434e-01
5.890989899635314941e-01
4.748126268386840820e-01
6.432757377624511719e-01
8.770909309387207031e-01
8.428551554679870605e-01
8.661906123161315918e-01
8.459404110908508301e-01
8.500894904136657715e-01
8.624916672706604004e-01
8.112724423408508301e-01
8.057299852371215820e-01
9.158613085746765137e-01
8.648722767829895020e-01
7.169126868247985840e-01
8.448428511619567871e-01
7.935357689857482910e-01
7.878876924514770508e-01
5.074926018714904785e-01
4.597879052162170410e-01
5.347865819931030273e-01
8.537426590919494629e-01
9.111889004707336426e-01
8.225657939910888672e-01
8.720809817314147949e-01
8.229179978370666504e-01
9.086138010025024414e-01
1.535403579473495483e-01
9.155527949333190918e-01
7.242103815078735352e-01
8.285859823226928711e-01
6.014022231101989746e-01
8.528088927268981934e-01
5.804758071899414062e-01
9.013972282409667969e-01
9.008971452713012695e-01
7.456254959106445312e-01
8.722594380378723145e-01
8.893544077873229980e-01
7.906849980354309082e-01
9.245532155036926270e-01
7.862122654914855957e-01
5.833581686019897461e-01
8.446505665779113770e-01
8.757370114326477051e-01
8.113237619400024414e-01
8.894407153129577637e-01
8.690628409385681152e-01
5.670682191848754883e-01
8.879492282867431641e-01
8.115881681442260742e-01
8.610084056854248047e-01
8.575525879859924316e-01
3.805754780769348145e-01
5.963487029075622559e-01
8.127136826515197754e-01
7.650755643844604492e-01
8.974973559379577637e-01
9.091634154319763184e-01
6.326833367347717285e-01
4.980334341526031494e-01
9.211515188217163086e-01
8.460662364959716797e-01
8.439288735389709473e-01
7.344550490379333496e-01
7.916342616081237793e-01
2.910305559635162354e-01
8.818344473838806152e-01
9.049256443977355957e-01
8.133864402770996094e-01
8.759773373603820801e-01
8.537827134132385254e-01
5.023117065429687500e-01
9.148269295692443848e-01
9.292656183242797852e-01
8.418378829956054688e-01
8.465058207511901855e-01
8.994742035865783691e-01
7.679429054260253906e-01
8.435307741165161133e-01
7.965471744537353516e-01
8.052996993064880371e-01
7.009018659591674805e-01
8.147892355918884277e-01
8.161669373512268066e-01
7.746202349662780762e-01
9.111114144325256348e-01
8.499770760536193848e-01
7.932448387145996094e-01
6.585325002670288086e-01
8.925831317901611328e-01
7.885820865631103516e-01
7.302067875862121582e-01
8.394834399223327637e-01
8.403556346893310547e-01
9.095154404640197754e-01
8.497557044029235840e-01
6.003962755203247070e-01
8.279341459274291992e-01
4.354796409606933594e-01
8.712529540061950684e-01
8.494519591331481934e-01
7.724087238311767578e-01
6.628678441047668457e-01
8.714038133621215820e-01
8.269097208976745605e-01
8.562555313110351562e-01
8.747175931930541992e-01
8.510674834251403809e-01
8.252509832382202148e-01
9.262474179267883301e-01
8.040102720260620117e-01
7.823223471641540527e-01
7.030338644981384277e-01
5.749705433845520020e-01
8.914322257041931152e-01
8.206821084022521973e-01
7.715163826942443848e-01
8.343125581741333008e-01
8.586315512657165527e-01
6.786715388298034668e-01
4.260196387767791748e-01
8.523121476173400879e-01
8.318418264389038086e-01
8.078548312187194824e-01
3.973237574100494385e-01
8.001549243927001953e-01
8.549255132675170898e-01
2.855446636676788330e-01
7.299321293830871582e-01
8.884149789810180664e-01
8.451493978500366211e-01
2.038144916296005249e-01
8.123600482940673828e-01
8.327050209045410156e-01
7.519652247428894043e-01
6.698076725006103516e-01
8.378041386604309082e-01
8.869600892066955566e-01
8.029038906097412109e-01
3.714453876018524170e-01
7.973436713218688965e-01
8.777775764465332031e-01
8.498507142066955566e-01
8.917150497436523438e-01
8.769555687904357910e-01
2.717766463756561279e-01
6.541153192520141602e-01
4.863231182098388672e-01
8.798801302909851074e-01
8.277516961097717285e-01
8.868197202682495117e-01
8.662939071655273438e-01
7.869501113891601562e-01
8.142015933990478516e-01
8.085592985153198242e-01
7.144320607185363770e-01
6.653015613555908203e-01
6.680924296379089355e-01
9.032232165336608887e-01
5.561856627464294434e-01
8.200413584709167480e-01
8.647935986518859863e-01
5.172880887985229492e-01
6.671764850616455078e-01
4.585513770580291748e-01
8.386494517326354980e-01
8.613804578781127930e-01
7.708391547203063965e-01
7.882198691368103027e-01
8.183760046958923340e-01
8.431561589241027832e-01
8.278539180755615234e-01
6.258296370506286621e-01
8.676497936248779297e-01
8.240159749984741211e-01
7.978110313415527344e-01
8.611159920692443848e-01
3.123610019683837891e-01
7.896618843078613281e-01
3.985666632652282715e-01
8.472911119461059570e-01
7.706239819526672363e-01
7.283495664596557617e-01
8.488642573356628418e-01
6.465494632720947266e-02
8.367633819580078125e-01
6.482945680618286133e-01
8.635305762290954590e-01
8.325555920600891113e-01
7.633599042892456055e-01
7.182338833808898926e-01
8.679673075675964355e-01
7.316965460777282715e-01
9.120497703552246094e-01
8.737972974777221680e-01
9.179648756980895996e-01
6.393364071846008301e-01
2.062490135431289673e-01
8.439097404479980469e-01
8.917213082313537598e-01
7.523028254508972168e-01
8.079954385757446289e-01
8.078922033309936523e-01
8.425515294075012207e-01
7.522903680801391602e-01
6.107252240180969238e-01
7.809193134307861328e-01
7.768471240997314453e-01
7.766057252883911133e-01
9.249936938285827637e-01
8.726459145545959473e-01
8.196620941162109375e-01
8.805772662162780762e-01
8.999487161636352539e-01
7.485334277153015137e-01
8.519968986511230469e-01
6.788392663002014160e-01
8.411888480186462402e-01
8.824138641357421875e-01
8.987433314323425293e-01
8.662939071655273438e-01
6.183304786682128906e-01
9.222381114959716797e-01
8.647897243499755859e-01
7.418501377105712891e-01
8.730345368385314941e-01
8.998140096664428711e-01
4.865552112460136414e-02
7.039899826049804688e-01
7.944166064262390137e-01
8.450007438659667969e-01
8.091238737106323242e-01
8.571134805679321289e-01
8.542699217796325684e-01
8.644394874572753906e-01
8.021085262298583984e-01
8.958106040954589844e-01
8.333069086074829102e-01
8.089936375617980957e-01
5.381076335906982422e-01
9.137672185897827148e-01
7.903411984443664551e-01
8.239148855209350586e-01
6.383719444274902344e-01
8.949180245399475098e-01
6.306028962135314941e-01
8.368742465972900391e-01
1.790828853845596313e-01
8.566539287567138672e-01
8.062034845352172852e-01
8.349311947822570801e-01
8.167963027954101562e-01
7.951876521110534668e-01
8.322917819023132324e-01
6.077488660812377930e-01
8.630344867706298828e-01
8.704885840415954590e-01
8.981930017471313477e-01
8.184784054756164551e-01
8.478034138679504395e-01
1.629553735256195068e-01
8.412687778472900391e-01
8.893728256225585938e-01
8.218603134155273438e-01
8.130819797515869141e-01
8.211786150932312012e-01
8.471676111221313477e-01
8.796437382698059082e-01
8.670471906661987305e-01
8.828492760658264160e-01
9.308735728263854980e-01
3.720779120922088623e-01
8.001894354820251465e-01
8.557538986206054688e-01
7.846190929412841797e-01
8.974789977073669434e-01
8.468340039253234863e-01
8.360927700996398926e-01
8.045590519905090332e-01
9.056449532508850098e-01
2.207695543766021729e-01
8.197160959243774414e-01
7.751967310905456543e-01
7.653084993362426758e-01
7.378132939338684082e-01
8.780722618103027344e-01
8.256966471672058105e-01
8.728529214859008789e-01
7.937886714935302734e-01
8.380045294761657715e-01
8.424948453903198242e-01
7.695479393005371094e-01
8.190338015556335449e-01
8.887963891029357910e-01
7.412061691284179688e-01
7.767117619514465332e-01
1.225447803735733032e-01
8.051361441612243652e-01
8.425423502922058105e-01
7.218524813652038574e-01
8.276199102401733398e-01
8.742774128913879395e-01
7.812258005142211914e-01
8.203688859939575195e-01
8.114380836486816406e-01
8.628103733062744141e-01
8.586071133613586426e-01
8.526995182037353516e-01
9.047095179557800293e-01
8.135967254638671875e-01
8.681579232215881348e-01
9.052871465682983398e-01
8.359545469284057617e-01
7.731854915618896484e-01
8.855167031288146973e-01
8.978908658027648926e-01
7.306893467903137207e-01
5.142026767134666443e-02
8.154138326644897461e-01
8.819487690925598145e-01
8.531926274299621582e-01
6.752054691314697266e-01
4.662275612354278564e-01
7.027592062950134277e-01
2.112392485141754150e-01
8.187490701675415039e-01
8.592460751533508301e-01
8.771420121192932129e-01
8.312639594078063965e-01
7.195208668708801270e-01
8.446796536445617676e-01
8.734422922134399414e-02
5.343302488327026367e-01
9.030929207801818848e-01
6.950075626373291016e-01
8.025488853454589844e-01
6.891353130340576172e-01
8.123395442962646484e-01
8.289936184883117676e-01
5.024547576904296875e-01
8.929479122161865234e-01
8.281385302543640137e-01
8.945395350456237793e-01
5.932230353355407715e-01
7.904002666473388672e-01
6.607111692428588867e-01
7.541590929031372070e-01
7.847193479537963867e-01
9.108880758285522461e-01
2.991479635238647461e-01
9.095647931098937988e-01
7.887274026870727539e-01
8.787636160850524902e-01
8.482574820518493652e-01
7.837199568748474121e-01
8.709698915481567383e-01
8.064382076263427734e-01
8.760841488838195801e-01
8.204122781753540039e-01
8.472434282302856445e-01
7.944870591163635254e-01
8.866047263145446777e-01
7.127115726470947266e-01
5.589164495468139648e-01
9.200903177261352539e-01
8.089230656623840332e-01
9.008646011352539062e-01
8.083751797676086426e-01
8.823134899139404297e-01
7.508327364921569824e-01
4.710057079792022705e-01
7.491180896759033203e-01
7.529852390289306641e-01
4.125348925590515137e-01
7.762811183929443359e-01
8.138550519943237305e-01
8.200889825820922852e-01
6.877866983413696289e-01
5.829256772994995117e-01
7.831516265869140625e-01
8.249352574348449707e-01
2.585497498512268066e-01
8.845809102058410645e-01
4.399518668651580811e-01
6.744312047958374023e-01
7.843369245529174805e-02
8.827543258666992188e-01
8.910722732543945312e-01
8.110750913619995117e-01
8.222655653953552246e-01
7.315757870674133301e-01
7.514847517013549805e-01
6.106242537498474121e-01
8.071036338806152344e-01
8.259182572364807129e-01
8.162394762039184570e-01
8.921241760253906250e-01
8.199020624160766602e-01
2.844422161579132080e-01
8.609704971313476562e-01
7.967634797096252441e-01
7.989220619201660156e-01
8.464588522911071777e-01
6.537499278783798218e-02
7.936224937438964844e-01
8.419895768165588379e-01
8.933665156364440918e-01
9.097610116004943848e-01
8.535552024841308594e-01
8.381845355033874512e-01
8.322758078575134277e-01
8.722195625305175781e-01
8.849051594734191895e-01
7.027136683464050293e-01
8.019075989723205566e-01
7.522413134574890137e-01
8.042742609977722168e-01
7.951150536537170410e-01
8.009093999862670898e-01
8.448897004127502441e-01
8.225683569908142090e-01
5.591151118278503418e-02
7.841176390647888184e-01
8.770850300788879395e-01
9.003216028213500977e-01
8.285863399505615234e-01
7.628470659255981445e-01
7.627872824668884277e-01
7.855821251869201660e-01
7.498675584793090820e-01
8.540810346603393555e-01
8.099291324615478516e-01
4.650085866451263428e-01
2.888860106468200684e-01
8.677371740341186523e-01
8.760841488838195801e-01
8.640313148498535156e-01
8.960857391357421875e-01
6.437007188796997070e-01
6.713302135467529297e-01
8.747515082359313965e-01
4.711413681507110596e-01
8.333808779716491699e-01
8.843481540679931641e-01
7.972545623779296875e-01
8.099268078804016113e-01
7.788727283477783203e-01
8.155301213264465332e-01
8.770601153373718262e-01
8.314498662948608398e-01
7.432445287704467773e-01
8.171465396881103516e-01
8.111344575881958008e-01
7.447810173034667969e-01
8.994758725166320801e-01
8.445399999618530273e-01
8.699940443038940430e-01
6.956406235694885254e-01
7.929362058639526367e-01
8.444010615348815918e-01
8.785518407821655273e-01
7.201001644134521484e-01
8.088728189468383789e-01
7.000585198402404785e-01
8.424043059349060059e-01
8.189835548400878906e-01
5.972819924354553223e-01
8.850315809249877930e-01
3.342075645923614502e-01
8.167249560356140137e-01
4.763562679290771484e-01
7.110090255737304688e-01
5.744752883911132812e-01
8.762633204460144043e-01
7.127198576927185059e-01
6.110154390335083008e-01
8.935530185699462891e-01
8.305810093879699707e-01
8.340657353401184082e-01
6.777384877204895020e-01
8.684774637222290039e-01
8.352887630462646484e-01
3.619891107082366943e-01
8.242145776748657227e-01
7.486119866371154785e-01
7.742220759391784668e-01
8.375967144966125488e-01
8.999621272087097168e-01
6.665196418762207031e-01
7.208278179168701172e-01
7.939630150794982910e-01
8.953104019165039062e-01
8.778550624847412109e-01
7.088321447372436523e-01
6.334862112998962402e-01
5.251744389533996582e-01
4.656127467751502991e-02
9.114516377449035645e-01
4.979722797870635986e-01
8.564265966415405273e-01
2.811544835567474365e-01
8.013536930084228516e-01
7.605417966842651367e-01
8.615134954452514648e-01
9.066814780235290527e-01
8.555213809013366699e-01
8.891895413398742676e-01
8.755099177360534668e-01
7.766425609588623047e-01
8.057428598403930664e-01
7.721305489540100098e-01
8.285879492759704590e-01
9.361847043037414551e-01
7.711168527603149414e-01
5.451694130897521973e-01
9.225707054138183594e-01
8.693577051162719727e-01
1.468305140733718872e-01
3.340070843696594238e-01
3.658563196659088135e-01
8.110552430152893066e-01
8.301047682762145996e-01
8.526104092597961426e-01
7.500475049018859863e-01
8.537212610244750977e-01
8.672791123390197754e-01
7.754532098770141602e-01
7.075401544570922852e-01
8.738369345664978027e-01
7.951409220695495605e-01
5.916835665702819824e-01
8.412508964538574219e-01
9.189550876617431641e-01
8.158555626869201660e-01
9.220470786094665527e-01
8.754312396049499512e-01
7.984319329261779785e-01
7.617757916450500488e-01
8.661085963249206543e-01
8.337330222129821777e-01
7.390478253364562988e-01
1.778526753187179565e-01
8.324126601219177246e-01
8.377993106842041016e-01
7.889449000358581543e-01
8.748553991317749023e-01
4.983746409416198730e-01
8.553011417388916016e-01
7.117486000061035156e-01
8.015522360801696777e-01
7.379062771797180176e-01
8.475760221481323242e-01
8.834357261657714844e-01
6.576199531555175781e-01
2.628037631511688232e-01
8.691467642784118652e-01
8.746234327554702759e-02
8.188093304634094238e-01
6.476470232009887695e-01
8.449281454086303711e-01
6.260257363319396973e-01
7.450431585311889648e-01
8.915434479713439941e-01
9.113618135452270508e-01
8.317296504974365234e-01
8.240264058113098145e-01
8.162988424301147461e-01
8.316157460212707520e-01
4.312583506107330322e-01
7.583342194557189941e-01
4.557877779006958008e-01
6.656873822212219238e-01
6.937679648399353027e-01
8.718931078910827637e-01
6.644353270530700684e-01
2.758262455463409424e-01
7.439104318618774414e-01
8.334248661994934082e-01
6.983888745307922363e-01
3.351812958717346191e-01
7.468084692955017090e-01
8.043136000633239746e-01
5.969915986061096191e-01
6.681125760078430176e-01
8.556982278823852539e-01
8.417628407478332520e-01
7.492013573646545410e-01
8.400710821151733398e-01
8.382939696311950684e-01
5.451805591583251953e-01
9.022838473320007324e-01
8.233279585838317871e-01
8.511290550231933594e-01
7.708360552787780762e-01
8.834927082061767578e-01
6.066600084304809570e-01
8.716199398040771484e-01
1.410181969404220581e-01
8.333578705787658691e-01
8.647066950798034668e-01
6.934667825698852539e-01
8.454172611236572266e-01
8.065685629844665527e-01
8.884493112564086914e-01
7.547402381896972656e-01
7.360394597053527832e-01
8.757534027099609375e-01
7.766565680503845215e-01
8.376816511154174805e-01
7.811335325241088867e-01
7.895356416702270508e-01
8.693242669105529785e-01
8.299110531806945801e-01
4.040812253952026367e-01
7.815293669700622559e-01
8.777105808258056641e-01
7.951001524925231934e-01
6.159994006156921387e-01
6.298016905784606934e-01
6.298467516899108887e-01
3.829657733440399170e-01
8.675116896629333496e-01
2.497626096010208130e-01
1.926665753126144409e-01
8.349034190177917480e-01
8.823900818824768066e-01
2.551653683185577393e-01
1.688316911458969116e-01
8.783507347106933594e-01
8.202267289161682129e-01
8.169673681259155273e-01
6.621537208557128906e-01
8.276777863502502441e-01
8.575142025947570801e-01
7.938348054885864258e-01
8.174771666526794434e-01
9.220380187034606934e-01
6.568129658699035645e-01
8.642034530639648438e-01
8.098152279853820801e-01
8.453319668769836426e-01
7.791340947151184082e-01
8.789809942245483398e-01
6.768684983253479004e-01
8.628345131874084473e-01
7.755876779556274414e-01
4.653542637825012207e-01
2.183362990617752075e-01
9.011415839195251465e-01
7.732778787612915039e-01
5.551586151123046875e-01
8.124710321426391602e-01
8.419686555862426758e-01
9.219841361045837402e-01
8.516664505004882812e-01
8.351437449455261230e-01
7.501822113990783691e-01
4.326125383377075195e-01
6.984261870384216309e-01
8.348300457000732422e-01
8.591936826705932617e-01
8.221071362495422363e-01
6.358405947685241699e-01
8.144053220748901367e-01
8.204833865165710449e-01
8.522244691848754883e-01
8.115400075912475586e-01
5.833318233489990234e-01
8.573116660118103027e-01
4.992640614509582520e-01
2.485178261995315552e-01
7.500173449516296387e-01
8.625254034996032715e-01
7.694080471992492676e-01
8.645043969154357910e-01
7.398011088371276855e-01
8.914309740066528320e-01
8.097807765007019043e-01
8.390207290649414062e-01
1.686797589063644409e-01
8.571091890335083008e-01
8.774420022964477539e-01
4.449215531349182129e-01
8.001204729080200195e-01
7.679072618484497070e-01
6.373900771141052246e-01
7.493399977684020996e-01
7.892819046974182129e-01
6.582641601562500000e-01
6.666186451911926270e-01
5.050759315490722656e-01
8.672252893447875977e-01
6.848631501197814941e-01
8.108841776847839355e-01
8.737530708312988281e-01
8.877102732658386230e-01
7.847536206245422363e-01
8.814282417297363281e-01
8.506478071212768555e-01
7.061903476715087891e-01
8.451601862907409668e-01
8.157238364219665527e-01
8.066000342369079590e-01
8.101341724395751953e-01
9.148812890052795410e-01
1.090931445360183716e-01
9.057437181472778320e-01
8.427027463912963867e-01
3.467637598514556885e-01
8.647955656051635742e-01
8.662077784538269043e-01
9.052336215972900391e-01
8.796896338462829590e-01
8.466441631317138672e-01
8.349463343620300293e-01
8.349639177322387695e-01
5.633701682090759277e-01
9.003937840461730957e-01
8.539786934852600098e-01
8.448365926742553711e-01
7.712451219558715820e-01
7.739069461822509766e-01
8.346167802810668945e-01
8.011081218719482422e-01
8.705680966377258301e-01
6.087155342102050781e-01
8.684858083724975586e-01
8.195151090621948242e-01
7.501479983329772949e-01
3.504352271556854248e-01
8.563499450683593750e-01
8.331483006477355957e-01
8.768741488456726074e-01
8.609704971313476562e-01
7.548358440399169922e-01
8.465611338615417480e-01
8.019829988479614258e-01
8.138651251792907715e-01
7.538754940032958984e-01
7.681949138641357422e-01
7.691827416419982910e-01
7.608542442321777344e-01
6.518987417221069336e-01
7.539058327674865723e-01
7.745133042335510254e-01
6.954792141914367676e-01
9.052948951721191406e-01
8.425585627555847168e-01
8.796821832656860352e-01
8.509742617607116699e-01
3.218372762203216553e-01
8.443363308906555176e-01
8.798692822456359863e-01
7.704176902770996094e-01
7.502747178077697754e-01
7.947059273719787598e-01
8.449962139129638672e-01
8.239045143127441406e-01
7.089817523956298828e-01
6.779909133911132812e-01
8.805412054061889648e-01
3.597579300403594971e-01
7.458363771438598633e-01
7.889586687088012695e-01
3.356873095035552979e-01
8.833453655242919922e-01
7.801375389099121094e-01
8.239858150482177734e-01
8.294625878334045410e-01
7.857525944709777832e-01
8.378538489341735840e-01
8.970382213592529297e-01
8.117897510528564453e-01
8.379191756248474121e-01
8.715083599090576172e-01
7.752830386161804199e-01
7.438845038414001465e-01
8.541237115859985352e-01
9.042389988899230957e-01
5.634156465530395508e-01
7.965224385261535645e-01
4.398168325424194336e-01
8.373887538909912109e-01
8.043022155761718750e-01
8.029884099960327148e-01
9.270824193954467773e-01
1.012801527976989746e-01
9.010114669799804688e-01
8.098186254501342773e-01
7.777375578880310059e-01
8.501226305961608887e-01
8.795204758644104004e-01
8.632802963256835938e-01
7.610726356506347656e-01
8.497866988182067871e-01
9.000998139381408691e-01
8.803055882453918457e-01
8.462010622024536133e-01
7.931766510009765625e-01
5.423296093940734863e-01
4.355680644512176514e-01
8.475376963615417480e-01
8.029958009719848633e-01
8.393006920814514160e-01
6.616826057434082031e-01
6.449458599090576172e-01
8.588603138923645020e-01
8.293153643608093262e-01
8.455539345741271973e-01
7.679193615913391113e-01
5.723230838775634766e-01
7.900192737579345703e-01
8.232717514038085938e-01
7.784556150436401367e-01
8.198512196540832520e-01
8.624861240386962891e-01
7.850492596626281738e-01
8.734477758407592773e-01
8.925041556358337402e-01
6.958017349243164062e-01
8.249984383583068848e-01
8.377748131752014160e-01
8.623567223548889160e-01
8.731876611709594727e-01
7.143942713737487793e-01
7.637166380882263184e-01
8.489074707031250000e-01
1.627209484577178955e-01
8.333984017372131348e-01
8.239526748657226562e-01
8.820858001708984375e-01
8.551861047744750977e-01
9.049919247627258301e-01
8.260367512702941895e-01
8.871555328369140625e-01
8.039358854293823242e-01
8.779634237289428711e-01
7.641680240631103516e-01
6.601110100746154785e-01
8.787759542465209961e-01
8.595818877220153809e-01
8.184584379196166992e-01
8.608627915382385254e-01
7.722489833831787109e-01
6.000713706016540527e-01
8.010903000831604004e-01
8.963292837142944336e-01
8.469294905662536621e-01
7.870119810104370117e-01
8.105037808418273926e-01
7.298270463943481445e-01
8.844422101974487305e-01
3.548398911952972412e-01
8.908521533012390137e-01
8.132036328315734863e-01
6.556444764137268066e-01
8.161074519157409668e-01
7.921109199523925781e-01
7.377481460571289062e-01
6.782910227775573730e-01
8.587379455566406250e-01
7.804736495018005371e-01
7.738109827041625977e-01
8.834679722785949707e-01
8.461512327194213867e-01
8.035904169082641602e-01
8.255457282066345215e-01
8.351073861122131348e-01
8.275514841079711914e-01
8.330237269401550293e-01
8.550250530242919922e-01
6.633600592613220215e-01
6.941114068031311035e-01
7.372841835021972656e-01
7.241711020469665527e-01
8.209146261215209961e-01
4.982330203056335449e-01
5.843021869659423828e-01
8.611472845077514648e-01
7.581604123115539551e-01
8.585257530212402344e-01
8.149626851081848145e-01
7.774717211723327637e-01
7.604941725730895996e-01
9.031064510345458984e-01
8.854179382324218750e-01
9.064608812332153320e-02
8.708163499832153320e-01
8.321840763092041016e-01
8.207780718803405762e-01
6.557981967926025391e-01
9.085959196090698242e-01
5.365563035011291504e-01
8.227817416191101074e-01
7.783898711204528809e-01
9.251078367233276367e-01
7.529628872871398926e-01
7.808700799942016602e-01
8.991785049438476562e-01
8.564346432685852051e-01
2.445908188819885254e-01
7.696472406387329102e-01
5.446801185607910156e-01
6.951430439949035645e-01
7.970911264419555664e-01
7.108115553855895996e-01
6.580663919448852539e-01
8.304462432861328125e-01
9.051623940467834473e-01
8.897356986999511719e-01
8.562558293342590332e-01
7.892768383026123047e-01
8.552508950233459473e-01
5.502730011940002441e-01
5.587045550346374512e-01
8.143137097358703613e-01
2.806959450244903564e-01
6.198692917823791504e-01
6.557596325874328613e-01
8.500515818595886230e-01
6.254402399063110352e-01
8.144853115081787109e-01
8.459283709526062012e-01
7.082601189613342285e-01
8.858062028884887695e-01
7.681046724319458008e-01
9.128798246383666992e-01
8.410396575927734375e-01
9.061161875724792480e-01
8.604438304901123047e-01
2.342032641172409058e-01
8.141324520111083984e-01
7.619655728340148926e-01
8.385998010635375977e-01
9.015908837318420410e-01
8.970291018486022949e-01
8.019703030586242676e-01
6.740891337394714355e-01
7.188879251480102539e-01
8.336910605430603027e-01
8.578256964683532715e-01
8.620628714561462402e-01
8.483030200004577637e-01
