3.200725018978118896e-01
9.791331887245178223e-01
6.374461650848388672e-01
9.952740669250488281e-01
1.271125525236129761e-01
2.167325615882873535e-01
6.847639083862304688e-01
9.806513190269470215e-01
6.108262538909912109e-01
5.463732481002807617e-01
9.921031594276428223e-01
7.855462431907653809e-01
9.972027540206909180e-01
5.070924758911132812e-01
7.354867458343505859e-02
2.587646543979644775e-01
9.968478083610534668e-01
9.949700236320495605e-01
1.715674996376037598e-01
9.952570796012878418e-01
9.969586133956909180e-01
9.946101903915405273e-01
5.098372697830200195e-01
7.077110409736633301e-01
3.927201032638549805e-01
1.634104996919631958e-01
8.427063226699829102e-01
3.325739502906799316e-01
2.078153938055038452e-01
3.526415228843688965e-01
7.577902823686599731e-02
7.729141712188720703e-01
7.106919288635253906e-01
9.953401088714599609e-01
7.160326242446899414e-01
7.828266024589538574e-01
9.923445582389831543e-01
5.478913187980651855e-01
9.739500284194946289e-01
7.199893593788146973e-01
2.976423501968383789e-01
9.964231848716735840e-01
2.750410735607147217e-01
6.616536378860473633e-01
9.977602958679199219e-01
9.908835291862487793e-01
4.985058903694152832e-01
5.700944662094116211e-01
9.694603085517883301e-01
4.286112487316131592e-01
2.663990259170532227e-01
4.525205194950103760e-01
6.073765158653259277e-01
9.910587668418884277e-01
4.577189683914184570e-01
3.836020827293395996e-01
5.945160388946533203e-01
8.357105255126953125e-01
7.642487287521362305e-01
7.952963709831237793e-01
4.580678343772888184e-01
2.814885675907135010e-01
9.947997331619262695e-01
2.610820233821868896e-01
2.877268493175506592e-01
9.973915815353393555e-01
8.405111730098724365e-02
9.978350996971130371e-01
7.558491230010986328e-01
1.706873178482055664e-01
6.207567453384399414e-01
1.100383475422859192e-01
8.159303665161132812e-01
8.059394359588623047e-01
8.658241033554077148e-01
8.593065142631530762e-01
6.329573392868041992e-01
9.974051117897033691e-01
1.892189085483551025e-01
7.877264022827148438e-01
8.499796986579895020e-01
9.138809442520141602e-01
8.282200694084167480e-01
9.955461025238037109e-01
5.614191889762878418e-01
1.470517665147781372e-01
1.425703763961791992e-01
9.952127933502197266e-01
8.420935869216918945e-01
9.968472123146057129e-01
9.966602325439453125e-01
9.738911986351013184e-01
3.678707480430603027e-01
9.936463832855224609e-01
9.946666955947875977e-01
2.879029214382171631e-01
3.085969090461730957e-01
5.556878447532653809e-01
3.453201353549957275e-01
1.268302500247955322e-01
3.729382753372192383e-01
9.769852161407470703e-01
2.390190809965133667e-01
8.314518928527832031e-01
9.972137808799743652e-01
9.949046373367309570e-01
5.107546970248222351e-02
2.487190812826156616e-01
9.969233870506286621e-01
5.579297542572021484e-01
7.764144539833068848e-01
9.904742836952209473e-01
2.071588337421417236e-01
7.822747826576232910e-01
5.504690408706665039e-01
3.759563863277435303e-01
7.287570238113403320e-01
8.285264968872070312e-01
8.829510211944580078e-01
9.187336564064025879e-01
9.929619431495666504e-01
9.692767858505249023e-01
6.041473150253295898e-01
9.931939840316772461e-01
5.706385970115661621e-01
5.023010969161987305e-01
1.601945012807846069e-01
7.181713581085205078e-01
6.832363009452819824e-01
6.429971456527709961e-01
9.974709749221801758e-01
3.393072187900543213e-01
6.891133785247802734e-01
9.779330492019653320e-01
8.062087297439575195e-01
6.821296215057373047e-01
4.085584878921508789e-01
6.549339741468429565e-02
9.975690245628356934e-01
3.075259625911712646e-01
7.181383371353149414e-01
2.801782190799713135e-01
9.947125911712646484e-01
9.808954596519470215e-01
4.221899509429931641e-01
9.928541779518127441e-01
9.253176450729370117e-01
6.089457869529724121e-01
9.931141734123229980e-01
5.528622269630432129e-01
8.069366216659545898e-01
5.201029181480407715e-01
9.949262142181396484e-01
3.487461507320404053e-01
9.977754950523376465e-01
8.845117092132568359e-01
1.585358232259750366e-01
2.680839598178863525e-01
1.334152519702911377e-01
6.030517816543579102e-01
9.940794706344604492e-01
5.727956444025039673e-02
8.738166093826293945e-01
4.441218972206115723e-01
5.136858671903610229e-02
8.549489974975585938e-01
6.106165647506713867e-01
7.923225760459899902e-01
9.837993383407592773e-01
7.308706045150756836e-01
8.398044705390930176e-01
1.060559675097465515e-01
9.951167106628417969e-01
5.094891190528869629e-01
9.960811734199523926e-01
1.057098954916000366e-01
5.590462684631347656e-01
9.944902658462524414e-01
8.993542194366455078e-01
2.048238813877105713e-01
9.886733889579772949e-01
9.963728189468383789e-01
1.297170072793960571e-01
1.695832759141921997e-01
9.944756627082824707e-01
1.496361792087554932e-01
8.129020929336547852e-01
8.752893805503845215e-01
9.792411923408508301e-01
9.978603720664978027e-01
3.066177368164062500e-01
9.635314345359802246e-01
2.507764995098114014e-01
7.594262957572937012e-01
3.762280568480491638e-02
5.621762871742248535e-01
7.261902093887329102e-01
9.950143694877624512e-01
2.962950468063354492e-01
5.533860921859741211e-01
9.917147755622863770e-01
8.590332269668579102e-01
7.014209777116775513e-02
8.075227141380310059e-01
9.940760135650634766e-01
2.534864842891693115e-01
9.977281689643859863e-01
7.855805009603500366e-02
8.047999739646911621e-01
9.798153638839721680e-01
7.734971642494201660e-01
5.253611803054809570e-01
9.969449639320373535e-01
9.961430430412292480e-01
9.928748607635498047e-01
6.424394249916076660e-01
9.971739053726196289e-01
9.951802492141723633e-01
6.358560323715209961e-01
9.421502351760864258e-01
8.054916262626647949e-01
9.945527911186218262e-01
2.069689631462097168e-01
1.528224945068359375e-01
2.442482113838195801e-01
2.445871680974960327e-01
6.291369795799255371e-01
4.597108066082000732e-01
7.287570238113403320e-01
4.443978145718574524e-02
7.287570238113403320e-01
9.974278807640075684e-01
8.616229891777038574e-01
9.967529177665710449e-01
5.092793703079223633e-01
3.148959875106811523e-01
9.947559833526611328e-01
7.512202858924865723e-01
1.205710172653198242e-01
6.859273314476013184e-01
2.170303314924240112e-01
8.199036121368408203e-02
9.268908202648162842e-02
9.920186400413513184e-01
1.597065478563308716e-01
7.798584699630737305e-01
5.113808512687683105e-01
6.692007184028625488e-02
9.976734519004821777e-01
9.975978732109069824e-01
1.349550634622573853e-01
9.977585077285766602e-01
8.433092832565307617e-01
7.779258489608764648e-01
2.880044877529144287e-01
9.961626529693603516e-01
6.503578424453735352e-01
9.951763153076171875e-01
5.093093514442443848e-01
7.721670269966125488e-01
9.735497236251831055e-01
1.437163800001144409e-01
8.551188111305236816e-01
7.909408807754516602e-01
7.604463100433349609e-01
9.952705502510070801e-01
3.065699636936187744e-01
9.962384700775146484e-01
8.587909340858459473e-01
7.620975375175476074e-01
8.586391210556030273e-01
6.671530008316040039e-01
8.531575202941894531e-01
9.901005625724792480e-01
9.965691566467285156e-01
5.883759856224060059e-01
8.059426546096801758e-01
1.690960973501205444e-01
9.921457171440124512e-01
3.747740685939788818e-01
9.959969520568847656e-01
1.981812715530395508e-01
5.895867943763732910e-02
9.950820207595825195e-01
1.340461969375610352e-01
7.328677773475646973e-01
6.265797019004821777e-01
2.722488343715667725e-01
7.153421044349670410e-01
2.915541529655456543e-01
8.500454425811767578e-01
6.987812519073486328e-01
9.967453479766845703e-01
7.487969398498535156e-01
7.800972461700439453e-01
8.478980660438537598e-01
8.322414755821228027e-01
5.001206323504447937e-02
7.934459447860717773e-01
2.027337551116943359e-01
8.628864288330078125e-01
9.979140162467956543e-01
7.831157445907592773e-01
9.732863306999206543e-01
9.958488941192626953e-01
9.789367914199829102e-01
7.102493047714233398e-01
2.325333207845687866e-01
8.216872215270996094e-01
7.282150983810424805e-01
9.946438074111938477e-01
6.933516860008239746e-01
9.976346492767333984e-01
2.553260624408721924e-01
6.080933809280395508e-01
9.892727136611938477e-01
6.123368144035339355e-01
9.971946477890014648e-01
1.214630156755447388e-01
9.947263598442077637e-01
3.929019868373870850e-01
9.956831932067871094e-01
9.900609254837036133e-01
1.552868038415908813e-01
5.257530212402343750e-01
2.802569270133972168e-01
6.150943636894226074e-01
6.924526095390319824e-01
9.958659410476684570e-01
9.045524597167968750e-01
4.513436183333396912e-02
4.302357137203216553e-01
9.956322312355041504e-01
6.672682166099548340e-01
4.254940450191497803e-01
9.971109628677368164e-01
9.969183206558227539e-01
2.696765065193176270e-01
9.897279143333435059e-01
9.949624538421630859e-01
1.904426664113998413e-01
7.809758782386779785e-01
9.010274410247802734e-01
5.341151356697082520e-01
6.183066964149475098e-01
9.955957531929016113e-01
9.959850311279296875e-01
6.257795095443725586e-01
9.396495819091796875e-01
5.061504244804382324e-01
9.958219528198242188e-01
7.431656122207641602e-01
8.958790898323059082e-01
1.607761085033416748e-01
2.236692309379577637e-01
9.959124922752380371e-01
5.901663303375244141e-01
9.911676645278930664e-01
8.188757300376892090e-02
9.935405850410461426e-01
6.110554337501525879e-01
6.955330371856689453e-01
6.255987286567687988e-01
3.376513421535491943e-01
2.871763408184051514e-01
9.906247258186340332e-01
5.921440720558166504e-01
9.970178604125976562e-01
5.829335451126098633e-01
1.394562274217605591e-01
9.882194995880126953e-01
9.946691393852233887e-01
9.977428913116455078e-01
2.270515859127044678e-01
3.950866758823394775e-01
9.193006157875061035e-01
8.649158477783203125e-01
9.697059392929077148e-01
9.974097609519958496e-01
9.966791868209838867e-01
9.965337514877319336e-01
9.956789612770080566e-01
2.779173254966735840e-01
2.820172011852264404e-01
4.827307164669036865e-02
9.937398433685302734e-01
2.992179989814758301e-01
9.681738615036010742e-01
6.362309455871582031e-01
9.969279170036315918e-01
8.915475010871887207e-02
5.902513265609741211e-01
9.560117125511169434e-01
9.937959909439086914e-01
1.053530126810073853e-01
9.957177042961120605e-01
4.681563079357147217e-01
9.958668947219848633e-01
3.260667324066162109e-01
1.879744827747344971e-01
4.030630290508270264e-01
2.440734952688217163e-01
9.935466647148132324e-01
9.762614965438842773e-01
9.900836944580078125e-01
6.324844956398010254e-01
9.956164360046386719e-01
9.960197806358337402e-01
3.247032761573791504e-01
8.044632673263549805e-01
2.677751183509826660e-01
4.086896777153015137e-01
9.940329194068908691e-01
4.356122612953186035e-01
2.467976659536361694e-01
7.754592299461364746e-01
5.424019098281860352e-01
1.355185657739639282e-01
9.937025308609008789e-01
8.237994909286499023e-01
9.934988021850585938e-01
8.380696773529052734e-01
9.971840977668762207e-01
9.972504973411560059e-01
9.976867437362670898e-01
7.036250233650207520e-01
2.028676420450210571e-01
9.961569905281066895e-01
8.137375712394714355e-01
9.966040849685668945e-01
4.409078955650329590e-01
2.709724307060241699e-01
9.836085438728332520e-01
9.963067770004272461e-01
1.353882700204849243e-01
9.976923465728759766e-01
7.995681166648864746e-01
1.715085208415985107e-01
9.879379868507385254e-01
2.611296176910400391e-01
2.092223614454269409e-01
5.902730226516723633e-01
9.939756989479064941e-01
9.945122003555297852e-01
7.311474084854125977e-01
5.942451953887939453e-01
9.978815913200378418e-01
6.780362725257873535e-01
8.642634153366088867e-01
9.965071082115173340e-01
9.942045807838439941e-01
9.930384755134582520e-01
9.815580248832702637e-01
7.121660709381103516e-01
6.834152936935424805e-01
7.645114064216613770e-01
8.714345097541809082e-02
3.784700930118560791e-01
9.703839421272277832e-01
9.936929941177368164e-01
9.970986843109130859e-01
9.952925443649291992e-01
7.775065302848815918e-01
9.976506829261779785e-01
5.135838389396667480e-01
9.692102670669555664e-01
7.287570238113403320e-01
9.335883855819702148e-01
5.640859007835388184e-01
3.854034245014190674e-01
3.508752584457397461e-01
4.201607108116149902e-01
9.945143461227416992e-01
9.957261085510253906e-01
9.955521225929260254e-01
9.950248599052429199e-01
5.520253181457519531e-01
9.971714615821838379e-01
7.875499725341796875e-01
5.339418351650238037e-02
7.895740270614624023e-01
4.629069194197654724e-02
9.957362413406372070e-01
6.575447916984558105e-01
4.461088776588439941e-01
6.143598556518554688e-01
8.307639360427856445e-01
4.108736217021942139e-01
6.403200030326843262e-01
7.830157279968261719e-01
9.955236911773681641e-01
4.060705304145812988e-01
3.967708945274353027e-01
4.837999343872070312e-01
3.666577935218811035e-01
7.894952297210693359e-01
2.801526188850402832e-01
1.588962674140930176e-01
2.945580482482910156e-01
8.679295778274536133e-01
2.897127717733383179e-02
9.947031140327453613e-01
9.977613687515258789e-01
9.962590932846069336e-01
9.959856867790222168e-01
5.473520755767822266e-01
2.962254881858825684e-01
1.720269024372100830e-01
9.957906603813171387e-01
3.859961032867431641e-01
9.832080006599426270e-01
9.961234927177429199e-01
3.430856168270111084e-01
1.788393706083297729e-01
9.952425956726074219e-01
7.181985378265380859e-01
7.879915833473205566e-01
6.130576133728027344e-01
6.495249867439270020e-01
2.048654109239578247e-02
6.917563080787658691e-01
9.956953525543212891e-01
2.588553726673126221e-01
9.967859983444213867e-01
8.915317058563232422e-01
2.711971998214721680e-01
8.057910799980163574e-01
8.191512823104858398e-01
3.712910413742065430e-01
9.794281125068664551e-01
5.309846401214599609e-01
9.920676946640014648e-01
9.935998916625976562e-01
9.949890971183776855e-01
3.786022365093231201e-01
1.049043238162994385e-01
4.073753952980041504e-01
6.075636744499206543e-01
9.475392699241638184e-01
9.944662451744079590e-01
3.497813642024993896e-01
9.941376447677612305e-01
9.930974841117858887e-01
9.977304339408874512e-01
8.825831860303878784e-02
9.852238893508911133e-01
1.360948979854583740e-01
9.959921240806579590e-01
7.182464599609375000e-01
4.969260096549987793e-01
8.808233737945556641e-01
9.951474070549011230e-01
3.880742490291595459e-01
3.749492466449737549e-01
9.919345378875732422e-01
9.956811666488647461e-01
1.213214397430419922e-01
8.892696499824523926e-01
8.798063993453979492e-01
5.770930647850036621e-01
9.977043271064758301e-01
2.600332200527191162e-01
9.911852478981018066e-01
7.600182294845581055e-01
5.223087072372436523e-01
9.916858077049255371e-01
5.660355091094970703e-01
6.526265144348144531e-01
9.735157489776611328e-01
1.984189450740814209e-01
6.825255155563354492e-01
4.501751661300659180e-01
6.571727991104125977e-01
1.600671112537384033e-01
3.351089358329772949e-01
9.662557244300842285e-01
9.976492524147033691e-01
9.974592328071594238e-01
8.466548323631286621e-01
7.374438643455505371e-01
9.710440635681152344e-01
1.464109569787979126e-01
3.162648379802703857e-01
9.741905927658081055e-01
8.452809453010559082e-01
6.458112001419067383e-01
9.870950579643249512e-01
8.340123295783996582e-01
7.170220017433166504e-01
9.971361160278320312e-01
7.418746352195739746e-01
6.473593711853027344e-01
6.923366189002990723e-01
8.749016523361206055e-01
9.927393794059753418e-01
9.962259531021118164e-01
9.962877035140991211e-01
3.070603013038635254e-01
8.495189994573593140e-02
3.885973691940307617e-01
9.976530671119689941e-01
9.854689240455627441e-01
2.580635547637939453e-01
3.717484772205352783e-01
9.938687682151794434e-01
1.281470954418182373e-01
9.974758028984069824e-01
6.694916486740112305e-01
3.612715899944305420e-01
4.102214872837066650e-01
8.410016298294067383e-01
7.423621416091918945e-01
7.012178301811218262e-01
7.011131048202514648e-01
8.470653891563415527e-01
9.967436790466308594e-01
9.953436255455017090e-01
9.974212646484375000e-01
9.955540299415588379e-01
6.393095254898071289e-01
1.978487968444824219e-01
9.850128889083862305e-01
6.963792443275451660e-01
5.332535505294799805e-01
1.448861211538314819e-01
4.953737854957580566e-01
3.992057964205741882e-02
2.059925496578216553e-01
9.008960723876953125e-01
8.507103323936462402e-01
9.955546259880065918e-01
9.722951054573059082e-01
9.953122138977050781e-01
2.385395020246505737e-01
9.915338158607482910e-01
9.614116549491882324e-01
9.941678047180175781e-01
2.653979063034057617e-01
1.524361371994018555e-01
9.973760843276977539e-01
8.191952109336853027e-01
5.493167042732238770e-01
9.974332451820373535e-01
5.806966423988342285e-01
6.852402091026306152e-01
7.402082681655883789e-01
3.191778361797332764e-01
9.951792955398559570e-01
2.845983803272247314e-01
1.750724315643310547e-01
8.685567378997802734e-01
7.174127101898193359e-01
9.944887161254882812e-01
5.378861427307128906e-01
9.220154285430908203e-01
9.945178627967834473e-01
6.556903570890426636e-02
6.304800510406494141e-01
7.651644945144653320e-01
9.943001270294189453e-01
9.973288774490356445e-01
6.412825584411621094e-01
3.407212793827056885e-01
8.385751247406005859e-01
5.508473142981529236e-02
6.638892889022827148e-01
9.949138164520263672e-01
9.953585267066955566e-01
5.288664698600769043e-01
2.566452920436859131e-01
9.975281357765197754e-01
4.973640739917755127e-01
4.697717130184173584e-01
7.745341658592224121e-01
6.775545477867126465e-01
9.974250793457031250e-01
5.757991671562194824e-01
6.467856168746948242e-01
9.975136518478393555e-01
2.159218490123748779e-01
5.119873285293579102e-01
1.356255710124969482e-01
7.181605696678161621e-01
8.116523623466491699e-01
5.989263057708740234e-01
9.955451488494873047e-01
2.587646543979644775e-01
6.404951214790344238e-01
7.455977052450180054e-02
9.970237612724304199e-01
9.966040849685668945e-01
4.443358182907104492e-01
3.087143301963806152e-01
8.214778304100036621e-01
9.966399669647216797e-01
9.953395128250122070e-01
7.031401991844177246e-01
4.197151362895965576e-01
8.736047744750976562e-01
5.586032867431640625e-01
5.349424481391906738e-01
5.551873445510864258e-01
7.344122976064682007e-02
8.907807469367980957e-01
3.958963155746459961e-01
6.467277407646179199e-01
4.361935853958129883e-01
9.942482709884643555e-01
5.016215443611145020e-01
7.106929421424865723e-01
8.349224925041198730e-01
1.780326068401336670e-01
6.363089084625244141e-01
7.287570238113403320e-01
9.942224621772766113e-01
9.850137829780578613e-01
5.009797811508178711e-01
9.778933525085449219e-01
7.794812321662902832e-01
6.527862548828125000e-01
2.552914991974830627e-02
2.910227179527282715e-01
9.411269426345825195e-01
6.723129749298095703e-01
8.370860219001770020e-01
1.468386799097061157e-01
9.963494539260864258e-01
6.134345531463623047e-01
9.940956830978393555e-01
6.478897929191589355e-01
6.393290162086486816e-01
5.880166292190551758e-01
4.316323995590209961e-01
8.121140301227569580e-02
6.807196140289306641e-01
8.099039793014526367e-01
9.964210987091064453e-01
8.117695450782775879e-01
6.198266744613647461e-01
9.951242804527282715e-01
9.911140799522399902e-01
9.930472970008850098e-01
9.965155124664306641e-01
7.839785218238830566e-01
8.046399950981140137e-01
5.222756862640380859e-01
1.759931445121765137e-01
9.548341035842895508e-01
6.261402964591979980e-01
9.897537231445312500e-01
3.106408007442951202e-02
7.170585393905639648e-01
7.596122026443481445e-01
3.649910166859626770e-02
9.942989349365234375e-01
9.941658973693847656e-01
7.287570238113403320e-01
6.284729242324829102e-01
6.076043471693992615e-02
4.244127571582794189e-01
9.600321054458618164e-01
9.755455851554870605e-01
9.955475330352783203e-01
5.623580515384674072e-02
8.272275924682617188e-01
9.958311915397644043e-01
4.780447483062744141e-01
2.821772694587707520e-01
4.969728887081146240e-01
4.279322624206542969e-01
9.555499553680419922e-01
6.266610026359558105e-01
9.015955030918121338e-02
9.958258867263793945e-01
9.415996670722961426e-01
7.584293484687805176e-01
4.835301637649536133e-01
8.254807591438293457e-01
9.840273857116699219e-01
1.063068360090255737e-01
1.219942271709442139e-01
3.448977768421173096e-01
9.924950599670410156e-01
2.858606278896331787e-01
2.144146710634231567e-01
6.158904433250427246e-01
4.053050279617309570e-01
2.202940732240676880e-01
3.090681135654449463e-01
6.369401812553405762e-01
2.681700289249420166e-01
9.974217414855957031e-01
9.977918863296508789e-01
5.234066843986511230e-01
3.971362709999084473e-01
9.978476762771606445e-01
5.938374996185302734e-01
7.825971245765686035e-01
6.741002798080444336e-01
9.722259044647216797e-01
6.148303151130676270e-01
4.469924867153167725e-01
7.649717926979064941e-01
1.175451949238777161e-01
6.733840703964233398e-01
7.293142080307006836e-01
5.785513520240783691e-01
9.735228419303894043e-01
5.469830632209777832e-01
7.128123044967651367e-01
4.530296027660369873e-01
6.417409777641296387e-01
2.702109515666961670e-01
9.954482913017272949e-01
3.239281773567199707e-01
5.434688329696655273e-01
9.937683343887329102e-01
9.952310919761657715e-01
9.959636926651000977e-01
5.823774337768554688e-01
9.954321384429931641e-01
8.060050010681152344e-01
3.762904927134513855e-02
7.261904478073120117e-01
5.825035572052001953e-01
4.130764603614807129e-01
9.959217309951782227e-01
4.194483458995819092e-01
7.287570238113403320e-01
8.757264018058776855e-01
8.152447938919067383e-01
7.624793052673339844e-01
9.974722266197204590e-01
5.385149121284484863e-01
9.951463341712951660e-01
1.666991859674453735e-01
8.964095711708068848e-01
7.589325904846191406e-01
8.362231254577636719e-01
4.319001436233520508e-01
9.953420162200927734e-01
8.623117208480834961e-01
3.007600009441375732e-01
7.323831319808959961e-01
3.850187957286834717e-01
9.949298501014709473e-01
7.951342463493347168e-01
7.800213694572448730e-01
9.955320358276367188e-01
9.950627684593200684e-01
1.116614714264869690e-01
7.923010587692260742e-01
9.948838353157043457e-01
9.809709191322326660e-01
8.263378143310546875e-01
1.887125223875045776e-01
2.177212834358215332e-01
9.966089725494384766e-01
2.851949632167816162e-01
1.154124587774276733e-01
6.012942194938659668e-01
9.570012241601943970e-02
9.964189529418945312e-01
7.559931874275207520e-01
9.963178634643554688e-01
7.547206878662109375e-01
5.766667053103446960e-02
9.974767565727233887e-01
1.708258688449859619e-01
9.802133440971374512e-01
4.683237671852111816e-01
9.908559322357177734e-01
8.122084736824035645e-01
1.536923348903656006e-01
5.269304513931274414e-01
9.934386610984802246e-01
2.802664637565612793e-01
9.650073945522308350e-02
2.063942700624465942e-01
2.691692709922790527e-01
9.975741505622863770e-01
2.835023701190948486e-01
1.805499941110610962e-01
7.622376084327697754e-01
2.482825070619583130e-01
6.113973855972290039e-01
2.830751240253448486e-01
2.320221811532974243e-01
2.949500679969787598e-01
9.970281720161437988e-01
7.321615219116210938e-01
8.210736513137817383e-01
7.371299862861633301e-01
4.589529931545257568e-01
9.955222606658935547e-01
3.770325481891632080e-01
8.249369263648986816e-01
9.889181256294250488e-01
9.960339665412902832e-01
9.977236390113830566e-01
9.936780333518981934e-01
4.519846737384796143e-01
9.618283510208129883e-01
6.694785952568054199e-01
7.130429744720458984e-01
1.461784839630126953e-01
2.207836657762527466e-01
1.924254447221755981e-01
9.384945631027221680e-01
9.971027970314025879e-01
2.757395505905151367e-01
3.397311568260192871e-01
3.282248973846435547e-01
9.975596666336059570e-01
7.971796393394470215e-01
4.506807923316955566e-01
8.356686234474182129e-01
9.979670643806457520e-01
6.305827498435974121e-01
7.624838501214981079e-02
4.497784972190856934e-01
1.309274137020111084e-01
8.378258943557739258e-01
4.918449819087982178e-01
9.975824356079101562e-01
6.831107735633850098e-01
5.565865039825439453e-01
7.728992700576782227e-01
9.973133206367492676e-01
4.566831886768341064e-01
1.764314621686935425e-01
2.434102296829223633e-01
6.712324619293212891e-01
9.963709115982055664e-01
4.276021420955657959e-01
1.046465039253234863e-01
4.033980667591094971e-01
2.456775754690170288e-01
9.938581585884094238e-01
1.918883919715881348e-01
9.977733492851257324e-01
8.738105893135070801e-01
4.660431444644927979e-01
6.658766865730285645e-01
9.954367280006408691e-01
9.942098855972290039e-01
5.208163857460021973e-01
3.728464990854263306e-02
9.894188642501831055e-01
9.532054066658020020e-01
8.328825235366821289e-01
2.407476752996444702e-01
4.755679666996002197e-01
1.109087616205215454e-01
5.559535622596740723e-01
9.915709495544433594e-01
9.875075221061706543e-01
1.627984195947647095e-01
9.978937506675720215e-01
1.691383570432662964e-01
3.315339088439941406e-01
8.943100571632385254e-01
8.374739289283752441e-01
4.712630212306976318e-01
8.400270342826843262e-01
1.204610913991928101e-01
8.707811832427978516e-01
6.943365931510925293e-01
8.816350698471069336e-01
9.882199764251708984e-01
3.726042509078979492e-01
9.752525091171264648e-01
3.321653604507446289e-01
7.104875445365905762e-01
9.956963062286376953e-01
5.267866849899291992e-01
4.575176537036895752e-01
9.975749850273132324e-01
8.349797129631042480e-01
8.578664064407348633e-01
3.595677018165588379e-01
5.060024261474609375e-01
9.941847920417785645e-01
3.277530074119567871e-01
9.964113831520080566e-01
9.947395920753479004e-01
6.226512789726257324e-02
7.623776197433471680e-01
4.652498960494995117e-01
6.708766222000122070e-01
8.428772091865539551e-01
8.163014054298400879e-01
3.285780251026153564e-01
9.958558678627014160e-01
1.693592965602874756e-01
8.428752422332763672e-01
1.354366093873977661e-01
1.088823601603507996e-01
8.023405075073242188e-01
8.035053014755249023e-01
8.544950485229492188e-01
6.979829668998718262e-01
9.941084384918212891e-01
6.078261733055114746e-01
1.496842056512832642e-01
6.247252821922302246e-01
6.520926356315612793e-01
3.847781419754028320e-01
9.977912902832031250e-01
9.957600235939025879e-01
9.931923747062683105e-01
9.954505562782287598e-01
1.327403336763381958e-01
6.593303084373474121e-01
9.969891905784606934e-01
9.937618374824523926e-01
8.216369152069091797e-01
1.095081791281700134e-01
2.551592290401458740e-01
4.679133296012878418e-01
9.934425354003906250e-01
2.513447403907775879e-01
5.281228423118591309e-01
4.044821858406066895e-01
7.137228250503540039e-01
4.655457735061645508e-01
8.952930569648742676e-02
8.081066012382507324e-01
7.222290039062500000e-01
2.276758700609207153e-01
9.950450658798217773e-01
8.286135196685791016e-01
6.097079515457153320e-01
7.512512207031250000e-01
7.975803613662719727e-01
1.018497347831726074e-01
8.385751247406005859e-01
8.564027547836303711e-01
9.974780678749084473e-01
1.381810456514358521e-01
7.845482230186462402e-01
9.906635284423828125e-01
7.622480988502502441e-01
8.030414581298828125e-02
9.974000453948974609e-01
9.965587258338928223e-01
3.641486465930938721e-01
9.255553781986236572e-02
8.934789896011352539e-01
8.957903385162353516e-01
9.947143197059631348e-01
5.164082720875740051e-02
9.963317513465881348e-01
8.296124339103698730e-01
8.226469159126281738e-01
8.073343038558959961e-01
6.974743604660034180e-01
2.682213485240936279e-01
8.524845242500305176e-01
9.635314345359802246e-01
9.945898056030273438e-01
6.554533243179321289e-01
7.370421290397644043e-01
9.973875880241394043e-01
2.380321174860000610e-01
6.144163608551025391e-01
1.058943718671798706e-01
6.051472201943397522e-02
3.283266425132751465e-01
6.647862792015075684e-01
2.210589796304702759e-01
3.805419504642486572e-01
9.957922697067260742e-01
9.954801797866821289e-01
2.899123430252075195e-01
9.925701022148132324e-01
6.427885591983795166e-02
9.612033367156982422e-01
3.267463743686676025e-01
4.053232073783874512e-01
8.106736540794372559e-01
9.899129867553710938e-01
4.185290634632110596e-01
8.117533326148986816e-01
4.063379466533660889e-01
2.655868232250213623e-01
8.157085180282592773e-01
9.945490956306457520e-01
7.241878509521484375e-01
9.955728054046630859e-01
1.624545603990554810e-01
9.816622138023376465e-01
9.933378696441650391e-01
5.682768225669860840e-01
6.154769659042358398e-01
8.686648011207580566e-01
4.221028834581375122e-02
9.925015270709991455e-02
5.226275920867919922e-01
9.902010560035705566e-01
1.163489669561386108e-01
9.975253939628601074e-01
6.248294711112976074e-01
3.786472380161285400e-01
9.976912736892700195e-01
1.373396962881088257e-01
9.962448477745056152e-01
9.171301722526550293e-01
8.316778540611267090e-01
6.535295844078063965e-01
4.508321285247802734e-01
4.504434168338775635e-01
9.944627881050109863e-01
3.584782183170318604e-01
6.347275376319885254e-01
1.123867928981781006e-01
9.907497763633728027e-01
9.980202913284301758e-01
9.650964736938476562e-01
7.294053435325622559e-01
5.209617614746093750e-01
5.243717432022094727e-01
3.597053587436676025e-01
1.273697167634963989e-01
9.491021633148193359e-01
6.386947631835937500e-01
9.964525699615478516e-01
9.942280054092407227e-01
9.875089526176452637e-01
9.956503510475158691e-01
4.237087666988372803e-01
9.955967068672180176e-01
9.977114200592041016e-01
2.536438405513763428e-01
9.341657757759094238e-01
8.685832023620605469e-01
9.941746592521667480e-01
5.303797721862792969e-01
9.903491735458374023e-01
6.492795944213867188e-01
8.421807736158370972e-02
4.019369781017303467e-01
7.030320763587951660e-01
9.939880371093750000e-01
2.879029214382171631e-01
9.971056580543518066e-01
7.466675043106079102e-01
3.132244348526000977e-01
6.803021430969238281e-01
2.902293801307678223e-01
5.864823460578918457e-01
1.663374602794647217e-01
1.974450796842575073e-01
5.043898224830627441e-01
9.955188035964965820e-01
2.342675626277923584e-02
9.913388490676879883e-01
6.952036023139953613e-01
9.246917963027954102e-01
9.978727102279663086e-01
5.200418829917907715e-01
9.902963042259216309e-01
9.933219552040100098e-01
5.894525647163391113e-01
6.982735991477966309e-01
9.950996041297912598e-01
1.260853856801986694e-01
6.394911408424377441e-01
9.939070343971252441e-01
9.949529170989990234e-01
9.953259229660034180e-01
9.531810283660888672e-01
3.825414776802062988e-01
6.049802899360656738e-01
7.232380509376525879e-01
1.529478579759597778e-01
9.809281229972839355e-01
1.844117343425750732e-01
1.186517700552940369e-01
3.004088699817657471e-01
2.659749090671539307e-01
9.488673806190490723e-01
8.695339560508728027e-01
8.266222476959228516e-01
9.966576099395751953e-01
9.971963167190551758e-01
2.469140291213989258e-01
5.002057552337646484e-01
7.505540549755096436e-02
9.638064503669738770e-01
9.973310232162475586e-01
5.802846550941467285e-01
7.881590723991394043e-01
3.346427083015441895e-01
9.919312596321105957e-01
9.899446964263916016e-01
9.742797613143920898e-01
8.380026817321777344e-01
4.814128875732421875e-01
9.585959315299987793e-01
7.532945871353149414e-01
7.609257102012634277e-01
1.454401463270187378e-01
2.867489159107208252e-01
6.995307803153991699e-01
4.901680648326873779e-01
9.764100313186645508e-01
8.035863041877746582e-01
9.834250807762145996e-01
6.953882575035095215e-01
1.083404496312141418e-01
5.260723456740379333e-02
9.944018721580505371e-01
9.222944974899291992e-01
5.238426923751831055e-01
7.545097470283508301e-01
4.833903908729553223e-01
9.328776001930236816e-01
6.572374105453491211e-01
9.530172944068908691e-01
9.962360262870788574e-01
8.059222102165222168e-01
7.812168598175048828e-01
8.508292436599731445e-01
9.957976341247558594e-01
9.952861666679382324e-01
6.403294801712036133e-01
3.842541575431823730e-01
5.238260030746459961e-01
9.969665408134460449e-01
7.198709249496459961e-01
9.914504885673522949e-01
5.687636137008666992e-01
3.435907065868377686e-01
8.339307904243469238e-01
7.223470211029052734e-01
9.758938550949096680e-01
7.287570238113403320e-01
8.632512688636779785e-01
7.633733749389648438e-01
9.947990179061889648e-01
9.954456090927124023e-01
4.088822305202484131e-01
3.357930779457092285e-01
4.851631224155426025e-01
7.390829324722290039e-01
4.379700124263763428e-01
7.324490547180175781e-01
1.010476425290107727e-01
6.104707717895507812e-01
9.546284377574920654e-02
7.916004061698913574e-01
4.356168806552886963e-01
3.035297393798828125e-01
4.507966041564941406e-01
7.103967666625976562e-01
6.457698345184326172e-01
1.565984785556793213e-01
8.701392412185668945e-01
1.967917531728744507e-01
9.735085368156433105e-01
2.469493895769119263e-01
5.462028384208679199e-01
6.936566233634948730e-01
9.957433342933654785e-01
9.956672191619873047e-01
7.091757655143737793e-01
5.723866224288940430e-01
9.979659318923950195e-01
7.607402801513671875e-01
1.172003671526908875e-01
6.470881700515747070e-01
5.777658149600028992e-02
9.628716111183166504e-01
7.368530631065368652e-01
6.054182648658752441e-01
1.778306365013122559e-01
9.566959738731384277e-01
9.976984858512878418e-01
1.898444890975952148e-01
5.159021615982055664e-01
5.770210176706314087e-02
9.956027269363403320e-01
4.950565844774246216e-02
2.194747626781463623e-01
9.960681200027465820e-01
3.222490549087524414e-01
9.963098168373107910e-01
1.917919218540191650e-01
9.977224469184875488e-01
5.443859696388244629e-01
3.893443644046783447e-01
7.166568636894226074e-01
2.657145261764526367e-01
9.948110580444335938e-01
5.832690596580505371e-01
9.694147706031799316e-01
3.700081706047058105e-01
8.637315034866333008e-02
5.742578506469726562e-01
9.945937991142272949e-01
4.718648195266723633e-01
6.497659087181091309e-01
9.969162940979003906e-01
6.578878164291381836e-01
5.973623394966125488e-01
3.888791054487228394e-02
4.435981512069702148e-01
6.001900434494018555e-01
9.944479465484619141e-01
9.927985668182373047e-01
9.964989423751831055e-01
9.973235726356506348e-01
8.040378689765930176e-01
8.606751561164855957e-01
9.702028036117553711e-01
9.950267672538757324e-01
9.361913800239562988e-01
5.868061184883117676e-01
9.724348187446594238e-01
6.791403889656066895e-01
3.432481884956359863e-01
8.299080729484558105e-01
6.679595708847045898e-01
6.080859303474426270e-01
7.466011047363281250e-01
9.958843588829040527e-01
1.225040629506111145e-01
9.815152287483215332e-01
6.840912699699401855e-01
7.287570238113403320e-01
1.880296766757965088e-01
8.235711455345153809e-01
1.250618398189544678e-01
2.328154295682907104e-01
8.213853240013122559e-01
5.947224497795104980e-01
9.977274537086486816e-01
1.669296920299530029e-01
7.879427671432495117e-01
1.304993480443954468e-01
9.950389266014099121e-01
4.752453416585922241e-02
3.217806518077850342e-01
5.363540053367614746e-01
2.956356704235076904e-01
2.692784667015075684e-01
3.856150805950164795e-01
7.514987885951995850e-02
9.955378770828247070e-01
9.207913279533386230e-01
6.694920063018798828e-01
5.786178708076477051e-01
8.099423050880432129e-01
7.265142202377319336e-01
6.551537513732910156e-01
9.199613928794860840e-01
9.948110580444335938e-01
9.956173896789550781e-01
3.249613046646118164e-01
4.236544966697692871e-01
5.065219402313232422e-01
3.089780211448669434e-01
9.937925934791564941e-01
5.245900526642799377e-02
1.375533640384674072e-01
1.290630996227264404e-01
8.598417043685913086e-01
7.370879054069519043e-01
9.979098439216613770e-01
5.333268046379089355e-01
9.969242215156555176e-01
5.850229859352111816e-01
1.466284990310668945e-01
8.873986005783081055e-01
9.759903550148010254e-01
9.795393943786621094e-01
9.980612397193908691e-01
7.210325598716735840e-01
9.862153530120849609e-01
9.939398765563964844e-01
9.901944994926452637e-01
8.274785280227661133e-01
8.118912577629089355e-01
5.504930019378662109e-02
5.521942377090454102e-01
9.977796673774719238e-01
9.781241416931152344e-01
9.979866743087768555e-01
7.900061011314392090e-01
7.536274790763854980e-01
3.412536382675170898e-01
4.250558316707611084e-01
5.052802562713623047e-01
5.295284986495971680e-01
6.093278527259826660e-01
3.554672598838806152e-01
9.970784187316894531e-01
7.249155044555664062e-01
9.976053237915039062e-01
9.907203912734985352e-01
4.750372767448425293e-01
5.351792573928833008e-01
6.075499653816223145e-01
2.007343024015426636e-01
6.868084669113159180e-01
8.073887825012207031e-01
1.852059960365295410e-01
3.346466720104217529e-01
7.291240692138671875e-01
9.946686625480651855e-01
1.525657027959823608e-01
9.978493452072143555e-01
1.401525437831878662e-01
1.776017099618911743e-01
9.967229962348937988e-01
9.970886111259460449e-01
6.858462095260620117e-01
4.002760648727416992e-01
6.118680238723754883e-01
3.125602900981903076e-01
9.970700740814208984e-01
9.091591089963912964e-02
9.951535463333129883e-01
4.684899151325225830e-01
9.817548394203186035e-01
7.793827056884765625e-01
9.819438457489013672e-01
6.486430168151855469e-01
6.138286590576171875e-01
2.072309553623199463e-01
2.594547569751739502e-01
4.898194074630737305e-01
9.957816600799560547e-01
9.086303710937500000e-01
7.087399959564208984e-01
9.977465271949768066e-01
9.971517324447631836e-01
2.662113904953002930e-01
8.752951622009277344e-01
9.974762797355651855e-01
7.985258102416992188e-01
9.956821203231811523e-01
9.942950606346130371e-01
7.068503648042678833e-02
8.382220864295959473e-01
9.971553087234497070e-01
9.964951872825622559e-01
8.490291237831115723e-01
6.268865466117858887e-01
9.731529951095581055e-01
9.968990087509155273e-01
8.588138222694396973e-01
9.867968559265136719e-01
9.023228883743286133e-01
6.038880944252014160e-01
9.538446664810180664e-01
9.952999353408813477e-01
9.918965697288513184e-01
9.912015199661254883e-01
9.941328167915344238e-01
7.833363413810729980e-01
1.756753176450729370e-01
4.782454967498779297e-01
9.972035884857177734e-01
9.014034271240234375e-01
7.387024760246276855e-01
1.582391411066055298e-01
4.006331264972686768e-01
9.974095225334167480e-01
9.907863140106201172e-01
9.979469180107116699e-01
2.905756533145904541e-01
3.380669355392456055e-01
9.824051260948181152e-01
1.026953384280204773e-01
9.971264004707336426e-01
6.207970976829528809e-01
2.243027091026306152e-01
5.089743137359619141e-01
9.974344372749328613e-01
6.580480933189392090e-02
9.976217150688171387e-01
9.930631518363952637e-01
9.976575374603271484e-01
9.246917963027954102e-01
2.144403904676437378e-01
9.835795760154724121e-01
5.121188163757324219e-01
9.974660873413085938e-01
2.460834830999374390e-01
9.965045452117919922e-01
7.103940844535827637e-02
8.931829333305358887e-01
8.373082429170608521e-02
7.423808425664901733e-02
2.083198577165603638e-01
6.752663254737854004e-01
6.878285408020019531e-01
9.921399950981140137e-01
1.509611010551452637e-01
9.199765920639038086e-01
4.684772491455078125e-01
2.724956572055816650e-01
5.212895274162292480e-01
3.757141828536987305e-01
9.977030158042907715e-01
9.977476000785827637e-01
7.752174735069274902e-01
6.548386216163635254e-01
8.639070391654968262e-02
2.573378682136535645e-01
9.962848424911499023e-01
6.968742012977600098e-01
9.700563549995422363e-01
2.114400863647460938e-01
4.817707538604736328e-01
8.051348328590393066e-01
6.413909196853637695e-01
9.976578950881958008e-01
3.324860036373138428e-01
9.979669451713562012e-01
9.956341385841369629e-01
6.991563439369201660e-01
9.318072348833084106e-02
9.942997694015502930e-01
8.861708045005798340e-01
9.957740902900695801e-01
4.281430244445800781e-01
8.077020049095153809e-01
9.971953630447387695e-01
8.356981724500656128e-02
4.003486335277557373e-01
3.141603171825408936e-01
8.256372809410095215e-01
6.714397072792053223e-01
7.825757861137390137e-01
3.069165349006652832e-01
9.864997863769531250e-01
9.975869655609130859e-01
9.203144311904907227e-01
2.027409970760345459e-01
5.438707768917083740e-02
9.944362640380859375e-01
9.973309040069580078e-01
5.866352915763854980e-01
8.152447938919067383e-01
9.782342314720153809e-01
9.960930943489074707e-01
9.976716637611389160e-01
6.419875025749206543e-01
8.025282621383666992e-01
9.941210150718688965e-01
4.410219490528106689e-01
3.707655072212219238e-01
8.369525671005249023e-01
1.932220011949539185e-01
2.898295223712921143e-01
9.970349073410034180e-01
3.667987883090972900e-02
3.885443210601806641e-01
8.080107569694519043e-01
6.460689902305603027e-01
7.970655560493469238e-01
8.479120731353759766e-01
5.677476525306701660e-01
5.359296202659606934e-01
