8.971483260393142700e-02
9.997819066047668457e-01
3.146884264424443245e-03
9.981575608253479004e-01
9.944840073585510254e-01
9.899483919143676758e-01
1.246126089245080948e-02
2.496507614850997925e-01
5.363456010818481445e-01
4.422157537192106247e-03
3.798577527049928904e-04
6.777392625808715820e-01
2.380840033292770386e-01
9.996745586395263672e-01
9.798062443733215332e-01
5.394655466079711914e-02
3.044816898182034492e-03
3.652889281511306763e-02
1.163033619523048401e-01
1.265427272301167250e-04
5.417484790086746216e-04
9.977514147758483887e-01
1.312921405769884586e-03
1.839258521795272827e-02
9.995483756065368652e-01
1.021545473486185074e-02
9.999510049819946289e-01
2.430437952280044556e-01
4.353298544883728027e-01
9.864975810050964355e-01
9.999308586120605469e-01
5.183012690395116806e-04
2.265807390213012695e-01
9.863450527191162109e-01
9.592467546463012695e-01
1.177977770566940308e-03
9.992173910140991211e-01
1.423755020368844271e-04
1.463632583618164062e-01
9.916987419128417969e-01
4.965417087078094482e-02
9.585660882294178009e-03
5.708458423614501953e-01
1.185095316031947732e-04
7.962183952331542969e-01
3.107363882008939981e-04
1.051603350788354874e-02
2.550547244027256966e-03
9.363577365875244141e-01
2.133953943848609924e-02
5.480657331645488739e-03
5.282067060470581055e-01
6.168032996356487274e-03
9.996639490127563477e-01
9.996733665466308594e-01
9.946124553680419922e-01
9.827235937118530273e-01
9.992403984069824219e-01
3.861817458528093994e-05
9.993777275085449219e-01
1.441163476556539536e-02
1.265507016796618700e-04
9.992309808731079102e-01
9.998450279235839844e-01
6.455416791141033173e-03
5.917981863021850586e-01
8.025246262550354004e-01
9.323848485946655273e-01
9.999682903289794922e-01
3.565900027751922607e-01
9.997474551200866699e-01
9.984506368637084961e-01
5.461395904421806335e-02
9.993216991424560547e-01
9.096026769839227200e-04
6.682955427095293999e-04
2.467501675710082054e-03
1.736606843769550323e-02
9.997616410255432129e-01
9.834392666816711426e-01
9.380960464477539062e-02
1.121744862757623196e-03
1.312479097396135330e-02
9.985495209693908691e-01
9.977110624313354492e-01
9.279353253077715635e-05
9.998033642768859863e-01
1.724045909941196442e-02
4.363513588905334473e-01
9.999021291732788086e-01
9.195021390914916992e-01
1.134797930717468262e-03
9.912010431289672852e-01
3.174520730972290039e-01
4.612695425748825073e-03
7.356660789810121059e-04
7.607089877128601074e-01
7.203978020697832108e-03
9.849974885582923889e-04
7.378763402812182903e-04
5.136240124702453613e-01
9.889524579048156738e-01
9.996544122695922852e-01
6.374416351318359375e-01
1.509012579917907715e-01
9.700573682785034180e-01
1.221978198736906052e-02
1.031170859932899475e-01
9.997101426124572754e-01
9.999756813049316406e-01
9.239633800461888313e-04
5.627436097711324692e-03
8.455358329229056835e-04
7.405893206596374512e-01
9.870801568031311035e-01
6.930355448275804520e-04
3.065860364586114883e-04
4.352692048996686935e-03
9.773174524307250977e-01
4.076770565006881952e-04
9.996745586395263672e-01
9.912040695780888200e-06
2.186642523156479001e-04
9.999365806579589844e-01
6.580119370482861996e-04
9.602237939834594727e-01
9.986489415168762207e-01
2.208555379183962941e-04
9.981600642204284668e-01
9.940301179885864258e-01
6.575648188591003418e-01
9.792622327804565430e-01
1.519796252250671387e-01
9.159488254226744175e-04
7.656744122505187988e-02
5.095949163660407066e-04
1.040536561049520969e-03
9.999301433563232422e-01
1.095031648874282837e-01
2.396383089944720268e-03
6.147856474854052067e-04
9.338784962892532349e-03
1.109120808541774750e-02
9.989889264106750488e-01
1.048796926625072956e-03
9.993929862976074219e-01
9.989286065101623535e-01
5.793931484222412109e-01
7.954917103052139282e-02
9.773833751678466797e-01
2.391321957111358643e-01
4.715358838438987732e-02
1.602510176599025726e-02
5.043578334152698517e-03
2.322265412658452988e-03
3.803224265575408936e-01
8.928333409130573273e-03
1.794194220565259457e-03
1.819333410821855068e-03
1.982783898711204529e-03
9.979692101478576660e-01
9.709002375602722168e-01
1.162722692242823541e-04
1.139099895954132080e-01
6.293523311614990234e-01
9.990206956863403320e-01
1.203143373131752014e-01
5.620017647743225098e-03
1.546157058328390121e-02
9.911149740219116211e-01
8.650366067886352539e-01
2.113269716501235962e-01
5.015668575651943684e-04
9.999430179595947266e-01
9.963976740837097168e-01
8.908670544624328613e-01
3.860927419736981392e-03
8.620086908340454102e-01
9.999032020568847656e-01
1.930990372784435749e-03
9.666072130203247070e-01
2.122309088008478284e-04
9.998621940612792969e-01
9.996821880340576172e-01
6.596375703811645508e-01
2.000155654968693852e-04
2.461143769323825836e-03
1.513486611656844616e-03
9.927446953952312469e-04
1.215096795931458473e-03
9.999107122421264648e-01
2.679855003952980042e-02
3.358167409896850586e-02
7.883427143096923828e-01
9.998496770858764648e-01
7.361527968896552920e-05
4.365327954292297363e-01
3.324666758999228477e-04
3.431432247161865234e-01
7.188400626182556152e-02
6.382139772176742554e-02
1.066901721060276031e-02
5.074152722954750061e-03
1.586940052220597863e-04
5.347721162252128124e-04
6.090085298637859523e-05
7.512154579162597656e-01
4.217198002152144909e-04
8.428884744644165039e-01
9.988904595375061035e-01
9.230185747146606445e-01
2.822341397404670715e-02
9.533572793006896973e-01
9.995480179786682129e-01
1.636114466236904263e-04
4.640200175344944000e-03
1.091554993763566017e-03
9.845630265772342682e-03
2.732012234628200531e-02
5.543177947402000427e-02
3.230558941140770912e-04
5.126296877861022949e-01
9.579331278800964355e-01
7.122535109519958496e-01
4.474619328975677490e-01
9.910199046134948730e-01
1.090455451048910618e-03
4.111905395984649658e-01
9.984183311462402344e-01
9.997146725654602051e-01
9.912518858909606934e-01
9.985414743423461914e-01
1.128538791090250015e-02
3.171472053509205580e-05
9.672336454968899488e-05
1.861748248338699341e-01
4.867093521170318127e-04
1.378061948344111443e-03
2.908862952608615160e-04
9.939885139465332031e-01
8.107465109787881374e-04
4.296927727409638464e-05
1.742056161165237427e-01
4.677029792219400406e-03
9.998638629913330078e-01
4.363745392765849829e-04
9.964507818222045898e-01
3.348677128087729216e-04
9.591764211654663086e-01
9.547551870346069336e-01
1.184454187750816345e-03
4.985822015441954136e-04
4.142740741372108459e-03
1.071033766493201256e-03
9.992620348930358887e-01
9.057459831237792969e-01
9.991663694381713867e-01
6.534674167633056641e-01
4.726069513708353043e-03
9.974381923675537109e-01
9.805605411529541016e-01
3.706958843395113945e-03
9.989868998527526855e-01
8.741037249565124512e-01
9.998621940612792969e-01
2.882597036659717560e-04
2.558466221671551466e-04
6.851062774658203125e-01
8.499325513839721680e-01
4.553456008434295654e-01
2.440023235976696014e-03
9.994089603424072266e-01
4.019564688205718994e-01
9.943931102752685547e-01
4.434344009496271610e-04
1.093133832910098135e-04
3.277195501141250134e-04
4.293725639581680298e-02
8.988795801997184753e-03
9.859092831611633301e-01
3.022679884452372789e-04
3.501040041446685791e-01
6.094353157095611095e-04
2.063366700895130634e-04
9.514843821525573730e-01
1.642503403127193451e-02
9.999072551727294922e-01
6.659507751464843750e-02
9.992486834526062012e-01
9.960119724273681641e-01
9.998322725296020508e-01
1.091135572642087936e-02
1.038289701682515442e-04
7.283351849764585495e-03
9.996260404586791992e-01
3.313714265823364258e-02
9.961304664611816406e-01
6.885995864868164062e-01
9.957714676856994629e-01
9.999235868453979492e-01
2.356122713536024094e-04
5.205719266086816788e-03
8.227292895317077637e-01
3.015084439539350569e-05
9.189682006835937500e-01
4.618333578109741211e-01
3.162946552038192749e-03
2.706821076571941376e-02
9.990890026092529297e-01
5.981738286209292710e-05
9.997872710227966309e-01
1.340328453807160258e-04
3.877985179424285889e-01
2.219945454271510243e-04
1.554134651087224483e-03
5.058971643447875977e-01
9.999504089355468750e-01
1.859901094576343894e-04
8.218689821660518646e-03
8.306272625923156738e-01
3.391072154045104980e-01
9.924152493476867676e-01
4.071554839611053467e-01
4.194461703300476074e-01
9.958130717277526855e-01
4.239968024194240570e-03
6.043197512626647949e-01
1.272947806864976883e-02
1.388912349939346313e-01
9.852122068405151367e-01
9.998093247413635254e-01
3.911522775888442993e-02
1.134630991145968437e-03
4.139329539611935616e-04
9.996674060821533203e-01
4.242284297943115234e-01
9.999548196792602539e-01
7.447071671485900879e-01
9.987900853157043457e-01
6.855212152004241943e-03
9.998483657836914062e-01
5.159896099939942360e-04
9.826332926750183105e-01
7.540176156908273697e-03
9.767016172409057617e-01
3.066161298193037510e-05
9.998362064361572266e-01
9.996746778488159180e-01
9.980120658874511719e-01
1.949239969253540039e-01
9.999185800552368164e-01
9.822464926401153207e-05
1.435994490748271346e-04
9.998621940612792969e-01
9.999418258666992188e-01
2.571446821093559265e-04
2.859014086425304413e-02
9.989626407623291016e-01
1.192348194308578968e-03
4.291071556508541107e-03
9.998691082000732422e-01
3.441278636455535889e-01
9.998561143875122070e-01
3.682962954044342041e-01
6.528536323457956314e-03
9.947271943092346191e-01
4.855732899159193039e-03
5.777181126177310944e-03
3.980574198067188263e-03
7.855188846588134766e-02
9.681804776191711426e-01
4.930853471159934998e-02
4.466336965560913086e-02
9.991870522499084473e-01
9.987949132919311523e-01
9.998641014099121094e-01
9.991931319236755371e-01
8.930725455284118652e-01
4.094881936907768250e-03
7.391278147697448730e-01
6.443170309066772461e-01
2.577577233314514160e-01
1.613131351768970490e-02
9.988145828247070312e-01
9.998705387115478516e-01
9.750080108642578125e-01
4.926387919113039970e-05
2.847141772508621216e-02
6.982258558273315430e-01
3.736545331776142120e-04
9.067684412002563477e-02
9.144768714904785156e-01
2.291921526193618774e-01
9.305576682090759277e-01
2.310132980346679688e-02
3.142566233873367310e-02
2.227297276258468628e-01
9.970087409019470215e-01
2.211303710937500000e-01
1.036379188299179077e-01
4.044910427182912827e-03
8.270841499324887991e-05
9.998724460601806641e-01
9.993746876716613770e-01
9.977512955665588379e-01
7.212853524833917618e-04
9.246405363082885742e-01
9.997121691703796387e-01
1.259820419363677502e-04
1.863820943981409073e-04
9.995916485786437988e-01
1.683981716632843018e-01
1.761670410633087158e-01
1.420579478144645691e-02
1.048140911734662950e-04
9.153030514717102051e-01
8.984048664569854736e-02
9.997903704643249512e-01
1.255730749107897282e-03
4.162075347267091274e-04
6.943630520254373550e-03
6.707603484392166138e-02
9.994422793388366699e-01
9.673996567726135254e-01
2.802097052335739136e-02
9.998675584793090820e-01
9.398666210472583771e-03
9.997548460960388184e-01
9.756801128387451172e-01
9.772142171859741211e-01
7.498254626989364624e-02
9.840956926345825195e-01
2.247301116585731506e-02
9.999147653579711914e-01
3.870780579745769501e-03
9.977211356163024902e-01
9.924047589302062988e-01
9.991027116775512695e-01
9.937492609024047852e-01
9.987165927886962891e-01
9.905349612236022949e-01
1.102164533222094178e-04
9.488502144813537598e-01
1.673288643360137939e-01
9.995241165161132812e-01
4.506167173385620117e-01
5.843766033649444580e-03
8.637409210205078125e-01
7.360280957072973251e-03
7.786975055932998657e-02
1.408515498042106628e-03
9.964157342910766602e-01
2.197287743911147118e-03
4.708127817139029503e-04
2.242713421583175659e-02
6.521878298372030258e-03
6.195318698883056641e-02
1.442545093595981598e-02
1.071926951408386230e-01
9.450486861169338226e-03
9.990366697311401367e-01
1.144308224320411682e-01
1.313787698745727539e-01
8.616921841166913509e-04
4.571092724800109863e-01
9.980733394622802734e-01
8.266413211822509766e-01
9.536267518997192383e-01
2.999554201960563660e-02
6.653477437794208527e-03
1.475655299145728350e-04
6.875094175338745117e-01
9.999552965164184570e-01
9.837078452110290527e-01
2.344864606857299805e-01
9.995896220207214355e-01
6.126637458801269531e-01
2.457970695104449987e-04
2.137843694072216749e-04
3.080697655677795410e-01
2.415613038465380669e-03
1.805318705737590790e-02
1.511447248049080372e-03
1.568268453411292285e-05
9.984624385833740234e-01
9.834965467453002930e-01
4.621049156412482262e-04
7.514567673206329346e-02
1.666568219661712646e-03
8.748692870140075684e-01
9.711366891860961914e-01
3.440431132912635803e-02
1.279578100366052240e-05
1.898496295325458050e-03
6.163532962091267109e-04
9.997640252113342285e-01
9.997220635414123535e-01
5.965843447484076023e-04
9.827621579170227051e-01
1.498864032328128815e-03
3.569105756469070911e-04
9.996198415756225586e-01
4.344401508569717407e-02
9.787719249725341797e-01
6.472344696521759033e-02
2.620028797537088394e-03
9.981876015663146973e-01
3.644911921583116055e-04
2.252434380352497101e-03
9.984810948371887207e-01
1.315673887729644775e-01
9.996862411499023438e-01
9.995686411857604980e-01
9.897136688232421875e-01
2.048517763614654541e-02
4.102443903684616089e-02
9.999065399169921875e-01
4.592048749327659607e-02
9.216071367263793945e-01
1.379310037009418011e-03
9.885212182998657227e-01
9.991857409477233887e-01
9.803856611251831055e-01
7.568221688270568848e-01
9.940430521965026855e-01
6.558642257004976273e-03
9.985151886940002441e-01
9.995094537734985352e-01
9.915116429328918457e-01
4.031028132885694504e-03
3.600088530220091343e-04
4.169988460489548743e-05
9.999111890792846680e-01
1.178736638394184411e-04
9.938665032386779785e-01
2.429108619689941406e-01
9.977748990058898926e-01
9.904053062200546265e-02
9.918585419654846191e-01
9.987410902976989746e-01
9.991372227668762207e-01
9.900189638137817383e-01
9.669154678704217076e-05
6.149047985672950745e-03
1.685915864072740078e-03
9.412935934960842133e-03
1.400657347403466702e-04
9.855318069458007812e-01
4.599624872207641602e-02
6.592302088392898440e-05
9.434063434600830078e-01
6.388871697708964348e-04
3.127314150333404541e-01
1.639231457374989986e-03
3.630618331953883171e-03
8.891177922487258911e-02
4.264382878318428993e-04
1.421653665602207184e-02
1.369621459161862731e-04
2.292283170390874147e-04
9.993657469749450684e-01
7.667195051908493042e-03
9.945783615112304688e-01
9.992696642875671387e-01
9.996629953384399414e-01
9.997703433036804199e-01
9.988866448402404785e-01
4.784764314536005259e-04
9.993581175804138184e-01
6.282906979322433472e-04
8.680251776240766048e-04
3.419213695451617241e-03
9.976865053176879883e-01
9.861175417900085449e-01
1.575493515701964498e-04
3.573874384164810181e-02
2.875438425689935684e-03
6.091316463425755501e-04
9.994811415672302246e-01
2.063437597826123238e-03
9.970000386238098145e-01
2.606626451015472412e-01
7.002801895141601562e-01
9.874544143676757812e-01
8.204064965248107910e-01
5.367430448532104492e-01
2.763783633708953857e-01
9.642832875251770020e-01
9.997639060020446777e-01
5.804975517094135284e-03
9.925801157951354980e-01
2.310819178819656372e-01
8.808840811252593994e-02
9.377977252006530762e-01
8.701234459877014160e-01
1.461204374209046364e-03
1.628388278186321259e-02
1.170377479866147041e-03
1.969312280416488647e-01
8.209607601165771484e-01
1.102139614522457123e-02
3.741463720798492432e-01
2.042370140552520752e-01
3.577146679162979126e-02
2.359539503231644630e-03
3.143031615763902664e-03
9.999556541442871094e-01
2.233858034014701843e-02
2.777106501162052155e-02
9.966858029365539551e-01
7.815268327249214053e-05
1.342560723423957825e-02
9.946503043174743652e-01
9.997403025627136230e-01
1.594044081866741180e-02
3.406491875648498535e-01
6.199231720529496670e-04
9.743419885635375977e-01
3.492898540571331978e-04
9.963092207908630371e-01
9.999204874038696289e-01
9.998611211776733398e-01
6.290984749794006348e-01
2.222733572125434875e-02
2.895999932661652565e-03
9.236275553703308105e-01
8.107217727228999138e-04
2.891943404392804950e-05
9.464209675788879395e-01
4.593436606228351593e-03
6.387286186218261719e-01
9.956158399581909180e-01
9.999443292617797852e-01
1.457902835682034492e-04
3.986379306297749281e-04
1.266105828108265996e-04
2.647640649229288101e-03
9.888418912887573242e-01
8.050296455621719360e-02
9.984170198440551758e-01
9.999333620071411133e-01
9.964550733566284180e-01
2.676214650273323059e-02
2.197073586285114288e-02
2.474357932806015015e-01
1.162386219948530197e-02
9.998130202293395996e-01
6.700467783957719803e-04
2.766454126685857773e-04
9.148204326629638672e-01
9.998201727867126465e-01
9.992272853851318359e-01
9.812496304512023926e-01
9.998998641967773438e-01
9.756792187690734863e-01
1.237026136368513107e-02
1.311642490327358246e-02
3.224151432514190674e-01
1.616997085511684418e-02
2.174555556848645210e-03
9.937521815299987793e-01
2.269731136038899422e-03
9.992796778678894043e-01
6.901451945304870605e-01
2.195196721004322171e-04
6.311857700347900391e-01
7.350400090217590332e-03
1.458371261833235621e-04
1.094208005815744400e-02
1.193803921341896057e-01
9.963978528976440430e-01
5.186107475310564041e-03
9.999318122863769531e-01
9.201298952102661133e-01
9.998551607131958008e-01
1.403616741299629211e-03
4.076434373855590820e-01
1.326547586359083652e-03
9.677257537841796875e-01
5.115461681270971894e-05
8.413844704627990723e-01
3.591131865978240967e-01
1.186836045235395432e-03
9.019289165735244751e-02
2.193182148039340973e-02
1.747863949276506901e-03
5.926232319325208664e-03
4.411612637341022491e-03
2.749860286712646484e-01
9.996720552444458008e-01
9.988355040550231934e-01
1.314143068157136440e-03
3.913254477083683014e-04
9.984075427055358887e-01
9.987701773643493652e-01
9.993734955787658691e-01
2.192875370383262634e-02
9.998229146003723145e-01
9.985528588294982910e-01
1.156131504103541374e-03
2.071829949272796512e-04
2.027915231883525848e-02
9.996976852416992188e-01
9.984599351882934570e-01
5.268589034676551819e-02
8.826656639575958252e-02
9.936123490333557129e-01
5.671893358230590820e-01
2.306826063431799412e-04
9.998745918273925781e-01
1.713238209486007690e-01
1.180406883358955383e-01
5.933432257734239101e-04
9.602555632591247559e-01
9.998641014099121094e-01
9.366098046302795410e-01
9.694253206253051758e-01
9.976940751075744629e-01
9.505965560674667358e-02
9.999432563781738281e-01
8.252725750207901001e-02
9.998326301574707031e-01
9.085767865180969238e-01
9.996281862258911133e-01
8.578294515609741211e-01
5.151428654789924622e-02
2.823908289428800344e-04
9.969032406806945801e-01
1.602002792060375214e-02
1.758698001503944397e-02
9.908677339553833008e-01
9.996200799942016602e-01
9.951083064079284668e-01
8.148382306098937988e-01
9.993808269500732422e-01
5.908875609748065472e-04
9.624674916267395020e-01
2.752264216542243958e-02
4.553218781948089600e-01
9.979991316795349121e-01
2.877193328458815813e-04
1.852158922702074051e-03
8.386326226172968745e-05
1.154659595340490341e-02
1.172811910510063171e-02
6.476712226867675781e-02
9.931790828704833984e-01
9.793252348899841309e-01
3.189004259184002876e-03
1.100545981898903847e-03
2.996263501700013876e-04
8.252413272857666016e-01
2.326225861907005310e-03
1.789617389440536499e-01
9.093677997589111328e-01
9.992994070053100586e-01
1.427327096462249756e-01
9.026051163673400879e-01
9.999107122421264648e-01
1.332210522377863526e-04
3.227757811546325684e-01
9.999395608901977539e-01
5.277057643979787827e-04
9.985225796699523926e-01
9.987831711769104004e-01
4.239168483763933182e-04
9.990892410278320312e-01
2.138441056013107300e-01
4.751961678266525269e-04
2.847207188606262207e-01
9.983668923377990723e-01
9.996567964553833008e-01
8.219108581542968750e-01
9.328082799911499023e-01
9.981138706207275391e-01
1.903051044791936874e-03
9.999430179595947266e-01
1.483265124261379242e-02
1.273165340535342693e-03
9.120072722434997559e-01
8.045537769794464111e-02
9.995844960212707520e-01
1.124328374862670898e-02
9.992827773094177246e-01
9.990708827972412109e-01
8.163440227508544922e-02
5.539264678955078125e-01
9.997354149818420410e-01
9.994673132896423340e-01
6.937825679779052734e-01
3.192446660250425339e-03
4.298037886619567871e-01
8.568788170814514160e-01
9.997933506965637207e-01
8.018714189529418945e-01
1.861822977662086487e-02
2.758923801593482494e-04
8.871606551110744476e-03
9.999264478683471680e-01
1.618836820125579834e-02
4.015941522084176540e-04
9.948291182518005371e-01
1.503608538769185543e-03
9.996656179428100586e-01
8.900582194328308105e-01
2.089654356241226196e-01
9.998043179512023926e-01
9.998403787612915039e-01
9.453529119491577148e-01
9.998530149459838867e-01
9.945619702339172363e-01
2.695781411603093147e-03
9.811077713966369629e-01
9.866515398025512695e-01
4.537070095539093018e-01
1.183930598199367523e-02
9.999248981475830078e-01
2.385576226515695453e-04
9.019066393375396729e-02
3.105018404312431812e-04
1.214186413562856615e-04
7.018772959709167480e-01
1.320615112781524658e-01
2.075035870075225830e-02
1.439117360860109329e-02
2.430080203339457512e-03
3.297050716355443001e-05
5.785806179046630859e-01
9.396131634712219238e-01
9.999413490295410156e-01
5.811005365103483200e-03
8.500208854675292969e-01
5.165551304817199707e-01
4.249097034335136414e-02
9.998512268066406250e-01
4.696387797594070435e-03
5.877258721739053726e-03
8.690858483314514160e-01
9.975879192352294922e-01
6.793486475944519043e-01
5.480880662798881531e-02
9.614826440811157227e-01
6.142784259282052517e-04
4.456910770386457443e-03
9.996587038040161133e-01
1.461149513488635421e-04
8.633200526237487793e-01
1.975237391889095306e-03
9.961013793945312500e-01
3.219892387278378010e-04
9.975711703300476074e-01
2.313851118087768555e-01
9.996403455734252930e-01
8.756503462791442871e-01
9.999663829803466797e-01
4.756849084515124559e-04
1.188688445836305618e-02
2.454387431498616934e-04
7.907190918922424316e-02
1.529425062472000718e-04
3.868459607474505901e-04
2.106146188452839851e-03
7.616088986396789551e-01
1.116554718464612961e-02
3.399046882987022400e-02
4.615774154663085938e-01
3.573834151029586792e-02
9.995936751365661621e-01
1.010796800255775452e-01
1.160775646567344666e-01
1.508444827049970627e-02
7.565364649053663015e-05
9.975826740264892578e-01
9.970569610595703125e-01
9.998781681060791016e-01
9.996479749679565430e-01
8.075848966836929321e-02
8.285204321146011353e-02
2.111940234899520874e-01
9.998329877853393555e-01
9.135819077491760254e-01
4.657405242323875427e-02
9.784698486328125000e-03
9.981228709220886230e-01
9.422510629519820213e-05
3.014690591953694820e-04
2.711473703384399414e-01
9.994040727615356445e-01
9.838093519210815430e-01
9.996938705444335938e-01
9.990633130073547363e-01
1.567855942994356155e-03
4.596880376338958740e-01
3.132461570203304291e-03
2.777586691081523895e-03
1.903778016567230225e-01
9.990094900131225586e-01
7.392840052489191294e-05
1.910906983539462090e-03
3.490910399705171585e-03
2.170241932617500424e-04
9.926756024360656738e-01
2.109540393576025963e-03
2.588451316114515066e-04
9.998369216918945312e-01
1.203821157105267048e-04
4.596330400090664625e-04
9.998283386230468750e-01
9.767409563064575195e-01
1.278256718069314957e-02
9.502669572830200195e-01
5.852306727319955826e-03
1.577679254114627838e-02
9.875099658966064453e-01
9.018596261739730835e-03
9.996303319931030273e-01
9.665720462799072266e-01
4.855045303702354431e-02
9.540385603904724121e-01
9.998375177383422852e-01
2.822968410328030586e-03
1.717288861982524395e-03
4.288741853088140488e-03
6.720039527863264084e-04
1.048205187544226646e-03
4.832735576201230288e-04
3.700315058231353760e-01
1.261920630931854248e-01
9.840921163558959961e-01
8.714121649973094463e-04
1.686662581050768495e-04
9.928788542747497559e-01
8.204799294471740723e-01
8.937350511550903320e-01
5.408631172031164169e-03
6.768382191658020020e-01
9.950377345085144043e-01
4.459274560213088989e-02
2.230337820947170258e-02
9.990692734718322754e-01
9.577902383171021938e-04
9.999185800552368164e-01
9.887521862983703613e-01
4.274864215403795242e-03
9.901437759399414062e-01
4.203472733497619629e-01
5.042504053562879562e-04
5.873255804181098938e-02
7.311886548995971680e-02
1.556255016475915909e-02
9.998320341110229492e-01
3.260429948568344116e-02
8.902774453163146973e-01
9.997578263282775879e-01
8.907845616340637207e-01
9.724287390708923340e-01
3.285964205861091614e-02
1.120155751705169678e-01
1.111339894123375416e-03
1.289316546171903610e-02
9.996806383132934570e-01
9.976925849914550781e-01
1.017859354615211487e-01
6.570805907249450684e-01
9.907530546188354492e-01
2.059849910438060760e-03
9.978833794593811035e-01
9.959683418273925781e-01
9.981462955474853516e-01
9.804444313049316406e-01
9.996142387390136719e-01
1.507472279627108946e-05
1.469206064939498901e-01
9.999179840087890625e-01
2.304896526038646698e-02
2.674774732440710068e-03
2.829378470778465271e-03
9.995266199111938477e-01
9.632371664047241211e-01
3.074156306684017181e-02
1.342361792922019958e-03
2.604545839130878448e-02
5.496277008205652237e-04
9.983556866645812988e-01
1.246280297636985779e-01
9.994396567344665527e-01
8.437584154307842255e-03
6.180918812751770020e-01
9.995957016944885254e-01
9.999779462814331055e-01
4.156205686740577221e-04
2.966933846473693848e-01
1.389389362884685397e-04
7.512860000133514404e-03
2.371150534600019455e-03
1.369262317894026637e-04
7.810144424438476562e-01
9.917809367179870605e-01
1.445069722831249237e-02
9.996924400329589844e-01
5.941414833068847656e-01
8.471681475639343262e-01
1.744722574949264526e-02
1.637241058051586151e-02
9.991596937179565430e-01
9.989651441574096680e-01
9.993171691894531250e-01
5.573647795245051384e-04
1.613349914550781250e-01
9.870285987854003906e-01
9.993027448654174805e-01
2.823611488565802574e-03
9.989513158798217773e-01
9.998096823692321777e-01
6.227960810065269470e-02
9.998322725296020508e-01
9.994903802871704102e-01
9.775850176811218262e-01
6.502470467239618301e-03
2.142245881259441376e-03
1.129396166652441025e-02
9.998464584350585938e-01
6.240226502995938063e-05
9.997493624687194824e-01
9.033587761223316193e-03
9.060375094413757324e-01
1.400440372526645660e-02
9.998449087142944336e-01
7.697999011725187302e-03
9.995200634002685547e-01
9.992486834526062012e-01
9.988759160041809082e-01
9.990041851997375488e-01
1.370515907183289528e-03
9.896067976951599121e-01
9.999445676803588867e-01
8.852801918983459473e-01
8.720682263374328613e-01
4.835855506826192141e-04
9.997803568840026855e-01
9.542349576950073242e-01
9.993738532066345215e-01
9.998669624328613281e-01
3.725982969626784325e-05
8.181429505348205566e-01
1.367362216114997864e-03
1.038270536810159683e-03
1.093058884143829346e-01
7.045770287513732910e-01
9.946041703224182129e-01
9.996156692504882812e-01
9.998025298118591309e-01
1.744545064866542816e-03
9.999312162399291992e-01
1.759884692728519440e-02
4.601653292775154114e-02
9.847997426986694336e-01
4.782831296324729919e-03
9.891992211341857910e-01
9.960010647773742676e-01
4.040827602148056030e-02
3.413746017031371593e-04
2.509841620922088623e-01
7.506239926442503929e-04
9.303564429283142090e-01
9.999434947967529297e-01
9.709408879280090332e-01
3.311386704444885254e-02
1.321274670772254467e-03
5.401562154293060303e-02
1.778100579977035522e-01
9.998021721839904785e-01
9.999538660049438477e-01
9.989154338836669922e-01
9.911674857139587402e-01
4.078686237335205078e-02
9.982187151908874512e-01
9.959275126457214355e-01
8.670872449874877930e-01
9.917349815368652344e-01
9.636359214782714844e-01
2.853520447388291359e-03
2.850174009799957275e-01
9.994396567344665527e-01
9.998508691787719727e-01
3.227815905120223761e-04
9.995405673980712891e-01
9.990578293800354004e-01
9.985032081604003906e-01
9.985703229904174805e-01
4.155310243368148804e-02
4.781924188137054443e-01
9.997835755348205566e-01
1.521101657999679446e-04
9.990417361259460449e-01
1.172509742900729179e-03
2.649376401677727699e-03
2.543653845787048340e-01
9.901437759399414062e-01
9.541237354278564453e-01
1.576841110363602638e-03
2.566352784633636475e-01
9.653407335281372070e-01
2.262780219316482544e-01
9.999129772186279297e-01
6.735169887542724609e-01
2.766573056578636169e-02
9.988409876823425293e-01
3.853823989629745483e-02
6.089484095573425293e-01
9.944418072700500488e-01
9.997197985649108887e-01
9.972692131996154785e-01
9.164178967475891113e-01
3.365665441378951073e-03
1.422673230990767479e-03
9.942753911018371582e-01
5.284834187477827072e-04
6.586561352014541626e-02
9.746325612068176270e-01
4.624678492546081543e-01
3.471936881542205811e-01
9.994903802871704102e-01
1.961068948730826378e-03
6.164960213936865330e-04
7.145698666572570801e-01
9.991994500160217285e-01
9.998267292976379395e-01
9.990860223770141602e-01
8.767511844635009766e-01
9.937939643859863281e-01
9.999645948410034180e-01
9.743535518646240234e-01
1.442741602659225464e-03
9.997754693031311035e-01
2.606262452900409698e-03
4.987503416487015784e-05
5.112665295600891113e-01
9.839466074481606483e-04
6.758254766464233398e-01
1.205615481012500823e-04
1.349367387592792511e-02
4.488802328705787659e-02
9.988927245140075684e-01
3.985585062764585018e-04
1.477777259424328804e-04
9.996899366378784180e-01
9.406507015228271484e-01
8.813785389065742493e-04
9.882634878158569336e-01
1.664583833189681172e-04
2.923981985077261925e-03
1.129749696701765060e-02
4.471108689904212952e-02
9.996122717857360840e-01
7.060135900974273682e-02
5.449809599667787552e-03
9.907568097114562988e-01
9.981682300567626953e-01
1.037610601633787155e-02
3.721501529216766357e-01
9.999040365219116211e-01
9.986276626586914062e-01
9.998169541358947754e-01
9.999442100524902344e-01
1.538175420137122273e-04
9.935241937637329102e-01
1.563009718665853143e-04
2.064556349068880081e-03
9.903464913368225098e-01
9.998983144760131836e-01
9.995662569999694824e-01
9.131678342819213867e-01
2.192605170421302319e-04
4.888499155640602112e-03
6.367938476614654064e-04
9.979364871978759766e-01
9.977445602416992188e-01
9.969576597213745117e-01
2.342405728995800018e-03
3.167517483234405518e-03
7.506966590881347656e-03
9.996858835220336914e-01
6.224427372217178345e-03
5.954302381724119186e-03
4.501786828041076660e-01
7.650767453014850616e-03
1.157814986072480679e-03
9.992934465408325195e-01
1.531213335692882538e-02
9.999676942825317383e-01
9.983147382736206055e-01
9.997724890708923340e-01
9.830207824707031250e-01
9.997728466987609863e-01
9.999656677246093750e-01
8.124439977109432220e-03
9.043201208114624023e-01
1.386615680530667305e-03
3.189264680258929729e-04
5.161591619253158569e-02
6.081906612962484360e-04
9.999244213104248047e-01
1.854905509389936924e-03
5.918165445327758789e-01
4.319220483303070068e-01
9.992432594299316406e-01
9.999800920486450195e-01
9.999486207962036133e-01
9.996125102043151855e-01
9.566922783851623535e-01
6.852928400039672852e-01
1.788559748092666268e-04
9.968575239181518555e-01
6.389477290213108063e-03
6.810567378997802734e-01
5.695054307579994202e-02
9.996829032897949219e-01
2.411003661109134555e-04
7.046096771955490112e-02
2.533994615077972412e-01
2.429163781926035881e-03
9.830371737480163574e-01
9.751878976821899414e-01
9.998095631599426270e-01
9.995706677436828613e-01
9.999670982360839844e-01
9.907554984092712402e-01
9.989362359046936035e-01
4.609060473740100861e-03
9.986977577209472656e-01
1.057320162653923035e-01
8.160259723663330078e-01
9.977288842201232910e-01
9.944557547569274902e-01
9.929084777832031250e-01
9.758592247962951660e-01
1.387958824634552002e-01
8.600524161010980606e-04
9.971427321434020996e-01
2.507549106667283922e-05
9.977896213531494141e-01
9.997264742851257324e-01
9.994338154792785645e-01
8.193337358534336090e-03
9.992952346801757812e-01
2.508575655519962311e-02
2.771429717540740967e-01
9.098469614982604980e-01
4.019225835800170898e-01
6.267621517181396484e-01
1.077057822840288281e-05
2.417535288259387016e-03
9.993672966957092285e-01
1.000097673386335373e-02
4.692085385322570801e-01
6.921181338839232922e-04
9.908513426780700684e-01
1.621228754520416260e-01
2.678611315786838531e-03
9.988009929656982422e-01
1.160596869885921478e-02
2.476764172315597534e-01
9.784634709358215332e-01
9.987496137619018555e-01
5.469800829887390137e-01
4.739866199088282883e-05
2.615952398627996445e-03
1.489462447352707386e-04
1.657072716625407338e-04
9.916812777519226074e-01
9.778582453727722168e-01
9.916194677352905273e-01
5.834016948938369751e-03
2.728302963078022003e-03
9.999082088470458984e-01
5.329718589782714844e-01
1.147042401134967804e-02
1.973981112241744995e-01
8.886254508979618549e-04
9.995902180671691895e-01
3.214950847905129194e-04
6.885436177253723145e-01
9.754972457885742188e-01
4.388764034956693649e-03
4.804857075214385986e-03
9.908533692359924316e-01
2.232326380908489227e-02
9.951806068420410156e-01
1.882223635911941528e-01
1.470997085561975837e-05
9.888963699340820312e-01
1.108364318497478962e-03
3.323404192924499512e-01
9.968255758285522461e-01
3.982492853538133204e-05
2.302924403920769691e-03
1.005976737360469997e-04
9.986461997032165527e-01
9.168530702590942383e-01
2.178899049758911133e-01
4.786499142646789551e-01
7.143073162296786904e-05
8.509952021995559335e-05
7.920490205287933350e-02
8.768541216850280762e-01
4.370643291622400284e-03
2.719324314966797829e-03
9.994747042655944824e-01
3.759078308939933777e-02
9.850258231163024902e-01
9.998522996902465820e-01
3.474438562989234924e-02
3.718156585819087923e-05
2.306909067556262016e-03
4.100313484668731689e-01
9.989340901374816895e-01
9.980459213256835938e-01
9.933164119720458984e-01
1.080747321248054504e-02
9.518797397613525391e-01
1.026277546770870686e-03
2.230337820947170258e-02
9.906442165374755859e-01
9.701033830642700195e-01
3.687276504933834076e-03
9.982681274414062500e-01
9.609932303428649902e-01
3.799042198807001114e-03
9.987697005271911621e-01
3.713613550644367933e-04
9.615628514438867569e-04
1.305661499500274658e-01
1.682812534272670746e-02
9.608157873153686523e-01
1.052160441759042442e-04
1.250172645086422563e-04
3.813827410340309143e-02
1.227525208378210664e-04
6.558417808264493942e-03
9.994373917579650879e-01
9.004656076431274414e-01
1.172093543573282659e-04
2.111568755935877562e-04
9.999090433120727539e-01
4.818241577595472336e-03
9.856275320053100586e-01
1.443608634872362018e-04
9.993945360183715820e-01
5.071660131216049194e-02
3.295066952705383301e-02
1.885065995156764984e-02
2.711808338062837720e-05
9.998618364334106445e-01
3.526597283780574799e-03
1.923168310895562172e-03
1.938066780567169189e-01
2.678215270861983299e-03
9.999301433563232422e-01
5.441694855690002441e-01
3.180556371808052063e-02
9.393193613504990935e-05
3.175779056618921459e-05
9.998834133148193359e-01
9.792622327804565430e-01
9.996964931488037109e-01
6.106427907943725586e-01
1.556192873977124691e-04
9.999169111251831055e-01
7.997253909707069397e-03
9.984379410743713379e-01
1.684627830982208252e-01
9.999712705612182617e-01
9.997108578681945801e-01
1.195627148263156414e-03
1.930123078636825085e-03
9.971846938133239746e-01
7.449987530708312988e-01
4.447924196720123291e-01
9.998729228973388672e-01
9.999015331268310547e-01
2.145438827574253082e-02
3.858908312395215034e-04
6.991260685026645660e-03
7.602354288101196289e-01
9.997221827507019043e-01
9.954466223716735840e-01
5.111939311027526855e-01
4.125659688725136220e-05
6.473328471183776855e-01
6.804765462875366211e-01
9.998661279678344727e-01
2.182850092649459839e-01
9.693147540092468262e-01
4.334648110670968890e-05
9.311485886573791504e-01
9.998629093170166016e-01
9.986963868141174316e-01
6.479769363068044186e-04
1.231125061167404056e-04
6.338486820459365845e-02
9.779058098793029785e-01
9.986692667007446289e-01
9.999274015426635742e-01
9.974274039268493652e-01
9.997643828392028809e-01
9.993793964385986328e-01
2.067815512418746948e-01
9.881729483604431152e-01
9.980162382125854492e-01
7.870691269636154175e-02
9.999588727951049805e-01
9.903928041458129883e-01
3.240233287215232849e-02
4.943325743079185486e-02
9.997637867927551270e-01
1.978184878826141357e-01
6.027173367328941822e-05
2.401179168373346329e-03
9.994311928749084473e-01
9.896259903907775879e-01
3.583672456443309784e-03
9.537774324417114258e-01
5.472403485327959061e-03
4.161109682172536850e-03
2.215506881475448608e-02
8.775297403335571289e-01
9.673467874526977539e-01
9.996724128723144531e-01
9.996253252029418945e-01
4.695476591587066650e-02
9.998813867568969727e-01
1.396127510815858841e-02
5.192690491676330566e-01
2.546287178993225098e-01
1.903648301959037781e-02
6.547802090644836426e-01
6.003371477127075195e-01
1.771828392520546913e-04
9.997643828392028809e-01
2.808344142977148294e-04
9.977343082427978516e-01
9.921950101852416992e-01
9.797847270965576172e-01
9.993046522140502930e-01
4.723356323665939271e-05
5.319996736943721771e-03
4.145765342400409281e-05
6.988639831542968750e-01
4.086051285266876221e-01
3.175591528415679932e-01
8.541621267795562744e-03
9.742457866668701172e-01
7.120846956968307495e-02
2.643361128866672516e-02
9.998394250869750977e-01
8.074187644524499774e-05
2.243594452738761902e-02
2.085788000840693712e-04
4.307201132178306580e-03
8.312969803810119629e-01
4.638056829571723938e-02
7.950610518455505371e-01
9.994874000549316406e-01
9.988468885421752930e-01
7.507137954235076904e-03
1.944258692674338818e-04
9.999755620956420898e-01
9.994922876358032227e-01
9.986140727996826172e-01
8.038977384567260742e-01
1.471261784899979830e-04
9.828691370785236359e-03
1.139862928539514542e-03
9.990737438201904297e-01
1.382176531478762627e-03
9.998484849929809570e-01
2.066311985254287720e-02
5.454083438962697983e-03
7.191161513328552246e-01
9.982753992080688477e-01
1.263005891814827919e-03
9.145745038986206055e-01
3.402827540412545204e-03
3.291902244091033936e-01
5.817194655537605286e-02
1.135554071515798569e-02
1.476907404139637947e-03
9.051790237426757812e-01
8.325170278549194336e-01
9.953351616859436035e-01
1.273631583899259567e-03
9.999232292175292969e-01
9.937461614608764648e-01
9.756128191947937012e-01
9.999011754989624023e-01
3.278214426245540380e-04
9.587922692298889160e-02
1.836815383285284042e-03
8.574327803216874599e-04
9.991789460182189941e-01
9.949422478675842285e-01
7.803164720535278320e-01
9.984801411628723145e-01
3.704987838864326477e-02
9.998105168342590332e-01
1.959995832294225693e-03
1.352636329829692841e-02
1.162616536021232605e-02
7.397201657295227051e-02
7.845764160156250000e-01
9.999195337295532227e-01
6.192427277565002441e-01
9.994983673095703125e-01
4.066901747137308121e-04
9.999321699142456055e-01
3.145715296268463135e-01
9.990698695182800293e-01
6.014501675963401794e-03
9.911637306213378906e-01
1.638794667087495327e-03
9.911417961120605469e-01
1.273811049759387970e-02
5.847131833434104919e-02
9.999196529388427734e-01
6.738007813692092896e-02
1.183680891990661621e-01
7.627516984939575195e-01
1.264076308871153742e-05
9.792622327804565430e-01
1.638987064361572266e-01
3.522171406075358391e-03
9.999673366546630859e-01
9.942932128906250000e-01
6.870593130588531494e-02
9.910199046134948730e-01
9.996329545974731445e-01
9.995223283767700195e-01
3.723323170561343431e-04
1.699276472209021449e-04
1.248038187623023987e-01
3.234887123107910156e-02
9.991015195846557617e-01
9.721029400825500488e-01
4.347051084041595459e-01
9.951586127281188965e-01
9.238441125489771366e-04
1.079557649791240692e-02
2.085580229759216309e-01
1.062124781310558319e-02
8.638722300529479980e-01
9.136773645877838135e-02
1.164711211458779871e-04
7.470633089542388916e-02
1.632321327924728394e-01
9.991685152053833008e-01
1.007973775267601013e-02
9.474415492150001228e-06
9.385554790496826172e-01
2.346580475568771362e-02
9.997858405113220215e-01
1.880927197635173798e-02
9.994975328445434570e-01
9.993769526481628418e-01
2.106263535097241402e-03
8.331916928291320801e-01
9.633367061614990234e-01
1.903322711586952209e-02
1.587604880332946777e-01
3.669436275959014893e-01
9.997232556343078613e-01
3.455423712730407715e-01
4.886076203547418118e-05
6.468660663813352585e-03
7.624950376339256763e-05
9.998857975006103516e-01
9.935294985771179199e-01
4.483979940414428711e-02
9.998840093612670898e-01
6.985989399254322052e-03
1.989020220935344696e-02
9.998544454574584961e-01
9.993033409118652344e-01
9.772127270698547363e-01
4.667130124289542437e-04
4.064671099185943604e-01
9.996182918548583984e-01
9.998809099197387695e-01
9.995469450950622559e-01
7.393819396384060383e-04
8.742808699607849121e-01
4.089745283126831055e-01
4.634269047528505325e-03
