8.321316838264465332e-01
5.822798609733581543e-01
6.769178509712219238e-01
6.233345270156860352e-01
2.646727859973907471e-01
9.505859017372131348e-01
9.907010942697525024e-02
5.679783821105957031e-01
6.854629516601562500e-01
2.676728367805480957e-01
2.000402659177780151e-01
5.784839987754821777e-01
4.397489130496978760e-02
5.794669389724731445e-01
5.636089444160461426e-01
6.378676295280456543e-01
9.211874008178710938e-01
2.063934653997421265e-01
2.143641114234924316e-01
5.460673570632934570e-01
1.008891537785530090e-01
7.266853451728820801e-01
1.203142479062080383e-01
7.525504231452941895e-01
9.244651794433593750e-01
4.880192577838897705e-01
7.524310350418090820e-01
8.852801322937011719e-01
8.596877008676528931e-02
9.058839678764343262e-01
1.319005340337753296e-01
7.683314383029937744e-02
4.099443256855010986e-01
8.006550669670104980e-01
2.610864862799644470e-02
9.278895854949951172e-01
1.941490173339843750e-01
1.335408091545104980e-01
8.371349573135375977e-01
1.247295811772346497e-01
9.315947294235229492e-01
6.474828720092773438e-01
7.928100228309631348e-01
1.995664089918136597e-01
9.638969302177429199e-01
4.930458962917327881e-01
6.680781245231628418e-01
1.124353706836700439e-01
4.445950984954833984e-01
8.794767856597900391e-01
8.226100355386734009e-02
3.765536546707153320e-01
9.404984116554260254e-01
4.412642866373062134e-02
1.681743115186691284e-01
7.257226109504699707e-01
5.095936655998229980e-01
8.628258109092712402e-01
7.730712890625000000e-01
3.420008718967437744e-01
5.453985333442687988e-01
8.553992509841918945e-01
3.095539808273315430e-01
6.051785871386528015e-02
1.311251521110534668e-01
6.582071632146835327e-02
2.245025038719177246e-01
7.045465111732482910e-01
8.023858070373535156e-01
2.273564040660858154e-02
9.167605042457580566e-01
2.601336538791656494e-01
2.094503343105316162e-01
8.795143365859985352e-01
7.521651387214660645e-01
2.386326640844345093e-01
1.695361286401748657e-01
2.874156832695007324e-02
6.150097250938415527e-01
9.316595643758773804e-02
3.992651998996734619e-01
3.513167500495910645e-01
1.523794233798980713e-01
9.164921045303344727e-01
6.191397905349731445e-01
7.820846438407897949e-01
7.839675247669219971e-02
8.690240383148193359e-01
7.643848061561584473e-01
7.083034515380859375e-01
9.629530906677246094e-01
6.218136548995971680e-01
6.818755865097045898e-01
4.531671106815338135e-01
4.020452499389648438e-01
6.226488351821899414e-01
9.592613577842712402e-01
6.420810818672180176e-01
5.046889185905456543e-01
9.676065295934677124e-02
3.008254766464233398e-01
7.346187233924865723e-01
3.621110022068023682e-01
9.367385506629943848e-01
2.665850818157196045e-01
8.407707214355468750e-01
6.521366834640502930e-01
3.869097828865051270e-01
9.059133529663085938e-01
1.493369042873382568e-01
5.901382565498352051e-01
6.105751991271972656e-01
6.947825551033020020e-01
9.476321935653686523e-01
8.277729749679565430e-01
9.271942973136901855e-01
1.923902183771133423e-01
3.785647451877593994e-02
5.291682481765747070e-01
1.214329972863197327e-01
2.838756144046783447e-01
3.733611404895782471e-01
6.908821463584899902e-01
6.181509420275688171e-02
9.189093708992004395e-01
2.721636593341827393e-01
2.462692111730575562e-01
6.753718852996826172e-02
6.561450362205505371e-01
5.716032981872558594e-01
1.724993288516998291e-01
4.120222330093383789e-01
2.085207998752593994e-01
5.104212760925292969e-01
6.868686079978942871e-01
8.220726251602172852e-01
1.982860863208770752e-01
2.190577089786529541e-01
6.307882070541381836e-02
5.920609831809997559e-01
5.018529295921325684e-01
9.353783726692199707e-01
1.677098497748374939e-02
4.874139726161956787e-01
9.559764713048934937e-02
6.909503936767578125e-01
2.098708003759384155e-01
1.373645514249801636e-01
9.430831074714660645e-01
1.380743384361267090e-01
2.221456766128540039e-01
4.970513749867677689e-03
4.010235369205474854e-01
5.099251270294189453e-01
3.501158058643341064e-01
5.756241083145141602e-01
7.719193100929260254e-01
2.115425318479537964e-01
7.460573315620422363e-02
7.316133975982666016e-01
6.459683775901794434e-01
3.919644057750701904e-01
6.340877413749694824e-01
8.632214069366455078e-01
1.492218207567930222e-02
8.310494422912597656e-01
7.019437849521636963e-02
5.972918868064880371e-01
6.629312634468078613e-01
5.479741841554641724e-02
2.044925242662429810e-01
4.711032658815383911e-02
9.199219346046447754e-01
8.950204849243164062e-01
5.499751567840576172e-01
1.830027401447296143e-01
3.892983198165893555e-01
1.025256514549255371e-01
3.634610772132873535e-01
3.780350983142852783e-01
8.043311238288879395e-01
5.251566171646118164e-01
8.103975653648376465e-02
1.311162859201431274e-01
4.397016465663909912e-01
3.657560050487518311e-01
8.356577157974243164e-01
2.660024166107177734e-01
1.544333398342132568e-01
3.725635409355163574e-01
4.948443770408630371e-01
1.428425014019012451e-01
9.276410341262817383e-01
4.268628358840942383e-01
8.994655013084411621e-01
2.321061342954635620e-01
8.547527790069580078e-01
4.939989000558853149e-02
5.207230448722839355e-01
9.736999273300170898e-01
6.680104136466979980e-02
1.864246428012847900e-01
5.734732002019882202e-02
8.115638494491577148e-01
4.828481078147888184e-01
7.409835457801818848e-01
6.421610116958618164e-01
1.468461751937866211e-01
4.880807101726531982e-01
5.652244687080383301e-01
6.871123909950256348e-01
1.986180059611797333e-02
6.174745559692382812e-01
8.483502864837646484e-01
8.291332051157951355e-03
2.512297630310058594e-01
4.516649246215820312e-01
4.061740934848785400e-01
1.035403087735176086e-01
3.748793601989746094e-01
5.235508680343627930e-01
3.741084933280944824e-01
9.120218157768249512e-01
8.211341500282287598e-01
9.395204782485961914e-01
1.989711970090866089e-01
2.941496968269348145e-01
9.808750152587890625e-01
9.612796902656555176e-01
3.827940523624420166e-01
1.885935962200164795e-01
2.059695869684219360e-01
7.430275082588195801e-01
1.819313913583755493e-01
1.667945384979248047e-01
8.533586859703063965e-01
5.013949871063232422e-01
8.564982414245605469e-01
2.211709022521972656e-01
5.540708303451538086e-01
9.620974063873291016e-01
1.942093521356582642e-01
4.219486713409423828e-01
3.634232580661773682e-01
1.757684499025344849e-01
6.771902740001678467e-02
1.072445735335350037e-01
2.032222896814346313e-01
4.558241367340087891e-01
8.473973721265792847e-02
4.263471066951751709e-01
8.452112078666687012e-01
3.855685293674468994e-01
2.148790061473846436e-01
9.809400141239166260e-02
5.337041616439819336e-01
2.577154636383056641e-01
8.359715342521667480e-02
4.771656394004821777e-01
8.998141884803771973e-01
9.548293352127075195e-01
8.619333505630493164e-01
6.841804832220077515e-02
5.568119287490844727e-01
4.033508896827697754e-01
2.702349126338958740e-01
9.001283347606658936e-02
2.252377718687057495e-01
4.371465742588043213e-02
8.001269102096557617e-01
2.255796343088150024e-01
1.729530990123748779e-01
4.602434039115905762e-01
7.634045481681823730e-01
7.909755110740661621e-01
3.337889015674591064e-01
1.731746047735214233e-01
6.334986686706542969e-01
9.172607064247131348e-01
6.660598516464233398e-02
9.659512042999267578e-01
1.704987883567810059e-01
4.588081538677215576e-01
7.927726507186889648e-01
9.652804136276245117e-01
6.068886518478393555e-01
6.352139711380004883e-01
2.436511516571044922e-01
5.768157243728637695e-01
8.060503602027893066e-01
5.575452446937561035e-01
5.787527561187744141e-01
4.430740773677825928e-01
1.511994749307632446e-01
9.602014720439910889e-02
4.500002562999725342e-01
3.957191705703735352e-01
2.798096537590026855e-01
8.897374272346496582e-01
7.816410660743713379e-01
3.628767132759094238e-01
4.334882497787475586e-01
2.487432956695556641e-01
9.131321310997009277e-01
6.461053490638732910e-01
9.859429299831390381e-02
1.487978249788284302e-01
9.702999591827392578e-01
5.917575955390930176e-01
4.034648835659027100e-01
8.952359557151794434e-01
6.869272142648696899e-02
3.342333734035491943e-01
9.131294488906860352e-01
9.833971858024597168e-01
4.760703444480895996e-02
6.246430873870849609e-01
2.366273701190948486e-01
9.565004110336303711e-01
2.317182421684265137e-01
2.346511036157608032e-01
5.464969277381896973e-01
9.291586875915527344e-01
9.878612160682678223e-01
2.610817253589630127e-01
9.385511875152587891e-01
2.335031926631927490e-01
4.553312659263610840e-01
2.210996001958847046e-01
5.217446684837341309e-01
8.752946853637695312e-01
9.195786714553833008e-01
1.716796122491359711e-02
7.846633195877075195e-01
6.912848949432373047e-01
4.406550824642181396e-01
7.103406786918640137e-01
3.987721800804138184e-01
2.976831495761871338e-01
9.353295564651489258e-01
3.077146224677562714e-02
3.630146682262420654e-01
9.122461676597595215e-01
8.427222371101379395e-01
9.288625717163085938e-01
4.349986612796783447e-01
9.434781074523925781e-01
8.329494595527648926e-01
8.370171785354614258e-01
4.938693046569824219e-01
4.093320965766906738e-01
8.107241392135620117e-01
9.284802079200744629e-01
4.292337894439697266e-01
6.585593521595001221e-02
2.350363731384277344e-01
1.858441829681396484e-01
5.618289709091186523e-01
8.921667933464050293e-01
8.539417386054992676e-02
3.004822731018066406e-01
8.498996496200561523e-01
2.232117950916290283e-01
1.864638179540634155e-01
9.140714406967163086e-01
7.871689200401306152e-01
3.645979762077331543e-01
1.820311183109879494e-03
8.613535165786743164e-01
8.211652040481567383e-01
6.269572377204895020e-01
4.620523378252983093e-02
9.508634358644485474e-02
6.930739283561706543e-01
8.441584706306457520e-01
6.470648646354675293e-01
4.589332640171051025e-01
7.021170109510421753e-02
8.683072924613952637e-01
9.866017848253250122e-02
4.551354944705963135e-01
8.369051218032836914e-01
5.282985568046569824e-01
4.360136091709136963e-01
8.661758303642272949e-01
3.886392116546630859e-01
1.515123527497053146e-02
8.893454670906066895e-01
4.481929242610931396e-01
3.220463693141937256e-01
2.840240895748138428e-01
6.841124296188354492e-01
2.707863748073577881e-01
7.538905739784240723e-01
9.517233967781066895e-01
9.178920388221740723e-01
9.207967668771743774e-02
8.047267794609069824e-02
3.947359919548034668e-01
8.495426774024963379e-01
8.553376197814941406e-01
3.720365762710571289e-01
7.571426630020141602e-01
9.721474647521972656e-01
9.450449943542480469e-01
7.434694766998291016e-01
7.533392906188964844e-01
8.111862093210220337e-02
2.295137941837310791e-01
4.905277788639068604e-01
5.424915552139282227e-01
9.141357541084289551e-01
2.999684810638427734e-01
2.410542815923690796e-01
8.655729889869689941e-02
7.040697336196899414e-01
2.780618369579315186e-01
3.480326235294342041e-01
2.314030192792415619e-02
8.251389265060424805e-01
8.828778862953186035e-01
3.974910378456115723e-01
5.606271699070930481e-02
1.724985241889953613e-01
3.589568138122558594e-01
2.279476821422576904e-01
7.354598641395568848e-01
8.204436302185058594e-01
3.202067613601684570e-01
2.485091686248779297e-01
8.959047794342041016e-01
4.662076234817504883e-01
3.663271963596343994e-01
6.759359240531921387e-01
9.786578416824340820e-01
9.431887865066528320e-01
9.714891910552978516e-01
6.476746201515197754e-01
9.256134629249572754e-01
2.169216871261596680e-01
9.366041421890258789e-01
4.432618319988250732e-01
7.730817198753356934e-01
2.901341617107391357e-01
2.731329500675201416e-01
2.187173254787921906e-02
4.763848781585693359e-01
6.162116527557373047e-01
5.260191559791564941e-01
4.032844603061676025e-01
2.992747426033020020e-01
9.011470675468444824e-01
7.179691195487976074e-01
2.592340707778930664e-01
4.551403522491455078e-01
9.023120999336242676e-01
8.880132436752319336e-01
9.793433547019958496e-02
1.924114972352981567e-01
9.620161056518554688e-01
8.186005055904388428e-03
1.161620989441871643e-01
3.743381202220916748e-01
7.649737596511840820e-01
6.799832582473754883e-01
2.959388196468353271e-01
7.905270457267761230e-01
9.761019796133041382e-02
3.538165986537933350e-01
3.612960577011108398e-01
3.352395892143249512e-01
6.882765293121337891e-01
4.255066215991973877e-01
5.735961198806762695e-01
5.176278352737426758e-01
2.460537999868392944e-01
6.042879223823547363e-01
1.383664309978485107e-01
9.532549232244491577e-02
1.788198649883270264e-01
4.495540261268615723e-01
1.341022104024887085e-01
9.794452786445617676e-01
5.039260387420654297e-01
6.858014464378356934e-01
4.805788695812225342e-01
6.279485821723937988e-01
4.644306600093841553e-01
1.649915128946304321e-01
2.801584899425506592e-01
7.921184301376342773e-01
6.162356138229370117e-01
2.010951936244964600e-01
4.074611142277717590e-02
1.154273524880409241e-01
8.178286999464035034e-02
1.823122426867485046e-02
7.394086122512817383e-01
2.296458370983600616e-02
7.667997479438781738e-01
9.512799382209777832e-01
7.258678674697875977e-01
9.068554639816284180e-01
4.830377399921417236e-01
5.978617072105407715e-01
6.405997872352600098e-01
9.246719479560852051e-01
1.487447619438171387e-01
2.113427519798278809e-01
9.648352861404418945e-01
5.358880758285522461e-01
7.555130124092102051e-01
3.050255216658115387e-02
6.590213775634765625e-01
4.108427464962005615e-01
4.269785583019256592e-01
9.020554423332214355e-01
1.456996500492095947e-01
2.756362855434417725e-01
1.835092306137084961e-01
2.789114117622375488e-01
6.271992623805999756e-02
9.535138010978698730e-01
2.016351558268070221e-02
1.391121596097946167e-01
4.719139337539672852e-01
9.079350233078002930e-01
8.994541764259338379e-01
2.029634565114974976e-01
9.258812069892883301e-01
5.050066486001014709e-02
5.871951580047607422e-01
2.975424528121948242e-01
8.949932456016540527e-01
9.700901508331298828e-01
7.756551504135131836e-01
7.108083963394165039e-01
5.502265691757202148e-02
5.756369233131408691e-01
9.087192416191101074e-01
3.443230688571929932e-01
9.597848653793334961e-01
6.855006814002990723e-01
4.018930792808532715e-01
2.146696448326110840e-01
6.758509874343872070e-01
4.553312659263610840e-01
7.866422533988952637e-01
2.256334125995635986e-01
6.249464154243469238e-01
7.783061861991882324e-01
2.674795091152191162e-01
9.618838131427764893e-02
1.073722392320632935e-01
9.009554386138916016e-01
6.865211129188537598e-01
1.890026777982711792e-01
6.723970770835876465e-01
1.597581952810287476e-01
8.416346311569213867e-01
4.208725690841674805e-01
9.200553894042968750e-01
8.921030163764953613e-01
5.327871441841125488e-02
8.873218894004821777e-01
6.786278635263442993e-02
6.891085505485534668e-01
3.761361539363861084e-02
9.272308945655822754e-01
8.641330003738403320e-01
4.510771632194519043e-01
8.625056147575378418e-01
5.817225575447082520e-01
3.182226121425628662e-01
8.407542482018470764e-03
9.527299404144287109e-01
1.105630546808242798e-01
2.262138873338699341e-01
4.275072813034057617e-01
7.407528162002563477e-01
5.874238014221191406e-01
7.049674391746520996e-01
3.197565972805023193e-01
6.586488336324691772e-02
3.559950292110443115e-01
1.627487316727638245e-02
9.745229482650756836e-01
9.560043215751647949e-01
3.722880780696868896e-01
8.839219808578491211e-01
7.618340253829956055e-01
3.329029679298400879e-01
8.186231553554534912e-02
4.095779657363891602e-01
7.006424665451049805e-01
1.470230072736740112e-01
4.699265062808990479e-01
1.649501770734786987e-01
2.706120163202285767e-02
8.784067630767822266e-01
8.599609732627868652e-01
3.030405342578887939e-01
4.446486532688140869e-01
9.405106306076049805e-01
7.816741466522216797e-01
5.163050293922424316e-01
7.434588074684143066e-01
3.199170157313346863e-02
8.550562262535095215e-01
7.919828295707702637e-01
6.243234872817993164e-01
2.067952156066894531e-01
4.428485333919525146e-01
3.403375670313835144e-02
3.937829136848449707e-01
4.507721364498138428e-01
1.974582672119140625e-01
4.509694576263427734e-01
1.833852231502532959e-01
8.576640486717224121e-01
7.757084965705871582e-01
9.461604952812194824e-01
3.462168276309967041e-01
2.246287465095520020e-01
4.865577444434165955e-02
2.365231141448020935e-02
9.713150262832641602e-01
4.547571539878845215e-01
6.371099501848220825e-02
5.875133872032165527e-01
5.066807866096496582e-01
4.197405874729156494e-01
8.122875541448593140e-02
9.565845131874084473e-01
1.443195939064025879e-01
2.590398490428924561e-01
5.739677548408508301e-01
3.838800638914108276e-02
3.361892998218536377e-01
3.504835665225982666e-01
5.690606832504272461e-01
5.605102777481079102e-01
8.349809646606445312e-01
1.525209471583366394e-02
4.830049574375152588e-01
2.196766138076782227e-01
6.216729283332824707e-01
3.066679835319519043e-01
6.798670291900634766e-01
1.532636284828186035e-01
9.533553719520568848e-01
9.571077227592468262e-01
2.347944974899291992e-01
8.876830339431762695e-01
9.241899847984313965e-01
4.172459542751312256e-01
3.327152431011199951e-01
8.358525633811950684e-01
5.294815897941589355e-01
7.551850676536560059e-01
7.536649703979492188e-02
6.470527648925781250e-01
1.025356203317642212e-01
7.643665671348571777e-01
2.070454359054565430e-01
8.490760922431945801e-01
1.248382031917572021e-01
3.589590191841125488e-01
2.894777953624725342e-01
1.613580882549285889e-01
1.483590602874755859e-01
9.454959034919738770e-01
1.896530836820602417e-01
1.228587105870246887e-01
5.737135410308837891e-01
3.122887760400772095e-02
6.986680030822753906e-01
5.476760268211364746e-01
7.214564681053161621e-01
3.782310783863067627e-01
2.195206582546234131e-01
6.334357857704162598e-01
9.625597596168518066e-01
6.061818003654479980e-01
9.521373361349105835e-02
2.837668955326080322e-01
8.031425476074218750e-01
8.199156522750854492e-01
1.298649981617927551e-02
8.666039109230041504e-01
7.651507854461669922e-01
4.444928765296936035e-01
5.194200873374938965e-01
6.038550138473510742e-01
5.065447092056274414e-01
2.461608052253723145e-01
4.630095660686492920e-01
9.157109260559082031e-01
2.386905699968338013e-01
3.503171801567077637e-01
6.406332254409790039e-01
9.581335783004760742e-01
9.559918045997619629e-01
9.692809581756591797e-01
8.639666438102722168e-01
2.606932818889617920e-01
2.779454290866851807e-01
7.187886238098144531e-01
7.944675683975219727e-01
9.634803533554077148e-01
1.563137471675872803e-01
5.630009770393371582e-01
2.330900728702545166e-01
3.059752285480499268e-01
8.635931611061096191e-01
2.413745671510696411e-01
8.757789433002471924e-02
7.104665637016296387e-01
1.224426999688148499e-01
3.346343338489532471e-01
9.206888675689697266e-01
9.039415121078491211e-01
9.743540734052658081e-02
9.253633022308349609e-01
1.482257992029190063e-01
1.775245517492294312e-01
4.715218245983123779e-01
6.847351193428039551e-01
2.000688463449478149e-01
9.870965480804443359e-01
7.376894950866699219e-01
5.654273033142089844e-01
9.827540814876556396e-02
4.844188690185546875e-01
7.312285900115966797e-01
9.765627980232238770e-01
8.884929120540618896e-02
4.491198360919952393e-01
4.833284020423889160e-01
3.034281432628631592e-01
1.862124800682067871e-01
9.064259529113769531e-01
6.453914940357208252e-02
4.502243101596832275e-01
1.094464510679244995e-01
3.269313573837280273e-01
8.207597136497497559e-01
3.955704271793365479e-01
2.454375624656677246e-01
9.618278741836547852e-01
8.544740676879882812e-01
8.071449398994445801e-01
3.113995194435119629e-01
3.484460115432739258e-01
6.222099065780639648e-02
5.727093219757080078e-01
4.922575354576110840e-01
7.450953125953674316e-01
5.472667813301086426e-01
6.943595409393310547e-02
9.222246408462524414e-01
4.182802140712738037e-01
1.086570173501968384e-01
2.848187088966369629e-01
1.552307140082120895e-02
2.608992457389831543e-01
6.027862429618835449e-03
9.494220465421676636e-02
3.037746250629425049e-01
3.594063818454742432e-01
9.555733799934387207e-01
2.007099986076354980e-01
2.214730232954025269e-01
2.708902955055236816e-01
3.227364271879196167e-02
6.961436867713928223e-01
4.328692555427551270e-01
9.779340624809265137e-01
6.459234356880187988e-01
8.928108811378479004e-01
5.159672498703002930e-01
2.526817321777343750e-01
7.176489233970642090e-01
8.625056147575378418e-01
1.471416801214218140e-01
5.839391946792602539e-01
1.456079334020614624e-01
2.033181041479110718e-01
9.726303219795227051e-01
7.083067893981933594e-01
8.879603743553161621e-01
2.097386419773101807e-01
2.447581291198730469e-01
4.767180979251861572e-01
3.548172712326049805e-01
3.909676522016525269e-02
3.953392207622528076e-01
7.640976905822753906e-01
3.297021687030792236e-01
5.369665622711181641e-01
3.891882300376892090e-01
3.995035216212272644e-02
9.416797161102294922e-01
7.986571788787841797e-01
4.413017630577087402e-01
5.091594159603118896e-02
2.357675135135650635e-01
3.728926479816436768e-01
9.033752679824829102e-01
4.832446575164794922e-01
4.208284616470336914e-02
6.067119240760803223e-01
5.499661564826965332e-01
6.300179362297058105e-01
2.564557492733001709e-01
2.501968145370483398e-01
3.553003370761871338e-01
6.209537982940673828e-01
2.329922914505004883e-01
8.609429597854614258e-01
6.256570219993591309e-01
9.097288846969604492e-01
4.747184813022613525e-01
3.125632107257843018e-01
5.080184340476989746e-01
6.440653800964355469e-01
2.527289986610412598e-01
8.827630877494812012e-01
6.166779398918151855e-01
9.834561496973037720e-02
3.080652095377445221e-02
3.519695401191711426e-01
2.721837759017944336e-01
7.451607584953308105e-01
2.163450717926025391e-01
7.900913357734680176e-01
9.619387388229370117e-01
5.381105933338403702e-03
2.043562680482864380e-01
4.560661911964416504e-01
9.542529582977294922e-01
6.491976380348205566e-01
4.801494181156158447e-01
5.979501605033874512e-01
3.501933217048645020e-01
5.518203377723693848e-01
6.841669678688049316e-01
6.160707473754882812e-01
7.388754487037658691e-01
9.352353811264038086e-01
7.817115187644958496e-01
3.203604221343994141e-01
3.462045192718505859e-01
3.267121016979217529e-01
2.691760063171386719e-01
9.114480614662170410e-01
9.245705008506774902e-01
7.547177076339721680e-01
3.499501049518585205e-01
6.672028899192810059e-01
7.467827796936035156e-01
4.508032500743865967e-01
8.045407384634017944e-02
9.306523203849792480e-01
6.760643720626831055e-01
1.941507607698440552e-01
4.505950808525085449e-01
1.571585983037948608e-02
9.519433975219726562e-01
3.145168423652648926e-01
9.320431351661682129e-01
2.650209963321685791e-01
5.699971318244934082e-01
9.271975159645080566e-01
9.390000700950622559e-01
3.796587884426116943e-01
8.093446493148803711e-01
3.741090893745422363e-01
2.994869649410247803e-01
1.521392315626144409e-01
8.396655917167663574e-01
1.714579015970230103e-01
1.627615839242935181e-01
7.060559391975402832e-01
8.148406147956848145e-01
2.110963165760040283e-01
8.998975157737731934e-01
8.582063317298889160e-01
1.338238120079040527e-01
9.767727553844451904e-02
5.604187846183776855e-01
1.130210310220718384e-01
7.466720342636108398e-01
1.299024224281311035e-01
3.790295422077178955e-01
4.898496270179748535e-01
6.452831029891967773e-01
7.673354148864746094e-01
1.931722909212112427e-01
3.706310093402862549e-01
5.314983725547790527e-01
4.118288755416870117e-01
4.418766796588897705e-01
9.616776108741760254e-01
8.358085751533508301e-01
3.115909099578857422e-01
7.949480414390563965e-02
9.551932215690612793e-01
8.252696990966796875e-01
2.592208087444305420e-01
2.030882686376571655e-01
3.666152954101562500e-01
3.998304605484008789e-01
2.300895899534225464e-01
7.619214802980422974e-02
9.034191071987152100e-02
3.574563264846801758e-01
1.135109588503837585e-01
6.413804292678833008e-01
5.830460786819458008e-01
9.486642479896545410e-01
7.267515063285827637e-01
9.808044135570526123e-02
7.240442633628845215e-01
9.460175037384033203e-01
3.434428572654724121e-01
1.698718369007110596e-01
7.905037999153137207e-01
6.214155554771423340e-01
7.990981340408325195e-01
4.662056565284729004e-01
4.904942214488983154e-01
4.611141979694366455e-01
4.318285286426544189e-01
5.880324244499206543e-01
9.441223144531250000e-01
7.861312627792358398e-01
9.044049978256225586e-01
2.473331391811370850e-01
3.403463214635848999e-02
2.552180290222167969e-01
9.465705752372741699e-01
1.991223543882369995e-01
1.947398930788040161e-01
8.106706142425537109e-01
4.921726882457733154e-01
9.273628704249858856e-03
2.603774070739746094e-01
2.368368357419967651e-01
9.620431065559387207e-01
7.117186188697814941e-01
3.397074937820434570e-01
6.342928409576416016e-01
2.681125104427337646e-01
1.589605957269668579e-01
3.999996185302734375e-02
6.537120342254638672e-01
9.598296880722045898e-01
8.748689293861389160e-01
4.550018906593322754e-01
6.723770499229431152e-01
4.320136606693267822e-01
5.496354699134826660e-01
8.323866724967956543e-01
7.938133478164672852e-01
5.265322923660278320e-01
2.349973917007446289e-01
5.918338298797607422e-01
1.163371205329895020e-01
5.362366437911987305e-01
9.645060300827026367e-01
4.856210947036743164e-01
3.481675386428833008e-01
5.664669275283813477e-01
5.620611310005187988e-01
3.302234038710594177e-02
2.679482400417327881e-01
8.856616616249084473e-01
6.737073659896850586e-01
2.995712310075759888e-02
6.839915513992309570e-01
8.594939112663269043e-01
9.341280460357666016e-01
4.285702705383300781e-01
2.765277922153472900e-01
9.557346105575561523e-01
1.437217891216278076e-01
2.767057418823242188e-01
8.548175096511840820e-01
4.066306948661804199e-01
5.579591542482376099e-02
5.261275172233581543e-01
8.689539879560470581e-02
2.175354212522506714e-02
9.012451767921447754e-01
7.256980538368225098e-01
8.239650726318359375e-01
2.720632851123809814e-01
5.551099181175231934e-01
3.241816908121109009e-02
3.372218012809753418e-01
4.155113697052001953e-01
2.848380804061889648e-01
8.305428028106689453e-01
9.545844197273254395e-01
1.917224377393722534e-01
3.325597643852233887e-01
2.760672867298126221e-01
1.099666506052017212e-01
9.356629848480224609e-01
1.698935627937316895e-01
1.820100247859954834e-01
5.173971652984619141e-01
8.629153668880462646e-02
6.533191800117492676e-01
3.133484125137329102e-01
8.949998021125793457e-02
4.116412252187728882e-02
4.055658578872680664e-01
4.597383141517639160e-01
4.557434320449829102e-01
4.910005629062652588e-02
3.075100779533386230e-01
9.308828413486480713e-02
5.435549616813659668e-01
2.999468334019184113e-02
6.733928918838500977e-01
2.863389849662780762e-01
2.659799158573150635e-01
5.182806849479675293e-01
7.219239473342895508e-01
8.774894475936889648e-01
2.277212589979171753e-01
1.979391276836395264e-01
5.252069234848022461e-01
7.688569426536560059e-01
8.870795965194702148e-01
7.958871722221374512e-01
2.496140897274017334e-01
2.366049289703369141e-01
3.080407083034515381e-01
3.291963636875152588e-01
9.014359712600708008e-01
4.089607596397399902e-01
3.044150769710540771e-01
2.780438363552093506e-01
4.522170424461364746e-01
2.902508080005645752e-01
8.837755322456359863e-01
9.373263716697692871e-01
9.845499992370605469e-01
2.334883213043212891e-01
9.461665153503417969e-01
1.855724453926086426e-01
5.660113096237182617e-01
1.755161881446838379e-01
6.178798526525497437e-02
1.865485757589340210e-01
9.568959474563598633e-01
6.854460835456848145e-01
7.112582325935363770e-01
7.578490376472473145e-01
4.662986472249031067e-02
6.258000135421752930e-01
1.646735519170761108e-01
6.532955765724182129e-01
6.954549551010131836e-01
7.495934367179870605e-01
8.607079982757568359e-01
1.281674057245254517e-01
2.343487143516540527e-01
6.172209382057189941e-01
3.145802617073059082e-01
7.104988694190979004e-01
3.840833604335784912e-01
9.659674167633056641e-01
7.941187024116516113e-01
1.063806191086769104e-01
6.611069291830062866e-02
8.122494220733642578e-01
9.160280227661132812e-01
2.015312165021896362e-01
2.500832378864288330e-01
1.013921499252319336e-01
2.188781797885894775e-01
8.462890386581420898e-01
2.144341468811035156e-01
1.662471741437911987e-01
1.904925704002380371e-01
4.276872426271438599e-02
4.740208089351654053e-01
5.112282633781433105e-01
1.990624964237213135e-01
6.870152950286865234e-01
5.210251808166503906e-01
7.359590530395507812e-01
8.565085530281066895e-01
4.580266475677490234e-01
3.077600896358489990e-01
8.087728172540664673e-02
7.943318486213684082e-01
2.039324343204498291e-01
9.570125341415405273e-01
6.436264514923095703e-01
1.822308301925659180e-01
7.016657590866088867e-01
2.737955152988433838e-01
7.059591412544250488e-01
3.703747093677520752e-01
4.500446841120719910e-02
9.346296787261962891e-01
4.547548592090606689e-01
4.781659543514251709e-01
1.017671450972557068e-01
7.573015242815017700e-02
4.852951318025588989e-02
1.935601830482482910e-01
2.061747312545776367e-01
5.033640265464782715e-01
3.070663213729858398e-01
6.304351687431335449e-01
7.849835157394409180e-01
8.515330553054809570e-01
5.318267345428466797e-01
1.576257497072219849e-02
9.574952125549316406e-01
7.690623402595520020e-01
6.930575966835021973e-01
9.665002226829528809e-01
9.069185256958007812e-01
8.816791772842407227e-01
4.030853807926177979e-01
7.627580165863037109e-01
9.044975638389587402e-01
1.350652705878019333e-02
7.809550166130065918e-01
3.335936665534973145e-01
2.713132277131080627e-02
2.459224015474319458e-01
8.766942620277404785e-01
5.852228030562400818e-02
7.111570984125137329e-02
4.677864313125610352e-01
1.497173011302947998e-01
1.781533062458038330e-01
5.067077279090881348e-01
4.789951145648956299e-01
8.287049531936645508e-01
9.709986448287963867e-01
8.229396939277648926e-01
1.527687311172485352e-01
1.880083382129669189e-01
4.997544288635253906e-01
4.238154590129852295e-01
2.765970528125762939e-01
5.129292607307434082e-01
1.625004410743713379e-01
4.497402012348175049e-01
7.369092106819152832e-01
9.238627552986145020e-01
9.593448042869567871e-01
6.843748688697814941e-02
1.962436437606811523e-01
5.617066025733947754e-01
8.599289655685424805e-01
8.350165486335754395e-01
2.423759996891021729e-01
1.624627560377120972e-01
2.598025798797607422e-01
7.344017624855041504e-01
2.514878213405609131e-01
5.361035466194152832e-01
9.077863097190856934e-01
9.126378297805786133e-01
8.707331418991088867e-01
9.774615615606307983e-02
4.409681260585784912e-02
1.462763734161853790e-02
8.854275345802307129e-01
9.791041910648345947e-02
5.990813970565795898e-01
2.631796300411224365e-01
1.198525428771972656e-01
1.713352948427200317e-01
5.243496596813201904e-02
5.681841969490051270e-01
8.626525998115539551e-01
3.152720630168914795e-01
6.947699189186096191e-02
9.703697562217712402e-01
5.827049016952514648e-01
7.636476755142211914e-01
5.194280147552490234e-01
2.114190459251403809e-01
1.737117618322372437e-01
9.425985813140869141e-01
3.081544637680053711e-01
5.884241461753845215e-01
9.638723731040954590e-01
7.012151479721069336e-01
5.640460848808288574e-01
1.758744120597839355e-01
5.085754767060279846e-02
5.020301938056945801e-01
4.255324006080627441e-01
8.800143003463745117e-01
7.487485408782958984e-01
7.922474741935729980e-01
3.786658942699432373e-01
1.715561002492904663e-01
7.313849925994873047e-01
8.137506246566772461e-01
6.884842514991760254e-01
7.101698517799377441e-01
4.112316668033599854e-01
7.366326451301574707e-01
4.951797723770141602e-01
4.123419821262359619e-01
2.611433267593383789e-01
9.520755410194396973e-01
4.994472563266754150e-01
7.349258065223693848e-01
5.836180448532104492e-01
5.849457979202270508e-01
5.775418132543563843e-02
9.981689602136611938e-02
7.751949429512023926e-01
9.137746095657348633e-01
5.312656164169311523e-01
6.958592534065246582e-01
7.514917105436325073e-02
2.427666075527667999e-02
8.753046989440917969e-01
3.194733858108520508e-01
3.671591877937316895e-01
5.212156176567077637e-01
6.610249876976013184e-01
5.445835590362548828e-01
3.161958605051040649e-02
8.325431942939758301e-01
9.497630000114440918e-01
3.868436217308044434e-01
6.495969295501708984e-01
6.686209887266159058e-02
2.990141808986663818e-01
1.542323529720306396e-01
1.481545567512512207e-01
7.124579548835754395e-01
5.976489782333374023e-01
9.558645635843276978e-02
9.511183500289916992e-01
5.230335593223571777e-01
1.747910827398300171e-01
4.396856725215911865e-01
2.278762310743331909e-02
9.056878089904785156e-01
8.761313557624816895e-01
1.736449152231216431e-01
1.692533940076828003e-01
1.514490395784378052e-01
8.056147098541259766e-01
7.943529486656188965e-01
8.123221397399902344e-01
7.833569645881652832e-01
1.209680959582328796e-01
7.448459267616271973e-01
7.301074862480163574e-01
7.266565561294555664e-01
4.439394176006317139e-01
6.513365507125854492e-01
9.208603501319885254e-01
2.150119394063949585e-01
6.997497677803039551e-01
9.216702729463577271e-02
8.137499690055847168e-01
2.682614624500274658e-01
7.132398486137390137e-01
1.429239064455032349e-01
9.065003991127014160e-01
6.526702642440795898e-01
1.015784740447998047e-01
9.219955801963806152e-01
4.314415752887725830e-01
7.763826251029968262e-01
7.481749653816223145e-01
9.603976607322692871e-01
3.024053871631622314e-01
5.851465463638305664e-01
8.480924367904663086e-01
6.112901568412780762e-01
3.680064976215362549e-01
2.405214011669158936e-01
2.787103354930877686e-01
9.560293555259704590e-01
7.695552427321672440e-03
5.031495094299316406e-01
2.538043856620788574e-01
3.549924492835998535e-01
1.479361653327941895e-01
3.607383072376251221e-01
6.825509667396545410e-01
3.262082040309906006e-01
8.893017172813415527e-01
6.320894509553909302e-02
9.526585340499877930e-01
3.541926443576812744e-01
9.420319795608520508e-01
5.430479049682617188e-01
7.453976273536682129e-01
7.300417423248291016e-01
1.745737344026565552e-01
1.571260690689086914e-01
5.896199345588684082e-01
4.092977941036224365e-02
2.939473688602447510e-01
8.161299228668212891e-01
4.026455581188201904e-01
9.124020338058471680e-01
9.510960578918457031e-01
1.204586327075958252e-01
3.925103247165679932e-01
1.535611003637313843e-01
8.315330147743225098e-01
8.238528966903686523e-01
4.842149093747138977e-02
5.064470171928405762e-01
2.596146240830421448e-02
5.078322291374206543e-01
6.998628377914428711e-01
9.442481398582458496e-02
9.674127101898193359e-01
8.500729203224182129e-01
4.637652039527893066e-01
4.621926546096801758e-01
9.233514070510864258e-01
1.973284333944320679e-01
8.774279952049255371e-01
6.293491721153259277e-01
2.466623112559318542e-02
1.283345371484756470e-01
3.745304942131042480e-01
8.881826698780059814e-02
6.079068779945373535e-01
8.337060809135437012e-01
8.306249976158142090e-01
4.462103247642517090e-01
8.202490210533142090e-01
2.526001632213592529e-01
3.436927199363708496e-01
9.391570687294006348e-01
2.396668940782546997e-01
8.848786354064941406e-01
7.632388472557067871e-01
2.162122428417205811e-01
7.594645023345947266e-01
2.361873090267181396e-01
9.407835006713867188e-01
8.055443763732910156e-01
6.926354765892028809e-01
5.822512507438659668e-01
8.479609489440917969e-01
5.246614813804626465e-01
4.465182423591613770e-01
2.063954323530197144e-01
5.682243108749389648e-01
1.375558972358703613e-01
1.270177960395812988e-01
9.301311373710632324e-01
1.700654067099094391e-02
5.363238975405693054e-02
7.370700836181640625e-01
8.332362174987792969e-01
9.056212306022644043e-01
5.771026387810707092e-02
4.180264845490455627e-02
4.753917157649993896e-01
6.430873870849609375e-01
7.846478819847106934e-01
3.605171442031860352e-01
2.777105569839477539e-01
2.740465104579925537e-01
8.330982327461242676e-01
6.542427837848663330e-02
6.822327524423599243e-02
8.362115025520324707e-01
3.601824864745140076e-02
4.747040867805480957e-01
2.749789655208587646e-01
4.866472780704498291e-01
2.971211671829223633e-01
4.168105125427246094e-02
6.294447779655456543e-01
9.573337435722351074e-02
9.203914403915405273e-01
5.838698148727416992e-02
7.007098197937011719e-01
7.924643754959106445e-01
3.635548055171966553e-01
6.814138293266296387e-01
7.117810845375061035e-01
9.137413501739501953e-01
3.316516876220703125e-01
9.182870388031005859e-01
7.941859364509582520e-01
2.995970249176025391e-01
1.327746361494064331e-01
8.096072077751159668e-01
1.660108268260955811e-01
4.207039475440979004e-01
8.625775575637817383e-01
5.514372587203979492e-01
9.547998309135437012e-01
1.014742907136678696e-02
4.821913540363311768e-01
6.913012266159057617e-01
2.443207651376724243e-01
2.081864327192306519e-02
3.687456548213958740e-01
5.137469992041587830e-02
3.490200638771057129e-01
7.415719628334045410e-01
2.234816737473011017e-02
7.426830530166625977e-01
9.359283447265625000e-01
5.756477639079093933e-02
9.293137788772583008e-01
8.521117269992828369e-02
9.051972627639770508e-01
5.929937958717346191e-01
1.954419724643230438e-02
6.593785881996154785e-01
5.387557744979858398e-01
2.582845687866210938e-01
2.902050614356994629e-01
7.769713997840881348e-01
4.532887935638427734e-01
6.287722587585449219e-01
1.443257480859756470e-01
2.527411580085754395e-01
5.407117009162902832e-01
2.173544839024543762e-02
5.521610379219055176e-01
8.463968634605407715e-01
1.158424019813537598e-01
8.019919395446777344e-01
9.150817990303039551e-01
5.332965850830078125e-01
8.429417610168457031e-01
5.949498414993286133e-01
7.360467314720153809e-01
6.896026134490966797e-01
3.847474455833435059e-01
4.346534311771392822e-01
8.458672761917114258e-01
9.379725903272628784e-02
8.891853690147399902e-02
7.852151393890380859e-01
2.006428837776184082e-01
7.570117712020874023e-01
3.472321033477783203e-01
2.040696591138839722e-01
2.633093595504760742e-01
5.825015902519226074e-02
9.255722165107727051e-01
2.996869087219238281e-01
1.784060597419738770e-01
3.415227830410003662e-01
5.344564318656921387e-01
3.613119125366210938e-01
7.362130880355834961e-01
4.378742873668670654e-01
3.234828710556030273e-01
9.042296409606933594e-01
7.180647552013397217e-02
3.662329912185668945e-01
6.100805997848510742e-01
6.499896198511123657e-02
6.404340267181396484e-01
8.069401979446411133e-01
2.464139759540557861e-01
5.874728038907051086e-02
6.146907210350036621e-01
6.916315555572509766e-01
4.640238285064697266e-01
9.084201455116271973e-01
9.434839487075805664e-01
5.332354083657264709e-02
5.626510381698608398e-01
2.661376595497131348e-01
4.101321697235107422e-01
7.498150467872619629e-01
5.724906921386718750e-01
1.558702886104583740e-01
3.711492717266082764e-01
6.187869906425476074e-01
4.426816403865814209e-01
2.773278653621673584e-01
3.660182002931833267e-03
3.601915538311004639e-01
5.034469366073608398e-01
1.380988657474517822e-01
2.432423382997512817e-01
9.085017442703247070e-01
4.934674501419067383e-01
5.223470926284790039e-01
8.493425250053405762e-01
1.960124075412750244e-01
8.082766532897949219e-01
1.329193413257598877e-01
3.500121533870697021e-01
7.557848691940307617e-01
4.152171015739440918e-01
7.718400955200195312e-01
2.682456076145172119e-01
8.088347315788269043e-01
1.235325932502746582e-01
6.327537447214126587e-02
6.032392848283052444e-03
9.123229384422302246e-01
6.711539030075073242e-01
7.316612005233764648e-01
3.231339454650878906e-01
2.210898557677865028e-03
2.161563560366630554e-02
4.278073012828826904e-01
8.041439056396484375e-01
4.781076908111572266e-01
4.359000027179718018e-01
5.001302957534790039e-01
6.775842308998107910e-01
9.557975530624389648e-01
1.623204499483108521e-01
8.778821229934692383e-01
5.718366503715515137e-01
9.646220207214355469e-01
4.498638808727264404e-01
7.305090427398681641e-01
8.621141910552978516e-01
2.912900745868682861e-01
7.428413033485412598e-01
4.090090990066528320e-01
6.329625248908996582e-01
8.422115817666053772e-03
7.053396105766296387e-01
2.420470714569091797e-01
7.955431938171386719e-02
1.485229730606079102e-01
1.827139258384704590e-01
3.911772072315216064e-01
8.959452509880065918e-01
4.908459186553955078e-01
9.224302321672439575e-02
9.039112329483032227e-01
1.323458105325698853e-01
7.600978612899780273e-01
6.127013564109802246e-01
9.184845685958862305e-01
8.589828014373779297e-02
8.412668108940124512e-01
1.310002803802490234e-01
5.740050077438354492e-01
1.581761986017227173e-01
4.954634234309196472e-02
1.685689017176628113e-02
6.471133828163146973e-01
2.657506763935089111e-01
4.585028588771820068e-01
6.071670651435852051e-01
3.840741515159606934e-02
5.041551589965820312e-01
3.103642165660858154e-01
4.265087842941284180e-01
6.865882873535156250e-01
1.209341511130332947e-01
7.997478246688842773e-01
1.885475963354110718e-02
6.453785300254821777e-02
3.945073485374450684e-01
8.991105556488037109e-01
8.299832940101623535e-01
3.314474821090698242e-01
2.141109555959701538e-01
3.964814543724060059e-01
7.107667326927185059e-01
3.178904056549072266e-01
9.339230656623840332e-01
9.174207597970962524e-02
7.176484465599060059e-01
1.300175786018371582e-01
8.950554132461547852e-01
3.064998090267181396e-01
4.823070168495178223e-01
1.571538448333740234e-01
3.993423879146575928e-01
8.774887323379516602e-01
4.849327802658081055e-01
6.755119562149047852e-01
7.379176616668701172e-01
6.324617266654968262e-01
2.403623908758163452e-01
8.507633805274963379e-01
3.332327604293823242e-01
6.335073709487915039e-01
5.314311757683753967e-02
1.986280381679534912e-01
9.369571208953857422e-01
2.437590509653091431e-01
1.034160703420639038e-01
1.036679372191429138e-01
2.468230128288269043e-01
6.930555701255798340e-01
2.748838067054748535e-01
5.033006146550178528e-02
4.344882071018218994e-01
9.504349231719970703e-01
8.978288769721984863e-01
1.810980439186096191e-01
9.648615717887878418e-01
9.611490368843078613e-01
7.918337360024452209e-03
3.066065013408660889e-01
8.952452540397644043e-01
3.306034505367279053e-01
8.444682359695434570e-01
4.135940596461296082e-02
1.196798533201217651e-01
9.021654725074768066e-01
8.414755463600158691e-01
1.738717257976531982e-01
5.327752232551574707e-01
1.915032565593719482e-01
9.636386036872863770e-01
9.868358373641967773e-01
9.825848340988159180e-01
4.806447327136993408e-01
5.773647874593734741e-02
2.989691495895385742e-01
1.878515332937240601e-01
1.771551519632339478e-01
7.510778903961181641e-01
5.308401584625244141e-01
6.066158413887023926e-01
9.417380690574645996e-01
1.148419082164764404e-01
6.864917278289794922e-01
3.949874043464660645e-01
3.831981420516967773e-01
6.467041969299316406e-01
2.822307348251342773e-01
9.435759186744689941e-01
2.555423676967620850e-01
3.854774534702301025e-01
2.148814201354980469e-01
3.809058070182800293e-01
9.556974768638610840e-01
4.591770470142364502e-01
7.889509797096252441e-01
9.558209776878356934e-01
6.149876117706298828e-01
8.101694583892822266e-01
6.316312551498413086e-01
6.094120740890502930e-01
2.429963648319244385e-01
3.471206128597259521e-01
2.179897949099540710e-02
4.513019323348999023e-01
7.046039104461669922e-01
9.316764473915100098e-01
2.518940865993499756e-01
9.749879240989685059e-01
2.407976984977722168e-01
2.690491676330566406e-01
1.401365697383880615e-01
3.892109096050262451e-01
8.903591632843017578e-01
9.349755644798278809e-01
6.084406375885009766e-01
8.859439492225646973e-01
9.476262331008911133e-01
4.341682791709899902e-01
2.494617402553558350e-01
8.656091690063476562e-01
1.022272184491157532e-01
1.479810625314712524e-01
7.757397890090942383e-01
4.700490534305572510e-01
9.319537281990051270e-01
9.326369762420654297e-01
9.076690077781677246e-01
3.106881864368915558e-02
1.813411116600036621e-01
1.017142832279205322e-01
6.744616031646728516e-01
7.755952477455139160e-01
3.606739342212677002e-01
7.489874958992004395e-01
6.525990962982177734e-01
7.659952640533447266e-01
2.986640334129333496e-01
2.916245162487030029e-01
1.006158590316772461e-01
6.003561615943908691e-01
4.932297766208648682e-02
3.683221936225891113e-01
1.853274703025817871e-01
3.552544414997100830e-01
2.451765537261962891e-01
7.919545173645019531e-01
6.788267493247985840e-01
5.437629818916320801e-01
1.620835512876510620e-01
8.816791772842407227e-01
6.241596937179565430e-01
9.643152356147766113e-01
3.325558900833129883e-01
1.138718575239181519e-01
9.319018721580505371e-01
8.145946860313415527e-01
8.168690800666809082e-01
7.550126314163208008e-01
7.086439430713653564e-02
4.098733961582183838e-01
1.332672089338302612e-01
1.705902367830276489e-01
3.806675076484680176e-01
8.787042498588562012e-01
8.293060064315795898e-01
8.562805652618408203e-01
6.659765839576721191e-01
9.543438553810119629e-01
2.485724985599517822e-01
7.846478819847106934e-01
8.988939523696899414e-01
9.660140275955200195e-01
2.022479176521301270e-01
4.228402972221374512e-01
1.517531126737594604e-01
2.972609996795654297e-01
8.881438970565795898e-01
9.176847934722900391e-01
3.434756025671958923e-02
8.372649550437927246e-01
1.338533163070678711e-01
8.800771236419677734e-01
2.201654911041259766e-01
5.157148092985153198e-02
3.557150065898895264e-01
8.115504384040832520e-01
5.755703523755073547e-02
2.588042020797729492e-01
5.526480674743652344e-01
7.502470612525939941e-01
3.049252927303314209e-01
6.939764618873596191e-01
7.369536757469177246e-01
1.968305408954620361e-01
5.336272120475769043e-01
2.276715934276580811e-01
9.165277481079101562e-01
5.040545463562011719e-01
8.860539197921752930e-01
4.547852277755737305e-01
3.600084185600280762e-01
5.812787413597106934e-01
9.713293313980102539e-01
7.020314931869506836e-01
2.576985657215118408e-01
6.815784573554992676e-01
3.937857970595359802e-02
6.617751121520996094e-01
9.319942593574523926e-01
1.424422413110733032e-01
5.069530606269836426e-01
4.594111144542694092e-01
9.124962091445922852e-01
5.778209567070007324e-01
1.016685515642166138e-01
2.614703178405761719e-01
7.620583772659301758e-01
7.317692041397094727e-01
7.431075572967529297e-01
5.735574960708618164e-01
2.985582649707794189e-01
7.980993390083312988e-01
9.020928144454956055e-01
8.029591441154479980e-01
4.457094371318817139e-01
3.491784930229187012e-01
8.502451777458190918e-01
6.711539030075073242e-01
3.551244363188743591e-02
5.013906359672546387e-01
4.667324721813201904e-01
1.074647158384323120e-01
8.039445281028747559e-01
5.615162849426269531e-01
8.554633855819702148e-01
9.091097116470336914e-01
9.519919157028198242e-01
8.956508636474609375e-01
7.374123930931091309e-01
7.466989755630493164e-01
4.304585456848144531e-01
2.725908458232879639e-01
1.810259819030761719e-01
1.136419400572776794e-01
8.616361021995544434e-01
9.077893495559692383e-01
5.355440378189086914e-01
7.640320807695388794e-02
8.660199642181396484e-01
3.680766224861145020e-01
7.717727422714233398e-01
1.672692000865936279e-01
8.223944902420043945e-01
4.796603322029113770e-01
7.370783686637878418e-01
5.111389160156250000e-01
4.788213968276977539e-01
4.280235767364501953e-01
2.956654727458953857e-01
8.579905629158020020e-01
9.323713183403015137e-01
8.185333609580993652e-01
3.240320086479187012e-02
1.974433958530426025e-01
7.383586764335632324e-01
3.101268112659454346e-01
6.101370453834533691e-01
9.577164649963378906e-01
4.191330671310424805e-01
7.212434411048889160e-01
6.614394187927246094e-01
3.249499797821044922e-01
3.583573997020721436e-01
9.373263716697692871e-01
6.788118481636047363e-01
2.493221163749694824e-01
4.119985103607177734e-01
2.073733322322368622e-02
3.890674114227294922e-01
8.473445177078247070e-01
8.895335197448730469e-01
2.996994853019714355e-01
9.024565666913986206e-02
8.778702616691589355e-01
1.810562461614608765e-01
1.715110093355178833e-01
2.161060571670532227e-01
4.261228442192077637e-01
2.215348333120346069e-01
2.679567337036132812e-01
7.604604959487915039e-01
3.630709648132324219e-01
1.639683693647384644e-01
9.905489534139633179e-02
3.522475957870483398e-01
2.724350690841674805e-01
8.483821153640747070e-01
5.101372003555297852e-01
5.885382890701293945e-01
5.069828405976295471e-02
7.955020666122436523e-01
8.821557760238647461e-01
6.141229271888732910e-01
4.652272164821624756e-01
6.668584942817687988e-01
1.940724253654479980e-01
6.591802090406417847e-02
9.094384908676147461e-01
5.987253785133361816e-01
9.198693633079528809e-01
6.585527211427688599e-02
8.148605227470397949e-01
6.038805246353149414e-01
3.963114023208618164e-01
4.314676299691200256e-02
2.997098565101623535e-01
8.929141610860824585e-02
1.147346291691064835e-02
8.220726251602172852e-01
3.003219962120056152e-01
8.571349382400512695e-01
2.852864265441894531e-01
9.426389336585998535e-01
5.882249474525451660e-01
4.274508357048034668e-01
8.303093314170837402e-01
1.356822345405817032e-02
7.487666606903076172e-01
4.685313254594802856e-02
1.415082365274429321e-01
4.120768010616302490e-01
4.995423555374145508e-01
5.340108275413513184e-01
9.518128037452697754e-01
8.326979875564575195e-01
6.368265151977539062e-01
8.984161615371704102e-01
1.122445426881313324e-02
1.945434957742691040e-01
1.096785068511962891e-01
5.935627222061157227e-01
8.488568663597106934e-01
9.312505275011062622e-02
3.331719338893890381e-01
1.637976802885532379e-02
4.440817236900329590e-01
3.698343634605407715e-01
5.139889568090438843e-02
9.465166330337524414e-01
1.164285764098167419e-01
8.510389178991317749e-02
8.856452107429504395e-01
9.365304112434387207e-01
4.068437218666076660e-01
8.187664151191711426e-01
4.466120600700378418e-01
8.075626492500305176e-01
7.820900678634643555e-01
5.023619532585144043e-01
3.483570516109466553e-01
8.240681290626525879e-01
1.186375543475151062e-01
4.479083120822906494e-01
5.103852599859237671e-02
9.074545502662658691e-01
5.459180846810340881e-02
2.325272858142852783e-01
1.331664174795150757e-01
3.950580060482025146e-01
2.821176350116729736e-01
6.165798306465148926e-01
2.936680316925048828e-01
1.493221521377563477e-01
5.502712130546569824e-01
6.557514071464538574e-01
8.134423196315765381e-02
9.443996548652648926e-01
9.684642553329467773e-01
9.646013975143432617e-01
6.764684617519378662e-02
7.690563797950744629e-02
6.530258655548095703e-01
9.826791286468505859e-01
4.963462352752685547e-01
9.057618677616119385e-02
9.667077064514160156e-01
9.615466594696044922e-01
7.557116746902465820e-01
4.897958338260650635e-01
1.650898158550262451e-02
2.132023423910140991e-01
4.574989676475524902e-01
1.072983667254447937e-01
7.175683379173278809e-01
6.725569367408752441e-01
9.278895854949951172e-01
7.046361919492483139e-03
6.839940547943115234e-01
8.375946283340454102e-01
2.742331922054290771e-01
2.250780314207077026e-01
9.026893377304077148e-01
4.035778343677520752e-01
7.343752384185791016e-01
8.498753309249877930e-01
8.854495882987976074e-01
6.445608735084533691e-01
2.023186981678009033e-01
7.600814700126647949e-01
4.615001082420349121e-01
9.588832855224609375e-01
3.719549477100372314e-01
3.024050295352935791e-01
2.862213551998138428e-01
2.136025577783584595e-01
6.290166974067687988e-01
3.942283689975738525e-01
3.761654198169708252e-01
2.199839651584625244e-01
9.060542583465576172e-01
1.945694833993911743e-01
3.832279443740844727e-01
2.508736848831176758e-01
7.001484185457229614e-02
2.022836655378341675e-01
9.455775618553161621e-01
6.589388847351074219e-01
5.177903175354003906e-01
1.322065740823745728e-01
4.203684926033020020e-01
8.241000026464462280e-02
5.863141268491744995e-02
1.234931051731109619e-01
1.131981015205383301e-01
7.338682413101196289e-01
8.957456946372985840e-01
2.708357870578765869e-01
8.737933039665222168e-01
6.516023278236389160e-01
4.883784949779510498e-01
4.365143179893493652e-01
9.302704930305480957e-01
1.727047711610794067e-01
7.052112817764282227e-01
9.225143194198608398e-01
9.379298090934753418e-01
4.843531548976898193e-01
3.008589893579483032e-02
5.334338918328285217e-02
5.366296172142028809e-01
5.077706649899482727e-02
3.501098453998565674e-01
6.965739130973815918e-01
3.115772604942321777e-01
5.211690813302993774e-02
1.476512998342514038e-01
7.620038986206054688e-01
3.217931985855102539e-01
8.826900720596313477e-01
5.041750073432922363e-01
2.523637712001800537e-01
1.781313568353652954e-01
7.484809160232543945e-01
8.016172647476196289e-01
3.324620723724365234e-01
4.759655147790908813e-02
4.208310693502426147e-02
4.417058825492858887e-01
6.664333343505859375e-01
6.659296154975891113e-01
5.040263533592224121e-01
4.717551171779632568e-01
8.270407915115356445e-01
7.867860794067382812e-01
4.579554796218872070e-01
8.701221942901611328e-01
2.278661727905273438e-01
5.297611355781555176e-01
9.485157579183578491e-02
9.257017970085144043e-01
7.912492752075195312e-01
7.264251112937927246e-01
9.745229482650756836e-01
2.590324878692626953e-01
4.538139700889587402e-01
4.187205135822296143e-01
4.195758104324340820e-01
5.152625441551208496e-01
1.432448625564575195e-01
6.029381155967712402e-01
9.554928541183471680e-02
1.236904487013816833e-01
7.549296021461486816e-01
8.504999876022338867e-01
9.245585203170776367e-01
4.536477923393249512e-01
2.892555296421051025e-01
2.136088013648986816e-01
3.242754936218261719e-01
6.053140163421630859e-01
3.389686048030853271e-01
4.907400310039520264e-01
8.994604349136352539e-01
6.395760178565979004e-02
9.278975725173950195e-01
7.673828005790710449e-01
3.592049479484558105e-01
8.697209954261779785e-01
6.758509874343872070e-01
1.458911597728729248e-02
2.239448875188827515e-01
4.304864108562469482e-01
2.020401358604431152e-01
9.474804997444152832e-02
9.003387093544006348e-01
3.665935993194580078e-02
5.906649827957153320e-01
3.398974537849426270e-01
2.682637274265289307e-01
3.596950471401214600e-01
8.387711644172668457e-01
6.830810308456420898e-01
3.602464795112609863e-01
4.948439076542854309e-02
8.386895060539245605e-02
2.215131670236587524e-01
4.821456968784332275e-01
2.792158424854278564e-01
1.133826840668916702e-02
4.395572841167449951e-01
1.796104311943054199e-01
8.352559804916381836e-01
1.692071408033370972e-01
2.805067896842956543e-01
9.875757694244384766e-01
6.705444306135177612e-02
1.711773127317428589e-02
4.093320965766906738e-01
9.419742822647094727e-01
9.505748748779296875e-02
1.165399849414825439e-01
1.979391276836395264e-01
9.091047644615173340e-01
4.730606079101562500e-01
2.002735435962677002e-01
6.098839044570922852e-01
2.422056347131729126e-01
3.974982798099517822e-01
3.455371558666229248e-01
5.961750745773315430e-01
1.215926408767700195e-01
9.029077365994453430e-03
4.582842290401458740e-01
2.041795253753662109e-01
6.375514715909957886e-02
6.672849059104919434e-01
1.922950744628906250e-01
9.090051651000976562e-01
9.210949540138244629e-01
8.665005117654800415e-02
6.752405166625976562e-01
6.105140447616577148e-01
3.935342431068420410e-01
7.172417044639587402e-01
6.881462931632995605e-01
8.832201361656188965e-02
8.548581004142761230e-01
3.204543888568878174e-01
7.690242677927017212e-02
1.825632601976394653e-01
8.356633186340332031e-01
8.273141384124755859e-01
1.525108665227890015e-01
5.200661420822143555e-01
3.034963309764862061e-01
6.729303598403930664e-01
4.450587928295135498e-01
4.793882966041564941e-01
4.325830340385437012e-01
7.371409237384796143e-02
3.437898159027099609e-01
7.951771616935729980e-01
1.072226315736770630e-01
9.568226933479309082e-01
9.658157229423522949e-01
7.838914990425109863e-01
7.637298107147216797e-01
8.820742368698120117e-01
4.884675741195678711e-01
9.555733799934387207e-01
4.252003729343414307e-01
5.201737284660339355e-01
1.688278913497924805e-01
5.616656541824340820e-01
7.836350798606872559e-02
8.517237901687622070e-01
2.629819214344024658e-01
8.771619796752929688e-01
7.869886755943298340e-01
9.560763239860534668e-01
7.444955706596374512e-01
2.264752238988876343e-01
3.697452843189239502e-01
7.728729844093322754e-01
8.984767198562622070e-01
6.976813673973083496e-01
3.840844705700874329e-02
8.486507534980773926e-01
1.335682868957519531e-01
8.547773361206054688e-01
6.286911964416503906e-01
9.289793968200683594e-01
2.262691855430603027e-01
2.092658877372741699e-01
3.528710827231407166e-02
1.681732535362243652e-01
5.737978592514991760e-02
7.228131294250488281e-01
2.934485971927642822e-01
3.768374323844909668e-01
8.413642048835754395e-01
1.353104710578918457e-01
5.503836870193481445e-01
4.978277683258056641e-01
1.663991063833236694e-01
9.732960462570190430e-01
7.862624526023864746e-01
3.952629491686820984e-02
2.026700973510742188e-01
9.561193585395812988e-01
3.745754957199096680e-01
1.325194835662841797e-01
2.969229128211736679e-03
5.074571967124938965e-01
1.996743232011795044e-01
9.081401675939559937e-02
2.145423889160156250e-01
6.622760295867919922e-01
5.398539900779724121e-01
5.941947698593139648e-01
4.443713724613189697e-01
8.623031377792358398e-01
5.869958922266960144e-02
7.392907142639160156e-01
2.762130498886108398e-01
8.831788301467895508e-01
5.630241036415100098e-01
7.771733403205871582e-01
8.740035891532897949e-01
7.550745606422424316e-01
6.666758656501770020e-01
6.308732181787490845e-02
8.679795861244201660e-01
9.618610739707946777e-01
3.674564659595489502e-01
1.133812740445137024e-01
6.498109102249145508e-01
7.153117656707763672e-02
5.660566687583923340e-01
5.266488716006278992e-02
3.117524981498718262e-01
8.044313788414001465e-01
6.613748073577880859e-01
7.886593937873840332e-01
1.832084171473979950e-02
5.672526359558105469e-02
9.263355135917663574e-01
1.947266608476638794e-01
5.622161626815795898e-01
6.247122883796691895e-01
4.272051453590393066e-01
1.905775070190429688e-01
8.033758401870727539e-01
2.470544725656509399e-01
1.704475730657577515e-01
9.574007987976074219e-01
8.641462326049804688e-01
1.834172010421752930e-01
1.022559106349945068e-01
2.360296696424484253e-01
9.564763903617858887e-01
4.173858761787414551e-01
8.979862928390502930e-01
9.338191151618957520e-01
5.789520740509033203e-01
8.917142152786254883e-01
8.602873086929321289e-01
8.056172728538513184e-01
5.278135463595390320e-02
7.563876509666442871e-01
7.074702978134155273e-01
8.947726488113403320e-01
3.987537324428558350e-01
1.355905085802078247e-01
6.537581682205200195e-01
1.591700464487075806e-01
2.026850283145904541e-01
5.300944447517395020e-01
8.891553282737731934e-01
8.841259479522705078e-01
2.336773425340652466e-01
9.498774409294128418e-01
6.818767786026000977e-01
3.003785200417041779e-02
5.449513792991638184e-01
5.995924472808837891e-01
4.762349426746368408e-01
8.175132274627685547e-01
7.850722670555114746e-01
3.200238943099975586e-01
5.421744585037231445e-01
6.164646148681640625e-01
2.424037307500839233e-01
2.160369157791137695e-01
3.601054251194000244e-01
5.580425858497619629e-01
8.561739921569824219e-01
5.907497182488441467e-02
8.786894083023071289e-01
4.630923271179199219e-01
1.001339033246040344e-01
3.428846225142478943e-02
5.259964466094970703e-01
6.084220409393310547e-01
7.053900957107543945e-01
5.249664559960365295e-02
3.301895260810852051e-01
3.506259620189666748e-01
3.659955561161041260e-01
7.187784463167190552e-02
6.392248868942260742e-01
8.783923387527465820e-01
3.533033728599548340e-01
3.084603548049926758e-01
8.677873611450195312e-01
9.376873373985290527e-01
8.417336344718933105e-01
7.604860663414001465e-01
4.809433594346046448e-02
6.167981624603271484e-01
4.518121778964996338e-01
7.873959541320800781e-01
8.776457905769348145e-01
4.056477844715118408e-01
2.057313919067382812e-02
8.491365611553192139e-02
6.041865944862365723e-01
5.122278332710266113e-01
6.873905062675476074e-01
8.301790952682495117e-01
4.895996749401092529e-01
3.893961310386657715e-01
9.231593608856201172e-01
1.690556108951568604e-01
9.329608082771301270e-01
6.134582757949829102e-01
1.787218004465103149e-01
4.278092086315155029e-01
6.273238062858581543e-01
5.583211183547973633e-01
6.163225322961807251e-02
4.267083704471588135e-01
5.997965931892395020e-01
8.345200419425964355e-01
3.096223473548889160e-01
2.719604410231113434e-02
8.884095549583435059e-01
6.733964681625366211e-01
8.700575232505798340e-01
5.924617648124694824e-01
6.960453987121582031e-01
6.547254323959350586e-01
1.720482409000396729e-01
2.383249104022979736e-01
8.112115412950515747e-02
2.746809422969818115e-01
7.825515419244766235e-02
1.535602509975433350e-01
5.168060660362243652e-01
8.563169836997985840e-01
8.126661181449890137e-01
3.170663416385650635e-01
8.933855295181274414e-01
5.444341301918029785e-01
2.268581390380859375e-01
9.173586368560791016e-01
7.592704296112060547e-01
5.343464612960815430e-01
2.319653183221817017e-01
8.660091757774353027e-01
8.340905308723449707e-01
2.885814607143402100e-01
8.217276930809020996e-01
3.004012107849121094e-01
1.591943055391311646e-01
4.396460652351379395e-01
6.482774615287780762e-01
7.679283618927001953e-02
6.169807314872741699e-01
6.628470420837402344e-01
7.988414168357849121e-01
6.734146475791931152e-01
9.685404300689697266e-01
1.192247122526168823e-01
1.176144108176231384e-01
7.061622738838195801e-01
6.830902695655822754e-01
8.661559820175170898e-01
9.272539615631103516e-01
2.861100062727928162e-02
4.465464949607849121e-01
6.483235359191894531e-01
4.132212400436401367e-01
9.328614473342895508e-01
9.636867791414260864e-02
8.149372339248657227e-01
8.713893890380859375e-01
4.135748445987701416e-01
6.967753767967224121e-01
7.685766220092773438e-01
6.633654832839965820e-01
8.906828761100769043e-01
1.297894120216369629e-02
4.729939401149749756e-01
9.570764005184173584e-02
2.639943063259124756e-01
7.409483194351196289e-01
7.890614867210388184e-02
7.889809012413024902e-01
2.126164436340332031e-01
1.690142899751663208e-01
6.543577313423156738e-01
6.104304194450378418e-01
6.296398639678955078e-01
3.204094171524047852e-01
6.283237934112548828e-01
4.529111385345458984e-01
7.208954095840454102e-01
1.136822029948234558e-01
4.674018025398254395e-01
1.333892066031694412e-02
8.616385459899902344e-01
7.922474741935729980e-01
2.627582550048828125e-01
3.680860102176666260e-01
7.682278007268905640e-02
7.317582368850708008e-01
2.193245142698287964e-01
8.683685064315795898e-01
5.920934081077575684e-01
9.139857888221740723e-01
7.057160139083862305e-01
3.996354937553405762e-01
8.566323518753051758e-01
1.347741186618804932e-01
8.400984406471252441e-01
8.726629614830017090e-01
8.955599665641784668e-01
6.385967731475830078e-01
9.088864326477050781e-01
1.573639363050460815e-01
6.388074159622192383e-01
8.389955163002014160e-01
5.438610911369323730e-01
2.877209484577178955e-01
1.646286696195602417e-01
8.599972724914550781e-01
8.552246093750000000e-01
7.435067296028137207e-01
4.627331495285034180e-01
4.845547378063201904e-01
3.519222736358642578e-01
1.242224499583244324e-01
3.880031779408454895e-02
9.140529036521911621e-01
4.430490434169769287e-01
8.742275834083557129e-01
1.509426236152648926e-01
2.872548997402191162e-01
1.693748384714126587e-01
2.332701683044433594e-01
4.161543548107147217e-01
1.591662764549255371e-01
9.602196216583251953e-01
6.969281435012817383e-01
1.810359954833984375e-01
7.220976352691650391e-01
8.906105160713195801e-01
8.992239832878112793e-01
9.330840408802032471e-02
8.359130620956420898e-01
2.594565451145172119e-01
5.061679333448410034e-02
7.742663025856018066e-01
1.850611567497253418e-01
7.021432518959045410e-01
9.348612427711486816e-01
9.709485173225402832e-01
9.834561496973037720e-02
5.367369651794433594e-01
2.745770514011383057e-01
9.628982543945312500e-01
8.172789812088012695e-01
5.253254771232604980e-01
3.274238407611846924e-01
5.247520208358764648e-01
9.341534972190856934e-01
2.811713814735412598e-01
9.516781568527221680e-01
2.227064520120620728e-01
1.648371815681457520e-01
8.091463446617126465e-01
3.787938132882118225e-02
4.598578810691833496e-02
3.957447707653045654e-01
2.592340707778930664e-01
6.542404294013977051e-01
5.640581250190734863e-01
5.197231173515319824e-01
6.884453296661376953e-01
7.394086122512817383e-01
6.332856416702270508e-01
3.391167521476745605e-01
8.263062238693237305e-01
7.317091822624206543e-01
7.861452698707580566e-01
3.573953509330749512e-01
2.574976533651351929e-02
1.333763003349304199e-01
9.070813655853271484e-01
8.902989029884338379e-01
8.672426640987396240e-02
1.250251829624176025e-01
1.198222488164901733e-01
4.184160754084587097e-02
3.593251109123229980e-01
7.527977824211120605e-01
8.806138634681701660e-01
7.083318829536437988e-01
3.077207803726196289e-01
9.441186785697937012e-01
2.628728747367858887e-01
6.597104668617248535e-01
7.531520724296569824e-02
9.114172458648681641e-01
1.353204846382141113e-01
5.048410296440124512e-01
7.172073721885681152e-01
2.199531197547912598e-01
2.258101105690002441e-02
2.766555845737457275e-01
1.749261319637298584e-01
4.610038101673126221e-01
3.114481568336486816e-01
5.465072989463806152e-01
9.635099768638610840e-01
1.332461237907409668e-01
4.839757680892944336e-01
1.923231482505798340e-01
6.032770276069641113e-01
8.616210222244262695e-01
5.626326426863670349e-02
6.418551206588745117e-01
1.133697945624589920e-02
1.967301517724990845e-01
4.039787650108337402e-01
7.197658065706491470e-03
1.636805571615695953e-02
2.399386167526245117e-01
8.251118659973144531e-01
3.630944788455963135e-01
6.563648581504821777e-01
2.683434188365936279e-01
8.132778406143188477e-01
3.316630423069000244e-01
3.560885190963745117e-01
8.488321900367736816e-01
3.124176897108554840e-02
4.937607422471046448e-02
9.880434870719909668e-01
1.464687585830688477e-01
5.571414828300476074e-01
8.675285577774047852e-01
2.339813560247421265e-01
3.321416079998016357e-01
2.720066606998443604e-01
5.569486021995544434e-01
2.863389849662780762e-01
5.101665258407592773e-01
3.705337941646575928e-01
2.240689694881439209e-01
2.115489169955253601e-02
6.604650616645812988e-01
7.042830586433410645e-01
5.568801164627075195e-01
2.027138620615005493e-01
7.989636808633804321e-02
5.039505362510681152e-01
1.663561165332794189e-01
2.918278574943542480e-01
5.738103389739990234e-01
6.884744167327880859e-01
6.322667598724365234e-01
8.992187976837158203e-01
7.158016562461853027e-01
3.803049921989440918e-01
9.238778948783874512e-01
9.144886732101440430e-01
2.037330716848373413e-01
2.151081524789333344e-02
6.558844447135925293e-02
6.996180415153503418e-01
6.412439793348312378e-02
9.305627346038818359e-01
1.411502808332443237e-01
1.418239921331405640e-01
1.001750454306602478e-01
8.219017386436462402e-01
9.417879581451416016e-01
1.407634019851684570e-01
1.655912250280380249e-01
1.639486104249954224e-01
8.440340757369995117e-01
5.486205220222473145e-02
2.910981476306915283e-01
9.068808555603027344e-01
7.620653510093688965e-01
3.653382658958435059e-01
8.528745770454406738e-01
5.151717662811279297e-01
8.197995424270629883e-01
7.296907305717468262e-01
2.018009871244430542e-01
8.949634432792663574e-01
8.436495065689086914e-01
1.372307240962982178e-01
1.320714056491851807e-01
5.066854357719421387e-01
8.626672029495239258e-01
7.144220471382141113e-01
8.473645150661468506e-02
2.738927304744720459e-01
7.698656916618347168e-01
2.712732255458831787e-01
2.772817611694335938e-01
5.179713368415832520e-01
6.573967337608337402e-01
9.476189017295837402e-01
2.843330800533294678e-01
7.957921922206878662e-02
5.912970900535583496e-01
3.932637274265289307e-01
8.872162103652954102e-01
1.676601320505142212e-01
9.674024581909179688e-01
6.148853898048400879e-01
8.967188000679016113e-01
9.268216788768768311e-02
3.330980837345123291e-01
2.774774134159088135e-01
6.193851232528686523e-01
5.730113983154296875e-01
8.411089181900024414e-01
9.407140612602233887e-01
3.528819978237152100e-01
5.763950347900390625e-01
1.175047382712364197e-01
9.034529924392700195e-01
3.817289695143699646e-02
3.875290751457214355e-01
3.207964599132537842e-01
3.234743177890777588e-01
2.527776062488555908e-01
3.111501932144165039e-01
5.428387317806482315e-03
5.900169014930725098e-01
7.444537281990051270e-01
1.858441829681396484e-01
8.278103470802307129e-01
1.342968344688415527e-01
4.011291265487670898e-01
7.176746726036071777e-01
8.689297437667846680e-01
3.473185896873474121e-01
4.511510431766510010e-01
4.808443784713745117e-02
7.801156044006347656e-01
8.051825165748596191e-01
5.298407375812530518e-02
3.973166942596435547e-01
8.884095549583435059e-01
7.969074696302413940e-02
4.556341096758842468e-02
9.182381033897399902e-01
5.435613989830017090e-01
6.721388697624206543e-01
4.843432009220123291e-01
9.576638936996459961e-01
7.452774047851562500e-01
9.587404727935791016e-01
8.047271966934204102e-01
3.418735861778259277e-01
1.138654127717018127e-01
5.361332893371582031e-01
3.439691662788391113e-02
3.866702020168304443e-01
1.021430939435958862e-01
5.772653818130493164e-01
8.299418091773986816e-01
5.318371579051017761e-02
3.509547114372253418e-01
4.137650430202484131e-01
7.083392739295959473e-01
3.469440639019012451e-01
1.402509957551956177e-01
5.685301423072814941e-01
8.246951699256896973e-01
5.258652381598949432e-03
4.978281855583190918e-01
9.516125321388244629e-01
7.026482373476028442e-02
9.676194190979003906e-01
3.017772436141967773e-01
8.661559820175170898e-01
9.118947386741638184e-01
2.015178278088569641e-02
3.533308207988739014e-01
5.841764807701110840e-02
9.039638042449951172e-01
1.321133971214294434e-01
4.737663865089416504e-01
4.644737243652343750e-01
6.375317573547363281e-01
7.093743979930877686e-02
4.399535655975341797e-01
2.244886606931686401e-01
2.691903896629810333e-02
5.462979152798652649e-02
8.129849433898925781e-01
9.555177688598632812e-01
4.125804007053375244e-01
5.969949960708618164e-01
3.303743004798889160e-01
3.118599057197570801e-01
8.596647977828979492e-01
5.696872249245643616e-02
4.083076491951942444e-02
8.482526540756225586e-01
3.323054313659667969e-01
4.136550426483154297e-01
3.501749336719512939e-01
1.414840668439865112e-01
3.862679377198219299e-02
2.187449485063552856e-01
6.084800958633422852e-01
5.112192630767822266e-01
3.674147725105285645e-01
8.088045120239257812e-01
1.628223061561584473e-01
9.041139483451843262e-01
1.504669636487960815e-01
1.471688896417617798e-01
9.690065979957580566e-01
7.296282052993774414e-01
3.243684396147727966e-02
3.304900825023651123e-01
8.966801762580871582e-01
1.531869322061538696e-01
6.758000850677490234e-01
5.256550759077072144e-02
6.434804201126098633e-01
3.389904797077178955e-01
9.613454341888427734e-01
7.526609301567077637e-01
5.228639841079711914e-01
1.980669796466827393e-01
5.172377228736877441e-01
1.301243007183074951e-01
4.143173098564147949e-01
7.457581162452697754e-01
8.614355921745300293e-01
6.561862826347351074e-01
9.455056488513946533e-02
7.292103171348571777e-01
1.111342571675777435e-02
5.629975199699401855e-01
2.920302152633666992e-01
1.182269379496574402e-01
9.091816544532775879e-01
5.914132595062255859e-01
4.110681116580963135e-01
9.102954864501953125e-01
6.453108787536621094e-01
4.486481249332427979e-01
8.556556105613708496e-01
8.129031658172607422e-01
5.602301359176635742e-01
7.774620652198791504e-01
1.119277179241180420e-01
3.867029771208763123e-02
9.834627062082290649e-02
2.556950449943542480e-01
9.060102701187133789e-01
2.910203635692596436e-01
8.136981725692749023e-01
1.580197811126708984e-01
3.695300966501235962e-02
4.032844603061676025e-01
6.241878867149353027e-01
2.056440152227878571e-02
3.459855616092681885e-01
2.414727061986923218e-01
7.805783301591873169e-02
5.511665940284729004e-01
6.948722600936889648e-01
7.604470252990722656e-01
9.226125478744506836e-02
2.374263703823089600e-01
8.325077891349792480e-01
9.417380690574645996e-01
7.895048856735229492e-01
2.683434188365936279e-01
8.216512203216552734e-01
5.898255705833435059e-01
9.213287234306335449e-01
6.668786406517028809e-01
2.440439313650131226e-01
2.536950819194316864e-02
7.987820506095886230e-01
3.618924617767333984e-01
1.474071741104125977e-01
1.547238379716873169e-01
3.730480968952178955e-01
9.395127892494201660e-01
3.534996211528778076e-01
3.900908231735229492e-01
9.010611474514007568e-02
8.806430101394653320e-01
4.221711456775665283e-01
4.187451601028442383e-01
9.409787058830261230e-01
2.841618061065673828e-01
5.336185097694396973e-01
8.437484502792358398e-01
1.253995299339294434e-01
1.765886992216110229e-01
9.575296640396118164e-01
5.736322999000549316e-01
3.383611142635345459e-01
4.176492989063262939e-02
5.767915844917297363e-01
1.021247655153274536e-01
6.286946535110473633e-01
8.641563057899475098e-01
8.078534901142120361e-02
8.498601913452148438e-01
3.272822797298431396e-01
9.162459522485733032e-02
2.048238366842269897e-01
8.718184232711791992e-01
7.886222600936889648e-01
9.663074612617492676e-01
3.042763173580169678e-01
6.421778798103332520e-01
5.871343612670898438e-01
5.764964818954467773e-01
2.110363692045211792e-01
5.087860226631164551e-01
3.847491145133972168e-01
3.278239369392395020e-01
3.139466419816017151e-02
2.748767137527465820e-01
1.814071089029312134e-01
1.998205035924911499e-01
8.115770220756530762e-01
5.595892071723937988e-01
8.114039301872253418e-01
9.797869920730590820e-01
2.102457284927368164e-01
5.080999732017517090e-01
4.564684927463531494e-01
6.337572932243347168e-01
3.168387711048126221e-01
9.148460626602172852e-01
8.403370976448059082e-01
2.670978903770446777e-01
7.681019306182861328e-01
2.611626982688903809e-01
8.149372339248657227e-01
8.761466145515441895e-01
5.048410296440124512e-01
5.062364935874938965e-01
3.609627187252044678e-01
6.703342795372009277e-01
1.019396707415580750e-01
9.395214319229125977e-01
1.322218775749206543e-01
2.528843879699707031e-01
7.554291933774948120e-02
9.753427505493164062e-01
8.862106800079345703e-01
5.024945139884948730e-01
3.041836433112621307e-02
9.557975530624389648e-01
4.688030481338500977e-02
7.363797426223754883e-01
5.657131075859069824e-01
7.071497440338134766e-01
4.329779446125030518e-01
4.558873474597930908e-01
2.316906452178955078e-01
5.251408815383911133e-01
2.983718514442443848e-01
6.021785140037536621e-01
9.737937152385711670e-02
8.514761924743652344e-01
4.914184808731079102e-01
6.966052055358886719e-01
2.338977754116058350e-01
9.170980453491210938e-01
7.363192737102508545e-02
6.923247575759887695e-01
5.007874369621276855e-01
4.890972077846527100e-01
2.360747158527374268e-01
9.177904129028320312e-01
2.000040262937545776e-01
5.492215752601623535e-01
3.754841089248657227e-01
7.550683617591857910e-01
6.826457381248474121e-01
1.893916726112365723e-01
5.041230320930480957e-01
6.041235327720642090e-01
3.336819410324096680e-01
9.402183443307876587e-02
9.600899219512939453e-01
8.660408258438110352e-01
1.159259211272001266e-02
1.684361398220062256e-01
9.544700384140014648e-01
2.942671775817871094e-01
4.102953374385833740e-01
9.763565063476562500e-01
2.194545269012451172e-01
7.642867565155029297e-01
6.720372438430786133e-01
8.824620842933654785e-01
2.713353633880615234e-01
9.660820662975311279e-02
9.459323883056640625e-01
1.283819973468780518e-01
6.038499474525451660e-01
9.408578872680664062e-01
5.981101989746093750e-01
3.543257415294647217e-01
2.213105857372283936e-01
4.924867749214172363e-01
2.738202363252639771e-02
9.004297852516174316e-01
6.466053128242492676e-01
2.621510922908782959e-01
4.216216206550598145e-01
2.207761555910110474e-01
6.368353962898254395e-02
4.500968456268310547e-01
8.113008141517639160e-01
8.367289900779724121e-01
3.125307559967041016e-01
7.394067645072937012e-01
2.440077513456344604e-01
9.917266666889190674e-02
7.102310657501220703e-01
9.720387458801269531e-01
1.946506202220916748e-01
7.699428200721740723e-01
3.565178513526916504e-01
1.979258656501770020e-02
5.307633876800537109e-01
5.622954368591308594e-01
6.609714627265930176e-01
3.886375725269317627e-01
1.844412833452224731e-01
9.501627683639526367e-01
9.207597970962524414e-01
8.099616169929504395e-01
3.169656172394752502e-02
3.306982219219207764e-01
2.590114176273345947e-01
2.539432048797607422e-01
1.104748696088790894e-01
5.142718553543090820e-01
4.968167543411254883e-01
8.987085223197937012e-01
7.472729086875915527e-01
1.286164671182632446e-01
2.317809313535690308e-01
7.005321979522705078e-01
8.535672426223754883e-01
3.148905932903289795e-02
5.680145025253295898e-01
3.497042655944824219e-01
5.545017719268798828e-01
5.050200819969177246e-01
7.853546142578125000e-01
3.978308737277984619e-01
8.072783946990966797e-01
7.531482577323913574e-01
2.880287822335958481e-03
9.560690261423587799e-03
4.772233963012695312e-01
1.815850734710693359e-01
1.912624239921569824e-01
6.789239048957824707e-01
4.938694536685943604e-01
5.255345106124877930e-01
9.372450113296508789e-01
6.177453994750976562e-01
8.680931329727172852e-01
4.328287541866302490e-01
2.661677300930023193e-01
7.195165753364562988e-02
9.185889959335327148e-01
2.929504811763763428e-01
1.332919895648956299e-01
9.523539543151855469e-01
9.460165500640869141e-01
5.522334575653076172e-01
9.609851241111755371e-02
