9.394034743309020996e-02
1.778327226638793945e-01
7.006587982177734375e-01
1.654460579156875610e-01
4.654885232448577881e-01
7.501221299171447754e-01
6.906718015670776367e-01
7.733949422836303711e-01
8.589303493499755859e-02
7.544275522232055664e-01
3.793596327304840088e-01
5.842229127883911133e-01
4.651132524013519287e-01
3.206411600112915039e-01
7.300744056701660156e-01
9.262952953577041626e-02
5.762156248092651367e-01
7.713986039161682129e-01
6.173352599143981934e-01
5.830954909324645996e-01
7.615980505943298340e-01
6.231995224952697754e-01
7.172341346740722656e-01
7.439657449722290039e-01
1.998723447322845459e-01
7.506465911865234375e-01
7.553052902221679688e-01
7.194401621818542480e-01
4.767562448978424072e-01
7.275886535644531250e-01
7.564564943313598633e-01
7.731792330741882324e-01
2.876676023006439209e-01
1.413092613220214844e-01
8.813200145959854126e-02
3.513777852058410645e-01
6.538357734680175781e-01
2.310054451227188110e-01
5.460062026977539062e-01
6.815557926893234253e-02
3.108249604701995850e-01
7.191656231880187988e-01
7.430559396743774414e-01
6.702971458435058594e-01
7.686831355094909668e-01
7.312015891075134277e-01
5.909013748168945312e-01
7.489002346992492676e-01
2.885803580284118652e-01
2.386849969625473022e-01
7.759517431259155273e-01
1.911150813102722168e-01
6.259599328041076660e-01
5.895711183547973633e-01
1.660272479057312012e-01
5.262437462806701660e-01
2.899547815322875977e-01
9.128867089748382568e-02
7.567628622055053711e-01
7.747282981872558594e-01
1.443794071674346924e-01
7.190157771110534668e-01
7.368106245994567871e-01
7.770969867706298828e-01
7.425653934478759766e-01
6.260014176368713379e-01
4.136310517787933350e-01
1.976257562637329102e-01
5.188122987747192383e-01
5.647717714309692383e-01
7.399254441261291504e-01
2.247208505868911743e-01
6.275780200958251953e-01
7.542663812637329102e-01
3.860203027725219727e-01
3.527851402759552002e-01
8.918254077434539795e-02
3.954660296440124512e-01
7.567956447601318359e-01
3.881121873855590820e-01
1.864654570817947388e-01
6.487358808517456055e-01
7.146617770195007324e-01
7.510409355163574219e-01
7.629929780960083008e-01
6.499297022819519043e-01
5.846011638641357422e-01
3.699176609516143799e-01
7.785468101501464844e-01
7.067858576774597168e-01
6.308686137199401855e-01
2.788213789463043213e-01
7.017048001289367676e-01
7.226344347000122070e-01
7.379081845283508301e-01
2.971841990947723389e-01
4.698359966278076172e-01
6.705776453018188477e-01
4.574446082115173340e-01
1.912128627300262451e-01
7.450123429298400879e-01
6.858407855033874512e-01
7.189777493476867676e-01
2.862502634525299072e-01
7.490170598030090332e-01
7.643432021141052246e-01
7.580717802047729492e-01
6.525008082389831543e-01
7.074335813522338867e-01
1.304547041654586792e-01
4.875630438327789307e-01
6.899014115333557129e-01
4.862293601036071777e-01
6.675631999969482422e-01
2.402694970369338989e-01
2.637797594070434570e-01
1.324319839477539062e-01
7.492178082466125488e-01
3.991431593894958496e-01
4.096307158470153809e-01
4.634524583816528320e-01
7.484661340713500977e-01
5.971137881278991699e-01
7.401762008666992188e-01
2.330340743064880371e-01
7.552874088287353516e-01
5.238776803016662598e-01
1.404454857110977173e-01
4.036292731761932373e-01
5.230453014373779297e-01
5.729277133941650391e-01
1.535359919071197510e-01
7.742388248443603516e-01
6.624949574470520020e-01
7.248805165290832520e-01
6.432051062583923340e-01
1.893334388732910156e-01
3.121117651462554932e-01
2.864137589931488037e-01
7.818226516246795654e-02
6.872889995574951172e-01
7.320427298545837402e-01
7.515200376510620117e-01
9.323047846555709839e-02
2.104510068893432617e-01
6.755104660987854004e-02
7.787578105926513672e-01
2.859490513801574707e-01
7.669425010681152344e-01
4.337943792343139648e-01
7.162938714027404785e-01
3.718119263648986816e-01
7.683825492858886719e-01
1.558798551559448242e-01
6.913466453552246094e-01
6.376868486404418945e-01
6.210416555404663086e-01
7.472766041755676270e-01
6.930263042449951172e-01
6.860014796257019043e-01
6.207568049430847168e-01
2.522522211074829102e-01
1.164632439613342285e-01
7.804592847824096680e-01
6.788882017135620117e-01
7.048158645629882812e-01
7.490360736846923828e-01
1.981900185346603394e-01
1.451389342546463013e-01
4.020377695560455322e-01
7.440402507781982422e-01
6.961491107940673828e-01
5.179227590560913086e-01
4.664879739284515381e-01
1.211651191115379333e-01
6.876660138368606567e-02
6.497483253479003906e-01
2.105396240949630737e-01
3.888981640338897705e-01
1.658081412315368652e-01
6.568424105644226074e-01
7.137590646743774414e-01
3.661991655826568604e-01
1.303058415651321411e-01
7.173862457275390625e-01
1.924041509628295898e-01
7.550916075706481934e-01
1.765955090522766113e-01
7.739115357398986816e-01
2.220478057861328125e-01
7.064520120620727539e-01
7.310035228729248047e-01
7.708887457847595215e-01
2.392131239175796509e-01
7.094771862030029297e-01
3.010305464267730713e-01
5.836603045463562012e-01
6.100648045539855957e-01
6.937187314033508301e-01
1.174701303243637085e-01
4.248512089252471924e-01
2.457337230443954468e-01
3.059591650962829590e-01
8.369275182485580444e-02
1.618968993425369263e-01
6.092712879180908203e-01
5.639882087707519531e-01
4.060736298561096191e-01
7.480327486991882324e-01
6.221589446067810059e-01
4.679863154888153076e-01
1.506787389516830444e-01
7.541308999061584473e-01
2.268093228340148926e-01
3.211879432201385498e-01
6.827337741851806641e-01
3.244138956069946289e-01
7.592723369598388672e-01
7.082579135894775391e-01
2.360689491033554077e-01
6.753917932510375977e-01
5.327657461166381836e-01
7.741593569517135620e-02
2.560360729694366455e-01
5.645611286163330078e-01
3.027702867984771729e-01
2.916209697723388672e-01
3.279764652252197266e-01
1.743461936712265015e-01
1.965378522872924805e-01
3.756426274776458740e-01
1.990804076194763184e-01
2.381861954927444458e-01
1.915541589260101318e-01
4.570254087448120117e-01
2.486497759819030762e-01
7.766773104667663574e-01
6.084571480751037598e-01
4.790716469287872314e-01
7.243400067090988159e-02
3.606310784816741943e-01
6.067739725112915039e-01
2.991958856582641602e-01
7.406352162361145020e-01
7.606984376907348633e-01
7.202237844467163086e-01
5.267539620399475098e-01
1.621329188346862793e-01
6.432259678840637207e-01
5.941454172134399414e-01
7.740889191627502441e-01
5.258373022079467773e-01
2.432850003242492676e-01
7.521515488624572754e-01
7.085235118865966797e-01
3.934583067893981934e-01
4.739508628845214844e-01
3.722180128097534180e-01
9.630622714757919312e-02
5.314871072769165039e-01
7.999006658792495728e-02
7.811617255210876465e-01
7.691649794578552246e-01
3.154914677143096924e-01
6.115635633468627930e-01
2.622134983539581299e-01
7.075175046920776367e-01
3.658692538738250732e-01
7.152205109596252441e-01
7.565219998359680176e-01
7.138993144035339355e-01
4.317623972892761230e-01
4.946408271789550781e-01
1.686805039644241333e-01
2.460147738456726074e-01
4.921502172946929932e-01
7.450790405273437500e-01
9.229508787393569946e-02
7.685056328773498535e-01
3.290640413761138916e-01
7.137087583541870117e-01
3.865209221839904785e-01
6.358731985092163086e-01
7.077721953392028809e-01
7.573833465576171875e-01
4.891820847988128662e-01
7.111464738845825195e-01
7.754816412925720215e-01
7.530838847160339355e-01
7.700387835502624512e-01
5.804089903831481934e-01
1.339515894651412964e-01
7.723894119262695312e-01
4.565806686878204346e-01
7.735757827758789062e-01
4.252199828624725342e-01
3.016679584980010986e-01
7.768281698226928711e-01
1.902399510145187378e-01
2.596832215785980225e-01
2.993034720420837402e-01
7.231774330139160156e-01
4.224137961864471436e-01
4.921207726001739502e-01
7.203981280326843262e-01
1.448577195405960083e-01
6.720605492591857910e-01
7.648002505302429199e-01
7.631095647811889648e-01
2.673070132732391357e-01
7.141022682189941406e-01
7.459813952445983887e-01
2.285100668668746948e-01
7.003124356269836426e-01
1.948771178722381592e-01
7.568890452384948730e-01
1.327853947877883911e-01
3.249349296092987061e-01
4.697532355785369873e-01
6.570836901664733887e-01
1.011177673935890198e-01
7.545756101608276367e-01
5.808866620063781738e-01
5.942816138267517090e-01
3.101337552070617676e-01
2.826802432537078857e-01
6.804115772247314453e-01
7.536519169807434082e-01
3.809631764888763428e-01
1.609969288110733032e-01
5.896027088165283203e-01
7.665937542915344238e-01
5.359936952590942383e-01
6.930433511734008789e-01
7.740340381860733032e-02
6.182895898818969727e-01
7.588822841644287109e-01
7.065458297729492188e-01
7.362957596778869629e-01
4.817590415477752686e-01
6.971399784088134766e-01
4.396792650222778320e-01
2.577344477176666260e-01
4.111158251762390137e-01
2.150600403547286987e-01
3.542868793010711670e-01
7.754796743392944336e-01
6.773852109909057617e-01
7.706046700477600098e-01
2.769011557102203369e-01
2.787728011608123779e-01
6.523209214210510254e-01
7.062480449676513672e-01
7.375969886779785156e-01
4.209846854209899902e-01
1.569585502147674561e-01
3.455257117748260498e-01
2.819236814975738525e-01
6.926860213279724121e-01
4.943367540836334229e-01
2.775624096393585205e-01
2.365936636924743652e-01
3.049882352352142334e-01
7.724022269248962402e-01
7.560275197029113770e-01
7.076557874679565430e-01
7.777089476585388184e-01
3.399107754230499268e-01
7.551346421241760254e-01
7.156605720520019531e-01
6.632705330848693848e-01
5.283868312835693359e-01
6.464897394180297852e-01
2.382448017597198486e-01
7.736328840255737305e-01
7.579413056373596191e-01
6.448935270309448242e-01
3.992856442928314209e-01
6.584200859069824219e-01
1.296121925115585327e-01
5.277317166328430176e-01
3.075208365917205811e-01
7.623701691627502441e-01
1.752635985612869263e-01
7.733505964279174805e-01
6.371072530746459961e-01
5.923497080802917480e-01
1.105929613113403320e-01
4.644963443279266357e-01
6.809111833572387695e-01
7.707310914993286133e-01
7.724689245223999023e-01
7.551110386848449707e-01
2.287084311246871948e-01
6.389082074165344238e-01
7.638013362884521484e-01
4.534371793270111084e-01
4.190812706947326660e-01
9.328398108482360840e-02
2.598406970500946045e-01
4.708701372146606445e-01
5.730291604995727539e-01
7.481353878974914551e-01
5.147629380226135254e-01
7.634832859039306641e-01
4.807674884796142578e-01
7.530600428581237793e-01
4.597138762474060059e-01
2.917890846729278564e-01
2.220860570669174194e-01
9.928288310766220093e-02
7.435641884803771973e-01
7.766619920730590820e-01
6.071360707283020020e-01
5.143387317657470703e-01
5.290400981903076172e-01
5.548788309097290039e-01
3.421651721000671387e-01
5.592377185821533203e-01
7.200835943222045898e-01
6.004103422164916992e-01
9.827291220426559448e-02
7.591511607170104980e-01
5.466541051864624023e-01
2.771754860877990723e-01
2.333081364631652832e-01
3.980073332786560059e-01
7.658331990242004395e-01
7.568919658660888672e-01
3.052820861339569092e-01
6.797885298728942871e-01
4.986345469951629639e-01
5.410099625587463379e-01
4.885551929473876953e-01
7.032372355461120605e-01
7.084527611732482910e-01
6.369409561157226562e-01
7.224887013435363770e-01
5.362393856048583984e-01
6.958819031715393066e-01
7.682352662086486816e-01
1.613839119672775269e-01
7.599322199821472168e-01
5.714849233627319336e-01
7.549543976783752441e-01
7.726226449012756348e-01
1.565351933240890503e-01
8.831408619880676270e-02
5.265190601348876953e-01
5.570660233497619629e-01
1.062979400157928467e-01
1.578083634376525879e-01
4.355402886867523193e-01
3.270533680915832520e-01
7.609329223632812500e-01
2.516430020332336426e-01
7.585361003875732422e-01
7.759074568748474121e-01
1.016181483864784241e-01
9.495145082473754883e-02
6.937407851219177246e-01
7.675554156303405762e-01
7.168116569519042969e-01
7.643494009971618652e-01
7.519125342369079590e-01
7.319880127906799316e-01
7.679082751274108887e-01
2.296690791845321655e-01
3.548187017440795898e-01
7.702893614768981934e-01
3.789893090724945068e-01
2.989351749420166016e-01
4.894093275070190430e-01
6.656576991081237793e-01
7.261864542961120605e-01
5.859105661511421204e-02
7.605884671211242676e-01
7.731463313102722168e-01
3.321371078491210938e-01
7.615714073181152344e-01
1.732971072196960449e-01
3.415535390377044678e-01
8.155678957700729370e-02
7.750629186630249023e-01
7.499254941940307617e-01
2.093968689441680908e-01
6.542654633522033691e-01
4.006115198135375977e-01
7.048033475875854492e-01
7.657064795494079590e-01
2.546421289443969727e-01
9.096157550811767578e-02
4.174090027809143066e-01
2.434037625789642334e-01
4.193117618560791016e-01
3.339488208293914795e-01
3.039510548114776611e-01
3.858336210250854492e-01
2.037713378667831421e-01
7.701004743576049805e-01
5.579320192337036133e-01
6.182406544685363770e-01
8.584547042846679688e-02
6.004853248596191406e-01
7.632459998130798340e-01
7.368336319923400879e-01
2.935652136802673340e-01
3.273114562034606934e-01
7.036882042884826660e-01
1.674886643886566162e-01
5.357879996299743652e-01
1.119891628623008728e-01
7.602962851524353027e-01
1.205421462655067444e-01
5.429585576057434082e-01
7.561545372009277344e-01
6.359140872955322266e-01
8.197987824678421021e-02
2.566207945346832275e-01
5.751513838768005371e-01
2.837655246257781982e-01
1.770852059125900269e-01
7.718728780746459961e-01
4.267204999923706055e-01
7.456122040748596191e-01
2.715061008930206299e-01
7.513769268989562988e-01
6.743277907371520996e-01
6.133274435997009277e-01
7.255624532699584961e-01
3.591026365756988525e-01
7.285687923431396484e-01
6.185034513473510742e-01
7.360888719558715820e-01
7.196062207221984863e-01
3.244985938072204590e-01
7.753119468688964844e-01
7.647594809532165527e-01
6.985455155372619629e-01
6.849645376205444336e-01
2.436781674623489380e-01
7.179664373397827148e-01
7.575915455818176270e-01
4.470564424991607666e-01
4.327576160430908203e-01
3.273260593414306641e-01
7.457315325736999512e-01
1.202806308865547180e-01
1.877476274967193604e-01
7.319990992546081543e-01
2.909613847732543945e-01
6.992653608322143555e-01
6.861715912818908691e-01
7.381748557090759277e-01
6.564010381698608398e-01
5.824693441390991211e-01
4.536630809307098389e-01
3.167302012443542480e-01
2.525289952754974365e-01
6.513916850090026855e-01
2.144726365804672241e-01
7.378982901573181152e-01
1.102774515748023987e-01
5.791590213775634766e-01
3.118797540664672852e-01
6.330073475837707520e-01
7.737500667572021484e-01
6.798642277717590332e-01
3.544601798057556152e-01
2.891787886619567871e-01
7.189512252807617188e-01
5.351158380508422852e-01
7.685575485229492188e-01
5.975313782691955566e-01
2.878912985324859619e-01
1.975599229335784912e-01
8.105847239494323730e-02
7.433127760887145996e-01
7.339078783988952637e-01
1.141357868909835815e-01
2.264718264341354370e-01
1.115003898739814758e-01
5.971479415893554688e-01
7.681933641433715820e-01
3.547233343124389648e-01
4.607303738594055176e-01
6.190246343612670898e-01
2.822941243648529053e-01
2.504848241806030273e-01
4.982871413230895996e-01
6.087450385093688965e-01
3.312531709671020508e-01
2.788976132869720459e-01
7.712354063987731934e-01
6.449643969535827637e-01
1.519602388143539429e-01
2.255147695541381836e-01
3.824347257614135742e-01
7.477529644966125488e-01
4.713614284992218018e-01
3.213674128055572510e-01
7.416533827781677246e-01
6.561850309371948242e-01
7.556506991386413574e-02
2.831505835056304932e-01
7.733600735664367676e-01
7.471721172332763672e-01
3.880237638950347900e-01
2.610607147216796875e-01
4.525731503963470459e-01
3.577108383178710938e-01
5.564590692520141602e-01
7.314428687095642090e-01
8.036080002784729004e-02
1.995829641819000244e-01
5.090284347534179688e-01
7.515881657600402832e-01
7.449830323457717896e-02
6.871910691261291504e-01
5.707862973213195801e-01
1.745077073574066162e-01
7.632915973663330078e-01
6.524741053581237793e-01
1.966608166694641113e-01
9.974090754985809326e-02
7.737786769866943359e-01
2.229847609996795654e-01
7.675091624259948730e-01
6.059905886650085449e-01
7.650382518768310547e-01
2.075209915637969971e-01
7.357094287872314453e-01
4.990422129631042480e-01
7.193144559860229492e-01
7.180773019790649414e-01
4.722933471202850342e-01
5.012198090553283691e-01
7.236469984054565430e-01
5.124264359474182129e-01
3.006958365440368652e-01
1.543434113264083862e-01
2.587710916996002197e-01
6.281114220619201660e-01
7.676644325256347656e-01
2.601612210273742676e-01
1.924700587987899780e-01
7.762948274612426758e-01
7.690866589546203613e-01
5.943966507911682129e-01
7.513648271560668945e-01
7.091264128684997559e-01
1.211752369999885559e-01
7.669425010681152344e-01
7.552749514579772949e-01
3.781063258647918701e-01
7.499641180038452148e-01
2.984179556369781494e-01
5.385105609893798828e-01
3.951020836830139160e-01
2.527795433998107910e-01
3.992420732975006104e-01
8.873413503170013428e-02
6.432205438613891602e-01
2.869831919670104980e-01
6.857903599739074707e-01
5.759902670979499817e-02
7.735699415206909180e-01
4.837218225002288818e-01
6.533773541450500488e-01
7.084031105041503906e-01
6.278544068336486816e-01
2.199259847402572632e-01
3.946408629417419434e-01
3.098162710666656494e-01
7.551887631416320801e-01
1.721086651086807251e-01
7.234443426132202148e-01
3.921294510364532471e-01
7.599139213562011719e-01
6.543281674385070801e-01
7.603415250778198242e-01
2.691406607627868652e-01
6.756044626235961914e-01
7.128863930702209473e-01
8.732144534587860107e-02
7.294851541519165039e-01
7.621529102325439453e-01
6.478059887886047363e-01
1.343819946050643921e-01
3.567551970481872559e-01
4.715714454650878906e-01
5.668123364448547363e-01
6.928644180297851562e-01
7.150066494941711426e-01
7.319079637527465820e-01
3.077018260955810547e-01
9.740739315748214722e-02
5.193039178848266602e-01
2.436368018388748169e-01
7.566347718238830566e-02
7.657195925712585449e-01
4.334206879138946533e-01
7.001734375953674316e-01
7.137610316276550293e-01
4.378383457660675049e-01
7.484988570213317871e-01
7.028120160102844238e-01
2.799400389194488525e-01
7.735198736190795898e-01
6.833456754684448242e-01
5.640735626220703125e-01
3.200337588787078857e-01
6.440089941024780273e-01
7.738274335861206055e-01
1.597637236118316650e-01
2.645710110664367676e-01
1.817066669464111328e-01
7.212480306625366211e-01
7.273430824279785156e-01
7.471998333930969238e-01
6.997205615043640137e-01
4.016626179218292236e-01
4.938967525959014893e-01
1.453262269496917725e-01
6.512543559074401855e-01
7.109102010726928711e-01
7.253857254981994629e-01
3.325507640838623047e-01
4.881911575794219971e-01
2.538851201534271240e-01
6.438872218132019043e-01
7.746614217758178711e-01
7.575237751007080078e-01
7.675566077232360840e-01
7.704162597656250000e-01
7.673375606536865234e-01
6.096167564392089844e-01
6.829074025154113770e-01
7.581266164779663086e-01
4.050361514091491699e-01
7.152746915817260742e-01
3.235663175582885742e-01
9.211155027151107788e-02
4.132110774517059326e-01
7.064331173896789551e-01
3.835652768611907959e-01
7.035875320434570312e-01
7.242100238800048828e-01
5.720216035842895508e-01
7.691088318824768066e-01
6.767062544822692871e-01
3.292587101459503174e-01
4.030025303363800049e-01
7.540352940559387207e-01
7.735042572021484375e-01
4.038364589214324951e-01
7.692988216876983643e-02
1.314681172370910645e-01
3.706775605678558350e-01
7.304482460021972656e-01
2.626178860664367676e-01
7.681103944778442383e-01
7.534837126731872559e-01
1.519368141889572144e-01
4.563181698322296143e-01
7.078543901443481445e-01
6.290911436080932617e-01
7.543097138404846191e-01
2.467140704393386841e-01
7.599133849143981934e-01
6.865150928497314453e-01
3.286112844944000244e-01
7.563049793243408203e-01
6.742980480194091797e-01
7.532429099082946777e-01
7.418048381805419922e-01
7.713859081268310547e-01
6.678044199943542480e-01
3.040828108787536621e-01
6.400418281555175781e-01
7.406184673309326172e-01
4.279704689979553223e-01
2.787583768367767334e-01
5.841717869043350220e-02
7.496023774147033691e-01
7.731664776802062988e-01
6.749601960182189941e-01
1.003495678305625916e-01
2.396122366189956665e-01
3.339744210243225098e-01
7.701534032821655273e-01
7.386308908462524414e-01
7.703931331634521484e-01
7.349261045455932617e-01
4.107158184051513672e-01
6.349394917488098145e-01
1.895216554403305054e-01
1.925262212753295898e-01
7.557752728462219238e-01
4.457027912139892578e-01
7.470838427543640137e-01
7.664147615432739258e-01
5.887319445610046387e-01
3.019936978816986084e-01
7.680670022964477539e-01
1.828787773847579956e-01
4.190765321254730225e-01
7.818226516246795654e-02
7.783541083335876465e-01
7.545838952064514160e-01
5.313057899475097656e-01
1.294384598731994629e-01
4.770561158657073975e-01
1.718900501728057861e-01
7.168807387351989746e-01
4.888119697570800781e-01
4.173961877822875977e-01
6.010721921920776367e-01
2.100134193897247314e-01
4.509232342243194580e-01
7.700541615486145020e-01
7.591689825057983398e-01
3.053680658340454102e-01
2.201912850141525269e-01
6.516121029853820801e-01
7.106145024299621582e-01
7.008606791496276855e-01
7.633703351020812988e-01
7.778882980346679688e-01
6.132763624191284180e-01
4.159888327121734619e-01
7.736245393753051758e-01
6.367890238761901855e-01
7.074149250984191895e-01
1.718745082616806030e-01
4.638330340385437012e-01
7.307395339012145996e-01
2.242503911256790161e-01
2.947306036949157715e-01
7.690693736076354980e-01
1.693670600652694702e-01
4.514805078506469727e-01
7.594878673553466797e-01
4.886581003665924072e-01
7.440003156661987305e-01
7.560968995094299316e-01
7.089686989784240723e-01
3.147546648979187012e-01
4.031548500061035156e-01
3.096323311328887939e-01
7.148039937019348145e-01
1.648047268390655518e-01
5.528208017349243164e-01
7.701919078826904297e-01
2.925699055194854736e-01
4.944846034049987793e-01
6.639735102653503418e-01
5.734634995460510254e-01
3.444568812847137451e-01
2.864825427532196045e-01
6.909215450286865234e-01
7.117359638214111328e-01
6.708358526229858398e-01
5.394706726074218750e-01
1.348340958356857300e-01
1.828885674476623535e-01
7.548721432685852051e-01
7.670260667800903320e-01
1.919736415147781372e-01
7.504699230194091797e-01
5.250487923622131348e-01
7.550984621047973633e-01
9.638005495071411133e-02
7.310342788696289062e-01
6.408693194389343262e-01
2.126383781433105469e-01
1.478618681430816650e-01
2.904901504516601562e-01
5.942543148994445801e-01
7.584269046783447266e-01
2.103305011987686157e-01
6.893220543861389160e-01
7.445789575576782227e-01
6.706329584121704102e-01
7.213524580001831055e-01
7.595149278640747070e-01
7.321121096611022949e-01
7.366171479225158691e-01
3.352335393428802490e-01
9.817731380462646484e-02
7.691574841737747192e-02
2.992325425148010254e-01
7.494595050811767578e-01
1.166519671678543091e-01
1.562333106994628906e-01
1.392254382371902466e-01
7.597264051437377930e-01
4.662717878818511963e-01
1.425507366657257080e-01
7.252639532089233398e-01
4.340828657150268555e-01
4.550954997539520264e-01
1.439057141542434692e-01
6.646904945373535156e-01
6.575828194618225098e-01
2.817588448524475098e-01
5.572087168693542480e-01
5.475429892539978027e-01
5.801154971122741699e-01
1.376413404941558838e-01
1.088812500238418579e-01
7.721201777458190918e-01
7.373898625373840332e-01
4.823600649833679199e-01
3.740337491035461426e-01
7.578589320182800293e-01
8.416502177715301514e-02
2.691238820552825928e-01
1.926771253347396851e-01
2.580113410949707031e-01
5.501551032066345215e-01
7.483378052711486816e-01
7.032741308212280273e-01
6.751129031181335449e-01
2.262116074562072754e-01
6.032611727714538574e-01
1.273567825555801392e-01
4.787354767322540283e-01
1.127382293343544006e-01
5.160771608352661133e-01
7.318089008331298828e-01
5.649465918540954590e-01
6.770575642585754395e-01
7.598248720169067383e-01
2.812131047248840332e-01
7.516035437583923340e-01
5.417497158050537109e-01
7.497537732124328613e-01
6.096750497817993164e-01
4.590673744678497314e-01
7.296551465988159180e-01
3.808866441249847412e-01
7.580514550209045410e-01
6.037734150886535645e-01
3.044584393501281738e-01
7.672260999679565430e-01
7.661175727844238281e-01
7.027126848697662354e-02
7.731187939643859863e-01
7.484815120697021484e-01
6.758779287338256836e-01
5.144212245941162109e-01
7.397820949554443359e-01
4.365339875221252441e-01
4.535981416702270508e-01
2.020012587308883667e-01
7.573922872543334961e-01
9.444387257099151611e-02
7.816836833953857422e-01
8.652650564908981323e-02
2.480402737855911255e-01
7.259581685066223145e-01
4.615672528743743896e-01
6.395519971847534180e-01
7.770562767982482910e-01
7.395461797714233398e-01
5.796489119529724121e-01
7.187522649765014648e-01
2.745999097824096680e-01
7.668434381484985352e-01
2.036097943782806396e-01
3.231810629367828369e-01
7.741323709487915039e-01
7.411757707595825195e-01
7.743588685989379883e-01
5.907037258148193359e-01
2.805493175983428955e-01
2.959199249744415283e-01
2.973076999187469482e-01
3.442739546298980713e-01
7.665345072746276855e-01
7.709233164787292480e-01
1.712502092123031616e-01
4.459514021873474121e-01
6.981317400932312012e-01
7.627441287040710449e-01
7.300658226013183594e-01
9.967649728059768677e-02
4.614890217781066895e-01
6.002392768859863281e-01
4.125282764434814453e-01
2.432374507188796997e-01
5.841506123542785645e-01
7.776950597763061523e-01
4.124614596366882324e-01
1.651329249143600464e-01
7.171751260757446289e-01
7.492009401321411133e-01
4.872898459434509277e-01
1.820748150348663330e-01
6.783123016357421875e-01
7.818226516246795654e-02
7.302780747413635254e-01
4.013004601001739502e-01
7.509648799896240234e-01
7.709318995475769043e-01
7.651035189628601074e-01
7.249066233634948730e-01
1.502951830625534058e-01
1.428896784782409668e-01
1.243738755583763123e-01
7.375534772872924805e-01
6.468458771705627441e-01
7.515444159507751465e-01
7.735915780067443848e-01
3.569498360157012939e-01
3.790835440158843994e-01
7.635983824729919434e-01
7.531231641769409180e-01
4.896796941757202148e-01
3.815659284591674805e-01
3.144883215427398682e-01
1.524852961301803589e-01
6.925728321075439453e-01
3.463841080665588379e-01
5.754430294036865234e-01
7.694035768508911133e-01
2.223846316337585449e-01
3.520887494087219238e-01
6.265266537666320801e-01
7.410688996315002441e-01
7.647052407264709473e-01
6.312118172645568848e-01
5.515615940093994141e-01
7.509614825248718262e-01
7.186999320983886719e-01
7.693085670471191406e-01
6.567140817642211914e-01
6.078224778175354004e-01
3.571838438510894775e-01
7.706089615821838379e-01
7.031266093254089355e-01
7.802250385284423828e-01
7.595132589340209961e-01
7.186969518661499023e-01
1.353310942649841309e-01
4.225508570671081543e-01
7.757177352905273438e-01
7.655747532844543457e-01
7.497437000274658203e-01
2.833960652351379395e-01
7.745048403739929199e-01
6.868361830711364746e-01
6.807389259338378906e-01
7.438774704933166504e-01
7.445354461669921875e-01
5.374202728271484375e-01
3.684773445129394531e-01
4.539968073368072510e-01
7.516362667083740234e-01
2.305276542901992798e-01
6.862632036209106445e-01
2.861428260803222656e-01
7.700211405754089355e-01
4.808584749698638916e-01
5.321694612503051758e-01
2.140643000602722168e-01
5.645611286163330078e-01
4.522145986557006836e-01
2.044694870710372925e-01
5.595744848251342773e-01
5.902306437492370605e-01
3.533000051975250244e-01
3.952784538269042969e-01
4.919825196266174316e-01
5.832149982452392578e-01
3.958660662174224854e-01
7.071074247360229492e-01
5.245137214660644531e-01
7.541106939315795898e-01
2.820957601070404053e-01
3.483383655548095703e-01
7.446891069412231445e-01
7.493081092834472656e-01
7.472025752067565918e-01
6.187504529953002930e-01
7.640711069107055664e-01
7.261903285980224609e-01
7.477620244026184082e-01
2.482560575008392334e-01
6.460372805595397949e-01
4.244679808616638184e-01
4.240217506885528564e-01
2.535727322101593018e-01
5.065656900405883789e-01
6.869509816169738770e-01
3.297834992408752441e-01
6.950994729995727539e-01
7.304322123527526855e-01
7.756235003471374512e-01
5.774980187416076660e-01
1.100874096155166626e-01
3.728972077369689941e-01
5.878932476043701172e-01
2.812938988208770752e-01
7.477589249610900879e-01
1.396579146385192871e-01
7.681824564933776855e-01
1.920432150363922119e-01
5.064960718154907227e-01
1.845322102308273315e-01
3.138439357280731201e-01
5.598289966583251953e-01
5.773991942405700684e-01
5.145389437675476074e-01
7.643594741821289062e-01
6.487032175064086914e-01
4.497272074222564697e-01
2.403928935527801514e-01
8.226785808801651001e-02
6.681870222091674805e-01
1.251019984483718872e-01
7.563284039497375488e-01
1.162645742297172546e-01
7.034143209457397461e-01
7.639849185943603516e-01
7.361422181129455566e-01
1.812469065189361572e-01
5.125297904014587402e-01
4.430432915687561035e-01
5.012778043746948242e-01
7.463600635528564453e-01
7.254468202590942383e-01
7.760303616523742676e-01
3.442045152187347412e-01
2.011219859123229980e-01
4.295279979705810547e-01
7.101391553878784180e-01
9.859420359134674072e-02
2.575736045837402344e-01
7.562900185585021973e-01
3.600733876228332520e-01
7.818226516246795654e-02
5.464311242103576660e-01
6.627681106328964233e-02
7.391535639762878418e-01
7.716587185859680176e-01
7.652183175086975098e-01
3.864235579967498779e-01
1.896443217992782593e-01
7.628154158592224121e-01
2.457913756370544434e-01
6.956133842468261719e-01
7.516304254531860352e-01
7.582647800445556641e-01
7.725180387496948242e-01
1.804264038801193237e-01
3.317893445491790771e-01
7.065397500991821289e-01
7.405183315277099609e-01
7.695943713188171387e-01
6.880266070365905762e-01
4.115320444107055664e-01
3.133540153503417969e-01
7.768024206161499023e-01
4.472417831420898438e-01
7.468168139457702637e-01
7.780324220657348633e-01
7.502086162567138672e-01
3.756203055381774902e-01
7.595520019531250000e-01
7.414003014564514160e-01
4.643396735191345215e-01
5.676205754280090332e-01
3.615166246891021729e-01
5.621350407600402832e-01
7.282964587211608887e-01
4.716491401195526123e-01
6.702092289924621582e-01
7.648021578788757324e-01
2.596565186977386475e-01
7.629151940345764160e-01
3.579723536968231201e-01
6.354741454124450684e-01
1.920191943645477295e-01
7.573451399803161621e-01
7.698675990104675293e-01
5.565890669822692871e-01
6.655489206314086914e-01
5.663140416145324707e-01
3.260188996791839600e-01
7.252467274665832520e-01
7.690874934196472168e-01
7.039570212364196777e-01
7.493674159049987793e-01
7.532413601875305176e-01
6.657473444938659668e-01
1.658602952957153320e-01
7.279523611068725586e-01
1.887642443180084229e-01
7.568592429161071777e-01
4.570052325725555420e-01
7.323139309883117676e-01
7.572658061981201172e-01
4.134876430034637451e-01
4.401986300945281982e-01
6.225914508104324341e-02
3.325171768665313721e-01
7.458672523498535156e-01
7.736398577690124512e-01
3.890274167060852051e-01
7.193271517753601074e-01
6.004336476325988770e-01
7.338629364967346191e-01
9.811071306467056274e-02
3.964042067527770996e-01
4.435858726501464844e-01
3.818103969097137451e-01
5.018423795700073242e-01
5.458182692527770996e-01
2.438242882490158081e-01
6.885875463485717773e-01
7.378131151199340820e-01
7.707806229591369629e-01
7.623387575149536133e-01
2.425772100687026978e-01
4.801294207572937012e-01
5.933797359466552734e-01
1.817794442176818848e-01
6.422268748283386230e-01
3.694547712802886963e-01
1.253548264503479004e-01
3.026134967803955078e-01
7.389218211174011230e-01
7.667177915573120117e-01
5.526930689811706543e-01
7.570070624351501465e-01
6.153537631034851074e-01
7.374009490013122559e-01
7.695579528808593750e-01
7.565123438835144043e-01
6.021519899368286133e-01
4.959425330162048340e-01
6.953758001327514648e-01
1.580681353807449341e-01
4.492365121841430664e-01
7.638109922409057617e-01
7.558919787406921387e-01
7.283773422241210938e-01
2.711236476898193359e-01
3.495035171508789062e-01
6.395718455314636230e-01
6.389532685279846191e-01
2.468363791704177856e-01
7.621088027954101562e-01
7.319104075431823730e-01
8.359684050083160400e-02
5.338808894157409668e-01
2.639577984809875488e-01
8.226195722818374634e-02
6.982797980308532715e-01
4.095669686794281006e-01
7.204511165618896484e-01
5.290047526359558105e-01
2.677519917488098145e-01
7.661983966827392578e-01
7.470293641090393066e-01
4.466135799884796143e-01
7.747945785522460938e-01
7.550695538520812988e-01
2.746133506298065186e-01
3.807059228420257568e-01
2.952410876750946045e-01
2.595580518245697021e-01
7.339386343955993652e-01
6.648284792900085449e-01
6.836624741554260254e-01
1.562504917383193970e-01
3.159395754337310791e-01
5.525942444801330566e-01
8.900235593318939209e-02
7.560492157936096191e-01
4.534381330013275146e-01
7.756956815719604492e-01
7.294277548789978027e-01
1.460759192705154419e-01
5.360577702522277832e-01
7.729971408843994141e-01
4.681582152843475342e-01
2.790032327175140381e-01
4.506431519985198975e-01
7.478572130203247070e-01
7.740762829780578613e-01
7.274054288864135742e-01
4.769929647445678711e-01
7.287164926528930664e-01
3.629735708236694336e-01
1.114732474088668823e-01
3.484461903572082520e-01
7.549855709075927734e-01
6.967260241508483887e-01
6.369600296020507812e-01
7.185804843902587891e-01
4.886970520019531250e-01
7.668829560279846191e-01
3.090723156929016113e-01
8.151520043611526489e-02
8.915930986404418945e-02
7.229619622230529785e-01
6.825580000877380371e-01
2.528233230113983154e-01
6.940464973449707031e-01
7.535092830657958984e-01
6.448530554771423340e-01
7.876519858837127686e-02
6.987499594688415527e-01
7.615179419517517090e-01
7.262518405914306641e-01
8.421181887388229370e-02
3.904770016670227051e-01
5.137410759925842285e-01
5.245826244354248047e-01
7.591786384582519531e-01
5.891963839530944824e-01
8.758780360221862793e-02
2.177439182996749878e-01
7.075245976448059082e-01
7.098916769027709961e-01
3.561887741088867188e-01
1.322023123502731323e-01
7.510857582092285156e-01
5.954256057739257812e-01
4.630564153194427490e-01
1.936661750078201294e-01
3.798683285713195801e-01
5.354323983192443848e-01
7.629976868629455566e-01
7.504371404647827148e-01
4.888119697570800781e-01
7.185871005058288574e-01
5.374879240989685059e-01
3.672087490558624268e-01
4.169100821018218994e-01
2.012228518724441528e-01
7.570164203643798828e-01
6.557773947715759277e-01
7.245799899101257324e-01
3.916681706905364990e-01
5.116117596626281738e-01
1.039380356669425964e-01
2.216469496488571167e-01
7.644704580307006836e-01
5.686354637145996094e-01
3.188540339469909668e-01
7.033457756042480469e-01
7.530360817909240723e-01
1.680852621793746948e-01
1.378169655799865723e-01
2.018351703882217407e-01
3.328974246978759766e-01
2.240177690982818604e-01
7.342793941497802734e-01
6.074745655059814453e-01
1.556128561496734619e-01
6.836057901382446289e-01
7.083438038825988770e-01
2.398068010807037354e-01
7.423754334449768066e-01
7.036711573600769043e-01
2.209210246801376343e-01
1.060466766357421875e-01
2.728980183601379395e-01
7.378967404365539551e-01
6.567171216011047363e-01
7.638558149337768555e-01
5.083865523338317871e-01
7.377558350563049316e-01
6.283549666404724121e-01
1.683357656002044678e-01
2.173617929220199585e-01
7.714013457298278809e-01
3.883026540279388428e-01
4.248030483722686768e-01
7.214682698249816895e-01
7.780622839927673340e-01
7.631899714469909668e-01
7.618484497070312500e-01
2.632268369197845459e-01
1.135480925440788269e-01
5.169503092765808105e-01
7.205846309661865234e-01
2.296961396932601929e-01
7.763835191726684570e-01
7.047047615051269531e-01
1.988753229379653931e-01
6.632900834083557129e-01
7.464047074317932129e-01
6.914388537406921387e-01
2.812778949737548828e-01
7.633680701255798340e-01
4.904363155364990234e-01
1.420613080263137817e-01
7.624784708023071289e-01
7.403714060783386230e-01
5.675038695335388184e-01
1.244374886155128479e-01
7.491621971130371094e-01
7.668911814689636230e-01
7.371284365653991699e-01
3.185595273971557617e-01
1.619900315999984741e-01
2.232541292905807495e-01
4.011445939540863037e-01
7.762929797172546387e-01
3.148648738861083984e-01
6.311315298080444336e-01
5.744587779045104980e-01
8.761686831712722778e-02
2.796649038791656494e-01
2.999587655067443848e-01
7.043251991271972656e-01
7.582142353057861328e-01
2.521573901176452637e-01
2.137040048837661743e-01
6.635633707046508789e-01
7.542684078216552734e-01
3.826005756855010986e-01
5.479184389114379883e-01
3.338623940944671631e-01
3.206740319728851318e-01
4.363172650337219238e-01
4.580182433128356934e-01
3.442030549049377441e-01
1.862566322088241577e-01
6.464703083038330078e-01
1.984325200319290161e-01
7.573533654212951660e-01
7.691363096237182617e-01
2.862502634525299072e-01
4.345027804374694824e-01
4.394439160823822021e-01
7.731581926345825195e-01
4.735299646854400635e-01
1.451978236436843872e-01
4.774586856365203857e-01
6.888958215713500977e-01
4.961968660354614258e-01
4.618908166885375977e-01
4.701851010322570801e-01
2.645473778247833252e-01
4.349489510059356689e-01
5.093708038330078125e-01
8.508499711751937866e-02
2.121579200029373169e-01
7.383973002433776855e-01
3.839944601058959961e-01
3.049136102199554443e-01
1.840061843395233154e-01
3.543462157249450684e-01
7.056460380554199219e-01
4.923081398010253906e-01
7.472517490386962891e-01
3.074318170547485352e-01
1.458993852138519287e-01
6.534606814384460449e-01
7.659711837768554688e-01
5.716798901557922363e-01
6.599895954132080078e-01
7.599613070487976074e-01
2.093417197465896606e-01
2.750237584114074707e-01
7.652868032455444336e-01
2.620362937450408936e-01
7.085197567939758301e-01
1.788843423128128052e-01
7.568367123603820801e-01
7.624120712280273438e-01
6.839073896408081055e-01
1.665443181991577148e-01
6.909300088882446289e-01
1.375691443681716919e-01
7.699407935142517090e-01
5.259729623794555664e-01
7.457673549652099609e-01
2.089048773050308228e-01
7.166531085968017578e-01
2.592256665229797363e-01
2.456102520227432251e-01
6.658217310905456543e-01
3.096068203449249268e-01
7.646558284759521484e-01
1.171905323863029480e-01
7.277174592018127441e-01
9.858511388301849365e-02
3.952963054180145264e-01
7.272185087203979492e-01
6.325791478157043457e-01
2.846795320510864258e-01
7.628611326217651367e-01
2.545428872108459473e-01
3.067752122879028320e-01
7.529311776161193848e-01
4.667331576347351074e-01
5.321914553642272949e-01
4.670412242412567139e-01
1.979953795671463013e-01
4.955900013446807861e-01
3.752509057521820068e-01
7.014110088348388672e-01
7.720813155174255371e-01
6.854783296585083008e-01
6.633166670799255371e-01
7.043172121047973633e-01
3.235907256603240967e-01
4.975051879882812500e-01
7.649061679840087891e-01
7.052192091941833496e-01
3.025668859481811523e-01
3.251912593841552734e-01
3.001512885093688965e-01
4.242165088653564453e-01
7.235015630722045898e-01
3.910597860813140869e-01
4.213744401931762695e-01
3.285879790782928467e-01
7.535225749015808105e-01
4.149836003780364990e-01
1.979666352272033691e-01
7.357152700424194336e-01
4.780048131942749023e-01
1.192358061671257019e-01
6.149243116378784180e-01
1.592152863740921021e-01
9.325440227985382080e-02
7.680940032005310059e-01
5.881696939468383789e-01
4.855599701404571533e-01
2.119838148355484009e-01
6.933004260063171387e-01
7.644529938697814941e-01
6.814385652542114258e-01
7.818226516246795654e-02
6.789150834083557129e-01
9.905515611171722412e-02
7.076165676116943359e-01
2.567678093910217285e-01
7.362024188041687012e-01
7.262348532676696777e-01
1.631819903850555420e-01
1.838603466749191284e-01
3.034861683845520020e-01
5.169163346290588379e-01
3.191994130611419678e-01
5.216796994209289551e-01
2.055190354585647583e-01
5.062213540077209473e-01
3.683101236820220947e-01
3.952709138393402100e-01
7.199658751487731934e-01
7.291330099105834961e-01
2.379790097475051880e-01
3.335714638233184814e-01
7.694307565689086914e-01
6.623998880386352539e-01
2.225091159343719482e-01
7.569720745086669922e-01
7.516003847122192383e-01
4.599053859710693359e-01
2.037718743085861206e-01
3.666968345642089844e-01
2.778037190437316895e-01
1.826536804437637329e-01
7.484461665153503418e-01
6.968095898628234863e-01
3.421708643436431885e-01
7.580836415290832520e-01
5.424180030822753906e-01
7.091027498245239258e-01
2.612090408802032471e-01
1.926530003547668457e-01
3.129689991474151611e-01
7.270447015762329102e-01
7.569262981414794922e-01
2.707179188728332520e-01
3.839279711246490479e-01
7.681866288185119629e-01
2.690390944480895996e-01
6.418097615242004395e-01
2.997706830501556396e-01
7.103632092475891113e-01
1.505025178194046021e-01
7.612361907958984375e-01
1.530668884515762329e-01
7.453112006187438965e-01
2.072704881429672241e-01
2.920422554016113281e-01
7.681964635848999023e-01
3.161744475364685059e-01
7.437736392021179199e-01
7.756234407424926758e-01
4.204934835433959961e-01
1.208075731992721558e-01
1.181481555104255676e-01
2.134392857551574707e-01
7.581537961959838867e-01
4.561877250671386719e-01
7.567704916000366211e-01
2.795468270778656006e-01
2.646545767784118652e-01
7.417563199996948242e-01
1.952222138643264771e-01
3.613776266574859619e-01
4.820216298103332520e-01
5.273745059967041016e-01
5.508793592453002930e-01
7.501143217086791992e-01
4.576320648193359375e-01
4.647516310214996338e-01
5.812589526176452637e-01
7.507790327072143555e-01
7.027863860130310059e-01
5.214631557464599609e-01
4.830624759197235107e-01
5.208644270896911621e-01
4.580326676368713379e-01
7.085685133934020996e-01
5.958321094512939453e-01
4.153094589710235596e-01
2.107217758893966675e-01
7.353959083557128906e-01
5.694759488105773926e-01
2.960248887538909912e-01
7.731419801712036133e-01
1.702770143747329712e-01
4.886346459388732910e-01
7.387526035308837891e-01
6.784490942955017090e-01
3.515924513339996338e-01
1.848722547292709351e-01
7.595974206924438477e-01
1.344455331563949585e-01
2.199522405862808228e-01
7.504705786705017090e-01
7.048510015010833740e-02
2.529155313968658447e-01
7.470787167549133301e-01
7.715792655944824219e-01
7.410095930099487305e-01
7.564180493354797363e-01
6.705437898635864258e-01
4.537540972232818604e-01
7.265660762786865234e-01
2.960225045680999756e-01
7.554607987403869629e-01
3.994838595390319824e-01
7.519677281379699707e-01
3.836551606655120850e-01
7.064731717109680176e-01
1.647333800792694092e-01
5.653797984123229980e-01
7.102789878845214844e-01
7.364799380302429199e-01
1.928551346063613892e-01
2.988552749156951904e-01
6.195222139358520508e-01
7.721348404884338379e-01
6.751344799995422363e-01
5.620993375778198242e-01
1.876008510589599609e-01
7.517125010490417480e-01
7.646436691284179688e-01
7.621756196022033691e-01
3.246564865112304688e-01
7.180040478706359863e-01
4.088802933692932129e-01
1.910693198442459106e-01
7.139305472373962402e-01
4.324557185173034668e-01
2.138167172670364380e-01
3.326158821582794189e-01
1.123329177498817444e-01
2.870958745479583740e-01
7.428116202354431152e-01
7.550002932548522949e-01
7.659916877746582031e-01
1.646910607814788818e-01
7.593525648117065430e-01
1.780033856630325317e-01
6.322529315948486328e-01
1.676976084709167480e-01
7.730229496955871582e-01
7.747020125389099121e-01
6.758282184600830078e-01
3.309322297573089600e-01
4.382271766662597656e-01
3.761032223701477051e-01
3.526873886585235596e-01
3.060584366321563721e-01
7.721949219703674316e-01
6.443146467208862305e-01
7.678722143173217773e-01
5.564862489700317383e-01
1.806899458169937134e-01
6.461048722267150879e-01
7.537841200828552246e-01
5.452079176902770996e-01
2.992503643035888672e-01
7.466943860054016113e-01
4.215532541275024414e-01
4.732995629310607910e-01
1.084102615714073181e-01
7.623021006584167480e-01
7.628349065780639648e-01
7.126121520996093750e-01
6.807318329811096191e-01
2.481898665428161621e-01
5.486522316932678223e-01
7.624784708023071289e-01
1.723311692476272583e-01
7.499968409538269043e-01
1.973051577806472778e-01
6.831928491592407227e-01
3.030599653720855713e-01
5.754214525222778320e-01
4.726077616214752197e-01
3.034666776657104492e-01
6.180111765861511230e-01
1.064296737313270569e-01
7.449423670768737793e-01
2.226377576589584351e-01
1.075613275170326233e-01
6.978610754013061523e-01
6.858813166618347168e-01
2.332889288663864136e-01
1.723391860723495483e-01
5.557264685630798340e-01
1.356134116649627686e-01
2.654018998146057129e-01
1.880551427602767944e-01
6.007620096206665039e-01
5.983453989028930664e-01
7.459293603897094727e-01
2.533646225929260254e-01
7.655233144760131836e-01
5.541282296180725098e-01
7.318089008331298828e-01
5.163031220436096191e-01
5.862078070640563965e-01
7.403340339660644531e-01
6.860451102256774902e-01
7.573899030685424805e-01
5.724971294403076172e-01
4.693938493728637695e-01
7.186117172241210938e-01
6.371022462844848633e-01
7.699173688888549805e-01
2.098886370658874512e-01
5.738525092601776123e-02
3.177602291107177734e-01
7.615471482276916504e-01
5.969262123107910156e-01
5.809883475303649902e-01
6.647613048553466797e-01
7.629458308219909668e-01
1.995290815830230713e-01
1.435524672269821167e-01
3.784297406673431396e-01
5.030875802040100098e-01
4.256716966629028320e-01
5.117649435997009277e-01
3.803775608539581299e-01
3.544601798057556152e-01
2.715380787849426270e-01
5.508382320404052734e-01
6.921049356460571289e-01
1.496266722679138184e-01
8.336639404296875000e-02
3.680634498596191406e-01
2.175848037004470825e-01
1.367819458246231079e-01
5.511793494224548340e-01
4.878813326358795166e-01
7.487367391586303711e-01
4.181535243988037109e-01
9.212592244148254395e-02
4.707812368869781494e-01
5.332271456718444824e-01
7.532852888107299805e-01
7.612007856369018555e-01
5.364755988121032715e-01
5.376536846160888672e-01
6.496977210044860840e-01
5.427665114402770996e-01
7.681863307952880859e-01
2.778434157371520996e-01
7.157996892929077148e-01
6.657454967498779297e-01
2.778599858283996582e-01
5.098742246627807617e-01
5.926519632339477539e-01
2.075928747653961182e-01
4.108958840370178223e-01
3.692823648452758789e-01
7.660524845123291016e-01
6.631205677986145020e-01
6.983765363693237305e-01
4.884231984615325928e-01
6.796345710754394531e-01
6.648193597793579102e-01
3.196054995059967041e-01
6.529431939125061035e-01
5.443190932273864746e-01
7.391374111175537109e-01
4.073793590068817139e-01
6.913040280342102051e-01
2.962611019611358643e-01
6.513932943344116211e-01
2.420167922973632812e-01
6.101949214935302734e-01
6.136282682418823242e-01
2.539880573749542236e-01
7.818226516246795654e-02
6.579232811927795410e-01
7.540843486785888672e-01
3.395088016986846924e-01
1.462549418210983276e-01
5.610889196395874023e-02
2.821502685546875000e-01
6.131922602653503418e-01
1.671123057603836060e-01
3.801370859146118164e-01
2.934140861034393311e-01
5.886945724487304688e-01
8.415429294109344482e-02
3.025194704532623291e-01
7.506214380264282227e-01
2.068849653005599976e-01
1.533566117286682129e-01
4.125522375106811523e-01
4.841550588607788086e-01
7.720919847488403320e-01
4.180925786495208740e-01
3.430760800838470459e-01
6.618946790695190430e-01
7.697097659111022949e-01
5.620051622390747070e-01
2.349852770566940308e-01
1.004014536738395691e-01
4.557053744792938232e-01
4.751249253749847412e-01
3.418928086757659912e-01
2.291932255029678345e-01
3.350333571434020996e-01
5.086913704872131348e-01
3.989099562168121338e-01
7.571078538894653320e-01
7.655975818634033203e-01
7.754309177398681641e-01
7.121147513389587402e-01
2.634504437446594238e-01
7.197855114936828613e-01
7.554941177368164062e-01
7.580343484878540039e-01
5.652321577072143555e-01
5.462758541107177734e-01
3.738295733928680420e-01
6.708102822303771973e-01
6.961492300033569336e-01
4.907519221305847168e-01
1.855970621109008789e-01
2.704001963138580322e-01
2.837000489234924316e-01
7.736988663673400879e-01
7.576929330825805664e-01
7.542443871498107910e-01
7.027941346168518066e-01
1.459859907627105713e-01
1.042957082390785217e-01
6.544280648231506348e-01
5.155130624771118164e-01
7.536481618881225586e-01
2.580416500568389893e-01
5.428968667984008789e-01
7.293492555618286133e-01
5.078149437904357910e-01
7.606550455093383789e-01
5.051540136337280273e-01
6.073893308639526367e-01
3.766258955001831055e-01
6.603934168815612793e-01
3.231055438518524170e-01
6.276488900184631348e-01
7.440680861473083496e-01
7.638183832168579102e-01
3.784182667732238770e-01
7.456942796707153320e-01
7.378340959548950195e-01
5.801075696945190430e-01
5.612366795539855957e-01
7.249985933303833008e-01
7.744466662406921387e-01
6.392862200736999512e-01
3.873282372951507568e-01
2.587867975234985352e-01
1.474182754755020142e-01
7.637996673583984375e-01
7.724556922912597656e-01
4.806091487407684326e-01
4.360955357551574707e-01
1.144996136426925659e-01
4.619873762130737305e-01
4.209482967853546143e-01
1.441168785095214844e-01
1.723833978176116943e-01
5.421503782272338867e-01
7.695774435997009277e-01
3.338363170623779297e-01
7.186346650123596191e-01
7.003033161163330078e-01
3.587938547134399414e-01
7.530031800270080566e-01
2.179919183254241943e-01
6.895094513893127441e-01
4.114340245723724365e-01
2.335906922817230225e-01
7.680695652961730957e-01
7.060695290565490723e-01
3.205935955047607422e-01
7.492213249206542969e-01
7.628327608108520508e-01
6.462935209274291992e-01
6.893531084060668945e-01
7.664183378219604492e-01
6.799505352973937988e-01
6.946851611137390137e-01
7.683536410331726074e-01
7.099488377571105957e-01
1.213909387588500977e-01
7.360797524452209473e-01
1.704800724983215332e-01
7.128828763961791992e-01
7.742296457290649414e-01
1.757759302854537964e-01
3.138236701488494873e-01
3.307960331439971924e-01
3.171451389789581299e-01
7.688946127891540527e-01
6.602190136909484863e-01
7.733949422836303711e-01
7.554503679275512695e-01
3.153613805770874023e-01
1.640525013208389282e-01
7.175165414810180664e-01
7.522381544113159180e-01
7.435247302055358887e-01
3.171720802783966064e-01
2.267120331525802612e-01
7.559465169906616211e-01
7.108455896377563477e-01
5.293830633163452148e-01
4.126412272453308105e-01
5.880383253097534180e-01
7.615364193916320801e-01
5.045326352119445801e-01
2.963788807392120361e-01
6.931304335594177246e-01
3.832932710647583008e-01
7.382756471633911133e-01
3.792332112789154053e-01
7.053694725036621094e-01
7.620022892951965332e-01
9.481329470872879028e-02
4.119212329387664795e-01
6.742327809333801270e-01
7.719555497169494629e-01
2.890428006649017334e-01
1.451739817857742310e-01
4.511659145355224609e-01
4.721415042877197266e-01
2.249009162187576294e-01
3.491750657558441162e-01
7.693583965301513672e-01
4.942393600940704346e-01
7.700582742691040039e-01
7.464792728424072266e-01
4.123394787311553955e-01
3.625112771987915039e-01
5.726061463356018066e-01
7.583809494972229004e-01
2.096446156501770020e-01
7.226291298866271973e-01
7.503824830055236816e-01
6.607841849327087402e-01
7.615160346031188965e-01
7.432945966720581055e-01
7.670979499816894531e-01
6.091974973678588867e-01
4.810509085655212402e-01
7.351184487342834473e-01
1.987909227609634399e-01
7.473666965961456299e-02
7.720696926116943359e-01
4.497361481189727783e-01
7.439185380935668945e-01
4.126123189926147461e-01
7.746751606464385986e-02
6.541845202445983887e-01
5.605689063668251038e-02
6.065037250518798828e-01
7.782230377197265625e-01
9.328275173902511597e-02
2.002626210451126099e-01
5.478124618530273438e-01
8.996526896953582764e-02
2.639017403125762939e-01
6.935925483703613281e-01
4.959187209606170654e-01
6.954861283302307129e-01
7.747282981872558594e-01
2.084869146347045898e-01
2.693532109260559082e-01
5.730059146881103516e-01
4.309720098972320557e-01
2.787726223468780518e-01
7.465339303016662598e-01
8.800756931304931641e-02
5.698078870773315430e-01
1.959235966205596924e-01
7.018440365791320801e-01
7.688604593276977539e-01
3.226109743118286133e-01
2.587760984897613525e-01
7.021942138671875000e-01
6.106273531913757324e-01
4.253409504890441895e-01
1.955809146165847778e-01
5.744054317474365234e-01
7.688947319984436035e-01
7.644643783569335938e-01
4.042851626873016357e-01
1.747440397739410400e-01
7.463092207908630371e-01
7.558102011680603027e-01
7.483286261558532715e-01
9.241735190153121948e-02
2.134368121623992920e-01
2.622746825218200684e-01
6.685863137245178223e-01
5.939677953720092773e-01
5.474185347557067871e-01
1.963492929935455322e-01
1.567596495151519775e-01
7.420726418495178223e-01
4.785910546779632568e-01
3.883432149887084961e-01
7.767602205276489258e-01
3.598210215568542480e-01
1.949278265237808228e-01
7.650382518768310547e-01
7.401180863380432129e-01
7.621725201606750488e-01
5.333644747734069824e-01
1.691083014011383057e-01
3.514850437641143799e-01
7.336135506629943848e-01
7.240244746208190918e-01
6.808165460824966431e-02
7.578564286231994629e-01
7.284254431724548340e-01
7.304264903068542480e-01
3.737649321556091309e-01
7.559911608695983887e-01
3.823297917842864990e-01
2.836103141307830811e-01
1.504334062337875366e-01
7.663756608963012695e-01
4.214004874229431152e-01
7.671388387680053711e-01
7.550524473190307617e-01
6.799950003623962402e-01
2.607024013996124268e-01
3.136307299137115479e-01
1.288327574729919434e-01
5.782620906829833984e-01
5.395320653915405273e-01
7.714410424232482910e-01
2.375113964080810547e-01
7.165906429290771484e-01
1.802490800619125366e-01
6.009787693619728088e-02
6.287351250648498535e-01
7.307736873626708984e-01
6.797384023666381836e-01
1.476545035839080811e-01
6.816449761390686035e-01
7.274869680404663086e-01
9.797307848930358887e-02
1.245981156826019287e-01
5.972955822944641113e-01
6.142272353172302246e-01
5.486196279525756836e-01
7.374067306518554688e-01
4.952235221862792969e-01
7.179499268531799316e-01
1.170836612582206726e-01
2.494878917932510376e-01
1.172090545296669006e-01
2.344321757555007935e-01
6.388212442398071289e-01
2.049296796321868896e-01
7.440680861473083496e-01
7.606161832809448242e-01
6.337823867797851562e-01
1.537305414676666260e-01
5.768758058547973633e-01
7.744505405426025391e-01
1.990077644586563110e-01
5.264270305633544922e-01
1.568318009376525879e-01
7.359472513198852539e-01
4.471883773803710938e-01
5.302982926368713379e-01
3.081929683685302734e-01
2.411653846502304077e-01
7.370702624320983887e-01
2.773251831531524658e-01
1.103375107049942017e-01
6.446202397346496582e-01
3.843934834003448486e-01
3.237345218658447266e-01
4.928536713123321533e-01
2.767707407474517822e-01
6.843208670616149902e-01
9.260456264019012451e-02
2.778412997722625732e-01
6.690180301666259766e-01
8.763476461172103882e-02
7.618780732154846191e-01
2.048760354518890381e-01
4.469506144523620605e-01
6.516304612159729004e-01
7.663090229034423828e-01
4.587078988552093506e-01
7.818099111318588257e-02
5.683757662773132324e-01
5.370786190032958984e-01
2.215594351291656494e-01
4.191313982009887695e-01
1.589375138282775879e-01
7.284099459648132324e-01
7.607290744781494141e-01
5.717456340789794922e-02
2.572023272514343262e-01
7.619380950927734375e-01
5.099157094955444336e-01
2.340314984321594238e-01
7.369531393051147461e-01
1.496761292219161987e-01
5.701529383659362793e-01
7.282409071922302246e-02
1.154368668794631958e-01
7.162745594978332520e-01
7.813189029693603516e-01
2.125462740659713745e-01
2.444171905517578125e-01
5.494788885116577148e-01
4.208899736404418945e-01
6.627023220062255859e-01
1.756998747587203979e-01
5.575633645057678223e-01
7.632468342781066895e-01
6.816295981407165527e-01
6.073527336120605469e-01
9.700015187263488770e-02
3.503322899341583252e-01
7.697070240974426270e-01
6.982901692390441895e-01
7.554619312286376953e-01
5.858473777770996094e-01
1.407597810029983521e-01
4.142736196517944336e-01
7.136462926864624023e-01
7.747491598129272461e-01
7.681626677513122559e-01
5.675038695335388184e-01
7.382466197013854980e-01
7.607048153877258301e-01
1.080115363001823425e-01
5.527059435844421387e-01
3.371818661689758301e-01
4.990489184856414795e-01
7.512190341949462891e-01
3.300863206386566162e-01
2.598112225532531738e-01
2.301253825426101685e-01
4.420839846134185791e-01
2.041277289390563965e-01
7.589737772941589355e-01
1.881120949983596802e-01
7.446498870849609375e-01
3.470417261123657227e-01
6.509169936180114746e-01
8.247020095586776733e-02
2.638540267944335938e-01
1.285093724727630615e-01
1.226451471447944641e-01
1.463863700628280640e-01
6.598479151725769043e-01
7.818226516246795654e-02
7.428746819496154785e-01
2.558681666851043701e-01
6.535686254501342773e-01
4.275680780410766602e-01
7.709274291992187500e-01
7.715097069740295410e-01
7.660524845123291016e-01
2.697950303554534912e-01
1.691645532846450806e-01
6.536973714828491211e-01
2.382525652647018433e-01
6.746068596839904785e-01
6.104939579963684082e-01
6.301879882812500000e-02
1.806833446025848389e-01
7.776871323585510254e-01
3.231471180915832520e-01
7.568365335464477539e-02
5.215492844581604004e-01
4.272593259811401367e-01
4.245613813400268555e-01
1.122228503227233887e-01
5.912863612174987793e-01
1.602087169885635376e-01
7.721194624900817871e-01
7.518393993377685547e-01
7.590695619583129883e-01
7.318199872970581055e-01
4.799692034721374512e-01
7.590481638908386230e-01
1.917241364717483521e-01
7.637737393379211426e-01
1.858450174331665039e-01
5.002629756927490234e-01
7.596977949142456055e-01
2.916330099105834961e-01
6.356601715087890625e-01
7.573899030685424805e-01
6.270481348037719727e-01
6.376813054084777832e-01
2.458887547254562378e-01
1.262388825416564941e-01
2.038683742284774780e-01
3.171345889568328857e-01
6.160920262336730957e-01
7.011907100677490234e-01
6.393517255783081055e-01
7.638231515884399414e-01
6.269544363021850586e-01
5.547308921813964844e-01
7.570697069168090820e-01
7.055758237838745117e-01
7.144094705581665039e-01
3.568016588687896729e-01
9.323047846555709839e-02
6.421144008636474609e-01
5.011410117149353027e-01
3.977482318878173828e-01
1.156814992427825928e-01
7.591966986656188965e-01
7.735195755958557129e-01
7.500556111335754395e-01
5.701401829719543457e-01
6.296152472496032715e-01
7.718227505683898926e-01
5.903511047363281250e-01
7.698188424110412598e-01
2.377645522356033325e-01
6.543340682983398438e-01
7.742680311203002930e-01
5.284535288810729980e-01
4.472739100456237793e-01
6.114636659622192383e-01
3.782892525196075439e-01
1.807551980018615723e-01
1.458330005407333374e-01
7.611941695213317871e-01
2.191536724567413330e-01
1.941375434398651123e-01
7.473850250244140625e-01
3.466651737689971924e-01
