2.989742532372474670e-02
1.030216299113817513e-04
3.416911065578460693e-01
9.977862834930419922e-01
6.938861608505249023e-01
5.765505920862779021e-05
9.897086024284362793e-01
2.790328471746761352e-05
9.991011619567871094e-01
4.352469146251678467e-01
2.547206357121467590e-03
8.681831881403923035e-03
9.960474371910095215e-01
9.913295507431030273e-01
8.281433582305908203e-01
1.140737440437078476e-02
1.271361106773838401e-04
4.393645795062184334e-04
9.900093078613281250e-01
2.494318336248397827e-01
9.991831183433532715e-01
9.407805204391479492e-01
6.566491127014160156e-01
8.280369639396667480e-01
9.797358512878417969e-01
9.833377003669738770e-01
9.655371308326721191e-01
4.172592889517545700e-04
3.831408976111561060e-04
9.985754489898681641e-01
9.900202751159667969e-01
2.388774155406281352e-04
9.998962879180908203e-01
9.912717938423156738e-01
9.735395908355712891e-01
2.030854113399982452e-02
9.999217987060546875e-01
3.394803788978606462e-04
9.955452680587768555e-01
2.180498326197266579e-03
9.957823753356933594e-01
9.999047517776489258e-01
6.061216592788696289e-01
3.874137182720005512e-04
3.525600954890251160e-02
4.562018215656280518e-01
2.652268391102552414e-03
9.999244213104248047e-01
3.397282063961029053e-01
9.989506006240844727e-01
1.816757768392562866e-02
9.998948574066162109e-01
9.996522665023803711e-01
1.067119091749191284e-02
9.952593445777893066e-01
9.998130202293395996e-01
3.814969659288180992e-06
9.995942711830139160e-01
3.139263208140619099e-05
4.304046928882598877e-01
3.992074355483055115e-02
7.363346815109252930e-01
9.999703168869018555e-01
9.998043179512023926e-01
6.123677394498372450e-06
9.675603508949279785e-01
6.677170991897583008e-01
3.902490334439789876e-06
9.224354624748229980e-01
5.672251582145690918e-01
4.079191014170646667e-02
3.644269017968326807e-04
9.829453825950622559e-01
1.240288202097872272e-05
2.188150212168693542e-02
9.997556805610656738e-01
1.007008904707618058e-05
1.387960655847564340e-04
1.502008736133575439e-01
8.828660845756530762e-01
9.993503689765930176e-01
1.485126540501369163e-05
8.476783633232116699e-01
9.999434947967529297e-01
9.995527863502502441e-01
3.022773563861846924e-01
9.995936751365661621e-01
4.322653636336326599e-03
3.223765088478103280e-05
5.816626944579184055e-04
9.994454979896545410e-01
2.078293561935424805e-01
6.593458965653553605e-05
1.674398547038435936e-03
1.819400116801261902e-03
1.641722155909519643e-05
9.995730519294738770e-01
9.998026490211486816e-01
2.184037864208221436e-01
9.963110089302062988e-01
6.737977266311645508e-02
1.672591082751750946e-02
9.428164958953857422e-01
1.472157891839742661e-02
9.900060296058654785e-01
3.983036801218986511e-02
2.977585792541503906e-01
9.999432563781738281e-01
9.546741247177124023e-01
9.921711683273315430e-01
7.704721689224243164e-01
9.999809265136718750e-01
9.918267726898193359e-01
9.995177984237670898e-01
9.797760248184204102e-01
9.723885059356689453e-01
9.989506006240844727e-01
4.295534836273873225e-06
4.379679262638092041e-01
9.860914349555969238e-01
5.392202183429617435e-06
3.900230228900909424e-01
1.730315089225769043e-01
3.917367160320281982e-01
9.998711347579956055e-01
1.986574148759245872e-03
9.999104738235473633e-01
9.983761310577392578e-01
9.998296499252319336e-01
1.919574663043022156e-02
9.995771050453186035e-01
9.902411699295043945e-01
9.997790455818176270e-01
9.456228613853454590e-01
4.522664248943328857e-01
5.467113107442855835e-02
3.987064659595489502e-01
9.835786819458007812e-01
3.785653461818583310e-06
1.559970229864120483e-01
9.967945218086242676e-01
9.962961077690124512e-01
1.763826608657836914e-02
5.298961332300677896e-05
1.534077525138854980e-02
9.991840720176696777e-01
2.029890427365899086e-03
4.799064993858337402e-01
9.977904558181762695e-01
9.996318817138671875e-01
9.778214734978973866e-05
8.370640277862548828e-01
5.077852983959019184e-05
7.571873068809509277e-01
9.052914381027221680e-01
1.578729897737503052e-01
9.862601161003112793e-01
2.573727369308471680e-01
9.967065453529357910e-01
2.205028868047520518e-04
7.067572325468063354e-03
7.225629091262817383e-01
1.473680138587951660e-02
9.994679093360900879e-01
2.254381775856018066e-02
2.767416881397366524e-03
3.513024151325225830e-01
2.729493565857410431e-02
1.000305935740470886e-01
9.714612960815429688e-01
9.954957962036132812e-01
6.188887346070259809e-05
9.993641972541809082e-01
9.998928308486938477e-01
5.719492435455322266e-01
5.669024586677551270e-01
3.390943675185553730e-05
6.261745875235646963e-05
9.975410699844360352e-01
9.967382550239562988e-01
9.992942810058593750e-01
9.993607401847839355e-01
3.650479484349489212e-03
3.775821096496656537e-05
6.097004283219575882e-03
1.786037231795489788e-03
3.809851035475730896e-02
9.956692457199096680e-01
3.601995558710768819e-05
9.993064403533935547e-01
6.213120222091674805e-01
9.987590312957763672e-01
7.719892859458923340e-01
2.676838994375430048e-05
9.989001750946044922e-01
9.999402761459350586e-01
5.213404446840286255e-02
9.997802376747131348e-01
1.028115302324295044e-01
2.439370746287750080e-06
9.926801919937133789e-01
5.270303487777709961e-01
9.455316467210650444e-04
2.402261816314421594e-05
3.674958134070038795e-04
8.293363862321712077e-06
8.305261135101318359e-01
9.994512200355529785e-01
9.649593383073806763e-02
1.267474377527832985e-03
5.928064696490764618e-03
9.985288381576538086e-01
9.979981780052185059e-01
9.005551338195800781e-01
9.986289739608764648e-01
8.674578666687011719e-01
9.982239603996276855e-01
9.991212487220764160e-01
1.546842831885442138e-04
5.034217792854178697e-06
9.365255236625671387e-01
9.805149398744106293e-03
7.629401087760925293e-01
9.994609951972961426e-01
1.024536229670047760e-02
8.156208395957946777e-01
8.721001744270324707e-01
5.616244673728942871e-01
1.767258254403714091e-05
9.989551305770874023e-01
5.376533046364784241e-02
9.999561309814453125e-01
9.880746006965637207e-01
6.052267737686634064e-03
7.110770046710968018e-02
5.200535451876930892e-05
9.990407824516296387e-01
9.999148845672607422e-01
4.341765493154525757e-02
9.127531484409701079e-06
4.363732878118753433e-03
9.985438585281372070e-01
3.526452928781509399e-04
7.996013388037681580e-03
2.692201435565948486e-01
3.729868622031062841e-04
6.837107775936601683e-06
9.999468326568603516e-01
9.991794228553771973e-01
1.579559320816770196e-04
9.998155236244201660e-01
9.999716281890869141e-01
9.092510481423232704e-06
9.867255687713623047e-01
8.241316080093383789e-01
1.640369649976491928e-03
4.013876616954803467e-02
1.045970059931278229e-02
9.997468590736389160e-01
1.734129909891635180e-05
6.542277932167053223e-01
7.513034157454967499e-03
9.827483296394348145e-01
3.256265772506594658e-03
1.506510823965072632e-01
7.141423993743956089e-04
4.582253843545913696e-02
5.758987754234112799e-06
3.084550499916076660e-01
9.487636685371398926e-01
1.381339621730148792e-03
2.729994885157793760e-04
8.493679761886596680e-01
2.679193317890167236e-01
9.148370008915662766e-05
8.512002229690551758e-02
5.507739842869341373e-05
9.994053840637207031e-01
9.738178253173828125e-01
9.974855184555053711e-01
9.892561435699462891e-01
3.806578693911433220e-03
3.075864224229007959e-04
8.302104659378528595e-03
8.520922660827636719e-01
9.997323155403137207e-01
4.127202191739343107e-05
9.999779462814331055e-01
9.691395163536071777e-01
5.173251338419504464e-05
9.968378543853759766e-01
9.998338222503662109e-01
8.820839524269104004e-01
2.771934680640697479e-02
1.079793348908424377e-01
2.713400463107973337e-04
4.437972384039312601e-04
9.999155998229980469e-01
8.411912322044372559e-01
3.437107801437377930e-01
1.528545049950480461e-03
9.981612563133239746e-01
9.994165897369384766e-01
9.998834133148193359e-01
5.716611121897585690e-05
7.254943251609802246e-02
1.672340780496597290e-01
3.668824136257171631e-01
6.442105863243341446e-03
1.514538962510414422e-05
8.862023241817951202e-03
9.825959205627441406e-01
9.997771382331848145e-01
1.922157034277915955e-02
1.742047970765270293e-05
9.903609752655029297e-01
5.461113061755895615e-03
9.962937235832214355e-01
1.091040438041090965e-03
9.422013759613037109e-01
9.996783733367919922e-01
3.013541102409362793e-01
9.989276528358459473e-01
9.134336723946034908e-04
9.988775849342346191e-01
9.798012971878051758e-01
9.986536502838134766e-01
6.170330016175284982e-05
5.511825680732727051e-01
6.437581032514572144e-05
1.530440349597483873e-04
4.050441384315490723e-01
9.961512684822082520e-01
4.190800245851278305e-03
1.991119980812072754e-02
9.892506599426269531e-01
1.993101614061743021e-05
9.998440742492675781e-01
1.764900080161169171e-04
1.382599957287311554e-02
8.795760222710669041e-04
4.594580786942970008e-06
9.995142221450805664e-01
9.337030649185180664e-01
8.117464184761047363e-02
6.249489188194274902e-01
9.999518394470214844e-01
9.887002110481262207e-01
7.404054980725049973e-03
8.767118453979492188e-01
1.520064979558810592e-04
1.195296049118041992e-01
6.582013368606567383e-01
3.247105479240417480e-01
2.210329512308817357e-05
8.835416287183761597e-03
7.854320406913757324e-01
9.985199570655822754e-01
1.071072998456656933e-03
6.689208149909973145e-01
8.738813921809196472e-03
9.931547641754150391e-01
9.982313513755798340e-01
7.209929227828979492e-01
5.824361927807331085e-03
9.995864033699035645e-01
9.996838569641113281e-01
5.575418937951326370e-03
9.988607168197631836e-01
2.653803094290196896e-04
9.945222139358520508e-01
1.604110002517700195e-05
1.882960641523823142e-04
9.985797405242919922e-01
1.896801550174131989e-04
3.822008380666375160e-03
1.654057181440293789e-03
9.833831191062927246e-01
9.999363422393798828e-01
7.952921390533447266e-01
1.536154013592749834e-04
8.859177231788635254e-01
9.991607666015625000e-01
6.870961282402276993e-03
9.996566772460937500e-01
2.769468119367957115e-04
2.488292157649993896e-01
9.304435253143310547e-01
9.974283576011657715e-01
9.293351173400878906e-01
5.353333353996276855e-01
9.993583559989929199e-01
9.983195662498474121e-01
2.903655149566475302e-05
2.276233863085508347e-04
5.764276534318923950e-02
9.999496936798095703e-01
9.992432594299316406e-01
9.997263550758361816e-01
9.981551766395568848e-01
9.997500777244567871e-01
1.030907878885045648e-05
9.989601373672485352e-01
9.980368018150329590e-01
1.352364895865321159e-03
1.504961528553394601e-05
7.754058577120304108e-03
1.398013318976154551e-05
4.904910922050476074e-02
9.243758320808410645e-01
9.763137698173522949e-01
9.997921586036682129e-01
7.832380011677742004e-03
9.876045398414134979e-03
6.073513533920049667e-03
9.535980820655822754e-01
9.997130036354064941e-01
2.245246665552258492e-03
7.843258380889892578e-01
6.439486145973205566e-01
4.137761716265231371e-04
2.848376054316759109e-03
9.999690055847167969e-01
9.994282126426696777e-01
7.037997245788574219e-01
9.998518228530883789e-01
9.997277855873107910e-01
7.380967736244201660e-01
9.853058457374572754e-01
1.530707522761076689e-04
1.128937947214581072e-05
9.983323216438293457e-01
9.989385008811950684e-01
5.814589676447212696e-04
6.505928635597229004e-01
3.211997682228684425e-04
5.877912640571594238e-01
9.991906285285949707e-01
8.038033246994018555e-01
7.203152868896722794e-03
5.356644988059997559e-01
3.857345145661383867e-04
9.490171074867248535e-01
4.742009937763214111e-02
9.051935747265815735e-03
1.929017156362533569e-01
6.300896406173706055e-01
9.998790025711059570e-01
9.999090433120727539e-01
9.692956209182739258e-01
9.589265584945678711e-01
7.788380607962608337e-03
3.236906370148062706e-03
9.992604851722717285e-01
9.998061060905456543e-01
9.994434714317321777e-01
3.669158741831779480e-02
2.675538361072540283e-01
1.683246227912604809e-03
9.872746467590332031e-01
9.370988607406616211e-01
5.756034806836396456e-05
3.166325390338897705e-02
8.804424396657850593e-06
6.936422586441040039e-01
9.993672966957092285e-01
4.402287304401397705e-01
4.580442234873771667e-02
9.992140531539916992e-01
3.023270692210644484e-04
2.971813955809921026e-04
9.999719858169555664e-01
9.999516010284423828e-01
9.941956400871276855e-01
1.465238528908230364e-05
9.869389533996582031e-01
5.220340192317962646e-02
2.515028417110443115e-01
9.956426620483398438e-01
9.886490106582641602e-01
9.999129772186279297e-01
1.440955093130469322e-03
8.244902491569519043e-01
1.301397085189819336e-01
1.746712774038314819e-01
2.201128751039505005e-03
9.268762469291687012e-01
1.274902024306356907e-05
2.094144234433770180e-03
9.993184804916381836e-01
7.780852683936245739e-06
9.998832941055297852e-01
9.958613514900207520e-01
9.746279120445251465e-01
9.748138487339019775e-02
9.034208655357360840e-01
9.394796490669250488e-01
9.999587535858154297e-01
5.119416397064924240e-03
1.859166877693496644e-05
3.048839047551155090e-02
9.999746084213256836e-01
9.989500641822814941e-01
6.583560025319457054e-04
9.327307343482971191e-01
9.604945778846740723e-01
9.929484128952026367e-01
2.148785642930306494e-05
9.999289512634277344e-01
1.025150879286229610e-03
1.369831534248078242e-05
9.085921645164489746e-01
3.811213374137878418e-02
9.999425411224365234e-01
7.360472679138183594e-01
1.341794878244400024e-01
9.341562399640679359e-04
9.945765733718872070e-01
9.993203878402709961e-01
1.738336984999477863e-03
7.443468348355963826e-05
5.511825680732727051e-01
9.988394379615783691e-01
6.337308883666992188e-01
9.450616315007209778e-03
9.875873923301696777e-01
8.082173466682434082e-01
1.050809805747121572e-04
9.967093467712402344e-01
1.547725405544042587e-03
3.925810754299163818e-01
9.998952150344848633e-01
9.989023208618164062e-01
6.789774168282747269e-03
2.099357545375823975e-03
9.575039744377136230e-01
1.223305571329547092e-05
5.175432562828063965e-01
9.107732772827148438e-01
9.998662471771240234e-01
1.077224151231348515e-04
9.999358654022216797e-01
6.906888484954833984e-01
9.978528022766113281e-01
9.972581863403320312e-01
9.983313679695129395e-01
3.145184382447041571e-05
9.997825026512145996e-01
1.531487982720136642e-02
7.017256021499633789e-01
4.258866608142852783e-01
9.935148954391479492e-01
2.493481524288654327e-02
9.999207258224487305e-01
1.577582042955327779e-05
9.993264675140380859e-01
9.998174309730529785e-01
3.266960557084530592e-04
2.527235746383666992e-01
9.999713897705078125e-01
9.939168095588684082e-01
9.329598105978220701e-05
9.982031583786010742e-01
9.921578168869018555e-01
2.253879234194755554e-02
1.800821572542190552e-01
1.029336475767195225e-03
1.743122003972530365e-02
4.634359478950500488e-01
9.658920168876647949e-01
3.092835098505020142e-02
9.915570020675659180e-01
2.515535950660705566e-01
9.970180988311767578e-01
9.997108578681945801e-01
1.214866133523173630e-04
9.997323155403137207e-01
4.921594262123107910e-02
9.972654581069946289e-01
9.977523684501647949e-01
3.290080639999359846e-04
9.836691897362470627e-04
9.997474551200866699e-01
9.558408856391906738e-01
9.878448843955993652e-01
2.850361764430999756e-01
9.878504872322082520e-01
9.999258518218994141e-01
3.872645087540149689e-03
9.844205975532531738e-01
1.140729431062936783e-02
9.995266199111938477e-01
3.295020898804068565e-03
9.934591650962829590e-01
9.950140118598937988e-01
9.996793270111083984e-01
1.113235266529954970e-04
9.999322891235351562e-01
8.398384125030133873e-06
6.415229439735412598e-01
9.993402361869812012e-01
1.721302978694438934e-04
1.460294122807681561e-03
9.999586343765258789e-01
3.243219180149026215e-05
9.998478889465332031e-01
9.999543428421020508e-01
8.928321599960327148e-01
9.997923970222473145e-01
1.944230825756676495e-05
9.965336322784423828e-01
6.287471624091267586e-04
8.258803933858871460e-02
9.933997392654418945e-01
6.288914300967007875e-05
9.997100234031677246e-01
9.998328685760498047e-01
8.570634759962558746e-03
4.342401807662099600e-04
1.116057261824607849e-01
9.933502078056335449e-01
6.042427266947925091e-04
9.992511868476867676e-01
3.213617892470210791e-04
9.999452829360961914e-01
7.584637205582112074e-05
1.080576702952384949e-01
9.999332427978515625e-01
9.998570680618286133e-01
9.415112137794494629e-01
1.716421842575073242e-01
2.224736090283840895e-04
4.851698577404022217e-01
9.954696893692016602e-01
9.994959831237792969e-01
1.383455237373709679e-03
9.968909621238708496e-01
1.730239637254271656e-05
1.809819191694259644e-01
6.235032924450933933e-04
1.648059929721057415e-03
8.186371326446533203e-01
9.999248981475830078e-01
4.218275099992752075e-02
9.999577999114990234e-01
2.295957654714584351e-01
9.989348053932189941e-01
2.796443998813629150e-01
8.765082806348800659e-03
9.817611575126647949e-01
5.117745240568183362e-05
8.347212672233581543e-01
9.998283386230468750e-01
1.726242005825042725e-01
9.979727864265441895e-01
6.601082682609558105e-01
7.037568092346191406e-01
1.701654400676488876e-03
8.435116410255432129e-01
9.837321639060974121e-01
2.132352892658673227e-05
3.344204127788543701e-01
1.202814746648073196e-05
5.019094169256277382e-05
9.999687671661376953e-01
9.998000264167785645e-01
9.405735731124877930e-01
3.453637938946485519e-03
1.346559822559356689e-01
6.754860281944274902e-01
9.332014918327331543e-01
2.282095141708850861e-03
1.209567344631068408e-04
1.067470982670783997e-01
5.205580964684486389e-02
9.717267751693725586e-01
9.885283112525939941e-01
9.922003149986267090e-01
9.993163347244262695e-01
3.611043095588684082e-01
7.059767842292785645e-01
6.171102523803710938e-01
2.952333888970315456e-04
9.999600648880004883e-01
9.999399185180664062e-01
8.018825650215148926e-01
3.841896075755357742e-03
9.999275207519531250e-01
4.512357463681837544e-06
3.188622184097766876e-03
5.433083970274310559e-06
4.184791818261146545e-02
9.998094439506530762e-01
4.026378970593214035e-03
9.999299049377441406e-01
6.514483690261840820e-01
8.585630059242248535e-01
3.859888238366693258e-05
2.312138713023159653e-05
9.970043301582336426e-01
1.364135183393955231e-02
9.571253061294555664e-01
7.896040081977844238e-01
1.442558859707787633e-04
9.568505920469760895e-03
9.998624324798583984e-01
3.938307600037660450e-06
1.300995983183383942e-02
9.997256398200988770e-01
9.997788071632385254e-01
9.741234779357910156e-01
1.195690943859517574e-03
9.708234667778015137e-01
9.380435347557067871e-01
9.996951818466186523e-01
7.745638489723205566e-02
8.151091933250427246e-01
9.942882061004638672e-01
9.980011582374572754e-01
9.746813774108886719e-01
6.126409425633028150e-05
9.999535083770751953e-01
8.602960588177666068e-05
4.605537280440330505e-03
1.454095909139141440e-04
3.855733433738350868e-03
9.996057152748107910e-01
1.664344072341918945e-01
9.951077699661254883e-01
9.999600648880004883e-01
9.113805294036865234e-01
2.266082614660263062e-01
2.671519177965819836e-05
8.624596375739201903e-05
6.193703738972544670e-04
4.254039227962493896e-01
9.990696310997009277e-01
1.528121381998062134e-01
9.981556534767150879e-01
9.998393058776855469e-01
9.925978183746337891e-01
2.114409804344177246e-01
9.999401569366455078e-01
1.133793193730525672e-05
9.182804822921752930e-01
7.156949639320373535e-01
1.971630156040191650e-01
9.914108514785766602e-01
9.999431371688842773e-01
9.839594960212707520e-01
9.992553591728210449e-01
9.937965869903564453e-01
9.786245226860046387e-01
9.076609611511230469e-01
3.385166346561163664e-04
1.719760621199384332e-05
3.051732480525970459e-02
9.876573085784912109e-01
3.194230885128490627e-05
8.963675498962402344e-01
1.393696311424719170e-05
9.999461174011230469e-01
9.957343935966491699e-01
3.311992883682250977e-01
9.999637603759765625e-01
2.059989492408931255e-05
9.362122416496276855e-01
9.963899254798889160e-01
6.230029248399659991e-05
9.997891783714294434e-01
9.456472396850585938e-01
9.995899796485900879e-01
9.850302338600158691e-01
2.462974041700363159e-01
3.493933379650115967e-02
9.547720551490783691e-01
2.706342202145606279e-04
5.176986455917358398e-01
9.993902444839477539e-01
6.039865314960479736e-03
9.998968839645385742e-01
9.994782805442810059e-01
1.116832136176526546e-03
9.470471143722534180e-01
6.765119178453460336e-05
9.463464617729187012e-01
3.622584044933319092e-03
1.244357204996049404e-03
9.833074808120727539e-01
4.532203456619754434e-05
2.822209899022709578e-05
5.644884109497070312e-01
3.175760433077812195e-02
9.720606207847595215e-01
9.999101161956787109e-01
9.998001456260681152e-01
9.948827028274536133e-01
1.502597588114440441e-04
3.831642866134643555e-02
9.998854398727416992e-01
5.578120350837707520e-01
9.659723043441772461e-01
3.527587978169322014e-03
9.446293711662292480e-01
4.707860760390758514e-03
1.024712128128157929e-05
1.104792952537536621e-02
9.985978007316589355e-01
9.812719225883483887e-01
9.955720901489257812e-01
9.983283877372741699e-01
1.913125514984130859e-01
9.987047910690307617e-01
6.091885566711425781e-01
6.716686487197875977e-01
9.999129772186279297e-01
9.733691215515136719e-01
1.427950263023376465e-01
9.980091452598571777e-01
9.954552650451660156e-01
9.999653100967407227e-01
9.676187485456466675e-02
2.578804560471326113e-05
2.620918676257133484e-04
8.163523674011230469e-02
9.999725818634033203e-01
9.555168151855468750e-01
9.983727335929870605e-01
9.254949092864990234e-01
7.918387055397033691e-01
3.957185253966599703e-05
9.892047643661499023e-01
9.926630258560180664e-01
9.997323155403137207e-01
1.924331858754158020e-02
7.822677493095397949e-01
2.120985649526119232e-02
9.994660019874572754e-01
9.645147249102592468e-03
1.934111118316650391e-01
9.999330043792724609e-01
5.066060423851013184e-01
1.303542921959888190e-05
4.579117894172668457e-02
9.998508691787719727e-01
2.347877307329326868e-05
9.695993661880493164e-01
4.450492188334465027e-02
9.565585255622863770e-01
9.999744892120361328e-01
9.992520213127136230e-01
1.433361554518342018e-03
9.996362924575805664e-01
5.969608202576637268e-03
9.767310619354248047e-01
9.923887848854064941e-01
5.303614670992828906e-06
1.443848758935928345e-01
7.103991508483886719e-01
7.788978982716798782e-03
8.973934650421142578e-01
9.998069405555725098e-01
1.793212629854679108e-02
1.383222755976021290e-03
9.986535310745239258e-01
9.977775216102600098e-01
9.991776347160339355e-01
4.402967635542154312e-03
7.517895102500915527e-01
1.514395773410797119e-01
3.752775117754936218e-02
2.926170267164707184e-02
9.996616840362548828e-01
9.997438788414001465e-01
9.997517466545104980e-01
4.830159842967987061e-01
9.997703433036804199e-01
1.976070106029510498e-01
9.165765047073364258e-01
4.739796277135610580e-03
9.958155751228332520e-01
5.297355353832244873e-03
9.998220801353454590e-01
8.053044974803924561e-02
9.898737668991088867e-01
9.998224377632141113e-01
2.164026664104312658e-04
7.345119118690490723e-02
9.773907065391540527e-01
9.921737909317016602e-01
3.360544443130493164e-01
6.946697831153869629e-04
9.971739053726196289e-01
6.419867873191833496e-01
3.723994493484497070e-01
1.545716368127614260e-04
2.266383962705731392e-03
4.232435952872037888e-03
9.998431205749511719e-01
6.441336274147033691e-01
5.139935528859496117e-04
2.631846582517027855e-03
1.548356340208556503e-05
6.675495505332946777e-01
2.237528096884489059e-03
9.998965263366699219e-01
1.042964011430740356e-01
8.817403577268123627e-03
9.994303584098815918e-01
3.822622597217559814e-01
9.170440435409545898e-01
7.884444594383239746e-01
1.413496769964694977e-02
9.879614710807800293e-01
9.927520751953125000e-01
4.344049394130706787e-01
5.328365659806877375e-05
9.964534044265747070e-01
9.989861845970153809e-01
3.028738200664520264e-01
2.544403250794857740e-04
7.503122091293334961e-01
9.211320430040359497e-02
1.206999695568811148e-05
1.357414107769727707e-02
9.995779395103454590e-01
3.685611858963966370e-02
8.163639307022094727e-01
1.367922872304916382e-03
9.979426264762878418e-01
2.744717001914978027e-01
7.415581494569778442e-04
6.914752125740051270e-01
6.416298151016235352e-01
9.999738931655883789e-01
1.694815146038308740e-04
9.998043179512023926e-01
9.999316930770874023e-01
1.478097885847091675e-01
9.896218776702880859e-01
9.779984951019287109e-01
3.662072420120239258e-01
8.082163929939270020e-01
5.057141243014484644e-05
2.040778053924441338e-04
9.203055500984191895e-01
9.985789060592651367e-01
2.008865587413311005e-03
9.999653100967407227e-01
5.026863436796702445e-05
8.371684816665947437e-04
8.486326805723365396e-06
6.282750746322562918e-06
5.833559632301330566e-01
4.337809607386589050e-02
9.978402853012084961e-01
7.841584682464599609e-01
6.409566849470138550e-03
7.444763183593750000e-01
9.372878074645996094e-01
6.952527165412902832e-01
3.803199231624603271e-01
5.053539872169494629e-01
7.999847002793103456e-05
9.986171722412109375e-01
9.808028936386108398e-01
8.948541108111385256e-06
5.769432187080383301e-01
1.493107538408366963e-05
9.999819993972778320e-01
8.341037631034851074e-01
9.999122619628906250e-01
4.380104597657918930e-03
9.720436334609985352e-01
8.511478900909423828e-01
5.403668284416198730e-01
1.623735079192556441e-05
9.419309496879577637e-01
8.970015496015548706e-02
9.991199374198913574e-01
9.994673132896423340e-01
1.869393308879807591e-04
3.558583557605743408e-04
7.085943252604920417e-06
9.919507503509521484e-01
4.193924905848689377e-05
3.809353336691856384e-03
9.941165447235107422e-01
3.353184865773073398e-06
2.055276185274124146e-01
3.701885230839252472e-03
9.935304522514343262e-01
7.100458443164825439e-02
9.997257590293884277e-01
1.505373627878725529e-03
9.998821020126342773e-01
1.537820025987457484e-05
8.525848388671875000e-01
9.998663663864135742e-01
9.974600672721862793e-01
9.134241342544555664e-01
4.552163300104439259e-04
9.999655485153198242e-01
9.947127699851989746e-01
5.199750065803527832e-01
9.941177368164062500e-01
3.371084481477737427e-02
9.987725615501403809e-01
9.983217120170593262e-01
9.844414591789245605e-01
6.190578937530517578e-01
3.535939753055572510e-02
9.829192161560058594e-01
8.689038753509521484e-01
9.970603585243225098e-01
9.997612833976745605e-01
8.111888170242309570e-01
9.993451237678527832e-01
9.996384382247924805e-01
9.479205012321472168e-01
3.425614908337593079e-03
1.076296437531709671e-02
5.720927380025386810e-03
9.895489215850830078e-01
9.978402853012084961e-01
9.991406202316284180e-01
9.994906187057495117e-01
3.257894059061072767e-05
4.567119777202606201e-01
9.959762692451477051e-01
9.966871142387390137e-01
2.857514800780336373e-06
1.460320055484771729e-01
9.984264373779296875e-01
4.931009709835052490e-01
2.930577397346496582e-01
1.951579898595809937e-01
9.997457861900329590e-01
9.990493655204772949e-01
9.951921701431274414e-01
4.399619698524475098e-01
1.467849244363605976e-03
6.887952685356140137e-01
7.647725396964233369e-06
9.998810291290283203e-01
1.757721533067524433e-03
1.518290340900421143e-01
9.740316271781921387e-01
9.990129470825195312e-01
1.703338493825867772e-04
9.704242348670959473e-01
1.124518737196922302e-02
9.979244470596313477e-01
9.899202585220336914e-01
9.995785355567932129e-01
1.564482692629098892e-03
9.955204725265502930e-01
3.418088257312774658e-01
4.646615343517623842e-05
9.863487482070922852e-01
9.949638843536376953e-01
9.999334812164306641e-01
9.906979203224182129e-01
9.477924704551696777e-01
1.004872246994636953e-04
9.997557997703552246e-01
9.993247985839843750e-01
3.010629713535308838e-01
4.850809574127197266e-01
3.702387912198901176e-03
9.999433755874633789e-01
1.661756250541657209e-04
9.996793270111083984e-01
9.996511936187744141e-01
2.680213376879692078e-02
3.493313211947679520e-03
9.999030828475952148e-01
4.600080847740173340e-01
2.410836704075336456e-02
9.986937642097473145e-01
4.803393385373055935e-04
9.983213543891906738e-01
9.913132786750793457e-01
9.995771050453186035e-01
7.839493453502655029e-03
2.006513029336929321e-01
9.702812433242797852e-01
9.882855415344238281e-01
5.184720270335674286e-03
9.431363940238952637e-01
9.997722506523132324e-01
9.969459176063537598e-01
9.997672438621520996e-01
6.805302947759628296e-02
9.897251129150390625e-01
1.521809697151184082e-01
9.999147653579711914e-01
9.994459748268127441e-01
9.706559777259826660e-01
9.960494637489318848e-01
7.581990757898893207e-06
8.590384125709533691e-01
1.915076609293464571e-05
4.699511919170618057e-05
6.092102527618408203e-01
4.639940336346626282e-03
7.890204787254333496e-01
9.999133348464965820e-01
9.955451488494873047e-01
5.957034975290298462e-02
9.999245405197143555e-01
9.999063014984130859e-01
5.493654012680053711e-01
9.986359477043151855e-01
6.411784887313842773e-02
9.675015211105346680e-01
9.970479607582092285e-01
5.863436963409185410e-03
9.975882768630981445e-01
9.986425042152404785e-01
9.974178075790405273e-01
3.601641058921813965e-01
3.964203409850597382e-03
9.999731779098510742e-01
3.643581271171569824e-01
1.696149469353258610e-03
8.457327261567115784e-03
1.173775717616081238e-01
9.995756745338439941e-01
1.936619356274604797e-02
9.999088048934936523e-01
5.144745809957385063e-04
9.982724189758300781e-01
3.635832667350769043e-01
9.996484518051147461e-01
7.818923890590667725e-02
4.574666672851890326e-05
9.820167422294616699e-01
7.858141179895028472e-05
2.122887235600501299e-05
9.995648264884948730e-01
9.998521804809570312e-01
1.269097538170171902e-05
6.250550086406292394e-06
8.620049357414245605e-01
4.048956334590911865e-01
9.988347887992858887e-01
4.710798675660043955e-04
2.037925086915493011e-02
4.082293063402175903e-02
9.989956021308898926e-01
9.995238780975341797e-01
9.948441982269287109e-01
1.431707732990616933e-05
9.987208247184753418e-01
7.670913338661193848e-01
9.567974805831909180e-01
9.994261264801025391e-01
1.485588997602462769e-01
9.999028444290161133e-01
9.997628331184387207e-01
9.363247081637382507e-03
8.073749020695686340e-03
9.010882377624511719e-01
9.998477697372436523e-01
1.095012724399566650e-01
5.738827167078852654e-04
3.995578736066818237e-04
9.992308616638183594e-01
6.889075040817260742e-01
9.990833997726440430e-01
7.313150763511657715e-01
7.702556848526000977e-01
9.994097948074340820e-01
5.358327689464204013e-05
1.864563819253817201e-04
9.999240636825561523e-01
3.364190051797777414e-04
9.899519085884094238e-01
9.998518228530883789e-01
9.992795586585998535e-01
2.338629710720852017e-04
9.487607712799217552e-06
8.515896201133728027e-01
5.463630557060241699e-01
3.487650246825069189e-05
9.999139308929443359e-01
4.779062699526548386e-03
1.778963766992092133e-02
3.339481736475136131e-06
9.971120357513427734e-01
9.797059893608093262e-01
9.598646163940429688e-01
7.997983098030090332e-01
9.623783230781555176e-01
8.261748916993383318e-06
2.086054446408525109e-04
9.904478788375854492e-01
3.643801510334014893e-01
1.769756674766540527e-01
9.999419450759887695e-01
5.226986104389652610e-05
3.752316115424036980e-04
9.402229189872741699e-01
5.717660188674926758e-01
8.626654744148254395e-01
9.920720942318439484e-03
2.740554511547088623e-03
4.400390684604644775e-01
6.568499207496643066e-01
9.993932247161865234e-01
2.005327492952346802e-02
1.463693100959062576e-03
1.190473907627165318e-03
2.923801948782056570e-04
4.288060665130615234e-01
9.998670816421508789e-01
1.550494780531153083e-04
7.913434505462646484e-01
1.282423152588307858e-03
4.707438349723815918e-01
9.717866182327270508e-01
9.215691685676574707e-01
2.994123101234436035e-01
2.463633753359317780e-02
3.806319364230148494e-05
5.215026612859219313e-05
9.998769760131835938e-01
9.998878240585327148e-01
9.365072250366210938e-01
2.118292301893234253e-01
9.985614418983459473e-01
6.335460115224123001e-03
2.962693688459694386e-04
3.816569149494171143e-01
9.973874688148498535e-01
4.533563624136149883e-04
1.241775862581562251e-05
9.986829161643981934e-01
9.363247081637382507e-03
9.572330117225646973e-01
9.997650980949401855e-01
1.828859746456146240e-01
9.777151717571541667e-05
9.936218857765197754e-01
5.117036380397621542e-06
1.295529364142566919e-05
9.782747030258178711e-01
9.398097991943359375e-01
1.577810049057006836e-01
9.997851252555847168e-01
9.415429234504699707e-01
6.643488537520170212e-03
7.705760002136230469e-02
1.092810765840113163e-03
9.979608058929443359e-01
3.481731284409761429e-03
9.875112771987915039e-01
3.072726074606180191e-03
9.999619722366333008e-01
9.891662001609802246e-01
3.227266715839505196e-03
3.643858432769775391e-01
9.999303817749023438e-01
9.919201135635375977e-01
9.222827553749084473e-01
9.986873269081115723e-01
1.207671521115116775e-04
9.988477230072021484e-01
4.221131801605224609e-01
1.333688851445913315e-04
9.999492168426513672e-01
1.199784583150176331e-05
1.992505567613989115e-04
7.991420716280117631e-06
3.215401172637939453e-01
4.402905688039027154e-06
1.918673049658536911e-03
9.853579998016357422e-01
5.230670571327209473e-01
9.993149042129516602e-01
9.995003938674926758e-01
6.456910967826843262e-01
9.775880575180053711e-01
9.982249140739440918e-01
9.994389414787292480e-01
9.929963946342468262e-01
9.839038848876953125e-01
9.999165534973144531e-01
1.628928701393306255e-03
9.997180104255676270e-01
9.944004416465759277e-01
2.664948988240212202e-04
3.972561955451965332e-01
9.977000355720520020e-01
9.995298385620117188e-01
9.995124340057373047e-01
6.100646853446960449e-01
4.979458171874284744e-04
1.069146128429565579e-05
3.331322659505531192e-06
9.999659061431884766e-01
8.761656317801680416e-06
9.976381063461303711e-01
8.466123108519241214e-05
9.996618032455444336e-01
9.996212720870971680e-01
9.976004958152770996e-01
9.982296824455261230e-01
8.286169759230688214e-06
3.203662484884262085e-02
7.560993544757366180e-03
1.315670378971844912e-04
6.139653325080871582e-01
9.999128580093383789e-01
9.773523211479187012e-01
9.992249011993408203e-01
5.259021185338497162e-03
2.196088607888668776e-04
9.998094439506530762e-01
9.988499879837036133e-01
5.103561306896153837e-06
1.546763378428295255e-04
9.928649663925170898e-01
9.977102279663085938e-01
7.626870274543762207e-01
1.252332478761672974e-01
9.978278279304504395e-01
8.063917607069015503e-02
9.773004055023193359e-01
4.260542918927967548e-04
1.220889240503311157e-01
9.800662994384765625e-01
3.785409778356552124e-02
2.066549658775329590e-02
4.380163848400115967e-01
1.416237503290176392e-01
1.949842902831733227e-03
9.983620047569274902e-01
9.991438388824462891e-01
9.996347427368164062e-01
7.266501779668033123e-04
4.884687252342700958e-03
9.679813981056213379e-01
9.871343970298767090e-01
4.605113190336851403e-06
3.962351381778717041e-01
8.572742342948913574e-02
4.729910492897033691e-01
8.063876628875732422e-01
9.493226408958435059e-01
9.365454912185668945e-01
2.695533839869312942e-05
3.208766579627990723e-01
2.145186532288789749e-03
9.985658526420593262e-01
4.465983714908361435e-03
3.338212554808706045e-04
7.494723377021728083e-06
9.773917198181152344e-01
2.250287361675873399e-04
4.807081520557403564e-01
5.349746942520141602e-01
9.983108043670654297e-01
9.634939432144165039e-01
9.978361725807189941e-01
9.998672008514404297e-01
9.999521970748901367e-01
9.999134540557861328e-01
9.656901955604553223e-01
1.959607005119323730e-01
8.483956456184387207e-01
9.998822212219238281e-01
1.940859109163284302e-01
5.422030808404088020e-04
8.938018436310812831e-05
3.699820861220359802e-02
9.902178645133972168e-01
1.737219427013769746e-04
3.397869022592203692e-06
6.723665595054626465e-01
9.222205877304077148e-01
9.580985903739929199e-01
4.198557697236537933e-03
8.711184263229370117e-01
1.293482333421707153e-01
6.842691218480467796e-04
1.948098069988191128e-03
9.995668530464172363e-01
9.992067217826843262e-01
3.412666320800781250e-01
5.305011272430419922e-01
9.999738931655883789e-01
1.287203194806352258e-04
9.894341826438903809e-01
9.997344613075256348e-01
9.999672174453735352e-01
9.939382076263427734e-01
9.999499320983886719e-01
5.444849375635385513e-03
9.409713149070739746e-01
7.294786428246879950e-06
8.786582946777343750e-01
6.700031459331512451e-02
9.802176952362060547e-01
9.947100877761840820e-01
8.758442997932434082e-01
9.978644251823425293e-01
5.988244447507895529e-05
2.969975955784320831e-02
6.501735448837280273e-01
9.590203762054443359e-01
9.999854564666748047e-01
1.641589100472629070e-03
1.546168095956090838e-05
3.375713229179382324e-01
9.284626245498657227e-01
1.089458382921293378e-04
3.639564674813300371e-04
9.997223019599914551e-01
9.916785955429077148e-01
2.874757774407044053e-05
5.061220377683639526e-03
7.295728325843811035e-01
1.078904897440224886e-04
4.803072952199727297e-04
9.454108294448815286e-06
2.915046934504061937e-06
9.931815266609191895e-01
7.427473664283752441e-01
1.795649441191926599e-04
3.558091293598408811e-06
8.850598824210464954e-04
3.356957749929279089e-04
6.805497687309980392e-04
9.958933591842651367e-01
2.994286827743053436e-02
9.995105266571044922e-01
9.995893836021423340e-01
1.964694261550903320e-02
9.999536275863647461e-01
1.080892798199784011e-05
9.998462200164794922e-01
4.934667944908142090e-01
1.310860645025968552e-02
2.560108006000518799e-01
9.996894598007202148e-01
9.989812970161437988e-01
1.942859590053558350e-01
3.663350343704223633e-01
7.792496035108342767e-05
3.922736595995957032e-06
9.919745326042175293e-01
2.042856439948081970e-02
9.084206249099224806e-05
9.999336004257202148e-01
8.969621658325195312e-01
9.571844935417175293e-01
8.897435665130615234e-01
2.889057099819183350e-01
1.648684992687776685e-04
8.137394615914672613e-06
7.631721496582031250e-01
9.465215802192687988e-01
9.999738931655883789e-01
9.827006459236145020e-01
1.118739135563373566e-03
9.959911704063415527e-01
3.211020231246948242e-01
9.998831748962402344e-01
9.996443986892700195e-01
1.250736022484488785e-05
9.999765157699584961e-01
5.122661590576171875e-01
2.044378925347700715e-04
9.470650553703308105e-01
9.999781847000122070e-01
9.248733520507812500e-01
5.576264811679720879e-04
9.599197506904602051e-01
2.193622458435129374e-05
9.989547729492187500e-01
9.999041557312011719e-01
2.570027754700277001e-05
9.995883107185363770e-01
2.345960289239883423e-01
3.945492790080606937e-05
1.112362602725625038e-03
5.756102036684751511e-04
7.686058282852172852e-01
2.726105786859989166e-02
3.302169144153594971e-01
9.947788715362548828e-01
2.579286592663265765e-05
9.624398946762084961e-01
9.995197057723999023e-01
4.421822726726531982e-01
1.675951778888702393e-01
9.997697472572326660e-01
9.999067783355712891e-01
9.872694015502929688e-01
9.684565663337707520e-01
4.289793968200683594e-01
9.965050220489501953e-01
9.929948449134826660e-01
1.102741734939627349e-04
5.387226492166519165e-02
9.621777534484863281e-01
7.144046425819396973e-01
1.040000934153795242e-04
9.995305538177490234e-01
4.707580083049833775e-04
1.583000121172517538e-04
9.986199140548706055e-01
9.992377758026123047e-01
9.998705387115478516e-01
8.790453076362609863e-01
9.896607398986816406e-01
4.302724003791809082e-01
9.978266358375549316e-01
3.951218444854021072e-03
9.909641742706298828e-01
9.833533763885498047e-01
8.309183716773986816e-01
9.952459931373596191e-01
9.999555349349975586e-01
3.012661635875701904e-01
9.997983574867248535e-01
9.992657303810119629e-01
7.367526888847351074e-01
9.999806880950927734e-01
9.906567335128784180e-01
9.998281002044677734e-01
7.881895303726196289e-01
8.182091116905212402e-01
6.430076360702514648e-01
9.735406041145324707e-01
9.402229189872741699e-01
9.382534623146057129e-01
9.327210783958435059e-01
6.871713399887084961e-01
9.898230433464050293e-01
2.758636401267722249e-05
1.697127148509025574e-02
9.998150467872619629e-01
2.122101606801152229e-03
1.161489344667643309e-04
9.999432563781738281e-01
7.591510075144469738e-04
2.575181126594543457e-01
9.997283816337585449e-01
9.999513626098632812e-01
2.107510576024651527e-03
2.867849916219711304e-02
2.736274618655443192e-04
3.533653020858764648e-01
9.995911717414855957e-01
9.448729542782530189e-05
6.124667706899344921e-04
9.997021555900573730e-01
9.950199127197265625e-01
4.616228044033050537e-01
5.084505304694175720e-02
2.884497866034507751e-03
9.946025013923645020e-01
2.068866342597175390e-05
3.593447385355830193e-03
1.633416488766670227e-02
9.712230563163757324e-01
9.999599456787109375e-01
3.759218088816851377e-05
4.885602593421936035e-01
3.344366850797086954e-04
2.880116226151585579e-04
9.998652935028076172e-01
9.997816681861877441e-01
9.888295531272888184e-01
2.137949876487255096e-02
5.378642981668235734e-06
7.485479000024497509e-05
1.729943044483661652e-02
1.872282624244689941e-01
9.864827990531921387e-01
6.169642880558967590e-02
7.539349794387817383e-01
1.888369396328926086e-02
9.962757825851440430e-01
9.989763498306274414e-01
9.788461923599243164e-01
9.908672571182250977e-01
6.063427008484723046e-06
9.961471557617187500e-01
8.350268006324768066e-01
9.521436095237731934e-01
1.709216303424909711e-05
1.204420104622840881e-01
9.999574422836303711e-01
7.067224979400634766e-01
9.958985447883605957e-01
9.997853636741638184e-01
9.981429576873779297e-01
9.962528944015502930e-01
4.663961231708526611e-01
1.676997089816723019e-05
2.086359262466430664e-01
5.084171295166015625e-01
8.999967575073242188e-01
9.999821186065673828e-01
3.274074333603493869e-05
5.078133835922926664e-05
9.989664554595947266e-01
9.996604919433593750e-01
2.387702278792858124e-02
9.833162426948547363e-01
1.663973368704319000e-02
9.992198944091796875e-01
9.998000264167785645e-01
2.482461556792259216e-02
2.376362532377243042e-01
9.857761263847351074e-01
9.997989535331726074e-01
5.387569069862365723e-01
8.747162818908691406e-01
1.471838331781327724e-03
9.996004700660705566e-01
9.995058774948120117e-01
4.537025233730673790e-05
1.044483269652118906e-05
2.360931102884933352e-05
9.987736344337463379e-01
9.829767942428588867e-01
4.853806458413600922e-04
9.756081700325012207e-01
9.998389482498168945e-01
9.998256564140319824e-01
3.333041444420814514e-03
7.944679260253906250e-01
9.999378919601440430e-01
4.380568116903305054e-02
1.135780476033687592e-03
9.985330104827880859e-01
9.999142885208129883e-01
2.936514647444710135e-05
9.997093081474304199e-01
9.964459538459777832e-01
2.704701125621795654e-01
7.795577403157949448e-03
3.117550295428372920e-05
1.558007905259728432e-03
7.716575055383145809e-05
9.998780488967895508e-01
9.526710510253906250e-01
9.999651908874511719e-01
9.982929825782775879e-01
3.980718553066253662e-02
9.999161958694458008e-01
2.342789375688880682e-04
9.999501705169677734e-01
9.964038133621215820e-01
7.519909739494323730e-01
9.933747649192810059e-01
2.383146966167259961e-05
3.904955387115478516e-01
9.649879932403564453e-01
9.973681569099426270e-01
8.617800474166870117e-02
8.424823880195617676e-01
6.183336973190307617e-01
9.984387755393981934e-01
6.626623217016458511e-04
6.111936271190643311e-02
4.537875056266784668e-01
9.991950392723083496e-01
8.351559042930603027e-01
2.003294182941317558e-03
2.474370994605123997e-04
9.855505228042602539e-01
5.061733722686767578e-01
9.618431795388460159e-04
5.421515703201293945e-01
5.674360636476194486e-06
2.155534166377037764e-04
9.990855455398559570e-01
2.300284337252378464e-03
9.998914003372192383e-01
3.497712314128875732e-01
8.301406353712081909e-02
9.516986608505249023e-01
9.997565150260925293e-01
9.997946619987487793e-01
1.067624315619468689e-01
6.232683081179857254e-04
4.377884790301322937e-02
9.991436004638671875e-01
9.978213310241699219e-01
9.987088441848754883e-01
5.176352569833397865e-04
8.087142109870910645e-01
9.464274644851684570e-01
9.995805621147155762e-01
9.946190118789672852e-01
1.327150384895503521e-04
8.008113503456115723e-01
5.141801666468381882e-04
3.095498308539390564e-02
9.992057681083679199e-01
9.883800745010375977e-01
1.943275332450866699e-01
2.705634979065507650e-04
4.856400191783905029e-04
3.405012248549610376e-04
8.412857055664062500e-01
9.941476583480834961e-01
9.794786572456359863e-01
9.997996687889099121e-01
9.995914101600646973e-01
9.994937181472778320e-01
2.942737482953816652e-04
8.466608705930411816e-04
6.206275224685668945e-01
2.435201167827472091e-04
1.139517735282424837e-05
1.306840113102225587e-05
9.828541278839111328e-01
8.117346763610839844e-01
9.949868917465209961e-01
9.933052659034729004e-01
2.429399639368057251e-03
9.996674060821533203e-01
9.869523048400878906e-01
9.875366091728210449e-01
9.999322891235351562e-01
9.291016459465026855e-01
9.995600581169128418e-01
2.113929949700832367e-04
4.560871981084346771e-03
8.500033020973205566e-01
8.651969954371452332e-03
9.999414682388305664e-01
9.777146577835083008e-01
9.998169541358947754e-01
9.998357295989990234e-01
2.921682380474521779e-06
9.806303381919860840e-01
1.838364551076665521e-04
4.288700819015502930e-01
9.979969859123229980e-01
