7.437465786933898926e-01
7.661836743354797363e-01
6.982790827751159668e-01
6.795583367347717285e-01
6.644214987754821777e-01
7.219048738479614258e-01
6.520417332649230957e-01
7.234951853752136230e-01
4.659168422222137451e-01
7.282594442367553711e-01
7.022021412849426270e-01
7.045373916625976562e-01
6.594436764717102051e-01
7.090278267860412598e-01
7.225144505500793457e-01
7.313373684883117676e-01
7.538591027259826660e-01
7.005274295806884766e-01
6.979993581771850586e-01
7.971146106719970703e-01
7.745670676231384277e-01
7.150747776031494141e-01
6.395860910415649414e-01
7.686878442764282227e-01
6.838226318359375000e-01
7.763018012046813965e-01
6.825855970382690430e-01
7.430965900421142578e-01
7.003350853919982910e-01
7.366019487380981445e-01
6.342403888702392578e-01
7.012161612510681152e-01
7.828703522682189941e-01
7.205625772476196289e-01
7.386739253997802734e-01
7.448384165763854980e-01
7.777737379074096680e-01
7.471499443054199219e-01
6.511287689208984375e-01
6.591831445693969727e-01
6.980512142181396484e-01
2.675879001617431641e-01
7.057612538337707520e-01
6.604890227317810059e-01
7.532164454460144043e-01
6.450651884078979492e-01
6.174340844154357910e-01
6.824317574501037598e-01
6.257764101028442383e-01
6.491532325744628906e-01
6.741863489151000977e-01
5.908910036087036133e-01
6.618909239768981934e-01
5.933960676193237305e-01
6.008343100547790527e-01
6.590209603309631348e-01
6.912150382995605469e-01
3.784460127353668213e-01
6.243370175361633301e-01
7.087621092796325684e-01
7.189209461212158203e-01
7.346133589744567871e-01
7.027578353881835938e-01
7.342457771301269531e-01
6.958482861518859863e-01
6.996567845344543457e-01
7.358090281486511230e-01
7.293652892112731934e-01
6.588092446327209473e-01
7.622115015983581543e-01
7.179136276245117188e-01
5.580232143402099609e-01
7.261871695518493652e-01
6.943913102149963379e-01
2.842548191547393799e-01
7.464633584022521973e-01
7.306756973266601562e-01
7.398954629898071289e-01
7.624216675758361816e-01
6.704160571098327637e-01
6.887565851211547852e-01
7.563505172729492188e-01
6.295188665390014648e-01
7.661477923393249512e-01
6.936659812927246094e-01
7.265825867652893066e-01
6.615853309631347656e-01
6.907681226730346680e-01
7.577487826347351074e-01
6.978035569190979004e-01
7.077988386154174805e-01
7.321129441261291504e-01
6.744244694709777832e-01
7.607275247573852539e-01
4.490953981876373291e-01
6.702121496200561523e-01
5.698711872100830078e-01
7.170248627662658691e-01
6.193190217018127441e-01
7.213049530982971191e-01
6.804526448249816895e-01
6.699483394622802734e-01
7.248752117156982422e-01
6.650123000144958496e-01
7.206924557685852051e-01
6.935061812400817871e-01
7.539622187614440918e-01
6.420153975486755371e-01
6.922490596771240234e-01
7.309087514877319336e-01
6.790723800659179688e-01
7.665528655052185059e-01
7.013660669326782227e-01
6.703889966011047363e-01
6.905763745307922363e-01
6.826386451721191406e-01
7.417114973068237305e-01
7.759566307067871094e-01
6.838152408599853516e-01
6.229690909385681152e-01
7.023645043373107910e-01
5.570399761199951172e-01
7.003874778747558594e-01
7.524808049201965332e-01
6.761894822120666504e-01
5.788165926933288574e-01
7.039199471473693848e-01
6.203361749649047852e-01
6.717172861099243164e-01
7.407681345939636230e-01
7.146263122558593750e-01
7.028554677963256836e-01
6.482274532318115234e-01
6.029648780822753906e-01
7.235327959060668945e-01
7.567770481109619141e-01
7.331888079643249512e-01
7.360641360282897949e-01
6.243420839309692383e-01
7.347070574760437012e-01
7.583220601081848145e-01
7.136167287826538086e-01
2.876745462417602539e-01
7.485890984535217285e-01
7.088066339492797852e-01
7.458531260490417480e-01
7.191561460494995117e-01
7.601813673973083496e-01
7.465929388999938965e-01
7.069290280342102051e-01
7.892034649848937988e-01
7.196493744850158691e-01
5.740259289741516113e-01
6.829323172569274902e-01
6.310836076736450195e-01
6.485067009925842285e-01
7.775245308876037598e-01
7.039258480072021484e-01
3.286045491695404053e-01
6.965483427047729492e-01
7.377679944038391113e-01
7.479025125503540039e-01
7.255048155784606934e-01
5.873511433601379395e-01
7.802964448928833008e-01
7.412236928939819336e-01
3.191874921321868896e-01
7.293466329574584961e-01
7.593849897384643555e-01
7.102105021476745605e-01
7.795233726501464844e-01
5.786822438240051270e-01
5.447286367416381836e-01
3.622370958328247070e-01
7.499738335609436035e-01
7.008935213088989258e-01
7.205112576484680176e-01
6.989817023277282715e-01
6.775548458099365234e-01
7.583579421043395996e-01
7.803860306739807129e-01
7.117297649383544922e-01
7.247678041458129883e-01
6.485814452171325684e-01
6.938754916191101074e-01
7.296613454818725586e-01
7.051852941513061523e-01
7.301740050315856934e-01
6.897380352020263672e-01
6.407116055488586426e-01
6.511996388435363770e-01
5.822476148605346680e-01
5.046988725662231445e-01
6.442838311195373535e-01
6.966586112976074219e-01
6.377250552177429199e-01
6.397613286972045898e-01
4.509723186492919922e-01
6.994345188140869141e-01
7.683811783790588379e-01
7.503748536109924316e-01
7.173450589179992676e-01
7.768108844757080078e-01
5.910929441452026367e-01
2.770245373249053955e-01
6.256845593452453613e-01
6.661476492881774902e-01
7.385740876197814941e-01
6.458547711372375488e-01
7.065069079399108887e-01
7.985829710960388184e-01
7.125174999237060547e-01
7.054816484451293945e-01
6.501089334487915039e-01
7.198955416679382324e-01
7.225559949874877930e-01
7.282971739768981934e-01
6.227840185165405273e-01
5.776693820953369141e-01
7.515212297439575195e-01
6.916163563728332520e-01
6.773245930671691895e-01
6.925501227378845215e-01
7.018973231315612793e-01
6.056457757949829102e-01
7.484168410301208496e-01
6.881159543991088867e-01
7.686306238174438477e-01
7.162582278251647949e-01
7.214826941490173340e-01
7.446521520614624023e-01
7.559416890144348145e-01
6.071565747261047363e-01
7.597513198852539062e-01
2.918530404567718506e-01
6.604866385459899902e-01
7.148047685623168945e-01
7.485639452934265137e-01
6.593387722969055176e-01
6.176100969314575195e-01
6.625259518623352051e-01
7.374348640441894531e-01
7.095344066619873047e-01
6.142842173576354980e-01
7.524657845497131348e-01
7.345042228698730469e-01
7.263454198837280273e-01
7.065391540527343750e-01
7.004825472831726074e-01
7.475107312202453613e-01
7.169283032417297363e-01
7.203601002693176270e-01
7.320927381515502930e-01
7.435765266418457031e-01
7.124773263931274414e-01
7.139644026756286621e-01
7.026110887527465820e-01
3.088931739330291748e-01
7.161968350410461426e-01
7.101708650588989258e-01
7.560797333717346191e-01
7.700003385543823242e-01
7.019810080528259277e-01
6.351063847541809082e-01
7.524679899215698242e-01
7.507757544517517090e-01
7.617961764335632324e-01
6.123055219650268555e-01
6.757968068122863770e-01
7.305522561073303223e-01
6.803143620491027832e-01
6.868432760238647461e-01
7.750093340873718262e-01
6.200984716415405273e-01
7.111447453498840332e-01
6.378947496414184570e-01
7.228359580039978027e-01
5.848705172538757324e-01
6.250077486038208008e-01
6.971161961555480957e-01
7.141708135604858398e-01
6.708327531814575195e-01
6.900992989540100098e-01
6.958563923835754395e-01
7.093914151191711426e-01
7.420912981033325195e-01
6.813150048255920410e-01
7.445197701454162598e-01
5.593950748443603516e-01
7.646682262420654297e-01
7.421290278434753418e-01
6.257255077362060547e-01
2.633527219295501709e-01
6.614965200424194336e-01
7.227069735527038574e-01
7.605105638504028320e-01
7.341537475585937500e-01
7.030195593833923340e-01
7.174135446548461914e-01
6.484074592590332031e-01
7.242653965950012207e-01
7.069472670555114746e-01
7.025302648544311523e-01
7.291544079780578613e-01
7.438552975654602051e-01
6.949182748794555664e-01
7.082100510597229004e-01
6.601793169975280762e-01
7.631515264511108398e-01
6.559215188026428223e-01
7.378405332565307617e-01
6.790724396705627441e-01
6.952325701713562012e-01
6.750794649124145508e-01
6.126047968864440918e-01
7.535958886146545410e-01
7.622457742691040039e-01
6.904109120368957520e-01
6.974382400512695312e-01
6.879684329032897949e-01
6.558975577354431152e-01
7.390056252479553223e-01
6.231669783592224121e-01
7.696440219879150391e-01
6.753709912300109863e-01
6.898453235626220703e-01
7.126863002777099609e-01
7.336134314537048340e-01
7.539637088775634766e-01
6.996083855628967285e-01
6.822028160095214844e-01
4.066826999187469482e-01
6.897356510162353516e-01
5.380185842514038086e-01
7.536081075668334961e-01
5.607032179832458496e-01
3.208413124084472656e-01
6.639615297317504883e-01
6.912633776664733887e-01
6.456311345100402832e-01
5.766161084175109863e-01
7.540757060050964355e-01
4.808257818222045898e-01
6.490250229835510254e-01
7.158994674682617188e-01
7.349071502685546875e-01
6.174792051315307617e-01
6.353085041046142578e-01
6.894934177398681641e-01
6.750673055648803711e-01
7.301740050315856934e-01
6.802890896797180176e-01
7.599582672119140625e-01
6.317295432090759277e-01
6.525992155075073242e-01
6.372790932655334473e-01
6.074488162994384766e-01
7.154316306114196777e-01
6.757924556732177734e-01
6.647336483001708984e-01
7.612115144729614258e-01
7.165309786796569824e-01
7.078747153282165527e-01
6.161646842956542969e-01
6.795489192008972168e-01
7.458984255790710449e-01
6.421546936035156250e-01
7.745334506034851074e-01
6.717504858970642090e-01
5.454533100128173828e-01
7.387406826019287109e-01
4.862718582153320312e-01
7.550650238990783691e-01
7.576546669006347656e-01
6.781739592552185059e-01
7.469904422760009766e-01
7.488986253738403320e-01
7.107717990875244141e-01
6.754455566406250000e-01
7.318117618560791016e-01
7.117030620574951172e-01
4.302690029144287109e-01
6.617673635482788086e-01
6.301335692405700684e-01
7.540214657783508301e-01
7.531725168228149414e-01
7.398129701614379883e-01
6.647219657897949219e-01
5.974923372268676758e-01
6.679235100746154785e-01
3.724005222320556641e-01
6.793087720870971680e-01
5.783988237380981445e-01
7.348225712776184082e-01
7.355027198791503906e-01
6.746482253074645996e-01
6.947606205940246582e-01
7.358959913253784180e-01
7.198873162269592285e-01
7.030612826347351074e-01
6.561158895492553711e-01
7.592564225196838379e-01
7.332800626754760742e-01
5.287773609161376953e-01
3.790103793144226074e-01
6.600931882858276367e-01
7.213784456253051758e-01
7.145020961761474609e-01
7.027536034584045410e-01
5.126365423202514648e-01
7.085170745849609375e-01
7.141686081886291504e-01
7.790647745132446289e-01
7.475114464759826660e-01
7.264727354049682617e-01
7.799952030181884766e-01
7.260355949401855469e-01
6.465665102005004883e-01
7.277233004570007324e-01
6.609805822372436523e-01
7.440131902694702148e-01
7.447143197059631348e-01
4.042316973209381104e-01
6.502307057380676270e-01
7.164630889892578125e-01
7.204157114028930664e-01
6.426877379417419434e-01
7.732412219047546387e-01
6.483932137489318848e-01
7.597125768661499023e-01
6.402280926704406738e-01
6.898353099822998047e-01
3.362442553043365479e-01
7.708680629730224609e-01
6.665034294128417969e-01
7.520991563796997070e-01
7.033113837242126465e-01
6.446310281753540039e-01
7.156875133514404297e-01
6.941620707511901855e-01
7.062340974807739258e-01
7.264654636383056641e-01
6.845652461051940918e-01
4.711337983608245850e-01
6.887586116790771484e-01
6.568958163261413574e-01
7.234077453613281250e-01
3.961970806121826172e-01
7.353868484497070312e-01
6.973704695701599121e-01
6.982650756835937500e-01
5.499369502067565918e-01
4.871659576892852783e-01
5.823096036911010742e-01
7.319061756134033203e-01
7.012644410133361816e-01
7.599005699157714844e-01
7.869941592216491699e-01
7.013413310050964355e-01
7.653334140777587891e-01
7.319288849830627441e-01
7.045065760612487793e-01
5.589727163314819336e-01
7.591858506202697754e-01
6.014983654022216797e-01
7.427365183830261230e-01
7.357700467109680176e-01
7.122119665145874023e-01
7.060646414756774902e-01
7.843748927116394043e-01
7.044775485992431641e-01
5.943416357040405273e-01
7.322190403938293457e-01
6.890979409217834473e-01
7.471195459365844727e-01
6.981431841850280762e-01
7.385307550430297852e-01
6.616905927658081055e-01
6.349551677703857422e-01
6.974773406982421875e-01
5.991742014884948730e-01
7.346339821815490723e-01
2.492907494306564331e-01
6.200006604194641113e-01
7.667903900146484375e-01
7.676546573638916016e-01
7.406064271926879883e-01
6.662495136260986328e-01
7.112304568290710449e-01
5.931826233863830566e-01
6.663803458213806152e-01
6.153793931007385254e-01
7.296283841133117676e-01
7.635464072227478027e-01
5.523934364318847656e-01
7.470852136611938477e-01
7.205443382263183594e-01
7.227630019187927246e-01
7.385625243186950684e-01
7.208697795867919922e-01
6.652908325195312500e-01
5.967601537704467773e-01
7.376672029495239258e-01
7.440159916877746582e-01
7.201895713806152344e-01
7.148756384849548340e-01
7.253278493881225586e-01
7.395314574241638184e-01
2.411799132823944092e-01
6.141913533210754395e-01
7.578717470169067383e-01
6.206205487251281738e-01
7.558637857437133789e-01
7.441498637199401855e-01
7.728335857391357422e-01
7.487317919731140137e-01
7.834460139274597168e-01
4.831466078758239746e-01
7.085949778556823730e-01
7.602647542953491211e-01
7.105473279953002930e-01
6.699067950248718262e-01
7.048046588897705078e-01
6.274038553237915039e-01
5.744754076004028320e-01
7.188169360160827637e-01
7.624647021293640137e-01
7.708390951156616211e-01
7.265160083770751953e-01
6.437707543373107910e-01
6.593638062477111816e-01
7.377832531929016113e-01
6.670522093772888184e-01
5.575047731399536133e-01
7.775976657867431641e-01
7.914788126945495605e-01
6.429086923599243164e-01
7.148798704147338867e-01
7.206048965454101562e-01
6.768586039543151855e-01
6.968813538551330566e-01
5.813791155815124512e-01
7.306598424911499023e-01
7.129992246627807617e-01
6.875932216644287109e-01
7.215536832809448242e-01
6.443296670913696289e-01
7.285478711128234863e-01
3.043529093265533447e-01
7.034653425216674805e-01
6.132559776306152344e-01
7.442392706871032715e-01
7.647244334220886230e-01
7.554526329040527344e-01
5.810117125511169434e-01
7.432588338851928711e-01
6.647202968597412109e-01
5.868780016899108887e-01
6.924283504486083984e-01
7.677329778671264648e-01
6.681494712829589844e-01
7.310557961463928223e-01
7.255684733390808105e-01
6.527580618858337402e-01
7.074759006500244141e-01
7.514715194702148438e-01
5.355995297431945801e-01
6.058711409568786621e-01
7.327415347099304199e-01
6.700060963630676270e-01
7.410126328468322754e-01
6.883013844490051270e-01
6.719607114791870117e-01
4.201762080192565918e-01
5.799475312232971191e-01
6.243249773979187012e-01
6.831004023551940918e-01
7.690636515617370605e-01
7.411618232727050781e-01
6.820362210273742676e-01
7.500319480895996094e-01
6.829630136489868164e-01
5.928482413291931152e-01
7.365115284919738770e-01
6.833777427673339844e-01
7.526161670684814453e-01
4.204534590244293213e-01
6.509338021278381348e-01
7.216336131095886230e-01
6.874516606330871582e-01
7.150379419326782227e-01
6.498007178306579590e-01
5.739108324050903320e-01
6.921011805534362793e-01
5.291000604629516602e-01
7.284610867500305176e-01
7.216635346412658691e-01
2.550942599773406982e-01
6.744931340217590332e-01
7.618062496185302734e-01
6.517542600631713867e-01
6.036658287048339844e-01
7.514923214912414551e-01
6.470208168029785156e-01
6.508734226226806641e-01
7.318271398544311523e-01
7.471415400505065918e-01
6.478151082992553711e-01
7.069317698478698730e-01
7.004152536392211914e-01
5.961074829101562500e-01
7.427648901939392090e-01
6.761219501495361328e-01
6.688370108604431152e-01
7.199922204017639160e-01
6.594659686088562012e-01
6.042485237121582031e-01
6.547591686248779297e-01
6.260939836502075195e-01
6.692098975181579590e-01
7.707619667053222656e-01
7.240937352180480957e-01
7.949669957160949707e-01
5.361473560333251953e-01
7.533187270164489746e-01
7.630416154861450195e-01
7.508175373077392578e-01
7.426098585128784180e-01
7.381558418273925781e-01
6.964860558509826660e-01
7.665179967880249023e-01
6.142312288284301758e-01
6.856502890586853027e-01
8.046380281448364258e-01
7.046799659729003906e-01
5.818087458610534668e-01
7.261895537376403809e-01
5.622276067733764648e-01
7.576946020126342773e-01
4.559459090232849121e-01
7.606775760650634766e-01
7.065644860267639160e-01
7.432305216789245605e-01
6.770586967468261719e-01
7.053630948066711426e-01
7.706985473632812500e-01
5.945441722869873047e-01
7.233771085739135742e-01
6.983758211135864258e-01
7.122642397880554199e-01
6.986784934997558594e-01
6.795715093612670898e-01
7.219375967979431152e-01
7.229525446891784668e-01
7.725272774696350098e-01
7.340364456176757812e-01
7.145735025405883789e-01
7.544110417366027832e-01
7.346307039260864258e-01
7.478178739547729492e-01
7.345180511474609375e-01
7.229423522949218750e-01
7.261433005332946777e-01
5.650144815444946289e-01
6.394465565681457520e-01
6.822041869163513184e-01
7.528002858161926270e-01
7.236912250518798828e-01
7.505454421043395996e-01
7.208138108253479004e-01
7.104511857032775879e-01
6.574882268905639648e-01
7.108416557312011719e-01
6.527428627014160156e-01
4.421043992042541504e-01
6.560564637184143066e-01
7.479103803634643555e-01
7.707299590110778809e-01
4.425522089004516602e-01
6.693960428237915039e-01
7.475997805595397949e-01
7.409663796424865723e-01
7.522227168083190918e-01
7.680333256721496582e-01
6.564837098121643066e-01
6.673460602760314941e-01
7.817232608795166016e-01
7.184458374977111816e-01
6.441885232925415039e-01
6.782914996147155762e-01
7.074429392814636230e-01
6.945176124572753906e-01
7.509233355522155762e-01
7.663345336914062500e-01
6.800328493118286133e-01
4.774020910263061523e-01
6.988502144813537598e-01
7.359600067138671875e-01
7.532965540885925293e-01
6.754335761070251465e-01
5.010500550270080566e-01
7.534213066101074219e-01
7.764152288436889648e-01
7.425975799560546875e-01
7.462014555931091309e-01
6.382414102554321289e-01
7.986835837364196777e-01
7.191314697265625000e-01
6.427440643310546875e-01
7.356964945793151855e-01
7.151530981063842773e-01
7.185620069503784180e-01
6.052747368812561035e-01
6.899164915084838867e-01
7.563011646270751953e-01
6.659488677978515625e-01
7.219755053520202637e-01
7.354078888893127441e-01
7.684788703918457031e-01
7.610216736793518066e-01
7.032493948936462402e-01
6.798039078712463379e-01
5.631846785545349121e-01
5.438972115516662598e-01
6.911954879760742188e-01
6.074588298797607422e-01
6.245679259300231934e-01
3.485252261161804199e-01
6.537581086158752441e-01
7.555218935012817383e-01
7.679086327552795410e-01
7.047615647315979004e-01
6.355548501014709473e-01
7.491768598556518555e-01
7.084797024726867676e-01
6.965249776840209961e-01
7.233361005783081055e-01
7.319345474243164062e-01
7.462576627731323242e-01
7.386483550071716309e-01
7.185208201408386230e-01
7.238820195198059082e-01
6.931450963020324707e-01
6.330444216728210449e-01
7.854375243186950684e-01
6.129395961761474609e-01
7.485133409500122070e-01
6.479780673980712891e-01
6.830050349235534668e-01
7.502152323722839355e-01
7.383081316947937012e-01
7.257725596427917480e-01
6.640455126762390137e-01
7.512570023536682129e-01
6.423878073692321777e-01
6.988867521286010742e-01
7.366986870765686035e-01
6.822578907012939453e-01
7.515594959259033203e-01
6.986935734748840332e-01
5.976052880287170410e-01
7.053614258766174316e-01
7.376699447631835938e-01
7.335711717605590820e-01
7.592359185218811035e-01
7.656131982803344727e-01
7.212840318679809570e-01
6.699857115745544434e-01
7.733442187309265137e-01
6.724483966827392578e-01
7.850816249847412109e-01
7.947096824645996094e-01
6.278205513954162598e-01
7.404531836509704590e-01
7.360259890556335449e-01
6.655521988868713379e-01
6.213071942329406738e-01
7.129340767860412598e-01
3.092991411685943604e-01
5.471200942993164062e-01
7.272109985351562500e-01
7.482422590255737305e-01
7.670947909355163574e-01
7.258517742156982422e-01
7.443633079528808594e-01
7.188142538070678711e-01
7.540695667266845703e-01
6.754388809204101562e-01
7.537554502487182617e-01
6.565819382667541504e-01
6.380750536918640137e-01
4.484171569347381592e-01
7.197743654251098633e-01
6.992455720901489258e-01
7.394461035728454590e-01
6.084400415420532227e-01
2.644467949867248535e-01
6.844461560249328613e-01
6.457763910293579102e-01
7.717136740684509277e-01
6.914950609207153320e-01
7.637506127357482910e-01
7.266125082969665527e-01
6.913757324218750000e-01
5.928292870521545410e-01
7.579246163368225098e-01
7.173441052436828613e-01
7.797425985336303711e-01
7.253662347793579102e-01
4.997287690639495850e-01
7.096574306488037109e-01
6.438909769058227539e-01
7.408458590507507324e-01
7.161615490913391113e-01
6.930188536643981934e-01
6.991714239120483398e-01
7.285755276679992676e-01
6.416914463043212891e-01
7.402058243751525879e-01
7.617427110671997070e-01
7.563357353210449219e-01
7.359067201614379883e-01
6.484356522560119629e-01
6.798534989356994629e-01
5.980908274650573730e-01
6.843474507331848145e-01
6.771661639213562012e-01
4.139515459537506104e-01
7.519880533218383789e-01
6.650195121765136719e-01
7.608863711357116699e-01
7.517110109329223633e-01
6.597891449928283691e-01
6.233585476875305176e-01
6.932718753814697266e-01
7.259060740470886230e-01
5.830366611480712891e-01
7.179074883460998535e-01
7.550851702690124512e-01
7.498319149017333984e-01
7.243221402168273926e-01
7.218111753463745117e-01
7.176164984703063965e-01
7.544420957565307617e-01
7.014360427856445312e-01
7.217206358909606934e-01
6.883197426795959473e-01
6.893861889839172363e-01
5.398233532905578613e-01
6.316394805908203125e-01
6.184234619140625000e-01
6.299266219139099121e-01
4.871171414852142334e-01
6.660605669021606445e-01
7.524031996726989746e-01
5.941773653030395508e-01
6.549962759017944336e-01
3.482978045940399170e-01
7.719084024429321289e-01
6.869426369667053223e-01
7.531130313873291016e-01
7.600228786468505859e-01
7.516854405403137207e-01
7.548589110374450684e-01
6.402155756950378418e-01
1.405981928110122681e-01
7.363380789756774902e-01
5.639024376869201660e-01
6.947842836380004883e-01
7.319086790084838867e-01
7.305781841278076172e-01
6.994904875755310059e-01
7.517219185829162598e-01
6.716531515121459961e-01
6.596873998641967773e-01
6.159236431121826172e-01
7.631104588508605957e-01
7.472645640373229980e-01
7.160649299621582031e-01
7.150119543075561523e-01
7.259641289710998535e-01
7.770565152168273926e-01
7.217953801155090332e-01
7.392779588699340820e-01
5.749118924140930176e-01
7.027213573455810547e-01
6.347947120666503906e-01
6.136236190795898438e-01
6.195247173309326172e-01
6.490382552146911621e-01
5.791665911674499512e-01
7.201871275901794434e-01
6.850202679634094238e-01
7.838727831840515137e-01
7.414194941520690918e-01
7.378556132316589355e-01
7.177819013595581055e-01
8.042527437210083008e-01
7.601872086524963379e-01
7.281436324119567871e-01
6.873433589935302734e-01
6.931039690971374512e-01
7.329491972923278809e-01
5.476447939872741699e-01
6.246674656867980957e-01
7.001749277114868164e-01
6.754631400108337402e-01
7.299148440361022949e-01
6.869862675666809082e-01
6.925126910209655762e-01
6.337746977806091309e-01
7.540146112442016602e-01
5.415864586830139160e-01
8.049608469009399414e-01
7.282054424285888672e-01
7.118672728538513184e-01
6.407153606414794922e-01
6.729291081428527832e-01
7.516790628433227539e-01
7.272134423255920410e-01
8.200849294662475586e-01
4.297904968261718750e-01
6.969761252403259277e-01
7.306880950927734375e-01
5.145781040191650391e-01
3.721111714839935303e-01
6.245429515838623047e-01
7.825382351875305176e-01
7.694927453994750977e-01
1.405981928110122681e-01
7.703002095222473145e-01
6.476508378982543945e-01
7.781235575675964355e-01
6.301828026771545410e-01
6.336350440979003906e-01
7.756728529930114746e-01
7.951012849807739258e-01
6.861059069633483887e-01
7.368798851966857910e-01
7.125538587570190430e-01
3.531184196472167969e-01
2.750492691993713379e-01
7.080774903297424316e-01
6.724625229835510254e-01
7.333762049674987793e-01
7.042309045791625977e-01
7.254482507705688477e-01
7.574556469917297363e-01
5.971919298171997070e-01
7.701233625411987305e-01
5.064104795455932617e-01
5.985987782478332520e-01
6.797338724136352539e-01
7.902212142944335938e-01
6.902447342872619629e-01
7.620556354522705078e-01
7.590375542640686035e-01
7.104474306106567383e-01
7.390458583831787109e-01
7.209172248840332031e-01
5.830366611480712891e-01
7.465315461158752441e-01
5.718858242034912109e-01
5.953086018562316895e-01
7.090889811515808105e-01
6.583628654479980469e-01
6.672155261039733887e-01
7.477961182594299316e-01
6.723915338516235352e-01
7.010046839714050293e-01
7.327221632003784180e-01
7.777588367462158203e-01
4.719434678554534912e-01
6.903832554817199707e-01
7.058088779449462891e-01
6.724877357482910156e-01
5.796391367912292480e-01
6.384806632995605469e-01
7.116400003433227539e-01
6.492090225219726562e-01
6.812109351158142090e-01
6.781536936759948730e-01
7.054004669189453125e-01
6.923753023147583008e-01
6.142686605453491211e-01
4.548603892326354980e-01
7.434036135673522949e-01
7.437953948974609375e-01
6.381422281265258789e-01
7.346641421318054199e-01
6.158400177955627441e-01
6.693757176399230957e-01
6.747614741325378418e-01
7.370373606681823730e-01
7.086458802223205566e-01
6.684610843658447266e-01
6.697927117347717285e-01
7.701170444488525391e-01
7.464739084243774414e-01
5.891414284706115723e-01
7.489143610000610352e-01
6.838715672492980957e-01
2.933441102504730225e-01
7.750341296195983887e-01
7.243400216102600098e-01
6.416502594947814941e-01
7.316030263900756836e-01
5.755503773689270020e-01
6.696078181266784668e-01
7.038512825965881348e-01
7.188814282417297363e-01
7.107384204864501953e-01
7.333847284317016602e-01
6.822084188461303711e-01
7.156033515930175781e-01
7.022664546966552734e-01
6.589953899383544922e-01
7.221271991729736328e-01
7.131256461143493652e-01
3.213613927364349365e-01
6.549636721611022949e-01
7.338030934333801270e-01
6.194306015968322754e-01
7.313250303268432617e-01
7.777007222175598145e-01
7.289472818374633789e-01
7.120738625526428223e-01
5.278190374374389648e-01
6.855463981628417969e-01
5.938465595245361328e-01
6.231930851936340332e-01
5.639098286628723145e-01
7.063199877738952637e-01
7.245882749557495117e-01
6.465376019477844238e-01
7.555211782455444336e-01
6.920683383941650391e-01
6.902661323547363281e-01
7.576214075088500977e-01
5.934493541717529297e-01
6.892009377479553223e-01
7.701170444488525391e-01
6.736549735069274902e-01
6.457914710044860840e-01
7.711414098739624023e-01
6.161471605300903320e-01
7.138860225677490234e-01
5.741897225379943848e-01
6.298131346702575684e-01
6.704225540161132812e-01
7.090325355529785156e-01
7.185087203979492188e-01
7.448888421058654785e-01
4.394314289093017578e-01
6.492412686347961426e-01
7.129439711570739746e-01
3.303092122077941895e-01
7.303809523582458496e-01
7.477713227272033691e-01
6.870667934417724609e-01
7.642284631729125977e-01
6.599862575531005859e-01
7.205283045768737793e-01
6.814771890640258789e-01
7.067399621009826660e-01
6.327394843101501465e-01
6.763349175453186035e-01
7.085185647010803223e-01
3.913185596466064453e-01
7.239109277725219727e-01
7.381798624992370605e-01
4.834290444850921631e-01
7.862070798873901367e-01
6.925194859504699707e-01
7.163687944412231445e-01
6.358313560485839844e-01
7.292901873588562012e-01
6.622684001922607422e-01
7.521607875823974609e-01
6.545273065567016602e-01
6.984528899192810059e-01
7.295277714729309082e-01
6.887100338935852051e-01
7.766999602317810059e-01
7.199710011482238770e-01
6.875392198562622070e-01
7.317680716514587402e-01
6.402327418327331543e-01
6.564686894416809082e-01
7.013808488845825195e-01
7.439607977867126465e-01
6.497407555580139160e-01
7.226342558860778809e-01
7.001078724861145020e-01
7.454005479812622070e-01
5.571436882019042969e-01
4.520580470561981201e-01
6.546023488044738770e-01
7.595034241676330566e-01
8.121116161346435547e-01
6.564266681671142578e-01
7.413983941078186035e-01
7.548773884773254395e-01
7.150887250900268555e-01
7.418419122695922852e-01
6.035680770874023438e-01
7.361671924591064453e-01
7.637607455253601074e-01
5.315468907356262207e-01
6.744990348815917969e-01
7.434135079383850098e-01
7.719714045524597168e-01
7.698596715927124023e-01
7.405092120170593262e-01
7.095009684562683105e-01
2.733716368675231934e-01
7.830085158348083496e-01
7.191118597984313965e-01
6.726691126823425293e-01
5.937652587890625000e-01
7.464592456817626953e-01
7.394607067108154297e-01
3.222626447677612305e-01
6.972409486770629883e-01
7.588647603988647461e-01
5.210438966751098633e-01
2.702149152755737305e-01
7.416487336158752441e-01
6.612977385520935059e-01
7.636085748672485352e-01
7.518649697303771973e-01
7.239405512809753418e-01
7.133145928382873535e-01
7.030666470527648926e-01
6.064450740814208984e-01
7.998634576797485352e-01
6.807030439376831055e-01
6.440422534942626953e-01
6.485863327980041504e-01
7.496541738510131836e-01
6.627970933914184570e-01
7.721351981163024902e-01
6.792410612106323242e-01
6.293869614601135254e-01
7.584593892097473145e-01
6.655618548393249512e-01
7.008251547813415527e-01
7.273847460746765137e-01
7.038076519966125488e-01
6.813426017761230469e-01
7.143879532814025879e-01
7.485966682434082031e-01
7.207995653152465820e-01
7.272410392761230469e-01
7.520687580108642578e-01
6.923504471778869629e-01
7.099059820175170898e-01
7.147734165191650391e-01
7.620137929916381836e-01
7.147734165191650391e-01
7.726963758468627930e-01
6.961503028869628906e-01
7.406473755836486816e-01
6.086103320121765137e-01
7.123560905456542969e-01
7.318150401115417480e-01
6.857931613922119141e-01
6.916989684104919434e-01
7.591217160224914551e-01
5.182410478591918945e-01
7.783472537994384766e-01
6.386102437973022461e-01
7.069927453994750977e-01
7.492550015449523926e-01
7.443426251411437988e-01
6.687134504318237305e-01
7.069088220596313477e-01
7.142778038978576660e-01
6.702226996421813965e-01
7.050536274909973145e-01
7.203283905982971191e-01
6.879709362983703613e-01
7.466369271278381348e-01
7.200329303741455078e-01
6.412317752838134766e-01
7.258910536766052246e-01
6.727814078330993652e-01
4.977631866931915283e-01
3.726184368133544922e-01
7.330771088600158691e-01
6.923417448997497559e-01
7.804867029190063477e-01
7.098292112350463867e-01
6.621794104576110840e-01
6.929208040237426758e-01
7.139239907264709473e-01
5.116676092147827148e-01
6.251494288444519043e-01
7.350539565086364746e-01
6.767598986625671387e-01
7.115428447723388672e-01
5.733475089073181152e-01
7.375470399856567383e-01
7.696324586868286133e-01
6.424523591995239258e-01
5.846440792083740234e-01
6.483016014099121094e-01
6.987230777740478516e-01
7.316859364509582520e-01
5.948601365089416504e-01
7.219728231430053711e-01
7.813734412193298340e-01
7.908518910408020020e-01
6.972846388816833496e-01
7.285152077674865723e-01
7.353240847587585449e-01
6.769633889198303223e-01
7.057083845138549805e-01
6.828901767730712891e-01
6.837247610092163086e-01
7.170728445053100586e-01
7.134798169136047363e-01
7.067826986312866211e-01
6.862510442733764648e-01
6.477357745170593262e-01
7.303482294082641602e-01
7.315531969070434570e-01
7.161463499069213867e-01
6.418883800506591797e-01
6.749396324157714844e-01
7.038506865501403809e-01
6.312283277511596680e-01
5.136369466781616211e-01
7.260624170303344727e-01
6.919756531715393066e-01
7.284218668937683105e-01
6.422591805458068848e-01
7.583669424057006836e-01
7.344150543212890625e-01
7.273002862930297852e-01
3.032146394252777100e-01
7.326560020446777344e-01
7.102355957031250000e-01
5.680050849914550781e-01
7.332800626754760742e-01
7.689676880836486816e-01
6.848707795143127441e-01
6.121312975883483887e-01
5.274895429611206055e-01
7.472851276397705078e-01
6.332150697708129883e-01
7.432518601417541504e-01
7.571491599082946777e-01
7.262758016586303711e-01
7.389984726905822754e-01
7.459894418716430664e-01
6.203166842460632324e-01
7.253582477569580078e-01
7.065780162811279297e-01
7.004309296607971191e-01
7.376186847686767578e-01
7.084915637969970703e-01
5.679801702499389648e-01
5.916550159454345703e-01
7.194648981094360352e-01
6.999863982200622559e-01
6.494655013084411621e-01
6.877281665802001953e-01
7.240089178085327148e-01
7.464684844017028809e-01
6.991682648658752441e-01
7.721403837203979492e-01
6.427354812622070312e-01
7.390893697738647461e-01
7.784786224365234375e-01
6.262740492820739746e-01
6.946216821670532227e-01
7.432146072387695312e-01
6.880900263786315918e-01
5.190414190292358398e-01
7.385775446891784668e-01
7.474827766418457031e-01
7.445183992385864258e-01
6.516654491424560547e-01
7.513743638992309570e-01
6.562997102737426758e-01
6.945554614067077637e-01
6.989257335662841797e-01
6.112647652626037598e-01
7.548228502273559570e-01
7.513754367828369141e-01
7.425656914710998535e-01
7.610590457916259766e-01
6.999663114547729492e-01
7.596471905708312988e-01
6.719105243682861328e-01
6.951932907104492188e-01
6.921233534812927246e-01
6.830304265022277832e-01
6.983171701431274414e-01
7.275801897048950195e-01
7.991389632225036621e-01
7.291664481163024902e-01
6.843078136444091797e-01
7.373906970024108887e-01
7.686226963996887207e-01
6.006932258605957031e-01
6.194506287574768066e-01
6.825627684593200684e-01
7.102807760238647461e-01
5.174708366394042969e-01
7.276714444160461426e-01
6.550500988960266113e-01
7.713880538940429688e-01
7.593897581100463867e-01
6.746553778648376465e-01
7.517896890640258789e-01
6.931669712066650391e-01
7.315100431442260742e-01
2.521276772022247314e-01
5.875079035758972168e-01
7.477519512176513672e-01
6.489820480346679688e-01
6.880730390548706055e-01
7.416707277297973633e-01
6.607873439788818359e-01
7.407406568527221680e-01
7.105959653854370117e-01
5.537183880805969238e-01
4.989137351512908936e-01
2.717295289039611816e-01
7.183850407600402832e-01
6.692206263542175293e-01
5.429351329803466797e-01
6.975799202919006348e-01
7.964262366294860840e-01
7.492892742156982422e-01
7.394273281097412109e-01
7.805545926094055176e-01
7.347959876060485840e-01
6.726453900337219238e-01
7.350232005119323730e-01
6.109748482704162598e-01
6.633778810501098633e-01
6.968186497688293457e-01
7.923178076744079590e-01
7.285844683647155762e-01
7.690722346305847168e-01
7.368384599685668945e-01
7.625154852867126465e-01
6.730684638023376465e-01
6.441156268119812012e-01
4.289492070674896240e-01
5.425499677658081055e-01
7.608161568641662598e-01
7.121763229370117188e-01
7.462766766548156738e-01
7.555723786354064941e-01
6.790482401847839355e-01
7.300013899803161621e-01
7.366283535957336426e-01
7.262938022613525391e-01
7.480240464210510254e-01
7.479850053787231445e-01
7.405353188514709473e-01
7.536458969116210938e-01
7.392644286155700684e-01
6.207776069641113281e-01
6.969916820526123047e-01
5.474129915237426758e-01
7.864436507225036621e-01
5.719127655029296875e-01
7.153881192207336426e-01
3.120170235633850098e-01
6.906726360321044922e-01
7.301710844039916992e-01
7.672240734100341797e-01
7.327221632003784180e-01
7.452225685119628906e-01
7.278869152069091797e-01
7.066410779953002930e-01
7.435738444328308105e-01
5.416546463966369629e-01
7.690241932868957520e-01
7.282944917678833008e-01
7.109333276748657227e-01
6.682078838348388672e-01
7.406659126281738281e-01
7.509152293205261230e-01
7.011257410049438477e-01
7.088893651962280273e-01
7.751717567443847656e-01
5.331731438636779785e-01
5.745007395744323730e-01
2.470664530992507935e-01
7.102306485176086426e-01
5.295783281326293945e-01
7.389344573020935059e-01
6.988582611083984375e-01
5.767701864242553711e-01
3.876470029354095459e-01
7.703672647476196289e-01
7.437712550163269043e-01
6.769059300422668457e-01
7.293099761009216309e-01
7.201207876205444336e-01
7.597926259040832520e-01
6.967383027076721191e-01
7.728272080421447754e-01
6.897347569465637207e-01
7.126441597938537598e-01
6.462163925170898438e-01
7.070610523223876953e-01
7.169109582901000977e-01
7.597994208335876465e-01
7.522625923156738281e-01
7.102327346801757812e-01
3.740074336528778076e-01
6.968382000923156738e-01
7.405872344970703125e-01
7.022809982299804688e-01
7.059074044227600098e-01
7.336919307708740234e-01
7.459263205528259277e-01
7.331541776657104492e-01
7.716533541679382324e-01
7.291741967201232910e-01
5.988323092460632324e-01
7.093179225921630859e-01
7.784368991851806641e-01
3.607551753520965576e-01
6.823361515998840332e-01
7.062585353851318359e-01
7.432510852813720703e-01
6.615576744079589844e-01
6.570628881454467773e-01
6.897395849227905273e-01
7.003203034400939941e-01
7.570645809173583984e-01
6.897812485694885254e-01
7.436600327491760254e-01
6.081879138946533203e-01
7.580567002296447754e-01
6.879767179489135742e-01
7.175634503364562988e-01
7.102972865104675293e-01
5.661335587501525879e-01
7.216747403144836426e-01
6.945135593414306641e-01
5.841696858406066895e-01
6.775270700454711914e-01
7.436909675598144531e-01
6.722428798675537109e-01
7.400721311569213867e-01
7.849482893943786621e-01
6.040377020835876465e-01
6.966790556907653809e-01
5.735955834388732910e-01
7.453035712242126465e-01
7.517402768135070801e-01
6.929113864898681641e-01
6.970559954643249512e-01
7.350180745124816895e-01
6.756693720817565918e-01
7.383615374565124512e-01
2.730958461761474609e-01
6.997529864311218262e-01
6.989807486534118652e-01
7.504097819328308105e-01
7.386624813079833984e-01
6.563746333122253418e-01
7.110686302185058594e-01
5.936397314071655273e-01
7.202084660530090332e-01
6.948650479316711426e-01
6.745300889015197754e-01
6.821671724319458008e-01
7.354638576507568359e-01
5.567511320114135742e-01
5.759394764900207520e-01
7.029375433921813965e-01
3.985346555709838867e-01
7.025654911994934082e-01
5.951660871505737305e-01
6.776995062828063965e-01
7.179034352302551270e-01
7.539575099945068359e-01
5.697627067565917969e-01
7.117987275123596191e-01
6.666867733001708984e-01
6.636320948600769043e-01
7.200490236282348633e-01
6.946411728858947754e-01
7.268518209457397461e-01
6.237525343894958496e-01
7.302603125572204590e-01
7.194880247116088867e-01
7.402334213256835938e-01
7.550755143165588379e-01
7.458370923995971680e-01
7.440916299819946289e-01
7.454257607460021973e-01
7.237632274627685547e-01
6.688098311424255371e-01
7.554412484169006348e-01
6.968172788619995117e-01
7.577196955680847168e-01
7.719417214393615723e-01
7.497192025184631348e-01
6.890876293182373047e-01
7.561788558959960938e-01
7.700268626213073730e-01
7.227980494499206543e-01
5.941061973571777344e-01
5.968543887138366699e-01
7.378118634223937988e-01
7.142533063888549805e-01
6.619506478309631348e-01
6.511495709419250488e-01
6.276448965072631836e-01
7.094699144363403320e-01
7.186500430107116699e-01
6.488532423973083496e-01
7.387099862098693848e-01
7.826849818229675293e-01
6.903403997421264648e-01
6.575802564620971680e-01
6.989873051643371582e-01
6.877883076667785645e-01
6.738770604133605957e-01
6.908731460571289062e-01
7.239068746566772461e-01
6.807001233100891113e-01
6.313889026641845703e-01
7.273768782615661621e-01
7.375807762145996094e-01
6.754807233810424805e-01
6.837647557258605957e-01
6.493589282035827637e-01
7.542784810066223145e-01
5.434672832489013672e-01
7.212860584259033203e-01
7.180267572402954102e-01
7.798228859901428223e-01
7.374846935272216797e-01
7.312444448471069336e-01
6.086168885231018066e-01
6.750733256340026855e-01
7.536931037902832031e-01
6.430360078811645508e-01
7.544667124748229980e-01
7.084562778472900391e-01
6.493157744407653809e-01
7.601628303527832031e-01
7.276261448860168457e-01
7.115891575813293457e-01
7.618803381919860840e-01
7.391168475151062012e-01
7.080703973770141602e-01
6.532831788063049316e-01
6.547255516052246094e-01
7.391921877861022949e-01
6.521233320236206055e-01
6.140347123146057129e-01
7.027539610862731934e-01
7.054440975189208984e-01
6.891407370567321777e-01
7.603327035903930664e-01
8.056395053863525391e-01
5.711464881896972656e-01
7.075972557067871094e-01
6.088085174560546875e-01
5.776801109313964844e-01
6.845669150352478027e-01
6.680782437324523926e-01
5.850597620010375977e-01
5.831192135810852051e-01
6.786198019981384277e-01
6.546839475631713867e-01
7.282523512840270996e-01
7.715880274772644043e-01
7.455149888992309570e-01
7.579867839813232422e-01
5.251680016517639160e-01
7.264997363090515137e-01
6.608140468597412109e-01
6.838085055351257324e-01
7.403575181961059570e-01
7.081090807914733887e-01
7.532745599746704102e-01
7.239394783973693848e-01
7.544035315513610840e-01
6.348176002502441406e-01
7.186908125877380371e-01
6.037687063217163086e-01
6.346945166587829590e-01
7.017713189125061035e-01
6.243740916252136230e-01
6.911802887916564941e-01
7.640126347541809082e-01
7.253483533859252930e-01
6.276566386222839355e-01
7.123071551322937012e-01
6.931434869766235352e-01
7.569860816001892090e-01
7.156349420547485352e-01
6.661162972450256348e-01
7.270300984382629395e-01
6.105351448059082031e-01
7.379860877990722656e-01
6.159237623214721680e-01
6.049037575721740723e-01
7.221228480339050293e-01
6.414885520935058594e-01
5.962567329406738281e-01
7.417704463005065918e-01
7.319895029067993164e-01
7.402761578559875488e-01
6.304523348808288574e-01
7.240092754364013672e-01
7.225883603096008301e-01
4.922471940517425537e-01
7.003521323204040527e-01
7.236663699150085449e-01
7.417348623275756836e-01
6.069208383560180664e-01
7.508361935615539551e-01
7.415950894355773926e-01
7.368172407150268555e-01
6.887326240539550781e-01
7.062468528747558594e-01
7.224944829940795898e-01
6.845982670783996582e-01
7.290171980857849121e-01
7.128288745880126953e-01
7.207351922988891602e-01
7.331388592720031738e-01
7.564489841461181641e-01
6.758346557617187500e-01
7.602279186248779297e-01
7.275288105010986328e-01
6.823433637619018555e-01
6.872837543487548828e-01
6.711681485176086426e-01
6.579027771949768066e-01
5.853906869888305664e-01
7.232685685157775879e-01
2.670274972915649414e-01
6.815958619117736816e-01
7.133313417434692383e-01
6.241636872291564941e-01
7.887920737266540527e-01
7.234131693840026855e-01
5.935974121093750000e-01
7.815399765968322754e-01
6.186323761940002441e-01
6.227582693099975586e-01
6.759102344512939453e-01
5.432095527648925781e-01
6.668012142181396484e-01
7.489022016525268555e-01
7.475867271423339844e-01
2.806032001972198486e-01
6.946784853935241699e-01
6.607456207275390625e-01
7.609530687332153320e-01
6.108692288398742676e-01
6.574817299842834473e-01
7.839330434799194336e-01
7.576216459274291992e-01
5.786749720573425293e-01
6.604217886924743652e-01
6.956768631935119629e-01
7.052153944969177246e-01
7.032152414321899414e-01
7.394160032272338867e-01
7.430281043052673340e-01
5.729580521583557129e-01
7.778058648109436035e-01
5.843685269355773926e-01
6.728083491325378418e-01
7.214254736900329590e-01
6.673640608787536621e-01
7.048324346542358398e-01
6.463287472724914551e-01
6.883013844490051270e-01
7.004916071891784668e-01
7.295907735824584961e-01
6.409535408020019531e-01
7.381412982940673828e-01
7.606714963912963867e-01
7.331506609916687012e-01
7.505902051925659180e-01
4.758712947368621826e-01
7.559877634048461914e-01
6.819114089012145996e-01
5.872378945350646973e-01
5.382906198501586914e-01
7.167313694953918457e-01
5.190183520317077637e-01
7.371348142623901367e-01
7.508331537246704102e-01
6.097269058227539062e-01
7.638140916824340820e-01
5.636247396469116211e-01
7.045377492904663086e-01
7.671895027160644531e-01
6.431121230125427246e-01
5.708415508270263672e-01
6.831551790237426758e-01
7.027481198310852051e-01
6.972757577896118164e-01
6.927521824836730957e-01
6.132757067680358887e-01
7.095048427581787109e-01
6.617978215217590332e-01
7.667081952095031738e-01
7.160838842391967773e-01
7.472744584083557129e-01
7.528318166732788086e-01
7.773911356925964355e-01
7.233417630195617676e-01
5.600920319557189941e-01
7.226874828338623047e-01
7.203675508499145508e-01
6.830964684486389160e-01
7.696856260299682617e-01
7.696154117584228516e-01
7.043018341064453125e-01
6.351733803749084473e-01
7.556027173995971680e-01
6.206181049346923828e-01
5.892428755760192871e-01
7.406493425369262695e-01
7.334583997726440430e-01
5.471065044403076172e-01
7.422153949737548828e-01
7.814491391181945801e-01
6.763392090797424316e-01
7.611557841300964355e-01
7.859190702438354492e-01
7.022811770439147949e-01
6.918456554412841797e-01
7.497787475585937500e-01
7.896414995193481445e-01
7.038577198982238770e-01
7.168501019477844238e-01
6.978856921195983887e-01
7.274709939956665039e-01
5.096052885055541992e-01
6.910291910171508789e-01
5.793235898017883301e-01
7.538790702819824219e-01
7.460386753082275391e-01
7.623035907745361328e-01
7.025039792060852051e-01
7.421543002128601074e-01
5.336858630180358887e-01
6.865473389625549316e-01
7.035554647445678711e-01
7.371150255203247070e-01
5.681824088096618652e-01
7.443651556968688965e-01
6.856437325477600098e-01
6.323403120040893555e-01
7.723944783210754395e-01
7.283467054367065430e-01
7.037912607192993164e-01
7.925312519073486328e-01
7.475997805595397949e-01
6.697579026222229004e-01
6.208313703536987305e-01
7.436872124671936035e-01
7.315619587898254395e-01
6.503828167915344238e-01
7.004603147506713867e-01
7.027108669281005859e-01
6.928780078887939453e-01
7.566566467285156250e-01
7.042344808578491211e-01
7.441498637199401855e-01
7.206172943115234375e-01
7.377139329910278320e-01
7.435657382011413574e-01
6.899977326393127441e-01
6.182813048362731934e-01
7.132589221000671387e-01
7.554500699043273926e-01
7.613028883934020996e-01
7.335104346275329590e-01
6.951228380203247070e-01
2.395531237125396729e-01
7.636731863021850586e-01
7.332186698913574219e-01
7.540970444679260254e-01
6.303638815879821777e-01
7.588316798210144043e-01
7.405397891998291016e-01
7.564045786857604980e-01
6.880096793174743652e-01
7.316080927848815918e-01
7.405043244361877441e-01
5.897876620292663574e-01
7.146384716033935547e-01
6.050662398338317871e-01
7.461940646171569824e-01
7.518868446350097656e-01
6.896054744720458984e-01
7.176491618156433105e-01
7.596185803413391113e-01
6.586620807647705078e-01
2.504372000694274902e-01
7.545871734619140625e-01
6.201280951499938965e-01
7.642243504524230957e-01
6.727474927902221680e-01
7.292400598526000977e-01
6.347657442092895508e-01
6.872048377990722656e-01
7.416339516639709473e-01
7.231881022453308105e-01
7.550868988037109375e-01
6.922832727432250977e-01
6.404774785041809082e-01
7.642521858215332031e-01
6.569293737411499023e-01
7.392300963401794434e-01
7.416173815727233887e-01
7.378453612327575684e-01
7.012948393821716309e-01
7.244373559951782227e-01
6.862660050392150879e-01
7.812069654464721680e-01
6.658494472503662109e-01
6.026747226715087891e-01
7.040069103240966797e-01
6.102631092071533203e-01
6.629220843315124512e-01
7.192854285240173340e-01
7.720656991004943848e-01
5.460743904113769531e-01
6.988878846168518066e-01
5.897629261016845703e-01
6.123709678649902344e-01
6.421741843223571777e-01
6.850704550743103027e-01
7.361339926719665527e-01
7.129154205322265625e-01
6.724851727485656738e-01
7.118937969207763672e-01
6.713035702705383301e-01
7.404627203941345215e-01
7.505981326103210449e-01
6.550916433334350586e-01
7.410834431648254395e-01
6.675944328308105469e-01
6.402102112770080566e-01
6.092849969863891602e-01
7.566934823989868164e-01
7.733313441276550293e-01
3.958759009838104248e-01
7.224309444427490234e-01
7.220951914787292480e-01
7.378807067871093750e-01
5.889533162117004395e-01
7.773706316947937012e-01
3.814607858657836914e-01
7.282981276512145996e-01
6.654354929924011230e-01
7.314587831497192383e-01
6.756054759025573730e-01
7.263445258140563965e-01
6.740840077400207520e-01
7.326788902282714844e-01
7.465853691101074219e-01
6.986145973205566406e-01
7.115697860717773438e-01
7.846714854240417480e-01
7.028189897537231445e-01
7.138945460319519043e-01
5.913032889366149902e-01
6.846458315849304199e-01
4.333320260047912598e-01
5.965825319290161133e-01
7.178794741630554199e-01
7.433480024337768555e-01
7.143002748489379883e-01
7.020713090896606445e-01
7.548025250434875488e-01
6.933172941207885742e-01
4.576757550239562988e-01
4.915137290954589844e-01
7.105526924133300781e-01
6.694140434265136719e-01
7.246318459510803223e-01
7.580565214157104492e-01
7.205044031143188477e-01
6.978263258934020996e-01
7.248696088790893555e-01
7.137911915779113770e-01
7.013218998908996582e-01
7.096869945526123047e-01
7.754734158515930176e-01
5.791861414909362793e-01
7.615110278129577637e-01
7.412444353103637695e-01
5.898408293724060059e-01
7.522573471069335938e-01
7.199083566665649414e-01
7.567765712738037109e-01
7.247716784477233887e-01
7.718564867973327637e-01
7.620580196380615234e-01
7.491806149482727051e-01
7.222141623497009277e-01
3.774951696395874023e-01
6.207277774810791016e-01
6.556051969528198242e-01
7.305154800415039062e-01
7.222623229026794434e-01
6.632618308067321777e-01
7.228108048439025879e-01
3.759134411811828613e-01
2.200295031070709229e-01
7.567976117134094238e-01
5.859743356704711914e-01
7.369749546051025391e-01
6.056778430938720703e-01
7.440481781959533691e-01
7.366556525230407715e-01
6.534759402275085449e-01
7.324560284614562988e-01
7.160838842391967773e-01
7.766633033752441406e-01
6.776490807533264160e-01
7.768308520317077637e-01
7.540088891983032227e-01
7.264193296432495117e-01
7.066699862480163574e-01
6.457514762878417969e-01
5.971735715866088867e-01
6.874183416366577148e-01
7.086926698684692383e-01
4.303409755229949951e-01
7.629227042198181152e-01
7.493849992752075195e-01
5.713994503021240234e-01
7.554934620857238770e-01
7.234245538711547852e-01
6.064080595970153809e-01
5.425249338150024414e-01
7.034391760826110840e-01
7.428951263427734375e-01
7.049450278282165527e-01
7.399821877479553223e-01
6.737893223762512207e-01
7.628981471061706543e-01
7.211899757385253906e-01
7.836399078369140625e-01
7.257046103477478027e-01
6.625608205795288086e-01
7.742725610733032227e-01
7.260393500328063965e-01
7.786936163902282715e-01
5.835786461830139160e-01
7.817686796188354492e-01
1.405981928110122681e-01
6.945253610610961914e-01
7.717653512954711914e-01
7.248920202255249023e-01
6.606159806251525879e-01
7.662872672080993652e-01
7.368006706237792969e-01
7.711333632469177246e-01
6.735078692436218262e-01
7.381857037544250488e-01
7.057687640190124512e-01
7.548983693122863770e-01
7.261291146278381348e-01
7.381242513656616211e-01
6.699605584144592285e-01
6.689591407775878906e-01
7.130008935928344727e-01
6.515886783599853516e-01
7.129841446876525879e-01
3.447929322719573975e-01
6.142174005508422852e-01
7.096079587936401367e-01
7.159034609794616699e-01
7.476677894592285156e-01
7.342750430107116699e-01
5.909339189529418945e-01
7.438256144523620605e-01
7.520868182182312012e-01
6.908897757530212402e-01
6.045793294906616211e-01
2.711871862411499023e-01
6.400695443153381348e-01
7.602275609970092773e-01
7.386025190353393555e-01
7.637428641319274902e-01
8.054858446121215820e-01
8.015196323394775391e-01
7.307215929031372070e-01
7.247238755226135254e-01
5.416669845581054688e-01
2.406597137451171875e-01
7.371661663055419922e-01
7.092622518539428711e-01
6.673968434333801270e-01
6.610057950019836426e-01
6.494697332382202148e-01
7.435466647148132324e-01
7.338856458663940430e-01
7.087090611457824707e-01
7.225598096847534180e-01
7.294552326202392578e-01
7.497798204421997070e-01
7.664824128150939941e-01
7.083518505096435547e-01
5.111815333366394043e-01
7.422767877578735352e-01
6.382819414138793945e-01
7.257019877433776855e-01
7.223642468452453613e-01
7.501369714736938477e-01
6.756298542022705078e-01
6.846723556518554688e-01
7.212641835212707520e-01
6.816250681877136230e-01
7.342984676361083984e-01
7.796975970268249512e-01
7.493433356285095215e-01
6.690384149551391602e-01
6.699506640434265137e-01
7.617196440696716309e-01
6.700787544250488281e-01
2.772450447082519531e-01
7.278693318367004395e-01
7.535088658332824707e-01
6.588069200515747070e-01
7.386668920516967773e-01
6.542097330093383789e-01
4.183290302753448486e-01
7.211999297142028809e-01
5.784062147140502930e-01
7.176411151885986328e-01
6.316556334495544434e-01
6.717638373374938965e-01
7.202474474906921387e-01
6.210613250732421875e-01
5.979640483856201172e-01
6.538537144660949707e-01
7.757495641708374023e-01
7.089056968688964844e-01
7.169278264045715332e-01
6.894223093986511230e-01
6.030185818672180176e-01
7.599281072616577148e-01
7.345667481422424316e-01
7.331965565681457520e-01
6.777464747428894043e-01
5.817243456840515137e-01
7.342399954795837402e-01
7.201449275016784668e-01
7.087140083312988281e-01
6.278428435325622559e-01
7.400518655776977539e-01
6.056237816810607910e-01
7.587164640426635742e-01
6.171761155128479004e-01
6.378004550933837891e-01
5.211365818977355957e-01
7.413550019264221191e-01
5.659543871879577637e-01
7.555073499679565430e-01
7.268381714820861816e-01
7.190049290657043457e-01
7.758393883705139160e-01
7.182928323745727539e-01
7.453803420066833496e-01
6.039820909500122070e-01
7.277737259864807129e-01
7.396543622016906738e-01
7.248071432113647461e-01
6.958720684051513672e-01
6.315767168998718262e-01
6.307104825973510742e-01
7.833787798881530762e-01
6.772684454917907715e-01
7.336547970771789551e-01
6.540355086326599121e-01
7.907912135124206543e-01
6.447082161903381348e-01
6.847999691963195801e-01
7.435713410377502441e-01
7.264325618743896484e-01
7.488667964935302734e-01
7.411532998085021973e-01
7.662503123283386230e-01
5.249856114387512207e-01
6.786133050918579102e-01
7.183868885040283203e-01
6.632207036018371582e-01
6.964814066886901855e-01
7.514886856079101562e-01
6.760214567184448242e-01
6.775932312011718750e-01
6.919317841529846191e-01
7.551457881927490234e-01
7.483295202255249023e-01
7.232905626296997070e-01
6.924391388893127441e-01
2.766205966472625732e-01
7.027947306632995605e-01
7.386595010757446289e-01
4.930659532546997070e-01
7.457192540168762207e-01
6.034313440322875977e-01
6.954296231269836426e-01
7.414298653602600098e-01
7.327708005905151367e-01
7.325963377952575684e-01
6.640876531600952148e-01
7.629381418228149414e-01
5.435224771499633789e-01
7.252579331398010254e-01
6.193149685859680176e-01
6.432623267173767090e-01
5.996353030204772949e-01
6.440609097480773926e-01
7.328295111656188965e-01
6.790264844894409180e-01
6.948503255844116211e-01
4.189175665378570557e-01
6.984270215034484863e-01
7.064980864524841309e-01
5.844593644142150879e-01
6.776968836784362793e-01
6.974822878837585449e-01
6.954283118247985840e-01
7.276053428649902344e-01
6.912916898727416992e-01
7.628630995750427246e-01
7.220332026481628418e-01
7.175146341323852539e-01
7.031032443046569824e-01
6.806632280349731445e-01
6.718410849571228027e-01
7.562899589538574219e-01
8.000719547271728516e-01
6.383307576179504395e-01
7.474275231361389160e-01
7.540346384048461914e-01
7.526481747627258301e-01
7.526257634162902832e-01
7.195792198181152344e-01
6.759421229362487793e-01
6.152604222297668457e-01
7.366694211959838867e-01
6.164838671684265137e-01
7.368798851966857910e-01
7.572883963584899902e-01
6.922838091850280762e-01
7.226913571357727051e-01
6.990658044815063477e-01
6.575374007225036621e-01
4.892971813678741455e-01
7.424296140670776367e-01
7.206375598907470703e-01
6.950164437294006348e-01
7.438332438468933105e-01
6.596873998641967773e-01
6.491122841835021973e-01
6.302909851074218750e-01
7.206795215606689453e-01
6.075797677040100098e-01
6.922739744186401367e-01
6.840199828147888184e-01
6.112377047538757324e-01
6.394637227058410645e-01
7.821431159973144531e-01
7.464599609375000000e-01
