5.621663331985473633e-01
4.994353950023651123e-01
4.865728914737701416e-01
5.653857588768005371e-01
4.703168869018554688e-01
5.947896242141723633e-01
4.755289256572723389e-01
5.528532266616821289e-01
5.980323553085327148e-01
4.956324994564056396e-01
5.548177361488342285e-01
5.092531442642211914e-01
5.498143434524536133e-01
4.604491293430328369e-01
5.543208718299865723e-01
4.599558115005493164e-01
5.820950865745544434e-01
5.436314344406127930e-01
5.339317321777343750e-01
5.783279538154602051e-01
4.980605542659759521e-01
5.001649856567382812e-01
5.745181441307067871e-01
5.553213953971862793e-01
5.411537289619445801e-01
4.467983245849609375e-01
5.313026309013366699e-01
5.485080480575561523e-01
4.667922556400299072e-01
5.847631096839904785e-01
5.334482789039611816e-01
4.606036841869354248e-01
5.207550525665283203e-01
4.606712460517883301e-01
3.638783097267150879e-01
4.896544218063354492e-01
5.585715770721435547e-01
4.579082429409027100e-01
5.052263140678405762e-01
5.567687153816223145e-01
5.220046639442443848e-01
5.093271732330322266e-01
5.226376056671142578e-01
5.861371755599975586e-01
4.774973690509796143e-01
5.641859173774719238e-01
5.250240564346313477e-01
4.130972325801849365e-01
5.733690261840820312e-01
5.506291389465332031e-01
5.769332051277160645e-01
5.723917484283447266e-01
5.254315137863159180e-01
5.749270915985107422e-01
5.775591135025024414e-01
4.756258428096771240e-01
4.150882363319396973e-01
5.105016231536865234e-01
5.448642969131469727e-01
4.400438070297241211e-01
5.665212869644165039e-01
5.376916527748107910e-01
5.900928974151611328e-01
5.409476757049560547e-01
5.907621383666992188e-01
5.846999883651733398e-01
5.291120409965515137e-01
5.326303839683532715e-01
5.682625770568847656e-01
5.279611349105834961e-01
5.767836570739746094e-01
5.921866297721862793e-01
5.094063282012939453e-01
5.214740037918090820e-01
5.665746927261352539e-01
5.382388234138488770e-01
5.892458558082580566e-01
4.728087186813354492e-01
5.457664132118225098e-01
4.958894550800323486e-01
5.811434388160705566e-01
4.652741253376007080e-01
4.867321252822875977e-01
5.695609450340270996e-01
5.492390394210815430e-01
4.607604742050170898e-01
5.942508578300476074e-01
4.847389459609985352e-01
4.118334054946899414e-01
5.670948624610900879e-01
5.613397955894470215e-01
4.469083845615386963e-01
5.117110013961791992e-01
5.071566700935363770e-01
5.857712030410766602e-01
4.988756477832794189e-01
5.870588421821594238e-01
4.736035466194152832e-01
5.081207156181335449e-01
5.835468769073486328e-01
4.691781997680664062e-01
4.436866641044616699e-01
5.475775003433227539e-01
5.331141948699951172e-01
5.556612014770507812e-01
4.781213104724884033e-01
5.476934909820556641e-01
5.488776564598083496e-01
5.719982981681823730e-01
5.178565382957458496e-01
5.153321027755737305e-01
5.927053093910217285e-01
6.059059500694274902e-01
5.917918682098388672e-01
4.560018479824066162e-01
4.852445423603057861e-01
5.867590904235839844e-01
5.610892772674560547e-01
5.393435955047607422e-01
5.271928310394287109e-01
5.609340667724609375e-01
5.035486817359924316e-01
5.519245266914367676e-01
5.998904109001159668e-01
5.786424875259399414e-01
4.803133904933929443e-01
4.967951178550720215e-01
4.966026544570922852e-01
5.657046437263488770e-01
5.205534100532531738e-01
3.602757155895233154e-01
3.440764248371124268e-01
5.007274746894836426e-01
5.843414664268493652e-01
4.788241386413574219e-01
5.701846480369567871e-01
5.333110690116882324e-01
6.042352914810180664e-01
5.311692357063293457e-01
5.435267686843872070e-01
5.335648059844970703e-01
5.181179642677307129e-01
4.642147719860076904e-01
5.148980021476745605e-01
5.363041758537292480e-01
5.845227837562561035e-01
5.768604874610900879e-01
5.223234295845031738e-01
5.851500630378723145e-01
5.475702881813049316e-01
4.709946513175964355e-01
5.520573258399963379e-01
5.966319441795349121e-01
5.713240504264831543e-01
4.560194909572601318e-01
4.772068858146667480e-01
5.904527902603149414e-01
4.961154758930206299e-01
5.269095301628112793e-01
5.850157141685485840e-01
4.129018485546112061e-01
5.420674681663513184e-01
4.724314510822296143e-01
3.614034652709960938e-01
4.679201245307922363e-01
5.667582154273986816e-01
5.683884620666503906e-01
5.935071706771850586e-01
5.786690115928649902e-01
5.333994030952453613e-01
5.965322256088256836e-01
4.784046411514282227e-01
5.905393362045288086e-01
4.676187038421630859e-01
5.362188220024108887e-01
5.930020213127136230e-01
5.018599629402160645e-01
5.085042119026184082e-01
5.993202924728393555e-01
5.835652351379394531e-01
4.776760041713714600e-01
5.502890944480895996e-01
5.535876750946044922e-01
5.133996009826660156e-01
5.636146068572998047e-01
5.027557611465454102e-01
4.808903038501739502e-01
5.152450203895568848e-01
5.545839071273803711e-01
5.154113173484802246e-01
5.580379962921142578e-01
5.624553561210632324e-01
4.619655013084411621e-01
5.455645322799682617e-01
5.655391216278076172e-01
5.387400984764099121e-01
5.576996207237243652e-01
5.686227083206176758e-01
4.761763215065002441e-01
4.838278889656066895e-01
5.643033385276794434e-01
4.507799744606018066e-01
5.792382955551147461e-01
4.106107652187347412e-01
4.263702630996704102e-01
4.579376578330993652e-01
5.749790668487548828e-01
4.380200505256652832e-01
5.903511643409729004e-01
4.514923989772796631e-01
5.178942680358886719e-01
5.068778991699218750e-01
3.934858441352844238e-01
5.079721808433532715e-01
5.068882107734680176e-01
5.543422102928161621e-01
4.972716569900512695e-01
4.933440387248992920e-01
5.363684296607971191e-01
5.451953411102294922e-01
5.368027091026306152e-01
5.834152698516845703e-01
4.970893859863281250e-01
5.298617482185363770e-01
5.328727364540100098e-01
4.119819998741149902e-01
5.603981614112854004e-01
4.585792124271392822e-01
3.732746243476867676e-01
5.309363007545471191e-01
5.914880037307739258e-01
5.407828688621520996e-01
4.590280950069427490e-01
5.645290613174438477e-01
4.598663151264190674e-01
5.204930305480957031e-01
6.024895906448364258e-01
5.356838107109069824e-01
5.901266336441040039e-01
4.656431674957275391e-01
5.110380649566650391e-01
5.889897942543029785e-01
3.816111087799072266e-01
5.408812761306762695e-01
5.435554981231689453e-01
5.912765860557556152e-01
5.383880734443664551e-01
5.983303189277648926e-01
5.912876129150390625e-01
5.444791913032531738e-01
5.734468698501586914e-01
5.141974687576293945e-01
4.458313286304473877e-01
5.820057988166809082e-01
5.587061047554016113e-01
5.142891407012939453e-01
5.765618681907653809e-01
5.113314390182495117e-01
4.587078988552093506e-01
5.510962009429931641e-01
5.673688054084777832e-01
5.673555135726928711e-01
5.666118264198303223e-01
3.726341724395751953e-01
4.376927316188812256e-01
5.827876925468444824e-01
5.442600846290588379e-01
5.865758657455444336e-01
5.879461169242858887e-01
4.460057318210601807e-01
5.673885941505432129e-01
3.748028576374053955e-01
5.856351256370544434e-01
4.831483364105224609e-01
5.320779085159301758e-01
3.906769752502441406e-01
5.356297492980957031e-01
3.281543254852294922e-01
4.674935936927795410e-01
4.127044677734375000e-01
5.992447137832641602e-01
4.870031177997589111e-01
6.036192774772644043e-01
5.463697910308837891e-01
5.194972753524780273e-01
5.311955213546752930e-01
4.236276149749755859e-01
5.492414832115173340e-01
4.307860136032104492e-01
5.012028813362121582e-01
5.832797288894653320e-01
5.481297969818115234e-01
5.533806681632995605e-01
4.717208445072174072e-01
4.662519395351409912e-01
4.729992151260375977e-01
3.740943968296051025e-01
5.047996640205383301e-01
3.607759773731231689e-01
5.627059936523437500e-01
4.512848854064941406e-01
5.754540562629699707e-01
5.436493754386901855e-01
5.622682571411132812e-01
3.578744232654571533e-01
4.643699824810028076e-01
3.907137215137481689e-01
4.540154933929443359e-01
5.639918446540832520e-01
4.888863861560821533e-01
3.524659276008605957e-01
4.968222975730895996e-01
5.006386637687683105e-01
5.209756493568420410e-01
4.933726489543914795e-01
5.611119270324707031e-01
5.274864435195922852e-01
5.342879295349121094e-01
5.319561362266540527e-01
5.556945800781250000e-01
4.678135514259338379e-01
5.446969270706176758e-01
5.671453475952148438e-01
5.586791038513183594e-01
4.407351911067962646e-01
7.304887771606445312e-01
5.570546984672546387e-01
5.503410696983337402e-01
5.675630569458007812e-01
4.882738888263702393e-01
5.706629753112792969e-01
3.544923663139343262e-01
5.167593359947204590e-01
5.822778344154357910e-01
4.503554105758666992e-01
5.457543730735778809e-01
5.763768553733825684e-01
5.228809714317321777e-01
5.520954728126525879e-01
5.602160096168518066e-01
4.749889969825744629e-01
4.967771172523498535e-01
5.195152163505554199e-01
5.239454507827758789e-01
5.510044097900390625e-01
4.859347939491271973e-01
5.787311196327209473e-01
5.772939920425415039e-01
5.031065940856933594e-01
3.598862290382385254e-01
4.766082167625427246e-01
4.673902392387390137e-01
5.598560571670532227e-01
5.965304374694824219e-01
4.311916828155517578e-01
5.355227589607238770e-01
5.601302385330200195e-01
7.304887771606445312e-01
5.341738462448120117e-01
5.215556621551513672e-01
5.630878210067749023e-01
4.914144575595855713e-01
5.129861235618591309e-01
5.571257472038269043e-01
5.087857842445373535e-01
4.490321278572082520e-01
5.473634600639343262e-01
5.832309126853942871e-01
3.867557942867279053e-01
4.469297230243682861e-01
4.824993908405303955e-01
5.235609412193298340e-01
5.266799926757812500e-01
4.735097587108612061e-01
5.953660607337951660e-01
5.946342945098876953e-01
4.621045589447021484e-01
4.743208885192871094e-01
5.037955641746520996e-01
4.146361351013183594e-01
4.948398470878601074e-01
5.259866118431091309e-01
4.722586572170257568e-01
4.737246334552764893e-01
5.878450870513916016e-01
5.747627615928649902e-01
6.020573377609252930e-01
5.823581218719482422e-01
5.351659059524536133e-01
5.848034024238586426e-01
5.584447383880615234e-01
5.361180305480957031e-01
5.362689495086669922e-01
3.775416314601898193e-01
5.435554981231689453e-01
5.111507177352905273e-01
4.040357470512390137e-01
4.017680287361145020e-01
4.855016469955444336e-01
5.259940028190612793e-01
5.105172395706176758e-01
4.540739655494689941e-01
4.339703023433685303e-01
5.861253142356872559e-01
4.840036630630493164e-01
5.224626064300537109e-01
5.980729460716247559e-01
4.865416288375854492e-01
5.270562767982482910e-01
5.264416337013244629e-01
5.101491212844848633e-01
5.848358273506164551e-01
5.879222154617309570e-01
5.474067926406860352e-01
5.626543164253234863e-01
5.804345011711120605e-01
5.028378963470458984e-01
5.497618317604064941e-01
4.111512899398803711e-01
5.586967468261718750e-01
5.956292152404785156e-01
3.708583414554595947e-01
5.642240643501281738e-01
