1.701692342758178711e-01
2.635873854160308838e-01
7.554202675819396973e-01
1.872510910034179688e-01
4.613600075244903564e-01
7.059412002563476562e-01
6.854032874107360840e-01
7.793063521385192871e-01
1.546887308359146118e-01
7.814307808876037598e-01
3.900207281112670898e-01
7.860530614852905273e-01
5.106704831123352051e-01
3.011129796504974365e-01
6.117350459098815918e-01
1.006446480751037598e-01
6.558127999305725098e-01
7.818141579627990723e-01
7.189849019050598145e-01
7.358323931694030762e-01
7.690514326095581055e-01
6.358294486999511719e-01
7.230295538902282715e-01
6.077641844749450684e-01
2.937205433845520020e-01
7.691149115562438965e-01
7.515933513641357422e-01
7.398428916931152344e-01
4.444028139114379883e-01
7.612940669059753418e-01
7.225087285041809082e-01
7.628834247589111328e-01
4.084735810756683350e-01
1.336451321840286255e-01
1.246468871831893921e-01
5.900661349296569824e-01
6.618471145629882812e-01
2.697377204895019531e-01
5.373302102088928223e-01
1.065970957279205322e-01
4.221562743186950684e-01
7.172746062278747559e-01
7.394544482231140137e-01
7.501307129859924316e-01
8.197407722473144531e-01
7.430155873298645020e-01
5.784952640533447266e-01
7.150543928146362305e-01
4.132258892059326172e-01
3.737009167671203613e-01
8.172087669372558594e-01
2.791409194469451904e-01
5.660893321037292480e-01
6.375986933708190918e-01
2.704354524612426758e-01
5.593784451484680176e-01
4.703865349292755127e-01
1.336053460836410522e-01
7.625705599784851074e-01
8.066106438636779785e-01
2.162711620330810547e-01
7.013288140296936035e-01
7.635342478752136230e-01
7.577878832817077637e-01
7.190936207771301270e-01
6.448755264282226562e-01
4.284527897834777832e-01
3.828794360160827637e-01
5.610973834991455078e-01
5.891804099082946777e-01
7.838304638862609863e-01
3.641442656517028809e-01
6.993008255958557129e-01
7.503289580345153809e-01
4.990911483764648438e-01
5.400072336196899414e-01
1.358568221330642700e-01
5.612149238586425781e-01
6.820722818374633789e-01
4.437681138515472412e-01
2.920337617397308350e-01
7.248541712760925293e-01
6.831674575805664062e-01
6.743802428245544434e-01
7.560871839523315430e-01
7.097843885421752930e-01
6.839622259140014648e-01
4.452237784862518311e-01
7.407881021499633789e-01
7.622888088226318359e-01
6.968584060668945312e-01
3.714613020420074463e-01
6.892393827438354492e-01
6.751879453659057617e-01
7.067437171936035156e-01
4.545517861843109131e-01
5.662121772766113281e-01
7.157094478607177734e-01
5.473952293395996094e-01
2.391740232706069946e-01
7.119067907333374023e-01
5.585800409317016602e-01
6.566180586814880371e-01
4.478098452091217041e-01
7.143136262893676758e-01
6.966114044189453125e-01
7.373831868171691895e-01
6.585640311241149902e-01
6.894172430038452148e-01
1.866240948438644409e-01
6.129328608512878418e-01
7.436222434043884277e-01
5.419052243232727051e-01
7.404527664184570312e-01
3.989820778369903564e-01
3.368008732795715332e-01
1.931425780057907104e-01
6.827651262283325195e-01
5.769470930099487305e-01
5.658304095268249512e-01
5.313552618026733398e-01
7.131463885307312012e-01
6.178613305091857910e-01
7.858446836471557617e-01
2.638857364654541016e-01
7.665506005287170410e-01
6.718997359275817871e-01
1.901248544454574585e-01
4.905382394790649414e-01
6.545253992080688477e-01
6.779012680053710938e-01
1.669654846191406250e-01
7.745539546012878418e-01
7.310819029808044434e-01
6.771991252899169922e-01
6.953488588333129883e-01
3.895566165447235107e-01
4.085023999214172363e-01
6.124000549316406250e-01
3.104128837585449219e-01
6.753536462783813477e-01
7.604736089706420898e-01
7.546322941780090332e-01
1.630997508764266968e-01
2.950812876224517822e-01
1.192113086581230164e-01
7.661191821098327637e-01
5.906098484992980957e-01
7.798424959182739258e-01
5.897639393806457520e-01
7.138459682464599609e-01
5.146657824516296387e-01
8.080635666847229004e-01
2.227346152067184448e-01
7.018510699272155762e-01
6.654393076896667480e-01
6.927415728569030762e-01
7.693628072738647461e-01
5.918648242950439453e-01
6.871293187141418457e-01
6.824527382850646973e-01
2.913478612899780273e-01
1.760538816452026367e-01
7.666417360305786133e-01
7.803607583045959473e-01
7.031664252281188965e-01
7.589930295944213867e-01
2.278413921594619751e-01
2.368142902851104736e-01
4.985268115997314453e-01
6.867004632949829102e-01
7.171239256858825684e-01
6.317028403282165527e-01
5.658550262451171875e-01
1.359079480171203613e-01
1.349408775568008423e-01
5.541862845420837402e-01
2.778381705284118652e-01
4.274928867816925049e-01
1.869087964296340942e-01
6.963791847229003906e-01
7.350356578826904297e-01
4.981822669506072998e-01
1.734915673732757568e-01
7.530192136764526367e-01
3.810943067073822021e-01
7.515012621879577637e-01
3.876421153545379639e-01
7.657914161682128906e-01
3.784700930118560791e-01
7.162740230560302734e-01
5.789396762847900391e-01
7.291110754013061523e-01
3.730219602584838867e-01
7.056359052658081055e-01
3.878363668918609619e-01
5.796577930450439453e-01
6.705598235130310059e-01
5.674347281455993652e-01
1.717736124992370605e-01
5.178434848785400391e-01
5.030680298805236816e-01
4.752982854843139648e-01
1.625995934009552002e-01
2.267789989709854126e-01
6.145963668823242188e-01
6.036031842231750488e-01
5.360482931137084961e-01
6.641883254051208496e-01
6.543950438499450684e-01
4.836765825748443604e-01
2.070924192667007446e-01
7.734509706497192383e-01
3.535938858985900879e-01
4.055425822734832764e-01
5.443266630172729492e-01
6.068993806838989258e-01
7.273836135864257812e-01
7.735049128532409668e-01
4.252852499485015869e-01
7.210686802864074707e-01
5.721061229705810547e-01
7.905850559473037720e-02
4.753499031066894531e-01
6.738944053649902344e-01
2.992554903030395508e-01
5.997473001480102539e-01
5.578436851501464844e-01
2.242663204669952393e-01
1.939153224229812622e-01
3.322420716285705566e-01
2.252332270145416260e-01
4.135147333145141602e-01
3.071346282958984375e-01
5.841823816299438477e-01
4.887707531452178955e-01
8.254520893096923828e-01
7.001994848251342773e-01
5.174269676208496094e-01
1.187990456819534302e-01
5.614772439002990723e-01
6.700372695922851562e-01
4.201200604438781738e-01
7.270235419273376465e-01
6.950327754020690918e-01
7.608765363693237305e-01
6.414837837219238281e-01
1.906756907701492310e-01
5.956082940101623535e-01
6.938734054565429688e-01
7.900840044021606445e-01
5.566256642341613770e-01
3.201770782470703125e-01
7.653511762619018555e-01
6.481783986091613770e-01
4.829693734645843506e-01
4.676497578620910645e-01
5.807494521141052246e-01
1.859369277954101562e-01
6.312388777732849121e-01
1.140221506357192993e-01
8.000711798667907715e-01
7.195110917091369629e-01
5.914819240570068359e-01
6.156466007232666016e-01
4.776670932769775391e-01
6.705106496810913086e-01
4.567015469074249268e-01
7.367330789566040039e-01
8.351535797119140625e-01
6.272209286689758301e-01
5.210718512535095215e-01
5.676715373992919922e-01
3.066014349460601807e-01
2.946083545684814453e-01
5.822755694389343262e-01
7.457550168037414551e-01
8.774726092815399170e-02
7.970820665359497070e-01
5.581911206245422363e-01
6.198592782020568848e-01
4.288374185562133789e-01
7.165798544883728027e-01
6.619896292686462402e-01
7.583414912223815918e-01
5.882091522216796875e-01
7.042395472526550293e-01
7.610245347023010254e-01
6.940789818763732910e-01
7.906076312065124512e-01
6.036360859870910645e-01
1.963168382644653320e-01
7.330669164657592773e-01
4.803402423858642578e-01
7.539119124412536621e-01
4.639850854873657227e-01
3.982190191745758057e-01
7.675312161445617676e-01
2.535516321659088135e-01
3.508320748805999756e-01
3.387606143951416016e-01
7.715986967086791992e-01
4.366723299026489258e-01
5.246617794036865234e-01
7.215241789817810059e-01
1.960010677576065063e-01
6.724270582199096680e-01
7.724331021308898926e-01
7.729575037956237793e-01
4.842209517955780029e-01
7.340158224105834961e-01
6.569330692291259766e-01
2.782709598541259766e-01
6.929715871810913086e-01
2.665849328041076660e-01
7.319083213806152344e-01
1.746049076318740845e-01
4.156867265701293945e-01
6.178874373435974121e-01
5.390410423278808594e-01
1.587859690189361572e-01
7.524061799049377441e-01
6.298334598541259766e-01
6.701385378837585449e-01
3.074243366718292236e-01
5.924750566482543945e-01
7.228735685348510742e-01
6.985058188438415527e-01
5.757653117179870605e-01
2.347697913646697998e-01
6.115609407424926758e-01
7.607393860816955566e-01
6.596871614456176758e-01
6.917054057121276855e-01
1.518669724464416504e-01
6.708468794822692871e-01
7.199881672859191895e-01
7.950533032417297363e-01
7.326515913009643555e-01
5.389748811721801758e-01
7.957301735877990723e-01
5.680918097496032715e-01
3.190097510814666748e-01
4.193820059299468994e-01
3.064371347427368164e-01
4.123044610023498535e-01
7.637357711791992188e-01
6.213461756706237793e-01
7.454037070274353027e-01
2.926504015922546387e-01
3.248308002948760986e-01
6.584092378616333008e-01
7.221407294273376465e-01
7.905734181404113770e-01
5.523318052291870117e-01
1.856872290372848511e-01
2.655148208141326904e-01
4.484013319015502930e-01
7.207751274108886719e-01
5.552685260772705078e-01
4.098235964775085449e-01
2.839065492153167725e-01
4.848462343215942383e-01
8.013849854469299316e-01
7.385088205337524414e-01
6.790671348571777344e-01
7.808591127395629883e-01
3.965572118759155273e-01
6.969356536865234375e-01
7.399190068244934082e-01
7.140908837318420410e-01
7.196086049079895020e-01
7.132919430732727051e-01
4.073391854763031006e-01
7.689555287361145020e-01
7.506702542304992676e-01
6.050257086753845215e-01
5.052075982093811035e-01
6.896024346351623535e-01
1.399711519479751587e-01
5.418224334716796875e-01
2.761470377445220947e-01
7.664511203765869141e-01
1.327131539583206177e-01
7.807330489158630371e-01
6.823906898498535156e-01
5.401318073272705078e-01
1.695810854434967041e-01
4.783368110656738281e-01
6.107598543167114258e-01
7.514080405235290527e-01
7.657532095909118652e-01
6.776635050773620605e-01
5.301409959793090820e-01
6.846426725387573242e-01
7.318731546401977539e-01
5.833256840705871582e-01
4.348309934139251709e-01
1.276497542858123779e-01
4.185743033885955811e-01
5.278365015983581543e-01
6.176607608795166016e-01
7.479557991027832031e-01
6.255645155906677246e-01
7.288064956665039062e-01
5.460780262947082520e-01
6.795038580894470215e-01
6.849628090858459473e-01
3.831728100776672363e-01
3.038185536861419678e-01
1.283678263425827026e-01
8.218186497688293457e-01
7.428409457206726074e-01
7.099738717079162598e-01
4.911847412586212158e-01
6.307130455970764160e-01
7.006632685661315918e-01
3.467670977115631104e-01
6.535618305206298828e-01
7.641170024871826172e-01
6.072415113449096680e-01
8.111137896776199341e-02
7.705252766609191895e-01
6.142898201942443848e-01
4.060709774494171143e-01
4.295741021633148193e-01
5.871482491493225098e-01
7.668244838714599609e-01
7.454083561897277832e-01
3.689455687999725342e-01
7.325127720832824707e-01
6.524757742881774902e-01
6.370806097984313965e-01
6.000647544860839844e-01
7.234509587287902832e-01
6.859955191612243652e-01
6.702214479446411133e-01
6.366454362869262695e-01
7.202528715133666992e-01
7.309927344322204590e-01
7.310832142829895020e-01
2.988096475601196289e-01
7.436703443527221680e-01
5.916680097579956055e-01
7.969563007354736328e-01
7.846544384956359863e-01
1.680130511522293091e-01
2.304325550794601440e-01
5.459247231483459473e-01
6.535531282424926758e-01
1.661062091588973999e-01
3.269172012805938721e-01
5.367156863212585449e-01
4.885145723819732666e-01
7.499751448631286621e-01
2.881430685520172119e-01
7.642913460731506348e-01
7.493141889572143555e-01
1.589197367429733276e-01
1.227278411388397217e-01
6.122531890869140625e-01
7.114583253860473633e-01
7.166510820388793945e-01
7.893076539039611816e-01
8.178309202194213867e-01
7.537916898727416992e-01
7.387350201606750488e-01
3.087307214736938477e-01
5.986832976341247559e-01
7.287181019783020020e-01
4.240114986896514893e-01
3.704460263252258301e-01
6.645473837852478027e-01
6.777289509773254395e-01
6.794993281364440918e-01
7.492785900831222534e-02
7.093458771705627441e-01
7.572379708290100098e-01
3.679718971252441406e-01
7.425292730331420898e-01
2.937698960304260254e-01
5.062501430511474609e-01
1.209599152207374573e-01
7.765739560127258301e-01
7.446979880332946777e-01
3.948882520198822021e-01
7.088010311126708984e-01
5.351492762565612793e-01
6.998072862625122070e-01
7.578430771827697754e-01
3.222011327743530273e-01
1.113184317946434021e-01
5.553032755851745605e-01
2.782776057720184326e-01
5.833942294120788574e-01
4.841461777687072754e-01
4.227551519870758057e-01
4.856448769569396973e-01
3.022123575210571289e-01
7.941623330116271973e-01
5.410105586051940918e-01
6.693386435508728027e-01
1.781233996152877808e-01
6.122777462005615234e-01
8.146533966064453125e-01
7.920680046081542969e-01
5.940428972244262695e-01
3.165803849697113037e-01
7.278914451599121094e-01
3.827662765979766846e-01
6.124897599220275879e-01
1.554837524890899658e-01
7.607958912849426270e-01
1.553274840116500854e-01
7.441509962081909180e-01
6.878683567047119141e-01
5.743303298950195312e-01
1.279855966567993164e-01
3.277780711650848389e-01
5.414214134216308594e-01
2.951827347278594971e-01
3.132332861423492432e-01
8.056627511978149414e-01
5.199249982833862305e-01
6.986326575279235840e-01
3.661272525787353516e-01
7.616657018661499023e-01
6.862634420394897461e-01
7.595773339271545410e-01
6.725448966026306152e-01
6.116605997085571289e-01
7.304494976997375488e-01
6.289993524551391602e-01
6.521692872047424316e-01
6.990630030632019043e-01
6.038985848426818848e-01
7.700378298759460449e-01
7.575689554214477539e-01
7.543849349021911621e-01
6.460644602775573730e-01
3.648716211318969727e-01
7.228109836578369141e-01
8.044004440307617188e-01
4.026850759983062744e-01
4.380051493644714355e-01
4.981631934642791748e-01
7.913708686828613281e-01
1.577534079551696777e-01
2.284848093986511230e-01
7.341723442077636719e-01
3.309665024280548096e-01
7.412011027336120605e-01
6.810125708580017090e-01
8.188638091087341309e-01
7.079606056213378906e-01
5.604595541954040527e-01
4.866797029972076416e-01
3.942515254020690918e-01
4.866854548454284668e-01
5.541190505027770996e-01
2.335713356733322144e-01
7.027709484100341797e-01
1.355268210172653198e-01
6.464654207229614258e-01
4.532622694969177246e-01
6.627599000930786133e-01
7.747702598571777344e-01
7.182370424270629883e-01
4.001862704753875732e-01
3.502804338932037354e-01
7.054615020751953125e-01
6.848872900009155273e-01
7.297161221504211426e-01
6.784142255783081055e-01
4.620177149772644043e-01
3.331547081470489502e-01
1.075436100363731384e-01
7.023223638534545898e-01
7.142133712768554688e-01
1.796763688325881958e-01
3.106935620307922363e-01
1.554742008447647095e-01
6.124032735824584961e-01
7.043577432632446289e-01
3.303973674774169922e-01
5.075926184654235840e-01
6.900196671485900879e-01
3.578998744487762451e-01
3.752531111240386963e-01
5.929154157638549805e-01
6.536355614662170410e-01
3.828195929527282715e-01
5.493437647819519043e-01
7.842288613319396973e-01
6.278904080390930176e-01
2.363386601209640503e-01
2.650154531002044678e-01
4.496627449989318848e-01
7.294407486915588379e-01
5.550481677055358887e-01
3.604635894298553467e-01
6.315340995788574219e-01
7.209300398826599121e-01
9.329654276371002197e-02
3.775274157524108887e-01
7.658830285072326660e-01
7.645817995071411133e-01
4.812150299549102783e-01
4.991465508937835693e-01
5.052713751792907715e-01
6.114608049392700195e-01
5.618954300880432129e-01
7.303720712661743164e-01
1.231992915272712708e-01
3.025197088718414307e-01
5.537235736846923828e-01
7.119628190994262695e-01
1.424271762371063232e-01
6.931400299072265625e-01
6.001083254814147949e-01
3.256224393844604492e-01
7.524999976158142090e-01
5.610197186470031738e-01
2.163817435503005981e-01
1.690734475851058960e-01
8.241881132125854492e-01
3.842297792434692383e-01
7.433569431304931641e-01
6.113918423652648926e-01
7.663776874542236328e-01
2.601423561573028564e-01
7.402982115745544434e-01
6.441208720207214355e-01
6.937670707702636719e-01
6.501972079277038574e-01
5.487116575241088867e-01
6.033193469047546387e-01
6.972822546958923340e-01
6.862357258796691895e-01
4.134342670440673828e-01
1.946023255586624146e-01
2.836447656154632568e-01
6.652805805206298828e-01
7.369733452796936035e-01
4.502397775650024414e-01
2.559083998203277588e-01
7.714080214500427246e-01
7.908141016960144043e-01
6.547736525535583496e-01
7.280521392822265625e-01
7.294587492942810059e-01
1.426237821578979492e-01
7.798424959182739258e-01
6.811421513557434082e-01
4.342038035392761230e-01
7.153677344322204590e-01
3.960851430892944336e-01
6.964591145515441895e-01
4.799258112907409668e-01
2.699583470821380615e-01
5.947730541229248047e-01
1.176443919539451599e-01
6.403519511222839355e-01
4.625051617622375488e-01
7.590702176094055176e-01
1.033713966608047485e-01
7.861465811729431152e-01
5.060324668884277344e-01
7.079384922981262207e-01
7.736315727233886719e-01
5.914759635925292969e-01
4.364899992942810059e-01
5.609246492385864258e-01
3.947812020778656006e-01
6.874021887779235840e-01
1.582230329513549805e-01
7.554723620414733887e-01
7.025042176246643066e-01
8.025659322738647461e-01
5.807917714118957520e-01
7.219368815422058105e-01
5.255922079086303711e-01
7.240565419197082520e-01
6.893147230148315430e-01
8.648823201656341553e-02
6.773561239242553711e-01
7.830548286437988281e-01
5.802873969078063965e-01
2.432312816381454468e-01
3.930453360080718994e-01
5.296602249145507812e-01
6.434675455093383789e-01
6.218376755714416504e-01
6.749706268310546875e-01
5.963872671127319336e-01
3.618365824222564697e-01
1.419774144887924194e-01
5.204933881759643555e-01
5.211088061332702637e-01
1.101732030510902405e-01
7.742548584938049316e-01
5.489583611488342285e-01
7.442973256111145020e-01
7.782263755798339844e-01
4.940521419048309326e-01
7.394738793373107910e-01
7.809764742851257324e-01
4.399639666080474854e-01
8.090586662292480469e-01
6.832444667816162109e-01
6.729431748390197754e-01
4.682392776012420654e-01
6.279286146163940430e-01
7.558748126029968262e-01
3.095674514770507812e-01
3.744459748268127441e-01
2.551929056644439697e-01
6.350211501121520996e-01
6.705100536346435547e-01
7.158278226852416992e-01
5.630567669868469238e-01
4.887529611587524414e-01
4.828804135322570801e-01
2.127989977598190308e-01
6.928259134292602539e-01
7.551123499870300293e-01
6.972486972808837891e-01
4.283746182918548584e-01
6.883247494697570801e-01
5.792862176895141602e-01
6.785812377929687500e-01
7.871807217597961426e-01
7.669880986213684082e-01
8.216463327407836914e-01
7.623942494392395020e-01
7.013444304466247559e-01
6.374434828758239746e-01
7.196968793869018555e-01
7.638625502586364746e-01
5.726996660232543945e-01
7.492137551307678223e-01
5.224516987800598145e-01
1.212722063064575195e-01
3.817289471626281738e-01
7.131077051162719727e-01
5.197495222091674805e-01
7.449875473976135254e-01
6.183192729949951172e-01
6.453886628150939941e-01
7.631351947784423828e-01
7.227569818496704102e-01
3.941980302333831787e-01
4.244484007358551025e-01
7.392433881759643555e-01
7.745051383972167969e-01
5.780737996101379395e-01
1.369805037975311279e-01
8.092834055423736572e-02
5.381475090980529785e-01
7.590705752372741699e-01
3.792045116424560547e-01
7.502412796020507812e-01
8.418226838111877441e-01
2.417899370193481445e-01
5.814774036407470703e-01
6.677923202514648438e-01
6.952334642410278320e-01
6.888837218284606934e-01
2.398256212472915649e-01
7.801584005355834961e-01
7.120078206062316895e-01
3.638333082199096680e-01
6.919040083885192871e-01
6.724278926849365234e-01
7.141379714012145996e-01
7.471640706062316895e-01
7.616909146308898926e-01
6.214224696159362793e-01
4.922076761722564697e-01
5.845875144004821777e-01
7.319165468215942383e-01
4.805986285209655762e-01
3.108655512332916260e-01
9.459702670574188232e-02
7.495744824409484863e-01
8.006569743156433105e-01
6.284870505332946777e-01
1.867868155241012573e-01
3.150558173656463623e-01
4.619392454624176025e-01
7.265829443931579590e-01
7.505668401718139648e-01
7.556702494621276855e-01
7.331394553184509277e-01
4.638985693454742432e-01
6.093831658363342285e-01
2.148026674985885620e-01
2.521830201148986816e-01
6.973870396614074707e-01
5.137134790420532227e-01
7.044310569763183594e-01
8.184634447097778320e-01
6.120815873146057129e-01
5.629147887229919434e-01
7.288774251937866211e-01
2.752341032028198242e-01
6.474746465682983398e-01
3.104128837585449219e-01
8.123590350151062012e-01
7.681828737258911133e-01
5.246023535728454590e-01
1.381053030490875244e-01
5.377811789512634277e-01
3.199327886104583740e-01
7.488667964935302734e-01
5.148929953575134277e-01
6.700888872146606445e-01
6.043847203254699707e-01
4.271393120288848877e-01
6.114946603775024414e-01
7.348107695579528809e-01
7.361341714859008789e-01
4.521942138671875000e-01
4.438408613204956055e-01
5.379233360290527344e-01
6.898711323738098145e-01
6.682354807853698730e-01
7.079119086265563965e-01
7.367569208145141602e-01
6.926156878471374512e-01
4.361957013607025146e-01
7.798231244087219238e-01
6.485111117362976074e-01
7.832993268966674805e-01
3.686072528362274170e-01
4.526635408401489258e-01
6.961740851402282715e-01
3.480754494667053223e-01
4.342909753322601318e-01
7.750131487846374512e-01
1.460226178169250488e-01
6.342493295669555664e-01
7.480648756027221680e-01
6.060677766799926758e-01
7.398036718368530273e-01
7.047336101531982422e-01
7.920873761177062988e-01
3.129187226295471191e-01
5.034015774726867676e-01
5.066370368003845215e-01
6.231685876846313477e-01
2.109482735395431519e-01
5.654849410057067871e-01
8.260932564735412598e-01
4.654911160469055176e-01
5.221866965293884277e-01
6.001979708671569824e-01
5.910980105400085449e-01
3.493756353855133057e-01
3.760623037815093994e-01
6.208706498146057129e-01
6.796555519104003906e-01
6.821925640106201172e-01
6.107444763183593750e-01
1.958310008049011230e-01
2.621675729751586914e-01
6.968506574630737305e-01
7.618628740310668945e-01
3.370484113693237305e-01
7.884821295738220215e-01
5.826033949851989746e-01
7.893662452697753906e-01
1.077448949217796326e-01
7.489268183708190918e-01
6.653054952621459961e-01
4.672568440437316895e-01
2.630525529384613037e-01
3.833741843700408936e-01
6.681898236274719238e-01
8.172852993011474609e-01
3.876851797103881836e-01
5.790456533432006836e-01
8.059799671173095703e-01
6.774930357933044434e-01
6.165935993194580078e-01
7.629668712615966797e-01
6.721658110618591309e-01
7.369619607925415039e-01
5.927222371101379395e-01
1.509678959846496582e-01
8.817842602729797363e-02
3.731120526790618896e-01
7.761374115943908691e-01
1.324876397848129272e-01
3.340225219726562500e-01
2.955246567726135254e-01
7.095420956611633301e-01
5.766866803169250488e-01
2.802256941795349121e-01
7.485169768333435059e-01
3.709938824176788330e-01
5.845272541046142578e-01
2.063376158475875854e-01
7.578912377357482910e-01
6.363281011581420898e-01
3.267320394515991211e-01
5.409302115440368652e-01
5.919631719589233398e-01
6.234984397888183594e-01
1.775869727134704590e-01
2.512359917163848877e-01
7.796176671981811523e-01
7.699239850044250488e-01
5.227945446968078613e-01
4.032805562019348145e-01
8.217793703079223633e-01
1.735061705112457275e-01
3.433929681777954102e-01
2.507896721363067627e-01
3.852144181728363037e-01
6.053771972656250000e-01
7.465025782585144043e-01
5.946524739265441895e-01
6.731345057487487793e-01
2.571019530296325684e-01
6.611071228981018066e-01
3.546586930751800537e-01
6.355141997337341309e-01
1.299678683280944824e-01
5.146566033363342285e-01
7.263846993446350098e-01
6.748413443565368652e-01
6.005724072456359863e-01
7.738440036773681641e-01
3.528810441493988037e-01
6.934663057327270508e-01
5.458781719207763672e-01
6.887232661247253418e-01
5.941632986068725586e-01
4.349340498447418213e-01
7.286819815635681152e-01
4.763185083866119385e-01
6.920908689498901367e-01
6.702225804328918457e-01
3.234182894229888916e-01
7.433643341064453125e-01
7.784567475318908691e-01
1.059578433632850647e-01
7.615336179733276367e-01
7.201187610626220703e-01
6.666079759597778320e-01
6.144403219223022461e-01
6.960461735725402832e-01
5.399063825607299805e-01
5.403163433074951172e-01
3.067789077758789062e-01
7.186933159828186035e-01
1.416124999523162842e-01
8.010175228118896484e-01
1.518445312976837158e-01
5.619434714317321777e-01
5.632045865058898926e-01
4.827101230621337891e-01
6.055302023887634277e-01
7.571536898612976074e-01
7.538099288940429688e-01
5.112300515174865723e-01
7.476304173469543457e-01
2.982668578624725342e-01
7.330705523490905762e-01
2.449381947517395020e-01
4.361408352851867676e-01
7.745656371116638184e-01
6.961947679519653320e-01
7.677351832389831543e-01
6.102790236473083496e-01
4.801410734653472900e-01
4.382024705410003662e-01
3.660416305065155029e-01
4.997391998767852783e-01
7.381892204284667969e-01
8.019911646842956543e-01
2.491150945425033569e-01
5.165736079216003418e-01
7.017672061920166016e-01
7.513788342475891113e-01
7.679368257522583008e-01
1.177585944533348083e-01
5.272992253303527832e-01
6.624109745025634766e-01
6.143804788589477539e-01
2.790561318397521973e-01
6.838293671607971191e-01
8.015478849411010742e-01
6.439139246940612793e-01
1.687245965003967285e-01
6.928653120994567871e-01
7.468376755714416504e-01
5.051153302192687988e-01
2.776958346366882324e-01
5.773898363113403320e-01
3.104128837585449219e-01
7.449396252632141113e-01
4.506556093692779541e-01
7.634295225143432617e-01
7.752142548561096191e-01
7.313089370727539062e-01
7.202538847923278809e-01
1.532288789749145508e-01
2.854026854038238525e-01
1.384246647357940674e-01
7.573904395103454590e-01
6.553937196731567383e-01
6.882840991020202637e-01
7.861385941505432129e-01
3.498061299324035645e-01
3.985882103443145752e-01
7.749589085578918457e-01
7.001063227653503418e-01
4.663573205471038818e-01
3.430099189281463623e-01
5.153188705444335938e-01
2.619145810604095459e-01
6.331558227539062500e-01
4.379762411117553711e-01
6.744499802589416504e-01
7.413071990013122559e-01
3.448311388492584229e-01
4.137370586395263672e-01
6.338782906532287598e-01
6.337593793869018555e-01
8.236325979232788086e-01
7.446092367172241211e-01
5.454936027526855469e-01
7.705369591712951660e-01
7.309946417808532715e-01
7.745646238327026367e-01
5.886967778205871582e-01
5.519021749496459961e-01
4.334302544593811035e-01
7.735966444015502930e-01
5.576721429824829102e-01
7.939133048057556152e-01
7.382305860519409180e-01
7.008280754089355469e-01
1.937341690063476562e-01
4.783478975296020508e-01
7.458430528640747070e-01
7.336260080337524414e-01
7.706039547920227051e-01
4.065648913383483887e-01
7.944052219390869141e-01
7.241002917289733887e-01
6.826688647270202637e-01
7.034615874290466309e-01
6.604503393173217773e-01
5.155375599861145020e-01
4.216490387916564941e-01
5.704666972160339355e-01
6.920534968376159668e-01
4.581912755966186523e-01
6.592095494270324707e-01
4.003963470458984375e-01
7.329893708229064941e-01
5.394887924194335938e-01
6.227833032608032227e-01
2.421769350767135620e-01
6.738944053649902344e-01
4.824125468730926514e-01
2.801015675067901611e-01
6.395316720008850098e-01
6.148315668106079102e-01
3.788229227066040039e-01
5.640904903411865234e-01
5.796682238578796387e-01
5.945396423339843750e-01
6.213091015815734863e-01
6.778494715690612793e-01
6.750780344009399414e-01
7.772639989852905273e-01
3.283039033412933350e-01
4.561246335506439209e-01
7.059132456779479980e-01
7.232222557067871094e-01
7.119612693786621094e-01
7.077617049217224121e-01
6.743982434272766113e-01
7.766811847686767578e-01
7.249078750610351562e-01
3.937543034553527832e-01
6.958051919937133789e-01
3.954854309558868408e-01
4.625479280948638916e-01
3.048118054866790771e-01
5.829920172691345215e-01
6.397262811660766602e-01
4.576637148857116699e-01
7.578592300415039062e-01
7.469197511672973633e-01
7.833722233772277832e-01
7.187933921813964844e-01
1.352136135101318359e-01
5.340498685836791992e-01
7.016232609748840332e-01
5.566223263740539551e-01
7.965719103813171387e-01
3.324672281742095947e-01
8.266336321830749512e-01
4.792987406253814697e-01
5.420919656753540039e-01
1.875378489494323730e-01
4.131393730640411377e-01
6.590524315834045410e-01
6.340927481651306152e-01
5.405392646789550781e-01
7.556646466255187988e-01
6.748728156089782715e-01
6.442528963088989258e-01
3.113504350185394287e-01
1.360533386468887329e-01
5.613782405853271484e-01
2.178126424551010132e-01
7.167672514915466309e-01
9.449614584445953369e-02
6.142447590827941895e-01
7.504344582557678223e-01
6.910858154296875000e-01
2.071405500173568726e-01
6.271756291389465332e-01
6.720345020294189453e-01
5.851509571075439453e-01
7.749855518341064453e-01
7.355428934097290039e-01
7.792071104049682617e-01
5.121726989746093750e-01
2.973788976669311523e-01
4.519321024417877197e-01
6.678344011306762695e-01
1.696337014436721802e-01
3.708778917789459229e-01
7.418320178985595703e-01
3.299149870872497559e-01
3.104128837585449219e-01
6.267190575599670410e-01
9.444786608219146729e-02
7.706158161163330078e-01
7.439343333244323730e-01
7.711256742477416992e-01
6.880239844322204590e-01
3.269624412059783936e-01
7.240813374519348145e-01
3.817695379257202148e-01
7.350772023200988770e-01
7.595446109771728516e-01
7.270230650901794434e-01
7.322983741760253906e-01
2.902345657348632812e-01
6.086575388908386230e-01
6.990181803703308105e-01
7.343688011169433594e-01
8.058844208717346191e-01
6.397266387939453125e-01
6.159360408782958984e-01
5.654599666595458984e-01
7.656815648078918457e-01
5.557726025581359863e-01
7.451676130294799805e-01
8.229053020477294922e-01
7.318677306175231934e-01
5.339585542678833008e-01
7.933503389358520508e-01
7.886808514595031738e-01
4.568086862564086914e-01
6.506633162498474121e-01
6.528801918029785156e-01
6.141283512115478516e-01
7.726494669914245605e-01
5.468947887420654297e-01
6.715310811996459961e-01
7.464737892150878906e-01
3.383668959140777588e-01
7.657995223999023438e-01
3.376529514789581299e-01
6.617960333824157715e-01
3.835280239582061768e-01
7.784937024116516113e-01
7.643564343452453613e-01
6.301140785217285156e-01
7.184095382690429688e-01
5.980181694030761719e-01
4.396729767322540283e-01
7.178963422775268555e-01
7.952846288681030273e-01
7.207739949226379395e-01
6.659431457519531250e-01
8.117371201515197754e-01
6.777375340461730957e-01
1.934880167245864868e-01
6.608785390853881836e-01
2.570526301860809326e-01
7.228155136108398438e-01
5.444737076759338379e-01
7.476408481597900391e-01
7.880324125289916992e-01
6.291878819465637207e-01
4.070907831192016602e-01
9.140789508819580078e-02
3.899638652801513672e-01
7.778052091598510742e-01
7.441790699958801270e-01
4.348383843898773193e-01
7.065438628196716309e-01
6.099272370338439941e-01
7.205133438110351562e-01
1.043988317251205444e-01
5.091661810874938965e-01
6.487390398979187012e-01
4.845326840877532959e-01
5.818279385566711426e-01
7.351924777030944824e-01
2.949528992176055908e-01
7.067228555679321289e-01
7.120896577835083008e-01
8.077802658081054688e-01
7.650240659713745117e-01
3.438816070556640625e-01
5.324314236640930176e-01
6.404564976692199707e-01
2.878450453281402588e-01
7.109545469284057617e-01
4.670816957950592041e-01
2.343239933252334595e-01
4.110000431537628174e-01
7.175670862197875977e-01
7.644521594047546387e-01
5.879213809967041016e-01
6.795398592948913574e-01
6.663079857826232910e-01
6.505947709083557129e-01
7.879204750061035156e-01
7.389509677886962891e-01
6.095180511474609375e-01
6.869437098503112793e-01
6.953760385513305664e-01
1.228715926408767700e-01
5.091692805290222168e-01
6.962005496025085449e-01
7.477542757987976074e-01
7.470543980598449707e-01
5.510404109954833984e-01
4.872458577156066895e-01
6.851243972778320312e-01
6.388231515884399414e-01
2.519813477993011475e-01
7.356824874877929688e-01
7.597629427909851074e-01
1.527115106582641602e-01
5.173255205154418945e-01
4.372202754020690918e-01
9.576182067394256592e-02
7.243674993515014648e-01
4.566875100135803223e-01
6.986058354377746582e-01
5.124506354331970215e-01
4.312417209148406982e-01
7.561859488487243652e-01
6.732597947120666504e-01
5.378828644752502441e-01
7.719430923461914062e-01
7.046586871147155762e-01
3.283050358295440674e-01
5.370789766311645508e-01
4.349201619625091553e-01
5.298175811767578125e-01
7.685850262641906738e-01
5.724889039993286133e-01
7.397595643997192383e-01
2.832186520099639893e-01
5.185500383377075195e-01
6.095936298370361328e-01
1.046333685517311096e-01
7.053775787353515625e-01
5.274201631546020508e-01
7.520033121109008789e-01
7.269991636276245117e-01
1.650041788816452026e-01
7.067248225212097168e-01
7.977485060691833496e-01
5.267591476440429688e-01
4.796305000782012939e-01
4.998188614845275879e-01
7.205858826637268066e-01
7.708520889282226562e-01
7.791357636451721191e-01
4.726331532001495361e-01
7.134957313537597656e-01
4.217298328876495361e-01
1.817731261253356934e-01
6.222853660583496094e-01
6.783437132835388184e-01
6.589897871017456055e-01
7.902730703353881836e-01
7.243509292602539062e-01
5.060991644859313965e-01
7.931407094001770020e-01
3.580903708934783936e-01
1.333359479904174805e-01
1.504809111356735229e-01
5.974999070167541504e-01
7.195194959640502930e-01
4.566941857337951660e-01
5.694425702095031738e-01
7.010095119476318359e-01
7.036700248718261719e-01
1.447346061468124390e-01
6.592186093330383301e-01
6.918302178382873535e-01
6.846559047698974609e-01
1.148068159818649292e-01
6.168876290321350098e-01
5.769721269607543945e-01
6.517634987831115723e-01
8.191603422164916992e-01
6.819989085197448730e-01
1.384890973567962646e-01
2.987341284751892090e-01
7.423998117446899414e-01
6.549234390258789062e-01
5.855159759521484375e-01
2.274238020181655884e-01
7.314529418945312500e-01
6.901475787162780762e-01
5.232909321784973145e-01
3.945859372615814209e-01
4.456575214862823486e-01
6.107177138328552246e-01
7.491469979286193848e-01
6.925239562988281250e-01
5.148929953575134277e-01
6.699330210685729980e-01
5.565948486328125000e-01
5.273271799087524414e-01
4.933468997478485107e-01
1.946395635604858398e-01
7.231103181838989258e-01
6.987554430961608887e-01
7.210511565208435059e-01
3.650409877300262451e-01
6.259478926658630371e-01
2.482595294713973999e-01
4.841950833797454834e-01
7.829946279525756836e-01
5.690553188323974609e-01
3.954168260097503662e-01
7.166156768798828125e-01
7.678766250610351562e-01
1.896934062242507935e-01
2.064282000064849854e-01
3.353190422058105469e-01
4.738830626010894775e-01
3.255117833614349365e-01
7.420917153358459473e-01
6.084958314895629883e-01
2.255695313215255737e-01
6.427397131919860840e-01
7.522543668746948242e-01
3.180454373359680176e-01
7.580007910728454590e-01
7.145771384239196777e-01
6.105087995529174805e-01
2.258454859256744385e-01
4.152742028236389160e-01
7.509317398071289062e-01
6.525637507438659668e-01
7.375115752220153809e-01
5.669275522232055664e-01
6.338489055633544922e-01
7.143566608428955078e-01
1.782729774713516235e-01
4.052095711231231689e-01
8.033702373504638672e-01
4.298751056194305420e-01
5.369200110435485840e-01
6.711857914924621582e-01
7.910038828849792480e-01
7.310335040092468262e-01
7.564135789871215820e-01
3.726024925708770752e-01
2.011853009462356567e-01
6.206337213516235352e-01
7.651989459991455078e-01
2.267191559076309204e-01
7.971060872077941895e-01
7.088831067085266113e-01
2.397194504737854004e-01
6.810957193374633789e-01
7.186937928199768066e-01
6.984959840774536133e-01
5.499237179756164551e-01
7.281880378723144531e-01
4.770903885364532471e-01
1.803071796894073486e-01
7.535727024078369141e-01
7.365582585334777832e-01
6.895101666450500488e-01
1.540658175945281982e-01
6.940319538116455078e-01
7.939590811729431152e-01
6.869475841522216797e-01
4.584150314331054688e-01
2.594188153743743896e-01
3.405940532684326172e-01
5.201302766799926758e-01
7.724117040634155273e-01
3.280830681324005127e-01
6.572424769401550293e-01
6.541056632995605469e-01
1.090119779109954834e-01
3.957929015159606934e-01
3.486393392086029053e-01
7.332037091255187988e-01
7.445297241210937500e-01
4.740919172763824463e-01
3.135203719139099121e-01
6.764216423034667969e-01
7.473646998405456543e-01
5.322072505950927734e-01
5.623237490653991699e-01
4.210236668586730957e-01
3.922390937805175781e-01
5.127456784248352051e-01
4.719615578651428223e-01
4.457472264766693115e-01
2.380274683237075806e-01
7.148197293281555176e-01
2.233991771936416626e-01
7.431137561798095703e-01
7.434324622154235840e-01
4.478098452091217041e-01
6.542659401893615723e-01
6.712534427642822266e-01
8.091160655021667480e-01
5.208410620689392090e-01
2.049537599086761475e-01
4.569054245948791504e-01
7.316396236419677734e-01
5.719851851463317871e-01
4.935523867607116699e-01
6.285161972045898438e-01
4.359403252601623535e-01
4.219448566436767578e-01
5.739851593971252441e-01
1.092318668961524963e-01
5.451842546463012695e-01
6.951300501823425293e-01
6.239993572235107422e-01
3.829023838043212891e-01
3.945111036300659180e-01
2.991547286510467529e-01
5.740787982940673828e-01
5.937040448188781738e-01
6.640203595161437988e-01
4.530097544193267822e-01
1.797723472118377686e-01
7.014160752296447754e-01
7.649683952331542969e-01
7.059645056724548340e-01
7.890596985816955566e-01
7.487408518791198730e-01
2.645065486431121826e-01
3.821772933006286621e-01
7.102614045143127441e-01
4.171189069747924805e-01
6.160722374916076660e-01
2.796059548854827881e-01
8.290690779685974121e-01
8.120940327644348145e-01
6.093080043792724609e-01
2.313050329685211182e-01
5.924594402313232422e-01
2.874448895454406738e-01
7.827885150909423828e-01
4.665737450122833252e-01
7.463865876197814941e-01
5.031601190567016602e-01
7.038193345069885254e-01
3.694677352905273438e-01
3.670438528060913086e-01
6.220658421516418457e-01
5.873211622238159180e-01
6.585832238197326660e-01
1.895692944526672363e-01
6.476435065269470215e-01
1.283838301897048950e-01
4.157997071743011475e-01
6.749960780143737793e-01
6.511633396148681641e-01
3.488023877143859863e-01
7.472664713859558105e-01
2.542771697044372559e-01
4.703521430492401123e-01
6.838070750236511230e-01
5.156829357147216797e-01
5.266801118850708008e-01
5.636803507804870605e-01
2.278826385736465454e-01
6.098980903625488281e-01
4.541144967079162598e-01
7.194826602935791016e-01
7.316485643386840820e-01
5.358253717422485352e-01
5.580549240112304688e-01
6.368215084075927734e-01
4.821808338165283203e-01
6.236689686775207520e-01
7.408822178840637207e-01
7.325307130813598633e-01
3.193417191505432129e-01
4.066717922687530518e-01
3.675509691238403320e-01
5.650843381881713867e-01
6.693004965782165527e-01
3.776040971279144287e-01
3.678362965583801270e-01
5.603327155113220215e-01
7.391721010208129883e-01
4.088254570960998535e-01
2.872722148895263672e-01
6.678922176361083984e-01
5.115035772323608398e-01
1.916182786226272583e-01
6.281403303146362305e-01
2.914694249629974365e-01
7.190185040235519409e-02
7.767879962921142578e-01
6.272403001785278320e-01
5.336172580718994141e-01
2.535730302333831787e-01
6.705269217491149902e-01
8.142783045768737793e-01
6.018792390823364258e-01
3.104128837585449219e-01
7.522456049919128418e-01
1.333286613225936890e-01
7.392932176589965820e-01
2.685319185256958008e-01
7.442816495895385742e-01
7.022663950920104980e-01
2.145223915576934814e-01
3.303560316562652588e-01
5.639349818229675293e-01
6.981070637702941895e-01
3.299830853939056396e-01
5.236790180206298828e-01
2.840400934219360352e-01
7.235010266304016113e-01
3.747206032276153564e-01
6.180438399314880371e-01
7.531474828720092773e-01
7.142441868782043457e-01
4.513518512248992920e-01
3.254005610942840576e-01
7.631961107254028320e-01
7.423517704010009766e-01
3.263121247291564941e-01
6.867322325706481934e-01
7.747191786766052246e-01
4.798619151115417480e-01
3.414057791233062744e-01
3.964769840240478516e-01
4.337864816188812256e-01
2.625206410884857178e-01
8.215776681900024414e-01
7.441468834877014160e-01
4.556256532669067383e-01
7.379609942436218262e-01
5.828953981399536133e-01
7.382215857505798340e-01
2.793659865856170654e-01
2.658914327621459961e-01
3.584546148777008057e-01
7.402648329734802246e-01
8.052257299423217773e-01
3.611062169075012207e-01
5.772534608840942383e-01
7.244241833686828613e-01
3.777127861976623535e-01
6.691787242889404297e-01
4.145971834659576416e-01
6.867657899856567383e-01
1.373095661401748657e-01
7.725911736488342285e-01
2.105259299278259277e-01
7.689623236656188965e-01
3.774492144584655762e-01
4.204211533069610596e-01
8.006843328475952148e-01
4.872967004776000977e-01
6.867575645446777344e-01
7.712880969047546387e-01
5.563948750495910645e-01
1.945519000291824341e-01
1.744585484266281128e-01
4.609429240226745605e-01
7.772658467292785645e-01
5.169631838798522949e-01
7.378128767013549805e-01
5.534093976020812988e-01
4.269748628139495850e-01
6.801739335060119629e-01
2.112272977828979492e-01
4.742374420166015625e-01
5.648624300956726074e-01
6.079260110855102539e-01
6.726340055465698242e-01
7.086516022682189941e-01
6.766472458839416504e-01
4.116906523704528809e-01
6.243907213211059570e-01
6.947875022888183594e-01
7.065392732620239258e-01
5.925875306129455566e-01
5.624961853027343750e-01
5.544551610946655273e-01
5.855473279953002930e-01
6.407808065414428711e-01
6.521068811416625977e-01
5.540562868118286133e-01
3.155969977378845215e-01
7.526510357856750488e-01
5.980607271194458008e-01
3.846002221107482910e-01
7.912074923515319824e-01
2.803504168987274170e-01
5.419600009918212891e-01
7.444915771484375000e-01
7.175435423851013184e-01
3.675988316535949707e-01
3.370927870273590088e-01
7.132036089897155762e-01
2.040032148361206055e-01
4.635184109210968018e-01
7.519309520721435547e-01
1.387222707271575928e-01
3.232719004154205322e-01
7.571548819541931152e-01
7.013080716133117676e-01
6.192334294319152832e-01
7.018970847129821777e-01
6.765928864479064941e-01
4.408910870552062988e-01
6.740458607673645020e-01
3.679420650005340576e-01
7.884996533393859863e-01
4.143192768096923828e-01
7.440999746322631836e-01
4.339545071125030518e-01
6.862726211547851562e-01
2.777908742427825928e-01
6.364105939865112305e-01
6.535223126411437988e-01
6.737101674079895020e-01
3.002512753009796143e-01
3.653360009193420410e-01
5.585154891014099121e-01
8.029984235763549805e-01
7.271657586097717285e-01
6.305786371231079102e-01
3.113250732421875000e-01
7.436215281486511230e-01
7.457410693168640137e-01
7.117847204208374023e-01
3.663546144962310791e-01
7.349967360496520996e-01
4.923550784587860107e-01
2.427271306514739990e-01
7.180271148681640625e-01
4.831334948539733887e-01
3.033814132213592529e-01
3.115304708480834961e-01
1.108009964227676392e-01
3.529867231845855713e-01
7.504523396492004395e-01
7.974545955657958984e-01
7.004693150520324707e-01
3.496649861335754395e-01
7.698752880096435547e-01
2.703001499176025391e-01
7.207865715026855469e-01
2.842739820480346680e-01
7.372030019760131836e-01
7.767646312713623047e-01
7.113929390907287598e-01
4.073359072208404541e-01
6.433230042457580566e-01
4.517602622509002686e-01
5.147080421447753906e-01
4.692918062210083008e-01
8.208664059638977051e-01
5.482914447784423828e-01
8.110530376434326172e-01
5.910465121269226074e-01
2.597520947456359863e-01
6.197317838668823242e-01
8.256661295890808105e-01
5.499691367149353027e-01
4.231675267219543457e-01
8.067499995231628418e-01
5.237011909484863281e-01
6.246160864830017090e-01
1.383153647184371948e-01
7.487126588821411133e-01
7.919971346855163574e-01
7.388268113136291504e-01
5.669746994972229004e-01
3.933281302452087402e-01
6.832940578460693359e-01
7.535727024078369141e-01
2.925834059715270996e-01
7.647741436958312988e-01
4.261245727539062500e-01
6.791719198226928711e-01
3.340925872325897217e-01
5.334930419921875000e-01
5.478495955467224121e-01
5.568370819091796875e-01
6.727963685989379883e-01
1.285036206245422363e-01
7.417303323745727539e-01
3.755419850349426270e-01
1.523844897747039795e-01
6.986484527587890625e-01
6.795237064361572266e-01
3.728839755058288574e-01
2.943042218685150146e-01
6.264436841011047363e-01
1.993712633848190308e-01
4.188096821308135986e-01
2.728662192821502686e-01
6.548258066177368164e-01
7.754491567611694336e-01
7.166618704795837402e-01
3.509933650493621826e-01
7.232915163040161133e-01
6.060863733291625977e-01
7.263846993446350098e-01
7.025454044342041016e-01
6.539216041564941406e-01
7.633804678916931152e-01
5.940563678741455078e-01
7.693354487419128418e-01
6.528819799423217773e-01
5.476241111755371094e-01
7.148647904396057129e-01
5.577176213264465332e-01
8.163658976554870605e-01
3.186430037021636963e-01
1.070809438824653625e-01
4.678870141506195068e-01
7.667661905288696289e-01
6.299184560775756836e-01
6.421360373497009277e-01
7.198128104209899902e-01
7.368041276931762695e-01
5.360167026519775391e-01
1.609015911817550659e-01
4.462884068489074707e-01
6.563692688941955566e-01
5.783990621566772461e-01
5.440370440483093262e-01
5.856050848960876465e-01
4.001862704753875732e-01
3.583467602729797363e-01
6.525729298591613770e-01
6.676100492477416992e-01
1.894771456718444824e-01
1.618838161230087280e-01
5.091392397880554199e-01
2.270204722881317139e-01
1.419958919286727905e-01
5.501012802124023438e-01
5.978273153305053711e-01
6.492431163787841797e-01
6.607265472412109375e-01
1.097833961248397827e-01
4.887833893299102783e-01
5.558907985687255859e-01
7.299550175666809082e-01
7.986528873443603516e-01
6.454521417617797852e-01
5.972667336463928223e-01
6.386533379554748535e-01
5.091421604156494141e-01
7.437440156936645508e-01
2.323071956634521484e-01
7.360226511955261230e-01
6.756750941276550293e-01
3.803530037403106689e-01
6.245153546333312988e-01
5.923920869827270508e-01
4.737397432327270508e-01
5.222299098968505859e-01
4.460742473602294922e-01
7.861459255218505859e-01
6.307920217514038086e-01
6.986716985702514648e-01
5.613475441932678223e-01
6.286661028861999512e-01
6.952729821205139160e-01
4.299094378948211670e-01
6.742011904716491699e-01
6.522749662399291992e-01
7.264162302017211914e-01
5.103636980056762695e-01
6.573341488838195801e-01
4.803516864776611328e-01
7.272616028785705566e-01
3.622724115848541260e-01
6.196687221527099609e-01
7.085708379745483398e-01
4.312882721424102783e-01
3.104128837585449219e-01
7.126861214637756348e-01
7.269237041473388672e-01
3.183229565620422363e-01
2.586289048194885254e-01
1.028882861137390137e-01
3.236908614635467529e-01
6.869862675666809082e-01
2.374459356069564819e-01
4.698610603809356689e-01
6.014963984489440918e-01
5.879254341125488281e-01
1.032560914754867554e-01
4.167689085006713867e-01
7.367292046546936035e-01
5.110959410667419434e-01
1.717386543750762939e-01
6.191532015800476074e-01
6.214595437049865723e-01
7.669799327850341797e-01
5.574103593826293945e-01
5.232064723968505859e-01
7.207463383674621582e-01
7.452555298805236816e-01
6.570934057235717773e-01
4.042345285415649414e-01
1.673200279474258423e-01
5.180084705352783203e-01
5.307331681251525879e-01
4.839620888233184814e-01
2.694892287254333496e-01
6.050023436546325684e-01
5.567975044250488281e-01
5.404668450355529785e-01
7.843564748764038086e-01
7.590599060058593750e-01
7.602971792221069336e-01
5.655226111412048340e-01
3.365977406501770020e-01
7.338684797286987305e-01
8.244135975837707520e-01
6.737776994705200195e-01
5.443551540374755859e-01
6.361407041549682617e-01
3.369574248790740967e-01
7.602760791778564453e-01
6.512901186943054199e-01
6.140829920768737793e-01
4.320701062679290771e-01
3.276083469390869141e-01
4.477581679821014404e-01
7.278088331222534180e-01
7.422819733619689941e-01
7.699491977691650391e-01
7.123884558677673340e-01
2.268928438425064087e-01
1.620633006095886230e-01
7.012299895286560059e-01
4.928046762943267822e-01
7.635655403137207031e-01
3.801306784152984619e-01
6.054565906524658203e-01
6.676387786865234375e-01
5.213436484336853027e-01
7.319061160087585449e-01
5.902333855628967285e-01
6.785104870796203613e-01
4.529479146003723145e-01
5.166813731193542480e-01
5.615342855453491211e-01
6.458767652511596680e-01
7.434505224227905273e-01
7.515177726745605469e-01
3.989328444004058838e-01
7.514333128929138184e-01
6.921885609626770020e-01
5.529337525367736816e-01
6.599252223968505859e-01
6.970019340515136719e-01
8.187038302421569824e-01
6.245951056480407715e-01
5.869051814079284668e-01
3.243466019630432129e-01
2.028434723615646362e-01
6.982574462890625000e-01
7.437938451766967773e-01
5.139115452766418457e-01
5.360667705535888672e-01
1.449462622404098511e-01
6.109275221824645996e-01
5.433716773986816406e-01
2.085795104503631592e-01
4.560752809047698975e-01
4.864168465137481689e-01
7.181465029716491699e-01
5.487152338027954102e-01
6.940891742706298828e-01
7.239280939102172852e-01
4.187417328357696533e-01
7.347297072410583496e-01
2.080298513174057007e-01
6.731923222541809082e-01
5.302748680114746094e-01
4.450948238372802734e-01
8.138003349304199219e-01
7.467908263206481934e-01
6.389830112457275391e-01
7.945282459259033203e-01
7.570789456367492676e-01
7.620033025741577148e-01
6.740283370018005371e-01
7.126834988594055176e-01
7.292795181274414062e-01
7.132960557937622070e-01
7.473362088203430176e-01
7.537983655929565430e-01
1.765532046556472778e-01
7.382802367210388184e-01
2.855069339275360107e-01
6.737733483314514160e-01
7.449707984924316406e-01
2.630998492240905762e-01
4.149960875511169434e-01
3.411118686199188232e-01
4.775910675525665283e-01
7.588315010070800781e-01
5.758042931556701660e-01
7.793063521385192871e-01
6.963024139404296875e-01
5.270408391952514648e-01
2.772850990295410156e-01
5.311057567596435547e-01
7.154164314270019531e-01
6.842353940010070801e-01
4.477398395538330078e-01
4.061827361583709717e-01
8.058726191520690918e-01
6.997227668762207031e-01
5.806728005409240723e-01
4.353557229042053223e-01
6.350322365760803223e-01
7.128818035125732422e-01
6.655103564262390137e-01
3.672083020210266113e-01
6.332741379737854004e-01
4.841655492782592773e-01
7.225366830825805664e-01
3.513517677783966064e-01
7.528623342514038086e-01
7.644332647323608398e-01
1.035548299551010132e-01
4.863328933715820312e-01
7.686990499496459961e-01
8.017112612724304199e-01
3.932629823684692383e-01
2.847871482372283936e-01
5.989701151847839355e-01
6.105889678001403809e-01
2.930727899074554443e-01
3.291144371032714844e-01
8.072054982185363770e-01
5.926765799522399902e-01
7.752962708473205566e-01
7.167367339134216309e-01
5.030210614204406738e-01
5.439698100090026855e-01
5.724381804466247559e-01
7.841356396675109863e-01
2.703266739845275879e-01
7.031921148300170898e-01
7.274668812751770020e-01
6.435862779617309570e-01
7.738094329833984375e-01
6.911118030548095703e-01
7.974553108215332031e-01
6.128064393997192383e-01
5.249467492103576660e-01
7.002919316291809082e-01
3.065738677978515625e-01
1.010895073413848877e-01
7.752795219421386719e-01
4.856807589530944824e-01
6.846099495887756348e-01
5.745549798011779785e-01
1.183059886097908020e-01
5.445074439048767090e-01
9.013715386390686035e-02
6.785665750503540039e-01
7.756693363189697266e-01
1.424936652183532715e-01
2.776813507080078125e-01
6.343921422958374023e-01
1.488668620586395264e-01
2.441077977418899536e-01
5.919575691223144531e-01
4.518898725509643555e-01
5.937513113021850586e-01
8.207306265830993652e-01
2.615811228752136230e-01
5.148649811744689941e-01
6.506716609001159668e-01
5.288021564483642578e-01
5.034107565879821777e-01
7.337270379066467285e-01
6.933443248271942139e-02
5.188579559326171875e-01
3.380338251590728760e-01
6.416388750076293945e-01
7.363379597663879395e-01
5.194050669670104980e-01
3.621714413166046143e-01
6.946763396263122559e-01
6.726171374320983887e-01
6.245723366737365723e-01
1.912361979484558105e-01
6.594660878181457520e-01
7.303926944732666016e-01
7.421871423721313477e-01
5.888283848762512207e-01
2.982001900672912598e-01
7.893080115318298340e-01
7.389125823974609375e-01
7.359725236892700195e-01
1.837884932756423950e-01
2.625687420368194580e-01
5.213457345962524414e-01
5.582153797149658203e-01
7.504802942276000977e-01
6.164525151252746582e-01
3.896411061286926270e-01
2.414332479238510132e-01
6.932002305984497070e-01
4.608765542507171631e-01
5.199621915817260742e-01
7.739562392234802246e-01
4.607473313808441162e-01
2.988484799861907959e-01
7.663776874542236328e-01
7.951284050941467285e-01
7.627445459365844727e-01
5.252599716186523438e-01
3.296603262424468994e-01
6.169445514678955078e-01
6.513497233390808105e-01
7.564584612846374512e-01
1.624782234430313110e-01
7.769777774810791016e-01
7.614097595214843750e-01
7.720233201980590820e-01
5.671246051788330078e-01
7.297159433364868164e-01
5.331041216850280762e-01
3.503689765930175781e-01
1.970331668853759766e-01
7.610719203948974609e-01
5.300846695899963379e-01
7.155158519744873047e-01
7.281571626663208008e-01
7.036413550376892090e-01
3.369135856628417969e-01
4.888183474540710449e-01
1.940519660711288452e-01
6.044262051582336426e-01
6.641559004783630371e-01
7.894419431686401367e-01
3.126628994941711426e-01
7.281118631362915039e-01
1.910844594240188599e-01
1.110347881913185120e-01
7.768405079841613770e-01
7.400961518287658691e-01
5.646396875381469727e-01
1.444915980100631714e-01
7.125142216682434082e-01
7.319980263710021973e-01
1.062064543366432190e-01
1.511321514844894409e-01
6.532482504844665527e-01
6.959928274154663086e-01
5.017145872116088867e-01
7.438189983367919922e-01
5.665747523307800293e-01
5.793392062187194824e-01
1.615922451019287109e-01
3.489974141120910645e-01
1.058589071035385132e-01
2.181443423032760620e-01
6.792081594467163086e-01
2.397573739290237427e-01
7.434505224227905273e-01
7.792564034461975098e-01
6.646417975425720215e-01
3.240287005901336670e-01
6.384311914443969727e-01
7.911162376403808594e-01
2.987041175365447998e-01
6.158279180526733398e-01
2.361366748809814453e-01
7.471672892570495605e-01
5.554431080818176270e-01
6.042760014533996582e-01
3.517811298370361328e-01
4.832121729850769043e-01
7.026025652885437012e-01
3.852629065513610840e-01
1.347920000553131104e-01
6.616517305374145508e-01
4.070411324501037598e-01
4.432259500026702881e-01
6.346755623817443848e-01
3.335128426551818848e-01
6.952648758888244629e-01
1.528375297784805298e-01
3.705955445766448975e-01
6.797373890876770020e-01
1.717949956655502319e-01
7.579264044761657715e-01
2.254029065370559692e-01
4.818848967552185059e-01
6.601879596710205078e-01
7.390179038047790527e-01
5.009437203407287598e-01
1.304231882095336914e-01
6.588847637176513672e-01
6.435496807098388672e-01
4.013977646827697754e-01
4.929531216621398926e-01
2.092521637678146362e-01
7.279492020606994629e-01
7.745155096054077148e-01
1.002515032887458801e-01
5.594015717506408691e-01
7.412720322608947754e-01
6.014748811721801758e-01
3.347635567188262939e-01
7.411749958992004395e-01
2.422185242176055908e-01
6.745983958244323730e-01
9.329009801149368286e-02
1.302032321691513062e-01
5.537741780281066895e-01
7.971814274787902832e-01
2.594665288925170898e-01
3.497129678726196289e-01
6.285126805305480957e-01
4.144768118858337402e-01
7.052847146987915039e-01
2.049110978841781616e-01
6.585516929626464844e-01
7.833951711654663086e-01
6.574237942695617676e-01
6.183872818946838379e-01
1.195848584175109863e-01
6.916061639785766602e-01
7.928307652473449707e-01
7.511372566223144531e-01
8.103560209274291992e-01
6.064595580101013184e-01
1.857461631298065186e-01
4.298897385597229004e-01
6.923818588256835938e-01
8.059610724449157715e-01
7.521550655364990234e-01
6.895101666450500488e-01
7.195729613304138184e-01
7.584081292152404785e-01
1.332562565803527832e-01
6.413964629173278809e-01
4.713393747806549072e-01
5.385818481445312500e-01
7.338457107543945312e-01
4.045222103595733643e-01
3.412016034126281738e-01
2.602892220020294189e-01
5.182917118072509766e-01
2.987886667251586914e-01
7.175804972648620605e-01
3.715687692165374756e-01
7.883847951889038086e-01
5.945850610733032227e-01
7.380853295326232910e-01
8.619701117277145386e-02
4.339106380939483643e-01
1.445468217134475708e-01
1.615945547819137573e-01
2.602656483650207520e-01
6.648665070533752441e-01
3.104128837585449219e-01
7.254843711853027344e-01
5.625503659248352051e-01
7.325263619422912598e-01
6.359146833419799805e-01
7.683773636817932129e-01
7.930520772933959961e-01
7.861459255218505859e-01
2.956780791282653809e-01
3.135334253311157227e-01
5.576832294464111328e-01
2.964012324810028076e-01
6.955958008766174316e-01
6.405532956123352051e-01
1.009398773312568665e-01
2.342734783887863159e-01
7.680230140686035156e-01
4.361315369606018066e-01
1.104588955640792847e-01
6.603855490684509277e-01
5.759274363517761230e-01
5.023559331893920898e-01
1.717391461133956909e-01
5.906236767768859863e-01
2.419791519641876221e-01
8.102977871894836426e-01
7.464385628700256348e-01
7.851463556289672852e-01
7.305828928947448730e-01
6.456865072250366211e-01
7.591521143913269043e-01
3.567706644535064697e-01
7.882176041603088379e-01
2.456598877906799316e-01
4.809220433235168457e-01
6.791186332702636719e-01
3.083648085594177246e-01
6.765573620796203613e-01
7.693354487419128418e-01
6.631085276603698730e-01
5.379264950752258301e-01
3.610259294509887695e-01
1.274551004171371460e-01
2.170110642910003662e-01
4.061402380466461182e-01
6.776239871978759766e-01
6.441022753715515137e-01
6.238155961036682129e-01
7.068281173706054688e-01
6.837028264999389648e-01
6.238529086112976074e-01
7.797080278396606445e-01
6.282771825790405273e-01
7.040445208549499512e-01
4.043406844139099121e-01
1.630997508764266968e-01
5.431456565856933594e-01
4.300787150859832764e-01
6.198648214340209961e-01
1.284507811069488525e-01
7.688898444175720215e-01
7.936441898345947266e-01
7.737216949462890625e-01
7.031974196434020996e-01
6.291264295578002930e-01
8.252313733100891113e-01
6.629056930541992188e-01
7.665539383888244629e-01
3.872182965278625488e-01
7.141589522361755371e-01
7.693491578102111816e-01
5.904655456542968750e-01
5.286973118782043457e-01
6.389144659042358398e-01
3.956083655357360840e-01
2.666616439819335938e-01
1.461384594440460205e-01
8.172970414161682129e-01
5.002199411392211914e-01
2.712730765342712402e-01
6.610774397850036621e-01
5.014415979385375977e-01
