5.317697525024414062e-01
5.484594106674194336e-01
4.764417111873626709e-01
5.355200767517089844e-01
5.472212433815002441e-01
5.047434568405151367e-01
5.327138900756835938e-01
5.261758565902709961e-01
5.245925784111022949e-01
4.254533350467681885e-01
5.471116304397583008e-01
5.441185832023620605e-01
5.445187091827392578e-01
5.421177148818969727e-01
5.418515801429748535e-01
5.130110383033752441e-01
4.223281741142272949e-01
4.845999777317047119e-01
5.362424254417419434e-01
5.532567501068115234e-01
5.455161929130554199e-01
5.322586297988891602e-01
5.367566347122192383e-01
4.824265837669372559e-01
5.272462964057922363e-01
1.169342696666717529e-01
5.000309348106384277e-01
5.432882905006408691e-01
5.278992652893066406e-01
5.473220944404602051e-01
5.443764328956604004e-01
5.504053235054016113e-01
5.437952876091003418e-01
5.166163444519042969e-01
5.381739735603332520e-01
5.414342880249023438e-01
4.697826504707336426e-01
5.463292002677917480e-01
5.271249413490295410e-01
5.132615566253662109e-01
5.511667728424072266e-01
4.763055145740509033e-01
5.412184596061706543e-01
4.045712649822235107e-01
5.372701883316040039e-01
5.350344777107238770e-01
5.398783087730407715e-01
5.342460274696350098e-01
5.452150702476501465e-01
5.418463349342346191e-01
5.446988344192504883e-01
4.623771011829376221e-01
5.521638393402099609e-01
5.363387465476989746e-01
5.410920977592468262e-01
5.006183385848999023e-01
5.387768745422363281e-01
5.540662407875061035e-01
5.254269242286682129e-01
5.479319095611572266e-01
5.418272614479064941e-01
5.470833778381347656e-01
5.506789684295654297e-01
5.045965313911437988e-01
5.395899415016174316e-01
5.347207784652709961e-01
5.407431125640869141e-01
5.363416671752929688e-01
5.419607758522033691e-01
5.253176689147949219e-01
5.456248521804809570e-01
5.438073277473449707e-01
4.185263812541961670e-01
5.377807021141052246e-01
5.436797738075256348e-01
5.140115618705749512e-01
4.963243305683135986e-01
5.420042276382446289e-01
5.388528108596801758e-01
5.399149060249328613e-01
5.433269739151000977e-01
5.310572385787963867e-01
5.317132472991943359e-01
5.325484275817871094e-01
5.011035203933715820e-01
5.391473174095153809e-01
4.318369925022125244e-01
5.278902053833007812e-01
5.103103518486022949e-01
5.480444431304931641e-01
5.418954491615295410e-01
5.466772913932800293e-01
5.331563353538513184e-01
5.437219738960266113e-01
5.105481147766113281e-01
4.979402422904968262e-01
5.407551527023315430e-01
5.394073724746704102e-01
5.359540581703186035e-01
5.226401686668395996e-01
4.890117347240447998e-01
5.426500439643859863e-01
5.045045018196105957e-01
5.505831837654113770e-01
5.523298382759094238e-01
5.475701093673706055e-01
5.340719223022460938e-01
5.508031249046325684e-01
5.505431294441223145e-01
5.435832142829895020e-01
5.394297242164611816e-01
5.471913218498229980e-01
5.073140859603881836e-01
5.431712269783020020e-01
5.452065467834472656e-01
5.405932068824768066e-01
5.103887319564819336e-01
5.358713865280151367e-01
5.392532348632812500e-01
5.420733094215393066e-01
5.300720930099487305e-01
5.397855639457702637e-01
5.244530439376831055e-01
5.181939601898193359e-01
5.063117146492004395e-01
5.428259372711181641e-01
4.874567389488220215e-01
5.280470252037048340e-01
4.959929585456848145e-01
4.919180572032928467e-01
5.509666204452514648e-01
5.397582054138183594e-01
5.478399395942687988e-01
5.414679646492004395e-01
5.007188916206359863e-01
5.345488190650939941e-01
5.433164238929748535e-01
4.815505743026733398e-01
5.410742759704589844e-01
4.839317202568054199e-01
5.454743504524230957e-01
4.719884395599365234e-01
4.041336178779602051e-01
5.107089877128601074e-01
4.776813387870788574e-01
5.307872295379638672e-01
4.669739603996276855e-01
5.397258400917053223e-01
5.359205007553100586e-01
5.436942577362060547e-01
4.138240814208984375e-01
5.157490968704223633e-01
5.162726640701293945e-01
5.497880578041076660e-01
5.416706204414367676e-01
4.803057312965393066e-01
5.275905728340148926e-01
5.175740718841552734e-01
5.491948127746582031e-01
3.999574780464172363e-01
5.203100442886352539e-01
5.179404020309448242e-01
5.135009884834289551e-01
5.039212703704833984e-01
5.154922008514404297e-01
5.452650189399719238e-01
5.375164151191711426e-01
5.418829321861267090e-01
5.488961935043334961e-01
5.199045538902282715e-01
5.313578248023986816e-01
5.332129001617431641e-01
5.480034947395324707e-01
5.496939420700073242e-01
4.549726843833923340e-01
5.443183779716491699e-01
5.385518670082092285e-01
5.335128903388977051e-01
4.810902476310729980e-01
4.989258050918579102e-01
5.179142951965332031e-01
5.405997633934020996e-01
5.013978481292724609e-01
5.449751019477844238e-01
4.461752176284790039e-01
4.505563676357269287e-01
5.506783723831176758e-01
5.566713213920593262e-01
5.428841114044189453e-01
5.308116674423217773e-01
4.933363795280456543e-01
5.455265045166015625e-01
4.644236862659454346e-01
5.043160915374755859e-01
5.377885103225708008e-01
5.425619482994079590e-01
5.398536920547485352e-01
5.441682338714599609e-01
5.065036416053771973e-01
5.433327555656433105e-01
4.119502902030944824e-01
5.415599346160888672e-01
5.270704627037048340e-01
3.995805978775024414e-01
5.407067537307739258e-01
5.362145900726318359e-01
5.455849170684814453e-01
5.409480929374694824e-01
4.970648884773254395e-01
5.477337241172790527e-01
5.403993129730224609e-01
5.427618622779846191e-01
4.857695102691650391e-01
5.217356085777282715e-01
5.495549440383911133e-01
5.216050744056701660e-01
5.427777767181396484e-01
5.483175516128540039e-01
5.391345620155334473e-01
5.213208794593811035e-01
5.330969691276550293e-01
5.349558591842651367e-01
5.415112376213073730e-01
5.520860552787780762e-01
5.309046506881713867e-01
5.155649781227111816e-01
4.632038176059722900e-01
5.523770451545715332e-01
5.233324170112609863e-01
5.399329066276550293e-01
5.470919609069824219e-01
5.232184529304504395e-01
5.511162877082824707e-01
4.546600878238677979e-01
5.136170983314514160e-01
5.227853059768676758e-01
5.428670644760131836e-01
5.313785076141357422e-01
5.485533475875854492e-01
5.320559740066528320e-01
5.493578910827636719e-01
5.037763118743896484e-01
5.372849702835083008e-01
5.387363433837890625e-01
5.072043538093566895e-01
5.322353839874267578e-01
5.415535569190979004e-01
5.529688596725463867e-01
5.474142432212829590e-01
5.398457646369934082e-01
5.377431511878967285e-01
4.606091380119323730e-01
5.117564201354980469e-01
4.992688298225402832e-01
5.498591065406799316e-01
5.019395947456359863e-01
5.313444137573242188e-01
5.442770719528198242e-01
5.358869433403015137e-01
5.172365307807922363e-01
5.463032126426696777e-01
5.146039724349975586e-01
5.447332859039306641e-01
4.693464338779449463e-01
5.046102404594421387e-01
5.105984807014465332e-01
5.379026532173156738e-01
4.969901442527770996e-01
5.311036109924316406e-01
5.023400783538818359e-01
4.547057449817657471e-01
5.472348332405090332e-01
5.336780548095703125e-01
5.467112660408020020e-01
5.462526679039001465e-01
5.234311223030090332e-01
4.273301959037780762e-01
5.402541756629943848e-01
5.019897222518920898e-01
5.479452013969421387e-01
5.111427903175354004e-01
5.138755440711975098e-01
5.353614091873168945e-01
5.290428996086120605e-01
5.447826981544494629e-01
5.289347767829895020e-01
5.194883942604064941e-01
5.229712128639221191e-01
5.103731751441955566e-01
5.332734584808349609e-01
4.554443061351776123e-01
5.429669022560119629e-01
5.404497385025024414e-01
5.488973259925842285e-01
5.317507982254028320e-01
5.073246955871582031e-01
5.137844085693359375e-01
5.470068454742431641e-01
5.082703232765197754e-01
5.286063551902770996e-01
5.512374043464660645e-01
5.456594824790954590e-01
5.353118777275085449e-01
5.436848402023315430e-01
5.284635424613952637e-01
4.850122034549713135e-01
5.211472511291503906e-01
5.185285210609436035e-01
5.063555240631103516e-01
5.470330119132995605e-01
5.450950860977172852e-01
3.958575427532196045e-01
5.204155445098876953e-01
5.202280282974243164e-01
5.440715551376342773e-01
5.255297422409057617e-01
5.482953190803527832e-01
5.262852907180786133e-01
5.335801243782043457e-01
5.212989449501037598e-01
4.774903655052185059e-01
5.061504244804382324e-01
5.454169511795043945e-01
5.402138233184814453e-01
4.044367074966430664e-01
5.005784034729003906e-01
5.295656919479370117e-01
5.480936169624328613e-01
5.446788668632507324e-01
5.410596132278442383e-01
4.672815203666687012e-01
5.308278799057006836e-01
5.516610145568847656e-01
4.237247705459594727e-01
5.424194335937500000e-01
5.446196198463439941e-01
5.105534195899963379e-01
5.377575755119323730e-01
5.112230777740478516e-01
5.371091365814208984e-01
5.365206003189086914e-01
4.858390092849731445e-01
4.399610161781311035e-01
5.386295318603515625e-01
5.134691596031188965e-01
5.108183026313781738e-01
5.098611712455749512e-01
5.398194789886474609e-01
5.369904041290283203e-01
5.434561967849731445e-01
5.425028204917907715e-01
5.073596835136413574e-01
5.483290553092956543e-01
5.492593050003051758e-01
5.142395496368408203e-01
5.451772809028625488e-01
3.954296410083770752e-01
5.207094550132751465e-01
5.210533738136291504e-01
5.529038310050964355e-01
5.523123145103454590e-01
4.925153553485870361e-01
5.195242166519165039e-01
5.472888946533203125e-01
5.266206860542297363e-01
5.460520982742309570e-01
5.478017330169677734e-01
5.436848402023315430e-01
5.228691101074218750e-01
5.192653536796569824e-01
5.400027036666870117e-01
5.485280156135559082e-01
5.342956185340881348e-01
5.033001899719238281e-01
5.134419202804565430e-01
4.012342691421508789e-01
5.410320162773132324e-01
5.299715995788574219e-01
4.361737966537475586e-01
5.338966250419616699e-01
5.486962199211120605e-01
5.005069971084594727e-01
1.169342696666717529e-01
5.397109389305114746e-01
5.318975448608398438e-01
5.243806838989257812e-01
4.960992634296417236e-01
5.392083525657653809e-01
5.397990345954895020e-01
4.984814226627349854e-01
5.199037790298461914e-01
5.203543305397033691e-01
5.404939651489257812e-01
5.390797257423400879e-01
5.128668546676635742e-01
5.383796691894531250e-01
5.075927376747131348e-01
5.350365638732910156e-01
4.825937151908874512e-01
4.968955218791961670e-01
5.501109361648559570e-01
5.202772021293640137e-01
5.501927137374877930e-01
5.434871315956115723e-01
5.443778038024902344e-01
5.259200930595397949e-01
5.422568917274475098e-01
5.154912471771240234e-01
5.404417514801025391e-01
5.448759794235229492e-01
5.441365838050842285e-01
5.399325489997863770e-01
5.274568200111389160e-01
5.279953479766845703e-01
5.408944487571716309e-01
3.943465054035186768e-01
5.497524142265319824e-01
5.177822709083557129e-01
4.989893734455108643e-01
5.224213600158691406e-01
5.380005836486816406e-01
5.501235127449035645e-01
5.102461576461791992e-01
5.267432332038879395e-01
5.373821258544921875e-01
5.350533127784729004e-01
5.089668035507202148e-01
4.851992428302764893e-01
5.314928889274597168e-01
5.263953208923339844e-01
5.489772558212280273e-01
5.381181836128234863e-01
4.876473844051361084e-01
5.307210087776184082e-01
5.354367494583129883e-01
5.039493441581726074e-01
4.804227650165557861e-01
5.054780840873718262e-01
5.390248894691467285e-01
5.288835167884826660e-01
5.388665795326232910e-01
5.438532829284667969e-01
4.949969947338104248e-01
5.270960330963134766e-01
5.315036177635192871e-01
5.459969043731689453e-01
5.490747690200805664e-01
3.990120887756347656e-01
5.454314947128295898e-01
5.397176742553710938e-01
5.374161601066589355e-01
5.493217706680297852e-01
5.428575873374938965e-01
5.201833844184875488e-01
5.398025512695312500e-01
5.359696745872497559e-01
5.519136190414428711e-01
5.362550616264343262e-01
4.974144399166107178e-01
5.438175797462463379e-01
5.270405411720275879e-01
4.669356942176818848e-01
5.294919610023498535e-01
5.461096763610839844e-01
5.035033226013183594e-01
5.506989359855651855e-01
5.251771807670593262e-01
5.140671133995056152e-01
5.194450020790100098e-01
5.331736803054809570e-01
5.444562435150146484e-01
5.480263233184814453e-01
5.222921371459960938e-01
5.341657400131225586e-01
5.434018373489379883e-01
5.496092438697814941e-01
5.405955314636230469e-01
3.946704268455505371e-01
5.376256108283996582e-01
4.899087846279144287e-01
5.512522459030151367e-01
5.381838083267211914e-01
4.893627464771270752e-01
5.269284844398498535e-01
3.961541354656219482e-01
5.371772050857543945e-01
5.450390577316284180e-01
5.368537306785583496e-01
5.142819881439208984e-01
4.999400377273559570e-01
4.491420388221740723e-01
5.120485424995422363e-01
5.399171710014343262e-01
5.323063731193542480e-01
5.380505323410034180e-01
5.426985621452331543e-01
5.278456211090087891e-01
4.828894138336181641e-01
5.500643253326416016e-01
5.216249227523803711e-01
5.485823154449462891e-01
5.116530656814575195e-01
5.085668563842773438e-01
4.118248224258422852e-01
5.089489817619323730e-01
5.447111129760742188e-01
5.365725159645080566e-01
4.937489032745361328e-01
5.274028182029724121e-01
5.406532883644104004e-01
5.385144948959350586e-01
4.237919449806213379e-01
5.274098515510559082e-01
5.251045227050781250e-01
5.096480846405029297e-01
5.277772545814514160e-01
5.365956425666809082e-01
5.180824995040893555e-01
5.256211757659912109e-01
5.318840146064758301e-01
5.375239849090576172e-01
5.324120521545410156e-01
5.458089113235473633e-01
5.382446050643920898e-01
5.458813309669494629e-01
5.060448050498962402e-01
5.353860259056091309e-01
5.367518067359924316e-01
5.467902421951293945e-01
5.428028702735900879e-01
5.117739439010620117e-01
5.272540450096130371e-01
5.302825570106506348e-01
5.249914526939392090e-01
5.324622392654418945e-01
5.361700057983398438e-01
5.528696179389953613e-01
5.472933650016784668e-01
5.194786787033081055e-01
5.192095637321472168e-01
5.271208286285400391e-01
5.394807457923889160e-01
5.342876315116882324e-01
5.278107523918151855e-01
5.037082433700561523e-01
5.493969321250915527e-01
5.369852781295776367e-01
4.418411254882812500e-01
5.493905544281005859e-01
5.448305606842041016e-01
5.428208112716674805e-01
5.234804749488830566e-01
5.260839462280273438e-01
5.119372010231018066e-01
5.319398045539855957e-01
3.980713188648223877e-01
5.007284879684448242e-01
5.092169046401977539e-01
5.294290781021118164e-01
4.387125968933105469e-01
5.422911047935485840e-01
4.805876910686492920e-01
5.351377129554748535e-01
5.411030650138854980e-01
5.497353076934814453e-01
4.965866506099700928e-01
5.390012264251708984e-01
4.989024102687835693e-01
5.394964814186096191e-01
5.373219251632690430e-01
5.139099359512329102e-01
5.103025436401367188e-01
5.328575968742370605e-01
5.434640645980834961e-01
5.273065567016601562e-01
5.131949782371520996e-01
5.408678054809570312e-01
5.347793102264404297e-01
5.306578278541564941e-01
5.451959371566772461e-01
5.451434254646301270e-01
5.252676010131835938e-01
5.313612222671508789e-01
4.342798292636871338e-01
5.152795314788818359e-01
5.309205651283264160e-01
5.402709245681762695e-01
4.202144742012023926e-01
5.440397858619689941e-01
5.149392485618591309e-01
5.452482700347900391e-01
5.367304682731628418e-01
5.186827778816223145e-01
5.482500791549682617e-01
5.172489881515502930e-01
5.424442887306213379e-01
5.003146529197692871e-01
5.414983630180358887e-01
5.345837473869323730e-01
5.272827148437500000e-01
5.462011098861694336e-01
5.436247587203979492e-01
4.823896884918212891e-01
5.207893848419189453e-01
5.439347624778747559e-01
5.425599217414855957e-01
5.377317070960998535e-01
5.488654375076293945e-01
5.442344546318054199e-01
4.170183539390563965e-01
5.231568813323974609e-01
3.970495462417602539e-01
5.365540981292724609e-01
5.191968083381652832e-01
5.155797004699707031e-01
5.318433046340942383e-01
5.430662631988525391e-01
5.278016328811645508e-01
5.417655110359191895e-01
5.383505225181579590e-01
5.330896973609924316e-01
5.188981294631958008e-01
5.428791046142578125e-01
5.279954075813293457e-01
5.419173240661621094e-01
1.169342696666717529e-01
4.851855039596557617e-01
5.415917038917541504e-01
5.477381348609924316e-01
4.124853014945983887e-01
5.327851176261901855e-01
5.441324710845947266e-01
5.490404367446899414e-01
5.448685884475708008e-01
5.313388109207153320e-01
5.299801230430603027e-01
5.085396766662597656e-01
5.452926158905029297e-01
5.243765115737915039e-01
5.473574995994567871e-01
5.415574312210083008e-01
5.217560529708862305e-01
5.481393337249755859e-01
5.470567345619201660e-01
5.044560432434082031e-01
5.255194306373596191e-01
5.183733701705932617e-01
4.925636947154998779e-01
5.442782044410705566e-01
5.306085944175720215e-01
5.324088931083679199e-01
5.320988893508911133e-01
5.250120759010314941e-01
5.289118289947509766e-01
5.272130370140075684e-01
4.796211719512939453e-01
5.208823084831237793e-01
5.229809284210205078e-01
5.259472131729125977e-01
5.137785673141479492e-01
5.492243766784667969e-01
5.305017828941345215e-01
5.412392020225524902e-01
5.386237502098083496e-01
5.413410663604736328e-01
5.420470833778381348e-01
5.464967489242553711e-01
5.192540884017944336e-01
5.248380899429321289e-01
5.331860184669494629e-01
3.992543518543243408e-01
5.458534955978393555e-01
5.489965677261352539e-01
5.218078494071960449e-01
5.181275010108947754e-01
5.441288352012634277e-01
5.448299646377563477e-01
5.487834811210632324e-01
5.348674058914184570e-01
5.273900628089904785e-01
5.484032630920410156e-01
5.509333610534667969e-01
5.401109457015991211e-01
4.157684743404388428e-01
5.506736040115356445e-01
4.997620582580566406e-01
5.504778623580932617e-01
5.485432744026184082e-01
4.012261331081390381e-01
5.297759771347045898e-01
5.447725653648376465e-01
5.521016120910644531e-01
5.477916002273559570e-01
5.148086547851562500e-01
5.041295289993286133e-01
5.326223373413085938e-01
5.133500099182128906e-01
5.462722778320312500e-01
5.213868618011474609e-01
5.217646360397338867e-01
5.309486389160156250e-01
5.226903557777404785e-01
4.209787547588348389e-01
4.175312221050262451e-01
5.449140667915344238e-01
5.528662800788879395e-01
5.231302380561828613e-01
5.396482348442077637e-01
5.189621448516845703e-01
5.496661663055419922e-01
5.404766201972961426e-01
5.413777828216552734e-01
5.356761813163757324e-01
5.284614562988281250e-01
5.375306606292724609e-01
5.220999717712402344e-01
5.528941750526428223e-01
5.115198493003845215e-01
5.514689087867736816e-01
4.788446724414825439e-01
5.480594038963317871e-01
5.413203835487365723e-01
5.391173958778381348e-01
5.495284795761108398e-01
5.346560478210449219e-01
4.974912405014038086e-01
3.988194167613983154e-01
5.396128296852111816e-01
5.415691733360290527e-01
5.216969251632690430e-01
5.507916808128356934e-01
5.232635736465454102e-01
5.295363068580627441e-01
5.298479795455932617e-01
5.304454565048217773e-01
5.477249622344970703e-01
4.932252168655395508e-01
5.056182146072387695e-01
4.486249387264251709e-01
5.357775688171386719e-01
5.348812341690063477e-01
5.420606136322021484e-01
5.429180264472961426e-01
5.423350930213928223e-01
5.030660629272460938e-01
5.454471111297607422e-01
5.377574563026428223e-01
4.068832695484161377e-01
5.373846888542175293e-01
5.135036706924438477e-01
4.492719769477844238e-01
5.380276441574096680e-01
5.261179208755493164e-01
4.766454994678497314e-01
5.459851026535034180e-01
4.375136792659759521e-01
5.338129997253417969e-01
5.393906235694885254e-01
5.271442532539367676e-01
5.358338952064514160e-01
3.890492320060729980e-01
5.395697951316833496e-01
5.077567696571350098e-01
5.006541609764099121e-01
5.410140156745910645e-01
5.308136343955993652e-01
5.116359591484069824e-01
5.527127385139465332e-01
5.449851155281066895e-01
5.226931571960449219e-01
5.137497186660766602e-01
5.167780518531799316e-01
5.257821679115295410e-01
5.052021145820617676e-01
5.118792653083801270e-01
5.483320355415344238e-01
4.951911866664886475e-01
5.141307711601257324e-01
4.905982017517089844e-01
4.464450478553771973e-01
5.379739403724670410e-01
4.241588711738586426e-01
5.506624579429626465e-01
5.182996392250061035e-01
5.436236262321472168e-01
5.436162352561950684e-01
5.447545647621154785e-01
5.477932095527648926e-01
5.139272212982177734e-01
5.135861635208129883e-01
5.486634969711303711e-01
5.426151752471923828e-01
5.305360555648803711e-01
4.965604245662689209e-01
5.172376036643981934e-01
5.169730782508850098e-01
5.261437892913818359e-01
5.478429794311523438e-01
5.365241765975952148e-01
5.187056660652160645e-01
5.362969040870666504e-01
5.434567928314208984e-01
5.215977430343627930e-01
5.540359616279602051e-01
5.358859300613403320e-01
5.502879619598388672e-01
5.466671586036682129e-01
5.460315346717834473e-01
5.141134262084960938e-01
5.396370291709899902e-01
4.804815948009490967e-01
4.916008412837982178e-01
5.454170107841491699e-01
5.173386931419372559e-01
3.896640539169311523e-01
5.484451055526733398e-01
5.406249165534973145e-01
5.197130441665649414e-01
5.321686267852783203e-01
5.353194475173950195e-01
5.246756076812744141e-01
5.467121601104736328e-01
5.464261770248413086e-01
5.314080715179443359e-01
5.373362302780151367e-01
5.465601086616516113e-01
5.421085357666015625e-01
5.337216854095458984e-01
5.017542243003845215e-01
5.364782810211181641e-01
5.349763035774230957e-01
4.665618240833282471e-01
5.432657003402709961e-01
4.465851783752441406e-01
4.975681006908416748e-01
5.223833918571472168e-01
4.965187609195709229e-01
5.330904126167297363e-01
5.340442061424255371e-01
5.420285463333129883e-01
5.270218849182128906e-01
5.424599051475524902e-01
5.356835126876831055e-01
5.374689698219299316e-01
5.463671684265136719e-01
5.276531577110290527e-01
5.390846729278564453e-01
5.015370249748229980e-01
5.423620939254760742e-01
5.422999262809753418e-01
5.009551048278808594e-01
5.499501824378967285e-01
5.380945205688476562e-01
5.453186631202697754e-01
5.389915108680725098e-01
5.299651026725769043e-01
5.084862709045410156e-01
5.345793366432189941e-01
5.358016490936279297e-01
5.380629897117614746e-01
5.368213057518005371e-01
5.396046042442321777e-01
5.399152636528015137e-01
5.370687842369079590e-01
4.386678338050842285e-01
3.987374305725097656e-01
5.305923223495483398e-01
5.497334003448486328e-01
5.385210514068603516e-01
5.497350096702575684e-01
5.381614565849304199e-01
5.311467647552490234e-01
5.429167151451110840e-01
5.382216572761535645e-01
5.151051878929138184e-01
5.407185554504394531e-01
5.295056104660034180e-01
5.159680843353271484e-01
5.261676907539367676e-01
4.984027743339538574e-01
5.416066050529479980e-01
5.037114620208740234e-01
5.439052581787109375e-01
5.299555659294128418e-01
5.494188070297241211e-01
5.419340133666992188e-01
5.349069833755493164e-01
5.456158518791198730e-01
5.116334557533264160e-01
5.436123013496398926e-01
5.302633643150329590e-01
5.435463190078735352e-01
4.936589300632476807e-01
5.160903334617614746e-01
5.410500168800354004e-01
5.336941480636596680e-01
5.425167679786682129e-01
5.509600639343261719e-01
5.413562059402465820e-01
4.813598394393920898e-01
5.383955240249633789e-01
5.438845157623291016e-01
4.963227510452270508e-01
5.332059860229492188e-01
5.352984070777893066e-01
5.393866300582885742e-01
5.469595193862915039e-01
4.975961446762084961e-01
5.420658588409423828e-01
5.285108089447021484e-01
5.288643240928649902e-01
5.312786698341369629e-01
5.102906823158264160e-01
5.446838736534118652e-01
5.259171128273010254e-01
5.131292939186096191e-01
5.233374834060668945e-01
5.482149124145507812e-01
4.486301243305206299e-01
5.393608212471008301e-01
5.354536771774291992e-01
5.437364578247070312e-01
4.283057451248168945e-01
5.352237224578857422e-01
5.355827212333679199e-01
5.428408980369567871e-01
5.230090618133544922e-01
5.314573645591735840e-01
5.419471263885498047e-01
5.220966339111328125e-01
5.378601551055908203e-01
5.196943283081054688e-01
5.449132919311523438e-01
5.453969240188598633e-01
5.294442772865295410e-01
5.154984593391418457e-01
5.376096963882446289e-01
5.388573408126831055e-01
5.339928865432739258e-01
5.386170148849487305e-01
5.110201835632324219e-01
5.482441782951354980e-01
5.367015004158020020e-01
5.343548655509948730e-01
5.018648505210876465e-01
5.473712086677551270e-01
4.900712370872497559e-01
5.406987667083740234e-01
5.322016477584838867e-01
5.454526543617248535e-01
5.467356443405151367e-01
5.453634858131408691e-01
5.438770651817321777e-01
5.422568917274475098e-01
5.516012310981750488e-01
5.162778496742248535e-01
5.046702027320861816e-01
5.018952488899230957e-01
5.437322258949279785e-01
5.346494913101196289e-01
4.311749935150146484e-01
5.477599501609802246e-01
5.387846827507019043e-01
5.170896649360656738e-01
5.508931875228881836e-01
4.833233356475830078e-01
5.405914783477783203e-01
5.276379585266113281e-01
4.680727124214172363e-01
5.410292744636535645e-01
5.473577380180358887e-01
5.408868789672851562e-01
5.468269586563110352e-01
5.151499509811401367e-01
5.249441266059875488e-01
5.315483808517456055e-01
5.258046984672546387e-01
3.920424580574035645e-01
5.476127266883850098e-01
4.673466980457305908e-01
5.397771596908569336e-01
3.972358703613281250e-01
5.092222094535827637e-01
5.445418953895568848e-01
5.415322184562683105e-01
5.372309088706970215e-01
5.432918667793273926e-01
5.437945127487182617e-01
5.360881090164184570e-01
5.362008213996887207e-01
5.342274904251098633e-01
5.056291222572326660e-01
5.233553051948547363e-01
5.269507765769958496e-01
5.296835303306579590e-01
5.013546943664550781e-01
5.408043265342712402e-01
5.427963137626647949e-01
5.266150236129760742e-01
5.299395918846130371e-01
5.472100377082824707e-01
5.511806607246398926e-01
5.492049455642700195e-01
5.006058216094970703e-01
5.424841046333312988e-01
5.477228164672851562e-01
5.216695070266723633e-01
3.932798504829406738e-01
5.355140566825866699e-01
4.894114434719085693e-01
5.371726155281066895e-01
5.527297258377075195e-01
5.274723768234252930e-01
5.373767614364624023e-01
5.356961488723754883e-01
5.418274402618408203e-01
5.293932557106018066e-01
4.919008910655975342e-01
4.918992519378662109e-01
5.063782334327697754e-01
5.308278799057006836e-01
4.802438616752624512e-01
4.646618962287902832e-01
5.322802662849426270e-01
4.594157934188842773e-01
4.866484105587005615e-01
5.394387841224670410e-01
5.459202527999877930e-01
5.414285063743591309e-01
5.463703870773315430e-01
5.049897432327270508e-01
5.322818756103515625e-01
5.354122519493103027e-01
5.461555123329162598e-01
5.417866706848144531e-01
5.184243321418762207e-01
5.239281654357910156e-01
5.012872815132141113e-01
5.487276315689086914e-01
5.185492634773254395e-01
5.375834703445434570e-01
5.312342643737792969e-01
3.917128741741180420e-01
5.367560386657714844e-01
5.385293364524841309e-01
5.313661098480224609e-01
5.373257994651794434e-01
5.349429249763488770e-01
5.388125181198120117e-01
5.279670357704162598e-01
4.237672388553619385e-01
4.257465302944183350e-01
5.465396046638488770e-01
5.092832446098327637e-01
5.266835093498229980e-01
4.817337989807128906e-01
4.410143494606018066e-01
5.170098543167114258e-01
5.389908552169799805e-01
5.399067401885986328e-01
5.305771231651306152e-01
5.229496359825134277e-01
5.440275669097900391e-01
5.059615373611450195e-01
5.362125635147094727e-01
5.434406399726867676e-01
5.382868647575378418e-01
5.256088376045227051e-01
5.094826221466064453e-01
5.422288179397583008e-01
5.211251378059387207e-01
5.444973111152648926e-01
5.293737053871154785e-01
5.415951609611511230e-01
5.376949310302734375e-01
5.331879258155822754e-01
4.460413157939910889e-01
5.504695177078247070e-01
5.149182677268981934e-01
5.199097990989685059e-01
4.639072418212890625e-01
4.970451891422271729e-01
5.456846356391906738e-01
5.235539674758911133e-01
5.315259099006652832e-01
5.420535802841186523e-01
5.414996147155761719e-01
5.451890230178833008e-01
4.711843430995941162e-01
5.204218626022338867e-01
5.182214975357055664e-01
5.532727837562561035e-01
4.531221091747283936e-01
5.324242115020751953e-01
5.099653005599975586e-01
5.420531034469604492e-01
5.395286083221435547e-01
4.934231340885162354e-01
5.520558357238769531e-01
5.315482616424560547e-01
5.384799838066101074e-01
5.080089569091796875e-01
5.354363918304443359e-01
5.137284398078918457e-01
4.041051268577575684e-01
5.428594350814819336e-01
5.438523292541503906e-01
5.311932563781738281e-01
4.944298863410949707e-01
5.384050607681274414e-01
5.480037331581115723e-01
5.287606716156005859e-01
5.087956786155700684e-01
5.189643502235412598e-01
4.560428857803344727e-01
5.242382884025573730e-01
5.426169037818908691e-01
5.353844165802001953e-01
5.258280038833618164e-01
5.432847738265991211e-01
4.216410517692565918e-01
5.188570022583007812e-01
4.495270550251007080e-01
5.478695631027221680e-01
5.504186153411865234e-01
4.154114127159118652e-01
5.204740166664123535e-01
5.371943116188049316e-01
5.337234735488891602e-01
5.251886248588562012e-01
5.509869456291198730e-01
5.502344965934753418e-01
4.752543568611145020e-01
5.432542562484741211e-01
5.349429249763488770e-01
5.057663917541503906e-01
5.167724490165710449e-01
5.381617546081542969e-01
5.224881768226623535e-01
5.059928894042968750e-01
5.041897296905517578e-01
5.320161581039428711e-01
4.873576164245605469e-01
5.216382741928100586e-01
5.472165346145629883e-01
5.433347821235656738e-01
5.330983996391296387e-01
5.418258905410766602e-01
