4.062587618827819824e-01
5.442169308662414551e-01
4.872429072856903076e-01
6.693111658096313477e-01
4.332497715950012207e-01
6.128544211387634277e-01
4.902976155281066895e-01
3.443864881992340088e-01
5.130852460861206055e-01
4.153483510017395020e-01
5.270570516586303711e-01
4.867856800556182861e-01
3.613784611225128174e-01
4.220377504825592041e-01
5.746319293975830078e-01
4.320283532142639160e-01
5.675439238548278809e-01
5.080549120903015137e-01
6.104118227958679199e-01
5.002925992012023926e-01
5.312605500221252441e-01
4.621742665767669678e-01
6.682458519935607910e-01
4.758633077144622803e-01
5.341796278953552246e-01
4.133676290512084961e-01
3.769932091236114502e-01
5.706551671028137207e-01
3.322826027870178223e-01
4.276206195354461670e-01
5.429570078849792480e-01
4.657580554485321045e-01
4.835878014564514160e-01
5.236078500747680664e-01
3.000113070011138916e-01
4.096692204475402832e-01
4.526599943637847900e-01
4.738909304141998291e-01
3.965524137020111084e-01
6.133513450622558594e-01
5.376212596893310547e-01
4.931662380695343018e-01
3.855670988559722900e-01
6.110559701919555664e-01
5.773050785064697266e-01
5.334569215774536133e-01
5.758290290832519531e-01
4.212027490139007568e-01
5.281240344047546387e-01
5.787394046783447266e-01
5.250015854835510254e-01
3.700292706489562988e-01
6.572033762931823730e-01
7.273572087287902832e-01
7.254500389099121094e-01
5.462627410888671875e-01
3.662739992141723633e-01
4.398825764656066895e-01
5.749716758728027344e-01
4.333656132221221924e-01
6.105508804321289062e-01
5.683293938636779785e-01
5.375439524650573730e-01
3.681892156600952148e-01
4.711043834686279297e-01
4.448640942573547363e-01
5.012000203132629395e-01
4.775461554527282715e-01
6.921899318695068359e-01
3.807128071784973145e-01
6.109129190444946289e-01
6.552881002426147461e-01
3.694999516010284424e-01
3.329302966594696045e-01
5.796690583229064941e-01
4.854997396469116211e-01
6.590923070907592773e-01
4.644373655319213867e-01
4.203523695468902588e-01
5.351922512054443359e-01
5.655235052108764648e-01
4.314268231391906738e-01
4.151233434677124023e-01
5.320548415184020996e-01
4.967822730541229248e-01
4.516336023807525635e-01
6.082569360733032227e-01
4.015388786792755127e-01
3.545319736003875732e-01
4.354961216449737549e-01
5.893222689628601074e-01
4.414843022823333740e-01
4.462152719497680664e-01
3.618394434452056885e-01
7.127384543418884277e-01
4.428665339946746826e-01
6.921423077583312988e-01
4.927801191806793213e-01
4.594460427761077881e-01
6.898775100708007812e-01
4.396023452281951904e-01
4.088821709156036377e-01
3.193069100379943848e-01
6.057111024856567383e-01
4.641883671283721924e-01
4.825055599212646484e-01
4.243979454040527344e-01
5.726262331008911133e-01
4.541649222373962402e-01
3.715567886829376221e-01
5.402628183364868164e-01
5.097584724426269531e-01
7.300561070442199707e-01
6.329745650291442871e-01
4.980859458446502686e-01
5.119598507881164551e-01
5.000285506248474121e-01
6.713836193084716797e-01
4.907922744750976562e-01
4.889055490493774414e-01
5.934391021728515625e-01
5.221777558326721191e-01
5.763499140739440918e-01
7.359453439712524414e-01
5.227948427200317383e-01
4.142823517322540283e-01
4.352265894412994385e-01
5.009453296661376953e-01
6.109867691993713379e-01
2.835511267185211182e-01
3.110611140727996826e-01
2.727720439434051514e-01
4.073588252067565918e-01
4.568382203578948975e-01
5.183231830596923828e-01
6.876569986343383789e-01
4.949240386486053467e-01
5.495287179946899414e-01
5.717440843582153320e-01
3.223507106304168701e-01
5.797390937805175781e-01
4.435911178588867188e-01
4.601081013679504395e-01
4.019325077533721924e-01
5.537867546081542969e-01
5.183197855949401855e-01
5.511109828948974609e-01
5.111605525016784668e-01
5.769230127334594727e-01
3.656028509140014648e-01
3.550993800163269043e-01
5.621510744094848633e-01
7.029729485511779785e-01
6.122842431068420410e-01
4.150456190109252930e-01
4.970702230930328369e-01
6.136796474456787109e-01
5.513352155685424805e-01
3.152662217617034912e-01
5.323547124862670898e-01
3.737314045429229736e-01
5.243071317672729492e-01
4.751820862293243408e-01
3.095304369926452637e-01
4.823108017444610596e-01
5.514027476310729980e-01
5.047841072082519531e-01
7.835664153099060059e-01
5.256469845771789551e-01
4.818348586559295654e-01
5.334193110466003418e-01
4.537701904773712158e-01
5.625321865081787109e-01
3.676430881023406982e-01
3.763881325721740723e-01
5.229586362838745117e-01
4.898292422294616699e-01
5.083798766136169434e-01
6.274348497390747070e-01
5.099762082099914551e-01
3.469206094741821289e-01
6.455872654914855957e-01
5.156069993972778320e-01
4.173876345157623291e-01
4.844146668910980225e-01
5.969575047492980957e-01
4.170424044132232666e-01
4.453813433647155762e-01
4.732847213745117188e-01
5.153379440307617188e-01
5.757768154144287109e-01
4.442271590232849121e-01
3.925279378890991211e-01
5.906397104263305664e-01
4.784559309482574463e-01
4.449414610862731934e-01
4.438369870185852051e-01
4.963282644748687744e-01
4.277856051921844482e-01
3.809254169464111328e-01
3.886217772960662842e-01
4.774945974349975586e-01
5.830643773078918457e-01
3.372496366500854492e-01
3.925330042839050293e-01
3.378284573554992676e-01
3.496872484683990479e-01
4.542448520660400391e-01
5.345598459243774414e-01
4.268105030059814453e-01
5.966886281967163086e-01
2.567080557346343994e-01
3.642982840538024902e-01
3.978960216045379639e-01
5.057229399681091309e-01
6.980626583099365234e-01
4.725468456745147705e-01
5.077621936798095703e-01
5.015606880187988281e-01
5.557770729064941406e-01
5.637525320053100586e-01
6.650707125663757324e-01
4.198609292507171631e-01
5.043421983718872070e-01
6.084516048431396484e-01
3.401997387409210205e-01
6.190424561500549316e-01
4.736412465572357178e-01
2.826779782772064209e-01
5.174089670181274414e-01
6.054189801216125488e-01
4.425331950187683105e-01
4.951410293579101562e-01
6.219585537910461426e-01
3.705389797687530518e-01
4.869503378868103027e-01
5.567441582679748535e-01
3.427070975303649902e-01
5.261532664299011230e-01
3.706852197647094727e-01
4.623363316059112549e-01
6.790945529937744141e-01
3.414548039436340332e-01
5.436713099479675293e-01
4.438564777374267578e-01
4.266237020492553711e-01
4.812536835670471191e-01
7.488868236541748047e-01
6.638498306274414062e-01
4.758973419666290283e-01
5.362223982810974121e-01
4.501297771930694580e-01
4.579259455204010010e-01
5.042987465858459473e-01
4.478355348110198975e-01
4.761162400245666504e-01
4.247703552246093750e-01
4.382626414299011230e-01
4.238653481006622314e-01
5.582222342491149902e-01
3.935337066650390625e-01
4.626977145671844482e-01
5.580010414123535156e-01
3.016512095928192139e-01
4.348413646221160889e-01
4.308040440082550049e-01
5.811393857002258301e-01
6.389102935791015625e-01
3.394119441509246826e-01
4.146756827831268311e-01
6.556981205940246582e-01
2.966308593750000000e-01
6.020759940147399902e-01
4.435065984725952148e-01
6.160831451416015625e-01
3.945411741733551025e-01
4.881998896598815918e-01
2.428719848394393921e-01
5.237658619880676270e-01
3.784455657005310059e-01
5.262120962142944336e-01
3.244140446186065674e-01
5.475646853446960449e-01
4.277063012123107910e-01
4.599330127239227295e-01
5.057657361030578613e-01
4.077128171920776367e-01
4.766666293144226074e-01
4.363680779933929443e-01
6.232378482818603516e-01
6.278185844421386719e-01
5.681982636451721191e-01
4.861179590225219727e-01
3.973428308963775635e-01
4.028684794902801514e-01
3.065260946750640869e-01
3.222899138927459717e-01
4.530848264694213867e-01
2.696682214736938477e-01
6.154699325561523438e-01
3.742588162422180176e-01
6.437158584594726562e-01
3.826123178005218506e-01
5.738019943237304688e-01
3.000424802303314209e-01
4.291411042213439941e-01
3.235028088092803955e-01
4.361352920532226562e-01
5.526933073997497559e-01
4.460328817367553711e-01
2.595359086990356445e-01
4.719485640525817871e-01
4.038659632205963135e-01
4.901419579982757568e-01
4.459087252616882324e-01
6.663244962692260742e-01
5.585073828697204590e-01
4.892810285091400146e-01
4.756656885147094727e-01
4.447332322597503662e-01
4.730328917503356934e-01
6.098691225051879883e-01
5.761190652847290039e-01
6.868592500686645508e-01
3.234739005565643311e-01
2.625741660594940186e-01
5.554776787757873535e-01
5.850454568862915039e-01
3.484911918640136719e-01
4.811590611934661865e-01
5.519670248031616211e-01
2.873368561267852783e-01
5.431687235832214355e-01
3.554607927799224854e-01
4.716857373714447021e-01
5.240355730056762695e-01
5.090278387069702148e-01
4.477544426918029785e-01
4.382694959640502930e-01
5.674026608467102051e-01
4.702218770980834961e-01
5.371501445770263672e-01
4.993194043636322021e-01
4.983349740505218506e-01
5.628485679626464844e-01
4.771273732185363770e-01
5.187645554542541504e-01
5.609550476074218750e-01
5.471067428588867188e-01
2.623249292373657227e-01
4.849158525466918945e-01
4.072575569152832031e-01
4.371417760848999023e-01
5.258859992027282715e-01
4.153757393360137939e-01
4.166758358478546143e-01
7.164531946182250977e-01
2.625741660594940186e-01
5.331205129623413086e-01
4.116877913475036621e-01
3.892358243465423584e-01
5.229665040969848633e-01
2.901706695556640625e-01
6.093057394027709961e-01
4.030906856060028076e-01
4.459943175315856934e-01
5.315614938735961914e-01
5.842226147651672363e-01
2.827218472957611084e-01
4.439511597156524658e-01
5.305151939392089844e-01
5.034775137901306152e-01
5.192819237709045410e-01
4.339220821857452393e-01
5.840255618095397949e-01
4.285481870174407959e-01
4.300841987133026123e-01
4.154400527477264404e-01
4.510309696197509766e-01
3.955618143081665039e-01
4.876819849014282227e-01
4.535610377788543701e-01
3.420445322990417480e-01
4.982121884822845459e-01
5.652357339859008789e-01
6.592104434967041016e-01
5.680387616157531738e-01
4.783898890018463135e-01
5.006904602050781250e-01
5.659055709838867188e-01
5.286300182342529297e-01
3.871046006679534912e-01
6.038085222244262695e-01
3.352783024311065674e-01
4.438564777374267578e-01
5.043892860412597656e-01
3.264791071414947510e-01
3.615167140960693359e-01
5.402637720108032227e-01
5.139055848121643066e-01
4.609622657299041748e-01
4.080387055873870850e-01
4.469680488109588623e-01
5.469861626625061035e-01
4.477716684341430664e-01
4.558472037315368652e-01
4.371684193611145020e-01
4.445668458938598633e-01
4.827909171581268311e-01
3.526478111743927002e-01
4.816845655441284180e-01
4.453123211860656738e-01
5.918762087821960449e-01
3.918140232563018799e-01
6.280853152275085449e-01
6.144830584526062012e-01
5.704072713851928711e-01
4.680111706256866455e-01
3.714743852615356445e-01
3.948315978050231934e-01
6.122822761535644531e-01
3.010130822658538818e-01
6.469765901565551758e-01
