4.694709777832031250e-01
2.947073280811309814e-01
3.540578186511993408e-01
8.217245340347290039e-01
4.577478170394897461e-01
5.568006038665771484e-01
5.706831812858581543e-01
5.880447030067443848e-01
6.337155699729919434e-01
7.116081565618515015e-02
2.654355168342590332e-01
8.600127100944519043e-01
5.413143634796142578e-01
3.040068745613098145e-01
4.482915103435516357e-01
4.820454120635986328e-01
6.813888549804687500e-01
2.735511660575866699e-01
2.440968751907348633e-01
7.371938228607177734e-01
8.393172025680541992e-01
3.176458775997161865e-01
4.529309272766113281e-01
2.542532086372375488e-01
8.811885118484497070e-01
8.047104626893997192e-02
4.364856481552124023e-01
6.460910439491271973e-01
8.721714019775390625e-01
3.625505864620208740e-01
3.933519423007965088e-01
7.480381727218627930e-01
6.249772310256958008e-01
1.534398794174194336e-01
7.418366074562072754e-01
2.682783305644989014e-01
2.157820910215377808e-01
6.574321389198303223e-01
3.477445840835571289e-01
6.652919650077819824e-01
4.352809786796569824e-01
3.914981186389923096e-01
4.012380242347717285e-01
1.718955487012863159e-01
1.570506244897842407e-01
8.551963567733764648e-01
1.509095877408981323e-01
4.428058564662933350e-01
2.748726010322570801e-01
5.313492417335510254e-01
8.845562934875488281e-01
7.606720328330993652e-01
3.551574945449829102e-01
8.535841107368469238e-01
7.109741568565368652e-01
3.809130191802978516e-01
4.621924087405204773e-02
3.580289483070373535e-01
8.847308158874511719e-01
2.252599895000457764e-01
4.129921793937683105e-01
1.017647981643676758e-01
6.637428402900695801e-01
7.564060091972351074e-01
7.670755386352539062e-01
6.035363078117370605e-01
8.504571914672851562e-01
2.550520300865173340e-01
2.498281002044677734e-01
7.478233575820922852e-01
6.269147992134094238e-01
5.930694341659545898e-01
9.117633849382400513e-02
3.368708789348602295e-01
3.927410542964935303e-01
6.067682504653930664e-01
1.835016906261444092e-01
5.072471499443054199e-01
2.747363448143005371e-01
5.256519317626953125e-01
2.350625544786453247e-01
7.054998278617858887e-01
7.609990239143371582e-01
2.859010398387908936e-01
5.895640850067138672e-01
7.931797504425048828e-01
7.135460972785949707e-01
2.711908817291259766e-01
2.327383309602737427e-01
8.449649810791015625e-01
4.380214214324951172e-01
4.511705040931701660e-01
2.398827075958251953e-01
3.598463237285614014e-01
7.437100410461425781e-01
7.261533141136169434e-01
2.392498552799224854e-01
7.527088373899459839e-02
2.926713526248931885e-01
3.182217180728912354e-01
4.165439903736114502e-01
2.563779652118682861e-01
3.719771206378936768e-01
8.012303709983825684e-01
5.873717069625854492e-01
8.542445302009582520e-01
8.924369215965270996e-01
2.021238207817077637e-01
4.075126051902770996e-01
5.747952461242675781e-01
6.888837814331054688e-01
5.597867965698242188e-01
5.654903054237365723e-01
8.169557154178619385e-02
8.624334335327148438e-01
4.768388867378234863e-01
7.168793082237243652e-01
2.266756445169448853e-01
3.593804538249969482e-01
2.847138643264770508e-01
9.111416935920715332e-01
3.534899652004241943e-01
7.418380975723266602e-01
6.357848644256591797e-01
1.413956731557846069e-01
4.483768045902252197e-01
6.793664693832397461e-01
7.468299269676208496e-01
5.618602037429809570e-01
6.126515269279479980e-01
7.553226947784423828e-01
3.179135322570800781e-01
5.969384908676147461e-01
1.791954338550567627e-01
1.434902697801589966e-01
6.846336722373962402e-01
4.352982342243194580e-01
3.897207379341125488e-01
3.580308258533477783e-01
2.407660186290740967e-01
4.465055465698242188e-01
7.153744697570800781e-01
3.991761207580566406e-01
8.984438180923461914e-01
5.862623453140258789e-01
7.900640964508056641e-01
4.835270345211029053e-01
7.404749393463134766e-01
2.780206203460693359e-01
2.726092338562011719e-01
4.136500954627990723e-01
1.514808535575866699e-01
4.527192115783691406e-01
3.136655092239379883e-01
3.837573528289794922e-01
6.680192351341247559e-01
4.621830880641937256e-01
5.669528841972351074e-01
2.222750931978225708e-01
6.155837774276733398e-01
4.780382812023162842e-01
4.378512799739837646e-01
5.785322189331054688e-01
2.469130754470825195e-01
9.261378049850463867e-01
3.586474061012268066e-01
1.852848082780838013e-01
5.013849139213562012e-01
1.784017235040664673e-01
4.072993993759155273e-01
8.581768870353698730e-01
5.821411609649658203e-01
2.073726803064346313e-01
1.691380292177200317e-01
1.021704748272895813e-01
5.160123705863952637e-01
7.770647406578063965e-01
3.910916745662689209e-01
7.690834999084472656e-01
2.702060937881469727e-01
7.986015677452087402e-01
8.983862400054931641e-01
4.666298627853393555e-01
4.057579338550567627e-01
2.054180651903152466e-01
1.682205498218536377e-01
1.493248641490936279e-01
3.530818819999694824e-01
8.452770709991455078e-01
4.567672014236450195e-01
6.070495843887329102e-01
8.059152960777282715e-02
8.694407939910888672e-01
4.954099953174591064e-01
3.723927736282348633e-01
3.385962545871734619e-01
4.452056586742401123e-01
1.552115082740783691e-01
3.404142558574676514e-01
2.937311232089996338e-01
1.728694587945938110e-01
6.942826509475708008e-01
1.310614198446273804e-01
1.977322548627853394e-01
2.513565421104431152e-01
7.329187989234924316e-01
2.359806001186370850e-01
4.265832602977752686e-01
6.150345206260681152e-01
7.255262136459350586e-01
7.467043995857238770e-01
3.091588616371154785e-01
8.368933945894241333e-02
7.579345107078552246e-01
5.099927186965942383e-01
6.714521050453186035e-01
3.820867240428924561e-01
3.538840115070343018e-01
6.901795864105224609e-01
7.469279766082763672e-01
6.747687458992004395e-01
8.075886964797973633e-01
7.850635647773742676e-01
7.168327569961547852e-01
8.129158020019531250e-01
4.367020428180694580e-01
6.381876468658447266e-01
5.302099585533142090e-01
5.977347493171691895e-01
3.781809806823730469e-01
7.270368933677673340e-01
6.943165510892868042e-02
8.331741094589233398e-01
3.362604975700378418e-01
7.683563232421875000e-02
3.648620545864105225e-01
6.312834620475769043e-01
4.819074273109436035e-01
7.530719041824340820e-01
3.823104202747344971e-01
6.864604949951171875e-01
5.856983065605163574e-01
5.175126194953918457e-01
3.085635602474212646e-01
6.760503053665161133e-01
5.909010171890258789e-01
4.404619634151458740e-01
3.365855216979980469e-01
6.734965443611145020e-01
3.067555725574493408e-01
5.080417990684509277e-01
2.925495803356170654e-01
1.903385221958160400e-01
3.865534961223602295e-01
5.176094770431518555e-01
1.833572983741760254e-01
8.928261399269104004e-01
4.246706664562225342e-01
7.978824377059936523e-01
1.352141350507736206e-01
6.472777724266052246e-01
5.343846082687377930e-01
5.026491880416870117e-01
5.839510560035705566e-01
3.988425433635711670e-01
6.376185417175292969e-01
2.239625751972198486e-01
6.375822424888610840e-01
3.283970654010772705e-01
4.596257805824279785e-01
1.879563927650451660e-01
7.271665334701538086e-01
7.121315002441406250e-01
5.358940362930297852e-01
8.549322932958602905e-02
5.780115127563476562e-01
2.302328050136566162e-01
4.209488332271575928e-01
2.640933692455291748e-01
9.204376339912414551e-01
8.401224017143249512e-02
7.240903377532958984e-01
2.271852493286132812e-01
8.656086921691894531e-01
3.945185244083404541e-01
1.544078588485717773e-01
7.198193073272705078e-01
6.343384385108947754e-01
8.278843760490417480e-01
4.138541221618652344e-01
7.711014747619628906e-01
7.506360411643981934e-01
5.175339579582214355e-01
4.154868423938751221e-01
3.992992639541625977e-01
6.914146542549133301e-01
4.131204783916473389e-01
7.252078056335449219e-01
3.016521036624908447e-01
8.921270966529846191e-01
5.847209692001342773e-01
8.286773562431335449e-01
2.199776619672775269e-01
7.041262984275817871e-01
4.679550826549530029e-01
4.710321128368377686e-01
6.141132116317749023e-01
4.831091165542602539e-01
8.591450452804565430e-01
5.229865312576293945e-01
1.420721113681793213e-01
7.576289772987365723e-01
4.789550900459289551e-01
7.392677068710327148e-01
4.459180235862731934e-01
4.821023046970367432e-01
7.801269292831420898e-01
4.919795691967010498e-01
7.021309733390808105e-01
8.376418352127075195e-01
3.505376279354095459e-01
2.964907586574554443e-01
5.066208243370056152e-01
1.140607520937919617e-01
3.822899460792541504e-01
7.557083964347839355e-01
9.385709464550018311e-02
8.841648697853088379e-01
5.062763094902038574e-01
6.160393357276916504e-01
1.991188675165176392e-01
6.238622069358825684e-01
3.078993558883666992e-01
5.143542885780334473e-01
2.173476666212081909e-01
2.834754884243011475e-01
3.086149692535400391e-01
6.247758269309997559e-01
4.097677469253540039e-01
7.355489134788513184e-01
5.300025939941406250e-01
8.601415753364562988e-01
2.950103580951690674e-01
5.358677506446838379e-01
9.486023187637329102e-01
7.524863481521606445e-01
4.927265346050262451e-01
1.743360608816146851e-01
7.098723649978637695e-01
4.531530439853668213e-01
9.032363295555114746e-01
4.189709424972534180e-01
8.236784934997558594e-01
3.764704465866088867e-01
9.277296811342239380e-02
3.740995526313781738e-01
7.395203411579132080e-02
4.873952269554138184e-01
2.599166035652160645e-01
1.359591484069824219e-01
7.436228394508361816e-01
4.605981111526489258e-01
6.861653923988342285e-01
8.930864334106445312e-01
6.466009616851806641e-01
7.565630674362182617e-01
8.302114009857177734e-01
4.733116328716278076e-01
2.745516002178192139e-01
7.672646045684814453e-01
1.995472759008407593e-01
2.959360182285308838e-01
9.119676947593688965e-01
9.201776385307312012e-01
9.302875995635986328e-01
5.889162421226501465e-01
1.473793666809797287e-02
4.569685459136962891e-01
2.864502668380737305e-01
3.789673149585723877e-01
3.687961101531982422e-01
4.110759794712066650e-01
8.064895868301391602e-01
1.627323031425476074e-01
1.960427612066268921e-01
6.925123333930969238e-01
7.678428888320922852e-01
3.907940983772277832e-01
2.732255458831787109e-01
2.952297031879425049e-01
4.075517356395721436e-01
9.142308831214904785e-01
4.721157848834991455e-01
9.023781418800354004e-01
1.929329484701156616e-01
4.360412061214447021e-01
8.552578091621398926e-01
4.198680818080902100e-01
3.441055417060852051e-01
8.947253227233886719e-01
2.564409077167510986e-01
6.820868849754333496e-01
4.702954888343811035e-01
7.076698541641235352e-01
4.778742194175720215e-01
3.833955228328704834e-01
7.277588248252868652e-01
3.624790012836456299e-01
2.383108288049697876e-01
4.396468698978424072e-01
2.498618811368942261e-01
5.809056758880615234e-01
7.156230807304382324e-01
1.635693758726119995e-01
6.175650954246520996e-01
5.959556102752685547e-01
6.900005936622619629e-01
6.539629697799682617e-01
2.414485961198806763e-01
5.267038345336914062e-01
6.467089653015136719e-01
3.098373413085937500e-01
9.345143437385559082e-01
2.368575632572174072e-01
6.603606939315795898e-01
6.827827095985412598e-01
7.771299481391906738e-01
8.945020437240600586e-01
5.940647721290588379e-01
4.409243166446685791e-01
1.352258920669555664e-01
4.983339011669158936e-01
8.164329528808593750e-01
4.652272760868072510e-01
6.383669376373291016e-01
4.112170338630676270e-01
4.503529965877532959e-01
5.705954432487487793e-01
8.081744909286499023e-01
6.515929102897644043e-01
4.288137853145599365e-01
8.356707543134689331e-02
5.759849548339843750e-01
3.847036063671112061e-01
2.581013739109039307e-01
4.268611967563629150e-01
1.559016853570938110e-01
8.319119811058044434e-01
4.308385848999023438e-01
2.233339250087738037e-01
3.912236392498016357e-01
5.305555462837219238e-01
6.921001672744750977e-01
6.671984195709228516e-01
8.609514236450195312e-01
2.476434856653213501e-01
1.811364442110061646e-01
2.307216376066207886e-01
9.193968176841735840e-01
5.198792219161987305e-01
6.816490292549133301e-01
8.127661943435668945e-01
5.228582397103309631e-02
3.905817270278930664e-01
6.371411681175231934e-01
7.850140929222106934e-01
6.532104015350341797e-01
3.216061294078826904e-01
1.785340160131454468e-01
5.990597009658813477e-01
7.291833162307739258e-01
5.217979550361633301e-01
4.360968768596649170e-01
5.754671096801757812e-01
3.070482015609741211e-01
5.621730089187622070e-01
4.202468693256378174e-01
4.017483294010162354e-01
1.959783583879470825e-01
1.454415619373321533e-01
4.223100841045379639e-01
9.356043338775634766e-01
5.580964684486389160e-01
1.962956935167312622e-01
4.162127375602722168e-01
8.402677625417709351e-02
7.541472911834716797e-01
8.179049491882324219e-01
5.018339157104492188e-01
6.128156781196594238e-01
5.518729090690612793e-01
3.760578632354736328e-01
5.390296578407287598e-01
5.211374759674072266e-01
2.384637147188186646e-01
5.782141089439392090e-01
2.193215340375900269e-01
8.778848052024841309e-01
7.751393318176269531e-01
3.753342628479003906e-01
6.872389912605285645e-01
5.667616724967956543e-01
9.393603205680847168e-01
3.325615525245666504e-01
4.786843359470367432e-01
8.790049552917480469e-01
8.238442540168762207e-01
8.088042736053466797e-01
6.352666020393371582e-01
5.753545761108398438e-01
7.448742389678955078e-01
2.091657221317291260e-01
5.270815491676330566e-01
8.907436728477478027e-01
4.564956426620483398e-01
3.681726455688476562e-01
5.493259429931640625e-01
6.266667246818542480e-01
8.977348804473876953e-01
3.026099801063537598e-01
4.458086192607879639e-01
6.802344322204589844e-01
6.351643800735473633e-01
3.191426396369934082e-01
4.780780375003814697e-01
8.038942217826843262e-01
4.745419025421142578e-01
7.618559598922729492e-01
8.874529600143432617e-01
5.627276897430419922e-01
3.685482442378997803e-01
1.448998898267745972e-01
5.403311252593994141e-01
8.054217100143432617e-01
2.685805261135101318e-01
2.227182537317276001e-01
4.266621470451354980e-01
2.414562106132507324e-01
7.544195055961608887e-01
2.729720473289489746e-01
3.375447392463684082e-01
4.760507345199584961e-01
5.824555754661560059e-01
4.773978590965270996e-01
7.503301650285720825e-02
7.172117829322814941e-01
5.181947946548461914e-01
6.890643835067749023e-01
8.085090517997741699e-01
7.056474089622497559e-01
5.742312073707580566e-01
7.271180748939514160e-01
2.415959835052490234e-01
6.168995499610900879e-01
9.048952162265777588e-02
1.742732822895050049e-01
6.411589980125427246e-01
6.190490722656250000e-01
8.521699309349060059e-01
6.718940734863281250e-01
1.337936073541641235e-01
4.551793634891510010e-01
8.233174681663513184e-01
7.595204114913940430e-01
2.721179723739624023e-01
7.937625646591186523e-01
9.121217578649520874e-02
8.696183562278747559e-01
7.711678147315979004e-01
6.389697194099426270e-01
4.277449846267700195e-01
5.709055066108703613e-01
1.830642670392990112e-01
9.116694331169128418e-01
2.189750373363494873e-01
9.055597186088562012e-01
4.582566618919372559e-01
1.906885802745819092e-01
2.301117330789566040e-01
2.395178079605102539e-01
2.287271171808242798e-01
1.245850175619125366e-01
8.879324793815612793e-01
7.418153285980224609e-01
2.928503751754760742e-01
4.203277230262756348e-01
1.659883856773376465e-01
3.753538727760314941e-01
2.547297179698944092e-01
9.050283581018447876e-02
4.713723361492156982e-01
6.502016782760620117e-01
4.220952987670898438e-01
4.262904822826385498e-01
4.786906838417053223e-01
4.907751679420471191e-01
1.549512445926666260e-01
5.321150422096252441e-01
5.044882297515869141e-01
1.267067641019821167e-01
3.453746438026428223e-01
5.077026486396789551e-01
2.187813669443130493e-01
5.002487301826477051e-01
3.444013297557830811e-01
8.620260953903198242e-01
7.688811421394348145e-01
7.299253344535827637e-01
3.015496730804443359e-01
2.202944904565811157e-01
7.405655384063720703e-01
6.403192281723022461e-01
5.362893939018249512e-01
2.649237215518951416e-01
2.756141722202301025e-01
8.472811579704284668e-01
8.528801798820495605e-01
3.740410506725311279e-01
2.839593291282653809e-01
4.059571027755737305e-02
3.504023849964141846e-01
3.211182653903961182e-01
4.617867171764373779e-01
6.622266173362731934e-01
7.623458504676818848e-01
7.094476819038391113e-01
5.982984304428100586e-01
3.646746575832366943e-01
4.376493990421295166e-01
1.897411346435546875e-01
7.997319698333740234e-01
3.596255481243133545e-01
3.971233069896697998e-01
1.101499497890472412e-01
2.164893448352813721e-01
6.488472223281860352e-01
8.883103728294372559e-01
5.578249096870422363e-01
8.154243826866149902e-01
7.644681334495544434e-01
4.021201729774475098e-01
1.494968682527542114e-01
3.132521808147430420e-01
4.837449789047241211e-01
6.641898751258850098e-01
5.990504622459411621e-01
1.796206980943679810e-01
7.553798556327819824e-01
1.747603565454483032e-01
3.689208030700683594e-01
1.479977965354919434e-01
3.466017842292785645e-01
6.078567504882812500e-01
2.737315595149993896e-01
6.319190859794616699e-01
8.024184703826904297e-01
5.374656915664672852e-01
9.143165349960327148e-01
4.039203524589538574e-01
8.636237382888793945e-01
2.773856222629547119e-01
1.801853328943252563e-01
2.700648903846740723e-01
7.149813175201416016e-01
2.959448099136352539e-01
5.747760534286499023e-01
2.707990705966949463e-01
9.633737057447433472e-02
3.153049647808074951e-01
4.622043073177337646e-01
5.987299084663391113e-01
2.576087713241577148e-01
9.158067405223846436e-02
6.377358436584472656e-01
7.705229520797729492e-01
4.079734385013580322e-01
1.787656992673873901e-01
6.640152335166931152e-01
7.361997961997985840e-01
6.914941668510437012e-01
4.002399444580078125e-01
3.369475603103637695e-01
5.893999934196472168e-01
4.176501929759979248e-01
2.549860179424285889e-01
5.915074944496154785e-01
6.965140700340270996e-01
8.507550954818725586e-01
3.333660662174224854e-01
4.446134865283966064e-01
3.653759658336639404e-01
3.777840137481689453e-01
8.775557279586791992e-01
9.044251590967178345e-02
3.382790088653564453e-01
2.190599441528320312e-01
7.257811427116394043e-01
9.567982554435729980e-01
7.714017033576965332e-01
5.384260416030883789e-01
5.755684375762939453e-01
3.171746134757995605e-01
9.062282443046569824e-01
1.070540696382522583e-01
9.118407964706420898e-01
6.048915386199951172e-01
9.169665575027465820e-01
1.803564280271530151e-01
6.813488602638244629e-01
3.862845897674560547e-01
7.737860679626464844e-01
4.402830004692077637e-01
6.245216131210327148e-01
2.654273509979248047e-01
6.073589324951171875e-01
5.024006366729736328e-01
7.420493364334106445e-01
8.796256184577941895e-01
5.513322949409484863e-01
3.578470647335052490e-01
3.241930007934570312e-01
3.697266280651092529e-01
1.867815554141998291e-01
8.641672730445861816e-01
4.544726014137268066e-01
1.181169897317886353e-01
3.544475436210632324e-01
3.212080001831054688e-01
3.607819080352783203e-01
4.000605940818786621e-01
5.421752333641052246e-01
4.088125824928283691e-01
6.767975687980651855e-01
6.741391420364379883e-01
3.653217852115631104e-01
1.124970763921737671e-01
6.519410014152526855e-01
1.923879981040954590e-01
3.674085140228271484e-01
8.117581605911254883e-01
1.635548621416091919e-01
1.460892111063003540e-01
4.267379343509674072e-01
8.452770709991455078e-01
2.847864925861358643e-01
1.756433099508285522e-01
6.833679080009460449e-01
8.728697299957275391e-01
2.494650334119796753e-01
7.719160914421081543e-01
7.733995914459228516e-01
2.351063638925552368e-01
8.087107539176940918e-01
6.006696224212646484e-01
4.550050497055053711e-01
2.521300911903381348e-01
9.293062686920166016e-01
8.238363265991210938e-01
3.123141527175903320e-01
5.337086319923400879e-01
6.675007939338684082e-01
7.014587521553039551e-02
8.581768870353698730e-01
2.868736386299133301e-01
5.157481431961059570e-01
7.102153897285461426e-01
2.558898925781250000e-01
5.021988749504089355e-01
6.464770436286926270e-01
3.774404227733612061e-01
8.446813225746154785e-01
6.082073450088500977e-01
2.690559923648834229e-01
8.882033079862594604e-02
5.690916776657104492e-01
5.636105537414550781e-01
7.526847124099731445e-01
3.369258344173431396e-01
2.305305451154708862e-01
9.126030802726745605e-01
3.287475407123565674e-01
3.242986202239990234e-01
2.079572528600692749e-01
2.003419846296310425e-01
9.108768105506896973e-01
3.054524362087249756e-01
3.690355718135833740e-01
7.194722890853881836e-01
3.302579224109649658e-01
8.762932419776916504e-01
5.798837542533874512e-01
4.826290905475616455e-01
7.679287791252136230e-01
8.624963760375976562e-01
3.684673905372619629e-01
4.759637713432312012e-01
6.459592580795288086e-01
4.864194989204406738e-01
6.799840331077575684e-01
4.818339645862579346e-01
5.878124237060546875e-01
1.203482225537300110e-01
7.228822708129882812e-01
6.457152366638183594e-01
2.395380139350891113e-01
2.028544545173645020e-01
5.844672322273254395e-01
5.384914875030517578e-01
5.605677962303161621e-01
5.278136134147644043e-01
6.301372647285461426e-01
6.912431716918945312e-01
7.116965055465698242e-01
1.815979182720184326e-01
9.009116291999816895e-01
9.147707819938659668e-01
4.259980916976928711e-01
9.562813490629196167e-02
2.003636658191680908e-01
3.190993964672088623e-01
6.689663529396057129e-01
5.929093360900878906e-01
7.774747610092163086e-01
6.393018364906311035e-01
6.656177043914794922e-01
2.487806230783462524e-01
6.074488759040832520e-01
5.305663943290710449e-01
6.905273199081420898e-01
2.189407497644424438e-01
9.044344425201416016e-01
2.893601953983306885e-01
3.063120543956756592e-01
4.525400996208190918e-01
6.562814712524414062e-01
6.680139303207397461e-01
4.139533042907714844e-01
8.512424826622009277e-01
3.771736621856689453e-01
6.842073798179626465e-01
3.922427296638488770e-01
1.096928492188453674e-01
1.274993270635604858e-01
4.516187012195587158e-01
5.480106472969055176e-01
8.011824488639831543e-01
1.642774790525436401e-01
7.959411144256591797e-01
4.053626060485839844e-01
3.509097397327423096e-01
5.015227943658828735e-02
5.254666805267333984e-01
4.796915650367736816e-01
1.227127611637115479e-01
4.232403337955474854e-01
2.527376413345336914e-01
3.085042536258697510e-01
6.782467365264892578e-01
4.090787470340728760e-01
7.890527844429016113e-01
2.779941260814666748e-01
2.894136607646942139e-01
1.149793714284896851e-01
4.864441156387329102e-01
4.055632054805755615e-01
3.271774351596832275e-01
5.622072815895080566e-01
4.525801837444305420e-01
4.007225036621093750e-01
7.826592326164245605e-01
8.121985793113708496e-01
3.824833631515502930e-01
7.966207265853881836e-01
5.293281078338623047e-01
3.998239040374755859e-01
5.023924112319946289e-01
3.266498744487762451e-01
2.336369603872299194e-01
4.447873830795288086e-01
5.550144314765930176e-01
6.294107437133789062e-02
4.284633398056030273e-01
2.594436109066009521e-01
5.045227408409118652e-01
2.217447608709335327e-01
5.397258400917053223e-01
3.540276587009429932e-01
8.488332033157348633e-01
2.063948065042495728e-01
5.725819468498229980e-01
7.055049538612365723e-01
8.980175256729125977e-01
4.936056137084960938e-01
1.337193101644515991e-01
3.007364571094512939e-01
3.515624105930328369e-01
7.239444851875305176e-01
9.540147781372070312e-01
8.051607012748718262e-01
4.826856255531311035e-01
8.484207391738891602e-01
2.035838216543197632e-01
2.211280912160873413e-01
3.337237238883972168e-01
1.020389571785926819e-01
1.978052705526351929e-01
2.012064158916473389e-01
5.604609251022338867e-01
2.281297147274017334e-01
6.139418482780456543e-01
8.259749412536621094e-01
6.591644883155822754e-01
4.231508374214172363e-01
3.904207944869995117e-01
4.274577498435974121e-01
5.468917638063430786e-02
4.046725630760192871e-01
5.432057380676269531e-01
5.269362926483154297e-01
2.198999971151351929e-01
7.892420291900634766e-01
5.135599374771118164e-01
7.353259921073913574e-01
5.320945978164672852e-01
5.090018510818481445e-01
6.175671219825744629e-01
5.968805551528930664e-01
4.028162360191345215e-01
3.021939396858215332e-01
3.044919967651367188e-01
9.105581641197204590e-01
2.218200117349624634e-01
3.222951889038085938e-01
8.550923466682434082e-01
1.328062117099761963e-01
5.827261209487915039e-01
5.087378621101379395e-01
9.103285074234008789e-01
6.990764141082763672e-01
4.467977583408355713e-01
7.933276295661926270e-01
6.132383942604064941e-01
1.429579406976699829e-01
7.046449780464172363e-01
7.881352305412292480e-01
6.757033467292785645e-01
8.246291279792785645e-01
6.375803351402282715e-01
5.382243990898132324e-01
3.135280907154083252e-01
6.944528222084045410e-01
5.315339565277099609e-01
3.027269840240478516e-01
2.215381115674972534e-01
7.958428859710693359e-01
1.803041100502014160e-01
7.363125085830688477e-01
5.571039319038391113e-01
5.452342033386230469e-01
4.034409821033477783e-01
1.665330082178115845e-01
6.022030115127563477e-01
6.482721567153930664e-01
5.153829455375671387e-01
3.254820406436920166e-01
2.782836556434631348e-01
6.098622083663940430e-01
8.043881058692932129e-01
4.833921790122985840e-01
4.530625939369201660e-01
1.901095658540725708e-01
3.644669055938720703e-01
1.534578353166580200e-01
5.762041211128234863e-01
3.426679074764251709e-01
4.635670781135559082e-01
6.258278489112854004e-01
7.422089576721191406e-01
6.368227005004882812e-01
3.301762342453002930e-01
3.714054226875305176e-01
4.416302144527435303e-01
2.354656308889389038e-01
8.332979679107666016e-01
6.008316874504089355e-01
7.314596772193908691e-01
1.955515146255493164e-01
2.888596355915069580e-01
6.834814548492431641e-01
9.004759788513183594e-01
3.010206818580627441e-01
9.216876029968261719e-01
6.887819766998291016e-01
2.630822658538818359e-01
8.656086921691894531e-01
6.655693054199218750e-01
1.283138245344161987e-01
3.329979181289672852e-01
2.168114632368087769e-01
5.432773828506469727e-01
5.633993148803710938e-01
8.115962147712707520e-01
3.576121628284454346e-01
6.437957286834716797e-01
1.268306970596313477e-01
6.184182167053222656e-01
8.267996311187744141e-01
4.153196513652801514e-01
2.898433506488800049e-01
7.868522405624389648e-01
8.823630809783935547e-01
8.309593200683593750e-01
5.124748349189758301e-01
1.278902292251586914e-01
6.318253874778747559e-01
9.294814467430114746e-01
1.001919433474540710e-01
5.007410645484924316e-01
9.001444578170776367e-01
9.460906386375427246e-01
5.872946381568908691e-01
9.051620364189147949e-01
8.775022029876708984e-01
1.871991455554962158e-01
4.701123237609863281e-01
1.851178854703903198e-01
2.905580103397369385e-01
3.829107582569122314e-01
8.690167069435119629e-01
2.055908590555191040e-01
9.159691929817199707e-01
6.945528984069824219e-01
5.215432643890380859e-01
8.408013582229614258e-01
1.082362383604049683e-01
6.186437010765075684e-01
6.919573545455932617e-01
4.354562461376190186e-01
2.070413678884506226e-01
2.429607659578323364e-01
2.384637147188186646e-01
4.349154829978942871e-01
2.553306221961975098e-01
5.310797691345214844e-01
3.993887901306152344e-01
7.520667314529418945e-01
5.889918804168701172e-01
9.681079536676406860e-02
3.017777204513549805e-01
7.206391096115112305e-01
3.316567838191986084e-01
8.954713344573974609e-01
9.710663557052612305e-01
7.439870238304138184e-01
6.167483925819396973e-01
7.819894552230834961e-01
3.440322279930114746e-01
5.646885633468627930e-01
1.196972057223320007e-01
2.412816435098648071e-01
2.879926264286041260e-01
2.349858582019805908e-01
6.507216095924377441e-01
1.359153836965560913e-01
8.082388043403625488e-01
6.552076935768127441e-01
7.460684180259704590e-01
7.617877125740051270e-01
1.977318078279495239e-01
5.662476420402526855e-01
8.165812492370605469e-01
6.931290626525878906e-01
9.086158871650695801e-01
2.018364667892456055e-01
4.791626706719398499e-02
3.891867697238922119e-01
5.090018510818481445e-01
4.507422447204589844e-01
2.096306830644607544e-01
5.649017691612243652e-01
2.349934130907058716e-01
3.702631592750549316e-01
7.530769109725952148e-01
1.432017087936401367e-01
8.294274806976318359e-01
4.192258715629577637e-01
5.466459393501281738e-01
8.715946078300476074e-01
7.243180274963378906e-01
8.089115619659423828e-01
7.812117338180541992e-01
1.472944766283035278e-01
3.856655955314636230e-01
5.819512009620666504e-01
1.172161921858787537e-01
2.401915639638900757e-01
5.037483572959899902e-01
5.102952718734741211e-01
7.038140296936035156e-02
6.860662102699279785e-01
4.553976655006408691e-01
2.761031389236450195e-01
8.229334354400634766e-01
6.835167407989501953e-01
9.196721911430358887e-01
9.209071993827819824e-01
9.180339574813842773e-01
3.930231630802154541e-01
9.142882823944091797e-01
1.897014975547790527e-01
3.793137371540069580e-01
7.629421353340148926e-01
8.880701661109924316e-02
4.491080939769744873e-01
5.202444791793823242e-01
3.320305943489074707e-01
3.724853098392486572e-01
2.178038209676742554e-01
4.649282693862915039e-01
2.134278267621994019e-01
7.118846178054809570e-01
3.710286617279052734e-01
4.088480174541473389e-01
7.818579077720642090e-01
4.547475874423980713e-01
2.642844319343566895e-01
6.958867907524108887e-01
2.174172103404998779e-01
2.715195715427398682e-01
6.073619723320007324e-01
2.233106195926666260e-01
9.104042053222656250e-01
1.477997153997421265e-01
2.211745232343673706e-01
2.282101213932037354e-01
9.015210270881652832e-01
7.515040636062622070e-01
7.326819896697998047e-01
7.772158384323120117e-01
8.201071023941040039e-01
3.507667183876037598e-01
8.052922487258911133e-01
3.315362334251403809e-02
2.893654108047485352e-01
6.157554984092712402e-01
9.288506507873535156e-01
8.933516740798950195e-01
3.844176530838012695e-01
5.237155556678771973e-01
3.455333113670349121e-01
4.488581120967864990e-01
4.391020536422729492e-01
8.232358694076538086e-01
9.711604118347167969e-01
3.309214711189270020e-01
2.610662579536437988e-01
5.372929573059082031e-01
8.291721940040588379e-01
2.860087156295776367e-01
3.014301359653472900e-01
1.895720511674880981e-01
2.719264626502990723e-01
1.950886249542236328e-01
7.110584378242492676e-01
4.204369187355041504e-01
9.493200778961181641e-01
7.263836264610290527e-01
7.538986802101135254e-01
5.318635702133178711e-01
7.245839834213256836e-01
8.952993154525756836e-01
2.064809203147888184e-01
7.255367636680603027e-01
2.723456919193267822e-01
6.284967660903930664e-01
2.903800606727600098e-01
4.409991502761840820e-01
8.631180524826049805e-01
9.205994009971618652e-02
7.595541477203369141e-01
5.834898948669433594e-01
8.994389772415161133e-01
8.709642887115478516e-01
5.945059061050415039e-01
4.499792158603668213e-01
6.671085357666015625e-01
3.053438365459442139e-01
2.726993858814239502e-01
3.287115395069122314e-01
4.428695440292358398e-01
2.464697510004043579e-01
7.590630650520324707e-01
4.682271182537078857e-01
3.547227978706359863e-01
5.532523393630981445e-01
4.808787107467651367e-01
8.671993017196655273e-01
5.272732973098754883e-01
8.694453835487365723e-01
3.082897663116455078e-01
8.588343858718872070e-01
1.808260977268218994e-01
9.162509441375732422e-01
2.485176771879196167e-01
7.346622943878173828e-01
9.970790892839431763e-02
6.608706712722778320e-01
7.402112483978271484e-01
3.620108067989349365e-01
5.434470176696777344e-01
2.599377036094665527e-01
6.248704195022583008e-01
8.163006901741027832e-01
4.899081587791442871e-01
1.954239308834075928e-01
4.956447482109069824e-01
8.675928115844726562e-01
7.191298604011535645e-01
3.506574928760528564e-01
8.894966244697570801e-01
5.348377823829650879e-01
1.335151046514511108e-01
7.381807565689086914e-01
9.413319826126098633e-02
6.842073798179626465e-01
6.193681359291076660e-01
2.859604358673095703e-01
9.014198780059814453e-01
2.534675896167755127e-01
7.885785102844238281e-01
1.510819792747497559e-01
6.560594439506530762e-01
4.038045108318328857e-01
3.928649127483367920e-01
3.797196149826049805e-01
7.003400921821594238e-01
2.072140425443649292e-01
6.637415289878845215e-02
7.202176451683044434e-01
5.935152769088745117e-01
7.768625617027282715e-01
2.730751335620880127e-01
1.681555956602096558e-01
2.831985652446746826e-01
8.819114565849304199e-01
7.262387871742248535e-01
6.309368014335632324e-01
2.757313251495361328e-01
7.552973926067352295e-02
8.102920055389404297e-01
3.589895963668823242e-01
1.672024428844451904e-01
1.612380892038345337e-01
9.192877411842346191e-01
7.075896859169006348e-01
3.816116973757743835e-02
5.742455124855041504e-01
3.900615572929382324e-01
5.764402076601982117e-02
5.184615850448608398e-01
8.616027832031250000e-01
7.524099946022033691e-01
7.157445549964904785e-01
6.902034282684326172e-01
6.116379499435424805e-01
4.193796515464782715e-01
6.389511227607727051e-01
2.689986526966094971e-01
1.013517007231712341e-01
2.138072550296783447e-01
6.935611367225646973e-01
2.570215463638305664e-01
6.011778116226196289e-01
2.894667983055114746e-01
3.924206793308258057e-01
5.044304728507995605e-01
6.064700484275817871e-01
5.576803684234619141e-01
5.839487314224243164e-01
5.661663413047790527e-01
2.188713848590850830e-01
8.394569754600524902e-01
8.274425268173217773e-01
8.787864446640014648e-01
3.265850841999053955e-01
2.912549972534179688e-01
1.138939484953880310e-01
3.766847550868988037e-01
8.204976320266723633e-01
8.116415143013000488e-01
7.253192663192749023e-01
1.729691773653030396e-01
8.288068771362304688e-01
9.344581961631774902e-01
6.560335755348205566e-01
6.655764579772949219e-01
3.722560405731201172e-01
6.667793393135070801e-01
7.053176760673522949e-01
1.912453323602676392e-01
4.480380713939666748e-01
6.966422796249389648e-01
2.048308998346328735e-01
5.899990797042846680e-01
3.432191908359527588e-01
6.602825522422790527e-01
6.919624209403991699e-01
3.960945606231689453e-01
3.800204694271087646e-01
3.571089506149291992e-01
2.692419886589050293e-01
1.690918356180191040e-01
9.552474617958068848e-01
2.670035660266876221e-01
1.895405203104019165e-01
5.897222757339477539e-01
3.628624677658081055e-01
1.990153342485427856e-01
9.041929841041564941e-01
8.210197091102600098e-02
8.131552338600158691e-01
5.413585901260375977e-01
5.400081276893615723e-01
1.633338779211044312e-01
2.058921158313751221e-01
7.696177959442138672e-01
6.689314842224121094e-01
3.665676712989807129e-01
2.728895246982574463e-01
2.669129967689514160e-01
9.716601371765136719e-01
6.109549999237060547e-01
4.142466783523559570e-01
6.197781562805175781e-01
4.943711161613464355e-01
6.126515269279479980e-01
7.510727643966674805e-01
6.292089223861694336e-01
2.963970601558685303e-01
5.872637629508972168e-01
1.373714208602905273e-01
9.189082980155944824e-01
7.523505091667175293e-01
3.009415268898010254e-01
6.645451784133911133e-01
5.837619304656982422e-01
2.095646858215332031e-01
7.930867075920104980e-01
8.032832145690917969e-01
5.600982904434204102e-02
2.881895899772644043e-01
5.344966650009155273e-01
5.382824540138244629e-01
8.203062415122985840e-01
7.492491006851196289e-01
6.881371140480041504e-01
4.538617134094238281e-01
3.118061721324920654e-01
2.411200255155563354e-01
3.594290912151336670e-01
8.525179028511047363e-01
2.655514776706695557e-01
6.381010264158248901e-02
5.759416222572326660e-01
6.808121800422668457e-01
7.485346794128417969e-01
5.940636396408081055e-01
3.898165822029113770e-01
9.078701734542846680e-01
4.690100252628326416e-01
5.289633274078369141e-01
8.732666969299316406e-01
7.060204148292541504e-01
7.121468186378479004e-01
5.362921357154846191e-01
4.263507425785064697e-01
7.102708220481872559e-01
6.994192600250244141e-01
1.051210761070251465e-01
8.152566552162170410e-01
4.594116210937500000e-01
6.666970252990722656e-02
5.578557252883911133e-01
8.752461075782775879e-01
2.223234325647354126e-01
2.172015309333801270e-01
6.991065740585327148e-01
8.343853354454040527e-01
8.464871644973754883e-01
7.271952033042907715e-01
4.987807571887969971e-02
4.204378426074981689e-01
1.610311716794967651e-01
7.413789033889770508e-01
1.786394119262695312e-01
7.529019713401794434e-01
5.312937498092651367e-01
8.828671574592590332e-01
6.590360999107360840e-01
7.925674319267272949e-02
7.770211100578308105e-01
5.632730722427368164e-01
5.932995676994323730e-01
6.859090924263000488e-01
3.629530370235443115e-01
3.030154109001159668e-01
2.799524962902069092e-01
7.224674820899963379e-01
3.373493254184722900e-01
6.735270023345947266e-01
4.233132004737854004e-01
5.101510882377624512e-01
3.537937104701995850e-01
4.636141285300254822e-02
2.679237425327301025e-01
7.357891201972961426e-01
4.467292129993438721e-01
3.174937367439270020e-01
5.058521628379821777e-01
6.354799866676330566e-01
2.420171052217483521e-01
2.174215316772460938e-01
8.233383893966674805e-01
2.686097919940948486e-01
5.618628859519958496e-01
1.017647981643676758e-01
4.990528225898742676e-01
8.901146054267883301e-01
4.776527285575866699e-01
3.340134024620056152e-01
6.623376011848449707e-01
7.601824402809143066e-01
2.593644559383392334e-01
1.967516690492630005e-01
7.630996704101562500e-01
5.876683592796325684e-01
8.243690729141235352e-01
4.070225954055786133e-01
1.420818418264389038e-01
3.597446978092193604e-01
3.089748620986938477e-01
4.671674370765686035e-01
1.033394113183021545e-01
9.010058045387268066e-01
5.367004871368408203e-01
5.852832198143005371e-01
3.925865888595581055e-01
7.483617067337036133e-01
2.607597708702087402e-01
7.487462162971496582e-01
2.088970541954040527e-01
1.067610308527946472e-01
2.377309054136276245e-01
7.989083528518676758e-01
4.249174296855926514e-01
3.884077370166778564e-01
4.171812236309051514e-01
7.476685047149658203e-01
2.556670904159545898e-01
7.016072273254394531e-01
6.209603548049926758e-01
7.001563310623168945e-01
4.654323458671569824e-01
7.696177959442138672e-01
1.226428747177124023e-01
8.882192522287368774e-02
8.436092138290405273e-01
7.764069437980651855e-01
6.777201890945434570e-01
2.634555101394653320e-01
9.557693600654602051e-01
1.537810415029525757e-01
8.105701804161071777e-01
7.273421287536621094e-01
2.431010752916336060e-01
2.969930469989776611e-01
4.018089175224304199e-01
3.171285688877105713e-01
5.961680412292480469e-01
7.577043771743774414e-02
5.447894930839538574e-01
2.032926231622695923e-01
7.337129116058349609e-01
4.480375051498413086e-01
9.349995255470275879e-01
2.760018408298492432e-01
6.208123564720153809e-01
4.386141598224639893e-01
6.180266737937927246e-01
8.699962496757507324e-02
2.963072657585144043e-01
6.316630840301513672e-01
4.928394258022308350e-01
2.390519380569458008e-01
3.802717626094818115e-01
5.460391044616699219e-01
6.126515269279479980e-01
1.114960610866546631e-01
1.884903162717819214e-01
7.014337182044982910e-01
4.896780550479888916e-01
8.075886964797973633e-01
9.785324931144714355e-01
8.138303160667419434e-01
7.680343389511108398e-01
1.203615367412567139e-01
5.654700994491577148e-01
3.194229304790496826e-01
8.242849707603454590e-01
7.601489424705505371e-01
3.750936090946197510e-01
8.403856754302978516e-01
4.039334654808044434e-01
4.348971843719482422e-01
7.655472755432128906e-01
8.396878838539123535e-01
2.018709778785705566e-01
9.725697338581085205e-02
6.223091483116149902e-01
3.873772621154785156e-01
7.993916869163513184e-01
2.800455391407012939e-01
1.577442586421966553e-01
4.893626868724822998e-01
9.253757447004318237e-02
7.712607383728027344e-01
4.429769217967987061e-01
8.982472419738769531e-01
5.330633521080017090e-01
9.960535168647766113e-02
5.390722751617431641e-01
5.277039408683776855e-01
2.901052832603454590e-01
2.078363448381423950e-01
2.748268246650695801e-01
5.320804119110107422e-01
4.661880433559417725e-01
5.815405249595642090e-01
4.377565383911132812e-01
4.121185243129730225e-01
8.041738867759704590e-01
2.712572216987609863e-01
2.151877731084823608e-01
7.112427949905395508e-01
4.381350874900817871e-01
9.061791002750396729e-02
8.488720655441284180e-01
7.202938199043273926e-01
2.153486311435699463e-01
3.679204285144805908e-01
4.640790820121765137e-01
6.704479455947875977e-01
7.440472841262817383e-01
2.631636857986450195e-01
1.229530721902847290e-01
6.438754200935363770e-01
5.141721963882446289e-01
5.308713912963867188e-01
