4.808382391929626465e-01
5.577950477600097656e-01
5.140098333358764648e-01
7.184342145919799805e-01
5.689596533775329590e-01
5.994337797164916992e-01
6.878657341003417969e-01
1.069006845355033875e-01
7.584219574928283691e-01
6.713466644287109375e-01
5.960189104080200195e-01
3.675736188888549805e-01
6.782021522521972656e-01
7.109727263450622559e-01
6.168407201766967773e-01
6.744275689125061035e-01
1.668930798768997192e-01
4.225262403488159180e-01
6.200096607208251953e-01
2.964627742767333984e-01
7.657327651977539062e-01
6.699836254119873047e-01
6.810603737831115723e-01
3.683634400367736816e-01
4.793981313705444336e-01
7.643893957138061523e-01
6.823920011520385742e-01
6.420105099678039551e-01
5.047248005867004395e-01
5.807179808616638184e-01
7.315709590911865234e-01
7.013403773307800293e-01
3.823338150978088379e-01
4.540922641754150391e-01
5.262353420257568359e-01
7.050828933715820312e-01
5.867335796356201172e-01
7.261784672737121582e-01
3.864802122116088867e-01
5.977526903152465820e-01
3.683634400367736816e-01
6.619989275932312012e-01
7.177543044090270996e-01
7.547871470451354980e-01
4.946419000625610352e-01
2.466762810945510864e-01
6.336649060249328613e-01
4.546833634376525879e-01
4.822532534599304199e-01
6.901182532310485840e-01
4.078770279884338379e-01
7.318215966224670410e-01
3.586955070495605469e-01
6.419677138328552246e-01
8.471522927284240723e-01
5.664572715759277344e-01
5.584042668342590332e-01
6.892312765121459961e-01
3.390080332756042480e-01
6.951787471771240234e-01
3.636974990367889404e-01
5.194846987724304199e-01
3.683634400367736816e-01
6.435495615005493164e-01
3.683634400367736816e-01
5.037510395050048828e-01
6.104605197906494141e-01
7.255374193191528320e-01
4.208930581808090210e-02
6.277701258659362793e-01
5.637790560722351074e-01
2.798025608062744141e-01
4.656504392623901367e-01
5.145502686500549316e-01
2.172936201095581055e-01
3.683634400367736816e-01
4.882490634918212891e-01
6.209136247634887695e-01
4.815411269664764404e-01
6.523266434669494629e-01
6.345335841178894043e-01
3.766289949417114258e-01
6.710721850395202637e-01
6.719483137130737305e-01
7.540385723114013672e-01
4.269560873508453369e-01
3.941513001918792725e-01
6.671636104583740234e-01
6.129394769668579102e-01
3.683634400367736816e-01
7.320848107337951660e-01
5.457288622856140137e-01
6.862630248069763184e-01
6.072517037391662598e-01
3.096110224723815918e-01
4.032344818115234375e-01
3.683634400367736816e-01
4.704446196556091309e-01
5.721815824508666992e-01
4.057849049568176270e-01
4.943774342536926270e-01
5.205597281455993652e-01
3.542347550392150879e-01
6.826491951942443848e-01
6.640377640724182129e-01
4.809215068817138672e-01
6.676515340805053711e-01
6.192266941070556641e-01
4.315860271453857422e-01
1.635699272155761719e-01
7.603386044502258301e-01
6.628927588462829590e-01
4.455379545688629150e-01
5.937545895576477051e-01
5.705573558807373047e-01
3.683634400367736816e-01
4.905891120433807373e-01
5.500870943069458008e-01
5.809350609779357910e-01
6.528110504150390625e-01
7.247015833854675293e-01
6.166037321090698242e-01
4.740750789642333984e-01
4.932088255882263184e-01
7.318215966224670410e-01
2.491544038057327271e-01
7.868610024452209473e-01
4.433057904243469238e-01
2.636411488056182861e-01
5.156264901161193848e-01
6.600350141525268555e-01
6.568238139152526855e-01
3.683634400367736816e-01
6.856554746627807617e-01
5.522665977478027344e-01
5.892260074615478516e-01
5.664861202239990234e-01
7.395521402359008789e-01
6.025373339653015137e-01
5.892491936683654785e-01
5.286083221435546875e-01
7.255171537399291992e-01
7.889512777328491211e-01
6.068496704101562500e-01
7.199089527130126953e-01
7.252546548843383789e-01
7.260360717773437500e-01
9.630799293518066406e-02
5.311330556869506836e-01
6.756026148796081543e-01
4.263445138931274414e-01
3.876213431358337402e-01
7.352816462516784668e-01
7.373500466346740723e-01
6.284080743789672852e-01
7.212395071983337402e-01
4.891486465930938721e-01
3.791501820087432861e-01
7.071181535720825195e-01
6.009393334388732910e-01
8.535710573196411133e-01
4.485038518905639648e-01
7.374934554100036621e-01
4.631982743740081787e-01
4.344309866428375244e-01
6.574915051460266113e-01
6.021915078163146973e-01
7.481310963630676270e-01
4.996385276317596436e-01
5.091150999069213867e-01
6.505000591278076172e-01
3.683634400367736816e-01
6.365959644317626953e-01
4.987067282199859619e-01
5.072255134582519531e-01
6.388299465179443359e-01
7.027494311332702637e-01
6.299012899398803711e-01
5.618555545806884766e-01
6.841929554939270020e-01
6.513937115669250488e-01
1.302602142095565796e-01
6.972696781158447266e-01
6.791087985038757324e-01
6.040553450584411621e-01
3.705663979053497314e-01
5.998504161834716797e-01
7.007604241371154785e-01
5.536569356918334961e-01
5.862926840782165527e-01
7.441230416297912598e-01
7.103454470634460449e-01
6.277266144752502441e-01
3.701251447200775146e-01
6.051495075225830078e-01
4.472687244415283203e-01
2.890886068344116211e-01
5.379461050033569336e-01
5.305845737457275391e-01
7.916224598884582520e-01
7.161467075347900391e-01
5.756174325942993164e-01
6.228400468826293945e-01
5.115530490875244141e-01
4.382044970989227295e-01
7.575290203094482422e-01
4.349658191204071045e-01
5.068581700325012207e-01
4.227013885974884033e-01
1.256311833858489990e-01
7.765660881996154785e-01
6.505348682403564453e-01
5.381235480308532715e-01
3.534499108791351318e-01
2.234083414077758789e-01
3.949070572853088379e-01
7.418155670166015625e-01
6.114852428436279297e-01
5.383855104446411133e-01
5.630007982254028320e-01
3.361184000968933105e-01
6.577946543693542480e-01
3.683634400367736816e-01
7.487636208534240723e-01
7.054156661033630371e-01
3.236090838909149170e-01
3.405536115169525146e-01
6.632568836212158203e-01
6.538725495338439941e-01
5.070220828056335449e-01
1.193540841341018677e-01
6.006036400794982910e-01
1.098976358771324158e-01
5.400477051734924316e-01
7.487793564796447754e-01
6.992813348770141602e-01
6.173274517059326172e-01
6.062737107276916504e-01
4.993896782398223877e-01
5.753914117813110352e-01
5.870408415794372559e-01
6.683073639869689941e-01
6.730079650878906250e-01
6.991358399391174316e-01
6.392793059349060059e-01
4.498998820781707764e-01
1.314642578363418579e-01
6.542012691497802734e-01
7.037737965583801270e-01
5.793486237525939941e-01
1.826130449771881104e-01
6.052415370941162109e-01
7.472147345542907715e-01
5.025895833969116211e-01
2.425886839628219604e-01
7.231146097183227539e-01
1.082110628485679626e-01
1.869643628597259521e-01
7.672433257102966309e-01
7.249311804771423340e-01
5.383905172348022461e-01
6.165192127227783203e-01
6.235535144805908203e-01
3.683634400367736816e-01
2.684003710746765137e-01
7.184782624244689941e-01
6.581971645355224609e-01
4.912429451942443848e-01
1.464268118143081665e-01
4.959233999252319336e-01
7.027841806411743164e-01
3.683634400367736816e-01
3.694254159927368164e-01
6.226858496665954590e-01
4.471649527549743652e-01
7.342006564140319824e-01
6.360563635826110840e-01
4.777340292930603027e-01
2.393855005502700806e-01
5.536227822303771973e-01
1.829802542924880981e-01
5.177172422409057617e-01
5.392063260078430176e-01
6.168835163116455078e-01
7.665736675262451172e-01
5.892742872238159180e-01
5.568139553070068359e-01
6.225707530975341797e-01
6.735712885856628418e-01
3.650034368038177490e-01
7.083801031112670898e-01
7.430920600891113281e-01
6.951686739921569824e-01
8.082081079483032227e-01
3.956635892391204834e-01
6.413070559501647949e-01
5.501440763473510742e-01
5.337327122688293457e-01
5.894182920455932617e-01
3.552975654602050781e-01
7.620237469673156738e-01
3.683634400367736816e-01
5.047454237937927246e-01
7.941921055316925049e-02
5.900824666023254395e-01
7.841761708259582520e-01
5.244453549385070801e-01
5.653025507926940918e-01
6.623538732528686523e-01
6.160494089126586914e-01
6.199428439140319824e-01
6.711631417274475098e-01
5.178188085556030273e-01
7.042307257652282715e-01
4.226896762847900391e-01
5.902133584022521973e-01
5.174999237060546875e-01
5.440185070037841797e-01
7.345023751258850098e-01
7.054695487022399902e-01
7.786822319030761719e-02
5.134620666503906250e-01
3.477438986301422119e-01
5.182508826255798340e-01
5.230988860130310059e-01
5.874148011207580566e-01
6.002038121223449707e-01
5.380939245223999023e-01
2.047674506902694702e-01
6.835595965385437012e-01
5.679742097854614258e-01
6.903348565101623535e-01
6.411262154579162598e-01
6.171669960021972656e-01
7.279585599899291992e-01
7.157478928565979004e-01
5.905963182449340820e-01
4.088114500045776367e-01
6.737394332885742188e-01
5.367646217346191406e-01
6.459880471229553223e-01
4.091536104679107666e-01
6.592698097229003906e-01
2.734464704990386963e-01
7.096355557441711426e-01
7.121211886405944824e-01
8.241277933120727539e-01
6.355777382850646973e-01
6.479448080062866211e-01
6.507055163383483887e-01
6.694830060005187988e-01
5.732167959213256836e-01
1.771460771560668945e-01
6.343520879745483398e-01
7.238805890083312988e-01
6.598628163337707520e-01
6.758893728256225586e-01
4.789555668830871582e-01
6.734995245933532715e-01
2.549715042114257812e-01
3.683634400367736816e-01
7.497077584266662598e-01
6.966645717620849609e-01
6.088222861289978027e-01
2.629489898681640625e-01
3.841480910778045654e-01
5.721054673194885254e-01
6.590408086776733398e-01
7.311809659004211426e-01
5.067980289459228516e-01
7.175773382186889648e-01
6.655416488647460938e-01
7.097036838531494141e-01
4.892017245292663574e-01
7.157753705978393555e-01
4.348887801170349121e-01
3.853904902935028076e-01
7.488337159156799316e-01
6.977296471595764160e-01
5.781037211418151855e-01
7.139344215393066406e-01
5.824833512306213379e-01
1.969138532876968384e-01
6.654631495475769043e-01
5.777297616004943848e-01
6.313047409057617188e-01
3.683634400367736816e-01
3.077934682369232178e-01
2.874728739261627197e-01
6.882343888282775879e-01
6.119856238365173340e-01
3.062705993652343750e-01
1.361082494258880615e-01
4.066347777843475342e-01
6.040238142013549805e-01
6.210617423057556152e-01
5.723693370819091797e-01
7.217725515365600586e-01
5.111181735992431641e-01
6.440012454986572266e-01
7.679823040962219238e-01
4.189924597740173340e-01
4.604666233062744141e-01
4.161748290061950684e-01
6.046745777130126953e-01
7.214051485061645508e-01
5.431063175201416016e-01
3.683634400367736816e-01
7.550396323204040527e-01
6.059070825576782227e-01
7.014599442481994629e-01
6.129073500633239746e-01
3.930803239345550537e-01
8.020020127296447754e-01
5.656082034111022949e-01
6.616226434707641602e-01
5.693077445030212402e-01
6.135867834091186523e-01
2.891512811183929443e-01
7.030383348464965820e-01
3.683634400367736816e-01
5.574575066566467285e-01
4.527952373027801514e-01
2.882702946662902832e-01
7.398469448089599609e-01
5.419786572456359863e-01
5.426028966903686523e-01
6.806628704071044922e-01
5.077108144760131836e-01
6.348725557327270508e-01
5.843149423599243164e-01
5.857046842575073242e-01
4.350686073303222656e-01
7.986683249473571777e-01
7.081522345542907715e-01
4.395400583744049072e-01
5.620764493942260742e-01
3.683634400367736816e-01
5.468523502349853516e-01
3.005004823207855225e-01
7.443405389785766602e-01
3.683634400367736816e-01
7.223162651062011719e-01
3.959285318851470947e-01
5.952758789062500000e-01
6.695886254310607910e-01
6.350084543228149414e-01
7.184582352638244629e-01
7.106192708015441895e-01
2.689895927906036377e-01
3.274162113666534424e-01
7.320605516433715820e-01
7.528591156005859375e-01
5.832281708717346191e-01
5.666710138320922852e-01
3.826902806758880615e-01
6.120865345001220703e-01
7.928824424743652344e-01
6.857411265373229980e-01
6.721144318580627441e-01
7.011300325393676758e-01
2.417054474353790283e-01
7.526121735572814941e-01
6.418391466140747070e-01
4.251743853092193604e-01
4.918055832386016846e-01
4.911217987537384033e-01
4.298109412193298340e-01
6.672846078872680664e-01
6.670881509780883789e-01
7.179380059242248535e-01
7.009034156799316406e-01
7.470333576202392578e-01
6.162817478179931641e-01
7.395027875900268555e-01
6.792310476303100586e-01
4.078369438648223877e-01
1.340448856353759766e-01
4.332678616046905518e-01
6.446632146835327148e-01
2.086912095546722412e-01
3.033823370933532715e-01
3.155455589294433594e-01
1.598632782697677612e-01
6.824256181716918945e-01
6.901198029518127441e-01
6.086823940277099609e-01
7.271637320518493652e-01
7.791740298271179199e-01
2.267684042453765869e-01
3.683634400367736816e-01
2.585645914077758789e-01
6.833155751228332520e-01
4.400800168514251709e-01
6.729474067687988281e-01
3.683634400367736816e-01
1.499696820974349976e-01
6.410946249961853027e-01
5.521551370620727539e-01
6.484432220458984375e-01
5.443142652511596680e-01
6.499833464622497559e-01
7.574319243431091309e-01
6.968934535980224609e-01
5.510297417640686035e-01
5.867038965225219727e-01
7.477822899818420410e-01
4.788222610950469971e-01
6.388615965843200684e-01
2.386180013418197632e-01
3.528144955635070801e-01
5.907506942749023438e-01
5.915821790695190430e-01
6.651142239570617676e-01
3.683634400367736816e-01
3.683634400367736816e-01
6.867125630378723145e-01
7.832117080688476562e-01
4.925071299076080322e-01
5.760115385055541992e-01
3.683634400367736816e-01
7.483959794044494629e-01
7.210065126419067383e-01
5.229691863059997559e-01
3.672815561294555664e-01
3.683634400367736816e-01
6.301848888397216797e-01
5.439303517341613770e-01
3.241358101367950439e-01
6.514227390289306641e-01
5.454939603805541992e-01
6.091580986976623535e-01
5.155440568923950195e-01
4.266309440135955811e-01
7.521814703941345215e-01
5.026949048042297363e-01
5.459352135658264160e-01
6.596034169197082520e-01
5.733714699745178223e-01
7.359913587570190430e-01
6.190494894981384277e-01
4.938631355762481689e-01
6.208874583244323730e-01
6.500309705734252930e-01
6.754645705223083496e-01
5.342826843261718750e-01
5.050950646400451660e-01
6.592698097229003906e-01
4.016467928886413574e-01
6.046584248542785645e-01
4.759560823440551758e-01
5.906661748886108398e-01
4.045105576515197754e-01
1.672483533620834351e-01
7.255641222000122070e-01
2.415385842323303223e-01
5.190998315811157227e-01
6.842600703239440918e-01
5.583853125572204590e-01
6.952908039093017578e-01
7.058789730072021484e-01
4.448332786560058594e-01
2.274407446384429932e-01
4.937974810600280762e-01
7.458086013793945312e-01
5.021511912345886230e-01
4.338029325008392334e-01
6.465899348258972168e-01
7.057055234909057617e-01
5.002224445343017578e-01
4.866991341114044189e-01
6.474851369857788086e-01
2.174135483801364899e-02
8.067007064819335938e-01
2.361866235733032227e-01
6.924926638603210449e-01
5.889163613319396973e-01
7.211350202560424805e-01
7.241432070732116699e-01
6.208449006080627441e-01
1.490247994661331177e-01
3.683634400367736816e-01
6.976025700569152832e-01
6.125652194023132324e-01
6.154120564460754395e-01
6.145415902137756348e-01
7.306084632873535156e-01
5.982160568237304688e-01
3.683634400367736816e-01
2.331143766641616821e-01
6.914150118827819824e-01
7.012876868247985840e-01
7.382971644401550293e-01
7.090568542480468750e-01
6.422715187072753906e-01
6.447263360023498535e-01
5.231022834777832031e-01
5.579346418380737305e-01
4.319169521331787109e-01
5.789657235145568848e-01
6.903549432754516602e-01
5.439323186874389648e-01
6.218251585960388184e-01
3.582856953144073486e-01
8.109694719314575195e-01
4.500380158424377441e-01
5.854101777076721191e-01
6.981210112571716309e-01
5.956652760505676270e-01
4.141201376914978027e-01
5.455794334411621094e-01
7.444376945495605469e-01
6.830859780311584473e-01
2.346543520689010620e-01
5.019849538803100586e-01
6.446617245674133301e-01
7.264884114265441895e-01
6.567288637161254883e-01
5.727872848510742188e-01
7.246171236038208008e-01
4.373702704906463623e-01
7.003769278526306152e-01
7.225854992866516113e-01
4.185304045677185059e-01
4.970226883888244629e-01
6.590967774391174316e-01
1.130747199058532715e-01
3.968150317668914795e-01
6.931907534599304199e-01
3.774733245372772217e-01
5.837179422378540039e-01
6.567890048027038574e-01
3.800302445888519287e-01
5.472754836082458496e-01
7.973893284797668457e-01
5.526964068412780762e-01
5.587541460990905762e-01
6.264138817787170410e-01
6.331062316894531250e-01
2.292338460683822632e-01
6.177856922149658203e-01
5.586574673652648926e-01
6.234296560287475586e-01
5.165889859199523926e-01
6.770670413970947266e-01
4.489083290100097656e-01
5.757043957710266113e-01
6.872304081916809082e-01
6.339665055274963379e-01
6.095731258392333984e-01
4.815288484096527100e-01
3.957159817218780518e-01
7.273675799369812012e-01
5.508543848991394043e-01
6.424128413200378418e-01
6.690000295639038086e-01
5.993651747703552246e-01
8.159272074699401855e-01
4.792665541172027588e-01
7.101305127143859863e-01
8.225505352020263672e-01
7.917376756668090820e-01
7.549170851707458496e-01
1.443472653627395630e-01
6.917367577552795410e-01
3.873220384120941162e-01
4.876513481140136719e-01
6.287199258804321289e-01
4.900623559951782227e-01
3.166193366050720215e-01
6.780365705490112305e-01
4.831597506999969482e-01
7.199974060058593750e-01
7.181605696678161621e-01
6.642364859580993652e-01
7.401667833328247070e-01
4.138267636299133301e-01
7.201492190361022949e-01
4.223641455173492432e-01
5.574749112129211426e-01
5.826729536056518555e-01
6.376829147338867188e-01
5.765769481658935547e-01
2.968183755874633789e-01
5.130391120910644531e-01
6.856117844581604004e-01
6.849177479743957520e-01
6.851705908775329590e-01
3.612078130245208740e-01
5.191399455070495605e-01
3.557567596435546875e-01
4.018301665782928467e-01
7.032991647720336914e-01
3.683634400367736816e-01
7.514871954917907715e-01
6.527577638626098633e-01
2.081115692853927612e-01
5.837054848670959473e-01
7.161359190940856934e-01
7.173513770103454590e-01
6.528241634368896484e-01
5.877431631088256836e-01
6.479044556617736816e-01
6.312643885612487793e-01
6.564199924468994141e-01
6.833418607711791992e-01
4.252416789531707764e-01
7.213397026062011719e-01
4.501473903656005859e-01
3.683634400367736816e-01
6.551861763000488281e-01
5.290193557739257812e-01
3.781934082508087158e-01
7.290498018264770508e-01
6.194491386413574219e-01
7.372611761093139648e-01
6.659215092658996582e-01
7.192388772964477539e-01
1.217543557286262512e-01
4.020488560199737549e-01
4.139338135719299316e-01
6.360347867012023926e-01
7.344072461128234863e-01
4.909661412239074707e-01
6.624730825424194336e-01
7.183256745338439941e-01
6.599127650260925293e-01
5.558480620384216309e-01
2.897190451622009277e-01
6.354829668998718262e-01
4.412752985954284668e-01
7.675504684448242188e-01
5.896856784820556641e-01
7.096329331398010254e-01
6.593371033668518066e-01
7.204739451408386230e-01
3.204191625118255615e-01
5.029663443565368652e-01
5.634918808937072754e-01
3.683634400367736816e-01
6.734746694564819336e-01
5.376073122024536133e-01
6.332826614379882812e-01
6.920701265335083008e-01
7.313322424888610840e-01
6.524561643600463867e-01
6.237880587577819824e-01
6.873153448104858398e-01
3.683634400367736816e-01
5.794576406478881836e-01
6.623972654342651367e-01
6.430652141571044922e-01
2.278068959712982178e-01
6.780398488044738770e-01
3.805818259716033936e-01
5.382860302925109863e-01
6.606100797653198242e-01
6.356467604637145996e-01
6.717096567153930664e-01
5.066310763359069824e-01
7.368456125259399414e-01
7.290199398994445801e-01
3.683634400367736816e-01
3.683634400367736816e-01
6.356272697448730469e-01
6.377361416816711426e-01
5.635003447532653809e-01
7.253403067588806152e-01
3.386586904525756836e-01
6.982681751251220703e-01
6.011186242103576660e-01
6.480973362922668457e-01
7.028185725212097168e-01
7.615936398506164551e-01
7.272482514381408691e-01
3.939075469970703125e-01
6.103425025939941406e-01
5.867084264755249023e-01
4.748097360134124756e-01
5.835556983947753906e-01
5.683481097221374512e-01
6.070137023925781250e-01
6.376942992210388184e-01
6.564347147941589355e-01
6.974671483039855957e-01
6.743875145912170410e-01
5.455301403999328613e-01
6.040955781936645508e-01
5.380972027778625488e-01
5.924220681190490723e-01
4.436047375202178955e-01
5.943996310234069824e-01
5.289964675903320312e-01
5.354847311973571777e-01
1.620019972324371338e-01
7.627034187316894531e-01
7.489837408065795898e-01
6.259757280349731445e-01
5.359376668930053711e-01
2.532419264316558838e-01
5.901352763175964355e-01
6.794958710670471191e-01
6.551842093467712402e-01
6.304318308830261230e-01
6.176593303680419922e-01
5.548940300941467285e-01
7.250181436538696289e-01
5.724846124649047852e-01
6.678746938705444336e-01
6.727598905563354492e-01
4.799339473247528076e-01
3.683634400367736816e-01
6.533203125000000000e-01
5.936550498008728027e-01
6.831300854682922363e-01
7.030720114707946777e-01
6.868621110916137695e-01
6.916258335113525391e-01
6.545631289482116699e-01
4.707166850566864014e-01
8.019970655441284180e-01
2.052259445190429688e-01
4.940118789672851562e-01
5.193147659301757812e-01
6.801167130470275879e-01
1.490353941917419434e-01
2.193345576524734497e-01
5.489253401756286621e-01
6.757388114929199219e-01
6.938737034797668457e-01
6.939679980278015137e-01
7.159975171089172363e-01
5.678048729896545410e-01
6.951110959053039551e-01
5.956545472145080566e-01
6.762353181838989258e-01
7.173354029655456543e-01
1.026363149285316467e-01
4.492326676845550537e-01
4.220542311668395996e-01
3.310717940330505371e-01
2.120058834552764893e-01
7.122590541839599609e-01
7.193707227706909180e-01
7.000710368156433105e-01
7.059218883514404297e-01
6.672235131263732910e-01
7.062450051307678223e-01
6.011389493942260742e-01
6.589436531066894531e-01
7.790886759757995605e-01
5.564637780189514160e-01
3.683634400367736816e-01
3.828460276126861572e-01
6.611994504928588867e-01
6.275207400321960449e-01
7.116717696189880371e-01
5.666342973709106445e-01
2.804180681705474854e-01
4.057824015617370605e-01
6.542623639106750488e-01
6.447967886924743652e-01
7.240788936614990234e-01
6.889826059341430664e-01
3.587521016597747803e-01
6.461902856826782227e-01
3.683634400367736816e-01
2.416075468063354492e-01
7.379326224327087402e-01
5.375013351440429688e-01
6.640131473541259766e-01
5.595905780792236328e-01
7.864547371864318848e-01
2.589576840400695801e-01
6.566850543022155762e-01
7.416112422943115234e-01
5.664778947830200195e-01
6.802316308021545410e-01
6.935792565345764160e-01
7.345539927482604980e-01
6.670287251472473145e-01
6.877949237823486328e-01
4.296786785125732422e-01
5.852884054183959961e-01
6.051057577133178711e-01
4.130070805549621582e-01
3.683634400367736816e-01
7.114332914352416992e-01
6.798157691955566406e-01
4.518173038959503174e-01
6.686247587203979492e-01
4.647369086742401123e-01
3.683634400367736816e-01
7.413295507431030273e-01
6.058863401412963867e-01
2.188974618911743164e-01
4.788483977317810059e-01
6.305897235870361328e-01
7.074803113937377930e-01
7.220932841300964355e-01
6.049550771713256836e-01
3.779827654361724854e-01
2.727955579757690430e-01
8.136141300201416016e-01
6.992561817169189453e-01
6.296495199203491211e-01
5.147949457168579102e-01
6.126570105552673340e-01
1.420424580574035645e-01
6.102862358093261719e-01
7.896508574485778809e-01
5.669104456901550293e-01
6.341590881347656250e-01
6.774833202362060547e-01
3.998685181140899658e-01
6.822473406791687012e-01
7.032583355903625488e-01
7.018783688545227051e-01
6.635723114013671875e-01
7.131536602973937988e-01
5.483099818229675293e-01
6.666910648345947266e-01
6.610391736030578613e-01
5.747120976448059082e-01
6.325302720069885254e-01
5.874166488647460938e-01
6.639885306358337402e-01
6.315553188323974609e-01
7.279844284057617188e-01
7.042860984802246094e-01
5.379937291145324707e-01
5.600829124450683594e-01
6.393941044807434082e-01
6.699203252792358398e-01
3.972440659999847412e-01
5.887728929519653320e-01
6.550007462501525879e-01
6.675800085067749023e-01
5.722784996032714844e-01
5.588854551315307617e-01
5.898008942604064941e-01
1.922736763954162598e-01
8.229576349258422852e-01
6.339629888534545898e-01
6.104847788810729980e-01
4.879425168037414551e-01
8.092370629310607910e-01
6.523237228393554688e-01
5.502964258193969727e-01
7.437621951103210449e-01
7.371497750282287598e-01
6.185603141784667969e-01
7.715854048728942871e-01
6.571420431137084961e-01
5.187341570854187012e-01
5.144671797752380371e-01
4.155679941177368164e-01
5.027788877487182617e-01
6.837475895881652832e-01
4.938954710960388184e-01
5.280929207801818848e-01
5.316776037216186523e-01
4.016230702400207520e-01
2.542433738708496094e-01
7.459133863449096680e-01
6.281214952468872070e-01
5.797490477561950684e-01
2.384566068649291992e-01
5.589701533317565918e-01
7.644953727722167969e-01
3.509102761745452881e-01
6.196365356445312500e-01
7.242329120635986328e-01
6.336879730224609375e-01
2.061703503131866455e-01
6.593467593193054199e-01
5.826330184936523438e-01
4.729044437408447266e-01
5.354520678520202637e-01
7.461478710174560547e-01
7.781922221183776855e-01
6.685846447944641113e-01
3.296068608760833740e-01
4.593239724636077881e-01
7.034950256347656250e-01
7.358624339103698730e-01
2.449837177991867065e-01
7.382345795631408691e-01
1.294778734445571899e-01
2.837775945663452148e-01
3.948725759983062744e-01
6.802369952201843262e-01
3.683634400367736816e-01
3.597571551799774170e-01
7.237603664398193359e-01
7.135977745056152344e-01
4.607126414775848389e-01
3.683634400367736816e-01
5.270243287086486816e-01
4.598391950130462646e-01
5.914570093154907227e-01
4.802383780479431152e-01
4.792136549949645996e-01
7.583955526351928711e-01
3.683634400367736816e-01
3.655133247375488281e-01
6.612899303436279297e-01
6.996646523475646973e-01
2.713981270790100098e-01
4.966907501220703125e-01
1.788187623023986816e-01
6.793196201324462891e-01
6.863729953765869141e-01
6.212570667266845703e-01
5.380299091339111328e-01
7.047669887542724609e-01
5.884773135185241699e-01
6.216883659362792969e-01
3.111050128936767578e-01
7.970473766326904297e-01
7.237869501113891602e-01
4.495574533939361572e-01
6.614551544189453125e-01
1.735036522150039673e-01
6.475927233695983887e-01
2.729191780090332031e-01
5.642578601837158203e-01
3.275673091411590576e-01
5.488420128822326660e-01
6.812340617179870605e-01
1.003062948584556580e-01
7.628085017204284668e-01
4.682310223579406738e-01
3.683634400367736816e-01
6.126770973205566406e-01
5.825580954551696777e-01
5.294214487075805664e-01
3.974816203117370605e-01
7.473323345184326172e-01
5.263135433197021484e-01
6.580451726913452148e-01
7.052872180938720703e-01
7.699667811393737793e-01
6.190667748451232910e-01
1.550035327672958374e-01
7.008670568466186523e-01
7.020170092582702637e-01
6.109005808830261230e-01
5.980815291404724121e-01
7.603850960731506348e-01
8.070180416107177734e-01
5.465951561927795410e-01
5.019651055335998535e-01
5.856711268424987793e-01
3.561657667160034180e-01
5.967139601707458496e-01
6.666675209999084473e-01
3.683634400367736816e-01
5.551607012748718262e-01
6.236566901206970215e-01
6.844898462295532227e-01
6.273666620254516602e-01
5.701782703399658203e-01
7.430508136749267578e-01
4.449638426303863525e-01
6.357762813568115234e-01
7.225059866905212402e-01
7.102566361427307129e-01
7.135977745056152344e-01
5.307552814483642578e-01
6.417473554611206055e-01
5.361012816429138184e-01
6.285973787307739258e-01
7.358252406120300293e-01
7.957970499992370605e-01
1.126768589019775391e-01
5.436568856239318848e-01
6.431298851966857910e-01
6.106303930282592773e-01
5.016454458236694336e-01
7.789272069931030273e-01
6.983546018600463867e-01
6.865801215171813965e-01
6.099585890769958496e-01
6.440265178680419922e-01
7.138081789016723633e-01
6.472457647323608398e-01
3.418227732181549072e-01
7.988593578338623047e-01
3.683634400367736816e-01
2.546316087245941162e-01
6.175114512443542480e-01
4.473929405212402344e-01
6.982752084732055664e-01
3.177494704723358154e-01
7.487751245498657227e-01
9.503209590911865234e-02
7.473725080490112305e-01
7.148959636688232422e-01
7.462637424468994141e-01
6.631125211715698242e-01
6.587022542953491211e-01
7.494898438453674316e-01
3.301166594028472900e-01
6.297417879104614258e-01
7.855091691017150879e-01
7.158193588256835938e-01
5.605148673057556152e-01
6.738411784172058105e-01
3.683634400367736816e-01
7.536137849092483521e-02
6.751034259796142578e-01
6.757945418357849121e-01
7.838731408119201660e-01
6.098912954330444336e-01
6.457541584968566895e-01
7.161653637886047363e-01
6.542664766311645508e-01
4.185304045677185059e-01
7.758343219757080078e-01
7.386677861213684082e-01
3.869244754314422607e-01
5.522536635398864746e-01
7.354400157928466797e-01
4.773848354816436768e-01
6.579157114028930664e-01
6.715603470802307129e-01
4.480238258838653564e-01
6.095950603485107422e-01
5.892491936683654785e-01
1.325470954179763794e-01
5.201097130775451660e-01
6.928564310073852539e-01
7.119063735008239746e-01
3.683634400367736816e-01
1.805216223001480103e-01
7.633661031723022461e-01
6.403208374977111816e-01
7.187705636024475098e-01
3.683634400367736816e-01
7.452186942100524902e-01
4.832546114921569824e-01
6.513544917106628418e-01
4.932237863540649414e-01
7.635384798049926758e-01
7.717692852020263672e-01
5.832444429397583008e-01
5.848061442375183105e-01
2.307932972908020020e-01
5.591896176338195801e-01
7.113509774208068848e-01
5.493282079696655273e-01
4.459030032157897949e-01
5.560787916183471680e-01
6.627705097198486328e-01
6.972812414169311523e-01
5.553627610206604004e-01
7.370164990425109863e-01
7.824749946594238281e-01
3.683634400367736816e-01
5.905331969261169434e-01
6.362109184265136719e-01
6.042308211326599121e-01
6.955708265304565430e-01
7.030435204505920410e-01
6.377031803131103516e-01
5.287573933601379395e-01
6.847417354583740234e-01
8.415946364402770996e-01
7.793385982513427734e-01
3.107900321483612061e-01
3.683634400367736816e-01
4.760052561759948730e-01
8.174326419830322266e-01
7.315702438354492188e-01
4.352052509784698486e-01
4.313387572765350342e-01
4.886609613895416260e-01
3.588641285896301270e-01
3.683634400367736816e-01
3.403953909873962402e-01
7.080736160278320312e-01
7.435996532440185547e-01
7.114021778106689453e-01
5.661844611167907715e-01
7.197055220603942871e-01
8.491228520870208740e-02
4.138179421424865723e-01
5.375506281852722168e-01
3.416436612606048584e-01
6.237043738365173340e-01
5.440691709518432617e-01
7.448577284812927246e-01
6.835653781890869141e-01
2.919739484786987305e-01
6.955920457839965820e-01
5.946685075759887695e-01
7.563607096672058105e-01
3.401265442371368408e-01
5.878560543060302734e-01
6.147849559783935547e-01
6.432113051414489746e-01
7.204779386520385742e-01
7.956931591033935547e-01
3.573021888732910156e-01
7.030669450759887695e-01
6.185942292213439941e-01
6.073835492134094238e-01
6.278883814811706543e-01
6.118139028549194336e-01
7.643011808395385742e-01
7.025457024574279785e-01
6.413049697875976562e-01
7.337486147880554199e-01
7.191049456596374512e-01
5.231039524078369141e-01
3.683634400367736816e-01
6.371309757232666016e-01
4.701474606990814209e-01
2.893942594528198242e-01
7.797766327857971191e-01
6.470746994018554688e-01
6.791978478431701660e-01
3.683634400367736816e-01
6.379962563514709473e-01
7.049636840820312500e-01
5.385746955871582031e-01
4.894560575485229492e-01
6.429046988487243652e-01
5.853295922279357910e-01
4.142004847526550293e-01
5.568438768386840820e-01
6.703998446464538574e-01
5.678511261940002441e-01
6.462529301643371582e-01
2.181810587644577026e-01
6.537019610404968262e-01
4.548024833202362061e-01
3.942478299140930176e-01
3.683634400367736816e-01
8.018234372138977051e-01
3.649465143680572510e-01
4.471310675144195557e-01
3.087033145129680634e-02
3.683634400367736816e-01
4.027169346809387207e-01
6.895912289619445801e-01
6.544169187545776367e-01
7.162894010543823242e-01
4.956498444080352783e-01
2.787793576717376709e-01
3.213751912117004395e-01
5.815379619598388672e-01
5.543614029884338379e-01
6.797959208488464355e-01
7.539818882942199707e-01
7.264264225959777832e-01
3.965525627136230469e-01
7.768568992614746094e-01
3.683634400367736816e-01
3.683634400367736816e-01
7.673386931419372559e-01
4.924602806568145752e-01
5.169173479080200195e-01
1.595592647790908813e-01
5.449593067169189453e-01
7.339779138565063477e-01
7.848287224769592285e-01
7.338898181915283203e-01
6.014973521232604980e-01
6.134610176086425781e-01
6.156405806541442871e-01
7.490330338478088379e-01
6.950529813766479492e-01
5.266408920288085938e-01
6.139903664588928223e-01
6.684361696243286133e-01
6.125606894493103027e-01
4.241117537021636963e-01
6.166056394577026367e-01
7.426518797874450684e-01
6.137541532516479492e-01
5.888796225190162659e-02
5.442101359367370605e-01
6.756688356399536133e-01
7.941766977310180664e-01
6.448652148246765137e-01
4.366328716278076172e-01
4.985371232032775879e-01
4.124729633331298828e-01
5.934661030769348145e-01
6.381031870841979980e-01
4.617151021957397461e-01
4.588642716407775879e-01
3.631182014942169189e-01
5.415197610855102539e-01
6.413049697875976562e-01
8.190476894378662109e-01
5.441046953201293945e-01
4.680728018283843994e-01
6.485592722892761230e-01
6.652327775955200195e-01
3.098928630352020264e-01
5.502103567123413086e-01
5.590355396270751953e-01
4.175893664360046387e-01
5.588516592979431152e-01
3.669164180755615234e-01
7.348442673683166504e-01
6.618304252624511719e-01
4.913825094699859619e-01
5.666201710700988770e-01
6.433970332145690918e-01
3.683634400367736816e-01
6.232452988624572754e-01
5.411716699600219727e-01
5.904846787452697754e-01
6.784749031066894531e-01
6.606621146202087402e-01
4.231523573398590088e-01
7.023696899414062500e-01
7.197976708412170410e-01
6.661443114280700684e-01
5.173127651214599609e-01
3.683634400367736816e-01
6.718815565109252930e-01
4.999405145645141602e-01
4.512361288070678711e-01
6.067230701446533203e-01
2.312458604574203491e-01
7.138351202011108398e-01
1.522357910871505737e-01
5.983644127845764160e-01
4.120436906814575195e-01
3.396570384502410889e-01
3.683634400367736816e-01
8.994647115468978882e-02
5.983670353889465332e-01
6.281853914260864258e-01
3.683634400367736816e-01
4.643129408359527588e-01
8.157032132148742676e-01
7.086854577064514160e-01
6.253687143325805664e-01
4.572519063949584961e-01
7.401411533355712891e-01
7.208369970321655273e-01
2.755862772464752197e-01
5.901812314987182617e-01
5.516335368156433105e-01
4.468042552471160889e-01
7.356789708137512207e-01
5.710690617561340332e-01
4.209748804569244385e-01
5.665507912635803223e-01
6.214443445205688477e-01
6.799346208572387695e-01
6.216491460800170898e-01
6.031664013862609863e-01
2.997162938117980957e-01
1.844421625137329102e-01
1.440937966108322144e-01
6.971444487571716309e-01
2.565416693687438965e-01
4.712551832199096680e-01
2.348865866661071777e-01
5.019105672836303711e-01
6.830362677574157715e-01
3.683634400367736816e-01
5.605040788650512695e-01
6.568170189857482910e-01
3.683634400367736816e-01
7.987323999404907227e-01
7.306375503540039062e-01
6.560653448104858398e-01
5.064983963966369629e-01
7.183251380920410156e-01
7.124846577644348145e-01
7.062726616859436035e-01
5.348225235939025879e-01
5.173565745353698730e-01
3.478538393974304199e-01
6.827617883682250977e-01
6.262241601943969727e-01
3.683634400367736816e-01
1.072188019752502441e-01
3.028147816658020020e-01
2.990486025810241699e-01
5.989717841148376465e-01
6.678387522697448730e-01
6.039730906486511230e-01
5.345397591590881348e-01
5.664496421813964844e-01
6.224432587623596191e-01
5.371795296669006348e-01
4.213930070400238037e-01
6.997763514518737793e-01
6.214672327041625977e-01
5.792665481567382812e-01
7.990010380744934082e-01
7.150253057479858398e-01
6.929374933242797852e-01
7.526378631591796875e-01
6.988266110420227051e-01
6.062748432159423828e-01
6.340262889862060547e-01
6.898607015609741211e-01
7.210526466369628906e-01
6.192314624786376953e-01
7.467284053564071655e-02
6.522780656814575195e-01
7.854098677635192871e-01
7.038424015045166016e-01
6.019300818443298340e-01
4.526506960391998291e-01
7.383380532264709473e-01
4.343543052673339844e-01
7.333760261535644531e-01
4.832165241241455078e-01
6.767017841339111328e-01
6.642940044403076172e-01
5.336045026779174805e-01
3.533932268619537354e-01
3.683634400367736816e-01
7.077455520629882812e-01
6.615598499774932861e-02
6.597785353660583496e-01
6.118670105934143066e-01
6.281767487525939941e-01
5.870496630668640137e-01
6.595882773399353027e-01
8.019257187843322754e-01
7.050012350082397461e-01
6.569133996963500977e-01
3.683634400367736816e-01
5.002636313438415527e-01
6.635034680366516113e-01
5.120579004287719727e-01
4.437189400196075439e-01
5.571855306625366211e-01
2.706351280212402344e-01
2.553299665451049805e-01
4.009403884410858154e-01
3.683634400367736816e-01
7.172066569328308105e-01
4.632745087146759033e-01
3.685768246650695801e-01
6.340883374214172363e-01
3.789872229099273682e-01
6.660116314888000488e-01
3.106126487255096436e-01
5.204124450683593750e-01
7.127394676208496094e-01
4.594245553016662598e-01
5.886644721031188965e-01
6.518290042877197266e-01
6.284021139144897461e-01
5.833641290664672852e-01
5.850206017494201660e-01
7.338930368423461914e-01
2.801539301872253418e-01
6.023905277252197266e-01
7.288442850112915039e-01
6.677984595298767090e-01
4.604165852069854736e-01
7.301828861236572266e-01
3.748625814914703369e-01
4.826626777648925781e-01
2.189006656408309937e-01
6.841749548912048340e-01
7.250021100044250488e-01
3.519676923751831055e-01
5.759418606758117676e-01
6.801043152809143066e-01
7.255066037178039551e-01
6.383823156356811523e-01
4.140438437461853027e-01
7.374560832977294922e-01
6.778088212013244629e-01
6.663125157356262207e-01
7.260231971740722656e-01
5.677681565284729004e-01
6.771565675735473633e-01
6.550641655921936035e-01
4.030795693397521973e-01
6.703555583953857422e-01
8.047268390655517578e-01
6.781187057495117188e-01
3.625482022762298584e-01
5.004910826683044434e-01
4.906473755836486816e-01
3.582919538021087646e-01
6.306284070014953613e-01
2.639188766479492188e-01
8.885603398084640503e-02
6.956353783607482910e-01
7.079672813415527344e-01
2.052656561136245728e-01
1.750466078519821167e-01
7.349365353584289551e-01
6.744925975799560547e-01
6.824166178703308105e-01
3.047306835651397705e-01
5.870703458786010742e-01
7.137802243232727051e-01
6.981293559074401855e-01
6.446740031242370605e-01
5.725920796394348145e-01
4.054397940635681152e-01
6.625606417655944824e-01
6.065127253532409668e-01
4.957061409950256348e-01
6.209049820899963379e-01
7.315675616264343262e-01
5.846138596534729004e-01
6.301811933517456055e-01
5.437304377555847168e-01
2.467504143714904785e-01
7.506892085075378418e-02
8.328985571861267090e-01
3.946210741996765137e-01
3.331251442432403564e-01
4.472797214984893799e-01
6.492668390274047852e-01
7.395219206809997559e-01
5.631074905395507812e-01
6.688104271888732910e-01
6.204857826232910156e-01
2.884467244148254395e-01
5.609048604965209961e-01
6.214434504508972168e-01
6.137441396713256836e-01
5.873141288757324219e-01
5.478902459144592285e-01
5.191595554351806641e-01
6.149174571037292480e-01
7.112337350845336914e-01
6.813461780548095703e-01
3.655532300472259521e-01
6.816114187240600586e-01
5.608714818954467773e-01
2.529167532920837402e-01
6.174017786979675293e-01
7.521144747734069824e-01
5.357975959777832031e-01
6.737620234489440918e-01
4.303296208381652832e-01
7.383392453193664551e-01
6.273115277290344238e-01
6.538598537445068359e-01
1.885404586791992188e-01
3.683634400367736816e-01
6.633942127227783203e-01
5.691156983375549316e-01
3.958102762699127197e-01
3.683634400367736816e-01
6.684911251068115234e-01
4.748333990573883057e-01
5.121698975563049316e-01
5.152215957641601562e-01
6.854369044303894043e-01
4.024545550346374512e-01
4.452970027923583984e-01
3.961135745048522949e-01
7.733444571495056152e-01
5.190219283103942871e-01
7.062414884567260742e-01
7.037090659141540527e-01
6.416152715682983398e-01
4.786741733551025391e-01
7.926244139671325684e-01
6.612492799758911133e-01
6.214931607246398926e-01
6.795796751976013184e-01
5.899809598922729492e-01
5.836875438690185547e-01
7.484270334243774414e-01
7.126264572143554688e-01
1.622149050235748291e-01
7.470236420631408691e-01
7.114621400833129883e-01
4.186202883720397949e-01
6.149348616600036621e-01
6.541859507560729980e-01
7.249858975410461426e-01
7.437906861305236816e-01
4.563651680946350098e-01
3.683634400367736816e-01
6.379222869873046875e-01
6.366261839866638184e-01
2.031718939542770386e-01
7.223771810531616211e-01
6.153330802917480469e-01
6.614912748336791992e-01
5.942380428314208984e-01
6.060324907302856445e-01
6.420823931694030762e-01
6.876670718193054199e-01
6.657725572586059570e-01
5.131412148475646973e-01
6.696816086769104004e-01
3.683634400367736816e-01
6.532433032989501953e-01
4.088936746120452881e-01
1.541201919317245483e-01
6.015312075614929199e-01
6.937271356582641602e-01
7.695744037628173828e-01
7.768568992614746094e-01
6.755155324935913086e-01
7.676112055778503418e-01
7.278051972389221191e-01
6.589839458465576172e-01
4.156015515327453613e-01
5.575215220451354980e-01
6.258546710014343262e-01
6.828764081001281738e-01
4.316937327384948730e-01
4.963831901550292969e-01
6.211699843406677246e-01
2.891866564750671387e-01
7.887517213821411133e-01
6.687116026878356934e-01
7.253266572952270508e-01
7.595406174659729004e-01
2.443058043718338013e-01
4.915210008621215820e-01
7.799108028411865234e-01
5.660779476165771484e-01
4.340091049671173096e-01
6.345949769020080566e-01
6.009831428527832031e-01
6.959319710731506348e-01
6.217417716979980469e-01
5.246705412864685059e-01
6.689743399620056152e-01
2.048935592174530029e-01
5.514135360717773438e-01
5.783386230468750000e-01
3.683634400367736816e-01
1.569936126470565796e-01
6.264946460723876953e-01
5.635847449302673340e-01
6.082841753959655762e-01
7.087406516075134277e-01
6.592510342597961426e-01
5.758803486824035645e-01
7.451820969581604004e-01
7.297614812850952148e-01
7.272902727127075195e-01
4.144656062126159668e-01
6.225755810737609863e-01
4.259933829307556152e-01
6.223072409629821777e-01
3.683634400367736816e-01
6.707153320312500000e-01
4.424558579921722412e-01
3.683634400367736816e-01
5.632283687591552734e-01
3.391802012920379639e-01
7.737801074981689453e-01
7.136878371238708496e-01
5.419306755065917969e-01
3.683634400367736816e-01
7.809824943542480469e-01
3.113517761230468750e-01
7.739396691322326660e-01
5.978506207466125488e-01
5.975264310836791992e-01
4.682404994964599609e-01
7.417800426483154297e-01
7.560535073280334473e-01
6.876245141029357910e-01
6.510959863662719727e-01
6.583027243614196777e-01
3.683634400367736816e-01
6.487669348716735840e-01
5.031615495681762695e-01
6.138203740119934082e-01
2.079069912433624268e-01
5.204455256462097168e-01
7.563206553459167480e-01
5.951959490776062012e-01
3.683634400367736816e-01
6.810531020164489746e-01
3.322996795177459717e-01
3.949880301952362061e-01
5.684118866920471191e-01
5.802949666976928711e-01
7.325599789619445801e-01
7.413700819015502930e-01
6.209775209426879883e-01
6.163031458854675293e-01
6.931895613670349121e-01
6.061623692512512207e-01
5.200453996658325195e-01
7.021884918212890625e-01
6.444010138511657715e-01
7.006413340568542480e-01
7.374855279922485352e-01
5.612326264381408691e-01
5.619167685508728027e-01
6.290859580039978027e-01
5.681029558181762695e-01
5.874432325363159180e-01
6.595973372459411621e-01
4.172047674655914307e-01
7.496540546417236328e-01
1.811624318361282349e-01
6.778817176818847656e-01
6.791975498199462891e-01
6.146944761276245117e-01
4.902796447277069092e-01
7.782657146453857422e-01
6.765305995941162109e-01
5.169971585273742676e-01
5.978769659996032715e-01
6.085613369941711426e-01
6.323305964469909668e-01
5.498692989349365234e-01
7.318106293678283691e-01
7.484262585639953613e-01
7.042050957679748535e-01
6.516768336296081543e-01
4.905609488487243652e-01
4.121197164058685303e-01
4.840452075004577637e-01
7.790126800537109375e-01
3.683634400367736816e-01
6.784076690673828125e-01
5.914552807807922363e-01
6.224249601364135742e-01
5.382372140884399414e-01
8.243953585624694824e-01
2.621092200279235840e-01
7.489285469055175781e-01
6.862083673477172852e-01
5.261045694351196289e-01
5.568434000015258789e-01
5.823758840560913086e-01
5.475478172302246094e-01
5.311068892478942871e-01
5.296097993850708008e-01
6.067802906036376953e-01
3.947845399379730225e-01
7.117944955825805664e-01
7.357991933822631836e-01
6.509249210357666016e-01
5.766919255256652832e-01
6.589822173118591309e-01
6.912401914596557617e-01
6.688442230224609375e-01
6.587064266204833984e-01
3.915715813636779785e-01
5.928591489791870117e-01
5.330595374107360840e-01
4.387363791465759277e-01
6.395444869995117188e-01
5.198510289192199707e-01
4.750635623931884766e-01
7.532414793968200684e-01
5.024393200874328613e-01
6.881641149520874023e-01
5.980529785156250000e-01
4.719260334968566895e-01
4.593593776226043701e-01
3.683634400367736816e-01
6.670714616775512695e-01
6.744546294212341309e-01
4.260753095149993896e-02
6.377283334732055664e-01
5.974211692810058594e-01
6.457494497299194336e-01
5.425507426261901855e-01
6.316980719566345215e-01
1.640571504831314087e-01
6.466916799545288086e-01
6.107475757598876953e-01
7.743794322013854980e-01
6.394141912460327148e-01
5.934687256813049316e-01
7.003740072250366211e-01
6.810762286186218262e-01
3.683634400367736816e-01
1.984742581844329834e-01
6.263119578361511230e-01
4.205870926380157471e-01
5.470857620239257812e-01
6.411000490188598633e-01
3.683634400367736816e-01
5.115030407905578613e-01
4.674485921859741211e-01
5.653526186943054199e-01
7.547598481178283691e-01
7.087886929512023926e-01
7.494516372680664062e-01
5.622752308845520020e-01
7.035105824470520020e-01
1.957979202270507812e-01
3.511029481887817383e-01
6.407657861709594727e-01
2.205790728330612183e-01
3.590236008167266846e-01
4.251036345958709717e-01
6.900485157966613770e-01
4.746327996253967285e-01
7.071805000305175781e-01
5.321511030197143555e-01
3.287310004234313965e-01
6.703022718429565430e-01
7.277641892433166504e-01
6.213556528091430664e-01
8.302130699157714844e-01
6.247239112854003906e-01
5.625222325325012207e-01
1.183299347758293152e-01
5.877518057823181152e-01
4.820914864540100098e-01
6.713104844093322754e-01
7.697387933731079102e-01
7.606059908866882324e-01
6.384862661361694336e-01
5.323608517646789551e-01
1.778689920902252197e-01
5.078701972961425781e-01
3.683634400367736816e-01
5.362954735755920410e-01
4.607459604740142822e-01
8.116764426231384277e-01
