5.894927307963371277e-02
7.668951749801635742e-01
5.253884196281433105e-01
5.233415365219116211e-01
5.984536409378051758e-01
5.171579122543334961e-01
3.501457870006561279e-01
2.139907777309417725e-01
6.491489410400390625e-01
6.345669031143188477e-01
6.000492572784423828e-01
6.553344130516052246e-01
1.848762333393096924e-01
5.866290926933288574e-01
5.504785180091857910e-01
6.131066083908081055e-01
5.311028957366943359e-01
7.042037844657897949e-01
5.603403449058532715e-01
3.713319003582000732e-01
7.192746996879577637e-01
7.690534591674804688e-01
5.914880037307739258e-01
7.245209217071533203e-01
4.765147268772125244e-01
6.295567750930786133e-01
6.927144527435302734e-01
1.477718055248260498e-01
5.756567120552062988e-01
6.808012127876281738e-01
5.544738173484802246e-01
7.444621920585632324e-01
7.420485019683837891e-01
6.048308014869689941e-01
7.002711892127990723e-01
7.383971214294433594e-01
1.673525273799896240e-01
7.886276841163635254e-01
7.625862956047058105e-01
4.557643532752990723e-01
7.177062630653381348e-01
6.559631228446960449e-01
4.184677600860595703e-01
5.785184502601623535e-01
4.141078591346740723e-01
5.452952384948730469e-01
3.327571153640747070e-01
4.398948252201080322e-01
6.715550422668457031e-01
5.577445030212402344e-01
6.090723872184753418e-01
6.824544072151184082e-02
6.776707172393798828e-01
6.622693538665771484e-01
7.115960121154785156e-01
6.064199209213256836e-01
3.539664745330810547e-01
5.340055227279663086e-01
6.296567916870117188e-01
2.145704180002212524e-01
5.711452960968017578e-01
2.270989865064620972e-01
6.546065956354141235e-02
5.999999642372131348e-01
3.438353836536407471e-01
7.525577545166015625e-01
4.952185451984405518e-01
2.541746012866497040e-02
6.695988178253173828e-01
4.396656155586242676e-01
5.814527273178100586e-01
5.148104429244995117e-01
5.914456248283386230e-01
8.149428963661193848e-01
3.943704366683959961e-01
4.997931420803070068e-01
7.236144542694091797e-01
2.396596670150756836e-01
5.711188316345214844e-01
5.917223691940307617e-01
5.803632140159606934e-01
6.504154205322265625e-01
6.432562470436096191e-01
2.290632575750350952e-01
4.218394756317138672e-01
2.576317787170410156e-01
6.368778944015502930e-01
7.021201848983764648e-01
6.909942626953125000e-01
4.395380020141601562e-01
2.394480854272842407e-01
6.531984210014343262e-01
1.458171755075454712e-01
6.473550796508789062e-01
6.624499559402465820e-01
7.732234597206115723e-01
7.045301795005798340e-01
6.867576241493225098e-01
4.513279199600219727e-01
5.821905136108398438e-01
3.621411919593811035e-01
4.617318212985992432e-01
7.311854362487792969e-01
6.753634214401245117e-01
7.175915241241455078e-01
1.547544151544570923e-01
5.914509296417236328e-01
6.756733059883117676e-01
7.294771075248718262e-01
6.326514482498168945e-01
3.979026079177856445e-01
6.203565001487731934e-01
4.756675362586975098e-01
3.826056718826293945e-01
6.905685067176818848e-01
4.590032696723937988e-01
8.201729655265808105e-01
2.038318365812301636e-01
6.266220211982727051e-01
6.756733059883117676e-01
1.285981982946395874e-01
5.974071025848388672e-01
1.122411116957664490e-01
6.428964734077453613e-01
6.165816783905029297e-01
5.875800251960754395e-01
6.937995553016662598e-01
6.559817790985107422e-01
6.069079637527465820e-01
5.803560614585876465e-01
7.535883188247680664e-01
5.858717560768127441e-01
5.981786251068115234e-01
2.868624627590179443e-01
3.701521158218383789e-01
1.532938778400421143e-01
4.447075426578521729e-01
6.877181529998779297e-01
6.771728396415710449e-01
7.738489657640457153e-02
6.421623826026916504e-01
6.476302146911621094e-01
1.718255430459976196e-01
7.499268054962158203e-01
6.160429716110229492e-01
7.121338844299316406e-01
6.496528983116149902e-01
5.130665302276611328e-01
5.915048122406005859e-01
5.351668000221252441e-01
1.179307922720909119e-01
6.543287038803100586e-01
7.049115300178527832e-01
5.817846655845642090e-01
3.595238327980041504e-01
4.931802749633789062e-01
7.192026376724243164e-01
6.331840157508850098e-01
7.016666531562805176e-01
4.096380174160003662e-01
7.411696314811706543e-01
1.332065463066101074e-01
7.470995187759399414e-01
5.970720052719116211e-01
6.960663795471191406e-01
6.542497277259826660e-01
6.201630234718322754e-01
3.743769824504852295e-01
6.050801873207092285e-01
7.359548807144165039e-01
6.198686957359313965e-01
6.057834625244140625e-01
7.545142769813537598e-01
6.307862401008605957e-01
4.190741851925849915e-02
3.889438211917877197e-01
5.219206809997558594e-01
6.376535296440124512e-01
6.138733029365539551e-01
6.321891546249389648e-01
7.623727321624755859e-01
6.787756681442260742e-01
4.527391791343688965e-01
6.414464116096496582e-01
2.870867550373077393e-01
5.074517130851745605e-01
4.788145124912261963e-01
7.259358763694763184e-01
7.597605586051940918e-01
6.803119182586669922e-01
6.407006382942199707e-01
7.084098458290100098e-01
3.986343741416931152e-01
4.480602741241455078e-01
6.050205826759338379e-01
2.659939527511596680e-01
6.553280949592590332e-01
7.150521874427795410e-01
2.091861218214035034e-01
6.893265843391418457e-01
7.376721501350402832e-01
3.772267401218414307e-01
6.121901869773864746e-01
5.197323560714721680e-01
6.549525856971740723e-01
6.392187476158142090e-01
6.921659111976623535e-01
6.274592280387878418e-01
7.052404880523681641e-01
5.779135227203369141e-02
6.283902525901794434e-01
4.268198609352111816e-01
7.515496611595153809e-01
4.117924869060516357e-01
6.302612423896789551e-01
6.443758010864257812e-01
6.785829067230224609e-01
4.434645771980285645e-01
5.545547604560852051e-01
4.780377447605133057e-01
3.792412877082824707e-01
5.803206562995910645e-01
6.520210504531860352e-01
5.274612307548522949e-01
5.747169852256774902e-01
6.768582463264465332e-01
6.597101688385009766e-01
5.027191638946533203e-01
6.541058421134948730e-01
5.545502901077270508e-01
7.051520347595214844e-01
5.916759967803955078e-01
1.523775756359100342e-01
7.694112509489059448e-02
6.017237305641174316e-01
6.267485618591308594e-01
6.112598776817321777e-01
4.932475686073303223e-01
6.720407605171203613e-01
6.998035311698913574e-01
1.920534074306488037e-01
6.401162147521972656e-01
4.506508708000183105e-01
4.397016167640686035e-01
4.723895192146301270e-01
5.907531380653381348e-01
6.502849459648132324e-01
5.394585728645324707e-01
5.506937503814697266e-01
6.699919104576110840e-01
4.507777839899063110e-02
7.050418257713317871e-01
6.924790143966674805e-01
6.960723996162414551e-01
7.161416411399841309e-01
4.987547397613525391e-01
6.950517892837524414e-01
4.340174794197082520e-01
5.207983031868934631e-02
6.076595783233642578e-01
6.598017215728759766e-01
6.105951666831970215e-01
6.139875054359436035e-01
6.303402185440063477e-01
5.642322301864624023e-01
5.721835494041442871e-01
6.947860717773437500e-01
6.767122149467468262e-01
5.084843635559082031e-01
6.156278401613235474e-02
5.829722881317138672e-01
6.046102643013000488e-01
6.848317980766296387e-01
6.138058900833129883e-01
5.575711727142333984e-01
6.481447815895080566e-01
5.564966201782226562e-01
3.996817171573638916e-01
6.879535913467407227e-01
6.295492053031921387e-01
7.453853487968444824e-01
5.413315072655677795e-02
7.238013148307800293e-01
5.758145451545715332e-01
5.711787343025207520e-01
6.562833189964294434e-01
6.499375104904174805e-01
6.275302767753601074e-01
7.472244501113891602e-01
3.604251742362976074e-01
4.604837298393249512e-01
3.451184034347534180e-01
6.217650771141052246e-01
7.957121729850769043e-01
1.868677735328674316e-01
4.001204371452331543e-01
5.711005926132202148e-01
6.608834266662597656e-01
6.092803478240966797e-01
5.891070961952209473e-01
1.351152062416076660e-01
6.075900197029113770e-01
5.347438454627990723e-01
1.617891639471054077e-01
6.911766529083251953e-01
6.287346482276916504e-01
6.938163638114929199e-01
6.573522090911865234e-01
3.864161372184753418e-01
6.319129467010498047e-01
7.250881195068359375e-01
2.393880188465118408e-01
2.251410037279129028e-01
5.275490880012512207e-01
6.904426217079162598e-01
2.498423308134078979e-02
5.375146865844726562e-01
3.431828022003173828e-01
4.208588898181915283e-01
6.476985216140747070e-01
4.530052542686462402e-01
7.383671402931213379e-01
5.590676069259643555e-01
5.593427419662475586e-01
7.119087576866149902e-01
7.066890597343444824e-01
4.926601946353912354e-01
6.802119016647338867e-01
5.844571590423583984e-01
1.277272999286651611e-01
6.512024998664855957e-01
1.246312856674194336e-01
4.718351364135742188e-01
6.954340934753417969e-01
6.508764624595642090e-01
6.626716256141662598e-01
4.887805283069610596e-01
6.287831068038940430e-01
4.686610996723175049e-01
6.919037699699401855e-01
6.918391585350036621e-01
5.447468757629394531e-01
6.353730559349060059e-01
7.703381180763244629e-01
7.556932568550109863e-01
6.651842594146728516e-01
6.179603934288024902e-01
6.837521195411682129e-01
7.467952370643615723e-01
5.007255077362060547e-01
3.059260845184326172e-01
6.434469819068908691e-01
6.010114550590515137e-01
4.388758838176727295e-01
6.751394271850585938e-01
5.815572142601013184e-01
3.944006264209747314e-01
5.713391304016113281e-01
6.025500297546386719e-01
5.399684906005859375e-01
5.353510379791259766e-01
5.349346399307250977e-01
5.993472933769226074e-01
3.002617955207824707e-01
5.345351099967956543e-01
5.753047466278076172e-01
4.524219036102294922e-01
5.858628749847412109e-01
6.370375752449035645e-01
3.735537528991699219e-01
4.579291045665740967e-01
6.094121932983398438e-01
7.395508140325546265e-02
3.486190140247344971e-01
5.932659506797790527e-01
3.592400848865509033e-01
3.040583133697509766e-01
4.605341851711273193e-01
6.477982401847839355e-01
7.623382210731506348e-01
6.817870140075683594e-01
5.159859061241149902e-01
6.947275400161743164e-01
6.345703005790710449e-01
5.941231250762939453e-01
4.741142690181732178e-01
6.477442383766174316e-01
7.513962388038635254e-01
4.219865500926971436e-01
6.155989766120910645e-01
6.958926320075988770e-01
2.602977454662322998e-01
5.385128855705261230e-01
4.716924726963043213e-01
6.425337195396423340e-01
6.733489036560058594e-01
4.944920837879180908e-01
6.596488356590270996e-01
7.340447902679443359e-01
5.396827459335327148e-01
6.173190474510192871e-01
4.989885389804840088e-01
1.992456614971160889e-01
6.978654861450195312e-01
6.817759871482849121e-01
5.092799663543701172e-01
6.344163417816162109e-01
4.909166991710662842e-01
7.060452103614807129e-01
6.716492772102355957e-01
5.263467431068420410e-01
5.618960261344909668e-01
3.914829194545745850e-01
4.449796080589294434e-01
4.974017441272735596e-01
4.627970755100250244e-01
4.591629505157470703e-01
6.716899871826171875e-01
5.058103203773498535e-01
4.211722910404205322e-01
5.842357873916625977e-01
2.650867700576782227e-01
7.874448597431182861e-02
5.458375811576843262e-01
4.014005661010742188e-01
6.852297186851501465e-01
7.601439356803894043e-01
4.581449925899505615e-01
7.664034962654113770e-01
6.636460423469543457e-01
6.598515510559082031e-01
6.845384836196899414e-01
6.121091246604919434e-01
3.091704286634922028e-02
5.387921929359436035e-01
4.905545711517333984e-01
6.344192028045654297e-01
5.811432003974914551e-01
5.944143533706665039e-01
6.770734786987304688e-01
5.463468432426452637e-01
6.998888850212097168e-01
7.293089032173156738e-01
7.369799613952636719e-01
5.703575611114501953e-01
6.518133878707885742e-01
6.312413811683654785e-01
6.038795709609985352e-01
6.589750051498413086e-01
5.474945306777954102e-01
5.729301571846008301e-01
7.289852499961853027e-01
5.540942549705505371e-01
3.577534854412078857e-01
5.789166092872619629e-01
1.368200629949569702e-01
6.706200838088989258e-01
3.202573359012603760e-01
6.504582762718200684e-01
7.370125651359558105e-01
5.729388594627380371e-01
6.906799674034118652e-01
4.499869346618652344e-01
6.483690142631530762e-01
4.504302740097045898e-01
6.696041822433471680e-01
5.228007435798645020e-01
6.307687759399414062e-01
6.635128855705261230e-01
5.461732149124145508e-01
5.877929329872131348e-01
4.793771803379058838e-01
5.165637135505676270e-01
4.613973498344421387e-01
5.854058265686035156e-01
5.928431749343872070e-01
6.670961976051330566e-01
6.356313824653625488e-01
3.068142235279083252e-01
6.845253705978393555e-01
4.248950481414794922e-01
5.152902007102966309e-01
1.323286443948745728e-01
4.780431091785430908e-01
6.854430437088012695e-01
6.009030938148498535e-01
5.666491389274597168e-01
5.036770701408386230e-01
6.247361898422241211e-01
1.047769337892532349e-01
7.538530826568603516e-01
5.254158377647399902e-01
6.558835506439208984e-01
5.096503496170043945e-01
3.238177001476287842e-01
7.126516699790954590e-01
6.736955046653747559e-01
4.348841011524200439e-01
5.303176641464233398e-01
5.377286672592163086e-01
6.355720758438110352e-01
2.745704650878906250e-01
3.243042826652526855e-01
4.477417469024658203e-01
3.546763658523559570e-01
6.146288514137268066e-01
6.074870824813842773e-01
6.468315720558166504e-01
2.637422978878021240e-01
6.768015027046203613e-01
6.751231551170349121e-01
6.201161742210388184e-01
2.743458151817321777e-01
6.474083065986633301e-01
3.921403586864471436e-01
6.530708074569702148e-01
5.698292255401611328e-01
1.491091102361679077e-01
6.885489821434020996e-01
6.601376533508300781e-01
5.264711976051330566e-01
7.228870391845703125e-01
6.111218929290771484e-01
6.528480052947998047e-01
1.601794362068176270e-01
4.934217035770416260e-01
4.990721344947814941e-01
6.512584686279296875e-01
6.015284061431884766e-01
3.725028634071350098e-01
4.702949523925781250e-01
5.842009186744689941e-01
5.669617056846618652e-01
4.010287821292877197e-01
4.536748826503753662e-01
7.104628682136535645e-01
3.788881599903106689e-01
7.431092262268066406e-01
7.070122957229614258e-01
7.366182208061218262e-01
7.325617671012878418e-01
5.980433225631713867e-01
3.307301700115203857e-01
6.520381569862365723e-01
4.781676530838012695e-01
5.784153342247009277e-01
6.945658922195434570e-01
6.632716059684753418e-01
6.496683955192565918e-01
5.737194418907165527e-01
7.777373194694519043e-01
2.281644940376281738e-01
7.300387620925903320e-01
6.853687763214111328e-01
6.999956369400024414e-01
2.805981636047363281e-01
6.616849899291992188e-01
6.409515142440795898e-01
7.017900943756103516e-01
7.116276025772094727e-01
6.305474638938903809e-01
2.119219005107879639e-01
2.237666696310043335e-01
7.593268752098083496e-01
2.169033288955688477e-01
7.160628437995910645e-01
7.017552852630615234e-01
6.457687616348266602e-01
7.001941800117492676e-01
6.313234567642211914e-02
6.985027194023132324e-01
6.963759064674377441e-01
6.278259158134460449e-01
6.742413640022277832e-01
3.326145410537719727e-01
2.213313132524490356e-01
6.578006744384765625e-01
5.549504756927490234e-01
2.272996455430984497e-01
5.171082615852355957e-01
6.225657463073730469e-01
6.786221265792846680e-01
4.578508138656616211e-01
5.899830460548400879e-01
5.593707561492919922e-01
6.104140877723693848e-01
6.076143383979797363e-01
1.187943369150161743e-01
6.291388869285583496e-01
2.460733801126480103e-01
5.472763180732727051e-01
2.771287262439727783e-01
6.150801777839660645e-01
6.987966299057006836e-01
5.001931190490722656e-01
5.558321475982666016e-01
7.728341221809387207e-01
7.032850384712219238e-01
6.049470305442810059e-01
6.170979738235473633e-01
6.712646484375000000e-01
5.424733161926269531e-01
6.256566643714904785e-01
6.695022583007812500e-01
1.914238780736923218e-01
6.714296340942382812e-01
4.224984049797058105e-01
6.084638833999633789e-01
6.891592741012573242e-01
7.113049030303955078e-01
6.480926871299743652e-01
6.142581626772880554e-02
2.422145903110504150e-01
6.323608160018920898e-01
5.190938115119934082e-01
6.747400164604187012e-01
5.639238953590393066e-01
5.560428500175476074e-01
6.731672883033752441e-01
3.408442437648773193e-01
6.148537397384643555e-01
4.786990284919738770e-01
2.695267200469970703e-01
5.121808648109436035e-01
2.618441879749298096e-01
6.523570418357849121e-01
5.599015951156616211e-01
5.523228645324707031e-01
4.239269196987152100e-01
6.714877486228942871e-01
6.451897025108337402e-01
4.567998647689819336e-01
5.582423210144042969e-01
6.614177823066711426e-01
6.680316478013992310e-02
2.610828578472137451e-01
7.445837855339050293e-01
2.765184044837951660e-01
7.006291151046752930e-01
6.046089529991149902e-01
4.955724179744720459e-01
3.005227744579315186e-01
7.362720966339111328e-01
6.340422034263610840e-01
6.502974629402160645e-01
6.224231719970703125e-01
5.917067080736160278e-02
6.080308556556701660e-01
6.469489336013793945e-01
6.518926620483398438e-01
2.341597229242324829e-01
7.226505875587463379e-01
5.814587473869323730e-01
5.414772629737854004e-01
3.664580583572387695e-01
4.486471116542816162e-01
1.054691970348358154e-01
6.053346395492553711e-01
6.420038938522338867e-01
6.207745075225830078e-01
1.835540831089019775e-01
6.811707019805908203e-01
5.805540680885314941e-01
5.983487963676452637e-01
3.290926814079284668e-01
6.657097339630126953e-01
6.203306317329406738e-01
5.619848370552062988e-01
6.231687068939208984e-01
3.992594182491302490e-01
2.148833572864532471e-01
7.115687131881713867e-01
6.068925261497497559e-01
6.523004174232482910e-01
8.332286030054092407e-02
6.271629929542541504e-01
5.959317088127136230e-01
2.250454723834991455e-01
7.623652815818786621e-01
6.261757612228393555e-01
5.871861577033996582e-01
5.865310430526733398e-01
5.411273837089538574e-01
6.689041852951049805e-01
6.419355869293212891e-01
5.740785598754882812e-01
5.978695154190063477e-01
5.781219005584716797e-01
7.690470218658447266e-01
6.323396563529968262e-01
5.495399832725524902e-01
6.739916801452636719e-01
6.767362356185913086e-01
7.348775863647460938e-01
6.858245134353637695e-01
5.130652189254760742e-01
6.081265211105346680e-01
4.438167512416839600e-01
8.014684319496154785e-01
6.536012291908264160e-01
6.220856904983520508e-01
6.481422185897827148e-01
6.474674940109252930e-01
5.940522551536560059e-01
7.188470959663391113e-01
5.901592373847961426e-01
6.365186572074890137e-01
7.304649353027343750e-01
6.158317327499389648e-01
6.801487207412719727e-01
3.869194984436035156e-01
5.359681844711303711e-01
6.197203397750854492e-01
6.732133626937866211e-01
5.977332592010498047e-01
1.500907838344573975e-01
3.543874025344848633e-01
7.230409979820251465e-01
6.127436161041259766e-01
5.282881259918212891e-01
6.082800030708312988e-01
5.670819878578186035e-01
7.226470708847045898e-01
4.592994153499603271e-01
6.574829220771789551e-01
4.533382058143615723e-01
3.667262494564056396e-01
4.644509851932525635e-01
5.390379428863525391e-01
5.882813930511474609e-01
6.858610510826110840e-01
5.477609038352966309e-01
6.372507214546203613e-01
5.790089964866638184e-01
5.593610405921936035e-01
6.323641538619995117e-01
2.532711029052734375e-01
1.951702535152435303e-01
6.578608751296997070e-01
1.672027111053466797e-01
6.603077054023742676e-01
2.586613409221172333e-02
6.874064803123474121e-01
6.084491610527038574e-01
5.231148004531860352e-01
3.453703522682189941e-01
5.814058184623718262e-01
6.300656199455261230e-01
7.586568593978881836e-01
5.505431890487670898e-01
5.502576828002929688e-01
6.147507429122924805e-01
5.743017792701721191e-01
7.094135880470275879e-01
6.740013957023620605e-01
6.540500521659851074e-01
5.995148420333862305e-01
5.638110637664794922e-01
6.031526327133178711e-01
7.290916442871093750e-01
7.346392869949340820e-01
5.244457125663757324e-01
7.730268836021423340e-01
4.979745745658874512e-01
4.701033532619476318e-01
6.138305068016052246e-01
5.703851580619812012e-01
6.397030949592590332e-01
5.884307250380516052e-02
6.271769404411315918e-01
1.783459931612014771e-01
5.491912364959716797e-01
6.913344860076904297e-01
6.182627677917480469e-01
2.280596792697906494e-01
2.610630095005035400e-01
4.565658271312713623e-01
3.927251696586608887e-01
4.202846288681030273e-01
6.436707377433776855e-01
7.284342050552368164e-01
4.540296792984008789e-01
5.881541371345520020e-01
5.585736632347106934e-01
7.270191907882690430e-01
5.063211917877197266e-01
6.065022349357604980e-01
7.013251185417175293e-01
2.906678318977355957e-01
6.465722918510437012e-01
5.951950550079345703e-01
4.460956752300262451e-01
5.285193920135498047e-01
6.683405041694641113e-01
5.835487246513366699e-01
6.084719300270080566e-01
1.730725541710853577e-02
5.175266861915588379e-01
1.760195791721343994e-01
6.466287970542907715e-01
5.550017356872558594e-01
5.874367356300354004e-01
6.885461807250976562e-01
7.333769202232360840e-01
5.596188902854919434e-01
7.873185276985168457e-01
5.924937725067138672e-01
5.414262413978576660e-01
5.327547192573547363e-01
7.183287739753723145e-01
6.399136185646057129e-01
5.711535364389419556e-02
6.913052797317504883e-01
5.296991467475891113e-01
5.399035811424255371e-01
4.167735576629638672e-01
7.255894541740417480e-01
6.651331186294555664e-01
7.084717750549316406e-01
6.756204366683959961e-01
1.927467286586761475e-01
7.008255124092102051e-01
5.298095941543579102e-01
6.541058421134948730e-01
8.018729686737060547e-01
5.576947331428527832e-01
7.466273903846740723e-01
5.721407011151313782e-02
4.449142813682556152e-01
6.681482791900634766e-01
3.464779257774353027e-01
5.786336064338684082e-01
7.287136912345886230e-01
7.163037657737731934e-01
2.902583591639995575e-02
5.856650471687316895e-01
6.737454533576965332e-01
4.454167187213897705e-01
5.426533818244934082e-01
3.972213566303253174e-01
5.887475609779357910e-01
6.553660631179809570e-01
2.851166762411594391e-02
6.077888607978820801e-01
3.479996323585510254e-01
6.187504529953002930e-01
6.065610647201538086e-01
4.948579370975494385e-01
5.453853607177734375e-01
5.478214621543884277e-01
7.025922536849975586e-01
4.727584123611450195e-01
5.807944536209106445e-01
2.070701122283935547e-02
5.645478367805480957e-01
6.951531767845153809e-01
5.307635664939880371e-01
5.782089233398437500e-01
5.787402987480163574e-01
6.346873641014099121e-01
5.908176302909851074e-01
3.352966904640197754e-01
4.317850172519683838e-01
5.606647133827209473e-01
7.719050049781799316e-01
3.924084901809692383e-01
5.856243968009948730e-01
6.934350132942199707e-01
5.943567156791687012e-01
5.788159370422363281e-01
6.012491583824157715e-01
6.179803013801574707e-01
3.011301457881927490e-01
5.531752109527587891e-01
6.467913389205932617e-01
3.173954784870147705e-01
4.139716923236846924e-01
4.018076062202453613e-01
3.751584589481353760e-01
3.081849813461303711e-01
6.132239699363708496e-01
7.003299593925476074e-01
6.875025033950805664e-01
6.739520430564880371e-01
6.585131287574768066e-01
5.070942640304565430e-01
5.741087198257446289e-01
6.367530226707458496e-01
5.127273797988891602e-01
2.895858883857727051e-01
7.470611333847045898e-01
6.063109636306762695e-01
7.605856060981750488e-01
5.873604416847229004e-01
5.946347713470458984e-01
5.990877151489257812e-01
2.974549829959869385e-01
5.368629693984985352e-01
3.561193346977233887e-01
6.039072275161743164e-01
2.180328965187072754e-01
2.943752408027648926e-01
5.793875455856323242e-01
5.657153129577636719e-01
5.578261017799377441e-01
6.169118285179138184e-01
6.108179092407226562e-01
6.424973011016845703e-01
6.414897441864013672e-01
6.075024604797363281e-01
5.580921769142150879e-01
7.151347398757934570e-01
4.147558510303497314e-01
7.064526677131652832e-01
6.385740637779235840e-01
5.685208439826965332e-01
6.933914422988891602e-01
5.668623447418212891e-01
5.825400948524475098e-01
6.102588176727294922e-01
7.351377010345458984e-01
5.224087238311767578e-01
6.442173719406127930e-01
5.432680845260620117e-01
5.391338467597961426e-01
7.479788661003112793e-01
6.398863196372985840e-01
2.333555072546005249e-01
6.227087378501892090e-01
6.608622074127197266e-01
5.994976162910461426e-01
6.507126688957214355e-01
6.155989766120910645e-01
3.007383942604064941e-01
3.346724510192871094e-01
5.013602375984191895e-01
1.862723976373672485e-01
7.414969801902770996e-01
7.192726135253906250e-01
5.962939858436584473e-01
5.918760299682617188e-01
7.211906313896179199e-01
6.691429615020751953e-01
5.950450897216796875e-01
5.007861852645874023e-01
5.834000110626220703e-01
6.293825507164001465e-01
5.013130903244018555e-01
2.309269160032272339e-01
6.437807679176330566e-01
6.909321546554565430e-01
6.537377238273620605e-01
4.369363784790039062e-01
1.969554275274276733e-01
6.475352644920349121e-01
4.721028208732604980e-01
6.858501434326171875e-01
5.933785438537597656e-01
8.385783433914184570e-02
5.811701416969299316e-01
4.890041649341583252e-01
7.353522777557373047e-01
6.945084333419799805e-01
5.590487122535705566e-01
4.610695838928222656e-01
6.812244057655334473e-01
5.765921473503112793e-01
6.403656005859375000e-01
5.066992044448852539e-01
6.887666583061218262e-01
4.684962034225463867e-01
6.727652549743652344e-01
5.388858318328857422e-01
5.915110707283020020e-01
5.227254629135131836e-01
7.626969218254089355e-01
4.205619692802429199e-01
6.035676598548889160e-01
6.847952008247375488e-01
7.210139632225036621e-01
6.820452213287353516e-01
5.029370784759521484e-01
7.012683153152465820e-01
6.464596390724182129e-01
6.935235857963562012e-01
6.691861748695373535e-01
7.287168502807617188e-01
4.230715334415435791e-01
6.313425302505493164e-01
5.732046365737915039e-01
6.360179185867309570e-01
5.568368360400199890e-02
1.777470558881759644e-01
6.174844503402709961e-01
5.030149221420288086e-01
6.347732543945312500e-01
6.086408495903015137e-01
5.384058356285095215e-01
7.187957167625427246e-01
6.185460090637207031e-01
5.871665477752685547e-01
3.739036023616790771e-01
5.757032632827758789e-01
4.817998409271240234e-02
