5.028746128082275391e-01
6.004288196563720703e-01
5.946528315544128418e-01
1.447928547859191895e-01
5.519305467605590820e-01
9.051235318183898926e-01
3.075217641890048981e-02
4.651606082916259766e-01
4.475530087947845459e-01
3.603245019912719727e-01
7.519223541021347046e-02
7.216056585311889648e-01
6.978808045387268066e-01
7.449581027030944824e-01
9.160538911819458008e-01
2.662030756473541260e-01
8.625281453132629395e-01
4.911967515945434570e-01
5.662202239036560059e-01
8.155276775360107422e-01
3.410964310169219971e-01
5.594461560249328613e-01
4.608688652515411377e-01
7.720001339912414551e-01
8.667704463005065918e-01
1.556434929370880127e-01
8.543577194213867188e-01
8.484060764312744141e-01
1.443335711956024170e-01
7.464012503623962402e-01
6.487309932708740234e-02
3.268716931343078613e-01
3.613880276679992676e-01
8.329455256462097168e-01
5.067973136901855469e-01
8.940716981887817383e-01
7.988426089286804199e-01
1.568563282489776611e-01
8.628934025764465332e-01
1.341719627380371094e-01
6.831680536270141602e-01
9.144494533538818359e-01
8.960587382316589355e-01
9.593838453292846680e-02
6.005485057830810547e-01
5.973805189132690430e-01
7.277218699455261230e-01
1.275234669446945190e-01
3.863200545310974121e-01
7.900178432464599609e-01
2.335783094167709351e-01
7.328184247016906738e-01
8.085695505142211914e-01
1.207177415490150452e-01
1.239178478717803955e-01
7.789675593376159668e-01
4.082662761211395264e-01
7.303622364997863770e-01
4.600946307182312012e-01
7.653970718383789062e-01
7.528148889541625977e-01
8.705841302871704102e-01
8.683011531829833984e-01
3.225626647472381592e-01
5.201712846755981445e-01
2.115721255540847778e-01
8.106523752212524414e-01
5.972692370414733887e-01
8.877881169319152832e-01
6.768164038658142090e-01
8.194239735603332520e-01
1.537952721118927002e-01
2.230913043022155762e-01
5.851064324378967285e-01
7.563471198081970215e-01
5.968066453933715820e-01
1.934337168931961060e-01
9.399988688528537750e-03
9.292285442352294922e-01
2.811578810214996338e-01
8.999202251434326172e-01
5.881029963493347168e-01
8.549615740776062012e-03
9.089167118072509766e-01
7.882087230682373047e-01
6.892699599266052246e-01
3.870007395744323730e-01
9.172354340553283691e-01
4.353463053703308105e-01
1.907056570053100586e-01
8.662094473838806152e-01
1.469434518367052078e-02
7.869910001754760742e-01
4.987836480140686035e-01
5.850490927696228027e-01
1.185584515333175659e-01
7.761487364768981934e-01
5.514765381813049316e-01
1.633894741535186768e-01
3.681001067161560059e-02
6.018987298011779785e-01
6.719397902488708496e-01
3.791432082653045654e-01
4.691521823406219482e-01
8.537516593933105469e-01
7.170972824096679688e-01
2.781748473644256592e-01
1.900254189968109131e-01
9.086493253707885742e-01
5.339479446411132812e-01
7.813150882720947266e-01
4.651218354701995850e-01
1.779503226280212402e-01
9.024994373321533203e-01
8.216383457183837891e-01
8.289471864700317383e-01
1.025640740990638733e-01
1.541404277086257935e-01
6.088420152664184570e-01
6.714016199111938477e-01
7.589715719223022461e-01
6.624039411544799805e-01
9.034813046455383301e-01
3.040336072444915771e-01
7.286772131919860840e-01
2.400178909301757812e-01
7.111470699310302734e-01
1.967213302850723267e-01
1.277660131454467773e-01
8.203533291816711426e-01
9.005403518676757812e-01
6.076687574386596680e-01
9.245128631591796875e-01
6.194344162940979004e-01
3.480009436607360840e-01
8.792170286178588867e-01
3.542524278163909912e-01
1.707331836223602295e-01
8.099416494369506836e-01
9.268671274185180664e-01
1.567497402429580688e-01
8.897026777267456055e-01
6.251181960105895996e-01
8.641176819801330566e-01
9.156917035579681396e-02
1.226953417062759399e-01
3.457668423652648926e-01
1.497971918433904648e-02
6.440470814704895020e-01
2.167704701423645020e-01
8.473348021507263184e-01
1.043501272797584534e-01
8.446087241172790527e-01
7.564496994018554688e-01
5.295068956911563873e-03
5.927062034606933594e-01
7.318486571311950684e-01
1.719757318496704102e-01
7.566367387771606445e-01
6.715661883354187012e-01
7.350419163703918457e-01
4.292638003826141357e-01
5.491440296173095703e-01
8.416441082954406738e-01
1.115057896822690964e-02
8.516800999641418457e-01
2.106517106294631958e-01
2.043708860874176025e-01
6.185660138726234436e-03
4.651379287242889404e-01
1.605195254087448120e-01
3.534597158432006836e-02
8.794101476669311523e-01
7.840877771377563477e-01
7.535400390625000000e-01
5.725288018584251404e-02
1.959738582372665405e-01
8.713537454605102539e-02
4.177836775779724121e-01
1.885751038789749146e-01
2.430336028337478638e-01
7.430372238159179688e-01
6.790753602981567383e-01
1.526079177856445312e-01
4.474868476390838623e-01
4.094820320606231689e-01
8.788409233093261719e-01
9.239488095045089722e-02
5.629249811172485352e-01
4.660771787166595459e-01
2.565170526504516602e-01
3.058985173702239990e-01
8.203976154327392578e-01
8.365195393562316895e-01
6.830394268035888672e-01
3.689233660697937012e-01
5.008011460304260254e-01
3.370787203311920166e-02
4.982221424579620361e-01
8.390625119209289551e-01
1.364038735628128052e-01
1.434212177991867065e-01
2.790324389934539795e-02
8.848230242729187012e-01
3.196325898170471191e-01
4.670337438583374023e-01
6.366523504257202148e-01
4.829788580536842346e-02
7.731542587280273438e-01
6.311457157135009766e-01
6.318388581275939941e-01
6.347290277481079102e-01
6.111763715744018555e-01
8.868393301963806152e-01
1.150652766227722168e-02
1.651244014501571655e-01
7.684924006462097168e-01
5.922350287437438965e-01
5.115522742271423340e-01
4.299149811267852783e-01
5.216810703277587891e-01
2.776772975921630859e-01
9.080375432968139648e-01
8.498263359069824219e-01
7.861306667327880859e-01
3.366190791130065918e-01
4.447492063045501709e-01
7.904599905014038086e-01
8.289238214492797852e-01
5.494104623794555664e-01
8.087822198867797852e-01
1.350781321525573730e-01
8.553651571273803711e-01
6.909376978874206543e-01
3.137314319610595703e-01
7.227136492729187012e-01
3.612301051616668701e-01
9.226877093315124512e-01
6.330286264419555664e-01
6.948980689048767090e-01
7.324062585830688477e-01
2.436080724000930786e-01
8.888875842094421387e-01
1.215105503797531128e-01
2.596683055162429810e-02
1.030425354838371277e-01
4.443813487887382507e-02
6.418457627296447754e-01
8.371449112892150879e-01
2.369138598442077637e-01
9.358105659484863281e-01
7.404348254203796387e-01
8.343935608863830566e-01
1.193370074033737183e-01
3.420853316783905029e-01
3.560332953929901123e-01
7.339156270027160645e-01
7.793430238962173462e-02
6.782860755920410156e-01
8.264746069908142090e-01
9.119778871536254883e-01
8.334144949913024902e-01
3.159070312976837158e-01
8.331245779991149902e-01
4.998653233051300049e-01
9.460160881280899048e-02
1.619706749916076660e-01
2.497100643813610077e-02
2.901167273521423340e-01
5.044303536415100098e-01
1.751307994127273560e-01
8.358957171440124512e-01
8.252587914466857910e-01
8.427407741546630859e-01
8.884670138359069824e-01
2.603760361671447754e-01
5.300673842430114746e-01
8.903955817222595215e-01
8.577361702919006348e-01
3.186436891555786133e-01
8.951244950294494629e-01
5.454594492912292480e-01
5.259610414505004883e-01
6.014515161514282227e-01
8.470844030380249023e-01
4.194532036781311035e-01
8.365865349769592285e-01
1.053948998451232910e-01
4.316721558570861816e-01
7.640739083290100098e-01
2.299615740776062012e-01
1.978574991226196289e-01
7.075209617614746094e-01
3.202145099639892578e-01
2.577739022672176361e-02
3.824638128280639648e-01
2.584713101387023926e-01
3.451912850141525269e-02
7.174582481384277344e-01
8.229057788848876953e-01
9.773872792720794678e-02
4.682688713073730469e-01
2.772687971591949463e-01
9.144673347473144531e-01
4.392032921314239502e-01
6.317719072103500366e-02
6.540810465812683105e-01
9.503594636917114258e-01
5.048798918724060059e-01
3.573271930217742920e-01
4.822541177272796631e-01
3.117967247962951660e-01
8.413486480712890625e-01
7.614311575889587402e-01
8.218776583671569824e-01
2.271971851587295532e-01
5.236420035362243652e-01
8.726049661636352539e-01
7.274301052093505859e-01
1.043885499238967896e-01
4.758693575859069824e-01
7.807943224906921387e-01
8.345692753791809082e-01
8.061039447784423828e-01
2.445524781942367554e-01
9.026760458946228027e-01
4.028055667877197266e-01
5.720713734626770020e-01
1.331203132867813110e-01
4.738527834415435791e-01
8.637343645095825195e-01
5.018721818923950195e-01
1.495846211910247803e-01
2.648002207279205322e-01
5.622351169586181641e-01
6.953693628311157227e-01
6.924297809600830078e-01
3.123961687088012695e-01
2.167399972677230835e-01
7.154586315155029297e-01
2.823472768068313599e-02
8.915911316871643066e-01
8.738209605216979980e-01
5.367596149444580078e-01
8.235838413238525391e-01
4.520595967769622803e-01
8.637062311172485352e-01
6.981819272041320801e-01
6.786389946937561035e-01
8.499833345413208008e-01
4.712320566177368164e-01
3.311236202716827393e-01
8.051127195358276367e-01
1.404390633106231689e-01
9.001013636589050293e-02
5.069990754127502441e-01
3.301988244056701660e-01
5.796571969985961914e-01
8.776524066925048828e-01
2.577733434736728668e-02
2.873918116092681885e-01
8.334773778915405273e-01
3.121000528335571289e-01
5.481521785259246826e-02
7.065015435218811035e-01
7.745344042778015137e-01
4.564093649387359619e-01
3.978325128555297852e-01
7.876262068748474121e-01
5.059453845024108887e-01
5.677888393402099609e-01
1.351045966148376465e-01
1.463373452425003052e-01
8.548074960708618164e-01
7.816635370254516602e-01
7.174982428550720215e-01
1.894118189811706543e-01
1.161958798766136169e-01
6.868718266487121582e-01
7.138448953628540039e-01
4.415047913789749146e-02
8.296595215797424316e-01
8.657426238059997559e-01
7.322242856025695801e-01
8.738965392112731934e-01
7.914562225341796875e-01
3.226381838321685791e-01
8.535268902778625488e-01
6.510270833969116211e-01
3.754689097404479980e-01
7.132708430290222168e-01
8.080440163612365723e-01
5.173988938331604004e-01
6.954360008239746094e-01
9.092022180557250977e-01
8.690034747123718262e-01
1.045914366841316223e-01
8.141109943389892578e-01
6.414702534675598145e-01
3.522202968597412109e-01
5.151163935661315918e-01
5.241317152976989746e-01
7.619542479515075684e-01
8.317006230354309082e-01
6.639283299446105957e-01
8.028098940849304199e-01
7.694034576416015625e-01
1.075127813965082169e-02
4.805647730827331543e-01
5.041304826736450195e-01
7.986888885498046875e-01
8.661188483238220215e-01
6.536732912063598633e-01
3.045916557312011719e-01
5.530032888054847717e-02
7.765826582908630371e-01
2.804017066955566406e-01
1.296593546867370605e-01
7.141305804252624512e-01
1.859188675880432129e-01
4.202657639980316162e-01
6.452571153640747070e-01
2.643982470035552979e-01
5.230560302734375000e-01
2.030384242534637451e-01
4.813681244850158691e-01
8.825051784515380859e-01
8.169202804565429688e-01
1.038508955389261246e-02
6.481305360794067383e-01
8.697636127471923828e-01
7.077620625495910645e-01
2.011557221412658691e-01
3.910363912582397461e-01
7.225797772407531738e-01
8.357193470001220703e-01
7.280617356300354004e-01
7.739959359169006348e-01
7.391533851623535156e-01
3.404016196727752686e-01
4.558654427528381348e-01
4.736340343952178955e-01
8.341203927993774414e-01
9.889906644821166992e-02
3.516759872436523438e-01
1.330359186977148056e-02
8.000324964523315430e-01
5.614399313926696777e-01
5.819823145866394043e-01
2.633239030838012695e-01
2.209473252296447754e-01
9.283412694931030273e-01
7.154670357704162598e-01
6.747266054153442383e-01
7.595005631446838379e-01
9.176165461540222168e-01
8.597885966300964355e-01
8.382435142993927002e-02
5.784389972686767578e-01
7.927091121673583984e-01
5.761044099926948547e-03
1.384710371494293213e-01
8.125922083854675293e-01
7.783083915710449219e-01
7.886000275611877441e-01
3.021985590457916260e-01
5.467713475227355957e-01
1.676054671406745911e-02
7.759023308753967285e-01
3.608977794647216797e-01
1.712212860584259033e-01
6.603399515151977539e-01
6.652965545654296875e-01
5.947159528732299805e-01
6.471015810966491699e-01
7.420194894075393677e-02
8.139769434928894043e-01
7.074125409126281738e-01
8.242398500442504883e-01
3.828657269477844238e-01
8.481271266937255859e-01
5.506887286901473999e-02
9.288312196731567383e-01
5.758601799607276917e-02
7.854236960411071777e-01
2.852872312068939209e-01
5.866032838821411133e-01
3.034051358699798584e-01
1.402835641056299210e-02
5.367077514529228210e-02
7.375568151473999023e-01
4.569179192185401917e-02
3.047933876514434814e-01
8.556829392910003662e-02
6.962490677833557129e-01
4.078173041343688965e-01
6.050016731023788452e-03
5.977990627288818359e-01
2.491650171577930450e-03
5.798365473747253418e-01
7.791091203689575195e-01
7.908934950828552246e-01
6.458948254585266113e-01
7.776534557342529297e-01
3.089028894901275635e-01
5.746335536241531372e-02
5.706543922424316406e-01
4.002158343791961670e-01
8.971874415874481201e-02
8.831974267959594727e-01
3.309252560138702393e-01
8.180953860282897949e-01
7.225691676139831543e-01
8.882076740264892578e-01
7.956739068031311035e-01
1.961596906185150146e-01
8.852030634880065918e-01
5.955796241760253906e-01
4.533504843711853027e-01
3.926450759172439575e-02
4.210762977600097656e-01
1.198228672146797180e-01
6.492003202438354492e-01
1.634264178574085236e-02
3.754112422466278076e-01
8.737917542457580566e-01
7.261133790016174316e-01
8.581648468971252441e-01
6.717207431793212891e-01
8.156704902648925781e-01
3.447065055370330811e-01
5.433872938156127930e-01
1.192660853266716003e-01
8.488708734512329102e-01
8.670078516006469727e-01
9.151869416236877441e-01
3.988367021083831787e-01
2.151366025209426880e-01
5.895409584045410156e-01
8.381711244583129883e-01
7.855941653251647949e-01
8.879438638687133789e-01
7.693559527397155762e-01
5.395949482917785645e-01
4.288856983184814453e-01
8.486515879631042480e-01
5.720713734626770020e-01
7.760623097419738770e-01
4.603750631213188171e-02
6.767157316207885742e-01
5.674524307250976562e-01
4.535818397998809814e-01
3.640952706336975098e-01
6.575544476509094238e-01
8.227062225341796875e-01
6.767769455909729004e-01
4.975398257374763489e-02
4.059845209121704102e-01
5.635030865669250488e-01
7.706278562545776367e-01
1.332329958677291870e-01
7.590743303298950195e-01
8.386960625648498535e-01
5.558730363845825195e-01
8.092548847198486328e-01
3.074280321598052979e-01
7.739732265472412109e-01
1.592154987156391144e-02
3.623693585395812988e-01
6.416678428649902344e-01
6.777725219726562500e-01
5.125107169151306152e-01
2.856691777706146240e-01
8.819169402122497559e-01
1.663386821746826172e-02
8.636266589164733887e-01
3.341355323791503906e-01
2.923063635826110840e-01
2.524391710758209229e-01
7.589631080627441406e-01
2.515873610973358154e-01
8.339368104934692383e-01
2.469219416379928589e-01
5.203333124518394470e-02
3.539310991764068604e-01
3.330487012863159180e-02
9.017489552497863770e-01
8.033162355422973633e-01
5.270697176456451416e-02
8.130381107330322266e-01
3.729433119297027588e-01
4.853774607181549072e-01
9.372167289257049561e-02
6.471161842346191406e-01
6.013540625572204590e-01
2.036898434162139893e-01
5.719964504241943359e-01
1.642517298460006714e-01
6.215800717473030090e-02
8.340675234794616699e-01
7.318738102912902832e-01
3.926360607147216797e-01
5.414563417434692383e-01
8.977358341217041016e-01
7.296020984649658203e-01
8.750181198120117188e-01
7.881006002426147461e-01
7.692370563745498657e-02
5.843492150306701660e-01
2.772383093833923340e-01
3.208512663841247559e-01
4.711109027266502380e-02
5.068116188049316406e-01
1.395605951547622681e-01
5.143552422523498535e-01
3.327179551124572754e-01
8.743494153022766113e-01
1.987456381320953369e-01
3.331403434276580811e-02
7.033261060714721680e-01
6.049874424934387207e-01
8.258391618728637695e-01
2.164301127195358276e-01
2.082126587629318237e-01
3.246185481548309326e-01
4.422268643975257874e-02
8.387911915779113770e-01
2.680607140064239502e-01
3.281506597995758057e-01
8.291986584663391113e-01
8.150015473365783691e-01
4.304520487785339355e-01
2.447200864553451538e-01
8.685001730918884277e-01
2.349074035882949829e-01
4.158535301685333252e-01
9.046566486358642578e-01
3.317745029926300049e-01
2.716824412345886230e-01
5.881623625755310059e-01
6.967153549194335938e-01
9.188759922981262207e-01
3.117659986019134521e-01
3.157673031091690063e-02
8.288161158561706543e-01
5.596915483474731445e-01
5.955326557159423828e-01
5.524242520332336426e-01
8.388108015060424805e-01
7.563291788101196289e-01
8.803678750991821289e-01
9.053381681442260742e-01
5.106161236763000488e-01
6.609132289886474609e-01
9.181724190711975098e-01
7.348706126213073730e-01
6.818857789039611816e-01
4.358620047569274902e-01
9.119789004325866699e-01
7.875192761421203613e-01
2.736656069755554199e-01
2.351348251104354858e-01
3.324720263481140137e-01
4.912171065807342529e-01
7.079180479049682617e-01
5.938313007354736328e-01
2.193914651870727539e-01
6.733175516128540039e-01
4.056921303272247314e-01
4.090001583099365234e-01
3.634065687656402588e-01
9.179403781890869141e-01
1.302506327629089355e-01
1.813889890909194946e-01
8.676249980926513672e-01
2.234766483306884766e-01
8.690177798271179199e-01
8.274503946304321289e-01
6.531788706779479980e-01
4.223690629005432129e-01
6.865005493164062500e-01
7.548528909683227539e-01
8.315210342407226562e-01
3.935525715351104736e-01
5.381601452827453613e-01
8.336808681488037109e-01
6.391157507896423340e-01
9.321655631065368652e-01
9.653335437178611755e-03
8.242778182029724121e-01
5.090782642364501953e-01
7.459535002708435059e-01
7.848408818244934082e-01
6.938822865486145020e-01
3.947919011116027832e-01
3.208702206611633301e-01
8.808638453483581543e-01
9.281334280967712402e-01
4.853899478912353516e-01
5.479488968849182129e-01
4.215399026870727539e-01
8.452166318893432617e-01
7.723288536071777344e-01
9.283621311187744141e-01
9.112119674682617188e-01
6.153225898742675781e-01
8.217591047286987305e-01
7.252367138862609863e-01
4.961588978767395020e-01
7.941968441009521484e-01
8.298890292644500732e-02
7.878134846687316895e-01
7.621888518333435059e-01
4.514014422893524170e-01
7.223744392395019531e-01
5.075228214263916016e-01
3.544185757637023926e-01
8.147264719009399414e-01
2.596444189548492432e-01
3.282772004604339600e-01
9.103557467460632324e-01
8.584284186363220215e-01
1.035478934645652771e-01
9.283366799354553223e-01
6.836073994636535645e-01
1.267819404602050781e-01
2.369498312473297119e-01
5.806660056114196777e-01
7.962934970855712891e-01
8.361008167266845703e-01
7.981051802635192871e-01
4.602923393249511719e-01
9.610124677419662476e-02
4.268743097782135010e-01
8.566836714744567871e-01
8.928133249282836914e-01
3.578210994601249695e-02
7.287049293518066406e-01
3.394051492214202881e-01
3.868203461170196533e-01
6.950289011001586914e-01
8.486235141754150391e-01
7.030074596405029297e-01
3.136540949344635010e-01
6.915571689605712891e-01
3.542167842388153076e-01
8.732200264930725098e-01
2.176450043916702271e-01
3.243654072284698486e-01
7.556797266006469727e-01
7.202246785163879395e-01
7.795659303665161133e-01
5.830573439598083496e-01
3.872151672840118408e-02
7.234854102134704590e-01
1.418758779764175415e-01
4.848799705505371094e-01
7.631142139434814453e-01
2.504668235778808594e-01
1.182957887649536133e-01
8.197448253631591797e-01
3.934452235698699951e-01
5.405256748199462891e-01
3.043294250965118408e-01
4.914930164813995361e-01
6.648466587066650391e-01
2.123540341854095459e-01
5.144007131457328796e-02
4.870367646217346191e-01
2.775894403457641602e-01
7.905838489532470703e-01
1.970440894365310669e-02
4.098568260669708252e-01
2.528413832187652588e-01
7.834385633468627930e-01
7.470443844795227051e-01
9.129114151000976562e-01
8.839830160140991211e-01
3.674568235874176025e-01
8.640694022178649902e-01
4.556983411312103271e-01
4.235516488552093506e-01
8.814329504966735840e-01
5.125107169151306152e-01
2.544506788253784180e-01
1.921251863241195679e-01
1.146091073751449585e-01
3.871551454067230225e-01
8.458447456359863281e-01
4.104473590850830078e-01
8.412753343582153320e-01
2.095029354095458984e-01
2.675385177135467529e-01
8.066581487655639648e-01
1.037167236208915710e-01
3.896148130297660828e-02
3.484177961945533752e-02
8.397967815399169922e-01
6.345400214195251465e-01
6.061985492706298828e-01
8.441075086593627930e-01
1.891221106052398682e-02
9.074895381927490234e-01
7.235616445541381836e-01
6.850423812866210938e-01
1.465844828635454178e-02
1.859275847673416138e-01
5.367209315299987793e-01
7.681455016136169434e-01
2.491534501314163208e-01
3.090246915817260742e-01
7.298568487167358398e-01
4.014143645763397217e-01
6.182612776756286621e-01
5.493500232696533203e-01
2.920887768268585205e-01
1.318779289722442627e-01
3.895495235919952393e-01
8.777692317962646484e-01
7.634515762329101562e-01
3.985728323459625244e-01
9.157906770706176758e-01
4.046264290809631348e-01
3.722634315490722656e-01
1.114472299814224243e-01
7.400972247123718262e-01
1.305158436298370361e-01
5.923188328742980957e-01
5.934236049652099609e-01
6.939320564270019531e-01
6.011465191841125488e-02
4.295380711555480957e-01
3.126088902354240417e-02
7.200963497161865234e-01
4.207177460193634033e-01
4.333080053329467773e-01
7.769105434417724609e-01
3.330425545573234558e-02
6.406210660934448242e-01
4.338076114654541016e-01
8.435616493225097656e-01
3.083316683769226074e-01
6.295523047447204590e-01
6.328490376472473145e-01
1.440641582012176514e-01
7.761963605880737305e-01
9.024822711944580078e-01
5.129665732383728027e-01
8.870246410369873047e-01
9.102838635444641113e-01
8.622063398361206055e-01
8.314096927642822266e-01
5.429971814155578613e-01
3.485203534364700317e-02
7.765390276908874512e-01
8.884335160255432129e-01
7.750529646873474121e-01
5.785072445869445801e-01
2.574739158153533936e-01
8.018282055854797363e-01
8.139759898185729980e-01
5.409571528434753418e-01
1.751106977462768555e-01
9.200438261032104492e-01
8.810057640075683594e-01
2.948842346668243408e-01
8.494689464569091797e-01
2.695545740425586700e-02
9.106919169425964355e-01
6.493318080902099609e-01
8.885710239410400391e-01
2.328664623200893402e-02
6.084399819374084473e-01
7.108263373374938965e-01
8.953245282173156738e-01
5.883290767669677734e-01
7.477156519889831543e-01
4.781212210655212402e-01
1.981379985809326172e-01
7.178048491477966309e-01
7.828277349472045898e-01
6.447340846061706543e-01
5.466431751847267151e-02
6.949803829193115234e-01
8.076508045196533203e-01
1.808530688285827637e-01
5.488474369049072266e-01
8.721683025360107422e-01
1.360915452241897583e-01
1.520124524831771851e-01
8.974615335464477539e-01
8.637661486864089966e-02
8.897646069526672363e-01
3.701024651527404785e-01
1.403891444206237793e-01
3.600926697254180908e-01
5.068102851510047913e-02
9.124505519866943359e-01
6.302315592765808105e-01
7.531862854957580566e-01
8.481332659721374512e-01
6.940451264381408691e-01
2.298902571201324463e-01
8.993459343910217285e-01
8.045024275779724121e-01
5.455880165100097656e-01
1.688526421785354614e-01
7.856008410453796387e-01
9.062263965606689453e-01
7.479909658432006836e-01
2.233759611845016479e-01
3.736088573932647705e-01
2.503023445606231689e-01
3.496493101119995117e-01
2.089351974427700043e-02
1.087350472807884216e-01
8.886852264404296875e-01
3.566950261592864990e-01
7.836891412734985352e-01
2.438473701477050781e-01
2.252482771873474121e-01
8.116508722305297852e-01
8.801812678575515747e-02
3.730754852294921875e-01
8.657490611076354980e-01
8.675636053085327148e-01
3.317558169364929199e-01
9.356458783149719238e-01
3.770307898521423340e-01
8.456165790557861328e-01
8.252720236778259277e-01
8.390088081359863281e-01
4.297099113464355469e-01
4.489755928516387939e-01
8.919257521629333496e-01
8.713319301605224609e-01
8.392697572708129883e-01
8.053421378135681152e-01
1.157924979925155640e-01
1.499614417552947998e-01
3.095755577087402344e-01
8.670219182968139648e-01
6.833186000585556030e-02
6.703540682792663574e-01
5.443660616874694824e-01
7.959516644477844238e-01
2.755734324455261230e-01
6.265754997730255127e-02
7.584986686706542969e-01
8.045257329940795898e-01
4.919582307338714600e-01
3.439247310161590576e-01
7.029394507408142090e-01
1.919710636138916016e-01
2.217673659324645996e-01
5.342692136764526367e-02
5.739743709564208984e-01
6.012060642242431641e-01
7.858107089996337891e-01
4.350952208042144775e-01
3.542560040950775146e-01
3.612685501575469971e-01
6.419585347175598145e-01
7.856136560440063477e-01
2.260117828845977783e-01
1.045467630028724670e-01
1.204761490225791931e-01
8.135985732078552246e-01
3.283734619617462158e-01
8.165670633316040039e-01
8.701192140579223633e-01
5.195327997207641602e-01
8.583683371543884277e-01
5.256635546684265137e-01
4.634315669536590576e-01
4.450992867350578308e-02
4.761875867843627930e-01
8.318741917610168457e-01
8.861891627311706543e-01
1.757465153932571411e-01
6.799032092094421387e-01
6.395999193191528320e-01
2.404158264398574829e-01
2.394220381975173950e-01
7.827961444854736328e-01
8.141190409660339355e-01
8.306271433830261230e-01
6.815396547317504883e-01
8.157784938812255859e-01
3.785727024078369141e-01
9.796150773763656616e-02
4.460938274860382080e-01
6.230447441339492798e-03
3.840262293815612793e-01
9.268635511398315430e-01
5.289578437805175781e-01
8.511438369750976562e-01
7.782595753669738770e-01
7.549235820770263672e-01
3.398259170353412628e-03
4.570671916007995605e-01
5.838184356689453125e-01
6.809147000312805176e-01
8.043275475502014160e-01
8.975295424461364746e-01
2.157840877771377563e-01
5.690842270851135254e-01
7.111058235168457031e-01
6.423769593238830566e-01
8.039063215255737305e-01
3.387618660926818848e-01
1.878269165754318237e-01
4.397588670253753662e-01
5.609365552663803101e-02
7.846837043762207031e-01
3.343189358711242676e-01
4.932437241077423096e-01
3.690580427646636963e-01
6.297813057899475098e-01
4.788105189800262451e-01
8.719859123229980469e-01
3.489013388752937317e-02
6.720721721649169922e-01
1.212752759456634521e-01
1.674138158559799194e-01
1.199343148618936539e-02
6.919044256210327148e-01
2.361130714416503906e-01
5.672292113304138184e-01
4.560791850090026855e-01
8.399505615234375000e-01
8.556299209594726562e-01
1.037582904100418091e-01
2.129422575235366821e-01
4.144425690174102783e-01
8.671643733978271484e-01
8.251419663429260254e-01
8.141163587570190430e-01
2.454821765422821045e-01
5.430093407630920410e-02
1.948067992925643921e-01
5.916534066200256348e-01
8.178257346153259277e-01
5.299893617630004883e-01
2.421531975269317627e-01
5.450013875961303711e-01
1.761815249919891357e-01
6.789270043373107910e-02
5.788417458534240723e-01
8.986548781394958496e-01
8.365867733955383301e-01
2.363676428794860840e-01
8.738142251968383789e-01
2.637240588665008545e-01
7.083871960639953613e-01
2.756231427192687988e-01
4.629081189632415771e-01
8.340280055999755859e-01
7.546287775039672852e-01
4.396813362836837769e-02
5.946882367134094238e-01
7.479908466339111328e-01
2.509226202964782715e-01
1.789118349552154541e-01
8.690838813781738281e-01
6.098140478134155273e-01
6.447934508323669434e-01
7.438057661056518555e-01
7.995505928993225098e-01
4.220563471317291260e-01
2.236630469560623169e-01
6.660450100898742676e-01
2.272457778453826904e-01
4.859868884086608887e-01
4.961080551147460938e-01
8.305354118347167969e-01
8.575958609580993652e-01
4.628962576389312744e-01
1.303592175245285034e-01
7.956761121749877930e-01
6.370239257812500000e-01
5.967720150947570801e-01
7.768613696098327637e-01
2.896476984024047852e-01
2.045758813619613647e-01
6.215275526046752930e-01
1.342510730028152466e-01
8.605104684829711914e-01
3.936148583889007568e-01
4.033529385924339294e-02
7.341018319129943848e-01
4.737890660762786865e-01
6.394987106323242188e-01
5.269615352153778076e-02
4.690890610218048096e-01
8.090580105781555176e-01
7.191063761711120605e-01
8.058326244354248047e-01
4.276264607906341553e-01
8.966401219367980957e-03
8.757893443107604980e-01
2.460301369428634644e-01
8.484490513801574707e-01
8.442872762680053711e-01
1.581767350435256958e-01
8.741840124130249023e-01
7.689169049263000488e-01
6.362102627754211426e-01
7.378438711166381836e-01
1.737408936023712158e-01
9.146029949188232422e-01
6.364974975585937500e-01
7.108532190322875977e-01
1.951072365045547485e-01
1.473137587308883667e-01
1.663220673799514771e-02
7.542051076889038086e-01
2.008407711982727051e-01
1.143049523234367371e-01
2.212230861186981201e-01
7.332580089569091797e-01
7.543084621429443359e-01
7.927632331848144531e-01
6.479366421699523926e-01
1.127991825342178345e-02
9.072200059890747070e-01
7.068693637847900391e-01
4.810310304164886475e-01
9.295267462730407715e-01
8.629619479179382324e-01
7.334544062614440918e-01
3.986420929431915283e-01
8.847987651824951172e-01
9.170431494712829590e-01
6.483684778213500977e-01
3.185199499130249023e-01
1.566727906465530396e-01
9.024149179458618164e-02
8.639668226242065430e-01
6.858589649200439453e-01
8.660767227411270142e-03
6.404709219932556152e-01
3.775157034397125244e-01
5.978941321372985840e-01
8.921020627021789551e-01
5.129886269569396973e-01
1.298038959503173828e-01
7.254373431205749512e-01
8.681724667549133301e-01
6.373184919357299805e-01
3.266489207744598389e-01
4.561481475830078125e-01
2.947526872158050537e-01
6.877175569534301758e-01
3.090738058090209961e-01
7.574430704116821289e-01
3.411327302455902100e-01
8.320341110229492188e-01
7.890726923942565918e-01
6.815242767333984375e-01
9.055846333503723145e-01
2.676410079002380371e-01
3.429921269416809082e-01
4.831145703792572021e-01
9.368849992752075195e-01
8.819911479949951172e-01
4.222607314586639404e-01
1.987592726945877075e-01
4.938048124313354492e-01
8.586996197700500488e-01
1.512037813663482666e-01
1.642114818096160889e-01
8.453835844993591309e-01
9.082945585250854492e-01
8.360409736633300781e-01
6.259333491325378418e-01
1.928731203079223633e-01
1.745476126670837402e-01
5.078864693641662598e-01
2.339942902326583862e-01
5.293987393379211426e-01
3.713572919368743896e-01
4.927842319011688232e-01
7.209029197692871094e-01
2.090981043875217438e-02
8.389548659324645996e-01
8.194906711578369141e-01
1.851930618286132812e-01
3.125013113021850586e-01
8.972795009613037109e-01
9.372689723968505859e-01
2.044700682163238525e-01
3.812427520751953125e-01
4.451651871204376221e-01
4.764158427715301514e-01
7.309186458587646484e-01
3.347439169883728027e-01
6.122607588768005371e-01
9.119478464126586914e-01
4.736549258232116699e-01
6.138105988502502441e-01
6.697873771190643311e-02
2.315813899040222168e-01
3.766178488731384277e-01
6.474094390869140625e-01
2.898571193218231201e-01
4.117001593112945557e-01
8.832308053970336914e-01
6.674106121063232422e-01
3.423268720507621765e-02
7.805362343788146973e-01
8.149048686027526855e-01
8.647215962409973145e-01
7.123416066169738770e-01
7.981373071670532227e-01
8.486502170562744141e-01
5.622620582580566406e-01
4.506988525390625000e-01
5.573015213012695312e-01
8.347727656364440918e-01
8.133171796798706055e-01
7.778476476669311523e-01
9.103382825851440430e-01
3.819202482700347900e-01
1.755412369966506958e-01
9.331221878528594971e-02
8.230698704719543457e-01
7.826984524726867676e-01
8.183187842369079590e-01
7.839710116386413574e-01
6.349461078643798828e-01
2.646521627902984619e-01
8.968467116355895996e-01
8.389156311750411987e-03
3.224307671189308167e-02
4.570812284946441650e-01
7.760756015777587891e-01
9.051640629768371582e-01
1.053898129612207413e-02
2.250454723834991455e-01
7.225172519683837891e-01
5.236187577247619629e-01
6.242066025733947754e-01
7.106292247772216797e-02
3.172013163566589355e-01
4.884573221206665039e-01
5.853942036628723145e-01
4.975030720233917236e-01
7.903994321823120117e-01
1.925101578235626221e-01
7.087094783782958984e-01
2.113289535045623779e-01
2.252443581819534302e-01
4.873930811882019043e-01
3.209364116191864014e-01
7.367453575134277344e-01
6.861650347709655762e-01
1.553921252489089966e-01
3.363525867462158203e-01
4.694249853491783142e-02
8.783776164054870605e-01
8.905403017997741699e-01
7.406199574470520020e-01
8.301383852958679199e-01
3.664839267730712891e-02
8.909943699836730957e-01
6.717693209648132324e-01
5.872814655303955078e-01
6.942951083183288574e-01
3.281411528587341309e-01
8.675699830055236816e-01
3.265835344791412354e-01
8.888567686080932617e-01
1.396466791629791260e-01
8.183212876319885254e-01
2.238677442073822021e-01
6.133606433868408203e-01
4.055749773979187012e-01
8.745555877685546875e-01
4.185815453529357910e-01
8.688420988619327545e-03
8.994508981704711914e-01
8.374315500259399414e-01
7.782872319221496582e-01
7.862506508827209473e-01
8.875721693038940430e-01
7.575069665908813477e-01
8.894146084785461426e-01
6.928485631942749023e-01
1.632055938243865967e-01
7.369263768196105957e-01
5.625904202461242676e-01
4.519163072109222412e-01
8.386296629905700684e-01
2.454596199095249176e-02
2.278467416763305664e-01
5.575997233390808105e-01
2.931175529956817627e-01
2.829237282276153564e-01
4.286841452121734619e-01
3.586062490940093994e-01
2.159137576818466187e-01
8.798121213912963867e-01
2.483535408973693848e-01
8.938057422637939453e-01
6.032708883285522461e-01
8.241586089134216309e-01
8.033666014671325684e-01
4.893628954887390137e-01
5.502585768699645996e-01
3.688759207725524902e-01
5.867628455162048340e-01
3.290962278842926025e-01
1.373693346977233887e-01
3.561633825302124023e-01
8.716877102851867676e-01
1.167389899492263794e-01
7.175103425979614258e-01
8.686721324920654297e-01
9.283591806888580322e-02
4.369344413280487061e-01
5.983189493417739868e-02
9.050152301788330078e-01
7.543808817863464355e-01
1.298193782567977905e-01
2.077740728855133057e-01
3.122968040406703949e-02
6.736903786659240723e-01
9.017083644866943359e-01
4.528253339231014252e-03
8.778569698333740234e-01
8.514758348464965820e-01
9.223880618810653687e-02
3.453771471977233887e-01
8.688026666641235352e-01
2.616958916187286377e-01
5.383063554763793945e-01
7.411902546882629395e-01
8.681922405958175659e-02
1.376472413539886475e-01
1.872293800115585327e-01
2.327678799629211426e-01
8.838911652565002441e-01
8.715458512306213379e-01
8.473153710365295410e-01
4.404571056365966797e-01
7.519178986549377441e-01
2.249443829059600830e-01
8.852979540824890137e-01
9.031494855880737305e-01
1.429208815097808838e-01
4.977318942546844482e-01
4.534185230731964111e-01
3.201058804988861084e-01
8.412852287292480469e-01
6.097503900527954102e-01
8.149212002754211426e-01
7.814254164695739746e-01
8.015969395637512207e-01
8.535175919532775879e-01
3.414634466171264648e-01
5.448656678199768066e-01
1.612448096275329590e-01
8.680418729782104492e-01
6.516804695129394531e-01
5.023381114006042480e-01
4.371880292892456055e-01
8.470242619514465332e-01
1.214666292071342468e-01
9.020057916641235352e-01
5.750590562820434570e-01
2.976066470146179199e-01
8.212878704071044922e-01
1.968316175043582916e-02
2.215603440999984741e-01
6.339254975318908691e-01
8.185184001922607422e-01
5.635808706283569336e-01
5.191305279731750488e-01
8.117693066596984863e-01
5.083170533180236816e-01
8.257825374603271484e-01
5.205587744712829590e-01
1.964844018220901489e-02
8.606821298599243164e-01
5.312994122505187988e-01
2.293699532747268677e-01
2.627969980239868164e-01
8.860339522361755371e-01
3.953667879104614258e-01
5.639314278960227966e-02
7.726572155952453613e-01
7.376844286918640137e-01
7.943354249000549316e-01
2.731412053108215332e-01
7.436373233795166016e-01
8.348398208618164062e-01
2.362569123506546021e-01
6.144222617149353027e-01
8.737628459930419922e-01
8.848850727081298828e-01
1.943865716457366943e-01
6.075414419174194336e-01
8.046388626098632812e-01
2.821445465087890625e-01
2.050541341304779053e-01
7.848769426345825195e-01
3.062003254890441895e-01
4.392053484916687012e-01
8.233942985534667969e-01
4.034522473812103271e-01
9.031423330307006836e-01
3.102771379053592682e-02
8.635936975479125977e-01
4.796918928623199463e-01
7.200577110052108765e-02
1.124058067798614502e-01
4.065606892108917236e-01
7.015533447265625000e-01
4.285925924777984619e-01
8.567398190498352051e-01
1.748915202915668488e-02
7.941067218780517578e-01
8.484370112419128418e-01
2.019208669662475586e-01
8.813181519508361816e-01
6.425706148147583008e-01
8.475137352943420410e-01
7.471880316734313965e-01
2.512421272695064545e-02
5.415911078453063965e-01
3.925358951091766357e-01
3.703182339668273926e-01
1.329519152641296387e-01
1.961638778448104858e-01
5.020745396614074707e-01
7.639298439025878906e-01
2.979364991188049316e-01
8.461514115333557129e-01
8.486544489860534668e-01
3.085852265357971191e-01
4.566563963890075684e-01
4.980082213878631592e-01
1.272665262222290039e-01
7.502546906471252441e-01
5.230388045310974121e-01
6.773790717124938965e-01
7.214721441268920898e-01
1.415832042694091797e-01
7.124919295310974121e-01
8.413146734237670898e-01
1.799250990152359009e-01
1.321977674961090088e-01
6.727137565612792969e-01
1.526863723993301392e-01
6.151473522186279297e-02
4.036196470260620117e-01
6.324698328971862793e-01
5.631461143493652344e-01
8.727064728736877441e-01
3.825051486492156982e-01
4.258635044097900391e-01
7.672505080699920654e-02
6.148812174797058105e-01
2.980393171310424805e-01
1.950020492076873779e-01
8.950888514518737793e-01
2.093886733055114746e-01
7.933385372161865234e-01
7.008948326110839844e-01
8.544258475303649902e-01
7.320692539215087891e-01
8.820473551750183105e-01
2.258140593767166138e-02
3.496412038803100586e-01
8.048788309097290039e-01
3.777989745140075684e-02
7.015905976295471191e-01
8.432042002677917480e-01
1.972565203905105591e-01
2.907056212425231934e-01
1.412616968154907227e-01
8.629924058914184570e-01
2.834438383579254150e-01
7.619243860244750977e-01
8.829828500747680664e-01
1.588925272226333618e-01
2.110857814550399780e-01
4.430513679981231689e-01
5.495088696479797363e-01
7.014045119285583496e-01
6.649962067604064941e-01
3.638304173946380615e-01
2.732802629470825195e-01
7.855621576309204102e-01
9.147808551788330078e-01
6.018257737159729004e-01
9.765172004699707031e-02
4.473240077495574951e-01
7.747771143913269043e-01
2.829048223793506622e-02
9.824694693088531494e-02
8.305112719535827637e-01
8.705523610115051270e-01
6.545610427856445312e-01
9.031674265861511230e-01
6.078187823295593262e-01
5.705204010009765625e-01
1.807473301887512207e-01
6.046661734580993652e-01
5.156096816062927246e-01
3.004441037774085999e-02
4.248323142528533936e-01
6.007074117660522461e-01
8.634133338928222656e-01
1.244778186082839966e-01
4.312586188316345215e-01
2.723212912678718567e-02
8.543786406517028809e-01
8.739035725593566895e-01
8.330137729644775391e-01
1.142993643879890442e-01
1.214689016342163086e-02
1.935036852955818176e-02
3.146359920501708984e-01
8.967533111572265625e-01
8.475756645202636719e-01
4.944255650043487549e-01
4.143642485141754150e-01
8.143913745880126953e-01
8.400720953941345215e-01
1.397869139909744263e-01
9.124788641929626465e-01
8.967331647872924805e-01
8.974203467369079590e-01
6.353536844253540039e-01
8.125274181365966797e-01
4.691182971000671387e-01
4.131742939352989197e-02
8.213263750076293945e-01
8.202571868896484375e-01
9.171720743179321289e-01
3.717137128114700317e-02
1.049665138125419617e-01
3.383030295372009277e-01
1.486742943525314331e-01
6.369045972824096680e-01
7.909691929817199707e-01
7.000833153724670410e-01
2.012582123279571533e-01
4.749427437782287598e-01
7.679645717144012451e-02
8.439916968345642090e-01
3.646562397480010986e-01
3.728911280632019043e-01
2.505889236927032471e-01
9.259070754051208496e-01
1.138353869318962097e-01
4.862382709980010986e-01
3.156653642654418945e-01
4.467304646968841553e-01
1.666569523513317108e-02
2.315161824226379395e-01
1.323276199400424957e-02
4.489736258983612061e-01
8.364999294281005859e-01
3.913684189319610596e-01
8.068959116935729980e-01
4.173697903752326965e-02
4.027983844280242920e-01
1.667966842651367188e-01
4.999696612358093262e-01
5.798730850219726562e-01
7.707697749137878418e-01
4.868031740188598633e-01
1.876537315547466278e-02
2.101190537214279175e-01
7.404090166091918945e-01
9.124866127967834473e-01
8.714169263839721680e-01
2.328807115554809570e-01
8.150179982185363770e-01
2.765339612960815430e-01
7.510060071945190430e-01
8.184230327606201172e-01
7.688924074172973633e-01
3.479651808738708496e-01
8.353410363197326660e-01
4.282721579074859619e-01
7.708966732025146484e-01
2.041038870811462402e-01
4.211754202842712402e-01
7.428997159004211426e-01
4.893675148487091064e-01
6.862887740135192871e-01
5.662767291069030762e-01
6.437666416168212891e-01
8.906689882278442383e-01
5.313494801521301270e-01
7.223432064056396484e-01
8.497974276542663574e-01
5.317305922508239746e-01
4.951719641685485840e-01
3.080455064773559570e-01
1.886008977890014648e-01
8.628000617027282715e-01
7.127472758293151855e-01
4.403219223022460938e-01
2.097015827894210815e-02
8.159836530685424805e-01
8.980941772460937500e-01
2.641987800598144531e-01
3.297955393791198730e-01
5.700448751449584961e-01
6.508917212486267090e-01
8.925851583480834961e-01
1.436529606580734253e-01
9.211198687553405762e-01
6.482456326484680176e-01
1.153050810098648071e-01
5.941918492317199707e-01
6.326682567596435547e-01
1.689892560243606567e-01
7.111069560050964355e-01
2.549657225608825684e-01
1.967557817697525024e-01
8.439455628395080566e-01
8.960851430892944336e-01
3.881735801696777344e-01
3.971139192581176758e-01
6.319504976272583008e-01
9.136651158332824707e-01
8.966669440269470215e-01
8.173388838768005371e-01
6.680020093917846680e-01
5.190877318382263184e-01
6.199192404747009277e-01
3.420982360839843750e-01
1.726879030466079712e-01
7.422710061073303223e-01
6.772711873054504395e-01
2.336553633213043213e-01
8.611564636230468750e-01
1.757686771452426910e-02
6.599509119987487793e-01
7.585701942443847656e-01
1.247455924749374390e-01
7.095305919647216797e-01
4.007281064987182617e-01
8.637431859970092773e-01
4.202992916107177734e-01
8.277503252029418945e-01
6.365704536437988281e-01
7.788966894149780273e-01
8.638512492179870605e-01
7.438546419143676758e-01
5.506452322006225586e-01
7.479097843170166016e-01
7.774960398674011230e-01
7.613463997840881348e-01
8.701875805854797363e-01
8.661538958549499512e-01
5.169424414634704590e-01
5.249523520469665527e-01
1.818254590034484863e-02
5.547278523445129395e-01
6.738629937171936035e-01
8.410905599594116211e-01
2.872156202793121338e-01
9.053775072097778320e-01
4.417156577110290527e-01
3.318392038345336914e-01
2.860234379768371582e-01
7.250028848648071289e-01
7.985849380493164062e-01
9.142493605613708496e-01
8.542499542236328125e-01
7.888182997703552246e-01
8.728330135345458984e-01
5.830361843109130859e-01
6.076779961585998535e-01
6.298934221267700195e-01
2.223836332559585571e-01
2.629126310348510742e-01
6.849816441535949707e-01
8.483624458312988281e-01
7.560343742370605469e-01
5.666158795356750488e-01
8.035148978233337402e-01
4.889907687902450562e-02
1.038695797324180603e-01
4.713138639926910400e-01
8.502597212791442871e-01
7.540810108184814453e-01
6.009974479675292969e-01
3.313246071338653564e-01
8.361574411392211914e-01
9.169364571571350098e-01
1.548361480236053467e-01
4.570074677467346191e-01
5.319145917892456055e-01
3.807389438152313232e-01
2.565543167293071747e-02
3.489392101764678955e-01
2.320638746023178101e-01
9.177553653717041016e-02
6.696861982345581055e-02
9.027900695800781250e-01
7.889705896377563477e-01
6.597384214401245117e-01
4.506417512893676758e-01
7.334544062614440918e-01
9.348753094673156738e-02
8.195042014122009277e-01
2.656704485416412354e-01
1.694211065769195557e-01
9.107402563095092773e-01
8.426066637039184570e-01
8.449008464813232422e-01
8.505466580390930176e-01
1.509068012237548828e-01
2.956927120685577393e-01
5.381065011024475098e-01
4.304307103157043457e-01
2.079990059137344360e-01
7.618393898010253906e-01
8.762975335121154785e-01
9.204561114311218262e-01
4.582783877849578857e-01
7.468268871307373047e-01
4.573843479156494141e-01
5.635808706283569336e-01
8.141661882400512695e-01
8.772614002227783203e-01
1.449007391929626465e-01
4.477518796920776367e-01
3.867290616035461426e-01
5.377392768859863281e-01
8.988868594169616699e-01
9.173293113708496094e-01
7.679002359509468079e-03
8.127445578575134277e-01
2.586565017700195312e-01
8.530768752098083496e-01
6.900050640106201172e-01
1.831949800252914429e-01
2.757917344570159912e-01
8.352921605110168457e-01
1.933936178684234619e-01
1.002881675958633423e-01
4.054931998252868652e-01
6.863395571708679199e-01
6.324383616447448730e-01
5.430933833122253418e-01
8.448860049247741699e-01
4.873202443122863770e-01
7.928744554519653320e-01
1.334997713565826416e-01
8.730161786079406738e-01
5.485702753067016602e-01
7.963773608207702637e-01
6.363685727119445801e-01
5.812569856643676758e-01
4.534042477607727051e-01
9.167341589927673340e-01
8.900734186172485352e-01
4.983858168125152588e-01
8.130111098289489746e-01
3.779920935630798340e-01
5.519816279411315918e-01
8.535276651382446289e-01
2.136539518833160400e-01
3.244384825229644775e-01
4.417153894901275635e-01
8.841791152954101562e-01
6.510915756225585938e-01
3.554689884185791016e-02
1.368432492017745972e-01
8.200923204421997070e-01
7.212771773338317871e-01
8.358488082885742188e-01
4.696564376354217529e-02
1.323873102664947510e-01
8.148425221443176270e-01
9.078692197799682617e-01
4.072153568267822266e-01
1.039227619767189026e-01
3.852161169052124023e-01
8.704999685287475586e-01
8.739035725593566895e-01
5.602508783340454102e-01
5.624381303787231445e-01
8.488195538520812988e-01
5.995679646730422974e-02
8.316830396652221680e-01
6.359266042709350586e-01
9.137775897979736328e-01
8.274829387664794922e-01
5.595154166221618652e-01
8.710036873817443848e-01
7.645099163055419922e-01
7.796052098274230957e-01
2.650648355484008789e-01
6.782142519950866699e-01
2.550691179931163788e-02
8.022820949554443359e-02
8.578299880027770996e-01
7.519964575767517090e-01
6.766855716705322266e-01
1.084152385592460632e-01
7.619099617004394531e-01
8.381293416023254395e-01
7.682075500488281250e-01
2.116033732891082764e-01
7.633126974105834961e-01
3.507540524005889893e-01
8.705703020095825195e-01
7.644109725952148438e-01
6.360545754432678223e-01
7.279942631721496582e-01
6.666778326034545898e-01
8.241370320320129395e-01
8.545100688934326172e-01
7.612054944038391113e-01
7.563508749008178711e-01
4.378577172756195068e-01
6.621505618095397949e-01
6.005367040634155273e-01
1.391054242849349976e-01
8.507637381553649902e-01
2.907826602458953857e-01
7.003524899482727051e-01
5.767639875411987305e-01
2.644712030887603760e-01
4.007374346256256104e-01
8.986548781394958496e-01
5.348722934722900391e-01
6.786831617355346680e-01
3.158684372901916504e-01
4.214009642601013184e-02
6.593449115753173828e-01
9.146989583969116211e-01
6.967883706092834473e-01
5.719689130783081055e-01
5.487157404422760010e-02
9.449053406715393066e-01
4.338242113590240479e-01
1.288688927888870239e-01
3.045450150966644287e-01
2.199076563119888306e-01
3.310232758522033691e-01
6.177375912666320801e-01
8.403577208518981934e-01
7.451154589653015137e-01
1.709712147712707520e-01
7.188009619712829590e-01
1.421851217746734619e-01
8.109864592552185059e-01
7.341796755790710449e-01
5.985166430473327637e-01
1.830935925245285034e-01
1.057438254356384277e-01
9.046595096588134766e-01
8.684438467025756836e-01
2.753092646598815918e-01
6.426445841789245605e-01
7.142518758773803711e-01
1.605423539876937866e-01
3.485304415225982666e-01
6.325705647468566895e-01
5.746978521347045898e-01
7.549348473548889160e-01
3.025558590888977051e-01
8.501223921775817871e-01
6.861245632171630859e-01
9.364482760429382324e-02
1.245637889951467514e-02
2.310105413198471069e-01
2.556448988616466522e-02
1.456656008958816528e-01
8.792170286178588867e-01
4.738137423992156982e-01
7.390056252479553223e-01
2.871296703815460205e-01
8.087949156761169434e-01
7.919394373893737793e-01
7.107576727867126465e-01
7.787950038909912109e-01
8.256414905190467834e-03
7.809439897537231445e-01
7.709935307502746582e-02
1.345056146383285522e-01
3.798390328884124756e-01
8.865431547164916992e-01
8.314629197120666504e-01
9.268007278442382812e-01
8.817274570465087891e-01
7.767537236213684082e-01
6.247702836990356445e-01
2.227030508220195770e-02
1.037231385707855225e-01
1.043046638369560242e-01
7.823966145515441895e-01
7.504931092262268066e-01
2.217357158660888672e-01
5.731185078620910645e-01
1.654336787760257721e-02
8.499663472175598145e-01
1.153578907251358032e-01
7.172347307205200195e-01
7.924002408981323242e-01
4.891010001301765442e-02
3.559615612030029297e-01
7.811693549156188965e-01
8.697029948234558105e-01
1.606027632951736450e-01
7.938454151153564453e-01
7.730482816696166992e-01
7.518761157989501953e-01
7.603344321250915527e-01
8.454530239105224609e-01
1.295547932386398315e-01
5.069898366928100586e-01
1.465484052896499634e-01
1.695610880851745605e-01
3.445254266262054443e-01
8.386541604995727539e-01
1.815217435359954834e-01
8.592212945222854614e-02
6.054270081222057343e-03
5.181059241294860840e-01
7.265873551368713379e-01
3.884494602680206299e-01
6.411185264587402344e-01
4.805707335472106934e-01
8.168420195579528809e-01
7.875407338142395020e-01
3.664333522319793701e-01
8.054206967353820801e-01
9.262920022010803223e-01
7.021933197975158691e-01
4.494895637035369873e-01
1.391340196132659912e-01
7.434599846601486206e-02
8.861511349678039551e-01
7.595267295837402344e-01
5.242158100008964539e-02
8.066858053207397461e-01
8.581675887107849121e-01
7.001767754554748535e-01
7.721205353736877441e-01
6.261944770812988281e-01
5.344889312982559204e-02
4.132902622222900391e-01
8.683003783226013184e-01
6.308551430702209473e-01
7.082580327987670898e-01
8.481267690658569336e-01
7.332715671509504318e-03
5.317547917366027832e-01
9.116222858428955078e-01
8.538523316383361816e-01
4.553613364696502686e-01
8.871320486068725586e-01
2.298461794853210449e-01
7.533536553382873535e-01
8.433327674865722656e-01
9.104108810424804688e-01
5.408210754394531250e-01
2.838647365570068359e-01
8.649172186851501465e-01
7.880321145057678223e-01
9.131489396095275879e-01
6.602260470390319824e-01
3.016034662723541260e-01
2.418371438980102539e-01
2.989445924758911133e-01
5.036266446113586426e-01
2.872286736965179443e-01
3.300571739673614502e-01
2.703199088573455811e-01
8.812229633331298828e-01
5.962634682655334473e-01
3.774351477622985840e-01
7.620225548744201660e-01
3.486205041408538818e-01
7.708439826965332031e-01
8.508509993553161621e-01
8.491886258125305176e-01
6.679764986038208008e-01
1.725872308015823364e-01
3.665895164012908936e-01
1.671697646379470825e-01
4.312873184680938721e-01
5.236990451812744141e-01
6.010162234306335449e-01
8.638727068901062012e-01
8.188829421997070312e-01
3.811163902282714844e-01
6.190447807312011719e-01
5.812242031097412109e-01
6.303652524948120117e-01
2.532749474048614502e-01
8.350860476493835449e-01
2.129752933979034424e-01
5.430881381034851074e-01
8.568440079689025879e-01
8.455854654312133789e-01
9.436275362968444824e-01
4.902155697345733643e-01
1.400885451585054398e-02
1.424037367105484009e-01
9.859538637101650238e-03
7.480822205543518066e-01
9.220397472381591797e-01
4.959616065025329590e-02
8.865601569414138794e-02
2.176583558320999146e-02
7.332803606986999512e-01
7.958969473838806152e-01
9.216473102569580078e-01
4.098967611789703369e-01
3.364207446575164795e-01
2.515926063060760498e-01
8.087714314460754395e-01
6.515262722969055176e-01
4.104169905185699463e-01
2.662058472633361816e-01
9.429398924112319946e-02
8.521997928619384766e-01
7.689298391342163086e-01
8.086552023887634277e-01
3.896069824695587158e-01
8.632172346115112305e-01
8.799705505371093750e-01
7.918675541877746582e-01
1.680587679147720337e-01
7.695047259330749512e-01
6.460555195808410645e-01
4.554440975189208984e-01
1.848649829626083374e-01
8.753969073295593262e-01
4.442980289459228516e-01
5.527687072753906250e-01
9.017489552497863770e-01
3.601719439029693604e-01
4.475369751453399658e-01
2.631837725639343262e-01
6.589993238449096680e-01
4.352632761001586914e-01
8.720167912542819977e-03
8.479520082473754883e-01
6.379863619804382324e-01
7.294279336929321289e-02
3.493856489658355713e-01
9.155821800231933594e-01
8.355363011360168457e-01
4.873716235160827637e-01
3.107415139675140381e-01
3.766198158264160156e-01
8.597804903984069824e-01
9.180029630661010742e-01
6.511595249176025391e-01
7.313716411590576172e-01
8.004608750343322754e-01
3.894056677818298340e-01
8.943665027618408203e-01
7.942128777503967285e-01
3.903581202030181885e-01
8.603345155715942383e-01
8.486515879631042480e-01
1.368600130081176758e-02
5.874570608139038086e-01
2.613943815231323242e-01
2.715072333812713623e-01
1.585471816360950470e-02
8.145487308502197266e-01
7.805534601211547852e-01
1.104196608066558838e-01
3.672583103179931641e-01
6.892821192741394043e-01
4.227236807346343994e-01
8.166083693504333496e-01
8.446114063262939453e-01
2.625845074653625488e-01
1.785820350050926208e-02
4.285512268543243408e-01
1.374386250972747803e-01
7.801935672760009766e-01
3.527062237262725830e-01
3.172324597835540771e-01
3.457564711570739746e-01
4.190713167190551758e-02
8.668138980865478516e-01
4.297640323638916016e-01
3.019068837165832520e-01
8.066141605377197266e-01
1.255427747964859009e-01
4.575677961111068726e-02
4.712320566177368164e-01
8.952787518501281738e-01
1.516340970993041992e-01
7.922408729791641235e-02
2.129422575235366821e-01
5.692362189292907715e-01
6.113660931587219238e-01
6.352016925811767578e-01
6.082710027694702148e-01
4.921054840087890625e-01
5.737236887216567993e-02
3.048930764198303223e-01
9.221166968345642090e-01
4.823120832443237305e-01
1.318458840250968933e-02
1.780803203582763672e-01
4.640253782272338867e-01
1.691121757030487061e-01
7.996836304664611816e-01
4.879403412342071533e-01
8.581346869468688965e-01
8.845412731170654297e-01
4.489862620830535889e-01
5.371443629264831543e-01
3.230378329753875732e-01
3.279236257076263428e-01
4.870035052299499512e-01
3.075175583362579346e-01
2.053846269845962524e-01
8.471221923828125000e-01
2.445739656686782837e-01
9.982793033123016357e-02
2.575124800205230713e-01
8.478288054466247559e-01
5.281279683113098145e-01
5.035040900111198425e-02
2.571431100368499756e-01
6.682354807853698730e-01
5.923167467117309570e-01
5.759510993957519531e-01
2.460917979478836060e-01
9.728636592626571655e-02
7.554977536201477051e-01
8.379949927330017090e-01
6.413894891738891602e-01
2.798168957233428955e-01
8.516605496406555176e-01
9.211535453796386719e-01
6.105585694313049316e-01
8.446460962295532227e-01
7.488601207733154297e-01
4.503729045391082764e-01
7.905838489532470703e-01
1.703869104385375977e-01
5.869032740592956543e-01
3.726442456245422363e-01
5.735236406326293945e-01
1.060065180063247681e-01
8.355644345283508301e-01
1.546545922756195068e-01
6.415963768959045410e-01
6.922173500061035156e-01
8.651396036148071289e-01
6.536672115325927734e-01
6.222966313362121582e-01
2.394204884767532349e-01
4.341284632682800293e-01
8.782010674476623535e-01
8.796604871749877930e-01
5.328377708792686462e-02
7.327065467834472656e-01
7.450360059738159180e-01
6.519822478294372559e-01
6.453096270561218262e-01
9.194896817207336426e-01
4.862944781780242920e-01
2.722418606281280518e-01
4.570896178483963013e-02
3.382419347763061523e-01
2.942055761814117432e-01
6.164928674697875977e-01
1.896834224462509155e-01
2.505757212638854980e-01
5.565927028656005859e-01
7.244481444358825684e-01
8.224365711212158203e-01
7.926629185676574707e-01
5.566724762320518494e-02
8.530592918395996094e-01
8.468320965766906738e-01
3.037874959409236908e-02
1.072923932224512100e-02
6.212861537933349609e-01
8.666572570800781250e-01
8.433347195386886597e-02
1.265932917594909668e-01
4.647591114044189453e-01
1.498943716287612915e-01
3.127484023571014404e-02
1.476595848798751831e-01
7.533101439476013184e-01
7.905303239822387695e-01
8.616486787796020508e-01
1.764188557863235474e-01
5.683788657188415527e-01
1.315648108720779419e-02
7.228496074676513672e-01
5.529472231864929199e-01
8.604693412780761719e-01
4.768230617046356201e-01
8.035687804222106934e-01
8.110600113868713379e-01
7.843099236488342285e-01
6.684250235557556152e-01
3.882595896720886230e-01
8.597234487533569336e-01
3.022501468658447266e-01
3.469339311122894287e-01
4.007131159305572510e-01
6.240491867065429688e-01
6.434304714202880859e-01
1.923229694366455078e-01
1.396977752447128296e-01
3.363249078392982483e-02
4.840791821479797363e-01
4.159111380577087402e-01
7.040349841117858887e-01
1.398431360721588135e-01
2.210721671581268311e-01
9.025948047637939453e-01
2.106466740369796753e-01
7.534441351890563965e-01
7.766104936599731445e-01
7.421132922172546387e-02
1.663806587457656860e-01
9.008313417434692383e-01
5.096782743930816650e-02
1.663416922092437744e-01
8.112072348594665527e-01
5.853144526481628418e-01
5.265737771987915039e-01
6.469844579696655273e-01
2.517148554325103760e-01
8.835845589637756348e-01
2.505579590797424316e-01
8.697322010993957520e-01
8.841477036476135254e-01
2.067256420850753784e-01
4.374641478061676025e-01
7.538618445396423340e-01
8.660240173339843750e-01
4.220720231533050537e-01
7.706364393234252930e-01
8.989019393920898438e-01
8.459793925285339355e-01
2.448984980583190918e-01
3.514882922172546387e-01
7.676727175712585449e-01
1.270471960306167603e-01
1.958928257226943970e-01
8.334155678749084473e-01
8.463501334190368652e-01
7.581326365470886230e-01
3.262100815773010254e-01
8.407096862792968750e-01
8.052676320075988770e-01
9.529113769531250000e-02
8.375758528709411621e-01
5.539238452911376953e-01
7.861483693122863770e-01
7.883052229881286621e-01
7.415682077407836914e-01
2.393200993537902832e-01
8.323094248771667480e-01
6.378745436668395996e-01
4.003050550818443298e-02
6.041342020034790039e-01
8.034947514533996582e-01
5.217463374137878418e-01
8.023659586906433105e-01
4.226779043674468994e-01
8.765630125999450684e-01
1.386039853096008301e-01
3.679366707801818848e-01
4.876955226063728333e-02
7.388566136360168457e-01
4.997695684432983398e-01
5.811201930046081543e-01
7.481062412261962891e-01
2.009763121604919434e-01
6.353945285081863403e-02
4.121789038181304932e-01
2.772681117057800293e-01
6.620296835899353027e-01
7.919527292251586914e-01
2.247547060251235962e-01
8.194459080696105957e-01
8.624234199523925781e-01
6.537055373191833496e-01
5.465262532234191895e-01
7.479077577590942383e-01
3.795163705945014954e-02
6.656634211540222168e-01
1.235917806625366211e-01
5.967862606048583984e-01
6.033150553703308105e-01
8.404961824417114258e-01
1.063707768917083740e-01
4.290469586849212646e-01
9.264755845069885254e-01
5.062714815139770508e-01
7.773184776306152344e-01
7.997364401817321777e-01
5.300336480140686035e-01
7.311730384826660156e-01
7.460520863533020020e-01
1.799725927412509918e-02
8.747869133949279785e-01
7.448528409004211426e-01
1.248827502131462097e-01
5.743710994720458984e-01
6.100598573684692383e-01
8.857675790786743164e-01
4.746586978435516357e-01
2.150776386260986328e-01
8.709006309509277344e-01
8.975900411605834961e-01
4.603176414966583252e-01
3.310276940464973450e-02
8.465123176574707031e-01
5.840466022491455078e-01
4.023912250995635986e-01
7.411846518516540527e-01
9.114342331886291504e-01
2.472778409719467163e-01
1.101084426045417786e-01
5.199070572853088379e-01
1.260817795991897583e-01
6.222129464149475098e-01
1.468775980174541473e-02
2.929149270057678223e-01
7.349225878715515137e-01
8.895624876022338867e-01
7.776727080345153809e-01
4.565017223358154297e-01
8.763453960418701172e-01
6.509338617324829102e-01
4.000045061111450195e-01
9.073522686958312988e-01
8.926482796669006348e-01
4.038833975791931152e-01
3.537254631519317627e-01
9.406421184539794922e-01
9.074106812477111816e-01
3.122857511043548584e-01
8.498475551605224609e-01
5.182527899742126465e-01
6.360288858413696289e-01
2.256544381380081177e-01
8.602009415626525879e-01
8.549973964691162109e-01
8.708804845809936523e-01
5.412679910659790039e-01
7.879571914672851562e-01
7.445791363716125488e-01
8.471990823745727539e-01
9.063172936439514160e-01
8.813046813011169434e-01
2.322089076042175293e-01
6.540168523788452148e-01
8.716807961463928223e-01
8.006759285926818848e-01
1.685551255941390991e-01
8.042917847633361816e-01
7.400592565536499023e-01
5.350164175033569336e-01
9.103177189826965332e-01
1.460843682289123535e-01
8.417403101921081543e-01
8.216447234153747559e-01
1.949404627084732056e-01
8.472762107849121094e-01
7.434367537498474121e-01
8.172500133514404297e-01
7.139533758163452148e-01
6.997841596603393555e-02
3.616561293601989746e-01
4.227406904101371765e-02
6.008688732981681824e-02
8.040146231651306152e-01
1.114821955561637878e-01
9.006477594375610352e-01
2.916503846645355225e-01
6.688563525676727295e-02
8.759621977806091309e-01
8.416756391525268555e-01
7.142783999443054199e-01
1.140744164586067200e-01
6.487780213356018066e-01
1.935681700706481934e-01
8.920792937278747559e-01
1.257375031709671021e-01
4.184410274028778076e-01
5.407384037971496582e-02
8.298928141593933105e-01
8.832308053970336914e-01
6.930921673774719238e-01
1.337514072656631470e-01
3.471221327781677246e-01
9.128074049949645996e-01
6.800783276557922363e-01
8.421273231506347656e-01
5.054320693016052246e-01
8.412917256355285645e-01
7.893384695053100586e-01
1.227160170674324036e-01
8.606442213058471680e-01
3.802070617675781250e-01
8.857882022857666016e-01
7.269901633262634277e-01
8.408049345016479492e-01
1.873027682304382324e-01
8.862817287445068359e-01
2.858498394489288330e-01
8.456486463546752930e-01
8.004068732261657715e-01
7.537988424301147461e-01
5.836358666419982910e-01
2.149034440517425537e-01
7.813305854797363281e-01
8.193762898445129395e-01
8.191912174224853516e-01
8.518255949020385742e-01
8.948821425437927246e-01
1.923233121633529663e-01
1.665672659873962402e-01
1.597227156162261963e-01
8.989162445068359375e-01
1.665783226490020752e-01
9.249912500381469727e-01
4.806448519229888916e-01
6.452392339706420898e-01
1.421671211719512939e-01
5.174635648727416992e-01
1.056621000170707703e-01
7.639591693878173828e-01
6.888304948806762695e-01
7.369795441627502441e-01
2.364202961325645447e-02
7.051110863685607910e-01
7.334327697753906250e-01
6.037244200706481934e-01
1.382232159376144409e-01
9.992712736129760742e-02
4.016773700714111328e-01
2.757565975189208984e-01
7.127707600593566895e-01
1.917334645986557007e-01
4.694995284080505371e-01
8.185738325119018555e-01
8.278537392616271973e-01
6.939320564270019531e-01
8.596866130828857422e-01
2.088382840156555176e-01
7.582753300666809082e-01
6.916996240615844727e-01
5.029937624931335449e-01
4.938693642616271973e-01
7.355620265007019043e-01
8.313121795654296875e-01
5.927369594573974609e-01
9.097215533256530762e-01
3.114135563373565674e-01
2.908752858638763428e-01
6.915293335914611816e-01
3.849452137947082520e-01
8.071617037057876587e-02
8.101849555969238281e-01
6.747266054153442383e-01
4.084209501743316650e-01
8.776198029518127441e-01
8.582218289375305176e-01
8.714423775672912598e-01
5.977990627288818359e-01
6.914973258972167969e-01
4.461890757083892822e-01
5.030295848846435547e-01
4.388401210308074951e-01
6.239868402481079102e-01
8.650875091552734375e-01
7.698977589607238770e-01
3.547650277614593506e-01
8.887289762496948242e-01
9.106906056404113770e-01
1.708625443279743195e-02
5.681158900260925293e-01
6.521268188953399658e-02
2.927219867706298828e-01
3.704067170619964600e-01
3.505073487758636475e-01
8.926696777343750000e-01
5.911766290664672852e-01
8.347928524017333984e-01
8.558074831962585449e-01
6.515130996704101562e-01
4.892072975635528564e-01
4.291152656078338623e-01
8.846339583396911621e-01
1.988524794578552246e-01
3.789683580398559570e-01
7.471784949302673340e-01
4.250484406948089600e-01
1.686551570892333984e-01
3.697338402271270752e-01
1.022125259041786194e-01
2.670892179012298584e-01
6.636549830436706543e-01
8.191657066345214844e-01
8.197704553604125977e-01
3.011355996131896973e-01
1.832998543977737427e-02
1.673046350479125977e-01
8.790327906608581543e-01
8.140895366668701172e-01
1.269039958715438843e-01
6.428069472312927246e-01
1.429813802242279053e-01
1.945616453886032104e-01
4.775713682174682617e-01
1.124249864369630814e-02
4.204876720905303955e-03
5.970688462257385254e-01
3.468626141548156738e-01
2.317354232072830200e-01
3.465928733348846436e-01
2.897546589374542236e-01
6.649971008300781250e-01
8.099172711372375488e-01
3.511977195739746094e-01
7.902788519859313965e-01
1.755969226360321045e-01
1.625990122556686401e-01
8.538655042648315430e-01
3.081977069377899170e-01
5.412952899932861328e-01
6.419859528541564941e-01
8.727958202362060547e-01
3.176350891590118408e-01
3.958418667316436768e-01
3.947873711585998535e-01
2.361130714416503906e-01
8.175969719886779785e-01
8.404319882392883301e-01
6.438510417938232422e-01
5.643728189170360565e-03
9.028773307800292969e-01
5.640490055084228516e-01
5.917311310768127441e-01
1.505324095487594604e-01
7.118809968233108521e-02
5.147176384925842285e-01
6.794305443763732910e-01
3.285660222172737122e-02
2.555622756481170654e-01
7.677524685859680176e-01
7.119726538658142090e-01
8.651636838912963867e-01
8.831259012222290039e-01
1.284332871437072754e-01
8.641422390937805176e-01
8.870114088058471680e-01
4.722467660903930664e-01
5.573240667581558228e-02
1.519700437784194946e-01
7.992607951164245605e-01
6.225193142890930176e-01
8.356899619102478027e-01
2.282376438379287720e-01
3.167322278022766113e-02
7.841160148382186890e-02
7.366866469383239746e-01
8.043238520622253418e-01
7.357825636863708496e-01
3.809875845909118652e-01
1.764686033129692078e-02
8.699063658714294434e-01
4.090619087219238281e-02
1.547611206769943237e-01
8.737451434135437012e-01
7.379978299140930176e-01
3.557697832584381104e-01
8.309332728385925293e-01
5.249955058097839355e-01
8.460349440574645996e-01
9.176102876663208008e-01
2.873815298080444336e-01
3.800019919872283936e-01
7.375507950782775879e-01
5.794401764869689941e-01
5.890277028083801270e-01
1.231216937303543091e-01
9.359676241874694824e-01
7.421213984489440918e-01
4.262512922286987305e-02
6.003922782838344574e-03
7.296193838119506836e-01
4.569223150610923767e-02
4.937870204448699951e-01
6.089285612106323242e-01
5.659566521644592285e-01
7.478589415550231934e-01
4.691540598869323730e-01
3.009722568094730377e-02
8.585860133171081543e-01
7.289307713508605957e-01
7.397610545158386230e-01
3.961773216724395752e-01
9.245308041572570801e-01
6.413470506668090820e-01
8.108932375907897949e-01
5.297600030899047852e-01
6.870951652526855469e-01
3.788828849792480469e-01
7.811965346336364746e-01
5.313593745231628418e-01
6.943719387054443359e-01
8.797879815101623535e-01
7.598197460174560547e-01
7.548403739929199219e-01
1.276775002479553223e-01
9.098802208900451660e-01
7.529276013374328613e-01
8.863962888717651367e-01
7.837755084037780762e-01
2.011986970901489258e-01
4.183886200189590454e-02
5.411362275481224060e-02
6.062250956892967224e-02
3.657972514629364014e-01
3.325665593147277832e-01
3.301988244056701660e-01
7.755044102668762207e-01
7.726204395294189453e-02
6.382038593292236328e-01
9.796075522899627686e-02
8.251683115959167480e-01
4.125350415706634521e-01
3.153532147407531738e-01
1.343935430049896240e-01
9.419444799423217773e-01
8.681195378303527832e-01
1.571713984012603760e-01
2.422709912061691284e-01
8.465123176574707031e-01
1.252065896987915039e-01
4.689809083938598633e-01
5.001354217529296875e-01
6.233801841735839844e-01
5.555883646011352539e-01
2.898854911327362061e-01
6.934233307838439941e-01
5.731866359710693359e-01
8.747881650924682617e-01
5.672612786293029785e-01
5.665297061204910278e-02
2.306482791900634766e-01
4.422909021377563477e-01
1.426803134381771088e-02
7.549871802330017090e-01
1.347935795783996582e-01
5.800362825393676758e-01
8.318898677825927734e-01
2.326437532901763916e-01
2.047591656446456909e-01
5.209883451461791992e-01
4.189972281455993652e-01
5.675410851836204529e-02
6.286430358886718750e-01
4.691742360591888428e-01
6.778176426887512207e-01
1.247175130993127823e-02
1.164902076125144958e-01
8.810862302780151367e-01
4.824110865592956543e-01
6.438108086585998535e-01
2.625621259212493896e-01
8.716807961463928223e-01
8.571171164512634277e-01
1.131716147065162659e-01
5.240976214408874512e-01
3.178062289953231812e-02
8.703024983406066895e-01
4.711631238460540771e-01
2.033427655696868896e-01
6.874031424522399902e-01
7.201931476593017578e-01
5.138479545712471008e-02
2.474890053272247314e-01
5.541267991065979004e-01
1.594563387334346771e-02
1.518479268997907639e-02
8.490988016128540039e-01
8.548599481582641602e-01
6.612641811370849609e-01
2.261040359735488892e-01
5.066482424736022949e-01
4.351323544979095459e-01
6.715630292892456055e-01
5.597775578498840332e-01
7.100980728864669800e-02
6.951933503150939941e-01
3.317511975765228271e-01
4.865523278713226318e-01
8.979889750480651855e-01
7.523567974567413330e-02
1.790648140013217926e-02
6.706667542457580566e-01
6.760976314544677734e-01
5.903419852256774902e-01
3.756699264049530029e-01
7.066982984542846680e-01
9.182699769735336304e-02
8.119366765022277832e-01
2.256166636943817139e-01
7.769736051559448242e-01
9.082618951797485352e-01
3.858690261840820312e-01
2.573516070842742920e-01
3.995921015739440918e-01
8.815779089927673340e-01
5.166910886764526367e-01
5.320532321929931641e-01
4.185600206255912781e-02
7.984400391578674316e-01
1.536739021539688110e-01
9.362543821334838867e-01
7.717889547348022461e-01
2.548847496509552002e-01
1.023108419030904770e-02
6.735724806785583496e-01
4.423009753227233887e-01
8.161998391151428223e-01
6.797096729278564453e-01
2.074490487575531006e-01
9.124051332473754883e-01
2.021910697221755981e-01
6.788920164108276367e-01
4.004247188568115234e-01
7.490268349647521973e-01
8.506289124488830566e-01
2.305053323507308960e-01
6.841135621070861816e-01
6.039928793907165527e-01
6.140625476837158203e-01
5.748835802078247070e-01
3.507923781871795654e-01
6.286054253578186035e-01
7.873349189758300781e-01
7.433517575263977051e-01
6.856436133384704590e-01
6.398019194602966309e-01
1.079818606376647949e-01
8.052276819944381714e-02
1.795973777770996094e-01
1.609942466020584106e-01
8.425005674362182617e-01
1.012153625488281250e-01
7.361868619918823242e-01
2.561584115028381348e-01
4.344511628150939941e-01
2.633239030838012695e-01
7.365841269493103027e-01
5.976023077964782715e-01
1.023617312312126160e-01
2.923582494258880615e-01
1.359461247920989990e-01
6.375312209129333496e-01
6.461992263793945312e-01
8.290773630142211914e-01
5.353034734725952148e-01
3.286705166101455688e-02
7.805161476135253906e-01
8.611564636230468750e-01
7.137981653213500977e-01
2.897546589374542236e-01
5.843927860260009766e-01
3.478709161281585693e-01
6.117498278617858887e-01
8.326395750045776367e-01
9.234581589698791504e-01
5.756260082125663757e-02
8.311597108840942383e-01
1.009042933583259583e-01
6.422442793846130371e-01
7.648433446884155273e-01
5.388163924217224121e-01
8.123698830604553223e-01
7.426991462707519531e-01
5.885953307151794434e-01
3.132185637950897217e-01
8.325485587120056152e-01
5.320053100585937500e-01
8.432998657226562500e-01
8.433331847190856934e-01
4.194600284099578857e-01
7.913473844528198242e-01
8.768607974052429199e-01
8.089865744113922119e-02
3.815208375453948975e-01
8.860495090484619141e-01
6.644663214683532715e-01
5.355898141860961914e-01
4.797624424099922180e-02
2.331168502569198608e-01
1.970978230237960815e-01
5.856956839561462402e-01
7.850128412246704102e-01
1.768797487020492554e-01
8.626709580421447754e-01
1.887719631195068359e-01
4.376415312290191650e-01
1.913392096757888794e-01
6.837725639343261719e-01
8.706796169281005859e-01
8.591952919960021973e-01
1.102592647075653076e-01
6.533946990966796875e-01
8.703747391700744629e-01
6.599684953689575195e-01
2.562024593353271484e-01
5.988719463348388672e-01
7.475295662879943848e-01
1.844142675399780273e-01
3.511998653411865234e-01
3.370193839073181152e-01
4.051780998706817627e-01
7.325432896614074707e-01
9.198812842369079590e-01
6.563555002212524414e-01
8.511728644371032715e-01
6.243942379951477051e-01
3.096124231815338135e-01
4.062190055847167969e-01
8.251291513442993164e-01
8.148667812347412109e-01
1.365463435649871826e-01
8.310151696205139160e-01
8.424402475357055664e-01
1.707584783434867859e-02
8.566139340400695801e-01
1.534690856933593750e-01
8.417403101921081543e-01
8.176291584968566895e-01
3.789683580398559570e-01
7.657940387725830078e-01
8.474334478378295898e-01
8.810379505157470703e-01
3.764648456126451492e-03
9.088955521583557129e-01
5.332781076431274414e-01
5.957458615303039551e-01
2.031186223030090332e-02
8.316371440887451172e-01
8.140038847923278809e-01
6.958127021789550781e-01
6.027051061391830444e-02
8.400720953941345215e-01
9.120148420333862305e-02
7.162358760833740234e-01
9.051542878150939941e-01
1.377088576555252075e-01
1.945454627275466919e-01
2.067071013152599335e-02
4.338327050209045410e-01
6.844015121459960938e-01
6.334425210952758789e-01
6.367060542106628418e-01
9.638946503400802612e-02
8.692342042922973633e-01
5.030906200408935547e-01
4.255540072917938232e-01
5.186243057250976562e-01
9.142900705337524414e-01
1.304045617580413818e-01
8.695507049560546875e-01
5.004045963287353516e-01
2.189539186656475067e-02
1.981401145458221436e-01
9.371530413627624512e-01
9.790146350860595703e-02
6.393842697143554688e-01
8.421321511268615723e-01
8.753747940063476562e-01
8.879660367965698242e-01
7.401925325393676758e-01
1.665197014808654785e-01
6.813372373580932617e-01
1.246177032589912415e-01
6.266978979110717773e-01
8.561017513275146484e-01
8.873335123062133789e-01
1.781738698482513428e-01
8.370376229286193848e-01
8.567364215850830078e-01
4.754427969455718994e-01
7.714344859123229980e-01
9.092212319374084473e-01
2.717829048633575439e-01
7.746084332466125488e-01
7.316041588783264160e-01
7.528422474861145020e-01
7.557084560394287109e-01
8.652394413948059082e-01
8.665909171104431152e-01
7.101566791534423828e-01
8.856631517410278320e-01
8.797311782836914062e-01
8.235500454902648926e-01
3.070162534713745117e-01
2.401222139596939087e-01
8.416207432746887207e-01
3.066668100655078888e-02
8.713044524192810059e-01
8.978351950645446777e-01
6.959702968597412109e-01
5.223599672317504883e-01
1.428138911724090576e-01
2.341959439218044281e-02
2.233216762542724609e-01
7.389841675758361816e-01
4.616750478744506836e-01
3.369285762310028076e-01
8.032635450363159180e-01
4.783741235733032227e-01
4.401303529739379883e-01
8.309447169303894043e-01
9.111101031303405762e-01
2.831010818481445312e-01
8.080419301986694336e-01
3.898486793041229248e-01
6.706805527210235596e-02
7.196093797683715820e-01
8.209656476974487305e-01
7.678726911544799805e-01
3.974459171295166016e-01
5.902616679668426514e-02
8.553861975669860840e-01
9.195618033409118652e-01
8.701202869415283203e-01
1.699016615748405457e-02
7.019953727722167969e-01
8.233538269996643066e-01
4.975513219833374023e-01
1.938083767890930176e-01
7.621626257896423340e-01
5.409609079360961914e-01
6.486830115318298340e-01
3.350452780723571777e-01
2.291805595159530640e-01
4.286756515502929688e-01
5.314268469810485840e-01
8.702338337898254395e-01
8.245875686407089233e-02
5.975078940391540527e-01
7.906910777091979980e-01
5.881422162055969238e-01
8.330975770950317383e-01
8.606249690055847168e-01
1.591692417860031128e-01
7.457770109176635742e-01
3.824895620346069336e-01
1.415603328496217728e-02
2.997921109199523926e-01
8.310056328773498535e-01
3.234206438064575195e-01
5.675210952758789062e-01
7.348296046257019043e-01
8.499833345413208008e-01
8.048627376556396484e-01
7.147446870803833008e-01
4.388478398323059082e-01
5.798087716102600098e-01
8.468570709228515625e-01
2.518146932125091553e-01
1.457162015140056610e-02
8.404411673545837402e-01
6.384983658790588379e-01
3.881151676177978516e-01
9.062658548355102539e-01
8.117186427116394043e-01
3.784124553203582764e-01
2.992924153804779053e-01
