9.371961951255798340e-01
1.398976892232894897e-01
1.473021972924470901e-02
4.587087780237197876e-02
3.722376748919487000e-02
1.712998637231066823e-04
2.676515579223632812e-01
9.364287368953227997e-03
2.201591851189732552e-04
3.163699433207511902e-02
9.995549321174621582e-01
9.010989665985107422e-01
9.969002008438110352e-01
9.987530708312988281e-01
5.430287122726440430e-01
9.988958835601806641e-01
9.998370409011840820e-01
9.403895735740661621e-01
1.208925619721412659e-03
9.803871512413024902e-01
9.991638660430908203e-01
9.760282039642333984e-01
8.724718093872070312e-01
2.581024309620261192e-03
9.748682975769042969e-01
9.976435303688049316e-01
2.942836284637451172e-01
6.309962272644042969e-01
4.220940545201301575e-02
2.875593900680541992e-01
1.090832985937595367e-03
5.434438586235046387e-02
2.391454428434371948e-01
9.968442916870117188e-01
4.338441193103790283e-01
9.993349909782409668e-01
3.793581854552030563e-04
1.001281198114156723e-03
5.743244197219610214e-03
9.497584700584411621e-01
1.211148919537663460e-03
9.785453081130981445e-01
9.883146286010742188e-01
9.931685924530029297e-01
9.182221889495849609e-01
7.221304178237915039e-01
5.950229167938232422e-01
6.126182675361633301e-01
9.868087768554687500e-01
9.995368719100952148e-01
4.718555882573127747e-02
9.640450477600097656e-01
9.522985219955444336e-01
8.222085237503051758e-01
7.480503059923648834e-03
9.649543762207031250e-01
9.879109859466552734e-01
8.180708289146423340e-01
9.927209019660949707e-01
1.909398939460515976e-03
2.524517178535461426e-01
7.537241578102111816e-01
9.151542782783508301e-01
2.401736080646514893e-01
9.890375733375549316e-01
9.961082339286804199e-01
8.523656725883483887e-01
9.981755018234252930e-01
1.323901861906051636e-01
9.512120485305786133e-01
2.006441587582230568e-03
9.188815951347351074e-01
9.986547231674194336e-01
9.859937429428100586e-01
3.564247786998748779e-01
9.976753592491149902e-01
5.253011584281921387e-01
9.979808926582336426e-01
9.245234727859497070e-01
6.623057723045349121e-01
4.311269521713256836e-01
9.993959665298461914e-01
9.706808328628540039e-01
9.657185673713684082e-01
9.995236396789550781e-01
9.992848038673400879e-01
1.727893501520156860e-01
1.699801348149776459e-02
6.771826744079589844e-01
1.011567562818527222e-02
9.957581162452697754e-01
9.943218231201171875e-01
1.671463809907436371e-02
8.151285350322723389e-03
9.972566962242126465e-01
9.824334383010864258e-01
9.810318350791931152e-01
6.931588798761367798e-02
9.946979284286499023e-01
1.662803590297698975e-01
8.859490752220153809e-01
9.993822574615478516e-01
9.944460391998291016e-01
4.491836428642272949e-01
4.491972550749778748e-02
6.704593300819396973e-01
9.987467527389526367e-01
1.615573535673320293e-03
4.978347569704055786e-04
4.583296179771423340e-01
9.163184762001037598e-01
9.391545504331588745e-02
4.106415212154388428e-01
9.862171411514282227e-01
9.572169184684753418e-01
2.556249499320983887e-01
9.982209801673889160e-01
2.234398573637008667e-02
9.994799494743347168e-01
9.670874103903770447e-03
5.904806777834892273e-03
5.770963430404663086e-01
5.946874618530273438e-01
1.938098669052124023e-02
9.996769428253173828e-01
9.994445443153381348e-01
2.679582536220550537e-01
8.271079859696328640e-04
9.734812920214608312e-05
9.991053938865661621e-01
2.255726791918277740e-02
9.971421360969543457e-01
8.865154385566711426e-01
9.980908036231994629e-01
7.427803357131779194e-04
9.838105440139770508e-01
7.226980477571487427e-02
9.733805060386657715e-01
6.410561203956604004e-01
2.272041887044906616e-02
5.965516567230224609e-01
2.607441246509552002e-01
2.097918838262557983e-01
8.338629007339477539e-01
9.189738035202026367e-01
1.437863241881132126e-02
2.167619764804840088e-03
9.062279462814331055e-01
9.996033310890197754e-01
2.911249101161956787e-01
1.468766927719116211e-01
3.019619286060333252e-01
1.480938959866762161e-02
3.087377548217773438e-01
9.985272884368896484e-01
6.771671026945114136e-02
5.407256074249744415e-03
6.026766896247863770e-01
2.932812273502349854e-01
6.891120672225952148e-01
3.687693504616618156e-03
9.315743446350097656e-01
1.588590145111083984e-01
9.671807289123535156e-01
1.719705411233007908e-03
4.185374081134796143e-01
2.253634929656982422e-01
2.722990512847900391e-01
9.529870152473449707e-01
9.851227402687072754e-01
5.946373343467712402e-01
4.780657123774290085e-03
3.683055341243743896e-01
2.124639693647623062e-03
5.908261537551879883e-01
9.734716266393661499e-03
9.571118950843811035e-01
8.862969465553760529e-03
3.702843561768531799e-03
8.127909898757934570e-01
5.537877231836318970e-02
3.003716766834259033e-01
9.990265369415283203e-01
8.618815541267395020e-01
9.998830556869506836e-01
5.835099220275878906e-01
9.967935681343078613e-01
9.805395603179931641e-01
9.997311234474182129e-01
1.981855183839797974e-02
9.994014501571655273e-01
5.832145214080810547e-01
4.130724668502807617e-01
9.963763356208801270e-01
8.662349730730056763e-02
9.958362579345703125e-01
9.956741929054260254e-01
8.778101205825805664e-01
5.807769894599914551e-01
2.381495572626590729e-02
9.546062350273132324e-01
9.646307826042175293e-01
1.549469381570816040e-01
9.725738763809204102e-01
8.792510628700256348e-01
4.819231852889060974e-02
1.577030168846249580e-03
4.068980342708528042e-04
6.963395979255437851e-03
1.334752887487411499e-03
8.103315234184265137e-01
9.987025260925292969e-01
9.941753745079040527e-01
4.195086359977722168e-01
9.998518228530883789e-01
9.522950649261474609e-01
1.083311624825000763e-03
9.996209144592285156e-01
2.811941504478454590e-01
9.975549578666687012e-01
1.686915988102555275e-03
7.939237356185913086e-02
9.994620680809020996e-01
4.415247738361358643e-01
9.879420399665832520e-01
7.501442432403564453e-01
1.835167175158858299e-03
5.620573759078979492e-01
4.162313125561922789e-04
9.990084767341613770e-01
9.768471121788024902e-01
9.668353796005249023e-01
7.813231088221073151e-03
5.064219236373901367e-01
4.551516175270080566e-01
8.101886510848999023e-01
6.109072566032409668e-01
3.314031753689050674e-03
4.710634648799896240e-01
9.545577764511108398e-01
9.868039488792419434e-01
8.574386835098266602e-01
5.959963798522949219e-02
1.953323557972908020e-02
1.793340742588043213e-01
9.753157496452331543e-01
7.133799791336059570e-01
4.566418007016181946e-02
6.899533793330192566e-03
7.550382018089294434e-01
4.085940718650817871e-01
7.201522588729858398e-03
9.999350309371948242e-01
9.835739135742187500e-01
3.448348343372344971e-01
9.909702539443969727e-01
5.638206601142883301e-01
8.997684717178344727e-01
9.711198210716247559e-01
4.702408239245414734e-02
2.421545359538868070e-04
9.995234012603759766e-01
9.998268485069274902e-01
9.993519186973571777e-01
5.081082582473754883e-01
1.784373540431261063e-03
9.770984649658203125e-01
9.417458772659301758e-01
7.803696990013122559e-01
8.640493154525756836e-01
9.872129559516906738e-01
4.421660602092742920e-01
2.217510044574737549e-01
2.909561060369014740e-02
7.988080978393554688e-01
6.775736808776855469e-02
9.931494593620300293e-01
1.696239858865737915e-01
9.989936947822570801e-01
9.884544014930725098e-01
8.736096024513244629e-01
9.419094920158386230e-01
6.290182471275329590e-01
9.953500032424926758e-01
9.999504089355468750e-01
9.936874508857727051e-01
9.995922446250915527e-01
6.861262321472167969e-01
9.983423948287963867e-01
2.412543632090091705e-02
4.100070521235466003e-02
4.220799310132861137e-04
9.985675811767578125e-01
3.119765897281467915e-04
1.024305541068315506e-02
9.771643280982971191e-01
9.958695769309997559e-01
8.703925013542175293e-01
1.058700866997241974e-02
9.908326268196105957e-01
9.938324689865112305e-01
1.392963379621505737e-01
3.140647709369659424e-02
9.591879323124885559e-03
9.762989878654479980e-01
7.277156114578247070e-01
3.474128544330596924e-01
2.928722500801086426e-01
2.123933658003807068e-02
9.980939030647277832e-01
3.414066135883331299e-01
9.822730720043182373e-02
2.494323104619979858e-01
4.796034097671508789e-01
4.560588598251342773e-01
9.607211947441101074e-01
1.687845401465892792e-02
2.001541554927825928e-01
1.325679421424865723e-01
3.503659665584564209e-01
3.367141783237457275e-01
9.028653502464294434e-01
5.008265748620033264e-02
1.177108567208051682e-02
9.496483802795410156e-01
9.851920604705810547e-01
8.769080042839050293e-01
9.676585793495178223e-01
8.068699240684509277e-01
5.581102799624204636e-03
4.896108806133270264e-02
6.957355737686157227e-01
6.803013086318969727e-01
9.970816969871520996e-01
9.951049089431762695e-01
6.681850645691156387e-03
1.594805419445037842e-01
9.769600629806518555e-01
9.876787066459655762e-01
9.794730544090270996e-01
9.582055807113647461e-01
6.020941138267517090e-01
4.080898361280560493e-04
4.840462654829025269e-02
9.171351790428161621e-03
9.881142973899841309e-01
7.908827811479568481e-02
9.979763627052307129e-01
9.836400151252746582e-01
8.707144856452941895e-01
4.157376289367675781e-02
1.238081045448780060e-02
9.779059290885925293e-01
6.104350090026855469e-01
4.140225239098072052e-03
9.751272201538085938e-01
9.813131764531135559e-04
8.855638504028320312e-01
5.363168660551309586e-03
2.970656156539916992e-01
9.851663708686828613e-01
9.281587600708007812e-01
9.996645450592041016e-01
8.420370221138000488e-01
9.441381692886352539e-01
9.953739047050476074e-01
9.994588494300842285e-01
6.218348741531372070e-01
5.328329280018806458e-02
8.006326556205749512e-01
1.681204587221145630e-01
2.959062755107879639e-01
1.281485543586313725e-03
1.993221491575241089e-01
4.651812370866537094e-03
1.272830367088317871e-01
9.944899082183837891e-01
2.186991423368453979e-01
1.973604317754507065e-03
1.915409578941762447e-03
2.810395956039428711e-01
9.988671541213989258e-01
7.894023507833480835e-02
9.311054944992065430e-01
9.985631108283996582e-01
9.970152378082275391e-01
5.905421567149460316e-04
1.772268116474151611e-01
9.970288872718811035e-01
9.218944311141967773e-01
5.332083106040954590e-01
9.961697459220886230e-01
9.937486648559570312e-01
2.250689547508955002e-03
2.131942063570022583e-01
9.992759823799133301e-01
7.400344591587781906e-03
6.244736141525208950e-04
3.852811455726623535e-01
3.323460221290588379e-01
4.164914786815643311e-01
1.531345844268798828e-01
3.143396973609924316e-01
9.998262524604797363e-01
9.910042285919189453e-01
9.983251690864562988e-01
9.788014292716979980e-01
3.791585862636566162e-01
8.952183723449707031e-01
4.639050923287868500e-03
9.987534284591674805e-01
9.872423410415649414e-01
8.598455786705017090e-01
9.994294047355651855e-01
5.421221852302551270e-01
3.661639094352722168e-01
2.515779435634613037e-01
9.717760682106018066e-01
6.933291554450988770e-01
4.897451028227806091e-02
8.699020743370056152e-02
9.553015232086181641e-01
3.413940593600273132e-02
9.801144003868103027e-01
1.560949487611651421e-03
3.475798293948173523e-02
9.953976273536682129e-01
3.127373929601162672e-05
9.980150461196899414e-01
6.841440200805664062e-01
5.248919478617608547e-04
3.610197901725769043e-01
9.589396119117736816e-01
9.916906356811523438e-01
9.989457726478576660e-01
9.732223153114318848e-01
6.442383892135694623e-05
9.552680253982543945e-01
9.957506656646728516e-01
9.199041128158569336e-02
9.956756234169006348e-01
2.026069996645674109e-04
3.702843561768531799e-03
4.710710942745208740e-01
2.310609072446823120e-01
8.701379895210266113e-01
9.990521073341369629e-01
1.172022670507431030e-01
1.367314904928207397e-01
9.967350363731384277e-01
9.594785571098327637e-01
7.914353609085083008e-01
1.639151945710182190e-02
9.972299933433532715e-01
1.262013684026896954e-03
9.976546168327331543e-01
2.745027653872966766e-02
9.981144666671752930e-01
2.978640198707580566e-01
2.423245692625641823e-03
9.988100528717041016e-01
6.208080798387527466e-02
1.784070432186126709e-01
2.784548997879028320e-01
2.158193237846717238e-04
5.918888747692108154e-02
9.949789643287658691e-01
9.056479930877685547e-01
1.458004564046859741e-01
9.967408776283264160e-01
1.513836614321917295e-04
9.762974977493286133e-01
5.517984032630920410e-01
1.005259156227111816e-02
1.220335811376571655e-01
3.270225524902343750e-01
9.843404293060302734e-01
9.570363163948059082e-01
9.637109041213989258e-01
8.490354418754577637e-01
9.548119306564331055e-01
2.077745795249938965e-01
1.270795613527297974e-01
1.721229702234268188e-01
9.879298210144042969e-01
4.002985730767250061e-02
1.126087084412574768e-01
1.890967190265655518e-01
7.776981219649314880e-03
8.051733970642089844e-01
9.985270500183105469e-01
2.141811884939670563e-03
9.157522916793823242e-01
9.987434744834899902e-01
9.846526980400085449e-01
2.782218391075730324e-03
9.737529158592224121e-01
9.854884743690490723e-01
5.123018636368215084e-04
1.835918636061251163e-03
7.448937892913818359e-01
1.260642558336257935e-01
8.905819058418273926e-01
4.924553334712982178e-01
9.967801570892333984e-01
8.782854676246643066e-01
9.997012019157409668e-01
6.933879107236862183e-03
9.924677014350891113e-01
4.165290594100952148e-01
6.056093573570251465e-01
1.870172172784805298e-01
2.838656865060329437e-02
9.995220899581909180e-01
9.997006654739379883e-01
9.227870963513851166e-03
7.257093209773302078e-03
1.491726189851760864e-01
3.779066726565361023e-03
9.994978904724121094e-01
9.764555096626281738e-01
9.651869535446166992e-01
9.278182387351989746e-01
1.362532749772071838e-02
6.288559525273740292e-04
1.139961183071136475e-03
9.332960844039916992e-01
2.313945442438125610e-02
9.323464035987854004e-01
9.909453392028808594e-01
3.598237335681915283e-01
5.921088457107543945e-01
8.050921373069286346e-03
6.413409113883972168e-01
8.175317049026489258e-01
3.157512843608856201e-02
7.758818268775939941e-01
9.989055395126342773e-01
9.971722960472106934e-01
2.347840927541255951e-04
1.054910644888877869e-01
7.669892907142639160e-01
5.924640223383903503e-03
5.182800889015197754e-01
1.107711251825094223e-02
9.995676875114440918e-01
2.360600791871547699e-02
4.139897599816322327e-02
3.885592147707939148e-02
5.792636275291442871e-01
9.874251484870910645e-01
2.073713690042495728e-01
9.494524598121643066e-01
9.373050332069396973e-01
7.291323691606521606e-02
4.326973110437393188e-02
1.060034632682800293e-01
9.864438772201538086e-01
5.745900273323059082e-01
8.143532276153564453e-02
9.955688118934631348e-01
4.516456425189971924e-01
9.978508949279785156e-01
4.609051626175642014e-03
9.187849760055541992e-01
5.061787366867065430e-02
4.976482316851615906e-02
9.767650961875915527e-01
4.233426414430141449e-03
9.844085574150085449e-01
9.903173446655273438e-01
8.571483194828033447e-02
2.928359210491180420e-01
5.875650644302368164e-01
3.901405930519104004e-01
3.381152451038360596e-01
9.768452644348144531e-01
9.396451711654663086e-01
9.956718683242797852e-01
6.903018802404403687e-02
9.402574300765991211e-01
1.413788944482803345e-01
9.603951573371887207e-01
2.909951806068420410e-01
7.251849398016929626e-03
2.064462564885616302e-02
9.728798866271972656e-01
9.826750159263610840e-01
1.469683088362216949e-02
1.572795659303665161e-01
3.092850744724273682e-01
9.861080050468444824e-01
9.933204650878906250e-01
1.747464835643768311e-01
9.464688599109649658e-03
1.985422335565090179e-02
2.749743759632110596e-01
9.986329674720764160e-01
6.544907689094543457e-01
9.960696697235107422e-01
4.351258277893066406e-03
6.511642932891845703e-01
6.486931443214416504e-01
1.427412149496376514e-03
3.273546826676465571e-05
1.207764632999897003e-02
9.948167204856872559e-01
5.000230073928833008e-01
9.860950708389282227e-01
9.989351630210876465e-01
3.919681012630462646e-01
3.064821008592844009e-03
7.239599525928497314e-02
1.606751233339309692e-03
9.983254075050354004e-01
9.989528656005859375e-01
2.287536673247814178e-02
1.173316384665668011e-03
1.884594112634658813e-01
9.842954874038696289e-01
5.038518575020134449e-04
9.669260978698730469e-01
2.423739060759544373e-03
9.608650207519531250e-01
4.138825535774230957e-01
2.919721901416778564e-01
9.993813037872314453e-01
3.265954852104187012e-01
9.861004948616027832e-01
9.073835797607898712e-03
5.112045328132808208e-04
3.052039146423339844e-01
1.133565008640289307e-01
9.997331500053405762e-01
1.864816695451736450e-01
9.865864515304565430e-01
3.370097577571868896e-01
6.453922390937805176e-01
9.985190033912658691e-01
4.080081284046173096e-01
9.985408782958984375e-01
9.995118379592895508e-01
3.423186540603637695e-01
4.059056341648101807e-01
6.123587372712790966e-04
1.504564570495858788e-04
5.785530209541320801e-01
9.960343241691589355e-01
2.983904480934143066e-01
3.456738293170928955e-01
1.079757130355574191e-04
9.995051622390747070e-01
9.760616812855005264e-04
1.305150687694549561e-01
3.100809752941131592e-01
2.799670994281768799e-01
3.183073699474334717e-01
9.021937251091003418e-01
9.992770552635192871e-01
9.937629103660583496e-01
9.988904595375061035e-01
9.970019459724426270e-01
6.093110442161560059e-01
9.995660185813903809e-01
5.831070542335510254e-01
2.494286298751831055e-01
9.648270606994628906e-01
1.696898788213729858e-02
9.993737339973449707e-01
9.996372461318969727e-01
2.790470374748110771e-03
9.948812723159790039e-01
9.298254251480102539e-01
9.611715078353881836e-01
9.920772910118103027e-01
1.052420702762901783e-03
5.036344006657600403e-02
5.627654194831848145e-01
8.049850463867187500e-01
9.339504837989807129e-01
2.099800258874893188e-01
7.722906768321990967e-03
5.179539918899536133e-01
9.927206039428710938e-01
1.965314336121082306e-02
4.154531634412705898e-04
3.564247786998748779e-01
8.625037670135498047e-01
2.782224910333752632e-03
9.979561567306518555e-01
9.960215687751770020e-01
1.309530586004257202e-01
6.067717075347900391e-01
9.107638597488403320e-01
9.985054731369018555e-01
9.344424009323120117e-01
2.246398627758026123e-01
4.011948592960834503e-03
7.601125240325927734e-01
5.217047929763793945e-01
9.873695969581604004e-01
2.534531813580542803e-04
5.089694857597351074e-01
8.408771157264709473e-01
1.324850469827651978e-01
9.953651428222656250e-01
9.997379183769226074e-01
1.944528194144368172e-03
8.277385830879211426e-01
6.892790198326110840e-01
8.790248632431030273e-01
9.967744946479797363e-01
2.766752839088439941e-01
4.067197442054748535e-01
9.983810186386108398e-01
1.170215383172035217e-02
1.333225071430206299e-01
8.031449317932128906e-01
6.596283316612243652e-01
5.134312435984611511e-02
9.822558164596557617e-01
3.950097039341926575e-02
9.967097043991088867e-01
9.983672499656677246e-01
6.828467845916748047e-01
9.959224462509155273e-01
9.116211906075477600e-03
5.956520438194274902e-01
9.861842989921569824e-01
1.606953144073486328e-02
7.644823789596557617e-01
7.547860741615295410e-01
1.181799825280904770e-02
9.985144734382629395e-01
9.999197721481323242e-01
9.947096109390258789e-01
2.815592801198363304e-03
1.080845366232097149e-03
3.502444596961140633e-03
9.978389143943786621e-01
9.974008798599243164e-01
2.712241839617490768e-04
2.396990656852722168e-01
2.135131657123565674e-01
7.559797167778015137e-01
7.839107513427734375e-01
5.926834344863891602e-01
1.557289659976959229e-01
2.788179926574230194e-02
9.908044338226318359e-01
9.817234277725219727e-01
9.961711764335632324e-01
9.984967708587646484e-01
4.613771438598632812e-01
8.410032391548156738e-01
7.427810342051088810e-04
3.737663328647613525e-01
9.998038411140441895e-01
9.983482360839843750e-01
6.183913350105285645e-02
2.470813095569610596e-01
9.844375848770141602e-01
9.904037714004516602e-01
1.155806928873062134e-01
9.998453855514526367e-01
9.998395442962646484e-01
3.519349033012986183e-03
9.684080481529235840e-01
8.997570872306823730e-01
9.891538023948669434e-01
9.376370906829833984e-01
9.944228529930114746e-01
9.069573283195495605e-01
2.811352908611297607e-01
9.990443587303161621e-01
3.441400527954101562e-01
9.994207620620727539e-01
1.839871518313884735e-02
9.998387098312377930e-01
2.029361948370933533e-02
9.858440160751342773e-01
9.887214303016662598e-01
3.369475305080413818e-01
8.734273910522460938e-01
6.305291056632995605e-01
1.631543564144521952e-04
5.018653273582458496e-01
2.117005409672856331e-03
8.288609385490417480e-01
9.975318908691406250e-01
4.786977916955947876e-02
2.861866028979420662e-03
9.957686662673950195e-01
9.080866724252700806e-02
2.659398913383483887e-01
9.976607561111450195e-01
4.572199881076812744e-01
4.582060873508453369e-02
9.966375827789306641e-01
9.998357295989990234e-01
8.200594456866383553e-04
8.840065002441406250e-01
9.647832512855529785e-01
1.293027400970458984e-02
7.644833922386169434e-01
9.918640851974487305e-01
1.316523551940917969e-01
9.385080337524414062e-01
1.989763695746660233e-03
4.148653522133827209e-02
9.965829253196716309e-01
9.991822838783264160e-01
9.993773102760314941e-01
9.502604007720947266e-01
1.387939751148223877e-01
2.282583154737949371e-02
9.303565025329589844e-01
1.681207418441772461e-01
2.579477243125438690e-02
5.709728598594665527e-01
9.967323541641235352e-01
5.185354128479957581e-02
2.267949050292372704e-03
1.609249884495511651e-04
6.070801019668579102e-01
9.964110255241394043e-01
9.081153273582458496e-01
6.546433269977569580e-02
2.381985541433095932e-03
2.249358920380473137e-03
7.393531203269958496e-01
9.900778532028198242e-01
2.403597906231880188e-02
2.812069095671176910e-02
9.800956249237060547e-01
8.905333876609802246e-01
5.313237309455871582e-01
6.204472780227661133e-01
9.998856782913208008e-01
8.755739927291870117e-01
1.104016751050949097e-01
8.323918581008911133e-01
2.800214337185025215e-03
3.551053106784820557e-01
3.244484961032867432e-02
7.594270110130310059e-01
7.371662855148315430e-01
9.997515082359313965e-01
9.788428544998168945e-01
3.283917009830474854e-01
9.917803406715393066e-01
1.447255635866895318e-04
4.162317141890525818e-03
1.909834827529266477e-05
6.388654001057147980e-03
9.989374279975891113e-01
9.940243363380432129e-01
9.971528053283691406e-01
7.124252915382385254e-01
9.998028874397277832e-01
9.996958971023559570e-01
9.995977282524108887e-01
6.349339485168457031e-01
1.129290908575057983e-01
9.974972605705261230e-01
9.956330657005310059e-01
7.186079025268554688e-01
9.981263279914855957e-01
1.229526009410619736e-02
2.387301297858357430e-03
4.835530221462249756e-01
9.023988619446754456e-03
3.834565170109272003e-03
9.907742142677307129e-01
4.039520397782325745e-02
9.999607801437377930e-01
9.903291463851928711e-01
4.755336849484592676e-04
3.409060882404446602e-04
9.038651585578918457e-01
5.189236253499984741e-04
1.230440661311149597e-01
4.304371476173400879e-01
9.990866184234619141e-01
9.003087878227233887e-01
9.968566894531250000e-01
6.770780310034751892e-03
9.999363422393798828e-01
7.932206499390304089e-04
4.871809482574462891e-01
9.936593174934387207e-01
9.972069859504699707e-01
6.848816275596618652e-01
9.989610910415649414e-01
9.251178056001663208e-02
9.924221634864807129e-01
1.772938854992389679e-02
8.976070284843444824e-01
7.076242566108703613e-02
9.981464147567749023e-01
1.043370272964239120e-02
1.982038915157318115e-01
6.846502423286437988e-01
8.794722557067871094e-01
8.200594456866383553e-04
9.977768063545227051e-01
1.805216190405189991e-03
5.793747305870056152e-01
9.806374311447143555e-01
6.070071831345558167e-03
4.536129534244537354e-03
9.994556307792663574e-01
6.763304471969604492e-01
1.907602548599243164e-01
8.556172847747802734e-01
2.169046550989151001e-03
3.515344578772783279e-03
9.734920263290405273e-01
4.684426784515380859e-01
8.753049969673156738e-01
8.862241506576538086e-01
4.862806797027587891e-01
4.044921100139617920e-01
2.584157288074493408e-01
5.763509273529052734e-01
8.545913696289062500e-01
6.199373863637447357e-03
6.655197739601135254e-01
9.982079267501831055e-01
4.260912537574768066e-02
2.053166776895523071e-01
2.879196032881736755e-02
9.991044402122497559e-01
9.959604144096374512e-01
1.171727664768695831e-03
7.682133913040161133e-01
3.579054474830627441e-01
9.695249199867248535e-01
9.975647926330566406e-01
9.317319393157958984e-01
9.982095956802368164e-01
6.034846231341362000e-02
2.051809678960125893e-05
9.994956254959106445e-01
9.929566383361816406e-01
9.613053407520055771e-04
8.383215069770812988e-01
6.676351428031921387e-01
6.476412415504455566e-01
1.653809994459152222e-01
9.853400588035583496e-01
3.202991187572479248e-02
9.977918863296508789e-01
2.549167573451995850e-01
9.976722598075866699e-01
1.250071451067924500e-02
3.426153659820556641e-01
5.420916676521301270e-01
8.362901210784912109e-02
1.261828700080513954e-03
2.567875981330871582e-01
9.994571805000305176e-01
8.703598976135253906e-01
1.202037464827299118e-02
2.702800035476684570e-01
9.993726611137390137e-01
9.979258775711059570e-01
6.997570395469665527e-02
2.998046875000000000e-01
1.022257357835769653e-01
1.300641568377614021e-03
9.940478801727294922e-01
9.649450778961181641e-01
9.597489833831787109e-01
7.694054245948791504e-01
9.988328814506530762e-01
8.500911295413970947e-03
9.659021496772766113e-01
9.970185756683349609e-01
5.101625323295593262e-01
3.699491918087005615e-01
8.405472040176391602e-01
8.047957420349121094e-01
2.525401115417480469e-01
1.582925324328243732e-03
3.967046439647674561e-01
9.958263039588928223e-01
1.220526322722434998e-01
9.838547110557556152e-01
9.790318012237548828e-01
9.744722843170166016e-01
1.834627427160739899e-02
8.610947728157043457e-01
8.862264752388000488e-01
8.407261371612548828e-01
9.995343685150146484e-01
1.644148528575897217e-01
1.002312004566192627e-01
9.642563462257385254e-01
9.893279671669006348e-01
1.534255337901413441e-03
3.541254699230194092e-01
3.655995130538940430e-01
1.394435316324234009e-01
9.990620017051696777e-01
2.744686324149370193e-03
9.221631288528442383e-01
9.612870216369628906e-01
9.143875837326049805e-01
7.117862813174724579e-03
3.686955198645591736e-02
9.988864064216613770e-01
1.250451605301350355e-04
9.921934008598327637e-01
9.993320107460021973e-01
4.669266343116760254e-01
4.116050601005554199e-01
9.991267323493957520e-01
9.446401000022888184e-01
8.460468649864196777e-01
6.647520512342453003e-02
5.907574295997619629e-02
5.928341746330261230e-01
5.161194875836372375e-02
9.187349677085876465e-01
9.676373600959777832e-01
8.639028668403625488e-01
1.638266444206237793e-02
1.764824688434600830e-01
8.417723774909973145e-01
4.928192794322967529e-01
1.025108024477958679e-01
7.990846633911132812e-01
4.454350769519805908e-01
7.892188429832458496e-01
5.609869360923767090e-01
9.951228499412536621e-01
9.997467398643493652e-01
6.634145975112915039e-01
9.741718173027038574e-01
6.590856611728668213e-02
5.296198725700378418e-01
4.604236781597137451e-01
2.958802739158272743e-03
8.734006434679031372e-02
9.710367918014526367e-01
9.987317919731140137e-01
9.615406990051269531e-01
9.980773925781250000e-01
4.092719245818443596e-05
9.991033673286437988e-01
5.676263943314552307e-03
9.856345423031598330e-05
9.618573188781738281e-01
9.465575814247131348e-01
6.707363128662109375e-01
9.428220391273498535e-01
3.953869640827178955e-02
4.273284599184989929e-02
9.918284416198730469e-01
3.546306164935231209e-03
2.865607440471649170e-01
4.772319793701171875e-01
2.616370022296905518e-01
4.397382140159606934e-01
9.927364587783813477e-01
1.801744699478149414e-01
9.808838367462158203e-01
6.401685997843742371e-03
9.972813129425048828e-01
8.998945951461791992e-01
3.129973411560058594e-01
6.034170389175415039e-01
1.973599344491958618e-01
9.995853304862976074e-01
9.730131626129150391e-01
7.598933577537536621e-01
9.991639852523803711e-01
9.583112001419067383e-01
3.989245891571044922e-01
3.168331384658813477e-01
2.176010459661483765e-01
9.168799519538879395e-01
8.217932190746068954e-05
5.359448119997978210e-02
3.537576198577880859e-01
7.377336267381906509e-03
9.949072003364562988e-01
9.769501686096191406e-01
3.792983666062355042e-02
9.942755103111267090e-01
5.394427776336669922e-01
2.680706679821014404e-01
7.267929613590240479e-02
9.852698445320129395e-01
5.481666326522827148e-01
7.984788417816162109e-01
9.911887645721435547e-01
9.711228609085083008e-01
2.146430462598800659e-01
1.139459945261478424e-02
2.638038396835327148e-01
1.501459032297134399e-01
6.983324885368347168e-02
9.993441700935363770e-01
3.704201281070709229e-01
9.422683715820312500e-01
2.966398894786834717e-01
4.817308485507965088e-02
4.368815105408430099e-03
1.353548765182495117e-01
6.713334321975708008e-01
2.542904317378997803e-01
5.100935697555541992e-02
8.834628462791442871e-01
1.306342985481023788e-02
3.226041095331311226e-03
9.329774975776672363e-01
2.394933626055717468e-02
9.986953139305114746e-01
2.031635791063308716e-01
9.473604559898376465e-01
9.888330698013305664e-01
6.790424585342407227e-01
4.479780420660972595e-02
5.437717190943658352e-04
9.991538524627685547e-01
1.616198271512985229e-01
2.803879033308476210e-04
9.542413949966430664e-01
9.984112977981567383e-01
8.663079738616943359e-01
4.345725290477275848e-03
5.468087792396545410e-01
9.878370165824890137e-01
9.787252545356750488e-01
1.250799298286437988e-01
2.120367996394634247e-02
8.388379812240600586e-01
2.566920965909957886e-02
6.103347521275281906e-03
9.990164041519165039e-01
9.998010993003845215e-01
9.991047978401184082e-01
1.323923766613006592e-01
7.672097682952880859e-01
9.991492033004760742e-01
1.525750905275344849e-01
7.804009914398193359e-01
4.200655966997146606e-02
5.230089183896780014e-03
4.174783243797719479e-04
2.956528333015739918e-04
5.397451296448707581e-02
9.287840723991394043e-01
9.220785498619079590e-01
9.689537882804870605e-01
9.986870884895324707e-01
9.988683462142944336e-01
9.913572072982788086e-01
9.661195278167724609e-01
4.632968339137732983e-04
9.938522577285766602e-01
3.319001116324216127e-04
5.410201381891965866e-03
6.837570574134588242e-03
6.919546425342559814e-02
9.410995244979858398e-01
1.310459058731794357e-02
1.023181751370429993e-01
9.931145310401916504e-01
7.625562697649002075e-02
9.916892051696777344e-01
9.975804090499877930e-01
4.992353618144989014e-01
9.941182136535644531e-01
6.949353264644742012e-04
7.233304902911186218e-03
8.763911901041865349e-04
3.942681252956390381e-01
4.119881987571716309e-01
7.579983794130384922e-04
8.575502634048461914e-01
9.909080266952514648e-01
8.864590525627136230e-01
9.976056814193725586e-01
5.918150395154953003e-02
5.919618997722864151e-04
9.496389627456665039e-01
9.991945624351501465e-01
9.991185069084167480e-01
1.053223459166474640e-04
1.112533733248710632e-03
1.810683757066726685e-01
5.451189279556274414e-01
4.785017669200897217e-01
3.278779983520507812e-01
9.976510405540466309e-01
1.059734961017966270e-03
9.940226674079895020e-01
1.076815315173007548e-04
7.589346170425415039e-01
1.844061166048049927e-02
3.478708968032151461e-04
9.996910095214843750e-01
8.445141315460205078e-01
2.529512904584407806e-02
9.979612827301025391e-01
9.993795156478881836e-01
9.909915924072265625e-01
1.577189005911350250e-02
9.925591945648193359e-01
9.970105886459350586e-01
4.091955488547682762e-04
9.955419898033142090e-01
1.414545625448226929e-02
1.903537213802337646e-01
2.933515934273600578e-04
1.616098335944116116e-03
2.091344743967056274e-01
2.472323924303054810e-01
1.989127844572067261e-01
7.778038382530212402e-01
7.444012165069580078e-01
1.484664995223283768e-02
1.026722416281700134e-01
1.224934756755828857e-01
3.539955988526344299e-02
9.861589074134826660e-01
9.695345759391784668e-01
3.183225989341735840e-01
9.854816198348999023e-01
9.880097508430480957e-01
9.998151659965515137e-01
5.108732581138610840e-01
6.383052468299865723e-02
1.831264942884445190e-01
1.669335737824440002e-02
9.993983507156372070e-01
7.016070485115051270e-01
9.989190101623535156e-01
9.446542710065841675e-03
2.359691560268402100e-01
9.991056323051452637e-01
7.949132919311523438e-01
9.680800437927246094e-01
6.981774568557739258e-01
3.774839639663696289e-02
9.742844700813293457e-01
9.537374377250671387e-01
8.955640792846679688e-01
9.422472715377807617e-01
3.853772534057497978e-03
9.175003767013549805e-01
9.956439733505249023e-01
7.773444667691364884e-05
8.692530393600463867e-01
9.981799125671386719e-01
9.216701984405517578e-01
9.887822270393371582e-01
4.122719168663024902e-03
2.291249930858612061e-01
3.119105845689773560e-02
9.982390403747558594e-01
9.392278194427490234e-01
7.509877681732177734e-01
1.406799815595149994e-02
4.683520197868347168e-01
9.994645714759826660e-01
9.110621809959411621e-01
9.947674274444580078e-01
1.949067809619009495e-04
6.875733286142349243e-02
9.995036125183105469e-01
8.659850358963012695e-01
8.840393424034118652e-01
6.795149762183427811e-03
6.976147415116429329e-04
4.159494936466217041e-01
9.969195127487182617e-01
5.267398357391357422e-01
9.987490177154541016e-01
9.984239339828491211e-01
7.167580723762512207e-01
7.260274291038513184e-01
9.937094449996948242e-01
7.124753594398498535e-01
1.727841154206544161e-04
9.967137575149536133e-01
2.462988495826721191e-01
1.240734979510307312e-01
5.607300554402172565e-04
9.986172914505004883e-01
9.998688697814941406e-01
7.619726061820983887e-01
9.842376112937927246e-01
5.015658140182495117e-01
3.851239802315831184e-03
9.963269829750061035e-01
4.170105792582035065e-03
1.906199902296066284e-01
8.112804889678955078e-01
7.644430547952651978e-02
9.984633922576904297e-01
1.408870369195938110e-01
9.994406104087829590e-01
9.994084835052490234e-01
6.873783469200134277e-01
7.242500782012939453e-01
9.997951388359069824e-01
7.999024353921413422e-03
1.045921742916107178e-01
5.497876554727554321e-02
9.974345564842224121e-01
1.506295427680015564e-02
9.982832670211791992e-01
7.303051948547363281e-01
9.937523007392883301e-01
1.746575435390695930e-04
9.928209334611892700e-02
3.955160677433013916e-01
4.811602830886840820e-01
7.143217921257019043e-01
9.664054512977600098e-01
3.729512393474578857e-01
2.589197754859924316e-01
3.999644517898559570e-01
9.961296319961547852e-01
4.816179573535919189e-01
4.152973182499408722e-03
3.158904844895005226e-03
8.725624084472656250e-01
5.925766192376613617e-03
9.322899277321994305e-04
9.529772400856018066e-01
1.706177555024623871e-02
9.860098361968994141e-01
4.646300375461578369e-01
9.149994850158691406e-01
9.702389240264892578e-01
2.273085527122020721e-02
4.817802831530570984e-02
9.736190438270568848e-01
8.986348509788513184e-01
6.402966380119323730e-01
3.103310763835906982e-01
2.260134741663932800e-02
7.700217962265014648e-01
9.996619224548339844e-01
9.793878793716430664e-01
9.999068975448608398e-01
1.022745817899703979e-01
7.894924283027648926e-01
1.406453363597393036e-02
7.876379489898681641e-01
5.375803709030151367e-01
3.610389828681945801e-01
9.582595825195312500e-01
6.700766682624816895e-01
9.997830986976623535e-01
1.800200156867504120e-02
7.401149719953536987e-02
9.614261984825134277e-01
5.940612871199846268e-03
4.100036025047302246e-01
4.876810312271118164e-01
7.167493700981140137e-01
6.085209846496582031e-01
9.972009658813476562e-01
8.258753418922424316e-01
7.570403814315795898e-02
9.898540377616882324e-01
9.853587150573730469e-01
9.914976954460144043e-01
7.035300135612487793e-01
9.787519574165344238e-01
8.789708614349365234e-01
9.997534155845642090e-01
5.663559585809707642e-02
1.307854894548654556e-02
9.841193556785583496e-01
9.113172888755798340e-01
1.014911383390426636e-01
8.404578566551208496e-01
8.808873295783996582e-01
9.918051958084106445e-01
2.330230325460433960e-01
9.529569149017333984e-01
5.756463482975959778e-02
5.349314212799072266e-01
2.467641830444335938e-01
3.936020657420158386e-03
9.974201917648315430e-01
5.304000526666641235e-02
1.796881854534149170e-02
4.732449650764465332e-01
7.721816301345825195e-01
9.941113591194152832e-01
6.296218633651733398e-01
4.183404892683029175e-02
9.886381030082702637e-01
2.032391028478741646e-03
2.839700877666473389e-01
2.443499490618705750e-02
9.001892991364002228e-03
4.512113928794860840e-01
9.778589606285095215e-01
9.943208694458007812e-01
2.713312506675720215e-01
7.335632108151912689e-03
3.241047561168670654e-01
9.693216532468795776e-02
9.914896488189697266e-01
9.573429226875305176e-01
5.595390126109123230e-02
4.100488126277923584e-01
9.002360105514526367e-01
2.961135208606719971e-01
3.443009033799171448e-02
3.523268103599548340e-01
8.549705147743225098e-01
9.188401103019714355e-01
9.499092698097229004e-01
9.897224307060241699e-01
9.769501686096191406e-01
9.988408684730529785e-01
8.399350643157958984e-01
9.674929380416870117e-01
2.596139907836914062e-01
7.223612815141677856e-02
9.997634291648864746e-01
9.715764463180676103e-05
8.097392320632934570e-01
9.617969393730163574e-01
2.943548315670341253e-04
9.987090826034545898e-01
5.237490534782409668e-01
9.480627179145812988e-01
9.952529668807983398e-01
9.915933609008789062e-01
1.852776622399687767e-04
9.905282258987426758e-01
2.179676294326782227e-02
8.331198692321777344e-01
1.002343185245990753e-02
8.516854643821716309e-01
9.894114136695861816e-01
9.118908643722534180e-01
8.632056117057800293e-01
8.175315856933593750e-01
7.307835221290588379e-01
9.029822945594787598e-01
8.781375288963317871e-01
1.418564468622207642e-03
1.396048581227660179e-03
9.349115490913391113e-01
7.233133912086486816e-02
9.403524547815322876e-02
9.874086380004882812e-01
3.969593718647956848e-02
9.993724226951599121e-01
1.528128832578659058e-01
7.215136429294943810e-04
4.166179895401000977e-01
8.444131612777709961e-01
9.884260892868041992e-01
9.993146657943725586e-01
9.953036308288574219e-01
5.469307899475097656e-01
9.996061921119689941e-01
9.875588417053222656e-01
8.458071351051330566e-01
9.834966659545898438e-01
1.042296280502341688e-04
3.393663465976715088e-02
9.159234762191772461e-01
3.340254426002502441e-01
1.167173832654953003e-01
8.968546390533447266e-01
2.133677480742335320e-03
1.857601292431354523e-02
3.656606078147888184e-01
2.055567165371030569e-04
9.954965114593505859e-01
9.928206801414489746e-01
9.442660957574844360e-03
7.456286251544952393e-02
3.579580783843994141e-02
9.555255770683288574e-01
6.252919789403676987e-03
2.697693109512329102e-01
9.132437705993652344e-01
1.321511268615722656e-01
1.245373561978340149e-01
8.963262662291526794e-04
9.933204650878906250e-01
8.836635947227478027e-01
7.207671403884887695e-01
9.987950325012207031e-01
1.274301577359437943e-02
3.104762407019734383e-03
9.756498336791992188e-01
2.209379017585888505e-04
5.509589798748493195e-03
9.452723897993564606e-03
9.310609698295593262e-01
4.733898490667343140e-02
8.644933700561523438e-01
3.304804489016532898e-02
3.482370171695947647e-03
9.894541501998901367e-01
3.590179979801177979e-01
9.558301568031311035e-01
9.983705878257751465e-01
1.695744320750236511e-02
1.089094858616590500e-02
3.519413247704505920e-02
9.574034214019775391e-01
2.909002359956502914e-03
9.996280670166015625e-01
4.170622676610946655e-03
9.643577933311462402e-01
1.104765292257070541e-02
3.268759697675704956e-02
9.395238161087036133e-01
9.891272187232971191e-01
1.553595960140228271e-01
1.683551073074340820e-02
8.866818547248840332e-01
8.677954673767089844e-01
1.742608398199081421e-01
9.988312125205993652e-01
7.061645984649658203e-01
9.988358616828918457e-01
1.012099012732505798e-01
5.472738295793533325e-02
4.051996767520904541e-01
2.449139654636383057e-01
9.956016540527343750e-01
3.777838945388793945e-01
9.929876923561096191e-01
9.853653311729431152e-01
9.552160501480102539e-01
1.402298212051391602e-01
5.338622927665710449e-01
1.698434725403785706e-02
1.271435022354125977e-01
6.052024196833372116e-03
5.842474102973937988e-01
5.403178334236145020e-01
2.563277482986450195e-01
1.458951830863952637e-01
9.982414245605468750e-01
9.921942949295043945e-01
8.043550252914428711e-01
3.112745471298694611e-02
2.184249907732009888e-01
8.374021053314208984e-01
5.843935608863830566e-01
9.848012328147888184e-01
9.383400529623031616e-02
1.815402880311012268e-02
4.842053651809692383e-01
6.044320464134216309e-01
1.273670233786106110e-02
9.920427203178405762e-01
9.118309617042541504e-01
9.987550973892211914e-01
2.461963295936584473e-01
3.173819975927472115e-03
1.188254565931856632e-03
9.985530972480773926e-01
6.024955511093139648e-01
6.664774417877197266e-01
9.840213656425476074e-01
9.998334646224975586e-01
1.860308833420276642e-02
9.897100329399108887e-01
9.193522930145263672e-01
9.990418553352355957e-01
9.963694810867309570e-01
3.600206971168518066e-02
5.270710587501525879e-01
8.255917782662436366e-05
9.988683462142944336e-01
3.841461241245269775e-01
9.991224408149719238e-01
9.991512298583984375e-01
8.768122792243957520e-01
9.600895643234252930e-01
6.663033962249755859e-01
7.521259784698486328e-01
9.984652996063232422e-01
3.655301034450531006e-02
7.276204824447631836e-01
9.362428784370422363e-01
5.602465867996215820e-01
7.712668925523757935e-02
9.329949617385864258e-01
8.223801851272583008e-02
9.551734328269958496e-01
2.254881197586655617e-03
2.957012355327606201e-01
9.984011054039001465e-01
7.554053445346653461e-05
9.923041462898254395e-01
3.314235014840960503e-03
1.867622882127761841e-01
4.945219308137893677e-02
6.916907429695129395e-02
1.790102105587720871e-04
2.774377586320042610e-03
4.178505539894104004e-01
9.826750159263610840e-01
7.945540547370910645e-01
9.629532098770141602e-01
8.490837812423706055e-01
9.881310462951660156e-01
1.560320961289107800e-03
2.594460092950612307e-04
7.768461704254150391e-01
9.801532030105590820e-01
9.624924659729003906e-01
1.564524322748184204e-02
4.104931280016899109e-02
9.991307854652404785e-01
3.669869329314678907e-04
3.314547240734100342e-02
9.997044205665588379e-01
9.978251457214355469e-01
1.173947229981422424e-01
8.190440712496638298e-05
2.898978292942047119e-01
2.777101180981844664e-04
9.598351716995239258e-01
9.998795986175537109e-01
9.982511401176452637e-01
2.588113304227590561e-03
2.345561282709240913e-03
9.991716146469116211e-01
9.996860027313232422e-01
9.859008193016052246e-01
6.150792166590690613e-02
9.988530874252319336e-01
2.573589980602264404e-01
9.998261332511901855e-01
9.857629537582397461e-01
9.754269123077392578e-01
4.496351629495620728e-02
9.989916682243347168e-01
3.294952213764190674e-01
2.109748125076293945e-02
9.494705125689506531e-03
1.325855683535337448e-02
1.592160388827323914e-02
8.367775678634643555e-01
8.904294967651367188e-01
4.038204438984394073e-03
9.478931427001953125e-01
4.101229012012481689e-01
3.236752450466156006e-01
4.390470276121050119e-04
9.974775910377502441e-01
6.224530339241027832e-01
8.414058089256286621e-01
2.261808067560195923e-01
9.728771448135375977e-01
6.743977069854736328e-01
1.789091713726520538e-02
3.677955269813537598e-01
5.999740958213806152e-01
7.272193673998117447e-03
2.466866374015808105e-02
5.765930563211441040e-02
5.001816316507756710e-04
7.813013792037963867e-01
9.663581252098083496e-01
9.964241385459899902e-01
8.886688351631164551e-01
4.169523715972900391e-03
9.456830024719238281e-01
7.796677947044372559e-01
3.389708995819091797e-01
7.771768607199192047e-03
1.380248814821243286e-01
9.990192651748657227e-01
9.571433067321777344e-01
9.814667105674743652e-01
3.702129423618316650e-02
7.415953278541564941e-01
9.729433059692382812e-01
8.563400506973266602e-01
9.765486717224121094e-01
9.981729984283447266e-01
7.870927453041076660e-01
1.756177749484777451e-03
9.108553528785705566e-01
8.918960690498352051e-01
9.457537531852722168e-01
9.788309931755065918e-01
9.966480135917663574e-01
8.760853409767150879e-01
8.873359560966491699e-01
9.663059115409851074e-01
8.118392825126647949e-01
2.815574780106544495e-02
7.046011090278625488e-01
8.987953662872314453e-01
9.943124055862426758e-01
5.569410324096679688e-01
2.861768305301666260e-01
2.419806644320487976e-02
8.222364783287048340e-01
9.273073822259902954e-02
4.240594208240509033e-01
1.515023857355117798e-01
3.332876658532768488e-04
3.693079352378845215e-01
7.829052209854125977e-01
9.949398040771484375e-01
9.648991227149963379e-01
4.714233055710792542e-02
4.786088466644287109e-01
4.467394202947616577e-03
9.959023594856262207e-01
3.226332832127809525e-03
9.070375561714172363e-01
9.955983161926269531e-01
3.034284152090549469e-02
6.914831697940826416e-03
5.092223882675170898e-01
4.965213313698768616e-02
2.388650178909301758e-01
9.545325040817260742e-01
9.476305842399597168e-01
9.572010040283203125e-01
2.553694248199462891e-01
9.579264521598815918e-01
3.596788942813873291e-01
4.775553941726684570e-02
9.946243166923522949e-01
9.448643922805786133e-01
9.985255599021911621e-01
5.354720354080200195e-02
9.952412843704223633e-01
9.995964169502258301e-01
9.866833090782165527e-01
8.984724879264831543e-01
5.388328433036804199e-01
6.485012173652648926e-01
5.222628116607666016e-01
9.977958202362060547e-01
9.437459111213684082e-01
9.975021481513977051e-01
4.160375297069549561e-01
2.601994760334491730e-02
3.674796819686889648e-01
9.940885305404663086e-01
7.075635790824890137e-01
9.905884265899658203e-01
2.336894161999225616e-02
9.483044147491455078e-01
1.381636038422584534e-02
1.666970402002334595e-01
9.735735654830932617e-01
9.585824608802795410e-01
3.750982284545898438e-01
1.249249931424856186e-02
1.819759793579578400e-02
9.987253546714782715e-01
2.408657222986221313e-03
2.270875964313745499e-03
1.209452226758003235e-01
9.994640946388244629e-01
1.459832675755023956e-02
1.007753685116767883e-01
4.612305667251348495e-03
7.124120593070983887e-01
9.804543852806091309e-01
9.926405549049377441e-01
9.688627123832702637e-01
9.735593795776367188e-01
9.959522485733032227e-01
9.459145665168762207e-01
1.865305602550506592e-01
2.944699116051197052e-02
5.012426525354385376e-03
7.938228547573089600e-02
4.390781279653310776e-03
1.777857542037963867e-02
2.404341250658035278e-01
7.038913965225219727e-01
1.841216348111629486e-02
9.976087808609008789e-01
3.144156932830810547e-02
1.267405450344085693e-01
1.079029217362403870e-02
9.994603991508483887e-01
2.422985136508941650e-01
9.996681213378906250e-01
9.993407130241394043e-01
3.705486655235290527e-03
7.140229940414428711e-01
6.113485898822546005e-03
9.702351093292236328e-01
8.694498538970947266e-01
9.977986216545104980e-01
2.811580663546919823e-03
1.161737218499183655e-01
9.911645054817199707e-01
2.882959842681884766e-01
8.884224295616149902e-01
9.993407130241394043e-01
9.119103550910949707e-01
1.318617723882198334e-03
6.144978404045104980e-01
1.271837536478415132e-04
2.182781398296356201e-01
9.996731281280517578e-01
1.972179263830184937e-01
9.754613637924194336e-01
6.840752065181732178e-02
9.435372948646545410e-01
5.814437866210937500e-01
9.961736798286437988e-01
9.999067783355712891e-01
3.591310679912567139e-01
9.991008043289184570e-01
2.012201584875583649e-02
1.661144644021987915e-01
9.934618473052978516e-01
4.513072073459625244e-01
1.816813892219215631e-04
8.814749307930469513e-03
9.611880183219909668e-01
1.890621334314346313e-01
7.945494651794433594e-01
1.473844144493341446e-02
2.928356528282165527e-01
9.963011741638183594e-01
9.983984827995300293e-01
1.987535739317536354e-03
9.509465694427490234e-01
2.835661172866821289e-03
9.575982093811035156e-01
9.989638328552246094e-01
1.096765190595760942e-04
4.464004933834075928e-02
9.458851218223571777e-01
4.284768947400152683e-04
3.784770667552947998e-01
4.583090916275978088e-02
4.331791773438453674e-03
9.998134970664978027e-01
7.554768323898315430e-01
4.928480461239814758e-02
5.199433565139770508e-01
3.775140643119812012e-01
9.998325109481811523e-01
9.896300435066223145e-01
9.969082474708557129e-01
9.999154806137084961e-01
9.289877414703369141e-01
9.447227716445922852e-01
9.883916974067687988e-01
1.650819322094321251e-03
9.957957267761230469e-01
1.844230890274047852e-01
9.943786263465881348e-01
9.831244945526123047e-01
9.920186400413513184e-01
2.322002546861767769e-03
9.758441448211669922e-01
9.992734789848327637e-01
9.997301697731018066e-01
7.534548640251159668e-01
6.232085078954696655e-02
1.119426218792796135e-03
9.144878131337463856e-04
4.525219202041625977e-01
9.915249943733215332e-01
4.335018694400787354e-01
9.653655886650085449e-01
1.316486448049545288e-01
9.477189183235168457e-01
1.553927734494209290e-02
9.971151351928710938e-01
4.914204590022563934e-03
2.817376225721091032e-04
8.882791735231876373e-04
9.988892674446105957e-01
9.454494714736938477e-01
6.140046715736389160e-01
1.186004504561424255e-01
2.875171005725860596e-01
9.976195693016052246e-01
2.917948663234710693e-01
2.450828850269317627e-01
1.017062272876501083e-02
2.072700411081314087e-01
8.819437623023986816e-01
9.503669738769531250e-01
7.311565876007080078e-01
6.828639307059347630e-04
9.992691874504089355e-01
9.888135790824890137e-01
8.365641236305236816e-01
9.494971018284559250e-04
1.145444717258214951e-02
1.699100136756896973e-01
9.987770915031433105e-01
3.210268318653106689e-01
1.936964318156242371e-02
2.737535629421472549e-03
9.308400750160217285e-01
1.944965310394763947e-02
7.542107105255126953e-01
7.317996025085449219e-01
6.805805605836212635e-04
9.999415874481201172e-01
9.863935112953186035e-01
2.938399277627468109e-02
6.481554508209228516e-01
3.247951865196228027e-01
9.454556107521057129e-01
3.412572145462036133e-01
9.982380867004394531e-01
9.994224309921264648e-01
9.971827268600463867e-01
9.934565424919128418e-01
9.963627457618713379e-01
7.958139777183532715e-01
9.989838004112243652e-01
1.431439220905303955e-01
1.973114348948001862e-02
5.336053967475891113e-01
4.731992781162261963e-01
9.918884634971618652e-01
8.485021591186523438e-01
9.985830783843994141e-01
7.671884894371032715e-01
9.931800365447998047e-01
7.786530256271362305e-01
2.546585910022258759e-02
9.975370168685913086e-01
6.401681900024414062e-02
9.138672947883605957e-01
9.970236420631408691e-01
5.161833167076110840e-01
2.232329398393630981e-01
9.586232304573059082e-01
5.219455435872077942e-02
5.110134482383728027e-01
9.950700998306274414e-01
9.828355908393859863e-01
1.628854274749755859e-01
8.011260032653808594e-01
9.299414157867431641e-01
9.787771701812744141e-01
8.094806075096130371e-01
8.909017196856439114e-04
4.739223793148994446e-02
2.297104895114898682e-01
7.637344598770141602e-01
9.441331624984741211e-01
2.475318908691406250e-01
9.998630285263061523e-01
9.998818635940551758e-01
1.645889505743980408e-02
9.808833003044128418e-01
5.552073717117309570e-01
6.777878999710083008e-01
7.265887260437011719e-01
9.617336392402648926e-01
9.986578226089477539e-01
2.151159103959798813e-03
9.843485951423645020e-01
3.890760475769639015e-03
8.300603628158569336e-01
9.865806102752685547e-01
9.398208931088447571e-03
8.521522283554077148e-01
1.821761578321456909e-02
9.165045022964477539e-01
1.819511950016021729e-01
9.838602542877197266e-01
9.539027214050292969e-01
9.773270487785339355e-01
9.947809576988220215e-01
8.838213980197906494e-02
9.557407498359680176e-01
8.792210221290588379e-01
9.274027347564697266e-01
2.007014155387878418e-01
7.470848560333251953e-01
5.617646127939224243e-02
2.441301792860031128e-01
1.589206163771450520e-03
1.647721161134541035e-03
8.342051878571510315e-03
9.801335334777832031e-01
9.483066797256469727e-01
7.174860220402479172e-03
9.176387786865234375e-01
9.982197880744934082e-01
7.668505609035491943e-02
9.994213581085205078e-01
9.730573892593383789e-01
7.446520030498504639e-02
9.777577519416809082e-01
6.073579424992203712e-05
9.334254860877990723e-01
4.605981111526489258e-01
4.367377161979675293e-01
7.668846845626831055e-01
9.913781881332397461e-01
8.224441409111022949e-01
9.087769985198974609e-01
8.777596950531005859e-01
1.073054270818829536e-03
1.221228092908859253e-01
6.305623799562454224e-02
1.422647833824157715e-01
9.956493973731994629e-01
9.975142478942871094e-01
9.157429337501525879e-01
6.364485307130962610e-05
7.410836815834045410e-01
9.466033428907394409e-02
2.095453813672065735e-02
9.254564344882965088e-02
6.517987251281738281e-01
9.750686287879943848e-01
8.897832012735307217e-04
4.371581133455038071e-03
1.597460731863975525e-02
4.790019989013671875e-02
9.844638705253601074e-01
1.401237864047288895e-02
1.470982911996543407e-03
9.962416887283325195e-01
3.504433333873748779e-01
9.814667105674743652e-01
9.997590184211730957e-01
1.854127738624811172e-03
7.870555520057678223e-01
1.140620931982994080e-01
9.231394529342651367e-01
7.837198972702026367e-01
1.174971982836723328e-01
9.608250260353088379e-01
6.481150048784911633e-04
9.286250472068786621e-01
3.031700543942861259e-05
9.991769194602966309e-01
6.845213770866394043e-01
8.080900907516479492e-01
1.819911897182464600e-01
8.978430032730102539e-01
9.006393551826477051e-01
7.028464078903198242e-01
1.706035924144089222e-03
9.992939233779907227e-01
9.947703480720520020e-01
9.759083986282348633e-01
4.561442732810974121e-01
1.881526783108711243e-03
6.803694963455200195e-01
9.538922905921936035e-01
5.719449520111083984e-01
9.820573329925537109e-01
9.881105422973632812e-01
8.732472546398639679e-03
5.550600886344909668e-01
3.564770817756652832e-01
3.050180966965854168e-04
9.990742206573486328e-01
3.560174629092216492e-02
2.333099691895768046e-04
4.280257225036621094e-01
7.793508172035217285e-01
5.639883875846862793e-02
2.859275937080383301e-01
2.252988517284393311e-01
9.217568039894104004e-01
9.931208491325378418e-01
9.965094923973083496e-01
9.491372704505920410e-01
6.463891622843220830e-05
3.107111714780330658e-02
5.563290119171142578e-01
3.002408484462648630e-04
9.770610928535461426e-01
9.991391897201538086e-01
1.357879489660263062e-01
1.408570725470781326e-02
8.921813219785690308e-02
1.089140679687261581e-02
9.997403025627136230e-01
2.412732876837253571e-02
9.995014667510986328e-01
3.597992326831445098e-05
3.933159168809652328e-03
8.888056278228759766e-01
1.228213533759117126e-01
6.434198468923568726e-02
6.137434244155883789e-01
9.311054944992065430e-01
5.426255986094474792e-03
1.463502831757068634e-02
2.681465744972229004e-01
9.220785498619079590e-01
9.986883997917175293e-01
1.129675656557083130e-01
2.991537097841501236e-03
9.845124483108520508e-01
1.790814287960529327e-02
9.997014403343200684e-01
1.096389349550008774e-02
2.280514873564243317e-02
4.878270905464887619e-03
9.416446089744567871e-01
2.413132339715957642e-01
7.097005145624279976e-04
2.714931033551692963e-03
9.187552928924560547e-01
1.344693452119827271e-01
1.229615154443308711e-04
9.425508379936218262e-01
1.166191697120666504e-02
9.994120597839355469e-01
7.765685766935348511e-02
9.504963159561157227e-01
1.326760798692703247e-01
7.909591794013977051e-01
8.735743176657706499e-05
9.990045428276062012e-01
9.589994549751281738e-01
9.091953039169311523e-01
1.274185329675674438e-01
2.073518931865692139e-02
1.503551006317138672e-02
9.847435951232910156e-01
7.073898613452911377e-02
4.405993223190307617e-02
5.310451984405517578e-01
4.833642020821571350e-02
2.741278149187564850e-03
9.960005879402160645e-01
8.310032486915588379e-01
9.991647005081176758e-01
9.997175335884094238e-01
5.850583314895629883e-01
6.331253680400550365e-04
9.979345798492431641e-01
5.184584297239780426e-04
9.896154403686523438e-01
3.214970231056213379e-01
2.362888865172863007e-02
3.388995304703712463e-02
4.799533635377883911e-03
9.979318380355834961e-01
8.948119878768920898e-01
9.861603975296020508e-01
7.195663452148437500e-01
1.451347619295120239e-01
2.496028319001197815e-02
3.074301965534687042e-02
9.395051002502441406e-01
9.774774909019470215e-01
2.978640198707580566e-01
8.898660598788410425e-05
8.260066621005535126e-03
9.759399890899658203e-01
9.958161972463130951e-04
5.188567638397216797e-01
9.791654348373413086e-01
1.016721944324672222e-03
1.036894414573907852e-02
9.711942672729492188e-01
8.768497705459594727e-01
5.126622915267944336e-01
6.219815462827682495e-03
7.704374939203262329e-02
1.650529801845550537e-01
2.689417600631713867e-01
9.899820685386657715e-01
1.238155085593461990e-02
8.067700862884521484e-01
7.185175418853759766e-01
9.997804760932922363e-01
9.843720793724060059e-01
9.976704716682434082e-01
1.465061120688915253e-02
2.586351037025451660e-01
9.604738950729370117e-01
2.641978207975625992e-04
6.258519887924194336e-01
9.852347373962402344e-01
3.547272086143493652e-01
9.656711667776107788e-02
6.603734940290451050e-02
8.768320083618164062e-01
4.664494097232818604e-02
6.769357323646545410e-01
3.076653778553009033e-01
5.564327239990234375e-01
3.888591006398200989e-02
2.917362609878182411e-03
9.424974322319030762e-01
9.993342757225036621e-01
9.514443278312683105e-01
9.972202777862548828e-01
5.459776613861322403e-03
9.978432655334472656e-01
2.196199493482708931e-03
3.896698355674743652e-02
2.767266035079956055e-01
9.904512166976928711e-01
1.486805081367492676e-01
2.981998212635517120e-02
7.983019351959228516e-01
2.315747924149036407e-02
9.799425601959228516e-01
2.824565581977367401e-02
9.916076660156250000e-01
9.930843114852905273e-01
1.465304195880889893e-02
2.782209962606430054e-02
3.451566398143768311e-01
9.155401960015296936e-03
9.646894931793212891e-01
1.497268527746200562e-01
9.813364148139953613e-01
9.682548046112060547e-01
9.888765215873718262e-01
9.979698061943054199e-01
3.581066429615020752e-01
1.008335277438163757e-01
2.724982798099517822e-01
9.993945360183715820e-01
9.716108441352844238e-01
8.807132951915264130e-03
1.053080260753631592e-01
1.735484451055526733e-01
9.916627407073974609e-01
9.985371828079223633e-01
9.978074431419372559e-01
9.961883425712585449e-01
2.043794244527816772e-01
9.979548454284667969e-01
9.613000750541687012e-01
9.997512698173522949e-01
7.835834549041464925e-05
6.061636283993721008e-02
9.485081434249877930e-01
9.120469093322753906e-01
9.995585083961486816e-01
1.566039174795150757e-01
9.996805191040039062e-01
9.972863197326660156e-01
9.994181394577026367e-01
5.139829516410827637e-01
1.385619048960506916e-03
9.740266799926757812e-01
9.999002218246459961e-01
9.986984729766845703e-01
3.150859475135803223e-01
9.919767975807189941e-01
5.752441007643938065e-03
3.692507278174161911e-03
9.948134422302246094e-01
9.959910511970520020e-01
9.744036793708801270e-01
9.722886681556701660e-01
9.932671785354614258e-01
9.711172580718994141e-01
9.997013211250305176e-01
9.953222870826721191e-01
1.373665630817413330e-01
2.100847050314769149e-04
5.462410449981689453e-01
6.454131007194519043e-02
8.351849913597106934e-01
9.760278463363647461e-01
3.574044676497578621e-04
8.127076029777526855e-01
6.277353167533874512e-01
9.842869043350219727e-01
2.285406953888013959e-04
9.997832179069519043e-01
1.671516150236129761e-01
9.993156194686889648e-01
5.590638518333435059e-02
8.757132291793823242e-02
9.916371703147888184e-01
6.293602287769317627e-02
2.525148689746856689e-01
7.089137434959411621e-01
9.987597465515136719e-01
1.019883202388882637e-03
2.525248527526855469e-01
1.414717175066471100e-02
3.285526181571185589e-04
5.964124575257301331e-02
5.105137228965759277e-01
2.102939486503601074e-01
2.907864516600966454e-03
7.885531783103942871e-01
5.118824914097785950e-02
8.340627700090408325e-02
9.765807390213012695e-01
7.593901157379150391e-01
9.754009246826171875e-01
2.424867004156112671e-01
8.822898268699645996e-01
1.337711215019226074e-01
4.392288029193878174e-01
9.028919339179992676e-01
9.947551488876342773e-01
4.322925116866827011e-03
1.883189380168914795e-02
2.369488179683685303e-01
1.306886076927185059e-01
2.226169705390930176e-01
9.895426034927368164e-01
4.554395098239183426e-03
9.817498922348022461e-01
9.998146891593933105e-01
6.215702742338180542e-03
1.665893010795116425e-03
9.984140396118164062e-01
9.914125204086303711e-01
9.813501834869384766e-01
2.177528804168105125e-03
5.577383637428283691e-01
8.701996505260467529e-02
1.006625476293265820e-03
1.439896970987319946e-01
9.990748167037963867e-01
2.776271402835845947e-01
9.343346953392028809e-01
3.468571975827217102e-02
9.936374425888061523e-01
9.760848879814147949e-01
8.966496097855269909e-04
7.529277801513671875e-01
4.390331804752349854e-01
9.412382245063781738e-01
9.975913763046264648e-01
9.273457340896129608e-03
9.896526932716369629e-01
9.998254179954528809e-01
9.528689831495285034e-02
8.581933975219726562e-01
1.537642478942871094e-01
9.840617775917053223e-01
3.584181144833564758e-02
3.198672831058502197e-01
6.424316763877868652e-01
1.987760066986083984e-01
4.957026988267898560e-02
9.720841646194458008e-01
9.345429539680480957e-01
6.128107663244009018e-03
3.797926381230354309e-02
9.038215130567550659e-02
9.758958220481872559e-01
9.987120628356933594e-01
2.431840002536773682e-01
2.887985855340957642e-02
9.960696697235107422e-01
7.902380228042602539e-01
9.898998141288757324e-01
9.997201561927795410e-01
9.690554141998291016e-01
3.624782431870698929e-03
5.103818699717521667e-02
5.203737616539001465e-01
8.645976185798645020e-01
1.610097438097000122e-01
1.241919547319412231e-01
2.161508612334728241e-02
3.739058971405029297e-01
1.370557025074958801e-02
5.870369076728820801e-01
8.484399318695068359e-01
9.994906187057495117e-01
6.275598406791687012e-01
9.953539371490478516e-01
4.361025989055633545e-03
3.257929347455501556e-03
3.481855988502502441e-02
5.123417973518371582e-01
9.964727759361267090e-01
9.908319115638732910e-01
7.075677514076232910e-01
9.721716046333312988e-01
9.702073931694030762e-01
9.954279661178588867e-01
1.547773368656635284e-03
9.952389001846313477e-01
2.078428660752251744e-04
6.498557329177856445e-01
8.888514041900634766e-01
6.470950320363044739e-03
9.984135627746582031e-01
6.002310290932655334e-02
9.825370907783508301e-01
8.782641030848026276e-03
3.147305920720100403e-03
9.993726611137390137e-01
9.975001215934753418e-01
9.987834095954895020e-01
8.239907026290893555e-02
4.837398882955312729e-03
8.482384085655212402e-01
4.089355841279029846e-02
1.560230273753404617e-03
8.239971399307250977e-01
1.215517446398735046e-01
1.699940860271453857e-02
9.642723202705383301e-01
4.285581707954406738e-01
9.809337258338928223e-01
9.989263415336608887e-01
1.442856937646865845e-01
9.996916055679321289e-01
9.297922253608703613e-01
9.966315627098083496e-01
9.580820202827453613e-01
7.750995159149169922e-01
2.799670100212097168e-01
4.060794115066528320e-01
4.870679695159196854e-03
4.355135373771190643e-03
9.986056685447692871e-01
9.953784756362438202e-04
3.046802990138530731e-02
6.497326493263244629e-01
9.990956783294677734e-01
8.490394353866577148e-01
1.661208719015121460e-01
9.890499114990234375e-01
9.132757782936096191e-01
7.288081049919128418e-01
5.279720947146415710e-02
3.357112705707550049e-01
9.948999285697937012e-01
1.014310941100120544e-01
2.581936540082097054e-03
9.988558292388916016e-01
9.997799992561340332e-01
2.039149840129539371e-04
7.584580779075622559e-01
9.665063023567199707e-01
9.727749228477478027e-01
9.954890608787536621e-01
3.322117775678634644e-02
1.933824829757213593e-02
8.387718116864562035e-05
9.953900575637817383e-01
4.794358313083648682e-01
1.476899720728397369e-03
9.995405673980712891e-01
9.998254179954528809e-01
9.808433651924133301e-01
9.986769556999206543e-01
9.994496703147888184e-01
7.757194638252258301e-01
9.937914013862609863e-01
9.997784495353698730e-01
7.819069623947143555e-01
9.372991323471069336e-01
9.918954968452453613e-01
2.531720139086246490e-02
5.067103193141520023e-04
2.152333557605743408e-01
9.993169307708740234e-01
9.687593579292297363e-02
1.132495515048503876e-02
9.984898567199707031e-01
9.899538755416870117e-01
8.626260757446289062e-01
7.969964742660522461e-01
1.063190065906383097e-04
5.028230324387550354e-02
9.960299134254455566e-01
9.954358935356140137e-01
5.798106193542480469e-01
7.903361320495605469e-01
9.900050759315490723e-01
6.468311548233032227e-01
2.564401738345623016e-02
8.532230257987976074e-01
3.362509654834866524e-03
9.746290743350982666e-04
1.115995272994041443e-01
1.127893254160881042e-01
2.967041432857513428e-01
8.052491545677185059e-01
9.998335838317871094e-01
7.854103296995162964e-02
9.996637105941772461e-01
9.635378718376159668e-01
8.224587440490722656e-01
9.976978898048400879e-01
3.823008853942155838e-03
6.270362064242362976e-04
1.864353865385055542e-01
5.916767120361328125e-01
1.668154727667570114e-03
9.242148399353027344e-01
9.987020492553710938e-01
7.173823714256286621e-01
9.787194132804870605e-01
9.955891370773315430e-01
9.618580937385559082e-01
7.023913860321044922e-01
7.771224379539489746e-01
8.345099091529846191e-01
9.349615573883056641e-01
8.495392650365829468e-02
3.463645698502659798e-03
6.207925081253051758e-01
2.430958598852157593e-01
9.706813693046569824e-01
9.937075376510620117e-01
7.719432003796100616e-03
9.756520986557006836e-01
9.349476099014282227e-01
9.670502543449401855e-01
9.274444580078125000e-01
9.947625994682312012e-01
7.398457527160644531e-01
5.114996433258056641e-01
8.003253936767578125e-01
9.968817234039306641e-01
9.992117881774902344e-01
2.073505371809005737e-01
3.838270604610443115e-01
2.500395774841308594e-01
9.929481744766235352e-01
8.122398853302001953e-01
9.984622001647949219e-01
2.594238817691802979e-01
9.637954831123352051e-01
4.299329221248626709e-01
2.467328123748302460e-02
3.818246424198150635e-01
4.979132711887359619e-01
8.397628068923950195e-01
3.462310731410980225e-01
9.986411929130554199e-01
9.952529668807983398e-01
2.630522847175598145e-01
1.174723431468009949e-01
9.993009567260742188e-01
9.596905708312988281e-01
1.471632905304431915e-02
9.984878301620483398e-01
9.967417120933532715e-01
9.993434548377990723e-01
9.408738017082214355e-01
5.613103508949279785e-01
9.975080490112304688e-01
9.793879985809326172e-01
9.833897650241851807e-02
2.382219880819320679e-01
9.982113838195800781e-01
9.648073315620422363e-01
7.105097770690917969e-01
2.019092291593551636e-01
3.044014610350131989e-02
9.615745544433593750e-01
9.994314312934875488e-01
2.609425596892833710e-02
3.971178233623504639e-01
1.996689010411500931e-03
5.548362731933593750e-01
3.883164525032043457e-01
8.341211676597595215e-01
9.989435076713562012e-01
9.427281618118286133e-01
1.874711779237259179e-05
1.337822228670120239e-01
3.551789373159408569e-02
9.828560948371887207e-01
9.969882369041442871e-01
9.891996383666992188e-01
2.333656512200832367e-02
9.956210255622863770e-01
9.331502914428710938e-01
9.802676439285278320e-01
9.297388792037963867e-01
1.900021433830261230e-01
9.010775014758110046e-03
7.481605559587478638e-02
9.511840343475341797e-01
6.611975431442260742e-01
9.464524984359741211e-01
9.960696697235107422e-01
2.060677558183670044e-01
9.932403564453125000e-01
9.786540865898132324e-01
8.592242598533630371e-01
9.990060925483703613e-01
9.976087808609008789e-01
9.988265633583068848e-01
9.749164581298828125e-01
9.605829715728759766e-01
5.257890820503234863e-01
9.559309110045433044e-04
5.437268018722534180e-01
9.564474457874894142e-04
4.811725318431854248e-01
2.265434414148330688e-01
9.823504686355590820e-01
7.034158706665039062e-02
4.548168778419494629e-01
4.657641693484038115e-04
9.988074302673339844e-01
3.092255890369415283e-01
9.998750686645507812e-01
8.262255042791366577e-02
3.255115821957588196e-03
6.739985663443803787e-03
4.902515411376953125e-01
2.360543236136436462e-03
1.594011336565017700e-01
7.580268662422895432e-03
9.575009942054748535e-01
7.769706845283508301e-02
8.439767360687255859e-01
5.957591347396373749e-03
8.763957619667053223e-01
3.203037753701210022e-02
9.998047947883605957e-01
3.678542003035545349e-02
6.783333420753479004e-01
9.898792505264282227e-01
4.020367562770843506e-01
1.241975128650665283e-01
1.534738764166831970e-02
4.333085598773322999e-05
1.767498813569545746e-02
5.088230594992637634e-03
9.946035742759704590e-01
1.092330291867256165e-01
9.987747073173522949e-01
7.924974560737609863e-01
3.164154244586825371e-03
9.972468614578247070e-01
9.892655611038208008e-01
8.037989586591720581e-02
7.208935916423797607e-02
9.835873246192932129e-01
9.867373108863830566e-01
1.883457414805889130e-02
9.988749623298645020e-01
3.409039974212646484e-01
2.450164854526519775e-01
9.313332438468933105e-01
4.914352297782897949e-02
2.222802024334669113e-03
1.853185892105102539e-01
9.984189271926879883e-01
4.074055850505828857e-01
8.815300464630126953e-01
7.650643587112426758e-01
9.991391897201538086e-01
2.116774916648864746e-01
9.964314699172973633e-01
1.613029390573501587e-01
9.943945407867431641e-01
7.127214670181274414e-01
8.487799167633056641e-01
8.723557591438293457e-01
7.712243590503931046e-03
1.293417299166321754e-03
3.478625789284706116e-03
3.044568002223968506e-02
2.030331082642078400e-02
9.980329871177673340e-01
9.986945986747741699e-01
2.617999271024018526e-04
3.677207045257091522e-03
7.971506714820861816e-01
9.828123450279235840e-01
9.976537823677062988e-01
2.214974351227283478e-02
9.871038794517517090e-01
5.526921246200799942e-03
6.641717255115509033e-02
9.756760597229003906e-01
1.297027021646499634e-01
8.404446244239807129e-01
9.996609687805175781e-01
9.809557795524597168e-01
9.995487332344055176e-01
1.323302928358316422e-02
1.788139492273330688e-01
7.004662620602175593e-05
8.710880875587463379e-01
8.661146759986877441e-01
9.964584708213806152e-01
9.984423518180847168e-01
4.913496375083923340e-01
8.759764432907104492e-01
9.747377634048461914e-01
9.505706429481506348e-01
9.962848573923110962e-02
1.177197694778442383e-01
4.583940654993057251e-02
5.814572572708129883e-01
1.147382408380508423e-01
9.862272143363952637e-01
1.063255779445171356e-02
9.132541418075561523e-01
1.210649777203798294e-02
9.827137589454650879e-01
8.979181051254272461e-01
7.283644750714302063e-03
9.963515996932983398e-01
8.356587886810302734e-01
6.533471867442131042e-03
5.494043231010437012e-03
9.952405691146850586e-01
9.683337211608886719e-01
9.989616870880126953e-01
5.402836203575134277e-01
9.376630187034606934e-01
2.262223511934280396e-02
1.065248623490333557e-02
8.013408780097961426e-01
3.022596240043640137e-01
1.641814224421977997e-02
7.571977972984313965e-01
9.765585660934448242e-01
9.976822137832641602e-01
3.185136476531624794e-03
9.994188547134399414e-01
2.655301429331302643e-02
9.949586987495422363e-01
6.487058475613594055e-03
9.551150202751159668e-01
9.592909812927246094e-01
9.492864608764648438e-01
2.153153158724308014e-02
3.188185393810272217e-01
5.017842054367065430e-01
1.748328213579952717e-03
6.848645806312561035e-01
9.983154535293579102e-01
9.740365147590637207e-01
6.807051301002502441e-01
5.538620352745056152e-01
9.801161289215087891e-01
5.314469709992408752e-02
9.283551573753356934e-01
2.076359279453754425e-02
9.915105104446411133e-01
1.139203435741364956e-03
8.698705583810806274e-02
3.911072853952646255e-03
8.753336220979690552e-02
8.077037334442138672e-01
9.984020590782165527e-01
4.355462193489074707e-01
3.650169353932142258e-03
9.995858073234558105e-01
9.449812769889831543e-01
1.093748142011463642e-03
7.400173544883728027e-01
9.606667160987854004e-01
1.603897544555366039e-03
8.149777054786682129e-01
7.633125036954879761e-02
9.806042909622192383e-01
9.672666192054748535e-01
4.381295144557952881e-01
2.140743657946586609e-02
