7.437201142311096191e-01
7.661968469619750977e-01
6.982438564300537109e-01
6.795474290847778320e-01
6.643970608711242676e-01
7.219091653823852539e-01
6.520481109619140625e-01
7.235074043273925781e-01
4.658113718032836914e-01
7.282070517539978027e-01
7.021865248680114746e-01
7.045166492462158203e-01
6.594433784484863281e-01
7.090199589729309082e-01
7.225323915481567383e-01
7.312999963760375977e-01
7.538261413574218750e-01
7.004801034927368164e-01
6.979876756668090820e-01
7.970932722091674805e-01
7.745796442031860352e-01
7.150774598121643066e-01
6.395621895790100098e-01
7.686783671379089355e-01
6.837961077690124512e-01
7.762913107872009277e-01
6.825556755065917969e-01
7.430818080902099609e-01
7.003554105758666992e-01
7.366036176681518555e-01
6.341987848281860352e-01
7.012050747871398926e-01
7.828769087791442871e-01
7.205289602279663086e-01
7.386649250984191895e-01
7.448229789733886719e-01
7.777822613716125488e-01
7.471811771392822266e-01
6.510919928550720215e-01
6.591417193412780762e-01
6.980410814285278320e-01
2.674058079719543457e-01
7.057421803474426270e-01
6.604422926902770996e-01
7.532231211662292480e-01
6.450508832931518555e-01
6.173794865608215332e-01
6.824442744255065918e-01
6.256537437438964844e-01
6.491174697875976562e-01
6.741675734519958496e-01
5.908265709877014160e-01
6.618791222572326660e-01
5.934307575225830078e-01
6.008085608482360840e-01
6.589893102645874023e-01
6.912101507186889648e-01
3.783823251724243164e-01
6.243348717689514160e-01
7.087581157684326172e-01
7.189598679542541504e-01
7.346103191375732422e-01
7.027290463447570801e-01
7.342463135719299316e-01
6.958473324775695801e-01
6.996135115623474121e-01
7.358179092407226562e-01
7.293874621391296387e-01
6.587868928909301758e-01
7.621867656707763672e-01
7.179111242294311523e-01
5.579901933670043945e-01
7.261805534362792969e-01
6.944184899330139160e-01
2.840886712074279785e-01
7.464381456375122070e-01
7.307057976722717285e-01
7.398888468742370605e-01
7.624216079711914062e-01
6.704200506210327148e-01
6.887201666831970215e-01
7.563487291336059570e-01
6.294926404953002930e-01
7.661663293838500977e-01
6.936380863189697266e-01
7.265719771385192871e-01
6.615250110626220703e-01
6.907268166542053223e-01
7.577728629112243652e-01
6.977905631065368652e-01
7.078019976615905762e-01
7.321215271949768066e-01
6.743767857551574707e-01
7.607548832893371582e-01
4.490346610546112061e-01
6.702144742012023926e-01
5.698475241661071777e-01
7.170260548591613770e-01
6.192836165428161621e-01
7.213130593299865723e-01
6.804603934288024902e-01
6.699033379554748535e-01
7.248491048812866211e-01
6.650198101997375488e-01
7.206846475601196289e-01
6.935044527053833008e-01
7.539672255516052246e-01
6.420193314552307129e-01
6.922563314437866211e-01
7.308834195137023926e-01
6.790494322776794434e-01
7.665433883666992188e-01
7.013548612594604492e-01
6.703637838363647461e-01
6.905562281608581543e-01
6.826323270797729492e-01
7.417290210723876953e-01
7.759575247764587402e-01
6.837978363037109375e-01
6.229217648506164551e-01
7.023634910583496094e-01
5.570381283760070801e-01
7.003832459449768066e-01
7.524643540382385254e-01
6.761835813522338867e-01
5.787580013275146484e-01
7.039416432380676270e-01
6.203324198722839355e-01
6.716468930244445801e-01
7.407393455505371094e-01
7.146151661872863770e-01
7.028460502624511719e-01
6.481865644454956055e-01
6.029573678970336914e-01
7.235245704650878906e-01
7.567986845970153809e-01
7.331923842430114746e-01
7.360432744026184082e-01
6.243392825126647949e-01
7.347056865692138672e-01
7.583521604537963867e-01
7.135844826698303223e-01
2.875607907772064209e-01
7.485657334327697754e-01
7.087640762329101562e-01
7.458192706108093262e-01
7.191724777221679688e-01
7.602103352546691895e-01
7.466092109680175781e-01
7.069088816642761230e-01
7.892039418220520020e-01
7.196561694145202637e-01
5.739698410034179688e-01
6.829593777656555176e-01
6.310276389122009277e-01
6.485115885734558105e-01
7.775073051452636719e-01
7.038948535919189453e-01
3.284637331962585449e-01
6.965581178665161133e-01
7.377693057060241699e-01
7.478708028793334961e-01
7.255049943923950195e-01
5.873138904571533203e-01
7.802718281745910645e-01
7.412104606628417969e-01
3.191750943660736084e-01
7.293174862861633301e-01
7.593804001808166504e-01
7.101947069168090820e-01
7.795044183731079102e-01
5.785933136940002441e-01
5.447837710380554199e-01
3.620743751525878906e-01
7.499554157257080078e-01
7.008512616157531738e-01
7.204957604408264160e-01
6.989597678184509277e-01
6.775600314140319824e-01
7.583373785018920898e-01
7.803629040718078613e-01
7.117364406585693359e-01
7.247659564018249512e-01
6.485676765441894531e-01
6.938365101814270020e-01
7.296521067619323730e-01
7.052007317543029785e-01
7.301748991012573242e-01
6.897108554840087891e-01
6.406695246696472168e-01
6.511827707290649414e-01
5.822640061378479004e-01
5.046575069427490234e-01
6.442434787750244141e-01
6.967087984085083008e-01
6.377158761024475098e-01
6.397245526313781738e-01
4.509410858154296875e-01
6.994369626045227051e-01
7.683940529823303223e-01
7.503796219825744629e-01
7.173421978950500488e-01
7.768142819404602051e-01
5.910988450050354004e-01
2.768883407115936279e-01
6.256792545318603516e-01
6.661022305488586426e-01
7.385589480400085449e-01
6.458330750465393066e-01
7.065432667732238770e-01
7.985842823982238770e-01
7.125079035758972168e-01
7.054393887519836426e-01
6.500998735427856445e-01
7.198822498321533203e-01
7.225622534751892090e-01
7.282827496528625488e-01
6.227816939353942871e-01
5.776797533035278320e-01
7.514917254447937012e-01
6.915854811668395996e-01
6.772942543029785156e-01
6.925157904624938965e-01
7.018309831619262695e-01
6.056355834007263184e-01
7.484244704246520996e-01
6.881166100502014160e-01
7.686461210250854492e-01
7.162949442863464355e-01
7.214584350585937500e-01
7.446706295013427734e-01
7.559235692024230957e-01
6.070952415466308594e-01
7.597539424896240234e-01
2.917249202728271484e-01
6.604686975479125977e-01
7.148113250732421875e-01
7.485694289207458496e-01
6.593335270881652832e-01
6.175830960273742676e-01
6.624926328659057617e-01
7.374358773231506348e-01
7.095541954040527344e-01
6.142580509185791016e-01
7.525003552436828613e-01
7.344929575920104980e-01
7.263495326042175293e-01
7.065197825431823730e-01
7.004699707031250000e-01
7.475072145462036133e-01
7.169021964073181152e-01
7.203728556632995605e-01
7.320926785469055176e-01
7.435467243194580078e-01
7.124432325363159180e-01
7.139955163002014160e-01
7.025716900825500488e-01
3.088053762912750244e-01
7.161894440650939941e-01
7.101525664329528809e-01
7.560837268829345703e-01
7.700083255767822266e-01
7.020056247711181641e-01
6.350768804550170898e-01
7.524559497833251953e-01
7.508107423782348633e-01
7.617903947830200195e-01
6.122728586196899414e-01
6.757789850234985352e-01
7.304977178573608398e-01
6.802911758422851562e-01
6.868194937705993652e-01
7.749872803688049316e-01
6.200604438781738281e-01
7.111020684242248535e-01
6.378729939460754395e-01
7.228282690048217773e-01
5.848420858383178711e-01
6.250079274177551270e-01
6.971264481544494629e-01
7.141569852828979492e-01
6.707890629768371582e-01
6.900787353515625000e-01
6.958493590354919434e-01
7.093783020973205566e-01
7.420774698257446289e-01
6.813280582427978516e-01
7.444982528686523438e-01
5.593976378440856934e-01
7.646762132644653320e-01
7.421407699584960938e-01
6.257193088531494141e-01
2.632277011871337891e-01
6.614739894866943359e-01
7.226938009262084961e-01
7.605330944061279297e-01
7.341581583023071289e-01
7.030101418495178223e-01
7.174059748649597168e-01
6.483964323997497559e-01
7.242894768714904785e-01
7.069270014762878418e-01
7.025194764137268066e-01
7.291575074195861816e-01
7.438348531723022461e-01
6.948641538619995117e-01
7.082094550132751465e-01
6.601735949516296387e-01
7.631540298461914062e-01
6.559045314788818359e-01
7.378433346748352051e-01
6.790620088577270508e-01
6.951996684074401855e-01
6.750466823577880859e-01
6.125655770301818848e-01
7.535986304283142090e-01
7.622476220130920410e-01
6.903816461563110352e-01
6.973998546600341797e-01
6.879483461380004883e-01
6.558604240417480469e-01
7.389668226242065430e-01
6.231066584587097168e-01
7.696363329887390137e-01
6.753651499748229980e-01
6.898626685142517090e-01
7.126759886741638184e-01
7.336178421974182129e-01
7.539595365524291992e-01
6.996186971664428711e-01
6.821849942207336426e-01
4.066970348358154297e-01
6.897124052047729492e-01
5.380075573921203613e-01
7.536028623580932617e-01
5.606916546821594238e-01
3.207057416439056396e-01
6.639293432235717773e-01
6.912312507629394531e-01
6.456328630447387695e-01
5.766291022300720215e-01
7.540540695190429688e-01
4.807341992855072021e-01
6.490013003349304199e-01
7.158586382865905762e-01
7.348800301551818848e-01
6.174085140228271484e-01
6.352871060371398926e-01
6.895011663436889648e-01
6.750326752662658691e-01
7.301748991012573242e-01
6.802687048912048340e-01
7.599514126777648926e-01
6.316940784454345703e-01
6.525622606277465820e-01
6.372463107109069824e-01
6.074077486991882324e-01
7.154280543327331543e-01
6.757577061653137207e-01
6.647028326988220215e-01
7.612179517745971680e-01
7.165328860282897949e-01
7.078027129173278809e-01
6.161702871322631836e-01
6.795443296432495117e-01
7.458605170249938965e-01
6.420929431915283203e-01
7.745339870452880859e-01
6.718067526817321777e-01
5.454362630844116211e-01
7.387158274650573730e-01
4.862833321094512939e-01
7.550821900367736816e-01
7.576574087142944336e-01
6.782152652740478516e-01
7.469894886016845703e-01
7.489135265350341797e-01
7.107293605804443359e-01
6.754146218299865723e-01
7.318238615989685059e-01
7.116848230361938477e-01
4.302144646644592285e-01
6.617097258567810059e-01
6.301594972610473633e-01
7.540088891983032227e-01
7.531436681747436523e-01
7.398095726966857910e-01
6.647018790245056152e-01
5.974509716033935547e-01
6.679019331932067871e-01
3.722695708274841309e-01
6.793282032012939453e-01
5.784039497375488281e-01
7.348327636718750000e-01
7.355223894119262695e-01
6.746542453765869141e-01
6.947405934333801270e-01
7.359381318092346191e-01
7.198882102966308594e-01
7.030606865882873535e-01
6.560170650482177734e-01
7.592650651931762695e-01
7.332972884178161621e-01
5.287924408912658691e-01
3.788638412952423096e-01
6.600626111030578613e-01
7.213401794433593750e-01
7.145197391510009766e-01
7.027475833892822266e-01
5.125567913055419922e-01
7.084808945655822754e-01
7.141489386558532715e-01
7.790610790252685547e-01
7.474613785743713379e-01
7.264718413352966309e-01
7.799998521804809570e-01
7.260322570800781250e-01
6.465240716934204102e-01
7.277138233184814453e-01
6.610146164894104004e-01
7.439754009246826172e-01
7.447311282157897949e-01
4.040704667568206787e-01
6.502178907394409180e-01
7.164487838745117188e-01
7.204448580741882324e-01
6.426578760147094727e-01
7.732248306274414062e-01
6.483383178710937500e-01
7.597250342369079590e-01
6.402076482772827148e-01
6.898148059844970703e-01
3.361736834049224854e-01
7.709338068962097168e-01
6.664939522743225098e-01
7.521006464958190918e-01
7.033053040504455566e-01
6.446161866188049316e-01
7.156899571418762207e-01
6.941676735877990723e-01
7.062476277351379395e-01
7.264223694801330566e-01
6.845073699951171875e-01
4.709708988666534424e-01
6.887633204460144043e-01
6.568949818611145020e-01
7.234187126159667969e-01
3.960804343223571777e-01
7.353724241256713867e-01
6.973717212677001953e-01
6.982343196868896484e-01
5.499098300933837891e-01
4.871050715446472168e-01
5.822527408599853516e-01
7.319261431694030762e-01
7.012589573860168457e-01
7.599067687988281250e-01
7.869775891304016113e-01
7.013171911239624023e-01
7.653505206108093262e-01
7.319215536117553711e-01
7.044861316680908203e-01
5.590096116065979004e-01
7.591655850410461426e-01
6.014358997344970703e-01
7.427589893341064453e-01
7.357960939407348633e-01
7.121815681457519531e-01
7.060509324073791504e-01
7.843657135963439941e-01
7.045099139213562012e-01
5.943286418914794922e-01
7.322266101837158203e-01
6.890823841094970703e-01
7.471654415130615234e-01
6.980937719345092773e-01
7.385511398315429688e-01
6.616563796997070312e-01
6.349517107009887695e-01
6.974482536315917969e-01
5.991544723510742188e-01
7.346466183662414551e-01
2.492009401321411133e-01
6.200188994407653809e-01
7.667838931083679199e-01
7.676815390586853027e-01
7.405716776847839355e-01
6.662319898605346680e-01
7.112672924995422363e-01
5.931956171989440918e-01
6.663753986358642578e-01
6.153324246406555176e-01
7.296108007431030273e-01
7.635618448257446289e-01
5.524214506149291992e-01
7.470887899398803711e-01
7.205387949943542480e-01
7.227552533149719238e-01
7.386217117309570312e-01
7.209030389785766602e-01
6.652438640594482422e-01
5.967550277709960938e-01
7.376891374588012695e-01
7.439853549003601074e-01
7.201978564262390137e-01
7.149062752723693848e-01
7.253307104110717773e-01
7.395303249359130859e-01
2.410940229892730713e-01
6.141585707664489746e-01
7.578712105751037598e-01
6.206367611885070801e-01
7.558534145355224609e-01
7.441227436065673828e-01
7.728250026702880859e-01
7.487249374389648438e-01
7.834200263023376465e-01
4.830633699893951416e-01
7.086337208747863770e-01
7.602362632751464844e-01
7.105219364166259766e-01
6.698922514915466309e-01
7.047648429870605469e-01
6.274142265319824219e-01
5.745202302932739258e-01
7.188155055046081543e-01
7.625131607055664062e-01
7.708175182342529297e-01
7.264983654022216797e-01
6.437273621559143066e-01
6.593250036239624023e-01
7.377320528030395508e-01
6.670247316360473633e-01
5.575164556503295898e-01
7.775985598564147949e-01
7.914426326751708984e-01
6.429082751274108887e-01
7.148842811584472656e-01
7.205700278282165527e-01
6.768801212310791016e-01
6.968677639961242676e-01
5.813534259796142578e-01
7.306731939315795898e-01
7.130039930343627930e-01
6.875423789024353027e-01
7.215219140052795410e-01
6.443110704421997070e-01
7.285490036010742188e-01
3.041802942752838135e-01
7.034453153610229492e-01
6.132243871688842773e-01
7.442244291305541992e-01
7.647187113761901855e-01
7.554834485054016113e-01
5.809872746467590332e-01
7.432262897491455078e-01
6.646577119827270508e-01
5.868608951568603516e-01
6.924340724945068359e-01
7.677357196807861328e-01
6.680790781974792480e-01
7.310545444488525391e-01
7.255317568778991699e-01
6.526959538459777832e-01
7.074772119522094727e-01
7.514973282814025879e-01
5.356459021568298340e-01
6.058598160743713379e-01
7.327373623847961426e-01
6.700013875961303711e-01
7.409960031509399414e-01
6.883248686790466309e-01
6.719518303871154785e-01
4.200651645660400391e-01
5.798829793930053711e-01
6.242699027061462402e-01
6.830731034278869629e-01
7.690628170967102051e-01
7.411590218544006348e-01
6.820083260536193848e-01
7.500466108322143555e-01
6.829454302787780762e-01
5.927819609642028809e-01
7.365084886550903320e-01
6.833744049072265625e-01
7.526706457138061523e-01
4.203431308269500732e-01
6.508759856224060059e-01
7.216707468032836914e-01
6.874197721481323242e-01
7.150558233261108398e-01
6.497653722763061523e-01
5.738632678985595703e-01
6.920926570892333984e-01
5.291172266006469727e-01
7.284787893295288086e-01
7.216392755508422852e-01
2.549985349178314209e-01
6.744674444198608398e-01
7.618296146392822266e-01
6.517030596733093262e-01
6.036158800125122070e-01
7.514840960502624512e-01
6.470080018043518066e-01
6.508661508560180664e-01
7.318137288093566895e-01
7.471157312393188477e-01
6.477780342102050781e-01
7.069737315177917480e-01
7.004429101943969727e-01
5.960948467254638672e-01
7.427982687950134277e-01
6.760919690132141113e-01
6.688084006309509277e-01
7.199808359146118164e-01
6.595047712326049805e-01
6.041972637176513672e-01
6.547089219093322754e-01
6.260372400283813477e-01
6.691964864730834961e-01
7.707706093788146973e-01
7.240716814994812012e-01
7.949854135513305664e-01
5.360904335975646973e-01
7.533001303672790527e-01
7.630685567855834961e-01
7.507959008216857910e-01
7.426028847694396973e-01
7.381591796875000000e-01
6.964406967163085938e-01
7.665174007415771484e-01
6.141975522041320801e-01
6.856380105018615723e-01
8.046414852142333984e-01
7.046639919281005859e-01
5.818256139755249023e-01
7.261592149734497070e-01
5.621960163116455078e-01
7.576950788497924805e-01
4.558129310607910156e-01
7.606661319732666016e-01
7.065415382385253906e-01
7.432005405426025391e-01
6.770409345626831055e-01
7.053900957107543945e-01
7.706925868988037109e-01
5.945431590080261230e-01
7.233701348304748535e-01
6.983447670936584473e-01
7.122795581817626953e-01
6.986501216888427734e-01
6.795540452003479004e-01
7.219230532646179199e-01
7.229237556457519531e-01
7.725276350975036621e-01
7.340635657310485840e-01
7.145560383796691895e-01
7.543785572052001953e-01
7.346426248550415039e-01
7.477983236312866211e-01
7.345255017280578613e-01
7.229165434837341309e-01
7.261819243431091309e-01
5.649975538253784180e-01
6.394433379173278809e-01
6.821917891502380371e-01
7.528015971183776855e-01
7.236778736114501953e-01
7.505427002906799316e-01
7.208027839660644531e-01
7.104655504226684570e-01
6.574619412422180176e-01
7.108228206634521484e-01
6.527292728424072266e-01
4.421439468860626221e-01
6.560686230659484863e-01
7.479034662246704102e-01
7.707315087318420410e-01
4.424939751625061035e-01
6.693402528762817383e-01
7.476289868354797363e-01
7.409629821777343750e-01
7.522228956222534180e-01
7.680256962776184082e-01
6.564809679985046387e-01
6.673321127891540527e-01
7.817502021789550781e-01
7.184376120567321777e-01
6.441599726676940918e-01
6.782771348953247070e-01
7.074570059776306152e-01
6.945074200630187988e-01
7.508859634399414062e-01
7.663317322731018066e-01
6.800287961959838867e-01
4.773626625537872314e-01
6.988509297370910645e-01
7.359443902969360352e-01
7.532724738121032715e-01
6.753760576248168945e-01
5.010852217674255371e-01
7.534002661705017090e-01
7.764359712600708008e-01
7.425962090492248535e-01
7.462062835693359375e-01
6.382096409797668457e-01
7.986924052238464355e-01
7.191284894943237305e-01
6.427229642868041992e-01
7.357118129730224609e-01
7.151343226432800293e-01
7.185225486755371094e-01
6.052895784378051758e-01
6.898308396339416504e-01
7.563070654869079590e-01
6.658664345741271973e-01
7.219964861869812012e-01
7.353848218917846680e-01
7.684935331344604492e-01
7.610325813293457031e-01
7.032573223114013672e-01
6.798059940338134766e-01
5.631736516952514648e-01
5.438486933708190918e-01
6.912425160408020020e-01
6.074353456497192383e-01
6.245315670967102051e-01
3.483968675136566162e-01
6.537455320358276367e-01
7.555203437805175781e-01
7.679100632667541504e-01
7.047860622406005859e-01
6.355517506599426270e-01
7.491941452026367188e-01
7.084670066833496094e-01
6.965302824974060059e-01
7.233500480651855469e-01
7.319415807723999023e-01
7.462940812110900879e-01
7.386341691017150879e-01
7.185152173042297363e-01
7.238703370094299316e-01
6.931158304214477539e-01
6.331103444099426270e-01
7.854528427124023438e-01
6.128783822059631348e-01
7.485336065292358398e-01
6.479409337043762207e-01
6.829779744148254395e-01
7.502242922782897949e-01
7.383213043212890625e-01
7.257424592971801758e-01
6.640155315399169922e-01
7.512580156326293945e-01
6.423063278198242188e-01
6.988729238510131836e-01
7.366928458213806152e-01
6.822606921195983887e-01
7.515165805816650391e-01
6.986448168754577637e-01
5.975755453109741211e-01
7.053765058517456055e-01
7.376861572265625000e-01
7.335716485977172852e-01
7.592242360115051270e-01
7.656056880950927734e-01
7.212923169136047363e-01
6.699469685554504395e-01
7.733674049377441406e-01
6.724091768264770508e-01
7.850768566131591797e-01
7.947228550910949707e-01
6.278198957443237305e-01
7.404795289039611816e-01
7.359937429428100586e-01
6.655645966529846191e-01
6.212484240531921387e-01
7.129067778587341309e-01
3.091082274913787842e-01
5.470041036605834961e-01
7.272148132324218750e-01
7.482545375823974609e-01
7.671105265617370605e-01
7.258411049842834473e-01
7.443655133247375488e-01
7.187749743461608887e-01
7.540485858917236328e-01
6.754176616668701172e-01
7.537418007850646973e-01
6.565608978271484375e-01
6.380800604820251465e-01
4.483363628387451172e-01
7.197420001029968262e-01
6.992253661155700684e-01
7.394320368766784668e-01
6.084336042404174805e-01
2.643345296382904053e-01
6.844336986541748047e-01
6.457344293594360352e-01
7.717479467391967773e-01
6.914842128753662109e-01
7.637374401092529297e-01
7.266247272491455078e-01
6.913548707962036133e-01
5.928082466125488281e-01
7.578757405281066895e-01
7.173179984092712402e-01
7.797755002975463867e-01
7.253736853599548340e-01
4.996930360794067383e-01
7.096393704414367676e-01
6.438712477684020996e-01
7.408517599105834961e-01
7.161768674850463867e-01
6.930032968521118164e-01
6.991529464721679688e-01
7.285440564155578613e-01
6.416511535644531250e-01
7.402257323265075684e-01
7.617475986480712891e-01
7.563002109527587891e-01
7.358763217926025391e-01
6.484129428863525391e-01
6.798449754714965820e-01
5.980672836303710938e-01
6.843423247337341309e-01
6.771239042282104492e-01
4.138233363628387451e-01
7.519890069961547852e-01
6.649933457374572754e-01
7.608695626258850098e-01
7.517026066780090332e-01
6.597744226455688477e-01
6.233050823211669922e-01
6.932804584503173828e-01
7.258831262588500977e-01
5.830217003822326660e-01
7.178854346275329590e-01
7.551296353340148926e-01
7.498105168342590332e-01
7.243046760559082031e-01
7.218158841133117676e-01
7.176210284233093262e-01
7.544564604759216309e-01
7.014552950859069824e-01
7.216703295707702637e-01
6.883020401000976562e-01
6.893470287322998047e-01
5.397012829780578613e-01
6.316649913787841797e-01
6.184439659118652344e-01
6.298834085464477539e-01
4.870470464229583740e-01
6.660908460617065430e-01
7.524517774581909180e-01
5.941892266273498535e-01
6.550107002258300781e-01
3.482244610786437988e-01
7.719139456748962402e-01
6.869648694992065430e-01
7.531282305717468262e-01
7.600296139717102051e-01
7.516677379608154297e-01
7.548289299011230469e-01
6.401744484901428223e-01
1.406133770942687988e-01
7.363109588623046875e-01
5.638880133628845215e-01
6.947551369667053223e-01
7.319028377532958984e-01
7.305836081504821777e-01
6.994731426239013672e-01
7.517518997192382812e-01
6.716247797012329102e-01
6.596687436103820801e-01
6.159187555313110352e-01
7.631002068519592285e-01
7.472626566886901855e-01
7.160675525665283203e-01
7.150232195854187012e-01
7.259969115257263184e-01
7.770771384239196777e-01
7.218128442764282227e-01
7.392893433570861816e-01
5.748981237411499023e-01
7.026530504226684570e-01
6.347748041152954102e-01
6.135746836662292480e-01
6.194602251052856445e-01
6.490395665168762207e-01
5.791787505149841309e-01
7.201474905014038086e-01
6.849893331527709961e-01
7.838958501815795898e-01
7.413963675498962402e-01
7.378536462783813477e-01
7.177764773368835449e-01
8.042446374893188477e-01
7.601585388183593750e-01
7.281377911567687988e-01
6.873610019683837891e-01
6.930671334266662598e-01
7.329360246658325195e-01
5.476540923118591309e-01
6.246296167373657227e-01
7.001764178276062012e-01
6.754677891731262207e-01
7.298783063888549805e-01
6.869575977325439453e-01
6.925053596496582031e-01
6.337519288063049316e-01
7.540235519409179688e-01
5.415865182876586914e-01
8.049569725990295410e-01
7.282135486602783203e-01
7.118554115295410156e-01
6.407111287117004395e-01
6.728936433792114258e-01
7.516842484474182129e-01
7.272553443908691406e-01
8.200924396514892578e-01
4.297352731227874756e-01
6.969816684722900391e-01
7.306732535362243652e-01
5.144130587577819824e-01
3.719600439071655273e-01
6.244664788246154785e-01
7.825269103050231934e-01
7.695248126983642578e-01
1.406133770942687988e-01
7.703087329864501953e-01
6.476028561592102051e-01
7.781391739845275879e-01
6.301915049552917480e-01
6.336507201194763184e-01
7.756820917129516602e-01
7.951031923294067383e-01
6.860948801040649414e-01
7.368726730346679688e-01
7.125153541564941406e-01
3.529802560806274414e-01
2.748992145061492920e-01
7.080941200256347656e-01
6.724982857704162598e-01
7.333689332008361816e-01
7.041924595832824707e-01
7.254615426063537598e-01
7.574421167373657227e-01
5.970688462257385254e-01
7.701215147972106934e-01
5.063397884368896484e-01
5.985616445541381836e-01
6.797259449958801270e-01
7.902229428291320801e-01
6.902275085449218750e-01
7.620418071746826172e-01
7.590363025665283203e-01
7.104274630546569824e-01
7.390278577804565430e-01
7.209361791610717773e-01
5.830217003822326660e-01
7.465024590492248535e-01
5.718717575073242188e-01
5.952650904655456543e-01
7.090713977813720703e-01
6.583637595176696777e-01
6.671866178512573242e-01
7.477993965148925781e-01
6.723902225494384766e-01
7.009263038635253906e-01
7.327457070350646973e-01
7.778151631355285645e-01
4.718763530254364014e-01
6.903505921363830566e-01
7.057950496673583984e-01
6.724801063537597656e-01
5.795712471008300781e-01
6.384669542312622070e-01
7.116129994392395020e-01
6.491934061050415039e-01
6.811346411705017090e-01
6.781153678894042969e-01
7.054166793823242188e-01
6.923561692237854004e-01
6.142392158508300781e-01
4.547877907752990723e-01
7.434046864509582520e-01
7.438575029373168945e-01
6.381055116653442383e-01
7.346745729446411133e-01
6.157813072204589844e-01
6.693283319473266602e-01
6.747355461120605469e-01
7.370524406433105469e-01
7.086293697357177734e-01
6.684484481811523438e-01
6.697619557380676270e-01
7.701184749603271484e-01
7.464772462844848633e-01
5.890796780586242676e-01
7.489220499992370605e-01
6.838511228561401367e-01
2.931896448135375977e-01
7.750425338745117188e-01
7.243344187736511230e-01
6.416807770729064941e-01
7.316213250160217285e-01
5.755129456520080566e-01
6.695579290390014648e-01
7.038636207580566406e-01
7.188932299613952637e-01
7.107691764831542969e-01
7.334048151969909668e-01
6.821647286415100098e-01
7.156179547309875488e-01
7.022478580474853516e-01
6.589998602867126465e-01
7.220985293388366699e-01
7.131345868110656738e-01
3.213476538658142090e-01
6.549416780471801758e-01
7.337945103645324707e-01
6.194137930870056152e-01
7.313336730003356934e-01
7.777099609375000000e-01
7.289766669273376465e-01
7.120720744132995605e-01
5.277068018913269043e-01
6.855366826057434082e-01
5.937982201576232910e-01
6.232179999351501465e-01
5.638803839683532715e-01
7.063146233558654785e-01
7.245916724205017090e-01
6.465142965316772461e-01
7.555052042007446289e-01
6.920601725578308105e-01
6.902536153793334961e-01
7.576304078102111816e-01
5.933936834335327148e-01
6.891958713531494141e-01
7.701184749603271484e-01
6.736198067665100098e-01
6.457936763763427734e-01
7.711557149887084961e-01
6.161550283432006836e-01
7.138852477073669434e-01
5.741193294525146484e-01
6.297924518585205078e-01
6.704101562500000000e-01
7.090525627136230469e-01
7.184826731681823730e-01
7.448909878730773926e-01
4.394073486328125000e-01
6.492406129837036133e-01
7.129478454589843750e-01
3.301125466823577881e-01
7.303869724273681641e-01
7.477620840072631836e-01
6.870475411415100098e-01
7.642321586608886719e-01
6.599903702735900879e-01
7.205153107643127441e-01
6.814508438110351562e-01
7.067261934280395508e-01
6.327007412910461426e-01
6.763334274291992188e-01
7.085285186767578125e-01
3.912018239498138428e-01
7.239189743995666504e-01
7.381789088249206543e-01
4.833021163940429688e-01
7.861927747726440430e-01
6.925284266471862793e-01
7.164009809494018555e-01
6.358365416526794434e-01
7.292689085006713867e-01
6.622413992881774902e-01
7.521300315856933594e-01
6.544961929321289062e-01
6.984296441078186035e-01
7.295362949371337891e-01
6.886843442916870117e-01
7.766996622085571289e-01
7.199873924255371094e-01
6.875171065330505371e-01
7.317329645156860352e-01
6.402159929275512695e-01
6.564787030220031738e-01
7.013921141624450684e-01
7.439793944358825684e-01
6.496984362602233887e-01
7.225823998451232910e-01
7.000603079795837402e-01
7.453563213348388672e-01
5.570948719978332520e-01
4.520128965377807617e-01
6.546004414558410645e-01
7.595020532608032227e-01
8.121011853218078613e-01
6.564069390296936035e-01
7.414050102233886719e-01
7.548484206199645996e-01
7.150620222091674805e-01
7.418504357337951660e-01
6.035866737365722656e-01
7.361747026443481445e-01
7.637599706649780273e-01
5.315030813217163086e-01
6.745239496231079102e-01
7.433902025222778320e-01
7.719862461090087891e-01
7.698544263839721680e-01
7.405387163162231445e-01
7.095246911048889160e-01
2.732140123844146729e-01
7.830157876014709473e-01
7.191357612609863281e-01
6.726816296577453613e-01
5.937631130218505859e-01
7.464631199836730957e-01
7.394366860389709473e-01
3.222095668315887451e-01
6.972296237945556641e-01
7.588828206062316895e-01
5.209997296333312988e-01
2.700752913951873779e-01
7.416635751724243164e-01
6.612707376480102539e-01
7.636358141899108887e-01
7.518428564071655273e-01
7.239268422126770020e-01
7.133234143257141113e-01
7.030545473098754883e-01
6.063876748085021973e-01
7.998468279838562012e-01
6.807407140731811523e-01
6.439917087554931641e-01
6.485614776611328125e-01
7.496395707130432129e-01
6.627893447875976562e-01
7.721540927886962891e-01
6.792137026786804199e-01
6.294130086898803711e-01
7.584601044654846191e-01
6.655734181404113770e-01
7.007769346237182617e-01
7.273815274238586426e-01
7.038154602050781250e-01
6.813281178474426270e-01
7.144200801849365234e-01
7.485790252685546875e-01
7.207634449005126953e-01
7.272435426712036133e-01
7.520598769187927246e-01
6.923488378524780273e-01
7.098914980888366699e-01
7.147285342216491699e-01
7.620413899421691895e-01
7.147285342216491699e-01
7.727077603340148926e-01
6.961504817008972168e-01
7.406278848648071289e-01
6.086406707763671875e-01
7.123500108718872070e-01
7.318115234375000000e-01
6.857641339302062988e-01
6.916375756263732910e-01
7.591140866279602051e-01
5.181763172149658203e-01
7.783355712890625000e-01
6.385479569435119629e-01
7.069365978240966797e-01
7.492588758468627930e-01
7.443115711212158203e-01
6.686904430389404297e-01
7.069117426872253418e-01
7.142716646194458008e-01
6.701779365539550781e-01
7.050359845161437988e-01
7.203269600868225098e-01
6.879745125770568848e-01
7.466530203819274902e-01
7.200117111206054688e-01
6.411981582641601562e-01
7.258971333503723145e-01
6.727538108825683594e-01
4.976293742656707764e-01
3.724746406078338623e-01
7.330721616744995117e-01
6.923576593399047852e-01
7.804947495460510254e-01
7.098201513290405273e-01
6.621689200401306152e-01
6.928957700729370117e-01
7.138981223106384277e-01
5.116676092147827148e-01
6.251174211502075195e-01
7.350341677665710449e-01
6.767277717590332031e-01
7.115038037300109863e-01
5.732792615890502930e-01
7.375652194023132324e-01
7.696294784545898438e-01
6.424478292465209961e-01
5.846245288848876953e-01
6.483200788497924805e-01
6.987214684486389160e-01
7.316887378692626953e-01
5.948410034179687500e-01
7.219480872154235840e-01
7.813588976860046387e-01
7.908358573913574219e-01
6.972870826721191406e-01
7.285090088844299316e-01
7.353206276893615723e-01
6.769459843635559082e-01
7.056628465652465820e-01
6.828379631042480469e-01
6.837095022201538086e-01
7.170554399490356445e-01
7.135061621665954590e-01
7.067877650260925293e-01
6.862751841545104980e-01
6.476981639862060547e-01
7.303439378738403320e-01
7.315883040428161621e-01
7.161679267883300781e-01
6.418098211288452148e-01
6.749228239059448242e-01
7.038727998733520508e-01
6.312150359153747559e-01
5.135868787765502930e-01
7.260651588439941406e-01
6.920139193534851074e-01
7.284021377563476562e-01
6.422200798988342285e-01
7.583553194999694824e-01
7.344002723693847656e-01
7.272981405258178711e-01
3.030422925949096680e-01
7.326551675796508789e-01
7.102346420288085938e-01
5.679915547370910645e-01
7.332972884178161621e-01
7.689768671989440918e-01
6.848853826522827148e-01
6.121402382850646973e-01
5.274560451507568359e-01
7.472684383392333984e-01
6.332169175148010254e-01
7.432599067687988281e-01
7.571728825569152832e-01
7.262752056121826172e-01
7.389976978302001953e-01
7.460061311721801758e-01
6.203093528747558594e-01
7.253525257110595703e-01
7.065899968147277832e-01
7.004268169403076172e-01
7.376188039779663086e-01
7.084624171257019043e-01
5.679294466972351074e-01
5.916835665702819824e-01
7.194229364395141602e-01
6.999860405921936035e-01
6.494421362876892090e-01
6.877356767654418945e-01
7.239491343498229980e-01
7.464578151702880859e-01
6.991558670997619629e-01
7.721672654151916504e-01
6.427204012870788574e-01
7.390765547752380371e-01
7.785015702247619629e-01
6.262577772140502930e-01
6.946178078651428223e-01
7.431973218917846680e-01
6.881144642829895020e-01
5.189933180809020996e-01
7.385900616645812988e-01
7.474836111068725586e-01
7.445201873779296875e-01
6.515952348709106445e-01
7.513958215713500977e-01
6.562762260437011719e-01
6.944822072982788086e-01
6.989157795906066895e-01
6.112369298934936523e-01
7.548538446426391602e-01
7.513881325721740723e-01
7.425295710563659668e-01
7.610613107681274414e-01
6.999285817146301270e-01
7.596390247344970703e-01
6.719234585762023926e-01
6.952194571495056152e-01
6.921048164367675781e-01
6.830262541770935059e-01
6.983042955398559570e-01
7.275814414024353027e-01
7.991318106651306152e-01
7.291402816772460938e-01
6.843027472496032715e-01
7.373781204223632812e-01
7.686266303062438965e-01
6.006742119789123535e-01
6.194419860839843750e-01
6.825504302978515625e-01
7.103054523468017578e-01
5.174225568771362305e-01
7.276577949523925781e-01
6.550389528274536133e-01
7.713693976402282715e-01
7.593833804130554199e-01
6.746293902397155762e-01
7.518059015274047852e-01
6.931549310684204102e-01
7.314787507057189941e-01
2.520235180854797363e-01
5.874760150909423828e-01
7.477365136146545410e-01
6.489487886428833008e-01
6.880646944046020508e-01
7.416180372238159180e-01
6.607632637023925781e-01
7.407155036926269531e-01
7.105912566184997559e-01
5.537120699882507324e-01
4.988764822483062744e-01
2.715522646903991699e-01
7.183899879455566406e-01
6.691991686820983887e-01
5.428162217140197754e-01
6.975630521774291992e-01
7.964106202125549316e-01
7.492903470993041992e-01
7.393957972526550293e-01
7.805425524711608887e-01
7.347810864448547363e-01
6.726227402687072754e-01
7.350416779518127441e-01
6.109536886215209961e-01
6.633621454238891602e-01
6.968173980712890625e-01
7.922831773757934570e-01
7.285760641098022461e-01
7.690735459327697754e-01
7.367981672286987305e-01
7.625408768653869629e-01
6.730149984359741211e-01
6.440604329109191895e-01
4.288789331912994385e-01
5.425265431404113770e-01
7.607994079589843750e-01
7.121428847312927246e-01
7.462445497512817383e-01
7.555620670318603516e-01
6.790298819541931152e-01
7.299689054489135742e-01
7.366383671760559082e-01
7.263139486312866211e-01
7.480262517929077148e-01
7.479854822158813477e-01
7.405304908752441406e-01
7.536234855651855469e-01
7.392653822898864746e-01
6.207497119903564453e-01
6.969754695892333984e-01
5.473670959472656250e-01
7.864844799041748047e-01
5.719160437583923340e-01
7.154082059860229492e-01
3.118862807750701904e-01
6.906603574752807617e-01
7.302004694938659668e-01
7.672297954559326172e-01
7.327457070350646973e-01
7.452288866043090820e-01
7.279105186462402344e-01
7.066635489463806152e-01
7.435916662216186523e-01
5.416103005409240723e-01
7.690324187278747559e-01
7.283004522323608398e-01
7.109308838844299316e-01
6.681867241859436035e-01
7.406644225120544434e-01
7.509124875068664551e-01
7.010699510574340820e-01
7.089129090309143066e-01
7.752096056938171387e-01
5.331333279609680176e-01
5.744131803512573242e-01
2.469885349273681641e-01
7.102196812629699707e-01
5.294780731201171875e-01
7.389358878135681152e-01
6.988246440887451172e-01
5.767842531204223633e-01
3.875119388103485107e-01
7.703369259834289551e-01
7.437649369239807129e-01
6.768834590911865234e-01
7.293067574501037598e-01
7.201111912727355957e-01
7.598006725311279297e-01
6.967344284057617188e-01
7.728180885314941406e-01
6.897068023681640625e-01
7.126245498657226562e-01
6.462255120277404785e-01
7.070217728614807129e-01
7.169266939163208008e-01
7.598107457160949707e-01
7.522839903831481934e-01
7.102338671684265137e-01
3.738853931427001953e-01
6.967964172363281250e-01
7.405534386634826660e-01
7.022576332092285156e-01
7.058830857276916504e-01
7.336624264717102051e-01
7.459042072296142578e-01
7.331793904304504395e-01
7.716438174247741699e-01
7.291620969772338867e-01
5.988220572471618652e-01
7.093259692192077637e-01
7.784518003463745117e-01
3.605961203575134277e-01
6.823371648788452148e-01
7.062755823135375977e-01
7.432404756546020508e-01
6.615154147148132324e-01
6.570550203323364258e-01
6.897735595703125000e-01
7.002952098846435547e-01
7.570928335189819336e-01
6.897493004798889160e-01
7.436494827270507812e-01
6.081550121307373047e-01
7.580465674400329590e-01
6.879421472549438477e-01
7.175763249397277832e-01
7.103125452995300293e-01
5.661553144454956055e-01
7.216537594795227051e-01
6.945011019706726074e-01
5.841668248176574707e-01
6.775270700454711914e-01
7.436699867248535156e-01
6.722447276115417480e-01
7.400565147399902344e-01
7.849484086036682129e-01
6.040164232254028320e-01
6.966356635093688965e-01
5.735554695129394531e-01
7.453370094299316406e-01
7.517492175102233887e-01
6.928924918174743652e-01
6.970716714859008789e-01
7.349810600280761719e-01
6.756775379180908203e-01
7.383227944374084473e-01
2.730105519294738770e-01
6.997330784797668457e-01
6.990194320678710938e-01
7.503958344459533691e-01
7.386182546615600586e-01
6.563001275062561035e-01
7.110665440559387207e-01
5.936217308044433594e-01
7.201619148254394531e-01
6.948800086975097656e-01
6.745105981826782227e-01
6.821525096893310547e-01
7.354649901390075684e-01
5.566943883895874023e-01
5.758978128433227539e-01
7.028992176055908203e-01
3.984255492687225342e-01
7.025526762008666992e-01
5.951488018035888672e-01
6.776892542839050293e-01
7.178941369056701660e-01
7.539393901824951172e-01
5.697006583213806152e-01
7.117663621902465820e-01
6.666452884674072266e-01
6.635940074920654297e-01
7.200232148170471191e-01
6.946305036544799805e-01
7.268206477165222168e-01
6.236481666564941406e-01
7.302326560020446777e-01
7.194625139236450195e-01
7.402852773666381836e-01
7.550749182701110840e-01
7.458066344261169434e-01
7.440848350524902344e-01
7.454405426979064941e-01
7.238074541091918945e-01
6.687886714935302734e-01
7.554213404655456543e-01
6.968185305595397949e-01
7.577193379402160645e-01
7.719419002532958984e-01
7.497156858444213867e-01
6.890553236007690430e-01
7.561913132667541504e-01
7.700141668319702148e-01
7.227820754051208496e-01
5.940973162651062012e-01
5.968326330184936523e-01
7.377626299858093262e-01
7.142387628555297852e-01
6.619505286216735840e-01
6.511312127113342285e-01
6.276249885559082031e-01
7.094276547431945801e-01
7.186266183853149414e-01
6.488015055656433105e-01
7.387642860412597656e-01
7.827037572860717773e-01
6.903359889984130859e-01
6.575772762298583984e-01
6.989361047744750977e-01
6.877653598785400391e-01
6.739043593406677246e-01
6.908903121948242188e-01
7.239142656326293945e-01
6.807012557983398438e-01
6.313899755477905273e-01
7.273675799369812012e-01
7.375725507736206055e-01
6.754580140113830566e-01
6.837607026100158691e-01
6.493095755577087402e-01
7.542389035224914551e-01
5.433989167213439941e-01
7.212756872177124023e-01
7.180282473564147949e-01
7.798376083374023438e-01
7.374653220176696777e-01
7.312227487564086914e-01
6.086068749427795410e-01
6.750226020812988281e-01
7.536706328392028809e-01
6.430330872535705566e-01
7.544596791267395020e-01
7.084560394287109375e-01
6.492677330970764160e-01
7.601514458656311035e-01
7.276695370674133301e-01
7.116026878356933594e-01
7.618908286094665527e-01
7.391401529312133789e-01
7.080355286598205566e-01
6.532604694366455078e-01
6.546403169631958008e-01
7.391883730888366699e-01
6.521561741828918457e-01
6.140188574790954590e-01
7.027722597122192383e-01
7.054060101509094238e-01
6.891598105430603027e-01
7.603226900100708008e-01
8.056516051292419434e-01
5.711789131164550781e-01
7.076116204261779785e-01
6.087796688079833984e-01
5.776800513267517090e-01
6.845407485961914062e-01
6.680803298950195312e-01
5.850582718849182129e-01
5.831184387207031250e-01
6.786344051361083984e-01
6.546643972396850586e-01
7.282512784004211426e-01
7.715653777122497559e-01
7.455029487609863281e-01
7.580280900001525879e-01
5.252091288566589355e-01
7.265404462814331055e-01
6.607899069786071777e-01
6.837997436523437500e-01
7.403631806373596191e-01
7.081030011177062988e-01
7.533051967620849609e-01
7.239415645599365234e-01
7.543873786926269531e-01
6.347955465316772461e-01
7.186960577964782715e-01
6.037746667861938477e-01
6.346572637557983398e-01
7.017721533775329590e-01
6.243159770965576172e-01
6.911979913711547852e-01
7.640246152877807617e-01
7.253708839416503906e-01
6.276664137840270996e-01
7.123056054115295410e-01
6.931301951408386230e-01
7.569499015808105469e-01
7.156336903572082520e-01
6.661041378974914551e-01
7.270198464393615723e-01
6.105012297630310059e-01
7.379692792892456055e-01
6.159353256225585938e-01
6.048868894577026367e-01
7.221218347549438477e-01
6.414362192153930664e-01
5.962079763412475586e-01
7.417691349983215332e-01
7.319943308830261230e-01
7.402583360671997070e-01
6.304109692573547363e-01
7.240524291992187500e-01
7.225909233093261719e-01
4.922474920749664307e-01
7.003539204597473145e-01
7.236658334732055664e-01
7.417320013046264648e-01
6.069489717483520508e-01
7.508748173713684082e-01
7.416160702705383301e-01
7.368211150169372559e-01
6.887087225914001465e-01
7.062330842018127441e-01
7.224790453910827637e-01
6.846066713333129883e-01
7.290301322937011719e-01
7.128137946128845215e-01
7.207250595092773438e-01
7.331171631813049316e-01
7.564985156059265137e-01
6.758328676223754883e-01
7.601982355117797852e-01
7.275186777114868164e-01
6.823286414146423340e-01
6.872758269309997559e-01
6.711534857749938965e-01
6.578845381736755371e-01
5.853660702705383301e-01
7.232773303985595703e-01
2.668766677379608154e-01
6.815953254699707031e-01
7.133173942565917969e-01
6.241655945777893066e-01
7.887717485427856445e-01
7.233777642250061035e-01
5.935441255569458008e-01
7.815407514572143555e-01
6.186198592185974121e-01
6.227353811264038086e-01
6.759334802627563477e-01
5.431323051452636719e-01
6.668273210525512695e-01
7.489197850227355957e-01
7.475443482398986816e-01
2.804751694202423096e-01
6.946816444396972656e-01
6.607152819633483887e-01
7.609464526176452637e-01
6.108509898185729980e-01
6.574522256851196289e-01
7.839351892471313477e-01
7.576216459274291992e-01
5.786620378494262695e-01
6.604011058807373047e-01
6.956724524497985840e-01
7.052120566368103027e-01
7.032445073127746582e-01
7.394189834594726562e-01
7.430463433265686035e-01
5.729405283927917480e-01
7.777903079986572266e-01
5.843521952629089355e-01
6.727538108825683594e-01
7.214404344558715820e-01
6.673581600189208984e-01
7.048202157020568848e-01
6.463757753372192383e-01
6.883248686790466309e-01
7.004991769790649414e-01
7.295761704444885254e-01
6.408821940422058105e-01
7.380996346473693848e-01
7.606704831123352051e-01
7.331384420394897461e-01
7.505931854248046875e-01
4.757650792598724365e-01
7.559607625007629395e-01
6.818680167198181152e-01
5.872291326522827148e-01
5.383367538452148438e-01
7.167459130287170410e-01
5.189001560211181641e-01
7.371188998222351074e-01
7.508372664451599121e-01
6.097159385681152344e-01
7.638263106346130371e-01
5.636525750160217285e-01
7.045285105705261230e-01
7.672036290168762207e-01
6.430884003639221191e-01
5.708216428756713867e-01
6.831306815147399902e-01
7.027135491371154785e-01
6.972382068634033203e-01
6.927432417869567871e-01
6.132787466049194336e-01
7.095117568969726562e-01
6.617692112922668457e-01
7.667204737663269043e-01
7.160711288452148438e-01
7.472634315490722656e-01
7.528523206710815430e-01
7.774262428283691406e-01
7.233290672302246094e-01
5.601090192794799805e-01
7.226759195327758789e-01
7.204134464263916016e-01
6.830773949623107910e-01
7.696577310562133789e-01
7.696257829666137695e-01
7.042787075042724609e-01
6.352016329765319824e-01
7.556433677673339844e-01
6.205952167510986328e-01
5.892355442047119141e-01
7.406439781188964844e-01
7.334238886833190918e-01
5.470286607742309570e-01
7.422320842742919922e-01
7.814398407936096191e-01
6.762992739677429199e-01
7.611823678016662598e-01
7.859386801719665527e-01
7.022687196731567383e-01
6.918194890022277832e-01
7.498012185096740723e-01
7.896459698677062988e-01
7.038347721099853516e-01
7.168455123901367188e-01
6.978959441184997559e-01
7.274714112281799316e-01
5.095863342285156250e-01
6.910195946693420410e-01
5.792929530143737793e-01
7.538767457008361816e-01
7.460621595382690430e-01
7.623206973075866699e-01
7.024878263473510742e-01
7.421503663063049316e-01
5.336339473724365234e-01
6.865609884262084961e-01
7.035716772079467773e-01
7.371073961257934570e-01
5.681446194648742676e-01
7.443799972534179688e-01
6.856090426445007324e-01
6.323096752166748047e-01
7.724206447601318359e-01
7.283421754837036133e-01
7.037549018859863281e-01
7.925461530685424805e-01
7.476289868354797363e-01
6.697412729263305664e-01
6.207904815673828125e-01
7.437081336975097656e-01
7.315604686737060547e-01
6.503636837005615234e-01
7.004289627075195312e-01
7.026828527450561523e-01
6.928223967552185059e-01
7.566379308700561523e-01
7.042039036750793457e-01
7.441227436065673828e-01
7.206370830535888672e-01
7.377047538757324219e-01
7.435481548309326172e-01
6.899821162223815918e-01
6.182851195335388184e-01
7.132024765014648438e-01
7.554476261138916016e-01
7.613388895988464355e-01
7.334740757942199707e-01
6.951344013214111328e-01
2.394870817661285400e-01
7.636613249778747559e-01
7.332313656806945801e-01
7.540907263755798340e-01
6.303847432136535645e-01
7.588258981704711914e-01
7.405595183372497559e-01
7.563827633857727051e-01
6.879912614822387695e-01
7.315984964370727539e-01
7.405006885528564453e-01
5.897828936576843262e-01
7.146151661872863770e-01
6.050368547439575195e-01
7.461838722229003906e-01
7.518925666809082031e-01
6.895639300346374512e-01
7.176473140716552734e-01
7.596318125724792480e-01
6.586770415306091309e-01
2.503447532653808594e-01
7.545729875564575195e-01
6.201374530792236328e-01
7.642503380775451660e-01
6.727451086044311523e-01
7.292380928993225098e-01
6.347699761390686035e-01
6.871633529663085938e-01
7.416643500328063965e-01
7.231980562210083008e-01
7.550604939460754395e-01
6.922854781150817871e-01
6.404520273208618164e-01
7.642565369606018066e-01
6.568984985351562500e-01
7.392239570617675781e-01
7.416397333145141602e-01
7.378389835357666016e-01
7.013030648231506348e-01
7.244303226470947266e-01
6.862237453460693359e-01
7.812067866325378418e-01
6.657977104187011719e-01
6.026412844657897949e-01
7.039863467216491699e-01
6.102246642112731934e-01
6.628954410552978516e-01
7.192749977111816406e-01
7.720527648925781250e-01
5.460024476051330566e-01
6.989151835441589355e-01
5.897865295410156250e-01
6.123356819152832031e-01
6.421443819999694824e-01
6.850493550300598145e-01
7.361687421798706055e-01
7.128879427909851074e-01
6.724603176116943359e-01
7.118795514106750488e-01
6.712825894355773926e-01
7.404457330703735352e-01
7.505887150764465332e-01
6.550661325454711914e-01
7.411376237869262695e-01
6.676006317138671875e-01
6.401348114013671875e-01
6.092799901962280273e-01
7.566940188407897949e-01
7.733281254768371582e-01
3.958091735839843750e-01
7.224392890930175781e-01
7.220962643623352051e-01
7.378398776054382324e-01
5.888799428939819336e-01
7.773741483688354492e-01
3.813355267047882080e-01
7.282963991165161133e-01
6.654080152511596680e-01
7.314401865005493164e-01
6.755934357643127441e-01
7.263560295104980469e-01
6.740599274635314941e-01
7.326841950416564941e-01
7.465955018997192383e-01
6.985850334167480469e-01
7.115541696548461914e-01
7.846826910972595215e-01
7.028104066848754883e-01
7.138844728469848633e-01
5.912262797355651855e-01
6.846097111701965332e-01
4.332000017166137695e-01
5.964758992195129395e-01
7.178739905357360840e-01
7.433264851570129395e-01
7.143038511276245117e-01
7.020426392555236816e-01
7.548391222953796387e-01
6.933197379112243652e-01
4.575954079627990723e-01
4.914234578609466553e-01
7.105462551116943359e-01
6.693878769874572754e-01
7.246219515800476074e-01
7.580211758613586426e-01
7.205283045768737793e-01
6.977756023406982422e-01
7.248517870903015137e-01
7.137699127197265625e-01
7.013396024703979492e-01
7.096711993217468262e-01
7.754635810852050781e-01
5.792025327682495117e-01
7.615121603012084961e-01
7.412546873092651367e-01
5.898217558860778809e-01
7.522497177124023438e-01
7.198988199234008789e-01
7.567984461784362793e-01
7.247743606567382812e-01
7.718626856803894043e-01
7.620536684989929199e-01
7.492194771766662598e-01
7.222207784652709961e-01
3.774077594280242920e-01
6.207373738288879395e-01
6.556046009063720703e-01
7.304851412773132324e-01
7.222602963447570801e-01
6.632335186004638672e-01
7.228307127952575684e-01
3.758021593093872070e-01
2.199410498142242432e-01
7.568010687828063965e-01
5.859686732292175293e-01
7.370040416717529297e-01
6.056689620018005371e-01
7.440475821495056152e-01
7.366504669189453125e-01
6.534884572029113770e-01
7.324279546737670898e-01
7.160711288452148438e-01
7.766205668449401855e-01
6.776688694953918457e-01
7.768403291702270508e-01
7.540446519851684570e-01
7.264201641082763672e-01
7.066531181335449219e-01
6.457023024559020996e-01
5.970754027366638184e-01
6.873772740364074707e-01
7.086935043334960938e-01
4.302134513854980469e-01
7.629299163818359375e-01
7.493714690208435059e-01
5.713866353034973145e-01
7.554880380630493164e-01
7.234225869178771973e-01
6.063547730445861816e-01
5.424237251281738281e-01
7.034392952919006348e-01
7.428657412528991699e-01
7.049173116683959961e-01
7.399975657463073730e-01
6.737479567527770996e-01
7.629162073135375977e-01
7.211683988571166992e-01
7.836655974388122559e-01
7.256634831428527832e-01
6.625273227691650391e-01
7.742581963539123535e-01
7.260218858718872070e-01
7.787053585052490234e-01
5.835971832275390625e-01
7.817644476890563965e-01
1.406133770942687988e-01
6.944830417633056641e-01
7.717694044113159180e-01
7.248941063880920410e-01
6.605889797210693359e-01
7.662816643714904785e-01
7.368332147598266602e-01
7.711523175239562988e-01
6.734868884086608887e-01
7.381886839866638184e-01
7.057531476020812988e-01
7.549436688423156738e-01
7.261254787445068359e-01
7.381278872489929199e-01
6.699125170707702637e-01
6.689428687095642090e-01
7.129939794540405273e-01
6.515590548515319824e-01
7.129421830177307129e-01
3.446455299854278564e-01
6.141855120658874512e-01
7.095924615859985352e-01
7.159131765365600586e-01
7.476903796195983887e-01
7.342649102210998535e-01
5.908449292182922363e-01
7.437988519668579102e-01
7.520903944969177246e-01
6.908863782882690430e-01
6.044973134994506836e-01
2.710644900798797607e-01
6.400451064109802246e-01
7.602466344833374023e-01
7.386025786399841309e-01
7.637207508087158203e-01
8.054982423782348633e-01
8.015117645263671875e-01
7.307110428810119629e-01
7.247268557548522949e-01
5.416475534439086914e-01
2.405702024698257446e-01
7.372015714645385742e-01
7.092887759208679199e-01
6.673704385757446289e-01
6.610347628593444824e-01
6.494426727294921875e-01
7.435431480407714844e-01
7.338947653770446777e-01
7.086490988731384277e-01
7.225291132926940918e-01
7.294455170631408691e-01
7.497966289520263672e-01
7.664611339569091797e-01
7.083483338356018066e-01
5.111300349235534668e-01
7.422515153884887695e-01
6.382329463958740234e-01
7.257071137428283691e-01
7.223613858222961426e-01
7.501527667045593262e-01
6.756213307380676270e-01
6.846253871917724609e-01
7.212331891059875488e-01
6.816216707229614258e-01
7.343062758445739746e-01
7.797073125839233398e-01
7.493252158164978027e-01
6.690098047256469727e-01
6.699224114418029785e-01
7.616862654685974121e-01
6.700142621994018555e-01
2.771190702915191650e-01
7.278622388839721680e-01
7.535218596458435059e-01
6.587580442428588867e-01
7.386615276336669922e-01
6.542062163352966309e-01
4.181811213493347168e-01
7.211743593215942383e-01
5.783783793449401855e-01
7.176190614700317383e-01
6.316277980804443359e-01
6.717677116394042969e-01
7.202458977699279785e-01
6.210311651229858398e-01
5.979470610618591309e-01
6.538217067718505859e-01
7.757535576820373535e-01
7.088776230812072754e-01
7.169535756111145020e-01
6.893896460533142090e-01
6.030018925666809082e-01
7.599314451217651367e-01
7.345965504646301270e-01
7.331827282905578613e-01
6.777196526527404785e-01
5.816755890846252441e-01
7.342200279235839844e-01
7.201691865921020508e-01
7.086725831031799316e-01
6.278554201126098633e-01
7.400579452514648438e-01
6.055784225463867188e-01
7.587257623672485352e-01
6.171934604644775391e-01
6.377561092376708984e-01
5.210745334625244141e-01
7.413550615310668945e-01
5.658664703369140625e-01
7.555496692657470703e-01
7.268312573432922363e-01
7.189851403236389160e-01
7.758399844169616699e-01
7.182608842849731445e-01
7.453699707984924316e-01
6.039506196975708008e-01
7.278036475181579590e-01
7.396669983863830566e-01
7.247884273529052734e-01
6.958997249603271484e-01
6.315621733665466309e-01
6.306935548782348633e-01
7.833768725395202637e-01
6.772723793983459473e-01
7.336345314979553223e-01
6.540117859840393066e-01
7.907897830009460449e-01
6.446868777275085449e-01
6.847916841506958008e-01
7.435597777366638184e-01
7.264100909233093262e-01
7.488571405410766602e-01
7.411470413208007812e-01
7.662382721900939941e-01
5.249929428100585938e-01
6.786054968833923340e-01
7.183936834335327148e-01
6.632034182548522949e-01
6.965305209159851074e-01
7.514632344245910645e-01
6.760436892509460449e-01
6.775801181793212891e-01
6.919203400611877441e-01
7.551534175872802734e-01
7.483060956001281738e-01
7.232642173767089844e-01
6.924255490303039551e-01
2.764673233032226562e-01
7.027969360351562500e-01
7.386419773101806641e-01
4.930926263332366943e-01
7.457059621810913086e-01
6.033378839492797852e-01
6.954219937324523926e-01
7.414124011993408203e-01
7.327784895896911621e-01
7.326121330261230469e-01
6.640811562538146973e-01
7.629104852676391602e-01
5.434191226959228516e-01
7.252596616744995117e-01
6.192706227302551270e-01
6.432552337646484375e-01
5.996313691139221191e-01
6.440677046775817871e-01
7.328204512596130371e-01
6.790271997451782227e-01
6.948154568672180176e-01
4.188098013401031494e-01
6.984275579452514648e-01
7.064856886863708496e-01
5.844352841377258301e-01
6.776868700981140137e-01
6.974279284477233887e-01
6.954405307769775391e-01
7.276368141174316406e-01
6.912528872489929199e-01
7.628429532051086426e-01
7.220292687416076660e-01
7.175244092941284180e-01
7.031342387199401855e-01
6.806178689002990723e-01
6.718039512634277344e-01
7.562790513038635254e-01
8.001040816307067871e-01
6.382783651351928711e-01
7.474244832992553711e-01
7.540640234947204590e-01
7.526099085807800293e-01
7.526377439498901367e-01
7.195594310760498047e-01
6.759381294250488281e-01
6.152105927467346191e-01
7.366526126861572266e-01
6.164501309394836426e-01
7.368726730346679688e-01
7.573040723800659180e-01
6.923096179962158203e-01
7.226731777191162109e-01
6.990458369255065918e-01
6.575019955635070801e-01
4.891206026077270508e-01
7.424044609069824219e-01
7.206366062164306641e-01
6.950240135192871094e-01
7.438293695449829102e-01
6.596687436103820801e-01
6.491141319274902344e-01
6.302481889724731445e-01
7.206970453262329102e-01
6.075310111045837402e-01
6.922559142112731934e-01
6.840448975563049316e-01
6.112340688705444336e-01
6.394206881523132324e-01
7.821719050407409668e-01
7.464332580566406250e-01
