9.999655485153198242e-01
9.904905557632446289e-01
9.988660812377929688e-01
9.018442779779434204e-02
1.446368079632520676e-02
9.999148845672607422e-01
7.817897945642471313e-02
8.409063220024108887e-01
9.983818531036376953e-01
2.672524750232696533e-01
2.327307593077421188e-04
3.159391693770885468e-03
2.896439982578158379e-04
9.992331266403198242e-01
9.830879569053649902e-01
9.923215508460998535e-01
9.996708631515502930e-01
3.343556076288223267e-02
4.825403913855552673e-02
9.738970994949340820e-01
7.019093725830316544e-03
9.353172779083251953e-01
7.910119891166687012e-01
9.887531995773315430e-01
9.990614056587219238e-01
4.532267339527606964e-04
9.999868869781494141e-01
9.383844733238220215e-01
2.679337514564394951e-03
9.965553283691406250e-01
2.061306033283472061e-03
6.972395349293947220e-04
2.849126756191253662e-01
9.999778270721435547e-01
5.527634857571683824e-05
9.997209906578063965e-01
9.352704286575317383e-01
5.536461472511291504e-01
9.999070167541503906e-01
5.390419391915202141e-04
9.999775886535644531e-01
1.394791062921285629e-02
9.993053674697875977e-01
5.606230814009904861e-03
9.999822378158569336e-01
2.517134416848421097e-03
9.870678782463073730e-01
1.727422786643728614e-04
9.942451119422912598e-01
9.999401569366455078e-01
9.323212725576013327e-05
9.987782835960388184e-01
9.988741278648376465e-01
1.139832893386483192e-04
3.100060857832431793e-02
4.932803511619567871e-01
6.965541397221386433e-04
9.996682405471801758e-01
6.136172413825988770e-01
2.675515711307525635e-01
9.990223646163940430e-01
9.973906874656677246e-01
9.493824839591979980e-02
1.155369058251380920e-01
2.296153828501701355e-02
3.021324482688214630e-05
5.273916758596897125e-04
8.536728471517562866e-02
9.992664456367492676e-01
9.890965884551405907e-05
9.939723610877990723e-01
2.185842313338071108e-04
1.967556541785597801e-03
9.998743534088134766e-01
5.856850743293762207e-01
1.084071099758148193e-01
1.595862768590450287e-02
8.547224570065736771e-05
8.295950293540954590e-01
2.883459965232759714e-04
9.982625842094421387e-01
9.912335276603698730e-01
1.032908585330005735e-05
8.184379339218139648e-01
9.531893730163574219e-01
9.996834993362426758e-01
1.446778029203414917e-01
9.999842643737792969e-01
9.988711476325988770e-01
6.245904564857482910e-01
9.985974431037902832e-01
5.493138916790485382e-03
9.997535347938537598e-01
9.989595413208007812e-01
1.564890262670814991e-04
3.664217144250869751e-02
9.988019466400146484e-01
6.178607940673828125e-01
2.282832562923431396e-02
9.362739510834217072e-04
8.135075680911540985e-03
1.231982093304395676e-02
6.796377897262573242e-02
5.497755855321884155e-02
3.804250955581665039e-01
9.999628067016601562e-01
1.011435166001319885e-01
1.480113342404365540e-02
9.998661279678344727e-01
3.502253443002700806e-03
9.998371601104736328e-01
9.997428059577941895e-01
8.115061521530151367e-01
9.594970345497131348e-01
9.987574815750122070e-01
9.997456669807434082e-01
5.848230123519897461e-01
9.322466212324798107e-05
3.081256756559014320e-03
3.540552279446274042e-04
4.731469750404357910e-01
2.552293837070465088e-01
9.863421320915222168e-01
2.459736913442611694e-02
9.939078092575073242e-01
8.390098810195922852e-01
4.546582400798797607e-01
1.499930513091385365e-03
9.998425245285034180e-01
7.773312926292419434e-01
7.985224127769470215e-01
2.157377079129219055e-02
2.656597935128957033e-04
9.547801017761230469e-01
9.994986057281494141e-01
9.992764592170715332e-01
1.166926813311874866e-04
3.708997275680303574e-03
3.086524605751037598e-01
9.995562434196472168e-01
1.341293682344257832e-04
9.999710321426391602e-01
1.824086159467697144e-02
5.038136839866638184e-01
2.515479573048651218e-04
7.477547526359558105e-01
4.886890575289726257e-02
1.909378333948552608e-04
9.646896123886108398e-01
9.885884523391723633e-01
9.526509642601013184e-01
5.952118663117289543e-04
9.998754262924194336e-01
9.483461380004882812e-01
1.809591230994556099e-05
3.630037903785705566e-01
9.641813039779663086e-01
9.844688611337915063e-05
2.999476715922355652e-02
9.931541681289672852e-01
9.415479898452758789e-01
8.360331654548645020e-01
9.633299708366394043e-01
9.992789626121520996e-01
1.232723570865346119e-05
9.993866682052612305e-01
2.197181060910224915e-02
9.542276859283447266e-01
3.634294625953771174e-05
4.367743531474843621e-05
2.937165263574570417e-04
5.497423990163952112e-05
9.996080994606018066e-01
1.081258654594421387e-01
6.575463414192199707e-01
3.129511605948209763e-03
6.274041533470153809e-02
7.126391865313053131e-04
4.782743155956268311e-01
5.333417095243930817e-03
9.701691269874572754e-01
9.614885449409484863e-01
2.659520134329795837e-02
1.734075049171224236e-04
6.666639447212219238e-02
9.987611770629882812e-01
9.976077079772949219e-01
2.350867539644241333e-02
2.221300899982452393e-01
4.824066460132598877e-01
4.971382915973663330e-01
1.269982167286798358e-04
9.999084472656250000e-01
2.480136416852474213e-02
9.990360736846923828e-01
9.993822574615478516e-01
9.989410042762756348e-01
1.314821274718269706e-04
3.875530064105987549e-01
9.999872446060180664e-01
2.155945003323722631e-05
5.790806189179420471e-02
8.281206339597702026e-02
9.988954067230224609e-01
1.371901184320449829e-01
1.483748434111475945e-03
9.999594688415527344e-01
1.138364132202696055e-05
9.991210103034973145e-01
9.991317391395568848e-01
9.914981722831726074e-01
9.906078048516064882e-05
4.879394471645355225e-01
9.997741580009460449e-01
4.831849582842551172e-05
3.287770319730043411e-03
9.856271743774414062e-01
1.602399200201034546e-01
2.162410411983728409e-03
1.383292605169117451e-03
4.296095296740531921e-02
9.837444424629211426e-01
9.994034767150878906e-01
3.311285972595214844e-01
9.992389678955078125e-01
9.499140977859497070e-01
2.570789158344268799e-01
9.991391897201538086e-01
9.999456405639648438e-01
7.344374316744506359e-04
1.377901341766119003e-02
7.425620569847524166e-04
9.996022582054138184e-01
8.565355539321899414e-01
4.999529570341110229e-03
9.999166727066040039e-01
4.074051082134246826e-01
9.996086955070495605e-01
2.104212492704391479e-01
5.892866849899291992e-01
9.999483823776245117e-01
8.920736610889434814e-02
9.999762773513793945e-01
5.193154811859130859e-01
1.514838659204542637e-04
5.192138720303773880e-03
3.134395956294611096e-05
1.041231974959373474e-01
9.994089603424072266e-01
2.915643271990120411e-04
1.563051156699657440e-02
9.974524378776550293e-01
4.704489409923553467e-01
5.555219948291778564e-03
9.953509569168090820e-01
2.887101769447326660e-01
1.322156982496380806e-03
9.236717232852242887e-06
9.755018949508666992e-01
9.907791614532470703e-01
6.823721528053283691e-01
9.999933242797851562e-01
4.254062101244926453e-02
9.994158744812011719e-01
1.048169657588005066e-01
2.593596698716282845e-03
5.257832817733287811e-04
1.691406592726707458e-02
2.519041299819946289e-04
9.987145662307739258e-01
3.376374952495098114e-03
8.005279302597045898e-02
9.998237490653991699e-01
9.998435974121093750e-01
2.072726637125015259e-01
1.370162353850901127e-04
1.860401360318064690e-03
6.687825322151184082e-01
9.996455907821655273e-01
1.645851443754509091e-04
9.989645481109619141e-01
5.940683186054229736e-02
1.428913883864879608e-02
9.960892200469970703e-01
9.979938268661499023e-01
5.545252934098243713e-03
9.948887228965759277e-01
7.177547086030244827e-04
7.850585132837295532e-02
9.995952248573303223e-01
1.108636036515235901e-01
5.669781239703297615e-04
4.507222678512334824e-03
3.497524559497833252e-02
1.919099449878558517e-04
3.910768777132034302e-03
8.710498213768005371e-01
9.789184332475997508e-06
8.227688670158386230e-01
9.999876022338867188e-01
2.191660692915320396e-03
9.997954964637756348e-01
5.767985247075557709e-03
9.999676942825317383e-01
9.865846037864685059e-01
1.861948694568127394e-04
4.467242211103439331e-02
9.998816251754760742e-01
9.889286160469055176e-01
7.317001291085034609e-05
9.993212223052978516e-01
4.059397324454039335e-04
3.844156563282012939e-01
9.973096847534179688e-01
9.999260902404785156e-01
3.564025461673736572e-02
3.541955025866627693e-03
9.915368556976318359e-01
9.999791383743286133e-01
4.984349361620843410e-04
1.316922018304467201e-03
9.999437332153320312e-01
9.997884631156921387e-01
9.999951124191284180e-01
3.180231899023056030e-03
9.972524046897888184e-01
1.786010223440825939e-03
9.862822890281677246e-01
2.064148662611842155e-03
5.978508591651916504e-01
9.999904632568359375e-01
9.998633861541748047e-01
4.580464519676752388e-05
5.556912422180175781e-01
9.993577599525451660e-01
9.488899111747741699e-01
9.768862128257751465e-01
2.727971673011779785e-01
2.685529645532369614e-03
9.999088048934936523e-01
2.668970497325062752e-03
2.131062932312488556e-02
9.997965693473815918e-01
9.987552165985107422e-01
9.999647140502929688e-01
8.642786145210266113e-01
9.992819428443908691e-01
9.992389678955078125e-01
9.986491799354553223e-01
9.874932765960693359e-01
9.988471269607543945e-01
4.085254669189453125e-01
9.993854761123657227e-01
1.087955315597355366e-03
3.159912739647552371e-05
1.341699957847595215e-01
3.576684743165969849e-02
9.841907620429992676e-01
9.999277591705322266e-01
1.489209680585190654e-04
1.025001984089612961e-03
1.440221536904573441e-02
3.477980941534042358e-02
8.232846111059188843e-02
9.969757795333862305e-01
9.992615580558776855e-01
8.742405101656913757e-03
1.055941684171557426e-03
8.047741651535034180e-01
9.890559911727905273e-01
9.994006156921386719e-01
9.563505649566650391e-01
2.895159122999757528e-04
7.680097222328186035e-01
9.999489784240722656e-01
9.910073876380920410e-01
4.814059138880111277e-05
2.479197864886373281e-04
9.997157454490661621e-01
1.644271658733487129e-03
8.342951536178588867e-03
9.776092767715454102e-01
8.602969646453857422e-01
9.995259046554565430e-01
9.997205138206481934e-01
7.944093346595764160e-01
2.362397208344191313e-05
9.984700083732604980e-01
8.773264884948730469e-01
3.007628209888935089e-02
2.303186105564236641e-03
9.999574422836303711e-01
3.514571115374565125e-02
9.988753199577331543e-01
9.972251653671264648e-01
9.997846484184265137e-01
3.747878508875146508e-05
5.936354398727416992e-01
9.967420697212219238e-01
9.985101819038391113e-01
9.956684112548828125e-01
2.325565181672573090e-02
9.335746765136718750e-01
9.746015667915344238e-01
7.803990840911865234e-01
9.959659576416015625e-01
9.978181123733520508e-01
1.800887403078377247e-03
9.619265198707580566e-01
9.997841715812683105e-01
9.999049901962280273e-01
9.951257109642028809e-01
7.022098172456026077e-03
8.879448771476745605e-01
2.177410991862416267e-03
9.999312162399291992e-01
1.062559336423873901e-02
8.495976799167692661e-04
1.244124304503202438e-02
8.804827928543090820e-01
9.995774626731872559e-01
2.458425462245941162e-01
3.429149277508258820e-03
9.185140952467918396e-03
3.321920987218618393e-03
4.008809919469058514e-04
2.446562200784683228e-01
9.920396804809570312e-01
1.211100170621648431e-04
4.059598147869110107e-01
9.896989464759826660e-01
2.353663742542266846e-02
6.171612814068794250e-02
9.365885853767395020e-01
9.995955824851989746e-01
9.996713399887084961e-01
9.999529123306274414e-01
1.200994756072759628e-02
9.810677766799926758e-01
8.629902731627225876e-05
9.949063062667846680e-01
2.589578330516815186e-01
8.674644231796264648e-01
3.508938010782003403e-03
3.407238125801086426e-01
1.640437221794854850e-05
1.838891804218292236e-01
3.552589192986488342e-02
4.913547039031982422e-01
3.693492338061332703e-02
2.818683606164995581e-05
9.994558691978454590e-01
2.276169061660766602e-01
5.407402757555246353e-03
1.648506820201873779e-01
9.999220371246337891e-01
9.999319314956665039e-01
2.475933433743193746e-05
4.151488468050956726e-02
9.999903440475463867e-01
6.457391282310709357e-05
9.246798232197761536e-03
9.970381259918212891e-01
7.966560125350952148e-01
9.998092055320739746e-01
1.061945874243974686e-02
6.194881796836853027e-01
1.352720028080511838e-05
2.106728106737136841e-01
9.901735782623291016e-01
4.706010222434997559e-02
5.472131967544555664e-01
3.606610465794801712e-03
3.059283196926116943e-01
9.992299079895019531e-01
1.368016377091407776e-02
8.986581563949584961e-01
4.250578284263610840e-01
9.823999404907226562e-01
4.267960786819458008e-03
9.974622726440429688e-01
3.261173376813530922e-03
9.999885559082031250e-01
1.988156884908676147e-02
4.128256142139434814e-01
1.772815734148025513e-01
9.997487664222717285e-01
3.754155337810516357e-02
1.145184214692562819e-04
1.801330799935385585e-04
9.960176348686218262e-01
9.992666840553283691e-01
6.127756205387413502e-04
1.560224918648600578e-03
2.508225734345614910e-04
6.835912936367094517e-04
1.692811383691150695e-05
9.996485710144042969e-01
6.100681730458745733e-06
9.999386072158813477e-01
9.999237060546875000e-01
9.999184608459472656e-01
9.995487332344055176e-01
9.746510386466979980e-01
9.747695922851562500e-01
4.317839629948139191e-03
9.896631836891174316e-01
9.939855933189392090e-01
4.332005628384649754e-04
9.991162419319152832e-01
9.520686268806457520e-01
9.850726723670959473e-01
1.717422419460490346e-04
9.974516034126281738e-01
5.975071787834167480e-01
1.083100810647010803e-01
9.999077320098876953e-01
3.263857914134860039e-03
3.068461418151855469e-01
1.207793015055358410e-03
1.686317473649978638e-01
2.490360930096358061e-04
9.998847246170043945e-01
1.091080685000633821e-05
3.771834890358150005e-04
1.531774550676345825e-01
9.778879284858703613e-01
9.976431727409362793e-01
9.861906766891479492e-01
9.606078267097473145e-01
1.075701875379309058e-04
9.999473094940185547e-01
2.632180927321314812e-03
9.993935823440551758e-01
9.999592304229736328e-01
9.998144507408142090e-01
8.916091918945312500e-01
2.327015157788991928e-03
8.323848247528076172e-01
9.997354149818420410e-01
2.113364487886428833e-01
9.997078776359558105e-01
9.971013665199279785e-01
1.216079015284776688e-02
3.435776531696319580e-01
9.961297512054443359e-01
9.862822890281677246e-01
9.993162155151367188e-01
1.640106784179806709e-04
8.618937730789184570e-01
7.661482095718383789e-01
1.775298616848886013e-03
2.629556953907012939e-01
6.217977497726678848e-04
9.999780654907226562e-01
2.849181555211544037e-02
7.674811058677732944e-04
3.482174826785922050e-03
5.652176216244697571e-02
9.996047616004943848e-01
4.983420949429273605e-03
9.996003508567810059e-01
9.999424219131469727e-01
8.539622649550437927e-04
9.988316893577575684e-01
1.031736135482788086e-01
9.931573271751403809e-01
2.285260852659121156e-04
9.999296665191650391e-01
9.999620914459228516e-01
1.519061475992202759e-01
9.616144299507141113e-01
5.355901718139648438e-01
9.967155456542968750e-01
3.664583346107974648e-05
9.995757937431335449e-01
3.306164406239986420e-03
8.845440112054347992e-03
2.781603857874870300e-02
9.984202384948730469e-01
4.232447594404220581e-03
9.967582821846008301e-01
1.052875886671245098e-03
2.246424410259351134e-04
6.467605382204055786e-02
1.455295387131627649e-05
9.999774694442749023e-01
9.999279975891113281e-01
5.636006244458258152e-05
9.989122152328491211e-01
8.457114100456237793e-01
5.312939286231994629e-01
4.629401519196107984e-05
9.322557449340820312e-01
9.966949224472045898e-01
6.445463001728057861e-02
8.703135848045349121e-01
3.785272687673568726e-02
5.701420595869421959e-04
9.997672438621520996e-01
9.905203580856323242e-01
8.361870795488357544e-02
9.900757670402526855e-01
9.987722039222717285e-01
9.916021227836608887e-01
9.866900444030761719e-01
2.033417299389839172e-02
5.529997361009009182e-05
9.941356182098388672e-01
9.803804755210876465e-01
9.947774410247802734e-01
6.847470067441463470e-04
1.841483414173126221e-01
4.835477471351623535e-02
4.884931445121765137e-02
6.037741433829069138e-03
9.566540122032165527e-01
5.815498903393745422e-02
3.051619205507449806e-05
9.894617199897766113e-01
9.986981153488159180e-01
9.995554089546203613e-01
2.085746377706527710e-01
5.756516940891742706e-03
2.696676552295684814e-01
1.347456782241351902e-05
9.998763799667358398e-01
2.612361013889312744e-01
1.365752220153808594e-01
9.894946217536926270e-01
9.872348904609680176e-01
7.844334840774536133e-01
4.077542107552289963e-04
9.968674778938293457e-01
4.347912501543760300e-03
8.979902602732181549e-03
9.976310729980468750e-01
7.416195273399353027e-01
9.603476524353027344e-02
3.673827052116394043e-01
9.995833039283752441e-01
9.999281167984008789e-01
9.994992017745971680e-01
3.024501347681507468e-05
6.210503578186035156e-01
2.878936473280191422e-03
9.997789263725280762e-01
2.638526819646358490e-02
7.424985617399215698e-02
8.038747310638427734e-01
9.999066591262817383e-01
9.999554157257080078e-01
3.558054449968039989e-04
9.998685121536254883e-01
9.999588727951049805e-01
9.967041611671447754e-01
7.130134235922014341e-06
9.984512329101562500e-01
9.997441172599792480e-01
9.943262934684753418e-01
4.089568741619586945e-03
1.859069103375077248e-03
5.005264189094305038e-03
1.965148001909255981e-02
9.345758557319641113e-01
9.936224818229675293e-01
5.382259259931743145e-04
6.941514015197753906e-01
2.663684450089931488e-02
2.916264347732067108e-03
4.760482406709343195e-04
9.999608993530273438e-01
2.027680020546540618e-04
5.095608066767454147e-03
7.940879464149475098e-01
5.581395626068115234e-01
2.519606845453381538e-03
9.999481439590454102e-01
9.998753070831298828e-01
9.972575306892395020e-01
9.875770807266235352e-01
9.995156526565551758e-01
9.993649125099182129e-01
9.985511898994445801e-01
3.670895099639892578e-02
1.113995164632797241e-01
9.998635053634643555e-01
8.954040408134460449e-01
8.936167432693764567e-06
9.999793767929077148e-01
1.388979554176330566e-01
1.115544233471155167e-02
9.988609552383422852e-01
9.998281002044677734e-01
9.997014403343200684e-01
3.596875369548797607e-01
9.990594983100891113e-01
9.997987151145935059e-01
8.440952897071838379e-01
2.968216240406036377e-01
9.824504256248474121e-01
9.999513626098632812e-01
9.998723268508911133e-01
9.999275207519531250e-01
9.955841898918151855e-01
4.430860579013824463e-01
9.990589022636413574e-01
4.132594447582960129e-03
8.801951408386230469e-01
9.999734163284301758e-01
7.419441244564950466e-04
9.995688796043395996e-01
1.896523237228393555e-01
5.871685147285461426e-01
9.999475479125976562e-01
1.586603373289108276e-01
5.175503902137279510e-04
6.755883097648620605e-01
1.799660822143778205e-05
4.821850918233394623e-03
9.996831417083740234e-01
9.973487854003906250e-01
1.051205763360485435e-04
9.999001026153564453e-01
1.299324445426464081e-02
1.137439608573913574e-01
4.129986166954040527e-01
9.961926937103271484e-01
3.919127881526947021e-01
9.998981952667236328e-01
5.180194377899169922e-01
9.943931102752685547e-01
8.253936171531677246e-01
3.894883848261088133e-04
9.980529546737670898e-01
9.999880790710449219e-01
1.607143349247053266e-05
6.594389677047729492e-01
9.957719445228576660e-01
3.087459318339824677e-02
2.207098156213760376e-01
9.999270439147949219e-01
4.244368756189942360e-04
1.356091117486357689e-03
2.159708179533481598e-03
4.114638864994049072e-01
9.998098015785217285e-01
1.917205750942230225e-02
9.460263885557651520e-03
9.996345043182373047e-01
9.999140501022338867e-01
9.670473933219909668e-01
1.863057911396026611e-02
2.083631232380867004e-02
1.107191573828458786e-02
3.734222380444407463e-03
9.995607733726501465e-01
9.957204461097717285e-01
9.997265934944152832e-01
3.057399531826376915e-03
9.999598264694213867e-01
9.943577647209167480e-01
4.628828028216958046e-04
3.036818467080593109e-02
2.629773734952323139e-05
2.460090257227420807e-02
3.398253757040947676e-04
3.509774614940397441e-05
8.017792105674743652e-01
3.557110205292701721e-02
9.999827146530151367e-01
3.412532096263021231e-04
1.719409599900245667e-02
4.870193824172019958e-02
2.283390052616596222e-02
9.982952475547790527e-01
2.646130621433258057e-01
9.998307228088378906e-01
9.966071844100952148e-01
9.999898672103881836e-01
7.175065577030181885e-02
3.883579745888710022e-03
9.978051781654357910e-01
9.616144299507141113e-01
1.605374018254224211e-05
5.409203004091978073e-04
1.960016670636832714e-04
2.322824671864509583e-02
9.999667406082153320e-01
6.394734978675842285e-01
9.999780654907226562e-01
2.662265002727508545e-01
1.073773484677076340e-02
6.241567060351371765e-02
1.705896720523014665e-04
5.923962453380227089e-04
7.878187461756169796e-04
9.999558925628662109e-01
2.319542458280920982e-03
8.836065530776977539e-01
9.998803138732910156e-01
1.227370667038485408e-04
9.999954700469970703e-01
9.981474876403808594e-01
9.985582232475280762e-01
8.137858822010457516e-05
8.750069886445999146e-02
7.927414774894714355e-01
5.286116600036621094e-01
9.826158285140991211e-01
5.970733400317840278e-05
9.995398521423339844e-01
5.784780718386173248e-03
1.188382666441611946e-04
2.364054322242736816e-02
2.959435619413852692e-02
7.691027130931615829e-04
4.117579460144042969e-01
8.848236799240112305e-01
9.968799352645874023e-01
9.992141723632812500e-01
9.999682903289794922e-01
3.081950917840003967e-02
1.434762030839920044e-02
1.141959503293037415e-01
9.984408020973205566e-01
2.104629296809434891e-03
9.933961033821105957e-01
5.465198680758476257e-02
5.749283730983734131e-02
4.152733527007512748e-05
2.835181057453155518e-01
4.531403537839651108e-04
9.516225457191467285e-01
1.311744679696857929e-03
5.330599378794431686e-03
9.997040629386901855e-01
1.163403649115934968e-04
4.255003295838832855e-03
4.221179783344268799e-01
9.999562501907348633e-01
1.906838566064834595e-01
7.644905149936676025e-02
9.991518259048461914e-01
1.115746796131134033e-02
9.960002303123474121e-01
9.998165965080261230e-01
9.996552467346191406e-01
2.039065212011337280e-01
1.499737799167633057e-01
9.998693466186523438e-01
3.949787020683288574e-01
2.763953804969787598e-01
1.659504487179219723e-04
1.561998069519177079e-04
9.998099207878112793e-01
9.996750354766845703e-01
6.630530953407287598e-01
1.814507762901484966e-03
9.978437423706054688e-01
9.554789066314697266e-01
3.538660937920212746e-03
5.289873480796813965e-01
9.886489510536193848e-01
9.680867195129394531e-01
6.449578795582056046e-03
1.318470239639282227e-01
1.611099287401884794e-05
8.714566826820373535e-01
3.443218301981687546e-04
9.988433122634887695e-01
2.726930542849004269e-04
9.074596762657165527e-01
9.996789693832397461e-01
9.997004270553588867e-01
7.717996835708618164e-01
9.999561309814453125e-01
1.534474268555641174e-02
9.807406067848205566e-01
5.049674957990646362e-02
9.999693632125854492e-01
3.481357591226696968e-03
1.505958498455584049e-03
9.983834028244018555e-01
9.571123123168945312e-01
9.727693200111389160e-01
9.985607266426086426e-01
9.880220890045166016e-01
4.382865037769079208e-03
1.759563601808622479e-04
9.909529685974121094e-01
1.383617054671049118e-04
9.873076081275939941e-01
8.166385889053344727e-01
3.587802057154476643e-04
4.708957672119140625e-02
9.309378266334533691e-01
9.948536753654479980e-01
1.293496042490005493e-02
9.692724347114562988e-01
9.999138116836547852e-01
1.674317987635731697e-03
4.341266751289367676e-01
9.999951124191284180e-01
9.992265701293945312e-01
9.809422492980957031e-01
2.068486355710774660e-04
9.972521662712097168e-01
9.958744645118713379e-01
9.993270635604858398e-01
3.758271038532257080e-01
9.727574586868286133e-01
9.844563007354736328e-01
2.339955866336822510e-01
2.782956580631434917e-04
7.659511757083237171e-04
7.151050120592117310e-02
9.260758161544799805e-01
9.997790455818176270e-01
7.972400188446044922e-01
9.985176920890808105e-01
9.998776912689208984e-01
1.294036209583282471e-02
9.364772439002990723e-01
9.999220371246337891e-01
9.977431297302246094e-01
1.188275218009948730e-02
9.997152686119079590e-01
7.379885911941528320e-01
9.969446063041687012e-01
9.990998506546020508e-01
9.995163679122924805e-01
9.848265647888183594e-01
5.326175093650817871e-01
9.995800852775573730e-01
9.985852241516113281e-01
9.236252307891845703e-01
9.996181726455688477e-01
8.722021593712270260e-04
3.933968546334654093e-04
5.423972010612487793e-01
9.995941519737243652e-01
8.300438639707863331e-04
9.961190223693847656e-01
8.145650029182434082e-01
4.746622592210769653e-02
1.621008850634098053e-03
1.142755965702235699e-03
8.991890400648117065e-02
9.999903440475463867e-01
9.996886253356933594e-01
1.043496769852936268e-03
9.985985159873962402e-01
7.942228112369775772e-04
8.882611989974975586e-02
7.184623391367495060e-04
9.985218644142150879e-01
9.999834299087524414e-01
9.889918565750122070e-01
3.101234091445803642e-03
9.992830157279968262e-01
1.899095810949802399e-02
6.685230135917663574e-01
9.989479184150695801e-01
9.998432397842407227e-01
4.308438394218683243e-03
5.627833306789398193e-04
8.735221624374389648e-01
2.581493556499481201e-01
6.223768368363380432e-02
9.836841821670532227e-01
2.141784876585006714e-01
9.988549947738647461e-01
9.998559951782226562e-01
1.141442637890577316e-02
1.621780730783939362e-02
3.322398115415126085e-04
9.998188614845275879e-01
9.947212934494018555e-01
7.535915210610255599e-05
1.673240661621093750e-01
9.999654293060302734e-01
9.997879862785339355e-01
2.867134474217891693e-02
5.617436487227678299e-03
9.999691247940063477e-01
5.834206938743591309e-01
4.531323793344199657e-04
8.009837269783020020e-01
9.874122142791748047e-01
1.845192164182662964e-04
6.416369676589965820e-01
1.841164521465543658e-05
2.462938055396080017e-02
9.997516274452209473e-01
9.998701810836791992e-01
9.462283849716186523e-01
7.641891241073608398e-01
9.999544620513916016e-01
1.630455517442896962e-05
7.720264606177806854e-03
9.470581412315368652e-01
3.547369502484798431e-03
8.603104948997497559e-01
9.999734163284301758e-01
5.871491739526391029e-04
2.885118722915649414e-01
9.917957186698913574e-01
9.540230967104434967e-03
9.985297918319702148e-01
3.946644210373051465e-05
2.772860898403450847e-05
1.835503242909908295e-02
2.876211190596222878e-03
9.988757967948913574e-01
5.725297704339027405e-02
5.611929893493652344e-01
4.247960168868303299e-03
1.091605983674526215e-02
1.952231675386428833e-01
9.973793029785156250e-01
1.442232751287519932e-04
9.729902148246765137e-01
3.864830068778246641e-04
8.619013533461838961e-05
1.062808769347611815e-05
9.978914856910705566e-01
1.218746677041053772e-01
3.106312751770019531e-01
9.914823770523071289e-01
9.945472478866577148e-01
9.988037347793579102e-01
6.293725891737267375e-05
4.533391818404197693e-02
4.577027284540235996e-04
9.958400726318359375e-01
9.994276165962219238e-01
3.156652450561523438e-01
6.152961577754467726e-05
2.388493885518983006e-05
3.548477590084075928e-02
4.007254242897033691e-01
9.994043111801147461e-01
9.999343156814575195e-01
1.605776399374008179e-01
9.873235821723937988e-01
9.709218144416809082e-01
1.890722475945949554e-02
9.625076055526733398e-01
9.999909400939941406e-01
9.961240887641906738e-01
9.779265383258461952e-04
9.999219179153442383e-01
8.724066615104675293e-01
1.892948448657989502e-01
7.547581102699041367e-03
1.767312362790107727e-02
3.194388991687446833e-04
9.964820146560668945e-01
8.624823689460754395e-01
9.489338994026184082e-01
9.981941580772399902e-01
5.026365979574620724e-04
8.553286641836166382e-02
1.097696440410800278e-05
5.479421019554138184e-01
4.111694395542144775e-01
9.842883348464965820e-01
9.998524188995361328e-01
8.132314085960388184e-01
2.915523014962673187e-02
8.861029148101806641e-01
3.042843937873840332e-01
9.982994198799133301e-01
6.520003080368041992e-01
9.998768568038940430e-01
9.999234676361083984e-01
1.711355405859649181e-03
1.676065439824014902e-04
9.228657484054565430e-01
9.826819896697998047e-01
8.405969142913818359e-01
9.599015116691589355e-01
7.041059434413909912e-04
5.733790397644042969e-01
9.914157986640930176e-01
3.384320298209786415e-03
8.060728311538696289e-01
9.985197186470031738e-01
1.017913309624418616e-04
9.998474121093750000e-01
6.776887178421020508e-02
9.973558187484741211e-01
2.755670845508575439e-01
1.347292913123965263e-03
9.815555214881896973e-01
9.999090433120727539e-01
9.999524354934692383e-01
6.202297806739807129e-01
4.863587964791804552e-04
9.990726709365844727e-01
2.952184877358376980e-04
9.999808073043823242e-01
9.853115081787109375e-01
8.396183848381042480e-01
9.870114326477050781e-01
9.992801547050476074e-01
7.934601306915283203e-01
5.902798771858215332e-01
2.871732613130006939e-05
9.993579983711242676e-01
1.790238916873931885e-01
8.559178709983825684e-01
4.108289480209350586e-01
1.186065189540386200e-02
4.480746429180726409e-05
9.730841517448425293e-01
1.287614703178405762e-01
1.617816815269179642e-05
7.952284067869186401e-03
9.996668100357055664e-01
9.997656941413879395e-01
9.999306201934814453e-01
5.981807783246040344e-02
1.417756284354254603e-04
9.999550580978393555e-01
2.413451485335826874e-02
9.957299828529357910e-01
9.999743700027465820e-01
9.997331500053405762e-01
9.979774355888366699e-01
9.655101299285888672e-01
9.999295473098754883e-01
9.999247789382934570e-01
6.593783036805689335e-04
9.962967038154602051e-01
8.937967568635940552e-02
1.903115116874687374e-05
9.985509514808654785e-01
9.986602067947387695e-01
1.196560697280801833e-04
8.865448087453842163e-02
1.718691736459732056e-01
2.548825442790985107e-01
7.383425235748291016e-01
7.348292469978332520e-01
1.578116863965988159e-01
9.997233748435974121e-01
9.994059801101684570e-01
9.991497993469238281e-01
2.735173911787569523e-04
7.272889465093612671e-02
9.841071367263793945e-01
6.748276203870773315e-02
5.043719895184040070e-03
9.968814849853515625e-01
9.695675224065780640e-03
9.808473587036132812e-01
7.465720772743225098e-01
9.999747276306152344e-01
9.999566078186035156e-01
3.963987546740099788e-05
3.633264005184173584e-01
6.951335817575454712e-03
9.999263286590576172e-01
9.983030557632446289e-01
4.959482233971357346e-03
1.182570215314626694e-02
1.863562269136309624e-03
9.977522492408752441e-01
1.575619680806994438e-04
2.854553163051605225e-01
9.999850988388061523e-01
9.209037423133850098e-01
9.999611377716064453e-01
4.667112661991268396e-04
1.226236054208129644e-04
4.942540079355239868e-03
1.058232560753822327e-01
3.264486091211438179e-03
4.418472759425640106e-03
1.352938544005155563e-02
6.449796259403228760e-02
9.800996184349060059e-01
3.653622479760088027e-05
9.658493995666503906e-01
9.990719556808471680e-01
1.030777348205447197e-04
4.732192493975162506e-03
9.999672174453735352e-01
9.996603727340698242e-01
1.977608539164066315e-03
1.487528719007968903e-02
6.119204759597778320e-01
3.837884869426488876e-03
9.999619722366333008e-01
9.939830899238586426e-01
9.940192699432373047e-01
9.997542500495910645e-01
9.511636495590209961e-01
8.353613018989562988e-01
1.906793040689080954e-04
1.855294103734195232e-04
4.890738055109977722e-03
1.680565178394317627e-01
8.643352389335632324e-01
4.968740977346897125e-03
9.774792790412902832e-01
9.986854195594787598e-01
6.457835115725174546e-05
9.997845292091369629e-01
9.996438026428222656e-01
9.995993971824645996e-01
9.999214410781860352e-01
7.636054754257202148e-01
9.995533823966979980e-01
9.653415679931640625e-01
7.133903354406356812e-02
3.015727996826171875e-01
9.989396929740905762e-01
8.544524908065795898e-01
9.986181259155273438e-01
3.167864680290222168e-01
9.750588536262512207e-01
9.464781032875180244e-04
2.345970424357801676e-04
9.590711593627929688e-01
9.999748468399047852e-01
9.998359680175781250e-01
9.974115490913391113e-01
7.354152798652648926e-01
5.151514778845012188e-04
9.999684095382690430e-01
1.215676165884360671e-04
2.007405161857604980e-01
4.316271096467971802e-02
8.549720644950866699e-01
4.558159112930297852e-01
1.460974017390981317e-04
9.828863739967346191e-01
9.998176693916320801e-01
9.982351064682006836e-01
9.211422204971313477e-01
8.274149731732904911e-04
7.501890063285827637e-01
5.532346293330192566e-02
5.608015228062868118e-03
9.959379434585571289e-01
9.998526573181152344e-01
1.329505592584609985e-01
9.999773502349853516e-01
1.075193658471107483e-02
4.273166414350271225e-04
3.616622090339660645e-01
4.662009775638580322e-01
9.994760155677795410e-01
7.237353175878524780e-02
6.444485783576965332e-01
8.899943204596638680e-04
7.843706989660859108e-04
9.989620447158813477e-01
9.998362064361572266e-01
9.999836683273315430e-01
9.998576641082763672e-01
1.149676827481016517e-04
9.991524219512939453e-01
9.985299110412597656e-01
9.988163709640502930e-01
9.456897974014282227e-01
9.823545217514038086e-01
9.997842907905578613e-01
9.462408721446990967e-03
9.951238036155700684e-01
8.037595544010400772e-04
9.947159886360168457e-01
7.496269792318344116e-02
8.474110364913940430e-01
2.795658074319362640e-02
9.999247789382934570e-01
9.967766404151916504e-01
7.861835911171510816e-05
9.997605681419372559e-01
9.991486072540283203e-01
9.867832660675048828e-01
9.997424483299255371e-01
9.997752308845520020e-01
1.247563865035772324e-03
9.999841451644897461e-01
9.981335997581481934e-01
1.304040197283029556e-03
8.650838136672973633e-01
3.642373718321323395e-03
9.965329430997371674e-03
9.999642372131347656e-01
1.112377231038408354e-05
1.645957236178219318e-03
9.869097173213958740e-02
6.597397732548415661e-04
2.200635208282619715e-04
2.116343565285205841e-02
9.750898480415344238e-01
7.855326682329177856e-02
9.998397827148437500e-01
3.751310869120061398e-04
9.999731779098510742e-01
4.223805665969848633e-01
9.984307885169982910e-01
9.635903239250183105e-01
9.994356036186218262e-01
9.569041132926940918e-01
1.945316046476364136e-01
9.496578574180603027e-01
4.716592133045196533e-01
1.044154560077004135e-04
8.957052230834960938e-01
9.988975524902343750e-01
5.237280274741351604e-04
9.923384189605712891e-01
9.994518160820007324e-01
2.439639138174243271e-05
9.055725932121276855e-01
7.184806599980220199e-05
9.984096884727478027e-01
9.999856948852539062e-01
8.618841820862144232e-05
1.607746444642543793e-02
1.614034525118768215e-03
9.520961642265319824e-01
9.994097948074340820e-01
1.013271594274556264e-05
9.998449087142944336e-01
9.998082518577575684e-01
1.699743093922734261e-03
1.145472526550292969e-01
9.999306201934814453e-01
1.159386127255856991e-03
8.116112947463989258e-01
3.035072982311248779e-01
2.805869007715955377e-05
9.435767531394958496e-01
8.270510286092758179e-02
2.357933903113007545e-03
5.566935539245605469e-01
9.944504499435424805e-01
9.998831748962402344e-01
9.664580225944519043e-01
9.999676942825317383e-01
5.967988818883895874e-02
6.489261984825134277e-01
9.972391128540039062e-01
4.807806544704362750e-05
9.980004429817199707e-01
8.643045425415039062e-01
2.654834836721420288e-02
9.627689719200134277e-01
3.063786402344703674e-02
5.713177919387817383e-01
9.997498393058776855e-01
9.989693164825439453e-01
9.056534767150878906e-01
2.603652141988277435e-02
3.010823428630828857e-01
2.077638059854507446e-01
3.571561351418495178e-02
9.818947911262512207e-01
1.802930235862731934e-01
8.976164273917675018e-03
9.839385151863098145e-01
6.909666262799873948e-05
7.850916683673858643e-02
5.419062972068786621e-01
9.743775129318237305e-01
9.839932918548583984e-01
4.073270611115731299e-05
1.281393133103847504e-02
9.994037151336669922e-01
4.289647936820983887e-01
9.571375250816345215e-01
1.932054609060287476e-01
9.742350578308105469e-01
8.432422764599323273e-04
8.408498167991638184e-01
8.677625010022893548e-05
7.878060387156438082e-06
9.994826316833496094e-01
3.722990804817527533e-04
7.650763727724552155e-03
5.731422570534050465e-04
9.999909400939941406e-01
6.902743130922317505e-02
1.402186462655663490e-03
3.429993812460452318e-04
4.898239970207214355e-01
9.999297857284545898e-01
1.161612337455153465e-03
4.193586856126785278e-02
9.998549222946166992e-01
6.746454834938049316e-01
8.767274618148803711e-01
9.994232654571533203e-01
9.999510049819946289e-01
5.030535976402461529e-04
9.946086406707763672e-01
9.820142388343811035e-01
4.193210508674383163e-03
8.546317694708704948e-04
8.872266411781311035e-01
3.360281884670257568e-01
7.387420162558555603e-03
9.991094470024108887e-01
9.792296290397644043e-01
9.997021555900573730e-01
1.720761611068155617e-05
4.918268024921417236e-01
1.358433440327644348e-02
2.122494624927639961e-03
9.781105472939088941e-05
4.940696526318788528e-04
9.900414347648620605e-01
2.494527027010917664e-02
9.755503535270690918e-01
4.309375304728746414e-03
7.670322656631469727e-01
9.999518394470214844e-01
3.672364691738039255e-04
9.982210993766784668e-01
2.176867565140128136e-04
9.999668598175048828e-01
9.371991157531738281e-01
2.684037608560174704e-04
8.534596562385559082e-01
9.677566587924957275e-03
9.989591836929321289e-01
1.377825741656124592e-03
9.997695088386535645e-01
4.237308353185653687e-02
9.999804496765136719e-01
1.986458082683384418e-04
9.985906481742858887e-01
9.988829493522644043e-01
1.916976296342909336e-03
6.614632438868284225e-04
9.857078194618225098e-01
1.617444446310400963e-03
9.999412298202514648e-01
9.944673776626586914e-01
9.962634444236755371e-01
9.972642660140991211e-01
9.774985313415527344e-01
9.968501925468444824e-01
9.999216794967651367e-01
7.858954668045043945e-01
4.549767982098273933e-05
9.998620748519897461e-01
2.492345811333507299e-05
4.425751790404319763e-02
8.757084012031555176e-01
1.635550409555435181e-01
9.812800884246826172e-01
9.803478121757507324e-01
1.257017138414084911e-03
2.277046674862504005e-03
6.458036135882139206e-03
9.998879432678222656e-01
8.498988463543355465e-04
3.034819383174180984e-04
2.085798978805541992e-02
9.550604224205017090e-01
9.999828338623046875e-01
1.079452410340309143e-01
7.440888881683349609e-01
5.511971712112426758e-01
9.993726611137390137e-01
2.451185137033462524e-03
9.620935320854187012e-01
1.523952186107635498e-01
9.139659232459962368e-05
1.742347143590450287e-02
9.999002218246459961e-01
1.934372782707214355e-01
1.689322479069232941e-02
3.964115306735038757e-02
9.910975694656372070e-01
9.804035425186157227e-01
9.797652252018451691e-03
9.996402263641357422e-01
1.774477714207023382e-04
5.252173542976379395e-01
3.132444107905030251e-04
5.771928429603576660e-01
9.998865127563476562e-01
9.668502211570739746e-01
8.149908781051635742e-01
3.849569708108901978e-03
3.547170460224151611e-01
7.385186851024627686e-03
7.536727207479998469e-05
2.864686575776431710e-05
3.751237527467310429e-04
8.913039565086364746e-01
2.275604289025068283e-03
2.405362320132553577e-04
9.999176263809204102e-01
8.723173141479492188e-01
9.983381032943725586e-01
9.999847412109375000e-01
1.050819992087781429e-04
9.999667406082153320e-01
2.052972376986872405e-05
9.992291927337646484e-01
6.767516732215881348e-01
1.334812026470899582e-03
9.971168041229248047e-01
3.576505405362695456e-04
2.554118931293487549e-01
1.603457927703857422e-01
1.813196344301104546e-03
1.023053118842653930e-05
9.998227953910827637e-01
9.984226226806640625e-01
8.395490646362304688e-01
2.044683060375973582e-04
8.667623042128980160e-04
3.075186978094279766e-04
3.122029006481170654e-01
9.734917879104614258e-01
9.841601252555847168e-01
7.624770402908325195e-01
7.829824686050415039e-01
9.936920404434204102e-01
9.978169202804565430e-01
3.238226519897580147e-03
9.999526739120483398e-01
9.991457462310791016e-01
9.999741315841674805e-01
9.476721286773681641e-01
9.971926808357238770e-01
9.276717305183410645e-01
3.433831268921494484e-03
9.940829873085021973e-01
2.585890237241983414e-03
3.329451084136962891e-01
1.249944307346595451e-05
1.818980206735432148e-03
7.943139644339680672e-04
6.545327603816986084e-02
4.226518794894218445e-04
9.858403205871582031e-01
9.993633627891540527e-01
9.954109787940979004e-01
8.812042474746704102e-01
3.363880794495344162e-03
6.890295743942260742e-01
8.749470114707946777e-01
9.602330923080444336e-01
3.083901703357696533e-01
9.996707439422607422e-01
7.452516729244962335e-05
9.721783399581909180e-01
1.605853438377380371e-01
2.634854987263679504e-03
2.337461628485471010e-04
1.123936744988895953e-04
4.042936197947710752e-04
7.972962409257888794e-02
9.873472452163696289e-01
8.237577974796295166e-03
9.772912859916687012e-01
1.772444738890044391e-05
5.422880407422780991e-03
1.301739960908889771e-01
1.799627789296209812e-03
9.998289346694946289e-01
9.584091305732727051e-01
2.617989899590611458e-03
3.278429794590920210e-04
4.290752985980361700e-04
9.889999032020568848e-01
9.992737174034118652e-01
9.996935129165649414e-01
1.175266224890947342e-02
6.967558525502681732e-03
5.566573739051818848e-01
1.888269558548927307e-02
7.490239143371582031e-01
9.664021134376525879e-01
3.378973997314460576e-05
9.999415874481201172e-01
4.408981185406446457e-03
9.998487234115600586e-01
7.424336671829223633e-01
3.727452456951141357e-02
1.342669944278895855e-03
9.908236265182495117e-01
9.731972217559814453e-01
9.943903088569641113e-01
1.125946268439292908e-01
9.998548030853271484e-01
9.998984336853027344e-01
2.364939451217651367e-02
9.998973608016967773e-01
2.841557562351226807e-01
4.968204796314239502e-01
1.133070886135101318e-01
8.936136960983276367e-01
9.998360872268676758e-01
3.006753921508789062e-01
8.883515596389770508e-01
5.629409849643707275e-02
2.210794091224670410e-01
9.738951921463012695e-01
1.120720896869897842e-02
1.603296026587486267e-03
7.793183922767639160e-01
9.991023540496826172e-01
9.706466794013977051e-01
2.130594570189714432e-03
9.998890161514282227e-01
9.984941482543945312e-01
1.086635165847837925e-03
3.406921625137329102e-01
9.984713196754455566e-01
1.783396452665328979e-01
2.184716518968343735e-03
9.513448458164930344e-04
3.934116684831678867e-04
9.903619289398193359e-01
9.998146891593933105e-01
6.225341930985450745e-04
9.949691891670227051e-01
9.995206594467163086e-01
9.999771118164062500e-01
9.998024106025695801e-01
9.999872446060180664e-01
9.892703294754028320e-01
8.738867472857236862e-05
9.674000144004821777e-01
2.271528865094296634e-05
1.120851933956146240e-02
9.483168721199035645e-01
9.442051053047180176e-01
6.904355883598327637e-01
9.932774901390075684e-01
2.029505776590667665e-05
7.590139657258987427e-02
9.912962913513183594e-01
2.714560553431510925e-02
9.884508848190307617e-01
4.426146391779184341e-03
9.994787573814392090e-01
8.006837218999862671e-03
8.156011700630187988e-01
9.933677315711975098e-01
9.713833332061767578e-01
9.999907016754150391e-01
8.635565042495727539e-01
9.999195337295532227e-01
9.991383552551269531e-01
9.988391995429992676e-01
1.253820955753326416e-01
9.990851879119873047e-01
9.988809227943420410e-01
3.855286398902535439e-03
7.621830701828002930e-01
6.896490958752110600e-06
9.986221790313720703e-01
2.478927187621593475e-02
9.155487418174743652e-01
7.242134306579828262e-03
9.999828338623046875e-01
9.998321533203125000e-01
1.804538420401513577e-03
5.179500579833984375e-01
9.475779533386230469e-01
9.999222755432128906e-01
9.375166893005371094e-01
9.887915849685668945e-01
6.654249429702758789e-01
9.939094781875610352e-01
9.114211201667785645e-01
5.916761234402656555e-02
9.999725818634033203e-01
8.773989975452423096e-03
1.491477996751200408e-05
9.998979568481445312e-01
8.138782382011413574e-01
9.999340772628784180e-01
9.994564652442932129e-01
1.287118531763553619e-02
2.187678823247551918e-03
6.938715232536196709e-04
9.880462288856506348e-02
9.989511966705322266e-01
9.854668378829956055e-01
5.109760165214538574e-02
5.068131685256958008e-01
9.998725652694702148e-01
9.994134902954101562e-01
4.072680167155340314e-05
1.613171547651290894e-01
1.959227584302425385e-02
9.859665036201477051e-01
4.899804116575978696e-05
1.721384353004395962e-03
9.708865545690059662e-03
4.482498043216764927e-04
2.908249734900891781e-04
8.808813691139221191e-01
9.996510744094848633e-01
1.862557721324265003e-03
9.786337614059448242e-01
9.979774355888366699e-01
3.705570399761199951e-01
9.982357025146484375e-01
1.523669362068176270e-01
5.358965136110782623e-04
9.990522265434265137e-01
9.996877908706665039e-01
4.045099616050720215e-01
8.435612916946411133e-01
1.138504303526133299e-04
1.998354448005557060e-03
2.263689530082046986e-04
9.236668050289154053e-02
2.106438856571912766e-03
9.998956918716430664e-01
9.964540004730224609e-01
9.465967416763305664e-01
4.500337839126586914e-01
9.993692040443420410e-01
2.518414694350212812e-04
9.571375250816345215e-01
9.998801946640014648e-01
9.998697042465209961e-01
1.513039469718933105e-01
2.241618484258651733e-01
9.744843095541000366e-02
6.516495253890752792e-03
9.999729394912719727e-01
9.997704625129699707e-01
2.261510417156387120e-05
9.979739785194396973e-01
7.037060277070850134e-05
9.374499917030334473e-01
9.041340351104736328e-01
2.226241849712096155e-05
1.430840464308857918e-03
9.994097948074340820e-01
1.750851748511195183e-03
5.863882834091782570e-04
7.378569245338439941e-01
9.997267127037048340e-01
8.766998648643493652e-01
9.580717682838439941e-01
5.176761746406555176e-01
1.001287158578634262e-02
9.966056346893310547e-01
4.836830194108188152e-04
6.971350312232971191e-01
9.999725818634033203e-01
9.993957281112670898e-01
9.089856743812561035e-01
9.438202381134033203e-01
9.577427506446838379e-01
9.998300075531005859e-01
9.992389678955078125e-01
4.920833744108676910e-04
3.000100255012512207e-01
9.112096740864217281e-04
9.994845390319824219e-01
9.932196736335754395e-01
3.905227482318878174e-01
1.167424991726875305e-01
1.074594352394342422e-02
9.999852180480957031e-01
9.999111890792846680e-01
1.852123750722967088e-05
8.595031249569728971e-05
9.981878399848937988e-01
9.986624717712402344e-01
3.575350623577833176e-03
2.349277883768081665e-01
4.121008794754743576e-03
9.998487234115600586e-01
9.457612037658691406e-01
9.990969896316528320e-01
2.753018140792846680e-01
6.820179224014282227e-01
9.999523162841796875e-01
9.984226226806640625e-01
7.678764086449518800e-05
9.999165534973144531e-01
2.992998063564300537e-01
1.110319606959819794e-02
9.831380844116210938e-01
9.567111730575561523e-01
9.972814321517944336e-01
9.998986721038818359e-01
9.999321699142456055e-01
9.999772310256958008e-01
9.963271021842956543e-01
9.959812164306640625e-01
9.392521530389785767e-02
5.593213811516761780e-02
4.251909922459162772e-05
8.339969441294670105e-03
9.995514750480651855e-01
9.995500445365905762e-01
9.967323541641235352e-01
1.201153034344315529e-03
9.968685507774353027e-01
9.998943805694580078e-01
9.557299613952636719e-01
1.240441761910915375e-02
9.996129870414733887e-01
9.965797066688537598e-01
9.930734038352966309e-01
9.695922732353210449e-01
7.164295762777328491e-02
1.073759398423135281e-03
9.347417354583740234e-01
8.282278478145599365e-02
9.999688863754272461e-01
9.840980172157287598e-01
1.243994687683880329e-03
1.521431934088468552e-02
9.997377991676330566e-01
9.975063204765319824e-01
9.990793466567993164e-01
9.941245913505554199e-01
1.646699238335713744e-04
9.998072981834411621e-01
9.963042736053466797e-01
1.233721151947975159e-01
9.732792377471923828e-01
9.999909400939941406e-01
1.322881318628787994e-03
1.041886657476425171e-01
9.587181210517883301e-01
1.943075949384365231e-05
2.898336946964263916e-01
9.999473094940185547e-01
7.410508990287780762e-01
8.274434804916381836e-01
7.728670025244355202e-04
9.823842048645019531e-01
2.356163022341206670e-04
2.172974200220778584e-05
2.015465795993804932e-01
2.310935873538255692e-03
8.199037611484527588e-02
9.933639764785766602e-01
9.949171543121337891e-01
9.959251880645751953e-01
2.077144533395767212e-01
8.042567968368530273e-01
4.752681255340576172e-01
9.943301677703857422e-01
5.772835016250610352e-01
9.999011754989624023e-01
2.857211828231811523e-01
5.267486558295786381e-04
1.971045695245265961e-02
9.999639987945556641e-01
3.344701835885643959e-04
9.991289973258972168e-01
9.995581507682800293e-01
2.996325260028243065e-03
5.771079100668430328e-03
9.996314048767089844e-01
4.560705721378326416e-01
9.995636343955993652e-01
2.437314979033544660e-04
9.750451445579528809e-01
9.960869550704956055e-01
4.067568806931376457e-04
1.357995097350794822e-05
4.054454863071441650e-01
5.223448169999755919e-05
3.477224963717162609e-04
9.992764592170715332e-01
7.824425697326660156e-01
9.997977614402770996e-01
3.432146608829498291e-01
9.999457597732543945e-01
2.333866208791732788e-01
1.105770692229270935e-01
9.788637757301330566e-01
5.112964572617784142e-05
9.950715303421020508e-01
1.598487142473459244e-05
5.830483860336244106e-04
7.356700301170349121e-02
5.055881142616271973e-01
4.314874298870563507e-03
9.997764229774475098e-01
9.992886781692504883e-01
9.989904761314392090e-01
7.532259225845336914e-01
9.552882052958011627e-03
2.636153250932693481e-03
2.339256316190585494e-04
9.996827840805053711e-01
8.345692157745361328e-01
1.031007524579763412e-02
4.718602001667022705e-01
2.799964750010985881e-05
9.995884299278259277e-01
8.951171487569808960e-02
5.064375000074505806e-05
9.992359876632690430e-01
2.759967901511117816e-05
5.525324344635009766e-01
9.978558421134948730e-01
9.999870061874389648e-01
8.517220616340637207e-03
9.999278783798217773e-01
7.185611873865127563e-03
8.517570048570632935e-02
9.965678453445434570e-01
9.960773587226867676e-01
1.017823960864916444e-04
9.994537234306335449e-01
2.559230662882328033e-03
9.690460562705993652e-01
1.299116178415715694e-03
9.936218857765197754e-01
4.670298192650079727e-03
3.014466492459177971e-04
1.861639757407829165e-04
6.430834531784057617e-01
9.875522851943969727e-01
8.236721158027648926e-01
1.839844882488250732e-02
6.745539722032845020e-04
7.589822411537170410e-01
9.975663423538208008e-01
7.640825060661882162e-05
9.998723268508911133e-01
9.999421834945678711e-01
9.999614953994750977e-01
2.201599627733230591e-02
6.132850830908864737e-05
1.657611574046313763e-04
9.999938011169433594e-01
7.493619918823242188e-01
6.966494838707149029e-04
9.996223449707031250e-01
9.999917745590209961e-01
6.866461634635925293e-01
9.991544485092163086e-01
8.755742013454437256e-02
3.857776056975126266e-03
1.801549047231674194e-01
9.496437907218933105e-01
9.979619979858398438e-01
9.883500337600708008e-01
9.999827146530151367e-01
3.880708391079679132e-05
7.552651222795248032e-03
9.992092847824096680e-01
9.787976145744323730e-01
5.165611207485198975e-02
9.993451237678527832e-01
5.518213845789432526e-03
9.950450658798217773e-01
9.988172650337219238e-01
9.995566010475158691e-01
8.840781450271606445e-01
1.210770104080438614e-03
9.992913007736206055e-01
9.882382750511169434e-01
9.174097180366516113e-01
5.314641594886779785e-01
9.945359230041503906e-01
1.725651919841766357e-01
1.853612600825726986e-03
9.997784495353698730e-01
9.522215463221073151e-03
5.513374209403991699e-01
7.888744771480560303e-02
9.957022070884704590e-01
9.989556856453418732e-04
4.030367136001586914e-01
1.333934161812067032e-02
6.468322128057479858e-02
9.964163303375244141e-01
9.999331235885620117e-01
9.927136301994323730e-01
9.977747797966003418e-01
7.593711779918521643e-05
3.287810683250427246e-01
2.204410918056964874e-02
2.054912969470024109e-03
9.977984428405761719e-02
4.834002349525690079e-03
9.367395043373107910e-01
9.998106360435485840e-01
1.427407376468181610e-02
9.336075782775878906e-01
1.396144628524780273e-01
1.943514347076416016e-01
1.390689052641391754e-02
9.999067783355712891e-01
4.106483608484268188e-02
9.966194629669189453e-01
9.971478581428527832e-01
9.998445510864257812e-01
9.919406771659851074e-01
1.137608313001692295e-03
2.721007149375509471e-05
3.744383752346038818e-01
1.022371452563675120e-05
7.963730096817016602e-01
9.946390986442565918e-01
8.281678310595452785e-05
1.951567642390727997e-02
3.576363960746675730e-04
9.997760653495788574e-01
7.146580144762992859e-03
9.999880790710449219e-01
4.117589294910430908e-01
9.934927821159362793e-01
2.556777745485305786e-02
9.969869256019592285e-01
9.918129444122314453e-01
1.542248111218214035e-02
7.872843416407704353e-04
1.091099996119737625e-02
9.995772242546081543e-01
9.261929392814636230e-01
9.988215565681457520e-01
8.305929303169250488e-01
9.960475564002990723e-01
9.991397857666015625e-01
9.929734468460083008e-01
9.363906383514404297e-01
9.985657334327697754e-01
2.738970220088958740e-01
9.999489784240722656e-01
3.995995968580245972e-03
9.999904632568359375e-01
7.605326175689697266e-01
5.470601469278335571e-02
9.999774694442749023e-01
9.972530007362365723e-01
9.721989631652832031e-01
6.715638446621596813e-04
9.392548352479934692e-02
8.919025063514709473e-01
2.833765938703436404e-05
9.993923902511596680e-01
1.275936723686754704e-03
4.212551284581422806e-04
9.802237749099731445e-01
9.999773502349853516e-01
9.914412498474121094e-01
1.826717406511306763e-01
6.490213423967361450e-02
1.123265027999877930e-01
2.578166499733924866e-02
9.980043768882751465e-01
9.273884892463684082e-01
9.964469075202941895e-01
9.994545578956604004e-01
2.492574742063879967e-03
9.996484518051147461e-01
9.526643753051757812e-01
2.299475272593554109e-05
9.998841285705566406e-01
9.961297512054443359e-01
1.581272226758301258e-05
3.704562485218048096e-01
6.697227805852890015e-02
1.133075100369751453e-03
9.915849659591913223e-05
9.994887113571166992e-01
1.173804848804138601e-04
7.856899499893188477e-01
3.803191240876913071e-03
8.996798992156982422e-01
9.516707807779312134e-02
9.993461966514587402e-01
9.739936590194702148e-01
1.884429599158465862e-03
1.533744944026693702e-04
3.274631919339299202e-03
9.810687899589538574e-01
9.945384860038757324e-01
9.806035161018371582e-01
5.275298826745711267e-05
3.490693168714642525e-03
1.222103601321578026e-04
9.461377859115600586e-01
9.915254486259073019e-05
5.985093116760253906e-01
9.999949932098388672e-01
1.701802830211818218e-05
4.464940633624792099e-03
9.988471269607543945e-01
9.999550580978393555e-01
1.255536772077903152e-04
2.426957871648482978e-05
4.533391818404197693e-02
9.990580677986145020e-01
9.980452060699462891e-01
5.669553298503160477e-03
9.370273351669311523e-01
6.745477672666311264e-03
1.118016093969345093e-01
2.597219124436378479e-02
4.217354655265808105e-01
1.989447810046840459e-05
1.199134931084699929e-05
1.319961505942046642e-03
2.022441331064328551e-04
6.227057310752570629e-04
9.977359771728515625e-01
1.768705435097217560e-02
9.999836683273315430e-01
9.998469352722167969e-01
1.023917794227600098e-01
6.472805142402648926e-01
6.617673039436340332e-01
4.628799259662628174e-01
3.922475501894950867e-02
1.080086231231689453e-01
1.008988940156996250e-03
9.990994930267333984e-01
1.909744367003440857e-02
9.403613512404263020e-04
1.870361738838255405e-03
9.991517066955566406e-01
9.999805688858032227e-01
4.501179500948637724e-04
4.027915745973587036e-02
3.634542226791381836e-02
9.366304278373718262e-01
9.981014132499694824e-01
9.973447918891906738e-01
7.536544930189847946e-03
9.674789034761488438e-04
3.660729527473449707e-01
9.991478919982910156e-01
4.147462546825408936e-03
9.955472946166992188e-01
9.999610185623168945e-01
9.952223896980285645e-01
9.232224822044372559e-01
9.999346733093261719e-01
7.820164412260055542e-02
9.999827146530151367e-01
5.429974794387817383e-01
9.971117973327636719e-02
2.650343114510178566e-03
9.918558597564697266e-01
2.042603790760040283e-01
9.999814033508300781e-01
1.048452759278006852e-04
2.970663309097290039e-01
5.812764284200966358e-04
9.991514682769775391e-01
9.865702986717224121e-01
6.759878993034362793e-01
2.474677283316850662e-03
9.993312358856201172e-01
2.412713766098022461e-01
9.069831371307373047e-01
2.652295515872538090e-04
9.888331890106201172e-01
5.533847026526927948e-03
9.984961748123168945e-01
9.988771080970764160e-01
9.999606609344482422e-01
4.258706048130989075e-02
1.192524936050176620e-02
1.028950791805982590e-04
1.507476568222045898e-01
8.684123167768120766e-05
9.843280315399169922e-01
4.440394695848226547e-04
9.206624031066894531e-01
9.999361038208007812e-01
2.263046950101852417e-01
7.114821672439575195e-01
9.996614456176757812e-01
3.363800351507961750e-04
9.997845292091369629e-01
9.999155998229980469e-01
8.042452100198715925e-05
7.571470632683485746e-05
9.996865987777709961e-01
9.071331620216369629e-01
5.046128717367537320e-05
4.799080124939791858e-05
6.197370290756225586e-01
1.203571185469627380e-01
1.259878044947981834e-04
1.232918910682201385e-02
9.896376132965087891e-01
5.365594625473022461e-01
9.994626641273498535e-01
2.985420078039169312e-02
3.584734797477722168e-01
1.727792732708621770e-05
9.999880790710449219e-01
9.599076509475708008e-01
9.992922544479370117e-01
2.565109170973300934e-03
9.999679327011108398e-01
1.379932165145874023e-01
7.393410801887512207e-01
9.998370409011840820e-01
3.076097369194030762e-02
9.995952248573303223e-01
9.999828338623046875e-01
3.282802551984786987e-02
2.352565759792923927e-03
9.912735819816589355e-01
6.815009401179850101e-04
2.328441769350320101e-04
3.470477895461954176e-05
7.770290598273277283e-03
9.774961471557617188e-01
9.658430814743041992e-01
2.627279609441757202e-03
1.127675524912774563e-03
8.660552557557821274e-04
9.996489286422729492e-01
1.113627455197274685e-03
9.987720847129821777e-01
9.375894069671630859e-01
1.752799935638904572e-02
9.731361642479896545e-03
9.998044371604919434e-01
2.964767336379736662e-04
4.155794903635978699e-02
9.999716281890869141e-01
2.900371849536895752e-01
8.639740943908691406e-01
9.986440539360046387e-01
1.111955731175839901e-03
9.981890320777893066e-01
1.266640722751617432e-01
9.999153614044189453e-01
9.999513626098632812e-01
9.399204850196838379e-01
9.984753727912902832e-01
8.973326086997985840e-01
9.988939166069030762e-01
1.377996290102601051e-03
9.996969699859619141e-01
9.991009235382080078e-01
9.521542191505432129e-01
1.105898991227149963e-03
1.806890964508056641e-02
9.962336421012878418e-01
2.011087490245699883e-03
1.103345653973519802e-03
3.281219899654388428e-01
9.958323836326599121e-01
9.875851869583129883e-01
1.456206385046243668e-02
9.999860525131225586e-01
6.340557336807250977e-01
8.646055357530713081e-05
9.998288154602050781e-01
8.634546399116516113e-01
1.605906337499618530e-02
9.996029734611511230e-01
2.855231761932373047e-01
2.232598606497049332e-03
9.999265670776367188e-01
9.746505618095397949e-01
1.302369346376508474e-04
2.257823199033737183e-01
9.998381137847900391e-01
9.954059123992919922e-01
9.999530315399169922e-01
6.780424155294895172e-04
9.971856474876403809e-01
3.172897174954414368e-02
7.559915781021118164e-01
1.550812521600164473e-05
9.933660626411437988e-01
1.324946642853319645e-03
9.986392855644226074e-01
1.270577049581333995e-04
2.715481212362647057e-03
5.991280078887939453e-02
3.800267875194549561e-01
2.048121095867827535e-04
3.832228779792785645e-01
9.998961687088012695e-01
3.469566404819488525e-01
9.794327020645141602e-01
9.999426603317260742e-01
9.584796428680419922e-01
9.274600148200988770e-01
9.982588887214660645e-01
1.055284446920268238e-04
9.682264924049377441e-01
6.690725684165954590e-02
9.825338721275329590e-01
9.798113703727722168e-01
3.772353231906890869e-01
2.381817830610089004e-05
4.450934357009828091e-04
9.992935657501220703e-01
7.641564309597015381e-02
9.192241430282592773e-01
9.993786811828613281e-01
4.552366137504577637e-01
9.876532554626464844e-01
9.993048906326293945e-01
6.336859314615139738e-06
9.993268251419067383e-01
9.928179979324340820e-01
1.261885860003530979e-03
9.510473012924194336e-01
8.862540870904922485e-02
9.999498128890991211e-01
2.048393245786428452e-03
1.253741383552551270e-01
9.960939288139343262e-01
9.999020099639892578e-01
9.976009726524353027e-01
8.904543210519477725e-05
9.708564877510070801e-01
6.408123970031738281e-01
9.936928749084472656e-01
9.994055032730102539e-01
9.934991598129272461e-01
9.954172372817993164e-01
1.000065207481384277e-01
8.165998011827468872e-02
2.997040573973208666e-04
9.960254430770874023e-01
2.320529456483200192e-04
2.114876173436641693e-03
9.995469450950622559e-01
9.999932050704956055e-01
9.994239807128906250e-01
9.905095100402832031e-01
8.467690348625183105e-01
5.688219070434570312e-01
9.986137151718139648e-01
9.999616146087646484e-01
9.999336004257202148e-01
2.885772287845611572e-01
3.040602605324238539e-04
9.999368190765380859e-01
9.993908405303955078e-01
5.863156635314226151e-03
9.962609410285949707e-01
8.784898519515991211e-01
1.224290579557418823e-01
2.528194803744554520e-03
9.986838698387145996e-01
8.918533101677894592e-03
9.998177886009216309e-01
9.981346130371093750e-01
9.995284080505371094e-01
9.439218640327453613e-01
9.978455305099487305e-01
6.881226599216461182e-02
4.278821051120758057e-01
9.980764389038085938e-01
9.500557184219360352e-01
9.977845549583435059e-01
9.393877983093261719e-01
2.184538025176152587e-04
6.059498190879821777e-01
9.981124401092529297e-01
7.618153691291809082e-01
9.910304546356201172e-01
4.613047931343317032e-03
9.998785257339477539e-01
9.999860525131225586e-01
4.518564965110272169e-04
9.987367987632751465e-01
9.999827146530151367e-01
9.995380640029907227e-01
9.985706806182861328e-01
1.332485226157587022e-05
2.229542285203933716e-01
2.373654569964855909e-05
2.184929471695795655e-04
9.983859062194824219e-01
2.165796002373099327e-03
9.933772683143615723e-01
1.898383051156997681e-01
4.341186285018920898e-01
9.983010888099670410e-01
9.898909330368041992e-01
9.903120994567871094e-01
2.282899804413318634e-03
1.921730190515518188e-01
9.700621478259563446e-03
4.682536125183105469e-01
3.282123245298862457e-03
6.082425713539123535e-01
3.059379378100857139e-05
9.975768923759460449e-01
9.774793982505798340e-01
3.597744181752204895e-02
4.993234178982675076e-04
1.090115495026111603e-02
9.990057349205017090e-01
3.176323696970939636e-02
9.992828965187072754e-01
9.885776042938232422e-01
9.999388456344604492e-01
9.174987673759460449e-01
1.117005649575730786e-05
8.640906214714050293e-01
6.549900025129318237e-02
9.988952875137329102e-01
9.999465942382812500e-01
9.999172687530517578e-01
5.389865860342979431e-02
9.999791383743286133e-01
1.259904121980071068e-03
9.999318122863769531e-01
9.996944665908813477e-01
7.914660573005676270e-01
7.754927873611450195e-01
4.144097492098808289e-02
9.999549388885498047e-01
9.607118368148803711e-01
9.654068946838378906e-01
2.369733061641454697e-03
6.525276303291320801e-01
9.430323727428913116e-03
1.884050220251083374e-01
9.337563824374228716e-05
9.999698400497436523e-01
1.985307633876800537e-01
9.996982812881469727e-01
2.260551974177360535e-02
8.991900682449340820e-01
5.135354399681091309e-02
3.082151412963867188e-01
9.420155733823776245e-02
6.996876001358032227e-01
9.999666213989257812e-01
9.984868764877319336e-01
6.030939039192162454e-05
2.969236969947814941e-01
9.996397495269775391e-01
9.996980428695678711e-01
4.553868621587753296e-02
9.942278861999511719e-01
1.095968545996583998e-04
1.182757504284381866e-02
7.754740715026855469e-01
1.560727879405021667e-02
9.996591806411743164e-01
9.998252987861633301e-01
9.999532699584960938e-01
5.749278888106346130e-02
9.936636686325073242e-01
5.476123094558715820e-01
9.984468817710876465e-01
8.734586834907531738e-01
7.083633542060852051e-01
9.714470361359417439e-04
9.961478710174560547e-01
9.993091821670532227e-01
9.994406104087829590e-01
6.079581379890441895e-01
4.145766794681549072e-02
1.381166657665744424e-04
9.975596666336059570e-01
7.126743730623275042e-05
4.097714554518461227e-05
9.970387220382690430e-01
5.407402757555246353e-03
1.790104061365127563e-02
8.910619020462036133e-01
7.732287645339965820e-01
9.996956586837768555e-01
9.996485710144042969e-01
9.776646494865417480e-01
1.390078396070748568e-04
9.999867677688598633e-01
8.936938047409057617e-01
1.031158789992332458e-01
9.804795980453491211e-01
4.244234878569841385e-04
1.337053161114454269e-02
9.995253086090087891e-01
9.999802112579345703e-01
3.831608773907646537e-05
1.465783417224884033e-01
5.701644840883091092e-05
5.144348833709955215e-04
9.563885331153869629e-01
9.897779822349548340e-01
9.998481273651123047e-01
9.960799813270568848e-01
9.808248877525329590e-01
9.999772310256958008e-01
3.824710845947265625e-03
9.951004385948181152e-01
5.293529629707336426e-01
9.999743700027465820e-01
8.912828750908374786e-03
9.929674863815307617e-01
9.995255470275878906e-01
1.342277973890304565e-03
1.671762765909079462e-05
3.718360960483551025e-01
9.878111071884632111e-03
1.200695428997278214e-02
7.119264919310808182e-03
1.872032880783081055e-01
9.999840259552001953e-01
6.391289830207824707e-02
5.622237222269177437e-05
2.157514391001313925e-04
9.915348291397094727e-01
9.999819993972778320e-01
3.324660356156527996e-04
9.967221617698669434e-01
2.218051304225809872e-05
9.987574070692062378e-02
5.990685150027275085e-02
1.536597301310393959e-05
1.720567888696677983e-05
2.441564500331878662e-01
9.914490580558776855e-01
2.112638321705162525e-04
5.751664042472839355e-01
2.274817234138026834e-04
8.598234653472900391e-01
9.404206871986389160e-01
1.900652647018432617e-01
9.999694824218750000e-01
1.590111933182924986e-04
8.631565287942066789e-05
9.995452761650085449e-01
2.952639479190111160e-03
9.916644096374511719e-01
9.999610185623168945e-01
7.970556616783142090e-03
2.400877624750137329e-01
8.823674917221069336e-01
5.806025490164756775e-02
1.218746677041053772e-01
1.420527249574661255e-01
9.213097095489501953e-01
9.780135005712509155e-03
1.228581531904637814e-04
9.982357025146484375e-01
2.460572123527526855e-01
9.852129817008972168e-01
7.533082272857427597e-03
3.786230445257388055e-05
9.262409806251525879e-01
6.106384396553039551e-01
3.871973240165971220e-05
8.727732896804809570e-01
1.148489043116569519e-01
7.161397337913513184e-01
9.998798370361328125e-01
9.979984164237976074e-01
1.963500306010246277e-02
9.999679327011108398e-01
9.999610185623168945e-01
1.089476048946380615e-02
2.038280799752101302e-04
4.405388608574867249e-04
9.999327659606933594e-01
6.270036567002534866e-03
9.999078512191772461e-01
8.029649034142494202e-04
3.364357326063327491e-05
8.253030478954315186e-03
9.998821020126342773e-01
9.989257454872131348e-01
2.466576546430587769e-01
5.859615802764892578e-01
2.128250889654736966e-05
9.999939203262329102e-01
2.445734338834881783e-03
2.129947388311848044e-04
9.994553923606872559e-01
9.989332556724548340e-01
4.375624656677246094e-02
9.996732473373413086e-01
9.564927816390991211e-01
9.652613997459411621e-01
9.451441764831542969e-01
9.277728968299925327e-04
9.905914664268493652e-01
2.947524785995483398e-01
5.575926229357719421e-02
9.496637582778930664e-01
4.223447293043136597e-02
9.993838071823120117e-01
9.893809556961059570e-01
1.472022413508966565e-04
7.133542112569557503e-06
4.351204261183738708e-03
2.079449361190199852e-03
1.362750306725502014e-03
9.999318122863769531e-01
3.113019047304987907e-03
9.999439716339111328e-01
2.989258384332060814e-03
2.241663969471119344e-05
1.743316054344177246e-01
8.090261220932006836e-01
9.834665656089782715e-01
1.078458735719323158e-03
9.999759197235107422e-01
9.993940591812133789e-01
9.999644756317138672e-01
1.134228799492120743e-02
9.971159696578979492e-01
8.954748045653104782e-05
9.980883002281188965e-01
9.934095144271850586e-01
9.924773573875427246e-01
6.715304255485534668e-01
6.759860087186098099e-03
9.668516516685485840e-01
1.115544364438392222e-04
9.997965693473815918e-01
1.859585195779800415e-02
9.994800686836242676e-01
2.775040455162525177e-02
7.439159788191318512e-03
1.563813275424763560e-04
5.245528370141983032e-02
7.812065632606390864e-06
5.866546556353569031e-02
9.998644590377807617e-01
3.576678782701492310e-02
9.783517718315124512e-01
5.698002496501430869e-05
8.904888294637203217e-03
7.501547336578369141e-01
9.985536932945251465e-01
6.987166125327348709e-04
2.343467324972152710e-01
1.221172442456008866e-05
9.977267384529113770e-01
9.958382844924926758e-01
1.316323992796242237e-03
5.956934182904660702e-04
9.708564877510070801e-01
4.505301360040903091e-03
1.160483225248754025e-03
7.164548635482788086e-01
2.138493210077285767e-02
9.793555140495300293e-01
2.792293429374694824e-01
8.942835927009582520e-01
8.164530992507934570e-01
9.999271631240844727e-01
9.998699426651000977e-01
7.682161033153533936e-02
2.921240637078881264e-03
2.535994052886962891e-01
8.071767297224141657e-06
1.739801093935966492e-02
1.348662681266432628e-05
9.954097867012023926e-01
9.999947547912597656e-01
7.186797447502613068e-04
5.511944764293730259e-04
5.133089050650596619e-02
9.991913437843322754e-01
1.653852668823674321e-04
1.159284074674360454e-04
9.998929500579833984e-01
9.921670556068420410e-01
3.687150820042006671e-05
5.658045411109924316e-02
9.999388456344604492e-01
4.155883193016052246e-02
9.999932050704956055e-01
3.566014580428600311e-03
9.977845549583435059e-01
9.869843721389770508e-01
1.466106550651602447e-05
9.980048537254333496e-01
2.793824751279316843e-05
9.999167919158935547e-01
8.981163799762725830e-02
3.902909884345717728e-05
6.580745577812194824e-01
9.918751120567321777e-01
1.664671599864959717e-01
1.039340645074844360e-01
8.222124725580215454e-02
3.839894270640797913e-05
6.252103776205331087e-05
5.430975556373596191e-01
8.571926951408386230e-01
9.992539286613464355e-01
9.566438198089599609e-01
1.362093091011047363e-01
1.489466130733489990e-01
9.992429018020629883e-01
1.191934570670127869e-02
3.336180699989199638e-03
9.983914494514465332e-01
1.043006964027881622e-02
1.415314618498086929e-02
9.390932321548461914e-01
8.739109762245789170e-05
1.326040946878492832e-04
1.820420175790786743e-01
9.984082579612731934e-01
1.061982591636478901e-03
7.853459119796752930e-01
9.905221462249755859e-01
1.937229186296463013e-03
9.838522672653198242e-01
9.835031032562255859e-01
6.022344231605529785e-01
9.999897480010986328e-01
9.998948574066162109e-01
1.614781940588727593e-04
3.288715705275535583e-02
9.999054670333862305e-01
9.968931674957275391e-01
6.769290193915367126e-04
2.161867450922727585e-04
2.903624176979064941e-01
1.401486694812774658e-01
9.998536109924316406e-01
9.551217555999755859e-01
3.099282737821340561e-03
1.351593091385439038e-04
9.994084835052490234e-01
1.399749368429183960e-01
9.409825205802917480e-01
9.997710585594177246e-01
9.003570079803466797e-01
1.099433843046426773e-02
1.305596088059246540e-04
9.975901842117309570e-01
7.225875015137717128e-05
9.988412261009216309e-01
9.997063279151916504e-01
1.162750180810689926e-02
9.998494386672973633e-01
5.745489001274108887e-01
7.894254922866821289e-01
9.761720895767211914e-01
9.256757497787475586e-01
7.921955548226833344e-04
9.999606609344482422e-01
9.998213648796081543e-01
7.378219962120056152e-01
9.946463704109191895e-01
6.386448512785136700e-04
6.951025128364562988e-02
1.257928460836410522e-01
4.317504912614822388e-02
9.995371103286743164e-01
3.958960587624460459e-04
9.854325652122497559e-01
3.320991891087032855e-05
5.301895434968173504e-04
3.693492338061332703e-02
1.324751824140548706e-01
9.529872331768274307e-04
2.405097335577011108e-01
6.578855682164430618e-03
7.611205335706472397e-03
9.767138957977294922e-01
6.635196208953857422e-01
8.459911346435546875e-01
3.319344297051429749e-02
3.258052674937061965e-05
9.988817572593688965e-01
9.932774901390075684e-01
9.998899698257446289e-01
2.274814905831590295e-04
9.812255501747131348e-01
9.190714955329895020e-01
9.999226331710815430e-01
9.758577346801757812e-01
6.495483517646789551e-01
4.150412860326468945e-04
9.980927109718322754e-01
8.220334537327289581e-03
2.763628144748508930e-04
2.063569873571395874e-01
8.371618390083312988e-01
9.999846220016479492e-01
6.470485329627990723e-01
3.003967925906181335e-02
1.454394869506359100e-02
9.991005659103393555e-01
6.821575760841369629e-01
1.888148039579391479e-01
9.998667240142822266e-01
4.620831087231636047e-02
1.973656006157398224e-02
9.990179538726806641e-01
4.508520578383468091e-05
2.892046701163053513e-03
9.995365142822265625e-01
9.957304596900939941e-01
1.160684153437614441e-01
5.580674041993916035e-05
2.053566463291645050e-02
1.155862817540764809e-03
9.997468590736389160e-01
9.994615912437438965e-01
5.991685320623219013e-04
9.981693029403686523e-01
9.140814095735549927e-02
5.658118243445642292e-05
9.336593747138977051e-02
6.664835382252931595e-03
9.884418249130249023e-01
9.999649524688720703e-01
8.600179553031921387e-01
1.990803629159927368e-01
9.984254837036132812e-01
4.034925997257232666e-02
7.367003709077835083e-02
4.912454169243574142e-04
9.821110367774963379e-01
3.132832422852516174e-02
1.081356704235076904e-01
9.739472866058349609e-01
1.867996179498732090e-03
1.439438313245773315e-01
9.995649456977844238e-01
9.974309802055358887e-01
9.997600913047790527e-01
9.996542930603027344e-01
1.779729723930358887e-01
4.157215058803558350e-01
9.998750686645507812e-01
9.984581470489501953e-01
2.132155187427997589e-02
9.625656008720397949e-01
9.854779243469238281e-01
7.694503292441368103e-03
2.384585589170455933e-01
5.234976299107074738e-03
9.998785257339477539e-01
9.996676445007324219e-01
9.929674863815307617e-01
4.983692616224288940e-02
9.756961464881896973e-01
9.997177720069885254e-01
1.325022822129540145e-05
9.980416297912597656e-01
4.351599636720493436e-05
3.456884250044822693e-02
7.046273094601929188e-05
9.999831914901733398e-01
9.800480008125305176e-01
8.405452221632003784e-02
4.545410629361867905e-03
9.978169202804565430e-01
4.367480287328362465e-04
9.992694258689880371e-01
4.159544408321380615e-01
1.485457760281860828e-03
8.648341298103332520e-01
9.028530120849609375e-01
9.495338797569274902e-02
8.976118564605712891e-01
9.593073129653930664e-01
9.963235855102539062e-01
4.921645449940115213e-05
9.999430179595947266e-01
3.897218406200408936e-01
9.992455244064331055e-01
3.115485608577728271e-01
9.998489618301391602e-01
2.353751624468713999e-04
9.996009469032287598e-01
4.068000018596649170e-01
1.226337254047393799e-02
1.119074877351522446e-03
9.997321963310241699e-01
5.716860294342041016e-02
4.072434902191162109e-01
9.981431961059570312e-01
9.979542493820190430e-01
9.080060124397277832e-01
9.371192455291748047e-01
2.673610672354698181e-02
7.089394330978393555e-01
4.600195679813623428e-03
1.156983707915060222e-04
9.981461763381958008e-01
9.998279809951782227e-01
2.759597077965736389e-02
9.999541044235229492e-01
9.999687671661376953e-01
4.685160238295793533e-04
4.096650481224060059e-01
9.999740123748779297e-01
2.962699346244335175e-02
1.314749708399176598e-03
9.999661445617675781e-01
9.998750686645507812e-01
9.514091610908508301e-01
1.398090571165084839e-01
9.999289512634277344e-01
9.940945506095886230e-01
9.789593815803527832e-01
9.999510049819946289e-01
9.837322831153869629e-01
8.835784345865249634e-02
2.406414831057190895e-03
9.937910437583923340e-01
2.569446769484784454e-05
9.999169111251831055e-01
9.980862140655517578e-01
6.984559297561645508e-01
2.586197666823863983e-02
9.995204396545886993e-03
3.028591163456439972e-05
1.028597876429557800e-01
9.999794960021972656e-01
3.281047046184539795e-01
4.409657046198844910e-02
9.612743854522705078e-01
6.625043600797653198e-02
2.998872660100460052e-04
9.997865557670593262e-01
9.999926090240478516e-01
6.200463976711034775e-03
9.794346690177917480e-01
4.649876058101654053e-02
2.149576721421908587e-05
9.999467134475708008e-01
9.970799088478088379e-01
9.980579018592834473e-01
7.348541617393493652e-01
2.791266422718763351e-03
9.995417594909667969e-01
9.996047616004943848e-01
9.996910095214843750e-01
2.494283718988299370e-03
9.005177021026611328e-01
6.558224558830261230e-01
2.279660105705261230e-02
1.017994899302721024e-02
7.614398747682571411e-02
2.336030267179012299e-02
9.999301433563232422e-01
1.284157782793045044e-01
7.810641545802354813e-05
3.144087968394160271e-03
7.582580447196960449e-01
9.983645081520080566e-01
4.272968973964452744e-03
9.999028444290161133e-01
2.538531124591827393e-01
8.465339541435241699e-01
9.759458899497985840e-01
9.777351617813110352e-01
1.832380308769643307e-03
9.999177455902099609e-01
9.848874807357788086e-01
3.803688741754740477e-05
1.685637835180386901e-05
9.864106774330139160e-01
3.714900929480791092e-03
8.424013853073120117e-01
9.845913648605346680e-01
9.874932765960693359e-01
9.991521835327148438e-01
9.717617630958557129e-01
8.836694955825805664e-01
9.998884201049804688e-01
5.208933260291814804e-03
1.851378753781318665e-02
2.905591281887609512e-05
9.833133816719055176e-01
2.682054182514548302e-03
5.373166059143841267e-04
9.999802112579345703e-01
9.999806880950927734e-01
9.190320223569869995e-02
8.874433115124702454e-05
