3.412410989403724670e-02
6.304533481597900391e-01
2.471034675836563110e-01
2.516662478446960449e-01
3.706597089767456055e-01
2.115100324153900146e-01
9.584302455186843872e-02
5.920518934726715088e-02
4.791654646396636963e-01
3.941074311733245850e-01
3.750594854354858398e-01
4.600877463817596436e-01
4.652463272213935852e-02
2.835818231105804443e-01
3.127669692039489746e-01
3.553331494331359863e-01
2.544578313827514648e-01
5.361619591712951660e-01
2.545796632766723633e-01
1.044392287731170654e-01
5.528675317764282227e-01
6.566125750541687012e-01
3.125031888484954834e-01
5.380837917327880859e-01
1.743107289075851440e-01
4.328596889972686768e-01
5.058776140213012695e-01
4.131585359573364258e-02
2.605101466178894043e-01
4.922956824302673340e-01
2.998508512973785400e-01
5.480019450187683105e-01
5.010323524475097656e-01
3.093282580375671387e-01
5.118647217750549316e-01
6.089923381805419922e-01
4.997989162802696228e-02
6.117816567420959473e-01
6.193992495536804199e-01
1.997748315334320068e-01
5.558552742004394531e-01
4.858512282371520996e-01
2.095740735530853271e-01
3.163034915924072266e-01
1.302651464939117432e-01
3.100794851779937744e-01
9.037532657384872437e-02
1.346966922283172607e-01
4.292777180671691895e-01
2.887737751007080078e-01
4.012293219566345215e-01
3.731073439121246338e-02
4.463170766830444336e-01
4.151379168033599854e-01
5.279034972190856934e-01
3.080740571022033691e-01
1.390013694763183594e-01
2.752162218093872070e-01
3.561267852783203125e-01
5.836884677410125732e-02
3.287236392498016357e-01
6.833856552839279175e-02
3.329874947667121887e-02
3.578945994377136230e-01
8.621121197938919067e-02
6.213803291320800781e-01
2.529503703117370605e-01
2.854140102863311768e-02
4.238278269767761230e-01
1.488337814807891846e-01
3.619118034839630127e-01
2.349834889173507690e-01
3.067444860935211182e-01
6.793569326400756836e-01
1.586576998233795166e-01
2.678028941154479980e-01
6.201298236846923828e-01
5.836082622408866882e-02
3.234451711177825928e-01
2.978068292140960693e-01
3.081974089145660400e-01
3.957613408565521240e-01
4.485207498073577881e-01
5.825905129313468933e-02
1.642182022333145142e-01
6.422375887632369995e-02
4.940336346626281738e-01
5.110936760902404785e-01
5.251165628433227539e-01
1.901102364063262939e-01
5.315358191728591919e-02
4.075585901737213135e-01
4.033720493316650391e-02
4.943925738334655762e-01
4.049305617809295654e-01
6.271646022796630859e-01
4.859649240970611572e-01
5.270758271217346191e-01
1.933559924364089966e-01
2.716734707355499268e-01
1.279791742563247681e-01
2.097836732864379883e-01
5.803042650222778320e-01
4.819674193859100342e-01
5.373362898826599121e-01
4.524761438369750977e-02
2.848199903964996338e-01
4.790216088294982910e-01
5.470944046974182129e-01
4.556339383125305176e-01
1.269621551036834717e-01
3.937745094299316406e-01
1.516097337007522583e-01
8.285308629274368286e-02
5.282301306724548340e-01
1.539237052202224731e-01
7.155609130859375000e-01
5.476249381899833679e-02
5.254463553428649902e-01
4.790216088294982910e-01
4.375962913036346436e-02
3.222685456275939941e-01
4.046037420630455017e-02
4.149201214313507080e-01
3.756849765777587891e-01
2.882783412933349609e-01
5.294819474220275879e-01
4.114496707916259766e-01
3.736092746257781982e-01
3.625843822956085205e-01
6.190789937973022461e-01
3.325474858283996582e-01
3.734561502933502197e-01
7.005244493484497070e-02
8.585035055875778198e-02
4.858381301164627075e-02
1.954603195190429688e-01
5.223149061203002930e-01
4.853792190551757812e-01
3.461182489991188049e-02
3.250520229339599609e-01
4.222736656665802002e-01
4.616702347993850708e-02
5.554651618003845215e-01
3.799541592597961426e-01
5.416612625122070312e-01
4.187764525413513184e-01
2.359856963157653809e-01
2.919757962226867676e-01
2.401477843523025513e-01
4.263281449675559998e-02
3.667861819267272949e-01
5.005763173103332520e-01
3.297416567802429199e-01
8.047106117010116577e-02
1.570937335491180420e-01
6.118226051330566406e-01
4.278412759304046631e-01
4.550333917140960693e-01
1.053752750158309937e-01
5.419439077377319336e-01
4.572727531194686890e-02
5.875047445297241211e-01
3.016714453697204590e-01
4.734052717685699463e-01
4.858174622058868408e-01
3.990621864795684814e-01
1.085261180996894836e-01
3.537087738513946533e-01
5.665524601936340332e-01
3.958120346069335938e-01
3.511746525764465332e-01
6.217657923698425293e-01
4.125422537326812744e-01
3.280678018927574158e-02
1.154661700129508972e-01
3.110450804233551025e-01
4.641331136226654053e-01
3.629725575447082520e-01
4.127580523490905762e-01
5.751029253005981445e-01
5.528297424316406250e-01
1.854228228330612183e-01
4.230108559131622314e-01
6.956462562084197998e-02
2.477973401546478271e-01
1.768047660589218140e-01
5.739184021949768066e-01
5.739372968673706055e-01
4.845464825630187988e-01
3.906673491001129150e-01
5.629222989082336426e-01
1.312181055545806885e-01
1.189115121960639954e-01
3.473205268383026123e-01
6.179993227124214172e-02
4.699248671531677246e-01
5.434138774871826172e-01
5.138522759079933167e-02
5.474982857704162598e-01
5.346834063529968262e-01
8.172290027141571045e-02
3.787132799625396729e-01
2.350904345512390137e-01
4.406780898571014404e-01
3.767589032649993896e-01
4.911609292030334473e-01
3.931401968002319336e-01
4.863092005252838135e-01
3.453446924686431885e-02
3.674972653388977051e-01
1.186372190713882446e-01
5.722441077232360840e-01
1.195053979754447937e-01
4.121618568897247314e-01
4.322586357593536377e-01
4.697984158992767334e-01
1.705230474472045898e-01
2.889864146709442139e-01
1.895296871662139893e-01
1.917618662118911743e-01
3.137218654155731201e-01
4.092428684234619141e-01
2.022107541561126709e-01
4.303057789802551270e-01
5.115692615509033203e-01
4.582680761814117432e-01
2.345217615365982056e-01
3.979118764400482178e-01
2.868501245975494385e-01
4.829956293106079102e-01
2.738808691501617432e-01
4.442230239510536194e-02
3.397271782159805298e-02
3.656394183635711670e-01
5.237202048301696777e-01
3.744233846664428711e-01
2.521566450595855713e-01
5.081428289413452148e-01
5.081316232681274414e-01
5.073292553424835205e-02
3.778635859489440918e-01
2.224547415971755981e-01
1.212261095643043518e-01
1.890258789062500000e-01
3.520166277885437012e-01
4.112206399440765381e-01
2.970489263534545898e-01
3.158243000507354736e-01
4.490681886672973633e-01
3.116110712289810181e-02
4.791584610939025879e-01
5.256638526916503906e-01
4.942635893821716309e-01
5.467470884323120117e-01
2.445782721042633057e-01
5.197932124137878418e-01
1.568330377340316772e-01
3.371249511837959290e-02
3.799341917037963867e-01
3.916341960430145264e-01
3.717270195484161377e-01
3.809462189674377441e-01
4.045593738555908203e-01
3.053763210773468018e-01
3.285746574401855469e-01
4.744753241539001465e-01
4.261760711669921875e-01
2.912954986095428467e-01
3.375190496444702148e-02
3.655767738819122314e-01
4.008099734783172607e-01
5.207082629203796387e-01
3.600971102714538574e-01
2.991912066936492920e-01
4.244630038738250732e-01
3.280408382415771484e-01
1.250819116830825806e-01
4.724646508693695068e-01
3.592936694622039795e-01
6.035866141319274902e-01
3.582816198468208313e-02
5.362641811370849609e-01
3.391133248805999756e-01
2.975791990756988525e-01
4.903229475021362305e-01
4.250713586807250977e-01
4.369492232799530029e-01
6.326783895492553711e-01
6.651372313499450684e-01
1.579455882310867310e-01
8.380203694105148315e-02
4.102865159511566162e-01
6.921898126602172852e-01
4.747841879725456238e-02
1.380805522203445435e-01
3.024881780147552490e-01
5.165226459503173828e-01
3.847004175186157227e-01
2.987812757492065430e-01
3.933415189385414124e-02
3.700338602066040039e-01
2.260937988758087158e-01
5.102650076150894165e-02
5.002601146697998047e-01
3.869843780994415283e-01
5.176092982292175293e-01
4.210584759712219238e-01
1.451664119958877563e-01
3.752582967281341553e-01
5.495553016662597656e-01
5.749353766441345215e-02
6.401394307613372803e-02
2.129375785589218140e-01
4.525778293609619141e-01
3.125356137752532959e-02
2.823709249496459961e-01
7.250467687845230103e-02
1.223018243908882141e-01
4.349023699760437012e-01
2.508585751056671143e-01
5.716151595115661621e-01
3.347111940383911133e-01
3.229705393314361572e-01
6.020277738571166992e-01
5.500336885452270508e-01
2.512318193912506104e-01
4.662977159023284912e-01
3.501205444335937500e-01
4.660821706056594849e-02
4.255480766296386719e-01
4.160851612687110901e-02
1.996646374464035034e-01
5.376269221305847168e-01
3.898195624351501465e-01
4.333800375461578369e-01
2.227997928857803345e-01
3.781091272830963135e-01
2.160305082798004150e-01
5.073861479759216309e-01
5.349178314208984375e-01
2.792481482028961182e-01
3.905230164527893066e-01
5.900520086288452148e-01
5.760529637336730957e-01
4.326418042182922363e-01
3.807079792022705078e-01
4.972554445266723633e-01
6.142176985740661621e-01
2.375492155551910400e-01
5.754899606108665466e-02
4.151447415351867676e-01
3.654201328754425049e-01
1.512583792209625244e-01
4.670890867710113525e-01
2.725467085838317871e-01
1.143111065030097961e-01
3.703653514385223389e-01
3.527009487152099609e-01
2.636854648590087891e-01
2.941654622554779053e-01
2.571186721324920654e-01
3.740817010402679443e-01
7.922764867544174194e-02
2.824538648128509521e-01
3.282931149005889893e-01
2.151350975036621094e-01
3.125497102737426758e-01
4.511796832084655762e-01
1.385238021612167358e-01
1.411049962043762207e-01
3.282600343227386475e-01
3.708516433835029602e-02
1.052332967519760132e-01
3.057757616043090820e-01
9.377201646566390991e-02
7.834425568580627441e-02
1.691490411758422852e-01
4.107497930526733398e-01
6.006659865379333496e-01
4.341609179973602295e-01
2.506712973117828369e-01
4.818387329578399658e-01
4.489393532276153564e-01
2.985339164733886719e-01
1.845330297946929932e-01
4.349283874034881592e-01
5.992908477783203125e-01
1.725317388772964478e-01
3.690857589244842529e-01
4.834527969360351562e-01
6.823152303695678711e-02
2.955250442028045654e-01
1.853295862674713135e-01
4.289509654045104980e-01
5.143770575523376465e-01
2.567369043827056885e-01
4.728614687919616699e-01
5.788747072219848633e-01
2.573354542255401611e-01
3.846892714500427246e-01
2.232804298400878906e-01
4.915422946214675903e-02
5.164690017700195312e-01
5.005796551704406738e-01
2.689582407474517822e-01
4.071433842182159424e-01
1.669333726167678833e-01
4.970059692859649658e-01
4.374553859233856201e-01
2.562358677387237549e-01
2.625426650047302246e-01
1.056693866848945618e-01
1.962789446115493774e-01
2.517349123954772949e-01
2.360106110572814941e-01
1.496914029121398926e-01
4.483752548694610596e-01
2.479262948036193848e-01
1.959491223096847534e-01
3.321983516216278076e-01
5.826331675052642822e-02
3.976594284176826477e-02
2.296650111675262451e-01
1.184675842523574829e-01
4.769330620765686035e-01
6.220825910568237305e-01
1.376792937517166138e-01
6.154239177703857422e-01
4.708218872547149658e-01
3.796940445899963379e-01
5.030933022499084473e-01
3.446070551872253418e-01
3.173869475722312927e-02
2.403861135244369507e-01
1.891405284404754639e-01
3.482708632946014404e-01
3.354546725749969482e-01
3.018677532672882080e-01
4.856396913528442383e-01
3.002117872238159180e-01
4.780326485633850098e-01
5.831162333488464355e-01
5.889475345611572266e-01
3.739755749702453613e-01
3.802546560764312744e-01
4.202909469604492188e-01
3.582406044006347656e-01
4.226596057415008545e-01
2.656753957271575928e-01
2.569096684455871582e-01
5.282219052314758301e-01
2.589535117149353027e-01
1.152485758066177368e-01
3.679347634315490723e-01
4.470685124397277832e-02
4.431285560131072998e-01
7.725498080253601074e-02
3.772362172603607178e-01
6.074117422103881836e-01
3.129989206790924072e-01
5.263560414314270020e-01
1.492496728897094727e-01
4.097333252429962158e-01
1.443319022655487061e-01
4.439070224761962891e-01
2.726293802261352539e-01
3.816994130611419678e-01
4.797599315643310547e-01
2.887011170387268066e-01
3.306003212928771973e-01
1.944204419851303101e-01
2.435984313488006592e-01
1.964996755123138428e-01
3.530246913433074951e-01
2.784631550312042236e-01
4.765448868274688721e-01
3.489027619361877441e-01
7.356730848550796509e-02
4.732908010482788086e-01
1.585114598274230957e-01
2.554363906383514404e-01
4.168432950973510742e-02
2.277035713195800781e-01
5.332659482955932617e-01
3.736591041088104248e-01
3.161928355693817139e-01
2.236039638519287109e-01
4.359380602836608887e-01
3.601634502410888672e-02
6.387189030647277832e-01
2.260548472404479980e-01
4.295864999294281006e-01
2.528361678123474121e-01
6.928334385156631470e-02
5.831787586212158203e-01
3.978865146636962891e-01
1.755383908748626709e-01
3.141208589076995850e-01
2.238631695508956909e-01
4.267215728759765625e-01
5.719741806387901306e-02
8.865252882242202759e-02
1.215710416436195374e-01
1.277424693107604980e-01
3.214036226272583008e-01
3.484750092029571533e-01
3.801624476909637451e-01
6.997878104448318481e-02
3.783699870109558105e-01
3.784634768962860107e-01
4.952591359615325928e-01
6.422025710344314575e-02
4.375028610229492188e-01
9.921902418136596680e-02
4.425227940082550049e-01
3.329883813858032227e-01
4.248673096299171448e-02
5.307768583297729492e-01
4.558968544006347656e-01
2.746834456920623779e-01
5.570321083068847656e-01
3.019305765628814697e-01
3.900372684001922607e-01
4.424959048628807068e-02
2.167360633611679077e-01
2.614830434322357178e-01
4.190921187400817871e-01
4.465391337871551514e-01
1.003610789775848389e-01
1.715802699327468872e-01
3.223963379859924316e-01
3.571142554283142090e-01
1.239695698022842407e-01
2.036596238613128662e-01
4.802266061305999756e-01
1.092671975493431091e-01
5.499866008758544922e-01
5.331455469131469727e-01
5.849825143814086914e-01
5.995820164680480957e-01
4.316967129707336426e-01
9.540838003158569336e-02
4.348524510860443115e-01
1.781514286994934082e-01
3.126225769519805908e-01
4.769366681575775146e-01
4.623073637485504150e-01
3.915237486362457275e-01
3.363833427429199219e-01
6.656699776649475098e-01
6.101169437170028687e-02
6.192067265510559082e-01
4.168645143508911133e-01
5.202323794364929199e-01
7.058936357498168945e-02
3.969665467739105225e-01
4.060887098312377930e-01
5.343285799026489258e-01
5.810869336128234863e-01
3.389125764369964600e-01
5.390675738453865051e-02
5.526740476489067078e-02
5.880337357521057129e-01
5.442701652646064758e-02
5.655252337455749512e-01
5.128538012504577637e-01
4.263207614421844482e-01
5.024496316909790039e-01
3.699327260255813599e-02
5.264287590980529785e-01
5.124238133430480957e-01
4.117480814456939697e-01
5.272827148437500000e-01
7.901739329099655151e-02
5.917133763432502747e-02
4.627425372600555420e-01
2.970532476902008057e-01
6.258062273263931274e-02
1.975759863853454590e-01
3.689250648021697998e-01
4.520767629146575928e-01
1.645362526178359985e-01
3.154798448085784912e-01
2.587662339210510254e-01
3.964793682098388672e-01
3.644526004791259766e-01
4.073758423328399658e-02
3.604386448860168457e-01
5.438917502760887146e-02
3.358001708984375000e-01
6.970022618770599365e-02
3.654332458972930908e-01
4.460698664188385010e-01
2.123060524463653564e-01
2.952546179294586182e-01
6.213427782058715820e-01
4.697969555854797363e-01
3.352804481983184814e-01
3.380320668220520020e-01
4.938977956771850586e-01
2.814957797527313232e-01
3.840609192848205566e-01
4.616648852825164795e-01
5.426614359021186829e-02
4.583959281444549561e-01
1.533661186695098877e-01
3.731427788734436035e-01
4.814272522926330566e-01
5.764106512069702148e-01
4.385369420051574707e-01
3.595954552292823792e-02
5.704968050122261047e-02
4.328898191452026367e-01
2.844196259975433350e-01
5.263133645057678223e-01
3.334382176399230957e-01
3.112955391407012939e-01
4.827300012111663818e-01
1.020083501935005188e-01
4.129782021045684814e-01
2.473701536655426025e-01
6.851072609424591064e-02
2.167774587869644165e-01
6.511650234460830688e-02
4.113553166389465332e-01
2.585332393646240234e-01
3.216273784637451172e-01
1.126151904463768005e-01
4.381408095359802246e-01
3.793118000030517578e-01
2.085506916046142578e-01
3.720422089099884033e-01
4.562942385673522949e-01
3.640528395771980286e-02
6.420885771512985229e-02
5.892544984817504883e-01
6.014453992247581482e-02
5.202976465225219727e-01
3.943224549293518066e-01
2.673954665660858154e-01
7.364430278539657593e-02
6.522507071495056152e-01
3.517849147319793701e-01
4.209357202053070068e-01
3.736719489097595215e-01
3.301794826984405518e-02
3.669731318950653076e-01
4.225026369094848633e-01
4.038227200508117676e-01
5.654187500476837158e-02
5.449754595756530762e-01
3.334247171878814697e-01
2.666577398777008057e-01
1.429607272148132324e-01
1.323621720075607300e-01
3.797161951661109924e-02
4.256770014762878418e-01
3.885512351989746094e-01
3.809608817100524902e-01
4.812035337090492249e-02
4.821549057960510254e-01
3.268668651580810547e-01
3.502790629863739014e-01
7.500081509351730347e-02
5.101773738861083984e-01
4.421118795871734619e-01
2.792495489120483398e-01
3.982966840267181396e-01
1.548460423946380615e-01
5.606207624077796936e-02
5.514718890190124512e-01
3.750929534435272217e-01
4.636707007884979248e-01
3.949034959077835083e-02
3.590787947177886963e-01
3.272205889225006104e-01
5.382183194160461426e-02
6.081086397171020508e-01
3.550674021244049072e-01
3.563492298126220703e-01
2.729373276233673096e-01
3.684673905372619629e-01
5.030871629714965820e-01
4.531721472740173340e-01
4.257444441318511963e-01
3.646266460418701172e-01
3.767136335372924805e-01
6.149236559867858887e-01
3.427453339099884033e-01
2.876806855201721191e-01
4.792495667934417725e-01
4.736246764659881592e-01
5.562194585800170898e-01
4.971512556076049805e-01
3.268056809902191162e-01
3.570421338081359863e-01
1.629039347171783447e-01
6.833316683769226074e-01
4.597277045249938965e-01
3.505005538463592529e-01
4.070801436901092529e-01
4.216210544109344482e-01
4.101393520832061768e-01
5.641618967056274414e-01
2.806060910224914551e-01
4.247877001762390137e-01
5.621609687805175781e-01
3.886534273624420166e-01
4.648133814334869385e-01
1.568323820829391479e-01
2.300186902284622192e-01
4.399538040161132812e-01
4.414270520210266113e-01
3.469074666500091553e-01
5.521146208047866821e-02
7.893769443035125732e-02
5.243238210678100586e-01
3.569918274879455566e-01
2.599215507507324219e-01
3.554095923900604248e-01
3.231369853019714355e-01
6.374102234840393066e-01
1.260769516229629517e-01
5.000907778739929199e-01
2.132716327905654907e-01
1.129822954535484314e-01
1.961116641759872437e-01
2.737209498882293701e-01
3.544168174266815186e-01
4.536118805408477783e-01
3.162043988704681396e-01
3.587337434291839600e-01
3.295799791812896729e-01
2.451176643371582031e-01
3.537904024124145508e-01
5.768749490380287170e-02
5.176623910665512085e-02
4.103537797927856445e-01
4.903649166226387024e-02
3.733609914779663086e-01
2.916923724114894867e-02
5.261628031730651855e-01
4.122479259967803955e-01
2.550426125526428223e-01
8.087359368801116943e-02
3.228121399879455566e-01
3.679530918598175049e-01
6.087116599082946777e-01
3.285066485404968262e-01
3.054278194904327393e-01
3.833427727222442627e-01
3.205929398536682129e-01
5.381230711936950684e-01
5.016776323318481445e-01
4.372241497039794922e-01
3.555008172988891602e-01
3.221943974494934082e-01
3.261918425559997559e-01
5.819138288497924805e-01
6.039518713951110840e-01
2.113393843173980713e-01
6.567939519882202148e-01
2.509800493717193604e-01
2.030962258577346802e-01
3.544689416885375977e-01
3.123640716075897217e-01
3.838487565517425537e-01
3.732386976480484009e-02
3.661564588546752930e-01
5.314329639077186584e-02
2.573282718658447266e-01
5.181111693382263184e-01
4.037202596664428711e-01
5.342135205864906311e-02
6.989090889692306519e-02
1.539951115846633911e-01
1.156890839338302612e-01
1.296838223934173584e-01
4.161133170127868652e-01
6.085635423660278320e-01
1.344240009784698486e-01
4.591308832168579102e-01
2.926643788814544678e-01
5.309255719184875488e-01
2.256793975830078125e-01
4.098451733589172363e-01
4.595599174499511719e-01
1.236478164792060852e-01
4.410014450550079346e-01
3.591420352458953857e-01
1.403411775827407837e-01
2.770664989948272705e-01
5.077743530273437500e-01
2.809482216835021973e-01
3.918887972831726074e-01
2.861693874001502991e-02
2.551258802413940430e-01
4.479877650737762451e-02
4.022882878780364990e-01
3.467282056808471680e-01
3.355555236339569092e-01
5.062083005905151367e-01
5.092483162879943848e-01
3.952308893203735352e-01
6.436872482299804688e-01
3.859268426895141602e-01
2.759764790534973145e-01
2.427441328763961792e-01
5.698693394660949707e-01
4.186868667602539062e-01
3.469121456146240234e-02
4.883277714252471924e-01
2.599638104438781738e-01
3.446083366870880127e-01
1.394784301519393921e-01
5.742864012718200684e-01
4.303500056266784668e-01
5.052527785301208496e-01
4.776469767093658447e-01
4.861081391572952271e-02
5.394357442855834961e-01
2.436193674802780151e-01
3.979118764400482178e-01
6.923858523368835449e-01
3.208066523075103760e-01
5.908375978469848633e-01
3.411417081952095032e-02
1.765163987874984741e-01
4.490671753883361816e-01
8.222702890634536743e-02
3.318979740142822266e-01
5.523170828819274902e-01
5.365365147590637207e-01
3.003635071218013763e-02
4.221929013729095459e-01
4.842442572116851807e-01
1.706164330244064331e-01
2.861003875732421875e-01
1.286187469959259033e-01
2.913517057895660400e-01
4.029680192470550537e-01
3.432812914252281189e-02
3.739958107471466064e-01
8.515325933694839478e-02
3.945181667804718018e-01
3.234709799289703369e-01
1.947606652975082397e-01
2.752346098423004150e-01
3.253134489059448242e-01
5.671828389167785645e-01
1.880010962486267090e-01
3.227507174015045166e-01
2.871408499777317047e-02
3.264953494071960449e-01
5.230371952056884766e-01
2.587021589279174805e-01
3.238607645034790039e-01
3.006603419780731201e-01
4.528489410877227783e-01
3.586480915546417236e-01
8.595727384090423584e-02
1.446833312511444092e-01
2.661766409873962402e-01
6.426362991333007812e-01
1.312652528285980225e-01
3.354333937168121338e-01
5.286404490470886230e-01
3.084748983383178711e-01
3.195632994174957275e-01
3.500717878341674805e-01
3.844110071659088135e-01
8.056677132844924927e-02
2.583709657192230225e-01
4.533377885818481445e-01
8.665385842323303223e-02
2.005403041839599609e-01
1.342200338840484619e-01
1.510000675916671753e-01
8.781339973211288452e-02
3.707134723663330078e-01
5.299623608589172363e-01
5.098171234130859375e-01
4.753879904747009277e-01
3.849536180496215820e-01
1.994966417551040649e-01
2.911760210990905762e-01
3.321781158447265625e-01
2.301440984010696411e-01
8.597715944051742554e-02
6.156249046325683594e-01
3.400716483592987061e-01
6.743910908699035645e-01
2.712343037128448486e-01
3.520608842372894287e-01
2.979926764965057373e-01
7.684908062219619751e-02
3.367393314838409424e-01
1.055204123258590698e-01
3.475657105445861816e-01
5.754724144935607910e-02
8.510678261518478394e-02
3.365662097930908203e-01
3.576855659484863281e-01
2.610731422901153564e-01
3.846288025379180908e-01
4.136269688606262207e-01
3.780672550201416016e-01
4.232289791107177734e-01
3.840018808841705322e-01
2.671258747577667236e-01
5.407186150550842285e-01
1.268404722213745117e-01
5.098056197166442871e-01
3.995248079299926758e-01
3.310976922512054443e-01
5.123733282089233398e-01
3.314520716667175293e-01
3.419746756553649902e-01
3.552241325378417969e-01
5.714063644409179688e-01
2.639963030815124512e-01
3.883419930934906006e-01
2.764054238796234131e-01
2.423240393400192261e-01
5.523612499237060547e-01
3.742341399192810059e-01
5.363891646265983582e-02
4.265791773796081543e-01
4.487242400646209717e-01
3.763094544410705566e-01
5.265060663223266602e-01
3.690857589244842529e-01
8.888562768697738647e-02
1.126238480210304260e-01
1.611749529838562012e-01
4.904357343912124634e-02
6.224088072776794434e-01
5.528159737586975098e-01
3.232525587081909180e-01
3.547927737236022949e-01
5.268211364746093750e-01
4.261791110038757324e-01
3.435140550136566162e-01
2.598440349102020264e-01
3.206507861614227295e-01
3.577780127525329590e-01
2.159896492958068848e-01
5.129731073975563049e-02
3.518477678298950195e-01
4.980809092521667480e-01
4.741990566253662109e-01
1.276102662086486816e-01
6.159214675426483154e-02
4.561162889003753662e-01
2.057134807109832764e-01
4.895963668823242188e-01
3.810137808322906494e-01
3.820906206965446472e-02
2.904602885246276855e-01
1.734579652547836304e-01
5.578433871269226074e-01
4.764819741249084473e-01
2.653211951255798340e-01
2.056017220020294189e-01
5.244547724723815918e-01
3.139576017856597900e-01
4.191454648971557617e-01
2.231300920248031616e-01
5.114455223083496094e-01
2.639449238777160645e-01
4.894497096538543701e-01
2.747914791107177734e-01
2.970661222934722900e-01
2.128102332353591919e-01
5.317084789276123047e-01
1.953779906034469604e-01
4.022834599018096924e-01
4.669862091541290283e-01
5.466566681861877441e-01
4.998814165592193604e-01
1.995216012001037598e-01
5.093068480491638184e-01
3.955025076866149902e-01
4.980120062828063965e-01
4.749490320682525635e-01
5.667374730110168457e-01
1.511285454034805298e-01
3.601932525634765625e-01
3.404332697391510010e-01
3.869212269783020020e-01
3.372960537672042847e-02
4.874239489436149597e-02
3.681407272815704346e-01
2.657619416713714600e-01
4.175966382026672363e-01
3.952902853488922119e-01
2.866311073303222656e-01
4.796985685825347900e-01
3.841249346733093262e-01
3.662115931510925293e-01
9.208152443170547485e-02
3.289184868335723877e-01
3.370640054345130920e-02
