5.557916164398193359e-01
5.755712389945983887e-01
4.944551587104797363e-01
5.008710622787475586e-01
4.470323324203491211e-01
5.365670323371887207e-01
4.905640482902526855e-01
5.364306569099426270e-01
2.845561504364013672e-01
5.089904069900512695e-01
4.823455214500427246e-01
5.541001558303833008e-01
5.195594429969787598e-01
5.345571041107177734e-01
5.424740910530090332e-01
5.375523567199707031e-01
5.653845071792602539e-01
5.201738476753234863e-01
5.406771898269653320e-01
5.975631475448608398e-01
5.754179954528808594e-01
5.407660007476806641e-01
4.876857101917266846e-01
5.807291269302368164e-01
5.267978310585021973e-01
5.620003342628479004e-01
5.349963903427124023e-01
5.166035294532775879e-01
4.654556810855865479e-01
5.620695948600769043e-01
4.467214047908782959e-01
5.160250663757324219e-01
5.690627694129943848e-01
5.416260361671447754e-01
5.470507740974426270e-01
5.393424630165100098e-01
5.730329751968383789e-01
5.616245865821838379e-01
5.084856152534484863e-01
4.565429687500000000e-01
5.453485250473022461e-01
1.225967630743980408e-01
5.232661366462707520e-01
4.860382378101348877e-01
5.509941577911376953e-01
5.052108168601989746e-01
4.912441074848175049e-01
4.749089181423187256e-01
5.286620855331420898e-01
5.152962207794189453e-01
5.283683538436889648e-01
2.881056070327758789e-01
5.168269276618957520e-01
4.843070507049560547e-01
5.219646096229553223e-01
5.063595771789550781e-01
4.870349466800689697e-01
2.218368500471115112e-01
5.054471492767333984e-01
5.386046767234802246e-01
5.770015120506286621e-01
5.249825716018676758e-01
5.416029691696166992e-01
5.570944547653198242e-01
4.979676008224487305e-01
5.336905121803283691e-01
5.544306039810180664e-01
5.412290692329406738e-01
4.752804040908813477e-01
5.634797811508178711e-01
4.941494464874267578e-01
4.520255029201507568e-01
5.388108491897583008e-01
5.462893843650817871e-01
1.374290138483047485e-01
5.452803969383239746e-01
5.498425364494323730e-01
5.361368656158447266e-01
5.705921053886413574e-01
4.951302707195281982e-01
5.256103873252868652e-01
5.779784321784973145e-01
4.976365864276885986e-01
5.829537510871887207e-01
5.121395587921142578e-01
5.580025315284729004e-01
5.000677704811096191e-01
4.792462289333343506e-01
5.865947008132934570e-01
5.277454853057861328e-01
5.449954867362976074e-01
5.481089949607849121e-01
5.265769958496093750e-01
5.867295265197753906e-01
2.553798854351043701e-01
5.260152220726013184e-01
4.749310314655303955e-01
5.327276587486267090e-01
4.938745796680450439e-01
5.209838151931762695e-01
5.097640156745910645e-01
5.204253792762756348e-01
5.473273992538452148e-01
5.043388605117797852e-01
5.188922882080078125e-01
5.483198761940002441e-01
5.691578984260559082e-01
5.107864141464233398e-01
5.125274062156677246e-01
5.073885917663574219e-01
5.412839651107788086e-01
5.599566698074340820e-01
5.240564346313476562e-01
5.138035416603088379e-01
5.261042118072509766e-01
5.034623146057128906e-01
5.711482167243957520e-01
5.693036317825317383e-01
4.889522790908813477e-01
4.989809989929199219e-01
5.341172218322753906e-01
4.558574259281158447e-01
4.867195785045623779e-01
5.576198101043701172e-01
5.112776160240173340e-01
3.514883220195770264e-01
5.139200687408447266e-01
4.895830452442169189e-01
4.732466936111450195e-01
5.486935377120971680e-01
5.755728483200073242e-01
5.324964523315429688e-01
5.033857226371765137e-01
4.712161123752593994e-01
5.070439577102661133e-01
5.680228471755981445e-01
5.542262792587280273e-01
5.359565019607543945e-01
4.744130671024322510e-01
5.471269488334655762e-01
5.761969089508056641e-01
5.404673814773559570e-01
1.694054454565048218e-01
5.664005875587463379e-01
5.218421816825866699e-01
5.380850434303283691e-01
5.124353170394897461e-01
5.651968717575073242e-01
5.538977384567260742e-01
5.436388254165649414e-01
5.943691134452819824e-01
5.252530574798583984e-01
4.914221167564392090e-01
5.187261104583740234e-01
5.176172852516174316e-01
5.058846473693847656e-01
5.245637893676757812e-01
5.237526297569274902e-01
1.658119708299636841e-01
4.958367645740509033e-01
5.391445755958557129e-01
5.764431953430175781e-01
5.371288657188415527e-01
4.878218472003936768e-01
5.942627191543579102e-01
5.550481677055358887e-01
1.979698538780212402e-01
5.418769717216491699e-01
5.635195374488830566e-01
5.341398715972900391e-01
5.784285664558410645e-01
3.354293406009674072e-01
4.470784366130828857e-01
1.865193098783493042e-01
5.488387346267700195e-01
5.216757059097290039e-01
5.394453406333923340e-01
5.339579582214355469e-01
5.348427891731262207e-01
5.641441345214843750e-01
5.925016999244689941e-01
5.313396453857421875e-01
5.458291769027709961e-01
4.725807011127471924e-01
5.024707317352294922e-01
5.421369075775146484e-01
5.584079623222351074e-01
5.474159717559814453e-01
5.207869410514831543e-01
5.157594084739685059e-01
4.974894821643829346e-01
4.624308347702026367e-01
2.667254805564880371e-01
5.029710531234741211e-01
5.272259712219238281e-01
4.951624870300292969e-01
5.085324645042419434e-01
4.283065497875213623e-01
5.354248285293579102e-01
5.751116871833801270e-01
5.559016466140747070e-01
5.264673829078674316e-01
5.887956619262695312e-01
4.568723738193511963e-01
1.494924873113632202e-01
4.948725998401641846e-01
5.121803283691406250e-01
5.655500888824462891e-01
5.053349733352661133e-01
4.931366741657257080e-01
5.746544599533081055e-01
4.930377900600433350e-01
4.838417768478393555e-01
5.018009543418884277e-01
5.422461628913879395e-01
5.554178357124328613e-01
5.593115091323852539e-01
4.893003404140472412e-01
4.801951050758361816e-01
5.638995170593261719e-01
5.360059738159179688e-01
4.537940025329589844e-01
5.066339373588562012e-01
5.468092560768127441e-01
4.298126101493835449e-01
5.503432154655456543e-01
4.798303842544555664e-01
5.738673210144042969e-01
5.209349989891052246e-01
5.483587384223937988e-01
5.520204305648803711e-01
5.495077371597290039e-01
3.000865876674652100e-01
5.677997469902038574e-01
1.554936170578002930e-01
4.938755631446838379e-01
5.418020486831665039e-01
5.780357122421264648e-01
5.068395137786865234e-01
4.972401857376098633e-01
5.166974663734436035e-01
5.516691207885742188e-01
5.291653275489807129e-01
4.921128153800964355e-01
5.534738302230834961e-01
5.670059919357299805e-01
5.344426631927490234e-01
5.484817624092102051e-01
5.393387079238891602e-01
5.667551159858703613e-01
5.164105892181396484e-01
5.566821098327636719e-01
5.438862442970275879e-01
5.455214977264404297e-01
5.298829078674316406e-01
5.237115025520324707e-01
5.174187421798706055e-01
1.539447158575057983e-01
5.315102338790893555e-01
5.396218895912170410e-01
5.596441030502319336e-01
5.722792148590087891e-01
5.599659681320190430e-01
3.900197148323059082e-01
5.552806854248046875e-01
5.596142411231994629e-01
5.792111754417419434e-01
4.815081059932708740e-01
5.417868494987487793e-01
5.487194657325744629e-01
5.251711606979370117e-01
5.241453647613525391e-01
5.957356095314025879e-01
4.892560541629791260e-01
5.344096422195434570e-01
4.948157966136932373e-01
5.469257235527038574e-01
3.935051858425140381e-01
5.122259855270385742e-01
5.456632375717163086e-01
5.355101227760314941e-01
5.273224711418151855e-01
5.323797464370727539e-01
5.063703656196594238e-01
5.413659214973449707e-01
5.485768318176269531e-01
5.150780677795410156e-01
5.286825299263000488e-01
4.432542622089385986e-01
5.651060342788696289e-01
5.612908005714416504e-01
4.836505353450775146e-01
1.200208142399787903e-01
4.773045182228088379e-01
4.681094884872436523e-01
5.699602961540222168e-01
5.644430518150329590e-01
5.365452170372009277e-01
5.102667808532714844e-01
4.221769273281097412e-01
5.306525230407714844e-01
5.191710591316223145e-01
5.558374524116516113e-01
5.271537303924560547e-01
5.736554265022277832e-01
4.886439740657806396e-01
4.726132750511169434e-01
5.172880887985229492e-01
5.470175147056579590e-01
5.117903351783752441e-01
5.691645741462707520e-01
5.177551507949829102e-01
5.075418353080749512e-01
5.255962610244750977e-01
4.966650903224945068e-01
5.590606927871704102e-01
5.528096556663513184e-01
5.135945677757263184e-01
5.480850934982299805e-01
5.194838047027587891e-01
5.063194036483764648e-01
5.485788583755493164e-01
4.923628270626068115e-01
5.614590644836425781e-01
4.550704360008239746e-01
5.035558342933654785e-01
5.391797423362731934e-01
5.557384490966796875e-01
5.632091760635375977e-01
5.380654335021972656e-01
5.329762697219848633e-01
2.270179688930511475e-01
5.241535305976867676e-01
4.483475983142852783e-01
5.777031779289245605e-01
4.562401771545410156e-01
1.372909843921661377e-01
4.579200446605682373e-01
5.404809713363647461e-01
4.900909364223480225e-01
4.840995073318481445e-01
5.573031902313232422e-01
2.788004875183105469e-01
4.906262457370758057e-01
5.337416529655456543e-01
5.439011454582214355e-01
5.158632993698120117e-01
5.372388958930969238e-01
4.926909208297729492e-01
5.219796299934387207e-01
5.474159717559814453e-01
4.607377648353576660e-01
5.575681924819946289e-01
4.959218800067901611e-01
5.007170438766479492e-01
4.951133131980895996e-01
4.940423667430877686e-01
5.441051721572875977e-01
5.367427468299865723e-01
4.576481878757476807e-01
5.685047507286071777e-01
5.282869338989257812e-01
5.464735031127929688e-01
4.883263111114501953e-01
5.211088061332702637e-01
5.595880746841430664e-01
4.484747946262359619e-01
5.700208544731140137e-01
5.158954858779907227e-01
4.699761867523193359e-01
5.423055291175842285e-01
4.368965625762939453e-01
5.737228989601135254e-01
5.586209297180175781e-01
5.159935951232910156e-01
5.574713349342346191e-01
5.714171528816223145e-01
4.910072684288024902e-01
5.064122080802917480e-01
5.684942007064819336e-01
5.375380516052246094e-01
2.395876348018646240e-01
5.267035365104675293e-01
5.037640929222106934e-01
5.623776912689208984e-01
5.535143017768859863e-01
5.690339207649230957e-01
5.113317966461181641e-01
3.520731925964355469e-01
5.144911408424377441e-01
1.962382495403289795e-01
5.010129213333129883e-01
4.760213494300842285e-01
5.520026087760925293e-01
5.535637736320495605e-01
4.970605075359344482e-01
5.290437936782836914e-01
5.726944804191589355e-01
5.413302183151245117e-01
5.079507231712341309e-01
5.240256190299987793e-01
5.699016451835632324e-01
5.347183942794799805e-01
4.678873419761657715e-01
1.950131505727767944e-01
4.977370798587799072e-01
5.441648364067077637e-01
5.546628832817077637e-01
5.249276161193847656e-01
2.718797028064727783e-01
4.932408332824707031e-01
5.195885896682739258e-01
5.899652838706970215e-01
5.255806446075439453e-01
5.013821125030517578e-01
5.695955157279968262e-01
5.451070070266723633e-01
5.399712920188903809e-01
5.225347280502319336e-01
4.987030923366546631e-01
5.467824935913085938e-01
5.560516119003295898e-01
1.968825906515121460e-01
5.062195062637329102e-01
5.267973542213439941e-01
4.795953929424285889e-01
4.989881813526153564e-01
5.574126839637756348e-01
5.020971894264221191e-01
5.406512022018432617e-01
3.996604681015014648e-01
5.310543775558471680e-01
1.708448678255081177e-01
5.606932640075683594e-01
4.646171629428863525e-01
5.523599982261657715e-01
5.279326438903808594e-01
5.146296620368957520e-01
5.540529489517211914e-01
5.329166054725646973e-01
4.495891630649566650e-01
5.432317256927490234e-01
5.339868664741516113e-01
2.280733734369277954e-01
5.108992457389831543e-01
4.818232357501983643e-01
5.239109992980957031e-01
1.893610954284667969e-01
5.430439710617065430e-01
4.994069337844848633e-01
5.399595499038696289e-01
4.642959833145141602e-01
2.886794805526733398e-01
4.856080412864685059e-01
5.710245966911315918e-01
5.292038917541503906e-01
5.783762931823730469e-01
5.795707702636718750e-01
5.198720097541809082e-01
5.496658086776733398e-01
5.383051037788391113e-01
5.311583280563354492e-01
4.713074862957000732e-01
5.765665769577026367e-01
3.414559066295623779e-01
5.449861884117126465e-01
5.392093658447265625e-01
5.566709637641906738e-01
5.526663661003112793e-01
5.951998829841613770e-01
4.825080931186676025e-01
4.881454706192016602e-01
5.462237596511840820e-01
5.146429538726806641e-01
5.306279659271240234e-01
5.395177006721496582e-01
5.557722449302673340e-01
5.402511954307556152e-01
4.508818984031677246e-01
5.359290242195129395e-01
3.516764640808105469e-01
5.381982922554016113e-01
1.674583554267883301e-01
5.017727613449096680e-01
5.529029965400695801e-01
5.560503602027893066e-01
5.492718815803527832e-01
4.962717294692993164e-01
5.245835781097412109e-01
4.913612604141235352e-01
5.171192884445190430e-01
4.911890327930450439e-01
5.513615608215332031e-01
5.754773616790771484e-01
4.428491592407226562e-01
5.706912875175476074e-01
5.210951566696166992e-01
5.375265479087829590e-01
5.634949803352355957e-01
5.317607522010803223e-01
4.560813605785369873e-01
3.468019366264343262e-01
5.729389786720275879e-01
5.441871285438537598e-01
5.109654664993286133e-01
5.045126676559448242e-01
5.060212016105651855e-01
5.672090053558349609e-01
1.366312950849533081e-01
4.433310329914093018e-01
5.663775801658630371e-01
4.871442317962646484e-01
5.617706775665283203e-01
5.405817627906799316e-01
5.792442560195922852e-01
5.362395644187927246e-01
5.766381025314331055e-01
2.733325064182281494e-01
5.002893209457397461e-01
5.591313838958740234e-01
5.314576625823974609e-01
5.040476322174072266e-01
5.607759952545166016e-01
4.855300784111022949e-01
4.535022079944610596e-01
5.299050211906433105e-01
5.853432416915893555e-01
5.794310569763183594e-01
5.549290776252746582e-01
5.071629881858825684e-01
4.914087057113647461e-01
5.137241482734680176e-01
5.180712342262268066e-01
4.384975135326385498e-01
5.913795828819274902e-01
5.898451209068298340e-01
5.049072504043579102e-01
4.925706386566162109e-01
5.422589778900146484e-01
5.139030814170837402e-01
5.177423954010009766e-01
4.958093464374542236e-01
5.704054236412048340e-01
5.365229845046997070e-01
5.212892889976501465e-01
5.487076044082641602e-01
4.573345482349395752e-01
5.446185469627380371e-01
1.242516711354255676e-01
5.350003242492675781e-01
3.815056085586547852e-01
5.643129348754882812e-01
5.951036214828491211e-01
5.571470260620117188e-01
4.867190122604370117e-01
5.554572939872741699e-01
5.368284583091735840e-01
4.888780713081359863e-01
4.967590868473052979e-01
5.683501362800598145e-01
4.974426329135894775e-01
5.717594623565673828e-01
5.588310360908508301e-01
4.424482285976409912e-01
5.427215099334716797e-01
5.542032122611999512e-01
4.409920871257781982e-01
5.018621683120727539e-01
5.335906744003295898e-01
5.038808584213256836e-01
5.621948838233947754e-01
5.125246047973632812e-01
5.150454044342041016e-01
2.107044607400894165e-01
3.291120231151580811e-01
3.255782127380371094e-01
5.282968878746032715e-01
5.864459872245788574e-01
5.524491667747497559e-01
5.311505198478698730e-01
5.604580640792846680e-01
5.378904342651367188e-01
3.596627414226531982e-01
5.624679923057556152e-01
5.092918276786804199e-01
5.836163759231567383e-01
2.000506371259689331e-01
5.208889842033386230e-01
5.586267709732055664e-01
5.065843462944030762e-01
5.465647578239440918e-01
5.188310742378234863e-01
3.080238103866577148e-01
5.390731692314147949e-01
3.935710489749908447e-01
5.472495555877685547e-01
5.267474651336669922e-01
1.240407973527908325e-01
5.065883994102478027e-01
5.603197216987609863e-01
4.894062280654907227e-01
5.082635283470153809e-01
5.533887147903442383e-01
5.141125917434692383e-01
5.076377391815185547e-01
5.549558997154235840e-01
5.691741108894348145e-01
4.963409006595611572e-01
5.332353115081787109e-01
5.460625886917114258e-01
4.660978913307189941e-01
5.480669736862182617e-01
4.663477241992950439e-01
5.188325047492980957e-01
4.903268516063690186e-01
4.612055122852325439e-01
4.943047165870666504e-01
4.489288032054901123e-01
5.195289254188537598e-01
5.220750570297241211e-01
5.621644854545593262e-01
5.248586535453796387e-01
5.934149026870727539e-01
4.876347482204437256e-01
5.708795785903930664e-01
5.678880810737609863e-01
5.600857138633728027e-01
5.477972030639648438e-01
5.570560693740844727e-01
4.646523296833038330e-01
5.790133476257324219e-01
4.857107996940612793e-01
4.810409843921661377e-01
5.977643728256225586e-01
5.174187421798706055e-01
4.726538658142089844e-01
5.506944060325622559e-01
4.720576405525207520e-01
5.742685794830322266e-01
3.096585273742675781e-01
5.471057295799255371e-01
5.326798558235168457e-01
5.784217715263366699e-01
5.235039591789245605e-01
5.070673227310180664e-01
5.862672328948974609e-01
4.874958992004394531e-01
5.320989489555358887e-01
5.349721312522888184e-01
5.157095789909362793e-01
5.323807597160339355e-01
4.841150343418121338e-01
5.478108525276184082e-01
5.340019464492797852e-01
5.575762987136840820e-01
5.649441480636596680e-01
5.275534987449645996e-01
5.648683309555053711e-01
5.681184530258178711e-01
5.405893921852111816e-01
5.530534386634826660e-01
5.380493402481079102e-01
5.120485424995422363e-01
4.773155152797698975e-01
5.081976652145385742e-01
5.353037714958190918e-01
5.405377149581909180e-01
5.402965545654296875e-01
5.422808527946472168e-01
5.752368569374084473e-01
4.999424219131469727e-01
5.039266943931579590e-01
5.375888347625732422e-01
5.026545524597167969e-01
4.101296365261077881e-01
4.536625146865844727e-01
4.975260794162750244e-01
5.814417004585266113e-01
4.208235740661621094e-01
5.164679288864135742e-01
5.767502784729003906e-01
5.619280338287353516e-01
5.583906769752502441e-01
5.692673921585083008e-01
4.981107711791992188e-01
4.360351562500000000e-01
5.736869573593139648e-01
5.293635129928588867e-01
5.100684762001037598e-01
5.367906093597412109e-01
5.345979928970336914e-01
5.272740721702575684e-01
5.524117946624755859e-01
5.505625605583190918e-01
5.191047191619873047e-01
3.782305717468261719e-01
5.233370065689086914e-01
5.536409020423889160e-01
5.452243089675903320e-01
5.222079753875732422e-01
4.360546469688415527e-01
5.443990230560302734e-01
5.924935340881347656e-01
5.766612291336059570e-01
5.622642636299133301e-01
5.023801326751708984e-01
5.951223969459533691e-01
5.171568393707275391e-01
5.093874931335449219e-01
5.674988031387329102e-01
4.947235584259033203e-01
5.314663648605346680e-01
3.633184134960174561e-01
4.272504448890686035e-01
5.463435053825378418e-01
4.209776222705841064e-01
5.770871639251708984e-01
5.357752442359924316e-01
5.336558818817138672e-01
5.595933198928833008e-01
5.564994215965270996e-01
3.751220107078552246e-01
4.538821280002593994e-01
3.008096218109130859e-01
5.034481883049011230e-01
4.934551417827606201e-01
4.113880991935729980e-01
2.027262300252914429e-01
5.106548070907592773e-01
5.612096786499023438e-01
5.730313062667846680e-01
5.061155557632446289e-01
4.284380674362182617e-01
5.507594943046569824e-01
5.405247807502746582e-01
5.320643186569213867e-01
5.597398877143859863e-01
5.390229225158691406e-01
5.559640526771545410e-01
5.554159879684448242e-01
5.401630401611328125e-01
5.302792787551879883e-01
5.294069647789001465e-01
4.730070531368255615e-01
5.869026780128479004e-01
3.171868026256561279e-01
5.726687908172607422e-01
5.120996236801147461e-01
4.833995401859283447e-01
5.752902030944824219e-01
5.528568029403686523e-01
5.520806908607482910e-01
4.396236240863800049e-01
5.714116692543029785e-01
5.132107138633728027e-01
5.114735364913940430e-01
5.150845646858215332e-01
5.213251709938049316e-01
5.585277676582336426e-01
5.193275809288024902e-01
4.898331463336944580e-01
5.165554881095886230e-01
5.444515347480773926e-01
5.522753000259399414e-01
5.416876673698425293e-01
5.528808832168579102e-01
5.490330457687377930e-01
5.204106569290161133e-01
5.836220979690551758e-01
5.111401081085205078e-01
5.889135003089904785e-01
5.906724333763122559e-01
5.021852850914001465e-01
5.318519473075866699e-01
5.243747234344482422e-01
5.017873048782348633e-01
5.027626752853393555e-01
5.329698324203491211e-01
1.351242512464523315e-01
3.025322556495666504e-01
5.337885618209838867e-01
5.564299225807189941e-01
5.669655799865722656e-01
5.378795862197875977e-01
5.449340343475341797e-01
5.481904745101928711e-01
5.901439189910888672e-01
5.260270237922668457e-01
5.568122267723083496e-01
4.930408000946044922e-01
4.996477961540222168e-01
2.651690840721130371e-01
5.109270215034484863e-01
5.268792510032653809e-01
5.884586572647094727e-01
4.780849218368530273e-01
1.469232290983200073e-01
5.535280704498291016e-01
5.062932968139648438e-01
5.602163076400756836e-01
5.291724801063537598e-01
5.575890541076660156e-01
5.288613438606262207e-01
5.317623615264892578e-01
4.623155295848846436e-01
5.678372383117675781e-01
5.623432993888854980e-01
5.920850038528442383e-01
5.398185253143310547e-01
4.627428650856018066e-01
5.330585241317749023e-01
5.006490945816040039e-01
5.600491166114807129e-01
5.319479703903198242e-01
5.250952839851379395e-01
5.323905944824218750e-01
5.552370548248291016e-01
5.198093056678771973e-01
5.466809272766113281e-01
5.539849996566772461e-01
5.545806288719177246e-01
5.596204996109008789e-01
5.030394792556762695e-01
5.330064296722412109e-01
4.839959442615509033e-01
5.312916636466979980e-01
4.955294430255889893e-01
1.893902868032455444e-01
5.724456310272216797e-01
5.064328312873840332e-01
5.510933995246887207e-01
5.730340480804443359e-01
5.269032120704650879e-01
4.778088927268981934e-01
5.311738848686218262e-01
5.436777472496032715e-01
4.644288122653961182e-01
5.259567499160766602e-01
5.497817397117614746e-01
5.550813674926757812e-01
5.339065194129943848e-01
5.461450815200805664e-01
5.459812879562377930e-01
5.782544016838073730e-01
5.539017319679260254e-01
5.517717003822326660e-01
5.316155552864074707e-01
5.274362564086914062e-01
2.719649970531463623e-01
4.912417531013488770e-01
5.027094483375549316e-01
4.938935935497283936e-01
2.581840753555297852e-01
5.448634624481201172e-01
5.776823759078979492e-01
4.620713591575622559e-01
4.490405917167663574e-01
1.683554351329803467e-01
5.862714052200317383e-01
4.888159632682800293e-01
5.772091150283813477e-01
5.472977161407470703e-01
5.495373010635375977e-01
5.809215307235717773e-01
5.160453915596008301e-01
7.231434583663940430e-01
5.446086525917053223e-01
4.723988175392150879e-01
5.343994498252868652e-01
5.439291000366210938e-01
5.611115694046020508e-01
4.798508584499359131e-01
5.589824914932250977e-01
5.234616398811340332e-01
5.125775933265686035e-01
4.832887947559356689e-01
5.713166594505310059e-01
5.280182957649230957e-01
5.404907464981079102e-01
5.421409010887145996e-01
5.501140952110290527e-01
5.850340723991394043e-01
5.461509823799133301e-01
5.478664040565490723e-01
4.698254764080047607e-01
5.526229143142700195e-01
5.186775326728820801e-01
4.088199734687805176e-01
4.373415410518646240e-01
4.100080132484436035e-01
4.803768098354339600e-01
5.368248224258422852e-01
3.888295292854309082e-01
5.825133919715881348e-01
5.510601997375488281e-01
5.389506220817565918e-01
5.453470945358276367e-01
6.023871898651123047e-01
5.685194134712219238e-01
5.460401773452758789e-01
5.192680954933166504e-01
4.840299487113952637e-01
5.552741289138793945e-01
4.369907379150390625e-01
5.016638040542602539e-01
5.404289364814758301e-01
5.002299547195434570e-01
5.528140068054199219e-01
4.909015297889709473e-01
5.187484025955200195e-01
4.942931830883026123e-01
5.676381587982177734e-01
4.560403227806091309e-01
5.920090079307556152e-01
5.551234483718872070e-01
5.070075392723083496e-01
4.943106472492218018e-01
5.218137502670288086e-01
5.787869095802307129e-01
5.611820220947265625e-01
5.969719290733337402e-01
2.600238621234893799e-01
5.505418181419372559e-01
5.160616636276245117e-01
2.402184754610061646e-01
2.007357031106948853e-01
4.996053576469421387e-01
5.807673335075378418e-01
5.387333035469055176e-01
7.231434583663940430e-01
5.768294334411621094e-01
4.555812180042266846e-01
5.730522274971008301e-01
4.810227751731872559e-01
4.960565567016601562e-01
5.730524659156799316e-01
5.969627499580383301e-01
5.182275772094726562e-01
5.434193611145019531e-01
5.301540493965148926e-01
1.727191656827926636e-01
1.320845782756805420e-01
5.038226842880249023e-01
4.553428888320922852e-01
5.315230488777160645e-01
5.487574934959411621e-01
5.170479416847229004e-01
5.712040662765502930e-01
3.396784961223602295e-01
5.559089183807373047e-01
4.809840321540832520e-01
4.766144156455993652e-01
4.918668568134307861e-01
5.749175548553466797e-01
5.068156123161315918e-01
5.774323344230651855e-01
5.794175267219543457e-01
5.335741043090820312e-01
5.484622120857238770e-01
5.373120903968811035e-01
4.644288122653961182e-01
5.304282903671264648e-01
4.675021469593048096e-01
4.938420355319976807e-01
5.294654965400695801e-01
5.150656700134277344e-01
4.536813497543334961e-01
5.540751218795776367e-01
5.467782020568847656e-01
5.091899037361145020e-01
5.512526035308837891e-01
5.746125578880310059e-01
3.925044238567352295e-01
5.156348347663879395e-01
5.436046719551086426e-01
4.066056013107299805e-01
3.878175318241119385e-01
4.909734129905700684e-01
5.218169689178466797e-01
5.172723531723022461e-01
4.016828536987304688e-01
5.148916840553283691e-01
5.026164650917053223e-01
5.089358687400817871e-01
5.013977289199829102e-01
2.623744308948516846e-01
5.549488663673400879e-01
5.505502223968505859e-01
5.144255757331848145e-01
5.664027333259582520e-01
3.608336746692657471e-01
5.275484919548034668e-01
5.262526273727416992e-01
5.558710694313049316e-01
5.537152886390686035e-01
5.112932324409484863e-01
5.256682038307189941e-01
5.646086931228637695e-01
5.501196384429931641e-01
4.903367757797241211e-01
5.553334355354309082e-01
5.106685757637023926e-01
1.531518548727035522e-01
5.881855487823486328e-01
5.543775558471679688e-01
4.810983538627624512e-01
5.524624586105346680e-01
4.734886586666107178e-01
5.309894680976867676e-01
5.450706481933593750e-01
5.276790261268615723e-01
5.250220894813537598e-01
5.056313872337341309e-01
4.786649942398071289e-01
5.062543153762817383e-01
5.428184866905212402e-01
4.546139836311340332e-01
5.462927818298339844e-01
5.393147468566894531e-01
2.075813859701156616e-01
5.072910785675048828e-01
5.385383963584899902e-01
5.200113058090209961e-01
5.541066527366638184e-01
5.932589173316955566e-01
5.396008491516113281e-01
5.315919518470764160e-01
2.829417288303375244e-01
5.162264704704284668e-01
4.818978607654571533e-01
4.048317372798919678e-01
4.382846653461456299e-01
5.328461527824401855e-01
5.145603418350219727e-01
4.726402461528778076e-01
5.569488406181335449e-01
5.300784707069396973e-01
5.208594202995300293e-01
5.601300001144409180e-01
3.823744952678680420e-01
5.163142085075378418e-01
5.646086931228637695e-01
5.186236500740051270e-01
5.005487799644470215e-01
5.663183927536010742e-01
4.909036159515380859e-01
5.412322878837585449e-01
3.630136549472808838e-01
4.716405272483825684e-01
5.103095769882202148e-01
5.489843487739562988e-01
5.569543838500976562e-01
5.743193030357360840e-01
4.660059213638305664e-01
4.815099239349365234e-01
5.290951132774353027e-01
1.379862427711486816e-01
5.215876102447509766e-01
5.612119436264038086e-01
5.394450426101684570e-01
5.853963494300842285e-01
4.342226386070251465e-01
5.355620980262756348e-01
5.242268443107604980e-01
4.947499334812164307e-01
4.943423569202423096e-01
5.164096355438232422e-01
5.053130388259887695e-01
2.165928035974502563e-01
5.356251597404479980e-01
5.350425243377685547e-01
2.355080991983413696e-01
5.793862938880920410e-01
5.448976755142211914e-01
5.554274916648864746e-01
5.132470726966857910e-01
5.353643298149108887e-01
5.370173454284667969e-01
5.454998016357421875e-01
5.622738003730773926e-01
4.973703920841217041e-01
5.361577868461608887e-01
5.346209406852722168e-01
5.749038457870483398e-01
5.351380109786987305e-01
5.185707807540893555e-01
5.162901878356933594e-01
4.576290547847747803e-01
5.159195065498352051e-01
5.162693858146667480e-01
5.601984858512878418e-01
4.246148169040679932e-01
5.355080962181091309e-01
5.300124287605285645e-01
5.288884043693542480e-01
4.810655713081359863e-01
2.811807990074157715e-01
5.184833407402038574e-01
5.457298755645751953e-01
5.992801785469055176e-01
5.015957951545715332e-01
5.430359244346618652e-01
5.735013484954833984e-01
5.419525504112243652e-01
5.431067347526550293e-01
4.754076600074768066e-01
5.407651662826538086e-01
5.603694319725036621e-01
4.708870649337768555e-01
5.013663172721862793e-01
5.614081621170043945e-01
5.583647489547729492e-01
5.738907456398010254e-01
5.590793490409851074e-01
5.379367470741271973e-01
1.273278743028640747e-01
5.798828601837158203e-01
5.276516675949096680e-01
5.046011805534362793e-01
4.806046485900878906e-01
5.453402996063232422e-01
5.586041808128356934e-01
1.828145980834960938e-01
5.148486495018005371e-01
5.734658241271972656e-01
4.372441768646240234e-01
1.517108380794525146e-01
5.761150121688842773e-01
4.888250231742858887e-01
5.767524242401123047e-01
5.585492253303527832e-01
5.332053303718566895e-01
5.274078249931335449e-01
5.144801139831542969e-01
4.930717647075653076e-01
5.912361741065979004e-01
4.892118275165557861e-01
5.022140741348266602e-01
4.511241316795349121e-01
5.631353855133056641e-01
4.963217079639434814e-01
5.815047621726989746e-01
4.744141995906829834e-01
4.916349649429321289e-01
5.605208277702331543e-01
4.768393933773040771e-01
5.582031011581420898e-01
5.392347574234008789e-01
5.525448918342590332e-01
5.100001096725463867e-01
5.564522743225097656e-01
5.576352477073669434e-01
5.237770080566406250e-01
5.493718981742858887e-01
5.274205207824707031e-01
5.216174721717834473e-01
5.419797301292419434e-01
5.456654429435729980e-01
5.469951629638671875e-01
5.456654429435729980e-01
5.734272599220275879e-01
5.223698616027832031e-01
5.560401678085327148e-01
4.736504852771759033e-01
5.195764303207397461e-01
5.453236699104309082e-01
4.097331762313842773e-01
5.294357538223266602e-01
5.598989725112915039e-01
2.899178266525268555e-01
5.980636477470397949e-01
4.995123147964477539e-01
5.315362811088562012e-01
5.807074308395385742e-01
5.233338475227355957e-01
5.065471529960632324e-01
5.367650389671325684e-01
5.417301654815673828e-01
5.199847221374511719e-01
5.564576387405395508e-01
5.556563138961791992e-01
5.056174993515014648e-01
5.642741322517395020e-01
5.435556173324584961e-01
5.022022128105163574e-01
5.454745292663574219e-01
5.074477791786193848e-01
2.893430292606353760e-01
1.876165568828582764e-01
5.469161868095397949e-01
5.191887021064758301e-01
5.870376229286193848e-01
5.241538882255554199e-01
5.032659769058227539e-01
5.415891408920288086e-01
5.373883843421936035e-01
4.425027966499328613e-01
4.314151704311370850e-01
5.408606529235839844e-01
5.290749669075012207e-01
5.243167281150817871e-01
4.897529482841491699e-01
5.708923339843750000e-01
5.763849616050720215e-01
4.852213859558105469e-01
4.795706868171691895e-01
4.634662866592407227e-01
5.179194211959838867e-01
5.396870374679565430e-01
4.722903668880462646e-01
5.427315235137939453e-01
5.887458920478820801e-01
5.956045389175415039e-01
5.073850750923156738e-01
5.641656517982482910e-01
5.404902100563049316e-01
5.088320374488830566e-01
5.222659707069396973e-01
5.185052156448364258e-01
5.107333660125732422e-01
5.480746626853942871e-01
5.439744591712951660e-01
5.003314614295959473e-01
4.644240736961364746e-01
5.104171037673950195e-01
5.408408641815185547e-01
5.510087609291076660e-01
5.146475434303283691e-01
4.276712834835052490e-01
4.947197139263153076e-01
5.051020383834838867e-01
3.795059919357299805e-01
3.398656845092773438e-01
5.248158574104309082e-01
4.898172914981842041e-01
5.158812403678894043e-01
4.249874651432037354e-01
5.605943202972412109e-01
5.519510507583618164e-01
5.572957396507263184e-01
1.412917822599411011e-01
5.567682385444641113e-01
5.468327403068542480e-01
4.713909924030303955e-01
5.347183942794799805e-01
5.673195123672485352e-01
4.769924283027648926e-01
4.788185656070709229e-01
4.293402731418609619e-01
5.681244134902954102e-01
4.985676407814025879e-01
5.445221066474914551e-01
5.607874989509582520e-01
5.504864454269409180e-01
5.563989877700805664e-01
5.549975633621215820e-01
4.858689010143280029e-01
5.567756295204162598e-01
5.446121692657470703e-01
5.435203909873962402e-01
5.212101936340332031e-01
5.358599424362182617e-01
4.739595353603363037e-01
4.724548459053039551e-01
5.373763442039489746e-01
5.305837392807006836e-01
4.637663662433624268e-01
5.215643644332885742e-01
5.344283580780029297e-01
5.583235621452331543e-01
5.371779203414916992e-01
5.555819272994995117e-01
5.030832886695861816e-01
5.499328970909118652e-01
5.405772924423217773e-01
4.938273727893829346e-01
5.306460261344909668e-01
5.697239041328430176e-01
5.414206981658935547e-01
4.805153310298919678e-01
5.457798242568969727e-01
5.193582773208618164e-01
5.398092269897460938e-01
5.087828636169433594e-01
5.243451595306396484e-01
4.892607331275939941e-01
5.242484211921691895e-01
5.126762390136718750e-01
4.876269400119781494e-01
5.720172524452209473e-01
5.709934234619140625e-01
5.850818753242492676e-01
5.532813072204589844e-01
5.454679727554321289e-01
5.780330300331115723e-01
4.997105598449707031e-01
5.241860747337341309e-01
5.308097600936889648e-01
5.098595619201660156e-01
5.182070732116699219e-01
5.249270200729370117e-01
5.965663194656372070e-01
5.149307250976562500e-01
5.087673068046569824e-01
5.561274886131286621e-01
5.680574774742126465e-01
4.695179164409637451e-01
4.809682667255401611e-01
5.507517457008361816e-01
5.156899094581604004e-01
2.734857797622680664e-01
5.610249638557434082e-01
4.679998457431793213e-01
5.557674169540405273e-01
5.652226209640502930e-01
5.371751785278320312e-01
5.641130208969116211e-01
5.305398702621459961e-01
5.581603646278381348e-01
1.283109933137893677e-01
4.897266328334808350e-01
5.498104095458984375e-01
5.206794738769531250e-01
5.201705098152160645e-01
5.502188801765441895e-01
5.208395719528198242e-01
5.075225234031677246e-01
4.306957721710205078e-01
4.577068686485290527e-01
2.525045573711395264e-01
1.316801905632019043e-01
5.519887804985046387e-01
5.213365554809570312e-01
2.836206257343292236e-01
5.254500508308410645e-01
5.929114222526550293e-01
5.674749612808227539e-01
5.683690905570983887e-01
5.431507229804992676e-01
5.595422983169555664e-01
5.158740878105163574e-01
5.488439798355102539e-01
4.966923892498016357e-01
5.217560529708862305e-01
5.181401968002319336e-01
5.818238258361816406e-01
5.534507632255554199e-01
5.857285857200622559e-01
5.419126152992248535e-01
5.619342923164367676e-01
4.655195474624633789e-01
5.171177983283996582e-01
2.357394099235534668e-01
3.537631332874298096e-01
5.706496238708496094e-01
5.329239964485168457e-01
5.894393920898437500e-01
5.497295260429382324e-01
4.663225412368774414e-01
5.371668934822082520e-01
5.463370084762573242e-01
5.411077737808227539e-01
5.640477538108825684e-01
5.771738886833190918e-01
5.709490180015563965e-01
5.630281567573547363e-01
5.612438917160034180e-01
5.024665594100952148e-01
5.392020344734191895e-01
4.746971726417541504e-01
5.770199894905090332e-01
4.783647358417510986e-01
5.380601286888122559e-01
1.425279527902603149e-01
5.131837129592895508e-01
5.669854879379272461e-01
5.567406415939331055e-01
5.512526035308837891e-01
5.498157143592834473e-01
5.115264058113098145e-01
5.253909826278686523e-01
5.637998580932617188e-01
3.093959689140319824e-01
5.839785933494567871e-01
5.590548515319824219e-01
5.489195585250854492e-01
5.286551117897033691e-01
5.538018941879272461e-01
5.482410192489624023e-01
5.203179121017456055e-01
5.570204854011535645e-01
5.789549946784973145e-01
4.543959796428680420e-01
3.332079648971557617e-01
1.472247093915939331e-01
4.976632595062255859e-01
4.899055659770965576e-01
5.324616432189941406e-01
5.249361395835876465e-01
4.685731828212738037e-01
1.931445151567459106e-01
5.577358603477478027e-01
5.713074207305908203e-01
5.354337096214294434e-01
5.513483285903930664e-01
5.336293578147888184e-01
5.648828744888305664e-01
5.296888351440429688e-01
5.754051804542541504e-01
5.293647646903991699e-01
5.007766485214233398e-01
4.921311736106872559e-01
5.465007424354553223e-01
5.356758832931518555e-01
5.520238876342773438e-01
5.742052197456359863e-01
5.468646883964538574e-01
1.938971728086471558e-01
5.274466872215270996e-01
5.421115159988403320e-01
5.211976170539855957e-01
5.320008397102355957e-01
5.424039959907531738e-01
5.557532906532287598e-01
5.610188245773315430e-01
5.589734911918640137e-01
5.315155386924743652e-01
4.810481369495391846e-01
5.381425619125366211e-01
5.832443237304687500e-01
1.819217354059219360e-01
5.181359052658081055e-01
5.312200188636779785e-01
5.151203274726867676e-01
4.075667560100555420e-01
5.035628676414489746e-01
4.822861850261688232e-01
5.415155291557312012e-01
5.723284482955932617e-01
5.174443721771240234e-01
5.447822809219360352e-01
4.807846844196319580e-01
5.254877805709838867e-01
5.271911621093750000e-01
5.132122635841369629e-01
4.989748895168304443e-01
4.702458083629608154e-01
5.383107662200927734e-01
5.372608304023742676e-01
4.826025962829589844e-01
5.374445915222167969e-01
5.298193097114562988e-01
5.082927942276000977e-01
5.062487125396728516e-01
5.882351398468017578e-01
4.765845239162445068e-01
4.840501844882965088e-01
4.792998433113098145e-01
5.726528167724609375e-01
5.829597115516662598e-01
4.442968070507049561e-01
5.043578147888183594e-01
5.330216288566589355e-01
5.019233226776123047e-01
5.494239330291748047e-01
1.491163372993469238e-01
5.611318945884704590e-01
5.583915114402770996e-01
5.776947140693664551e-01
5.594408512115478516e-01
4.017278552055358887e-01
5.192686915397644043e-01
4.747640490531921387e-01
5.382887721061706543e-01
5.418444871902465820e-01
5.470274090766906738e-01
4.391331076622009277e-01
5.539434552192687988e-01
3.228052258491516113e-01
3.166069686412811279e-01
5.384852886199951172e-01
2.016274929046630859e-01
5.116314888000488281e-01
3.954323530197143555e-01
5.068789124488830566e-01
5.256245136260986328e-01
5.573397278785705566e-01
3.273831009864807129e-01
5.338930487632751465e-01
5.239405632019042969e-01
4.447688758373260498e-01
5.388987064361572266e-01
5.341776013374328613e-01
4.960342645645141602e-01
3.828012347221374512e-01
5.536523461341857910e-01
5.372290015220642090e-01
5.234705209732055664e-01
5.493671894073486328e-01
5.819743275642395020e-01
5.853994488716125488e-01
5.597787499427795410e-01
5.038691163063049316e-01
5.385986566543579102e-01
5.795727372169494629e-01
5.298243761062622070e-01
5.520172715187072754e-01
5.845752358436584473e-01
5.609259009361267090e-01
4.798250198364257812e-01
5.862736701965332031e-01
5.878387689590454102e-01
5.403560400009155273e-01
4.724819362163543701e-01
4.859113395214080811e-01
5.372389554977416992e-01
5.401280522346496582e-01
5.127860307693481445e-01
4.969507455825805664e-01
4.908425509929656982e-01
5.626690387725830078e-01
5.050288438796997070e-01
5.200101733207702637e-01
5.517416000366210938e-01
5.629410743713378906e-01
5.011563897132873535e-01
5.125213265419006348e-01
4.851020574569702148e-01
5.193430185317993164e-01
4.972313344478607178e-01
5.202354192733764648e-01
5.356788039207458496e-01
5.323128104209899902e-01
5.049094557762145996e-01
5.263412594795227051e-01
5.517367124557495117e-01
4.524711072444915771e-01
4.909592270851135254e-01
3.773571848869323730e-01
5.633352994918823242e-01
3.002254366874694824e-01
5.401809811592102051e-01
5.587556958198547363e-01
5.887715220451354980e-01
5.480514168739318848e-01
5.408163666725158691e-01
4.902781546115875244e-01
5.188413262367248535e-01
5.549299716949462891e-01
4.847507476806640625e-01
5.485702753067016602e-01
4.823088049888610840e-01
4.376799464225769043e-01
5.601765513420104980e-01
5.393810868263244629e-01
5.453622937202453613e-01
5.782938599586486816e-01
5.385378599166870117e-01
5.451710820198059082e-01
4.621250331401824951e-01
4.380889236927032471e-01
5.544964671134948730e-01
5.173730254173278809e-01
4.938929677009582520e-01
5.293052792549133301e-01
4.903343021869659424e-01
5.266877412796020508e-01
5.846399664878845215e-01
5.922943353652954102e-01
4.569951295852661133e-01
4.874145984649658203e-01
5.012359023094177246e-01
4.706210196018218994e-01
4.967096745967864990e-01
4.936438202857971191e-01
4.891040027141571045e-01
4.764600992202758789e-01
4.095602333545684814e-01
5.312890410423278809e-01
5.464737415313720703e-01
5.506685376167297363e-01
5.623514056205749512e-01
5.649704933166503906e-01
4.438118636608123779e-01
5.504933595657348633e-01
4.598418474197387695e-01
5.082808732986450195e-01
5.596948266029357910e-01
5.361914038658142090e-01
5.561240315437316895e-01
5.444329977035522461e-01
5.685218572616577148e-01
4.907817840576171875e-01
5.454691648483276367e-01
4.605090022087097168e-01
4.958495497703552246e-01
5.438004732131958008e-01
3.774273991584777832e-01
5.308901071548461914e-01
5.811411738395690918e-01
5.020900368690490723e-01
4.764129221439361572e-01
5.361447930335998535e-01
4.786675274372100830e-01
5.787475109100341797e-01
5.306841135025024414e-01
5.483958125114440918e-01
5.515878796577453613e-01
4.880850911140441895e-01
5.514426231384277344e-01
4.369864761829376221e-01
5.038970708847045898e-01
5.416045188903808594e-01
5.006807446479797363e-01
4.864124655723571777e-01
5.648173093795776367e-01
5.413022637367248535e-01
5.616923570632934570e-01
5.028005838394165039e-01
5.478273630142211914e-01
5.102323889732360840e-01
4.293318986892700195e-01
5.434756875038146973e-01
5.678489208221435547e-01
5.470493435859680176e-01
4.666945636272430420e-01
5.759912133216857910e-01
5.548104643821716309e-01
5.457450747489929199e-01
5.184521675109863281e-01
5.214020609855651855e-01
5.429752469062805176e-01
5.066984891891479492e-01
5.477532148361206055e-01
5.387545228004455566e-01
5.245965123176574707e-01
5.611702203750610352e-01
5.732503533363342285e-01
5.166554450988769531e-01
5.532269477844238281e-01
5.317708253860473633e-01
5.219505429267883301e-01
5.291760563850402832e-01
5.150244235992431641e-01
5.026642680168151855e-01
4.912010729312896729e-01
5.644951462745666504e-01
1.330316364765167236e-01
5.304499864578247070e-01
5.016847252845764160e-01
4.734583497047424316e-01
5.563563704490661621e-01
5.441698431968688965e-01
4.043181240558624268e-01
5.719965696334838867e-01
4.849606156349182129e-01
5.092703104019165039e-01
4.943646192550659180e-01
3.003004193305969238e-01
5.188291072845458984e-01
5.513894557952880859e-01
5.710853934288024902e-01
1.550132036209106445e-01
5.299552679061889648e-01
5.138736367225646973e-01
5.582530498504638672e-01
4.854730963706970215e-01
5.089892148971557617e-01
5.755425095558166504e-01
5.793113112449645996e-01
4.770684838294982910e-01
4.669148027896881104e-01
4.886675477027893066e-01
4.824229776859283447e-01
5.481170415878295898e-01
5.682985782623291016e-01
5.646004080772399902e-01
4.657999575138092041e-01
5.858394503593444824e-01
4.793328046798706055e-01
5.106288194656372070e-01
5.572238564491271973e-01
5.060552358627319336e-01
5.305016040802001953e-01
5.130493640899658203e-01
5.125246047973632812e-01
5.378671884536743164e-01
5.535812377929687500e-01
4.468260109424591064e-01
5.433137416839599609e-01
5.521276593208312988e-01
5.220156908035278320e-01
5.640114545822143555e-01
2.892883121967315674e-01
5.688634514808654785e-01
5.260256528854370117e-01
4.807278215885162354e-01
4.668222963809967041e-01
5.490967631340026855e-01
2.624995112419128418e-01
5.500625371932983398e-01
5.543798208236694336e-01
4.757378399372100830e-01
5.785494446754455566e-01
4.671599864959716797e-01
5.227531194686889648e-01
5.843176841735839844e-01
3.850129246711730957e-01
4.363450407981872559e-01
4.536591768264770508e-01
5.581575036048889160e-01
5.368093252182006836e-01
5.268571972846984863e-01
4.781539142131805420e-01
5.236127376556396484e-01
5.280023813247680664e-01
5.631184577941894531e-01
4.891010820865631104e-01
5.404137969017028809e-01
5.619344711303710938e-01
5.907841920852661133e-01
5.668322443962097168e-01
4.558789134025573730e-01
5.388492941856384277e-01
5.348299741744995117e-01
5.101811289787292480e-01
5.673796534538269043e-01
5.660646557807922363e-01
5.277975797653198242e-01
5.087982416152954102e-01
5.301038622856140137e-01
4.991763234138488770e-01
4.859331846237182617e-01
5.332770347595214844e-01
5.619946718215942383e-01
2.800550758838653564e-01
5.623680353164672852e-01
5.817296504974365234e-01
4.863097667694091797e-01
5.830529332160949707e-01
5.855660438537597656e-01
5.406334400177001953e-01
5.024225711822509766e-01
5.297662615776062012e-01
5.863461494445800781e-01
5.283628106117248535e-01
5.597528815269470215e-01
5.033560991287231445e-01
5.143334865570068359e-01
2.696674466133117676e-01
5.431714057922363281e-01
3.488152623176574707e-01
5.655239224433898926e-01
5.615902543067932129e-01
5.685042142868041992e-01
5.299033522605895996e-01
5.506255626678466797e-01
2.756805419921875000e-01
5.243801474571228027e-01
5.081126093864440918e-01
5.559400320053100586e-01
4.736195802688598633e-01
5.602469444274902344e-01
4.901862442493438721e-01
3.758866488933563232e-01
5.744970440864562988e-01
5.417236685752868652e-01
5.311241149902343750e-01
5.962935686111450195e-01
5.767502784729003906e-01
5.190227031707763672e-01
4.955749511718750000e-01
5.613412857055664062e-01
5.601541996002197266e-01
5.062587261199951172e-01
5.342131853103637695e-01
4.447431266307830811e-01
5.203564167022705078e-01
5.744659304618835449e-01
5.739535689353942871e-01
5.405817627906799316e-01
5.206514000892639160e-01
5.662042498588562012e-01
5.793119668960571289e-01
5.321385860443115234e-01
5.014007687568664551e-01
5.398721694946289062e-01
5.590900182723999023e-01
5.533403754234313965e-01
5.378618240356445312e-01
5.051268339157104492e-01
1.571344882249832153e-01
5.267248153686523438e-01
5.436809062957763672e-01
5.609737634658813477e-01
4.253831207752227783e-01
5.568743944168090820e-01
5.640220642089843750e-01
5.846759080886840820e-01
5.216853022575378418e-01
5.464512705802917480e-01
5.291844010353088379e-01
4.498346447944641113e-01
5.268647074699401855e-01
4.956054687500000000e-01
4.804886877536773682e-01
5.477814078330993652e-01
4.707074463367462158e-01
5.284634232521057129e-01
5.899061560630798340e-01
3.859293460845947266e-01
1.432559192180633545e-01
5.608079433441162109e-01
4.892984032630920410e-01
5.639040470123291016e-01
5.150867104530334473e-01
5.337641835212707520e-01
4.372137784957885742e-01
5.006412267684936523e-01
5.211170315742492676e-01
5.527498722076416016e-01
5.620767474174499512e-01
4.774711132049560547e-01
4.361746311187744141e-01
5.814908742904663086e-01
5.218194127082824707e-01
5.422359704971313477e-01
5.076952576637268066e-01
5.174566507339477539e-01
5.156298279762268066e-01
5.367196798324584961e-01
5.301198959350585938e-01
5.749112963676452637e-01
4.827202260494232178e-01
4.893399477005004883e-01
5.457272529602050781e-01
4.318952560424804688e-01
5.130493044853210449e-01
5.245060920715332031e-01
5.823027491569519043e-01
2.691218554973602295e-01
4.834218621253967285e-01
4.691790044307708740e-01
4.947316050529479980e-01
4.886438250541687012e-01
5.389451980590820312e-01
5.701019763946533203e-01
5.345771908760070801e-01
4.966542124748229980e-01
5.531181097030639648e-01
5.154972672462463379e-01
5.419331192970275879e-01
5.590994954109191895e-01
4.877326786518096924e-01
5.372872352600097656e-01
4.829392135143280029e-01
3.731322884559631348e-01
4.972146749496459961e-01
5.682337880134582520e-01
5.654059648513793945e-01
2.203586101531982422e-01
5.566413998603820801e-01
4.868413805961608887e-01
5.479660034179687500e-01
3.494493961334228516e-01
5.765519142150878906e-01
1.994265317916870117e-01
5.369308590888977051e-01
4.462875425815582275e-01
5.482253432273864746e-01
5.073260664939880371e-01
5.226247310638427734e-01
5.186595320701599121e-01
5.276082754135131836e-01
5.556810498237609863e-01
5.250661373138427734e-01
5.337603092193603516e-01
5.921130180358886719e-01
5.147634744644165039e-01
5.178849101066589355e-01
3.495332002639770508e-01
5.335498452186584473e-01
2.398517578840255737e-01
3.648468852043151855e-01
5.459450483322143555e-01
5.559276938438415527e-01
5.376575589179992676e-01
5.190646648406982422e-01
5.699691772460937500e-01
5.241037607192993164e-01
2.517470419406890869e-01
2.767565548419952393e-01
4.961786270141601562e-01
5.122275352478027344e-01
5.692995190620422363e-01
5.553503632545471191e-01
5.396766066551208496e-01
4.457295536994934082e-01
5.066280961036682129e-01
5.418061017990112305e-01
5.538200139999389648e-01
5.359280109405517578e-01
5.662450790405273438e-01
4.591704010963439941e-01
5.819381475448608398e-01
5.410812497138977051e-01
4.989416897296905518e-01
5.410853624343872070e-01
5.151589512825012207e-01
5.741713047027587891e-01
5.328426361083984375e-01
5.719908475875854492e-01
5.631073713302612305e-01
5.352945923805236816e-01
5.210737586021423340e-01
1.826619207859039307e-01
4.807759821414947510e-01
4.961025416851043701e-01
5.558374524116516113e-01
5.109515190124511719e-01
5.242150425910949707e-01
5.336776375770568848e-01
2.028690427541732788e-01
1.384919434785842896e-01
5.645192861557006836e-01
4.803934991359710693e-01
5.597540736198425293e-01
4.829165339469909668e-01
5.757570862770080566e-01
5.403638482093811035e-01
4.927029013633728027e-01
5.652890801429748535e-01
4.891010820865631104e-01
5.507555007934570312e-01
5.209530591964721680e-01
5.837694406509399414e-01
5.736430287361145020e-01
5.312605500221252441e-01
5.400834083557128906e-01
4.889499843120574951e-01
3.577862679958343506e-01
5.286847352981567383e-01
4.866692125797271729e-01
2.041835784912109375e-01
5.472587347030639648e-01
5.668744444847106934e-01
3.117628097534179688e-01
5.550472736358642578e-01
5.500696897506713867e-01
5.036858320236206055e-01
3.533492088317871094e-01
5.176667571067810059e-01
5.622392892837524414e-01
5.451781153678894043e-01
5.537880659103393555e-01
4.327630400657653809e-01
5.635395646095275879e-01
5.399380922317504883e-01
5.720229744911193848e-01
5.408012866973876953e-01
5.058317780494689941e-01
5.897188782691955566e-01
5.596231818199157715e-01
5.881702899932861328e-01
4.782568514347076416e-01
5.873719453811645508e-01
7.231434583663940430e-01
5.420711040496826172e-01
5.716823935508728027e-01
5.380811691284179688e-01
5.026341676712036133e-01
5.681939125061035156e-01
5.512105226516723633e-01
5.546419024467468262e-01
5.149532556533813477e-01
5.547732710838317871e-01
5.503325462341308594e-01
5.743522644042968750e-01
5.407557487487792969e-01
5.520021915435791016e-01
4.940026104450225830e-01
5.114439725875854492e-01
5.274247527122497559e-01
4.976972639560699463e-01
4.733688235282897949e-01
1.584705710411071777e-01
5.015996098518371582e-01
5.110397338867187500e-01
5.237565636634826660e-01
5.687867999076843262e-01
5.429064035415649414e-01
4.007401168346405029e-01
5.705557465553283691e-01
5.734327435493469238e-01
5.243064761161804199e-01
3.078480660915374756e-01
1.533835828304290771e-01
5.104507207870483398e-01
5.740613341331481934e-01
5.655105113983154297e-01
5.365084409713745117e-01
5.817936062812805176e-01
5.937806963920593262e-01
5.500692725181579590e-01
5.492768883705139160e-01
4.428314864635467529e-01
1.400236934423446655e-01
5.631234049797058105e-01
5.109974741935729980e-01
5.066345334053039551e-01
5.208522677421569824e-01
5.034458637237548828e-01
5.501457452774047852e-01
5.179190039634704590e-01
5.324006080627441406e-01
5.522224903106689453e-01
5.350410342216491699e-01
5.660601258277893066e-01
5.838868618011474609e-01
5.534986853599548340e-01
4.773476719856262207e-01
5.800275802612304688e-01
4.610061347484588623e-01
5.157583355903625488e-01
5.063485503196716309e-01
5.286068320274353027e-01
5.107318162918090820e-01
4.916275739669799805e-01
5.383072495460510254e-01
5.124730467796325684e-01
5.457402467727661133e-01
5.814087390899658203e-01
5.655629038810729980e-01
4.729922413825988770e-01
5.130640268325805664e-01
5.644832849502563477e-01
5.081305503845214844e-01
1.279273927211761475e-01
5.369620323181152344e-01
5.827040672302246094e-01
5.097686648368835449e-01
5.764801502227783203e-01
4.734033048152923584e-01
1.986982822418212891e-01
5.337436199188232422e-01
4.716032445430755615e-01
5.480502843856811523e-01
4.922393560409545898e-01
5.195584297180175781e-01
5.676529407501220703e-01
4.846096038818359375e-01
4.735515117645263672e-01
5.187505483627319336e-01
5.624641776084899902e-01
5.041736364364624023e-01
5.741177797317504883e-01
5.084953308105468750e-01
4.895047247409820557e-01
5.717153549194335938e-01
5.607247948646545410e-01
5.587584376335144043e-01
4.834327399730682373e-01
4.794515371322631836e-01
5.599049329757690430e-01
5.055220723152160645e-01
5.569959878921508789e-01
4.991089403629302979e-01
5.626507401466369629e-01
4.865390062332153320e-01
5.723131299018859863e-01
4.756940603256225586e-01
5.002092123031616211e-01
3.210084438323974609e-01
5.381950736045837402e-01
3.013669550418853760e-01
5.676853656768798828e-01
5.407314300537109375e-01
5.345060825347900391e-01
5.829481482505798340e-01
5.462804436683654785e-01
5.563033223152160645e-01
4.860202670097351074e-01
5.543110966682434082e-01
5.425136089324951172e-01
5.497773289680480957e-01
5.047321319580078125e-01
5.129215121269226074e-01
5.074452757835388184e-01
5.868873000144958496e-01
4.970447421073913574e-01
5.482747554779052734e-01
5.208302736282348633e-01
5.901373028755187988e-01
4.957745671272277832e-01
5.195464491844177246e-01
5.551440119743347168e-01
5.508664250373840332e-01
5.583829879760742188e-01
5.691560506820678711e-01
5.617570281028747559e-01
3.450099527835845947e-01
5.237530469894409180e-01
5.431891083717346191e-01
5.008412599563598633e-01
5.279556512832641602e-01
5.509875416755676270e-01
5.050247311592102051e-01
5.085880160331726074e-01
5.419701933860778809e-01
5.555135011672973633e-01
5.724374055862426758e-01
5.421776175498962402e-01
5.353100299835205078e-01
1.287938654422760010e-01
5.156762599945068359e-01
5.686680078506469727e-01
4.509740471839904785e-01
5.624030232429504395e-01
4.733799099922180176e-01
4.900399744510650635e-01
5.671903491020202637e-01
5.501403212547302246e-01
5.592334270477294922e-01
4.368393123149871826e-01
5.643354058265686035e-01
3.169105052947998047e-01
5.369527935981750488e-01
4.836386442184448242e-01
5.071918964385986328e-01
4.805276095867156982e-01
4.906406700611114502e-01
5.565601587295532227e-01
5.121751427650451660e-01
4.894612431526184082e-01
2.546886801719665527e-01
5.571467876434326172e-01
5.271209478378295898e-01
4.765685796737670898e-01
5.250239372253417969e-01
5.368299484252929688e-01
5.098611712455749512e-01
5.236530900001525879e-01
4.882839024066925049e-01
5.739719271659851074e-01
5.354854464530944824e-01
5.223767161369323730e-01
5.150737762451171875e-01
5.201353430747985840e-01
5.089422464370727539e-01
5.836480855941772461e-01
5.998279452323913574e-01
5.299150943756103516e-01
5.687255859375000000e-01
5.388236641883850098e-01
5.412563085556030273e-01
5.728680491447448730e-01
5.241288542747497559e-01
5.321574211120605469e-01
4.907160401344299316e-01
5.496557950973510742e-01
5.260192751884460449e-01
5.434193611145019531e-01
5.709922909736633301e-01
5.110040903091430664e-01
5.431252121925354004e-01
4.906153380870819092e-01
5.068565607070922852e-01
2.264560759067535400e-01
5.456330180168151855e-01
5.476338267326354980e-01
5.204039812088012695e-01
5.883523821830749512e-01
5.125775933265686035e-01
5.061048865318298340e-01
5.070945024490356445e-01
5.312429070472717285e-01
5.099443197250366211e-01
5.131608843803405762e-01
4.822687804698944092e-01
4.815271198749542236e-01
4.949915409088134766e-01
5.928125977516174316e-01
5.857678651809692383e-01
