3.982176780700683594e-01
5.389870405197143555e-01
4.526368379592895508e-01
5.156221985816955566e-01
5.073488354682922363e-01
5.125966668128967285e-01
5.267915129661560059e-01
4.539025127887725830e-01
5.225704908370971680e-01
5.388166308403015137e-01
5.171519517898559570e-01
4.284887909889221191e-01
5.264331698417663574e-01
5.164886713027954102e-01
4.978365004062652588e-01
5.238586068153381348e-01
5.160081386566162109e-01
5.135836601257324219e-01
4.661609828472137451e-01
5.339182615280151367e-01
5.061060786247253418e-01
5.294489264488220215e-01
5.351279377937316895e-01
5.212779045104980469e-01
3.720146417617797852e-01
4.434999525547027588e-01
5.293166637420654297e-01
5.232396125793457031e-01
4.877927005290985107e-01
4.142424166202545166e-01
5.216822028160095215e-01
4.726872146129608154e-01
5.046349167823791504e-01
4.961116015911102295e-01
4.953789114952087402e-01
5.091842412948608398e-01
5.030891895294189453e-01
5.093556046485900879e-01
4.333140552043914795e-01
4.895293414592742920e-01
5.082957744598388672e-01
5.162647962570190430e-01
5.041283369064331055e-01
4.965257048606872559e-01
5.396274924278259277e-01
5.199072360992431641e-01
4.940014481544494629e-01
5.250030755996704102e-01
4.202240407466888428e-01
5.142874121665954590e-01
3.951450884342193604e-01
5.039227008819580078e-01
5.177787542343139648e-01
5.069365501403808594e-01
5.491245388984680176e-01
3.669157326221466064e-01
4.987480938434600830e-01
5.213441252708435059e-01
5.064086318016052246e-01
5.244053006172180176e-01
5.117546319961547852e-01
4.386379122734069824e-01
4.613477289676666260e-01
5.267323255538940430e-01
4.995420575141906738e-01
4.570528864860534668e-01
5.143467783927917480e-01
5.071409344673156738e-01
5.049160718917846680e-01
5.066207051277160645e-01
5.012193322181701660e-01
4.067437052726745605e-01
5.657043457031250000e-01
4.978108108043670654e-01
5.754716992378234863e-01
5.329725742340087891e-01
4.276653230190277100e-01
5.209435224533081055e-01
4.920824468135833740e-01
4.997673630714416504e-01
4.798407256603240967e-01
5.109555721282958984e-01
5.182487964630126953e-01
4.158223867416381836e-01
5.237172245979309082e-01
3.988758921623229980e-01
4.372423291206359863e-01
5.028504729270935059e-01
5.065090060234069824e-01
5.397290587425231934e-01
4.761902689933776855e-01
5.296930074691772461e-01
5.182771086692810059e-01
4.097704589366912842e-01
4.444056451320648193e-01
4.075697958469390869e-01
5.132217407226562500e-01
5.360799431800842285e-01
4.535954892635345459e-01
5.170127153396606445e-01
5.362461805343627930e-01
4.985778331756591797e-01
4.867521226406097412e-01
5.088352560997009277e-01
5.294576287269592285e-01
4.848446846008300781e-01
3.666949272155761719e-01
5.313703417778015137e-01
5.160725712776184082e-01
3.925376534461975098e-01
5.137857794761657715e-01
5.099555850028991699e-01
5.153818726539611816e-01
5.217428803443908691e-01
5.316188931465148926e-01
5.015152692794799805e-01
4.862786233425140381e-01
5.385728478431701660e-01
5.247166156768798828e-01
4.732773005962371826e-01
4.780011177062988281e-01
5.004796385765075684e-01
4.745140969753265381e-01
5.198875069618225098e-01
5.440525412559509277e-01
5.200338363647460938e-01
5.265780687332153320e-01
5.226448774337768555e-01
5.198312997817993164e-01
4.462272524833679199e-01
4.938106238842010498e-01
5.389975309371948242e-01
5.331888794898986816e-01
4.772284924983978271e-01
4.514341056346893311e-01
4.734153747558593750e-01
5.182499289512634277e-01
5.343762040138244629e-01
5.120720863342285156e-01
5.151788592338562012e-01
4.861091077327728271e-01
4.793114066123962402e-01
5.087714195251464844e-01
4.899127781391143799e-01
4.754896759986877441e-01
4.502904713153839111e-01
4.988640248775482178e-01
4.668379724025726318e-01
5.126320123672485352e-01
4.971612691879272461e-01
4.245600104331970215e-01
5.044437050819396973e-01
4.580339491367340088e-01
5.272555351257324219e-01
4.275182783603668213e-01
5.195330381393432617e-01
5.114439725875854492e-01
4.681347608566284180e-01
4.868358373641967773e-01
5.129011273384094238e-01
4.987997710704803467e-01
4.913847446441650391e-01
5.328122973442077637e-01
5.131030082702636719e-01
4.852210283279418945e-01
5.282310843467712402e-01
3.690470755100250244e-01
4.823556840419769287e-01
5.453720092773437500e-01
4.955800473690032959e-01
4.645745456218719482e-01
4.532695114612579346e-01
4.993103742599487305e-01
5.239856243133544922e-01
5.088356137275695801e-01
4.667870700359344482e-01
5.007089376449584961e-01
5.226252675056457520e-01
5.079821944236755371e-01
4.963628649711608887e-01
5.200743079185485840e-01
5.139413475990295410e-01
5.408031940460205078e-01
5.148763656616210938e-01
5.033881068229675293e-01
4.692962169647216797e-01
5.228351950645446777e-01
5.233840942382812500e-01
5.282058119773864746e-01
4.694779813289642334e-01
4.824439585208892822e-01
5.159932971000671387e-01
4.981424808502197266e-01
5.174483060836791992e-01
5.072341561317443848e-01
5.323060750961303711e-01
4.808321893215179443e-01
5.157107114791870117e-01
5.106934309005737305e-01
5.287878513336181641e-01
4.980047941207885742e-01
4.528605639934539795e-01
4.943075180053710938e-01
5.151533484458923340e-01
5.096940994262695312e-01
4.756493866443634033e-01
4.393890202045440674e-01
5.324932932853698730e-01
5.112113952636718750e-01
4.585630595684051514e-01
4.963935911655426025e-01
4.625285267829895020e-01
4.936373233795166016e-01
5.422655940055847168e-01
5.278533101081848145e-01
4.845280945301055908e-01
5.365217924118041992e-01
4.559185802936553955e-01
4.964116215705871582e-01
4.626442492008209229e-01
4.950385391712188721e-01
5.034900903701782227e-01
5.085756182670593262e-01
5.280340313911437988e-01
4.592673480510711670e-01
4.359119832515716553e-01
4.386659860610961914e-01
5.182176828384399414e-01
5.146918296813964844e-01
4.496330022811889648e-01
4.374071359634399414e-01
4.860589802265167236e-01
5.163987278938293457e-01
5.305464863777160645e-01
5.246723890304565430e-01
4.862588047981262207e-01
5.020089149475097656e-01
5.292572379112243652e-01
4.404515624046325684e-01
4.227768480777740479e-01
5.215651392936706543e-01
4.718350470066070557e-01
5.144937038421630859e-01
5.068472623825073242e-01
4.824866950511932373e-01
4.360249042510986328e-01
4.815003275871276855e-01
4.952170848846435547e-01
3.899358212947845459e-01
4.972335100173950195e-01
5.382715463638305664e-01
5.076624155044555664e-01
4.034829735755920410e-01
3.912342190742492676e-01
4.691384434700012207e-01
5.185491442680358887e-01
5.218906998634338379e-01
5.156221389770507812e-01
5.237991213798522949e-01
5.052924752235412598e-01
4.806551039218902588e-01
5.052992701530456543e-01
5.141615271568298340e-01
5.351539254188537598e-01
4.786680638790130615e-01
5.156180262565612793e-01
5.454290509223937988e-01
4.083575308322906494e-01
5.276504158973693848e-01
5.458299517631530762e-01
4.661866724491119385e-01
4.536361098289489746e-01
4.679290056228637695e-01
5.169758796691894531e-01
4.928652644157409668e-01
4.645465016365051270e-01
4.262730181217193604e-01
5.273562073707580566e-01
5.310186147689819336e-01
5.291515588760375977e-01
5.126428008079528809e-01
5.517274737358093262e-01
5.249511599540710449e-01
5.172408223152160645e-01
4.260107874870300293e-01
5.139133930206298828e-01
4.703849554061889648e-01
4.387342631816864014e-01
5.273753404617309570e-01
4.938847124576568604e-01
5.199706554412841797e-01
5.281095504760742188e-01
5.305886864662170410e-01
4.297845065593719482e-01
5.133229494094848633e-01
5.028751492500305176e-01
4.967248141765594482e-01
4.849428236484527588e-01
5.103341937065124512e-01
5.095281600952148438e-01
4.548655152320861816e-01
5.239514112472534180e-01
4.627384543418884277e-01
4.578434526920318604e-01
5.273929834365844727e-01
5.285205841064453125e-01
5.184819102287292480e-01
4.804475307464599609e-01
4.159141778945922852e-01
5.238055586814880371e-01
4.987042248249053955e-01
5.095793008804321289e-01
5.408453941345214844e-01
5.111482739448547363e-01
5.020598769187927246e-01
4.610272645950317383e-01
4.933321475982666016e-01
5.318249464035034180e-01
5.089534521102905273e-01
5.117315053939819336e-01
4.742788374423980713e-01
4.499956369400024414e-01
5.155930519104003906e-01
5.463690757751464844e-01
4.125924110412597656e-01
4.892285466194152832e-01
4.996967911720275879e-01
4.428187906742095947e-01
4.500208497047424316e-01
5.082489252090454102e-01
5.281041264533996582e-01
4.324932992458343506e-01
4.934438169002532959e-01
4.959304928779602051e-01
5.203691124916076660e-01
5.251024961471557617e-01
5.195825099945068359e-01
4.780687391757965088e-01
5.002388954162597656e-01
4.614931046962738037e-01
5.157471895217895508e-01
5.021948814392089844e-01
5.144641399383544922e-01
5.157492160797119141e-01
5.042149424552917480e-01
4.970337748527526855e-01
5.338511466979980469e-01
4.665586054325103760e-01
5.075587630271911621e-01
5.252725481986999512e-01
5.231701135635375977e-01
4.684056937694549561e-01
5.219668149948120117e-01
4.961537122726440430e-01
5.023183822631835938e-01
4.564040005207061768e-01
4.939666092395782471e-01
4.907903969287872314e-01
4.005317091941833496e-01
5.264462232589721680e-01
4.386106133460998535e-01
5.033625960350036621e-01
5.267564058303833008e-01
4.837027490139007568e-01
4.932462275028228760e-01
4.999657273292541504e-01
5.032315254211425781e-01
5.272433161735534668e-01
5.179851055145263672e-01
5.217955708503723145e-01
5.003530979156494141e-01
4.620259702205657959e-01
5.131477713584899902e-01
4.720102548599243164e-01
5.000561475753784180e-01
4.640345573425292969e-01
5.227968692779541016e-01
5.239294171333312988e-01
5.113574266433715820e-01
5.055748224258422852e-01
5.120406746864318848e-01
5.048918128013610840e-01
4.776834249496459961e-01
5.102866888046264648e-01
5.092483758926391602e-01
4.585858285427093506e-01
5.083994269371032715e-01
5.377539396286010742e-01
5.084366798400878906e-01
4.183077514171600342e-01
4.094939529895782471e-01
5.260409116744995117e-01
5.209944248199462891e-01
5.417377352714538574e-01
5.088201761245727539e-01
4.282723367214202881e-01
5.258166193962097168e-01
5.492889285087585449e-01
4.590011537075042725e-01
5.326909422874450684e-01
4.669061005115509033e-01
4.648425281047821045e-01
4.917878210544586182e-01
5.188311338424682617e-01
5.066722631454467773e-01
4.415540695190429688e-01
4.865220785140991211e-01
4.845332503318786621e-01
5.385872721672058105e-01
5.048297047615051270e-01
5.206728577613830566e-01
4.827695190906524658e-01
5.179648399353027344e-01
5.268893241882324219e-01
5.174822211265563965e-01
4.943495094776153564e-01
4.715884625911712646e-01
5.030366182327270508e-01
4.542034864425659180e-01
5.239621996879577637e-01
4.711720049381256104e-01
5.189218521118164062e-01
4.992159307003021240e-01
4.706904292106628418e-01
4.508019685745239258e-01
4.654213786125183105e-01
5.363306999206542969e-01
4.789823889732360840e-01
4.831306934356689453e-01
5.179880261421203613e-01
5.137643814086914062e-01
4.412088990211486816e-01
4.760918021202087402e-01
5.376089215278625488e-01
4.828961789608001709e-01
5.125546455383300781e-01
5.272333621978759766e-01
5.551422238349914551e-01
5.301589965820312500e-01
5.177645087242126465e-01
4.635250866413116455e-01
5.257257223129272461e-01
4.470989406108856201e-01
4.195170700550079346e-01
5.115402340888977051e-01
5.118992924690246582e-01
4.099512994289398193e-01
4.330897331237792969e-01
4.203759133815765381e-01
5.002477765083312988e-01
5.170076489448547363e-01
4.536301791667938232e-01
4.087802767753601074e-01
5.230501890182495117e-01
5.088308453559875488e-01
4.667989611625671387e-01
3.984584510326385498e-01
5.132275223731994629e-01
5.409206748008728027e-01
5.347031950950622559e-01
5.247744917869567871e-01
5.098583102226257324e-01
5.032241344451904297e-01
5.335373282432556152e-01
4.368982911109924316e-01
4.721992313861846924e-01
5.003824234008789062e-01
4.915831089019775391e-01
5.114477872848510742e-01
5.106319785118103027e-01
5.103623270988464355e-01
5.028765201568603516e-01
4.489043951034545898e-01
5.050896406173706055e-01
5.180351138114929199e-01
4.507882297039031982e-01
4.867631793022155762e-01
4.685844779014587402e-01
4.473351240158081055e-01
5.086052417755126953e-01
4.503650665283203125e-01
5.270687937736511230e-01
5.539780855178833008e-01
5.049006342887878418e-01
5.211883783340454102e-01
4.646956026554107666e-01
5.033587217330932617e-01
4.953837096691131592e-01
4.771998226642608643e-01
5.222654342651367188e-01
4.659196138381958008e-01
5.525898933410644531e-01
5.141001343727111816e-01
5.302848219871520996e-01
4.967153370380401611e-01
4.771897196769714355e-01
4.679626822471618652e-01
4.877180457115173340e-01
4.937736392021179199e-01
4.581477344036102295e-01
4.677532315254211426e-01
5.251185297966003418e-01
4.905392527580261230e-01
5.240429639816284180e-01
4.946873784065246582e-01
5.365490913391113281e-01
5.045010447502136230e-01
4.570972323417663574e-01
5.130634903907775879e-01
4.234114885330200195e-01
4.971071779727935791e-01
5.538955330848693848e-01
5.274997949600219727e-01
5.036843419075012207e-01
4.839022457599639893e-01
4.147799015045166016e-01
5.003253817558288574e-01
4.684740006923675537e-01
5.210591554641723633e-01
4.730003476142883301e-01
5.237857103347778320e-01
5.235339999198913574e-01
4.686537683010101318e-01
5.021769404411315918e-01
4.721994400024414062e-01
5.102983117103576660e-01
3.761182725429534912e-01
4.859406054019927979e-01
4.838704168796539307e-01
4.046578109264373779e-01
5.048897862434387207e-01
4.193910956382751465e-01
5.346641540527343750e-01
5.283989906311035156e-01
5.086199641227722168e-01
5.041536688804626465e-01
5.343143939971923828e-01
5.311827659606933594e-01
5.072987675666809082e-01
5.086645483970642090e-01
5.003622770309448242e-01
5.120570659637451172e-01
4.881973862648010254e-01
5.403017401695251465e-01
4.998019635677337646e-01
5.186971426010131836e-01
5.310614705085754395e-01
4.814272522926330566e-01
4.747600853443145752e-01
4.875077307224273682e-01
5.253456234931945801e-01
4.837445318698883057e-01
5.013598799705505371e-01
5.336514711380004883e-01
5.488756895065307617e-01
5.254163146018981934e-01
4.050605595111846924e-01
5.169027447700500488e-01
5.043371915817260742e-01
4.516627788543701172e-01
4.821526110172271729e-01
4.831678867340087891e-01
5.288205146789550781e-01
4.830826222896575928e-01
4.796359241008758545e-01
4.536813795566558838e-01
4.612338840961456299e-01
4.643234312534332275e-01
5.058776736259460449e-01
5.424384474754333496e-01
4.808668196201324463e-01
4.665247797966003418e-01
5.158973336219787598e-01
4.240156114101409912e-01
3.993380665779113770e-01
5.176619291305541992e-01
5.030487179756164551e-01
5.069922804832458496e-01
5.102452039718627930e-01
5.305923223495483398e-01
5.186946392059326172e-01
5.363240242004394531e-01
4.879158139228820801e-01
5.577650666236877441e-01
4.189788997173309326e-01
5.237154364585876465e-01
5.065207481384277344e-01
4.391871988773345947e-01
5.290579795837402344e-01
5.273562073707580566e-01
4.080019295215606689e-01
5.058472752571105957e-01
4.734976291656494141e-01
5.066829323768615723e-01
4.923631846904754639e-01
4.916282594203948975e-01
4.784874320030212402e-01
4.284990727901458740e-01
5.104506611824035645e-01
5.077918767929077148e-01
5.299376249313354492e-01
4.873211681842803955e-01
4.243982732295989990e-01
5.426910519599914551e-01
5.202176570892333984e-01
5.298812389373779297e-01
5.210155844688415527e-01
5.272187590599060059e-01
5.387259125709533691e-01
4.963935911655426025e-01
5.230498313903808594e-01
5.224562287330627441e-01
5.188542604446411133e-01
4.411018192768096924e-01
4.830106496810913086e-01
4.788376986980438232e-01
4.867409169673919678e-01
5.052554011344909668e-01
4.325290322303771973e-01
5.282336473464965820e-01
5.040422677993774414e-01
4.435378313064575195e-01
4.720010161399841309e-01
5.095258951187133789e-01
5.093481540679931641e-01
5.124973654747009277e-01
4.954065382480621338e-01
4.562732875347137451e-01
4.764531850814819336e-01
5.200273394584655762e-01
4.690666496753692627e-01
4.501301348209381104e-01
5.097964406013488770e-01
4.451183676719665527e-01
5.166196823120117188e-01
3.908048868179321289e-01
5.201355218887329102e-01
5.332328677177429199e-01
5.135842561721801758e-01
4.879806041717529297e-01
4.969022870063781738e-01
5.112645626068115234e-01
4.921263158321380615e-01
4.445641040802001953e-01
5.265243649482727051e-01
4.749928414821624756e-01
5.167594552040100098e-01
4.882388114929199219e-01
4.067298471927642822e-01
5.125190615653991699e-01
4.012278318405151367e-01
5.122572183609008789e-01
4.987109899520874023e-01
4.743216633796691895e-01
5.107683539390563965e-01
5.058647990226745605e-01
5.130918622016906738e-01
4.630071520805358887e-01
4.793958067893981934e-01
5.321817994117736816e-01
5.135181546211242676e-01
4.726127982139587402e-01
5.001451969146728516e-01
5.120019912719726562e-01
4.926819503307342529e-01
5.291025638580322266e-01
4.680333137512207031e-01
4.963935911655426025e-01
4.705469906330108643e-01
5.226984620094299316e-01
5.410585403442382812e-01
5.144054293632507324e-01
3.894442915916442871e-01
4.973435401916503906e-01
4.621563851833343506e-01
5.141453146934509277e-01
4.911152422428131104e-01
4.462240040302276611e-01
4.500277042388916016e-01
4.666464328765869141e-01
5.239323973655700684e-01
5.133207440376281738e-01
5.020524859428405762e-01
4.980036318302154541e-01
5.296897292137145996e-01
5.101545453071594238e-01
4.993751645088195801e-01
5.321567058563232422e-01
3.810841441154479980e-01
4.632095396518707275e-01
4.683206975460052490e-01
5.128844380378723145e-01
5.447951555252075195e-01
4.537808895111083984e-01
5.298139452934265137e-01
4.966347515583038330e-01
4.425768256187438965e-01
5.030822157859802246e-01
5.084987282752990723e-01
5.632334351539611816e-01
5.257966518402099609e-01
5.438302755355834961e-01
5.290790200233459473e-01
5.569057464599609375e-01
4.844847321510314941e-01
3.841607570648193359e-01
5.278229117393493652e-01
5.402239561080932617e-01
5.009840130805969238e-01
5.128664970397949219e-01
4.929681420326232910e-01
5.158236026763916016e-01
3.818810284137725830e-01
4.480859339237213135e-01
5.072028040885925293e-01
5.211291313171386719e-01
5.242075324058532715e-01
5.211730599403381348e-01
4.411031305789947510e-01
4.859840273857116699e-01
3.867948055267333984e-01
5.241109728813171387e-01
5.286294221878051758e-01
4.750099778175354004e-01
5.191785097122192383e-01
5.054548382759094238e-01
4.998239874839782715e-01
5.319308042526245117e-01
5.136017799377441406e-01
5.073733925819396973e-01
5.095913410186767578e-01
5.193934440612792969e-01
4.699471890926361084e-01
4.929701685905456543e-01
4.798646569252014160e-01
5.278597474098205566e-01
4.682001471519470215e-01
5.331483483314514160e-01
5.058651566505432129e-01
5.121718645095825195e-01
4.527202248573303223e-01
4.836494326591491699e-01
5.220993757247924805e-01
5.027258992195129395e-01
5.100772976875305176e-01
4.612501561641693115e-01
5.269996523857116699e-01
4.572677016258239746e-01
4.790084064006805420e-01
3.745017051696777344e-01
5.185704827308654785e-01
4.762843251228332520e-01
4.530925452709197998e-01
5.024244785308837891e-01
4.340236783027648926e-01
5.151137113571166992e-01
5.173038244247436523e-01
5.187978148460388184e-01
5.363047719001770020e-01
4.685153067111968994e-01
4.717921614646911621e-01
4.758637547492980957e-01
4.799428880214691162e-01
5.299182534217834473e-01
4.602447748184204102e-01
4.443613886833190918e-01
5.420050024986267090e-01
5.150812268257141113e-01
5.277557969093322754e-01
4.637618064880371094e-01
5.336638689041137695e-01
5.025985836982727051e-01
5.075704455375671387e-01
4.607808887958526611e-01
5.518530607223510742e-01
4.208941757678985596e-01
5.151115059852600098e-01
4.717674255371093750e-01
4.707583189010620117e-01
5.163222551345825195e-01
4.774754643440246582e-01
4.598344564437866211e-01
4.309020340442657471e-01
5.191407203674316406e-01
5.053415894508361816e-01
5.181164145469665527e-01
5.122709274291992188e-01
5.334013104438781738e-01
3.525759279727935791e-01
5.206514000892639160e-01
5.023247599601745605e-01
5.260038375854492188e-01
5.082038044929504395e-01
5.074977278709411621e-01
4.393907785415649414e-01
4.993506073951721191e-01
5.325312614440917969e-01
4.800166189670562744e-01
4.829496741294860840e-01
4.355697929859161377e-01
5.387862920761108398e-01
5.175784826278686523e-01
4.583198428153991699e-01
4.117935299873352051e-01
4.951647520065307617e-01
4.981456398963928223e-01
4.999693632125854492e-01
4.958995580673217773e-01
4.848496019840240479e-01
4.901792407035827637e-01
5.068510770797729492e-01
5.263618230819702148e-01
5.199648737907409668e-01
5.192114114761352539e-01
4.781547784805297852e-01
5.440798401832580566e-01
5.262017250061035156e-01
5.041329264640808105e-01
4.582572579383850098e-01
4.063221216201782227e-01
3.926092684268951416e-01
4.991435706615447998e-01
5.349163413047790527e-01
5.280055999755859375e-01
4.718956649303436279e-01
5.015528202056884766e-01
5.302639603614807129e-01
5.244829654693603516e-01
5.549970865249633789e-01
5.077011585235595703e-01
3.618940412998199463e-01
5.356690287590026855e-01
4.468223154544830322e-01
5.100901126861572266e-01
5.150297284126281738e-01
4.777205884456634521e-01
4.798623919486999512e-01
5.181886553764343262e-01
5.111318826675415039e-01
5.085214376449584961e-01
5.091068148612976074e-01
4.498836100101470947e-01
3.723593056201934814e-01
5.071179270744323730e-01
4.896872043609619141e-01
4.850948154926300049e-01
5.261777639389038086e-01
4.444729983806610107e-01
4.932128190994262695e-01
4.991089403629302979e-01
5.243510007858276367e-01
5.238055586814880371e-01
4.367262423038482666e-01
5.169691443443298340e-01
4.012328088283538818e-01
5.311558246612548828e-01
5.451786518096923828e-01
5.493519902229309082e-01
4.761889874935150146e-01
5.161700844764709473e-01
3.980482816696166992e-01
5.325321555137634277e-01
4.320435523986816406e-01
5.120388865470886230e-01
5.240675806999206543e-01
4.563295841217041016e-01
5.298819541931152344e-01
5.304761528968811035e-01
4.870585799217224121e-01
5.489059686660766602e-01
4.605759382247924805e-01
5.189605951309204102e-01
5.184881687164306641e-01
5.122072696685791016e-01
4.961600005626678467e-01
5.251069068908691406e-01
4.812512099742889404e-01
5.496073961257934570e-01
5.072970986366271973e-01
5.375059843063354492e-01
4.953404366970062256e-01
4.772178530693054199e-01
4.767259061336517334e-01
4.432601034641265869e-01
4.770231246948242188e-01
4.881067276000976562e-01
5.081779956817626953e-01
5.004079937934875488e-01
5.195812582969665527e-01
4.771671593189239502e-01
5.217130184173583984e-01
5.166678428649902344e-01
5.093864798545837402e-01
5.413656234741210938e-01
4.835618138313293457e-01
4.999443888664245605e-01
4.941693544387817383e-01
4.721469879150390625e-01
4.392006993293762207e-01
5.110064148902893066e-01
5.150241851806640625e-01
3.388111293315887451e-01
4.550076425075531006e-01
5.328495502471923828e-01
5.165204405784606934e-01
5.422654747962951660e-01
4.562626481056213379e-01
5.006753206253051758e-01
5.175923705101013184e-01
5.175784826278686523e-01
4.908656775951385498e-01
3.985979855060577393e-01
4.869366586208343506e-01
5.186385512351989746e-01
5.334284305572509766e-01
5.055965781211853027e-01
4.818883240222930908e-01
5.192125439643859863e-01
5.500935912132263184e-01
4.820914268493652344e-01
4.669684469699859619e-01
4.608026444911956787e-01
5.298432707786560059e-01
5.052570700645446777e-01
5.234497785568237305e-01
4.582034945487976074e-01
4.300586879253387451e-01
5.131228566169738770e-01
5.237857103347778320e-01
4.987117052078247070e-01
5.000157356262207031e-01
5.308395028114318848e-01
5.166469812393188477e-01
4.808310866355895996e-01
5.046309232711791992e-01
5.069151520729064941e-01
5.371109247207641602e-01
4.983619749546051025e-01
4.888919889926910400e-01
4.509725868701934814e-01
4.901166260242462158e-01
5.426189303398132324e-01
5.162222385406494141e-01
5.015612840652465820e-01
4.574000835418701172e-01
4.515983760356903076e-01
5.108623504638671875e-01
5.226538777351379395e-01
5.024118423461914062e-01
4.360140264034271240e-01
4.688015878200531006e-01
4.036683738231658936e-01
5.364415049552917480e-01
4.688599705696105957e-01
4.732602536678314209e-01
4.890961945056915283e-01
4.532636404037475586e-01
5.113121271133422852e-01
4.885102510452270508e-01
5.135842561721801758e-01
4.453442096710205078e-01
5.001808404922485352e-01
5.135822892189025879e-01
4.862881004810333252e-01
5.164144635200500488e-01
5.108712911605834961e-01
5.169138908386230469e-01
5.351161956787109375e-01
4.462127089500427246e-01
4.698387384414672852e-01
4.648959338665008545e-01
4.410353899002075195e-01
4.494178891181945801e-01
5.350113511085510254e-01
5.075380802154541016e-01
4.694252312183380127e-01
5.207951664924621582e-01
4.821154475212097168e-01
4.982563555240631104e-01
5.091432332992553711e-01
5.104628801345825195e-01
4.886602759361267090e-01
4.807015955448150635e-01
5.183272361755371094e-01
4.182638525962829590e-01
5.235635042190551758e-01
4.960503876209259033e-01
4.447883963584899902e-01
4.987583160400390625e-01
3.953132927417755127e-01
5.282123088836669922e-01
3.731380999088287354e-01
3.748241066932678223e-01
4.660575985908508301e-01
5.070112347602844238e-01
5.181670188903808594e-01
4.774311184883117676e-01
5.160268545150756836e-01
5.137121677398681641e-01
5.339359045028686523e-01
4.566960632801055908e-01
5.007786750793457031e-01
4.913733601570129395e-01
5.341936349868774414e-01
4.174165427684783936e-01
4.803059101104736328e-01
4.934046864509582520e-01
5.117168426513671875e-01
4.470513761043548584e-01
5.135380029678344727e-01
4.692085981369018555e-01
5.112339854240417480e-01
4.914862811565399170e-01
5.050574541091918945e-01
4.817565977573394775e-01
4.123193025588989258e-01
5.227594375610351562e-01
5.134459733963012695e-01
5.152457356452941895e-01
4.974793493747711182e-01
4.393618702888488770e-01
5.058007240295410156e-01
3.783863782882690430e-01
4.775342941284179688e-01
5.129184722900390625e-01
5.770850181579589844e-01
4.940420687198638916e-01
4.558180272579193115e-01
3.681412637233734131e-01
5.214664936065673828e-01
5.069088935852050781e-01
4.759964942932128906e-01
5.396875739097595215e-01
3.847243487834930420e-01
4.208460450172424316e-01
5.208708047866821289e-01
4.135874807834625244e-01
5.021880865097045898e-01
5.095462203025817871e-01
5.039099454879760742e-01
4.868544340133666992e-01
5.368734598159790039e-01
4.028505980968475342e-01
5.245734453201293945e-01
5.093637108802795410e-01
5.336466431617736816e-01
4.701694846153259277e-01
4.511917829513549805e-01
5.000071525573730469e-01
5.236249566078186035e-01
4.833001494407653809e-01
5.175706744194030762e-01
5.001391172409057617e-01
4.857643246650695801e-01
5.127780437469482422e-01
5.012161731719970703e-01
5.487883687019348145e-01
5.189637541770935059e-01
5.103390216827392578e-01
5.196595788002014160e-01
4.937762022018432617e-01
4.956678748130798340e-01
4.932355582714080811e-01
5.022483468055725098e-01
4.092659950256347656e-01
5.007758736610412598e-01
5.033078193664550781e-01
4.580968916416168213e-01
5.283542275428771973e-01
5.079079866409301758e-01
4.526196420192718506e-01
5.152513980865478516e-01
5.088703036308288574e-01
3.962054550647735596e-01
5.217436552047729492e-01
3.795371651649475098e-01
4.317608773708343506e-01
4.739122986793518066e-01
5.214929580688476562e-01
5.251170396804809570e-01
4.446079134941101074e-01
5.343562960624694824e-01
4.839633405208587646e-01
4.841201901435852051e-01
5.220837593078613281e-01
5.223166942596435547e-01
4.763133525848388672e-01
5.107106566429138184e-01
5.217751264572143555e-01
3.708081841468811035e-01
5.221467018127441406e-01
5.513625741004943848e-01
5.461785197257995605e-01
5.023115873336791992e-01
5.165024399757385254e-01
4.744913280010223389e-01
4.562773406505584717e-01
4.965995848178863525e-01
5.232000350952148438e-01
5.325405001640319824e-01
5.119745135307312012e-01
4.298742711544036865e-01
5.106897354125976562e-01
5.362783670425415039e-01
5.171666741371154785e-01
5.181356668472290039e-01
4.724607169628143311e-01
5.057622194290161133e-01
4.785306453704833984e-01
4.981991052627563477e-01
4.767711460590362549e-01
4.596587121486663818e-01
5.062321424484252930e-01
5.334863662719726562e-01
4.998123049736022949e-01
5.078639388084411621e-01
5.001157522201538086e-01
5.149196386337280273e-01
5.854963660240173340e-01
5.278871059417724609e-01
5.064419507980346680e-01
5.380935072898864746e-01
5.144038200378417969e-01
3.648477792739868164e-01
5.159595608711242676e-01
4.812932908535003662e-01
5.262359976768493652e-01
5.229667425155639648e-01
5.171148180961608887e-01
4.440223574638366699e-01
4.440882205963134766e-01
5.136125683784484863e-01
4.133496284484863281e-01
4.642501771450042725e-01
5.569176077842712402e-01
4.906163811683654785e-01
4.836100041866302490e-01
5.127939581871032715e-01
4.386993944644927979e-01
5.083431601524353027e-01
4.954062402248382568e-01
5.068370699882507324e-01
5.315809249877929688e-01
4.548955559730529785e-01
5.066568255424499512e-01
5.120067596435546875e-01
4.337662756443023682e-01
5.285958647727966309e-01
3.826111555099487305e-01
4.908728599548339844e-01
5.055218935012817383e-01
4.874110817909240723e-01
4.064279496669769287e-01
4.970445036888122559e-01
5.078723430633544922e-01
4.735256433486938477e-01
5.072889924049377441e-01
5.195812582969665527e-01
4.548884034156799316e-01
4.322218298912048340e-01
5.114001631736755371e-01
5.058157444000244141e-01
4.591889977455139160e-01
4.937487840652465820e-01
5.123375654220581055e-01
4.770930707454681396e-01
5.059485435485839844e-01
5.096067786216735840e-01
5.068073868751525879e-01
5.176857113838195801e-01
5.255378484725952148e-01
5.280616879463195801e-01
5.227699279785156250e-01
4.677667021751403809e-01
4.905923902988433838e-01
4.516589641571044922e-01
5.173584818840026855e-01
5.106443762779235840e-01
4.749373793601989746e-01
3.837144970893859863e-01
5.351882576942443848e-01
4.830985963344573975e-01
5.234679579734802246e-01
4.987120628356933594e-01
4.851533472537994385e-01
4.822074472904205322e-01
5.212198495864868164e-01
5.036452412605285645e-01
5.280222296714782715e-01
4.673663973808288574e-01
5.178857445716857910e-01
5.556408166885375977e-01
5.130047798156738281e-01
4.323153495788574219e-01
5.179400444030761719e-01
5.263633728027343750e-01
5.103508830070495605e-01
5.208111405372619629e-01
4.296712279319763184e-01
4.963935911655426025e-01
5.104953646659851074e-01
4.809505045413970947e-01
5.177885293960571289e-01
5.062596797943115234e-01
4.473590254783630371e-01
5.689561963081359863e-01
5.165043473243713379e-01
5.086398720741271973e-01
5.168869495391845703e-01
4.979187250137329102e-01
5.225443840026855469e-01
4.898195266723632812e-01
5.287970900535583496e-01
5.027886033058166504e-01
4.539915919303894043e-01
4.684030711650848389e-01
4.905880391597747803e-01
4.906900823116302490e-01
5.181905627250671387e-01
5.060199499130249023e-01
5.204117894172668457e-01
5.082799196243286133e-01
5.455640554428100586e-01
5.024261474609375000e-01
5.147263407707214355e-01
5.161851048469543457e-01
4.556168615818023682e-01
5.076317191123962402e-01
4.906458854675292969e-01
4.838491678237915039e-01
4.954381287097930908e-01
5.180205106735229492e-01
4.733843207359313965e-01
5.082870125770568848e-01
5.132175087928771973e-01
4.951109886169433594e-01
4.824357330799102783e-01
5.116511583328247070e-01
5.551825165748596191e-01
5.098454356193542480e-01
5.030282139778137207e-01
4.426775574684143066e-01
5.005322694778442383e-01
4.593795239925384521e-01
5.116513967514038086e-01
4.818095564842224121e-01
4.216398894786834717e-01
5.002108812332153320e-01
5.184593796730041504e-01
4.066703319549560547e-01
5.251033306121826172e-01
5.041099786758422852e-01
4.866483211517333984e-01
4.588720202445983887e-01
4.885836541652679443e-01
5.109968781471252441e-01
5.493889451026916504e-01
4.621184468269348145e-01
5.261003375053405762e-01
5.023359060287475586e-01
5.255137085914611816e-01
4.715092182159423828e-01
5.230211615562438965e-01
4.797482788562774658e-01
5.213745832443237305e-01
5.249610543251037598e-01
4.616360366344451904e-01
4.775120615959167480e-01
5.296454429626464844e-01
4.544349908828735352e-01
4.614018201828002930e-01
5.060257911682128906e-01
5.128362774848937988e-01
4.952062070369720459e-01
5.106803178787231445e-01
4.967222809791564941e-01
5.032285451889038086e-01
4.733053147792816162e-01
5.214727520942687988e-01
4.719389975070953369e-01
4.865986108779907227e-01
5.208708047866821289e-01
5.159947276115417480e-01
5.181801319122314453e-01
4.965890645980834961e-01
5.141526460647583008e-01
5.126977562904357910e-01
4.872310459613800049e-01
5.229145884513854980e-01
4.654916226863861084e-01
4.668971598148345947e-01
5.160779953002929688e-01
4.823639988899230957e-01
5.383865833282470703e-01
5.165125727653503418e-01
5.273922085762023926e-01
5.160031318664550781e-01
4.952726364135742188e-01
4.971887171268463135e-01
4.744989573955535889e-01
5.242912173271179199e-01
4.972151219844818115e-01
5.122858285903930664e-01
5.845533013343811035e-01
4.929378926753997803e-01
5.219669342041015625e-01
5.428304076194763184e-01
4.903312623500823975e-01
5.194124579429626465e-01
5.138846039772033691e-01
5.060536861419677734e-01
5.274149179458618164e-01
5.122987031936645508e-01
5.063893795013427734e-01
4.916824996471405029e-01
5.135219097137451172e-01
5.205969810485839844e-01
5.066967010498046875e-01
4.933457374572753906e-01
5.443839430809020996e-01
4.505906701087951660e-01
5.408188700675964355e-01
5.513625741004943848e-01
5.034626722335815430e-01
4.979295432567596436e-01
5.013805031776428223e-01
5.462423563003540039e-01
5.314049720764160156e-01
4.542598724365234375e-01
4.272846579551696777e-01
4.755585789680480957e-01
5.295884013175964355e-01
4.601672589778900146e-01
5.195801854133605957e-01
5.086014866828918457e-01
4.093147218227386475e-01
4.580535590648651123e-01
5.233863592147827148e-01
4.890407621860504150e-01
4.997226297855377197e-01
5.080006718635559082e-01
5.490233302116394043e-01
4.979641139507293701e-01
4.612044990062713623e-01
4.967282712459564209e-01
5.434508323669433594e-01
5.249829292297363281e-01
4.895512759685516357e-01
4.968867003917694092e-01
4.665425121784210205e-01
5.188253521919250488e-01
5.199756622314453125e-01
5.146211385726928711e-01
5.233629941940307617e-01
4.721191823482513428e-01
5.111936330795288086e-01
5.122792720794677734e-01
4.958958625793457031e-01
4.976820945739746094e-01
4.134298861026763916e-01
5.136230587959289551e-01
4.647016227245330811e-01
5.052223205566406250e-01
4.346649646759033203e-01
4.643869102001190186e-01
5.104898214340209961e-01
5.218403339385986328e-01
5.208909511566162109e-01
4.884735047817230225e-01
4.564331769943237305e-01
4.935145378112792969e-01
5.264915227890014648e-01
4.910038411617279053e-01
4.690506160259246826e-01
5.230681300163269043e-01
4.745146334171295166e-01
5.464431643486022949e-01
5.212119221687316895e-01
4.966155886650085449e-01
5.234963297843933105e-01
3.611290454864501953e-01
4.282104372978210449e-01
5.224595069885253906e-01
5.113602876663208008e-01
5.124032497406005859e-01
5.151006579399108887e-01
4.746353328227996826e-01
4.402900338172912598e-01
4.945309460163116455e-01
5.268222689628601074e-01
5.663564801216125488e-01
4.588064551353454590e-01
5.074146389961242676e-01
4.776988625526428223e-01
5.245906114578247070e-01
5.288043022155761719e-01
4.960915744304656982e-01
4.587865769863128662e-01
4.796878397464752197e-01
5.138505101203918457e-01
4.661179780960083008e-01
4.206022024154663086e-01
4.909797608852386475e-01
4.926769733428955078e-01
4.604789316654205322e-01
5.109640955924987793e-01
5.343585014343261719e-01
4.880252778530120850e-01
4.989301860332489014e-01
4.704247117042541504e-01
4.842278361320495605e-01
4.769571423530578613e-01
4.980994164943695068e-01
4.250710904598236084e-01
4.860868155956268311e-01
5.354835391044616699e-01
4.347320199012756348e-01
5.157009363174438477e-01
4.952973723411560059e-01
5.041862130165100098e-01
3.909005224704742432e-01
4.495170116424560547e-01
4.888816177845001221e-01
5.247691273689270020e-01
5.212728977203369141e-01
4.972853362560272217e-01
4.883850514888763428e-01
5.157030224800109863e-01
4.392374157905578613e-01
5.333361029624938965e-01
5.071662664413452148e-01
5.134060382843017578e-01
4.638995230197906494e-01
5.116105079650878906e-01
4.577578604221343994e-01
5.033506751060485840e-01
4.811584055423736572e-01
5.125011801719665527e-01
5.130627155303955078e-01
4.920186996459960938e-01
4.962919354438781738e-01
4.798739254474639893e-01
4.980198144912719727e-01
5.171274542808532715e-01
5.225658416748046875e-01
5.076090693473815918e-01
5.491638779640197754e-01
4.849129021167755127e-01
5.472595691680908203e-01
4.821698665618896484e-01
4.826623499393463135e-01
4.755893051624298096e-01
4.484165310859680176e-01
5.279131531715393066e-01
5.246998071670532227e-01
4.841082394123077393e-01
5.197840332984924316e-01
5.047398805618286133e-01
4.427790343761444092e-01
5.036328434944152832e-01
4.418499171733856201e-01
4.767133295536041260e-01
4.671308100223541260e-01
5.010262131690979004e-01
4.357485771179199219e-01
5.105801820755004883e-01
5.280585289001464844e-01
4.939736425876617432e-01
5.525281429290771484e-01
5.022828578948974609e-01
5.315055847167968750e-01
4.384518563747406006e-01
5.044837594032287598e-01
5.470526814460754395e-01
4.802792966365814209e-01
5.263465046882629395e-01
4.620377719402313232e-01
5.164151191711425781e-01
5.167171955108642578e-01
5.603706240653991699e-01
4.107883870601654053e-01
4.592804312705993652e-01
5.286213159561157227e-01
5.088120698928833008e-01
5.151046514511108398e-01
4.656971395015716553e-01
4.961183369159698486e-01
5.110148191452026367e-01
4.039933979511260986e-01
5.138790011405944824e-01
5.421264767646789551e-01
4.611575901508331299e-01
4.963361918926239014e-01
5.107005834579467773e-01
4.768444895744323730e-01
4.639753699302673340e-01
5.313387513160705566e-01
5.132932066917419434e-01
4.665164053440093994e-01
4.489183127880096436e-01
4.063424468040466309e-01
5.329456925392150879e-01
5.328540205955505371e-01
4.939236044883728027e-01
5.238382816314697266e-01
4.329413771629333496e-01
5.163500905036926270e-01
5.111898183822631836e-01
4.133409857749938965e-01
5.077307224273681641e-01
4.856706857681274414e-01
3.912319242954254150e-01
4.374000132083892822e-01
5.225272774696350098e-01
3.491826057434082031e-01
5.055558085441589355e-01
5.407181382179260254e-01
4.754105210304260254e-01
4.757908880710601807e-01
4.712000787258148193e-01
4.749179184436798096e-01
4.823711514472961426e-01
5.290474295616149902e-01
5.101171135902404785e-01
5.235251188278198242e-01
4.100694656372070312e-01
5.112267136573791504e-01
4.887406826019287109e-01
5.042200088500976562e-01
4.422151744365692139e-01
5.144795775413513184e-01
3.687451183795928955e-01
5.129260420799255371e-01
5.206298232078552246e-01
4.801050126552581787e-01
4.632996320724487305e-01
5.753237605094909668e-01
4.994408190250396729e-01
5.167568325996398926e-01
5.369079709053039551e-01
4.962336719036102295e-01
5.012008547782897949e-01
4.474207758903503418e-01
4.177828729152679443e-01
5.109221339225769043e-01
5.068296790122985840e-01
5.177381038665771484e-01
4.559000432491302490e-01
5.249531269073486328e-01
5.131785869598388672e-01
5.137396454811096191e-01
5.286916494369506836e-01
5.285558104515075684e-01
4.897164702415466309e-01
5.777051448822021484e-01
5.333409309387207031e-01
5.066254138946533203e-01
5.129235982894897461e-01
4.932391047477722168e-01
5.167803168296813965e-01
5.163325667381286621e-01
5.001875162124633789e-01
4.907894730567932129e-01
5.225427150726318359e-01
4.532204270362854004e-01
5.395376086235046387e-01
4.129089117050170898e-01
4.971846640110015869e-01
5.445661544799804688e-01
4.530386030673980713e-01
4.975977241992950439e-01
4.743419289588928223e-01
5.101209282875061035e-01
5.041261911392211914e-01
5.232202410697937012e-01
5.157018303871154785e-01
5.194689631462097168e-01
3.907163143157958984e-01
4.399077594280242920e-01
5.031828284263610840e-01
5.273875594139099121e-01
4.816346764564514160e-01
5.033060312271118164e-01
5.286528468132019043e-01
5.045652985572814941e-01
5.265687108039855957e-01
5.160807967185974121e-01
5.214630961418151855e-01
4.899345338344573975e-01
5.138338208198547363e-01
5.171334147453308105e-01
5.056621432304382324e-01
4.589934349060058594e-01
5.153320431709289551e-01
5.117003321647644043e-01
3.929682374000549316e-01
5.045604109764099121e-01
4.545652866363525391e-01
5.153335928916931152e-01
5.384241342544555664e-01
3.997564613819122314e-01
4.289573729038238525e-01
4.866563379764556885e-01
4.757788777351379395e-01
4.825862646102905273e-01
4.443743824958801270e-01
4.731353223323822021e-01
4.780640006065368652e-01
5.182631015777587891e-01
4.259901940822601318e-01
5.050133466720581055e-01
4.410053491592407227e-01
4.682947099208831787e-01
5.483575463294982910e-01
4.766461551189422607e-01
5.239089131355285645e-01
4.183553159236907959e-01
4.923733472824096680e-01
4.676930606365203857e-01
4.727832376956939697e-01
4.844840168952941895e-01
4.900791347026824951e-01
5.164121389389038086e-01
5.339884757995605469e-01
5.033775568008422852e-01
5.108341574668884277e-01
5.068576931953430176e-01
5.022203326225280762e-01
5.029640793800354004e-01
4.293883442878723145e-01
5.025162696838378906e-01
4.072908163070678711e-01
5.266333222389221191e-01
5.076820850372314453e-01
5.008625388145446777e-01
5.179120302200317383e-01
5.188027620315551758e-01
5.120391249656677246e-01
5.145196318626403809e-01
3.560678958892822266e-01
4.529652297496795654e-01
5.278476476669311523e-01
4.815092682838439941e-01
5.120513439178466797e-01
4.818032979965209961e-01
4.836019575595855713e-01
5.425962209701538086e-01
5.076858401298522949e-01
4.949566125869750977e-01
4.976950287818908691e-01
3.589500784873962402e-01
5.262017250061035156e-01
5.216928720474243164e-01
4.914766550064086914e-01
5.322765111923217773e-01
4.976283013820648193e-01
4.499142467975616455e-01
4.499239027500152588e-01
5.139750838279724121e-01
4.885268509387969971e-01
5.241795778274536133e-01
5.027201771736145020e-01
5.229781270027160645e-01
4.404310286045074463e-01
4.706729352474212646e-01
4.940730333328247070e-01
5.129289031028747559e-01
4.683681130409240723e-01
4.943948388099670410e-01
5.065471529960632324e-01
5.326032638549804688e-01
5.243973135948181152e-01
5.207777619361877441e-01
4.965634942054748535e-01
4.958995580673217773e-01
5.077905654907226562e-01
4.787727594375610352e-01
4.509605765342712402e-01
5.314363837242126465e-01
4.633094072341918945e-01
4.763560891151428223e-01
5.231062769889831543e-01
4.931383132934570312e-01
3.800610303878784180e-01
5.518217086791992188e-01
4.850723147392272949e-01
4.944278299808502197e-01
5.076484680175781250e-01
4.985828101634979248e-01
5.026448965072631836e-01
4.791942536830902100e-01
5.140674114227294922e-01
5.198774337768554688e-01
4.981473386287689209e-01
5.347764492034912109e-01
5.041326284408569336e-01
5.208869576454162598e-01
5.173819661140441895e-01
4.572196900844573975e-01
4.678724110126495361e-01
4.657756984233856201e-01
5.566161274909973145e-01
5.309544205665588379e-01
5.317587852478027344e-01
4.996758997440338135e-01
5.222292542457580566e-01
4.924577474594116211e-01
5.421746969223022461e-01
4.535242319107055664e-01
4.928407073020935059e-01
4.844956398010253906e-01
5.339636206626892090e-01
5.062093734741210938e-01
4.631286263465881348e-01
5.363537073135375977e-01
4.650825262069702148e-01
4.971130788326263428e-01
4.836520850658416748e-01
5.205105543136596680e-01
5.230563282966613770e-01
5.470017790794372559e-01
5.071056485176086426e-01
5.159053802490234375e-01
5.037552714347839355e-01
5.172583460807800293e-01
5.130137801170349121e-01
4.648390412330627441e-01
5.060616135597229004e-01
5.055491328239440918e-01
4.627606570720672607e-01
4.956004321575164795e-01
4.440154135227203369e-01
5.337879061698913574e-01
4.975258409976959229e-01
4.329461157321929932e-01
4.853902757167816162e-01
4.959224164485931396e-01
4.502453804016113281e-01
5.230773091316223145e-01
5.284869074821472168e-01
4.950312674045562744e-01
4.015152752399444580e-01
5.114516615867614746e-01
5.154352188110351562e-01
4.463883340358734131e-01
4.405542612075805664e-01
4.809883534908294678e-01
5.297684073448181152e-01
5.048446655273437500e-01
4.991062283515930176e-01
5.158326029777526855e-01
5.133783817291259766e-01
5.128588676452636719e-01
5.128864049911499023e-01
5.244572162628173828e-01
4.924512803554534912e-01
5.111969113349914551e-01
4.971726536750793457e-01
5.093489885330200195e-01
3.525788486003875732e-01
5.211377143859863281e-01
5.190672278404235840e-01
4.687286019325256348e-01
4.856815338134765625e-01
4.095513522624969482e-01
5.041579008102416992e-01
5.059246420860290527e-01
5.128895044326782227e-01
5.165680050849914551e-01
5.134102106094360352e-01
5.094197988510131836e-01
5.401126742362976074e-01
5.189374685287475586e-01
5.042878985404968262e-01
5.080742239952087402e-01
5.578345656394958496e-01
5.114094614982604980e-01
5.161618590354919434e-01
4.706264734268188477e-01
4.892868697643280029e-01
5.011327862739562988e-01
5.365503430366516113e-01
4.872447252273559570e-01
5.238311290740966797e-01
5.087333321571350098e-01
4.447431266307830811e-01
4.991405606269836426e-01
5.283746719360351562e-01
4.986008405685424805e-01
4.892052710056304932e-01
4.085267782211303711e-01
4.912308156490325928e-01
5.315517187118530273e-01
4.889344871044158936e-01
5.166959166526794434e-01
4.548807144165039062e-01
4.686382710933685303e-01
5.028101205825805664e-01
5.063526630401611328e-01
4.135431945323944092e-01
4.963935911655426025e-01
5.106000304222106934e-01
4.316583275794982910e-01
4.781788289546966553e-01
5.012340545654296875e-01
5.263543725013732910e-01
4.388585388660430908e-01
5.373405814170837402e-01
5.187816619873046875e-01
4.767336845397949219e-01
5.028105378150939941e-01
5.357630252838134766e-01
4.193430840969085693e-01
4.949771761894226074e-01
5.316983461380004883e-01
5.180202722549438477e-01
5.381401777267456055e-01
5.236116051673889160e-01
4.707445800304412842e-01
5.086978077888488770e-01
5.276232957839965820e-01
5.113788247108459473e-01
5.313833355903625488e-01
5.150169134140014648e-01
5.167273283004760742e-01
5.089409947395324707e-01
4.460415542125701904e-01
4.911733269691467285e-01
4.026883840560913086e-01
4.723824858665466309e-01
5.003992915153503418e-01
5.222418308258056641e-01
5.254048705101013184e-01
4.062127768993377686e-01
5.062112808227539062e-01
4.616992473602294922e-01
4.520636498928070068e-01
4.907951653003692627e-01
5.303521752357482910e-01
3.899082541465759277e-01
5.141534805297851562e-01
5.372277498245239258e-01
4.616524279117584229e-01
5.070575475692749023e-01
5.280645489692687988e-01
4.646527767181396484e-01
4.604602754116058350e-01
5.105039477348327637e-01
4.584002494812011719e-01
5.215013027191162109e-01
4.819669723510742188e-01
5.157960653305053711e-01
4.764633476734161377e-01
5.575264096260070801e-01
4.695257842540740967e-01
4.948143959045410156e-01
5.312128663063049316e-01
5.040307044982910156e-01
5.167692303657531738e-01
5.114248394966125488e-01
3.981930613517761230e-01
4.856604039669036865e-01
4.931857883930206299e-01
4.478405117988586426e-01
5.680938363075256348e-01
4.918707609176635742e-01
5.189169645309448242e-01
5.334405899047851562e-01
4.593743681907653809e-01
4.887501895427703857e-01
4.521974027156829834e-01
4.658387601375579834e-01
4.737575948238372803e-01
4.900463223457336426e-01
4.994346797466278076e-01
5.015681982040405273e-01
5.182105302810668945e-01
4.665100872516632080e-01
4.700358808040618896e-01
4.812297224998474121e-01
5.520832538604736328e-01
5.353526473045349121e-01
5.178421735763549805e-01
5.149101614952087402e-01
5.148649215698242188e-01
4.890105426311492920e-01
5.118148922920227051e-01
4.893213510513305664e-01
5.287559032440185547e-01
4.794366955757141113e-01
5.042676329612731934e-01
4.961002171039581299e-01
5.347039699554443359e-01
4.918133914470672607e-01
5.322845578193664551e-01
5.016134381294250488e-01
5.238951444625854492e-01
4.768940210342407227e-01
5.186196565628051758e-01
4.734906256198883057e-01
4.706946909427642822e-01
5.257745981216430664e-01
5.200958251953125000e-01
5.026243329048156738e-01
4.869975149631500244e-01
4.579027593135833740e-01
3.824360668659210205e-01
4.500949084758758545e-01
4.386622607707977295e-01
5.333943367004394531e-01
4.670811891555786133e-01
4.397778213024139404e-01
4.760702848434448242e-01
3.730993568897247314e-01
4.447461366653442383e-01
5.164834260940551758e-01
4.298994839191436768e-01
5.257330536842346191e-01
5.069605112075805664e-01
5.399894118309020996e-01
5.089634656906127930e-01
4.961484372615814209e-01
5.311772823333740234e-01
5.070821046829223633e-01
5.156388878822326660e-01
4.679881334304809570e-01
4.739876687526702881e-01
5.424221158027648926e-01
4.630678296089172363e-01
5.052570700645446777e-01
5.041318535804748535e-01
4.950504302978515625e-01
5.142529606819152832e-01
4.577262401580810547e-01
4.864566326141357422e-01
5.212187170982360840e-01
4.909782111644744873e-01
4.677829742431640625e-01
4.882318377494812012e-01
4.776866734027862549e-01
5.045531988143920898e-01
5.512106418609619141e-01
4.477439820766448975e-01
4.792628288269042969e-01
4.663858413696289062e-01
4.913267195224761963e-01
4.896869659423828125e-01
4.830218255519866943e-01
5.216780900955200195e-01
4.826426804065704346e-01
5.161151289939880371e-01
4.815508425235748291e-01
5.482098460197448730e-01
5.261752605438232422e-01
4.298006296157836914e-01
5.162153244018554688e-01
5.026147365570068359e-01
4.499841928482055664e-01
5.000240802764892578e-01
4.054095447063446045e-01
4.963935911655426025e-01
4.835686087608337402e-01
5.058906674385070801e-01
5.252874493598937988e-01
5.169845223426818848e-01
4.364100694656372070e-01
4.587817490100860596e-01
5.205635428428649902e-01
4.426762163639068604e-01
4.977570474147796631e-01
4.856140613555908203e-01
5.280671715736389160e-01
5.009361505508422852e-01
5.381497740745544434e-01
5.184062719345092773e-01
4.954892992973327637e-01
5.113316774368286133e-01
4.466301202774047852e-01
4.706670343875885010e-01
4.986838400363922119e-01
4.732734858989715576e-01
4.531793892383575439e-01
5.131428241729736328e-01
4.684935808181762695e-01
4.984624087810516357e-01
4.659849107265472412e-01
5.379281640052795410e-01
4.751081466674804688e-01
4.392211437225341797e-01
4.601041674613952637e-01
5.349760055541992188e-01
4.603014290332794189e-01
5.497660040855407715e-01
5.078039169311523438e-01
4.219243526458740234e-01
5.333128571510314941e-01
4.743480384349822998e-01
4.754481315612792969e-01
5.019824504852294922e-01
5.357214808464050293e-01
4.786412417888641357e-01
4.813486933708190918e-01
4.922707080841064453e-01
4.563317000865936279e-01
5.066097378730773926e-01
3.659776151180267334e-01
5.297009348869323730e-01
5.032864212989807129e-01
5.164453387260437012e-01
5.210875868797302246e-01
4.624075889587402344e-01
5.067263245582580566e-01
4.963935911655426025e-01
5.079115033149719238e-01
5.193755626678466797e-01
5.174183249473571777e-01
5.377376079559326172e-01
4.998548328876495361e-01
4.565643370151519775e-01
5.065083503723144531e-01
4.349495768547058105e-01
5.050891041755676270e-01
5.037394762039184570e-01
5.161460638046264648e-01
5.062775611877441406e-01
5.162507891654968262e-01
5.001816153526306152e-01
5.231282114982604980e-01
5.233269333839416504e-01
4.383911788463592529e-01
5.208878517150878906e-01
5.183374881744384766e-01
3.797493278980255127e-01
4.455341696739196777e-01
4.324760437011718750e-01
5.078737735748291016e-01
4.943560361862182617e-01
5.325618982315063477e-01
5.285482406616210938e-01
4.136358201503753662e-01
4.947428107261657715e-01
4.092639684677124023e-01
4.696028232574462891e-01
5.006638169288635254e-01
4.438667893409729004e-01
5.189198255538940430e-01
5.328044295310974121e-01
4.872569143772125244e-01
5.066630244255065918e-01
5.315060615539550781e-01
5.031726360321044922e-01
5.517310500144958496e-01
4.154547154903411865e-01
4.920546114444732666e-01
5.241402983665466309e-01
4.976861774921417236e-01
4.399724006652832031e-01
5.331929326057434082e-01
5.308857560157775879e-01
5.231923460960388184e-01
5.307135581970214844e-01
4.976329207420349121e-01
4.618560373783111572e-01
4.051638543605804443e-01
5.472181439399719238e-01
5.094403028488159180e-01
4.957052767276763916e-01
5.248320698738098145e-01
5.216491818428039551e-01
5.198957324028015137e-01
5.289523005485534668e-01
5.165259838104248047e-01
4.993228614330291748e-01
5.128130912780761719e-01
4.296827018260955811e-01
4.822145402431488037e-01
5.546932816505432129e-01
5.167837738990783691e-01
5.028098821640014648e-01
4.909743964672088623e-01
5.316128730773925781e-01
5.245783925056457520e-01
5.079059600830078125e-01
4.508274793624877930e-01
5.265440344810485840e-01
5.018424391746520996e-01
5.058606863021850586e-01
4.532635211944580078e-01
5.364646911621093750e-01
3.780675232410430908e-01
3.734315931797027588e-01
4.975156784057617188e-01
4.328107535839080811e-01
3.909053206443786621e-01
4.966382980346679688e-01
4.657904207706451416e-01
5.228660702705383301e-01
5.295566916465759277e-01
3.830171823501586914e-01
4.379935264587402344e-01
5.028504729270935059e-01
5.147398710250854492e-01
4.091960787773132324e-01
4.986889958381652832e-01
4.599580764770507812e-01
4.982168078422546387e-01
4.361266493797302246e-01
5.189182758331298828e-01
4.522638022899627686e-01
5.321916341781616211e-01
4.414858520030975342e-01
4.706003665924072266e-01
4.815044105052947998e-01
5.096242427825927734e-01
5.083505511283874512e-01
3.787431120872497559e-01
5.113574266433715820e-01
4.998890459537506104e-01
4.574989378452301025e-01
5.124282836914062500e-01
5.192736387252807617e-01
5.099666118621826172e-01
4.612980782985687256e-01
5.039863586425781250e-01
4.540610909461975098e-01
5.144650340080261230e-01
5.146930217742919922e-01
5.044341683387756348e-01
4.372744262218475342e-01
4.743858277797698975e-01
5.246082544326782227e-01
5.165365934371948242e-01
5.117168426513671875e-01
5.027992129325866699e-01
5.120767354965209961e-01
5.017501711845397949e-01
5.350809693336486816e-01
4.998696148395538330e-01
4.736260473728179932e-01
5.210440754890441895e-01
4.854814112186431885e-01
4.047826528549194336e-01
5.122095346450805664e-01
4.859417378902435303e-01
5.048971772193908691e-01
5.226872563362121582e-01
5.155143141746520996e-01
4.782333076000213623e-01
4.010815620422363281e-01
5.102991461753845215e-01
4.175112545490264893e-01
5.061329007148742676e-01
4.984836280345916748e-01
5.218052268028259277e-01
4.820609092712402344e-01
4.998318552970886230e-01
5.264521241188049316e-01
5.077281594276428223e-01
5.176794528961181641e-01
5.178797841072082520e-01
4.047730863094329834e-01
4.493531882762908936e-01
5.180826187133789062e-01
4.016228318214416504e-01
5.057482719421386719e-01
4.649793207645416260e-01
3.864469230175018311e-01
5.126805305480957031e-01
4.741064012050628662e-01
5.001784563064575195e-01
5.250408649444580078e-01
4.843944907188415527e-01
5.019677877426147461e-01
5.227317214012145996e-01
5.074707269668579102e-01
5.114039778709411621e-01
4.941222071647644043e-01
4.860780239105224609e-01
4.765110313892364502e-01
5.042215585708618164e-01
5.264251828193664551e-01
5.048931241035461426e-01
5.116171240806579590e-01
5.101292729377746582e-01
4.636014103889465332e-01
4.379738569259643555e-01
4.314043819904327393e-01
5.047283768653869629e-01
5.250124335289001465e-01
4.771232903003692627e-01
5.056326389312744141e-01
5.307010412216186523e-01
5.124010443687438965e-01
4.843241274356842041e-01
4.791272580623626709e-01
4.544509947299957275e-01
5.226107239723205566e-01
4.082296490669250488e-01
5.452668070793151855e-01
5.242754220962524414e-01
5.173571109771728516e-01
4.615031480789184570e-01
5.286357998847961426e-01
4.929681420326232910e-01
4.780594110488891602e-01
5.091857910156250000e-01
5.214728713035583496e-01
5.219218730926513672e-01
5.185053944587707520e-01
3.947631120681762695e-01
5.238810181617736816e-01
5.036064386367797852e-01
4.722202718257904053e-01
5.028430223464965820e-01
4.176466166973114014e-01
4.728232622146606445e-01
5.125921368598937988e-01
5.231674909591674805e-01
4.500287473201751709e-01
5.063610672950744629e-01
5.085689425468444824e-01
5.315414667129516602e-01
5.141485929489135742e-01
4.586571455001831055e-01
5.005905032157897949e-01
4.876158833503723145e-01
5.451543331146240234e-01
4.853900074958801270e-01
5.081961154937744141e-01
4.648922681808471680e-01
5.098527669906616211e-01
4.519114792346954346e-01
4.150330424308776855e-01
5.084026455879211426e-01
5.086508989334106445e-01
3.861865401268005371e-01
5.359588861465454102e-01
4.944020807743072510e-01
4.573706686496734619e-01
5.557219386100769043e-01
4.081392586231231689e-01
5.395435690879821777e-01
5.293619632720947266e-01
5.074025392532348633e-01
4.288459122180938721e-01
4.367127418518066406e-01
5.245783925056457520e-01
4.076278507709503174e-01
4.743714332580566406e-01
4.638229012489318848e-01
5.515018105506896973e-01
5.033556818962097168e-01
4.174310863018035889e-01
4.525277912616729736e-01
5.146921277046203613e-01
4.898876547813415527e-01
5.206224322319030762e-01
5.172933340072631836e-01
5.217138528823852539e-01
5.320602655410766602e-01
5.174781084060668945e-01
5.158987045288085938e-01
4.888377189636230469e-01
5.170672535896301270e-01
4.893361926078796387e-01
4.678358733654022217e-01
5.070043802261352539e-01
5.015063285827636719e-01
5.114178657531738281e-01
4.542099237442016602e-01
5.041550993919372559e-01
5.146371722221374512e-01
4.981794655323028564e-01
3.827213644981384277e-01
4.259315729141235352e-01
5.114198923110961914e-01
5.109676122665405273e-01
4.485241472721099854e-01
5.233084559440612793e-01
4.124876856803894043e-01
4.345550835132598877e-01
4.922081530094146729e-01
4.578671455383300781e-01
4.963935911655426025e-01
4.230594933032989502e-01
5.589104294776916504e-01
5.148913860321044922e-01
4.493862986564636230e-01
5.142733454704284668e-01
4.983206391334533691e-01
4.975873529911041260e-01
5.164777040481567383e-01
4.869283139705657959e-01
4.705567657947540283e-01
5.181117057800292969e-01
5.256109833717346191e-01
5.076737999916076660e-01
4.855403006076812744e-01
5.177199244499206543e-01
4.840140342712402344e-01
4.997901618480682373e-01
4.916442930698394775e-01
5.153294205665588379e-01
5.101844668388366699e-01
5.499534606933593750e-01
4.819048941135406494e-01
5.249746441841125488e-01
5.023575425148010254e-01
4.747211635112762451e-01
4.558805227279663086e-01
5.059100389480590820e-01
5.262260437011718750e-01
4.184156954288482666e-01
5.114086866378784180e-01
4.325505793094635010e-01
5.359222888946533203e-01
4.581624567508697510e-01
5.105956196784973145e-01
4.655088484287261963e-01
4.851977825164794922e-01
4.636048078536987305e-01
5.544803738594055176e-01
4.958293139934539795e-01
4.314269125461578369e-01
4.236435294151306152e-01
5.494819283485412598e-01
4.942961931228637695e-01
4.927524030208587646e-01
5.279269218444824219e-01
5.279960036277770996e-01
5.092021226882934570e-01
4.582466483116149902e-01
4.196865260601043701e-01
4.523153603076934814e-01
4.384536743164062500e-01
5.110092163085937500e-01
5.085895657539367676e-01
5.146701335906982422e-01
5.257402062416076660e-01
5.200036764144897461e-01
5.071858763694763184e-01
5.339555740356445312e-01
4.880104064941406250e-01
5.621573925018310547e-01
4.073004722595214844e-01
5.003889799118041992e-01
4.643986821174621582e-01
5.298891663551330566e-01
4.222653210163116455e-01
5.369924306869506836e-01
4.922252595424652100e-01
5.218121409416198730e-01
5.084869861602783203e-01
4.907285571098327637e-01
5.411990284919738770e-01
5.077950954437255859e-01
4.201248586177825928e-01
5.345073938369750977e-01
5.160449743270874023e-01
5.523127913475036621e-01
4.835980534553527832e-01
4.067660570144653320e-01
5.391243100166320801e-01
4.320435523986816406e-01
5.154955983161926270e-01
4.886454641819000244e-01
5.399425625801086426e-01
5.151505470275878906e-01
4.790616929531097412e-01
5.012465119361877441e-01
4.745746552944183350e-01
5.086735486984252930e-01
4.484993517398834229e-01
4.561391174793243408e-01
5.405404567718505859e-01
5.087815523147583008e-01
5.242053270339965820e-01
4.667495191097259521e-01
4.873585999011993408e-01
5.268134474754333496e-01
5.429006218910217285e-01
3.835308253765106201e-01
5.288953185081481934e-01
4.276653230190277100e-01
4.879055023193359375e-01
4.357263147830963135e-01
5.132874846458435059e-01
4.753947257995605469e-01
5.176455974578857422e-01
5.150937438011169434e-01
4.013339281082153320e-01
4.492672383785247803e-01
5.108757019042968750e-01
4.704566895961761475e-01
5.102735161781311035e-01
5.169792771339416504e-01
5.244758129119873047e-01
5.193294286727905273e-01
4.895401895046234131e-01
4.239017069339752197e-01
5.241149663925170898e-01
5.154885053634643555e-01
4.992501139640808105e-01
4.419007003307342529e-01
5.222195386886596680e-01
5.133407711982727051e-01
5.171362757682800293e-01
5.045635700225830078e-01
4.961159229278564453e-01
5.089661478996276855e-01
5.218039155006408691e-01
4.997799694538116455e-01
4.984345734119415283e-01
5.325067639350891113e-01
5.297316908836364746e-01
4.017210900783538818e-01
5.309205055236816406e-01
5.180637836456298828e-01
5.158451795578002930e-01
5.034817457199096680e-01
5.243341326713562012e-01
4.186753928661346436e-01
5.434582233428955078e-01
5.198322534561157227e-01
4.713418185710906982e-01
4.941772818565368652e-01
5.248587727546691895e-01
5.171948671340942383e-01
4.692483246326446533e-01
5.126739144325256348e-01
4.057836532592773438e-01
4.993818998336791992e-01
5.299370884895324707e-01
4.982315003871917725e-01
4.522860944271087646e-01
5.056519508361816406e-01
3.893698155879974365e-01
5.298065543174743652e-01
4.806721806526184082e-01
5.263483524322509766e-01
4.664890170097351074e-01
5.460737347602844238e-01
5.207287073135375977e-01
4.993970394134521484e-01
5.135585665702819824e-01
5.689561963081359863e-01
5.250519514083862305e-01
5.127862095832824707e-01
5.111906528472900391e-01
5.079299211502075195e-01
5.150625109672546387e-01
5.132669210433959961e-01
4.985885024070739746e-01
5.342773199081420898e-01
5.208761096000671387e-01
4.940414130687713623e-01
5.062456727027893066e-01
4.829076528549194336e-01
5.309259295463562012e-01
5.193051099777221680e-01
4.969194233417510986e-01
4.796925485134124756e-01
4.971049427986145020e-01
5.043070316314697266e-01
4.979648292064666748e-01
4.734596312046051025e-01
4.260125458240509033e-01
5.144721865653991699e-01
5.009558796882629395e-01
5.106835961341857910e-01
4.588436484336853027e-01
5.100540518760681152e-01
5.023255348205566406e-01
5.195361971855163574e-01
5.225425958633422852e-01
4.448569416999816895e-01
5.363950133323669434e-01
4.002329111099243164e-01
5.249418020248413086e-01
5.250242352485656738e-01
5.020377039909362793e-01
5.282561779022216797e-01
