9.949016571044921875e-01
7.769316434860229492e-01
9.376726746559143066e-01
8.152348548173904419e-02
1.558086089789867401e-02
9.555224180221557617e-01
1.490343711338937283e-03
2.713099122047424316e-01
2.074376642704010010e-01
1.443445496261119843e-02
2.020845264196395874e-01
5.208181589841842651e-02
1.802637428045272827e-01
8.746094107627868652e-01
5.776900053024291992e-01
9.601602554321289062e-01
9.795240759849548340e-01
3.297324478626251221e-02
4.213036969304084778e-02
9.638460874557495117e-01
1.676135063171386719e-01
5.563139319419860840e-01
4.259714856743812561e-02
7.499666810035705566e-01
9.286853671073913574e-01
3.575444966554641724e-02
9.405729770660400391e-01
8.435009717941284180e-01
1.016637496650218964e-02
5.549466013908386230e-01
1.043319050222635269e-02
4.200436640530824661e-03
2.151231318712234497e-01
6.672421693801879883e-01
6.305562332272529602e-03
9.862067103385925293e-01
3.837716877460479736e-01
1.473858114331960678e-02
9.048669338226318359e-01
1.504250243306159973e-02
9.750047922134399414e-01
5.581110715866088867e-01
8.839323520660400391e-01
1.305079553276300430e-02
9.510824680328369141e-01
5.161884427070617676e-02
9.684076905250549316e-01
3.529396839439868927e-03
4.700410366058349609e-01
8.086213469505310059e-01
8.388445712625980377e-03
9.574332833290100098e-01
7.782915830612182617e-01
3.005375619977712631e-04
1.350428909063339233e-01
8.450249433517456055e-01
7.340244483202695847e-03
9.567714929580688477e-01
6.908956170082092285e-01
4.549379050731658936e-01
1.670879423618316650e-01
8.875402808189392090e-01
7.575578689575195312e-01
5.655997432768344879e-03
8.111532032489776611e-02
2.308716066181659698e-03
2.790907621383666992e-01
3.192446827888488770e-01
9.594361186027526855e-01
2.954358980059623718e-02
9.370511174201965332e-01
5.087417084723711014e-03
2.639565058052539825e-02
9.724241495132446289e-01
2.182071655988693237e-01
4.132718220353126526e-02
1.964155817404389381e-03
3.033890679944306612e-04
4.927638173103332520e-01
9.402896394021809101e-04
8.195303678512573242e-01
5.157783627510070801e-01
5.380631685256958008e-01
7.452039122581481934e-01
6.685452461242675781e-01
6.670786142349243164e-01
2.283445373177528381e-02
9.069815278053283691e-01
9.857488274574279785e-01
5.487654209136962891e-01
9.759173393249511719e-01
6.084023509174585342e-03
8.019966483116149902e-01
8.041239976882934570e-01
4.078396409749984741e-02
2.617704570293426514e-01
9.511108994483947754e-01
3.625321388244628906e-01
3.972984850406646729e-01
1.234842836856842041e-02
2.949606478214263916e-01
3.572416305541992188e-01
5.864616632461547852e-01
9.592790901660919189e-02
3.042202815413475037e-02
9.065065979957580566e-01
1.669573634862899780e-01
2.915166020393371582e-01
9.871637821197509766e-01
2.849946171045303345e-02
8.935086131095886230e-01
9.282671213150024414e-01
8.687003254890441895e-01
6.565161943435668945e-01
5.513213276863098145e-01
8.788346648216247559e-01
1.325865089893341064e-02
2.263038791716098785e-02
3.524524867534637451e-01
3.200075775384902954e-02
1.153237372636795044e-01
5.094100832939147949e-01
3.964319527149200439e-01
4.913610965013504028e-02
4.369437098503112793e-01
3.103514015674591064e-01
2.683668732643127441e-01
9.243506938219070435e-04
8.825340270996093750e-01
7.411276102066040039e-01
2.009412944316864014e-01
3.531340360641479492e-01
2.118894755840301514e-01
5.126716494560241699e-01
8.852851390838623047e-02
9.593918919563293457e-01
4.307119175791740417e-02
1.162255369126796722e-02
8.886877447366714478e-03
9.966340661048889160e-01
2.384254150092601776e-02
9.773744940757751465e-01
2.502738125622272491e-02
5.128313899040222168e-01
2.172333560883998871e-02
8.070352673530578613e-01
1.886177957057952881e-01
4.573645070195198059e-03
8.298131227493286133e-01
9.669588506221771240e-02
6.879062950611114502e-02
1.251592650078237057e-03
9.952602982521057129e-01
6.650002002716064453e-01
6.616346654482185841e-04
3.072157204151153564e-01
8.701534271240234375e-01
1.985297305509448051e-03
2.565917093306779861e-03
9.217839241027832031e-01
5.713768675923347473e-02
2.470171302556991577e-01
8.396496772766113281e-01
7.730207443237304688e-01
3.458728897385299206e-04
9.169965982437133789e-01
5.471726134419441223e-02
1.205257996916770935e-01
2.052783593535423279e-02
2.420708164572715759e-02
3.254144219681620598e-03
6.928551942110061646e-03
9.387546181678771973e-01
9.736671447753906250e-01
8.601465821266174316e-01
6.198941264301538467e-03
2.017700672149658203e-02
8.423773106187582016e-04
2.335225641727447510e-01
1.857560686767101288e-02
2.088532783091068268e-02
5.703137516975402832e-01
1.884807460010051727e-02
1.820936100557446480e-03
5.763838812708854675e-02
2.751204371452331543e-01
9.569013714790344238e-01
3.135097026824951172e-02
3.414792194962501526e-02
8.968275189399719238e-01
4.328498840332031250e-01
3.352610766887664795e-02
9.114677906036376953e-01
3.618199527263641357e-01
6.348848342895507812e-01
7.895749807357788086e-01
9.393880963325500488e-01
2.586650196462869644e-03
2.249283641576766968e-01
9.581319093704223633e-01
4.580301698297262192e-03
3.706679493188858032e-02
1.728264391422271729e-01
8.007717132568359375e-01
5.894491076469421387e-01
2.882004715502262115e-02
4.086149334907531738e-01
2.101535797119140625e-01
5.433470606803894043e-01
5.447409152984619141e-01
9.701718091964721680e-01
4.285810515284538269e-02
9.100739955902099609e-01
9.707195758819580078e-01
1.373828039504587650e-03
4.786520730704069138e-03
9.793968200683593750e-01
2.853535115718841553e-02
6.478343158960342407e-03
1.024437919259071350e-01
2.016868889331817627e-01
4.296636581420898438e-02
9.855396747589111328e-01
7.810527682304382324e-01
3.657046556472778320e-01
1.444089505821466446e-02
2.667727135121822357e-02
9.739010334014892578e-01
9.974330067634582520e-01
7.174845039844512939e-02
2.527899742126464844e-01
1.729192794300615788e-03
9.768623113632202148e-01
2.306772395968437195e-02
3.071113955229520798e-03
8.733630180358886719e-01
8.474983572959899902e-01
9.217028021812438965e-01
4.642463847994804382e-02
9.677314758300781250e-01
8.644069433212280273e-01
2.194352075457572937e-02
6.427899599075317383e-01
1.749051176011562347e-02
2.615914912894368172e-03
9.203094989061355591e-02
2.016252605244517326e-03
9.474993683397769928e-03
8.937065005302429199e-01
1.821624115109443665e-02
7.121429443359375000e-01
7.447222471237182617e-01
3.035005740821361542e-02
2.127738855779170990e-02
5.116608366370201111e-02
3.080854564905166626e-02
7.542636394500732422e-01
2.010752679780125618e-03
8.603013753890991211e-01
6.843715906143188477e-01
6.944919228553771973e-01
9.962292313575744629e-01
1.235691085457801819e-02
9.142987728118896484e-01
5.012946128845214844e-01
1.245294436812400818e-01
9.261260740458965302e-03
3.453493863344192505e-02
1.417852379381656647e-02
9.305682778358459473e-01
3.366928722243756056e-04
3.656291961669921875e-01
9.564824104309082031e-01
8.898337483406066895e-01
7.826791405677795410e-01
1.357016265392303467e-01
3.737486898899078369e-02
1.558974534273147583e-01
9.367066621780395508e-01
1.137862540781497955e-02
8.558726310729980469e-01
5.265125632286071777e-01
2.732374891638755798e-02
9.449351429939270020e-01
9.710303544998168945e-01
2.176624238491058350e-01
8.216176033020019531e-01
2.105157226324081421e-01
1.906897574663162231e-01
9.960380792617797852e-01
3.491097092628479004e-01
4.532121121883392334e-01
2.390986233949661255e-01
4.481818526983261108e-02
2.045062137767672539e-03
1.665929448790848255e-03
1.059311181306838989e-01
3.428776981309056282e-04
9.244386553764343262e-01
9.950122237205505371e-01
2.948724478483200073e-02
4.211941361427307129e-01
1.404728041961789131e-03
9.951115250587463379e-01
3.422209620475769043e-01
5.294325761497020721e-03
9.309796616435050964e-03
9.899802803993225098e-01
7.692082524299621582e-01
3.106082323938608170e-03
9.667758941650390625e-01
1.647882745601236820e-03
2.515299320220947266e-01
8.756213784217834473e-01
9.938961863517761230e-01
2.719393931329250336e-02
4.680264741182327271e-02
6.613647937774658203e-01
9.903455376625061035e-01
1.539095654152333736e-03
7.437606691382825375e-04
9.956201910972595215e-01
9.517415165901184082e-01
9.974005222320556641e-01
2.434277348220348358e-02
9.015425443649291992e-01
2.811603061854839325e-02
8.947223424911499023e-01
1.097683329135179520e-02
7.228361908346414566e-03
9.832754731178283691e-01
9.882795810699462891e-01
1.022526528686285019e-03
6.744245886802673340e-01
9.629023671150207520e-01
2.061939835548400879e-01
7.667828202247619629e-01
6.641418337821960449e-01
1.426260638982057571e-02
8.975666165351867676e-01
4.802369978278875351e-03
7.234983444213867188e-01
9.774880409240722656e-01
9.539489150047302246e-01
9.112295508384704590e-01
9.671612977981567383e-01
9.707642793655395508e-01
9.766389727592468262e-01
9.642144441604614258e-01
1.498080790042877197e-01
7.435580492019653320e-01
3.976620733737945557e-01
9.617144465446472168e-01
3.937574103474617004e-02
5.740475840866565704e-03
4.227558076381683350e-01
6.812042742967605591e-02
4.690335094928741455e-01
9.709336161613464355e-01
7.271080976352095604e-04
2.021115571260452271e-01
5.238496512174606323e-02
4.157799482345581055e-01
2.761165499687194824e-01
9.848843812942504883e-01
6.140759587287902832e-01
3.851547138765454292e-03
6.322792731225490570e-03
5.041309595108032227e-01
8.068817853927612305e-01
7.057091593742370605e-01
2.918843030929565430e-01
1.095418259501457214e-01
6.445718407630920410e-01
9.517883062362670898e-01
3.762259185314178467e-01
1.533061563968658447e-01
3.472826909273862839e-03
9.820324778556823730e-01
4.504292830824851990e-02
2.456541918218135834e-02
3.757275342941284180e-01
6.939445734024047852e-01
9.662842154502868652e-01
7.971553206443786621e-01
9.779842197895050049e-02
4.370347596704959869e-04
9.296027421951293945e-01
5.243337154388427734e-01
5.543981865048408508e-02
1.127790845930576324e-02
8.858845233917236328e-01
8.198423385620117188e-01
7.673259377479553223e-01
8.901288509368896484e-01
8.205153346061706543e-01
1.204089028760790825e-03
1.206242479383945465e-02
7.843202948570251465e-01
9.106838703155517578e-01
5.982515811920166016e-01
5.596550181508064270e-03
4.115478992462158203e-01
9.503677487373352051e-01
9.271289706230163574e-01
8.218660354614257812e-01
8.846646547317504883e-01
4.764798097312450409e-03
9.179398417472839355e-01
9.106826186180114746e-01
9.180933833122253418e-01
9.336758852005004883e-01
1.347837299108505249e-01
8.051842451095581055e-02
2.636175230145454407e-02
8.822094202041625977e-01
1.566236838698387146e-02
9.122369810938835144e-03
1.016847789287567139e-02
9.485924839973449707e-01
8.814064860343933105e-01
4.361918568611145020e-02
7.389979064464569092e-02
8.474380522966384888e-02
2.633953690528869629e-01
4.715311154723167419e-02
2.308030277490615845e-01
6.363343000411987305e-01
1.243257895112037659e-03
3.212552517652511597e-02
9.908562898635864258e-01
3.814343810081481934e-01
6.553026381880044937e-03
3.951088488101959229e-01
9.499062895774841309e-01
8.974422216415405273e-01
9.191811680793762207e-01
7.807365059852600098e-01
9.952477812767028809e-01
3.893909044563770294e-03
9.632520675659179688e-01
4.857462644577026367e-02
5.731132030487060547e-01
3.106273710727691650e-01
1.567175239324569702e-01
5.245637614279985428e-03
4.399719834327697754e-01
6.635376811027526855e-02
3.812237381935119629e-01
9.971028566360473633e-02
7.052794098854064941e-03
8.287984132766723633e-01
4.662259519100189209e-01
1.604168862104415894e-02
4.121997654438018799e-01
8.979964852333068848e-01
8.043841123580932617e-01
1.382720936089754105e-02
9.300083853304386139e-03
9.764748215675354004e-01
7.074716500937938690e-03
7.950764149427413940e-03
6.636068820953369141e-01
2.771638631820678711e-01
9.674261212348937988e-01
3.132547810673713684e-02
6.259598135948181152e-01
1.634488813579082489e-02
1.265964936465024948e-02
8.250724077224731445e-01
1.198211871087551117e-02
8.839136362075805664e-01
9.324695467948913574e-01
3.879819810390472412e-01
8.781552314758300781e-02
1.917819119989871979e-02
5.198401808738708496e-01
3.787457570433616638e-02
5.844491124153137207e-01
6.562707014381885529e-03
8.549937605857849121e-01
4.370207432657480240e-03
9.838355779647827148e-01
6.727808620780706406e-03
8.725842833518981934e-01
5.962289869785308838e-02
9.435087442398071289e-01
3.906217217445373535e-02
7.711209473200142384e-04
5.348180979490280151e-02
9.430528879165649414e-01
7.661128640174865723e-01
1.049204077571630478e-02
6.208825507201254368e-04
1.095720217563211918e-03
3.507843613624572754e-02
1.351381797576323152e-04
2.405287921428680420e-01
1.073176390491425991e-03
9.741091132164001465e-01
9.830216169357299805e-01
8.161393404006958008e-01
9.132915735244750977e-01
8.833991289138793945e-01
4.053654894232749939e-02
1.749305636622011662e-03
9.965083003044128418e-01
1.650909660384058952e-03
6.902441848069429398e-03
9.889434576034545898e-01
9.466261267662048340e-01
9.571276307106018066e-01
1.128694564104080200e-01
4.294652938842773438e-01
3.562575876712799072e-01
4.924847185611724854e-02
9.757177233695983887e-01
3.218995332717895508e-01
1.049102097749710083e-01
1.859537587733939290e-04
9.589700400829315186e-02
5.122271925210952759e-02
9.952889680862426758e-01
3.667175536975264549e-03
1.522191166877746582e-01
3.088654279708862305e-01
9.102076888084411621e-01
9.893907904624938965e-01
6.914417743682861328e-01
6.595069169998168945e-01
1.606400758028030396e-01
9.000626206398010254e-01
9.925044141709804535e-03
8.812776803970336914e-01
9.927922487258911133e-01
9.844017624855041504e-01
6.669755578041076660e-01
3.293726965785026550e-02
8.623058795928955078e-01
9.412280917167663574e-01
9.170062094926834106e-02
9.860140085220336914e-01
4.081394672393798828e-01
4.253864288330078125e-02
2.936252020299434662e-02
9.894118905067443848e-01
8.947223424911499023e-01
6.190975308418273926e-01
4.164466634392738342e-02
2.632047533988952637e-01
2.739839442074298859e-02
1.019784342497587204e-02
6.170486100018024445e-03
1.083677932620048523e-01
9.933670163154602051e-01
2.655289135873317719e-02
9.046141989529132843e-03
5.418716669082641602e-01
2.649044990539550781e-02
7.411488890647888184e-01
3.053081594407558441e-02
9.702797532081604004e-01
9.712811112403869629e-01
2.117272280156612396e-02
6.819851994514465332e-01
2.517743408679962158e-01
9.007021784782409668e-01
2.879786770790815353e-04
9.887765049934387207e-01
9.957526922225952148e-01
2.266586571931838989e-01
8.629973530769348145e-01
9.137547761201858521e-02
9.273844957351684570e-01
7.684653974138200283e-04
9.482802748680114746e-01
1.424214686267077923e-03
6.984405219554901123e-03
5.059472285211086273e-03
1.911300122737884521e-01
2.408895641565322876e-02
5.071250796318054199e-01
8.255459368228912354e-02
5.655812565237283707e-04
2.544512152671813965e-01
2.580032451078295708e-04
9.910863041877746582e-01
9.965428709983825684e-01
9.925871854647994041e-04
8.897738456726074219e-01
4.150731563568115234e-01
9.932057857513427734e-01
1.217197068035602570e-02
8.130748867988586426e-01
9.913520812988281250e-01
5.121871083974838257e-02
9.084783792495727539e-01
6.944818422198295593e-03
1.374093722552061081e-02
6.622420549392700195e-01
9.824490547180175781e-01
1.148480623960494995e-01
7.226697206497192383e-01
9.654849171638488770e-01
8.848919868469238281e-01
6.541355252265930176e-01
3.533256351947784424e-01
7.912511937320232391e-03
3.853170871734619141e-01
2.380928955972194672e-02
8.952528834342956543e-01
7.123151328414678574e-03
9.277137927711009979e-03
8.356497436761856079e-02
7.871917635202407837e-02
7.028208374977111816e-01
9.050656557083129883e-01
3.284514844417572021e-01
8.732121437788009644e-02
9.337886571884155273e-01
9.431880712509155273e-01
8.695877790451049805e-01
8.716686069965362549e-02
9.921998716890811920e-03
5.537716299295425415e-02
4.809551173821091652e-04
9.918339252471923828e-01
2.955176234245300293e-01
4.184661805629730225e-01
3.917218744754791260e-01
9.497837424278259277e-01
4.932524170726537704e-03
8.660882594995200634e-04
9.888356328010559082e-01
3.964744042605161667e-03
2.717700302600860596e-01
7.978687882423400879e-01
5.446277186274528503e-02
8.847463876008987427e-02
1.241492480039596558e-01
9.357645511627197266e-01
9.513256549835205078e-01
9.974269270896911621e-01
1.705757714807987213e-02
6.216214895248413086e-01
9.721417725086212158e-02
9.466089606285095215e-01
3.645909726619720459e-01
8.661555498838424683e-02
5.779992938041687012e-01
9.489815831184387207e-01
9.845067858695983887e-01
8.118671923875808716e-02
9.973757266998291016e-01
9.509683847427368164e-01
3.083788156509399414e-01
2.973037064075469971e-01
9.703527092933654785e-01
8.287596106529235840e-01
9.046828150749206543e-01
3.880656138062477112e-02
6.947764009237289429e-02
9.895160198211669922e-01
1.289273351430892944e-01
4.324003309011459351e-02
1.640377193689346313e-02
5.577793344855308533e-03
8.737236261367797852e-03
1.059049041941761971e-03
6.989435106515884399e-02
2.167129889130592346e-03
9.930748939514160156e-01
3.168295323848724365e-02
6.085881590843200684e-02
3.954610228538513184e-01
2.124888598918914795e-01
4.378059804439544678e-01
9.345294237136840820e-01
9.785336852073669434e-01
8.819386363029479980e-01
7.412884235382080078e-01
8.813863992691040039e-01
9.939641356468200684e-01
8.315990567207336426e-01
4.396006762981414795e-01
1.920701414346694946e-01
8.685271739959716797e-01
4.535286724567413330e-01
6.779247894883155823e-03
8.929517865180969238e-01
3.230388462543487549e-02
7.023602724075317383e-01
2.768730521202087402e-01
9.806859493255615234e-01
3.508397638797760010e-01
6.644913926720619202e-03
7.096601128578186035e-01
9.854269027709960938e-01
2.503114640712738037e-01
5.085064768791198730e-01
5.007473826408386230e-01
9.966621398925781250e-01
8.964876532554626465e-01
9.801664948463439941e-01
8.708783984184265137e-01
5.126288533210754395e-01
9.149500727653503418e-01
8.385719358921051025e-02
1.203087270259857178e-01
9.556106328964233398e-01
1.630819775164127350e-02
5.100262761116027832e-01
2.397151738405227661e-01
1.855024602264165878e-03
9.908941984176635742e-01
3.678032159805297852e-01
3.122729063034057617e-01
2.682229578495025635e-01
1.198081066831946373e-03
1.431562453508377075e-01
9.389956593513488770e-01
9.361045360565185547e-01
4.511828534305095673e-03
9.983141422271728516e-01
1.069473400712013245e-01
3.206384554505348206e-02
4.838574826717376709e-01
2.137689441442489624e-01
4.072724580764770508e-01
9.563535451889038086e-01
6.101548075675964355e-01
2.970457449555397034e-02
1.546959392726421356e-02
5.419765710830688477e-01
4.597623050212860107e-01
9.883533120155334473e-01
6.262800889089703560e-04
6.698446869850158691e-01
3.322681784629821777e-01
9.001369029283523560e-02
1.735995560884475708e-01
6.618492007255554199e-01
5.048668757081031799e-02
4.033459722995758057e-01
4.496909305453300476e-02
5.714316368103027344e-01
6.150923371315002441e-01
8.683886379003524780e-02
4.722983762621879578e-02
9.744256138801574707e-01
8.750376701354980469e-01
6.181336045265197754e-01
2.010812014341354370e-01
1.410445384681224823e-02
2.651677131652832031e-01
1.605463027954101562e-01
7.345771789550781250e-01
8.608399629592895508e-01
7.206274271011352539e-01
2.007828559726476669e-03
8.548055887222290039e-01
5.587689876556396484e-01
1.684676110744476318e-02
8.783534914255142212e-02
2.517067361623048782e-03
2.798504233360290527e-01
1.246838271617889404e-01
4.449243191629648209e-03
5.181393772363662720e-02
3.662311285734176636e-02
9.970118999481201172e-01
1.515829470008611679e-02
1.193955317139625549e-01
6.833025813102722168e-02
4.680361971259117126e-02
6.259468793869018555e-01
1.880724579095840454e-01
9.606600999832153320e-01
1.835358589887619019e-01
8.310837745666503906e-01
4.254595041275024414e-01
2.305555390194058418e-03
9.366308450698852539e-01
8.629973530769348145e-01
1.868641935288906097e-03
9.583565406501293182e-03
1.499819103628396988e-03
6.665746569633483887e-01
9.704167842864990234e-01
3.320159614086151123e-01
9.146425724029541016e-01
9.214955568313598633e-02
7.350754737854003906e-01
5.390189290046691895e-01
3.897345066070556641e-01
7.310130749829113483e-04
1.131516396999359131e-01
9.846146702766418457e-01
1.989765837788581848e-02
4.843605756759643555e-01
9.950184822082519531e-01
7.738803979009389877e-03
9.811167716979980469e-01
8.355012536048889160e-01
6.881150007247924805e-01
4.301207140088081360e-03
6.737148389220237732e-03
7.263929247856140137e-01
9.792845249176025391e-01
9.447805285453796387e-01
1.233510114252567291e-02
5.527105331420898438e-01
7.820420265197753906e-01
4.191073030233383179e-02
1.773120164871215820e-01
1.596697792410850525e-02
9.632997214794158936e-03
1.256652269512414932e-02
4.961686432361602783e-01
9.670358896255493164e-01
9.160000085830688477e-01
9.949966669082641602e-01
4.865577444434165955e-02
9.614965319633483887e-02
7.210249900817871094e-01
5.339957475662231445e-01
2.474098280072212219e-02
8.525176048278808594e-01
4.727386683225631714e-02
7.817131467163562775e-03
9.063001489266753197e-04
9.077382273972034454e-03
1.242941129021346569e-03
7.704779505729675293e-01
9.242190979421138763e-03
2.407100982964038849e-02
4.594340026378631592e-01
6.845221505500376225e-04
3.081015348434448242e-01
4.333781898021697998e-01
9.707911014556884766e-01
2.267154864966869354e-03
7.471749782562255859e-01
9.823725819587707520e-01
1.336881425231695175e-02
7.448021173477172852e-01
9.732131958007812500e-01
5.063111186027526855e-01
6.204451918601989746e-01
5.715774297714233398e-01
8.585228919982910156e-01
4.594255685806274414e-01
1.120949513278901577e-03
3.375968371983617544e-04
4.876312613487243652e-02
9.601563811302185059e-01
9.902620911598205566e-01
1.779084950685501099e-01
3.748928382992744446e-02
6.577363014221191406e-01
8.017094135284423828e-01
1.340591609477996826e-01
1.684738695621490479e-02
9.574261307716369629e-01
2.772706151008605957e-01
3.682085871696472168e-02
3.925028145313262939e-01
6.420304416678845882e-04
8.575120568275451660e-01
2.246205210685729980e-01
9.716461300849914551e-01
5.308459978550672531e-03
8.974809944629669189e-02
9.912456870079040527e-01
8.584308624267578125e-01
5.193104147911071777e-01
9.750765562057495117e-01
5.337818861007690430e-01
1.914085447788238525e-01
1.713413000106811523e-01
8.976315855979919434e-01
4.538983106613159180e-02
5.935163702815771103e-03
9.655988216400146484e-01
9.774880409240722656e-01
5.090897679328918457e-01
9.435402750968933105e-01
9.688874483108520508e-01
9.633282572031021118e-02
2.747476799413561821e-03
8.977651596069335938e-01
1.645378395915031433e-02
4.334903061389923096e-01
7.848172783851623535e-01
1.167034148238599300e-03
6.325579881668090820e-01
2.680627703666687012e-01
8.987125158309936523e-01
1.529526114463806152e-01
8.565091490745544434e-01
8.458099961280822754e-01
3.243152052164077759e-02
1.821339428424835205e-01
8.675307631492614746e-01
8.950346112251281738e-01
9.000602960586547852e-01
1.190012041479349136e-02
7.848139405250549316e-01
8.122029900550842285e-01
8.733365535736083984e-01
5.303092300891876221e-03
8.917111158370971680e-02
2.902127802371978760e-01
8.765923976898193359e-02
2.895567740779370070e-04
2.555754780769348145e-01
8.648625612258911133e-01
6.027565803378820419e-03
9.577932357788085938e-01
5.693421512842178345e-02
9.096474051475524902e-01
6.875303387641906738e-01
1.216462999582290649e-01
1.985385119915008545e-01
9.930845499038696289e-01
2.292706519365310669e-01
3.156049922108650208e-02
9.735689759254455566e-01
1.052905153483152390e-02
9.869632124900817871e-01
4.381721094250679016e-02
6.796850562095642090e-01
8.142407536506652832e-01
1.686783134937286377e-01
7.902215719223022461e-01
9.077487587928771973e-01
9.486550092697143555e-01
8.180793523788452148e-01
3.902282193303108215e-02
1.762505620718002319e-01
3.310696408152580261e-02
7.027888298034667969e-01
1.328299194574356079e-01
9.768790602684020996e-01
6.755856871604919434e-01
7.006977200508117676e-01
1.700314283370971680e-01
6.850311532616615295e-03
1.556316465139389038e-01
9.580780863761901855e-01
9.365673661231994629e-01
3.689189255237579346e-02
9.747313261032104492e-01
1.577723305672407150e-03
6.072945892810821533e-02
1.553407777100801468e-02
6.310104131698608398e-01
9.921506643295288086e-01
9.742903709411621094e-01
5.179868936538696289e-01
1.546496152877807617e-01
1.988040804862976074e-01
6.180901527404785156e-01
8.905135989189147949e-01
9.590336680412292480e-01
1.472484469413757324e-01
8.458438515663146973e-02
7.239050865173339844e-01
7.804760336875915527e-02
2.057771235704421997e-01
9.432851076126098633e-01
4.297402501106262207e-01
9.577714800834655762e-01
2.028237730264663696e-01
1.986889913678169250e-02
2.164917886257171631e-01
8.559689857065677643e-03
8.978165388107299805e-01
5.484920740127563477e-01
8.191277738660573959e-04
8.625079393386840820e-01
9.956136941909790039e-01
9.777184128761291504e-01
4.028824716806411743e-02
4.848317205905914307e-01
9.179868698120117188e-01
5.928254872560501099e-02
6.792441606521606445e-01
5.787931084632873535e-01
9.817280620336532593e-02
1.807454787194728851e-02
8.874465227127075195e-01
1.323590258834883571e-04
3.076080419123172760e-02
7.751176357269287109e-01
9.870275259017944336e-01
6.884853839874267578e-01
2.461557537317276001e-01
7.733345627784729004e-01
2.183960896218195558e-04
5.620268173515796661e-03
3.832934796810150146e-02
1.162874102592468262e-01
7.021543383598327637e-01
9.799227118492126465e-01
1.443090289831161499e-01
1.487427800893783569e-01
9.058483839035034180e-01
4.118498042225837708e-02
7.700841426849365234e-01
1.354993786662817001e-02
6.411477806977927685e-04
4.804220981895923615e-03
1.052552927285432816e-02
9.142609834671020508e-01
7.742744684219360352e-02
1.608408987522125244e-02
6.191853433847427368e-02
2.220739275217056274e-01
7.844215631484985352e-01
8.804519176483154297e-01
5.710185971111059189e-03
1.064388751983642578e-01
1.409400720149278641e-02
9.313834458589553833e-02
9.585607331246137619e-04
9.662453532218933105e-01
5.927814245223999023e-01
2.526211440563201904e-01
2.810875773429870605e-01
9.262486696243286133e-01
9.313547611236572266e-01
2.076196074485778809e-01
9.717874228954315186e-03
1.215115636587142944e-01
8.894339203834533691e-01
9.624085426330566406e-01
9.584133625030517578e-01
9.886295348405838013e-02
3.490886837244033813e-02
9.349197894334793091e-02
7.446102332323789597e-03
9.869339466094970703e-01
9.883964657783508301e-01
1.988686472177505493e-01
3.681266680359840393e-02
1.734138578176498413e-01
3.194800764322280884e-02
6.435095667839050293e-01
9.836356639862060547e-01
9.631076455116271973e-01
1.271933466196060181e-01
9.903076887130737305e-01
5.247374773025512695e-01
5.877571702003479004e-01
1.359188929200172424e-02
3.506428375840187073e-02
3.577446937561035156e-02
9.277257919311523438e-01
2.452537603676319122e-02
3.126509189605712891e-01
9.412361383438110352e-01
1.351694483309984207e-02
7.441564928740262985e-03
3.638982474803924561e-01
4.480432868003845215e-01
2.009701281785964966e-01
5.614770650863647461e-01
9.849153757095336914e-01
1.844303496181964874e-02
1.044842153787612915e-01
8.927737921476364136e-02
1.486286707222461700e-02
8.789060711860656738e-01
7.363040465861558914e-03
9.380805492401123047e-01
8.927602171897888184e-01
2.032662555575370789e-02
2.639604732394218445e-03
6.365975737571716309e-01
8.184507489204406738e-01
1.181096807122230530e-01
9.544116258621215820e-01
1.169007364660501480e-02
3.143536299467086792e-02
4.927935600280761719e-01
1.518335193395614624e-02
5.179023742675781250e-01
5.822869539260864258e-01
5.210249125957489014e-02
9.697569608688354492e-01
1.699388325214385986e-01
1.659513711929321289e-01
1.228860244154930115e-01
1.690316572785377502e-02
9.844731688499450684e-01
8.763658404350280762e-01
8.931017518043518066e-01
3.910561800003051758e-01
1.040951255708932877e-02
5.898185372352600098e-01
5.006765015423297882e-03
8.725970387458801270e-01
9.795523285865783691e-01
2.380309849977493286e-01
7.903256416320800781e-01
1.930752247571945190e-01
5.173080563545227051e-01
1.880899816751480103e-01
1.136575476266443729e-03
9.341865181922912598e-01
6.742745637893676758e-01
3.300097882747650146e-01
1.581237465143203735e-01
3.189570968970656395e-03
1.048741047270596027e-03
9.508575797080993652e-01
8.084150403738021851e-02
1.088268822059035301e-03
3.018081374466419220e-02
9.894418716430664062e-01
9.823624491691589355e-01
9.370481967926025391e-01
7.484449446201324463e-02
2.560030261520296335e-04
9.485847353935241699e-01
5.625401139259338379e-01
8.057232499122619629e-01
9.808660745620727539e-01
9.135150909423828125e-01
7.320483326911926270e-01
1.047152951359748840e-01
9.519326090812683105e-01
8.965895771980285645e-01
1.524862926453351974e-02
6.917847394943237305e-01
9.203983545303344727e-01
4.265539813786745071e-03
9.188328981399536133e-01
5.006954669952392578e-01
1.618345617316663265e-03
1.872408390045166016e-01
2.820805609226226807e-01
2.178307026624679565e-01
1.268642209470272064e-02
1.728810220956802368e-01
4.267007485032081604e-02
6.374052762985229492e-01
8.584944009780883789e-01
7.512828707695007324e-01
2.526498865336179733e-03
1.308305710554122925e-01
4.816713556647300720e-02
3.525485694408416748e-01
1.037457259371876717e-03
9.743996858596801758e-01
1.650685369968414307e-01
8.284850716590881348e-01
4.471005499362945557e-01
9.762411713600158691e-01
9.497402310371398926e-01
3.563260426744818687e-03
6.915495544672012329e-02
1.597748845815658569e-01
3.459334373474121094e-01
8.711981177330017090e-01
1.186505705118179321e-02
4.968120902776718140e-02
3.131930902600288391e-02
4.859658181667327881e-01
2.628498245030641556e-03
2.190275490283966064e-01
9.641672372817993164e-01
9.160687923431396484e-01
8.021662831306457520e-01
5.335766077041625977e-02
8.141079917550086975e-03
6.452166941016912460e-03
1.219380497932434082e-01
1.022536307573318481e-02
4.647500440478324890e-02
2.663700468838214874e-02
1.589540205895900726e-02
3.942854702472686768e-01
1.781827537342905998e-03
7.436444759368896484e-01
8.430826067924499512e-01
2.931879162788391113e-01
3.633988648653030396e-02
9.871464967727661133e-01
8.896126747131347656e-01
9.134886786341667175e-03
5.526588298380374908e-03
2.872252762317657471e-01
1.734809279441833496e-01
9.863779544830322266e-01
1.445905864238739014e-01
1.139030233025550842e-01
9.409253001213073730e-01
9.045684933662414551e-01
6.914711594581604004e-01
6.043765693902969360e-03
1.109234057366847992e-03
7.401587367057800293e-01
1.276267766952514648e-01
8.441483974456787109e-01
1.609399169683456421e-01
7.808750271797180176e-01
6.864230036735534668e-01
7.303936406970024109e-03
9.891716837882995605e-01
9.723836779594421387e-01
9.678683876991271973e-01
9.807342290878295898e-01
6.136680841445922852e-01
7.566512227058410645e-01
2.038297802209854126e-01
1.698373407125473022e-01
9.901003539562225342e-02
9.388498067855834961e-01
6.762064099311828613e-01
9.605129361152648926e-01
9.205181002616882324e-01
5.391891598701477051e-01
7.691285572946071625e-03
6.011908054351806641e-01
7.047470211982727051e-01
9.744622111320495605e-01
9.856329560279846191e-01
9.411821961402893066e-01
7.815372943878173828e-02
1.946151140145957470e-03
9.856638908386230469e-01
2.212273143231868744e-02
3.987839911133050919e-03
2.769255936145782471e-01
5.982321500778198242e-01
3.930069804191589355e-01
7.570208981633186340e-04
9.790889620780944824e-01
9.582756757736206055e-01
2.434088736772537231e-01
8.063969016075134277e-01
1.466157473623752594e-02
3.731503486633300781e-01
5.673483014106750488e-02
4.035155847668647766e-02
8.923029899597167969e-01
8.954867124557495117e-01
1.989768259227275848e-02
9.895648956298828125e-01
5.551519989967346191e-02
9.482851019129157066e-04
4.551385715603828430e-02
5.441774725914001465e-01
7.044907808303833008e-01
8.769950866699218750e-01
4.303358122706413269e-02
2.370832487940788269e-02
4.708077758550643921e-02
9.491082429885864258e-01
6.356765627861022949e-01
9.685146808624267578e-01
8.789556622505187988e-01
3.722530556842684746e-03
3.567643165588378906e-01
9.237844944000244141e-01
9.642100334167480469e-01
2.064238488674163818e-01
1.514938622713088989e-01
6.397248506546020508e-01
1.392331719398498535e-01
4.392234683036804199e-01
2.567393332719802856e-02
8.108155727386474609e-01
2.454023957252502441e-01
4.276706874370574951e-01
2.337923739105463028e-03
9.597095251083374023e-01
3.911830782890319824e-01
6.707188440486788750e-04
8.136378526687622070e-01
8.525489568710327148e-01
9.439429044723510742e-01
9.808858036994934082e-01
9.868869185447692871e-01
4.372859299182891846e-01
6.910027861595153809e-01
9.544293880462646484e-01
8.304221555590629578e-03
4.976000785827636719e-01
1.062091663479804993e-01
2.595688775181770325e-02
9.879640340805053711e-01
6.466252962127327919e-04
1.219310015439987183e-01
5.018070805817842484e-03
1.884622871875762939e-02
8.340571820735931396e-02
4.181087911128997803e-01
9.658186435699462891e-01
1.105850562453269958e-02
9.770127534866333008e-01
9.090575575828552246e-02
9.855850338935852051e-01
1.634899973869323730e-01
5.245951414108276367e-01
2.230327725410461426e-01
1.276616007089614868e-01
5.582334995269775391e-01
8.451161980628967285e-01
5.365827307105064392e-02
8.923563361167907715e-01
4.381128121167421341e-03
1.663304283283650875e-03
9.687197208404541016e-01
4.194425046443939209e-02
9.178699254989624023e-01
9.536842703819274902e-01
5.200662417337298393e-04
4.431359469890594482e-01
2.325214631855487823e-02
8.614798188209533691e-01
9.432914853096008301e-01
9.371800348162651062e-03
4.519364237785339355e-01
6.515585118904709816e-04
3.424746990203857422e-01
8.824217915534973145e-01
1.039168564602732658e-03
9.959422945976257324e-01
2.524784505367279053e-01
8.882128633558750153e-03
7.286598682403564453e-01
9.849183559417724609e-01
6.781589388847351074e-01
7.349439263343811035e-01
1.356699466705322266e-01
6.122236372902989388e-04
2.573860809206962585e-02
2.731819152832031250e-01
7.184535264968872070e-02
7.860519289970397949e-01
7.119315266609191895e-01
9.056786894798278809e-01
8.589725494384765625e-01
9.885610938072204590e-01
2.681602835655212402e-01
8.365569263696670532e-02
9.022638797760009766e-01
1.444003582000732422e-01
9.903828501701354980e-01
9.568379521369934082e-01
3.322603404521942139e-01
8.364867568016052246e-01
1.611049771308898926e-01
9.111044406890869141e-01
8.611114621162414551e-01
7.168016433715820312e-01
7.766766548156738281e-01
5.296996235847473145e-01
2.559973299503326416e-01
3.003699183464050293e-01
5.394565463066101074e-01
6.711512058973312378e-02
2.140863686800003052e-01
1.334287691861391068e-02
8.875654935836791992e-01
2.058679051697254181e-02
3.739110529422760010e-01
3.259201347827911377e-02
9.451130628585815430e-01
7.775987982749938965e-01
9.268451482057571411e-03
1.526673557236790657e-03
4.843798279762268066e-01
1.794240623712539673e-01
2.917927801609039307e-01
2.625672519207000732e-01
2.634586021304130554e-02
6.069816183298826218e-03
3.244316577911376953e-01
2.492728643119335175e-02
1.163521301350556314e-04
9.382759332656860352e-01
8.063924312591552734e-02
6.488945335149765015e-02
3.905578516423702240e-03
8.711771965026855469e-01
7.976005077362060547e-01
3.613868495449423790e-03
1.965516656637191772e-01
4.520255327224731445e-02
9.851353764533996582e-01
1.184538751840591431e-02
8.922017216682434082e-01
9.607405662536621094e-01
2.254018187522888184e-02
1.035510376095771790e-01
9.718343615531921387e-01
9.952717423439025879e-01
2.697065658867359161e-02
9.835415482521057129e-01
3.221652507781982422e-01
1.786635816097259521e-01
7.731363642960786819e-03
4.947385191917419434e-01
2.219092659652233124e-02
6.493213176727294922e-01
8.395963907241821289e-01
4.614135921001434326e-01
9.798671007156372070e-01
2.140385098755359650e-02
2.729655802249908447e-01
4.928475618362426758e-02
2.847482264041900635e-02
2.314466517418622971e-03
2.733663655817508698e-02
1.369695812463760376e-01
3.670316189527511597e-02
8.299273848533630371e-01
5.733067169785499573e-03
8.781804442405700684e-01
9.232496023178100586e-01
6.499788258224725723e-03
8.962073326110839844e-01
2.612184882164001465e-01
6.248236298561096191e-01
1.150552108883857727e-01
2.113361406372860074e-04
4.474255442619323730e-01
3.910166397690773010e-02
2.091355994343757629e-02
7.604534178972244263e-02
5.246174335479736328e-01
5.086116194725036621e-01
8.441196084022521973e-01
6.083795800805091858e-03
8.951098322868347168e-01
9.743785262107849121e-01
2.807255135849118233e-03
5.025077238678932190e-02
8.101772665977478027e-01
2.322353981435298920e-02
9.811608195304870605e-01
3.291775286197662354e-02
3.766076266765594482e-01
8.731728196144104004e-01
5.948140025138854980e-01
8.800580501556396484e-01
6.357706189155578613e-01
1.919905245304107666e-01
1.308587659150362015e-02
8.439455628395080566e-01
2.598892664536833763e-03
6.968148984014987946e-03
5.688881501555442810e-02
1.345288455486297607e-01
8.516898751258850098e-01
5.686463117599487305e-01
3.626353573054075241e-04
5.441315099596977234e-02
1.796549186110496521e-03
9.854759573936462402e-01
2.372953854501247406e-02
1.549684442579746246e-02
2.810253500938415527e-01
1.442613005638122559e-01
9.905393123626708984e-01
7.487066984176635742e-01
5.468257069587707520e-01
1.827336475253105164e-02
9.669489264488220215e-01
1.886288751848042011e-03
8.887718915939331055e-01
4.098507165908813477e-01
2.982373815029859543e-03
2.307774312794208527e-02
9.567087292671203613e-01
7.712053507566452026e-02
2.433830127120018005e-02
7.506536692380905151e-02
9.575871229171752930e-01
1.411833912134170532e-01
8.698161691427230835e-02
9.814082980155944824e-01
2.721733180806040764e-03
3.143229335546493530e-02
5.456976965069770813e-02
2.740037441253662109e-01
4.494660496711730957e-01
5.019755959510803223e-01
7.798411250114440918e-01
1.796317519620060921e-03
7.191357612609863281e-01
3.315452933311462402e-01
2.197987167164683342e-03
1.429413631558418274e-02
2.200059592723846436e-02
6.430221199989318848e-01
3.081268817186355591e-02
6.506795436143875122e-02
7.477052807807922363e-01
3.204844295978546143e-01
7.827829122543334961e-01
9.817469120025634766e-01
3.376641869544982910e-02
8.500034213066101074e-01
3.210110822692513466e-03
9.602684974670410156e-01
8.504896163940429688e-01
2.808510325849056244e-02
9.044213891029357910e-01
1.374505343846976757e-03
4.516329169273376465e-01
3.608171269297599792e-02
3.741321861743927002e-01
2.010284690186381340e-03
9.357661008834838867e-01
8.363340497016906738e-01
4.988259375095367432e-01
4.546396899968385696e-03
7.154379854910075665e-04
4.057801328599452972e-03
2.472760621458292007e-03
9.861732721328735352e-01
8.822429180145263672e-01
2.844258844852447510e-01
6.885368227958679199e-01
9.255220293998718262e-01
9.801542758941650391e-01
3.665219526737928391e-03
9.738822579383850098e-01
9.641049504280090332e-01
8.806025981903076172e-01
8.550066351890563965e-01
5.078931450843811035e-01
2.092313319444656372e-01
5.431361496448516846e-03
4.760204851627349854e-01
2.595894932746887207e-01
5.567514300346374512e-01
2.946507593151181936e-04
5.175323411822319031e-02
4.677898585796356201e-01
2.613187134265899658e-01
3.533771727234125137e-03
6.927267909049987793e-01
2.729279100894927979e-01
3.754851222038269043e-01
2.440418601036071777e-01
5.914555396884679794e-03
2.415877729654312134e-01
1.000286918133497238e-02
9.432241320610046387e-01
4.511062800884246826e-01
9.858903884887695312e-01
9.948354214429855347e-03
8.583560585975646973e-01
3.239716216921806335e-02
3.244327753782272339e-02
1.324653346091508865e-02
1.286852639168500900e-02
5.059205368161201477e-02
7.894066572189331055e-01
1.217386350035667419e-01
1.352562755346298218e-01
8.594347238540649414e-01
2.193209948018193245e-03
1.403141617774963379e-01
3.495784010738134384e-03
4.890733957290649414e-02
9.654374718666076660e-01
1.511385478079319000e-02
1.875820942223072052e-02
5.152495577931404114e-03
1.121338736265897751e-02
8.802768588066101074e-02
8.119374513626098633e-01
9.554955363273620605e-01
3.119366057217121124e-02
5.301231145858764648e-01
4.878225177526473999e-02
9.847020506858825684e-01
4.212430119514465332e-01
9.702607989311218262e-01
3.073040209710597992e-02
9.325991272926330566e-01
3.152206167578697205e-02
6.179440021514892578e-01
6.600565463304519653e-02
3.362906724214553833e-02
4.186022281646728516e-01
2.424018532037734985e-01
8.984428048133850098e-01
3.987322747707366943e-01
1.312129795551300049e-01
7.804213166236877441e-01
9.349637627601623535e-01
2.436593361198902130e-02
9.088618159294128418e-01
1.845237314701080322e-01
4.338850677013397217e-01
6.558290123939514160e-02
3.197273910045623779e-01
9.777588844299316406e-01
1.877221465110778809e-01
1.100145652890205383e-01
6.575836334377527237e-03
3.798449337482452393e-01
4.101283550262451172e-01
7.297531701624393463e-03
1.828573942184448242e-01
9.606774151325225830e-02
8.697525858879089355e-01
9.813903570175170898e-01
2.262848243117332458e-02
9.212828874588012695e-01
9.866652488708496094e-01
3.886166587471961975e-02
7.836104184389114380e-02
9.720405340194702148e-01
3.096968308091163635e-02
3.278509080410003662e-01
2.848215401172637939e-01
1.957380212843418121e-03
9.729971289634704590e-01
9.820311069488525391e-01
2.538718655705451965e-02
2.686165273189544678e-01
9.707332849502563477e-01
9.626317620277404785e-01
9.952875375747680664e-01
9.648042321205139160e-01
8.127046227455139160e-01
9.235171601176261902e-03
5.360804200172424316e-01
9.204463101923465729e-03
9.839419275522232056e-02
3.236191868782043457e-01
9.560202062129974365e-02
2.097307145595550537e-01
9.509223103523254395e-01
1.489978283643722534e-03
4.797423481941223145e-01
6.084278821945190430e-01
8.426325023174285889e-02
4.580934047698974609e-01
2.396314144134521484e-01
9.787763953208923340e-01
4.724221825599670410e-01
9.773994684219360352e-01
8.560419678688049316e-01
7.283955216407775879e-01
9.928190112113952637e-01
3.497714698314666748e-01
7.704514861106872559e-01
9.566925168037414551e-01
9.251489639282226562e-01
2.030362039804458618e-01
8.699898123741149902e-01
1.902739405632019043e-01
2.373045869171619415e-02
7.981157302856445312e-01
1.335871522314846516e-03
8.045063018798828125e-01
8.734428137540817261e-02
7.480230331420898438e-01
1.396839856170117855e-03
9.928501844406127930e-01
9.628102183341979980e-01
1.183584108948707581e-01
9.143583774566650391e-01
2.143387943506240845e-01
9.444329142570495605e-01
4.786426126956939697e-01
4.765221774578094482e-01
6.912646293640136719e-01
8.664889931678771973e-01
2.281015813350677490e-01
3.972273468971252441e-01
9.359284639358520508e-01
7.040849421173334122e-03
1.969447825103998184e-03
9.391020536422729492e-01
7.714974135160446167e-02
8.142188787460327148e-01
7.781288027763366699e-01
1.551700532436370850e-01
5.863970145583152771e-02
1.691708527505397797e-02
9.450817480683326721e-03
9.295178055763244629e-01
1.943444907665252686e-01
2.544045150279998779e-01
8.435720801353454590e-01
9.748787879943847656e-01
9.784505963325500488e-01
8.114981465041637421e-03
2.928414382040500641e-03
6.073725223541259766e-01
5.702464580535888672e-01
3.727183211594820023e-04
4.669570922851562500e-02
5.753949750214815140e-03
9.597135940566658974e-04
3.162631299346685410e-03
5.077604651451110840e-01
9.070742130279541016e-01
5.902482271194458008e-01
8.308348655700683594e-01
7.320483326911926270e-01
9.226524271070957184e-03
9.134114384651184082e-01
3.883048659190535545e-03
1.570240408182144165e-02
9.688345193862915039e-01
7.817835807800292969e-01
6.430134177207946777e-01
7.929347157478332520e-01
6.714845541864633560e-03
1.467153150588274002e-02
4.078459460288286209e-03
3.438731282949447632e-02
1.229138928465545177e-03
9.838420152664184570e-01
7.601714730262756348e-01
7.301740646362304688e-01
2.830015122890472412e-01
9.903081059455871582e-01
5.550029128789901733e-02
2.917927801609039307e-01
9.596450924873352051e-01
9.878478050231933594e-01
5.209479015320539474e-03
7.814955711364746094e-01
1.794574083760380745e-03
4.744975566864013672e-01
9.949802756309509277e-01
9.943140745162963867e-01
1.709396485239267349e-03
7.619354128837585449e-01
2.755146415438503027e-04
9.209946393966674805e-01
7.504562735557556152e-01
1.999926939606666565e-02
5.087643116712570190e-02
4.528915286064147949e-01
2.466380447149276733e-01
5.520624574273824692e-03
2.778457663953304291e-02
8.837624788284301758e-01
1.991634219884872437e-01
9.053493142127990723e-01
7.040899991989135742e-01
1.088983472436666489e-02
7.780284881591796875e-01
1.133152935653924942e-02
8.844971656799316406e-01
9.554293751716613770e-01
6.379012465476989746e-01
2.534501850605010986e-01
1.957056857645511627e-02
5.873140096664428711e-01
9.848783612251281738e-01
8.553124070167541504e-01
3.974346220493316650e-01
9.741099476814270020e-01
3.662664210423827171e-03
9.111050367355346680e-01
9.336117506027221680e-01
1.173683814704418182e-02
6.670482754707336426e-01
7.930567264556884766e-01
9.905946254730224609e-01
7.357606887817382812e-01
3.426741459406912327e-04
1.262614969164133072e-03
9.787839055061340332e-01
3.297282457351684570e-01
1.988486945629119873e-01
2.639859449118375778e-03
1.783261261880397797e-02
9.830812811851501465e-01
9.096376299858093262e-01
8.272840380668640137e-01
1.365609560161828995e-02
1.237370818853378296e-01
9.570454955101013184e-01
8.363340497016906738e-01
6.978664398193359375e-01
9.745457172393798828e-01
5.779138207435607910e-01
1.622264157049357891e-03
5.764575004577636719e-01
3.745447397232055664e-01
9.259622693061828613e-01
9.980656504631042480e-01
8.995367288589477539e-01
6.190791726112365723e-01
9.753511548042297363e-01
7.144631743431091309e-01
6.945046186447143555e-01
5.897356197237968445e-02
7.640846539288759232e-03
4.888483136892318726e-02
9.343755841255187988e-01
9.148371219635009766e-01
3.755430877208709717e-01
2.948723966255784035e-03
7.767378687858581543e-01
9.485133886337280273e-01
5.040174126625061035e-01
2.179985307157039642e-02
7.805061340332031250e-01
9.013223648071289062e-01
8.391225337982177734e-01
1.187553852796554565e-01
1.985903084278106689e-01
5.378610268235206604e-02
8.060446381568908691e-01
5.415781736373901367e-01
9.599681496620178223e-01
9.611270427703857422e-01
1.471822429448366165e-02
1.780643165111541748e-01
7.511819601058959961e-01
4.907964766025543213e-01
7.713567614555358887e-01
8.857182860374450684e-01
8.593592047691345215e-02
4.517911672592163086e-01
2.712713778018951416e-01
9.409047663211822510e-02
8.850821852684020996e-01
9.836356639862060547e-01
6.796726956963539124e-03
2.793390862643718719e-02
1.915103942155838013e-01
1.655243453569710255e-03
4.190829694271087646e-01
9.014528393745422363e-01
9.385724663734436035e-01
3.080844879150390625e-01
5.148048978298902512e-03
9.178482294082641602e-01
2.231940440833568573e-02
3.519539954140782356e-03
5.818349123001098633e-02
6.770263891667127609e-03
1.857285946607589722e-01
9.694697260856628418e-01
8.844430446624755859e-01
8.557698875665664673e-02
3.414554893970489502e-02
4.594794511795043945e-01
3.199903070926666260e-01
5.047003030776977539e-01
9.806423783302307129e-01
8.747623562812805176e-01
1.668215692043304443e-01
1.005928497761487961e-02
2.796941697597503662e-01
9.926009774208068848e-01
5.606901831924915314e-04
7.666761875152587891e-01
5.481086373329162598e-01
2.120824158191680908e-01
2.594164907932281494e-01
9.751660823822021484e-01
4.141575098037719727e-01
5.479793548583984375e-01
1.508003287017345428e-02
9.646021127700805664e-01
9.564562439918518066e-01
8.296098560094833374e-02
1.138159725815057755e-02
2.351687476038932800e-02
1.322516473010182381e-03
6.888177595101296902e-04
9.593918919563293457e-01
1.842408999800682068e-02
9.931962490081787109e-01
1.630974411964416504e-01
7.207109332084655762e-01
3.631744161248207092e-02
5.249266624450683594e-01
8.650195002555847168e-01
2.083788276650011539e-04
7.271451950073242188e-01
9.492159006185829639e-05
1.913167349994182587e-02
8.263900130987167358e-02
1.894227974116802216e-02
2.735971659421920776e-02
7.798783779144287109e-01
8.895087242126464844e-01
5.478215813636779785e-01
8.411493301391601562e-01
2.173976004123687744e-01
1.317693591117858887e-01
6.170217413455247879e-03
5.457428693771362305e-01
9.633058309555053711e-01
2.761002182960510254e-01
1.685598306357860565e-02
2.104876912198960781e-04
9.272535443305969238e-01
1.362123638391494751e-01
1.476114392280578613e-01
9.842368960380554199e-01
5.402134047471918166e-05
1.544545684009790421e-02
9.712375402450561523e-01
9.912138581275939941e-01
4.106786102056503296e-02
7.921902537345886230e-01
4.210668057203292847e-02
4.695186614990234375e-01
8.543213009834289551e-01
3.669510483741760254e-01
5.204216111451387405e-03
9.978632330894470215e-01
1.448733918368816376e-02
1.755547225475311279e-01
1.300813164561986923e-03
9.176775813102722168e-01
2.026086207479238510e-03
5.040055140852928162e-03
2.500847447663545609e-03
3.879822790622711182e-01
4.670377671718597412e-01
7.505121827125549316e-02
7.640943676233291626e-02
4.741609469056129456e-02
4.930188357830047607e-01
9.213377833366394043e-01
4.429045692086219788e-02
9.758136272430419922e-01
9.892194867134094238e-01
9.963471293449401855e-01
7.660946808755397797e-03
3.068538615480065346e-03
5.325052887201309204e-03
9.970140457153320312e-01
1.378260999917984009e-01
1.045527867972850800e-02
2.816781215369701385e-02
9.921191930770874023e-01
4.681392610073089600e-01
5.509864687919616699e-01
3.606956079602241516e-02
3.231187164783477783e-02
3.200258687138557434e-02
3.841252923011779785e-01
9.649126529693603516e-01
8.124686479568481445e-01
9.944889545440673828e-01
1.655922824284061790e-04
1.195211857557296753e-01
9.674447774887084961e-01
2.079093456268310547e-01
5.252184346318244934e-02
5.439948439598083496e-01
1.028875410556793213e-01
9.640195369720458984e-01
9.752215147018432617e-01
9.836802482604980469e-01
9.842343926429748535e-01
1.599497860297560692e-03
4.903247952461242676e-01
7.536341547966003418e-01
4.068566560745239258e-01
4.328567087650299072e-01
8.564486503601074219e-01
1.283841487020254135e-02
6.636553443968296051e-03
7.510296106338500977e-01
5.870058760046958923e-02
2.176338583230972290e-01
9.999207407236099243e-02
9.864478111267089844e-01
2.179563743993639946e-03
4.868427664041519165e-02
5.460189655423164368e-02
5.536681972444057465e-03
7.468685507774353027e-01
9.143790006637573242e-01
7.065958380699157715e-01
8.943079710006713867e-01
5.222084932029247284e-03
9.055782109498977661e-02
6.994601804763078690e-03
1.108435913920402527e-02
9.592193365097045898e-02
6.791248917579650879e-02
9.446876645088195801e-01
8.386943936347961426e-01
4.886059165000915527e-01
4.111822545528411865e-01
6.454946994781494141e-01
3.516061902046203613e-01
7.093349844217300415e-02
9.642814397811889648e-01
7.954173535108566284e-02
7.460072040557861328e-01
9.574815630912780762e-01
9.833347201347351074e-01
9.601770639419555664e-01
7.369793020188808441e-04
1.029846724122762680e-03
1.554036438465118408e-01
5.944266449660062790e-04
7.994543313980102539e-01
9.715054035186767578e-01
2.158524701371788979e-03
9.036490810103714466e-04
3.208932932466268539e-03
4.505876302719116211e-01
8.383069187402725220e-02
8.734148144721984863e-01
3.835320770740509033e-01
9.687348008155822754e-01
1.616557687520980835e-01
8.756489753723144531e-01
4.776202142238616943e-01
3.007080871611833572e-03
1.209958735853433609e-02
5.053076893091201782e-02
9.768641591072082520e-01
4.296144843101501465e-01
8.800065517425537109e-01
2.191115617752075195e-01
9.275264143943786621e-01
8.929222226142883301e-01
7.179272770881652832e-01
3.697128295898437500e-01
9.854698181152343750e-01
5.748580768704414368e-02
9.964078068733215332e-01
4.994211494922637939e-01
9.877409338951110840e-01
2.997325062751770020e-01
3.251068294048309326e-01
9.910863041877746582e-01
6.821561455726623535e-01
1.133099570870399475e-01
2.728589177131652832e-01
7.589518278837203979e-02
6.591205596923828125e-01
4.625758156180381775e-03
7.609376907348632812e-01
2.233242802321910858e-02
3.440056927502155304e-03
4.647601842880249023e-01
4.526577293872833252e-01
9.782611727714538574e-01
2.719457745552062988e-01
8.556587994098663330e-02
6.195497140288352966e-02
8.367100954055786133e-01
8.991883397102355957e-01
7.100041508674621582e-01
5.847333669662475586e-01
9.103507399559020996e-01
2.328240312635898590e-02
8.871244788169860840e-01
9.288912415504455566e-01
3.773286938667297363e-02
9.762913584709167480e-01
9.894118905067443848e-01
3.702261310536414385e-04
6.811727285385131836e-01
8.047381788492202759e-02
4.614994861185550690e-03
2.859965432435274124e-03
9.836887121200561523e-01
3.668870031833648682e-02
7.466490864753723145e-01
6.614743173122406006e-02
1.136471852660179138e-01
2.710552215576171875e-01
9.807736277580261230e-01
5.808641910552978516e-01
8.500152230262756348e-01
2.149934589397162199e-04
5.721005424857139587e-02
6.037630140781402588e-03
9.117848873138427734e-01
8.429283499717712402e-01
1.020091702230274677e-03
4.925402253866195679e-02
1.246252795681357384e-03
8.414717316627502441e-01
8.107438683509826660e-03
9.174376726150512695e-01
9.973184466361999512e-01
3.303869068622589111e-02
6.244524121284484863e-01
7.435580492019653320e-01
9.926494956016540527e-01
2.132284268736839294e-02
3.344838914927095175e-04
9.717874228954315186e-03
8.421358466148376465e-01
9.410240054130554199e-01
1.052671745419502258e-01
8.414200544357299805e-01
2.782942354679107666e-01
1.528659313917160034e-01
9.605287760496139526e-02
2.860294282436370850e-01
2.321931533515453339e-03
1.821027137339115143e-03
7.082964293658733368e-03
1.415723003447055817e-02
1.097382605075836182e-02
6.678501963615417480e-01
2.052329853177070618e-02
9.389004707336425781e-01
9.115724563598632812e-01
3.988460823893547058e-02
9.958062171936035156e-01
1.487795114517211914e-01
4.698827117681503296e-02
8.099730014801025391e-01
3.256191313266754150e-01
4.107878543436527252e-03
9.816893339157104492e-01
1.673554480075836182e-01
1.766631193459033966e-02
8.606840856373310089e-04
8.716213703155517578e-01
9.645181298255920410e-01
7.737020496279001236e-03
3.860942088067531586e-03
5.723252519965171814e-02
9.162282943725585938e-01
1.564219743013381958e-01
4.882883429527282715e-01
1.562899500131607056e-01
3.206303715705871582e-02
4.060284495353698730e-01
9.647338986396789551e-01
2.975616604089736938e-03
9.764729738235473633e-01
9.864639043807983398e-01
9.317888617515563965e-01
2.857985794544219971e-01
9.614480137825012207e-01
2.094469219446182251e-01
9.970118999481201172e-01
3.135644197463989258e-01
2.461780607700347900e-01
5.294800177216529846e-02
8.150455951690673828e-01
8.094231598079204559e-03
9.007516503334045410e-01
2.010048925876617432e-01
3.656581640243530273e-01
8.829026669263839722e-02
9.763612747192382812e-01
9.890585541725158691e-01
9.126847982406616211e-02
4.643150139600038528e-03
9.893530607223510742e-01
7.683163285255432129e-01
8.079470396041870117e-01
1.455711014568805695e-02
7.861149311065673828e-01
1.161692440509796143e-01
7.671979665756225586e-01
9.065085649490356445e-01
9.472936987876892090e-01
3.269962966442108154e-02
1.860164850950241089e-02
3.825749084353446960e-02
2.292443960905075073e-01
7.362984120845794678e-03
6.733064651489257812e-01
2.334796125069260597e-03
7.937856763601303101e-02
4.820746481418609619e-01
7.729702442884445190e-02
7.125286459922790527e-01
2.141624987125396729e-01
1.208411715924739838e-02
9.927433729171752930e-01
9.588894844055175781e-01
3.253538906574249268e-02
3.920576348900794983e-02
9.019343256950378418e-01
7.491412758827209473e-01
1.746021956205368042e-02
1.672750222496688366e-03
3.327584564685821533e-01
2.866860479116439819e-02
1.062851515598595142e-03
3.547749016433954239e-03
5.500255227088928223e-01
2.007088363170623779e-01
9.385213255882263184e-01
2.973391115665435791e-02
8.216499686241149902e-01
1.298379618674516678e-03
7.276055216789245605e-01
1.894928216934204102e-01
9.732964038848876953e-01
1.264282017946243286e-01
9.091209173202514648e-01
3.702071309089660645e-01
2.555586397647857666e-01
9.759585857391357422e-01
6.429541390389204025e-04
7.916659712791442871e-01
9.978216886520385742e-01
5.886734649538993835e-02
5.358169600367546082e-02
9.354526400566101074e-01
5.403011105954647064e-03
2.344684600830078125e-01
1.651051221415400505e-03
6.492955610156059265e-03
9.658685326576232910e-01
1.318817734718322754e-01
4.200401306152343750e-01
2.536435611546039581e-03
1.200480572879314423e-02
9.620401263236999512e-01
1.672614514827728271e-01
9.562374949455261230e-01
3.596760630607604980e-01
1.929882168769836426e-01
6.541201379150152206e-03
8.369525671005249023e-01
1.625929214060306549e-02
1.021358463913202286e-02
9.108080863952636719e-01
8.330698013305664062e-01
6.201547384262084961e-02
1.124343723058700562e-01
1.468901615589857101e-02
9.907472133636474609e-01
5.260447785258293152e-02
9.662526249885559082e-01
9.975990653038024902e-01
1.185345929116010666e-03
9.626765847206115723e-01
9.292844533920288086e-01
9.245364069938659668e-01
4.324170947074890137e-01
9.690874218940734863e-01
2.679028213024139404e-01
8.466963768005371094e-01
3.355015814304351807e-02
5.414680764079093933e-02
3.100665807723999023e-01
1.881612697616219521e-03
1.769518712535500526e-03
5.744780898094177246e-01
9.719272851943969727e-01
3.959384262561798096e-01
8.547920584678649902e-01
9.823911786079406738e-01
8.962815403938293457e-01
9.369445033371448517e-04
9.389402866363525391e-01
2.146299630403518677e-01
4.196266233921051025e-01
9.689370989799499512e-01
6.742748618125915527e-01
6.211547181010246277e-02
7.043976187705993652e-01
9.352841973304748535e-02
5.874184425920248032e-04
1.682941019535064697e-01
9.723234772682189941e-01
7.726815938949584961e-01
8.695521950721740723e-01
6.658351421356201172e-02
7.807396650314331055e-01
5.481130443513393402e-03
2.226235903799533844e-02
1.272939029149711132e-03
1.507721655070781708e-02
4.399842023849487305e-02
3.402736485004425049e-01
2.263455092906951904e-01
1.633245125412940979e-02
8.292935788631439209e-02
4.792220890522003174e-01
6.844228599220514297e-03
7.061791419982910156e-01
9.814602136611938477e-01
4.288293421268463135e-02
3.982056379318237305e-01
7.908877134323120117e-01
9.754322171211242676e-01
9.202985763549804688e-01
9.413540959358215332e-01
1.622464135289192200e-02
7.404258102178573608e-02
1.621905341744422913e-02
5.876791104674339294e-02
8.446738719940185547e-01
4.586146771907806396e-01
5.162642337381839752e-03
2.982133440673351288e-02
8.635014891624450684e-01
4.520075321197509766e-01
8.834289908409118652e-01
9.916679859161376953e-01
9.659180641174316406e-01
2.752598822116851807e-01
9.825711846351623535e-01
7.238996331579983234e-04
9.325939416885375977e-01
4.629094898700714111e-01
1.641972921788692474e-03
3.535456657409667969e-01
2.353232204914093018e-01
8.855502605438232422e-01
2.748926356434822083e-02
6.201421022415161133e-01
8.832284808158874512e-01
8.770431280136108398e-01
2.610435709357261658e-02
2.412551548331975937e-03
5.474970936775207520e-01
6.970983743667602539e-01
4.684500396251678467e-01
7.468749880790710449e-01
3.881937563419342041e-01
7.557536959648132324e-01
8.958353661000728607e-03
2.971531748771667480e-01
3.543359786272048950e-02
9.699233174324035645e-01
2.612199168652296066e-03
2.305198274552822113e-02
7.517272233963012695e-01
9.946551322937011719e-01
9.267044067382812500e-01
4.401993453502655029e-01
7.686356306076049805e-01
7.906417250633239746e-01
6.339502334594726562e-01
7.459593415260314941e-01
9.450613856315612793e-01
2.128433436155319214e-01
1.495683798566460609e-03
9.369622468948364258e-01
8.403867483139038086e-01
4.149028286337852478e-02
4.551009237766265869e-01
5.228175222873687744e-02
9.048409759998321533e-02
9.703394025564193726e-03
8.566754460334777832e-01
1.343737244606018066e-01
9.763059020042419434e-01
9.847570657730102539e-01
9.878052473068237305e-01
5.484816431999206543e-01
9.383400678634643555e-01
2.194192409515380859e-01
2.315317988395690918e-01
6.982005834579467773e-01
4.099923074245452881e-01
8.397904634475708008e-01
7.262379527091979980e-01
2.024367684498429298e-03
9.796537756919860840e-01
9.371319413185119629e-01
2.649758756160736084e-01
7.210066318511962891e-01
1.653955131769180298e-02
8.505658507347106934e-01
9.188401103019714355e-01
1.200294420123100281e-01
7.924571037292480469e-01
9.893078207969665527e-01
8.382959365844726562e-01
9.394857287406921387e-01
1.855274604167789221e-04
1.437556594610214233e-01
4.305739130359143019e-04
4.278494976460933685e-03
7.894859313964843750e-01
7.442233036272227764e-04
5.773057341575622559e-01
2.447976171970367432e-01
1.022301334887742996e-02
8.131640553474426270e-01
5.831352472305297852e-01
9.147167950868606567e-02
4.076985418796539307e-01
5.186271667480468750e-01
1.608474105596542358e-01
2.270115315914154053e-01
8.261122554540634155e-02
9.633538313210010529e-03
1.128259580582380295e-03
9.783018827438354492e-01
7.808750271797180176e-01
2.633672058582305908e-01
8.616786799393594265e-04
5.175895988941192627e-03
7.388365268707275391e-01
8.687312901020050049e-02
9.594529867172241211e-01
7.704215049743652344e-01
9.877434968948364258e-01
8.126746416091918945e-01
2.009306335821747780e-03
3.600623309612274170e-01
8.519225753843784332e-03
8.187080621719360352e-01
9.889344573020935059e-01
6.528623104095458984e-01
1.811557114124298096e-01
9.749503135681152344e-01
3.905126452445983887e-02
9.824643731117248535e-01
9.809262752532958984e-01
1.056296676397323608e-01
8.356565833091735840e-01
8.847495773807168007e-04
9.913682341575622559e-01
2.134691178798675537e-01
3.753907680511474609e-01
1.331409811973571777e-01
2.958540618419647217e-01
2.234255895018577576e-03
1.086049946025013924e-03
4.419418424367904663e-02
9.892084002494812012e-01
2.778919935226440430e-01
9.672105908393859863e-01
1.024640277028083801e-01
1.512900181114673615e-02
7.927039265632629395e-02
7.778888195753097534e-02
4.688504338264465332e-01
4.251381456851959229e-01
9.620263576507568359e-01
8.329573869705200195e-01
1.775502110831439495e-03
1.150091364979743958e-01
8.990641236305236816e-01
8.904391527175903320e-01
4.250593855977058411e-02
9.655305743217468262e-01
4.096947237849235535e-02
2.049658596515655518e-01
7.308504581451416016e-01
5.082450341433286667e-03
7.153835892677307129e-01
9.876349568367004395e-01
9.921451210975646973e-01
7.817131467163562775e-03
8.140662908554077148e-01
5.485398322343826294e-02
9.938359856605529785e-01
5.600267052650451660e-01
4.693386554718017578e-01
9.526366591453552246e-01
9.922578930854797363e-01
9.867756962776184082e-01
6.858181953430175781e-01
9.566236734390258789e-01
5.435536801815032959e-02
5.240630730986595154e-02
9.501515626907348633e-01
3.369736950844526291e-03
1.429279218427836895e-03
6.617483496665954590e-01
1.604168862104415894e-02
2.236993163824081421e-01
7.882735729217529297e-01
4.105100035667419434e-01
7.068297266960144043e-01
2.405287921428680420e-01
8.843812942504882812e-01
2.139751799404621124e-02
9.495522975921630859e-01
7.314375638961791992e-01
8.220081031322479248e-02
6.745347976684570312e-01
6.278259214013814926e-03
7.373918779194355011e-03
9.204193353652954102e-01
9.734115004539489746e-01
8.682605694048106670e-04
9.146966040134429932e-02
2.215185910463333130e-01
4.201510921120643616e-02
5.620469152927398682e-02
6.878992915153503418e-01
9.706793427467346191e-01
2.933353781700134277e-01
5.722051858901977539e-01
9.824700355529785156e-01
2.605960005894303322e-03
8.655999898910522461e-01
5.689123272895812988e-01
9.745770692825317383e-01
1.423639059066772461e-02
7.986764311790466309e-01
7.604190707206726074e-01
9.563422761857509613e-03
3.128403797745704651e-03
3.007668815553188324e-02
2.946693301200866699e-01
6.933420896530151367e-01
2.179590240120887756e-02
7.218069434165954590e-01
9.928407669067382812e-01
1.695795170962810516e-02
2.644176594913005829e-03
1.310962135903537273e-03
6.626139879226684570e-01
9.889512658119201660e-01
3.431164193898439407e-03
9.604327678680419922e-01
3.145875816699117422e-04
7.869980484247207642e-02
4.001789391040802002e-01
2.641378669068217278e-04
1.777612138539552689e-03
9.828094393014907837e-02
9.599369764328002930e-01
1.092332787811756134e-02
4.410524666309356689e-01
1.706814207136631012e-02
8.847106695175170898e-01
1.667055338621139526e-01
4.012391716241836548e-02
8.967297077178955078e-01
8.987233974039554596e-03
3.651326696854084730e-04
9.980127811431884766e-01
8.090978488326072693e-03
7.656065225601196289e-01
9.959612488746643066e-01
5.401334166526794434e-01
2.241555601358413696e-02
2.950341403484344482e-01
4.012898355722427368e-02
5.927814245223999023e-01
6.218832135200500488e-01
9.330458045005798340e-01
5.735197067260742188e-01
5.682408227585256100e-04
7.255750298500061035e-01
2.508992850780487061e-01
6.410893797874450684e-01
5.330876260995864868e-02
1.612478634342551231e-03
5.756853818893432617e-01
6.252366304397583008e-02
4.011348821222782135e-03
4.747305065393447876e-02
6.265005469322204590e-01
7.209844589233398438e-01
9.575417041778564453e-01
9.404098391532897949e-01
2.848026342689990997e-02
9.780578017234802246e-01
9.948246479034423828e-01
4.941102117300033569e-02
1.462585199624300003e-02
8.513205498456954956e-02
9.841591119766235352e-01
1.980186253786087036e-02
9.634184837341308594e-01
5.058756843209266663e-02
2.901968080550432205e-03
4.042449593544006348e-02
6.670054197311401367e-01
9.612056612968444824e-01
1.311391741037368774e-01
7.440000772476196289e-01
2.226317999884486198e-03
9.579488635063171387e-01
8.284042589366436005e-03
9.235417097806930542e-02
9.762381911277770996e-01
8.670654892921447754e-01
5.956375002861022949e-01
9.969700574874877930e-01
4.417569562792778015e-02
9.473379850387573242e-01
8.191970586776733398e-01
1.396540459245443344e-02
5.797055363655090332e-01
6.278477311134338379e-01
2.267777454107999802e-03
9.106606990098953247e-02
4.188596308231353760e-01
9.987013339996337891e-01
8.572692871093750000e-01
4.970030393451452255e-03
1.183767709881067276e-02
3.643104434013366699e-01
9.093842818401753902e-04
3.395286202430725098e-02
7.812877893447875977e-01
2.269442081451416016e-01
9.290472269058227539e-01
3.487790469080209732e-03
2.231335965916514397e-03
4.446097090840339661e-02
3.442514836788177490e-01
5.337175130844116211e-01
2.430105814710259438e-03
9.882466197013854980e-01
9.262136816978454590e-01
6.454421877861022949e-01
5.350602790713310242e-03
9.330131411552429199e-01
4.161377251148223877e-02
4.898585379123687744e-01
8.109616041183471680e-01
9.495738148689270020e-01
9.664449691772460938e-01
2.966220378875732422e-01
6.459300518035888672e-01
5.515304859727621078e-03
9.757649302482604980e-01
1.801021397113800049e-01
9.544667601585388184e-01
3.313485980033874512e-01
2.261147834360599518e-02
1.215261872857809067e-02
2.586701512336730957e-01
5.122866714373230934e-04
2.707307040691375732e-01
9.962356686592102051e-01
6.812042742967605591e-02
9.718111753463745117e-01
6.287205498665571213e-03
3.599583208560943604e-01
1.963025704026222229e-02
4.553417861461639404e-01
1.793426722288131714e-01
2.264244705438613892e-01
5.827662535011768341e-03
9.628956317901611328e-01
8.677052259445190430e-01
1.341028255410492420e-03
1.022145431488752365e-02
5.474970936775207520e-01
3.736137587111443281e-04
1.279225922189652920e-03
4.306313395500183105e-01
5.232877284288406372e-02
7.502201795578002930e-01
2.345740497112274170e-01
6.494408249855041504e-01
2.938798367977142334e-01
9.657084345817565918e-01
5.596719980239868164e-01
1.632054895162582397e-02
1.825730316340923309e-02
9.716593474149703979e-02
1.655643573030829430e-03
1.050242707133293152e-01
3.271954506635665894e-02
2.625003755092620850e-01
9.895674586296081543e-01
3.218607045710086823e-03
2.589577808976173401e-02
7.027316689491271973e-01
7.444089055061340332e-01
8.851476595737040043e-04
1.016189903020858765e-02
9.925496578216552734e-01
8.737813830375671387e-01
1.325156656093895435e-03
3.886118829250335693e-01
9.686958789825439453e-01
1.207823380827903748e-01
9.817834496498107910e-01
2.662372076883912086e-03
8.397904634475708008e-01
7.355708479881286621e-01
6.723621045239269733e-04
1.563187688589096069e-02
1.446671958547085524e-04
9.860407710075378418e-01
2.392222732305526733e-02
1.021623611450195312e-02
3.297327160835266113e-01
1.741536855697631836e-01
1.031119935214519501e-02
8.964617550373077393e-02
8.328558504581451416e-02
4.096350166946649551e-04
8.960161358118057251e-03
6.135703921318054199e-01
9.763154983520507812e-01
7.869607210159301758e-01
4.282941222190856934e-01
4.057056903839111328e-01
3.688594102859497070e-01
7.583853602409362793e-01
2.872293293476104736e-01
5.572731606662273407e-04
9.491826891899108887e-01
1.173433288931846619e-01
2.054555155336856842e-02
7.518931031227111816e-01
3.649414749816060066e-03
2.158642746508121490e-03
1.260366383939981461e-02
5.695743560791015625e-01
5.967231988906860352e-01
3.192290067672729492e-01
4.994020462036132812e-01
4.767479002475738525e-01
9.225708246231079102e-01
6.046513561159372330e-03
7.271454930305480957e-01
9.957501888275146484e-01
9.847981333732604980e-01
3.559652948752045631e-03
7.637776136398315430e-01
9.553887844085693359e-01
9.722962230443954468e-02
3.984359279274940491e-02
8.334153098985552788e-04
6.087915897369384766e-01
5.496103782206773758e-03
9.619912505149841309e-01
9.114959836006164551e-01
3.377122804522514343e-02
4.582985304296016693e-03
7.639784812927246094e-01
5.008125305175781250e-02
6.627455949783325195e-01
9.268844127655029297e-01
5.690276026725769043e-01
5.678733587265014648e-01
6.409801077097654343e-03
9.209621548652648926e-01
3.342320397496223450e-02
5.752652883529663086e-01
9.743216037750244141e-01
5.386324226856231689e-02
9.916774034500122070e-01
7.659201025962829590e-01
7.349247932434082031e-01
5.602924823760986328e-01
2.221956700086593628e-01
2.462143264710903168e-02
9.846947789192199707e-01
9.955566525459289551e-01
9.453246593475341797e-01
8.966460227966308594e-01
1.944294199347496033e-02
1.673706620931625366e-02
1.259737461805343628e-02
6.892635673284530640e-02
8.983703851699829102e-01
7.375622540712356567e-02
5.616639852523803711e-01
7.123587653040885925e-03
4.140812903642654419e-03
9.971028566360473633e-02
7.672133445739746094e-01
4.088832065463066101e-02
5.712959766387939453e-01
8.334352374076843262e-01
2.715793671086430550e-03
1.395518034696578979e-01
9.806164503097534180e-01
9.132263064384460449e-01
4.516554772853851318e-01
2.312587806954979897e-03
9.569146037101745605e-01
9.509223103523254395e-01
6.264061927795410156e-01
1.706814207136631012e-02
9.753867387771606445e-01
6.011307835578918457e-01
9.848096966743469238e-01
6.904582977294921875e-01
6.822526454925537109e-02
1.350784301757812500e-02
7.541215419769287109e-01
1.869124919176101685e-01
1.418839674443006516e-02
2.520343363285064697e-01
8.437781929969787598e-01
9.051201939582824707e-01
9.762731939554214478e-02
1.116277575492858887e-01
1.215174198150634766e-01
9.508103728294372559e-01
6.263400912284851074e-01
2.709167897701263428e-01
9.337759613990783691e-01
1.303222179412841797e-01
1.134640499949455261e-01
9.076251983642578125e-01
1.319406628608703613e-01
5.010833740234375000e-01
8.642749786376953125e-01
8.602067232131958008e-01
5.920852422714233398e-01
2.112199290422722697e-04
2.825200259685516357e-01
2.226181328296661377e-03
9.432023763656616211e-01
8.286767452955245972e-02
5.196467414498329163e-02
7.389521002769470215e-01
8.599281311035156250e-02
3.232443006709218025e-03
6.557343900203704834e-02
1.695674508810043335e-01
9.135809540748596191e-01
9.872183799743652344e-01
3.775782585144042969e-01
5.098656415939331055e-01
7.517391443252563477e-01
2.171772867441177368e-01
1.060950607061386108e-01
5.298928916454315186e-02
7.565507888793945312e-01
4.713362157344818115e-01
9.993807412683963776e-03
8.350864797830581665e-02
5.816685152240097523e-04
1.289241388440132141e-02
4.525101482868194580e-01
7.973445057868957520e-01
5.901739597320556641e-01
9.813157320022583008e-01
5.353226661682128906e-01
4.407609701156616211e-01
9.739350676536560059e-01
6.777603030204772949e-01
3.084022365510463715e-02
6.925520896911621094e-01
8.351534008979797363e-01
3.663307987153530121e-03
3.498462736606597900e-01
3.242896124720573425e-02
8.505658507347106934e-01
9.292008876800537109e-01
7.986764311790466309e-01
8.408485054969787598e-01
7.008677721023559570e-01
7.020074129104614258e-01
2.952744485810399055e-03
8.448730111122131348e-01
6.940399762243032455e-03
4.143049195408821106e-02
2.361540449783205986e-03
8.324130177497863770e-01
7.947964668273925781e-01
3.387687355279922485e-02
2.736276946961879730e-03
9.801542758941650391e-01
1.199098885990679264e-03
5.869058370590209961e-01
7.169128060340881348e-01
5.931140109896659851e-02
6.780601143836975098e-01
2.188714891672134399e-01
2.451258525252342224e-02
7.521476745605468750e-01
4.135225340723991394e-02
8.829210400581359863e-01
1.358646899461746216e-03
9.873481988906860352e-01
3.039866089820861816e-01
7.227255702018737793e-01
6.893635988235473633e-01
9.934245347976684570e-01
1.215762458741664886e-03
7.213097810745239258e-01
6.347874999046325684e-01
9.324911050498485565e-03
1.214117393828928471e-03
6.757950186729431152e-01
1.316828746348619461e-02
5.370351076126098633e-01
7.157574594020843506e-02
9.353633522987365723e-01
7.457463145256042480e-01
1.454749703407287598e-01
3.364843130111694336e-01
8.259865045547485352e-01
4.681112617254257202e-02
9.152884595096111298e-03
9.574544429779052734e-01
9.206559062004089355e-01
1.652331324294209480e-03
7.968924641609191895e-01
9.623552560806274414e-01
6.616396363824605942e-03
2.995136976242065430e-01
9.877008199691772461e-01
7.444380968809127808e-02
1.203385367989540100e-01
3.551951646804809570e-01
7.425581216812133789e-01
2.496841996908187866e-01
2.014009281992912292e-02
8.986539840698242188e-01
5.640490651130676270e-01
3.032524287700653076e-01
9.530594348907470703e-01
5.402551293373107910e-01
9.078514575958251953e-02
8.992602229118347168e-01
8.118277192115783691e-01
3.817783668637275696e-03
9.867022633552551270e-01
9.467403292655944824e-01
9.058217704296112061e-02
5.150903388857841492e-02
5.684826523065567017e-02
1.402777712792158127e-02
1.758223399519920349e-02
9.554830193519592285e-01
9.196482598781585693e-03
3.864509165287017822e-01
8.686203360557556152e-01
6.669850647449493408e-02
2.997157350182533264e-02
4.409613013267517090e-01
9.937037825584411621e-01
1.603742092847824097e-01
9.635049104690551758e-01
5.351189151406288147e-02
6.066362839192152023e-04
9.241501688957214355e-01
6.754073500633239746e-01
9.029148221015930176e-01
1.439690589904785156e-01
3.390248864889144897e-03
9.386037588119506836e-01
9.884516000747680664e-01
5.943130254745483398e-01
5.804840475320816040e-03
5.369609594345092773e-01
1.724435240030288696e-01
6.255577206611633301e-01
8.874294348061084747e-03
9.244482517242431641e-01
7.592334598302841187e-02
7.310789227485656738e-01
3.635368943214416504e-01
1.340028550475835800e-02
5.077424645423889160e-02
6.516369432210922241e-02
9.424082040786743164e-01
6.750787142664194107e-04
8.604291081428527832e-01
9.742655605077743530e-02
1.069151908159255981e-01
2.458917796611785889e-01
9.357450604438781738e-01
1.070002019405364990e-01
8.721022605895996094e-01
2.676784992218017578e-01
1.473264419473707676e-03
5.457010120153427124e-03
4.122671484947204590e-01
4.139942117035388947e-03
7.583203315734863281e-01
9.627712965011596680e-01
1.498080790042877197e-01
8.997429609298706055e-01
4.717132151126861572e-01
3.714197874069213867e-01
9.450585246086120605e-01
1.256292015314102173e-01
1.182858720421791077e-01
1.024064328521490097e-02
5.015787482261657715e-01
3.604760393500328064e-03
2.416310310363769531e-01
9.922831654548645020e-01
9.878517389297485352e-01
3.000460565090179443e-01
8.342114090919494629e-02
