6.186414975672960281e-05
5.105676595121622086e-03
9.925854802131652832e-01
9.996725320816040039e-01
9.925044775009155273e-01
9.956219792366027832e-01
9.936876893043518066e-01
1.462167710997164249e-05
9.816878437995910645e-01
9.997178912162780762e-01
1.141462940722703934e-03
2.422366524115204811e-03
9.998348951339721680e-01
9.996353387832641602e-01
9.994367957115173340e-01
2.105595078319311142e-03
1.264221355086192489e-04
7.259005360538139939e-05
6.291092634201049805e-01
2.450253069400787354e-02
9.251337647438049316e-01
9.980823993682861328e-01
5.613463521003723145e-01
8.681753277778625488e-01
9.999364614486694336e-01
1.022573211230337620e-03
7.104031741619110107e-03
9.206449985504150391e-02
1.068069860339164734e-01
9.992308616638183594e-01
9.926642179489135742e-01
1.645728759467601776e-02
4.675745032727718353e-03
1.136330305598676205e-03
9.995006322860717773e-01
9.992612004280090332e-01
9.997913241386413574e-01
2.531255595386028290e-03
1.586808636784553528e-02
1.730905845761299133e-03
9.997443556785583496e-01
9.965182542800903320e-01
9.994629025459289551e-01
9.933301806449890137e-01
1.593484892509877682e-03
9.980708956718444824e-01
2.802668022923171520e-04
9.998346567153930664e-01
2.651546965353190899e-04
5.288481042953208089e-05
7.954206317663192749e-03
9.996209144592285156e-01
9.999061822891235352e-01
3.390252888202667236e-01
9.320366978645324707e-01
9.997820258140563965e-01
2.037118611042387784e-05
9.989243149757385254e-01
3.328972682356834412e-02
9.582004547119140625e-01
2.468335151206701994e-05
1.609104126691818237e-02
7.960394024848937988e-01
9.962974190711975098e-01
1.446077385480748489e-05
4.306559264659881592e-02
6.906903386116027832e-01
3.839733253698796034e-04
7.783824112266302109e-03
9.959303736686706543e-01
2.956167445518076420e-04
7.461030483245849609e-01
9.812077283859252930e-01
9.630733728408813477e-01
9.997335076332092285e-01
9.426543116569519043e-01
9.841315150260925293e-01
5.250529646873474121e-01
4.897709935903549194e-02
2.005537897348403931e-01
9.990579485893249512e-01
4.490225017070770264e-02
9.523397088050842285e-01
9.989743232727050781e-01
9.999467134475708008e-01
7.660953998565673828e-01
9.936282634735107422e-01
2.540667308494448662e-03
5.562997102970257401e-05
2.864105626940727234e-04
8.919659256935119629e-02
9.263910651206970215e-01
3.770443797111511230e-02
3.392111975699663162e-04
8.948803879320621490e-04
3.041556628886610270e-04
8.802924752235412598e-01
9.994097948074340820e-01
9.604535298421978951e-04
9.977779984474182129e-01
5.101519823074340820e-01
3.436112310737371445e-04
2.391828638792503625e-05
7.463132143020629883e-01
9.994201660156250000e-01
5.372883081436157227e-01
7.735241670161485672e-03
9.987853169441223145e-01
9.999670982360839844e-01
9.741129875183105469e-01
7.740767002105712891e-01
9.997795224189758301e-01
9.999575614929199219e-01
8.780620694160461426e-01
2.473694738000631332e-03
2.782266892609186471e-05
5.288481042953208089e-05
5.988891352899372578e-04
9.999345541000366211e-01
6.331910192966461182e-02
1.435662508010864258e-01
8.626518845558166504e-01
2.498208731412887573e-01
3.277859985828399658e-01
9.983825683593750000e-01
9.598551392555236816e-01
9.997215867042541504e-01
9.997761845588684082e-01
3.241556584835052490e-01
1.499714708188548684e-04
9.998198151588439941e-01
9.799972772598266602e-01
9.992417097091674805e-01
7.320212125778198242e-01
9.998611211776733398e-01
9.968919157981872559e-01
8.120105862617492676e-01
4.846933856606483459e-02
1.369907113257795572e-05
9.996881484985351562e-01
9.930221438407897949e-01
1.106019541621208191e-01
9.088807739317417145e-03
6.316239833831787109e-01
9.923789501190185547e-01
5.168950185179710388e-03
2.500661015510559082e-01
9.918161034584045410e-01
2.549388445913791656e-02
9.404091835021972656e-01
9.204131960868835449e-01
9.974179267883300781e-01
1.340560615062713623e-01
9.977460503578186035e-01
2.526541054248809814e-01
4.350737109780311584e-02
6.102537512779235840e-01
9.869807362556457520e-01
9.994631409645080566e-01
6.285060080699622631e-04
1.109637320041656494e-01
1.679772324860095978e-02
9.773772358894348145e-01
9.986262321472167969e-01
9.971389770507812500e-01
9.998700618743896484e-01
7.343396078795194626e-03
4.239936769008636475e-01
8.883653208613395691e-03
9.999256134033203125e-01
9.903152585029602051e-01
1.328862417722120881e-04
7.438358664512634277e-01
9.998130202293395996e-01
4.455767944455146790e-02
9.121046066284179688e-01
9.099168181419372559e-01
9.979735016822814941e-01
8.697913885116577148e-01
9.983959794044494629e-01
9.879211187362670898e-01
9.966500401496887207e-01
2.401656471192836761e-03
9.422455914318561554e-04
9.895295500755310059e-01
5.098139081383123994e-05
7.633762359619140625e-01
9.992036223411560059e-01
5.477498173713684082e-01
9.999196529388427734e-01
9.996508359909057617e-01
4.291180968284606934e-01
9.995268583297729492e-01
9.938145056366920471e-03
9.990983009338378906e-01
9.999101161956787109e-01
9.991494417190551758e-01
8.107581138610839844e-01
9.502584338188171387e-01
1.658134897297713906e-05
4.019782841205596924e-01
9.971734285354614258e-01
1.079690307378768921e-01
2.874343395233154297e-01
2.611552190501242876e-04
9.510655403137207031e-01
1.474942918866872787e-02
9.905243515968322754e-01
3.263474702835083008e-01
2.377030700445175171e-01
2.224706695415079594e-04
4.932738840579986572e-01
7.460453081876039505e-03
7.668476700782775879e-01
1.551574561744928360e-03
2.316549420356750488e-03
3.173647448420524597e-02
9.990065693855285645e-01
5.734316706657409668e-01
1.106848139897920191e-05
9.721738100051879883e-01
2.521589703974314034e-05
9.839009642601013184e-01
9.999480247497558594e-01
9.964978694915771484e-01
2.262866683304309845e-02
6.982529759407043457e-01
9.999278783798217773e-01
9.997945427894592285e-01
6.106452783569693565e-04
9.999132156372070312e-01
9.997257590293884277e-01
9.963165521621704102e-01
9.993102550506591797e-01
9.999450445175170898e-01
1.302136341109871864e-03
9.998998641967773438e-01
9.988948702812194824e-01
4.584747366607189178e-03
8.970499766292050481e-05
1.815612018108367920e-01
9.991056323051452637e-01
5.802568420767784119e-02
1.627930614631623030e-04
9.852576851844787598e-01
1.837130839703604579e-04
2.529863195377402008e-05
9.998351335525512695e-01
9.805856347084045410e-01
5.016793310642242432e-02
9.994482398033142090e-01
9.999526739120483398e-01
3.355199005454778671e-03
9.998102784156799316e-01
7.178376913070678711e-01
8.272010684013366699e-01
5.236011202214285731e-05
2.687809169292449951e-01
9.999201297760009766e-01
1.815424114465713501e-02
9.777038097381591797e-01
1.196459867060184479e-03
9.995883107185363770e-01
9.980480670928955078e-01
6.278085638768970966e-04
6.659354548901319504e-03
9.972502589225769043e-01
6.675821350654587150e-05
4.481145879253745079e-04
9.502580165863037109e-01
9.933023452758789062e-01
7.968782186508178711e-01
5.251919627189636230e-01
3.050441155210137367e-03
8.370155841112136841e-02
4.870516955852508545e-01
5.293135531246662140e-03
9.998443126678466797e-01
9.749829173088073730e-01
9.994107484817504883e-01
9.347751736640930176e-01
6.652616895735263824e-03
9.862200822681188583e-04
8.948432281613349915e-03
3.686339035630226135e-02
9.998526573181152344e-01
1.177204423584043980e-03
1.529288142919540405e-01
9.945435523986816406e-01
2.328600021428428590e-05
1.172224525362253189e-03
1.615038067102432251e-01
4.208533167839050293e-01
1.167348586022853851e-02
6.098016165196895599e-03
6.759404204785823822e-04
1.027576923370361328e-01
1.376173347234725952e-01
5.319814682006835938e-01
9.711558222770690918e-01
2.873551966331433505e-05
9.023207426071166992e-01
2.966232895851135254e-01
9.989812970161437988e-01
9.745047688484191895e-01
9.185063242912292480e-01
3.181556530762463808e-05
2.499725297093391418e-02
9.850893616676330566e-01
6.620089057832956314e-03
9.999248981475830078e-01
9.676539897918701172e-01
9.997391104698181152e-01
9.668471813201904297e-01
5.375411637942306697e-05
5.255597084760665894e-02
9.651380181312561035e-01
1.654276102781295776e-01
9.821354150772094727e-01
9.918656945228576660e-01
9.987677335739135742e-01
9.982467889785766602e-01
9.659554362297058105e-01
3.609349951148033142e-04
6.221925616264343262e-01
9.983100891113281250e-01
9.998377561569213867e-01
1.248786109499633312e-03
8.844623565673828125e-01
7.166628260165452957e-03
1.500530634075403214e-03
6.680263578891754150e-02
7.569280266761779785e-01
1.844022125005722046e-01
9.999390840530395508e-01
9.458388686180114746e-01
1.647682511247694492e-04
9.966081380844116211e-01
2.182851312682032585e-03
6.062937974929809570e-01
2.101399237290024757e-03
1.100508306990377605e-04
9.365831613540649414e-01
1.521430909633636475e-01
9.975152015686035156e-01
9.573578834533691406e-02
7.384601831436157227e-01
8.740136027336120605e-01
9.998762607574462891e-01
4.902982711791992188e-01
4.580000638961791992e-01
9.417834281921386719e-01
8.528591394424438477e-01
1.724414469208568335e-04
1.809063851833343506e-01
8.370202183723449707e-01
9.997681975364685059e-01
9.924541115760803223e-01
2.488291822373867035e-02
7.832419942133128643e-05
1.993359997868537903e-02
5.834004878997802734e-01
8.921580314636230469e-01
7.932022809982299805e-01
3.680641949176788330e-02
9.778730869293212891e-01
1.545106433331966400e-02
1.353687234222888947e-02
9.977669715881347656e-01
9.992092847824096680e-01
1.186013668775558472e-01
2.341131865978240967e-01
2.061331724689807743e-05
9.998894929885864258e-01
2.812821730913128704e-05
1.802727929316461086e-04
1.422753464430570602e-02
9.791235923767089844e-01
9.997432827949523926e-01
9.986029267311096191e-01
9.985529780387878418e-01
3.625733852386474609e-01
5.843219161033630371e-01
9.996712207794189453e-01
8.670521974563598633e-01
4.229360260069370270e-03
3.208603709936141968e-02
5.351949948817491531e-03
9.999605417251586914e-01
9.996501207351684570e-01
1.486163964727893472e-04
4.844942316412925720e-02
9.954105019569396973e-01
3.040589392185211182e-01
9.998837709426879883e-01
2.697266638278961182e-01
9.988106489181518555e-01
6.369687914848327637e-01
9.998606443405151367e-01
1.151820179075002670e-03
9.990115165710449219e-01
7.957553118467330933e-02
9.998134970664978027e-01
9.996720552444458008e-01
3.259733202867209911e-04
5.150430370122194290e-04
1.465427572838962078e-03
1.306473044678568840e-03
9.996121525764465332e-01
1.882953792810440063e-01
3.962198495864868164e-01
9.997398257255554199e-01
1.185209304094314575e-02
6.853998452425003052e-02
9.895005822181701660e-01
9.997463822364807129e-01
9.996120333671569824e-01
2.146369777619838715e-02
9.959641695022583008e-01
9.996380805969238281e-01
7.248683571815490723e-01
3.727147355675697327e-02
9.999016523361206055e-01
8.387182652950286865e-02
7.105801701545715332e-01
9.998937845230102539e-01
9.975923895835876465e-01
1.541787981986999512e-01
4.765972793102264404e-01
7.659438997507095337e-03
3.222149389330297709e-04
9.927883744239807129e-01
7.532411813735961914e-02
1.600926741957664490e-02
7.330767512321472168e-01
3.110421588644385338e-03
3.421780839562416077e-02
6.966057419776916504e-01
1.704606041312217712e-02
3.042421042919158936e-01
5.270283203572034836e-03
6.055777339497581124e-05
9.993236064910888672e-01
9.997170567512512207e-01
3.120799362659454346e-02
2.226169034838676453e-02
1.108327764086425304e-03
9.978764057159423828e-01
9.992687106132507324e-01
9.674327969551086426e-01
9.983813762664794922e-01
1.091242060065269470e-01
7.088441848754882812e-01
9.989095926284790039e-01
9.917451739311218262e-01
5.906688049435615540e-03
1.053552987286821008e-04
3.012702800333499908e-03
3.707613945007324219e-01
9.998842477798461914e-01
3.047824837267398834e-03
1.859094500541687012e-01
2.707507908344268799e-01
1.468175832997076213e-05
9.995195865631103516e-01
9.853771328926086426e-01
1.243364885449409485e-01
9.998199343681335449e-01
9.862377643585205078e-01
9.031984210014343262e-01
4.079953214386478066e-05
9.997461438179016113e-01
9.990833997726440430e-01
3.475109040737152100e-01
9.011455404106527567e-05
9.822054505348205566e-01
9.978803396224975586e-01
1.853734574979171157e-04
9.947007894515991211e-01
9.809104800224304199e-01
2.801818549633026123e-01
9.351744055747985840e-01
8.708451986312866211e-01
9.951627254486083984e-01
9.115275740623474121e-01
9.967550635337829590e-01
9.249694347381591797e-01
1.793180563254281878e-04
3.458941727876663208e-02
5.917473026784136891e-05
1.698792038951069117e-04
9.918517470359802246e-01
9.884500503540039062e-01
9.993050098419189453e-01
4.193305969238281250e-01
4.637276288121938705e-04
9.656320810317993164e-01
5.601277351379394531e-01
1.523523628711700439e-01
4.064799472689628601e-02
9.992844462394714355e-01
9.937274456024169922e-01
1.044653542339801788e-02
7.317635416984558105e-01
9.994466900825500488e-01
4.589504562318325043e-03
9.996242523193359375e-01
1.064953114837408066e-02
9.897220730781555176e-01
2.399941533803939819e-01
1.870610751211643219e-02
9.999564886093139648e-01
2.150701620848849416e-04
9.999146461486816406e-01
3.885734826326370239e-02
4.286156594753265381e-02
9.478108882904052734e-01
6.160469055175781250e-01
9.881387352943420410e-01
6.871604323387145996e-01
4.086396656930446625e-03
8.844623565673828125e-01
1.748350798152387142e-03
9.906949996948242188e-01
4.748441278934478760e-03
9.992957115173339844e-01
4.943873360753059387e-02
1.012514694593846798e-03
9.999278783798217773e-01
2.096877324220258743e-05
6.570603582076728344e-04
9.997153878211975098e-01
9.994875192642211914e-01
1.651748120784759521e-01
5.280084013938903809e-01
9.981421232223510742e-01
1.141052097082138062e-01
2.654453217983245850e-01
9.629312157630920410e-01
1.479927748441696167e-01
2.404840430244803429e-03
9.999139308929443359e-01
8.273864388465881348e-01
9.977235198020935059e-01
3.405004739761352539e-01
3.082226812839508057e-01
1.058220095728756860e-05
9.998712539672851562e-01
8.140482532326132059e-05
6.114922929555177689e-03
5.428933072835206985e-03
1.899243332445621490e-02
9.657361507415771484e-01
9.996428489685058594e-01
2.463508397340774536e-03
9.568076133728027344e-01
9.937281608581542969e-01
9.995781779289245605e-01
8.865632414817810059e-01
9.999104738235473633e-01
9.312232732772827148e-01
1.365522947162389755e-02
9.994726777076721191e-01
8.303020596504211426e-01
9.971767663955688477e-01
1.410089898854494095e-02
4.806698707398027182e-04
7.035314920358359814e-04
2.103266865015029907e-02
1.858017146587371826e-01
1.195386517792940140e-02
3.149280250072479248e-01
9.999109506607055664e-01
1.672914251685142517e-02
2.223494648933410645e-02
3.914407454431056976e-03
9.994357228279113770e-01
9.663470983505249023e-01
1.725290268659591675e-01
9.843338131904602051e-01
9.973230957984924316e-01
8.152768015861511230e-01
3.384892642498016357e-01
9.999501705169677734e-01
4.570372998714447021e-01
9.201452485285699368e-04
9.974718093872070312e-01
9.140073657035827637e-01
9.743578433990478516e-01
5.396744012832641602e-01
9.996162652969360352e-01
9.943628311157226562e-01
6.061531021259725094e-04
9.998269677162170410e-01
9.992983341217041016e-01
9.992780089378356934e-01
5.701964497566223145e-01
9.999562501907348633e-01
2.709582440729718655e-05
1.846078783273696899e-02
7.350248051807284355e-05
3.826247900724411011e-02
2.643823157995939255e-03
9.997759461402893066e-01
7.218219805508852005e-03
5.518442988395690918e-01
9.998937845230102539e-01
4.643980355467647314e-04
9.202354550361633301e-01
9.995769858360290527e-01
8.084821105003356934e-01
9.993460774421691895e-01
9.945085644721984863e-01
1.172864460386335850e-03
2.231709004263393581e-05
3.346268931636586785e-05
9.998114705085754395e-01
9.847854375839233398e-01
7.376103401184082031e-01
9.987205862998962402e-01
9.732277393341064453e-01
2.583663538098335266e-02
9.999334812164306641e-01
9.877980351448059082e-01
8.212719559669494629e-01
5.517490506172180176e-01
1.188702657818794250e-01
9.998044371604919434e-01
9.997382760047912598e-01
9.999002218246459961e-01
9.933995008468627930e-01
9.790793657302856445e-01
9.997677206993103027e-01
5.374203622341156006e-02
9.998545646667480469e-01
4.562176764011383057e-05
9.280386567115783691e-01
8.540713042020797729e-02
4.143130034208297729e-03
7.878012210130691528e-02
1.973945647478103638e-02
1.797696604626253247e-04
9.999504089355468750e-01
2.788360975682735443e-02
9.997439980506896973e-01
9.501050710678100586e-01
9.915544390678405762e-01
5.789593458175659180e-01
9.827494621276855469e-01
9.998800754547119141e-01
9.394035935401916504e-01
1.686511444859206676e-03
9.998743534088134766e-01
6.818137168884277344e-01
9.993002414703369141e-01
1.630896585993468761e-04
4.040491185151040554e-04
6.140866875648498535e-01
9.971983432769775391e-01
4.139046072959899902e-01
3.294529020786285400e-02
9.975265860557556152e-01
1.768713991623371840e-04
2.421902269124984741e-01
8.706746697425842285e-01
9.400562644004821777e-01
9.983049631118774414e-01
7.653883844614028931e-02
9.974083304405212402e-01
4.216175898909568787e-02
8.572126030921936035e-01
3.460998181253671646e-03
8.774673187872394919e-05
4.996227845549583435e-02
2.866863906383514404e-01
9.478124976158142090e-01
5.807597637176513672e-01
3.257804200984537601e-04
9.513403177261352539e-01
9.227135777473449707e-01
9.998834133148193359e-01
9.994406104087829590e-01
7.194315548986196518e-03
9.998337030410766602e-01
9.979077577590942383e-01
8.960674405097961426e-01
3.876961272908374667e-05
2.139492630958557129e-01
1.402037560183089226e-05
1.339071459369733930e-04
5.576788680627942085e-04
5.974545478820800781e-01
9.978623986244201660e-01
5.633643865585327148e-01
6.759972125291824341e-02
1.669357152422890067e-04
9.271938204765319824e-01
1.841908134520053864e-02
7.711266167461872101e-03
9.993258714675903320e-01
9.994532465934753418e-01
3.601877987384796143e-01
3.377700224518775940e-02
9.898759722709655762e-01
1.541154051665216684e-04
1.159606687724590302e-02
4.102390448679216206e-05
1.970961987972259521e-01
9.990463852882385254e-01
8.456961512565612793e-01
1.180566940456628799e-02
7.788923685438930988e-04
6.001067534089088440e-02
9.998885393142700195e-01
1.336434930562973022e-01
3.689822554588317871e-01
9.999394416809082031e-01
6.844789981842041016e-01
9.996985197067260742e-01
2.559422254562377930e-01
6.389701366424560547e-01
9.949006438255310059e-01
3.008769999723881483e-04
6.684766411781311035e-01
5.207619164139032364e-03
9.068364500999450684e-01
9.986213445663452148e-01
8.080073166638612747e-05
9.996290206909179688e-01
9.998342990875244141e-01
1.765466332435607910e-01
9.887146734399721026e-05
9.981749057769775391e-01
1.254384219646453857e-01
2.958493540063500404e-03
9.975816011428833008e-01
6.879277825355529785e-01
5.758733749389648438e-01
9.995108842849731445e-01
9.999473094940185547e-01
9.882279038429260254e-01
1.729630748741328716e-03
9.854658842086791992e-01
7.038143277168273926e-01
1.992073096334934235e-02
3.620783798396587372e-03
9.981473684310913086e-01
8.577517271041870117e-01
9.994837045669555664e-01
9.923785924911499023e-01
7.949540019035339355e-01
9.993712306022644043e-01
9.995400905609130859e-01
9.917781352996826172e-01
3.414553105831146240e-01
5.242432234808802605e-04
4.210534505546092987e-03
9.999585151672363281e-01
4.908095797873102129e-05
9.728237986564636230e-01
1.576752838445827365e-04
9.992830157279968262e-01
4.968206211924552917e-02
9.992973804473876953e-01
1.353371329605579376e-02
3.216030017938464880e-05
5.054429639130830765e-03
9.914966821670532227e-01
5.786185264587402344e-01
8.283715248107910156e-01
3.357726037502288818e-01
8.236609697341918945e-01
9.726898074150085449e-01
2.615477442741394043e-01
1.067005023360252380e-01
1.618807315826416016e-01
1.485930532217025757e-01
4.111387729644775391e-01
9.872264266014099121e-01
5.443894267082214355e-01
1.114125712774693966e-03
9.971324205398559570e-01
9.977958202362060547e-01
9.999525547027587891e-01
9.757233858108520508e-01
9.436188936233520508e-01
5.863195285201072693e-03
4.992440715432167053e-02
6.169018894433975220e-02
2.126191556453704834e-01
2.607106289360672235e-04
1.500174130342202261e-05
7.977364584803581238e-03
1.025289595127105713e-01
9.998699426651000977e-01
9.993950128555297852e-01
9.996837377548217773e-01
1.763920933008193970e-01
9.839022755622863770e-01
9.978614449501037598e-01
9.273987263441085815e-03
6.225939393043518066e-01
3.979356915806420147e-05
3.611166477203369141e-01
3.669368103146553040e-03
4.740609973669052124e-02
3.679638321045786142e-04
9.997259974479675293e-01
9.999399185180664062e-01
9.988746047019958496e-01
8.327616453170776367e-01
7.520192265510559082e-01
8.832709789276123047e-01
6.568533182144165039e-01
9.730098099680617452e-05
9.996100068092346191e-01
9.957283139228820801e-01
2.160477265715599060e-02
7.997862249612808228e-02
9.692754745483398438e-01
9.982335567474365234e-01
9.992434978485107422e-01
1.522813690826296806e-03
5.320208147168159485e-04
4.300504806451499462e-04
9.998424053192138672e-01
9.883308410644531250e-01
9.918821454048156738e-01
6.288275867700576782e-02
9.966514706611633301e-01
9.883155822753906250e-01
9.973605275154113770e-01
1.219283323734998703e-03
9.655702710151672363e-01
9.947980642318725586e-01
9.995601773262023926e-01
7.145988056436181068e-04
9.996015429496765137e-01
9.408292770385742188e-01
2.644084393978118896e-01
9.991647005081176758e-01
9.993145465850830078e-01
9.998494386672973633e-01
9.581592082977294922e-01
9.994027614593505859e-01
3.730103839188814163e-03
7.906331419944763184e-01
4.899766445159912109e-01
9.999331235885620117e-01
9.998530149459838867e-01
5.779471620917320251e-02
2.396918171143624932e-05
9.999009370803833008e-01
2.287233364768326283e-04
3.208730369806289673e-03
1.661336427787318826e-04
2.570440992712974548e-02
9.972553849220275879e-01
7.767449598759412766e-03
3.185963630676269531e-01
9.982990622520446777e-01
9.985638260841369629e-01
8.596444129943847656e-01
5.906545370817184448e-02
9.993093013763427734e-01
9.994390606880187988e-01
9.906001091003417969e-01
6.688055992126464844e-01
2.959229648113250732e-01
1.478367776144295931e-04
9.513283371925354004e-01
3.883838355541229248e-01
2.739584597293287516e-04
6.923531889915466309e-01
9.941747784614562988e-01
5.069402977824211121e-03
9.994245767593383789e-01
9.269679784774780273e-01
9.117472171783447266e-02
8.880553650669753551e-05
7.696016132831573486e-02
2.103990409523248672e-04
9.999228715896606445e-01
9.967070221900939941e-01
9.994013309478759766e-01
1.549696177244186401e-02
3.497873842716217041e-01
9.857673645019531250e-01
9.283565878868103027e-01
9.994785189628601074e-01
9.608221054077148438e-01
3.428558111190795898e-01
8.812814354896545410e-01
9.862779974937438965e-01
8.288373053073883057e-02
9.589439141564071178e-04
9.997641444206237793e-01
5.943709053099155426e-03
9.998161196708679199e-01
8.256604671478271484e-01
2.094544761348515749e-04
9.878541827201843262e-01
4.232871287968009710e-05
7.261068820953369141e-01
3.836217224597930908e-01
9.557730555534362793e-01
5.207398906350135803e-03
9.767823815345764160e-01
9.972164630889892578e-01
8.068698458373546600e-03
3.014666400849819183e-02
5.495196819538250566e-05
9.974552989006042480e-01
9.986641407012939453e-01
9.733533263206481934e-01
1.300992518663406372e-01
8.508503437042236328e-03
1.029159873723983765e-02
9.995406866073608398e-01
9.995744824409484863e-01
1.076405678759329021e-04
4.245368391275405884e-02
9.084872603416442871e-01
8.483153767883777618e-03
9.725177288055419922e-01
5.014731548726558685e-03
6.678540110588073730e-01
1.793824252672493458e-03
1.485454122303053737e-04
5.229652523994445801e-01
6.516476273536682129e-01
1.144865382229909301e-04
1.323634851723909378e-02
2.518852651119232178e-01
9.998667240142822266e-01
8.947107126004993916e-04
9.991179108619689941e-01
9.999073743820190430e-01
1.071332138963043690e-03
9.872297644615173340e-01
9.909027218818664551e-01
9.999228715896606445e-01
1.201354432851076126e-03
2.962916158139705658e-02
2.596499919891357422e-01
9.547458291053771973e-01
9.997317194938659668e-01
2.020377141889184713e-04
9.990078806877136230e-01
1.897935180750209838e-05
2.061818959191441536e-04
1.969760487554594874e-04
1.879631308838725090e-04
9.942324757575988770e-01
9.998806715011596680e-01
6.362537741661071777e-01
9.960908293724060059e-01
4.569680988788604736e-01
9.995253086090087891e-01
4.827436804771423340e-01
9.636347293853759766e-01
2.440814822912216187e-01
9.997437596321105957e-01
6.182232173159718513e-04
9.993269443511962891e-01
9.999409914016723633e-01
5.615501868305727839e-05
2.600834995973855257e-04
6.196800677571445704e-05
9.997312426567077637e-01
2.005237340927124023e-01
9.998195767402648926e-01
6.832796148955821991e-03
5.128948396304622293e-05
2.407747786492109299e-03
5.903800129890441895e-01
4.605040303431451321e-04
9.997668862342834473e-01
9.958399534225463867e-01
2.230791375041007996e-03
9.982078075408935547e-01
5.767315742559731007e-04
9.985551238059997559e-01
1.295882160775363445e-03
9.981706142425537109e-01
1.850004494190216064e-01
2.629046887159347534e-02
8.441578745841979980e-01
2.117844269378110766e-05
6.283876299858093262e-01
8.290852904319763184e-01
9.504992961883544922e-01
9.652690291404724121e-01
5.478794574737548828e-01
7.784102559089660645e-01
9.999293088912963867e-01
3.634038148447871208e-05
9.993988275527954102e-01
9.999402761459350586e-01
9.999082088470458984e-01
1.453792210668325424e-02
2.725780905166175216e-05
9.990799427032470703e-01
9.967834949493408203e-01
2.541563881095498800e-04
9.648627042770385742e-01
2.333111464977264404e-01
9.994273185729980469e-01
1.377948559820652008e-02
3.380273282527923584e-02
1.750875671859830618e-04
9.993181228637695312e-01
6.780601739883422852e-01
9.967383742332458496e-01
8.366637825965881348e-01
9.995747208595275879e-01
9.510385394096374512e-01
9.990978240966796875e-01
3.501742780208587646e-01
9.991699457168579102e-01
5.387787241488695145e-04
9.616850018501281738e-01
9.997858405113220215e-01
9.956042766571044922e-01
6.362537741661071777e-01
8.489642143249511719e-01
9.993900060653686523e-01
1.035247296094894409e-01
4.415834555402398109e-04
7.462444901466369629e-01
9.997496008872985840e-01
9.705319098429754376e-05
2.284650690853595734e-04
7.282958030700683594e-01
9.991362690925598145e-01
2.590582007542252541e-04
9.943171143531799316e-01
7.944678664207458496e-01
3.142689238302409649e-04
9.648326039314270020e-01
1.778672076761722565e-02
9.997481703758239746e-01
9.994962215423583984e-01
5.511937197297811508e-03
9.994174242019653320e-01
7.183026173152029514e-05
9.338403940200805664e-01
5.075629800558090210e-02
7.937394976615905762e-01
1.280885335290804505e-04
8.632543683052062988e-01
1.341156894341111183e-04
1.252154936082661152e-03
9.812259078025817871e-01
9.997434020042419434e-01
9.932199120521545410e-01
5.734076257795095444e-03
9.955516457557678223e-01
1.072184182703495026e-02
9.791183471679687500e-01
9.963850975036621094e-01
9.988573789596557617e-01
9.990183115005493164e-01
8.715326189994812012e-01
4.436870221979916096e-04
7.051623463630676270e-01
9.781540632247924805e-01
9.030818007886409760e-03
9.992708563804626465e-01
7.715340852737426758e-01
9.994394183158874512e-01
9.921275377273559570e-01
9.992780089378356934e-01
9.990581870079040527e-01
9.829815030097961426e-01
6.791424006223678589e-03
9.938569664955139160e-01
1.939317677170038223e-03
9.267579317092895508e-01
9.382696151733398438e-01
9.999018907546997070e-01
9.997236132621765137e-01
9.977014660835266113e-01
9.998198151588439941e-01
1.094513718271628022e-04
1.195710897445678711e-02
9.651910662651062012e-01
6.282136440277099609e-01
1.134502090280875564e-04
1.065572141669690609e-03
9.997431635856628418e-01
8.349900245666503906e-01
9.987549781799316406e-01
1.992640458047389984e-02
5.992403626441955566e-01
7.570630908012390137e-01
3.316142261028289795e-01
9.098562598228454590e-01
1.967037916183471680e-01
9.422925114631652832e-02
1.210131267725955695e-05
1.177671644836664200e-02
9.995093345642089844e-01
9.939292669296264648e-01
9.984689354896545410e-01
1.992309540510177612e-01
9.494885802268981934e-01
9.958881735801696777e-01
9.603200554847717285e-01
9.934681057929992676e-01
9.999483823776245117e-01
9.956194758415222168e-01
9.071387648582458496e-01
9.998487234115600586e-01
9.993840456008911133e-01
4.568847119808197021e-01
1.196062192320823669e-03
1.376809901557862759e-03
3.481572202872484922e-04
3.462385535240173340e-01
9.458684921264648438e-01
3.461596134002320468e-05
9.235394597053527832e-01
9.998635053634643555e-01
1.393808126449584961e-01
1.580524491146206856e-03
8.616071343421936035e-01
2.823031099978834391e-04
1.002751960186287761e-04
1.498621255159378052e-01
9.989725351333618164e-01
9.943596720695495605e-01
9.997994303703308105e-01
9.996266365051269531e-01
9.994032382965087891e-01
4.889308288693428040e-02
6.749030947685241699e-02
1.324563100934028625e-02
5.994129242026247084e-05
9.995642304420471191e-01
9.993765950202941895e-01
9.832053780555725098e-01
8.156510591506958008e-01
5.034728348255157471e-02
9.557647705078125000e-01
2.539996639825403690e-04
8.951432108879089355e-01
3.578767791623249650e-05
8.864201903343200684e-01
2.249690145254135132e-02
9.949525594711303711e-01
9.993942975997924805e-01
9.998070597648620605e-01
4.778073707711882889e-05
9.999116659164428711e-01
9.136899113655090332e-01
6.002546548843383789e-01
9.998001456260681152e-01
8.325549364089965820e-01
9.983236193656921387e-01
1.758847236633300781e-01
7.839103937149047852e-01
9.812434315681457520e-01
9.997252821922302246e-01
9.998466968536376953e-01
8.518098592758178711e-01
7.628999948501586914e-01
4.101699742022901773e-04
5.654327273368835449e-01
9.994862079620361328e-01
9.993767142295837402e-01
9.810681939125061035e-01
9.993294477462768555e-01
6.426079273223876953e-01
7.495867903344333172e-04
2.722684741020202637e-01
9.997850060462951660e-01
6.164408114273101091e-05
1.238808967173099518e-03
2.294956594705581665e-01
9.998464584350585938e-01
2.965100342407822609e-03
7.285315950866788626e-05
6.313120014965534210e-03
1.109638105845078826e-04
9.874630486592650414e-04
9.996591806411743164e-01
8.933525085449218750e-01
1.008866261690855026e-02
4.033395089209079742e-05
2.410715073347091675e-02
9.973751306533813477e-01
6.831188201904296875e-01
6.377096176147460938e-01
9.355179667472839355e-01
2.455516005284152925e-05
7.089032442308962345e-04
7.766383350826799870e-05
1.686142757534980774e-02
9.971613883972167969e-01
9.996356964111328125e-01
9.998102784156799316e-01
9.844186305999755859e-01
9.986510872840881348e-01
9.736756086349487305e-01
4.276455845683813095e-03
6.642670035362243652e-01
1.152339791588019580e-05
9.240653514862060547e-01
7.744168490171432495e-02
5.399464964866638184e-01
9.980807304382324219e-01
9.990046620368957520e-01
5.355814355425536633e-04
3.441501557826995850e-01
2.231116173788905144e-03
9.982708692550659180e-01
1.493160612881183624e-02
1.126354336738586426e-01
6.158578395843505859e-01
9.992815852165222168e-01
9.989299178123474121e-01
9.987454414367675781e-01
9.998397827148437500e-01
9.990691542625427246e-01
7.368790193140739575e-06
7.104577124118804932e-02
9.609602093696594238e-01
9.865366816520690918e-01
1.067349570803344250e-03
9.978314042091369629e-01
1.690279543399810791e-01
8.496060967445373535e-01
1.311952131800353527e-03
2.198393194703385234e-04
7.845159769058227539e-01
3.173447330482304096e-04
1.258719130419194698e-03
9.986501336097717285e-01
7.839103937149047852e-01
9.597656726837158203e-01
9.124623239040374756e-02
1.043848097324371338e-01
2.354388590902090073e-03
4.369489550590515137e-01
5.879093660041689873e-04
1.991762983379885554e-04
6.298284530639648438e-01
6.888296604156494141e-01
9.972587823867797852e-01
9.994263648986816406e-01
9.972023963928222656e-01
9.999195337295532227e-01
8.882439732551574707e-01
3.122825000900775194e-04
9.994280934333801270e-01
8.859318494796752930e-01
6.856407523155212402e-01
1.180293853394687176e-03
6.938042640686035156e-01
9.077218770980834961e-01
5.837637186050415039e-01
9.997515082359313965e-01
9.997401833534240723e-01
9.821356534957885742e-01
6.080071907490491867e-03
2.837903331965208054e-03
6.408930057659745216e-04
9.977553486824035645e-01
1.132951676845550537e-01
1.043883711099624634e-01
7.277403958141803741e-03
5.028230225434526801e-05
3.805118799209594727e-01
1.232549548149108887e-01
9.994294047355651855e-01
8.966053428594022989e-06
8.305691480636596680e-01
9.893277287483215332e-01
8.471593901049345732e-06
9.998495578765869141e-01
9.998779296875000000e-01
9.972184896469116211e-01
2.535968786105513573e-03
6.504378914833068848e-01
9.999226331710815430e-01
1.457617763662710786e-04
8.246872457675635815e-04
9.988301396369934082e-01
7.779086008667945862e-03
9.993895292282104492e-01
9.862403273582458496e-01
8.154205046594142914e-03
9.996343851089477539e-01
9.333614110946655273e-01
9.986205101013183594e-01
9.848470687866210938e-01
3.517287783324718475e-03
1.685327617451548576e-03
1.534482726128771901e-05
5.496024095918983221e-05
8.996205329895019531e-01
7.655168701603543013e-06
9.994450211524963379e-01
4.192372318357229233e-03
9.972518086433410645e-01
9.998964071273803711e-01
8.473401069641113281e-01
2.840406298637390137e-01
1.823519996833056211e-04
6.964213401079177856e-02
9.999077320098876953e-01
8.776806294918060303e-03
7.368573918938636780e-03
8.594272136688232422e-01
9.089818596839904785e-01
9.963339567184448242e-01
9.299448132514953613e-01
2.212032995885238051e-05
9.725939035415649414e-01
9.773270487785339355e-01
1.051660728990100324e-05
1.240950776264071465e-03
9.986762404441833496e-01
3.744006156921386719e-01
6.870484948158264160e-01
8.807884454727172852e-01
9.404824972152709961e-01
7.615718059241771698e-04
9.971332550048828125e-01
3.364798426628112793e-02
9.695447683334350586e-01
9.717922806739807129e-01
9.520480036735534668e-01
8.480811864137649536e-02
8.797243237495422363e-01
9.998815059661865234e-01
9.727594852447509766e-01
9.997989535331726074e-01
9.993276596069335938e-01
9.999583959579467773e-01
4.189514741301536560e-02
2.682440280914306641e-01
9.994988441467285156e-01
3.079684975091367960e-04
3.183043736498802900e-05
5.530558824539184570e-01
7.228534668684005737e-02
7.421661284752190113e-04
9.962726831436157227e-01
1.406822651624679565e-01
8.714364171028137207e-01
3.911890555173158646e-03
5.796530283987522125e-03
9.994503855705261230e-01
3.768473267555236816e-01
9.991354346275329590e-01
2.659280411899089813e-02
4.418426397023722529e-05
1.398870069533586502e-02
4.933482341584749520e-05
9.970049262046813965e-01
9.988478422164916992e-01
9.995990395545959473e-01
9.990142583847045898e-01
3.646015748381614685e-02
9.998948574066162109e-01
9.998341798782348633e-01
9.994993209838867188e-01
9.678804278373718262e-01
1.799988150596618652e-01
4.417727177496999502e-04
5.935457884334027767e-04
9.810857772827148438e-01
1.977995187044143677e-01
3.296996874269098043e-05
7.289611734449863434e-03
9.998689889907836914e-01
4.360297620296478271e-01
1.171182884718291461e-04
1.330523518845438957e-04
9.571197628974914551e-01
3.687293082475662231e-02
3.936106562614440918e-01
5.323895812034606934e-01
9.870808720588684082e-01
7.746656046947464347e-05
9.973009228706359863e-01
9.618475437164306641e-01
5.138645879924297333e-03
2.167804911732673645e-02
7.752227187156677246e-01
9.998641014099121094e-01
2.160561271011829376e-03
9.997467398643493652e-01
9.397687315940856934e-01
9.998725652694702148e-01
5.936058610677719116e-02
9.998834133148193359e-01
8.443756814813241363e-05
9.995092153549194336e-01
2.572617086116224527e-05
9.892212152481079102e-01
9.996187686920166016e-01
8.810973763465881348e-01
4.930937886238098145e-01
9.962754249572753906e-01
9.344938397407531738e-01
2.340348251163959503e-02
4.069683607667684555e-03
1.959129422903060913e-02
9.553412795066833496e-01
9.998812675476074219e-01
2.426243881927803159e-04
2.470180043019354343e-04
2.170929918065667152e-03
9.503774046897888184e-01
1.001032342173857614e-05
9.996502399444580078e-01
9.999059438705444336e-01
5.327382124960422516e-03
1.372206606902182102e-03
8.688823319971561432e-03
3.466750979423522949e-01
6.837052758783102036e-03
5.081104636192321777e-01
1.138034258474363014e-05
1.158115810540039092e-05
8.718073368072509766e-01
4.051212668418884277e-01
1.406097784638404846e-03
1.173243344965158030e-05
1.714720763266086578e-02
8.396168947219848633e-01
9.969148635864257812e-01
1.960459500551223755e-01
9.279285669326782227e-01
9.875368475914001465e-01
7.532098889350891113e-01
7.113062747521325946e-05
9.997941851615905762e-01
1.231849746545776725e-04
9.998270869255065918e-01
2.573419809341430664e-01
9.892396926879882812e-01
4.763627052307128906e-01
9.283673763275146484e-01
9.994146823883056641e-01
5.779722332954406738e-01
5.306159146130084991e-03
1.361319737043231726e-04
3.518004814395681024e-05
9.991896748542785645e-01
5.194885134696960449e-01
2.629982482176274061e-04
9.998675584793090820e-01
8.607467412948608398e-01
1.810400933027267456e-02
2.628330290317535400e-01
3.903147066012024879e-03
1.249298074981197715e-04
1.178843594971112907e-04
9.916178584098815918e-01
9.881756305694580078e-01
9.999351501464843750e-01
7.013000249862670898e-01
9.973165392875671387e-01
9.972839355468750000e-01
5.215156078338623047e-01
9.998511075973510742e-01
9.983161687850952148e-01
2.078023739159107208e-03
9.999637603759765625e-01
8.347371220588684082e-01
3.306403290480375290e-03
1.433428190648555756e-02
9.994969367980957031e-01
9.995655417442321777e-01
9.951726533472537994e-04
9.741864800453186035e-01
1.990663260221481323e-01
9.993188381195068359e-01
9.998854398727416992e-01
4.408573295222595334e-05
3.121290123090147972e-03
9.831697940826416016e-01
3.072546678595244884e-04
9.997386336326599121e-01
4.119195342063903809e-01
5.121375918388366699e-01
9.783236980438232422e-01
7.375012636184692383e-01
2.712486386299133301e-01
4.637235542759299278e-05
8.688531070947647095e-02
9.996341466903686523e-01
9.950782060623168945e-01
9.854592084884643555e-01
9.944903850555419922e-01
9.996438026428222656e-01
3.266034764237701893e-05
9.995976090431213379e-01
9.025729894638061523e-01
8.921965956687927246e-01
9.983341097831726074e-01
4.166390281170606613e-04
6.260284781455993652e-01
3.885216312482953072e-03
7.829406261444091797e-01
2.195501838286872953e-05
9.999394416809082031e-01
4.123780236113816500e-04
4.257183521986007690e-03
9.999074935913085938e-01
9.998179078102111816e-01
9.990377426147460938e-01
9.991901516914367676e-01
6.253263447433710098e-03
9.999524354934692383e-01
2.248561382293701172e-01
2.622195752337574959e-04
2.309684008359909058e-01
3.035664267372339964e-04
9.998354911804199219e-01
9.937445521354675293e-01
1.024702265858650208e-01
9.988251328468322754e-01
9.997051358222961426e-01
2.641111786942929029e-04
8.195441365242004395e-01
8.214693069458007812e-01
9.706547260284423828e-01
4.791896641254425049e-01
1.304771740251453593e-05
9.997755885124206543e-01
9.974023699760437012e-01
9.768663048744201660e-01
9.986510872840881348e-01
9.993220567703247070e-01
6.801992654800415039e-01
9.930058121681213379e-01
2.556956708431243896e-01
2.434135181829333305e-03
1.656792359426617622e-03
2.155060507357120514e-02
9.992265701293945312e-01
1.584321260452270508e-02
4.241428375244140625e-01
3.166418289765715599e-03
7.887107729911804199e-01
9.999289512634277344e-01
9.941723942756652832e-01
9.998366832733154297e-01
9.706194996833801270e-01
1.052720472216606140e-03
7.623460888862609863e-01
9.982768297195434570e-01
9.796212911605834961e-01
2.945668064057826996e-03
9.996682405471801758e-01
9.980352520942687988e-01
9.986523985862731934e-01
9.626502990722656250e-01
1.058048289269208908e-02
9.576774239540100098e-01
3.815875388681888580e-04
8.235318586230278015e-03
8.907262086868286133e-01
1.861095188360195607e-05
7.203430533409118652e-01
1.149481860920786858e-03
8.523116707801818848e-01
4.440524615347385406e-03
7.398182898759841919e-02
9.990018010139465332e-01
9.916149377822875977e-01
9.996422529220581055e-01
4.440470337867736816e-01
7.987595796585083008e-01
4.549068107735365629e-04
4.428178726811893284e-05
1.326792538166046143e-01
9.520429968833923340e-01
1.803100225515663624e-03
9.998862743377685547e-01
5.114034749567508698e-03
9.996489286422729492e-01
9.999387264251708984e-01
9.996165037155151367e-01
9.964233040809631348e-01
3.062838368350639939e-05
9.874689579010009766e-01
9.857425689697265625e-01
6.985083222389221191e-01
9.984747767448425293e-01
9.996936321258544922e-01
9.971682429313659668e-01
9.992170333862304688e-01
9.996539354324340820e-01
9.999208450317382812e-01
9.993185997009277344e-01
9.898989796638488770e-01
9.990049004554748535e-01
3.008105704793706536e-05
9.986300468444824219e-01
2.328810393810272217e-01
8.800500631332397461e-02
9.997733235359191895e-01
3.567842941265553236e-05
2.108292281627655029e-02
6.202386021614074707e-01
7.704264670610427856e-02
7.141317129135131836e-01
9.989753961563110352e-01
4.397550821304321289e-01
3.619148919824510813e-04
9.998289346694946289e-01
9.967880249023437500e-01
9.998538494110107422e-01
9.998772144317626953e-01
9.912680387496948242e-01
5.688313245773315430e-01
9.534531831741333008e-01
9.993624091148376465e-01
9.999126195907592773e-01
9.996569156646728516e-01
7.204896246548742056e-05
7.392499446868896484e-01
4.330215742811560631e-04
9.997143149375915527e-01
9.447038173675537109e-01
4.686917964136227965e-05
9.997267127037048340e-01
9.524730443954467773e-01
9.996376037597656250e-01
4.876232445240020752e-01
9.623647332191467285e-01
9.998556375503540039e-01
1.057682442478835583e-03
9.705946445465087891e-01
8.322709798812866211e-01
3.157615661621093750e-01
1.356948341708630323e-04
9.468318223953247070e-01
9.534168839454650879e-01
1.417961757397279143e-04
9.998794794082641602e-01
2.248796663479879498e-04
1.846844912506639957e-03
7.948124408721923828e-01
6.200831532478332520e-01
9.791963696479797363e-01
9.997745156288146973e-01
9.743434786796569824e-01
9.602040052413940430e-01
9.998846054077148438e-01
1.113235266529954970e-04
9.954556226730346680e-01
9.962596893310546875e-01
9.065811634063720703e-01
1.809873501770198345e-04
2.378819335717707872e-04
9.940654970705509186e-03
9.018538594245910645e-01
2.791924867779016495e-03
2.159539290005341172e-04
3.553354144096374512e-01
6.619505118578672409e-03
4.024914931505918503e-03
5.960401892662048340e-01
9.703817777335643768e-04
3.893967866897583008e-01
9.966220855712890625e-01
9.997809529304504395e-01
3.120389766991138458e-03
5.102003924548625946e-03
6.079273819923400879e-01
1.414458751678466797e-01
2.096600132063031197e-03
9.661313891410827637e-01
5.612113475799560547e-01
4.154763743281364441e-02
9.992495179176330566e-01
6.328353285789489746e-01
9.998055100440979004e-01
9.918381571769714355e-01
9.526122212409973145e-01
4.503522813320159912e-02
9.998278617858886719e-01
9.995181560516357422e-01
6.729941378580406308e-05
9.996935129165649414e-01
1.727218925952911377e-01
9.990855455398559570e-01
4.889520932920277119e-04
2.534033954143524170e-01
6.064235349185764790e-04
9.752512574195861816e-01
9.985178112983703613e-01
9.987439513206481934e-01
8.145678043365478516e-01
4.299399256706237793e-02
9.993215799331665039e-01
9.983476400375366211e-01
6.492172542493790388e-05
5.194849967956542969e-01
7.919765077531337738e-03
2.778198104351758957e-03
7.086502155289053917e-04
9.996065497398376465e-01
2.368433633819222450e-04
9.989730119705200195e-01
9.720640182495117188e-01
1.259981393814086914e-01
9.948068261146545410e-01
9.997547268867492676e-01
9.998156428337097168e-01
9.855323433876037598e-01
6.024346351623535156e-01
5.348054766654968262e-01
1.754271215759217739e-03
9.950866103172302246e-01
2.692495763767510653e-04
9.452396631240844727e-01
3.400874789804220200e-03
9.998155236244201660e-01
9.990111589431762695e-01
2.713319147005677223e-03
9.997834563255310059e-01
9.897622466087341309e-01
7.412477582693099976e-02
8.353114128112792969e-01
9.998551607131958008e-01
9.999324083328247070e-01
5.444469570647925138e-05
1.705882168607786298e-04
7.894011139869689941e-01
9.709290862083435059e-01
9.990339279174804688e-01
4.568579494953155518e-01
9.989714622497558594e-01
9.991943240165710449e-01
8.046516450121998787e-04
9.999035596847534180e-01
8.447145819664001465e-01
3.052904605865478516e-01
9.995866417884826660e-01
