1.090170666575431824e-01
2.614721953868865967e-01
4.676468372344970703e-01
9.999736547470092773e-01
3.351960185682401061e-05
4.930565655231475830e-01
9.994685053825378418e-01
8.618277497589588165e-04
6.897032260894775391e-01
8.463999256491661072e-03
9.830475449562072754e-01
9.988478422164916992e-01
2.147576742572709918e-04
1.936973929405212402e-01
9.999449253082275391e-01
6.899546133354306221e-05
3.931980245397426188e-06
1.473415736109018326e-02
5.673352479934692383e-01
1.820269227027893066e-02
6.686401320621371269e-04
2.607601881027221680e-01
9.120660424232482910e-01
9.998919963836669922e-01
1.185266673564910889e-01
9.999915361404418945e-01
9.998557567596435547e-01
7.752954028546810150e-03
9.992678761482238770e-01
9.693554043769836426e-01
9.999167919158935547e-01
9.989532232284545898e-01
9.996542930603027344e-01
3.018922172486782074e-03
4.555653315037488937e-03
9.999495744705200195e-01
9.935488104820251465e-01
1.247072964906692505e-02
9.992444515228271484e-01
9.940577745437622070e-01
4.557030479190871119e-06
7.125359843485057354e-04
9.999678134918212891e-01
9.789550304412841797e-01
8.951873183250427246e-01
9.999917745590209961e-01
9.546520709991455078e-01
9.995900988578796387e-01
1.209218502044677734e-01
9.798706769943237305e-01
9.997771382331848145e-01
9.862298965454101562e-01
9.968359470367431641e-01
1.893258690834045410e-01
3.801191747188568115e-01
4.940354730933904648e-03
9.864963889122009277e-01
7.014945745468139648e-01
9.653633832931518555e-01
9.999660253524780273e-01
1.771666295826435089e-02
2.204975316999480128e-05
3.700450658798217773e-01
7.782775355735793710e-05
8.892671465873718262e-01
6.382501125335693359e-02
1.450545096304267645e-04
2.062412649393081665e-01
7.121360301971435547e-01
9.994812607765197754e-01
1.100783469155430794e-03
1.424874062649905682e-05
1.601519435644149780e-01
2.857958133972715586e-05
9.999487400054931641e-01
9.142972528934478760e-02
6.895313163113314658e-06
7.280280260602012277e-05
5.145993828773498535e-01
4.397183954715728760e-01
9.721482396125793457e-01
3.563368809409439564e-04
9.999780654907226562e-01
1.797343790531158447e-01
9.970960617065429688e-01
4.432069957256317139e-01
9.217146635055541992e-01
9.806570410728454590e-01
9.989788532257080078e-01
9.948771595954895020e-01
9.996768236160278320e-01
9.996016621589660645e-01
9.992006421089172363e-01
1.972959637641906738e-01
9.842209815979003906e-01
5.866003632545471191e-01
9.995445609092712402e-01
2.242105454206466675e-01
8.826099038124084473e-01
1.124546281062066555e-03
3.769979812204837799e-03
9.998294115066528320e-01
2.077658176422119141e-01
9.780622124671936035e-01
9.699957966804504395e-01
9.300308823585510254e-01
2.771483361721038818e-02
9.999910593032836914e-01
9.404656887054443359e-01
1.941836252808570862e-02
4.335158169269561768e-01
1.299293217016384006e-04
9.969176054000854492e-01
9.992178678512573242e-01
9.653944969177246094e-01
9.999573230743408203e-01
1.956800669431686401e-01
8.622984886169433594e-01
7.643637945875525475e-04
9.994501471519470215e-01
6.511178333312273026e-03
2.693301648832857609e-04
8.958088159561157227e-01
2.513105391699355096e-05
1.076189146260730922e-04
9.993882179260253906e-01
8.577599510317668319e-05
4.514945298433303833e-02
5.880135893821716309e-01
6.055652722716331482e-02
6.445977836847305298e-02
1.097923517227172852e-02
9.999885559082031250e-01
4.460752904415130615e-01
8.079679537331685424e-05
7.698391675949096680e-01
9.994906187057495117e-01
9.972139000892639160e-01
1.022118958644568920e-04
7.889584898948669434e-01
9.986949563026428223e-01
9.993278980255126953e-01
3.291568756103515625e-01
6.272490620613098145e-01
8.073240518569946289e-01
1.146305294241756201e-04
8.595527615398168564e-04
4.341563617344945669e-04
9.998125433921813965e-01
3.390045464038848877e-01
9.990881681442260742e-01
9.998421669006347656e-01
6.658045575022697449e-03
5.615981221199035645e-01
8.467898704111576080e-03
9.660624265670776367e-01
6.319555640220642090e-01
2.255361992865800858e-03
9.575641751289367676e-01
8.099530823528766632e-04
7.370977997779846191e-01
8.038703203201293945e-01
9.614761471748352051e-01
9.999642372131347656e-01
1.605611178092658520e-04
9.979186654090881348e-01
9.997115731239318848e-01
5.165925249457359314e-04
3.275831928476691246e-03
9.998113512992858887e-01
9.997022747993469238e-01
3.927022218704223633e-01
1.904026721604168415e-03
2.366801910102367401e-02
9.839159846305847168e-01
6.260468217078596354e-05
7.288232445716857910e-01
6.673190593719482422e-01
1.493269883212633431e-05
9.999123811721801758e-01
9.992345571517944336e-01
4.863222129642963409e-03
9.374483823776245117e-01
9.558719396591186523e-01
9.977846741676330566e-01
9.999806880950927734e-01
9.995632767677307129e-01
9.389677047729492188e-01
4.040055791847407818e-04
1.775428972905501723e-05
9.998892545700073242e-01
1.239398960024118423e-02
8.517641254002228379e-05
9.999765157699584961e-01
9.103058576583862305e-01
1.173301227390766144e-02
9.998764991760253906e-01
9.931032657623291016e-01
5.258951336145401001e-03
9.826389551162719727e-01
9.999370574951171875e-01
9.418423175811767578e-01
9.989138841629028320e-01
9.999753236770629883e-01
4.621596336364746094e-01
9.973056316375732422e-01
9.708555936813354492e-01
9.279540181159973145e-01
5.826858337968587875e-03
2.360721305012702942e-02
9.999827146530151367e-01
9.884560108184814453e-01
9.959418177604675293e-01
5.347667261958122253e-03
9.966127276420593262e-01
4.255601167678833008e-01
1.405586372129619122e-04
9.999715089797973633e-01
9.997238516807556152e-01
9.002993106842041016e-01
3.193848999217152596e-03
9.999175071716308594e-01
2.151752710342407227e-01
9.999071359634399414e-01
9.995282888412475586e-01
2.558390200138092041e-01
3.505354980006814003e-04
9.996821880340576172e-01
4.042070213472470641e-05
9.385768207721412182e-04
8.526115379936527461e-06
9.999116659164428711e-01
9.985651373863220215e-01
9.999790191650390625e-01
9.772937893867492676e-01
9.963449835777282715e-01
9.925231337547302246e-02
4.239786267280578613e-01
1.880141347646713257e-01
9.994888305664062500e-01
5.069790780544281006e-02
9.996653795242309570e-01
1.879485696554183960e-01
2.703053951263427734e-01
9.998168349266052246e-01
2.628843321872409433e-05
2.437595129013061523e-01
9.998925924301147461e-01
2.352212220430374146e-01
8.197634816169738770e-01
2.194160670042037964e-01
5.106908679008483887e-01
2.827105522155761719e-01
1.036138346535153687e-04
2.948388922959566116e-03
1.201095874421298504e-03
3.056660853326320648e-02
9.986779093742370605e-01
9.806204438209533691e-01
9.910355806350708008e-01
9.984055161476135254e-01
9.412392973899841309e-01
9.962353110313415527e-01
9.981127977371215820e-01
4.522312883636914194e-05
3.861004370264708996e-04
9.760108776390552521e-03
9.996627569198608398e-01
9.825401902198791504e-01
9.997707009315490723e-01
9.961703419685363770e-01
9.991714954376220703e-01
8.815395832061767578e-01
9.473333954811096191e-01
8.190232515335083008e-01
9.995511174201965332e-01
8.590852841734886169e-03
1.006005004455801100e-05
5.766276121139526367e-01
9.700639843940734863e-01
9.077672148123383522e-04
9.612863659858703613e-01
4.240329265594482422e-01
9.116434957832098007e-04
3.139092400670051575e-02
1.511309877969324589e-03
1.036403118632733822e-03
3.356347093358635902e-03
5.574196620727889240e-05
9.998960494995117188e-01
4.918130487203598022e-02
9.917836189270019531e-01
9.954305887222290039e-01
5.363732948899269104e-02
7.654600590467453003e-02
9.957019686698913574e-01
4.496890469454228878e-04
9.991656541824340820e-01
1.183614876936189830e-04
9.984393715858459473e-01
1.059420523233711720e-03
9.695104956626892090e-01
1.089907810091972351e-02
9.919237494468688965e-01
1.183026060461997986e-01
3.420117354835383594e-05
8.893373608589172363e-01
1.756327037583105266e-05
9.631096720695495605e-01
1.036873459815979004e-02
2.702326048165559769e-03
1.946525298990309238e-04
2.371895126998424530e-03
9.770569205284118652e-01
1.691068464424461126e-04
1.418164838105440140e-02
9.991371035575866699e-01
9.604422450065612793e-01
4.603579000104218721e-04
2.355099283158779144e-02
1.981427893042564392e-02
9.856413006782531738e-01
2.883892972022294998e-03
9.993090629577636719e-01
9.991942048072814941e-01
7.370682358741760254e-01
4.737853631377220154e-02
9.998432397842407227e-01
1.163873472250998020e-03
9.999128580093383789e-01
9.989669322967529297e-01
9.891613125801086426e-01
3.675725776702165604e-03
9.768216013908386230e-01
6.281174719333648682e-02
9.975473284721374512e-01
9.526215195655822754e-01
9.998031258583068848e-01
9.999321699142456055e-01
2.695405855774879456e-04
1.021871268749237061e-01
9.732332825660705566e-01
9.999278783798217773e-01
9.997299313545227051e-01
9.933847784996032715e-01
9.994912147521972656e-01
9.997819066047668457e-01
9.999233484268188477e-01
1.399573236703872681e-01
2.891446056310087442e-04
1.026251702569425106e-03
9.957872033119201660e-01
5.257552266120910645e-01
9.999243021011352539e-01
9.989376664161682129e-01
8.917037248611450195e-01
9.994161128997802734e-01
9.999523162841796875e-01
5.382526516914367676e-01
9.967427849769592285e-01
9.370263218879699707e-01
3.030386869795620441e-04
7.393984794616699219e-01
9.636949300765991211e-01
9.999769926071166992e-01
2.686029074538964778e-05
1.657744944095611572e-01
8.128191828727722168e-01
9.992006421089172363e-01
1.124877482652664185e-03
1.947453990578651428e-02
9.545692591927945614e-04
9.998798370361328125e-01
4.365753193269483745e-05
9.884622693061828613e-01
7.074097171425819397e-03
9.998117089271545410e-01
9.997038245201110840e-01
9.995756745338439941e-01
9.998766183853149414e-01
9.993379712104797363e-01
2.895975376304704696e-05
9.978035092353820801e-01
4.664552509784698486e-01
9.999806880950927734e-01
9.998977184295654297e-01
2.290983349084854126e-01
3.321171272546052933e-03
1.036352841765619814e-04
9.995469450950622559e-01
4.623923897743225098e-01
9.926747679710388184e-01
3.271058201789855957e-01
9.999852180480957031e-01
7.218530178070068359e-01
9.892278909683227539e-01
9.638606905937194824e-01
9.964141845703125000e-01
9.999411106109619141e-01
9.059146046638488770e-01
3.505354980006814003e-04
5.640565752983093262e-01
9.996924400329589844e-01
7.210467174445511773e-06
1.146760210394859314e-02
9.945530295372009277e-01
9.966042041778564453e-01
5.963485836982727051e-01
2.424628138542175293e-01
9.999480247497558594e-01
9.898920059204101562e-01
9.999852180480957031e-01
9.445747733116149902e-01
2.207166850566864014e-01
2.826430834829807281e-03
6.686601042747497559e-02
8.869670629501342773e-01
2.544202143326401711e-03
3.922538757324218750e-01
9.996782541275024414e-01
8.972526788711547852e-01
5.639653801918029785e-01
1.244356334209442139e-01
2.034035325050354004e-02
3.312770724296569824e-01
3.881823271512985229e-02
9.963999986648559570e-01
9.983512163162231445e-01
9.981516003608703613e-01
2.267627511173486710e-03
9.962298274040222168e-01
9.995403289794921875e-01
1.909544765949249268e-01
5.775063182227313519e-04
1.770651142578572035e-04
1.384070947096915916e-05
1.613284088671207428e-02
9.956791996955871582e-01
9.992881417274475098e-01
3.284040987491607666e-01
3.990308940410614014e-01
9.993432164192199707e-01
9.992181062698364258e-01
2.017848938703536987e-01
5.769099807366728783e-04
6.184138328535482287e-05
1.699562184512615204e-02
9.998971223831176758e-01
5.178568699193419889e-06
7.645003031939268112e-03
4.460627213120460510e-02
3.486223577056080103e-04
2.497893059626221657e-03
9.971548318862915039e-01
9.641407728195190430e-01
1.859449036419391632e-02
9.999557733535766602e-01
5.302534918882884085e-05
3.309556923341006041e-04
6.360029578208923340e-01
9.976486563682556152e-01
8.027499914169311523e-02
9.999812841415405273e-01
4.853626489639282227e-01
5.360844661481678486e-04
9.998880624771118164e-01
1.344935148954391479e-01
5.659360885620117188e-01
1.179051003418862820e-03
9.999653100967407227e-01
1.583704911172389984e-02
9.998477697372436523e-01
1.564488261938095093e-01
4.978328070137649775e-05
5.996363703161478043e-03
1.721395092317834496e-04
3.354929089546203613e-01
2.643822517711669207e-04
7.281666398048400879e-01
9.998867511749267578e-01
9.379636049270629883e-01
2.874983474612236023e-03
9.999923706054687500e-01
7.303653359413146973e-01
9.995720982551574707e-01
9.840377569198608398e-01
1.064495067112147808e-03
9.761847257614135742e-01
5.568221211433410645e-02
9.857670068740844727e-01
9.324909001588821411e-02
3.440233413130044937e-03
9.970853924751281738e-01
1.004284247756004333e-03
9.944466352462768555e-01
2.082644030451774597e-02
8.805502057075500488e-01
9.999626874923706055e-01
5.193725519347935915e-05
1.192287345475051552e-05
9.999659061431884766e-01
9.931597709655761719e-01
9.964540004730224609e-01
9.938925504684448242e-01
1.706908792257308960e-01
2.790309918054845184e-05
9.994835853576660156e-01
2.027906477451324463e-03
9.793617129325866699e-01
7.462669610977172852e-01
6.919373273849487305e-01
1.697794359643012285e-04
3.654398024082183838e-04
5.599541664123535156e-01
1.240412816405296326e-01
3.277580142021179199e-01
9.915310144424438477e-01
7.908388397481758147e-06
2.621823514346033335e-04
9.997878670692443848e-01
9.989935755729675293e-01
4.099843557924032211e-03
9.975647926330566406e-01
9.500843589194118977e-05
5.295277573168277740e-03
9.792459011077880859e-01
5.747975409030914307e-02
9.997866749763488770e-01
1.432804583600955084e-05
9.344187378883361816e-01
9.954525828361511230e-01
1.456618309020996094e-01
1.606935821473598480e-02
9.298751130700111389e-03
4.259858978912234306e-04
9.997518658638000488e-01
9.857388213276863098e-03
3.336665686219930649e-03
9.997921586036682129e-01
9.664403796195983887e-01
1.297091715969145298e-03
9.742247639223933220e-04
1.874056607484817505e-01
9.999871253967285156e-01
7.608318328857421875e-01
2.865946590900421143e-01
1.343536278000101447e-04
9.998717308044433594e-01
9.862620830535888672e-01
4.317503049969673157e-02
8.799666166305541992e-01
9.907079935073852539e-01
7.017348427325487137e-03
9.541898369789123535e-01
4.311639349907636642e-05
9.997115731239318848e-01
4.194309934973716736e-03
6.611431837081909180e-01
9.973576664924621582e-01
3.762435653698048554e-06
8.339894413948059082e-01
1.552150491625070572e-02
4.464155137538909912e-01
8.987410664558410645e-01
1.170218456536531448e-04
4.193400964140892029e-02
9.732480645179748535e-01
9.991174340248107910e-01
9.999108314514160156e-01
5.057823844254016876e-03
9.493180513381958008e-01
2.692976780235767365e-02
2.645202912390232086e-03
2.650166061357595026e-05
7.512877928093075752e-04
9.464852809906005859e-01
9.999817609786987305e-01
3.872955494443885982e-05
5.829469561576843262e-01
9.999332427978515625e-01
9.615023736841976643e-04
1.378230808768421412e-05
4.010263383388519287e-01
9.873697161674499512e-01
9.896485209465026855e-01
1.262848963961005211e-04
2.866285741329193115e-01
7.196888923645019531e-01
2.792538376525044441e-03
1.972754216694738716e-05
9.995891451835632324e-01
9.105896949768066406e-02
8.345122337341308594e-01
9.519281387329101562e-01
8.771321773529052734e-01
8.029530644416809082e-01
9.253857731819152832e-01
3.207836532965302467e-03
2.789426781237125397e-02
9.998308420181274414e-01
9.975020289421081543e-01
9.995910525321960449e-01
7.550655864179134369e-04
7.154051065444946289e-01
2.845000103116035461e-02
9.936211705207824707e-01
6.687162518501281738e-01
7.999616861343383789e-01
9.998788833618164062e-01
1.685937494039535522e-01
7.383654117584228516e-01
9.996052384376525879e-01
4.603391513228416443e-03
2.488864362239837646e-01
3.386842831969261169e-02
2.159539290005341172e-04
9.999905824661254883e-01
9.893107414245605469e-01
5.238603949546813965e-01
3.800349310040473938e-02
9.984498023986816406e-01
9.998642206192016602e-01
9.994078874588012695e-01
4.680523872375488281e-01
9.938477873802185059e-01
8.982440084218978882e-02
9.999576807022094727e-01
8.172044754028320312e-01
9.996613264083862305e-01
1.751764863729476929e-01
1.353018218651413918e-03
3.159386396873742342e-04
9.600845575332641602e-01
7.364745140075683594e-01
2.469215393066406250e-01
9.999914169311523438e-01
9.999859333038330078e-01
9.996678829193115234e-01
9.179186820983886719e-01
2.239849527541082352e-05
1.472340727559640072e-06
9.976944327354431152e-01
7.508990168571472168e-02
8.266678923973813653e-05
9.694439172744750977e-01
9.997680783271789551e-01
9.999860525131225586e-01
2.313576806045603007e-05
9.217429161071777344e-01
2.491423765604849905e-05
2.780207097530364990e-01
7.558016777038574219e-01
9.997660517692565918e-01
9.905185103416442871e-01
9.963866472244262695e-01
1.346830395050346851e-04
9.999746084213256836e-01
9.996201992034912109e-01
9.997242093086242676e-01
9.998057484626770020e-01
3.705624490976333618e-02
9.995785355567932129e-01
8.798590898513793945e-01
4.613211154937744141e-01
5.206023342907428741e-05
8.283399802166968584e-05
6.975027322769165039e-01
7.532574090873822570e-05
1.164200017228722572e-03
2.424642443656921387e-01
4.199972003698348999e-02
9.423164129257202148e-01
9.997005462646484375e-01
6.282932008616626263e-05
9.999384880065917969e-01
9.755994677543640137e-01
1.948785386048257351e-03
9.961173534393310547e-01
9.468871951103210449e-01
5.630035419017076492e-03
1.000125426799058914e-02
9.996899366378784180e-01
9.996412992477416992e-01
3.518560826778411865e-01
9.999551773071289062e-01
9.997038245201110840e-01
1.138756982982158661e-03
9.995248317718505859e-01
9.996759891510009766e-01
8.738901615142822266e-01
9.956197142601013184e-01
6.025219708681106567e-02
1.200561760924756527e-03
6.923173069953918457e-01
1.706833392381668091e-02
9.995999932289123535e-01
9.992313385009765625e-01
9.626434445381164551e-01
9.984465241432189941e-01
9.579347968101501465e-01
4.935410022735595703e-01
9.999636411666870117e-01
1.214211108162999153e-03
2.032364951446652412e-03
8.372684121131896973e-01
2.460997784510254860e-04
4.206430613994598389e-01
4.647312453016638756e-04
9.382834832649677992e-06
8.335889317095279694e-03
9.966110587120056152e-01
8.550062179565429688e-01
2.896744608879089355e-01
9.954707622528076172e-01
4.166588652878999710e-03
9.999675750732421875e-01
2.821323275566101074e-01
2.049595350399613380e-03
3.970662073697894812e-04
9.997357726097106934e-01
9.999400377273559570e-01
9.987514019012451172e-01
8.124398589134216309e-01
9.999604225158691406e-01
5.950823891907930374e-03
9.914731979370117188e-01
2.729655615985393524e-02
4.194992943666875362e-04
9.997273087501525879e-01
9.934461712837219238e-01
9.993701577186584473e-01
6.287582516670227051e-01
9.471583366394042969e-01
1.977291852235794067e-01
8.371153846383094788e-03
9.841371774673461914e-01
5.027719773352146149e-03
1.679954468272626400e-03
6.990932743065059185e-04
9.999833106994628906e-01
5.310095101594924927e-02
9.954674243927001953e-01
9.999856948852539062e-01
9.008504748344421387e-01
2.803493291139602661e-03
9.989168643951416016e-01
9.988413453102111816e-01
1.330432593822479248e-01
9.998032450675964355e-01
5.872190464287996292e-03
9.798525571823120117e-01
6.774215400218963623e-02
1.336959830950945616e-04
9.867849946022033691e-01
9.022412896156311035e-01
1.545327454805374146e-01
9.986528158187866211e-01
4.786530043929815292e-03
1.522913808003067970e-03
3.551064291968941689e-03
9.996244907379150391e-01
9.998879432678222656e-01
5.198211669921875000e-01
9.714017510414123535e-01
9.991017580032348633e-01
3.590742926462553442e-05
9.271206259727478027e-01
9.960948824882507324e-01
6.555035710334777832e-03
9.497879743576049805e-01
1.600136160850524902e-01
1.703496491245459765e-05
9.999551773071289062e-01
3.289812505245208740e-01
9.375255107879638672e-01
9.256703257560729980e-01
6.253666281700134277e-01
6.776278018951416016e-01
8.490132093429565430e-01
6.355669815093278885e-03
9.993392825126647949e-01
1.461039762943983078e-03
9.998006224632263184e-01
5.892719626426696777e-01
2.348917163908481598e-02
7.152584791183471680e-01
9.997747540473937988e-01
8.275727033615112305e-01
9.971701502799987793e-01
4.853700697422027588e-01
9.931501746177673340e-01
8.984254002571105957e-01
7.809256017208099365e-02
9.617629647254943848e-01
9.999541044235229492e-01
9.577790478942915797e-06
9.090399742126464844e-01
9.988567829132080078e-01
3.950786776840686798e-03
9.980745315551757812e-01
3.953360137529671192e-04
9.412817358970642090e-01
9.886697530746459961e-01
5.522297024726867676e-01
9.999715089797973633e-01
9.940278530120849609e-01
9.994390606880187988e-01
2.324350774288177490e-01
5.890826135873794556e-02
9.956425428390502930e-01
9.936798810958862305e-01
5.092322230339050293e-01
8.117750403471291065e-04
9.988989830017089844e-01
3.013609966728836298e-04
2.694824943318963051e-04
2.499766997061669827e-04
9.829600900411605835e-02
9.707156419754028320e-01
9.933700561523437500e-01
9.999775886535644531e-01
1.016969254123978317e-04
9.999006986618041992e-01
3.665932308649644256e-05
1.943144947290420532e-01
5.678901076316833496e-01
1.943144947290420532e-01
9.999781847000122070e-01
1.875655166804790497e-02
9.000269174575805664e-01
9.998829364776611328e-01
4.395806416869163513e-02
1.429455354809761047e-03
9.934591650962829590e-01
1.620993250980973244e-03
8.495901525020599365e-02
9.787257909774780273e-01
9.990885257720947266e-01
9.382393956184387207e-01
9.947893619537353516e-01
9.306203126907348633e-01
9.937371015548706055e-01
5.436406354419887066e-06
9.929714798927307129e-01
9.640616774559020996e-01
5.179638974368572235e-03
9.982499480247497559e-01
5.452018740470521152e-05
2.973571463371627033e-05
9.944091439247131348e-01
9.985381364822387695e-01
9.647133350372314453e-01
1.021871268749237061e-01
1.169711977127008140e-04
1.651210732234176248e-05
2.481946139596402645e-04
9.985859394073486328e-01
9.993954896926879883e-01
5.296378135681152344e-01
9.800675511360168457e-01
7.865149527788162231e-04
7.911585998954251409e-05
5.241124033927917480e-01
1.081244918168522418e-04
6.826782226562500000e-01
4.124157203477807343e-05
1.353311687707901001e-01
9.989265799522399902e-01
3.597012162208557129e-02
9.525395631790161133e-01
9.999016523361206055e-01
9.296275675296783447e-02
8.949741721153259277e-01
7.894290685653686523e-01
1.538472250103950500e-03
9.897583723068237305e-01
9.998329877853393555e-01
1.478600897826254368e-03
1.636011438677087426e-05
9.993607401847839355e-01
9.677388668060302734e-01
8.270217180252075195e-01
4.409573506563901901e-03
7.810363173484802246e-01
1.545508392155170441e-02
3.385028776392573491e-06
7.190518317656824365e-06
9.999649524688720703e-01
6.454703211784362793e-02
2.724689431488513947e-02
9.982125759124755859e-01
9.974104762077331543e-01
8.024134039878845215e-01
1.095119630917906761e-03
1.833724672906100750e-05
1.644502878189086914e-01
8.894678950309753418e-01
9.999414682388305664e-01
5.934753455221652985e-03
7.027384042739868164e-01
9.953448176383972168e-01
9.992517828941345215e-01
9.857497215270996094e-01
3.725145161151885986e-01
7.340462505817413330e-02
9.980317950248718262e-01
9.965619444847106934e-01
3.922780975699424744e-03
8.634787797927856445e-01
9.999432563781738281e-01
9.998237490653991699e-01
8.950195312500000000e-01
1.811779919080436230e-03
3.122072219848632812e-01
4.576025065034627914e-03
1.421369314193725586e-01
9.997004270553588867e-01
7.019763588905334473e-01
6.970784068107604980e-01
1.287195459008216858e-02
9.972353577613830566e-01
2.148504601791501045e-03
7.731421589851379395e-01
9.468129873275756836e-01
9.945591092109680176e-01
9.998664855957031250e-01
9.608975648880004883e-01
9.999300241470336914e-01
9.990625977516174316e-01
1.521304100751876831e-01
9.919741749763488770e-01
8.991495966911315918e-01
5.474094152450561523e-01
3.541028201580047607e-01
9.688875675201416016e-01
2.906436333432793617e-03
2.703540725633502007e-03
9.974347949028015137e-01
9.899515509605407715e-01
1.399511098861694336e-01
9.962945580482482910e-01
7.870372533798217773e-01
1.740072621032595634e-04
2.099272562190890312e-03
9.866765737533569336e-01
9.898248314857482910e-01
9.965890645980834961e-01
2.730976641178131104e-01
9.376153349876403809e-02
9.996880292892456055e-01
9.999787807464599609e-01
9.143336415290832520e-01
9.998065829277038574e-01
6.605050526559352875e-03
2.824465918820351362e-04
6.901930570602416992e-01
9.675995111465454102e-01
2.700536549091339111e-01
3.869221545755863190e-03
6.544062495231628418e-01
5.540404319763183594e-01
9.660329818725585938e-01
1.068353187292814255e-02
6.495726847788318992e-05
9.999830722808837891e-01
5.938172340393066406e-01
1.988571435213088989e-01
9.737883210182189941e-01
9.894611239433288574e-01
2.070852220058441162e-01
1.617444795556366444e-04
9.595202803611755371e-01
1.128780618309974670e-01
1.252936635864898562e-04
7.142940759658813477e-01
7.482698187232017517e-03
