1.587542742490768433e-01
6.519058942794799805e-01
1.658081775531172752e-03
6.825592517852783203e-01
9.880112111568450928e-02
5.416342616081237793e-01
9.012073874473571777e-01
7.141911387443542480e-01
9.566493034362792969e-01
4.642257408704608679e-05
3.316294029355049133e-02
8.622400760650634766e-01
9.694525599479675293e-01
2.366241626441478729e-02
4.490735474973917007e-03
9.987665414810180664e-01
7.132586240768432617e-01
1.843057572841644287e-03
6.630136370658874512e-01
9.057548642158508301e-01
5.170847773551940918e-01
9.862449765205383301e-01
7.223017215728759766e-01
2.288513332605361938e-01
8.415830731391906738e-01
1.514870789833366871e-03
1.102079153060913086e-01
2.321799248456954956e-01
9.903637766838073730e-01
3.368936106562614441e-02
1.536092069000005722e-02
9.647900462150573730e-01
9.868853092193603516e-01
1.050151735544204712e-01
4.923300445079803467e-01
1.482117362320423126e-02
2.212813589721918106e-03
3.482823073863983154e-01
7.297004014253616333e-02
6.993147730827331543e-01
4.365983307361602783e-01
1.989608630537986755e-02
1.971072331070899963e-02
2.770264632999897003e-03
6.622515502385795116e-05
6.224890947341918945e-01
4.357126017566770315e-04
3.742687404155731201e-02
2.857497632503509521e-01
1.122523695230484009e-01
9.956829547882080078e-01
9.482375383377075195e-01
9.654977917671203613e-01
8.591552376747131348e-01
8.131140470504760742e-01
5.187025759369134903e-03
1.872235676273703575e-03
9.184646420180797577e-03
9.254298806190490723e-01
4.101476818323135376e-02
5.431472323834896088e-03
7.676614332012832165e-04
9.877746701240539551e-01
5.991013050079345703e-01
9.094856679439544678e-02
9.982448816299438477e-01
9.713189601898193359e-01
4.243746399879455566e-02
6.441968493163585663e-03
9.950206279754638672e-01
2.893121168017387390e-02
9.285394102334976196e-03
1.203246298246085644e-03
7.858824729919433594e-01
1.111696809530258179e-01
3.862352967262268066e-01
2.175175352022051811e-03
4.304699003696441650e-01
6.174080073833465576e-02
1.182717457413673401e-01
1.902596442960202694e-03
9.982523322105407715e-01
8.958501368761062622e-02
5.619082599878311157e-03
2.028298974037170410e-01
8.264079689979553223e-01
9.944203495979309082e-01
4.745528399944305420e-01
5.412644241005182266e-03
6.549952626228332520e-01
2.610255777835845947e-02
8.081758767366409302e-02
1.195744378492236137e-03
7.660069968551397324e-04
4.401164129376411438e-02
8.356434106826782227e-01
1.614413037896156311e-02
5.433839745819568634e-03
9.967200160026550293e-01
5.112568661570549011e-02
2.012232989072799683e-01
1.356755942106246948e-02
1.572277098894119263e-01
3.551880642771720886e-02
2.497035861015319824e-01
9.126343131065368652e-01
9.639466404914855957e-01
7.367115933448076248e-03
6.558553576469421387e-01
1.748976670205593109e-02
1.398383826017379761e-01
7.589308917522430420e-02
1.781054399907588959e-02
1.413785619661211967e-03
3.198986649513244629e-01
2.240801928564906120e-03
9.004098176956176758e-01
3.850206732749938965e-03
3.576963441446423531e-03
6.840381026268005371e-02
9.979622364044189453e-01
3.575615584850311279e-03
9.937357902526855469e-01
9.702072739601135254e-01
1.927533448906615376e-04
6.876010447740554810e-04
9.936162233352661133e-01
9.884117245674133301e-01
6.338348984718322754e-01
1.193675100803375244e-01
7.046201229095458984e-01
2.180962264537811279e-02
3.570732772350311279e-01
5.379002541303634644e-04
1.758916489779949188e-02
9.595564007759094238e-01
1.945254334714263678e-04
1.886638067662715912e-02
8.214680477976799011e-03
7.501468658447265625e-01
8.106462359428405762e-01
9.769531488418579102e-01
4.110600857529789209e-04
6.176745891571044922e-01
9.975247979164123535e-01
8.720103502273559570e-01
1.230581011623144150e-02
9.837310314178466797e-01
1.427644398063421249e-02
2.836673855781555176e-01
7.548902183771133423e-02
9.699536894913762808e-05
7.609102129936218262e-02
6.756684184074401855e-02
2.720606885850429535e-02
5.055997967720031738e-01
6.202872027643024921e-04
9.111143350601196289e-01
7.645334582775831223e-03
1.185149550437927246e-01
1.559434551745653152e-02
2.102733552455902100e-01
9.694371819496154785e-01
8.972747600637376308e-04
6.714726090431213379e-01
9.757571816444396973e-01
6.715055555105209351e-03
1.078806002624332905e-03
9.872461557388305664e-01
8.793323300778865814e-03
9.458387494087219238e-01
9.048370718955993652e-01
1.203779364004731178e-03
9.153792634606361389e-03
1.273544225841760635e-02
5.405381321907043457e-01
9.920479655265808105e-01
4.463970195502042770e-03
8.480581641197204590e-01
1.555168330669403076e-01
9.510844945907592773e-01
2.927981317043304443e-01
8.803566098213195801e-01
5.906352307647466660e-04
9.727695723995566368e-04
3.699233010411262512e-02
6.458751391619443893e-03
6.129404306411743164e-01
4.182797074317932129e-01
2.924138903617858887e-01
2.966841496527194977e-02
1.698668114840984344e-03
9.805240631103515625e-01
2.859982252120971680e-01
3.920015692710876465e-01
2.022882699966430664e-01
7.821263074874877930e-01
3.089595411438494921e-04
8.587733656167984009e-02
1.372832775814458728e-04
1.480167638510465622e-02
6.696244478225708008e-01
7.599043846130371094e-02
2.855462487787008286e-03
1.355038373731076717e-03
8.339959383010864258e-01
1.811560243368148804e-01
2.106181681156158447e-01
9.814268946647644043e-01
8.744869828224182129e-01
9.748985171318054199e-01
5.787748377770185471e-04
1.092943828552961349e-02
8.832615613937377930e-02
6.054041534662246704e-02
5.141725540161132812e-01
9.988883137702941895e-01
6.934344768524169922e-03
9.771639704704284668e-01
9.395253062248229980e-01
5.892726182937622070e-01
9.968807697296142578e-01
1.669174581766128540e-01
5.483370423316955566e-01
6.953668594360351562e-01
9.126296639442443848e-01
6.575956344604492188e-01
2.438909374177455902e-03
9.480198472738265991e-02
6.511266231536865234e-01
3.627610206604003906e-01
5.174390971660614014e-04
9.427416920661926270e-01
9.983947873115539551e-01
7.370460662059485912e-04
4.608532786369323730e-02
9.423364996910095215e-01
2.591238021850585938e-01
9.773678779602050781e-01
9.354801774024963379e-01
2.678981125354766846e-01
9.536865949630737305e-01
9.810478091239929199e-01
2.133875386789441109e-03
8.652800694108009338e-03
8.438801169395446777e-01
5.291745066642761230e-02
1.445850580930709839e-01
9.097420573234558105e-01
2.404711246490478516e-01
6.697242856025695801e-01
4.297454433981329203e-04
3.190586809068918228e-03
2.770469151437282562e-02
2.913049757480621338e-01
1.393660902976989746e-02
9.976134300231933594e-01
1.635542064905166626e-01
6.086865663528442383e-01
2.715429523959755898e-03
5.755193531513214111e-03
9.737044572830200195e-01
9.638471007347106934e-01
9.545186758041381836e-01
2.239976078271865845e-03
2.187763005495071411e-01
9.014548733830451965e-03
9.908345937728881836e-01
3.933341428637504578e-02
9.991744160652160645e-01
1.381717901676893234e-02
9.897727370262145996e-01
1.950430870056152344e-01
4.123924970626831055e-01
9.738131775520741940e-04
5.244413018226623535e-01
2.869026660919189453e-01
4.829985201358795166e-01
1.442467421293258667e-01
9.988188147544860840e-01
2.447811141610145569e-02
9.912726283073425293e-01
1.114344038069248199e-02
9.982978701591491699e-01
1.239240318536758423e-01
1.752226962707936764e-04
8.918312191963195801e-01
8.962631225585937500e-01
9.937717318534851074e-01
4.632792174816131592e-01
8.151205182075500488e-01
3.208768963813781738e-01
7.070983648300170898e-01
5.161778628826141357e-02
9.774248600006103516e-01
9.867054820060729980e-01
1.803396269679069519e-02
9.068824052810668945e-01
1.052735075354576111e-01
9.854029417037963867e-01
9.685910940170288086e-01
9.144573211669921875e-01
8.950859191827476025e-04
9.649217724800109863e-01
9.641250222921371460e-02
1.177424937486648560e-01
9.744258522987365723e-01
1.924663186073303223e-01
9.988916516304016113e-01
7.308819144964218140e-02
2.940881438553333282e-02
9.884946942329406738e-01
9.749322384595870972e-02
9.902672171592712402e-01
2.347789257764816284e-01
4.853681102395057678e-02
2.672913372516632080e-01
2.295940741896629333e-02
2.379064261913299561e-01
4.950045347213745117e-01
3.170394338667392731e-03
1.044180244207382202e-01
9.845933318138122559e-01
1.603025128133594990e-03
2.980006299912929535e-02
9.804387092590332031e-01
6.754915229976177216e-04
9.446175098419189453e-01
7.560540437698364258e-01
6.516695022583007812e-01
8.862903341650962830e-04
9.883024096488952637e-01
1.722392290830612183e-01
9.969857335090637207e-01
6.738871335983276367e-03
5.163794755935668945e-01
2.116319239139556885e-01
9.932450652122497559e-01
3.053460083901882172e-02
9.879986047744750977e-01
1.520192157477140427e-02
5.864422917366027832e-01
3.558598982635885477e-04
1.029891986399888992e-02
9.932969212532043457e-01
9.296315908432006836e-01
6.639275550842285156e-01
1.620363676920533180e-03
1.094557903707027435e-02
6.537147760391235352e-01
9.443708062171936035e-01
4.056411087512969971e-01
9.729254245758056641e-01
7.125832140445709229e-02
3.772777970880270004e-03
1.113911718130111694e-02
5.903587862849235535e-02
9.730713963508605957e-01
2.956697046756744385e-01
5.717297972296364605e-05
8.623996376991271973e-01
1.618229201994836330e-03
9.197755455970764160e-01
9.960297346115112305e-01
9.979326725006103516e-01
9.827687144279479980e-01
7.892300933599472046e-02
9.735743999481201172e-01
6.555641535669565201e-03
9.350416064262390137e-01
4.093823432922363281e-01
9.603832960128784180e-01
7.368083000183105469e-01
9.994624257087707520e-01
9.969823956489562988e-01
5.468004196882247925e-02
5.902405246160924435e-04
1.420714426785707474e-02
1.292665954679250717e-02
3.013075292110443115e-01
1.631424389779567719e-02
9.993509650230407715e-01
1.976810023188591003e-02
3.867142274975776672e-02
1.645542681217193604e-03
9.998604059219360352e-01
3.633821308612823486e-01
2.240560390055179596e-02
2.801273390650749207e-02
3.634057706221938133e-03
6.143449805676937103e-03
9.467869400978088379e-01
9.969140291213989258e-01
9.965337514877319336e-01
5.251464317552745342e-04
3.481796011328697205e-02
9.059813618659973145e-01
8.992347121238708496e-02
4.958912357687950134e-02
9.996559619903564453e-01
1.152969896793365479e-02
5.880095437169075012e-02
3.098047971725463867e-01
7.445539534091949463e-02
3.030959069728851318e-01
2.909864857792854309e-02
5.139625072479248047e-01
3.194717690348625183e-02
7.030081003904342651e-02
5.160680506378412247e-03
3.001172444783151150e-04
8.873493671417236328e-01
4.830523431301116943e-01
4.441048800945281982e-01
9.973624348640441895e-01
7.857000455260276794e-04
9.859304428100585938e-01
2.705772221088409424e-01
7.901396020315587521e-04
9.479032158851623535e-01
9.461153745651245117e-01
3.799211680889129639e-01
3.563850522041320801e-01
4.264500923454761505e-03
9.765515327453613281e-01
4.894166886806488037e-01
9.971758127212524414e-01
9.889703989028930664e-01
9.992063641548156738e-01
8.975695818662643433e-02
2.934030489996075630e-04
9.495036005973815918e-01
9.943869113922119141e-01
1.257306486368179321e-01
9.857239127159118652e-01
1.054533198475837708e-01
1.645976603031158447e-01
6.218041852116584778e-02
9.896110296249389648e-01
5.419531464576721191e-01
9.145660400390625000e-01
4.132282629143446684e-04
6.824277639389038086e-01
4.947316050529479980e-01
4.766209796071052551e-02
6.360658407211303711e-01
1.663420844124630094e-04
9.758371114730834961e-01
1.364694833755493164e-01
8.412974327802658081e-02
9.764661788940429688e-01
9.555219672620296478e-03
9.704800248146057129e-01
8.223780393600463867e-01
8.332695364952087402e-01
5.433123558759689331e-03
4.054389894008636475e-03
4.405740275979042053e-02
9.954096674919128418e-01
9.848127141594886780e-03
6.381698250770568848e-01
1.165248900651931763e-01
1.559961965540423989e-04
7.023058086633682251e-02
9.601919054985046387e-01
4.243752919137477875e-03
9.106296896934509277e-01
1.166643574833869934e-01
3.529091598466038704e-03
3.381396830081939697e-01
9.963338375091552734e-01
2.141323834657669067e-01
9.857929348945617676e-01
6.644922494888305664e-01
8.611244149506092072e-03
5.112406015396118164e-01
2.708271443843841553e-01
2.199602872133255005e-01
2.405913546681404114e-03
1.271915715187788010e-02
1.425216556526720524e-03
9.954363703727722168e-01
8.739719986915588379e-01
1.722628772258758545e-01
1.905018277466297150e-02
9.632301330566406250e-02
2.388120889663696289e-01
2.831931114196777344e-01
9.315614104270935059e-01
9.878353476524353027e-01
9.007934331893920898e-01
9.937363862991333008e-01
3.202354907989501953e-01
9.664889425039291382e-02
5.139771848917007446e-03
2.991631627082824707e-01
3.286638483405113220e-02
9.831237792968750000e-01
9.227172732353210449e-01
1.704671303741633892e-03
9.724703431129455566e-01
5.930723622441291809e-03
9.775021672248840332e-01
2.778451889753341675e-03
1.167793758213520050e-02
9.973811507225036621e-01
9.948658347129821777e-01
9.102595448493957520e-01
9.984179735183715820e-01
1.290074288845062256e-01
9.801472425460815430e-01
4.867456108331680298e-02
8.489655256271362305e-01
9.921993613243103027e-01
9.318994283676147461e-01
9.554399251937866211e-01
6.972569227218627930e-02
3.219472616910934448e-02
9.864792227745056152e-01
7.282119989395141602e-02
4.646444022655487061e-01
9.093727469444274902e-01
9.988729357719421387e-01
8.098609447479248047e-01
1.000511273741722107e-01
9.989479184150695801e-01
9.803040623664855957e-01
8.844155818223953247e-02
9.757729768753051758e-01
4.810363426804542542e-02
8.343292474746704102e-01
1.682473346590995789e-02
9.847344160079956055e-01
9.575247168540954590e-01
2.667199075222015381e-02
1.006341259926557541e-02
1.891481876373291016e-02
7.239837944507598877e-02
9.937507510185241699e-01
8.688373491168022156e-04
5.900912731885910034e-02
7.134804874658584595e-02
4.096952825784683228e-02
3.566502928733825684e-01
2.908926398959010839e-04
9.981314539909362793e-01
4.533982872962951660e-01
1.236592158675193787e-01
9.773896336555480957e-01
6.929091215133666992e-01
3.774661421775817871e-01
9.616808295249938965e-01
1.455661654472351074e-01
5.401890277862548828e-01
1.339112757705152035e-03
2.594776824116706848e-02
1.681016683578491211e-01
1.580495834350585938e-01
9.883291721343994141e-01
7.453401386737823486e-02
7.729505188763141632e-03
2.152705192565917969e-01
9.613034725189208984e-01
8.259057402610778809e-01
1.977996580535545945e-04
3.892790377140045166e-01
1.119236052036285400e-01
9.908987283706665039e-01
9.784539937973022461e-01
2.556891553103923798e-02
1.606299541890621185e-02
2.078098505735397339e-01
5.582619924098253250e-03
9.172414541244506836e-01
9.933712482452392578e-01
9.946164488792419434e-01
5.300354361534118652e-01
6.427144166082143784e-03
4.032935202121734619e-02
4.015195183455944061e-03
3.909840248525142670e-03
7.450177334249019623e-03
8.744389414787292480e-01
9.270584583282470703e-01
2.953598275780677795e-03
1.954444944858551025e-01
8.629145100712776184e-03
9.774927496910095215e-01
8.644872307777404785e-01
3.234736248850822449e-02
4.503030776977539062e-01
8.904051780700683594e-01
1.250678896903991699e-01
7.951907813549041748e-03
3.474885821342468262e-01
2.143228426575660706e-02
2.328005433082580566e-01
9.968407154083251953e-01
9.960089921951293945e-01
1.180455647408962250e-02
4.939590115100145340e-03
5.486253499984741211e-01
7.452001445926725864e-04
9.814857505261898041e-03
2.736097015440464020e-02
2.900096178054809570e-01
9.960620999336242676e-01
1.340115219354629517e-01
3.137374520301818848e-01
7.254168740473687649e-04
7.923306822776794434e-01
9.976068735122680664e-01
9.425637125968933105e-01
2.926518023014068604e-02
1.197420619428157806e-02
6.836206912994384766e-01
8.530672788619995117e-01
3.655846789479255676e-02
2.193741267547011375e-03
1.774067431688308716e-01
5.062084794044494629e-01
8.391071557998657227e-01
4.942907989025115967e-01
2.934267520904541016e-01
9.834243655204772949e-01
2.190321125090122223e-02
9.418577551841735840e-01
1.746401637792587280e-01
1.494641136378049850e-02
4.713901784271001816e-03
9.955105781555175781e-01
9.017425775527954102e-02
1.232362389564514160e-01
3.837258089333772659e-03
7.560640107840299606e-03
2.083412557840347290e-01
7.553646564483642578e-01
9.237866401672363281e-01
9.997554421424865723e-01
3.014713898301124573e-02
2.664939733222126961e-03
2.660685917362570763e-03
7.274096012115478516e-01
1.970440149307250977e-01
9.785143733024597168e-01
7.499265670776367188e-01
1.003902943921275437e-04
9.863581061363220215e-01
4.340729117393493652e-02
3.040167689323425293e-01
4.655101336538791656e-03
4.970858339220285416e-03
9.973691701889038086e-01
1.585713028907775879e-02
7.089795172214508057e-02
9.416011571884155273e-01
3.277369439601898193e-01
8.821968436241149902e-01
1.474860012531280518e-01
8.128533363342285156e-01
7.591350376605987549e-02
1.637262292206287384e-03
2.479452639818191528e-02
4.933973848819732666e-01
4.505904391407966614e-02
8.376672267913818359e-01
4.032302200794219971e-01
3.525595646351575851e-03
3.078954853117465973e-02
9.196386090479791164e-04
9.975727200508117676e-01
3.613631241023540497e-03
1.703763497062027454e-03
5.146660208702087402e-01
7.272626161575317383e-01
1.326051633805036545e-02
1.980179804377257824e-04
2.689791144803166389e-03
9.580876231193542480e-01
8.695492744445800781e-01
1.195392683148384094e-01
4.763467311859130859e-01
9.053891301155090332e-01
2.892070077359676361e-02
3.539903089404106140e-02
8.688937425613403320e-01
9.816646575927734375e-01
1.847883313894271851e-02
2.517929971218109131e-01
9.784685969352722168e-01
7.804181575775146484e-01
2.674178779125213623e-01
9.979982972145080566e-01
4.182912380201742053e-05
9.930940866470336914e-01
1.433416036888957024e-03
8.354111909866333008e-01
8.499408960342407227e-01
7.932512164115905762e-01
7.322903256863355637e-03
9.907457828521728516e-01
4.770913720130920410e-01
9.388533830642700195e-01
2.065713331103324890e-02
8.747985959053039551e-01
9.753772020339965820e-01
9.957908391952514648e-01
1.223508734256029129e-04
9.554795920848846436e-03
7.275155186653137207e-01
8.991355299949645996e-01
9.963962435722351074e-01
4.560378193855285645e-01
8.166420459747314453e-02
9.862346053123474121e-01
7.407298684120178223e-01
5.408920645713806152e-01
2.088518887758255005e-01
9.825902581214904785e-01
1.245443243533372879e-02
3.726679384708404541e-01
5.015520751476287842e-02
2.737786853685975075e-03
9.277939200401306152e-01
3.174204844981431961e-03
2.322681806981563568e-02
1.774426666088402271e-03
8.696083910763263702e-03
3.205740824341773987e-03
6.769694089889526367e-01
3.278524577617645264e-01
8.716133236885070801e-01
9.870406985282897949e-01
9.801320433616638184e-01
7.834529876708984375e-01
5.051744636148214340e-03
8.431205153465270996e-02
4.401165992021560669e-02
7.893567681312561035e-01
9.069945812225341797e-01
2.787245996296405792e-02
1.008863910101354122e-03
2.147161513566970825e-01
4.182794690132141113e-01
1.860730350017547607e-02
1.922784722410142422e-04
5.574873685836791992e-01
9.666161537170410156e-01
5.304635167121887207e-01
6.570441126823425293e-01
9.952793121337890625e-01
1.105449628084897995e-02
8.382281661033630371e-01
2.200349271297454834e-01
7.545519471168518066e-01
2.321651700185611844e-04
9.297110438346862793e-01
9.937880635261535645e-01
2.067431109026074409e-03
8.590312600135803223e-01
9.529252648353576660e-01
1.296723075211048126e-02
9.458387494087219238e-01
3.471187083050608635e-04
4.132978916168212891e-01
9.956060051918029785e-01
3.381159007549285889e-01
1.970092654228210449e-01
9.703163504600524902e-01
1.956902444362640381e-02
9.834640622138977051e-01
5.575855970382690430e-01
1.777427503839135170e-03
1.081845909357070923e-02
9.650332927703857422e-01
5.869861841201782227e-01
5.589019656181335449e-01
1.249757129698991776e-02
3.705504350364208221e-03
9.975953698158264160e-01
1.910037710331380367e-03
3.223704406991600990e-04
3.002645075321197510e-02
3.848388493061065674e-01
8.585749864578247070e-01
1.175417900085449219e-01
9.076599478721618652e-01
8.328496217727661133e-01
1.733101606369018555e-01
8.880855441093444824e-01
9.788268804550170898e-01
3.337591513991355896e-02
9.680413603782653809e-01
9.995663762092590332e-01
5.640810728073120117e-01
9.923596978187561035e-01
9.782806634902954102e-01
1.498670550063252449e-03
7.729558944702148438e-01
5.530583262443542480e-01
5.054028630256652832e-01
2.973585855215787888e-03
9.960111379623413086e-01
8.831690549850463867e-01
2.630788832902908325e-02
2.856248803436756134e-02
1.540064960718154907e-01
7.651628851890563965e-01
2.130676209926605225e-01
8.825966119766235352e-01
1.015179557725787163e-03
9.567180275917053223e-01
9.680979251861572266e-01
1.211911812424659729e-02
9.807259440422058105e-01
9.644947052001953125e-01
7.699408382177352905e-02
1.526604499667882919e-02
8.109513146337121725e-05
3.879931941628456116e-02
8.646622300148010254e-01
3.444680944085121155e-02
9.316694140434265137e-01
7.437402009963989258e-02
8.508893251419067383e-01
2.694912254810333252e-04
8.365873098373413086e-01
9.995186328887939453e-01
2.335625886917114258e-01
8.589032888412475586e-01
9.873895645141601562e-01
2.529640914872288704e-04
2.797424793243408203e-01
1.399920880794525146e-02
8.505644798278808594e-01
9.927523136138916016e-01
2.637067437171936035e-01
9.963369369506835938e-01
1.119026448577642441e-03
9.922418594360351562e-01
3.641919493675231934e-01
3.591663436964154243e-03
3.547349572181701660e-02
2.914002910256385803e-02
9.114239811897277832e-01
1.505845338106155396e-01
9.640694479458034039e-04
7.228029370307922363e-01
2.679603546857833862e-02
6.744547188282012939e-02
1.385987270623445511e-04
7.255706787109375000e-01
5.560761690139770508e-01
3.296822309494018555e-03
2.020992524921894073e-02
4.400962498039007187e-04
2.964867092669010162e-02
9.958646297454833984e-01
9.177888035774230957e-01
1.122861579060554504e-01
1.867039874196052551e-02
1.655817180871963501e-01
4.490200430154800415e-03
5.406911969184875488e-01
4.159867763519287109e-01
2.571501769125461578e-02
8.695155978202819824e-01
2.554659247398376465e-01
9.698849916458129883e-01
7.055786252021789551e-01
3.447556495666503906e-01
2.490467391908168793e-02
9.930375218391418457e-01
6.993987560272216797e-01
1.068747639656066895e-01
9.599671959877014160e-01
1.730954274535179138e-02
1.864296756684780121e-02
2.383300811052322388e-01
6.230974197387695312e-02
5.694580613635480404e-04
2.815662324428558350e-01
8.332226425409317017e-02
9.764836728572845459e-02
9.211652278900146484e-01
1.695125922560691833e-02
2.076217085123062134e-01
9.992578625679016113e-01
1.734381169080734253e-02
9.754736423492431641e-01
9.995514750480651855e-01
9.723115563392639160e-01
7.191986776888370514e-03
1.555694267153739929e-02
1.280835270881652832e-02
7.263966202735900879e-01
9.813418388366699219e-01
9.853374361991882324e-01
6.368930935859680176e-01
9.648808836936950684e-01
9.972218275070190430e-01
9.969134628772735596e-02
4.786274512298405170e-04
1.862925589084625244e-01
7.253988645970821381e-03
8.145199390128254890e-04
5.675166845321655273e-01
9.179796576499938965e-01
4.897383227944374084e-02
9.935403466224670410e-01
9.865539669990539551e-01
6.493099331855773926e-01
7.266005277633666992e-01
3.455549106001853943e-02
1.643735021352767944e-01
8.303051436087116599e-05
9.416901469230651855e-01
9.997308850288391113e-01
9.980264306068420410e-01
7.576395869255065918e-01
9.966924190521240234e-01
3.295550048351287842e-01
9.814286231994628906e-01
3.856213688850402832e-01
2.156160958111286163e-02
9.036353826522827148e-01
3.139412105083465576e-01
1.106429994106292725e-01
1.515589356422424316e-01
8.245531469583511353e-02
9.802707433700561523e-01
5.103517905808985233e-04
9.720438718795776367e-02
9.498738050460815430e-01
6.812788546085357666e-03
7.590955495834350586e-02
9.806172847747802734e-01
9.925508499145507812e-01
6.621268391609191895e-01
4.157832823693752289e-03
6.550692319869995117e-01
3.639245927333831787e-01
6.083184853196144104e-02
7.661509513854980469e-02
2.697523124516010284e-02
8.620584607124328613e-01
9.914571642875671387e-01
6.618534922599792480e-01
9.814261794090270996e-01
2.509756088256835938e-01
9.034039378166198730e-01
9.537661671638488770e-01
7.970822602510452271e-02
1.589259947650134563e-03
7.489203810691833496e-01
3.820075420662760735e-03
2.084583044052124023e-01
9.102665781974792480e-01
7.631287723779678345e-02
1.158907562494277954e-01
2.337860688567161560e-02
7.066220641136169434e-01
2.876696176826953888e-02
3.551947176456451416e-01
4.185080528259277344e-03
1.124752964824438095e-02
9.982238411903381348e-01
9.988219141960144043e-01
3.457548618316650391e-01
3.605979681015014648e-01
8.134541101753711700e-03
3.451084345579147339e-02
2.252938225865364075e-03
1.613214313983917236e-01
9.505098313093185425e-02
1.240383274853229523e-02
9.927920103073120117e-01
9.886122345924377441e-01
6.652357578277587891e-01
4.797602887265384197e-04
2.603473067283630371e-01
7.982389070093631744e-03
1.614231243729591370e-02
8.562287092208862305e-01
5.662218928337097168e-01
4.590630531311035156e-01
3.184273466467857361e-02
4.321813881397247314e-01
9.868417978286743164e-01
9.906020164489746094e-01
1.628566086292266846e-01
5.108720064163208008e-01
9.935697317123413086e-01
9.965996723622083664e-04
9.982978701591491699e-01
6.486513614654541016e-01
1.432936042547225952e-01
5.033244490623474121e-01
4.612725973129272461e-02
5.898249149322509766e-01
4.948667809367179871e-02
9.681564569473266602e-01
4.699378013610839844e-01
8.446238636970520020e-01
1.189225725829601288e-02
9.865931868553161621e-01
4.625480249524116516e-02
9.138807058334350586e-01
6.114018615335226059e-03
9.363973736763000488e-01
9.995575547218322754e-01
9.442152976989746094e-01
3.327613929286599159e-03
3.891631029546260834e-03
8.144819736480712891e-01
6.253727674484252930e-01
1.548618376255035400e-01
9.375758171081542969e-01
7.632130980491638184e-01
7.098683118820190430e-01
9.814605116844177246e-01
9.978868365287780762e-01
8.376262784004211426e-01
5.255791256786324084e-05
9.048789739608764648e-02
4.104508161544799805e-01
9.949895739555358887e-01
5.942421406507492065e-02
9.855497479438781738e-01
1.987020857632160187e-02
9.705473780632019043e-01
4.187031984329223633e-01
1.292266547679901123e-01
6.144978404045104980e-01
5.986547097563743591e-03
1.179086416959762573e-02
9.259952902793884277e-01
4.151228349655866623e-03
3.452141769230365753e-03
7.003516703844070435e-02
5.139771848917007446e-03
9.702506065368652344e-01
4.071723818778991699e-01
8.448581099510192871e-01
5.362655520439147949e-01
2.676311135292053223e-01
9.936417937278747559e-01
1.423088600859045982e-03
8.769550174474716187e-02
9.988854527473449707e-01
4.035345744341611862e-03
9.954368472099304199e-01
9.944642186164855957e-01
8.636830449104309082e-01
9.926854372024536133e-01
9.883697032928466797e-01
1.962113426998257637e-03
9.945296645164489746e-01
6.528403609991073608e-03
7.311471551656723022e-02
9.233379960060119629e-01
4.226872026920318604e-01
9.993403553962707520e-01
2.184180309996008873e-03
7.341172695159912109e-01
9.818888306617736816e-01
9.965458512306213379e-01
7.195067405700683594e-01
1.009340281598269939e-03
9.992778897285461426e-01
9.962549209594726562e-01
7.545349597930908203e-01
9.885073900222778320e-01
8.806792320683598518e-04
1.543265825603157282e-04
9.245797991752624512e-01
2.156160958111286163e-02
1.336892843246459961e-01
3.208101843483746052e-04
9.920221567153930664e-01
6.285449117422103882e-02
9.906587600708007812e-01
4.052491784095764160e-01
3.994728438556194305e-03
7.755703926086425781e-01
3.054316341876983643e-01
9.364398568868637085e-02
9.821324348449707031e-01
5.811442732810974121e-01
9.475989341735839844e-01
7.883902788162231445e-01
2.600111067295074463e-01
4.742803797125816345e-02
1.385343670845031738e-01
1.096356753259897232e-02
9.698179364204406738e-01
1.921891421079635620e-02
4.110079109668731689e-01
2.332222759723663330e-01
9.923146367073059082e-01
8.845588564872741699e-01
9.932431858032941818e-04
8.235353231430053711e-01
9.783030152320861816e-01
9.919552206993103027e-01
8.344545364379882812e-01
8.525747060775756836e-01
7.325924634933471680e-01
9.967060685157775879e-01
5.493213539011776447e-04
5.018734838813543320e-03
9.994717240333557129e-01
1.837682793848216534e-04
1.236174926161766052e-01
8.541905879974365234e-02
8.263310790061950684e-02
2.128757387399673462e-01
7.901605367660522461e-01
6.844117641448974609e-01
5.404389649629592896e-02
2.704730033874511719e-01
2.785961888730525970e-02
7.855048403143882751e-03
9.442097544670104980e-01
3.428024426102638245e-02
2.546691102907061577e-03
7.875306606292724609e-01
1.202807668596506119e-02
8.249538019299507141e-03
4.671680182218551636e-02
3.193990141153335571e-02
9.989019632339477539e-01
7.868762128055095673e-03
2.561712462920695543e-04
6.860737800598144531e-01
9.742711186408996582e-01
8.699984550476074219e-01
9.981968998908996582e-01
8.400353193283081055e-01
9.998619556427001953e-01
1.828647255897521973e-01
9.913650751113891602e-01
6.734097842127084732e-03
3.056688699871301651e-03
9.843569397926330566e-01
9.937525391578674316e-01
9.464915394783020020e-01
1.648096949793398380e-03
8.559387326240539551e-01
1.008890941739082336e-01
8.489363789558410645e-01
9.725004434585571289e-01
7.254631519317626953e-01
9.954323768615722656e-01
9.882189333438873291e-02
2.341338060796260834e-02
8.269463777542114258e-01
9.996298551559448242e-01
1.292283274233341217e-02
6.816574372351169586e-03
1.029934355756267905e-04
9.895639494061470032e-03
4.020461812615394592e-02
9.893757104873657227e-01
9.874196648597717285e-01
9.985952973365783691e-01
9.794219732284545898e-01
9.676311016082763672e-01
9.774389863014221191e-01
9.926313161849975586e-01
9.933856129646301270e-01
3.159925399813801050e-04
8.167321085929870605e-01
1.318830647505819798e-03
6.954689025878906250e-01
9.860684163868427277e-03
6.529306620359420776e-02
9.847798943519592285e-01
7.821866893209517002e-04
9.974086880683898926e-01
4.440845455974340439e-03
9.967840909957885742e-01
9.961166381835937500e-01
9.782937765121459961e-01
2.034424990415573120e-01
9.694554805755615234e-01
4.687041044235229492e-02
2.543828450143337250e-04
6.107503175735473633e-01
7.797571420669555664e-01
7.398193120025098324e-04
7.462192177772521973e-01
9.980949759483337402e-01
7.252869755029678345e-02
5.815185904502868652e-01
1.051776483654975891e-02
8.678700327873229980e-01
2.991700731217861176e-02
4.644204974174499512e-01
4.856507293879985809e-03
8.367965817451477051e-01
9.872570037841796875e-01
9.603002667427062988e-01
1.933526061475276947e-02
9.982284903526306152e-01
4.774150997400283813e-02
9.748295545578002930e-01
9.929373860359191895e-01
1.181330881081521511e-03
9.988487958908081055e-01
1.952890452230349183e-04
3.826238811016082764e-01
9.026415348052978516e-01
9.636216759681701660e-01
4.622335433959960938e-01
9.585668444633483887e-01
9.974285960197448730e-01
2.657702565193176270e-01
8.798599243164062500e-03
9.809897541999816895e-01
1.415177583694458008e-01
2.095475420355796814e-02
6.901928782463073730e-01
2.459475363139063120e-04
9.922418594360351562e-01
3.389888405799865723e-01
3.876053728163242340e-03
9.995676875114440918e-01
2.199892478529363871e-04
9.762215018272399902e-01
1.179784443229436874e-02
9.864750504493713379e-01
6.956989876925945282e-03
1.531996484845876694e-02
8.462543487548828125e-01
2.417479604482650757e-01
4.635709803551435471e-03
3.670619844342581928e-05
9.968807697296142578e-01
6.969817280769348145e-01
4.145149141550064087e-02
2.763965912163257599e-02
1.798838144168257713e-03
3.207179484888911247e-03
9.214094281196594238e-01
1.937517970800399780e-01
9.451826810836791992e-01
2.254571299999952316e-03
1.040660031139850616e-02
9.414525032043457031e-01
6.604875437915325165e-03
3.211026778444647789e-04
7.113923784345388412e-04
6.301756501197814941e-01
1.419467777013778687e-01
1.117399777285754681e-03
4.964292645454406738e-01
6.508205533027648926e-01
3.444748654146678746e-05
9.376258254051208496e-01
9.985209107398986816e-01
1.499980092048645020e-01
9.560730457305908203e-01
9.978358149528503418e-01
3.976935148239135742e-01
8.814832195639610291e-03
7.351241111755371094e-01
2.625155029818415642e-04
8.198409527540206909e-02
9.590145945549011230e-01
8.816069364547729492e-02
8.388658165931701660e-01
9.598325490951538086e-01
1.271277815103530884e-01
4.778202176094055176e-01
9.267594814300537109e-01
9.929002523422241211e-01
7.102525234222412109e-01
6.877182722091674805e-01
4.481555223464965820e-01
2.622834779322147369e-02
2.356322556734085083e-01
8.949412107467651367e-01
9.995579123497009277e-01
1.669943779706954956e-01
8.217129707336425781e-01
3.081643953919410706e-04
6.499302387237548828e-02
8.117740750312805176e-01
6.063525378704071045e-02
8.547031283378601074e-01
7.856535958126187325e-04
9.981877207756042480e-01
9.489109516143798828e-01
9.655001163482666016e-01
9.609625339508056641e-01
6.508671212941408157e-03
8.520719408988952637e-01
9.996774196624755859e-01
1.074759173206984997e-03
8.360987305641174316e-01
1.643126010894775391e-01
2.553523778915405273e-01
7.825686931610107422e-01
1.305009052157402039e-02
6.660153269767761230e-01
9.726199507713317871e-01
4.554612969513982534e-04
2.418158343061804771e-03
8.555334806442260742e-02
1.964176818728446960e-02
2.039000764489173889e-02
9.995135068893432617e-01
1.110185980796813965e-01
2.301395125687122345e-02
3.600915893912315369e-02
1.933351904153823853e-02
5.317598581314086914e-02
8.444864153861999512e-01
1.455228216946125031e-02
9.997562766075134277e-01
1.207797089591622353e-03
4.271942377090454102e-01
2.058499902486801147e-01
2.299409359693527222e-02
8.421091437339782715e-01
9.989203214645385742e-01
4.223058931529521942e-03
3.197127953171730042e-02
9.523960761725902557e-03
9.977122545242309570e-01
2.060579136013984680e-02
1.171555137261748314e-03
9.244565963745117188e-01
5.368894934654235840e-01
1.193675100803375244e-01
1.788063906133174896e-02
9.052227735519409180e-01
8.096187375485897064e-03
9.586009979248046875e-01
2.861594781279563904e-03
9.993360638618469238e-01
9.979164004325866699e-01
1.553147584199905396e-01
7.405480742454528809e-01
3.015002310276031494e-01
5.219366550445556641e-01
9.805919528007507324e-01
9.657080173492431641e-01
7.753319223411381245e-04
1.294216956011950970e-03
6.860577035695314407e-03
9.995098114013671875e-01
9.843834042549133301e-01
4.343654513359069824e-01
9.261780977249145508e-01
2.434547618031501770e-02
6.181792616844177246e-01
5.141806602478027344e-01
6.545177847146987915e-02
9.961237311363220215e-01
3.077218532562255859e-01
8.338920772075653076e-03
5.211961269378662109e-01
9.998292922973632812e-01
9.338654279708862305e-01
9.850469827651977539e-01
4.968146383762359619e-01
9.909098744392395020e-01
4.921607971191406250e-01
9.972940087318420410e-01
9.935793876647949219e-01
9.695513844490051270e-01
9.614270925521850586e-01
7.184738516807556152e-01
1.094713807106018066e-01
9.864214658737182617e-01
9.989281296730041504e-01
3.110804408788681030e-02
9.980140924453735352e-01
7.464087605476379395e-01
8.467436581850051880e-02
4.748266935348510742e-02
9.529225826263427734e-01
3.216461511328816414e-03
2.755208611488342285e-01
1.824536919593811035e-01
9.059887528419494629e-01
9.680634737014770508e-01
9.005173444747924805e-01
3.596342867240309715e-04
9.147636890411376953e-01
1.944434829056262970e-03
8.669868707656860352e-01
1.366082578897476196e-03
9.887579083442687988e-01
4.021241366863250732e-01
9.993137121200561523e-01
9.537837505340576172e-01
2.544014714658260345e-03
9.777119159698486328e-01
9.813871383666992188e-01
9.809545278549194336e-01
4.680399000644683838e-01
2.259180881083011627e-03
9.103371202945709229e-02
2.453728206455707550e-02
9.973637461662292480e-01
9.024446010589599609e-01
1.910887360572814941e-01
4.197332076728343964e-03
9.687324762344360352e-01
1.044668629765510559e-01
1.237912103533744812e-02
1.645997050218284130e-03
9.316133260726928711e-01
9.938666224479675293e-01
9.964410662651062012e-01
8.613095283508300781e-01
9.979256391525268555e-01
7.520827054977416992e-01
6.937944999663159251e-05
9.732854366302490234e-01
8.842185735702514648e-01
1.594763016328215599e-03
7.676614332012832165e-04
2.359116077423095703e-01
9.987516403198242188e-01
1.040588021278381348e-01
5.477713420987129211e-02
2.290018275380134583e-02
8.368470668792724609e-01
7.926562428474426270e-02
4.463480040431022644e-02
9.992879033088684082e-01
9.490700364112854004e-01
9.971547126770019531e-01
8.935241103172302246e-01
6.445152685046195984e-03
4.227974638342857361e-02
1.160431769676506519e-03
9.962174296379089355e-01
1.342613808810710907e-02
8.562051057815551758e-01
1.607759739272296429e-03
8.445288538932800293e-01
5.677890405058860779e-02
7.936612963676452637e-01
3.113837353885173798e-02
9.950279593467712402e-01
3.457094356417655945e-02
8.109273767331615090e-05
4.905566456727683544e-04
9.962341189384460449e-01
9.167040698230266571e-03
3.939321935176849365e-01
1.462235748767852783e-01
2.677377164363861084e-01
3.332210006192326546e-03
7.791382074356079102e-01
9.999622106552124023e-01
9.847167730331420898e-01
8.366158008575439453e-01
8.421091437339782715e-01
1.135311555117368698e-02
3.188787377439439297e-04
9.910768270492553711e-01
6.060723662376403809e-01
9.977715015411376953e-01
5.994612574577331543e-01
9.784733057022094727e-01
1.082574296742677689e-02
8.393505811691284180e-01
7.163753509521484375e-01
6.453027725219726562e-01
6.629188545048236847e-03
1.960003003478050232e-02
1.291039288043975830e-01
9.873116016387939453e-01
2.221529139205813408e-04
9.056014418601989746e-01
1.120628640055656433e-01
9.984034895896911621e-01
8.476362228393554688e-01
9.994502663612365723e-01
1.120077539235353470e-02
9.848880767822265625e-01
1.419056802988052368e-01
9.200055599212646484e-01
2.993767848238348961e-04
5.695096217095851898e-03
6.109283566474914551e-01
5.763881206512451172e-01
9.780572056770324707e-01
3.101670416072010994e-03
2.369185822317376733e-04
1.193675324320793152e-01
2.120754914358258247e-03
1.267641484737396240e-01
9.867969751358032227e-01
6.073652300983667374e-03
9.968807697296142578e-01
9.999036788940429688e-01
9.666221737861633301e-01
9.907265901565551758e-01
7.095383480191230774e-03
1.342725101858377457e-02
3.675081208348274231e-02
8.850421905517578125e-01
9.810850620269775391e-01
1.528115710243582726e-03
9.975309967994689941e-01
6.509464583359658718e-04
9.899952411651611328e-01
4.141170382499694824e-01
9.624302983283996582e-01
1.797864027321338654e-02
1.003782148472964764e-03
4.560990259051322937e-02
1.315596234053373337e-02
9.667483568191528320e-01
3.058383881580084562e-04
2.856470237020403147e-04
3.357884287834167480e-02
5.472527742385864258e-01
5.016090273857116699e-01
9.679495692253112793e-01
9.999223947525024414e-01
3.513447642326354980e-01
1.221787417307496071e-03
5.016875863075256348e-01
9.519025683403015137e-01
5.493746139109134674e-03
3.646286949515342712e-02
2.227114699780941010e-02
2.113143913447856903e-02
6.015266850590705872e-02
9.911049008369445801e-01
1.646370589733123779e-01
1.141040697693824768e-01
9.973571896553039551e-01
7.340573668479919434e-01
2.990892715752124786e-02
7.068946361541748047e-01
6.501033902168273926e-01
3.905580670107156038e-04
9.611448645591735840e-01
5.995698645710945129e-02
1.465188921429216862e-03
4.584912583231925964e-02
2.842873707413673401e-02
9.470013380050659180e-01
9.866585135459899902e-01
6.612624228000640869e-02
1.657631131820380688e-03
8.434302173554897308e-03
7.766686081886291504e-01
7.397268712520599365e-02
