6.323684453964233398e-01
2.913617491722106934e-01
6.654636859893798828e-01
4.568565487861633301e-01
6.254000067710876465e-01
2.710236907005310059e-01
5.487049818038940430e-01
5.417042374610900879e-01
6.204321384429931641e-01
4.609064459800720215e-01
6.574075222015380859e-01
6.700618863105773926e-01
5.799930691719055176e-01
5.592945814132690430e-01
4.693901240825653076e-01
5.096744298934936523e-01
5.685949325561523438e-01
5.949073433876037598e-01
5.719663500785827637e-01
6.895858049392700195e-01
7.611117959022521973e-01
6.133182644844055176e-01
3.842638134956359863e-01
2.279081493616104126e-01
4.948898851871490479e-01
6.361483335494995117e-01
3.821736574172973633e-01
3.653915524482727051e-01
6.742485761642456055e-01
1.923197060823440552e-01
6.119065284729003906e-01
5.180108547210693359e-01
1.165467500686645508e-01
4.667929410934448242e-01
7.280755043029785156e-01
6.420277953147888184e-01
4.142605960369110107e-01
6.074770689010620117e-01
3.731481730937957764e-01
5.589845776557922363e-01
2.822710871696472168e-01
6.016887426376342773e-01
6.211387515068054199e-01
5.812420845031738281e-01
5.923702120780944824e-01
5.006722211837768555e-01
3.864875137805938721e-01
6.686413884162902832e-01
3.987047374248504639e-01
5.906724333763122559e-01
2.483292818069458008e-01
6.284440159797668457e-01
5.898038744926452637e-01
4.514061510562896729e-01
6.368833184242248535e-01
4.916580617427825928e-01
5.383684039115905762e-01
6.600509881973266602e-01
4.544613659381866455e-01
2.992597222328186035e-01
5.156082510948181152e-01
5.874873995780944824e-01
6.271551847457885742e-01
4.904558658599853516e-01
7.396650314331054688e-01
5.761545896530151367e-01
5.735360383987426758e-01
6.027239561080932617e-01
3.395697772502899170e-01
6.081796288490295410e-01
6.781888604164123535e-01
4.872877597808837891e-01
4.731729030609130859e-01
5.432559251785278320e-01
5.516662597656250000e-01
5.511326193809509277e-01
5.822752118110656738e-01
6.694827079772949219e-01
6.500583887100219727e-01
6.203325390815734863e-01
5.972716212272644043e-01
7.734469175338745117e-01
6.436693668365478516e-01
4.831991493701934814e-01
8.597462773323059082e-01
5.828267335891723633e-01
4.828935265541076660e-01
4.381465315818786621e-01
6.863757371902465820e-01
4.073842167854309082e-01
5.854336023330688477e-01
6.608651280403137207e-01
4.646084606647491455e-01
4.148688316345214844e-01
6.667768359184265137e-01
7.395523190498352051e-01
5.203109979629516602e-01
4.077950417995452881e-01
5.136595368385314941e-01
6.345204710960388184e-01
6.993299126625061035e-01
6.368046998977661133e-01
8.005331158638000488e-01
6.628788113594055176e-01
6.676511168479919434e-01
6.308225989341735840e-01
6.406749486923217773e-01
4.630540907382965088e-01
2.904856204986572266e-01
4.226461350917816162e-01
1.813190877437591553e-01
6.614941954612731934e-01
5.393686890602111816e-01
5.541471242904663086e-01
6.440441012382507324e-01
5.911929011344909668e-01
6.172332763671875000e-01
6.253939867019653320e-01
5.295572280883789062e-01
3.138829469680786133e-01
4.738907814025878906e-01
6.432638764381408691e-01
5.014939904212951660e-01
6.537187695503234863e-01
6.487450003623962402e-01
6.723950505256652832e-01
5.955096483230590820e-01
4.148613512516021729e-01
5.958660244941711426e-01
6.467639803886413574e-01
4.986019134521484375e-01
5.364789962768554688e-01
5.398246049880981445e-01
6.388103365898132324e-01
6.572040915489196777e-01
8.339985609054565430e-01
5.294630527496337891e-01
3.277533352375030518e-01
5.564547777175903320e-01
5.093311071395874023e-01
4.609232544898986816e-01
5.619155764579772949e-01
4.784709513187408447e-01
6.016203761100769043e-01
6.748057603836059570e-01
3.640325665473937988e-01
6.591712236404418945e-01
5.393245220184326172e-01
5.723613500595092773e-01
5.539370179176330566e-01
5.459957122802734375e-01
5.243881940841674805e-01
2.995545268058776855e-01
4.887206256389617920e-01
6.327934861183166504e-01
4.129726290702819824e-01
2.901883721351623535e-01
5.475444197654724121e-01
5.252583622932434082e-01
6.852905154228210449e-01
5.936685800552368164e-01
5.422161221504211426e-01
4.904906153678894043e-01
5.169295668601989746e-01
6.431097388267517090e-01
5.448679924011230469e-01
4.816607832908630371e-01
3.349793553352355957e-01
6.555899977684020996e-01
6.437904834747314453e-01
5.794451832771301270e-01
3.672758340835571289e-01
3.052040338516235352e-01
5.463349819183349609e-01
3.102242946624755859e-01
5.502237081527709961e-01
5.373347401618957520e-01
5.719056129455566406e-01
5.208191871643066406e-01
6.102723479270935059e-01
5.424219965934753418e-01
6.158048510551452637e-01
6.056811809539794922e-01
5.167656540870666504e-01
6.259225010871887207e-01
4.693436920642852783e-01
6.175927519798278809e-01
5.558338761329650879e-01
6.028912067413330078e-01
6.101072430610656738e-01
6.412078142166137695e-01
5.559548735618591309e-01
6.484823822975158691e-01
5.151063203811645508e-01
5.918461084365844727e-01
2.307993620634078979e-01
6.249117255210876465e-01
5.591003894805908203e-01
6.450979113578796387e-01
6.054397821426391602e-01
6.333689093589782715e-01
6.552441120147705078e-01
6.076204180717468262e-01
5.530263185501098633e-01
5.128552913665771484e-01
6.795418858528137207e-01
4.574939906597137451e-01
2.867892384529113770e-01
6.570087075233459473e-01
5.556701421737670898e-01
6.599889993667602539e-01
6.097173094749450684e-01
5.150181651115417480e-01
6.983000636100769043e-01
5.692072510719299316e-01
5.306699872016906738e-01
5.929722785949707031e-01
5.695746541023254395e-01
4.913426041603088379e-01
5.713123083114624023e-01
3.179276362061500549e-02
5.543424487113952637e-01
3.939364850521087646e-01
6.475386619567871094e-01
5.622044801712036133e-01
6.401035785675048828e-01
4.686509370803833008e-01
6.046470403671264648e-01
1.391323506832122803e-01
6.503173112869262695e-01
6.194819211959838867e-01
2.816082835197448730e-01
4.513969421386718750e-01
6.437559723854064941e-01
5.670505762100219727e-01
4.951866865158081055e-01
5.863474607467651367e-01
4.548905193805694580e-01
7.028718590736389160e-01
6.341577172279357910e-01
6.209913492202758789e-01
5.263172984123229980e-01
2.640182077884674072e-01
1.769344508647918701e-01
6.171426177024841309e-01
6.236311197280883789e-01
4.666276276111602783e-01
5.818405747413635254e-01
3.676109015941619873e-01
6.405453681945800781e-01
4.879973530769348145e-01
2.275316566228866577e-01
5.337806940078735352e-01
5.642704367637634277e-01
5.715908408164978027e-01
6.349883675575256348e-01
6.322180032730102539e-01
3.591822385787963867e-01
4.825658500194549561e-01
2.645644247531890869e-01
4.834651648998260498e-01
6.482217311859130859e-01
6.521835327148437500e-01
5.535277724266052246e-01
4.677920639514923096e-01
5.627182126045227051e-01
3.766573965549468994e-01
5.156006813049316406e-01
6.606665253639221191e-01
5.688442587852478027e-01
7.247911691665649414e-01
6.407880783081054688e-01
6.313154697418212891e-01
6.514404416084289551e-01
6.598501801490783691e-01
5.850052833557128906e-01
6.489061117172241211e-01
4.407920241355895996e-01
6.132683157920837402e-01
2.058766335248947144e-01
3.442267179489135742e-01
5.691460967063903809e-01
4.797258973121643066e-01
3.290314078330993652e-01
6.410030126571655273e-01
6.644520759582519531e-01
5.667135715484619141e-01
6.315875053405761719e-01
6.482139825820922852e-01
3.713786005973815918e-01
4.940845966339111328e-01
5.705311298370361328e-01
7.169718146324157715e-01
4.870453476905822754e-01
4.729552268981933594e-01
5.450187921524047852e-01
5.392913818359375000e-01
5.902802944183349609e-01
1.795306205749511719e-01
5.688884854316711426e-01
6.296028494834899902e-01
6.030886173248291016e-01
4.819842576980590820e-01
5.184915065765380859e-01
5.452361106872558594e-01
6.692639589309692383e-01
6.336810588836669922e-01
6.489332318305969238e-01
3.910247981548309326e-01
6.104904413223266602e-01
7.660036683082580566e-01
2.304004132747650146e-01
6.274716258049011230e-01
2.131349891424179077e-01
2.897514700889587402e-01
6.614571809768676758e-01
5.623397231101989746e-01
3.974023461341857910e-01
6.169427633285522461e-01
3.594701290130615234e-01
5.673420429229736328e-01
6.251130104064941406e-01
3.470490872859954834e-01
4.516440927982330322e-01
5.679569840431213379e-01
6.558724045753479004e-01
5.226892828941345215e-01
5.794482231140136719e-01
5.527457594871520996e-01
6.127193570137023926e-01
6.018376350402832031e-01
5.767017006874084473e-01
6.619940996170043945e-01
5.922645926475524902e-01
5.332803726196289062e-01
2.635416984558105469e-01
5.729430913925170898e-01
6.059187650680541992e-01
5.437724590301513672e-01
4.945084452629089355e-01
6.558758020401000977e-01
6.601936221122741699e-01
4.394165575504302979e-01
5.832319259643554688e-01
5.605611205101013184e-01
4.034591615200042725e-01
4.308862090110778809e-01
5.759620666503906250e-01
4.576793015003204346e-01
5.521178841590881348e-01
3.935311734676361084e-01
3.578599691390991211e-01
6.822580695152282715e-01
4.434491097927093506e-01
1.551827639341354370e-01
6.548212170600891113e-01
5.012004971504211426e-01
5.461802482604980469e-01
1.594946086406707764e-01
5.419614315032958984e-01
5.933947563171386719e-01
1.677625328302383423e-01
8.154371380805969238e-01
6.394899487495422363e-01
7.038482427597045898e-01
6.442342996597290039e-01
6.588343977928161621e-01
5.401345491409301758e-01
6.454958915710449219e-01
5.969233512878417969e-01
5.638638138771057129e-01
5.903060436248779297e-01
6.235505342483520508e-01
5.049591064453125000e-01
4.989590942859649658e-01
4.442759156227111816e-01
6.135116815567016602e-01
4.000200033187866211e-01
6.297088861465454102e-01
1.762440949678421021e-01
6.477510929107666016e-01
6.292160749435424805e-01
3.501457870006561279e-01
3.936223983764648438e-01
4.837839305400848389e-01
6.584936976432800293e-01
1.444440186023712158e-01
5.947909355163574219e-01
6.967651844024658203e-01
3.188149631023406982e-01
6.611113548278808594e-01
4.134010970592498779e-01
5.604193210601806641e-01
5.405466556549072266e-01
5.448815822601318359e-01
6.450693011283874512e-01
5.838220715522766113e-01
6.160046458244323730e-01
4.874502718448638916e-01
4.882377386093139648e-01
5.382022857666015625e-01
4.947917461395263672e-01
4.235104918479919434e-01
6.208897829055786133e-01
5.679305791854858398e-01
6.200604438781738281e-01
6.447088122367858887e-01
2.485111802816390991e-01
4.347636401653289795e-01
5.944825410842895508e-01
6.786235570907592773e-01
5.364704728126525879e-01
4.889007508754730225e-01
3.271130323410034180e-01
5.067092180252075195e-01
4.512337148189544678e-01
9.961888939142227173e-02
5.975493192672729492e-01
4.614095389842987061e-01
6.368295550346374512e-01
4.406518340110778809e-01
5.868036150932312012e-01
3.650041520595550537e-01
3.995091319084167480e-01
3.721942901611328125e-01
1.872674524784088135e-01
6.906930208206176758e-01
3.222565054893493652e-01
7.092944383621215820e-01
6.403613686561584473e-01
2.582226395606994629e-01
5.799252986907958984e-01
5.340673923492431641e-01
4.948195219039916992e-01
6.565742492675781250e-01
6.019843220710754395e-01
5.575113296508789062e-01
4.470926523208618164e-01
6.173024773597717285e-01
6.097128987312316895e-01
6.416617035865783691e-01
2.141638994216918945e-01
5.208191871643066406e-01
7.239103913307189941e-01
6.615212559700012207e-01
6.878797411918640137e-01
5.998025536537170410e-01
4.380893111228942871e-01
6.597432494163513184e-01
5.704411268234252930e-01
6.334809064865112305e-01
4.924136400222778320e-01
6.111173033714294434e-01
6.481963396072387695e-01
5.305071473121643066e-01
5.734573006629943848e-01
6.208541393280029297e-01
8.907576799392700195e-01
6.953970789909362793e-01
4.524159431457519531e-01
5.183573365211486816e-01
4.892182648181915283e-01
6.461115479469299316e-01
6.423466801643371582e-01
6.539148688316345215e-01
6.276360154151916504e-01
6.145664453506469727e-01
5.033935308456420898e-01
6.199233531951904297e-01
6.390030384063720703e-01
5.741990804672241211e-01
3.602265715599060059e-01
4.559964835643768311e-01
1.577473878860473633e-01
5.430817604064941406e-01
6.626463532447814941e-01
6.717208623886108398e-01
6.645644307136535645e-01
6.072766184806823730e-01
6.270588636398315430e-01
6.566222906112670898e-01
3.692799508571624756e-01
5.552920103073120117e-01
5.741095542907714844e-01
5.455635190010070801e-01
5.903565883636474609e-01
3.753515779972076416e-01
5.534867048263549805e-01
6.262979507446289062e-01
5.966806411743164062e-01
5.318153500556945801e-01
4.442498385906219482e-01
2.399288713932037354e-01
6.417295932769775391e-01
6.553847789764404297e-01
4.072218835353851318e-01
8.564012646675109863e-01
6.570212244987487793e-01
1.926430016756057739e-01
1.823580563068389893e-01
5.244221091270446777e-01
6.003717780113220215e-01
6.462470889091491699e-01
1.909970045089721680e-01
6.158132553100585938e-01
5.614714622497558594e-01
6.087557077407836914e-01
6.039259433746337891e-01
5.747342705726623535e-01
5.536556839942932129e-01
5.572754740715026855e-01
4.182791411876678467e-01
1.321253478527069092e-01
6.052615642547607422e-01
6.609851121902465820e-01
4.658548235893249512e-01
5.748197436332702637e-01
5.552714467048645020e-01
6.101761460304260254e-01
6.207237243652343750e-01
6.586953401565551758e-01
4.314826726913452148e-01
5.785242915153503418e-01
6.050346493721008301e-01
3.911936581134796143e-01
5.687512755393981934e-01
6.525392532348632812e-01
4.414681494235992432e-01
4.253286123275756836e-01
5.103700757026672363e-01
6.166470050811767578e-01
5.316897034645080566e-01
4.756473600864410400e-01
3.357953131198883057e-01
6.612110733985900879e-01
2.615035772323608398e-01
4.970931410789489746e-01
6.430248618125915527e-01
6.441566348075866699e-01
6.107134222984313965e-01
3.664794266223907471e-01
4.733056426048278809e-01
6.436167359352111816e-01
6.546260118484497070e-01
2.058803141117095947e-01
5.183544754981994629e-01
4.851289093494415283e-02
5.931765437126159668e-01
2.530257999897003174e-01
6.231513619422912598e-01
5.779771804809570312e-01
4.860253036022186279e-01
6.444139480590820312e-01
6.741086840629577637e-01
2.018426656723022461e-01
4.877499341964721680e-01
3.105401694774627686e-01
5.414971709251403809e-01
2.392506450414657593e-01
6.748204231262207031e-01
6.510559916496276855e-01
3.255278766155242920e-01
5.231809020042419434e-01
5.540068745613098145e-01
4.106563031673431396e-01
5.518476366996765137e-01
6.524446010589599609e-01
8.619374632835388184e-01
4.750165045261383057e-01
3.026395440101623535e-01
5.955336689949035645e-01
4.630821049213409424e-01
6.447447538375854492e-01
6.663988828659057617e-01
1.160433292388916016e-01
4.467059075832366943e-01
5.044620037078857422e-01
6.071712374687194824e-01
6.061137318611145020e-01
3.976033031940460205e-01
1.606718450784683228e-01
6.684569716453552246e-01
3.340131342411041260e-01
6.607916951179504395e-01
5.341168642044067383e-01
5.575530529022216797e-01
5.542286038398742676e-01
7.668400406837463379e-01
5.123023390769958496e-01
4.388598203659057617e-01
3.313000500202178955e-01
5.936874151229858398e-01
6.252277493476867676e-01
5.201921463012695312e-01
3.762658834457397461e-01
6.350855827331542969e-01
5.998928546905517578e-01
6.706606149673461914e-01
4.473723769187927246e-01
6.006143093109130859e-01
5.620105862617492676e-01
3.105151951313018799e-01
4.963760375976562500e-01
2.588692307472229004e-01
6.644919514656066895e-01
5.572489500045776367e-01
5.560395717620849609e-01
4.724522531032562256e-01
6.695075035095214844e-01
7.969334721565246582e-01
5.908526778221130371e-01
5.372526645660400391e-01
5.841959118843078613e-01
4.991101324558258057e-01
7.154812812805175781e-01
6.026057600975036621e-01
5.949900746345520020e-01
6.459504961967468262e-01
5.018787980079650879e-01
7.525652647018432617e-01
5.221306085586547852e-01
5.005859136581420898e-01
4.905164241790771484e-01
5.875847339630126953e-01
3.026343584060668945e-01
2.668937444686889648e-01
5.054109096527099609e-01
5.311804413795471191e-01
4.428535103797912598e-01
1.024067699909210205e-01
6.499066948890686035e-01
6.359489560127258301e-01
4.779543876647949219e-01
6.575024127960205078e-01
6.355960369110107422e-01
5.526080131530761719e-01
3.649338781833648682e-01
6.968262791633605957e-01
5.848264694213867188e-01
5.602988004684448242e-01
7.263000011444091797e-01
6.573854684829711914e-01
5.309728980064392090e-01
6.591235995292663574e-01
3.366959691047668457e-01
4.239407181739807129e-01
7.176218032836914062e-01
5.071179866790771484e-01
5.132672190666198730e-01
3.947308361530303955e-01
4.257784187793731689e-01
5.557805895805358887e-01
5.586407184600830078e-01
6.416848897933959961e-01
6.314301490783691406e-01
5.896300673484802246e-01
5.797463655471801758e-01
4.143708050251007080e-01
6.372215151786804199e-01
6.688929200172424316e-01
5.555220246315002441e-01
6.594967842102050781e-01
5.788645744323730469e-01
6.498609781265258789e-01
4.514366388320922852e-01
4.272160232067108154e-01
5.712708234786987305e-01
3.202631175518035889e-01
6.334149241447448730e-01
7.192547321319580078e-01
4.454732239246368408e-01
6.382014751434326172e-01
5.811893343925476074e-01
6.045535802841186523e-01
6.571629643440246582e-01
6.304332613945007324e-01
6.542589068412780762e-01
6.029270291328430176e-01
6.378587484359741211e-01
6.082633733749389648e-01
5.559986233711242676e-01
5.072411298751831055e-01
4.802586138248443604e-01
6.091155409812927246e-01
6.238569617271423340e-01
2.212639898061752319e-01
5.516662597656250000e-01
4.918476939201354980e-01
4.072218835353851318e-01
4.826862514019012451e-01
5.306005477905273438e-01
4.732592403888702393e-01
6.383323073387145996e-01
6.070580482482910156e-01
3.973673582077026367e-01
5.167798399925231934e-01
4.753020703792572021e-01
2.156788110733032227e-01
4.923528730869293213e-01
4.131547510623931885e-01
6.577534079551696777e-01
6.012012362480163574e-01
6.490237712860107422e-01
5.237845182418823242e-01
5.573787689208984375e-01
5.799789428710937500e-01
3.983477652072906494e-01
4.003869593143463135e-01
6.238372921943664551e-01
5.495643019676208496e-01
3.988433480262756348e-01
5.003061890602111816e-01
6.345500946044921875e-01
3.730898201465606689e-01
6.548511385917663574e-01
4.863122999668121338e-01
6.058947443962097168e-01
2.957200706005096436e-01
3.199547529220581055e-01
5.468135476112365723e-01
5.144973993301391602e-01
6.047703623771667480e-01
6.802982091903686523e-01
6.198076605796813965e-01
5.557108521461486816e-01
5.760935544967651367e-01
4.829566776752471924e-01
4.506518244743347168e-01
6.570678353309631348e-01
4.473446011543273926e-01
4.807258248329162598e-01
5.941110253334045410e-01
2.487776130437850952e-01
6.073068380355834961e-01
5.824625492095947266e-01
4.930920302867889404e-01
2.884786725044250488e-01
3.054498732089996338e-01
7.809775471687316895e-01
5.940286517143249512e-01
5.829572677612304688e-01
3.534878194332122803e-01
5.343235135078430176e-01
5.439074039459228516e-01
5.683974027633666992e-01
5.833014845848083496e-01
4.865302145481109619e-01
4.681399464607238770e-01
5.821425914764404297e-01
4.629365205764770508e-01
6.146194338798522949e-01
7.010315060615539551e-01
5.646375417709350586e-01
5.878655314445495605e-01
6.346851587295532227e-01
6.572040915489196777e-01
6.467201709747314453e-01
6.475316286087036133e-01
6.299923658370971680e-01
6.290265917778015137e-01
6.485811471939086914e-01
5.818005204200744629e-01
6.896820068359375000e-01
5.716759562492370605e-01
6.492227315902709961e-01
6.148290634155273438e-01
6.350010633468627930e-01
4.388374686241149902e-01
4.679574072360992432e-01
6.532381176948547363e-01
4.884493649005889893e-01
6.631386280059814453e-01
6.405734419822692871e-01
4.832860231399536133e-01
4.748422205448150635e-01
6.447152495384216309e-01
6.809004545211791992e-01
5.300749540328979492e-01
4.590933620929718018e-01
6.761614680290222168e-01
4.839406609535217285e-01
6.214385628700256348e-01
1.508020907640457153e-01
2.877357602119445801e-01
5.646661520004272461e-01
5.413930416107177734e-01
3.803078532218933105e-01
1.723910123109817505e-01
6.379706859588623047e-01
5.997935533523559570e-01
5.023377537727355957e-01
4.802560806274414062e-01
7.550727128982543945e-01
5.543884038925170898e-01
6.342750191688537598e-01
7.006601691246032715e-01
6.211910247802734375e-01
6.334534287452697754e-01
6.194581389427185059e-01
6.486075520515441895e-01
4.367415308952331543e-01
5.271473526954650879e-01
5.313689708709716797e-01
4.870119690895080566e-01
6.650643348693847656e-01
4.960416555404663086e-01
6.453417539596557617e-01
5.237303972244262695e-01
4.140312969684600830e-01
4.241843223571777344e-01
6.537253856658935547e-01
6.580215096473693848e-01
6.023377180099487305e-01
7.963298559188842773e-01
5.627676844596862793e-01
3.660587072372436523e-01
5.506370663642883301e-01
5.638638138771057129e-01
5.084435939788818359e-01
3.651206791400909424e-01
6.908336877822875977e-01
3.667550683021545410e-01
4.913260936737060547e-01
5.604375004768371582e-01
5.429816842079162598e-01
3.379819989204406738e-01
5.798106789588928223e-01
7.623202204704284668e-01
6.228404045104980469e-01
4.820478260517120361e-01
6.451248526573181152e-01
3.670711517333984375e-01
5.420516729354858398e-01
2.436620295047760010e-01
6.734275817871093750e-01
5.695132613182067871e-01
6.250068545341491699e-01
4.922454059123992920e-01
6.565181612968444824e-01
3.784542381763458252e-01
6.219418048858642578e-01
5.764603018760681152e-01
2.749538123607635498e-01
7.050699591636657715e-01
4.167020022869110107e-01
5.678925514221191406e-01
5.239102244377136230e-01
6.644024252891540527e-01
3.745822310447692871e-01
5.007114410400390625e-01
6.747778654098510742e-01
1.672600507736206055e-01
2.017501890659332275e-01
4.908143281936645508e-01
5.027009844779968262e-01
6.422147750854492188e-01
5.774450898170471191e-01
6.768149733543395996e-01
4.722883403301239014e-01
5.869739651679992676e-01
6.660510301589965820e-01
6.778504252433776855e-01
6.061204671859741211e-01
3.586839139461517334e-01
6.250354051589965820e-01
5.233235359191894531e-01
6.417294144630432129e-01
6.489961743354797363e-01
4.172205626964569092e-01
8.971666544675827026e-02
5.778627991676330566e-01
2.962561845779418945e-01
2.230560481548309326e-01
4.966472685337066650e-01
6.560821533203125000e-01
6.678599715232849121e-01
5.399709939956665039e-01
6.565325856208801270e-01
6.472060084342956543e-01
5.302293896675109863e-01
3.963335454463958740e-01
3.916995525360107422e-01
6.121997833251953125e-01
5.920946598052978516e-01
4.123922586441040039e-01
5.287806987762451172e-01
2.947674095630645752e-01
6.725810766220092773e-01
1.191248223185539246e-01
6.113511919975280762e-01
6.547672152519226074e-01
6.652116775512695312e-01
5.289069414138793945e-01
6.452572941780090332e-01
2.575152218341827393e-01
5.073843002319335938e-01
6.544550061225891113e-01
6.113100647926330566e-01
5.355249717831611633e-02
5.790938138961791992e-01
1.653393507003784180e-01
4.758372902870178223e-01
6.705431938171386719e-01
5.079683065414428711e-01
4.367415308952331543e-01
6.340138316154479980e-01
5.176555514335632324e-01
5.231152176856994629e-01
5.937078595161437988e-01
4.206871986389160156e-01
2.962805926799774170e-01
6.356685757637023926e-01
2.860544621944427490e-01
5.264376997947692871e-01
6.948714852333068848e-01
4.324039518833160400e-01
5.540464520454406738e-01
3.333292901515960693e-01
6.455715298652648926e-01
5.137990713119506836e-01
6.333207488059997559e-01
6.389116048812866211e-01
5.738052129745483398e-01
1.473540812730789185e-01
5.651652216911315918e-01
4.851863384246826172e-01
6.220381855964660645e-01
5.704067945480346680e-01
6.217183470726013184e-01
5.346460938453674316e-01
3.973292708396911621e-01
4.410199224948883057e-01
7.453886270523071289e-01
6.831588149070739746e-01
4.843864142894744873e-01
6.251097321510314941e-01
5.649739503860473633e-01
5.925322175025939941e-01
6.510287523269653320e-01
7.304772734642028809e-01
5.530088543891906738e-01
5.254053473472595215e-01
6.595220565795898438e-01
6.999820470809936523e-01
4.532208144664764404e-01
4.721982181072235107e-01
5.636870265007019043e-01
6.641637086868286133e-01
4.192465245723724365e-01
5.920348167419433594e-01
5.924324989318847656e-01
3.450379371643066406e-01
5.829702019691467285e-01
6.207829713821411133e-01
5.551958680152893066e-01
4.473838806152343750e-01
6.291477680206298828e-01
5.495885610580444336e-01
5.646238327026367188e-01
6.776624917984008789e-01
6.281965970993041992e-01
5.194267630577087402e-01
4.651915729045867920e-01
6.515917778015136719e-01
5.858989953994750977e-01
6.638182997703552246e-01
6.208564043045043945e-01
3.509637713432312012e-01
5.972880721092224121e-01
4.792397022247314453e-01
4.055174887180328369e-01
6.467878222465515137e-01
6.299733519554138184e-01
3.820255994796752930e-01
5.999944806098937988e-01
6.298520565032958984e-01
1.977059990167617798e-01
5.631330013275146484e-01
5.160294175148010254e-01
2.998658418655395508e-01
5.001755952835083008e-01
3.968194723129272461e-01
6.462286710739135742e-01
5.446637272834777832e-01
4.055381119251251221e-01
4.331786334514617920e-01
5.808614492416381836e-01
1.698023527860641479e-01
4.704876244068145752e-01
5.903256535530090332e-01
3.214993476867675781e-01
5.728787779808044434e-01
3.329069912433624268e-01
3.107386827468872070e-01
6.709280610084533691e-01
6.784551143646240234e-01
6.086364388465881348e-01
2.670269012451171875e-01
2.743934094905853271e-01
6.730844974517822266e-01
8.467645943164825439e-02
4.444214701652526855e-01
5.417365431785583496e-01
4.878382384777069092e-01
6.324930191040039062e-01
6.389612555503845215e-01
4.995720982551574707e-01
5.558627843856811523e-01
5.254346728324890137e-01
5.804795026779174805e-01
4.977212548255920410e-01
6.480150818824768066e-01
4.587065875530242920e-01
5.701018571853637695e-01
6.397651433944702148e-01
6.258222460746765137e-01
4.132136106491088867e-01
6.590171456336975098e-01
3.424408137798309326e-01
5.050689578056335449e-01
6.227794885635375977e-01
3.843337297439575195e-01
5.989382266998291016e-01
6.147049665451049805e-01
6.000411510467529297e-01
5.147969722747802734e-01
5.932541489601135254e-01
6.469437479972839355e-01
4.126465022563934326e-01
4.912686049938201904e-01
4.659701883792877197e-01
5.746814608573913574e-01
6.405472159385681152e-01
5.247583985328674316e-01
2.557834684848785400e-01
6.445115804672241211e-01
7.233446836471557617e-01
6.344031691551208496e-01
5.478230714797973633e-01
5.401926040649414062e-01
5.566096305847167969e-01
5.579490065574645996e-01
5.234128236770629883e-01
7.329808920621871948e-02
4.940001070499420166e-01
6.850929260253906250e-01
6.476947069168090820e-01
6.561780571937561035e-01
5.128660798072814941e-01
4.661898910999298096e-01
4.898562431335449219e-01
5.730559825897216797e-01
6.077108383178710938e-01
5.388695597648620605e-01
5.319024324417114258e-01
6.648247241973876953e-01
6.213080286979675293e-01
2.562389671802520752e-01
3.438938558101654053e-01
7.842859625816345215e-01
4.712562263011932373e-02
5.102514624595642090e-01
5.833840370178222656e-01
6.028877496719360352e-01
3.419816792011260986e-01
5.513397455215454102e-01
6.812685728073120117e-01
5.667086839675903320e-01
5.527856349945068359e-01
5.328358411788940430e-01
6.351095438003540039e-01
4.812498390674591064e-01
6.247237324714660645e-01
4.972276389598846436e-01
6.661020517349243164e-01
5.622413754463195801e-01
6.300466060638427734e-01
5.508666038513183594e-01
5.764197707176208496e-01
6.435246467590332031e-01
6.404533386230468750e-01
7.148795723915100098e-01
6.380584239959716797e-01
3.777492344379425049e-01
3.680819272994995117e-01
5.251517295837402344e-01
3.958586454391479492e-01
5.992553830146789551e-01
5.803401470184326172e-01
2.730501592159271240e-01
4.870434105396270752e-01
4.572695493698120117e-01
7.530506849288940430e-01
4.650232195854187012e-01
5.089887380599975586e-01
4.971336424350738525e-01
6.615325212478637695e-01
5.426441431045532227e-01
5.839339494705200195e-01
4.896163642406463623e-01
5.738930106163024902e-01
2.344459742307662964e-01
5.809437632560729980e-01
1.956490576267242432e-01
6.429921388626098633e-01
3.778163492679595947e-01
6.525760293006896973e-01
6.524304151535034180e-01
5.328025221824645996e-01
4.103029370307922363e-01
6.606975197792053223e-01
6.446124315261840820e-01
6.236139535903930664e-01
6.417031288146972656e-01
4.325464963912963867e-01
2.937060296535491943e-01
6.295496225357055664e-01
5.490554571151733398e-01
5.241619944572448730e-01
6.442909836769104004e-01
6.004477143287658691e-01
5.790520906448364258e-01
7.358205914497375488e-01
5.892247557640075684e-01
4.838298559188842773e-01
5.459967851638793945e-01
6.686373353004455566e-01
6.482290625572204590e-01
5.153214931488037109e-01
5.451699495315551758e-01
5.809063911437988281e-01
5.918939113616943359e-01
6.391689777374267578e-01
6.057528853416442871e-01
6.515194177627563477e-01
6.914570927619934082e-01
5.620200634002685547e-01
3.823923766613006592e-01
7.223331332206726074e-01
5.555082559585571289e-01
6.757235527038574219e-01
6.893135309219360352e-01
6.861669421195983887e-01
6.447491049766540527e-01
5.978159904479980469e-01
6.182389855384826660e-01
6.621346473693847656e-01
5.677916407585144043e-01
6.480603218078613281e-01
2.652051448822021484e-01
5.702975392341613770e-01
4.870845973491668701e-01
5.836670994758605957e-01
4.537441730499267578e-01
4.283938705921173096e-01
6.009625792503356934e-01
6.462029218673706055e-01
5.214713811874389648e-01
6.417226791381835938e-01
5.391142964363098145e-01
6.575221419334411621e-01
5.274927020072937012e-01
5.764139294624328613e-01
6.502565145492553711e-01
2.736378014087677002e-01
5.374642610549926758e-01
5.015771389007568359e-01
5.889304280281066895e-01
1.649450212717056274e-01
5.496339797973632812e-01
6.508270502090454102e-01
4.640605449676513672e-01
5.930641889572143555e-01
6.053456068038940430e-01
4.691958427429199219e-01
5.191029310226440430e-01
3.625148832798004150e-01
5.673977732658386230e-01
4.493812918663024902e-01
6.326256394386291504e-01
3.588518798351287842e-01
5.273150801658630371e-01
5.499485135078430176e-01
5.055476427078247070e-01
6.162046194076538086e-01
6.766990423202514648e-01
5.117256641387939453e-01
6.563134789466857910e-01
6.539874672889709473e-01
4.468492567539215088e-01
4.793793261051177979e-01
5.801211595535278320e-01
2.905967831611633301e-01
5.270422697067260742e-01
5.493092536926269531e-01
6.587712764739990234e-01
5.312658548355102539e-01
5.323762297630310059e-01
1.891843974590301514e-01
6.312452554702758789e-01
6.368987560272216797e-01
3.091559410095214844e-01
5.069611072540283203e-01
4.793183505535125732e-01
6.092516183853149414e-01
6.856045722961425781e-01
4.733867943286895752e-01
6.348387598991394043e-01
6.257759332656860352e-01
6.632084250450134277e-01
6.250706315040588379e-01
6.704565882682800293e-01
6.037719249725341797e-01
5.525367259979248047e-01
5.314901471138000488e-01
4.324460625648498535e-01
6.460255980491638184e-01
4.479228332638740540e-02
6.225736141204833984e-01
5.001322031021118164e-01
6.211560368537902832e-01
3.807480037212371826e-01
6.446431875228881836e-01
4.368421435356140137e-01
5.898317098617553711e-01
4.970117509365081787e-01
3.439239859580993652e-01
5.869005918502807617e-01
6.925710439682006836e-01
6.898204088211059570e-01
6.707603335380554199e-01
5.179767608642578125e-01
3.147132396697998047e-01
6.334753632545471191e-01
6.561273336410522461e-01
5.166090726852416992e-01
5.900573134422302246e-01
6.320146322250366211e-01
6.329901218414306641e-01
6.506181359291076660e-01
5.912179350852966309e-01
2.236848026514053345e-01
4.562267363071441650e-01
4.127674996852874756e-01
6.489635705947875977e-01
6.342323422431945801e-01
2.576071321964263916e-01
5.275225639343261719e-01
6.295384764671325684e-01
6.433655619621276855e-01
7.301617264747619629e-01
4.966709911823272705e-01
5.696339011192321777e-01
5.410207509994506836e-01
4.064798653125762939e-01
6.097431182861328125e-01
3.656631410121917725e-01
5.585518479347229004e-01
6.204171180725097656e-01
3.978619873523712158e-01
5.383450388908386230e-01
5.752351880073547363e-01
6.402246952056884766e-01
6.744391918182373047e-01
6.105144619941711426e-01
5.717219114303588867e-01
4.387900829315185547e-01
5.491968393325805664e-01
6.448863148689270020e-01
6.407803893089294434e-01
5.496292710304260254e-01
5.172424912452697754e-01
5.428094267845153809e-01
6.206503510475158691e-01
5.294829607009887695e-01
4.470806419849395752e-01
4.489289224147796631e-01
3.282783329486846924e-01
6.074079275131225586e-01
5.458981990814208984e-01
2.507429718971252441e-01
6.594064235687255859e-01
5.756384134292602539e-01
5.727292299270629883e-01
5.770872235298156738e-01
6.665330529212951660e-01
4.120333194732666016e-01
5.459703803062438965e-01
6.914765834808349609e-01
5.942932367324829102e-01
2.234270572662353516e-01
6.471045017242431641e-01
7.121320962905883789e-01
4.869202673435211182e-01
6.393786668777465820e-01
4.942664504051208496e-01
5.714098811149597168e-01
1.704913377761840820e-01
6.543616056442260742e-01
4.760398268699645996e-01
4.149751365184783936e-01
4.394996166229248047e-01
4.711415767669677734e-01
6.605442166328430176e-01
2.987638115882873535e-01
5.060480833053588867e-01
6.531867980957031250e-01
6.057266592979431152e-01
5.540131330490112305e-01
6.834067106246948242e-01
4.650956690311431885e-01
5.145692229270935059e-01
5.657011270523071289e-01
5.990993976593017578e-01
2.424824833869934082e-01
5.861496329307556152e-01
6.430819630622863770e-01
6.236692070960998535e-01
5.021982192993164062e-01
5.627270340919494629e-01
4.518917202949523926e-01
5.850111246109008789e-01
6.573761105537414551e-01
5.585068464279174805e-01
3.293312489986419678e-01
3.380025923252105713e-01
4.044775962829589844e-01
6.229274272918701172e-01
3.079333901405334473e-01
5.644781589508056641e-01
4.665197432041168213e-01
6.080256700515747070e-01
3.545949459075927734e-01
6.006346940994262695e-01
6.638622283935546875e-01
5.208705067634582520e-01
6.786029338836669922e-01
4.433537721633911133e-01
5.723063349723815918e-01
6.056396961212158203e-01
7.045589089393615723e-01
3.970715105533599854e-01
6.516319513320922852e-01
5.129837393760681152e-01
5.611789226531982422e-01
1.646878719329833984e-01
3.061006069183349609e-01
3.772996962070465088e-01
5.858087539672851562e-01
7.452399730682373047e-01
6.570498347282409668e-01
4.526799321174621582e-01
5.303447842597961426e-01
6.019482016563415527e-01
3.865005671977996826e-01
5.426899194717407227e-01
6.337182521820068359e-01
4.919611215591430664e-01
4.878192543983459473e-01
5.361801981925964355e-01
1.489973962306976318e-01
5.262510180473327637e-01
6.875235438346862793e-01
5.957221388816833496e-01
3.302263617515563965e-01
5.739890933036804199e-01
4.728222489356994629e-01
5.892598032951354980e-01
5.475734472274780273e-01
7.082276344299316406e-01
3.992257714271545410e-01
6.329141855239868164e-01
5.215101242065429688e-01
6.266954541206359863e-01
5.735127925872802734e-01
5.346893668174743652e-01
6.441012620925903320e-01
5.629656910896301270e-01
6.563335061073303223e-01
6.758012771606445312e-01
6.100076436996459961e-01
6.203132867813110352e-01
6.145784258842468262e-01
4.563778936862945557e-01
6.511282920837402344e-01
6.441601514816284180e-01
3.702788650989532471e-01
5.838011503219604492e-01
4.751246571540832520e-01
6.380691528320312500e-01
6.121258139610290527e-01
3.545030951499938965e-01
6.368603110313415527e-01
5.997437238693237305e-01
5.650810003280639648e-01
3.997675180435180664e-01
5.205171108245849609e-01
4.796419739723205566e-01
4.296562075614929199e-01
6.573163866996765137e-01
6.147670745849609375e-01
6.796459555625915527e-01
4.938109815120697021e-01
2.170448005199432373e-01
5.372330546379089355e-01
5.973132848739624023e-01
2.851114869117736816e-01
6.263458132743835449e-01
5.957258343696594238e-01
3.952774405479431152e-01
5.192043185234069824e-01
2.763836085796356201e-01
5.676519870758056641e-01
6.619221568107604980e-01
5.437608361244201660e-01
4.716207981109619141e-01
5.088394284248352051e-01
5.340713858604431152e-01
4.991076588630676270e-01
3.494145572185516357e-01
5.426869392395019531e-01
6.582735776901245117e-01
5.857176184654235840e-01
6.894608139991760254e-01
5.803401470184326172e-01
6.886954307556152344e-01
4.502731561660766602e-01
6.567230820655822754e-01
2.531589567661285400e-01
6.146546006202697754e-01
6.616666913032531738e-01
4.366162121295928955e-01
6.370873451232910156e-01
6.415150761604309082e-01
5.741217136383056641e-01
5.839613080024719238e-01
5.589398145675659180e-01
3.628636002540588379e-01
4.860112071037292480e-01
5.195589661598205566e-01
2.569140791893005371e-01
5.477482676506042480e-01
3.177824318408966064e-01
6.620771884918212891e-01
1.058914810419082642e-01
6.453958749771118164e-01
6.113395690917968750e-01
6.476402282714843750e-01
3.244674503803253174e-01
6.612110733985900879e-01
4.910168349742889404e-01
1.081343889236450195e-01
6.751751303672790527e-01
4.376225769519805908e-01
5.805547833442687988e-01
7.503437399864196777e-01
3.224906027317047119e-01
1.062287762761116028e-01
5.960010886192321777e-01
4.758311510086059570e-01
6.492010354995727539e-01
3.907921016216278076e-01
6.438552737236022949e-01
5.745305418968200684e-01
5.592274665832519531e-01
6.135848164558410645e-01
5.278490185737609863e-01
5.552768111228942871e-01
5.913401842117309570e-01
6.722282171249389648e-01
6.293071508407592773e-01
6.696220636367797852e-01
5.834525823593139648e-01
4.861755371093750000e-01
3.936628699302673340e-01
5.204399824142456055e-01
5.206345319747924805e-01
6.305394768714904785e-01
7.035821080207824707e-01
4.903117120265960693e-01
4.940162897109985352e-01
3.755136430263519287e-01
5.576199889183044434e-01
5.765300393104553223e-01
5.586483478546142578e-01
6.587734222412109375e-01
4.852959811687469482e-01
6.148325204849243164e-01
5.984459519386291504e-01
5.551804900169372559e-01
3.043965101242065430e-01
6.634721159934997559e-01
2.087219357490539551e-01
6.653583645820617676e-01
5.509158968925476074e-01
6.252277493476867676e-01
6.084148883819580078e-01
3.052919805049896240e-01
5.224152803421020508e-01
2.660205364227294922e-01
1.410446465015411377e-01
5.606011748313903809e-01
4.382018148899078369e-01
6.330798268318176270e-01
5.929287672042846680e-01
6.417211294174194336e-01
2.731367647647857666e-01
5.782788991928100586e-01
5.960516929626464844e-01
5.631223320960998535e-01
5.560232996940612793e-01
5.917994379997253418e-01
2.410420924425125122e-01
6.295486092567443848e-01
5.406435728073120117e-01
4.636563658714294434e-01
3.544549643993377686e-01
6.446479558944702148e-01
5.810181498527526855e-01
6.379858255386352539e-01
4.901835322380065918e-01
3.783229589462280273e-01
2.575053572654724121e-01
6.508899331092834473e-01
4.704112112522125244e-01
5.414488315582275391e-01
5.675564408302307129e-01
5.531932711601257324e-01
5.042378902435302734e-01
4.652062356472015381e-01
5.860542058944702148e-01
6.617981195449829102e-01
5.253241658210754395e-01
6.745245456695556641e-01
5.825539231300354004e-01
5.136615633964538574e-01
5.329295396804809570e-01
5.506147742271423340e-01
6.542772054672241211e-01
5.633128285408020020e-01
4.181447327136993408e-01
6.414247155189514160e-01
6.865281462669372559e-01
5.706623196601867676e-01
6.705045700073242188e-01
5.135898590087890625e-01
4.045023322105407715e-01
1.039947867393493652e-01
3.340677917003631592e-01
6.274037957191467285e-01
5.501832962036132812e-01
6.402443051338195801e-01
5.674772858619689941e-01
4.959698021411895752e-01
1.812799572944641113e-01
6.017028689384460449e-01
3.863700032234191895e-01
5.389258861541748047e-01
3.446005880832672119e-01
3.181442618370056152e-01
2.786671221256256104e-01
2.911811172962188721e-01
4.217780232429504395e-01
4.869804382324218750e-01
5.457625985145568848e-01
5.848909020423889160e-01
3.625674545764923096e-01
6.516199707984924316e-01
4.486085176467895508e-01
7.050991058349609375e-01
6.107435822486877441e-01
5.262088775634765625e-01
4.643171429634094238e-01
5.967418551445007324e-01
6.479426622390747070e-01
6.583624482154846191e-01
6.312125921249389648e-01
3.375244140625000000e-01
2.325927913188934326e-01
6.427879929542541504e-01
6.607431769371032715e-01
4.381287693977355957e-01
6.531445980072021484e-01
5.724354982376098633e-01
6.417226791381835938e-01
6.363646388053894043e-01
6.159611344337463379e-01
6.560127735137939453e-01
4.665646255016326904e-01
5.481752753257751465e-01
5.737320184707641602e-01
6.486759781837463379e-01
5.908195972442626953e-01
5.204119682312011719e-01
2.779988050460815430e-01
5.666104555130004883e-01
6.227591633796691895e-01
4.962784051895141602e-01
5.990292429924011230e-01
1.550512015819549561e-01
3.333942592144012451e-01
3.972522020339965820e-01
3.575350046157836914e-01
6.527418494224548340e-01
5.588510632514953613e-01
6.348820924758911133e-01
4.985925257205963135e-01
5.744151473045349121e-01
5.291030406951904297e-01
4.795938730239868164e-01
4.949242770671844482e-01
4.051802158355712891e-01
2.700773775577545166e-01
7.668400406837463379e-01
6.469283103942871094e-01
6.589818596839904785e-01
3.563188612461090088e-01
6.331700682640075684e-01
4.973887801170349121e-01
6.114688515663146973e-01
4.615845680236816406e-01
3.895585834980010986e-01
6.067829132080078125e-01
5.552600026130676270e-01
3.499691486358642578e-01
6.017570495605468750e-01
3.023731112480163574e-01
5.783705115318298340e-01
6.168208122253417969e-01
4.015101194381713867e-01
4.284286797046661377e-01
3.264391124248504639e-01
5.738083124160766602e-01
5.520262718200683594e-01
3.334346115589141846e-01
6.501489877700805664e-01
5.915080308914184570e-01
2.194673568010330200e-01
1.914954930543899536e-01
6.707045435905456543e-01
5.640538334846496582e-01
6.398724317550659180e-01
5.352860689163208008e-01
5.344499945640563965e-01
4.413412213325500488e-01
5.455052256584167480e-01
8.772925138473510742e-01
6.528431773185729980e-01
2.650532722473144531e-01
5.727577805519104004e-01
3.728178143501281738e-01
3.817727267742156982e-01
5.108929872512817383e-01
6.198936104774475098e-01
3.719832003116607666e-01
3.765422999858856201e-01
3.595978319644927979e-01
6.161409616470336914e-01
5.800465941429138184e-01
1.823513507843017578e-01
5.438947081565856934e-01
5.154972672462463379e-01
6.648030877113342285e-01
5.943755507469177246e-01
5.633263587951660156e-01
8.441712260246276855e-01
5.964899063110351562e-01
4.056447744369506836e-01
2.614896297454833984e-01
4.552972614765167236e-01
5.716010928153991699e-01
2.875280082225799561e-01
2.782692611217498779e-01
2.720352709293365479e-01
5.250850319862365723e-01
4.792542755603790283e-01
7.518208622932434082e-01
5.294987559318542480e-01
4.267474114894866943e-01
6.582762598991394043e-01
5.302556753158569336e-01
1.352441459894180298e-01
4.898589849472045898e-01
5.782819986343383789e-01
5.825418233871459961e-01
7.196789979934692383e-01
5.423789024353027344e-01
5.633270144462585449e-01
5.690948367118835449e-01
5.946648120880126953e-01
6.584500670433044434e-01
5.489177703857421875e-01
4.272559285163879395e-01
6.744474172592163086e-01
5.764504075050354004e-01
4.762020707130432129e-01
4.341522753238677979e-01
3.520790338516235352e-01
6.160737276077270508e-01
3.532556593418121338e-01
6.568717360496520996e-01
5.240443944931030273e-01
3.301879763603210449e-01
5.291536450386047363e-01
4.380456805229187012e-01
4.377088248729705811e-01
6.844602823257446289e-01
4.679507017135620117e-01
6.662040352821350098e-01
6.125880479812622070e-01
7.245942205190658569e-02
3.362112045288085938e-01
7.270576357841491699e-01
5.477127432823181152e-01
5.447752475738525391e-01
4.988656938076019287e-01
2.940092235803604126e-02
5.036177039146423340e-01
6.319934725761413574e-01
4.396443665027618408e-01
4.748057723045349121e-01
5.036825537681579590e-01
4.679037332534790039e-01
5.219555497169494629e-01
5.770303606986999512e-01
6.398496031761169434e-01
6.312364339828491211e-01
5.383309125900268555e-01
6.577922701835632324e-01
6.449544429779052734e-01
6.161026358604431152e-01
3.144461810588836670e-01
3.126883804798126221e-01
5.538731813430786133e-01
6.685994863510131836e-01
2.822962701320648193e-01
5.185275673866271973e-01
5.539578199386596680e-01
3.711508810520172119e-01
6.165972352027893066e-01
6.221000552177429199e-01
5.464751720428466797e-01
4.815636575222015381e-01
6.847152113914489746e-01
6.563959717750549316e-01
6.430657505989074707e-01
6.332269906997680664e-01
5.535375475883483887e-01
6.173355579376220703e-01
6.134013533592224121e-01
6.181952953338623047e-01
6.834894418716430664e-01
4.020703434944152832e-01
6.375083923339843750e-01
5.789922475814819336e-01
4.742473065853118896e-01
2.043645679950714111e-01
6.484935879707336426e-01
5.855799913406372070e-01
5.977476835250854492e-01
6.738358736038208008e-01
5.946104526519775391e-01
6.298055648803710938e-01
6.043131351470947266e-01
5.125276446342468262e-01
6.514332890510559082e-01
6.177426576614379883e-01
6.379610300064086914e-01
2.274553775787353516e-01
5.101515650749206543e-01
6.221550703048706055e-01
5.672311186790466309e-01
5.948382616043090820e-01
6.439735293388366699e-01
6.106264591217041016e-01
2.520734965801239014e-01
5.779588222503662109e-01
6.315430998802185059e-01
6.169739961624145508e-01
6.858453154563903809e-01
6.472030282020568848e-01
6.418436765670776367e-01
6.561778783798217773e-01
1.702987998723983765e-01
6.298478841781616211e-01
1.958268284797668457e-01
2.861081957817077637e-01
5.193927884101867676e-01
3.654866218566894531e-01
4.456549286842346191e-01
2.388924509286880493e-01
6.682441830635070801e-01
4.881309270858764648e-01
6.427658796310424805e-01
5.506471991539001465e-01
4.968559741973876953e-01
2.106396555900573730e-01
7.111728191375732422e-01
4.225548505783081055e-01
6.554463505744934082e-01
4.934467077255249023e-01
1.926075071096420288e-01
6.612685322761535645e-01
6.613960862159729004e-01
4.275628030300140381e-01
5.139060020446777344e-01
6.460044384002685547e-01
4.295633733272552490e-01
3.844272196292877197e-01
6.460039615631103516e-01
6.007542610168457031e-01
4.205587208271026611e-01
4.934467077255249023e-01
6.362560391426086426e-01
2.515106201171875000e-01
2.236439734697341919e-01
4.717866778373718262e-01
3.693151772022247314e-01
6.611151099205017090e-01
6.483795046806335449e-01
7.104471921920776367e-01
4.161826670169830322e-01
5.315849184989929199e-01
5.682617425918579102e-01
6.555901765823364258e-01
6.680778264999389648e-01
2.045008987188339233e-01
5.630697607994079590e-01
7.386094927787780762e-01
3.929810523986816406e-01
5.840288400650024414e-01
6.469843983650207520e-01
2.599733173847198486e-01
5.338304638862609863e-01
5.613635182380676270e-01
2.921953499317169189e-01
4.928606152534484863e-01
5.935868620872497559e-01
4.562785327434539795e-01
5.689853429794311523e-01
6.289271712303161621e-01
4.263151884078979492e-01
3.318077623844146729e-01
4.741291701793670654e-01
8.184050321578979492e-01
5.421314835548400879e-01
2.268624603748321533e-01
6.086632609367370605e-01
5.674876570701599121e-01
3.924539089202880859e-01
6.494928002357482910e-01
5.035614371299743652e-01
6.487238407135009766e-01
5.903827548027038574e-01
4.420490860939025879e-01
4.892277419567108154e-01
3.780776560306549072e-01
5.827719569206237793e-01
6.520112156867980957e-01
6.472557783126831055e-01
6.297153830528259277e-01
6.485798954963684082e-01
4.480302333831787109e-01
5.593858957290649414e-01
5.495784878730773926e-01
4.013022184371948242e-01
6.363168358802795410e-01
4.918886423110961914e-01
5.843322873115539551e-01
6.845669150352478027e-01
5.257441997528076172e-01
6.552492380142211914e-01
4.146983921527862549e-01
5.889270305633544922e-01
5.293105840682983398e-01
5.675607323646545410e-01
5.406495332717895508e-01
4.597963988780975342e-01
5.092720389366149902e-01
4.265167117118835449e-01
5.609691739082336426e-01
6.666620373725891113e-01
5.278621315956115723e-01
6.153628230094909668e-01
5.756380558013916016e-01
3.942772448062896729e-01
6.485552787780761719e-01
2.973771393299102783e-01
4.108382165431976318e-01
5.346239805221557617e-01
5.170292258262634277e-01
3.922987878322601318e-01
5.895565152168273926e-01
5.600045919418334961e-01
5.456293225288391113e-01
6.007013320922851562e-01
4.985973834991455078e-01
2.716656625270843506e-01
5.428330600261688232e-02
1.970722228288650513e-01
7.075977921485900879e-01
9.450835585594177246e-01
5.538917183876037598e-01
5.818386673927307129e-01
5.050348639488220215e-01
6.015649437904357910e-01
4.684395790100097656e-01
4.404833912849426270e-01
4.810897409915924072e-01
4.762670695781707764e-01
6.334291696548461914e-01
5.464024543762207031e-01
4.493304193019866943e-01
3.732703030109405518e-01
5.439487099647521973e-01
5.857904553413391113e-01
3.897723257541656494e-01
6.476065516471862793e-01
2.205444574356079102e-01
6.193035244941711426e-01
5.092965364456176758e-01
1.981019079685211182e-01
6.595026254653930664e-01
5.997471809387207031e-01
6.783058643341064453e-01
1.744664758443832397e-01
5.970734953880310059e-01
6.826443076133728027e-01
5.083923935890197754e-01
6.470215320587158203e-01
6.220950484275817871e-01
7.238096594810485840e-01
6.023575067520141602e-01
2.611260712146759033e-01
5.585262775421142578e-01
5.393173098564147949e-01
6.405543684959411621e-01
6.428152322769165039e-01
5.371814370155334473e-01
4.503123760223388672e-01
4.188413321971893311e-01
5.215605497360229492e-01
5.812283754348754883e-01
5.347853899002075195e-01
4.946456253528594971e-01
6.048722863197326660e-01
6.453253626823425293e-01
6.625128984451293945e-01
6.523324847221374512e-01
5.616374611854553223e-01
6.207120418548583984e-01
6.481096744537353516e-01
1.178795173764228821e-01
1.939910650253295898e-01
5.737565755844116211e-01
7.130434513092041016e-01
6.059194207191467285e-01
6.446403264999389648e-01
6.641852855682373047e-01
8.033157587051391602e-01
6.329782009124755859e-01
6.068109273910522461e-01
6.047110557556152344e-01
4.943373501300811768e-01
6.386750340461730957e-01
6.358099579811096191e-01
6.335084438323974609e-01
4.661061763763427734e-01
5.176351070404052734e-01
4.678869247436523438e-01
2.988353967666625977e-01
7.104809880256652832e-01
5.849028825759887695e-01
6.753320097923278809e-01
4.443988502025604248e-01
4.697026908397674561e-01
5.968149900436401367e-01
5.301071405410766602e-01
3.467809557914733887e-01
5.639724731445312500e-01
2.060903161764144897e-01
5.657492280006408691e-01
6.260530948638916016e-01
5.996735692024230957e-01
5.593567490577697754e-01
5.835939645767211914e-01
6.293924450874328613e-01
3.733879327774047852e-01
6.304733157157897949e-01
3.351761698722839355e-01
6.163541674613952637e-01
5.489864349365234375e-01
4.854705035686492920e-01
4.751886129379272461e-01
6.044886112213134766e-01
2.150506526231765747e-01
5.745046138763427734e-01
2.219632118940353394e-01
1.138272807002067566e-01
5.363717079162597656e-01
4.560160040855407715e-01
6.433256268501281738e-01
6.051473617553710938e-01
6.390466094017028809e-01
5.884672999382019043e-01
6.389510631561279297e-01
6.252480149269104004e-01
5.256223678588867188e-01
5.448794960975646973e-01
5.317657589912414551e-01
6.515705585479736328e-01
5.846808552742004395e-01
3.777568638324737549e-01
1.712372452020645142e-01
5.464437007904052734e-01
6.164786219596862793e-01
5.705435872077941895e-01
6.511793136596679688e-01
6.431454420089721680e-01
4.596312046051025391e-01
4.183668196201324463e-01
6.597861647605895996e-01
5.154755711555480957e-01
6.118427515029907227e-01
6.628419160842895508e-01
6.431953310966491699e-01
7.226759195327758789e-01
4.882820248603820801e-01
4.288803935050964355e-01
2.024985402822494507e-01
3.111777305603027344e-01
3.157090544700622559e-01
5.469411611557006836e-01
4.583973884582519531e-01
4.954740107059478760e-01
6.284671425819396973e-01
6.406090259552001953e-01
5.862072110176086426e-01
5.916957259178161621e-01
5.446009039878845215e-01
6.295418739318847656e-01
3.572271466255187988e-01
5.633270144462585449e-01
5.759088993072509766e-01
4.477970302104949951e-01
6.576712131500244141e-01
3.537832498550415039e-01
5.191838145256042480e-01
6.604509949684143066e-01
5.393365621566772461e-01
6.562207937240600586e-01
1.241378635168075562e-01
6.088720560073852539e-01
4.706370830535888672e-01
6.429361104965209961e-01
4.449852705001831055e-01
5.998860597610473633e-01
7.163376808166503906e-01
6.551498174667358398e-01
6.740269660949707031e-01
6.079580187797546387e-01
6.154222488403320312e-01
4.070254862308502197e-01
5.589821934700012207e-01
6.792204976081848145e-01
6.184685230255126953e-01
4.898073375225067139e-01
4.899359047412872314e-01
4.614190757274627686e-01
4.315320253372192383e-01
6.469457745552062988e-01
6.187310814857482910e-01
6.409991979598999023e-01
5.172918438911437988e-01
1.679796278476715088e-01
4.057846367359161377e-01
6.438863277435302734e-01
1.147225424647331238e-01
8.779859542846679688e-02
6.591528654098510742e-01
5.110810399055480957e-01
3.771749734878540039e-01
4.119943976402282715e-01
4.280083775520324707e-01
6.637127995491027832e-01
6.250324249267578125e-01
6.101548075675964355e-01
4.729270040988922119e-01
2.488595694303512573e-01
5.806470513343811035e-01
4.112440943717956543e-01
1.938354820013046265e-01
6.709057092666625977e-01
5.821972489356994629e-01
1.948419809341430664e-01
2.342342585325241089e-01
2.093405425548553467e-01
6.419368982315063477e-01
5.938166379928588867e-01
5.801924467086791992e-01
4.646325409412384033e-01
5.725931525230407715e-01
3.332273960113525391e-01
6.462935209274291992e-01
6.183134317398071289e-01
6.629989147186279297e-01
6.666525602340698242e-01
3.936223983764648438e-01
2.428149282932281494e-01
2.067877054214477539e-01
4.046661257743835449e-01
6.009625792503356934e-01
5.898669958114624023e-01
5.835076570510864258e-01
6.235818862915039062e-01
5.428570508956909180e-01
3.032245039939880371e-01
5.531936883926391602e-01
6.155196428298950195e-01
6.582831144332885742e-01
4.130291938781738281e-01
5.487464666366577148e-01
5.225662589073181152e-01
6.535561084747314453e-01
6.176210641860961914e-01
6.215096712112426758e-01
5.224176049232482910e-01
4.293646514415740967e-01
3.985971510410308838e-01
5.949535369873046875e-01
7.342540621757507324e-01
4.806642234325408936e-01
7.170774936676025391e-01
6.201999783515930176e-01
6.060233712196350098e-01
5.293391942977905273e-01
5.996581912040710449e-01
6.609485149383544922e-01
7.539961934089660645e-01
5.485681891441345215e-01
7.833710312843322754e-01
5.667540431022644043e-01
5.864368677139282227e-01
6.374059915542602539e-01
1.557530164718627930e-01
4.022495150566101074e-01
6.208778023719787598e-01
4.561422765254974365e-01
7.212550640106201172e-01
5.989680290222167969e-01
6.691232919692993164e-01
5.992259383201599121e-01
5.024140477180480957e-01
5.151408910751342773e-01
6.262383460998535156e-01
5.695040822029113770e-01
2.892607152462005615e-01
3.518113195896148682e-01
3.128744363784790039e-01
4.007596373558044434e-01
5.395040512084960938e-01
4.963972866535186768e-01
6.336223483085632324e-01
4.694459140300750732e-01
4.955651760101318359e-01
1.532021611928939819e-01
7.934681326150894165e-02
2.654639482498168945e-01
5.508852005004882812e-01
6.627011895179748535e-01
6.953970789909362793e-01
5.243919491767883301e-01
2.655015289783477783e-01
3.227650821208953857e-01
5.821920633316040039e-01
6.320179700851440430e-01
7.954205274581909180e-01
5.092623829841613770e-01
7.497221231460571289e-02
4.543143808841705322e-01
5.782418251037597656e-01
3.274666070938110352e-01
4.381622672080993652e-01
3.793015182018280029e-01
6.082124114036560059e-01
6.106842756271362305e-01
5.583491921424865723e-01
6.839820742607116699e-01
5.659018754959106445e-01
5.533413290977478027e-01
4.946844279766082764e-01
7.415377497673034668e-01
6.426828503608703613e-01
5.177912116050720215e-01
6.042783856391906738e-01
5.608904361724853516e-01
6.618230342864990234e-01
6.630712151527404785e-01
6.612958312034606934e-01
4.992587268352508545e-01
5.602337718009948730e-01
1.496723145246505737e-01
6.502830386161804199e-01
2.404920011758804321e-01
5.286508798599243164e-01
4.230358600616455078e-01
5.133612155914306641e-01
5.937268137931823730e-01
3.027503788471221924e-01
3.696276843547821045e-01
6.433205008506774902e-01
6.029493212699890137e-01
7.759366631507873535e-01
4.981877505779266357e-01
5.296398997306823730e-01
2.077828049659729004e-01
5.196579694747924805e-01
7.182756662368774414e-01
6.530833840370178223e-01
4.979951083660125732e-01
6.267428398132324219e-01
5.677165985107421875e-01
4.105685651302337646e-01
5.768849253654479980e-01
2.692084014415740967e-01
6.247026920318603516e-01
5.419541597366333008e-01
6.658307909965515137e-01
5.925750732421875000e-01
6.873382925987243652e-01
6.398060321807861328e-01
4.859630167484283447e-01
6.547604799270629883e-01
7.460576295852661133e-01
6.828438639640808105e-01
6.385750770568847656e-01
7.194478511810302734e-01
6.000445485115051270e-01
4.079257845878601074e-01
2.723657786846160889e-01
6.666587591171264648e-01
5.819762349128723145e-01
3.632715940475463867e-01
3.558543920516967773e-01
5.004714727401733398e-01
4.495086967945098877e-01
6.608216166496276855e-01
4.635912775993347168e-01
5.546066761016845703e-01
5.943715572357177734e-01
4.317330121994018555e-01
6.585456132888793945e-01
6.396772861480712891e-01
3.599755764007568359e-01
4.558962583541870117e-01
5.002242922782897949e-01
5.621402263641357422e-01
6.676089763641357422e-01
2.891012728214263916e-01
5.782872438430786133e-01
4.675443470478057861e-01
5.928835868835449219e-01
6.494794487953186035e-01
4.728967845439910889e-01
5.270374417304992676e-01
6.498977541923522949e-01
6.331346035003662109e-01
4.516667127609252930e-01
6.794626712799072266e-01
6.205092072486877441e-01
5.174804329872131348e-01
6.374425888061523438e-01
6.354826688766479492e-01
6.263620853424072266e-01
5.540023446083068848e-01
5.211742520332336426e-01
6.225101351737976074e-01
6.722737550735473633e-01
6.095783710479736328e-01
6.687911152839660645e-01
2.558538019657135010e-01
4.306458830833435059e-01
6.415256857872009277e-01
5.006914138793945312e-01
5.725073218345642090e-01
2.932917177677154541e-01
6.444316506385803223e-01
6.273881793022155762e-01
6.924043893814086914e-01
3.189938068389892578e-01
6.514234542846679688e-01
5.544428825378417969e-01
6.097276806831359863e-01
3.118396103382110596e-01
6.042035222053527832e-01
4.546448290348052979e-01
6.014790534973144531e-01
4.493113160133361816e-01
6.320213079452514648e-01
5.597888231277465820e-01
6.369590759277343750e-01
2.989485561847686768e-01
1.666425913572311401e-01
2.144110351800918579e-01
6.084814071655273438e-01
5.093643069267272949e-01
4.454606175422668457e-01
6.784366965293884277e-01
5.643267631530761719e-01
6.282967329025268555e-01
6.666765213012695312e-01
5.555683374404907227e-01
5.528361797332763672e-01
6.477030515670776367e-01
3.740636706352233887e-01
6.275548934936523438e-01
2.972201108932495117e-01
4.148911535739898682e-01
4.873823225498199463e-01
5.570790767669677734e-01
3.235353231430053711e-01
6.545273065567016602e-01
6.324599385261535645e-01
4.817767441272735596e-01
6.998345851898193359e-01
4.201021492481231689e-01
3.851160109043121338e-01
6.063636541366577148e-01
3.156125247478485107e-01
5.803291797637939453e-01
3.623994588851928711e-01
6.633735895156860352e-01
5.985693335533142090e-01
5.515467524528503418e-01
5.913820862770080566e-01
5.044104456901550293e-01
1.310678422451019287e-01
5.664365887641906738e-01
4.319505691528320312e-01
6.584818959236145020e-01
5.352557301521301270e-01
5.833337903022766113e-01
4.863509833812713623e-01
6.707537174224853516e-01
7.925544381141662598e-01
6.883534789085388184e-01
6.549713015556335449e-01
4.860467016696929932e-01
6.879158020019531250e-01
5.666043758392333984e-01
3.814603090286254883e-01
6.574513316154479980e-01
5.897042751312255859e-01
4.318764805793762207e-01
5.344410538673400879e-01
6.907577514648437500e-01
3.330759704113006592e-01
5.182374119758605957e-01
5.397685766220092773e-01
4.657528698444366455e-01
3.558200001716613770e-01
5.591024756431579590e-01
6.574676036834716797e-01
6.585922241210937500e-01
6.025205180048942566e-02
5.251209735870361328e-01
5.931591391563415527e-01
4.813458025455474854e-01
5.186445713043212891e-01
2.672497332096099854e-01
3.175265789031982422e-01
6.006143093109130859e-01
5.157490372657775879e-01
6.510877609252929688e-01
6.668011546134948730e-01
4.631910622119903564e-01
3.813788592815399170e-01
2.370415329933166504e-01
6.261236667633056641e-01
5.604890584945678711e-01
4.087584912776947021e-01
4.556713998317718506e-01
5.523664951324462891e-01
6.035631299018859863e-01
3.184379339218139648e-01
6.494257450103759766e-01
5.560749769210815430e-01
6.198806762695312500e-01
3.315074741840362549e-01
6.260700821876525879e-01
3.811657130718231201e-01
6.401623487472534180e-01
6.594205498695373535e-01
6.594923734664916992e-01
6.355748772621154785e-01
6.263634562492370605e-01
6.752186417579650879e-01
6.408249139785766602e-01
6.868976950645446777e-01
6.540203094482421875e-01
4.385670125484466553e-01
6.110662817955017090e-01
4.663554728031158447e-01
6.773625016212463379e-01
5.509018898010253906e-01
4.768173098564147949e-01
6.285168528556823730e-01
6.511121392250061035e-01
4.221479296684265137e-01
5.384438037872314453e-01
6.724316477775573730e-01
6.638182997703552246e-01
6.366395354270935059e-01
6.689715981483459473e-01
3.720929622650146484e-01
4.136030375957489014e-01
6.393924951553344727e-01
5.360027551651000977e-01
6.228988170623779297e-01
5.153174996376037598e-01
6.033049821853637695e-01
2.048124819993972778e-01
5.915062427520751953e-01
4.235294759273529053e-01
4.652487933635711670e-01
6.029739379882812500e-01
5.433928370475769043e-01
6.007481217384338379e-01
5.505788922309875488e-01
6.581099033355712891e-01
4.515533745288848877e-01
7.143550515174865723e-01
5.896300673484802246e-01
5.735768079757690430e-01
6.263095736503601074e-01
4.911744892597198486e-01
6.589115262031555176e-01
4.427269101142883301e-01
4.284032583236694336e-01
5.909546017646789551e-01
6.237597465515136719e-01
5.894563794136047363e-01
5.747838020324707031e-01
4.398382008075714111e-01
2.312292754650115967e-01
6.287537217140197754e-01
5.396581292152404785e-01
5.448710918426513672e-01
5.167525410652160645e-01
5.954404473304748535e-01
2.605429887771606445e-01
5.460026860237121582e-01
6.961058378219604492e-01
4.985611140727996826e-01
5.580896735191345215e-01
5.557379722595214844e-01
6.368315219879150391e-01
4.361224174499511719e-01
5.925738215446472168e-01
6.263331770896911621e-01
6.574528813362121582e-01
6.517012715339660645e-01
6.634169816970825195e-01
4.983474016189575195e-01
5.820340514183044434e-01
6.333131790161132812e-01
7.437608838081359863e-01
5.409202575683593750e-01
6.284403204917907715e-01
4.512878954410552979e-01
5.398156046867370605e-01
5.756313800811767578e-01
4.852398335933685303e-01
6.494430899620056152e-01
6.619043946266174316e-01
6.496794819831848145e-01
5.532420873641967773e-01
2.599845230579376221e-01
6.297332644462585449e-01
6.160748600959777832e-01
6.334429979324340820e-01
6.502387523651123047e-01
6.485809087753295898e-01
5.184596776962280273e-01
6.641215085983276367e-01
5.585619211196899414e-01
3.747867643833160400e-01
4.350076913833618164e-01
5.876623988151550293e-01
6.664419174194335938e-01
6.302428245544433594e-01
4.910249710083007812e-01
5.038974881172180176e-01
4.663163721561431885e-01
6.272350549697875977e-01
1.531144380569458008e-01
4.956191480159759521e-01
6.062708497047424316e-01
5.947315692901611328e-01
3.498542606830596924e-01
4.909715354442596436e-01
8.041688203811645508e-01
4.237877130508422852e-01
6.095972657203674316e-01
6.708370447158813477e-01
5.261550545692443848e-01
6.014949679374694824e-01
6.344799399375915527e-01
6.332219839096069336e-01
2.463935464620590210e-01
5.946437120437622070e-01
4.420949816703796387e-01
6.704854965209960938e-01
6.715180277824401855e-01
5.774518251419067383e-01
6.499966382980346680e-01
6.819692850112915039e-01
6.692709326744079590e-01
7.788640260696411133e-01
6.187134385108947754e-01
5.759330987930297852e-01
4.185114204883575439e-01
6.493092775344848633e-01
6.638835668563842773e-01
5.492060184478759766e-01
5.878715515136718750e-01
6.785271167755126953e-01
4.878834784030914307e-01
6.393678784370422363e-01
6.510884761810302734e-01
6.553829908370971680e-01
4.141350984573364258e-01
2.464256137609481812e-01
6.532205939292907715e-01
6.571655869483947754e-01
4.263586103916168213e-01
5.305396318435668945e-01
6.886563301086425781e-01
6.898638606071472168e-01
6.627864241600036621e-01
6.010902523994445801e-01
5.399016737937927246e-01
5.743368268013000488e-01
4.525019526481628418e-01
6.185736060142517090e-01
5.909353494644165039e-01
4.934190809726715088e-01
2.356143295764923096e-01
7.325963377952575684e-01
4.861981570720672607e-01
4.306268393993377686e-01
6.157832741737365723e-01
5.641452074050903320e-01
5.589114427566528320e-01
4.860112071037292480e-01
6.620746850967407227e-01
6.407895684242248535e-01
6.399757862091064453e-01
6.536599993705749512e-01
2.658236324787139893e-01
6.584252715110778809e-01
5.855865478515625000e-01
5.659398436546325684e-01
6.345489025115966797e-01
6.272875070571899414e-01
6.448236107826232910e-01
3.944672048091888428e-01
6.050203442573547363e-01
4.589072465896606445e-01
6.033520698547363281e-01
5.813080668449401855e-01
4.709974527359008789e-01
6.073629260063171387e-01
5.154873728752136230e-01
4.651931226253509521e-01
5.795940756797790527e-01
2.335326522588729858e-01
5.921643376350402832e-01
6.115589737892150879e-01
1.673755347728729248e-01
5.950642824172973633e-01
5.644752979278564453e-01
5.742329955101013184e-01
6.029482483863830566e-01
4.876585006713867188e-01
2.758218646049499512e-01
6.428140997886657715e-01
6.605336070060729980e-01
6.003597974777221680e-01
5.939963459968566895e-01
6.442106962203979492e-01
6.490523815155029297e-01
6.476827263832092285e-01
4.733424484729766846e-01
5.919704437255859375e-01
6.299319863319396973e-01
6.074691414833068848e-01
3.988399803638458252e-01
6.091701388359069824e-01
9.162864834070205688e-02
5.892200469970703125e-01
5.494530200958251953e-01
6.475317478179931641e-01
6.478375792503356934e-01
6.506640315055847168e-01
6.522303223609924316e-01
6.410987377166748047e-01
6.427658796310424805e-01
5.498558878898620605e-01
5.405787825584411621e-01
6.512486338615417480e-01
3.417254090309143066e-01
5.414603352546691895e-01
3.300116360187530518e-01
6.108710169792175293e-01
8.335836529731750488e-01
3.227677047252655029e-01
6.022144556045532227e-01
5.572865605354309082e-01
6.572530865669250488e-01
1.047311797738075256e-01
6.525941491127014160e-01
5.326747894287109375e-01
6.915928721427917480e-01
4.079995453357696533e-01
6.080029606819152832e-01
5.493784546852111816e-01
4.645314812660217285e-01
5.206708312034606934e-01
3.909994959831237793e-01
1.315414756536483765e-01
4.743922054767608643e-01
6.033094525337219238e-01
7.204812765121459961e-01
5.467557907104492188e-01
3.784713149070739746e-01
7.013265490531921387e-01
6.679037213325500488e-01
2.901584804058074951e-01
6.727269887924194336e-01
5.541645288467407227e-01
5.033997297286987305e-01
2.214910835027694702e-01
6.288509368896484375e-01
4.592748880386352539e-01
4.732435941696166992e-01
3.170120418071746826e-01
6.397668123245239258e-01
6.341955065727233887e-01
6.385378241539001465e-01
5.562992095947265625e-01
2.704916298389434814e-01
5.566791892051696777e-01
6.320201158523559570e-01
6.799715757369995117e-01
6.370649933815002441e-01
6.273742914199829102e-01
6.506311893463134766e-01
4.237429201602935791e-01
6.521462202072143555e-01
5.674344301223754883e-01
6.485301256179809570e-01
5.162892341613769531e-01
6.860448718070983887e-01
6.145408749580383301e-01
2.755812704563140869e-01
5.226177573204040527e-01
6.482007503509521484e-01
7.258347272872924805e-01
3.207850158214569092e-01
7.587147951126098633e-01
6.005786061286926270e-01
5.192403197288513184e-01
5.378983020782470703e-01
6.534829735755920410e-01
6.406112313270568848e-01
5.782819986343383789e-01
5.649992823600769043e-01
1.987443119287490845e-01
6.484497785568237305e-01
5.953255891799926758e-01
4.809423089027404785e-01
7.417539358139038086e-01
6.637494564056396484e-01
5.951374769210815430e-01
5.700372457504272461e-01
4.880341291427612305e-01
6.095046997070312500e-01
4.817167520523071289e-01
6.471408009529113770e-01
4.934408068656921387e-01
6.896750926971435547e-01
7.659353315830230713e-02
4.349326193332672119e-01
5.751019716262817383e-01
6.681032776832580566e-01
3.033571243286132812e-01
6.382377743721008301e-01
6.441476345062255859e-01
4.945553243160247803e-01
5.300928354263305664e-01
5.643156170845031738e-01
6.619300842285156250e-01
6.306742429733276367e-01
6.781805753707885742e-01
5.659238696098327637e-01
5.884626507759094238e-01
5.594493746757507324e-01
5.579763054847717285e-01
4.371628761291503906e-01
6.836139559745788574e-01
6.604291200637817383e-01
6.173934936523437500e-01
3.607268631458282471e-01
7.206472754478454590e-01
7.430124878883361816e-01
6.308665871620178223e-01
5.888292789459228516e-01
5.131374001502990723e-01
6.611433625221252441e-01
5.589445829391479492e-01
5.907151699066162109e-01
5.329241752624511719e-01
5.871132016181945801e-01
5.317316055297851562e-01
5.149901509284973145e-01
4.365757405757904053e-01
4.363568425178527832e-01
4.375391900539398193e-01
5.508332252502441406e-01
3.327516615390777588e-01
5.171695351600646973e-01
6.441556215286254883e-01
4.772725999355316162e-01
6.551327705383300781e-01
5.915483832359313965e-01
2.782507836818695068e-01
5.822382569313049316e-01
6.262117028236389160e-01
5.344999432563781738e-01
3.579736053943634033e-01
5.521416068077087402e-01
6.696401834487915039e-01
6.683130860328674316e-01
6.458750367164611816e-01
5.127075910568237305e-01
5.058375597000122070e-01
5.978541970252990723e-01
4.899030625820159912e-01
5.535593032836914062e-01
1.531805545091629028e-01
2.531240284442901611e-01
3.021964430809020996e-01
5.572405457496643066e-01
5.672362446784973145e-01
5.654868483543395996e-01
5.185118913650512695e-01
6.168249249458312988e-01
5.729860067367553711e-01
6.253632903099060059e-01
6.287379264831542969e-01
4.823485314846038818e-01
2.199403196573257446e-01
4.087339043617248535e-01
6.564531922340393066e-01
5.215414166450500488e-01
5.543217062950134277e-01
6.203266382217407227e-01
3.562939167022705078e-01
5.961829423904418945e-01
7.215250730514526367e-01
5.001962780952453613e-01
3.980046212673187256e-01
4.937534332275390625e-01
5.328822135925292969e-01
3.701391518115997314e-01
4.936030507087707520e-01
5.714330673217773438e-01
6.328918933868408203e-01
5.377600193023681641e-01
5.284050107002258301e-01
5.563075542449951172e-01
