7.607470750808715820e-01
7.844631671905517578e-01
7.309561371803283691e-01
5.425840020179748535e-01
7.214693427085876465e-01
7.550485730171203613e-01
6.813127398490905762e-01
7.322875261306762695e-01
6.914144754409790039e-01
6.360975503921508789e-01
6.931614875793457031e-01
7.161764502525329590e-01
6.340074539184570312e-01
6.239070296287536621e-01
6.260401010513305664e-01
6.566220521926879883e-01
7.134644389152526855e-01
7.513514757156372070e-01
5.929672122001647949e-01
6.874598264694213867e-01
7.662554383277893066e-01
7.208840250968933105e-01
7.267063260078430176e-01
7.221525311470031738e-01
7.685703039169311523e-01
3.209725022315979004e-01
7.184059023857116699e-01
6.575796008110046387e-01
6.272481679916381836e-01
7.499144077301025391e-01
7.828040719032287598e-01
7.145138382911682129e-01
6.351730823516845703e-01
2.932486832141876221e-01
6.395202875137329102e-01
2.871480584144592285e-01
6.270915269851684570e-01
6.924220919609069824e-01
7.789754271507263184e-01
7.628682255744934082e-01
3.978927135467529297e-01
6.783279180526733398e-01
6.682115197181701660e-01
5.756767392158508301e-01
7.636169195175170898e-01
7.907596230506896973e-01
6.847168803215026855e-01
6.683912277221679688e-01
2.505546808242797852e-01
7.270737886428833008e-01
1.303030848503112793e-01
6.897472143173217773e-01
7.182932496070861816e-01
5.920736193656921387e-01
7.043045163154602051e-01
7.406694293022155762e-01
7.210138440132141113e-01
6.172177791595458984e-01
7.625024914741516113e-01
6.863213181495666504e-01
7.174656987190246582e-01
7.595164775848388672e-01
7.501643896102905273e-01
3.525927662849426270e-01
7.065717577934265137e-01
1.741391569375991821e-01
5.135978460311889648e-01
8.024973273277282715e-01
7.589800357818603516e-01
3.603320419788360596e-01
4.691942036151885986e-01
5.739968419075012207e-01
7.238195538520812988e-01
7.601403594017028809e-01
5.577600002288818359e-01
7.052628993988037109e-01
6.745967864990234375e-01
7.116576433181762695e-01
7.699205875396728516e-01
5.303337574005126953e-01
7.505273818969726562e-01
3.291226029396057129e-01
1.731490343809127808e-01
7.388159036636352539e-01
7.476257681846618652e-01
7.621725201606750488e-01
7.831541299819946289e-01
6.849945783615112305e-01
7.682657241821289062e-01
6.225045323371887207e-01
7.917125225067138672e-01
6.715553998947143555e-01
6.065294742584228516e-01
7.480768561363220215e-01
7.293370962142944336e-01
7.461612820625305176e-01
7.740253210067749023e-01
5.743809342384338379e-01
4.369799494743347168e-01
7.109124660491943359e-01
6.917607188224792480e-01
6.631087064743041992e-01
1.364462673664093018e-01
1.724968105554580688e-01
7.261362671852111816e-01
6.416294574737548828e-01
7.189428806304931641e-01
7.860887050628662109e-01
6.486483216285705566e-01
2.112959921360015869e-01
7.355115413665771484e-01
6.954534053802490234e-01
7.194309234619140625e-01
7.380542755126953125e-01
7.158077955245971680e-01
3.791589438915252686e-01
1.609573066234588623e-01
7.514888048171997070e-01
6.895726919174194336e-01
7.369965314865112305e-01
4.934430122375488281e-01
7.385203838348388672e-01
7.063139081001281738e-01
6.355221867561340332e-01
7.080035805702209473e-01
7.065111994743347168e-01
7.959796190261840820e-01
7.718882560729980469e-01
6.518606543540954590e-01
6.839221119880676270e-01
7.760071754455566406e-01
6.700204610824584961e-01
4.626315832138061523e-01
7.038515806198120117e-01
4.128729104995727539e-01
7.286304235458374023e-01
7.501903176307678223e-01
7.429866790771484375e-01
7.220546007156372070e-01
2.460144907236099243e-01
7.060757875442504883e-01
6.254526972770690918e-01
7.902492284774780273e-01
7.072861790657043457e-01
7.558500766754150391e-01
2.396357953548431396e-01
7.656094431877136230e-01
6.552112698554992676e-01
6.628885269165039062e-01
4.142031669616699219e-01
7.568128705024719238e-01
5.541917085647583008e-01
1.368044167757034302e-01
7.360731363296508789e-01
7.224556207656860352e-01
7.925812005996704102e-01
6.637437939643859863e-01
7.510535120964050293e-01
7.217826247215270996e-01
7.115607857704162598e-01
7.645873427391052246e-01
5.119205117225646973e-01
7.549585700035095215e-01
6.782428622245788574e-01
5.837954878807067871e-01
4.216918945312500000e-01
7.499665021896362305e-01
7.778451442718505859e-01
4.294878542423248291e-01
6.635382175445556641e-01
7.609923481941223145e-01
6.870957612991333008e-01
7.295579314231872559e-01
7.862465977668762207e-01
7.352672219276428223e-01
7.436570525169372559e-01
5.554153919219970703e-01
7.505177855491638184e-01
7.698982357978820801e-01
6.797471046447753906e-01
2.501154243946075439e-01
7.278347015380859375e-01
7.290410399436950684e-01
7.253784537315368652e-01
6.388832926750183105e-01
6.060407757759094238e-01
5.272449851036071777e-01
6.383388638496398926e-01
6.925632357597351074e-01
6.199586391448974609e-01
6.956436038017272949e-01
6.314855217933654785e-01
7.619470357894897461e-01
7.151765823364257812e-01
3.156451284885406494e-01
7.571685314178466797e-01
7.455154061317443848e-01
7.835227251052856445e-01
7.330314517021179199e-01
7.407491207122802734e-01
7.515655159950256348e-01
7.262273430824279785e-01
7.830793857574462891e-01
7.414423823356628418e-01
7.245255708694458008e-01
3.890896439552307129e-01
7.614800333976745605e-01
2.995376884937286377e-01
6.488749980926513672e-01
7.543003559112548828e-01
7.527108192443847656e-01
8.165191411972045898e-01
7.464177012443542480e-01
6.448168158531188965e-01
7.996851801872253418e-01
7.896105647087097168e-01
4.924114942550659180e-01
7.767271399497985840e-01
6.858865618705749512e-01
6.673871874809265137e-01
7.031514048576354980e-01
7.535488009452819824e-01
7.582516670227050781e-01
7.115743160247802734e-01
6.818069815635681152e-01
7.276748418807983398e-01
7.550452351570129395e-01
1.263518929481506348e-01
6.258349418640136719e-01
7.835869193077087402e-01
7.340713739395141602e-01
7.551584243774414062e-01
5.867438912391662598e-01
7.148529887199401855e-01
6.237907409667968750e-01
7.463275194168090820e-01
7.443121671676635742e-01
5.739593505859375000e-01
7.963574528694152832e-01
4.257919788360595703e-01
4.546897709369659424e-01
6.681609153747558594e-01
6.768038868904113770e-01
5.445792078971862793e-01
7.557449936866760254e-01
6.872667074203491211e-01
6.764668226242065430e-01
6.096585392951965332e-01
5.945466160774230957e-01
6.939761042594909668e-01
6.550925374031066895e-01
5.857607126235961914e-01
6.093745231628417969e-01
4.896163642406463623e-01
6.926180124282836914e-01
4.912437498569488525e-01
6.861158013343811035e-01
7.188302278518676758e-01
7.830886244773864746e-01
5.069439411163330078e-01
6.323553323745727539e-01
6.976400613784790039e-01
7.984431982040405273e-01
7.268923521041870117e-01
7.682454586029052734e-01
7.763842344284057617e-01
6.550924777984619141e-01
7.748039364814758301e-01
5.141422152519226074e-01
4.573330581188201904e-01
7.068443298339843750e-01
7.121488451957702637e-01
8.028385639190673828e-01
2.092953324317932129e-01
7.140539288520812988e-01
4.364850819110870361e-01
7.855654954910278320e-01
7.906082868576049805e-01
1.963161081075668335e-01
6.717986464500427246e-01
7.619227766990661621e-01
7.193596363067626953e-01
7.360425591468811035e-01
7.360360026359558105e-01
5.805854201316833496e-01
7.589068412780761719e-01
8.039177656173706055e-01
7.296843528747558594e-01
6.689671277999877930e-01
6.822055578231811523e-01
7.883857488632202148e-01
5.986757874488830566e-01
7.325450181961059570e-01
7.392783164978027344e-01
7.705952525138854980e-01
7.787192463874816895e-01
7.294184565544128418e-01
7.798278331756591797e-01
1.805104315280914307e-01
7.137750387191772461e-01
7.008042931556701660e-01
6.452888846397399902e-01
2.391717135906219482e-01
7.691661119461059570e-01
4.177226722240447998e-01
7.495717406272888184e-01
2.580617964267730713e-01
7.632691264152526855e-01
6.722917556762695312e-01
7.812420129776000977e-01
6.912788748741149902e-01
7.224249839782714844e-01
7.299375534057617188e-01
3.817494809627532959e-01
7.023881673812866211e-01
7.279340624809265137e-01
4.864446222782135010e-01
8.020240068435668945e-01
7.902852892875671387e-01
7.574355602264404297e-01
6.927444934844970703e-01
7.873796820640563965e-01
7.500033378601074219e-01
7.744370102882385254e-01
7.331650853157043457e-01
7.456411719322204590e-01
5.611096024513244629e-01
6.135737299919128418e-01
7.313677072525024414e-01
4.201757013797760010e-01
5.434806942939758301e-01
6.924813389778137207e-01
7.424931526184082031e-01
7.995470166206359863e-01
8.022803664207458496e-01
7.902837395668029785e-01
7.540128231048583984e-01
6.371072530746459961e-01
6.373029947280883789e-01
6.928178668022155762e-01
5.954268574714660645e-01
6.427472233772277832e-01
7.270237803459167480e-01
7.888327836990356445e-01
7.755943536758422852e-01
7.612032890319824219e-01
7.061274051666259766e-01
7.009752988815307617e-01
7.610527873039245605e-01
7.220546007156372070e-01
6.493570208549499512e-01
4.886628985404968262e-01
4.985019862651824951e-01
8.090273737907409668e-01
7.118327617645263672e-01
2.842669188976287842e-01
7.144887447357177734e-01
5.492329001426696777e-01
6.149059534072875977e-01
6.911904215812683105e-01
7.415218949317932129e-01
7.170487046241760254e-01
7.105032801628112793e-01
5.591454505920410156e-01
6.544484496116638184e-01
6.548069715499877930e-01
6.255756020545959473e-01
7.242429852485656738e-01
6.314666867256164551e-01
7.266532182693481445e-01
5.509628057479858398e-01
6.794778704643249512e-01
6.460754871368408203e-01
8.108486533164978027e-01
7.185547351837158203e-01
3.768504559993743896e-01
6.894237995147705078e-01
6.414535641670227051e-01
6.312004327774047852e-01
6.839322447776794434e-01
7.845886349678039551e-01
4.011187553405761719e-01
6.747022271156311035e-01
7.337176203727722168e-01
2.564510107040405273e-01
5.740475654602050781e-01
6.715920567512512207e-01
7.575684189796447754e-01
6.696985363960266113e-01
6.794255375862121582e-01
6.374573111534118652e-01
7.844200134277343750e-01
4.964250326156616211e-01
8.081867098808288574e-01
7.410393357276916504e-01
7.887604832649230957e-01
7.214141488075256348e-01
6.975143551826477051e-01
7.306697964668273926e-01
3.198594450950622559e-01
7.620273232460021973e-01
7.540791630744934082e-01
6.649463176727294922e-01
6.812218427658081055e-01
6.858072876930236816e-01
7.161325812339782715e-01
4.996457099914550781e-01
7.085267305374145508e-01
7.966536283493041992e-01
7.114976048469543457e-01
8.076977133750915527e-01
7.782486081123352051e-01
4.335112869739532471e-01
7.482169866561889648e-01
7.456609606742858887e-01
7.032880783081054688e-01
1.447792649269104004e-01
7.100864648818969727e-01
7.412165999412536621e-01
7.795677185058593750e-01
7.155664563179016113e-01
1.147585585713386536e-01
7.453649044036865234e-01
4.880346953868865967e-01
7.653166055679321289e-01
7.500659227371215820e-01
6.628998517990112305e-01
7.724643945693969727e-01
7.199442982673645020e-01
7.223273515701293945e-01
7.508126497268676758e-01
7.731781601905822754e-01
6.274091005325317383e-01
7.288557887077331543e-01
6.556757688522338867e-01
7.715703845024108887e-01
7.347478866577148438e-01
6.637609601020812988e-01
7.165783643722534180e-01
5.956931114196777344e-01
6.886991262435913086e-01
8.010534048080444336e-01
5.100068449974060059e-01
7.431229352951049805e-01
3.918938338756561279e-01
6.900787353515625000e-01
7.459113001823425293e-01
5.947297215461730957e-01
6.757735610008239746e-01
7.411859035491943359e-01
7.116576433181762695e-01
6.806594729423522949e-01
6.829608082771301270e-01
6.851235628128051758e-01
6.542221903800964355e-01
7.154586315155029297e-01
6.882368922233581543e-01
7.282404899597167969e-01
7.172687053680419922e-01
3.480372428894042969e-01
7.337702512741088867e-01
7.928638458251953125e-01
7.988202571868896484e-01
6.434796452522277832e-01
7.434607148170471191e-01
4.930344223976135254e-01
4.883757829666137695e-01
7.086280584335327148e-01
7.369459867477416992e-01
7.920995354652404785e-01
7.956600189208984375e-01
6.760097742080688477e-01
7.264609336853027344e-01
6.627576947212219238e-01
7.983423471450805664e-01
6.412137150764465332e-01
6.699821949005126953e-01
6.879083514213562012e-01
7.717182040214538574e-01
5.199908614158630371e-01
7.602348327636718750e-01
7.558470368385314941e-01
7.096990942955017090e-01
7.772302031517028809e-01
7.723506689071655273e-01
6.394403576850891113e-01
1.942134350538253784e-01
7.787899971008300781e-01
6.915969848632812500e-01
6.683434247970581055e-01
7.179951071739196777e-01
7.537959814071655273e-01
7.924885153770446777e-01
7.069236636161804199e-01
6.889032125473022461e-01
7.382599711418151855e-01
7.226228117942810059e-01
4.173397421836853027e-01
1.277671158313751221e-01
7.099863290786743164e-01
6.825113892555236816e-01
6.539446115493774414e-01
7.938982248306274414e-01
7.261862158775329590e-01
6.626804471015930176e-01
7.808571457862854004e-01
7.399176359176635742e-01
7.375651001930236816e-01
6.835257411003112793e-01
7.102372050285339355e-01
4.929098486900329590e-01
7.809265851974487305e-01
6.843721270561218262e-01
6.936516761779785156e-01
4.840855300426483154e-01
7.197186350822448730e-01
5.424563288688659668e-01
7.113409042358398438e-01
7.540030479431152344e-01
6.879202723503112793e-01
7.203046679496765137e-01
7.750709056854248047e-01
6.593397259712219238e-01
7.470027804374694824e-01
6.958342194557189941e-01
7.140245437622070312e-01
7.702831625938415527e-01
7.523854970932006836e-01
7.685911059379577637e-01
7.292090058326721191e-01
7.597649097442626953e-01
7.556926012039184570e-01
7.304117679595947266e-01
7.129590511322021484e-01
6.225045323371887207e-01
6.455247402191162109e-01
7.692999243736267090e-01
5.739180445671081543e-01
7.417930960655212402e-01
7.573488354682922363e-01
7.976410984992980957e-01
7.682378888130187988e-01
2.606963217258453369e-01
7.121822834014892578e-01
7.273719906806945801e-01
7.199614048004150391e-01
7.542784214019775391e-01
7.346547842025756836e-01
7.749703526496887207e-01
7.346825599670410156e-01
7.450506091117858887e-01
7.676284313201904297e-01
7.192614078521728516e-01
6.658977270126342773e-01
5.899692773818969727e-01
7.593961954116821289e-01
7.368454933166503906e-01
6.524097323417663574e-01
7.453106045722961426e-01
8.045649528503417969e-01
7.478752732276916504e-01
7.728060483932495117e-01
1.316572278738021851e-01
7.781596779823303223e-01
4.654913842678070068e-01
6.703929901123046875e-01
7.549635171890258789e-01
7.345049977302551270e-01
7.875797748565673828e-01
6.536134481430053711e-01
7.119933962821960449e-01
7.706862092018127441e-01
7.492888569831848145e-01
6.792359948158264160e-01
6.415924429893493652e-01
7.432078719139099121e-01
7.813692092895507812e-01
5.256832838058471680e-01
6.864860057830810547e-01
7.883980274200439453e-01
6.588962078094482422e-01
6.619461774826049805e-01
1.274799257516860962e-01
7.364851832389831543e-01
6.724674105644226074e-01
6.988963484764099121e-01
7.873796820640563965e-01
5.607554912567138672e-01
7.770291566848754883e-01
7.312024831771850586e-01
3.922934830188751221e-01
5.126852393150329590e-01
7.281059026718139648e-01
7.657630443572998047e-01
6.968243122100830078e-01
7.859458327293395996e-01
7.470961809158325195e-01
7.359507679939270020e-01
6.979178786277770996e-01
7.373879551887512207e-01
7.498990297317504883e-01
7.463219761848449707e-01
1.358911544084548950e-01
8.039864301681518555e-01
7.408363223075866699e-01
7.024610042572021484e-01
7.474465370178222656e-01
7.992119789123535156e-01
6.304449439048767090e-01
6.504939794540405273e-01
2.701920270919799805e-01
7.790390849113464355e-01
5.622302889823913574e-01
7.503194808959960938e-01
7.150768637657165527e-01
6.995802521705627441e-01
6.252217888832092285e-01
1.664423346519470215e-01
7.330552935600280762e-01
4.333672821521759033e-01
6.717510819435119629e-01
7.185921669006347656e-01
7.627806067466735840e-01
4.183485507965087891e-01
4.707457423210144043e-01
8.008877635002136230e-01
6.876540184020996094e-01
7.071933150291442871e-01
7.156848907470703125e-01
6.363053321838378906e-01
6.607025265693664551e-01
5.326219201087951660e-01
7.274881005287170410e-01
7.373223900794982910e-01
5.525347590446472168e-01
7.357423305511474609e-01
6.493825912475585938e-01
6.658861041069030762e-01
6.435886621475219727e-01
6.584485769271850586e-01
7.183729410171508789e-01
7.634968161582946777e-01
8.071701526641845703e-01
2.046094536781311035e-01
3.642991781234741211e-01
7.948572635650634766e-01
7.156586050987243652e-01
7.772354483604431152e-01
4.446079730987548828e-01
6.215022206306457520e-01
5.761842131614685059e-01
6.205899119377136230e-01
7.262461185455322266e-01
7.561326026916503906e-01
6.487045288085937500e-01
6.355267763137817383e-01
7.292504906654357910e-01
6.440776586532592773e-01
7.470226287841796875e-01
7.805088758468627930e-01
4.203544259071350098e-01
6.742803454399108887e-01
6.419996619224548340e-01
6.652034521102905273e-01
6.882612705230712891e-01
7.451821565628051758e-01
6.871238946914672852e-01
7.929427027702331543e-01
4.318343102931976318e-01
7.755260467529296875e-01
5.292552113533020020e-01
7.909315228462219238e-01
7.250252962112426758e-01
7.772588133811950684e-01
7.625277042388916016e-01
7.695423960685729980e-01
7.677575945854187012e-01
6.775277256965637207e-01
7.477041482925415039e-01
7.392105460166931152e-01
5.621733665466308594e-01
7.295429110527038574e-01
7.104917168617248535e-01
6.451435685157775879e-01
8.060905337333679199e-01
7.002596855163574219e-01
6.433633565902709961e-01
6.803193688392639160e-01
5.906538963317871094e-01
7.268248200416564941e-01
5.820866823196411133e-01
6.930747628211975098e-01
6.770237088203430176e-01
7.189828157424926758e-01
6.805714368820190430e-01
7.530582547187805176e-01
7.977973818778991699e-01
7.378064990043640137e-01
7.531526088714599609e-01
7.506911754608154297e-01
7.885873913764953613e-01
6.977117657661437988e-01
4.364521205425262451e-01
5.004606842994689941e-01
6.113262772560119629e-01
6.652199029922485352e-01
7.991537451744079590e-01
7.182335853576660156e-01
7.688975930213928223e-01
7.491198778152465820e-01
7.495955824851989746e-01
7.273326516151428223e-01
7.080016136169433594e-01
6.562989950180053711e-01
6.658782362937927246e-01
7.803395986557006836e-01
7.769535779953002930e-01
6.618165373802185059e-01
7.237218022346496582e-01
2.504047453403472900e-01
7.239500880241394043e-01
7.674854397773742676e-01
7.335393428802490234e-01
6.218205094337463379e-01
6.044570803642272949e-01
7.420005202293395996e-01
6.869065761566162109e-01
6.130129694938659668e-01
7.108986377716064453e-01
6.509152650833129883e-01
7.656934261322021484e-01
8.080903887748718262e-01
5.022499561309814453e-01
7.114307284355163574e-01
5.696662664413452148e-01
7.436313629150390625e-01
7.219030857086181641e-01
7.012596130371093750e-01
4.481238126754760742e-01
7.886222600936889648e-01
6.818822622299194336e-01
7.620517611503601074e-01
7.408036589622497559e-01
7.075130939483642578e-01
5.622866153717041016e-01
7.801901102066040039e-01
7.515708208084106445e-01
7.521562576293945312e-01
6.919606328010559082e-01
7.447084188461303711e-01
7.457864284515380859e-01
7.534302473068237305e-01
7.213246822357177734e-01
4.996835887432098389e-01
6.564338803291320801e-01
7.899707555770874023e-01
6.684479117393493652e-01
7.922862768173217773e-01
7.585827112197875977e-01
7.374696135520935059e-01
7.455978393554687500e-01
7.700710296630859375e-01
7.061520814895629883e-01
2.531510293483734131e-01
7.077859044075012207e-01
7.152878642082214355e-01
7.689439654350280762e-01
7.527448534965515137e-01
6.775546669960021973e-01
7.019424438476562500e-01
7.014645338058471680e-01
7.407329678535461426e-01
7.681048512458801270e-01
7.010583877563476562e-01
7.223445773124694824e-01
7.972441911697387695e-01
5.654746890068054199e-01
7.618687152862548828e-01
5.672630071640014648e-01
5.922966003417968750e-01
6.925200223922729492e-01
7.490109205245971680e-01
1.892193555831909180e-01
7.214432954788208008e-01
7.777200341224670410e-01
1.961884796619415283e-01
6.676784157752990723e-01
3.516451120376586914e-01
5.069916248321533203e-01
7.340236306190490723e-01
6.958663463592529297e-01
7.764663100242614746e-01
7.467153668403625488e-01
6.458628773689270020e-01
7.182736396789550781e-01
7.205054759979248047e-01
7.492560744285583496e-01
7.786782979965209961e-01
7.093480229377746582e-01
7.104994058609008789e-01
6.852546334266662598e-01
5.935186147689819336e-01
7.188718914985656738e-01
7.032516598701477051e-01
7.628682255744934082e-01
4.541837275028228760e-01
7.113285660743713379e-01
4.436081945896148682e-01
7.283281683921813965e-01
7.244813442230224609e-01
6.507892012596130371e-01
5.391908288002014160e-01
7.430595159530639648e-01
7.592020034790039062e-01
6.158154010772705078e-01
6.076029539108276367e-01
5.966317057609558105e-01
7.397385835647583008e-01
7.645642161369323730e-01
7.292708754539489746e-01
5.948471426963806152e-01
7.573074102401733398e-01
6.544499993324279785e-01
7.031560540199279785e-01
7.529591917991638184e-01
7.950528860092163086e-01
7.295545339584350586e-01
7.011808753013610840e-01
7.421351075172424316e-01
7.598073482513427734e-01
7.360112071037292480e-01
6.970528364181518555e-01
7.625373601913452148e-01
6.920631527900695801e-01
4.185514450073242188e-01
2.666201591491699219e-01
7.090322971343994141e-01
7.896645665168762207e-01
7.419285774230957031e-01
4.913270771503448486e-01
6.970214247703552246e-01
6.632028222084045410e-01
7.817255854606628418e-01
6.627587676048278809e-01
7.541399598121643066e-01
6.998360157012939453e-01
7.137750387191772461e-01
7.161947488784790039e-01
8.005762696266174316e-01
2.211707830429077148e-01
6.686020493507385254e-01
7.132421135902404785e-01
7.601516842842102051e-01
7.366293668746948242e-01
7.611237168312072754e-01
2.131942510604858398e-01
7.767557501792907715e-01
6.658849120140075684e-01
7.186021208763122559e-01
1.302746683359146118e-01
7.302302718162536621e-01
7.322942614555358887e-01
5.981099605560302734e-01
7.520754337310791016e-01
3.692372143268585205e-01
7.465116381645202637e-01
6.551645994186401367e-01
7.441006302833557129e-01
7.524893283843994141e-01
7.003455758094787598e-01
5.953356623649597168e-01
6.882894635200500488e-01
7.723098397254943848e-01
8.006230592727661133e-01
7.788279056549072266e-01
6.640796661376953125e-01
7.473467588424682617e-01
7.124391794204711914e-01
6.710267066955566406e-01
6.495777368545532227e-01
7.863020896911621094e-01
7.150251865386962891e-01
7.815164923667907715e-01
7.489198446273803711e-01
6.098743081092834473e-01
6.650814414024353027e-01
7.241268157958984375e-01
6.956722736358642578e-01
6.949841380119323730e-01
6.505464911460876465e-01
6.094152331352233887e-01
5.074387788772583008e-01
5.710111856460571289e-01
7.088927030563354492e-01
7.321445941925048828e-01
7.083676457405090332e-01
6.335255503654479980e-01
7.478389143943786621e-01
5.418297648429870605e-01
7.793595194816589355e-01
7.810711264610290527e-01
6.742002964019775391e-01
2.302094846963882446e-01
5.263563394546508789e-01
7.869655489921569824e-01
7.630692720413208008e-01
7.389386296272277832e-01
6.533772945404052734e-01
5.639847517013549805e-01
6.649994254112243652e-01
5.537664294242858887e-01
6.799710988998413086e-01
7.286871075630187988e-01
6.589670777320861816e-01
7.608851790428161621e-01
7.120997309684753418e-01
7.671371698379516602e-01
6.894672513008117676e-01
6.964513063430786133e-01
6.867944598197937012e-01
6.034320592880249023e-01
2.885105907917022705e-01
7.144324183464050293e-01
7.920686602592468262e-01
6.969864368438720703e-01
5.634517073631286621e-01
8.179045319557189941e-01
6.123875975608825684e-01
3.615070879459381104e-01
3.104234933853149414e-01
7.327490448951721191e-01
7.183333635330200195e-01
7.178611159324645996e-01
7.810159325599670410e-01
6.886757612228393555e-01
6.716400384902954102e-01
2.014826834201812744e-01
7.187521457672119141e-01
7.059761285781860352e-01
7.421018481254577637e-01
5.224857926368713379e-01
7.589459419250488281e-01
7.133492827415466309e-01
6.203004121780395508e-01
7.044256925582885742e-01
7.555506825447082520e-01
7.288486957550048828e-01
7.435584664344787598e-01
7.524215579032897949e-01
7.597649097442626953e-01
7.944858074188232422e-01
7.731644511222839355e-01
5.226803421974182129e-01
6.355901956558227539e-01
7.507450580596923828e-01
6.928011178970336914e-01
7.379070520401000977e-01
6.639436483383178711e-01
5.701454877853393555e-01
6.407846212387084961e-01
2.926951050758361816e-01
7.509499192237854004e-01
7.739393711090087891e-01
5.301374197006225586e-01
6.832304596900939941e-01
7.188802361488342285e-01
6.903849840164184570e-01
6.071560978889465332e-01
5.257344841957092285e-01
6.701253056526184082e-01
7.677787542343139648e-01
6.205901503562927246e-01
7.773865461349487305e-01
7.677575945854187012e-01
5.479920506477355957e-01
6.051476597785949707e-01
4.825816154479980469e-01
6.055821776390075684e-01
6.019147038459777832e-01
6.754668951034545898e-01
7.534958124160766602e-01
7.729531526565551758e-01
7.675049304962158203e-01
7.419515252113342285e-01
7.250353097915649414e-01
7.271326780319213867e-01
7.468875050544738770e-01
7.310497760772705078e-01
6.140753030776977539e-01
6.996141076087951660e-01
7.751216888427734375e-01
8.011233210563659668e-01
2.606963217258453369e-01
7.525192499160766602e-01
6.990932226181030273e-01
3.374300301074981689e-01
7.742893099784851074e-01
6.624818444252014160e-01
7.470653057098388672e-01
7.343355417251586914e-01
7.951912283897399902e-01
6.838622689247131348e-01
6.045292019844055176e-01
7.550168633460998535e-01
8.122766613960266113e-01
7.016403079032897949e-01
7.497813701629638672e-01
7.208637595176696777e-01
7.656249403953552246e-01
7.515172958374023438e-01
7.452824711799621582e-01
6.868818402290344238e-01
6.436695456504821777e-01
7.567715644836425781e-01
6.892707943916320801e-01
5.596754550933837891e-01
6.523230075836181641e-01
7.825551629066467285e-01
6.885742545127868652e-01
6.994787454605102539e-01
7.292667627334594727e-01
7.929733395576477051e-01
6.995527148246765137e-01
6.197944283485412598e-01
4.751065075397491455e-01
6.153500080108642578e-01
6.766757369041442871e-01
7.040713429450988770e-01
7.335151433944702148e-01
6.488487124443054199e-01
7.294409871101379395e-01
7.963357567787170410e-01
6.819318532943725586e-01
6.468142271041870117e-01
7.890817523002624512e-01
6.526200175285339355e-01
6.545922756195068359e-01
6.442039608955383301e-01
7.577162384986877441e-01
6.643719077110290527e-01
6.857406497001647949e-01
6.426126956939697266e-01
7.094653844833374023e-01
6.464705467224121094e-01
5.933865308761596680e-01
7.183003425598144531e-01
7.283051013946533203e-01
7.365682721138000488e-01
6.670724749565124512e-01
7.546479701995849609e-01
6.943376660346984863e-01
5.459681153297424316e-01
7.618820667266845703e-01
7.459682226181030273e-01
1.918740570545196533e-01
7.279722690582275391e-01
5.898326635360717773e-01
7.697250247001647949e-01
7.679206132888793945e-01
5.023627877235412598e-01
1.323731094598770142e-01
7.724217176437377930e-01
6.204438209533691406e-01
7.189364433288574219e-01
6.548804044723510742e-01
7.107543945312500000e-01
7.590894103050231934e-01
6.797032952308654785e-01
6.802269816398620605e-01
7.934949994087219238e-01
6.080647706985473633e-01
7.857373952865600586e-01
6.614121198654174805e-01
7.098147869110107422e-01
7.419690489768981934e-01
7.806859612464904785e-01
6.450452208518981934e-01
6.647739410400390625e-01
3.421216011047363281e-01
7.802357673645019531e-01
4.595652520656585693e-01
5.545568466186523438e-01
7.541155815124511719e-01
6.787255406379699707e-01
7.370747923851013184e-01
7.491798400878906250e-01
6.885614395141601562e-01
6.800042986869812012e-01
4.468541145324707031e-01
6.653153896331787109e-01
7.446321845054626465e-01
6.739564538002014160e-01
7.049971818923950195e-01
7.052496671676635742e-01
7.757424116134643555e-01
6.904487609863281250e-01
6.818217635154724121e-01
6.983320713043212891e-01
6.486840248107910156e-01
7.687619924545288086e-01
7.261955142021179199e-01
7.335143685340881348e-01
7.920108437538146973e-01
7.355155944824218750e-01
6.738346219062805176e-01
7.599270343780517578e-01
7.923331856727600098e-01
6.968490481376647949e-01
6.977371573448181152e-01
7.041928172111511230e-01
6.847425103187561035e-01
7.493022084236145020e-01
6.100504994392395020e-01
7.609430551528930664e-01
6.628464460372924805e-01
6.731841564178466797e-01
6.135471463203430176e-01
6.801147460937500000e-01
1.410553008317947388e-01
7.157889604568481445e-01
7.447550296783447266e-01
7.175298333168029785e-01
7.145559191703796387e-01
6.773676872253417969e-01
5.833064913749694824e-01
7.418165206909179688e-01
7.465336918830871582e-01
7.573239803314208984e-01
5.895797610282897949e-01
7.380836009979248047e-01
6.221255660057067871e-01
7.669976353645324707e-01
5.850245356559753418e-01
7.406814694404602051e-01
5.998684167861938477e-01
7.181958556175231934e-01
2.702414095401763916e-01
7.644708156585693359e-01
7.696589827537536621e-01
7.762808203697204590e-01
7.939709424972534180e-01
6.816217303276062012e-01
7.661406397819519043e-01
7.783466577529907227e-01
7.500555515289306641e-01
7.079513669013977051e-01
6.697176098823547363e-01
6.806474328041076660e-01
6.231774687767028809e-01
5.984908342361450195e-01
7.911631464958190918e-01
7.139534950256347656e-01
7.458384633064270020e-01
7.635589241981506348e-01
7.359974980354309082e-01
4.170721173286437988e-01
8.188803791999816895e-01
6.866824626922607422e-01
6.951109170913696289e-01
7.599022984504699707e-01
6.805773377418518066e-01
7.250675559043884277e-01
7.200537323951721191e-01
7.453382015228271484e-01
6.638143062591552734e-01
6.667126417160034180e-01
3.599504828453063965e-01
7.283148169517517090e-01
7.437637448310852051e-01
7.312938570976257324e-01
7.007158994674682617e-01
2.777470052242279053e-01
4.731865823268890381e-01
7.090873718261718750e-01
7.097692489624023438e-01
7.714908123016357422e-01
7.389559149742126465e-01
7.777725458145141602e-01
6.116197109222412109e-01
7.834355831146240234e-01
7.030496001243591309e-01
6.994049549102783203e-01
7.566333413124084473e-01
7.360045909881591797e-01
7.318576574325561523e-01
7.889215946197509766e-01
7.713096737861633301e-01
7.810812592506408691e-01
5.218476057052612305e-01
7.485234737396240234e-01
7.364645600318908691e-01
7.578840255737304688e-01
6.228528022766113281e-01
7.708821296691894531e-01
4.225476682186126709e-01
6.664970517158508301e-01
4.101931750774383545e-01
6.558707356452941895e-01
6.606152653694152832e-01
7.551686167716979980e-01
6.950175166130065918e-01
6.624366641044616699e-01
7.215528488159179688e-01
7.415179610252380371e-01
6.926571130752563477e-01
7.922897934913635254e-01
5.758319497108459473e-01
7.068387269973754883e-01
7.660783529281616211e-01
7.101805806159973145e-01
7.398289442062377930e-01
