7.090126276016235352e-01
4.457697868347167969e-01
5.632854700088500977e-01
4.706399440765380859e-01
7.403092384338378906e-01
6.518490910530090332e-01
5.534350275993347168e-01
3.094055652618408203e-01
6.287807226181030273e-01
4.703452289104461670e-01
7.344005703926086426e-01
4.599887728691101074e-01
4.510851204395294189e-01
5.088423490524291992e-01
6.482322812080383301e-01
4.229475557804107666e-01
5.263265967369079590e-01
4.148344397544860840e-01
4.726911187171936035e-01
6.549965739250183105e-01
5.048203468322753906e-01
4.875504672527313232e-01
5.749279856681823730e-01
4.795897006988525391e-01
4.102217555046081543e-01
5.533519983291625977e-01
2.767988145351409912e-01
7.352645397186279297e-01
7.518237829208374023e-01
4.026937484741210938e-01
6.671516895294189453e-01
5.233926177024841309e-01
3.817425966262817383e-01
5.484097599983215332e-01
3.715911805629730225e-01
6.827092170715332031e-01
4.007972478866577148e-01
4.659022390842437744e-01
1.936852186918258667e-01
4.495458304882049561e-01
3.855498135089874268e-01
6.984436511993408203e-01
6.757984757423400879e-01
5.892224311828613281e-01
5.289580225944519043e-01
3.406441211700439453e-01
4.009411931037902832e-01
5.968514680862426758e-01
5.285082459449768066e-01
5.238859653472900391e-01
6.254879832267761230e-01
7.797410488128662109e-01
6.606314182281494141e-01
5.922098755836486816e-01
5.408509969711303711e-01
6.561159491539001465e-01
6.699569225311279297e-01
7.178655266761779785e-01
4.499507248401641846e-01
4.590799510478973389e-01
5.001962780952453613e-01
6.176336407661437988e-01
7.036921977996826172e-01
4.570028483867645264e-01
6.422743201255798340e-01
4.774391651153564453e-01
6.637600064277648926e-01
4.297209382057189941e-01
2.351217716932296753e-01
6.285356879234313965e-01
6.103252172470092773e-01
6.309198141098022461e-01
6.951241493225097656e-01
5.641946792602539062e-01
6.432999372482299805e-01
6.507770419120788574e-01
5.661526322364807129e-01
5.748618245124816895e-01
5.661982893943786621e-01
6.981557607650756836e-01
3.929806649684906006e-01
7.210605144500732422e-01
4.609340131282806396e-01
6.584627032279968262e-01
6.576542854309082031e-01
7.221193313598632812e-01
3.056314289569854736e-01
1.622156649827957153e-01
5.837770104408264160e-01
2.098458260297775269e-01
4.156082272529602051e-01
5.761292576789855957e-01
4.582540988922119141e-01
1.348718851804733276e-01
5.331997275352478027e-01
5.576193928718566895e-01
2.882393598556518555e-01
6.012422442436218262e-01
5.758009552955627441e-01
4.189265072345733643e-01
5.611230731010437012e-01
5.861890316009521484e-01
6.002848744392395020e-01
5.990178585052490234e-01
2.342696040868759155e-01
5.634012818336486816e-01
5.010281801223754883e-01
2.139189243316650391e-01
4.618673622608184814e-01
5.412031412124633789e-01
7.050699591636657715e-01
4.835313856601715088e-01
2.992030382156372070e-01
4.733793735504150391e-01
5.422365665435791016e-01
4.941542744636535645e-01
6.812902688980102539e-01
5.420994758605957031e-01
6.390110254287719727e-01
3.140897452831268311e-01
3.633034229278564453e-01
6.889066696166992188e-01
5.239382386207580566e-01
4.436028599739074707e-01
7.899212241172790527e-01
6.688724756240844727e-01
6.018108725547790527e-01
5.810747146606445312e-01
5.226440429687500000e-01
6.284703612327575684e-01
5.269037485122680664e-01
3.838920593261718750e-01
7.360666990280151367e-01
6.952369213104248047e-01
3.425933122634887695e-01
4.893401265144348145e-01
3.801559209823608398e-01
6.133430600166320801e-01
5.187936425209045410e-01
5.733284354209899902e-01
5.115572214126586914e-01
6.123419404029846191e-01
4.681373238563537598e-01
6.677706837654113770e-01
7.363357543945312500e-01
3.278039395809173584e-01
6.545532345771789551e-01
4.503199756145477295e-01
5.855794548988342285e-01
7.116482257843017578e-01
6.123049855232238770e-01
3.162832856178283691e-01
2.812843024730682373e-01
3.601839244365692139e-01
6.487669944763183594e-01
4.904606938362121582e-01
4.093739390373229980e-01
3.955822587013244629e-01
5.838417410850524902e-01
6.191956400871276855e-01
6.616757512092590332e-01
6.104252338409423828e-01
5.839588046073913574e-01
4.920761287212371826e-01
7.294781208038330078e-01
4.947339594364166260e-01
4.712396264076232910e-01
5.596048831939697266e-01
4.796031415462493896e-01
5.220826864242553711e-01
5.165541172027587891e-01
4.368495941162109375e-01
6.084333658218383789e-01
3.650987446308135986e-01
4.790635704994201660e-01
6.653809547424316406e-01
6.311317086219787598e-01
6.338189244270324707e-01
2.915909290313720703e-01
4.235675930976867676e-01
4.615568220615386963e-01
6.555820703506469727e-01
5.988205075263977051e-01
3.656942546367645264e-01
4.202668070793151855e-01
5.196918249130249023e-01
5.282219648361206055e-01
7.374384999275207520e-01
7.876092791557312012e-01
5.182918906211853027e-01
6.073179841041564941e-01
6.164950728416442871e-01
5.468996167182922363e-01
5.018170475959777832e-01
5.841325521469116211e-01
4.712363183498382568e-01
7.624951004981994629e-01
5.317728519439697266e-01
6.632831096649169922e-01
6.699490547180175781e-01
4.694995284080505371e-01
4.199865162372589111e-01
3.880034983158111572e-01
5.159211754798889160e-01
4.992722272872924805e-01
5.419018864631652832e-01
4.962296783924102783e-01
5.158635377883911133e-01
3.743300437927246094e-01
5.363394021987915039e-01
5.390334129333496094e-01
4.207353591918945312e-01
5.848269462585449219e-01
4.347881972789764404e-01
6.270717382431030273e-01
5.305236577987670898e-01
5.306525826454162598e-01
6.927548050880432129e-01
3.926937580108642578e-01
6.333225965499877930e-01
1.665456146001815796e-01
4.171397686004638672e-01
7.008932232856750488e-01
7.396720647811889648e-01
6.002593040466308594e-01
5.473669767379760742e-01
1.621650755405426025e-01
3.225216567516326904e-01
2.634432911872863770e-01
5.969302058219909668e-01
5.710744261741638184e-01
5.519047379493713379e-01
2.653379142284393311e-01
6.133303642272949219e-01
4.689995348453521729e-01
6.279425621032714844e-01
6.629375815391540527e-01
2.574018537998199463e-01
5.310038924217224121e-01
5.608416795730590820e-01
7.519825696945190430e-01
2.059973180294036865e-01
6.274360418319702148e-01
2.393683940172195435e-01
4.422705471515655518e-01
5.713759660720825195e-01
3.983426094055175781e-01
5.217596292495727539e-01
1.437488645315170288e-01
7.201364040374755859e-01
5.941373705863952637e-01
3.994810283184051514e-01
6.563847661018371582e-01
6.456472277641296387e-01
3.516022264957427979e-01
6.180642843246459961e-01
6.033284068107604980e-01
6.267957687377929688e-01
1.346021294593811035e-01
5.707972645759582520e-01
3.383336067199707031e-01
5.043028593063354492e-01
6.039165258407592773e-01
5.952869653701782227e-01
5.991804003715515137e-01
5.318753123283386230e-01
5.001003146171569824e-01
7.220123410224914551e-01
6.953351497650146484e-01
4.011622071266174316e-01
4.802271723747253418e-01
6.293216943740844727e-01
7.112010717391967773e-01
4.682498872280120850e-01
6.166610717773437500e-01
6.229687333106994629e-01
6.354106664657592773e-01
4.292216002941131592e-01
4.838879406452178955e-01
6.719928383827209473e-01
7.575647830963134766e-01
4.379247128963470459e-01
3.497505187988281250e-01
4.800738096237182617e-01
6.865869164466857910e-01
6.469594836235046387e-01
5.718396902084350586e-01
5.110582113265991211e-01
4.897983670234680176e-01
5.429727435111999512e-01
5.517055392265319824e-01
2.935712337493896484e-01
6.533695459365844727e-01
4.323451220989227295e-01
5.961716771125793457e-01
5.376976132392883301e-01
4.294483959674835205e-01
5.565912127494812012e-01
2.249825149774551392e-01
5.484607219696044922e-01
6.664333939552307129e-01
6.459918618202209473e-01
3.395585715770721436e-01
5.925037264823913574e-01
4.005938470363616943e-01
6.241736412048339844e-01
5.741769671440124512e-01
7.119469642639160156e-01
4.327747821807861328e-01
4.720649421215057373e-01
3.112930357456207275e-01
4.141293764114379883e-01
3.335952460765838623e-01
4.393559992313385010e-01
4.646072387695312500e-01
5.903711915016174316e-01
4.648230671882629395e-01
5.642778873443603516e-01
5.859283804893493652e-01
3.635470271110534668e-01
2.977629303932189941e-01
7.274915575981140137e-01
3.466694653034210205e-01
2.487532347440719604e-01
4.698323309421539307e-01
3.426646590232849121e-01
4.781260192394256592e-01
4.718632698059082031e-01
6.349870562553405762e-01
7.474054098129272461e-01
4.575867354869842529e-01
5.474217534065246582e-01
7.079425454139709473e-01
5.001483559608459473e-01
5.272691845893859863e-01
2.756855785846710205e-01
5.035248994827270508e-01
6.500441431999206543e-01
3.907043337821960449e-01
5.572482347488403320e-01
5.596759319305419922e-01
5.869116187095642090e-01
4.825176596641540527e-01
4.172606766223907471e-01
3.587424457073211670e-01
5.540629029273986816e-01
4.617810845375061035e-01
6.197879314422607422e-01
6.977037787437438965e-01
7.187544107437133789e-01
4.804103672504425049e-01
3.942458927631378174e-01
4.589056074619293213e-01
5.220966339111328125e-01
1.280242353677749634e-01
6.171860694885253906e-01
3.835566043853759766e-01
4.703148305416107178e-01
1.950322687625885010e-01
6.710689663887023926e-01
7.105985879898071289e-01
4.694789648056030273e-01
5.825555920600891113e-01
3.442243039608001709e-01
5.006563663482666016e-01
6.759346127510070801e-01
6.775038242340087891e-01
5.397006273269653320e-01
6.114674806594848633e-01
5.738350749015808105e-01
5.765165686607360840e-01
6.622970700263977051e-01
6.947689652442932129e-01
4.762848019599914551e-01
5.226935148239135742e-01
1.908130198717117310e-01
6.589361429214477539e-01
6.211263537406921387e-01
6.921428442001342773e-01
3.558154404163360596e-01
6.243231296539306641e-01
7.037087678909301758e-01
6.532946825027465820e-01
5.648790597915649414e-01
2.957176566123962402e-01
7.100827693939208984e-01
3.153302669525146484e-01
5.328888893127441406e-01
8.125177025794982910e-01
6.416238546371459961e-01
7.024532556533813477e-01
4.487326443195343018e-01
2.804434895515441895e-01
5.514764189720153809e-01
5.981385707855224609e-01
6.525772809982299805e-01
5.690233111381530762e-01
5.417450666427612305e-01
4.832777678966522217e-01
6.562418937683105469e-01
5.496863722801208496e-01
4.580380618572235107e-01
4.154942035675048828e-01
5.608695745468139648e-01
6.076418757438659668e-01
6.997757554054260254e-01
5.674948096275329590e-01
3.796770572662353516e-01
6.588642001152038574e-01
5.730185508728027344e-01
7.017573118209838867e-01
5.217859148979187012e-01
6.380929946899414062e-01
2.523871362209320068e-01
5.751156210899353027e-01
6.985104680061340332e-01
5.309289693832397461e-01
5.812631249427795410e-01
5.051167607307434082e-01
6.581034660339355469e-01
2.326932847499847412e-01
5.798762440681457520e-01
2.464846819639205933e-01
6.451812386512756348e-01
4.531924128532409668e-01
2.868475317955017090e-01
4.311569333076477051e-01
4.210045337677001953e-01
5.891153216361999512e-01
5.389550924301147461e-01
3.867282569408416748e-01
6.179624795913696289e-01
5.988928079605102539e-01
4.747566282749176025e-01
4.067451655864715576e-01
3.770950138568878174e-01
5.553551316261291504e-01
5.458562970161437988e-01
5.423891544342041016e-01
6.159129738807678223e-01
6.345003843307495117e-01
3.459545969963073730e-01
2.915909290313720703e-01
6.650236248970031738e-01
7.004853487014770508e-01
5.795738101005554199e-01
6.827629804611206055e-01
4.679550826549530029e-01
6.390343308448791504e-01
5.889871120452880859e-01
4.399833381175994873e-01
5.101011395454406738e-01
3.490025401115417480e-01
6.492986679077148438e-01
4.465476274490356445e-01
6.393079757690429688e-01
5.573292374610900879e-01
6.802226305007934570e-01
5.977271199226379395e-01
2.377966791391372681e-01
5.753226876258850098e-01
4.034490585327148438e-01
7.386342883110046387e-01
7.074319720268249512e-01
4.979006350040435791e-01
5.712234973907470703e-01
4.825469553470611572e-01
6.468498110771179199e-01
7.045851945877075195e-01
3.135583102703094482e-01
6.508277654647827148e-01
4.616566598415374756e-01
5.776271224021911621e-01
4.165529906749725342e-01
5.325369238853454590e-01
5.702038407325744629e-01
5.336603522300720215e-01
5.443763732910156250e-01
6.201248168945312500e-01
5.263539552688598633e-01
4.302597939968109131e-01
4.599892199039459229e-01
5.688671469688415527e-01
5.561529397964477539e-01
5.005076527595520020e-01
6.311106681823730469e-01
3.764803111553192139e-01
7.925703525543212891e-01
5.638722777366638184e-01
4.988764822483062744e-01
4.426575303077697754e-01
6.463422179222106934e-01
4.184424579143524170e-01
6.141598820686340332e-01
4.882978796958923340e-01
5.207520127296447754e-01
5.566810965538024902e-01
5.876529812812805176e-01
2.282790392637252808e-01
3.793258666992187500e-01
4.998216629028320312e-01
6.777289509773254395e-01
7.549986243247985840e-01
3.525902032852172852e-01
6.739748716354370117e-01
3.727048933506011963e-01
7.787673473358154297e-01
6.379933953285217285e-01
5.811395049095153809e-01
6.071483492851257324e-01
4.001605510711669922e-01
5.750183463096618652e-01
5.187510251998901367e-01
7.396958470344543457e-01
5.735355615615844727e-01
4.599007070064544678e-01
5.222426652908325195e-01
2.391378134489059448e-01
4.807144701480865479e-01
6.382694244384765625e-01
7.039089202880859375e-01
4.907503724098205566e-01
6.892905235290527344e-01
6.683790683746337891e-01
3.085581362247467041e-01
4.718250632286071777e-01
6.862339973449707031e-01
2.750122249126434326e-01
4.088437259197235107e-01
6.803815364837646484e-01
5.207952260971069336e-01
4.006027877330780029e-01
6.910786628723144531e-01
4.703564047813415527e-01
5.813229084014892578e-01
3.905343711376190186e-01
4.158927202224731445e-01
7.706742882728576660e-01
6.716867089271545410e-01
2.798465192317962646e-01
4.850074946880340576e-01
4.728693664073944092e-01
4.269084632396697998e-01
7.292091250419616699e-01
5.859572887420654297e-01
2.716043591499328613e-01
2.614866495132446289e-01
5.122671127319335938e-01
4.129085242748260498e-01
5.229797363281250000e-01
7.514931559562683105e-01
6.334359645843505859e-01
5.264167189598083496e-01
6.934809684753417969e-01
1.953477263450622559e-01
4.514029920101165771e-01
4.244792759418487549e-01
6.539147496223449707e-01
5.322825312614440918e-01
6.838311553001403809e-01
6.732955574989318848e-01
4.741455614566802979e-01
7.289814949035644531e-01
6.908229589462280273e-01
6.738741993904113770e-01
4.189503788948059082e-01
6.530214548110961914e-01
2.774636447429656982e-01
3.857561945915222168e-01
4.595777392387390137e-01
4.413393735885620117e-01
4.461272954940795898e-01
7.082620263099670410e-01
4.702117741107940674e-01
3.177732825279235840e-01
3.695307970046997070e-01
2.922739982604980469e-01
7.125524282455444336e-01
4.760963320732116699e-01
4.783647954463958740e-01
1.134658455848693848e-01
4.997661113739013672e-01
4.159821867942810059e-01
6.790800690650939941e-01
1.319482922554016113e-01
6.037937402725219727e-01
5.373453497886657715e-01
4.335404038429260254e-01
5.952164530754089355e-01
3.115268349647521973e-01
3.643476665019989014e-01
5.226145386695861816e-01
7.408688068389892578e-01
7.299769520759582520e-01
6.071662902832031250e-01
2.783688008785247803e-01
5.383664965629577637e-01
6.889230012893676758e-01
5.789288282394409180e-01
6.670953631401062012e-01
4.523619413375854492e-01
5.779782533645629883e-01
3.350162804126739502e-01
3.094895482063293457e-01
5.954540371894836426e-01
1.664991527795791626e-01
5.593226552009582520e-01
4.009276628494262695e-01
6.626482605934143066e-01
7.779284119606018066e-01
6.309716701507568359e-01
6.495454311370849609e-01
6.520444750785827637e-01
5.252082347869873047e-01
5.951323509216308594e-01
5.105797648429870605e-01
3.449358344078063965e-01
5.707554221153259277e-01
7.191264033317565918e-01
6.849731206893920898e-01
4.718290567398071289e-01
6.981124877929687500e-01
2.171685099601745605e-01
6.507961153984069824e-01
4.533720016479492188e-01
4.197022318840026855e-01
4.840765595436096191e-01
4.549074470996856689e-01
2.824971079826354980e-01
4.838607013225555420e-01
4.940331578254699707e-01
6.467196941375732422e-01
5.861250162124633789e-01
7.167348861694335938e-01
6.373566389083862305e-01
6.609067916870117188e-01
2.027391940355300903e-01
6.568619608879089355e-01
5.665971636772155762e-01
5.905350446701049805e-01
6.755887866020202637e-01
6.093888282775878906e-01
4.855851531028747559e-01
5.124893188476562500e-01
5.771185755729675293e-01
3.857685327529907227e-01
5.100886821746826172e-01
5.990895628929138184e-01
5.713394284248352051e-01
5.631487369537353516e-01
4.935911893844604492e-01
6.147813796997070312e-01
5.545728802680969238e-01
3.971357047557830811e-01
6.332072615623474121e-01
7.818924784660339355e-01
4.717288613319396973e-01
6.902037858963012695e-01
6.954718828201293945e-01
6.620574593544006348e-01
7.026311755180358887e-01
7.001038789749145508e-01
6.211641430854797363e-01
5.961382985115051270e-01
5.711469054222106934e-01
6.352842450141906738e-01
5.304784774780273438e-01
2.157700806856155396e-01
5.067320466041564941e-01
7.616374492645263672e-01
1.343518346548080444e-01
6.195600032806396484e-01
5.257543325424194336e-01
7.486051917076110840e-01
6.595895290374755859e-01
6.857172846794128418e-01
6.995374560356140137e-01
4.736753106117248535e-01
7.318481802940368652e-01
7.211202979087829590e-01
5.247066617012023926e-01
4.040682911872863770e-01
3.553837239742279053e-01
7.405465245246887207e-01
4.927555322647094727e-01
3.558261990547180176e-01
6.432999372482299805e-01
5.684214234352111816e-01
5.207520127296447754e-01
3.980539441108703613e-01
4.938792884349822998e-01
5.031476616859436035e-01
5.520210266113281250e-01
5.018768906593322754e-01
5.816819071769714355e-01
4.708391129970550537e-01
4.745396375656127930e-01
2.954924702644348145e-01
6.255530714988708496e-01
4.083708226680755615e-01
4.022021591663360596e-01
6.192241907119750977e-01
5.550786852836608887e-01
5.714412927627563477e-01
4.786757230758666992e-01
5.956072807312011719e-01
5.445370674133300781e-01
5.094438791275024414e-01
7.442157268524169922e-01
4.486654996871948242e-01
4.840317368507385254e-01
1.820882558822631836e-01
6.876648664474487305e-01
5.791156291961669922e-01
6.627392172813415527e-01
6.561324596405029297e-01
3.547546565532684326e-01
5.271142721176147461e-01
4.530731737613677979e-01
4.582235515117645264e-01
4.650596380233764648e-01
6.186328530311584473e-01
6.404649615287780762e-01
7.071541547775268555e-01
6.265988349914550781e-01
6.285139918327331543e-01
5.787481069564819336e-01
1.874194592237472534e-01
6.824402213096618652e-01
5.598532557487487793e-01
6.259797215461730957e-01
4.793301224708557129e-01
5.995534658432006836e-01
8.219371438026428223e-01
6.047426462173461914e-01
4.294449687004089355e-01
2.309023886919021606e-01
1.987370252609252930e-01
5.987258553504943848e-01
6.219553351402282715e-01
6.113114953041076660e-01
5.577652454376220703e-01
3.802765309810638428e-01
6.230894923210144043e-01
4.834093451499938965e-01
4.145924448966979980e-01
3.090788722038269043e-01
4.877941012382507324e-01
4.605778753757476807e-01
7.296438217163085938e-01
6.239862442016601562e-01
6.330711841583251953e-01
5.516668558120727539e-01
3.744598031044006348e-01
5.163139700889587402e-01
3.425933122634887695e-01
3.246544897556304932e-01
6.247543692588806152e-01
4.811206459999084473e-01
4.791268706321716309e-01
5.761702656745910645e-01
6.124023795127868652e-01
5.989246368408203125e-01
2.348041087388992310e-01
6.561472415924072266e-01
6.869732141494750977e-01
6.467351913452148438e-01
6.096170544624328613e-01
5.425031781196594238e-01
5.266542434692382812e-01
8.040327429771423340e-01
5.082349777221679688e-01
6.779546141624450684e-01
2.687424719333648682e-01
5.091867446899414062e-01
3.649315536022186279e-01
6.056300401687622070e-01
1.805866211652755737e-01
3.965957760810852051e-01
4.821946322917938232e-01
3.642152845859527588e-01
5.001758337020874023e-01
3.202860355377197266e-01
6.001261472702026367e-01
5.766535401344299316e-01
4.246556460857391357e-01
5.469486713409423828e-01
2.301536947488784790e-01
6.306760311126708984e-01
7.057237029075622559e-01
6.757493615150451660e-01
1.962413042783737183e-01
5.084732770919799805e-01
6.751248240470886230e-01
5.297472476959228516e-01
5.866290926933288574e-01
7.164745330810546875e-01
5.656852126121520996e-01
5.101608037948608398e-01
8.447858691215515137e-01
4.243449866771697998e-01
6.390212178230285645e-01
5.602398514747619629e-01
4.216283857822418213e-01
5.748344659805297852e-01
7.070785760879516602e-01
2.408663481473922729e-01
5.233715176582336426e-01
5.664032697677612305e-01
5.361123681068420410e-01
6.002713441848754883e-01
7.264379858970642090e-01
6.239710450172424316e-01
4.789684712886810303e-01
6.071016788482666016e-01
6.168143153190612793e-01
6.445088982582092285e-01
5.765165686607360840e-01
5.718107819557189941e-01
2.955085039138793945e-01
5.467659831047058105e-01
4.155824780464172363e-01
2.459061443805694580e-01
6.564090251922607422e-01
5.590521693229675293e-01
5.479203462600708008e-01
5.624939799308776855e-01
6.505702733993530273e-01
4.905706942081451416e-01
3.904628157615661621e-01
6.805931925773620605e-01
4.378222227096557617e-01
7.544770240783691406e-01
2.572999000549316406e-01
6.674287915229797363e-01
5.735516548156738281e-01
5.733124613761901855e-01
5.620255470275878906e-01
7.883942723274230957e-01
5.203276872634887695e-01
7.419053316116333008e-01
6.633718609809875488e-01
5.275048017501831055e-01
6.599062085151672363e-01
5.014443993568420410e-01
4.518392086029052734e-01
5.267343521118164062e-01
5.878219008445739746e-01
4.033276140689849854e-01
4.392818212509155273e-01
6.519976258277893066e-01
3.499373793601989746e-01
1.589921116828918457e-01
1.544905900955200195e-01
4.579077363014221191e-01
4.533770084381103516e-01
4.361039698123931885e-01
6.655120849609375000e-01
5.355184078216552734e-01
7.635165452957153320e-01
5.487209558486938477e-01
7.505719065666198730e-01
8.054697513580322266e-01
5.960596203804016113e-01
7.361032962799072266e-01
5.005085468292236328e-01
7.152206897735595703e-01
4.923856556415557861e-01
6.079542636871337891e-01
4.492923319339752197e-01
5.328652262687683105e-01
2.043192088603973389e-01
3.480322659015655518e-01
3.698860406875610352e-01
6.744315624237060547e-01
6.580049395561218262e-01
4.439195692539215088e-01
5.707482099533081055e-01
5.303276777267456055e-01
4.475000202655792236e-01
2.522031664848327637e-01
6.496704816818237305e-01
5.198780298233032227e-01
6.068888306617736816e-01
3.890402913093566895e-01
5.725042223930358887e-01
3.498450815677642822e-01
8.166221380233764648e-01
3.048809468746185303e-01
4.805983603000640869e-01
7.232996225357055664e-01
4.715429842472076416e-01
7.298209071159362793e-01
2.879421710968017578e-01
4.142588675022125244e-01
3.801871836185455322e-01
4.461015760898590088e-01
6.907304525375366211e-01
5.035312175750732422e-01
6.383149027824401855e-01
5.008649826049804688e-01
4.596221446990966797e-01
4.752776026725769043e-01
6.355801224708557129e-01
4.243449866771697998e-01
6.090435981750488281e-01
4.941427111625671387e-01
6.193140149116516113e-01
7.476559877395629883e-01
9.318153560161590576e-02
4.829753637313842773e-01
7.922246456146240234e-01
4.626266956329345703e-01
4.556766450405120850e-01
2.336284816265106201e-01
4.935428872704505920e-02
6.963819861412048340e-01
4.645622372627258301e-01
5.257801413536071777e-01
4.257026314735412598e-01
6.883726716041564941e-01
6.333060264587402344e-01
4.063917994499206543e-01
3.300098478794097900e-01
6.044560074806213379e-01
4.730884730815887451e-01
6.394076943397521973e-01
6.342414617538452148e-01
4.582200050354003906e-01
6.051941514015197754e-01
5.890939831733703613e-01
3.761880695819854736e-01
5.328384637832641602e-01
4.428772032260894775e-01
3.651464879512786865e-01
6.159196496009826660e-01
5.750734806060791016e-01
6.681752204895019531e-01
5.813581943511962891e-01
7.123288512229919434e-01
5.661147236824035645e-01
4.619928896427154541e-01
4.912864565849304199e-01
6.594478487968444824e-01
4.862222671508789062e-01
4.964528679847717285e-01
4.552584290504455566e-01
7.175734043121337891e-01
2.885896861553192139e-01
6.418794989585876465e-01
3.809591531753540039e-01
2.738721966743469238e-01
6.146458387374877930e-01
4.196970760822296143e-01
4.636762440204620361e-01
5.944358110427856445e-01
6.644412279129028320e-01
6.893461942672729492e-01
5.504760742187500000e-01
7.374805212020874023e-01
5.817160010337829590e-01
6.418381333351135254e-01
6.189915537834167480e-01
6.203755140304565430e-01
4.469692409038543701e-01
7.338421344757080078e-01
7.958969473838806152e-01
6.000143885612487793e-01
6.550334095954895020e-01
5.202566981315612793e-01
2.434174716472625732e-01
6.855891346931457520e-01
5.982301235198974609e-01
5.187843441963195801e-01
6.516732573509216309e-01
5.260489583015441895e-01
2.058977484703063965e-01
5.903371572494506836e-01
6.153296232223510742e-01
2.900386750698089600e-01
5.623677968978881836e-01
3.520391881465911865e-01
7.481064796447753906e-01
6.290726661682128906e-01
5.898512005805969238e-01
3.673382401466369629e-01
5.445020794868469238e-01
2.737457454204559326e-01
6.826482415199279785e-01
6.231874823570251465e-01
5.000537037849426270e-01
5.583813786506652832e-01
5.848478674888610840e-01
3.839012682437896729e-01
5.572728514671325684e-01
7.337494492530822754e-01
6.169065833091735840e-01
3.955689966678619385e-01
3.264770507812500000e-01
6.263915300369262695e-01
1.456869244575500488e-01
4.290083944797515869e-01
4.984554350376129150e-01
2.623835206031799316e-01
6.274708509445190430e-01
2.755315899848937988e-01
4.152243435382843018e-01
5.273118615150451660e-01
5.734004378318786621e-01
5.806272625923156738e-01
2.636756002902984619e-01
5.243895053863525391e-01
1.062627881765365601e-01
5.403506755828857422e-01
5.843706727027893066e-01
6.268562674522399902e-01
5.106511116027832031e-01
5.477896928787231445e-01
6.068754196166992188e-01
5.924109816551208496e-01
6.058872938156127930e-01
5.680034756660461426e-01
4.030137062072753906e-01
4.123759567737579346e-01
6.931952834129333496e-01
5.326329469680786133e-01
4.444682300090789795e-01
6.515277028083801270e-01
6.175041198730468750e-01
3.846222758293151855e-01
5.669194459915161133e-01
5.160853862762451172e-01
5.659455657005310059e-01
3.935745656490325928e-01
4.901400506496429443e-01
6.594020128250122070e-01
4.795134365558624268e-01
6.414449810981750488e-01
4.924365878105163574e-01
6.972081661224365234e-01
6.899253726005554199e-01
3.204159140586853027e-01
5.469273328781127930e-01
3.602211475372314453e-01
7.382202148437500000e-01
7.448122501373291016e-01
6.918540000915527344e-01
5.054354667663574219e-01
5.173231959342956543e-01
2.164085358381271362e-01
4.177948236465454102e-01
3.668897747993469238e-01
6.616560220718383789e-01
5.507522821426391602e-01
5.583896040916442871e-01
5.423550009727478027e-01
6.392638087272644043e-01
3.774468302726745605e-01
4.419589936733245850e-01
6.583610177040100098e-01
2.174019515514373779e-01
4.084570109844207764e-01
7.147995829582214355e-01
5.535582900047302246e-01
3.224319517612457275e-01
4.754950702190399170e-01
6.826774477958679199e-01
7.047083973884582520e-01
4.642481803894042969e-01
5.609909892082214355e-01
7.286437153816223145e-01
5.049313306808471680e-01
4.503999948501586914e-01
6.358243227005004883e-01
6.070215702056884766e-01
5.370162129402160645e-01
3.674187362194061279e-01
4.039896726608276367e-01
5.791745781898498535e-01
6.817253828048706055e-01
7.107255458831787109e-01
5.180086493492126465e-01
2.522584795951843262e-01
6.302472352981567383e-01
5.573717951774597168e-01
6.865319013595581055e-01
6.122822761535644531e-01
6.644639968872070312e-01
4.860212504863739014e-01
2.047125846147537231e-01
2.823922336101531982e-01
5.735448002815246582e-01
2.499766647815704346e-01
5.782142877578735352e-01
7.121410965919494629e-01
3.956996500492095947e-01
4.656009376049041748e-01
6.245995163917541504e-01
6.035405993461608887e-01
3.985090851783752441e-01
6.063420772552490234e-01
4.809232056140899658e-01
4.647951126098632812e-01
1.480730473995208740e-01
6.074700355529785156e-01
6.539127230644226074e-01
3.877183794975280762e-01
8.188089132308959961e-01
5.946754217147827148e-01
2.702915072441101074e-01
5.964486598968505859e-01
4.704035222530364990e-01
5.274608135223388672e-01
3.707043528556823730e-01
2.595886886119842529e-01
6.434259414672851562e-01
5.895200371742248535e-01
6.267020106315612793e-01
6.172418594360351562e-01
6.901673674583435059e-01
4.305844008922576904e-01
7.469676733016967773e-01
4.914872348308563232e-01
4.954100549221038818e-01
5.777818560600280762e-01
2.755866944789886475e-01
7.473891973495483398e-01
5.400423407554626465e-01
4.368921816349029541e-01
6.386100053787231445e-01
6.854822039604187012e-01
6.525028347969055176e-01
5.257276296615600586e-01
6.330372095108032227e-01
5.803704857826232910e-01
4.959743022918701172e-01
2.147177606821060181e-01
4.237954616546630859e-01
4.609229564666748047e-01
2.073349803686141968e-01
5.690838694572448730e-01
5.712710618972778320e-01
5.316922068595886230e-01
5.981535911560058594e-01
5.651490688323974609e-01
4.827135801315307617e-01
5.567315816879272461e-01
7.652367353439331055e-01
5.250667333602905273e-01
5.113214850425720215e-01
5.843239426612854004e-01
1.903039366006851196e-01
4.836944937705993652e-01
6.611819267272949219e-01
4.889091849327087402e-01
7.724581360816955566e-01
5.685952901840209961e-01
5.005311369895935059e-01
5.119239687919616699e-01
5.902314782142639160e-01
3.411934077739715576e-01
3.226911127567291260e-01
6.019803881645202637e-01
6.191486716270446777e-01
2.356392890214920044e-01
6.047273874282836914e-01
3.034303784370422363e-01
4.934062659740447998e-01
3.562495410442352295e-01
6.395547986030578613e-01
6.199887394905090332e-01
7.198423147201538086e-01
6.266978979110717773e-01
5.952773690223693848e-01
5.353415608406066895e-01
4.561135172843933105e-01
5.701102018356323242e-01
4.132482111454010010e-01
5.031499266624450684e-01
4.680566191673278809e-01
7.205530405044555664e-01
4.632835090160369873e-01
6.115735769271850586e-01
2.760428190231323242e-01
5.754825472831726074e-01
6.362535357475280762e-01
7.720804214477539062e-01
6.775259971618652344e-01
6.045348644256591797e-01
7.281662225723266602e-01
2.513562440872192383e-01
6.439154744148254395e-01
4.289963245391845703e-01
6.100848317146301270e-01
6.601681709289550781e-01
8.007818460464477539e-01
5.367293357849121094e-01
5.174327492713928223e-01
4.391666352748870850e-01
5.614308714866638184e-01
5.898715257644653320e-01
3.509342074394226074e-01
5.248309373855590820e-01
3.743060231208801270e-01
6.475480198860168457e-01
6.796966195106506348e-01
4.246023893356323242e-01
6.997660994529724121e-01
5.645540356636047363e-01
7.049649953842163086e-01
5.059680342674255371e-01
5.636576414108276367e-01
5.421181321144104004e-01
5.221619606018066406e-01
5.152613520622253418e-01
5.869477987289428711e-01
6.065938472747802734e-01
1.958612799644470215e-01
7.418293952941894531e-01
5.777080655097961426e-01
6.561961770057678223e-01
4.052180945873260498e-01
4.789319932460784912e-01
6.291033029556274414e-01
5.345264673233032227e-01
6.546714901924133301e-01
2.581203281879425049e-01
7.262603640556335449e-01
7.284572124481201172e-01
4.975608885288238525e-01
6.613124608993530273e-01
6.173131465911865234e-01
4.631481468677520752e-01
6.029400229454040527e-01
6.017109751701354980e-01
2.973502278327941895e-01
4.329963028430938721e-01
4.671933650970458984e-01
6.882907152175903320e-01
6.900531649589538574e-01
6.646851301193237305e-01
4.910565018653869629e-01
4.097502827644348145e-01
5.278047323226928711e-01
6.784226298332214355e-01
7.005698680877685547e-01
3.972218036651611328e-01
3.706241548061370850e-01
6.316695809364318848e-01
6.230888962745666504e-01
4.091188013553619385e-01
6.228457689285278320e-01
3.085435032844543457e-01
5.278334021568298340e-01
5.963068008422851562e-01
5.232618451118469238e-01
5.041839480400085449e-01
3.755061924457550049e-01
2.106107175350189209e-01
6.825249195098876953e-01
5.654835700988769531e-01
5.497246980667114258e-01
5.503966808319091797e-01
7.876297831535339355e-01
4.901547133922576904e-01
2.008806616067886353e-01
5.178215503692626953e-01
5.203264951705932617e-01
6.988642811775207520e-01
7.499143481254577637e-01
6.939371228218078613e-01
6.037034392356872559e-01
4.574955999851226807e-01
5.539988279342651367e-01
5.978301763534545898e-01
6.186624169349670410e-01
4.652202725410461426e-01
5.811383724212646484e-01
5.752878189086914062e-01
6.376733779907226562e-01
4.880993962287902832e-01
5.298407077789306641e-01
5.128472447395324707e-01
4.838762283325195312e-01
5.334484577178955078e-01
5.123652219772338867e-01
5.460991859436035156e-01
5.434103608131408691e-01
5.476888418197631836e-01
4.685909748077392578e-01
4.312069118022918701e-01
6.179946064949035645e-01
6.032978296279907227e-01
7.713063955307006836e-01
1.940692514181137085e-01
4.596727192401885986e-01
5.537429451942443848e-01
3.457676470279693604e-01
7.172379493713378906e-01
5.317203402519226074e-01
5.958809256553649902e-01
5.017484426498413086e-01
3.228408694267272949e-01
3.621158599853515625e-01
1.748452931642532349e-01
4.845478236675262451e-01
7.563222646713256836e-01
3.152222633361816406e-01
7.550783157348632812e-01
6.676788926124572754e-01
3.887230753898620605e-01
2.032163739204406738e-01
6.428168416023254395e-01
7.869144678115844727e-01
4.464720487594604492e-01
5.509567856788635254e-01
6.532354354858398438e-01
5.636994838714599609e-01
5.339209437370300293e-01
4.760940074920654297e-01
4.888688325881958008e-01
4.200854897499084473e-01
1.672819703817367554e-01
5.523558855056762695e-01
6.722183227539062500e-01
2.482188642024993896e-01
4.653166234493255615e-01
5.706306099891662598e-01
1.668177843093872070e-01
5.198298692703247070e-01
3.646506667137145996e-01
6.471288204193115234e-01
6.961350440979003906e-01
7.044302821159362793e-01
6.224765777587890625e-01
7.487884163856506348e-01
4.652880728244781494e-01
6.616219878196716309e-01
4.538567364215850830e-01
5.398964285850524902e-01
5.564356446266174316e-01
6.553573608398437500e-01
6.550089716911315918e-01
5.984415411949157715e-01
7.241599559783935547e-01
5.904318690299987793e-01
3.223191201686859131e-01
5.961511135101318359e-01
6.644511818885803223e-01
6.651002764701843262e-01
8.020769953727722168e-01
6.409614086151123047e-01
6.804738044738769531e-01
5.367899537086486816e-01
3.466656208038330078e-01
6.399505734443664551e-01
6.597094535827636719e-01
1.436755359172821045e-01
6.171305179595947266e-01
4.907318651676177979e-01
3.174976110458374023e-01
2.818483114242553711e-01
5.579545497894287109e-01
5.764001011848449707e-01
2.939278781414031982e-01
6.330481171607971191e-01
5.783498287200927734e-01
7.571573257446289062e-01
7.303692698478698730e-01
6.321253776550292969e-01
5.781143903732299805e-01
5.533334612846374512e-01
3.637545704841613770e-01
7.109047174453735352e-01
3.086596131324768066e-01
6.093386411666870117e-01
6.460653543472290039e-01
6.662979125976562500e-01
4.819634258747100830e-01
5.622566938400268555e-01
7.225610613822937012e-01
5.765166878700256348e-01
3.832256197929382324e-01
6.353548169136047363e-01
7.439082264900207520e-01
6.365941166877746582e-01
5.121988058090209961e-01
5.293962955474853516e-01
4.112325608730316162e-01
7.393388152122497559e-01
4.996055960655212402e-01
5.401192307472229004e-01
6.524567604064941406e-01
4.785278141498565674e-01
4.684206545352935791e-01
6.053481698036193848e-01
5.615134835243225098e-01
5.448939800262451172e-01
5.229865312576293945e-01
5.511843562126159668e-01
4.578926563262939453e-01
7.068506479263305664e-01
5.477572083473205566e-01
3.907182812690734863e-01
5.099563002586364746e-01
7.012650370597839355e-01
5.557213425636291504e-01
7.698989510536193848e-01
7.141819596290588379e-01
2.377319931983947754e-01
5.781835317611694336e-01
4.244710803031921387e-01
5.814783573150634766e-01
3.401284515857696533e-01
5.635333657264709473e-01
5.484467148780822754e-01
5.393531918525695801e-01
6.099392771720886230e-01
5.836513042449951172e-01
2.974262833595275879e-01
5.014653801918029785e-01
6.190512776374816895e-01
4.996666014194488525e-01
5.337143540382385254e-01
4.860212504863739014e-01
8.035981655120849609e-01
3.711009025573730469e-01
5.418323874473571777e-01
3.216902017593383789e-01
5.990576744079589844e-01
7.232068777084350586e-01
6.072762608528137207e-02
7.898325920104980469e-01
5.788699984550476074e-01
3.338163793087005615e-01
6.093767285346984863e-01
5.444238781929016113e-01
6.045422554016113281e-01
4.045389890670776367e-01
4.477705061435699463e-01
5.497648715972900391e-01
4.297484755516052246e-01
3.969695568084716797e-01
7.943804860115051270e-01
2.027426809072494507e-01
6.140099167823791504e-01
6.065889596939086914e-01
4.083006680011749268e-01
1.775033175945281982e-01
5.813229084014892578e-01
4.396516382694244385e-01
3.818231523036956787e-01
6.389606595039367676e-01
5.526958107948303223e-01
6.616391539573669434e-01
6.708492040634155273e-01
6.040501594543457031e-01
4.136922359466552734e-01
6.476664543151855469e-01
6.614797115325927734e-01
7.167204618453979492e-01
6.840348243713378906e-01
1.218895167112350464e-01
6.286948919296264648e-01
7.099959850311279297e-01
4.961418807506561279e-01
5.473787784576416016e-01
4.221406280994415283e-01
2.043003886938095093e-01
5.932684540748596191e-01
4.698382019996643066e-01
6.850640177726745605e-01
6.056410074234008789e-01
4.571790397167205811e-01
5.672783255577087402e-01
2.999281883239746094e-01
5.603039264678955078e-01
5.548381805419921875e-01
5.620172619819641113e-01
5.516530275344848633e-01
5.223028063774108887e-01
5.005120038986206055e-01
3.662810027599334717e-01
4.439854919910430908e-01
5.207745432853698730e-01
5.746136903762817383e-01
3.572718799114227295e-01
5.000527501106262207e-01
6.684377789497375488e-01
4.169721901416778564e-01
5.357937812805175781e-01
5.021651387214660645e-01
3.156338632106781006e-01
4.754269421100616455e-01
4.972721934318542480e-01
7.408688068389892578e-01
7.434054017066955566e-01
3.203756809234619141e-01
6.804292201995849609e-01
7.094116806983947754e-01
2.616463303565979004e-01
4.682289361953735352e-01
1.276020854711532593e-01
6.417904496192932129e-01
6.394363641738891602e-01
5.028874278068542480e-01
4.118351638317108154e-01
6.231817007064819336e-01
5.672863721847534180e-01
5.174117684364318848e-01
5.392424464225769043e-01
4.229442179203033447e-01
3.217723965644836426e-01
4.795043468475341797e-01
6.601591706275939941e-01
2.665618658065795898e-01
3.115743398666381836e-01
6.401567459106445312e-01
6.124401688575744629e-01
5.152142047882080078e-01
2.410133332014083862e-01
3.699624240398406982e-01
3.213181793689727783e-01
6.844864487648010254e-01
4.803124070167541504e-01
4.776803553104400635e-01
5.739913582801818848e-01
4.453332126140594482e-01
4.708690941333770752e-01
4.485754072666168213e-01
5.833877921104431152e-01
8.093407154083251953e-01
6.057667136192321777e-01
7.207931280136108398e-01
3.957215249538421631e-01
6.969419121742248535e-01
5.231248140335083008e-01
5.600214004516601562e-01
7.467982769012451172e-01
6.483829021453857422e-01
6.052773594856262207e-01
5.300474166870117188e-01
7.435297369956970215e-01
4.459262788295745850e-01
7.135302424430847168e-01
5.304147005081176758e-01
4.100525081157684326e-01
5.035519003868103027e-01
3.113304376602172852e-01
6.357865929603576660e-01
5.707321763038635254e-01
5.961934328079223633e-01
4.743642508983612061e-01
5.363602042198181152e-01
4.524007439613342285e-01
4.188025295734405518e-01
5.845935940742492676e-01
7.401832938194274902e-01
3.778422176837921143e-01
7.256875634193420410e-01
4.703608751296997070e-01
2.663142383098602295e-01
4.026544094085693359e-01
2.993388175964355469e-01
6.783171892166137695e-01
5.559815764427185059e-01
6.084595322608947754e-01
8.019092082977294922e-01
2.321946173906326294e-01
5.513399839401245117e-01
5.504812598228454590e-01
5.633813738822937012e-01
5.158255696296691895e-01
6.163554787635803223e-01
7.650974988937377930e-01
7.723475694656372070e-01
3.995787203311920166e-01
6.941440105438232422e-01
3.740321695804595947e-01
7.306336164474487305e-01
6.709672212600708008e-01
6.556628346443176270e-01
5.870341062545776367e-01
6.449802517890930176e-01
5.119239687919616699e-01
5.435242652893066406e-01
7.200676798820495605e-01
6.659078001976013184e-01
3.944263756275177002e-01
7.001125812530517578e-01
4.512803256511688232e-01
7.778028249740600586e-01
6.070743203163146973e-01
5.234192609786987305e-01
4.644315838813781738e-01
4.531351327896118164e-01
6.009966731071472168e-01
6.992449760437011719e-01
5.294873118400573730e-01
4.047836363315582275e-01
5.426231622695922852e-01
6.896956562995910645e-01
4.127290546894073486e-01
5.662348270416259766e-01
3.906309604644775391e-01
7.096311450004577637e-01
2.712705135345458984e-01
4.663112759590148926e-01
5.912340283393859863e-01
4.305320084095001221e-01
5.589720606803894043e-01
5.197182297706604004e-01
6.516102552413940430e-01
4.335404038429260254e-01
5.477374196052551270e-01
6.503471732139587402e-01
5.333154201507568359e-01
5.653950572013854980e-01
8.307063579559326172e-02
1.260403841733932495e-01
4.645976424217224121e-01
5.512722730636596680e-01
5.953813195228576660e-01
4.848047792911529541e-01
3.315298855304718018e-01
7.605315446853637695e-01
5.820453763008117676e-01
4.484216570854187012e-01
4.342720806598663330e-01
5.923484563827514648e-01
6.257292628288269043e-01
3.418370783329010010e-01
6.714845299720764160e-01
6.966806054115295410e-01
5.615793466567993164e-01
5.928294062614440918e-01
4.912599921226501465e-01
1.578734517097473145e-01
1.642724573612213135e-01
6.990674734115600586e-01
4.212287962436676025e-01
5.408334136009216309e-01
5.204353928565979004e-01
6.111661791801452637e-01
4.864215850830078125e-01
3.463805019855499268e-01
4.325812160968780518e-01
6.458016037940979004e-01
3.633197546005249023e-01
3.700417280197143555e-01
6.487574577331542969e-01
4.943056404590606689e-01
5.957688093185424805e-01
7.017106413841247559e-01
4.930279254913330078e-01
5.331038236618041992e-01
6.537670493125915527e-01
4.312177002429962158e-01
4.554291069507598877e-01
1.722209155559539795e-01
8.034684658050537109e-01
5.126727819442749023e-01
6.271286010742187500e-01
6.202290654182434082e-01
7.071243524551391602e-01
5.816888213157653809e-01
6.101517677307128906e-01
4.814448356628417969e-01
2.211402356624603271e-01
5.391781926155090332e-01
4.854788184165954590e-01
5.129477381706237793e-01
4.376400411128997803e-01
5.471246242523193359e-01
5.242370367050170898e-01
7.150219678878784180e-01
6.494498252868652344e-01
5.253125429153442383e-01
5.852435231208801270e-01
7.204449176788330078e-01
4.344291090965270996e-01
4.598257839679718018e-01
5.693691372871398926e-01
1.971224695444107056e-01
3.709571957588195801e-01
6.001567840576171875e-01
6.506304144859313965e-01
3.875646293163299561e-01
7.167435288429260254e-01
4.905027747154235840e-01
6.904063224792480469e-01
5.965577960014343262e-01
5.989014506340026855e-01
7.882258296012878418e-01
6.490377783775329590e-01
1.325875818729400635e-01
5.562285780906677246e-01
3.272068500518798828e-01
4.678728878498077393e-01
6.645168066024780273e-01
5.765592455863952637e-01
5.957376360893249512e-01
5.259521007537841797e-01
5.494821667671203613e-01
4.990577101707458496e-01
2.423275411128997803e-01
5.076091289520263672e-01
3.997907340526580811e-01
7.553697228431701660e-01
5.490012168884277344e-01
3.823855519294738770e-01
2.204067409038543701e-01
6.887231469154357910e-01
6.198285818099975586e-01
4.096347093582153320e-01
3.900155425071716309e-01
2.024153470993041992e-01
3.983398079872131348e-01
6.350038647651672363e-01
4.295386373996734619e-01
4.829465746879577637e-01
3.891390264034271240e-01
5.586281418800354004e-01
5.278366804122924805e-01
7.480564117431640625e-01
6.424220204353332520e-01
5.750998854637145996e-01
5.600216388702392578e-01
7.526682615280151367e-01
4.342540204524993896e-01
5.173034071922302246e-01
2.856154441833496094e-01
4.150018393993377686e-01
4.779459834098815918e-01
6.912010312080383301e-01
5.795455574989318848e-01
7.093432545661926270e-01
6.315363645553588867e-01
3.639263808727264404e-01
6.528339385986328125e-01
7.176821231842041016e-01
4.398208856582641602e-01
4.722692966461181641e-01
3.948930203914642334e-01
5.132395029067993164e-01
6.077686548233032227e-01
5.604976415634155273e-01
4.898462295532226562e-01
7.128099203109741211e-01
4.937075078487396240e-01
5.605231523513793945e-01
7.427958846092224121e-01
5.394432544708251953e-01
6.734173297882080078e-01
6.537643074989318848e-01
5.645626783370971680e-01
4.533486664295196533e-01
5.040010809898376465e-01
3.542515337467193604e-01
7.057586908340454102e-01
3.756393492221832275e-01
6.817311048507690430e-01
5.964838862419128418e-01
6.157323122024536133e-01
5.178965926170349121e-01
6.409442424774169922e-01
4.000547826290130615e-01
5.676044225692749023e-01
3.172303438186645508e-01
1.922893971204757690e-01
5.132698416709899902e-01
2.684639096260070801e-01
7.139663100242614746e-01
6.191461682319641113e-01
4.116544425487518311e-01
3.466199338436126709e-01
6.735383868217468262e-01
6.312956809997558594e-01
5.593016147613525391e-01
6.157934665679931641e-01
5.534442067146301270e-01
6.252282857894897461e-01
6.443189978599548340e-01
3.898651301860809326e-01
5.207424759864807129e-01
4.752362668514251709e-01
2.074214667081832886e-01
5.548936724662780762e-01
5.171042680740356445e-01
3.810029029846191406e-01
5.333257317543029785e-01
4.955770969390869141e-01
1.376102715730667114e-01
6.136409640312194824e-01
3.966235220432281494e-01
8.143440634012222290e-02
3.730373382568359375e-01
6.110560894012451172e-01
4.363065659999847412e-01
5.585831403732299805e-01
6.059918403625488281e-01
2.963707745075225830e-01
5.609148144721984863e-01
4.863311946392059326e-01
6.184842586517333984e-01
4.537045657634735107e-01
7.413797974586486816e-01
4.979631304740905762e-01
3.149869740009307861e-01
7.464525103569030762e-01
6.040176749229431152e-01
5.686954855918884277e-01
6.059918403625488281e-01
3.999781310558319092e-01
1.357061266899108887e-01
2.358372956514358521e-01
3.599453866481781006e-01
5.240663290023803711e-01
5.772353410720825195e-01
6.974433660507202148e-01
6.502513885498046875e-01
5.222559571266174316e-01
4.931779503822326660e-01
4.786908924579620361e-01
6.628220677375793457e-01
5.159253478050231934e-01
5.285004973411560059e-01
6.487828493118286133e-01
4.375390112400054932e-01
6.131521463394165039e-01
4.839729964733123779e-01
5.916039943695068359e-01
4.204359650611877441e-01
3.692435324192047119e-01
5.048317909240722656e-01
6.579170227050781250e-01
6.933139562606811523e-01
7.194847464561462402e-01
4.509382545948028564e-01
7.260238528251647949e-01
5.744556188583374023e-01
4.161245524883270264e-01
5.443542003631591797e-01
3.770215809345245361e-01
4.995655119419097900e-01
5.751443505287170410e-01
3.526566624641418457e-01
4.669747948646545410e-01
5.528851747512817383e-01
4.214099645614624023e-01
6.196233630180358887e-01
6.703569889068603516e-01
5.006988644599914551e-01
5.780681371688842773e-01
2.834488153457641602e-01
2.223109900951385498e-01
6.576022505760192871e-01
4.857994914054870605e-01
6.728512048721313477e-01
3.839190304279327393e-01
7.656815648078918457e-01
7.407534718513488770e-01
6.347644925117492676e-01
6.043369770050048828e-01
4.468438625335693359e-01
3.985491394996643066e-01
6.968104243278503418e-01
4.667479097843170166e-01
4.791714847087860107e-01
7.415690422058105469e-01
2.051088213920593262e-01
4.878956675529479980e-01
4.508275687694549561e-01
7.033397555351257324e-01
7.130793929100036621e-01
5.416284799575805664e-01
5.188673734664916992e-01
5.945463776588439941e-01
1.897739320993423462e-01
3.501632511615753174e-01
6.291666030883789062e-01
6.999768614768981934e-01
5.717788934707641602e-01
3.529030084609985352e-01
5.576628446578979492e-01
5.178214311599731445e-01
7.175660729408264160e-01
4.722515344619750977e-01
6.430271863937377930e-01
4.833939671516418457e-01
3.087958395481109619e-01
5.134264230728149414e-01
6.230601668357849121e-01
6.602364778518676758e-01
6.568538546562194824e-01
8.388725519180297852e-01
1.961623430252075195e-01
3.347382247447967529e-01
4.490456283092498779e-01
4.160036146640777588e-01
5.119329690933227539e-01
5.434913635253906250e-01
6.483581662178039551e-01
5.085421800613403320e-01
3.590606153011322021e-01
6.398947834968566895e-01
4.862680435180664062e-01
2.711391150951385498e-01
1.669449061155319214e-01
3.453514277935028076e-01
4.794888794422149658e-01
6.119815707206726074e-01
2.864820361137390137e-01
5.593701601028442383e-01
7.049002051353454590e-01
4.719230532646179199e-01
3.084688484668731689e-01
5.746486186981201172e-01
5.196408033370971680e-01
6.624066829681396484e-01
3.249962627887725830e-01
3.353399634361267090e-01
6.556573510169982910e-01
5.709832906723022461e-01
6.479678750038146973e-01
4.091812968254089355e-01
4.860691130161285400e-01
6.860522627830505371e-01
6.974171996116638184e-01
5.665738582611083984e-01
5.037682056427001953e-01
5.492786765098571777e-01
4.997735917568206787e-01
4.675415456295013428e-01
7.049687504768371582e-01
5.594055056571960449e-01
7.110491991043090820e-01
6.807079315185546875e-01
3.746334314346313477e-01
7.304356098175048828e-01
5.895411968231201172e-01
5.669537782669067383e-01
6.519688367843627930e-01
6.146626472473144531e-01
4.300093054771423340e-01
4.598092436790466309e-01
5.112578868865966797e-01
3.054133057594299316e-01
2.798967659473419189e-01
5.528192520141601562e-01
7.024660110473632812e-01
6.046329736709594727e-01
5.322971343994140625e-01
7.055645585060119629e-01
6.000102162361145020e-01
2.649472355842590332e-01
7.273528575897216797e-01
5.437806844711303711e-01
4.580791890621185303e-01
7.930108904838562012e-01
5.741435289382934570e-01
5.569235086441040039e-01
6.319994330406188965e-01
6.670835614204406738e-01
5.428086519241333008e-01
5.315087437629699707e-01
5.002202987670898438e-01
4.384937286376953125e-01
5.268707871437072754e-01
6.482291817665100098e-01
5.941526293754577637e-01
6.853773593902587891e-01
4.571449458599090576e-01
7.318065166473388672e-01
6.279665231704711914e-01
6.214574575424194336e-01
7.610874772071838379e-01
1.922839283943176270e-01
3.938449621200561523e-01
5.849260091781616211e-01
5.154936909675598145e-01
5.189486145973205566e-01
5.159699916839599609e-01
2.267799377441406250e-01
5.384699702262878418e-01
6.269919276237487793e-01
5.711426734924316406e-01
3.071929514408111572e-01
6.346795558929443359e-01
5.753329396247863770e-01
6.365278363227844238e-01
3.412235677242279053e-01
4.363602995872497559e-01
6.103393435478210449e-01
4.167010188102722168e-01
6.899529695510864258e-01
5.986555218696594238e-01
3.461261093616485596e-01
2.944394648075103760e-01
4.639010131359100342e-01
4.364820122718811035e-01
6.322405338287353516e-01
5.259218215942382812e-01
5.249220728874206543e-01
4.789249598979949951e-01
6.396288275718688965e-01
4.470453858375549316e-01
4.990406632423400879e-01
4.171203374862670898e-01
3.732349574565887451e-01
3.329515159130096436e-01
5.542526841163635254e-01
6.199805140495300293e-01
5.027428865432739258e-01
4.259853661060333252e-01
5.173622369766235352e-01
6.090761423110961914e-01
4.773762226104736328e-01
4.937409758567810059e-01
5.864669680595397949e-01
6.295410394668579102e-01
7.999492883682250977e-01
4.509188830852508545e-01
5.932841897010803223e-01
7.709730863571166992e-01
6.744580864906311035e-01
4.743811488151550293e-01
6.798030734062194824e-01
7.613015174865722656e-01
5.407605171203613281e-01
3.853975832462310791e-01
5.282204747200012207e-01
6.729752421379089355e-01
4.164512753486633301e-01
3.697147369384765625e-01
4.347986280918121338e-01
3.546252846717834473e-01
6.365829706192016602e-01
5.392566323280334473e-01
5.017740130424499512e-01
6.079375743865966797e-01
2.684364020824432373e-01
3.875646293163299561e-01
6.599197387695312500e-01
2.826932966709136963e-01
7.228539586067199707e-01
4.685495793819427490e-01
4.852192401885986328e-01
4.338517189025878906e-01
6.907435059547424316e-01
3.360325694084167480e-01
1.852578222751617432e-01
6.646282672882080078e-01
2.816903591156005859e-01
5.427289009094238281e-01
4.999075233936309814e-01
7.057908773422241211e-01
5.809160470962524414e-01
7.023826241493225098e-01
7.224563956260681152e-01
6.807388067245483398e-01
3.213970661163330078e-01
5.865358710289001465e-01
6.296930909156799316e-01
7.148993611335754395e-01
6.050234436988830566e-01
5.859249830245971680e-01
4.493415951728820801e-01
6.195926666259765625e-01
4.169006049633026123e-01
4.365787804126739502e-01
6.607586741447448730e-01
7.117348313331604004e-01
5.257439613342285156e-01
5.410131216049194336e-01
2.460352182388305664e-01
7.401522994041442871e-01
5.279327034950256348e-01
1.079955101013183594e-01
5.985532999038696289e-01
4.737046360969543457e-01
3.012014925479888916e-01
7.330499887466430664e-01
2.838088572025299072e-01
6.998851299285888672e-01
6.715975999832153320e-01
6.731449365615844727e-01
6.038901805877685547e-01
1.482574641704559326e-01
6.787769794464111328e-01
5.684570670127868652e-01
1.292123049497604370e-01
3.550014197826385498e-01
4.689803421497344971e-01
4.025830626487731934e-01
4.764326512813568115e-01
5.067423582077026367e-01
3.070637583732604980e-01
5.962621569633483887e-01
4.024923145771026611e-01
5.570638775825500488e-01
6.598845124244689941e-01
4.241514503955841064e-01
5.756695866584777832e-01
4.872791469097137451e-01
2.729836702346801758e-01
8.036074042320251465e-01
5.648790597915649414e-01
5.735908746719360352e-01
3.878864347934722900e-01
6.172785758972167969e-01
7.724581360816955566e-01
6.772288084030151367e-01
5.310392975807189941e-01
7.016729116439819336e-01
7.555999159812927246e-01
4.922783374786376953e-01
7.238973379135131836e-01
1.389337927103042603e-01
5.983803272247314453e-01
7.106090784072875977e-01
4.117490053176879883e-01
5.914341211318969727e-01
3.877846598625183105e-01
5.734035372734069824e-01
4.825967252254486084e-01
4.288164675235748291e-01
2.797282934188842773e-01
4.102353751659393311e-01
5.883202552795410156e-01
5.019811391830444336e-01
1.466259658336639404e-01
5.724708437919616699e-01
7.557165622711181641e-01
6.733229160308837891e-01
5.207531452178955078e-01
5.748986005783081055e-01
5.873474478721618652e-01
4.779831469058990479e-01
7.155784368515014648e-01
3.975380659103393555e-01
5.971881151199340820e-01
6.147868037223815918e-01
6.777397394180297852e-01
4.444983303546905518e-01
6.686973571777343750e-01
5.475722551345825195e-01
4.225741922855377197e-01
5.408311486244201660e-01
4.856409430503845215e-01
5.943763256072998047e-01
6.485571265220642090e-01
5.919221043586730957e-01
5.119078755378723145e-01
6.602517366409301758e-01
4.927166998386383057e-01
6.175167560577392578e-01
5.012155175209045410e-01
5.957678556442260742e-01
4.144832193851470947e-01
6.097796559333801270e-01
4.398599565029144287e-01
5.592517852783203125e-01
4.422661960124969482e-01
7.249734401702880859e-01
4.764662086963653564e-01
1.515799164772033691e-01
3.659090399742126465e-01
4.614475965499877930e-01
5.082550644874572754e-01
5.977271199226379395e-01
5.379130244255065918e-01
6.823905110359191895e-01
4.922076165676116943e-01
5.990263223648071289e-01
5.573039650917053223e-01
4.830476939678192139e-01
4.493820667266845703e-01
4.327590763568878174e-01
7.947993278503417969e-01
7.904793620109558105e-01
4.615832865238189697e-01
1.827805936336517334e-01
1.965122073888778687e-01
4.016632139682769775e-01
6.433658599853515625e-01
7.332860827445983887e-01
7.585396170616149902e-01
6.058087348937988281e-01
6.335032582283020020e-01
5.756922960281372070e-01
6.377307772636413574e-01
6.288952231407165527e-01
6.130309700965881348e-01
3.853112459182739258e-01
6.539457440376281738e-01
4.618171453475952148e-01
7.713710069656372070e-01
7.032834887504577637e-01
5.065844058990478516e-01
3.548443913459777832e-01
1.298921704292297363e-01
5.325726270675659180e-01
4.929315149784088135e-01
4.891021251678466797e-01
4.403456747531890869e-01
6.144812703132629395e-01
5.750327706336975098e-01
3.601232171058654785e-01
6.494789123535156250e-01
5.864413976669311523e-01
7.490984797477722168e-01
7.840158939361572266e-01
5.917013287544250488e-01
4.449577033519744873e-01
2.444647997617721558e-01
4.601990580558776855e-01
3.692346811294555664e-01
6.975030899047851562e-01
3.885991871356964111e-01
6.575235724449157715e-01
5.538355708122253418e-01
2.567266225814819336e-01
4.646379053592681885e-01
3.449523448944091797e-01
5.883952379226684570e-01
6.002185940742492676e-01
3.926342129707336426e-01
6.530493497848510742e-01
5.490884780883789062e-01
4.870056509971618652e-01
5.372774600982666016e-01
3.759585320949554443e-01
5.461945533752441406e-01
8.183915019035339355e-01
5.943185091018676758e-01
4.862982630729675293e-01
3.887481391429901123e-01
6.663945317268371582e-01
4.583111405372619629e-01
7.136631011962890625e-01
5.178455114364624023e-01
3.865135610103607178e-01
5.421102046966552734e-01
6.797916293144226074e-01
6.168589591979980469e-01
6.419575810432434082e-01
4.535361230373382568e-01
7.417600154876708984e-01
6.498401165008544922e-01
5.882814526557922363e-01
4.607845246791839600e-01
6.916344761848449707e-01
3.698760271072387695e-01
3.825483620166778564e-01
2.053113132715225220e-01
5.520431995391845703e-01
5.908225774765014648e-01
6.533756852149963379e-01
7.494360804557800293e-01
1.925784647464752197e-01
5.457943081855773926e-01
6.079860925674438477e-01
4.055384695529937744e-01
4.098242819309234619e-01
7.968851923942565918e-01
5.682143568992614746e-01
5.095840692520141602e-01
7.739397883415222168e-01
4.120444953441619873e-01
6.907657384872436523e-01
6.186235547065734863e-01
5.031412243843078613e-01
7.374400496482849121e-01
3.930883705615997314e-01
6.093933582305908203e-01
5.753453969955444336e-01
8.023706674575805664e-01
7.116724252700805664e-01
7.363535761833190918e-01
4.407905936241149902e-01
6.961282491683959961e-01
6.642036437988281250e-01
4.927199780941009521e-01
5.992596745491027832e-01
3.850448131561279297e-01
4.834885895252227783e-01
5.902029871940612793e-01
4.720044136047363281e-01
4.270161390304565430e-01
4.451093971729278564e-01
6.638911962509155273e-01
7.555826306343078613e-01
4.714048206806182861e-01
5.433940887451171875e-01
6.442365646362304688e-01
6.699127554893493652e-01
3.865382969379425049e-01
5.394415259361267090e-01
4.055271446704864502e-01
6.858978867530822754e-01
6.575828194618225098e-01
4.049332141876220703e-01
2.421631217002868652e-01
5.448167324066162109e-01
3.256256580352783203e-01
6.367728114128112793e-01
7.075787186622619629e-01
5.044996738433837891e-01
5.650791525840759277e-01
6.970100998878479004e-01
5.493661165237426758e-01
3.935092389583587646e-01
7.391210794448852539e-01
5.019063353538513184e-01
5.143054127693176270e-01
4.323725104331970215e-01
6.108543872833251953e-01
4.584436714649200439e-01
6.317145228385925293e-01
3.197192847728729248e-01
5.933405160903930664e-01
4.642611145973205566e-01
2.238471359014511108e-01
5.676433444023132324e-01
8.053500056266784668e-01
5.835486650466918945e-01
4.723613262176513672e-01
5.348698496818542480e-01
5.974299311637878418e-01
6.101978421211242676e-01
5.838247537612915039e-01
6.248566508293151855e-01
6.141530871391296387e-01
5.540316700935363770e-01
4.582727253437042236e-01
4.131969809532165527e-01
7.250813245773315430e-01
4.181711077690124512e-01
5.977013111114501953e-01
5.535414814949035645e-01
6.367772221565246582e-01
4.734309315681457520e-01
5.873357653617858887e-01
3.982562422752380371e-01
4.785540401935577393e-01
7.409521937370300293e-01
5.452436804771423340e-01
4.158566892147064209e-01
6.463111639022827148e-01
5.349450111389160156e-01
2.616279423236846924e-01
7.512295246124267578e-01
2.830640077590942383e-01
5.307900309562683105e-01
4.218520820140838623e-01
5.551427602767944336e-01
4.843389391899108887e-01
5.548168420791625977e-01
6.861303448677062988e-01
5.482196211814880371e-01
5.866039991378784180e-01
4.210912585258483887e-01
6.200760602951049805e-01
3.762659132480621338e-01
2.090655565261840820e-01
7.204101085662841797e-01
6.975197792053222656e-01
6.718334555625915527e-01
2.463729828596115112e-01
5.362097024917602539e-01
6.670953631401062012e-01
5.285913348197937012e-01
7.419141530990600586e-01
6.422719955444335938e-01
2.767562568187713623e-01
4.778895676136016846e-01
1.916813999414443970e-01
6.270572543144226074e-01
6.171898841857910156e-01
5.371028184890747070e-01
4.980178177356719971e-01
4.992281198501586914e-01
5.384840369224548340e-01
5.740771293640136719e-01
7.708804011344909668e-01
6.452155709266662598e-01
4.386086463928222656e-01
2.011063545942306519e-01
6.894301176071166992e-01
4.572364985942840576e-01
5.954738259315490723e-01
4.741100966930389404e-01
6.708966493606567383e-01
6.632053256034851074e-01
6.633946299552917480e-01
6.249656677246093750e-01
5.899800658226013184e-01
4.589595794677734375e-01
4.759238362312316895e-01
1.345786303281784058e-01
6.478170752525329590e-01
8.925053477287292480e-02
7.407680153846740723e-01
7.175697684288024902e-01
1.502367705106735229e-01
5.794172286987304688e-01
5.702559947967529297e-01
7.022080421447753906e-01
4.775670170783996582e-01
4.842778146266937256e-01
7.338421344757080078e-01
6.371918916702270508e-01
7.544668912887573242e-01
3.718895018100738525e-01
7.149305939674377441e-01
5.383039116859436035e-01
2.910885214805603027e-01
6.875880956649780273e-01
3.951880633831024170e-01
3.781887590885162354e-01
3.069961965084075928e-01
6.961175203323364258e-01
3.834710121154785156e-01
4.275610148906707764e-01
5.434096455574035645e-01
5.772584080696105957e-01
5.991879701614379883e-01
6.369853615760803223e-01
6.712819337844848633e-01
2.513854801654815674e-01
2.941873371601104736e-01
7.818924784660339355e-01
5.024722814559936523e-01
7.236266732215881348e-01
4.157891571521759033e-01
5.298660397529602051e-01
2.903303205966949463e-01
6.940998435020446777e-01
4.273625016212463379e-01
4.809293448925018311e-01
5.787267088890075684e-01
2.167907357215881348e-01
3.630135655403137207e-01
5.404384136199951172e-01
5.677914619445800781e-01
2.205254882574081421e-01
5.546864867210388184e-01
6.367730498313903809e-01
8.498225808143615723e-01
2.288306057453155518e-01
5.829445123672485352e-01
6.401247382164001465e-01
1.651466786861419678e-01
6.402616500854492188e-01
5.450620055198669434e-01
5.429405570030212402e-01
6.471111774444580078e-01
5.566464662551879883e-01
3.121515512466430664e-01
3.170484006404876709e-01
6.473523378372192383e-01
5.013446211814880371e-01
2.980108857154846191e-01
6.545901298522949219e-01
5.347095727920532227e-01
6.295597553253173828e-01
6.412723660469055176e-01
6.521821022033691406e-01
4.185282289981842041e-01
5.334900617599487305e-01
6.133759021759033203e-01
6.748566031455993652e-01
4.079851806163787842e-01
5.136225223541259766e-01
6.668841242790222168e-01
5.601972937583923340e-01
5.046266913414001465e-01
7.350980639457702637e-01
6.376652717590332031e-01
4.443360567092895508e-01
5.848751664161682129e-01
5.372638106346130371e-01
3.584648072719573975e-01
6.182181239128112793e-01
4.531602859497070312e-01
3.410853743553161621e-01
5.561717748641967773e-01
6.014273166656494141e-01
6.308600306510925293e-01
4.933719635009765625e-01
7.476133704185485840e-01
5.441577434539794922e-01
5.752696990966796875e-01
6.876163482666015625e-01
5.420054197311401367e-01
4.919248819351196289e-01
6.488950252532958984e-01
6.375063657760620117e-01
4.922534525394439697e-01
3.436566591262817383e-01
5.487512350082397461e-01
7.304008007049560547e-01
7.051271796226501465e-01
6.885920166969299316e-01
5.127389430999755859e-01
5.590448379516601562e-01
3.256056606769561768e-01
4.585589170455932617e-01
5.778109431266784668e-01
4.591927230358123779e-01
2.615182101726531982e-01
6.659279465675354004e-01
6.866847276687622070e-01
7.189192175865173340e-01
6.729782819747924805e-01
6.520464420318603516e-01
6.877928972244262695e-01
3.407593071460723877e-01
4.817450344562530518e-01
6.639921069145202637e-01
2.318503260612487793e-01
7.261310219764709473e-01
4.876819252967834473e-01
5.952433347702026367e-01
3.618280291557312012e-01
5.943675041198730469e-01
4.356798529624938965e-01
4.687789380550384521e-01
5.345573425292968750e-01
6.814627647399902344e-01
3.535717129707336426e-01
2.156731933355331421e-01
6.479095220565795898e-01
6.803637146949768066e-01
3.878205418586730957e-01
6.239698529243469238e-01
5.360561013221740723e-01
5.753308534622192383e-01
5.334225296974182129e-01
4.043609201908111572e-01
4.202349781990051270e-01
5.184212923049926758e-01
5.547585487365722656e-01
4.542951881885528564e-01
1.542563587427139282e-01
6.500743627548217773e-01
6.518123149871826172e-01
7.482115030288696289e-01
5.986615419387817383e-01
5.981262922286987305e-01
6.758639216423034668e-01
3.094084262847900391e-01
3.738407790660858154e-01
4.045389890670776367e-01
6.743538975715637207e-01
4.705461561679840088e-01
6.215696334838867188e-01
4.341746270656585693e-01
3.649849593639373779e-01
7.904559373855590820e-01
5.319438576698303223e-01
7.372696995735168457e-01
6.022372245788574219e-01
6.979240179061889648e-01
6.923106908798217773e-01
5.422216653823852539e-01
5.108045935630798340e-01
6.856160163879394531e-01
7.457633614540100098e-01
6.172035336494445801e-01
3.592310249805450439e-01
4.245679378509521484e-01
7.482778429985046387e-01
6.788520216941833496e-01
4.835023880004882812e-01
3.991169929504394531e-01
6.302757859230041504e-01
5.624373555183410645e-01
5.273171067237854004e-01
3.837572038173675537e-01
7.064833641052246094e-01
6.767412424087524414e-01
5.150253176689147949e-01
2.142529487609863281e-01
3.996989130973815918e-01
6.349729895591735840e-01
8.143599033355712891e-01
7.619217634201049805e-01
6.171593070030212402e-01
3.408024907112121582e-01
5.990713834762573242e-01
4.774128496646881104e-01
4.024455845355987549e-01
5.197619795799255371e-01
5.965902209281921387e-01
4.585701823234558105e-01
4.532526433467864990e-01
5.486586689949035645e-01
4.159933924674987793e-01
5.714989304542541504e-01
7.451423406600952148e-01
5.746265649795532227e-01
5.147767066955566406e-01
7.259629368782043457e-01
7.409717440605163574e-01
6.058966517448425293e-01
6.136409640312194824e-01
5.119372606277465820e-01
5.905161499977111816e-01
4.414715766906738281e-01
2.511991858482360840e-01
4.589959383010864258e-01
3.545175790786743164e-01
5.887842178344726562e-01
3.262128233909606934e-01
6.849811077117919922e-01
4.973759949207305908e-01
5.353210568428039551e-01
4.046341478824615479e-01
3.218935728073120117e-01
7.223517894744873047e-01
3.419638574123382568e-01
6.339514851570129395e-01
4.146856963634490967e-01
6.319672465324401855e-01
4.082921147346496582e-01
5.975891947746276855e-01
1.901413947343826294e-01
3.679872453212738037e-01
1.843949854373931885e-01
7.137141227722167969e-01
6.862867474555969238e-01
5.160347223281860352e-01
2.768388390541076660e-01
5.204247832298278809e-01
4.814085662364959717e-01
5.647099614143371582e-01
3.452619314193725586e-01
7.198387980461120605e-01
5.103393197059631348e-01
4.663706123828887939e-01
6.900577545166015625e-01
6.008169651031494141e-01
5.286369919776916504e-01
6.439011693000793457e-01
3.529469072818756104e-01
6.200391054153442383e-01
6.773981451988220215e-01
7.708998918533325195e-01
4.473783373832702637e-01
3.331860601902008057e-01
5.181452631950378418e-01
4.656524062156677246e-01
5.844731926918029785e-01
5.091639757156372070e-01
4.665114879608154297e-01
4.462635517120361328e-01
4.273525774478912354e-01
7.193972468376159668e-01
4.927844107151031494e-01
5.314981937408447266e-01
3.933389782905578613e-01
7.344540357589721680e-01
5.710313916206359863e-01
3.822668790817260742e-01
7.119653820991516113e-01
5.679590702056884766e-01
4.972453117370605469e-01
5.020049810409545898e-01
6.943907141685485840e-01
4.741146862506866455e-01
6.032050251960754395e-01
5.731258988380432129e-01
6.064634323120117188e-01
4.822748601436614990e-01
5.073987245559692383e-01
6.179336905479431152e-01
3.581978082656860352e-01
7.469609379768371582e-01
6.904309391975402832e-01
4.891418814659118652e-01
4.096566736698150635e-01
5.335432887077331543e-01
7.000488042831420898e-01
3.786298334598541260e-01
6.463207006454467773e-01
6.871225833892822266e-01
6.637589335441589355e-01
6.357108354568481445e-01
4.216351807117462158e-01
7.293088436126708984e-01
2.167491018772125244e-01
4.149239957332611084e-01
5.703925490379333496e-01
4.799643754959106445e-01
5.778994560241699219e-01
4.475693404674530029e-01
6.071392893791198730e-01
5.027542710304260254e-01
5.828345417976379395e-01
5.610076785087585449e-01
5.631800293922424316e-01
5.448718070983886719e-01
5.527456402778625488e-01
5.228387713432312012e-01
6.556946039199829102e-01
5.208011865615844727e-01
5.477522611618041992e-01
6.857995390892028809e-01
4.365729689598083496e-01
6.435092091560363770e-01
4.790097773075103760e-01
4.371014535427093506e-01
5.517560839653015137e-01
6.794795393943786621e-01
6.386667490005493164e-01
5.218455791473388672e-01
4.543421268463134766e-01
5.443490147590637207e-01
5.153006911277770996e-01
5.598409771919250488e-01
4.057454168796539307e-01
6.669929623603820801e-01
5.007994174957275391e-01
6.731790304183959961e-01
2.510672807693481445e-01
4.767244160175323486e-01
3.307605087757110596e-01
7.668803334236145020e-01
6.393615603446960449e-01
6.199192404747009277e-01
3.408010900020599365e-01
5.416588187217712402e-01
6.419549584388732910e-01
4.654013514518737793e-01
3.739878237247467041e-01
6.763810515403747559e-01
7.286790013313293457e-01
7.722606658935546875e-01
3.903857469558715820e-01
7.887074947357177734e-01
5.824376940727233887e-01
5.855358242988586426e-01
5.692744851112365723e-01
2.531926333904266357e-01
6.955316066741943359e-01
5.505455732345581055e-01
3.289760649204254150e-01
6.792061328887939453e-01
4.579640030860900879e-01
3.452760875225067139e-01
4.312920570373535156e-01
5.551753044128417969e-01
6.138687729835510254e-01
3.147167563438415527e-01
6.249650120735168457e-01
4.847897589206695557e-01
5.810444951057434082e-01
7.313994169235229492e-01
4.823386371135711670e-01
6.813232302665710449e-01
3.744710385799407959e-01
5.740731954574584961e-01
4.252054095268249512e-01
6.989905238151550293e-01
4.835544526576995850e-01
6.788694858551025391e-01
6.254158616065979004e-01
6.149840950965881348e-01
5.914819836616516113e-01
6.501552462577819824e-01
5.142780542373657227e-01
5.957916378974914551e-01
5.380125045776367188e-01
5.053830742835998535e-01
3.407926261425018311e-01
6.121483445167541504e-01
4.050145447254180908e-01
5.675200223922729492e-01
3.317344486713409424e-01
5.596566796302795410e-01
