7.254408597946166992e-01
7.403463721275329590e-01
7.231737971305847168e-01
7.018573880195617676e-01
6.906747817993164062e-01
7.198382616043090820e-01
7.243592739105224609e-01
7.242711186408996582e-01
7.230157852172851562e-01
7.096003890037536621e-01
7.302282452583312988e-01
7.191119790077209473e-01
7.125357985496520996e-01
7.127995491027832031e-01
6.497681140899658203e-01
6.797874569892883301e-01
7.261630296707153320e-01
6.906334757804870605e-01
5.702389478683471680e-01
7.228031754493713379e-01
7.379112839698791504e-01
7.102709412574768066e-01
6.463305354118347168e-01
6.789237260818481445e-01
7.221420407295227051e-01
5.398651957511901855e-01
7.198421359062194824e-01
6.121323704719543457e-01
6.028184294700622559e-01
7.117896080017089844e-01
7.313631176948547363e-01
7.041130661964416504e-01
7.059309482574462891e-01
4.999090135097503662e-01
7.235052585601806641e-01
4.840454161167144775e-01
5.899101495742797852e-01
7.258696556091308594e-01
7.331230044364929199e-01
7.072566747665405273e-01
6.160587072372436523e-01
7.167384028434753418e-01
6.322082281112670898e-01
5.908686518669128418e-01
7.224617004394531250e-01
7.343758344650268555e-01
7.195667624473571777e-01
7.204224467277526855e-01
4.955312609672546387e-01
7.322918772697448730e-01
3.326832950115203857e-01
5.970451235771179199e-01
7.265385389328002930e-01
7.108690738677978516e-01
7.264133095741271973e-01
6.909381747245788574e-01
7.026428580284118652e-01
7.119199633598327637e-01
7.319434881210327148e-01
7.016116380691528320e-01
7.233693599700927734e-01
7.325978279113769531e-01
6.843765377998352051e-01
5.378518700599670410e-01
6.767798662185668945e-01
4.011871516704559326e-01
6.646483540534973145e-01
7.402667999267578125e-01
7.217028737068176270e-01
5.867127180099487305e-01
6.160308718681335449e-01
7.118488550186157227e-01
7.027552127838134766e-01
7.175484895706176758e-01
6.769182682037353516e-01
7.224487066268920898e-01
7.185068130493164062e-01
6.265284419059753418e-01
7.275058031082153320e-01
6.585986614227294922e-01
6.819818019866943359e-01
5.422112345695495605e-01
3.456181883811950684e-01
7.321951389312744141e-01
7.285056710243225098e-01
7.324303388595581055e-01
6.961089968681335449e-01
7.007454037666320801e-01
7.209050655364990234e-01
6.980013847351074219e-01
7.354036569595336914e-01
7.209283113479614258e-01
7.160114049911499023e-01
6.862587928771972656e-01
7.235458493232727051e-01
7.291685342788696289e-01
7.338170409202575684e-01
6.866801381111145020e-01
6.495093703269958496e-01
7.127777338027954102e-01
7.214686274528503418e-01
7.167549729347229004e-01
3.513796925544738770e-01
3.741139173507690430e-01
7.049168944358825684e-01
7.183064818382263184e-01
7.202753424644470215e-01
7.335464954376220703e-01
7.069285511970520020e-01
4.631883502006530762e-01
7.125357985496520996e-01
7.265681624412536621e-01
6.601689457893371582e-01
7.285130620002746582e-01
7.254211306571960449e-01
5.726880431175231934e-01
3.876202702522277832e-01
6.889629960060119629e-01
7.131294012069702148e-01
7.289916276931762695e-01
6.572908163070678711e-01
6.716839671134948730e-01
7.269858717918395996e-01
7.183550000190734863e-01
6.662065982818603516e-01
7.073672413825988770e-01
7.200124859809875488e-01
7.243956923484802246e-01
7.163568735122680664e-01
6.787841320037841797e-01
7.314692139625549316e-01
7.149360179901123047e-01
6.451758146286010742e-01
7.245965003967285156e-01
6.332531571388244629e-01
7.306304574012756348e-01
7.273080348968505859e-01
6.755791306495666504e-01
6.860285401344299316e-01
4.665602743625640869e-01
7.156910300254821777e-01
7.128674387931823730e-01
7.290176749229431152e-01
7.266986966133117676e-01
7.339806556701660156e-01
4.559149444103240967e-01
7.239170074462890625e-01
7.130246758460998535e-01
7.183616161346435547e-01
6.131126880645751953e-01
7.318987846374511719e-01
7.023097872734069824e-01
3.461132049560546875e-01
7.095975279808044434e-01
7.237538695335388184e-01
7.207241654396057129e-01
6.154248118400573730e-01
7.278675436973571777e-01
6.666180491447448730e-01
7.108239531517028809e-01
7.189739942550659180e-01
6.878472566604614258e-01
6.803356409072875977e-01
6.338058710098266602e-01
7.031378149986267090e-01
6.101945638656616211e-01
6.809968352317810059e-01
7.078204751014709473e-01
6.424775123596191406e-01
6.316404342651367188e-01
7.260254025459289551e-01
7.251536846160888672e-01
7.024409770965576172e-01
7.350832819938659668e-01
6.657109856605529785e-01
6.587385535240173340e-01
5.675510764122009277e-01
6.773990392684936523e-01
7.048608660697937012e-01
7.229823470115661621e-01
4.327527880668640137e-01
6.728345155715942383e-01
7.234408259391784668e-01
6.993857622146606445e-01
7.164645791053771973e-01
7.103835344314575195e-01
7.040207982063293457e-01
7.131763696670532227e-01
7.268547415733337402e-01
5.845170021057128906e-01
7.241556048393249512e-01
6.997495889663696289e-01
7.298970818519592285e-01
6.433398723602294922e-01
5.448846817016601562e-01
7.295509576797485352e-01
7.286178469657897949e-01
7.234659194946289062e-01
7.280036211013793945e-01
7.047994136810302734e-01
7.284240126609802246e-01
7.239357829093933105e-01
7.394766211509704590e-01
7.311856150627136230e-01
6.904761195182800293e-01
6.044361591339111328e-01
7.250909209251403809e-01
5.216121673583984375e-01
6.100770235061645508e-01
7.258736491203308105e-01
7.088851928710937500e-01
7.322596311569213867e-01
7.306397557258605957e-01
7.166600823402404785e-01
7.309128642082214355e-01
7.196602821350097656e-01
6.596633791923522949e-01
7.095888853073120117e-01
7.242683768272399902e-01
6.825825572013854980e-01
6.611114740371704102e-01
7.283430695533752441e-01
7.302345633506774902e-01
6.695066690444946289e-01
6.553719043731689453e-01
7.187082767486572266e-01
7.294011712074279785e-01
3.270874619483947754e-01
7.198503017425537109e-01
7.323254346847534180e-01
7.293985486030578613e-01
7.310009598731994629e-01
7.062467932701110840e-01
7.330608963966369629e-01
7.176285982131958008e-01
7.275630831718444824e-01
7.103319764137268066e-01
6.968319416046142578e-01
7.380726933479309082e-01
6.512703299522399902e-01
6.530674099922180176e-01
6.130992770195007324e-01
7.252301573753356934e-01
6.508978605270385742e-01
7.102156877517700195e-01
7.221317887306213379e-01
7.151811122894287109e-01
7.091006636619567871e-01
5.829178690910339355e-01
6.786708235740661621e-01
7.130377888679504395e-01
5.734770894050598145e-01
7.093197703361511230e-01
6.518252491950988770e-01
7.009340524673461914e-01
6.579236388206481934e-01
7.216734290122985840e-01
7.164996862411499023e-01
7.250612974166870117e-01
6.835042834281921387e-01
6.142047047615051270e-01
7.254747152328491211e-01
7.313950657844543457e-01
7.025159001350402832e-01
7.212954163551330566e-01
7.299124002456665039e-01
7.165304422378540039e-01
7.220626473426818848e-01
6.659417152404785156e-01
6.552605628967285156e-01
7.227075695991516113e-01
6.449959874153137207e-01
7.362693548202514648e-01
4.099984765052795410e-01
7.260894179344177246e-01
6.397925615310668945e-01
7.093477249145507812e-01
7.340087294578552246e-01
4.192256629467010498e-01
6.930045485496520996e-01
7.082757949829101562e-01
7.241235375404357910e-01
7.287589907646179199e-01
6.798672080039978027e-01
6.972056031227111816e-01
7.222666144371032715e-01
7.379440069198608398e-01
6.944978237152099609e-01
7.134628295898437500e-01
7.243182659149169922e-01
7.352057695388793945e-01
7.093734741210937500e-01
7.290718555450439453e-01
7.274202108383178711e-01
7.187264561653137207e-01
7.137092351913452148e-01
7.257673144340515137e-01
7.416872978210449219e-01
3.881946206092834473e-01
6.419616341590881348e-01
7.253616452217102051e-01
6.960541009902954102e-01
4.418208599090576172e-01
7.250946760177612305e-01
6.270544528961181641e-01
7.124602198600769043e-01
4.821977317333221436e-01
7.099966406822204590e-01
7.240974903106689453e-01
7.301660180091857910e-01
7.072990536689758301e-01
7.254609465599060059e-01
6.678882837295532227e-01
6.236907243728637695e-01
6.143464446067810059e-01
7.296575903892517090e-01
6.576985120773315430e-01
7.312920093536376953e-01
7.350332736968994141e-01
7.163558602333068848e-01
7.274647951126098633e-01
7.253739833831787109e-01
7.229942679405212402e-01
7.377759218215942383e-01
6.994214653968811035e-01
7.154646515846252441e-01
7.044872641563415527e-01
7.041693925857543945e-01
6.446303129196166992e-01
6.665277481079101562e-01
6.726268529891967773e-01
6.316899657249450684e-01
7.085633277893066406e-01
7.312196493148803711e-01
7.351759672164916992e-01
7.350386381149291992e-01
7.228484749794006348e-01
6.560111045837402344e-01
7.092357277870178223e-01
7.172798514366149902e-01
6.969256401062011719e-01
7.169110774993896484e-01
7.253289818763732910e-01
7.308353185653686523e-01
7.198761105537414551e-01
7.327944636344909668e-01
6.923671364784240723e-01
7.237145900726318359e-01
7.284125089645385742e-01
6.860285401344299316e-01
7.130657434463500977e-01
6.531389355659484863e-01
6.436625719070434570e-01
7.381706237792968750e-01
7.268735766410827637e-01
5.549108982086181641e-01
7.099674344062805176e-01
7.080407738685607910e-01
6.114380955696105957e-01
6.630829572677612305e-01
7.246584296226501465e-01
7.195272445678710938e-01
7.157815694808959961e-01
6.951704025268554688e-01
6.201602816581726074e-01
7.164353728294372559e-01
7.044681310653686523e-01
7.106586098670959473e-01
7.117552161216735840e-01
7.252146005630493164e-01
6.944938898086547852e-01
7.177315950393676758e-01
6.122922897338867188e-01
7.361157536506652832e-01
7.202150225639343262e-01
6.237629652023315430e-01
7.100571990013122559e-01
7.213478088378906250e-01
7.151124477386474609e-01
6.195623874664306641e-01
7.376441955566406250e-01
6.230927705764770508e-01
6.861430406570434570e-01
7.357903718948364258e-01
5.007953643798828125e-01
6.968424916267395020e-01
6.648148894309997559e-01
7.086487412452697754e-01
7.225124239921569824e-01
7.273049950599670410e-01
7.141389846801757812e-01
7.378842830657958984e-01
6.812283992767333984e-01
7.387186884880065918e-01
6.860634684562683105e-01
7.245885729789733887e-01
7.270541191101074219e-01
7.291039824485778809e-01
7.259134650230407715e-01
5.213287472724914551e-01
7.321460247039794922e-01
7.255870699882507324e-01
7.230225801467895508e-01
7.156809568405151367e-01
7.259649634361267090e-01
7.328526377677917480e-01
6.222055554389953613e-01
7.302934527397155762e-01
7.314391732215881348e-01
7.245962023735046387e-01
7.384955883026123047e-01
7.292942404747009277e-01
6.162590980529785156e-01
7.233211994171142578e-01
7.163411974906921387e-01
7.224646210670471191e-01
3.406566083431243896e-01
7.218602299690246582e-01
7.268955111503601074e-01
7.338300347328186035e-01
7.296355366706848145e-01
3.298606574535369873e-01
7.063035368919372559e-01
6.488918662071228027e-01
7.171260714530944824e-01
6.922451853752136230e-01
7.161160111427307129e-01
7.279322743415832520e-01
6.776822805404663086e-01
7.245501875877380371e-01
7.198406457901000977e-01
7.048437595367431641e-01
7.121816873550415039e-01
7.326164841651916504e-01
7.208159565925598145e-01
7.228733301162719727e-01
6.931647658348083496e-01
7.223352193832397461e-01
7.232390642166137695e-01
7.079889178276062012e-01
7.210814952850341797e-01
7.246812582015991211e-01
6.621670722961425781e-01
7.333186864852905273e-01
5.675686597824096680e-01
7.034391164779663086e-01
7.262138724327087402e-01
7.162932753562927246e-01
7.215911746025085449e-01
6.905553340911865234e-01
6.265284419059753418e-01
7.220569849014282227e-01
7.281035780906677246e-01
7.082695960998535156e-01
7.140885591506958008e-01
7.265350222587585449e-01
7.201849818229675293e-01
7.199697494506835938e-01
7.156566977500915527e-01
5.792244076728820801e-01
6.483735442161560059e-01
7.305506467819213867e-01
7.247823476791381836e-01
7.181771993637084961e-01
7.277018427848815918e-01
6.796078681945800781e-01
6.210287809371948242e-01
6.576919555664062500e-01
6.616174578666687012e-01
7.195500135421752930e-01
7.365951538085937500e-01
7.149748802185058594e-01
7.095460295677185059e-01
6.359220743179321289e-01
7.413880228996276855e-01
7.207636237144470215e-01
7.023800015449523926e-01
7.216759324073791504e-01
7.255731225013732910e-01
6.240032315254211426e-01
7.246550917625427246e-01
7.304771542549133301e-01
6.838511228561401367e-01
7.166964411735534668e-01
7.303513288497924805e-01
6.962906122207641602e-01
3.945948779582977295e-01
7.318053841590881348e-01
7.213809490203857422e-01
7.113263607025146484e-01
7.266020774841308594e-01
7.132557630538940430e-01
7.339057922363281250e-01
7.291271686553955078e-01
7.172991037368774414e-01
7.316049337387084961e-01
7.176465988159179688e-01
6.277135610580444336e-01
3.259990811347961426e-01
7.296316623687744141e-01
6.971006393432617188e-01
7.183392047882080078e-01
7.273778915405273438e-01
7.250533699989318848e-01
7.161542773246765137e-01
7.331402301788330078e-01
7.268655300140380859e-01
6.804920434951782227e-01
7.149638533592224121e-01
7.004324197769165039e-01
6.612606048583984375e-01
7.278192639350891113e-01
7.254910469055175781e-01
7.155093550682067871e-01
6.845017075538635254e-01
7.116473913192749023e-01
6.923493146896362305e-01
7.117355465888977051e-01
7.102656364440917969e-01
7.186930179595947266e-01
7.238746285438537598e-01
7.297881841659545898e-01
7.195527553558349609e-01
7.110859751701354980e-01
7.276046276092529297e-01
7.071947455406188965e-01
7.076734304428100586e-01
7.063277363777160645e-01
7.000285983085632324e-01
6.909586787223815918e-01
7.317534089088439941e-01
7.283067703247070312e-01
7.292903661727905273e-01
7.037349939346313477e-01
6.980013847351074219e-01
7.063483595848083496e-01
7.355799078941345215e-01
6.953206658363342285e-01
7.195369601249694824e-01
7.314760088920593262e-01
7.374396324157714844e-01
7.240673303604125977e-01
6.870614290237426758e-01
7.297143936157226562e-01
7.207675576210021973e-01
7.268196344375610352e-01
7.309920787811279297e-01
6.802055835723876953e-01
7.393350601196289062e-01
6.928502321243286133e-01
7.235817313194274902e-01
7.220342755317687988e-01
7.157084345817565918e-01
7.147092819213867188e-01
6.995131373405456543e-01
7.194036841392517090e-01
6.766176819801330566e-01
7.212144732475280762e-01
7.294221520423889160e-01
7.415475249290466309e-01
7.087044119834899902e-01
7.349159121513366699e-01
3.318096101284027100e-01
7.224141359329223633e-01
6.509328484535217285e-01
7.216778993606567383e-01
7.255760431289672852e-01
7.202957272529602051e-01
7.224550247192382812e-01
7.182399034500122070e-01
7.224507927894592285e-01
6.980161070823669434e-01
7.242621779441833496e-01
6.947080492973327637e-01
7.156509757041931152e-01
7.310740351676940918e-01
7.339510917663574219e-01
6.629887819290161133e-01
7.205850481986999512e-01
7.363615036010742188e-01
6.988084912300109863e-01
7.039576172828674316e-01
3.318680822849273682e-01
7.121660709381103516e-01
6.944143176078796387e-01
6.408312320709228516e-01
7.253739833831787109e-01
7.038652300834655762e-01
7.255046963691711426e-01
6.572421789169311523e-01
5.771374702453613281e-01
6.860030889511108398e-01
7.244104146957397461e-01
7.318001389503479004e-01
7.215096950531005859e-01
7.354776263236999512e-01
7.276436090469360352e-01
7.298827171325683594e-01
7.231053709983825684e-01
7.291235327720642090e-01
7.211046814918518066e-01
7.309618592262268066e-01
3.347116708755493164e-01
7.244846224784851074e-01
7.205787301063537598e-01
6.236424446105957031e-01
7.042271494865417480e-01
7.236381769180297852e-01
7.184607386589050293e-01
7.214984297752380371e-01
4.749076962471008301e-01
7.008934617042541504e-01
6.923735737800598145e-01
7.321906685829162598e-01
7.077136635780334473e-01
6.593995690345764160e-01
5.886717438697814941e-01
3.473735451698303223e-01
7.248806953430175781e-01
6.200107932090759277e-01
7.040460109710693359e-01
7.295525074005126953e-01
7.089557647705078125e-01
6.132774949073791504e-01
6.425788998603820801e-01
7.302280068397521973e-01
6.284281015396118164e-01
7.258056402206420898e-01
7.282884120941162109e-01
7.108715772628784180e-01
7.034959197044372559e-01
6.597732901573181152e-01
7.214322686195373535e-01
7.230956554412841797e-01
6.644399762153625488e-01
7.323725223541259766e-01
7.274663448333740234e-01
7.232813239097595215e-01
7.086263298988342285e-01
7.038525938987731934e-01
7.173400521278381348e-01
7.255082130432128906e-01
7.368606925010681152e-01
4.065881073474884033e-01
6.067631840705871582e-01
7.100176215171813965e-01
6.806913614273071289e-01
7.344269752502441406e-01
6.389058828353881836e-01
7.103437781333923340e-01
6.024324297904968262e-01
7.075750231742858887e-01
7.244729995727539062e-01
7.047542333602905273e-01
7.082406878471374512e-01
6.261223554611206055e-01
7.021201252937316895e-01
7.209734320640563965e-01
6.817556023597717285e-01
7.268341779708862305e-01
5.896930098533630371e-01
7.205220460891723633e-01
7.126198410987854004e-01
6.100350618362426758e-01
7.226964235305786133e-01
7.278659343719482422e-01
7.215864062309265137e-01
7.300209403038024902e-01
6.224607825279235840e-01
7.332468032836914062e-01
6.821315288543701172e-01
7.394269704818725586e-01
7.279755473136901855e-01
7.270145416259765625e-01
7.313977479934692383e-01
7.332441210746765137e-01
7.382788658142089844e-01
7.207180857658386230e-01
7.134337425231933594e-01
7.268852591514587402e-01
6.907584667205810547e-01
7.272214293479919434e-01
6.674532890319824219e-01
7.208560705184936523e-01
7.293995022773742676e-01
6.354561448097229004e-01
7.183544039726257324e-01
7.234106659889221191e-01
7.138532400131225586e-01
7.265620827674865723e-01
7.130037546157836914e-01
7.244557738304138184e-01
7.211425900459289551e-01
7.297166585922241211e-01
7.222782373428344727e-01
6.954005360603332520e-01
7.375772595405578613e-01
7.128828167915344238e-01
6.676814556121826172e-01
7.086147069931030273e-01
7.346717119216918945e-01
7.193793654441833496e-01
6.624968647956848145e-01
6.794432997703552246e-01
7.175260782241821289e-01
7.143138647079467773e-01
7.367532849311828613e-01
7.206807732582092285e-01
7.328580021858215332e-01
6.929611563682556152e-01
6.999615430831909180e-01
7.232179045677185059e-01
7.013531923294067383e-01
7.111057043075561523e-01
6.081987619400024414e-01
7.350655794143676758e-01
7.331024408340454102e-01
7.152756452560424805e-01
7.243008613586425781e-01
4.415888786315917969e-01
6.374833583831787109e-01
7.158282995223999023e-01
7.232731580734252930e-01
6.948040127754211426e-01
7.039747834205627441e-01
7.268213033676147461e-01
7.016314864158630371e-01
5.805869102478027344e-01
7.250284552574157715e-01
6.227498650550842285e-01
7.319594621658325195e-01
7.276368737220764160e-01
6.592622399330139160e-01
7.340524792671203613e-01
7.006613612174987793e-01
6.829934716224670410e-01
7.161307930946350098e-01
7.233732342720031738e-01
6.541963219642639160e-01
7.347421646118164062e-01
7.233943939208984375e-01
6.964604258537292480e-01
7.079423666000366211e-01
7.268792390823364258e-01
6.999348402023315430e-01
7.197383642196655273e-01
7.324780225753784180e-01
7.317832112312316895e-01
6.169688105583190918e-01
6.976997256278991699e-01
7.167192101478576660e-01
7.297336459159851074e-01
7.268851399421691895e-01
6.671892404556274414e-01
7.185141444206237793e-01
7.287702560424804688e-01
6.305475831031799316e-01
7.246486544609069824e-01
7.246734499931335449e-01
7.090277671813964844e-01
7.332288026809692383e-01
7.267806529998779297e-01
7.212989926338195801e-01
5.138049721717834473e-01
6.540082693099975586e-01
7.093885540962219238e-01
7.307061553001403809e-01
7.126470804214477539e-01
6.922527551651000977e-01
7.283462285995483398e-01
7.121765017509460449e-01
7.325680255889892578e-01
7.311777472496032715e-01
7.199491858482360840e-01
6.954933404922485352e-01
7.362514138221740723e-01
7.021384239196777344e-01
7.333589196205139160e-01
6.959756016731262207e-01
7.122405767440795898e-01
6.973739266395568848e-01
7.266198396682739258e-01
3.838374316692352295e-01
7.209265828132629395e-01
7.369417548179626465e-01
3.955685198307037354e-01
7.038545012474060059e-01
5.576295256614685059e-01
6.657004356384277344e-01
7.108230590820312500e-01
6.307089328765869141e-01
7.345109581947326660e-01
7.180597186088562012e-01
7.080308198928833008e-01
7.125324010848999023e-01
6.740016341209411621e-01
7.116598486900329590e-01
6.827893853187561035e-01
7.126938104629516602e-01
7.171903252601623535e-01
7.149153351783752441e-01
7.060838341712951660e-01
6.490845680236816406e-01
7.274422049522399902e-01
7.072566747665405273e-01
6.306810379028320312e-01
7.258841395378112793e-01
5.883914828300476074e-01
7.002748847007751465e-01
7.254171371459960938e-01
6.324388980865478516e-01
6.892350912094116211e-01
7.208687663078308105e-01
6.964703202247619629e-01
6.980885863304138184e-01
7.068124413490295410e-01
7.119794487953186035e-01
7.322429418563842773e-01
7.313035726547241211e-01
7.288947701454162598e-01
7.043131589889526367e-01
7.249329090118408203e-01
7.139220237731933594e-01
6.523150801658630371e-01
7.187387943267822266e-01
7.304881811141967773e-01
7.110794782638549805e-01
6.984667778015136719e-01
7.222722172737121582e-01
7.275402545928955078e-01
7.310885787010192871e-01
7.171869874000549316e-01
7.246847152709960938e-01
7.046504616737365723e-01
6.069554090499877930e-01
4.874275028705596924e-01
7.161688804626464844e-01
7.303751111030578613e-01
7.251893877983093262e-01
6.569788455963134766e-01
6.797356605529785156e-01
6.179257035255432129e-01
7.322641015052795410e-01
6.428774595260620117e-01
6.975415945053100586e-01
6.505137681961059570e-01
6.419616341590881348e-01
7.269800901412963867e-01
7.396005988121032715e-01
4.137467741966247559e-01
7.256585359573364258e-01
6.600972414016723633e-01
7.216966748237609863e-01
7.263249158859252930e-01
7.193917632102966309e-01
4.495518207550048828e-01
7.252997756004333496e-01
7.184023857116699219e-01
7.165117263793945312e-01
3.285978734493255615e-01
6.609979867935180664e-01
6.652294993400573730e-01
6.667671799659729004e-01
7.296710014343261719e-01
6.030660867691040039e-01
7.155320644378662109e-01
6.590006351470947266e-01
7.274941205978393555e-01
7.193520665168762207e-01
7.284383773803710938e-01
6.809504628181457520e-01
7.167264819145202637e-01
7.315562963485717773e-01
7.322146296501159668e-01
7.294683456420898438e-01
7.163016200065612793e-01
7.118319869041442871e-01
6.794260740280151367e-01
6.705298423767089844e-01
7.108934521675109863e-01
7.246482968330383301e-01
6.980359554290771484e-01
7.311743497848510742e-01
7.330121994018554688e-01
5.830857157707214355e-01
7.195222973823547363e-01
7.261215448379516602e-01
7.044242620468139648e-01
7.261177897453308105e-01
7.120375037193298340e-01
6.049724817276000977e-01
6.644189953804016113e-01
6.867884993553161621e-01
7.318761944770812988e-01
7.326121330261230469e-01
7.012506127357482910e-01
6.023818254470825195e-01
7.297746539115905762e-01
6.773352026939392090e-01
7.255725860595703125e-01
7.235111594200134277e-01
7.242785096168518066e-01
4.720522463321685791e-01
6.336250901222229004e-01
7.340373992919921875e-01
7.301537394523620605e-01
7.199088335037231445e-01
6.626227498054504395e-01
6.885085701942443848e-01
6.516034603118896484e-01
6.979365944862365723e-01
7.040196657180786133e-01
7.044686675071716309e-01
7.185336351394653320e-01
7.352017760276794434e-01
7.259050607681274414e-01
6.984451413154602051e-01
7.223433256149291992e-01
6.417151093482971191e-01
6.340497136116027832e-01
7.079822421073913574e-01
5.251133441925048828e-01
7.256373763084411621e-01
7.377763986587524414e-01
6.605778932571411133e-01
6.673035025596618652e-01
7.387544512748718262e-01
7.122759819030761719e-01
5.704197883605957031e-01
5.336166620254516602e-01
7.349005937576293945e-01
6.993481516838073730e-01
6.753776669502258301e-01
7.276765108108520508e-01
7.071016430854797363e-01
6.461771726608276367e-01
3.687614798545837402e-01
7.246655821800231934e-01
7.306255102157592773e-01
7.279976606369018555e-01
6.876451373100280762e-01
7.079977393150329590e-01
6.461555957794189453e-01
7.147307395935058594e-01
7.160943150520324707e-01
7.165707945823669434e-01
6.911020874977111816e-01
6.696123480796813965e-01
6.826666593551635742e-01
7.317534089088439941e-01
7.378496527671813965e-01
7.261208891868591309e-01
6.815259456634521484e-01
7.158766388893127441e-01
7.122766971588134766e-01
7.226573824882507324e-01
7.187981605529785156e-01
6.562543511390686035e-01
7.069150209426879883e-01
6.297867894172668457e-01
5.178927183151245117e-01
7.285819649696350098e-01
7.205142974853515625e-01
6.904491782188415527e-01
6.529862284660339355e-01
7.159323692321777344e-01
6.447465419769287109e-01
7.032231688499450684e-01
6.589676141738891602e-01
7.195680141448974609e-01
6.861704587936401367e-01
6.842071413993835449e-01
7.212246060371398926e-01
7.382788658142089844e-01
7.015665173530578613e-01
7.138268947601318359e-01
6.608466506004333496e-01
6.928412914276123047e-01
7.045379877090454102e-01
7.074357867240905762e-01
7.089787125587463379e-01
7.221143841743469238e-01
7.236964702606201172e-01
7.283548116683959961e-01
6.684378981590270996e-01
7.290809154510498047e-01
6.622560620307922363e-01
7.129691243171691895e-01
7.114230990409851074e-01
7.249274253845214844e-01
7.080864310264587402e-01
7.251830697059631348e-01
6.870614290237426758e-01
7.184070944786071777e-01
7.225504517555236816e-01
5.618183016777038574e-01
7.248754501342773438e-01
6.389427781105041504e-01
7.334536910057067871e-01
7.326396107673645020e-01
7.302036285400390625e-01
7.049579620361328125e-01
7.075242400169372559e-01
6.813619136810302734e-01
7.318623065948486328e-01
7.095567584037780762e-01
7.247659564018249512e-01
7.121295928955078125e-01
7.330662608146667480e-01
7.203758358955383301e-01
7.319679856300354004e-01
7.175168991088867188e-01
7.119410634040832520e-01
7.032932043075561523e-01
7.202808260917663574e-01
6.844753623008728027e-01
7.178769707679748535e-01
7.337887287139892578e-01
7.236723303794860840e-01
7.102897763252258301e-01
7.214588522911071777e-01
7.308337092399597168e-01
7.133651375770568848e-01
7.122451066970825195e-01
6.668507456779479980e-01
7.126433849334716797e-01
7.071614861488342285e-01
6.230738759040832520e-01
6.748059988021850586e-01
7.189370989799499512e-01
7.335056066513061523e-01
7.358977794647216797e-01
7.219959497451782227e-01
6.135835647583007812e-01
7.250525951385498047e-01
6.137413382530212402e-01
6.101385354995727539e-01
7.104890942573547363e-01
7.315533757209777832e-01
7.222488522529602051e-01
6.999970674514770508e-01
7.147327661514282227e-01
7.263531684875488281e-01
7.160496711730957031e-01
7.080028653144836426e-01
6.665943861007690430e-01
7.301995158195495605e-01
7.180223464965820312e-01
7.178006172180175781e-01
7.129009366035461426e-01
6.929742097854614258e-01
6.792985796928405762e-01
7.327126264572143555e-01
7.174270749092102051e-01
4.009119272232055664e-01
7.203338742256164551e-01
7.055451869964599609e-01
7.261250019073486328e-01
7.246404886245727539e-01
6.589211821556091309e-01
3.275780975818634033e-01
7.341527342796325684e-01
7.251184582710266113e-01
7.345964908599853516e-01
6.218887567520141602e-01
6.506754159927368164e-01
7.225220799446105957e-01
6.377187371253967285e-01
7.220323681831359863e-01
7.388371825218200684e-01
7.021381855010986328e-01
7.235041260719299316e-01
7.220181822776794434e-01
7.264960408210754395e-01
7.185983657836914062e-01
7.144176363945007324e-01
7.206124663352966309e-01
6.606295704841613770e-01
5.540699362754821777e-01
7.333579659461975098e-01
6.350170373916625977e-01
7.016725540161132812e-01
7.328138947486877441e-01
6.466572880744934082e-01
6.544097661972045898e-01
6.679056882858276367e-01
6.459242701530456543e-01
7.214250564575195312e-01
6.532544493675231934e-01
7.203621864318847656e-01
7.371874451637268066e-01
6.103800535202026367e-01
7.254677414894104004e-01
7.226185202598571777e-01
7.338397502899169922e-01
6.754562854766845703e-01
7.093369960784912109e-01
7.213314175605773926e-01
7.118552327156066895e-01
7.231596708297729492e-01
6.790623068809509277e-01
7.287985682487487793e-01
7.313615083694458008e-01
6.926433444023132324e-01
7.172753214836120605e-01
7.153385877609252930e-01
7.258548140525817871e-01
7.214316129684448242e-01
7.070602178573608398e-01
6.735116839408874512e-01
6.986575126647949219e-01
6.931841373443603516e-01
7.132314443588256836e-01
7.073645591735839844e-01
7.178688645362854004e-01
7.188717722892761230e-01
5.897981524467468262e-01
6.259855031967163086e-01
3.448678255081176758e-01
7.260930538177490234e-01
7.198424935340881348e-01
7.285599708557128906e-01
7.256934046745300293e-01
7.202877998352050781e-01
7.064324021339416504e-01
7.198731303215026855e-01
6.972129940986633301e-01
7.327497005462646484e-01
7.095870971679687500e-01
6.723231077194213867e-01
7.042872905731201172e-01
7.196392416954040527e-01
6.396323442459106445e-01
7.269408702850341797e-01
6.997621655464172363e-01
7.191622257232666016e-01
5.407904386520385742e-01
7.302864789962768555e-01
7.341918945312500000e-01
7.325682044029235840e-01
7.354021072387695312e-01
7.159528136253356934e-01
7.320860624313354492e-01
7.351971864700317383e-01
7.136121392250061035e-01
7.154680490493774414e-01
7.206034064292907715e-01
6.992598176002502441e-01
6.884911656379699707e-01
6.152606010437011719e-01
7.231658101081848145e-01
7.308226823806762695e-01
6.906889677047729492e-01
7.075907588005065918e-01
7.299292087554931641e-01
6.194100975990295410e-01
7.404308915138244629e-01
7.246918082237243652e-01
7.207476496696472168e-01
7.387447953224182129e-01
6.628930568695068359e-01
7.163411378860473633e-01
6.889527440071105957e-01
7.235921621322631836e-01
6.127286553382873535e-01
7.228643298149108887e-01
5.892361998558044434e-01
7.099063396453857422e-01
7.164976000785827637e-01
6.590847373008728027e-01
7.170516252517700195e-01
4.952560961246490479e-01
6.392725706100463867e-01
7.060204148292541504e-01
7.124215364456176758e-01
7.378647327423095703e-01
7.277427315711975098e-01
7.268182039260864258e-01
7.112794518470764160e-01
7.266389727592468262e-01
6.435552835464477539e-01
7.210538983345031738e-01
7.239809036254882812e-01
7.211260199546813965e-01
7.141849398612976074e-01
7.265523076057434082e-01
7.226008176803588867e-01
7.373439073562622070e-01
6.762819290161132812e-01
7.197183370590209961e-01
6.640451550483703613e-01
6.959816813468933105e-01
7.172222733497619629e-01
7.271119952201843262e-01
6.249752640724182129e-01
6.596111059188842773e-01
6.272237300872802734e-01
7.170184254646301270e-01
7.178667783737182617e-01
7.176923751831054688e-01
6.900324225425720215e-01
7.119191884994506836e-01
7.254559397697448730e-01
7.273114323616027832e-01
7.188133597373962402e-01
7.326659560203552246e-01
6.742594838142395020e-01
7.262655496597290039e-01
6.762785315513610840e-01
7.312628030776977539e-01
7.014515399932861328e-01
