4.324321150779724121e-01
4.730297923088073730e-01
4.930460751056671143e-01
4.614155292510986328e-01
4.694371521472930908e-01
3.971841931343078613e-01
4.404556453227996826e-01
4.269687533378601074e-01
5.079042911529541016e-01
3.889525234699249268e-01
4.762486815452575684e-01
4.498691856861114502e-01
4.576493501663208008e-01
4.564109146595001221e-01
4.717838764190673828e-01
4.282525777816772461e-01
3.898965418338775635e-01
4.893284738063812256e-01
4.598606228828430176e-01
4.869943261146545410e-01
4.592728316783905029e-01
4.482778906822204590e-01
4.817549884319305420e-01
3.640595376491546631e-01
4.266022741794586182e-01
8.613290786743164062e-01
3.932225108146667480e-01
5.022048354148864746e-01
4.643660187721252441e-01
4.721164703369140625e-01
4.617415368556976318e-01
4.994325041770935059e-01
4.564769268035888672e-01
4.163380861282348633e-01
4.988967180252075195e-01
4.570761024951934814e-01
4.843699336051940918e-01
4.848769605159759521e-01
4.364153444766998291e-01
4.176945090293884277e-01
5.008867979049682617e-01
4.295639991760253906e-01
4.555608332157135010e-01
2.965418696403503418e-01
4.576736092567443848e-01
4.775796234607696533e-01
4.407386183738708496e-01
4.343415200710296631e-01
4.775027632713317871e-01
4.485460519790649414e-01
4.652584493160247803e-01
4.513716101646423340e-01
4.721105694770812988e-01
4.590274393558502197e-01
4.786368310451507568e-01
4.906610250473022461e-01
4.544176459312438965e-01
5.008466839790344238e-01
4.357451796531677246e-01
4.730708599090576172e-01
4.711109995841979980e-01
4.662013947963714600e-01
4.887731373310089111e-01
4.090230464935302734e-01
4.560811817646026611e-01
4.372945725917816162e-01
4.600550532341003418e-01
4.887709617614746094e-01
4.989179670810699463e-01
4.247435927391052246e-01
4.525206983089447021e-01
4.955198466777801514e-01
3.935422599315643311e-01
4.345351457595825195e-01
4.801216125488281250e-01
4.954425990581512451e-01
4.038767516613006592e-01
4.649117887020111084e-01
4.464868903160095215e-01
4.507348835468292236e-01
4.600564241409301758e-01
4.480119049549102783e-01
4.407431185245513916e-01
4.629700481891632080e-01
3.839207887649536133e-01
4.753365814685821533e-01
4.221426248550415039e-01
4.855562746524810791e-01
4.098375737667083740e-01
4.581798613071441650e-01
4.738915860652923584e-01
4.617944061756134033e-01
4.413643181324005127e-01
4.529859721660614014e-01
4.161022007465362549e-01
4.892965555191040039e-01
4.509083926677703857e-01
4.912540018558502197e-01
4.637154042720794678e-01
4.939087331295013428e-01
4.930501878261566162e-01
5.206459164619445801e-01
4.967750906944274902e-01
4.659328162670135498e-01
5.076925754547119141e-01
5.055027604103088379e-01
4.491719007492065430e-01
4.796479046344757080e-01
5.061138272285461426e-01
4.742622375488281250e-01
4.365517795085906982e-01
4.684508740901947021e-01
3.981191515922546387e-01
4.762582480907440186e-01
4.644150435924530029e-01
4.621882140636444092e-01
4.181692898273468018e-01
4.661663174629211426e-01
4.765362739562988281e-01
4.836896955966949463e-01
5.051860213279724121e-01
4.645538628101348877e-01
4.853388369083404541e-01
4.695338904857635498e-01
4.081323146820068359e-01
4.531796872615814209e-01
5.005275011062622070e-01
4.730218946933746338e-01
4.839892387390136719e-01
4.953910410404205322e-01
4.971145987510681152e-01
4.663193821907043457e-01
4.883408546447753906e-01
4.453915655612945557e-01
4.998393654823303223e-01
4.419652223587036133e-01
4.564431905746459961e-01
4.717434346675872803e-01
4.480368494987487793e-01
3.646749556064605713e-01
4.550035893917083740e-01
4.762959480285644531e-01
2.871112227439880371e-01
4.025650322437286377e-01
4.905182719230651855e-01
4.348616302013397217e-01
5.019633769989013672e-01
4.653792381286621094e-01
4.396449327468872070e-01
4.536758363246917725e-01
3.075481057167053223e-01
4.177402257919311523e-01
4.234009683132171631e-01
5.028703212738037109e-01
4.477718472480773926e-01
4.740083813667297363e-01
4.263245761394500732e-01
4.043000340461730957e-01
4.720156788825988770e-01
2.875829339027404785e-01
4.271842241287231445e-01
4.267423748970031738e-01
4.196789860725402832e-01
4.022233188152313232e-01
4.096814692020416260e-01
4.860684275627136230e-01
4.443013072013854980e-01
4.647703170776367188e-01
4.639374613761901855e-01
4.975989758968353271e-01
4.336468279361724854e-01
4.396396577358245850e-01
4.606842100620269775e-01
5.107159018516540527e-01
4.314177632331848145e-01
4.581366181373596191e-01
4.439524710178375244e-01
4.698023200035095215e-01
4.790819585323333740e-01
3.854548633098602295e-01
4.206559062004089355e-01
4.567655920982360840e-01
4.001350104808807373e-01
4.809272885322570801e-01
4.152031242847442627e-01
4.182696044445037842e-01
4.697159826755523682e-01
4.988867342472076416e-01
4.652676284313201904e-01
4.281465113162994385e-01
3.836452662944793701e-01
4.727336168289184570e-01
4.755564332008361816e-01
4.071323871612548828e-01
5.096242427825927734e-01
4.693985283374786377e-01
4.562844634056091309e-01
4.476124346256256104e-01
3.975046873092651367e-01
4.749712049961090088e-01
3.497881889343261719e-01
4.620980322360992432e-01
4.979059696197509766e-01
2.940828800201416016e-01
4.788413941860198975e-01
4.517309367656707764e-01
4.862199127674102783e-01
4.582588076591491699e-01
4.793316125869750977e-01
4.927498102188110352e-01
4.485695660114288330e-01
4.557254612445831299e-01
3.868372440338134766e-01
4.347314238548278809e-01
4.706855118274688721e-01
4.258337616920471191e-01
4.642161130905151367e-01
4.700072109699249268e-01
4.641233384609222412e-01
5.050022006034851074e-01
4.396583735942840576e-01
4.308001697063446045e-01
4.456483423709869385e-01
4.705384373664855957e-01
4.367153346538543701e-01
4.195123016834259033e-01
4.675799012184143066e-01
4.834895730018615723e-01
4.305599927902221680e-01
4.606256186962127686e-01
4.733504056930541992e-01
5.150607228279113770e-01
4.820576906204223633e-01
4.613557457923889160e-01
4.753149747848510742e-01
4.828449487686157227e-01
4.852744936943054199e-01
4.823750853538513184e-01
4.745235443115234375e-01
4.824831783771514893e-01
4.791782796382904053e-01
3.940749764442443848e-01
4.820056259632110596e-01
4.336098730564117432e-01
5.083237290382385254e-01
4.802176058292388916e-01
4.451556801795959473e-01
4.771282970905303955e-01
4.684917330741882324e-01
4.570439159870147705e-01
5.054478645324707031e-01
4.584452807903289795e-01
4.202561080455780029e-01
3.886359035968780518e-01
4.720503687858581543e-01
3.909428715705871582e-01
4.363423883914947510e-01
4.891552925109863281e-01
5.014065504074096680e-01
4.142219722270965576e-01
4.551599919795989990e-01
4.943804442882537842e-01
4.516268670558929443e-01
4.572494626045227051e-01
4.824294149875640869e-01
5.135106444358825684e-01
4.438314437866210938e-01
4.012218415737152100e-01
5.121141076087951660e-01
3.914210796356201172e-01
4.550610780715942383e-01
4.889394938945770264e-01
5.078134536743164062e-01
4.628790020942687988e-01
4.605429768562316895e-01
4.818724393844604492e-01
4.173229336738586426e-01
5.043992996215820312e-01
4.037681519985198975e-01
4.807016849517822266e-01
4.943254590034484863e-01
3.989051282405853271e-01
4.396802186965942383e-01
4.426892101764678955e-01
4.897583127021789551e-01
4.473274946212768555e-01
4.244962930679321289e-01
4.157141149044036865e-01
4.156805574893951416e-01
4.374277591705322266e-01
4.762483537197113037e-01
4.943499267101287842e-01
4.773602783679962158e-01
4.821870326995849609e-01
4.411070644855499268e-01
3.968841731548309326e-01
4.082560539245605469e-01
4.768888950347900391e-01
4.168172180652618408e-01
4.520430564880371094e-01
4.733110964298248291e-01
4.592538774013519287e-01
4.715492129325866699e-01
4.534506201744079590e-01
4.364379048347473145e-01
4.888272583484649658e-01
4.278323352336883545e-01
4.172517657279968262e-01
3.878574073314666748e-01
5.008842945098876953e-01
4.890079200267791748e-01
2.695282399654388428e-01
4.164585471153259277e-01
4.156914353370666504e-01
4.942455291748046875e-01
4.492448866367340088e-01
4.556376934051513672e-01
4.669337272644042969e-01
4.423142373561859131e-01
4.874576926231384277e-01
4.704104661941528320e-01
4.997955262660980225e-01
4.995388388633728027e-01
4.628921151161193848e-01
2.921476066112518311e-01
4.078871011734008789e-01
4.361635446548461914e-01
4.730034172534942627e-01
4.536148011684417725e-01
4.620515704154968262e-01
4.603458344936370850e-01
4.973836541175842285e-01
4.842462241649627686e-01
4.161143898963928223e-01
4.486615061759948730e-01
5.027176737785339355e-01
4.194906353950500488e-01
4.828466176986694336e-01
4.989817142486572266e-01
4.804073572158813477e-01
4.505076706409454346e-01
3.620827198028564453e-01
4.889123141765594482e-01
4.401896595954895020e-01
4.134302735328674316e-01
4.925070106983184814e-01
4.971979856491088867e-01
4.988958239555358887e-01
5.006422996520996094e-01
4.549132585525512695e-01
4.612963795661926270e-01
3.963932096958160400e-01
4.612123072147369385e-01
4.838553667068481445e-01
4.238973855972290039e-01
5.039018988609313965e-01
2.854452431201934814e-01
4.213106334209442139e-01
4.239755570888519287e-01
4.686142802238464355e-01
4.703243374824523926e-01
4.877774417400360107e-01
5.087463259696960449e-01
4.530506134033203125e-01
4.154460728168487549e-01
4.729389548301696777e-01
5.005693435668945312e-01
4.531193673610687256e-01
4.348090887069702148e-01
5.112435221672058105e-01
4.562499523162841797e-01
4.645485579967498779e-01
4.412415921688079834e-01
5.068093538284301758e-01
4.993645846843719482e-01
2.777452170848846436e-01
4.552925229072570801e-01
4.347994327545166016e-01
4.410333633422851562e-01
5.022203922271728516e-01
4.744522571563720703e-01
3.893266022205352783e-01
8.613290786743164062e-01
4.958477318286895752e-01
4.356903731822967529e-01
4.210394024848937988e-01
3.817405998706817627e-01
4.512810409069061279e-01
4.778131544589996338e-01
3.935023248195648193e-01
4.315360784530639648e-01
4.323085248470306396e-01
4.546396136283874512e-01
4.537678360939025879e-01
4.680103957653045654e-01
4.608266353607177734e-01
4.019635319709777832e-01
4.510338902473449707e-01
4.720156788825988770e-01
4.207742810249328613e-01
4.732275605201721191e-01
4.229209423065185547e-01
4.772086143493652344e-01
4.844368994235992432e-01
5.112042427062988281e-01
4.324951767921447754e-01
4.753028154373168945e-01
4.299123585224151611e-01
4.787715375423431396e-01
4.589864909648895264e-01
4.926667511463165283e-01
4.522776603698730469e-01
4.354520738124847412e-01
5.018733143806457520e-01
4.619180262088775635e-01
2.696020305156707764e-01
4.882230162620544434e-01
4.214814007282257080e-01
4.689637720584869385e-01
4.297107160091400146e-01
4.465863704681396484e-01
4.888480901718139648e-01
4.141271710395812988e-01
4.460790753364562988e-01
4.457120895385742188e-01
4.616926312446594238e-01
4.182168245315551758e-01
3.733378946781158447e-01
4.879217743873596191e-01
4.286905825138092041e-01
4.871492087841033936e-01
4.531407654285430908e-01
3.811251819133758545e-01
4.384368062019348145e-01
4.453229010105133057e-01
4.087799787521362305e-01
4.672394692897796631e-01
3.968939185142517090e-01
4.442047774791717529e-01
4.294106364250183105e-01
4.642438590526580811e-01
4.521544575691223145e-01
3.947893381118774414e-01
4.291880726814270020e-01
4.367432594299316406e-01
4.683867394924163818e-01
4.978364408016204834e-01
2.831873297691345215e-01
4.855944812297821045e-01
4.433234930038452148e-01
4.337416589260101318e-01
4.579324424266815186e-01
4.629093408584594727e-01
4.176022112369537354e-01
5.130127072334289551e-01
4.846595823764801025e-01
4.933786988258361816e-01
4.850016534328460693e-01
4.941574931144714355e-01
4.607555568218231201e-01
4.293225109577178955e-01
4.843942523002624512e-01
4.856737852096557617e-01
4.632431566715240479e-01
3.992869853973388672e-01
4.832125306129455566e-01
4.343482553958892822e-01
4.901799261569976807e-01
4.679675102233886719e-01
4.327322542667388916e-01
4.547036886215209961e-01
4.716638624668121338e-01
4.264043271541595459e-01
4.897012710571289062e-01
4.432985782623291016e-01
4.805923104286193848e-01
4.794666767120361328e-01
2.706575095653533936e-01
4.590724110603332520e-01
4.694478213787078857e-01
4.980362057685852051e-01
4.956181049346923828e-01
4.865538179874420166e-01
4.863940179347991943e-01
2.744463682174682617e-01
4.788197576999664307e-01
4.458360075950622559e-01
4.379587769508361816e-01
5.068619847297668457e-01
3.933510780334472656e-01
4.827529191970825195e-01
4.126538336277008057e-01
4.683856368064880371e-01
4.389151036739349365e-01
4.517024159431457520e-01
4.619081318378448486e-01
4.558538496494293213e-01
4.760765731334686279e-01
4.711056947708129883e-01
4.156616926193237305e-01
5.022943019866943359e-01
3.977581262588500977e-01
4.603147208690643311e-01
3.793194293975830078e-01
5.060973763465881348e-01
4.661289751529693604e-01
4.482700228691101074e-01
4.876132607460021973e-01
4.839455783367156982e-01
4.371839463710784912e-01
4.403690695762634277e-01
3.986081779003143311e-01
4.972633421421051025e-01
4.246042966842651367e-01
4.093567430973052979e-01
4.323009550571441650e-01
4.491064548492431641e-01
4.262897372245788574e-01
5.111017227172851562e-01
4.452144205570220947e-01
4.448667764663696289e-01
5.121037960052490234e-01
4.901018738746643066e-01
4.472357034683227539e-01
4.547976851463317871e-01
3.982191085815429688e-01
4.535691440105438232e-01
4.585272371768951416e-01
4.862506091594696045e-01
4.603179693222045898e-01
4.071598351001739502e-01
4.847708046436309814e-01
4.417792260646820068e-01
4.250946640968322754e-01
4.381532073020935059e-01
4.397560954093933105e-01
4.686232209205627441e-01
4.653124511241912842e-01
5.013312697410583496e-01
4.258424043655395508e-01
4.973427057266235352e-01
4.820527136325836182e-01
5.019976496696472168e-01
4.410829842090606689e-01
4.189199805259704590e-01
4.977371990680694580e-01
4.421054720878601074e-01
4.148283004760742188e-01
4.963293969631195068e-01
4.596257805824279785e-01
4.524626135826110840e-01
4.399047195911407471e-01
4.359111487865447998e-01
4.865990877151489258e-01
4.431024789810180664e-01
2.817468941211700439e-01
4.096472561359405518e-01
4.135454893112182617e-01
4.363339841365814209e-01
4.095704853534698486e-01
4.877764582633972168e-01
4.910443127155303955e-01
4.290760159492492676e-01
4.977624416351318359e-01
4.770602881908416748e-01
3.831124901771545410e-01
4.985996484756469727e-01
3.989290297031402588e-01
4.801839590072631836e-01
4.516415596008300781e-01
5.049279928207397461e-01
4.680997729301452637e-01
5.154108405113220215e-01
4.981234371662139893e-01
4.284200370311737061e-01
4.204536974430084229e-01
4.803554713726043701e-01
4.502962231636047363e-01
4.899894595146179199e-01
4.556284248828887939e-01
4.841341674327850342e-01
4.359003603458404541e-01
4.316192269325256348e-01
3.984647691249847412e-01
4.154179990291595459e-01
4.374309480190277100e-01
5.082249641418457031e-01
3.523805439472198486e-01
4.493032097816467285e-01
4.087599515914916992e-01
4.820898473262786865e-01
4.732986092567443848e-01
4.211979508399963379e-01
4.971088171005249023e-01
4.145141839981079102e-01
4.542762935161590576e-01
4.036935269832611084e-01
4.989093542098999023e-01
4.448764920234680176e-01
4.324080049991607666e-01
4.599648118019104004e-01
4.617318809032440186e-01
4.786918759346008301e-01
4.258095920085906982e-01
4.656547904014587402e-01
4.707435071468353271e-01
4.410375356674194336e-01
4.647522866725921631e-01
4.684229493141174316e-01
3.285707235336303711e-01
4.971826076507568359e-01
2.871809303760528564e-01
4.538242816925048828e-01
4.277306795120239258e-01
4.758111238479614258e-01
4.858767688274383545e-01
4.650243520736694336e-01
4.945531785488128662e-01
4.596037268638610840e-01
4.462181329727172852e-01
4.430010616779327393e-01
4.229109287261962891e-01
4.669163525104522705e-01
4.319466054439544678e-01
4.619431793689727783e-01
8.613290786743164062e-01
5.045920610427856445e-01
5.200932621955871582e-01
4.721333086490631104e-01
4.087587594985961914e-01
4.290926158428192139e-01
4.809475839138031006e-01
4.828445017337799072e-01
5.060242414474487305e-01
4.444167017936706543e-01
4.397085309028625488e-01
3.922995030879974365e-01
4.744385182857513428e-01
4.662786126136779785e-01
4.801914095878601074e-01
4.920775294303894043e-01
4.250459671020507812e-01
4.974784553050994873e-01
4.833476245403289795e-01
4.088435173034667969e-01
4.387750327587127686e-01
4.219725430011749268e-01
3.979457020759582520e-01
4.764516055583953857e-01
4.363356232643127441e-01
4.453527927398681641e-01
4.552606344223022461e-01
4.419020116329193115e-01
4.306634366512298584e-01
4.326841235160827637e-01
4.860565066337585449e-01
4.224443733692169189e-01
4.241561889648437500e-01
4.843127131462097168e-01
4.334706068038940430e-01
4.757133722305297852e-01
4.300517439842224121e-01
4.490872323513031006e-01
4.618763625621795654e-01
4.770213961601257324e-01
4.858381748199462891e-01
4.539690315723419189e-01
4.224329292774200439e-01
4.311258494853973389e-01
4.570858776569366455e-01
2.735193669795989990e-01
4.696879386901855469e-01
4.609209299087524414e-01
4.246821403503417969e-01
5.025336146354675293e-01
4.561403095722198486e-01
4.816458523273468018e-01
4.715230464935302734e-01
4.913210868835449219e-01
4.247516095638275146e-01
4.682676196098327637e-01
4.645949304103851318e-01
4.757209420204162598e-01
3.492487370967864990e-01
4.592556357383728027e-01
4.950013756752014160e-01
4.590651094913482666e-01
5.081247687339782715e-01
2.732631266117095947e-01
4.353654384613037109e-01
4.828883111476898193e-01
4.946312606334686279e-01
4.687038660049438477e-01
4.045520424842834473e-01
4.974255263805389404e-01
4.821483492851257324e-01
4.152631461620330811e-01
4.805276691913604736e-01
4.903609156608581543e-01
4.266170263290405273e-01
4.473213255405426025e-01
4.303216636180877686e-01
3.748169243335723877e-01
3.711625635623931885e-01
4.752601683139801025e-01
4.814855158329010010e-01
4.709491133689880371e-01
4.422929584980010986e-01
4.230110943317413330e-01
4.943335354328155518e-01
4.707415997982025146e-01
4.476837217807769775e-01
4.416136145591735840e-01
4.694719910621643066e-01
4.460882842540740967e-01
4.119116067886352539e-01
4.827254712581634521e-01
4.232237935066223145e-01
4.953431189060211182e-01
4.640832841396331787e-01
4.833289086818695068e-01
5.037951469421386719e-01
4.442127048969268799e-01
4.902985990047454834e-01
4.580393731594085693e-01
4.769540131092071533e-01
2.737323045730590820e-01
4.669940173625946045e-01
4.441722631454467773e-01
4.254948794841766357e-01
4.676509797573089600e-01
4.312746822834014893e-01
4.413471817970275879e-01
4.393348097801208496e-01
4.776092171669006348e-01
4.878674745559692383e-01
3.929378986358642578e-01
4.566976726055145264e-01
4.930850863456726074e-01
4.854375720024108887e-01
4.877859950065612793e-01
4.674247801303863525e-01
4.865503013134002686e-01
4.588653743267059326e-01
4.046330451965332031e-01
4.805054366588592529e-01
5.076022148132324219e-01
3.019055128097534180e-01
4.762737751007080078e-01
4.068804085254669189e-01
4.504466354846954346e-01
5.092298984527587891e-01
5.043768882751464844e-01
4.793510138988494873e-01
5.007873773574829102e-01
4.587332904338836670e-01
4.451718330383300781e-01
4.495019316673278809e-01
4.290727674961090088e-01
4.655997455120086670e-01
2.550471425056457520e-01
4.487434327602386475e-01
4.086613655090332031e-01
5.072018504142761230e-01
4.642813205718994141e-01
4.996462464332580566e-01
4.163349568843841553e-01
4.769890606403350830e-01
4.873491823673248291e-01
4.301523268222808838e-01
4.922315478324890137e-01
4.233646392822265625e-01
4.355684816837310791e-01
5.044174790382385254e-01
4.232179522514343262e-01
4.498731493949890137e-01
4.795846045017242432e-01
4.134622514247894287e-01
3.700459897518157959e-01
4.862432479858398438e-01
4.913299679756164551e-01
3.631885349750518799e-01
4.944144785404205322e-01
4.173274040222167969e-01
4.727104306221008301e-01
4.683581292629241943e-01
4.550167620182037354e-01
4.741502702236175537e-01
4.649196267127990723e-01
4.156807661056518555e-01
4.706811904907226562e-01
4.786120355129241943e-01
4.341239333152770996e-01
3.832712173461914062e-01
5.139195322990417480e-01
4.221249222755432129e-01
4.354401826858520508e-01
4.776115715503692627e-01
4.519908726215362549e-01
4.251396059989929199e-01
4.682111740112304688e-01
4.638886451721191406e-01
4.191857576370239258e-01
4.872768819332122803e-01
4.459201991558074951e-01
4.643319547176361084e-01
4.834675192832946777e-01
4.917128384113311768e-01
4.004851281642913818e-01
4.742111265659332275e-01
5.053526759147644043e-01
3.780872523784637451e-01
4.864482283592224121e-01
4.906385242938995361e-01
2.561176419258117676e-01
4.935637712478637695e-01
4.585210680961608887e-01
4.285650849342346191e-01
4.418794214725494385e-01
4.679263830184936523e-01
4.874016940593719482e-01
4.925151169300079346e-01
4.655881524085998535e-01
4.477309286594390869e-01
4.610658586025238037e-01
4.816061258316040039e-01
4.532513320446014404e-01
4.383160471916198730e-01
4.019469022750854492e-01
4.454015493392944336e-01
4.491063058376312256e-01
4.978421330451965332e-01
4.945736527442932129e-01
4.403417110443115234e-01
3.919360935688018799e-01
4.629137516021728516e-01
3.937790393829345703e-01
4.357085227966308594e-01
4.474086463451385498e-01
4.637417197227478027e-01
5.058619976043701172e-01
4.532102048397064209e-01
4.721497297286987305e-01
4.475011527538299561e-01
4.563846886157989502e-01
4.331802427768707275e-01
4.816554784774780273e-01
4.054872393608093262e-01
4.557276368141174316e-01
4.623831212520599365e-01
4.981951415538787842e-01
5.010878443717956543e-01
4.480402767658233643e-01
4.696474969387054443e-01
4.528575241565704346e-01
4.679505527019500732e-01
4.872698783874511719e-01
4.492108821868896484e-01
4.435529410839080811e-01
4.768701791763305664e-01
4.506854414939880371e-01
4.536198079586029053e-01
4.424597322940826416e-01
4.498998224735260010e-01
4.355538189411163330e-01
2.766214609146118164e-01
4.436696767807006836e-01
4.723502695560455322e-01
4.671774208545684814e-01
4.788343012332916260e-01
4.465250074863433838e-01
4.460543096065521240e-01
4.741849005222320557e-01
4.387032389640808105e-01
4.155298173427581787e-01
4.568369388580322266e-01
4.511377215385437012e-01
4.052062034606933594e-01
4.713303148746490479e-01
5.062959790229797363e-01
4.570018053054809570e-01
4.059713780879974365e-01
4.670765399932861328e-01
4.632402360439300537e-01
4.718630015850067139e-01
4.430035948753356934e-01
4.319734871387481689e-01
4.707328379154205322e-01
4.134082794189453125e-01
4.657667279243469238e-01
4.993565678596496582e-01
4.587592780590057373e-01
4.941300153732299805e-01
4.118303060531616211e-01
4.978513419628143311e-01
4.623368382453918457e-01
4.634359478950500488e-01
4.903506934642791748e-01
4.773910045623779297e-01
4.806875884532928467e-01
4.435850679874420166e-01
4.905231595039367676e-01
3.955056965351104736e-01
4.307651221752166748e-01
4.545311033725738525e-01
4.572547376155853271e-01
4.796207845211029053e-01
3.858055174350738525e-01
4.546727538108825684e-01
4.418294727802276611e-01
5.033460855484008789e-01
5.125074386596679688e-01
4.211819171905517578e-01
4.527418315410614014e-01
4.246201217174530029e-01
4.126503467559814453e-01
4.956159889698028564e-01
4.866926372051239014e-01
4.289436042308807373e-01
4.399766027927398682e-01
4.389036893844604492e-01
4.464999139308929443e-01
4.315637648105621338e-01
4.488145709037780762e-01
4.720303416252136230e-01
4.933795034885406494e-01
4.343162477016448975e-01
4.444123208522796631e-01
4.791395068168640137e-01
4.374088644981384277e-01
4.968361854553222656e-01
4.900289773941040039e-01
5.115803480148315430e-01
4.723778069019317627e-01
4.319005906581878662e-01
4.182850420475006104e-01
4.732388854026794434e-01
4.481266438961029053e-01
4.303511083126068115e-01
4.500262439250946045e-01
4.951403141021728516e-01
4.941601157188415527e-01
4.459051191806793213e-01
4.684615433216094971e-01
4.745471477508544922e-01
4.791157543659210205e-01
4.898634552955627441e-01
4.772300124168395996e-01
4.435504078865051270e-01
4.581777453422546387e-01
4.830428957939147949e-01
4.724897742271423340e-01
4.735488891601562500e-01
4.670113921165466309e-01
4.661369621753692627e-01
4.834494590759277344e-01
4.104639887809753418e-01
4.965928792953491211e-01
4.796160757541656494e-01
4.505586028099060059e-01
4.192777872085571289e-01
4.896225929260253906e-01
4.453358650207519531e-01
4.221623539924621582e-01
4.770044684410095215e-01
4.620369076728820801e-01
4.836823940277099609e-01
4.419829249382019043e-01
4.813174307346343994e-01
4.486574828624725342e-01
4.590569138526916504e-01
4.640732109546661377e-01
4.860484898090362549e-01
4.275310039520263672e-01
4.438943564891815186e-01
4.652059674263000488e-01
4.899069368839263916e-01
2.725844681262969971e-01
4.744458198547363281e-01
4.769713580608367920e-01
4.676118195056915283e-01
2.764077186584472656e-01
4.044872224330902100e-01
4.665328264236450195e-01
4.643489718437194824e-01
4.403995275497436523e-01
4.638768136501312256e-01
4.720059037208557129e-01
4.468118846416473389e-01
4.940638840198516846e-01
4.824081063270568848e-01
3.935066759586334229e-01
4.305465221405029297e-01
4.757680594921112061e-01
4.328583478927612305e-01
4.750211238861083984e-01
4.715792238712310791e-01
4.575294256210327148e-01
4.373439252376556396e-01
4.679428339004516602e-01
4.994474947452545166e-01
4.921223819255828857e-01
4.741449356079101562e-01
4.985785484313964844e-01
4.537861049175262451e-01
4.725719690322875977e-01
4.255957007408142090e-01
2.760642170906066895e-01
4.477683007717132568e-01
4.990907907485961914e-01
4.448131322860717773e-01
4.865710735321044922e-01
4.339417517185211182e-01
4.433753192424774170e-01
4.457699656486511230e-01
4.506848454475402832e-01
4.853162467479705811e-01
4.908324182033538818e-01
4.828165769577026367e-01
4.734631478786468506e-01
4.973836541175842285e-01
4.761469364166259766e-01
4.707651734352111816e-01
4.402799308300018311e-01
4.751820862293243408e-01
4.767981767654418945e-01
4.475831091403961182e-01
4.698236882686614990e-01
4.567670822143554688e-01
4.741794466972351074e-01
4.164226353168487549e-01
4.514782130718231201e-01
4.754671454429626465e-01
4.756042063236236572e-01
4.515314996242523193e-01
4.323561191558837891e-01
5.044877529144287109e-01
5.057932734489440918e-01
5.051354765892028809e-01
4.346325099468231201e-01
4.451200664043426514e-01
4.952946901321411133e-01
2.703996002674102783e-01
4.528726041316986084e-01
4.426610171794891357e-01
4.387951791286468506e-01
4.621152579784393311e-01
4.833702743053436279e-01
4.460973739624023438e-01
4.405107796192169189e-01
4.025351107120513916e-01
4.548408389091491699e-01
4.761062264442443848e-01
3.983443677425384521e-01
4.415498375892639160e-01
5.042153596878051758e-01
4.346994459629058838e-01
4.219193160533905029e-01
4.589066505432128906e-01
4.463506042957305908e-01
5.113248229026794434e-01
4.823207855224609375e-01
4.625855088233947754e-01
4.074789285659790039e-01
4.611457288265228271e-01
4.541254043579101562e-01
4.436531066894531250e-01
4.391547739505767822e-01
3.895150125026702881e-01
4.673876464366912842e-01
4.898856580257415771e-01
4.888895750045776367e-01
4.589477181434631348e-01
4.548221230506896973e-01
4.406162798404693604e-01
4.461485445499420166e-01
4.271696805953979492e-01
4.788968861103057861e-01
4.782427847385406494e-01
4.873183369636535645e-01
4.660451710224151611e-01
3.852238357067108154e-01
4.667412638664245605e-01
4.782161712646484375e-01
4.443175196647644043e-01
4.697198271751403809e-01
4.596340358257293701e-01
4.428848624229431152e-01
4.950642287731170654e-01
5.054417848587036133e-01
4.165171086788177490e-01
4.594269990921020508e-01
5.061414241790771484e-01
4.403682947158813477e-01
4.069624543190002441e-01
4.626916646957397461e-01
4.519456326961517334e-01
4.563257396221160889e-01
4.614736437797546387e-01
4.983240664005279541e-01
4.859379529953002930e-01
4.776162803173065186e-01
4.599380791187286377e-01
4.039602577686309814e-01
2.901304364204406738e-01
4.691299200057983398e-01
4.836880564689636230e-01
5.103262066841125488e-01
3.956826329231262207e-01
5.060710906982421875e-01
4.763540327548980713e-01
4.324747025966644287e-01
4.710688292980194092e-01
4.227659404277801514e-01
4.522144198417663574e-01
4.816264808177947998e-01
4.840443134307861328e-01
4.416676461696624756e-01
4.273113012313842773e-01
4.544920921325683594e-01
3.933033347129821777e-01
4.127951264381408691e-01
4.511397480964660645e-01
4.625008404254913330e-01
4.822188615798950195e-01
4.678752422332763672e-01
4.240071475505828857e-01
4.636961817741394043e-01
4.359276592731475830e-01
4.234871566295623779e-01
4.762717187404632568e-01
4.960395991802215576e-01
4.811352193355560303e-01
4.535766541957855225e-01
4.833702743053436279e-01
5.079377293586730957e-01
4.366909563541412354e-01
4.837479293346405029e-01
4.251480996608734131e-01
4.161063432693481445e-01
5.010697841644287109e-01
5.086041688919067383e-01
5.076912641525268555e-01
4.261633455753326416e-01
4.838315844535827637e-01
4.545375108718872070e-01
4.457392692565917969e-01
4.426201581954956055e-01
