9.142262339591979980e-01
9.999885559082031250e-01
3.176180762238800526e-04
9.994738698005676270e-01
9.996415376663208008e-01
9.986919760704040527e-01
4.338223079685121775e-04
1.614747941493988037e-01
1.242087781429290771e-02
5.448119640350341797e-01
3.673645551316440105e-05
9.701359868049621582e-01
3.329181075096130371e-01
9.999715089797973633e-01
9.961841702461242676e-01
1.948447339236736298e-02
1.654836814850568771e-03
2.944123148918151855e-01
8.164977431297302246e-01
2.086343738483265042e-05
1.342294272035360336e-04
9.999337196350097656e-01
7.653146982192993164e-02
9.992598891258239746e-01
9.769569635391235352e-01
9.342767000198364258e-01
9.995785355567932129e-01
7.490133643150329590e-01
1.566961966454982758e-02
9.999139308929443359e-01
9.999479055404663086e-01
1.636362430872395635e-04
5.228605270385742188e-01
9.975621700286865234e-01
9.994342923164367676e-01
2.990369917824864388e-03
9.999122619628906250e-01
5.582225858233869076e-04
9.915532544255256653e-03
9.986525177955627441e-01
6.235543987713754177e-04
2.069683250738307834e-05
1.048766716849058867e-04
9.890407454804517329e-06
2.893048524856567383e-01
1.931930892169475555e-04
5.455436110496520996e-01
8.738992619328200817e-05
9.986446499824523926e-01
9.590796980774030089e-05
2.719730946409981698e-05
9.514021873474121094e-01
1.608587190276011825e-04
9.999030828475952148e-01
9.999543428421020508e-01
9.999785423278808594e-01
9.976537823677062988e-01
9.999709129333496094e-01
4.502436786424368620e-04
9.999089241027832031e-01
2.391151711344718933e-02
7.302294397959485650e-05
9.998950958251953125e-01
9.999805688858032227e-01
6.945884088054299355e-04
3.353069303557276726e-03
9.993428587913513184e-01
9.918364882469177246e-01
9.999866485595703125e-01
2.913514971733093262e-01
9.999867677688598633e-01
9.950188398361206055e-01
5.287419259548187256e-02
9.995539784431457520e-01
2.784955904644448310e-05
1.366624292131746188e-05
2.735049056354910135e-04
3.836387186311185360e-04
9.998780488967895508e-01
9.534227252006530762e-01
9.993700385093688965e-01
1.768837571144104004e-01
2.621625317260622978e-03
9.999276399612426758e-01
9.999818801879882812e-01
9.907938874675892293e-06
9.999668598175048828e-01
1.702302694320678711e-02
9.675796627998352051e-01
9.997175335884094238e-01
9.996889829635620117e-01
5.762751698057400063e-06
9.998038411140441895e-01
9.865518808364868164e-01
1.083343103528022766e-02
1.170333343907259405e-04
1.292223483324050903e-01
3.737614257261157036e-03
1.430261530913412571e-03
1.108494907384738326e-04
9.915567636489868164e-01
9.999455213546752930e-01
9.997133612632751465e-01
6.523226499557495117e-01
7.193874120712280273e-01
9.999349117279052734e-01
9.322290420532226562e-01
6.713582843076437712e-05
9.999753236770629883e-01
9.999898672103881836e-01
4.149776577833108604e-05
1.251717796549201012e-03
3.638188121840357780e-03
9.940622448921203613e-01
7.661623954772949219e-01
1.710049225948750973e-03
6.260773079702630639e-05
1.494386087870225310e-04
9.614787697792053223e-01
1.587423030287027359e-03
9.999661445617675781e-01
4.741385055240243673e-05
3.410431381780654192e-04
9.999674558639526367e-01
3.725928536368883215e-06
9.993776679039001465e-01
9.907494187355041504e-01
2.691076660994440317e-04
9.999690055847167969e-01
9.986905455589294434e-01
9.481843709945678711e-01
9.994688630104064941e-01
1.776767778210341930e-03
6.010655397403752431e-06
7.664319127798080444e-04
8.507363963872194290e-05
6.995168514549732208e-04
9.999839067459106445e-01
1.409065425395965576e-01
6.288476288318634033e-02
3.262312020524404943e-05
1.629460166441276670e-04
4.380181897431612015e-03
9.999700784683227539e-01
1.964817784028127789e-05
9.999606609344482422e-01
9.998824596405029297e-01
9.981337189674377441e-01
9.994093179702758789e-01
2.644603550434112549e-01
1.238657683134078979e-01
8.563997596502304077e-02
2.132230205461382866e-03
9.781143307918682694e-05
7.570429006591439247e-04
7.216971516609191895e-01
3.189103677868843079e-02
2.645101048983633518e-04
3.040302362933289260e-05
2.251957339467480779e-04
9.999036788940429688e-01
9.998791217803955078e-01
1.713764795567840338e-04
1.415368518792092800e-03
9.218793511390686035e-01
9.945231676101684570e-01
7.850186899304389954e-03
4.051192081533372402e-04
9.996207952499389648e-01
9.999285936355590820e-01
1.199522763490676880e-01
9.988307356834411621e-01
1.567163504660129547e-03
9.999866485595703125e-01
9.573217034339904785e-01
6.849122643470764160e-01
2.329410053789615631e-02
9.986422657966613770e-01
9.999885559082031250e-01
2.354378104209899902e-01
9.993438124656677246e-01
1.711371005512773991e-03
9.999829530715942383e-01
9.999850988388061523e-01
2.897855639457702637e-01
9.519728337181732059e-06
1.334721127932425588e-05
4.359882586868479848e-05
3.698944929055869579e-04
4.168819170445203781e-03
9.999856948852539062e-01
4.767903301399201155e-04
3.006099760532379150e-01
8.686109185218811035e-01
9.999691247940063477e-01
4.216827801428735256e-05
9.849563241004943848e-01
1.930759026436135173e-05
1.816917210817337036e-01
6.330050382530316710e-05
3.769405782222747803e-01
8.043270558118820190e-03
4.638636019080877304e-04
1.133344229310750961e-02
3.966405056416988373e-03
1.438348845113068819e-04
5.297447443008422852e-01
1.326807396253570914e-04
9.834823608398437500e-01
9.999653100967407227e-01
9.968363046646118164e-01
9.825003147125244141e-02
8.402565727010369301e-04
9.999686479568481445e-01
1.078827062883647159e-05
2.657728269696235657e-03
7.473146979464218020e-06
8.941776286519598216e-06
8.452957263216376305e-04
9.507861104793846607e-04
9.862598776817321777e-01
9.992994070053100586e-01
9.998793601989746094e-01
9.934146404266357422e-01
6.119311787188053131e-03
9.999319314956665039e-01
4.523071984294801950e-04
9.827018380165100098e-01
9.996302127838134766e-01
9.999728202819824219e-01
7.463740110397338867e-01
6.461190581321716309e-01
8.865398558555170894e-05
7.526431581936776638e-04
5.237124787527136505e-05
1.184432674199342728e-02
4.928178532281890512e-05
3.770754119614139199e-05
4.845362564083188772e-04
9.999500513076782227e-01
2.760166488587856293e-02
1.160066949523752555e-05
2.296680468134582043e-04
5.487195448949933052e-04
9.994096755981445312e-01
6.936311838217079639e-04
9.999698400497436523e-01
6.032716482877731323e-04
9.727939963340759277e-01
4.507251083850860596e-01
2.901998162269592285e-01
2.480422554071992636e-04
1.459186375141143799e-01
7.276321649551391602e-01
9.999636411666870117e-01
8.751264810562133789e-01
9.998522996902465820e-01
1.968745514750480652e-02
1.922837924212217331e-03
9.973475933074951172e-01
9.964458346366882324e-01
3.856104449369013309e-04
9.999736547470092773e-01
9.768216013908386230e-01
9.999752044677734375e-01
9.166729287244379520e-04
6.838236731709912419e-05
9.954323768615722656e-01
9.901053309440612793e-01
2.471048235893249512e-01
1.061893999576568604e-03
9.997738003730773926e-01
6.175552010536193848e-01
9.994799494743347168e-01
2.265445618832018226e-05
5.495365476235747337e-04
2.004634734475985169e-04
1.050230814144015312e-03
9.581502079963684082e-01
9.940294027328491211e-01
3.073085471987724304e-02
8.859841153025627136e-03
2.749624429270625114e-03
4.145583807257935405e-05
3.970378637313842773e-01
7.398619200102984905e-04
9.999794960021972656e-01
9.990172386169433594e-01
9.999612569808959961e-01
9.998570680618286133e-01
9.999673366546630859e-01
1.574509544298052788e-03
9.344036698166746646e-06
2.261788758914917707e-04
9.999859333038330078e-01
1.699538528919219971e-02
9.998562335968017578e-01
8.103833794593811035e-01
9.999644756317138672e-01
9.999841451644897461e-01
1.662808645050972700e-04
2.877604856621474028e-04
9.238009452819824219e-01
2.341813524253666401e-04
9.936230778694152832e-01
5.861684083938598633e-01
2.269948745379224420e-04
8.272817940451204777e-04
9.999843835830688477e-01
8.834006264805793762e-03
9.999405145645141602e-01
7.938114322314504534e-06
4.087840318679809570e-01
3.424385795369744301e-05
3.758369246497750282e-03
2.068496495485305786e-01
9.999643564224243164e-01
1.755143239279277623e-05
9.106284938752651215e-03
3.553465306758880615e-01
9.975022673606872559e-01
9.998567104339599609e-01
2.343222731724381447e-03
9.219273924827575684e-03
9.999822378158569336e-01
1.954007148742675781e-02
1.765673607587814331e-01
7.004070212133228779e-04
1.691157557070255280e-02
9.997821450233459473e-01
9.984669089317321777e-01
9.599520564079284668e-01
2.828349897754378617e-05
7.009392138570547104e-04
9.999760389328002930e-01
9.983735084533691406e-01
9.999802112579345703e-01
9.773755446076393127e-03
9.996302127838134766e-01
3.148880302906036377e-01
9.999257326126098633e-01
6.625755486311390996e-05
9.994578957557678223e-01
9.937593936920166016e-01
9.996470212936401367e-01
1.482662810303736478e-05
9.999586343765258789e-01
9.998660087585449219e-01
9.999860525131225586e-01
9.752811789512634277e-01
9.999862909317016602e-01
7.353830733336508274e-05
6.933989425306208432e-06
9.999706745147705078e-01
9.999482631683349609e-01
4.819275927729904652e-04
2.060023136436939240e-02
9.991247057914733887e-01
1.270501816179603338e-04
7.819949678378179669e-05
9.999701976776123047e-01
4.290448725223541260e-01
9.999626874923706055e-01
9.352189302444458008e-01
1.471276209485949948e-05
9.999339580535888672e-01
3.725898859556764364e-04
1.172351185232400894e-02
2.323627471923828125e-02
1.006102748215198517e-02
9.998333454132080078e-01
9.995515942573547363e-01
7.284119492396712303e-04
9.997964501380920410e-01
9.999754428863525391e-01
9.999866485595703125e-01
9.999803304672241211e-01
9.998232722282409668e-01
1.321823056787252426e-02
3.806979954242706299e-02
9.999725818634033203e-01
4.473574459552764893e-01
4.014579113572835922e-03
9.999870061874389648e-01
9.999868869781494141e-01
9.956579208374023438e-01
6.151564593892544508e-05
1.175648416392505169e-03
8.594321012496948242e-01
1.592901069670915604e-03
9.995706677436828613e-01
1.262819021940231323e-01
5.582521407632157207e-05
9.999127388000488281e-01
2.194671779870986938e-01
4.006978496909141541e-02
9.995644688606262207e-01
9.999201297760009766e-01
1.245762333273887634e-01
4.718968868255615234e-01
7.532175779342651367e-01
3.153103170916438103e-04
9.999513626098632812e-01
9.997457861900329590e-01
9.999332427978515625e-01
4.858529719058424234e-04
9.926670193672180176e-01
9.999810457229614258e-01
1.209365655086003244e-04
3.073700936511158943e-04
9.999887943267822266e-01
7.798656821250915527e-02
1.935716136358678341e-03
9.997835755348205566e-01
3.145199298160150647e-05
9.940605759620666504e-01
1.838961429893970490e-02
9.998863935470581055e-01
1.655319792916998267e-04
1.141927059506997466e-04
7.926734685897827148e-01
6.144180078990757465e-04
9.997242093086242676e-01
9.997211098670959473e-01
7.126561831682920456e-03
9.998927116394042969e-01
2.544331923127174377e-02
9.999873638153076172e-01
9.989787340164184570e-01
8.136311769485473633e-01
2.729069292545318604e-01
5.419693589210510254e-01
1.737744919955730438e-02
9.999781847000122070e-01
1.140794483944773674e-03
9.940965175628662109e-01
9.998449087142944336e-01
9.999567270278930664e-01
9.999212026596069336e-01
8.684161901473999023e-01
8.484791517257690430e-01
1.343276235274970531e-04
5.710200667381286621e-01
1.365470588207244873e-01
9.999799728393554688e-01
9.337315559387207031e-01
1.918525085784494877e-04
9.999086856842041016e-01
2.441272288560867310e-01
9.993085861206054688e-01
3.603315446525812149e-03
9.996038079261779785e-01
1.968412427231669426e-03
7.804067718097940087e-05
9.694978507468476892e-05
2.617407441139221191e-01
9.804089786484837532e-04
1.534059760160744190e-03
8.775451779365539551e-02
3.906137049198150635e-01
9.998803138732910156e-01
2.226969460025429726e-03
1.427318342030048370e-02
9.883791062748059630e-05
9.925792813301086426e-01
9.998103976249694824e-01
9.879433512687683105e-01
9.998181462287902832e-01
2.606675587594509125e-02
8.776367306709289551e-01
3.086574724875390530e-04
7.650159001350402832e-01
9.999858140945434570e-01
9.999296665191650391e-01
2.284570218762382865e-04
9.999688863754272461e-01
3.281002640724182129e-01
4.178556147962808609e-03
2.548195188865065575e-04
9.999612569808959961e-01
4.032614378957077861e-05
9.631071090698242188e-01
3.618950722739100456e-04
6.941299943719059229e-05
9.999490976333618164e-01
9.997640252113342285e-01
4.365505901660071686e-06
2.121674828231334686e-02
8.857169747352600098e-01
4.739414453506469727e-01
9.956854581832885742e-01
3.391290605068206787e-01
1.212042698170989752e-04
9.781096596270799637e-04
8.366960100829601288e-04
9.999626874923706055e-01
9.997714161872863770e-01
5.249965397524647415e-05
7.190089225769042969e-01
2.127839070453774184e-05
1.041231098497519270e-05
9.999862909317016602e-01
1.045648357830941677e-03
9.998685121536254883e-01
9.902768135070800781e-01
1.459810999222099781e-03
9.999822378158569336e-01
2.588459476828575134e-02
1.014289373415522277e-04
9.956545829772949219e-01
8.316395282745361328e-01
9.999830722808837891e-01
9.999021291732788086e-01
8.921600580215454102e-01
8.759023039601743221e-04
9.174024686217308044e-03
9.999893903732299805e-01
1.472242729505524039e-04
9.999276399612426758e-01
6.777315735816955566e-01
9.998651742935180664e-01
9.999685287475585938e-01
9.995125532150268555e-01
2.982358336448669434e-01
9.999171495437622070e-01
5.476721525192260742e-01
9.997751116752624512e-01
9.999797344207763672e-01
9.372869729995727539e-01
1.907435129396617413e-03
1.030167564749717712e-03
8.654082193970680237e-06
9.999833106994628906e-01
7.857202435843646526e-04
9.770973920822143555e-01
8.979271660791710019e-05
9.971089959144592285e-01
1.213172508869320154e-04
9.998983144760131836e-01
9.999266862869262695e-01
9.999470710754394531e-01
9.994334578514099121e-01
1.004678569734096527e-02
2.179900649935007095e-03
2.217497822130098939e-04
3.387209726497530937e-04
7.390532991848886013e-04
9.992756247520446777e-01
9.910953044891357422e-01
1.038592108670854941e-05
9.990091323852539062e-01
1.266603212570771575e-04
1.484468281269073486e-01
7.029287371551617980e-05
8.238925039768218994e-02
1.120681315660476685e-02
1.794709678506478667e-04
1.741737505653873086e-04
3.851051151286810637e-04
7.011750712990760803e-04
9.999766349792480469e-01
8.325235103257000446e-05
9.960000514984130859e-01
9.999735355377197266e-01
9.999450445175170898e-01
9.999856948852539062e-01
9.998353719711303711e-01
5.554133895202539861e-05
9.983709454536437988e-01
4.724287136923521757e-04
3.120450128335505724e-05
1.065162796294316649e-04
9.981262087821960449e-01
9.996587038040161133e-01
1.697552623227238655e-03
8.499626517295837402e-01
5.994431972503662109e-01
7.951695472002029419e-02
9.999712705612182617e-01
7.712678634561598301e-04
9.999815225601196289e-01
5.655876360833644867e-03
9.990535378456115723e-01
9.999363422393798828e-01
9.999004602432250977e-01
9.978531002998352051e-01
9.997915625572204590e-01
9.999490976333618164e-01
9.999785423278808594e-01
1.531268062535673380e-04
9.998509883880615234e-01
4.762072861194610596e-02
6.981038302183151245e-02
2.326492965221405029e-02
9.904052615165710449e-01
4.447689861990511417e-04
5.511074326932430267e-03
2.631821262184530497e-04
2.304414808750152588e-01
9.490524530410766602e-01
9.896901249885559082e-02
6.212533917278051376e-03
3.402412985451519489e-04
7.580712903290987015e-03
4.111924135941080749e-05
2.048124770226422697e-05
9.999837875366210938e-01
2.222887269454076886e-04
1.377680804580450058e-03
9.997053742408752441e-01
2.771416679024696350e-02
1.006691381335258484e-01
9.990261793136596680e-01
9.998363256454467773e-01
1.362348211841890588e-05
5.391675233840942383e-01
8.895020437194034457e-05
4.177368879318237305e-01
3.220225335098803043e-05
9.999301433563232422e-01
9.999841451644897461e-01
9.995893836021423340e-01
9.590246677398681641e-01
2.384771214565262198e-04
3.654013562481850386e-04
9.999560117721557617e-01
3.044990589842200279e-03
1.266244507860392332e-04
9.980448484420776367e-01
7.431675912812352180e-04
1.000307276844978333e-01
9.999874830245971680e-01
9.999784231185913086e-01
6.116433360148221254e-05
2.933234674856066704e-03
7.530699804192408919e-05
4.301839908293914050e-06
9.980181455612182617e-01
1.468024551868438721e-01
9.994114637374877930e-01
9.999868869781494141e-01
9.999486207962036133e-01
2.349300086498260498e-01
3.202329389750957489e-04
6.703794002532958984e-01
2.597612561658024788e-03
9.999811649322509766e-01
1.919868227560073137e-04
5.007006111554801464e-04
9.985055923461914062e-01
9.999755620956420898e-01
9.986652135848999023e-01
9.998815059661865234e-01
9.960982799530029297e-01
9.998284578323364258e-01
1.032970612868666649e-04
1.470369659364223480e-02
9.969308972358703613e-01
1.736854785121977329e-03
3.626903519034385681e-02
9.995793700218200684e-01
2.866323666239622980e-05
9.999449253082275391e-01
8.498712182044982910e-01
1.319445618719328195e-05
7.621167898178100586e-01
2.506108023226261139e-03
1.504272768215741962e-05
4.496554174693301320e-05
1.168922409415245056e-01
9.999357461929321289e-01
7.186840288341045380e-03
9.997912049293518066e-01
7.144352197647094727e-01
9.999817609786987305e-01
3.687703065224923193e-05
9.981623291969299316e-01
2.005285816267132759e-03
9.997057318687438965e-01
1.466057874495163560e-04
7.095618639141321182e-03
9.144241213798522949e-01
1.096172258257865906e-02
6.822384428232908249e-03
3.753229677677154541e-01
4.027501679956912994e-03
4.297826671972870827e-04
5.339274066500365734e-04
1.783174462616443634e-02
9.999290704727172852e-01
9.999868869781494141e-01
3.958372864872217178e-03
8.778683841228485107e-04
9.998569488525390625e-01
9.998070597648620605e-01
9.999804496765136719e-01
1.875951056717894971e-05
9.999796152114868164e-01
9.999728202819824219e-01
7.651660416740924120e-05
1.024204026907682419e-02
9.946370846591889858e-05
9.994638562202453613e-01
9.999775886535644531e-01
8.583919405937194824e-01
9.908855557441711426e-01
9.999171495437622070e-01
5.303419232368469238e-01
1.379491004627197981e-04
9.999798536300659180e-01
8.725255727767944336e-03
3.969124372815713286e-05
1.470932602387620136e-05
9.998799562454223633e-01
9.996045231819152832e-01
9.999274015426635742e-01
9.999773502349853516e-01
9.998540878295898438e-01
2.433245778083801270e-01
9.999814033508300781e-01
3.175578967784531415e-05
9.999699592590332031e-01
5.708090066909790039e-01
9.999783039093017578e-01
9.981119632720947266e-01
7.059428095817565918e-02
2.181713207392022014e-04
9.996441602706909180e-01
6.991404294967651367e-01
2.347945934161543846e-03
9.972631931304931641e-01
9.998873472213745117e-01
9.999182224273681641e-01
7.902405858039855957e-01
9.999588727951049805e-01
5.696722073480486870e-04
3.219973295927047729e-02
2.022088766098022461e-01
1.789961755275726318e-01
9.996175765991210938e-01
7.555092871189117432e-02
5.116862594150006771e-04
3.922124960809014738e-05
5.409013479948043823e-03
3.297541523352265358e-03
1.212610453367233276e-01
9.994883537292480469e-01
9.984269142150878906e-01
2.737780334427952766e-03
3.476168058114126325e-05
1.377160806441679597e-04
1.661106012761592865e-03
6.189967098180204630e-05
2.113336697220802307e-02
9.874705672264099121e-01
9.991546869277954102e-01
5.603392049670219421e-02
8.533090353012084961e-01
9.999856948852539062e-01
5.814930045744404197e-05
1.269465833902359009e-01
9.999853372573852539e-01
1.612606138223782182e-04
9.999434947967529297e-01
9.984735846519470215e-01
2.898982260376214981e-03
9.999730587005615234e-01
3.889705054461956024e-03
1.788155641406774521e-04
4.394778013229370117e-01
9.998594522476196289e-01
9.998810291290283203e-01
9.999716281890869141e-01
9.913260340690612793e-01
9.998695850372314453e-01
1.243985298060579225e-05
9.999866485595703125e-01
5.089189391583204269e-03
1.163617894053459167e-02
9.322725534439086914e-01
9.640718698501586914e-01
9.999686479568481445e-01
1.547446995973587036e-01
9.999651908874511719e-01
9.999719858169555664e-01
4.068852649652399123e-05
9.679346084594726562e-01
9.999855756759643555e-01
9.982222914695739746e-01
9.271194338798522949e-01
2.796727676468435675e-05
5.113296210765838623e-02
9.989817738533020020e-01
9.999059438705444336e-01
9.354078173637390137e-01
1.413412690162658691e-01
1.414470898453146219e-04
4.910955671221017838e-03
9.999866485595703125e-01
8.987366891233250499e-05
2.304023510077968240e-04
9.995828270912170410e-01
6.251984450500458479e-05
9.999247789382934570e-01
1.150188851170241833e-03
3.444495797157287598e-01
9.999880790710449219e-01
9.999700784683227539e-01
9.925405383110046387e-01
9.980087876319885254e-01
9.865446686744689941e-01
1.919987495057284832e-03
9.922582507133483887e-01
9.816380739212036133e-01
9.992382526397705078e-01
1.404909708071500063e-04
9.999862909317016602e-01
1.563156768679618835e-02
3.797243407461792231e-04
2.086639404296875000e-03
3.737496444955468178e-04
6.643642187118530273e-01
9.334765672683715820e-01
5.958681460469961166e-03
3.036981681361794472e-03
2.883197367191314697e-02
4.585135684465058148e-05
1.388534158468246460e-02
9.999123811721801758e-01
9.999585151672363281e-01
7.721944451332092285e-01
4.836260341107845306e-03
9.003410339355468750e-01
1.340792514383792877e-04
1.511848568916320801e-01
4.310992080718278885e-04
1.068575959652662277e-02
5.890507623553276062e-02
9.998840093612670898e-01
9.999728202819824219e-01
9.240239262580871582e-01
9.964942336082458496e-01
5.433273315429687500e-01
1.111137215048074722e-02
9.999845027923583984e-01
1.856759481597691774e-04
1.558007150888442993e-01
2.261486053466796875e-01
9.994833469390869141e-01
9.396533132530748844e-04
9.999325275421142578e-01
2.734537422657012939e-01
9.999812841415405273e-01
4.475711584091186523e-01
9.999902248382568359e-01
5.257843993604183197e-03
1.071595679968595505e-02
1.499380683526396751e-03
2.658379031345248222e-03
7.127872231649234891e-05
4.179808602202683687e-04
1.403427566401660442e-03
9.992732405662536621e-01
3.466034531593322754e-01
1.407680101692676544e-04
6.281774025410413742e-03
7.354469299316406250e-01
9.999775886535644531e-01
9.705442190170288086e-01
2.064177393913269043e-01
6.200728416442871094e-01
2.951405622297897935e-05
9.999396800994873047e-01
9.976820945739746094e-01
9.999727010726928711e-01
9.992678761482238770e-01
1.372987125068902969e-02
2.827966399490833282e-02
1.487103756517171860e-02
9.999539852142333984e-01
9.930689334869384766e-01
5.556923151016235352e-01
2.030816972255706787e-01
9.997864365577697754e-01
1.564269623486325145e-04
3.901663149008527398e-05
4.316505193710327148e-01
9.997485280036926270e-01
6.082667112350463867e-01
9.999319314956665039e-01
9.999784231185913086e-01
1.719645690172910690e-03
9.990285634994506836e-01
1.838183925428893417e-05
5.544164180755615234e-01
1.796212196350097656e-01
9.849393367767333984e-01
2.198745351051911712e-04
1.716187223792076111e-03
2.532685175538063049e-03
1.051271901815198362e-04
3.631676360964775085e-02
3.207422560080885887e-04
4.072680167155340314e-05
9.999462366104125977e-01
9.974210115615278482e-05
1.954395520442631096e-05
9.999709129333496094e-01
9.992413520812988281e-01
3.188216069247573614e-04
9.917315840721130371e-01
2.522489288821816444e-03
1.531053055077791214e-02
9.719761610031127930e-01
1.451592892408370972e-01
9.999740123748779297e-01
9.993243217468261719e-01
2.304125344380736351e-03
9.928165674209594727e-01
9.999794960021972656e-01
7.993183284997940063e-02
2.396856507402844727e-05
7.729687690734863281e-01
1.623814110644161701e-03
1.133836898952722549e-02
1.900556162581779063e-05
9.991905093193054199e-01
3.208475559949874878e-02
9.993595480918884277e-01
1.251036010216921568e-04
1.202868181280791759e-03
9.901350140571594238e-01
4.347787052392959595e-02
9.999088048934936523e-01
7.775609265081584454e-04
9.943431615829467773e-01
9.993017911911010742e-01
3.900864394381642342e-04
1.585337799042463303e-03
9.999382495880126953e-01
6.859573186375200748e-04
9.998712539672851562e-01
9.994525313377380371e-01
1.342303294222801924e-04
9.976209998130798340e-01
9.849879145622253418e-01
1.845801161834970117e-04
8.390834927558898926e-01
1.183434203267097473e-02
1.507223211228847504e-02
9.999784231185913086e-01
2.010948956012725830e-03
4.375755190849304199e-01
9.987075328826904297e-01
9.783767461776733398e-01
9.997151494026184082e-01
9.983682036399841309e-01
9.992390871047973633e-01
1.571595203131437302e-05
1.155672725872136652e-04
9.999815225601196289e-01
9.999768733978271484e-01
9.971308112144470215e-01
3.217604011297225952e-02
9.999302625656127930e-01
6.764157296856865287e-05
9.999580383300781250e-01
9.998463392257690430e-01
9.999419450759887695e-01
9.981333613395690918e-01
9.998809099197387695e-01
4.420234108692966402e-05
9.755309224128723145e-01
9.982433319091796875e-01
4.763079341500997543e-04
2.531204081606119871e-04
8.509982762916479260e-06
9.998844861984252930e-01
8.849040269851684570e-01
9.976840019226074219e-01
4.318409773986786604e-04
1.366996912111062557e-05
4.116151540074497461e-04
9.999750852584838867e-01
9.980087876319885254e-01
9.996407032012939453e-01
2.653321826073806733e-05
9.995191097259521484e-01
9.996235370635986328e-01
9.999872446060180664e-01
2.167820202885195613e-04
9.658078551292419434e-01
7.984290277818217874e-06
7.208406925201416016e-01
3.281747223809361458e-03
2.623341511934995651e-03
9.980953335762023926e-01
9.995506405830383301e-01
1.635477528907358646e-03
9.999696016311645508e-01
7.584167178720235825e-04
4.600807428359985352e-01
9.836672544479370117e-01
5.548266693949699402e-03
9.999785423278808594e-01
9.991312623023986816e-01
9.999201297760009766e-01
4.971356131136417389e-03
5.475713405758142471e-03
9.999865293502807617e-01
9.999778270721435547e-01
2.325715031474828720e-04
9.999461174011230469e-01
9.999791383743286133e-01
1.601051352918148041e-02
9.999673366546630859e-01
9.999845027923583984e-01
9.771116375923156738e-01
1.247168620466254652e-05
9.303822182118892670e-03
1.522139366716146469e-02
9.999729394912719727e-01
3.694376937346532941e-05
9.999361038208007812e-01
2.791514098644256592e-01
9.993057250976562500e-01
6.135724484920501709e-03
9.999481439590454102e-01
7.241575804073363543e-05
9.999763965606689453e-01
9.999696016311645508e-01
9.998933076858520508e-01
9.988546371459960938e-01
1.473215520381927490e-01
9.998565912246704102e-01
9.999797344207763672e-01
9.998770952224731445e-01
9.997530579566955566e-01
9.911434972309507430e-06
9.999667406082153320e-01
1.828228086233139038e-01
9.999583959579467773e-01
9.999165534973144531e-01
4.133335096412338316e-05
1.380719989538192749e-01
2.501601557014510036e-05
1.391601748764514923e-03
1.194375604391098022e-01
9.984652996063232422e-01
9.999554157257080078e-01
9.999738931655883789e-01
9.999901056289672852e-01
8.256617188453674316e-02
9.999867677688598633e-01
7.441916386596858501e-04
2.388644404709339142e-02
9.996969699859619141e-01
1.848405954660847783e-04
9.991999268531799316e-01
9.998465776443481445e-01
5.808388814330101013e-03
4.052095464430749416e-04
4.590316116809844971e-01
2.178370923502370715e-04
9.992345571517944336e-01
9.999147653579711914e-01
9.991602897644042969e-01
1.235689520835876465e-01
8.462022378807887435e-05
4.234656989574432373e-01
3.268673419952392578e-01
9.999227523803710938e-01
9.999811649322509766e-01
9.988005161285400391e-01
9.999455213546752930e-01
9.996327161788940430e-01
9.995135068893432617e-01
9.999717473983764648e-01
9.995548129081726074e-01
9.992471933364868164e-01
7.324549835175275803e-03
1.472677453421056271e-03
1.715482026338577271e-02
9.997282624244689941e-01
9.999684095382690430e-01
6.669964175671339035e-03
9.999364614486694336e-01
9.974525570869445801e-01
9.998577833175659180e-01
9.998801946640014648e-01
1.141350949183106422e-03
1.225040527060627937e-03
9.999777078628540039e-01
6.322191438812296838e-06
9.997870326042175293e-01
9.506172500550746918e-04
1.052618026733398438e-02
4.383435249328613281e-01
9.976209998130798340e-01
4.712140858173370361e-01
2.033454074990004301e-05
4.987394511699676514e-01
3.811032772064208984e-01
3.289877623319625854e-02
9.999626874923706055e-01
3.200389444828033447e-03
1.667411648668348789e-03
9.999721050262451172e-01
2.915012277662754059e-02
6.391708850860595703e-01
9.998810291290283203e-01
9.999556541442871094e-01
9.998719692230224609e-01
2.785279066301882267e-04
9.288188302889466286e-04
5.378340720199048519e-04
9.999616146087646484e-01
3.211534931324422359e-04
3.162856400012969971e-02
9.744387269020080566e-01
9.993301630020141602e-01
2.045462466776371002e-02
9.999481439590454102e-01
2.535872161388397217e-03
9.062747994903475046e-05
9.904963970184326172e-01
9.999556541442871094e-01
9.999822378158569336e-01
9.999731779098510742e-01
9.978805780410766602e-01
9.920215010643005371e-01
9.999866485595703125e-01
9.500684142112731934e-01
4.566914576571434736e-04
9.999817609786987305e-01
1.838848256738856435e-04
1.941803784575313330e-04
9.985561966896057129e-01
3.059261143207550049e-01
2.625589491799473763e-03
2.377322198299225420e-05
4.906266555190086365e-02
5.343757569789886475e-03
9.999687671661376953e-01
1.385577779728919268e-04
1.344993052043719217e-05
9.999132156372070312e-01
3.046608567237854004e-01
2.484665624797344208e-02
9.999439716339111328e-01
9.793322533369064331e-05
1.127483206801116467e-03
8.271994069218635559e-03
6.185800884850323200e-05
9.999784231185913086e-01
5.580955743789672852e-01
8.870701305568218231e-03
9.948057532310485840e-01
9.999834299087524414e-01
5.542148370295763016e-03
6.780193746089935303e-02
9.999802112579345703e-01
9.992105960845947266e-01
9.999805688858032227e-01
9.999816417694091797e-01
5.963755484117427841e-06
9.998704195022583008e-01
5.152740050107240677e-05
8.015286584850400686e-05
9.996972084045410156e-01
9.999833106994628906e-01
9.999815225601196289e-01
4.031608346849679947e-03
1.532549213152378798e-04
5.838049692101776600e-04
1.561232493259012699e-03
9.999366998672485352e-01
9.974508881568908691e-01
9.999680519104003906e-01
9.200016260147094727e-01
7.580085191875696182e-03
9.811062812805175781e-01
9.999432563781738281e-01
2.323313849046826363e-03
1.236373782157897949e-01
2.244745567440986633e-02
7.374729466391727328e-05
8.766918182373046875e-01
9.999827146530151367e-01
4.679455014411360025e-05
9.999883174896240234e-01
9.999316930770874023e-01
9.999556541442871094e-01
9.983149766921997070e-01
9.999088048934936523e-01
9.999871253967285156e-01
6.163855432532727718e-04
9.893983602523803711e-01
6.083889747969806194e-04
4.512542800512164831e-04
2.117367112077772617e-04
3.016165828739758581e-05
9.999587535858154297e-01
9.141776827163994312e-04
9.996181726455688477e-01
8.796360492706298828e-01
9.999711513519287109e-01
9.999915361404418945e-01
9.999477863311767578e-01
9.985916018486022949e-01
9.974684715270996094e-01
2.361767180263996124e-02
9.945982601493597031e-04
9.942055344581604004e-01
3.548207314452156425e-05
9.896093606948852539e-01
7.012947462499141693e-03
9.998538494110107422e-01
5.191041156649589539e-02
2.848701085895299911e-03
6.429796814918518066e-01
3.840157660306431353e-05
9.999506473541259766e-01
9.978348612785339355e-01
9.999876022338867188e-01
9.997269511222839355e-01
9.999864101409912109e-01
9.984900951385498047e-01
9.999841451644897461e-01
3.335689008235931396e-01
9.992957115173339844e-01
6.585206370800733566e-03
1.524881552904844284e-02
9.995763897895812988e-01
9.792855381965637207e-01
9.998300075531005859e-01
9.896954298019409180e-01
2.484993636608123779e-01
1.162226404994726181e-02
9.992564320564270020e-01
6.617118197027593851e-05
8.153287172317504883e-01
9.999856948852539062e-01
9.998990297317504883e-01
1.026539504528045654e-02
9.999623298645019531e-01
1.561148557811975479e-02
9.660649895668029785e-01
9.992818236351013184e-01
2.686408348381519318e-03
9.946970939636230469e-01
3.824511804850772023e-05
1.408720738254487514e-03
9.999833106994628906e-01
8.528811158612370491e-04
9.129987359046936035e-01
4.433997673913836479e-05
9.999470710754394531e-01
1.181561310659162700e-04
8.579075336456298828e-03
9.998705387115478516e-01
5.914731082157231867e-05
9.917816519737243652e-01
9.999015331268310547e-01
9.999492168426513672e-01
3.193627595901489258e-01
3.743936540558934212e-04
3.835242532659322023e-04
5.462698027258738875e-05
2.047839807346463203e-04
9.999558925628662109e-01
9.999644756317138672e-01
9.986125230789184570e-01
2.147129736840724945e-02
4.975480260327458382e-04
9.999884366989135742e-01
2.078830823302268982e-02
4.617872182279825211e-04
9.801998138427734375e-01
3.140368062304332852e-05
9.999706745147705078e-01
5.593794630840420723e-04
9.926978945732116699e-01
7.837727069854736328e-01
7.829508103895932436e-05
8.841399103403091431e-04
9.999347925186157227e-01
3.791387134697288275e-04
9.999469518661499023e-01
9.935646653175354004e-01
7.757131243124604225e-05
9.691573381423950195e-01
7.176601290702819824e-01
9.935482144355773926e-01
9.999809265136718750e-01
8.392109884880483150e-05
1.124923146562650800e-04
3.737281804205849767e-05
9.999705553054809570e-01
6.512584686279296875e-01
3.107242984697222710e-03
9.691982865333557129e-01
2.996824332512915134e-05
2.392919122939929366e-05
4.426411688327789307e-01
9.952552318572998047e-01
7.569088484160602093e-05
5.187259521335363388e-03
9.999316930770874023e-01
1.385141396895051003e-03
9.998984336853027344e-01
9.998941421508789062e-01
1.194533612579107285e-02
1.546941639389842749e-04
2.383778057992458344e-02
8.153494596481323242e-01
9.997748732566833496e-01
9.998218417167663574e-01
9.999209642410278320e-01
7.986454875208437443e-04
9.995143413543701172e-01
9.552367373544257134e-06
1.585337799042463303e-03
9.842339158058166504e-01
8.904644846916198730e-01
1.190552487969398499e-01
9.999599456787109375e-01
1.875768788158893585e-02
5.243606283329427242e-04
9.999526739120483398e-01
4.186112433671951294e-03
3.680771260405890644e-05
1.323038637638092041e-01
1.182555686682462692e-02
9.999560117721557617e-01
5.791489384137094021e-04
5.938858725130558014e-03
1.538306009024381638e-03
2.435928181512281299e-04
8.182034641504287720e-02
9.999284744262695312e-01
9.832668304443359375e-01
4.887926392257213593e-03
5.776969555881805718e-05
9.999749660491943359e-01
4.048279370181262493e-04
9.999155998229980469e-01
4.774229819304309785e-05
9.999790191650390625e-01
2.104523882735520601e-04
9.969611763954162598e-01
2.106216743413824588e-05
1.635791559237986803e-04
9.999819993972778320e-01
4.279181011952459812e-04
5.946509554632939398e-05
9.306872487068176270e-01
3.727404691744595766e-05
9.999774694442749023e-01
3.155656903982162476e-02
2.571977442130446434e-03
3.771962656173855066e-05
4.295812919735908508e-03
9.996355772018432617e-01
9.994688630104064941e-01
9.999624490737915039e-01
9.796287417411804199e-01
1.563325786264613271e-04
9.999817609786987305e-01
1.653412356972694397e-02
9.981332421302795410e-01
1.429468020796775818e-02
9.999853372573852539e-01
9.999680519104003906e-01
6.949924826622009277e-01
1.521503273397684097e-02
9.999632835388183594e-01
2.931090891361236572e-01
2.271705716848373413e-01
9.999644756317138672e-01
9.999728202819824219e-01
7.009236514568328857e-02
2.696310402825474739e-04
8.147214055061340332e-01
5.703410599380731583e-03
9.999724626541137695e-01
9.999008178710937500e-01
9.999761581420898438e-01
9.317216608906164765e-06
9.512981772422790527e-01
1.403406709432601929e-01
9.831210374832153320e-01
2.465949393808841705e-02
9.507378339767456055e-01
5.004787908546859398e-06
1.506235334090888500e-03
9.999850988388061523e-01
9.999555349349975586e-01
5.784764653071761131e-04
5.278731623548083007e-05
9.435291290283203125e-01
9.976423382759094238e-01
9.997796416282653809e-01
9.999688863754272461e-01
9.965296387672424316e-01
9.999903440475463867e-01
9.997662901878356934e-01
9.978389143943786621e-01
9.998685121536254883e-01
9.945926070213317871e-01
4.357826709747314453e-01
9.999853372573852539e-01
2.059106975793838501e-01
6.978260353207588196e-05
7.594019770622253418e-01
9.999802112579345703e-01
9.508151561021804810e-04
9.644300735089927912e-05
4.452966526150703430e-02
9.999777078628540039e-01
9.940941929817199707e-01
1.874952286016196012e-04
9.305133819580078125e-01
9.251181618310511112e-04
4.811604507267475128e-03
4.448125764611177146e-05
9.996486902236938477e-01
9.987615346908569336e-01
9.983497858047485352e-01
9.999678134918212891e-01
2.751406431198120117e-01
9.999157190322875977e-01
2.903872868046164513e-03
9.945224523544311523e-01
9.417584538459777832e-02
1.386172836646437645e-03
9.994623064994812012e-01
1.056995838880538940e-01
2.754243905656039715e-05
9.999800920486450195e-01
8.061117114266380668e-05
9.997350573539733887e-01
9.993934631347656250e-01
9.483057260513305664e-01
9.999117851257324219e-01
2.786051773000508547e-04
6.148171145468950272e-03
4.273255399311892688e-05
1.529530584812164307e-01
4.607891291379928589e-02
6.615335941314697266e-01
6.613454967737197876e-02
9.998239874839782715e-01
1.402071677148342133e-03
4.269870370626449585e-02
9.999736547470092773e-01
5.109708581585437059e-05
4.449203144758939743e-03
2.943744766525924206e-04
2.442119177430868149e-03
7.657570838928222656e-01
1.060341950505971909e-02
9.906745553016662598e-01
6.434839367866516113e-01
9.999785423278808594e-01
4.606698174029588699e-03
4.812603947357274592e-05
9.999868869781494141e-01
9.999755620956420898e-01
9.995071887969970703e-01
5.363963246345520020e-01
3.784183354582637548e-04
1.993434503674507141e-03
4.507455014390870929e-05
9.967426657676696777e-01
6.127413827925920486e-03
9.999530315399169922e-01
9.420321583747863770e-01
3.138164430856704712e-02
9.975966811180114746e-01
9.995142221450805664e-01
1.147490888833999634e-01
9.994909763336181641e-01
4.605709691531956196e-04
3.352806270122528076e-01
1.283404044806957245e-02
6.861342191696166992e-01
3.233177994843572378e-04
9.938488602638244629e-01
9.843769073486328125e-01
9.992967844009399414e-01
4.895348683930933475e-05
9.999877214431762695e-01
9.961587786674499512e-01
9.999841451644897461e-01
9.999656677246093750e-01
3.378406865522265434e-03
6.817351095378398895e-04
5.255039286566898227e-05
6.518910231534391642e-05
9.999699592590332031e-01
9.999568462371826172e-01
2.195355668663978577e-02
9.998978376388549805e-01
2.458558678627014160e-01
9.999787807464599609e-01
1.025028061121702194e-02
2.555155660957098007e-04
6.364194750785827637e-01
9.681081771850585938e-01
9.163258671760559082e-01
9.999599456787109375e-01
9.782538414001464844e-01
9.999794960021972656e-01
3.137956140562891960e-03
9.999803304672241211e-01
1.369047164916992188e-01
9.999662637710571289e-01
3.161868953611701727e-04
9.948385357856750488e-01
2.858480438590049744e-04
9.984841942787170410e-01
8.819854855537414551e-01
1.471337024122476578e-02
9.999768733978271484e-01
4.509381484240293503e-03
3.648661077022552490e-01
1.506380289793014526e-01
3.545585786923766136e-05
9.994688630104064941e-01
7.426452636718750000e-02
1.747447277011815459e-05
9.999480247497558594e-01
9.998241066932678223e-01
1.684163813479244709e-03
9.999319314956665039e-01
9.999641180038452148e-01
9.985969662666320801e-01
5.767669156193733215e-02
1.705962116830050945e-03
1.444489881396293640e-02
5.160877704620361328e-01
9.999682903289794922e-01
9.997618794441223145e-01
9.982094764709472656e-01
9.998472929000854492e-01
1.007300335913896561e-03
2.379559678956866264e-03
5.833021365106105804e-03
4.136458155699074268e-04
9.987192153930664062e-01
8.629989624023437500e-01
3.246115811634808779e-04
1.901414804160594940e-02
8.280386924743652344e-01
9.998600482940673828e-01
1.750415103742852807e-04
5.383928146329708397e-05
9.651479125022888184e-01
1.201110775582492352e-03
9.999861717224121094e-01
3.564647398889064789e-03
9.999709129333496094e-01
9.993522763252258301e-01
3.085060045123100281e-03
9.094976782798767090e-01
9.554341435432434082e-02
7.994316401891410351e-04
1.187130110338330269e-03
4.590012540575116873e-04
9.999667406082153320e-01
1.199773326516151428e-01
5.461041655507870018e-05
2.698046155273914337e-04
1.238888071384280920e-04
9.999588727951049805e-01
9.935490489006042480e-01
3.519110148772597313e-03
9.998549222946166992e-01
1.380728674121201038e-03
5.544642917811870575e-04
9.999762773513793945e-01
9.999814033508300781e-01
3.515192866325378418e-02
3.449830040335655212e-02
3.392034769058227539e-02
9.992427825927734375e-01
9.999339580535888672e-01
9.996898174285888672e-01
7.571642981929471716e-06
9.755217432975769043e-01
9.556746482849121094e-01
2.209269441664218903e-04
