5.430685728788375854e-02
1.865388912847265601e-04
3.955552238039672375e-04
4.887791275978088379e-01
1.126316487789154053e-01
9.965234398841857910e-01
4.972238093614578247e-02
4.577823579311370850e-01
9.986988306045532227e-01
2.700024051591753960e-03
9.854423999786376953e-01
3.926323726773262024e-02
9.994401335716247559e-01
9.987052679061889648e-01
9.358880519866943359e-01
1.257511042058467865e-02
9.992038607597351074e-01
9.013823270797729492e-01
6.146487221121788025e-02
9.975918531417846680e-01
9.739987254142761230e-01
9.995562434196472168e-01
8.536337018013000488e-01
7.443695664405822754e-01
6.777974367141723633e-01
9.986767172813415527e-01
8.278693556785583496e-01
3.695745766162872314e-01
9.906219244003295898e-01
9.940183162689208984e-01
1.177118998020887375e-02
1.209821365773677826e-02
3.944100439548492432e-01
9.729996919631958008e-01
9.781687855720520020e-01
9.972584247589111328e-01
3.375702945049852133e-04
1.079916764865629375e-04
3.546259105205535889e-01
9.995387792587280273e-01
1.195572433061897755e-03
9.957264661788940430e-01
9.940229058265686035e-01
9.881248474121093750e-01
9.993783235549926758e-01
5.632986873388290405e-02
1.989321596920490265e-02
9.732344150543212891e-01
6.376750767230987549e-02
9.997590184211730957e-01
8.341318927705287933e-03
9.888088107109069824e-01
9.998198151588439941e-01
9.823998212814331055e-01
9.956364035606384277e-01
9.934744238853454590e-01
9.996472597122192383e-01
9.589103460311889648e-01
9.293267726898193359e-01
3.942353359889239073e-04
3.129992401227355003e-03
6.449173688888549805e-01
9.986327290534973145e-01
2.077060788869857788e-01
9.979431033134460449e-01
9.995011091232299805e-01
9.905391931533813477e-01
9.947876930236816406e-01
4.132714569568634033e-01
9.877582192420959473e-01
9.488791823387145996e-01
9.727100729942321777e-01
9.953691363334655762e-01
9.408666491508483887e-01
9.479138255119323730e-01
9.995098114013671875e-01
9.998743534088134766e-01
1.087911203503608704e-01
9.155626296997070312e-01
9.486950039863586426e-01
9.922783374786376953e-01
5.854682531207799911e-03
9.991662502288818359e-01
5.232197642326354980e-01
9.997211098670959473e-01
8.228985825553536415e-04
2.985164225101470947e-01
5.501200212165713310e-05
9.990082383155822754e-01
2.300566434860229492e-02
9.543365836143493652e-01
9.990782737731933594e-01
9.068961739540100098e-01
1.018990064039826393e-03
9.994029998779296875e-01
9.997492432594299316e-01
1.747572049498558044e-02
9.980894923210144043e-01
6.883761286735534668e-01
9.556418657302856445e-01
9.352457523345947266e-01
9.987284541130065918e-01
9.997376799583435059e-01
9.966989159584045410e-01
1.052753068506717682e-02
7.906205058097839355e-01
7.751638889312744141e-01
5.891526583582162857e-03
2.836969494819641113e-01
2.650498226284980774e-02
7.393826246261596680e-01
6.211925745010375977e-01
9.677317142486572266e-01
9.746679067611694336e-01
9.735068082809448242e-01
9.942065924406051636e-02
9.993225336074829102e-01
4.341414570808410645e-02
9.964197874069213867e-01
2.386859431862831116e-02
1.046651974320411682e-03
9.867691993713378906e-01
8.582733273506164551e-01
1.114391312003135681e-01
9.953749775886535645e-01
9.991376399993896484e-01
7.157348394393920898e-01
9.941447377204895020e-01
1.256404668092727661e-01
9.997192025184631348e-01
5.136198014952242374e-04
9.976087808609008789e-01
9.997699856758117676e-01
6.670887470245361328e-01
7.107994169928133488e-04
9.894501566886901855e-01
3.726612627506256104e-01
2.216384373605251312e-02
6.518242359161376953e-01
9.990397095680236816e-01
9.990756511688232422e-01
1.339225769042968750e-01
6.972571015357971191e-01
9.680534601211547852e-01
6.815043091773986816e-02
8.257239125669002533e-03
2.463236451148986816e-03
9.559747576713562012e-01
9.991034865379333496e-01
2.119163982570171356e-02
9.883513674139976501e-03
9.831593036651611328e-01
1.231526806950569153e-01
5.470387171953916550e-03
9.981085062026977539e-01
3.306523561477661133e-01
1.319646239280700684e-01
7.167205810546875000e-01
5.165996029973030090e-03
9.971298575401306152e-01
3.218709230422973633e-01
4.310856456868350506e-04
8.262854814529418945e-01
9.921066761016845703e-01
2.546140749473124743e-04
2.380762249231338501e-03
2.236550599336624146e-01
9.799474477767944336e-01
9.852745532989501953e-01
9.652948379516601562e-01
3.547054529190063477e-01
2.781285718083381653e-02
1.187575049698352814e-02
8.572767837904393673e-04
9.806557893753051758e-01
1.736681722104549408e-02
9.976918697357177734e-01
1.127616706071421504e-04
6.645663082599639893e-02
9.908062815666198730e-01
2.472810074687004089e-02
1.027549058198928833e-02
9.986800551414489746e-01
1.858628541231155396e-02
9.987261891365051270e-01
6.851493716239929199e-01
9.966326355934143066e-01
9.995050430297851562e-01
9.994200468063354492e-01
2.212113700807094574e-03
9.974094033241271973e-01
1.524425446987152100e-01
9.338645339012145996e-01
9.996250867843627930e-01
4.515951499342918396e-03
9.741103649139404297e-01
9.932509064674377441e-01
2.182697206735610962e-01
9.964626431465148926e-01
5.711517930030822754e-01
9.956634640693664551e-01
7.683876156806945801e-02
9.864404797554016113e-02
9.968315958976745605e-01
2.567938354332000017e-04
1.047414541244506836e-02
5.547457374632358551e-03
8.271578699350357056e-02
5.641868710517883301e-01
1.933326013386249542e-03
9.622232913970947266e-01
9.996261596679687500e-01
9.975506663322448730e-01
1.892746239900588989e-01
9.975610971450805664e-01
9.750992059707641602e-01
7.553969626314938068e-04
9.990540146827697754e-01
9.071831405162811279e-02
9.977542757987976074e-01
2.679931058082729578e-04
8.625318109989166260e-02
8.556714057922363281e-01
9.888284802436828613e-01
9.996591806411743164e-01
8.059487342834472656e-01
1.096886172890663147e-01
3.779170289635658264e-02
5.750291747972369194e-04
1.099563552998006344e-03
9.346354007720947266e-01
5.774006843566894531e-01
8.887070417404174805e-01
9.233979582786560059e-01
9.960376024246215820e-01
1.039654910564422607e-01
9.947769641876220703e-01
9.803199768066406250e-01
5.739008784294128418e-01
9.996647834777832031e-01
9.944916963577270508e-01
9.882941958494484425e-05
9.608950614929199219e-01
3.574396017938852310e-03
6.410261848941445351e-04
1.928140670061111450e-01
9.821042418479919434e-01
9.496430158615112305e-01
9.874762967228889465e-03
1.150929718278348446e-03
1.103684976696968079e-01
1.250477391295135021e-03
9.912065863609313965e-01
9.995086193084716797e-01
6.645230650901794434e-01
8.879650831222534180e-01
3.744398057460784912e-01
5.002309679985046387e-01
6.815347075462341309e-01
9.967322349548339844e-01
9.424667223356664181e-05
9.986353516578674316e-01
9.995658993721008301e-01
9.883394241333007812e-01
9.914529323577880859e-01
2.451157569885253906e-02
2.614236772060394287e-01
9.665399789810180664e-01
9.996807575225830078e-01
3.562432155013084412e-02
1.329693594016134739e-03
7.184804081916809082e-01
7.933545857667922974e-03
8.929791301488876343e-02
9.963420033454895020e-01
9.910314083099365234e-01
9.847709536552429199e-01
3.735102713108062744e-02
9.964845180511474609e-01
9.983021020889282227e-01
1.870953850448131561e-02
8.993446826934814453e-01
3.146694004535675049e-01
9.344444870948791504e-01
9.995939135551452637e-01
4.751991033554077148e-01
9.994841814041137695e-01
6.785476803779602051e-01
7.584983706474304199e-01
9.957267045974731445e-01
8.219519853591918945e-01
9.401638507843017578e-01
9.988693594932556152e-01
9.442094564437866211e-01
7.532087620347738266e-03
2.625999040901660919e-03
9.626653194427490234e-01
6.820511221885681152e-01
9.791454076766967773e-01
9.985509514808654785e-01
1.998656392097473145e-01
5.746254231780767441e-03
9.405534267425537109e-01
2.153993099927902222e-01
9.960269927978515625e-01
6.147245764732360840e-01
9.696794748306274414e-01
2.174554538214579225e-04
3.982895577792078257e-04
9.984923601150512695e-01
4.224485456943511963e-01
8.521864414215087891e-01
3.340583527460694313e-03
5.323642492294311523e-01
8.379367063753306866e-04
9.991747736930847168e-01
3.417608141899108887e-01
7.195296697318553925e-03
9.996936321258544922e-01
4.260294139385223389e-01
5.932145714759826660e-01
9.989131689071655273e-01
2.786054611206054688e-01
2.258522622287273407e-02
7.808663249015808105e-01
9.983714222908020020e-01
1.795209827832877636e-03
2.068693190813064575e-01
1.922347098588943481e-01
8.547236323356628418e-01
5.243818461894989014e-02
9.629393815994262695e-01
9.995197057723999023e-01
7.950088381767272949e-01
9.991409778594970703e-01
1.449727569706737995e-03
3.405739739537239075e-02
8.573611378669738770e-01
1.085502153728157282e-04
9.967713952064514160e-01
9.277172088623046875e-01
9.575574398040771484e-01
1.176098303403705359e-04
9.645884633064270020e-01
7.708789706230163574e-01
9.145487546920776367e-01
9.858614206314086914e-01
9.962162375450134277e-01
9.991630315780639648e-01
7.768594622611999512e-01
9.996875524520874023e-01
1.547320466488599777e-02
7.890122532844543457e-01
8.298990726470947266e-01
1.875013411045074463e-01
9.735494256019592285e-01
5.201765894889831543e-01
9.985125660896301270e-01
1.262488402426242828e-02
9.981290698051452637e-01
8.994668722152709961e-01
9.973337650299072266e-01
9.998508691787719727e-01
6.970590353012084961e-01
1.161087537184357643e-03
9.972038269042968750e-01
9.974404573440551758e-01
9.817048311233520508e-01
3.441186547279357910e-01
9.874115698039531708e-03
9.791389107704162598e-01
3.931309282779693604e-02
1.355772692477330565e-04
9.965888261795043945e-01
2.638695295900106430e-04
4.020912107080221176e-03
9.984099864959716797e-01
3.426462411880493164e-01
1.201284583657979965e-03
7.169013842940330505e-03
1.569667272269725800e-02
8.913658261299133301e-01
4.724996685981750488e-01
9.961228966712951660e-01
9.962343573570251465e-01
9.993568062782287598e-01
9.759909659624099731e-02
8.744132705032825470e-03
9.568583965301513672e-01
1.634868681430816650e-01
9.470322728157043457e-01
9.997768998146057129e-01
9.996867179870605469e-01
1.160288080573081970e-01
2.214224776253104210e-03
3.006471786648035049e-03
9.936643838882446289e-01
2.184858079999685287e-03
9.930631145834922791e-03
9.158151745796203613e-01
9.858318567276000977e-01
9.790866170078516006e-05
7.656435482203960419e-04
9.939329028129577637e-01
6.506330370903015137e-01
9.837030172348022461e-01
9.990371465682983398e-01
4.322365857660770416e-04
1.514804083853960037e-02
1.178324408829212189e-02
8.732858896255493164e-01
9.986327290534973145e-01
9.989917874336242676e-01
2.715163631364703178e-03
1.080301851034164429e-01
2.550744712352752686e-01
9.528316855430603027e-01
9.923801422119140625e-01
9.964731335639953613e-01
9.992293119430541992e-01
1.947972108609974384e-03
9.989491105079650879e-01
4.771289229393005371e-01
1.527599710971117020e-02
6.642101216129958630e-04
4.691562056541442871e-02
9.997482895851135254e-01
1.925809774547815323e-03
9.996175765991210938e-01
2.192912250757217407e-02
1.872207410633563995e-02
5.221554543823003769e-03
1.278371829539537430e-02
4.629309177398681641e-01
9.880495667457580566e-01
9.999002218246459961e-01
1.880332129076123238e-04
3.279786929488182068e-02
9.396655485033988953e-03
3.250567018985748291e-01
9.985168576240539551e-01
4.124181868974119425e-04
6.645663082599639893e-02
9.449509382247924805e-01
1.612149924039840698e-01
9.930031895637512207e-01
9.997655749320983887e-01
5.523080825805664062e-01
7.159429788589477539e-01
9.912809729576110840e-01
9.990596175193786621e-01
9.520344734191894531e-01
5.344702862203121185e-03
9.991337656974792480e-01
9.714528322219848633e-01
9.996943473815917969e-01
9.992660880088806152e-01
9.989749193191528320e-01
9.974638223648071289e-01
2.645828761160373688e-02
9.971778392791748047e-01
1.491460570832714438e-04
2.695473134517669678e-01
9.978760480880737305e-01
9.962097406387329102e-01
9.834598898887634277e-01
8.610613942146301270e-01
1.485372986644506454e-02
7.172972559928894043e-01
7.570538520812988281e-01
2.001361281145364046e-04
6.264150142669677734e-03
2.916387617588043213e-01
7.274114992469549179e-03
2.118860632181167603e-01
9.535191655158996582e-01
9.996957778930664062e-01
9.940434098243713379e-01
5.406534299254417419e-02
9.574212431907653809e-01
4.208050295710563660e-02
6.251891143620014191e-03
3.508554399013519287e-02
3.830360174179077148e-01
6.701160967350006104e-02
2.070617338176816702e-04
3.792699575424194336e-01
9.520211070775985718e-02
8.321016794070601463e-04
7.963741421699523926e-01
9.997128844261169434e-01
1.564108533784747124e-04
5.449245125055313110e-02
8.734225034713745117e-01
9.866930842399597168e-01
9.998087286949157715e-01
9.994894266128540039e-01
5.879024863243103027e-01
6.176585704088211060e-02
7.630756497383117676e-02
1.407173555344343185e-02
9.633812904357910156e-01
7.206302285194396973e-01
9.974215030670166016e-01
9.807559847831726074e-01
9.940873384475708008e-01
9.996694326400756836e-01
7.479945421218872070e-01
9.970470070838928223e-01
3.034841269254684448e-02
6.454199552536010742e-01
9.930815100669860840e-01
9.224378466606140137e-01
9.997243285179138184e-01
4.973776265978813171e-02
1.202136278152465820e-01
3.442595899105072021e-01
4.161708347965031862e-04
9.681957960128784180e-01
9.995626807212829590e-01
9.966661334037780762e-01
9.613464474678039551e-01
9.997447133064270020e-01
5.153965204954147339e-03
7.621845579706132412e-04
4.446980655193328857e-01
9.953697323799133301e-01
3.202212750911712646e-01
9.915162324905395508e-01
9.951375126838684082e-01
3.119875676929950714e-02
9.915916919708251953e-01
9.957764744758605957e-01
9.994932413101196289e-01
9.830715060234069824e-01
9.775342419743537903e-03
4.823622480034828186e-02
9.993295669555664062e-01
9.998102784156799316e-01
1.336845161858946085e-04
6.636260543018579483e-03
4.552141427993774414e-01
1.509848283603787422e-03
9.950136542320251465e-01
9.585086954757571220e-04
1.728562861680984497e-01
2.727257311344146729e-01
9.579870700836181641e-01
1.335209012031555176e-01
1.823615282773971558e-03
7.053347229957580566e-01
9.814081788063049316e-01
9.981026053428649902e-01
9.966890215873718262e-01
2.157567767426371574e-03
4.392468929290771484e-02
1.035217419266700745e-01
1.893158853054046631e-01
1.391575642628595233e-04
7.343872189521789551e-01
9.962353110313415527e-01
1.195514341816306114e-03
9.982207417488098145e-01
9.812734127044677734e-01
9.131826162338256836e-01
5.682734251022338867e-01
6.812427639961242676e-01
9.744818806648254395e-01
8.831722140312194824e-01
1.548441825434565544e-03
1.220347732305526733e-01
9.963521957397460938e-01
9.310100078582763672e-01
9.980641007423400879e-01
7.591477478854358196e-04
6.949427071958780289e-03
6.215514149516820908e-03
9.944378137588500977e-01
9.994027614593505859e-01
8.532606959342956543e-01
5.293922871351242065e-02
9.990051388740539551e-01
8.187641501426696777e-01
8.358193933963775635e-02
5.127157550305128098e-03
6.313452869653701782e-02
9.980705380439758301e-01
9.873713254928588867e-01
3.540410399436950684e-01
1.993646472692489624e-02
9.178096652030944824e-01
9.767128825187683105e-01
9.998924732208251953e-01
9.632901549339294434e-01
1.848055273294448853e-01
6.663970183581113815e-03
9.853175282478332520e-01
2.520437352359294891e-03
8.306491654366254807e-04
9.982302784919738770e-01
8.318550884723663330e-03
9.908775687217712402e-01
9.733638167381286621e-01
9.170128032565116882e-04
8.276013731956481934e-01
1.120445132255554199e-02
5.333824157714843750e-01
1.464347448199987411e-02
9.985282421112060547e-01
9.998298883438110352e-01
7.124825716018676758e-01
1.723936758935451508e-02
9.996870756149291992e-01
9.864550828933715820e-01
9.925221800804138184e-01
9.997767806053161621e-01
9.767333269119262695e-01
5.395759344100952148e-01
9.296683128923177719e-04
2.401466853916645050e-02
8.210131898522377014e-03
8.984100222587585449e-01
5.735312700271606445e-01
9.923561811447143555e-01
1.129974611103534698e-02
8.073199540376663208e-02
9.944425225257873535e-01
4.915471374988555908e-01
9.990424513816833496e-01
3.994819708168506622e-03
2.510740305297076702e-04
8.220824003219604492e-01
1.692531164735555649e-03
9.992008805274963379e-01
1.239068619906902313e-02
9.994205236434936523e-01
9.172309073619544506e-04
2.733015120029449463e-01
9.179030060768127441e-01
5.315369963645935059e-01
9.974210262298583984e-01
3.686680691316723824e-03
8.653058409690856934e-01
1.338328793644905090e-02
5.170357413589954376e-03
6.533882115036249161e-04
9.870091080665588379e-01
9.994540810585021973e-01
9.911628961563110352e-01
3.036323701962828636e-03
1.495622284710407257e-02
2.995681203901767731e-02
1.120399218052625656e-03
9.108799099922180176e-01
7.305232435464859009e-02
7.938362658023834229e-02
1.178679376607760787e-04
9.849056601524353027e-01
9.996290206909179688e-01
9.988238215446472168e-01
9.897710084915161133e-01
9.997403025627136230e-01
9.449129104614257812e-01
9.989203214645385742e-01
4.641561508178710938e-01
7.199832797050476074e-01
9.344236254692077637e-01
1.216242834925651550e-02
9.584513902664184570e-01
9.995532631874084473e-01
7.286093663424253464e-03
5.305231362581253052e-02
9.324880242347717285e-01
9.996514320373535156e-01
9.997346997261047363e-01
5.399815272539854050e-04
9.016130566596984863e-01
4.384508065413683653e-04
9.983849525451660156e-01
9.979060888290405273e-01
1.618937030434608459e-02
7.836787030100822449e-03
6.334800720214843750e-01
9.983788728713989258e-01
9.439536184072494507e-02
3.304632264189422131e-04
9.479138255119323730e-01
9.460968971252441406e-01
9.998087286949157715e-01
1.188141554594039917e-01
7.269570231437683105e-01
3.923453390598297119e-03
1.232300535775721073e-03
9.740794897079467773e-01
9.995684027671813965e-01
5.317217437550425529e-04
9.968867897987365723e-01
8.183200657367706299e-02
1.793405273929238319e-03
1.511511160060763359e-03
5.445718765258789062e-01
2.576526952907443047e-03
9.749020338058471680e-01
9.988586902618408203e-01
7.710235076956450939e-04
9.995996356010437012e-01
6.256845593452453613e-01
1.082009673118591309e-01
8.939912915229797363e-01
6.556206848472356796e-03
3.186408877372741699e-01
2.667214870452880859e-01
4.417402669787406921e-02
2.510771446395665407e-04
3.688769042491912842e-02
7.448027282953262329e-02
8.204319477081298828e-01
2.651045322418212891e-01
9.987646341323852539e-01
1.962353289127349854e-01
9.992296695709228516e-01
9.993590712547302246e-01
9.998368024826049805e-01
9.997840523719787598e-01
4.101855456829071045e-01
9.982889294624328613e-01
8.089562505483627319e-02
9.339434504508972168e-01
6.815325617790222168e-01
9.958382844924926758e-01
9.994717240333557129e-01
3.651973605155944824e-01
2.946616113185882568e-01
9.995880722999572754e-01
9.987947940826416016e-01
2.195684909820556641e-01
8.905405178666114807e-03
5.180987715721130371e-01
1.197194142150692642e-04
9.996932744979858398e-01
9.997037053108215332e-01
1.653374880552291870e-01
2.666281070560216904e-03
8.989076614379882812e-01
9.673292636871337891e-01
1.296401955187320709e-03
1.858101598918437958e-02
2.567848861217498779e-01
8.184965252876281738e-01
9.932838678359985352e-01
9.211342930793762207e-01
9.997397065162658691e-01
9.207804203033447266e-01
9.411020278930664062e-01
6.718748062849044800e-02
7.107994169928133488e-04
3.862452805042266846e-01
9.986355900764465332e-01
9.574341177940368652e-01
2.405051700770854950e-02
1.675866842269897461e-01
9.927939176559448242e-01
9.882321953773498535e-01
1.655301451683044434e-02
9.988038539886474609e-01
9.991919398307800293e-01
7.537182886153459549e-03
9.983416795730590820e-01
7.874492406845092773e-01
8.939580917358398438e-01
3.310623578727245331e-04
9.111054539680480957e-01
2.659039339050650597e-03
6.055377051234245300e-02
9.945313334465026855e-01
2.787497043609619141e-01
9.997950196266174316e-01
8.415413904003798962e-04
9.993230104446411133e-01
2.749980986118316650e-02
3.394095227122306824e-03
9.994081258773803711e-01
9.819167256355285645e-01
8.741015791893005371e-01
3.900005817413330078e-01
7.578374147415161133e-01
5.382552370429039001e-02
5.638168454170227051e-01
9.979445338249206543e-01
6.671545654535293579e-02
9.240049719810485840e-01
6.614911556243896484e-01
9.997163414955139160e-01
2.642815001308917999e-03
2.106936573982238770e-01
9.919160008430480957e-01
9.946855306625366211e-01
9.564369320869445801e-01
2.416485175490379333e-02
9.997561573982238770e-01
9.924224019050598145e-01
5.987028032541275024e-02
4.553339481353759766e-01
2.738858386874198914e-02
2.182083390653133392e-02
9.993156194686889648e-01
2.803912758827209473e-02
9.956285953521728516e-01
8.013903498649597168e-01
9.990726709365844727e-01
9.994117021560668945e-01
9.997964501380920410e-01
7.216531317681074142e-03
5.891795754432678223e-01
1.745155546814203262e-03
9.971380233764648438e-01
9.992064833641052246e-01
9.791389107704162598e-01
9.991409778594970703e-01
1.181299891322851181e-02
9.995374679565429688e-01
6.501477956771850586e-01
2.374303061515092850e-03
8.584384918212890625e-01
6.592334508895874023e-01
9.994608759880065918e-01
6.594211794435977936e-03
1.827606558799743652e-02
9.977043271064758301e-01
9.155618608929216862e-04
9.990025162696838379e-01
9.946422576904296875e-01
9.860694408416748047e-01
4.024790599942207336e-03
9.998345375061035156e-01
4.406419582664966583e-03
2.736984461080282927e-04
9.956020116806030273e-01
9.993497729301452637e-01
8.938981890678405762e-01
9.940963983535766602e-01
9.906630516052246094e-01
5.068706870079040527e-01
8.758345246315002441e-01
1.004793271422386169e-01
9.998290538787841797e-01
6.180971264839172363e-01
9.996899366378784180e-01
9.107635021209716797e-01
9.625350832939147949e-01
6.030724048614501953e-01
4.225144584779627621e-05
3.051112964749336243e-02
2.369255962548777461e-04
8.918163948692381382e-04
9.992200136184692383e-01
9.894984960556030273e-01
9.994390606880187988e-01
3.076301328837871552e-02
9.988777041435241699e-01
9.997556805610656738e-01
9.988610744476318359e-01
1.092013344168663025e-02
8.633941411972045898e-01
9.998175501823425293e-01
9.992266893386840820e-01
3.054048418998718262e-01
9.966571331024169922e-01
4.058122285641729832e-04
1.048440560698509216e-01
9.969191551208496094e-01
8.946888446807861328e-01
7.827064394950866699e-02
3.470937013626098633e-01
1.141100469976663589e-02
9.996845722198486328e-01
4.157992824912071228e-02
1.757455524057149887e-03
9.933587908744812012e-01
4.612760841846466064e-01
7.103704810142517090e-01
9.713892936706542969e-01
9.989187717437744141e-01
9.997982382774353027e-01
9.982360601425170898e-01
9.971350431442260742e-01
4.202539566904306412e-03
9.998965263366699219e-01
5.879034474492073059e-02
9.965837001800537109e-01
9.986473917961120605e-01
9.644044637680053711e-01
3.052837029099464417e-02
3.010509302839636803e-03
3.857067786157131195e-04
5.578632950782775879e-01
1.134535204619169235e-02
9.995512366294860840e-01
1.388468444347381592e-01
9.888578653335571289e-01
1.525885611772537231e-02
9.734489917755126953e-01
7.298014760017395020e-01
5.743038058280944824e-01
9.924224019050598145e-01
9.996584653854370117e-01
7.464362978935241699e-01
9.629107713699340820e-01
9.752706289291381836e-01
1.202291063964366913e-02
6.195226311683654785e-02
9.980979561805725098e-01
8.707370758056640625e-01
2.311003208160400391e-01
1.884316839277744293e-02
2.143375948071479797e-02
9.603969454765319824e-01
3.363148868083953857e-01
9.489263757131993771e-04
6.553377024829387665e-04
9.994832277297973633e-01
5.386108756065368652e-01
5.426172018051147461e-01
1.555023342370986938e-01
9.837666749954223633e-01
9.343186616897583008e-01
9.728708267211914062e-01
9.972664117813110352e-01
9.988359808921813965e-01
9.682053923606872559e-01
9.846274256706237793e-01
1.528265029191970825e-01
9.992231130599975586e-01
9.940059185028076172e-01
2.268305281177163124e-03
5.982637405395507812e-01
9.962785840034484863e-01
9.807739853858947754e-01
9.994447827339172363e-01
1.952226758003234863e-01
9.768377542495727539e-01
9.886394739151000977e-01
6.297661922872066498e-03
9.999094009399414062e-01
9.997468590736389160e-01
4.798866342753171921e-03
9.971789121627807617e-01
1.011537835001945496e-01
4.304348528385162354e-01
8.661367297172546387e-01
9.983869791030883789e-01
9.833070039749145508e-01
9.997083544731140137e-01
2.569490969181060791e-01
2.384456545114517212e-01
3.772257864475250244e-01
9.912119507789611816e-01
7.154457736760377884e-03
5.505892113433219492e-05
9.608939290046691895e-01
2.976417090394534171e-05
9.999119043350219727e-01
5.698899030685424805e-01
9.965742826461791992e-01
9.996896982192993164e-01
2.208659201860427856e-01
9.998301267623901367e-01
9.989976286888122559e-01
9.844805598258972168e-01
8.651523850858211517e-03
1.791946124285459518e-03
9.749230146408081055e-01
9.974663257598876953e-01
5.362728610634803772e-03
3.288763761520385742e-01
9.712040424346923828e-01
3.480224404484033585e-03
1.006114878691732883e-03
9.731543660163879395e-01
9.963082671165466309e-01
7.320864200592041016e-01
8.423082828521728516e-01
8.357620239257812500e-01
7.144619822502136230e-01
6.307385116815567017e-02
8.296742290258407593e-02
9.986341595649719238e-01
8.663644641637802124e-02
9.973527193069458008e-01
9.958141446113586426e-01
9.763330817222595215e-01
2.483575493097305298e-01
9.653708338737487793e-01
3.455627337098121643e-02
9.810609817504882812e-01
9.995525479316711426e-01
5.606787162832915783e-04
9.967153072357177734e-01
2.335467785596847534e-01
9.247701764106750488e-01
1.578248292207717896e-01
9.974477291107177734e-01
1.661322778090834618e-03
4.048112407326698303e-02
9.888468384742736816e-01
1.120495200157165527e-01
8.091464638710021973e-01
9.728155732154846191e-01
8.149774670600891113e-01
1.920831127790734172e-04
2.616659039631485939e-04
9.985405206680297852e-01
1.146218783105723560e-04
3.840138018131256104e-01
9.993675351142883301e-01
9.856278896331787109e-01
2.732490375638008118e-02
9.995691180229187012e-01
9.646044969558715820e-01
9.631736874580383301e-01
5.368655323982238770e-01
1.773713715374469757e-02
8.317734301090240479e-02
9.991949200630187988e-01
9.991627931594848633e-01
9.997746348381042480e-01
3.253728747367858887e-01
9.996015429496765137e-01
9.920374155044555664e-01
7.609207630157470703e-01
9.773714542388916016e-01
2.029828901868313551e-04
9.831820726394653320e-01
4.116910099983215332e-01
8.220027387142181396e-02
9.897688627243041992e-01
5.031703114509582520e-01
9.992802739143371582e-01
9.950525164604187012e-01
9.995902180671691895e-01
9.868365526199340820e-01
7.153705358505249023e-01
3.693066835403442383e-01
9.499337077140808105e-01
9.994414448738098145e-01
9.987425208091735840e-01
4.231564700603485107e-01
9.916042685508728027e-01
9.952759742736816406e-01
8.176888823509216309e-01
9.988343119621276855e-01
1.143240332603454590e-01
7.496071630157530308e-04
9.992954730987548828e-01
7.337003946304321289e-02
1.174435717985033989e-03
9.982007741928100586e-01
8.296537399291992188e-02
3.256634622812271118e-02
9.992352724075317383e-01
3.344009630382061005e-03
6.112297996878623962e-03
1.293360022827982903e-03
3.207355039194226265e-03
6.833300590515136719e-01
9.994500279426574707e-01
3.948197141289710999e-02
9.886878132820129395e-01
2.572487108409404755e-02
9.973071813583374023e-01
9.641873240470886230e-01
9.834352135658264160e-01
9.987707734107971191e-01
1.729351282119750977e-02
9.988247752189636230e-01
9.735897779464721680e-01
9.327787756919860840e-01
9.923759102821350098e-01
9.963422417640686035e-01
9.943588376045227051e-01
9.366294741630554199e-01
4.181994881946593523e-04
9.986018538475036621e-01
4.242854118347167969e-01
9.893802404403686523e-01
3.043342232704162598e-01
1.272981315851211548e-01
9.865632653236389160e-02
9.375383853912353516e-01
3.021326661109924316e-01
5.795736312866210938e-01
2.880940139293670654e-01
3.138919710181653500e-04
5.915338397026062012e-01
4.236063957214355469e-01
6.124581396579742432e-02
9.268301129341125488e-01
9.571256637573242188e-01
7.686304450035095215e-01
9.769559502601623535e-01
9.155318140983581543e-01
1.388385775499045849e-03
1.009751949459314346e-02
3.636953607201576233e-02
1.030016019940376282e-01
3.075810372829437256e-01
9.912834167480468750e-01
9.898884892463684082e-01
9.997586607933044434e-01
9.137050509452819824e-01
4.810773243661969900e-04
3.388408124446868896e-01
9.927515983581542969e-01
2.912402711808681488e-02
9.998463392257690430e-01
2.388965571299195290e-03
4.811062943190336227e-03
9.995802044868469238e-01
3.884367942810058594e-01
9.787991046905517578e-01
8.753657341003417969e-01
8.808268904685974121e-01
9.555782675743103027e-01
9.660763144493103027e-01
9.996651411056518555e-01
1.056072302162647247e-02
9.776514172554016113e-01
5.517044663429260254e-02
8.790156245231628418e-01
9.998668432235717773e-01
9.998662471771240234e-01
7.588899135589599609e-02
1.754198456183075905e-03
6.595661640167236328e-01
9.996736049652099609e-01
9.997588992118835449e-01
3.986450377851724625e-03
9.364241957664489746e-01
9.963551759719848633e-01
1.145083806477487087e-04
1.298855338245630264e-02
7.152784466743469238e-01
9.989011287689208984e-01
8.628197312355041504e-01
1.607892627362161875e-04
4.749839603900909424e-01
9.968859553337097168e-01
9.481347799301147461e-01
1.495814503869041800e-04
1.538165286183357239e-02
9.531306624412536621e-01
7.203852385282516479e-02
7.159737944602966309e-01
9.988858103752136230e-01
9.929428100585937500e-01
9.942592382431030273e-01
9.992861151695251465e-01
1.239954084157943726e-01
9.839497208595275879e-01
9.973446726799011230e-01
8.444836735725402832e-02
8.734086751937866211e-01
9.969641566276550293e-01
8.020898103713989258e-01
3.556491807103157043e-03
1.222033519297838211e-02
8.107963800430297852e-01
8.274953365325927734e-01
9.743716120719909668e-01
9.976214766502380371e-01
9.970719814300537109e-01
6.072435975074768066e-01
9.629445672035217285e-01
9.979004859924316406e-01
6.354081630706787109e-01
2.747413516044616699e-02
1.892160773277282715e-01
2.237347364425659180e-01
2.261240035295486450e-03
2.169600427150726318e-01
9.585803747177124023e-01
4.308427274227142334e-01
9.966804385185241699e-01
9.936603903770446777e-01
9.977979660034179688e-01
9.998590946197509766e-01
9.969674944877624512e-01
3.332558572292327881e-01
9.784527420997619629e-01
6.140226125717163086e-02
5.167723819613456726e-02
1.291038841009140015e-01
8.032183647155761719e-01
9.922487735748291016e-01
9.998703002929687500e-01
9.839729070663452148e-01
9.848965406417846680e-01
9.740337133407592773e-01
8.552822400815784931e-04
9.863229990005493164e-01
1.187366433441638947e-02
2.888647615909576416e-01
9.965384006500244141e-01
9.711129241622984409e-04
9.978582262992858887e-01
9.966546297073364258e-01
5.349151324480772018e-04
8.756330013275146484e-01
9.998909235000610352e-01
9.994256496429443359e-01
1.738717555999755859e-01
9.998588562011718750e-01
9.995959401130676270e-01
5.863447785377502441e-01
9.989752769470214844e-01
9.984794259071350098e-01
2.439060620963573456e-02
6.310446653515100479e-03
9.950233697891235352e-01
9.648020863533020020e-01
1.605324596166610718e-01
1.206358000636100769e-01
8.312844634056091309e-01
6.705414056777954102e-01
1.407651752233505249e-01
9.998484849929809570e-01
8.104587905108928680e-04
9.910797476768493652e-01
9.995296001434326172e-01
8.540918231010437012e-01
1.130654476583003998e-02
9.843173027038574219e-01
9.996517896652221680e-01
9.970757961273193359e-01
8.756926059722900391e-01
8.354160189628601074e-01
6.281165480613708496e-01
6.909772753715515137e-02
9.987659454345703125e-01
9.985376596450805664e-01
9.997887015342712402e-01
9.119488596916198730e-01
9.840365052223205566e-01
1.229350492358207703e-01
9.979616403579711914e-01
9.689388871192932129e-01
5.516920238733291626e-02
2.102098800241947174e-02
9.973689317703247070e-01
9.993153810501098633e-01
3.345042839646339417e-02
9.995648264884948730e-01
8.976610377430915833e-03
9.989515542984008789e-01
9.988447427749633789e-01
1.617102473974227905e-01
9.986148215830326080e-03
9.989829659461975098e-01
9.891672432422637939e-02
9.996938705444335938e-01
3.125781659036874771e-03
7.977833598852157593e-02
9.859311580657958984e-01
9.995594620704650879e-01
5.322887301445007324e-01
3.636116385459899902e-01
1.129353605210781097e-02
1.283808499574661255e-01
9.995352029800415039e-01
6.536251306533813477e-01
9.907682538032531738e-01
9.965331554412841797e-01
9.941066503524780273e-01
9.946824908256530762e-01
2.963611483573913574e-01
9.996540546417236328e-01
1.720450222492218018e-01
8.421690436080098152e-04
6.982334256172180176e-01
1.436360459774732590e-02
3.082549385726451874e-02
9.603298306465148926e-01
9.748746156692504883e-01
5.974819418042898178e-03
1.201921887695789337e-02
9.997765421867370605e-01
3.310434892773628235e-02
1.248360844328999519e-03
9.995263814926147461e-01
9.711813330650329590e-01
5.843173712491989136e-03
9.339807629585266113e-01
9.992530941963195801e-01
5.585103034973144531e-01
1.127859801054000854e-01
2.022970467805862427e-03
9.956574440002441406e-01
8.834528271108865738e-04
9.973472356796264648e-01
3.134317994117736816e-01
8.620795607566833496e-02
3.614403679966926575e-02
9.443206191062927246e-01
1.272240304388105869e-03
4.468916449695825577e-03
9.982611536979675293e-01
9.994776844978332520e-01
2.643178701400756836e-01
9.958653450012207031e-01
9.996137022972106934e-01
9.260149300098419189e-02
8.625713735818862915e-02
8.211700916290283203e-01
9.998121857643127441e-01
2.717727422714233398e-02
2.161461114883422852e-02
4.029487371444702148e-01
8.244926929473876953e-01
4.965955317020416260e-01
3.129785414785146713e-03
9.664208292961120605e-01
1.259081909665837884e-04
7.223472595214843750e-01
9.082311391830444336e-01
9.777866005897521973e-01
2.415406703948974609e-01
9.891485571861267090e-01
9.988685846328735352e-01
4.856765270233154297e-03
9.949274063110351562e-01
8.631423711776733398e-01
1.665893010795116425e-02
7.361481338739395142e-02
9.985504746437072754e-01
9.997801184654235840e-01
9.993896484375000000e-01
3.188797235488891602e-01
9.788094162940979004e-01
3.444033265113830566e-01
9.262095689773559570e-01
7.826578021049499512e-01
1.298915449297055602e-04
9.988096952438354492e-01
8.843572735786437988e-01
4.493821263313293457e-01
1.863147364929318428e-03
8.359318599104881287e-04
6.906288862228393555e-01
9.984850287437438965e-01
9.998531341552734375e-01
9.990333318710327148e-01
1.839856058359146118e-01
8.366094231605529785e-01
1.663083396852016449e-02
7.350721862167119980e-04
1.990918517112731934e-01
8.505182862281799316e-01
6.570315361022949219e-01
9.865445494651794434e-01
8.955997973680496216e-02
9.246595436707139015e-04
8.519704937934875488e-01
9.586850404739379883e-01
3.714687004685401917e-02
1.379005261696875095e-03
9.959295392036437988e-01
4.237774293869733810e-03
7.651207596063613892e-02
9.973197579383850098e-01
9.644359350204467773e-01
9.979109168052673340e-01
1.954037696123123169e-02
9.971388578414916992e-01
9.995434880256652832e-01
4.443962243385612965e-04
9.743396043777465820e-01
9.495015740394592285e-01
9.997759461402893066e-01
8.709334768354892731e-03
9.976691603660583496e-01
9.998562335968017578e-01
9.990774393081665039e-01
2.239186875522136688e-02
1.744107306003570557e-01
9.901044964790344238e-01
9.368219375610351562e-01
1.733363978564739227e-02
9.860862493515014648e-01
1.083293631672859192e-01
9.883523583412170410e-01
6.671177688986063004e-03
3.936920315027236938e-02
7.255238294601440430e-01
2.794312778860330582e-03
8.624621033668518066e-01
9.998804330825805664e-01
1.490795868448913097e-03
9.991908669471740723e-01
9.994793534278869629e-01
4.212992265820503235e-03
6.778932809829711914e-01
1.429354697465896606e-01
4.054145142436027527e-02
1.263599609956145287e-03
1.911011524498462677e-03
2.099127508699893951e-03
9.788998365402221680e-01
9.544768929481506348e-01
8.181058764457702637e-01
6.643217802047729492e-01
2.825373667292296886e-04
6.744970083236694336e-01
9.991772770881652832e-01
5.122275948524475098e-01
9.965906143188476562e-01
9.920835494995117188e-01
1.051545725204050541e-03
9.994757771492004395e-01
5.361735820770263672e-01
3.783398270606994629e-01
1.653872281312942505e-01
6.258414983749389648e-01
5.533577059395611286e-04
7.513318657875061035e-01
9.375383853912353516e-01
9.997671246528625488e-01
9.852703809738159180e-01
5.560708045959472656e-01
1.320648659020662308e-02
5.267769843339920044e-02
9.986642599105834961e-01
7.825061678886413574e-03
6.771673560142517090e-01
9.667239785194396973e-01
9.597725002095103264e-04
9.996665716171264648e-01
4.068744182586669922e-01
9.060332179069519043e-01
9.996596574783325195e-01
8.897560238838195801e-01
2.076580421999096870e-03
6.182095408439636230e-01
9.805834293365478516e-01
9.987754225730895996e-01
8.337525650858879089e-03
9.979324340820312500e-01
6.344135035760700703e-04
9.968135952949523926e-01
5.583683494478464127e-03
9.830715060234069824e-01
1.281785196624696255e-03
6.547125056385993958e-03
9.931457042694091797e-01
3.884650766849517822e-01
7.738460408290848136e-05
9.993339180946350098e-01
3.858571499586105347e-02
4.122137725353240967e-01
9.961575865745544434e-01
3.244263827800750732e-01
9.972119927406311035e-01
2.177772577852010727e-03
9.484505426371470094e-05
4.809851944446563721e-01
9.954256415367126465e-01
9.985937476158142090e-01
3.227003514766693115e-01
9.989117383956909180e-01
2.045768778771162033e-03
9.676355719566345215e-01
2.645086348056793213e-01
3.043737960979342461e-04
9.288057684898376465e-01
4.893526202067732811e-04
3.124384768307209015e-02
2.319013513624668121e-02
5.832288041710853577e-02
8.528861999511718750e-01
5.120936632156372070e-01
2.296905033290386200e-02
6.946083903312683105e-02
7.738609332591295242e-03
3.846396133303642273e-02
7.705634236335754395e-01
9.998887777328491211e-01
5.875262022018432617e-01
1.122774905525147915e-03
3.789168968796730042e-02
9.885763525962829590e-01
8.517166972160339355e-01
4.289790391921997070e-01
8.930027484893798828e-01
6.236501336097717285e-01
6.197192072868347168e-01
4.496000111103057861e-01
9.998924732208251953e-01
9.878978133201599121e-01
9.726076722145080566e-01
7.194889783859252930e-01
3.193175420165061951e-02
2.101987414062023163e-02
9.960618615150451660e-01
2.677114753169007599e-05
9.002748727798461914e-01
7.500619888305664062e-01
2.076721638441085815e-01
7.029984593391418457e-01
9.902211427688598633e-01
9.372574277222156525e-04
8.703464269638061523e-01
9.667208194732666016e-01
5.507153868675231934e-01
3.029392799362540245e-03
9.587911963462829590e-01
3.706748783588409424e-01
1.597642153501510620e-02
3.520367667078971863e-02
9.994847774505615234e-01
9.992730021476745605e-01
9.727188944816589355e-01
7.735276222229003906e-01
9.991056323051452637e-01
1.082641165703535080e-02
7.432756423950195312e-01
9.694311767816543579e-03
9.883062243461608887e-01
9.670548439025878906e-01
7.492287755012512207e-01
7.813925147056579590e-01
3.113135928288102150e-03
9.993619322776794434e-01
9.940786361694335938e-01
9.992849230766296387e-01
9.996623992919921875e-01
6.856583803892135620e-02
9.982537627220153809e-01
4.510580003261566162e-01
3.302135155536234379e-04
9.994283318519592285e-01
2.770981227513402700e-04
9.936542510986328125e-01
3.353138267993927002e-01
9.992795586585998535e-01
9.972684383392333984e-01
9.841179847717285156e-01
4.090349748730659485e-02
7.243219442898407578e-05
6.058247527107596397e-04
8.536094427108764648e-01
6.765688061714172363e-01
9.832041263580322266e-01
9.986586570739746094e-01
9.979041814804077148e-01
1.025072764605283737e-03
7.986251711845397949e-01
4.284677207469940186e-01
9.958670139312744141e-01
9.765369892120361328e-01
9.962251186370849609e-01
9.997584223747253418e-01
2.403601445257663727e-02
7.950989007949829102e-01
9.966121315956115723e-01
5.742072463035583496e-01
8.867431282997131348e-01
9.955086708068847656e-01
9.870386123657226562e-01
9.994693398475646973e-01
9.826278090476989746e-01
9.992190599441528320e-01
1.011580025078728795e-04
9.969841837882995605e-01
6.403174251317977905e-02
9.951931238174438477e-01
9.380393028259277344e-01
9.959166646003723145e-01
8.059107661247253418e-01
9.873835444450378418e-01
9.431462883949279785e-01
9.997612833976745605e-01
9.944690465927124023e-01
8.241921663284301758e-01
9.969971179962158203e-01
4.052281379699707031e-01
9.839497208595275879e-01
5.787575617432594299e-03
9.762073159217834473e-01
9.971752166748046875e-01
9.862617850303649902e-01
9.828579425811767578e-01
9.966769218444824219e-01
9.998242259025573730e-01
9.983111619949340820e-01
3.492430970072746277e-02
4.339421689510345459e-01
9.851222038269042969e-01
5.491698384284973145e-01
2.993025991600006819e-04
9.137545228004455566e-01
8.891880512237548828e-02
1.628443151712417603e-01
9.687480330467224121e-01
2.115385374054312706e-03
9.993479847908020020e-01
1.467393449274823070e-04
9.992140531539916992e-01
4.084664396941661835e-03
3.767664134502410889e-01
6.005241721868515015e-02
8.076736330986022949e-02
1.126873889006674290e-03
1.207560300827026367e-02
9.656782150268554688e-01
9.873713254928588867e-01
9.781976342201232910e-01
9.997250437736511230e-01
4.451508168131113052e-03
9.583012461662292480e-01
2.096167067065834999e-03
1.292922068387269974e-02
8.683872818946838379e-01
1.990302205085754395e-01
9.977735877037048340e-01
4.980822559446096420e-04
5.324194207787513733e-03
9.991151690483093262e-01
1.858783303759992123e-03
5.158029198646545410e-01
9.976710677146911621e-01
9.990756511688232422e-01
9.781470894813537598e-01
1.392881968058645725e-04
8.821399807929992676e-01
8.221772441174834967e-05
9.981325268745422363e-01
2.238028869032859802e-02
9.952582716941833496e-01
1.508488785475492477e-03
6.382490391843020916e-04
9.995275735855102539e-01
9.997361302375793457e-01
9.543640613555908203e-01
9.977027773857116699e-01
9.978796243667602539e-01
1.698949933052062988e-02
9.740375280380249023e-01
9.996143579483032227e-01
9.995871186256408691e-01
9.916050434112548828e-01
9.994743466377258301e-01
1.744902320206165314e-02
2.149917632341384888e-01
5.335772875696420670e-03
4.086517542600631714e-02
1.685476489365100861e-02
9.993759989738464355e-01
5.577501654624938965e-02
3.767278492450714111e-01
9.838097095489501953e-01
9.629970788955688477e-02
7.935015559196472168e-01
7.471042685210704803e-03
5.351381897926330566e-01
9.983204007148742676e-01
9.993630051612854004e-01
9.954853653907775879e-01
9.491943120956420898e-01
7.143849506974220276e-05
3.688469296321272850e-03
9.993931055068969727e-01
1.561788469552993774e-01
4.585036367643624544e-04
1.342588802799582481e-03
1.984684204217046499e-04
9.979200959205627441e-01
9.949471354484558105e-01
2.379975914955139160e-01
6.994294375181198120e-02
9.986699819564819336e-01
1.545925140380859375e-01
8.036885261535644531e-01
5.586972087621688843e-02
9.998036026954650879e-01
2.817843258380889893e-01
1.082021393813192844e-03
9.998594522476196289e-01
9.996045231819152832e-01
9.287188053131103516e-01
1.647367924451828003e-01
9.576116204261779785e-01
9.998638629913330078e-01
9.886337518692016602e-01
9.407061934471130371e-01
9.995680451393127441e-01
9.866740703582763672e-01
2.495958469808101654e-02
1.154321152716875076e-02
1.679690903984010220e-04
9.992038607597351074e-01
9.640190005302429199e-01
3.606614470481872559e-01
8.228911319747567177e-04
2.768594920635223389e-01
7.654355466365814209e-02
3.666773438453674316e-02
1.757526025176048279e-02
1.825641095638275146e-02
5.434230566024780273e-01
9.998427629470825195e-01
9.894945025444030762e-01
2.968474058434367180e-03
2.140961587429046631e-02
9.889854192733764648e-01
9.911961555480957031e-01
3.383502960205078125e-01
9.549108147621154785e-01
2.888727700337767601e-03
9.932517409324645996e-01
9.918516278266906738e-01
9.983988404273986816e-01
9.984964132308959961e-01
9.806326031684875488e-01
7.486835122108459473e-02
9.965299963951110840e-01
9.996712207794189453e-01
5.443512927740812302e-04
9.948807954788208008e-01
9.997985959053039551e-01
8.171139359474182129e-01
3.939168062061071396e-03
9.010851383209228516e-01
9.651327729225158691e-01
5.384548306465148926e-01
9.754285216331481934e-01
9.935729503631591797e-01
9.940404295921325684e-01
9.893816709518432617e-01
8.742713332176208496e-01
5.415853112936019897e-02
1.914629363454878330e-03
9.998258948326110840e-01
9.238334298133850098e-01
9.975425004959106445e-01
8.232638239860534668e-02
9.987453222274780273e-01
9.995388984680175781e-01
9.745543599128723145e-01
9.988158941268920898e-01
9.996098875999450684e-01
6.638416051864624023e-01
3.476740792393684387e-02
9.949571490287780762e-01
9.895737767219543457e-01
9.989557266235351562e-01
9.902970194816589355e-01
1.525769084692001343e-01
8.551856279373168945e-01
9.989845156669616699e-01
9.995393753051757812e-01
9.997519850730895996e-01
1.166620850563049316e-01
4.435465931892395020e-01
9.072846174240112305e-02
5.252403020858764648e-01
9.856981635093688965e-01
9.995102882385253906e-01
2.495995722711086273e-02
7.206762675195932388e-04
8.414843678474426270e-01
2.136802524328231812e-01
9.888539314270019531e-01
2.223762858193367720e-04
1.283130347728729248e-01
9.989060163497924805e-01
1.042395234107971191e-01
7.811631262302398682e-02
3.749803639948368073e-03
8.645665049552917480e-01
8.184525370597839355e-01
6.296373605728149414e-01
9.996352195739746094e-01
9.503640532493591309e-01
9.939292669296264648e-01
4.411573112010955811e-01
3.155723446980118752e-03
2.007754296064376831e-01
1.888297945261001587e-01
9.682186841964721680e-01
4.413850605487823486e-02
7.004117369651794434e-01
8.655997808091342449e-04
9.955983161926269531e-01
3.256595432758331299e-01
9.997069239616394043e-01
3.913797438144683838e-03
1.940216025104746222e-04
9.574539065361022949e-01
9.997919201850891113e-01
2.216689661145210266e-02
3.351274877786636353e-02
7.414750754833221436e-03
1.984535343945026398e-02
7.777319550514221191e-01
7.703739101998507977e-04
9.861623048782348633e-01
9.808748960494995117e-01
5.801476910710334778e-02
4.251851141452789307e-02
8.671630918979644775e-02
4.131226837635040283e-01
9.979588985443115234e-01
1.879852963611483574e-03
7.414750754833221436e-03
1.955966278910636902e-02
3.745474293828010559e-02
1.557593643665313721e-01
2.017315290868282318e-02
3.946256637573242188e-01
9.827462434768676758e-01
1.106029376387596130e-02
5.187300965189933777e-03
1.675431034527719021e-03
8.328948020935058594e-01
2.883023619651794434e-01
9.996916055679321289e-01
9.988316893577575684e-01
6.755314469337463379e-01
5.385165214538574219e-01
9.681969881057739258e-01
9.961657524108886719e-01
9.991195797920227051e-01
9.996591806411743164e-01
9.890359044075012207e-01
9.943811297416687012e-01
9.950650334358215332e-01
3.793689422309398651e-03
6.398849487304687500e-01
9.996975660324096680e-01
9.992971420288085938e-01
9.996479749679565430e-01
5.100682377815246582e-01
4.512554705142974854e-01
9.350146055221557617e-01
3.570588529109954834e-01
9.998595714569091797e-01
9.996459484100341797e-01
5.629376391880214214e-04
6.645138859748840332e-01
9.989283680915832520e-01
1.827293453970924020e-04
9.754739999771118164e-01
9.568966627120971680e-01
2.253093123435974121e-01
7.874485105276107788e-02
5.719780325889587402e-01
7.886029197834432125e-04
9.905788302421569824e-01
4.819002449512481689e-01
9.961991906166076660e-01
9.885928630828857422e-01
3.583008050918579102e-02
9.968908429145812988e-01
9.548564553260803223e-01
8.999708890914916992e-01
9.995785355567932129e-01
2.568785566836595535e-04
9.991472959518432617e-01
9.975505471229553223e-01
9.989628791809082031e-01
9.578672051429748535e-01
7.453126311302185059e-01
9.883679747581481934e-01
4.735451191663742065e-02
9.998450279235839844e-01
9.989795088768005371e-01
9.429000020027160645e-01
8.359810709953308105e-01
9.978512525558471680e-01
1.523847226053476334e-03
2.190729379653930664e-01
9.998298883438110352e-01
9.968581199645996094e-01
9.991263747215270996e-01
4.624016582965850830e-01
9.965218305587768555e-01
1.009109616279602051e-02
9.993630051612854004e-01
1.537055373191833496e-01
7.170157041400671005e-04
9.994900226593017578e-01
2.281496563227847219e-04
2.669786848127841949e-02
9.269772171974182129e-01
9.816862344741821289e-01
9.977444410324096680e-01
9.998612403869628906e-01
3.140586018562316895e-01
5.909509658813476562e-01
1.080692978575825691e-03
1.347933709621429443e-01
9.752978682518005371e-01
2.359284609556198120e-01
8.923146128654479980e-01
6.564087420701980591e-02
7.634660601615905762e-01
7.151745557785034180e-01
1.399786584079265594e-02
6.774017238058149815e-04
4.255625009536743164e-01
2.818022668361663818e-01
9.626285433769226074e-01
1.807331293821334839e-01
7.840258479118347168e-01
3.830092464340850711e-05
9.665139913558959961e-01
1.004133737296797335e-04
9.970420002937316895e-01
9.984140396118164062e-01
3.429401840548962355e-04
9.988725781440734863e-01
1.152001786977052689e-02
5.364830791950225830e-02
9.438412636518478394e-02
7.939586043357849121e-01
8.920135498046875000e-01
2.801724942401051521e-03
9.860910773277282715e-01
9.746262431144714355e-01
9.998394250869750977e-01
9.998432397842407227e-01
9.984563589096069336e-01
9.978113770484924316e-01
9.629899263381958008e-01
4.208760947221890092e-05
9.980667233467102051e-01
9.963758587837219238e-01
9.929119944572448730e-01
9.974437952041625977e-01
5.097089409828186035e-01
9.993419051170349121e-01
2.961136214435100555e-02
9.962013363838195801e-01
1.173287555575370789e-01
9.948213100433349609e-01
9.967967867851257324e-02
7.027877867221832275e-02
9.998148083686828613e-01
7.503314018249511719e-01
2.153380662202835083e-01
5.053654313087463379e-01
9.685391783714294434e-01
1.470548659563064575e-02
1.440863311290740967e-01
8.158674240112304688e-01
3.044313378632068634e-02
9.979971051216125488e-01
9.986308217048645020e-01
9.966662526130676270e-01
9.963793158531188965e-01
5.258401632308959961e-01
9.947600960731506348e-01
2.461319603025913239e-02
1.468895236030220985e-03
9.996060729026794434e-01
5.210662633180618286e-02
9.975767731666564941e-01
9.729288220405578613e-01
9.998701810836791992e-01
3.475400805473327637e-02
9.996783733367919922e-01
8.963003158569335938e-01
9.984508752822875977e-01
9.603559970855712891e-01
9.968922734260559082e-01
9.966531395912170410e-01
9.863712191581726074e-01
9.989389777183532715e-01
9.451604485511779785e-01
9.365586638450622559e-01
9.972946047782897949e-01
1.239609322510659695e-03
9.957375526428222656e-01
9.457268118858337402e-01
9.970964193344116211e-01
9.272623658180236816e-01
1.524093910120427608e-03
5.971089601516723633e-01
4.853640496730804443e-02
9.993557333946228027e-01
2.376649342477321625e-02
9.494491219520568848e-01
3.558348907972685993e-05
9.601429700851440430e-01
9.758376479148864746e-01
5.271381139755249023e-01
8.959499001502990723e-01
9.950645565986633301e-01
1.552590518258512020e-03
3.534953808411955833e-03
2.126531749963760376e-01
1.227871607989072800e-02
9.368198513984680176e-01
4.578778147697448730e-01
9.986385703086853027e-01
9.998764991760253906e-01
9.965740442276000977e-01
9.335608482360839844e-01
8.513994216918945312e-01
1.280113775283098221e-02
9.926379919052124023e-01
2.102531492710113525e-03
9.989769458770751953e-01
8.009235858917236328e-01
1.142483949661254883e-01
9.764512069523334503e-04
9.997594952583312988e-01
9.132521809078752995e-04
1.520426720380783081e-01
8.643542528152465820e-01
8.744611113797873259e-05
4.130775928497314453e-01
9.994033575057983398e-01
9.391771554946899414e-01
2.140677720308303833e-02
9.997832179069519043e-01
9.821172356605529785e-01
6.502473726868629456e-03
9.885191321372985840e-01
7.036097645759582520e-01
9.227017164230346680e-01
1.649200171232223511e-01
9.683704972267150879e-01
6.180199384689331055e-01
4.605110585689544678e-01
1.703497488051652908e-03
1.303788274526596069e-01
4.770232737064361572e-02
9.970888495445251465e-01
2.762672305107116699e-01
6.519036833196878433e-03
9.981561303138732910e-01
2.467350568622350693e-04
9.287188053131103516e-01
9.819824695587158203e-01
1.999801695346832275e-01
9.665374159812927246e-01
3.880833685398101807e-01
8.277468681335449219e-01
4.248499572277069092e-01
9.810938835144042969e-01
9.979115128517150879e-01
2.789759892039000988e-04
8.138850331306457520e-01
9.648431837558746338e-02
9.988941550254821777e-01
6.169210076332092285e-01
1.019414290785789490e-01
5.450445413589477539e-02
1.187133044004440308e-02
9.334602952003479004e-01
9.499239325523376465e-01
6.906250957399606705e-03
9.617176055908203125e-01
9.920688867568969727e-01
9.426149129867553711e-01
8.273994326591491699e-01
1.918706148862838745e-01
9.995355606079101562e-01
9.994840621948242188e-01
9.992961883544921875e-01
9.996693134307861328e-01
9.237951636314392090e-01
9.990878105163574219e-01
9.218376278877258301e-01
8.960263133049011230e-01
1.168180722743272781e-02
9.997606873512268066e-01
5.220170598477125168e-03
5.624361219815909863e-04
9.998484849929809570e-01
9.319643974304199219e-01
5.986814498901367188e-01
9.896301627159118652e-01
1.610225625336170197e-02
9.972200393676757812e-01
9.913041591644287109e-01
9.997650980949401855e-01
9.152464270591735840e-01
4.886407259618863463e-05
5.923583507537841797e-01
1.778718642890453339e-02
1.508999848738312721e-04
8.720195293426513672e-01
9.992522597312927246e-01
2.610640367493033409e-03
1.532670669257640839e-02
9.451467990875244141e-01
8.974983096122741699e-01
9.996663331985473633e-01
1.553195994347333908e-03
9.887061119079589844e-01
1.010139100253582001e-02
2.804338699206709862e-03
2.887696493417024612e-03
9.379035234451293945e-01
2.736981771886348724e-02
4.355859756469726562e-01
9.961228966712951660e-01
7.378464564681053162e-03
4.789325757883489132e-04
9.223518967628479004e-01
9.942592382431030273e-01
9.996058344841003418e-01
9.386403560638427734e-01
8.305933442898094654e-04
7.061877250671386719e-01
9.414203763008117676e-01
9.985621571540832520e-01
7.290235953405499458e-05
9.952670335769653320e-01
2.416923828423023224e-02
1.238455181010067463e-03
3.380838315933942795e-04
4.530751320999115705e-04
3.911263942718505859e-01
9.891844987869262695e-01
9.796918034553527832e-01
9.938644617795944214e-02
9.990204572677612305e-01
8.509650230407714844e-01
9.995101690292358398e-01
1.158069862867705524e-04
7.623493671417236328e-01
9.962149262428283691e-01
3.606603713706135750e-03
5.510767102241516113e-01
9.983586668968200684e-01
6.031494736671447754e-01
9.986351132392883301e-01
9.380797273479402065e-04
9.604448452591896057e-03
2.447333037853240967e-01
6.266769170761108398e-01
9.982269406318664551e-01
5.386546254158020020e-01
9.958981871604919434e-01
9.994100332260131836e-01
2.908389782533049583e-03
9.993708729743957520e-01
6.436832994222640991e-02
9.988554716110229492e-01
9.307873845100402832e-01
7.501778006553649902e-02
6.521150935441255569e-04
9.553812742233276367e-01
9.996401071548461914e-01
9.653128385543823242e-01
2.185335149988532066e-03
9.369851946830749512e-01
2.887167967855930328e-03
9.974650144577026367e-01
4.299061894416809082e-01
4.601327776908874512e-01
1.282377243041992188e-01
5.670800805091857910e-01
1.512337569147348404e-02
3.248169273138046265e-02
6.690313816070556641e-01
9.987170696258544922e-01
9.996529817581176758e-01
9.974638223648071289e-01
5.180729925632476807e-02
6.343740224838256836e-01
9.788470864295959473e-01
8.478386327624320984e-03
8.180691003799438477e-01
9.771351814270019531e-01
2.637037634849548340e-02
3.518152981996536255e-02
9.993242025375366211e-01
9.991264939308166504e-01
2.261277288198471069e-01
8.401184459216892719e-04
3.822455406188964844e-01
1.279678544960916042e-03
2.963675186038017273e-02
9.717639088630676270e-01
2.535802079364657402e-03
6.690391805022954941e-03
4.498480856418609619e-01
7.659493014216423035e-03
9.954884648323059082e-01
9.917662739753723145e-01
7.042327523231506348e-01
4.538729190826416016e-01
9.998163580894470215e-01
3.482256579445675015e-05
9.998825788497924805e-01
5.351690649986267090e-01
8.828426003456115723e-01
8.487964048981666565e-03
7.757524251937866211e-01
9.997519850730895996e-01
4.032484292984008789e-01
1.120379641652107239e-01
3.420008718967437744e-01
3.435381650924682617e-01
9.969699978828430176e-01
5.805212259292602539e-01
7.483630906790494919e-05
9.328106045722961426e-01
3.188993632793426514e-01
9.996516704559326172e-01
1.225505396723747253e-01
9.994805455207824707e-01
1.537198759615421295e-02
3.329575359821319580e-01
5.648737773299217224e-02
7.615001797676086426e-01
7.977512478828430176e-01
4.093399345874786377e-01
9.549050927162170410e-01
3.378104884177446365e-03
1.072082886821590364e-04
8.043188601732254028e-02
4.662830755114555359e-02
9.567220807075500488e-01
1.605154830031096935e-03
8.043194413185119629e-01
9.932404756546020508e-01
3.109073499217629433e-03
9.997199177742004395e-01
8.359111100435256958e-02
7.708183526992797852e-01
9.983213543891906738e-01
9.460343718528747559e-01
9.996120333671569824e-01
2.608334720134735107e-01
9.997163414955139160e-01
2.014150023460388184e-01
9.987010955810546875e-01
1.189597994089126587e-01
4.854242205619812012e-01
9.947676658630371094e-01
2.428244054317474365e-02
9.992896318435668945e-01
9.997684359550476074e-01
9.970409274101257324e-01
9.043675065040588379e-01
9.996258020401000977e-01
9.998719692230224609e-01
9.776597619056701660e-01
9.990850687026977539e-01
3.285190905444324017e-04
4.714669194072484970e-03
2.176582068204879761e-02
9.990231990814208984e-01
8.559796214103698730e-01
1.153713166713714600e-01
9.948455095291137695e-01
1.543225347995758057e-01
5.392365157604217529e-03
2.222705781459808350e-01
1.025305781513452530e-02
9.083936214447021484e-01
9.994680285453796387e-01
9.965554475784301758e-01
1.456073112785816193e-02
9.993168115615844727e-01
8.876984007656574249e-03
9.991611242294311523e-01
9.995244741439819336e-01
3.950403928756713867e-01
9.997305274009704590e-01
1.959387399256229401e-02
9.895507693290710449e-01
9.659500718116760254e-01
9.640818238258361816e-01
9.980402588844299316e-01
9.964555501937866211e-01
9.993274211883544922e-01
8.755043963901698589e-04
9.528375864028930664e-01
9.212777614593505859e-01
9.994711279869079590e-01
9.934346675872802734e-01
9.861664772033691406e-01
9.610646963119506836e-01
6.542572975158691406e-01
1.613475754857063293e-02
9.947729706764221191e-01
2.693534791469573975e-01
9.543495774269104004e-01
9.544380903244018555e-01
5.443177819252014160e-01
9.976330995559692383e-01
9.986330866813659668e-01
2.462604083120822906e-03
8.839029669761657715e-01
8.522178977727890015e-02
9.024655818939208984e-01
8.787848055362701416e-03
1.947234268300235271e-04
4.450183769222348928e-05
9.950763583183288574e-01
3.725698962807655334e-02
9.827043414115905762e-01
9.863742589950561523e-01
9.775096774101257324e-01
9.939349293708801270e-01
9.846150279045104980e-01
9.742076396942138672e-01
2.803578786551952362e-02
9.881148338317871094e-01
8.388801943510770798e-04
8.419429659843444824e-01
3.045326657593250275e-02
4.109402070753276348e-04
8.586010932922363281e-01
7.686060667037963867e-01
5.433206446468830109e-03
3.936361670494079590e-01
9.735070466995239258e-01
3.451783955097198486e-01
1.993231475353240967e-01
9.995579123497009277e-01
1.571760221850126982e-04
9.779481887817382812e-01
9.998564720153808594e-01
4.006876144558191299e-03
9.029463529586791992e-01
9.588553309440612793e-01
9.993164539337158203e-01
9.992370605468750000e-01
9.699961543083190918e-01
5.867856740951538086e-02
4.891945421695709229e-01
3.212406635284423828e-01
6.095871794968843460e-03
9.996476173400878906e-01
1.064403057098388672e-01
7.985216379165649414e-01
9.996478557586669922e-01
9.133678674697875977e-01
5.430665612220764160e-01
1.366690546274185181e-01
3.110938668251037598e-01
4.952336251735687256e-01
9.985361099243164062e-01
9.997388720512390137e-01
3.696311032399535179e-03
9.434944391250610352e-01
9.998723268508911133e-01
4.373244941234588623e-02
1.900611370801925659e-01
8.641220629215240479e-03
9.918621778488159180e-01
4.098221957683563232e-01
4.018291074316948652e-04
4.420769810676574707e-01
4.841158539056777954e-02
6.867135167121887207e-01
1.054531112313270569e-01
6.347209811210632324e-01
1.404082053340971470e-03
1.240806933492422104e-02
8.428055644035339355e-01
1.851322948932647705e-01
9.996933937072753906e-01
9.959898591041564941e-01
1.142343282699584961e-01
9.982302784919738770e-01
4.795025885105133057e-01
5.779066681861877441e-01
9.999212026596069336e-01
9.940673112869262695e-01
4.223483847454190254e-04
2.176460921764373779e-01
9.904717206954956055e-01
9.910430526360869408e-04
4.904736578464508057e-01
1.490414328873157501e-02
9.802447557449340820e-01
8.485934734344482422e-01
9.678260684013366699e-01
1.437286380678415298e-03
9.967185854911804199e-01
9.779648780822753906e-01
7.231926321983337402e-01
9.960035681724548340e-01
6.809575948864221573e-03
1.705048084259033203e-01
9.995450377464294434e-01
9.952498674392700195e-01
9.997997879981994629e-01
3.487077951431274414e-01
9.574940204620361328e-01
2.814708948135375977e-01
9.991070628166198730e-01
9.760943055152893066e-01
3.576965827960520983e-04
9.958935976028442383e-01
2.119096694514155388e-03
9.998016953468322754e-01
8.842078447341918945e-01
9.824361801147460938e-01
9.992206096649169922e-01
4.409702420234680176e-01
9.972891807556152344e-01
9.992691874504089355e-01
8.680285811424255371e-01
2.208659201860427856e-01
9.972795844078063965e-01
8.176706433296203613e-01
9.840055704116821289e-01
4.023056849837303162e-02
5.475188954733312130e-04
5.560361146926879883e-01
9.194153547286987305e-01
9.947016835212707520e-01
3.827933669090270996e-01
2.275853306055068970e-01
4.950269684195518494e-02
1.166676282882690430e-01
5.510418415069580078e-01
9.416800141334533691e-01
7.224823832511901855e-01
1.356468647718429565e-01
9.977765679359436035e-01
8.922884464263916016e-01
1.282428111881017685e-02
9.967722296714782715e-01
7.938362658023834229e-02
9.596354365348815918e-01
8.910492062568664551e-01
2.288128435611724854e-02
9.931514263153076172e-01
2.525271847844123840e-04
9.992313385009765625e-01
3.198934793472290039e-01
9.941009879112243652e-01
9.360243678092956543e-01
1.500080227851867676e-01
9.956810474395751953e-01
9.328241944313049316e-01
1.560546904802322388e-01
3.736257925629615784e-02
9.994593262672424316e-01
9.980440139770507812e-01
5.053573101758956909e-02
9.985964745283126831e-02
9.981087446212768555e-01
9.996751546859741211e-01
8.309705299325287342e-05
9.723425507545471191e-01
8.448133617639541626e-02
9.994882345199584961e-01
9.993877410888671875e-01
5.303766727447509766e-01
4.202503769192844629e-04
1.802963316440582275e-01
9.975981116294860840e-01
2.711898982524871826e-01
6.018635816872119904e-03
6.695932745933532715e-01
9.989019632339477539e-01
9.721370935440063477e-01
9.994353652000427246e-01
9.919422864913940430e-01
3.703859448432922363e-01
9.937518239021301270e-01
8.393983244895935059e-01
4.413814544677734375e-01
5.208877325057983398e-01
1.993842981755733490e-02
9.501348733901977539e-01
2.289056479930877686e-01
4.085099324584007263e-02
9.995206594467163086e-01
8.450038149021565914e-04
9.998214840888977051e-01
7.167391479015350342e-02
9.994972944259643555e-01
1.911302842199802399e-02
6.900994572788476944e-03
4.256214797496795654e-01
7.821381586836650968e-05
9.967014193534851074e-01
9.792481660842895508e-01
3.707528859376907349e-02
8.609890937805175781e-01
7.686932682991027832e-01
9.147028326988220215e-01
1.131174806505441666e-02
1.259775250218808651e-03
9.616004228591918945e-01
9.578974843025207520e-01
2.803904004395008087e-03
5.500347018241882324e-01
6.540846228599548340e-01
1.949691027402877808e-02
9.998506307601928711e-01
6.505915522575378418e-01
9.996368885040283203e-01
4.990087822079658508e-02
1.982368379831314087e-01
5.310628097504377365e-03
6.181419594213366508e-04
2.829451113939285278e-03
9.299282729625701904e-02
9.135344624519348145e-01
9.337630867958068848e-01
9.994137287139892578e-01
9.988985061645507812e-01
2.682867348194122314e-01
7.535575032234191895e-01
9.955325126647949219e-01
9.138211011886596680e-01
6.009445786476135254e-01
5.934820175170898438e-01
9.906909465789794922e-01
8.812423050403594971e-02
9.995568394660949707e-01
3.929847152903676033e-04
2.548218071460723877e-01
1.418129056692123413e-01
9.811047911643981934e-01
2.106757164001464844e-01
9.164156764745712280e-02
9.829283952713012695e-01
8.686095476150512695e-01
6.357135772705078125e-01
9.625438451766967773e-01
9.993952512741088867e-01
4.813692867755889893e-01
1.229002997279167175e-01
9.922354817390441895e-01
9.927083849906921387e-01
9.983252882957458496e-01
9.761019796133041382e-02
2.401040494441986084e-02
8.530704975128173828e-01
9.849479794502258301e-01
6.500095129013061523e-01
9.992565512657165527e-01
9.900529980659484863e-01
1.995456963777542114e-01
7.134561240673065186e-02
9.963817596435546875e-01
8.996379375457763672e-01
9.997665286064147949e-01
9.635767340660095215e-01
3.613686263561248779e-01
9.991527795791625977e-01
9.996596574783325195e-01
8.813679218292236328e-01
2.313962439075112343e-03
9.986737966537475586e-01
9.977689981460571289e-01
5.227968213148415089e-04
9.992666840553283691e-01
3.898867219686508179e-02
9.988139867782592773e-01
9.997979998588562012e-01
9.978442192077636719e-01
9.971505999565124512e-01
9.998804330825805664e-01
9.341259598731994629e-01
9.672142863273620605e-01
9.950678348541259766e-01
9.960410594940185547e-01
7.618326544761657715e-01
9.742347002029418945e-01
7.149734301492571831e-04
9.940268993377685547e-01
9.995285272598266602e-01
4.027873277664184570e-02
9.329193234443664551e-01
6.612491328269243240e-03
9.983989596366882324e-01
3.647658526897430420e-01
9.993892908096313477e-01
9.998774528503417969e-01
9.406622052192687988e-01
2.088524866849184036e-03
5.172003060579299927e-03
2.798069827258586884e-02
2.339594364166259766e-01
9.943167567253112793e-01
9.147025346755981445e-01
5.634693056344985962e-02
9.056388735771179199e-01
2.433789335191249847e-02
5.997136235237121582e-02
6.547515988349914551e-01
7.520024776458740234e-01
8.642880916595458984e-01
3.035245239734649658e-01
3.052504034712910652e-03
9.201672859489917755e-03
6.378534436225891113e-01
9.997337460517883301e-01
9.895925521850585938e-01
3.169924765825271606e-02
9.996554851531982422e-01
4.138542115688323975e-01
9.996080994606018066e-01
9.997069239616394043e-01
9.481416940689086914e-01
6.092792749404907227e-01
4.746744334697723389e-01
7.049359679222106934e-01
7.824585437774658203e-01
6.808229088783264160e-01
2.216913737356662750e-02
7.334229070693254471e-03
1.257531195878982544e-01
9.986982345581054688e-01
2.694500796496868134e-02
8.400606513023376465e-01
1.357427914626896381e-03
8.945970535278320312e-01
8.743928074836730957e-01
9.997152686119079590e-01
9.404706358909606934e-01
9.843979477882385254e-01
9.283956140279769897e-02
9.857448935508728027e-01
4.565319250104948878e-05
9.585126042366027832e-01
1.375494301319122314e-01
9.985148310661315918e-01
9.152393341064453125e-01
9.341767430305480957e-01
6.063009500503540039e-01
8.904795646667480469e-01
8.329457044601440430e-01
9.998015761375427246e-01
1.134159937500953674e-01
9.947760105133056641e-01
9.788438081741333008e-01
3.344896435737609863e-02
9.993966817855834961e-01
4.798042401671409607e-02
9.476765990257263184e-05
9.175450801849365234e-01
8.346475660800933838e-03
9.992423057556152344e-01
9.866936802864074707e-01
9.998200535774230957e-01
9.997270703315734863e-01
4.960978985764086246e-04
9.912680387496948242e-01
2.542120032012462616e-02
9.952061772346496582e-01
8.440531492233276367e-01
9.329482316970825195e-01
8.980714678764343262e-01
9.879724383354187012e-01
9.987276196479797363e-01
2.032639086246490479e-01
9.725114703178405762e-01
6.592127084732055664e-01
7.583653330802917480e-01
3.341062068939208984e-01
9.188659191131591797e-01
9.996886253356933594e-01
3.407299518585205078e-01
5.887763574719429016e-03
1.876223133876919746e-03
9.998206496238708496e-01
6.970901973545551300e-03
9.995332956314086914e-01
9.592857956886291504e-01
8.769194483757019043e-01
9.937419295310974121e-01
9.927432537078857422e-01
9.994094371795654297e-01
1.856285030953586102e-03
2.145400792360305786e-01
2.394321747124195099e-02
3.511826097965240479e-01
6.328412331640720367e-03
9.108841419219970703e-01
6.419302821159362793e-01
6.850306391716003418e-01
5.634099245071411133e-01
1.196783259510993958e-01
2.864819467067718506e-01
9.971628785133361816e-01
6.809192709624767303e-04
9.994882345199584961e-01
6.858307751826941967e-04
8.825929164886474609e-01
9.701696634292602539e-01
6.055029630661010742e-01
9.832327961921691895e-01
9.996702671051025391e-01
9.816901087760925293e-01
9.982550740242004395e-01
3.631192725151777267e-03
9.527001976966857910e-01
9.247863781638443470e-04
3.601034581661224365e-01
7.975250482559204102e-01
9.549625515937805176e-01
1.655264943838119507e-02
9.736787080764770508e-01
9.995916485786437988e-01
6.546579003334045410e-01
9.864007234573364258e-01
5.042053461074829102e-01
9.682255983352661133e-01
6.865777075290679932e-03
9.991236329078674316e-01
8.082340359687805176e-01
5.543152336031198502e-03
9.370558109367266297e-05
4.294319450855255127e-02
6.379618048667907715e-01
2.939396500587463379e-01
2.149076014757156372e-02
2.099884115159511566e-02
9.993705153465270996e-01
9.995049238204956055e-01
3.935439586639404297e-01
7.462154626846313477e-01
1.835798175306990743e-04
6.413060240447521210e-03
9.998601675033569336e-01
2.473717033863067627e-01
1.141667962074279785e-01
5.857768654823303223e-02
7.918176651000976562e-01
9.997944235801696777e-01
8.227636814117431641e-01
3.283550729975104332e-03
9.993057250976562500e-01
9.351284503936767578e-01
8.543597459793090820e-01
1.733567938208580017e-02
9.998891353607177734e-01
7.756381034851074219e-01
9.746276140213012695e-01
9.923287034034729004e-01
7.942676544189453125e-01
8.311546444892883301e-01
9.997956156730651855e-01
7.284939885139465332e-01
8.129024505615234375e-01
8.968451619148254395e-01
3.926764708012342453e-03
5.114302039146423340e-03
9.904019236564636230e-01
8.566767573356628418e-01
9.522988200187683105e-01
3.965225443243980408e-02
9.994384646415710449e-01
7.871735692024230957e-01
9.947794675827026367e-01
9.896268844604492188e-01
9.416768550872802734e-01
1.813225448131561279e-01
3.247421383857727051e-01
1.984695345163345337e-01
9.972493052482604980e-01
6.640035510063171387e-01
4.328321814537048340e-01
2.954287687316536903e-03
9.896798133850097656e-01
9.997449517250061035e-01
9.986403584480285645e-01
2.014137717196717858e-04
8.212642073631286621e-01
6.661786437034606934e-01
9.901821017265319824e-01
6.110314130783081055e-01
9.994251728057861328e-01
2.656750567257404327e-02
1.351251360028982162e-02
3.275229632854461670e-01
6.288404762744903564e-02
