7.437690496444702148e-01
7.661881446838378906e-01
6.982895135879516602e-01
6.795869469642639160e-01
6.644396781921386719e-01
7.219200134277343750e-01
6.520469784736633301e-01
7.235034108161926270e-01
4.659390449523925781e-01
7.282763719558715820e-01
7.022122144699096680e-01
7.045579552650451660e-01
6.594583392143249512e-01
7.090342640876770020e-01
7.225285172462463379e-01
7.313252091407775879e-01
7.538595795631408691e-01
7.005363106727600098e-01
6.979911923408508301e-01
7.971148490905761719e-01
7.745769619941711426e-01
7.150840163230895996e-01
6.396361589431762695e-01
7.687023282051086426e-01
6.838068962097167969e-01
7.763100266456604004e-01
6.826198101043701172e-01
7.431114912033081055e-01
7.003523111343383789e-01
7.366062402725219727e-01
6.342496871948242188e-01
7.012290954589843750e-01
7.828690409660339355e-01
7.205446362495422363e-01
7.386895418167114258e-01
7.448545694351196289e-01
7.777820229530334473e-01
7.471698522567749023e-01
6.511508226394653320e-01
6.592079401016235352e-01
6.980647444725036621e-01
2.676323354244232178e-01
7.057776451110839844e-01
6.605022549629211426e-01
7.532124519348144531e-01
6.450676321983337402e-01
6.174566745758056641e-01
6.824712753295898438e-01
6.257895827293395996e-01
6.491593718528747559e-01
6.741883754730224609e-01
5.909561514854431152e-01
6.618930101394653320e-01
5.934500694274902344e-01
6.008352041244506836e-01
6.590248346328735352e-01
6.912547349929809570e-01
3.784895539283752441e-01
6.243831515312194824e-01
7.087810039520263672e-01
7.189486622810363770e-01
7.346487045288085938e-01
7.027595639228820801e-01
7.342381477355957031e-01
6.958610415458679199e-01
6.996819972991943359e-01
7.357987165451049805e-01
7.293878793716430664e-01
6.588406562805175781e-01
7.622178196907043457e-01
7.179169654846191406e-01
5.580554008483886719e-01
7.261827588081359863e-01
6.943776011466979980e-01
2.843109667301177979e-01
7.464809417724609375e-01
7.306989431381225586e-01
7.399077415466308594e-01
7.624260783195495605e-01
6.704577207565307617e-01
6.887449622154235840e-01
7.563435435295104980e-01
6.295151114463806152e-01
7.661410570144653320e-01
6.936843395233154297e-01
7.265611886978149414e-01
6.615889668464660645e-01
6.907920241355895996e-01
7.577565908432006836e-01
6.977987289428710938e-01
7.078021168708801270e-01
7.321367859840393066e-01
6.744323968887329102e-01
7.607430219650268555e-01
4.491881132125854492e-01
6.701962947845458984e-01
5.698969364166259766e-01
7.170376777648925781e-01
6.193303465843200684e-01
7.213394045829772949e-01
6.804820299148559570e-01
6.699482202529907227e-01
7.248887419700622559e-01
6.650274991989135742e-01
7.207152843475341797e-01
6.935160756111145020e-01
7.539570927619934082e-01
6.420629620552062988e-01
6.922569870948791504e-01
7.309201359748840332e-01
6.790782213211059570e-01
7.665555477142333984e-01
7.013628482818603516e-01
6.704030632972717285e-01
6.905782818794250488e-01
6.826406121253967285e-01
7.417083978652954102e-01
7.759661674499511719e-01
6.838231682777404785e-01
6.229771375656127930e-01
7.023676037788391113e-01
5.570867657661437988e-01
7.004225850105285645e-01
7.524907588958740234e-01
6.762099266052246094e-01
5.788632035255432129e-01
7.039283514022827148e-01
6.203473806381225586e-01
6.717241406440734863e-01
7.407640814781188965e-01
7.146133184432983398e-01
7.028530240058898926e-01
6.482692360877990723e-01
6.029835343360900879e-01
7.235500812530517578e-01
7.567892670631408691e-01
7.332094311714172363e-01
7.360784411430358887e-01
6.243659853935241699e-01
7.347051501274108887e-01
7.583370208740234375e-01
7.136076092720031738e-01
2.877461910247802734e-01
7.486099004745483398e-01
7.088018059730529785e-01
7.458618283271789551e-01
7.192007303237915039e-01
7.601981163024902344e-01
7.466087937355041504e-01
7.069339156150817871e-01
7.892064452171325684e-01
7.196441292762756348e-01
5.740507245063781738e-01
6.829550266265869141e-01
6.310706138610839844e-01
6.485362648963928223e-01
7.775287628173828125e-01
7.039484381675720215e-01
3.286223709583282471e-01
6.965882182121276855e-01
7.377579808235168457e-01
7.479149699211120605e-01
7.255269885063171387e-01
5.873765349388122559e-01
7.802867293357849121e-01
7.412430644035339355e-01
3.192312121391296387e-01
7.293375134468078613e-01
7.593915462493896484e-01
7.102108001708984375e-01
7.795187830924987793e-01
5.787360668182373047e-01
5.447654128074645996e-01
3.622615337371826172e-01
7.499882578849792480e-01
7.008906006813049316e-01
7.205187678337097168e-01
6.989770531654357910e-01
6.775828003883361816e-01
7.583488821983337402e-01
7.803961634635925293e-01
7.117405533790588379e-01
7.247603535652160645e-01
6.486008763313293457e-01
6.938858628273010254e-01
7.296428680419921875e-01
7.051876187324523926e-01
7.301933169364929199e-01
6.897503137588500977e-01
6.407272219657897949e-01
6.511834263801574707e-01
5.823059082031250000e-01
5.047812461853027344e-01
6.443093419075012207e-01
6.966884732246398926e-01
6.377199888229370117e-01
6.397477984428405762e-01
4.509404599666595459e-01
6.994390487670898438e-01
7.683795690536499023e-01
7.503939867019653320e-01
7.173305153846740723e-01
7.768111228942871094e-01
5.911310911178588867e-01
2.770780622959136963e-01
6.256880164146423340e-01
6.661606431007385254e-01
7.385668158531188965e-01
6.458470225334167480e-01
7.065472006797790527e-01
7.985754609107971191e-01
7.125284075736999512e-01
7.054988145828247070e-01
6.501264572143554688e-01
7.198973894119262695e-01
7.225506305694580078e-01
7.282944321632385254e-01
6.228232383728027344e-01
5.776837468147277832e-01
7.515323162078857422e-01
6.916037797927856445e-01
6.773425936698913574e-01
6.925601959228515625e-01
7.018867731094360352e-01
6.056765317916870117e-01
7.484182715415954590e-01
6.881588697433471680e-01
7.686165571212768555e-01
7.162532806396484375e-01
7.214980721473693848e-01
7.446610331535339355e-01
7.559557557106018066e-01
6.072039008140563965e-01
7.597563266754150391e-01
2.918933629989624023e-01
6.604886054992675781e-01
7.148138880729675293e-01
7.485464215278625488e-01
6.593495607376098633e-01
6.175838708877563477e-01
6.625553965568542480e-01
7.374279499053955078e-01
7.095661759376525879e-01
6.142926216125488281e-01
7.524933815002441406e-01
7.345198988914489746e-01
7.263415455818176270e-01
7.065711021423339844e-01
7.004911303520202637e-01
7.475160956382751465e-01
7.169837951660156250e-01
7.203732132911682129e-01
7.321164608001708984e-01
7.435689568519592285e-01
7.124888300895690918e-01
7.139645814895629883e-01
7.026295065879821777e-01
3.089342117309570312e-01
7.161917090415954590e-01
7.101718187332153320e-01
7.560867071151733398e-01
7.700104117393493652e-01
7.020035386085510254e-01
6.351057887077331543e-01
7.524715065956115723e-01
7.507768273353576660e-01
7.617946267127990723e-01
6.123194694519042969e-01
6.758190989494323730e-01
7.305413484573364258e-01
6.803398132324218750e-01
6.868731379508972168e-01
7.750164866447448730e-01
6.200992465019226074e-01
7.111477255821228027e-01
6.379071474075317383e-01
7.228388786315917969e-01
5.848926305770874023e-01
6.250054240226745605e-01
6.971340179443359375e-01
7.141804695129394531e-01
6.708430051803588867e-01
6.901073455810546875e-01
6.958704590797424316e-01
7.093949317932128906e-01
7.420967221260070801e-01
6.813356280326843262e-01
7.445372939109802246e-01
5.594336390495300293e-01
7.646919488906860352e-01
7.421501278877258301e-01
6.257218122482299805e-01
2.634043693542480469e-01
6.615144610404968262e-01
7.227447628974914551e-01
7.605150938034057617e-01
7.341261506080627441e-01
7.030551433563232422e-01
7.174344658851623535e-01
6.484508514404296875e-01
7.242970466613769531e-01
7.069453001022338867e-01
7.025529146194458008e-01
7.291606068611145020e-01
7.438594102859497070e-01
6.949779987335205078e-01
7.082310318946838379e-01
6.601657867431640625e-01
7.631646990776062012e-01
6.559206247329711914e-01
7.378621697425842285e-01
6.790828704833984375e-01
6.952401399612426758e-01
6.750729680061340332e-01
6.126222014427185059e-01
7.535902261734008789e-01
7.622647285461425781e-01
6.904153823852539062e-01
6.974481940269470215e-01
6.879749298095703125e-01
6.558982133865356445e-01
7.390262484550476074e-01
6.231672763824462891e-01
7.696405649185180664e-01
6.753932833671569824e-01
6.898627877235412598e-01
7.126867175102233887e-01
7.336131334304809570e-01
7.539703249931335449e-01
6.996491551399230957e-01
6.822198629379272461e-01
4.067758619785308838e-01
6.897463798522949219e-01
5.380197763442993164e-01
7.536108493804931641e-01
5.607423186302185059e-01
3.208860754966735840e-01
6.639983057975769043e-01
6.912708878517150879e-01
6.456215977668762207e-01
5.766497254371643066e-01
7.540762424468994141e-01
4.808732569217681885e-01
6.490312218666076660e-01
7.158972024917602539e-01
7.349000573158264160e-01
6.175016760826110840e-01
6.352965235710144043e-01
6.895407438278198242e-01
6.750790476799011230e-01
7.301933169364929199e-01
6.803183555603027344e-01
7.599636316299438477e-01
6.317487955093383789e-01
6.526315212249755859e-01
6.373032927513122559e-01
6.074689626693725586e-01
7.154342532157897949e-01
6.758009791374206543e-01
6.647557616233825684e-01
7.612144947052001953e-01
7.165567874908447266e-01
7.078799009323120117e-01
6.161651611328125000e-01
6.795530319213867188e-01
7.458981871604919434e-01
6.421808600425720215e-01
7.745218873023986816e-01
6.717988252639770508e-01
5.454764962196350098e-01
7.387461066246032715e-01
4.863426983356475830e-01
7.550787925720214844e-01
7.576662302017211914e-01
6.782065629959106445e-01
7.469996809959411621e-01
7.488940358161926270e-01
7.107735276222229004e-01
6.754543781280517578e-01
7.318431138992309570e-01
7.116951942443847656e-01
4.303588569164276123e-01
6.617931723594665527e-01
6.301377415657043457e-01
7.540555596351623535e-01
7.531688809394836426e-01
7.398173213005065918e-01
6.647369861602783203e-01
5.975499153137207031e-01
6.679112315177917480e-01
3.724435269832611084e-01
6.793150305747985840e-01
5.784440040588378906e-01
7.348403930664062500e-01
7.355276942253112793e-01
6.746726036071777344e-01
6.947517395019531250e-01
7.358973026275634766e-01
7.198853492736816406e-01
7.030747532844543457e-01
6.561254858970642090e-01
7.592772245407104492e-01
7.332889437675476074e-01
5.288017392158508301e-01
3.790382742881774902e-01
6.600956320762634277e-01
7.213830351829528809e-01
7.145184278488159180e-01
7.027419805526733398e-01
5.126935243606567383e-01
7.085304856300354004e-01
7.141729593276977539e-01
7.790670394897460938e-01
7.475053071975708008e-01
7.265114784240722656e-01
7.800223231315612793e-01
7.260305881500244141e-01
6.466131210327148438e-01
7.277480363845825195e-01
6.610062122344970703e-01
7.440342903137207031e-01
7.447196245193481445e-01
4.042707085609436035e-01
6.502267718315124512e-01
7.164729237556457520e-01
7.204314470291137695e-01
6.427225470542907715e-01
7.732493281364440918e-01
6.483922600746154785e-01
7.597203254699707031e-01
6.402757167816162109e-01
6.898259520530700684e-01
3.363432884216308594e-01
7.708837389945983887e-01
6.665222644805908203e-01
7.520780563354492188e-01
7.033079862594604492e-01
6.446576714515686035e-01
7.156971693038940430e-01
6.941928267478942871e-01
7.062706947326660156e-01
7.264482975006103516e-01
6.845902800559997559e-01
4.712037146091461182e-01
6.887890696525573730e-01
6.569058299064636230e-01
7.234237790107727051e-01
3.962381780147552490e-01
7.353875041007995605e-01
6.973716616630554199e-01
6.982687115669250488e-01
5.499821305274963379e-01
4.872145056724548340e-01
5.823097825050354004e-01
7.319204807281494141e-01
7.012559771537780762e-01
7.598871588706970215e-01
7.870035171508789062e-01
7.013562917709350586e-01
7.653564810752868652e-01
7.319470643997192383e-01
7.045281529426574707e-01
5.590195059776306152e-01
7.591809034347534180e-01
6.015614271163940430e-01
7.427277565002441406e-01
7.357642650604248047e-01
7.122040987014770508e-01
7.060842514038085938e-01
7.843537330627441406e-01
7.044985294342041016e-01
5.943390130996704102e-01
7.322109341621398926e-01
6.891035437583923340e-01
7.471449971199035645e-01
6.981510519981384277e-01
7.385496497154235840e-01
6.617138385772705078e-01
6.349782943725585938e-01
6.974898576736450195e-01
5.992112159729003906e-01
7.346456646919250488e-01
2.493215799331665039e-01
6.200055480003356934e-01
7.667914628982543945e-01
7.676628232002258301e-01
7.405992150306701660e-01
6.662365198135375977e-01
7.112445235252380371e-01
5.931908488273620605e-01
6.663751602172851562e-01
6.154158711433410645e-01
7.296150922775268555e-01
7.635676860809326172e-01
5.523968338966369629e-01
7.470963001251220703e-01
7.205275297164916992e-01
7.227820158004760742e-01
7.386049032211303711e-01
7.208917737007141113e-01
6.653236150741577148e-01
5.968016982078552246e-01
7.376817464828491211e-01
7.439886927604675293e-01
7.202219963073730469e-01
7.149177789688110352e-01
7.253296375274658203e-01
7.395203709602355957e-01
2.412275820970535278e-01
6.142020225524902344e-01
7.578944563865661621e-01
6.206466555595397949e-01
7.558801770210266113e-01
7.441448569297790527e-01
7.728371620178222656e-01
7.487340569496154785e-01
7.834510803222656250e-01
4.831856787204742432e-01
7.086212038993835449e-01
7.602677941322326660e-01
7.105743885040283203e-01
6.699346303939819336e-01
7.048323154449462891e-01
6.274361610412597656e-01
5.745261907577514648e-01
7.188202142715454102e-01
7.624943256378173828e-01
7.708482146263122559e-01
7.265096306800842285e-01
6.437678933143615723e-01
6.593967676162719727e-01
7.378036975860595703e-01
6.670690178871154785e-01
5.575577020645141602e-01
7.775881290435791016e-01
7.914842367172241211e-01
6.429408788681030273e-01
7.148969769477844238e-01
7.206151485443115234e-01
6.768829822540283203e-01
6.968781352043151855e-01
5.813918709754943848e-01
7.306967377662658691e-01
7.130064368247985840e-01
6.875957250595092773e-01
7.215498089790344238e-01
6.443521380424499512e-01
7.285498976707458496e-01
3.043986260890960693e-01
7.034635543823242188e-01
6.132937073707580566e-01
7.442430257797241211e-01
7.647171616554260254e-01
7.554530501365661621e-01
5.810249447822570801e-01
7.432700991630554199e-01
6.647359132766723633e-01
5.868896245956420898e-01
6.924591660499572754e-01
7.677199244499206543e-01
6.681774854660034180e-01
7.310683727264404297e-01
7.255705595016479492e-01
6.527665853500366211e-01
7.074903249740600586e-01
7.514628767967224121e-01
5.356655120849609375e-01
6.058695316314697266e-01
7.327579259872436523e-01
6.699991822242736816e-01
7.410209774971008301e-01
6.883217096328735352e-01
6.719874739646911621e-01
4.202057719230651855e-01
5.800025463104248047e-01
6.243748068809509277e-01
6.830857396125793457e-01
7.690796852111816406e-01
7.411554455757141113e-01
6.820492744445800781e-01
7.500641345977783203e-01
6.829689741134643555e-01
5.929131507873535156e-01
7.365170717239379883e-01
6.833736300468444824e-01
7.526301145553588867e-01
4.204897880554199219e-01
6.509283185005187988e-01
7.216461896896362305e-01
6.874758601188659668e-01
7.150626182556152344e-01
6.498335003852844238e-01
5.739591121673583984e-01
6.921017765998840332e-01
5.291225910186767578e-01
7.284790277481079102e-01
7.216623425483703613e-01
2.551406919956207275e-01
6.745152473449707031e-01
7.618199586868286133e-01
6.517959237098693848e-01
6.036909222602844238e-01
7.514920234680175781e-01
6.470246911048889160e-01
6.508729457855224609e-01
7.318386435508728027e-01
7.471418380737304688e-01
6.478238701820373535e-01
7.069533467292785645e-01
7.004415392875671387e-01
5.961665511131286621e-01
7.427589893341064453e-01
6.761682629585266113e-01
6.688438653945922852e-01
7.200182676315307617e-01
6.594632267951965332e-01
6.042594909667968750e-01
6.547715663909912109e-01
6.261347532272338867e-01
6.692028641700744629e-01
7.707780003547668457e-01
7.240975499153137207e-01
7.949700355529785156e-01
5.361447334289550781e-01
7.533130049705505371e-01
7.630419135093688965e-01
7.508305311203002930e-01
7.426179051399230957e-01
7.381685376167297363e-01
6.965000629425048828e-01
7.665294408798217773e-01
6.142597794532775879e-01
6.856853961944580078e-01
8.046464323997497559e-01
7.046721577644348145e-01
5.818413496017456055e-01
7.261803746223449707e-01
5.622373819351196289e-01
7.577195167541503906e-01
4.559529721736907959e-01
7.606775760650634766e-01
7.065826654434204102e-01
7.432499527931213379e-01
6.770566701889038086e-01
7.053657174110412598e-01
7.706861495971679688e-01
5.945528745651245117e-01
7.233965396881103516e-01
6.983997821807861328e-01
7.122808694839477539e-01
6.986680030822753906e-01
6.796070933341979980e-01
7.219220995903015137e-01
7.229806780815124512e-01
7.725191116333007812e-01
7.340648770332336426e-01
7.145605683326721191e-01
7.543969750404357910e-01
7.346280217170715332e-01
7.478198409080505371e-01
7.345494031906127930e-01
7.229454517364501953e-01
7.261611819267272949e-01
5.650201439857482910e-01
6.394990086555480957e-01
6.822053194046020508e-01
7.528107762336730957e-01
7.236796021461486816e-01
7.505477666854858398e-01
7.208142280578613281e-01
7.105036377906799316e-01
6.575008630752563477e-01
7.108445763587951660e-01
6.527531743049621582e-01
4.421403110027313232e-01
6.560580134391784668e-01
7.479238510131835938e-01
7.707318067550659180e-01
4.425573050975799561e-01
6.693998575210571289e-01
7.476201653480529785e-01
7.409688830375671387e-01
7.522174119949340820e-01
7.680310010910034180e-01
6.564790010452270508e-01
6.673802733421325684e-01
7.817319631576538086e-01
7.184745669364929199e-01
6.442010998725891113e-01
6.782914996147155762e-01
7.074662446975708008e-01
6.945199966430664062e-01
7.509192824363708496e-01
7.663375735282897949e-01
6.800410747528076172e-01
4.774076342582702637e-01
6.988740563392639160e-01
7.359608411788940430e-01
7.533040046691894531e-01
6.754428744316101074e-01
5.010941028594970703e-01
7.534232139587402344e-01
7.764033675193786621e-01
7.425960302352905273e-01
7.462023496627807617e-01
6.382516622543334961e-01
7.986819148063659668e-01
7.191637754440307617e-01
6.427630782127380371e-01
7.357019782066345215e-01
7.151798605918884277e-01
7.185860872268676758e-01
6.053203940391540527e-01
6.899424791336059570e-01
7.563167810440063477e-01
6.659458279609680176e-01
7.219890356063842773e-01
7.354019284248352051e-01
7.684729695320129395e-01
7.610312104225158691e-01
7.032550573348999023e-01
6.798517107963562012e-01
5.631914138793945312e-01
5.439869761466979980e-01
6.911951899528503418e-01
6.074775457382202148e-01
6.246052384376525879e-01
3.486212491989135742e-01
6.537715196609497070e-01
7.555186748504638672e-01
7.678998708724975586e-01
7.047875523567199707e-01
6.355918049812316895e-01
7.491875290870666504e-01
7.085027098655700684e-01
6.965392231941223145e-01
7.233538031578063965e-01
7.319573760032653809e-01
7.462604641914367676e-01
7.386573553085327148e-01
7.185340523719787598e-01
7.239077687263488770e-01
6.931351423263549805e-01
6.330803036689758301e-01
7.854526042938232422e-01
6.129777431488037109e-01
7.484992146492004395e-01
6.479791998863220215e-01
6.830061078071594238e-01
7.502189278602600098e-01
7.383177280426025391e-01
7.257800698280334473e-01
6.640672683715820312e-01
7.512739300727844238e-01
6.423959732055664062e-01
6.989149451255798340e-01
7.367307543754577637e-01
6.822658777236938477e-01
7.515692114830017090e-01
6.987129449844360352e-01
5.975980162620544434e-01
7.053998112678527832e-01
7.376949191093444824e-01
7.335860133171081543e-01
7.592412233352661133e-01
7.656253576278686523e-01
7.212995290756225586e-01
6.699938774108886719e-01
7.733682394027709961e-01
6.724562048912048340e-01
7.850782275199890137e-01
7.946877479553222656e-01
6.278133988380432129e-01
7.404612302780151367e-01
7.360394001007080078e-01
6.655771136283874512e-01
6.213256120681762695e-01
7.129408717155456543e-01
3.093663454055786133e-01
5.471342802047729492e-01
7.272348999977111816e-01
7.482572197914123535e-01
7.670936584472656250e-01
7.258490920066833496e-01
7.443793416023254395e-01
7.188261747360229492e-01
7.540868520736694336e-01
6.754506230354309082e-01
7.537656426429748535e-01
6.565867662429809570e-01
6.380654573440551758e-01
4.484194517135620117e-01
7.197927832603454590e-01
6.992728710174560547e-01
7.394315600395202637e-01
6.084794998168945312e-01
2.645237147808074951e-01
6.844629645347595215e-01
6.457713842391967773e-01
7.717078328132629395e-01
6.914957165718078613e-01
7.637498378753662109e-01
7.266057133674621582e-01
6.913796067237854004e-01
5.928445458412170410e-01
7.579298615455627441e-01
7.173292636871337891e-01
7.797577977180480957e-01
7.253648638725280762e-01
4.997571706771850586e-01
7.096696496009826660e-01
6.439118981361389160e-01
7.408693432807922363e-01
7.161769866943359375e-01
6.930456161499023438e-01
6.991900205612182617e-01
7.285788655281066895e-01
6.416977643966674805e-01
7.402012944221496582e-01
7.617402672767639160e-01
7.563381791114807129e-01
7.358828186988830566e-01
6.484776735305786133e-01
6.798476576805114746e-01
5.981041789054870605e-01
6.843570470809936523e-01
6.771776676177978516e-01
4.140047729015350342e-01
7.520036697387695312e-01
6.650588512420654297e-01
7.608798742294311523e-01
7.517135739326477051e-01
6.598203778266906738e-01
6.233693361282348633e-01
6.932713389396667480e-01
7.259158492088317871e-01
5.830636024475097656e-01
7.179093360900878906e-01
7.550895810127258301e-01
7.498240470886230469e-01
7.243163585662841797e-01
7.218246459960937500e-01
7.176591157913208008e-01
7.544414997100830078e-01
7.014153003692626953e-01
7.217164039611816406e-01
6.883477568626403809e-01
6.893922686576843262e-01
5.398937463760375977e-01
6.316809654235839844e-01
6.184639930725097656e-01
6.299415826797485352e-01
4.871497154235839844e-01
6.660829782485961914e-01
7.524254322052001953e-01
5.942350625991821289e-01
6.550120711326599121e-01
3.483830392360687256e-01
7.719022631645202637e-01
6.869559288024902344e-01
7.531165480613708496e-01
7.600489258766174316e-01
7.517006397247314453e-01
7.548611164093017578e-01
6.402405500411987305e-01
1.406110823154449463e-01
7.363415956497192383e-01
5.639272928237915039e-01
6.947893500328063965e-01
7.319134473800659180e-01
7.305765151977539062e-01
6.995161771774291992e-01
7.517190575599670410e-01
6.716520786285400391e-01
6.596852540969848633e-01
6.159315109252929688e-01
7.630898952484130859e-01
7.472693324089050293e-01
7.160627841949462891e-01
7.150192856788635254e-01
7.259985804557800293e-01
7.770748734474182129e-01
7.218115329742431641e-01
7.392995953559875488e-01
5.749460458755493164e-01
7.026968598365783691e-01
6.348174214363098145e-01
6.136525869369506836e-01
6.195265650749206543e-01
6.491100192070007324e-01
5.791658759117126465e-01
7.201929092407226562e-01
6.850441694259643555e-01
7.838821411132812500e-01
7.414138913154602051e-01
7.378389835357666016e-01
7.177768945693969727e-01
8.042605519294738770e-01
7.601975202560424805e-01
7.281555533409118652e-01
6.873710751533508301e-01
6.931222081184387207e-01
7.329441905021667480e-01
5.476556420326232910e-01
6.246576905250549316e-01
7.001723647117614746e-01
6.754730343818664551e-01
7.299159765243530273e-01
6.870093345642089844e-01
6.925362348556518555e-01
6.337913870811462402e-01
7.540191411972045898e-01
5.416248440742492676e-01
8.049589991569519043e-01
7.282338738441467285e-01
7.118500471115112305e-01
6.406916975975036621e-01
6.729207038879394531e-01
7.517021298408508301e-01
7.272276878356933594e-01
8.200576901435852051e-01
4.298320710659027100e-01
6.969850063323974609e-01
7.306933403015136719e-01
5.146949291229248047e-01
3.721804916858673096e-01
6.245403289794921875e-01
7.825523018836975098e-01
7.695081830024719238e-01
1.406110823154449463e-01
7.703062295913696289e-01
6.476413011550903320e-01
7.781329751014709473e-01
6.302257180213928223e-01
6.336292624473571777e-01
7.756791114807128906e-01
7.951089739799499512e-01
6.861075162887573242e-01
7.368875741958618164e-01
7.125574946403503418e-01
3.531649410724639893e-01
2.751055061817169189e-01
7.080763578414916992e-01
6.724842190742492676e-01
7.333807945251464844e-01
7.042276859283447266e-01
7.254714965820312500e-01
7.574496269226074219e-01
5.972573161125183105e-01
7.701480984687805176e-01
5.064293742179870605e-01
5.986160039901733398e-01
6.797726154327392578e-01
7.902209162712097168e-01
6.902536153793334961e-01
7.620548605918884277e-01
7.590222954750061035e-01
7.104524374008178711e-01
7.390332221984863281e-01
7.209324240684509277e-01
5.830636024475097656e-01
7.465431690216064453e-01
5.718968510627746582e-01
5.953373312950134277e-01
7.091189622879028320e-01
6.583815217018127441e-01
6.672453284263610840e-01
7.477952837944030762e-01
6.724196672439575195e-01
7.010372281074523926e-01
7.327233552932739258e-01
7.777447700500488281e-01
4.719713926315307617e-01
6.903750300407409668e-01
7.057988643646240234e-01
6.725348234176635742e-01
5.796656608581542969e-01
6.384954452514648438e-01
7.116398215293884277e-01
6.492370963096618652e-01
6.812391281127929688e-01
6.781716942787170410e-01
7.054101824760437012e-01
6.923760175704956055e-01
6.142595410346984863e-01
4.549312293529510498e-01
7.434252500534057617e-01
7.438281178474426270e-01
6.381337046623229980e-01
7.346674799919128418e-01
6.158657073974609375e-01
6.694139242172241211e-01
6.747530102729797363e-01
7.370396852493286133e-01
7.086356878280639648e-01
6.684482097625732422e-01
6.697959899902343750e-01
7.701141238212585449e-01
7.464776635169982910e-01
5.891503095626831055e-01
7.489454150199890137e-01
6.838878989219665527e-01
2.933810949325561523e-01
7.750336527824401855e-01
7.243534326553344727e-01
6.416856646537780762e-01
7.316184043884277344e-01
5.756064057350158691e-01
6.696184873580932617e-01
7.038666605949401855e-01
7.189078330993652344e-01
7.107089161872863770e-01
7.334058880805969238e-01
6.822504997253417969e-01
7.155938744544982910e-01
7.022803425788879395e-01
6.590024232864379883e-01
7.221217751502990723e-01
7.131276130676269531e-01
3.214176595211029053e-01
6.549788713455200195e-01
7.338076233863830566e-01
6.194448471069335938e-01
7.313189506530761719e-01
7.776783704757690430e-01
7.289867997169494629e-01
7.120939493179321289e-01
5.278841257095336914e-01
6.855417490005493164e-01
5.938872098922729492e-01
6.232384443283081055e-01
5.639675855636596680e-01
7.063170671463012695e-01
7.245876193046569824e-01
6.465429663658142090e-01
7.555357813835144043e-01
6.920973658561706543e-01
6.902753114700317383e-01
7.576083540916442871e-01
5.934724807739257812e-01
6.891860365867614746e-01
7.701141238212585449e-01
6.736599206924438477e-01
6.458263993263244629e-01
7.711515426635742188e-01
6.161622405052185059e-01
7.138981819152832031e-01
5.742198824882507324e-01
6.298345923423767090e-01
6.704581379890441895e-01
7.090365290641784668e-01
7.185178399085998535e-01
7.448861002922058105e-01
4.394443631172180176e-01
6.492410302162170410e-01
7.129634618759155273e-01
3.303500711917877197e-01
7.304022908210754395e-01
7.477707862854003906e-01
6.870849728584289551e-01
7.642317414283752441e-01
6.600126028060913086e-01
7.205305099487304688e-01
6.814843416213989258e-01
7.067602276802062988e-01
6.327633261680603027e-01
6.763246655464172363e-01
7.085407376289367676e-01
3.913294374942779541e-01
7.239175438880920410e-01
7.381699681282043457e-01
4.834588170051574707e-01
7.862018346786499023e-01
6.925252079963684082e-01
7.163888216018676758e-01
6.358649730682373047e-01
7.292938828468322754e-01
6.622892022132873535e-01
7.521555423736572266e-01
6.545560359954833984e-01
6.984522938728332520e-01
7.295498251914978027e-01
6.887119412422180176e-01
7.766964435577392578e-01
7.199754714965820312e-01
6.875292658805847168e-01
7.317857742309570312e-01
6.402727961540222168e-01
6.564708948135375977e-01
7.013815045356750488e-01
7.439859509468078613e-01
6.497507691383361816e-01
7.226358652114868164e-01
7.001152634620666504e-01
7.454057931900024414e-01
5.571599006652832031e-01
4.520933330059051514e-01
6.546331644058227539e-01
7.595061659812927246e-01
8.120933771133422852e-01
6.564543247222900391e-01
7.414098381996154785e-01
7.548975944519042969e-01
7.150904536247253418e-01
7.418756484985351562e-01
6.036222577095031738e-01
7.361628413200378418e-01
7.637909650802612305e-01
5.315629243850708008e-01
6.745177507400512695e-01
7.434074878692626953e-01
7.719814777374267578e-01
7.698479890823364258e-01
7.405180931091308594e-01
7.095089554786682129e-01
2.734540998935699463e-01
7.830120921134948730e-01
7.191004753112792969e-01
6.726601719856262207e-01
5.937872529029846191e-01
7.464739084243774414e-01
7.394518256187438965e-01
3.223189413547515869e-01
6.972450613975524902e-01
7.588819861412048340e-01
5.210353732109069824e-01
2.702584862709045410e-01
7.416504621505737305e-01
6.612960696220397949e-01
7.636167407035827637e-01
7.518662214279174805e-01
7.239516973495483398e-01
7.133185863494873047e-01
7.030843496322631836e-01
6.064503192901611328e-01
7.998645305633544922e-01
6.807357072830200195e-01
6.440593600273132324e-01
6.486231684684753418e-01
7.496604919433593750e-01
6.627922654151916504e-01
7.721329927444458008e-01
6.792574524879455566e-01
6.294360756874084473e-01
7.584739923477172852e-01
6.655763983726501465e-01
7.008106708526611328e-01
7.273812294006347656e-01
7.038191556930541992e-01
6.813496947288513184e-01
7.143967151641845703e-01
7.485827803611755371e-01
7.208067178726196289e-01
7.272599339485168457e-01
7.520569562911987305e-01
6.923534274101257324e-01
7.099051475524902344e-01
7.147927880287170410e-01
7.620178461074829102e-01
7.147927880287170410e-01
7.726833224296569824e-01
6.961383223533630371e-01
7.406444549560546875e-01
6.086236238479614258e-01
7.123790383338928223e-01
7.318009734153747559e-01
6.858226656913757324e-01
6.916963458061218262e-01
7.591326832771301270e-01
5.182968974113464355e-01
7.783398032188415527e-01
6.386255025863647461e-01
7.070099711418151855e-01
7.492690682411193848e-01
7.443545460700988770e-01
6.687569618225097656e-01
7.069158554077148438e-01
7.142709493637084961e-01
6.702219843864440918e-01
7.050550580024719238e-01
7.203362584114074707e-01
6.880034804344177246e-01
7.466367483139038086e-01
7.200621962547302246e-01
6.412249803543090820e-01
7.258840799331665039e-01
6.727864742279052734e-01
4.977892935276031494e-01
3.727028667926788330e-01
7.330858111381530762e-01
6.923687458038330078e-01
7.805079817771911621e-01
7.098346948623657227e-01
6.622105836868286133e-01
6.929253935813903809e-01
7.139344811439514160e-01
5.117075443267822266e-01
6.251809000968933105e-01
7.350642681121826172e-01
6.767829656600952148e-01
7.115409374237060547e-01
5.733503699302673340e-01
7.375735640525817871e-01
7.696294188499450684e-01
6.424719095230102539e-01
5.846890807151794434e-01
6.483180522918701172e-01
6.987363696098327637e-01
7.316837906837463379e-01
5.948922634124755859e-01
7.219670414924621582e-01
7.813792824745178223e-01
7.908568978309631348e-01
6.973077058792114258e-01
7.285387516021728516e-01
7.353191971778869629e-01
6.769911646842956543e-01
7.057039737701416016e-01
6.828955411911010742e-01
6.837221980094909668e-01
7.170644998550415039e-01
7.134974598884582520e-01
7.068145871162414551e-01
6.862836480140686035e-01
6.477439999580383301e-01
7.303762435913085938e-01
7.315597534179687500e-01
7.161424756050109863e-01
6.419119238853454590e-01
6.749318242073059082e-01
7.038546800613403320e-01
6.312605738639831543e-01
5.136822462081909180e-01
7.260769605636596680e-01
6.920091509819030762e-01
7.284335494041442871e-01
6.422907114028930664e-01
7.583754062652587891e-01
7.344324588775634766e-01
7.273096442222595215e-01
3.032425642013549805e-01
7.326788306236267090e-01
7.102404832839965820e-01
5.680640339851379395e-01
7.332889437675476074e-01
7.689675688743591309e-01
6.849012970924377441e-01
6.121553182601928711e-01
5.275292992591857910e-01
7.472906708717346191e-01
6.332243680953979492e-01
7.432616949081420898e-01
7.571754455566406250e-01
7.262978553771972656e-01
7.390076518058776855e-01
7.460057139396667480e-01
6.203236579895019531e-01
7.253646850585937500e-01
7.065844535827636719e-01
7.004467844963073730e-01
7.376315593719482422e-01
7.084935903549194336e-01
5.679988265037536621e-01
5.916981101036071777e-01
7.194656729698181152e-01
6.999810338020324707e-01
6.494934558868408203e-01
6.877385377883911133e-01
7.240087985992431641e-01
7.464669346809387207e-01
6.991669535636901855e-01
7.721504569053649902e-01
6.427215337753295898e-01
7.391002178192138672e-01
7.784839272499084473e-01
6.262937784194946289e-01
6.946263313293457031e-01
7.432262897491455078e-01
6.880932450294494629e-01
5.190697312355041504e-01
7.386006116867065430e-01
7.474796175956726074e-01
7.445216178894042969e-01
6.516828536987304688e-01
7.513973116874694824e-01
6.563006639480590820e-01
6.945694088935852051e-01
6.989492177963256836e-01
6.113051772117614746e-01
7.548406124114990234e-01
7.513700127601623535e-01
7.425689697265625000e-01
7.610537409782409668e-01
6.999788284301757812e-01
7.596550583839416504e-01
6.719320416450500488e-01
6.952173709869384766e-01
6.921291351318359375e-01
6.830493807792663574e-01
6.983196139335632324e-01
7.276147007942199707e-01
7.991524338722229004e-01
7.291897535324096680e-01
6.843284964561462402e-01
7.374044060707092285e-01
7.686324715614318848e-01
6.007331013679504395e-01
6.194497942924499512e-01
6.825950145721435547e-01
7.103002667427062988e-01
5.175242424011230469e-01
7.276953458786010742e-01
6.550731062889099121e-01
7.713919281959533691e-01
7.593864798545837402e-01
6.746433973312377930e-01
7.517817616462707520e-01
6.931456327438354492e-01
7.315288186073303223e-01
2.521737515926361084e-01
5.875374078750610352e-01
7.477586865425109863e-01
6.490085124969482422e-01
6.880737543106079102e-01
7.416716814041137695e-01
6.608081459999084473e-01
7.407373785972595215e-01
7.106351256370544434e-01
5.537434220314025879e-01
4.989768266677856445e-01
2.717584967613220215e-01
7.183841466903686523e-01
6.691978573799133301e-01
5.429982542991638184e-01
6.975780725479125977e-01
7.964168787002563477e-01
7.493081092834472656e-01
7.394502162933349609e-01
7.805659770965576172e-01
7.347869277000427246e-01
6.726833581924438477e-01
7.350243330001831055e-01
6.109787225723266602e-01
6.633698940277099609e-01
6.968447566032409668e-01
7.923315167427062988e-01
7.285866141319274902e-01
7.690691351890563965e-01
7.368348240852355957e-01
7.625327706336975098e-01
6.730769872665405273e-01
6.441414952278137207e-01
4.290440678596496582e-01
5.425927639007568359e-01
7.608192563056945801e-01
7.121840119361877441e-01
7.463005781173706055e-01
7.555661201477050781e-01
6.790755987167358398e-01
7.300221323966979980e-01
7.366179823875427246e-01
7.263273596763610840e-01
7.480157613754272461e-01
7.479874491691589355e-01
7.405260205268859863e-01
7.536303400993347168e-01
7.392674684524536133e-01
6.208162903785705566e-01
6.969864964485168457e-01
5.474501848220825195e-01
7.864584326744079590e-01
5.720079541206359863e-01
7.154021263122558594e-01
3.120827376842498779e-01
6.907012462615966797e-01
7.301951050758361816e-01
7.672162055969238281e-01
7.327233552932739258e-01
7.452354431152343750e-01
7.279113531112670898e-01
7.066324949264526367e-01
7.435660958290100098e-01
5.417208671569824219e-01
7.690435051918029785e-01
7.282895445823669434e-01
7.109406590461730957e-01
6.682274937629699707e-01
7.406615018844604492e-01
7.509265542030334473e-01
7.011302113533020020e-01
7.088918685913085938e-01
7.751693129539489746e-01
5.332029461860656738e-01
5.745271444320678711e-01
2.470857948064804077e-01
7.102389931678771973e-01
5.295878052711486816e-01
7.389445304870605469e-01
6.988678574562072754e-01
5.767879486083984375e-01
3.876879215240478516e-01
7.703635692596435547e-01
7.437672019004821777e-01
6.769042611122131348e-01
7.293166518211364746e-01
7.201209068298339844e-01
7.597985863685607910e-01
6.967431902885437012e-01
7.728279232978820801e-01
6.897543668746948242e-01
7.126554846763610840e-01
6.462252736091613770e-01
7.070599198341369629e-01
7.169060707092285156e-01
7.597875595092773438e-01
7.522699236869812012e-01
7.102189660072326660e-01
3.741115331649780273e-01
6.968250274658203125e-01
7.405815124511718750e-01
7.022832632064819336e-01
7.059088349342346191e-01
7.337083816528320312e-01
7.459362149238586426e-01
7.331498265266418457e-01
7.716554999351501465e-01
7.291772961616516113e-01
5.988610982894897461e-01
7.093235850334167480e-01
7.784497737884521484e-01
3.607781231403350830e-01
6.823501586914062500e-01
7.062791585922241211e-01
7.432501316070556641e-01
6.615988612174987793e-01
6.570795178413391113e-01
6.897606849670410156e-01
7.003107666969299316e-01
7.570850253105163574e-01
6.897904276847839355e-01
7.436839938163757324e-01
6.081759929656982422e-01
7.580739855766296387e-01
6.879773736000061035e-01
7.175898551940917969e-01
7.103244066238403320e-01
5.661879777908325195e-01
7.216820716857910156e-01
6.945184469223022461e-01
5.841634273529052734e-01
6.775594949722290039e-01
7.436901330947875977e-01
6.722493171691894531e-01
7.400714159011840820e-01
7.849547863006591797e-01
6.040611267089843750e-01
6.966702938079833984e-01
5.736166834831237793e-01
7.453166842460632324e-01
7.517369389533996582e-01
6.929585337638854980e-01
6.970743536949157715e-01
7.350297570228576660e-01
6.756975650787353516e-01
7.383946776390075684e-01
2.731358110904693604e-01
6.997679471969604492e-01
6.989752054214477539e-01
7.504088878631591797e-01
7.386717796325683594e-01
6.564017534255981445e-01
7.110831737518310547e-01
5.936667323112487793e-01
7.201994657516479492e-01
6.948857307434082031e-01
6.745496392250061035e-01
6.822103857994079590e-01
7.354639172554016113e-01
5.568003654479980469e-01
5.759873986244201660e-01
7.029387950897216797e-01
3.985387980937957764e-01
7.025648951530456543e-01
5.951840877532958984e-01
6.777026057243347168e-01
7.178930640220642090e-01
7.539431452751159668e-01
5.697712302207946777e-01
7.117929458618164062e-01
6.666949391365051270e-01
6.636503338813781738e-01
7.200648784637451172e-01
6.946581006050109863e-01
7.268685698509216309e-01
6.237512230873107910e-01
7.302786707878112793e-01
7.194767594337463379e-01
7.402469515800476074e-01
7.550668716430664062e-01
7.458404302597045898e-01
7.441070079803466797e-01
7.454247474670410156e-01
7.237865328788757324e-01
6.687924861907958984e-01
7.554573416709899902e-01
6.968191266059875488e-01
7.577275037765502930e-01
7.719509005546569824e-01
7.497596144676208496e-01
6.891139745712280273e-01
7.561889886856079102e-01
7.700253129005432129e-01
7.228200435638427734e-01
5.941494107246398926e-01
5.969017744064331055e-01
7.377988696098327637e-01
7.142581939697265625e-01
6.619728803634643555e-01
6.511582136154174805e-01
6.276519894599914551e-01
7.094752788543701172e-01
7.186742424964904785e-01
6.488643884658813477e-01
7.387450337409973145e-01
7.826908826828002930e-01
6.903589963912963867e-01
6.575969457626342773e-01
6.989882588386535645e-01
6.877840757369995117e-01
6.739367246627807617e-01
6.908977031707763672e-01
7.239154577255249023e-01
6.807059645652770996e-01
6.314126849174499512e-01
7.273933887481689453e-01
7.375679612159729004e-01
6.755102276802062988e-01
6.837824583053588867e-01
6.493888497352600098e-01
7.542714476585388184e-01
5.435203313827514648e-01
7.212742567062377930e-01
7.180427908897399902e-01
7.798138260841369629e-01
7.374833822250366211e-01
7.312496900558471680e-01
6.086323261260986328e-01
6.750786900520324707e-01
7.537038922309875488e-01
6.430549621582031250e-01
7.544583678245544434e-01
7.084618806838989258e-01
6.493412256240844727e-01
7.601531147956848145e-01
7.276380062103271484e-01
7.115984559059143066e-01
7.618811130523681641e-01
7.391287088394165039e-01
7.080734372138977051e-01
6.533168554306030273e-01
6.547230482101440430e-01
7.391862869262695312e-01
6.521447300910949707e-01
6.140409708023071289e-01
7.027581930160522461e-01
7.054529786109924316e-01
6.891486644744873047e-01
7.603263854980468750e-01
8.056393861770629883e-01
5.712119936943054199e-01
7.076120972633361816e-01
6.088287234306335449e-01
5.777184963226318359e-01
6.845780611038208008e-01
6.681149601936340332e-01
5.850391983985900879e-01
5.831307172775268555e-01
6.786437630653381348e-01
6.546805500984191895e-01
7.282691001892089844e-01
7.716250419616699219e-01
7.454960942268371582e-01
7.579946517944335938e-01
5.252116918563842773e-01
7.265028357505798340e-01
6.608226299285888672e-01
6.838042736053466797e-01
7.403604388236999512e-01
7.081050276756286621e-01
7.533093690872192383e-01
7.239480018615722656e-01
7.544149756431579590e-01
6.348286271095275879e-01
7.186889052391052246e-01
6.038115024566650391e-01
6.346865892410278320e-01
7.017824649810791016e-01
6.244174838066101074e-01
6.911790966987609863e-01
7.640106678009033203e-01
7.253702878952026367e-01
6.276583075523376465e-01
7.123031616210937500e-01
6.931476593017578125e-01
7.569940090179443359e-01
7.156459689140319824e-01
6.661199331283569336e-01
7.270637154579162598e-01
6.105558276176452637e-01
7.379914522171020508e-01
6.159682273864746094e-01
6.049106121063232422e-01
7.221452593803405762e-01
6.414969563484191895e-01
5.962768197059631348e-01
7.417981624603271484e-01
7.319934964179992676e-01
7.402794361114501953e-01
6.304484009742736816e-01
7.240315675735473633e-01
7.226068973541259766e-01
4.922834336757659912e-01
7.003681659698486328e-01
7.236801385879516602e-01
7.417326569557189941e-01
6.069179177284240723e-01
7.508376836776733398e-01
7.415712475776672363e-01
7.368116378784179688e-01
6.887324452400207520e-01
7.062453627586364746e-01
7.224941849708557129e-01
6.846021413803100586e-01
7.290301918983459473e-01
7.128154039382934570e-01
7.207286953926086426e-01
7.331387400627136230e-01
7.564491629600524902e-01
6.758437156677246094e-01
7.602465152740478516e-01
7.275357246398925781e-01
6.823495626449584961e-01
6.872870922088623047e-01
6.711481809616088867e-01
6.579223275184631348e-01
5.853946805000305176e-01
7.232717871665954590e-01
2.670937180519104004e-01
6.816218495368957520e-01
7.133492827415466309e-01
6.241836547851562500e-01
7.887861132621765137e-01
7.234279513359069824e-01
5.936467051506042480e-01
7.815305590629577637e-01
6.186198592185974121e-01
6.227325797080993652e-01
6.759272217750549316e-01
5.432821512222290039e-01
6.668100357055664062e-01
7.488915324211120605e-01
7.475912570953369141e-01
2.806785106658935547e-01
6.946974992752075195e-01
6.607382893562316895e-01
7.609727382659912109e-01
6.108995676040649414e-01
6.574891209602355957e-01
7.839521765708923340e-01
7.576407194137573242e-01
5.786811113357543945e-01
6.604452133178710938e-01
6.956807374954223633e-01
7.052240967750549316e-01
7.032737731933593750e-01
7.394056320190429688e-01
7.430392503738403320e-01
5.729738473892211914e-01
7.778012156486511230e-01
5.843811035156250000e-01
6.728254556655883789e-01
7.214428186416625977e-01
6.673812270164489746e-01
7.048631906509399414e-01
6.463655233383178711e-01
6.883217096328735352e-01
7.004965543746948242e-01
7.295960783958435059e-01
6.409829258918762207e-01
7.381427288055419922e-01
7.606814503669738770e-01
7.331416010856628418e-01
7.505853772163391113e-01
4.759270250797271729e-01
7.559853196144104004e-01
6.819071173667907715e-01
5.872363448143005371e-01
5.383129119873046875e-01
7.167408466339111328e-01
5.190346837043762207e-01
7.371270060539245605e-01
7.508254051208496094e-01
6.097640395164489746e-01
7.638239860534667969e-01
5.636856555938720703e-01
7.045304179191589355e-01
7.672082781791687012e-01
6.431669592857360840e-01
5.709052085876464844e-01
6.831723451614379883e-01
7.027636170387268066e-01
6.972807049751281738e-01
6.927538514137268066e-01
6.132869124412536621e-01
7.094982266426086426e-01
6.617991924285888672e-01
7.666858434677124023e-01
7.160978317260742188e-01
7.472847700119018555e-01
7.528532147407531738e-01
7.773819565773010254e-01
7.233543395996093750e-01
5.601501464843750000e-01
7.226930856704711914e-01
7.203966379165649414e-01
6.830945014953613281e-01
7.696918845176696777e-01
7.696181535720825195e-01
7.043260931968688965e-01
6.351693272590637207e-01
7.556274533271789551e-01
6.206182241439819336e-01
5.892822742462158203e-01
7.406613826751708984e-01
7.334569096565246582e-01
5.471577644348144531e-01
7.422344088554382324e-01
7.814597487449645996e-01
6.763413548469543457e-01
7.611725330352783203e-01
7.859218716621398926e-01
7.023186087608337402e-01
6.918596625328063965e-01
7.497550845146179199e-01
7.896276116371154785e-01
7.038540244102478027e-01
7.168843746185302734e-01
6.978939175605773926e-01
7.274887561798095703e-01
5.096850395202636719e-01
6.910356879234313965e-01
5.793370604515075684e-01
7.538683414459228516e-01
7.460733652114868164e-01
7.623085975646972656e-01
7.025249004364013672e-01
7.421429753303527832e-01
5.337710976600646973e-01
6.865719556808471680e-01
7.035582661628723145e-01
7.371152639389038086e-01
5.682094693183898926e-01
7.443746924400329590e-01
6.856474280357360840e-01
6.323703527450561523e-01
7.724018692970275879e-01
7.283546924591064453e-01
7.037854194641113281e-01
7.925245761871337891e-01
7.476201653480529785e-01
6.697627305984497070e-01
6.208518743515014648e-01
7.437064051628112793e-01
7.315574884414672852e-01
6.503719687461853027e-01
7.004666328430175781e-01
7.027280330657958984e-01
6.929018497467041016e-01
7.566739320755004883e-01
7.042466402053833008e-01
7.441448569297790527e-01
7.206476926803588867e-01
7.377204895019531250e-01
7.435906529426574707e-01
6.900070905685424805e-01
6.182744503021240234e-01
7.132669687271118164e-01
7.554744482040405273e-01
7.613206505775451660e-01
7.335187196731567383e-01
6.951387524604797363e-01
2.395997047424316406e-01
7.636850476264953613e-01
7.332270741462707520e-01
7.541260123252868652e-01
6.304004192352294922e-01
7.588402032852172852e-01
7.405567765235900879e-01
7.564012408256530762e-01
6.880381107330322266e-01
7.316106557846069336e-01
7.405142784118652344e-01
5.898228287696838379e-01
7.146346569061279297e-01
6.050999760627746582e-01
7.461985945701599121e-01
7.518851161003112793e-01
6.896152496337890625e-01
7.176418900489807129e-01
7.596319317817687988e-01
6.587175726890563965e-01
2.504840493202209473e-01
7.545986771583557129e-01
6.201415657997131348e-01
7.642391324043273926e-01
6.727614998817443848e-01
7.292416691780090332e-01
6.347817778587341309e-01
6.872442960739135742e-01
7.416444420814514160e-01
7.231987118721008301e-01
7.550908923149108887e-01
6.923062801361083984e-01
6.405119299888610840e-01
7.642448544502258301e-01
6.569147109985351562e-01
7.392215728759765625e-01
7.416321039199829102e-01
7.378425598144531250e-01
7.013151645660400391e-01
7.244198918342590332e-01
6.862642168998718262e-01
7.812064886093139648e-01
6.658783555030822754e-01
6.026840209960937500e-01
7.039805650711059570e-01
6.102759242057800293e-01
6.629079580307006836e-01
7.192758321762084961e-01
7.720676660537719727e-01
5.461130738258361816e-01
6.989090442657470703e-01
5.898184776306152344e-01
6.123766899108886719e-01
6.422154307365417480e-01
6.850487589836120605e-01
7.361450791358947754e-01
7.129190564155578613e-01
6.725042462348937988e-01
7.118964791297912598e-01
6.712943911552429199e-01
7.404689788818359375e-01
7.506086230278015137e-01
6.551007032394409180e-01
7.411186099052429199e-01
6.676479578018188477e-01
6.402472853660583496e-01
6.093198657035827637e-01
7.566685676574707031e-01
7.733383178710937500e-01
3.959059715270996094e-01
7.224382162094116211e-01
7.220965027809143066e-01
7.379058599472045898e-01
5.889885425567626953e-01
7.773807048797607422e-01
3.815169334411621094e-01
7.283038496971130371e-01
6.654665470123291016e-01
7.314631342887878418e-01
6.756168007850646973e-01
7.263634800910949707e-01
6.740820407867431641e-01
7.326956391334533691e-01
7.465882897377014160e-01
6.986302733421325684e-01
7.115854024887084961e-01
7.846911549568176270e-01
7.028135061264038086e-01
7.139267325401306152e-01
5.913225412368774414e-01
6.846489906311035156e-01
4.333881735801696777e-01
5.966385602951049805e-01
7.178664207458496094e-01
7.433369755744934082e-01
7.143056392669677734e-01
7.020800113677978516e-01
7.548143267631530762e-01
6.933224797248840332e-01
4.577580094337463379e-01
4.915484189987182617e-01
7.105811238288879395e-01
6.694281101226806641e-01
7.246481180191040039e-01
7.580593228340148926e-01
7.205430269241333008e-01
6.978563666343688965e-01
7.248880267143249512e-01
7.137991786003112793e-01
7.013507485389709473e-01
7.096863389015197754e-01
7.754563689231872559e-01
5.792359709739685059e-01
7.615079879760742188e-01
7.412838935852050781e-01
5.899214148521423340e-01
7.522345781326293945e-01
7.199061512947082520e-01
7.567977905273437500e-01
7.248005867004394531e-01
7.718621492385864258e-01
7.620421051979064941e-01
7.491796612739562988e-01
7.221955060958862305e-01
3.775260746479034424e-01
6.207680702209472656e-01
6.556227803230285645e-01
7.305366992950439453e-01
7.222692370414733887e-01
6.633031368255615234e-01
7.228062748908996582e-01
3.760056495666503906e-01
2.200776487588882446e-01
7.567811012268066406e-01
5.859704613685607910e-01
7.369891405105590820e-01
6.056879162788391113e-01
7.440568804740905762e-01
7.366648912429809570e-01
6.535031199455261230e-01
7.324850559234619141e-01
7.160978317260742188e-01
7.766689062118530273e-01
6.776520013809204102e-01
7.768481969833374023e-01
7.539937496185302734e-01
7.264240384101867676e-01
7.066649794578552246e-01
6.457554697990417480e-01
5.971851944923400879e-01
6.874010562896728516e-01
7.087147235870361328e-01
4.303672313690185547e-01
7.629229426383972168e-01
7.493759989738464355e-01
5.714530348777770996e-01
7.554832696914672852e-01
7.234398722648620605e-01
6.063963770866394043e-01
5.425437688827514648e-01
7.034683227539062500e-01
7.428832054138183594e-01
7.049610614776611328e-01
7.400040030479431152e-01
6.737999320030212402e-01
7.628933787345886230e-01
7.212097644805908203e-01
7.836472392082214355e-01
7.257122993469238281e-01
6.625742316246032715e-01
7.742744088172912598e-01
7.260510921478271484e-01
7.787104249000549316e-01
5.835880041122436523e-01
7.817765474319458008e-01
1.406110823154449463e-01
6.945275068283081055e-01
7.717593908309936523e-01
7.249153852462768555e-01
6.606082320213317871e-01
7.662959694862365723e-01
7.368053197860717773e-01
7.711452245712280273e-01
6.735187172889709473e-01
7.381913065910339355e-01
7.057781219482421875e-01
7.548893690109252930e-01
7.261294722557067871e-01
7.381358146667480469e-01
6.699826121330261230e-01
6.689617037773132324e-01
7.129994034767150879e-01
6.515953540802001953e-01
7.130076885223388672e-01
3.448247015476226807e-01
6.142048239707946777e-01
7.096068263053894043e-01
7.158866524696350098e-01
7.476789355278015137e-01
7.342779040336608887e-01
5.909330844879150391e-01
7.438186407089233398e-01
7.521201968193054199e-01
6.909064054489135742e-01
6.046372056007385254e-01
2.712426781654357910e-01
6.400753259658813477e-01
7.602455019950866699e-01
7.386240959167480469e-01
7.637402415275573730e-01
8.054730296134948730e-01
8.015075325965881348e-01
7.307137250900268555e-01
7.246926426887512207e-01
5.416775941848754883e-01
2.406841516494750977e-01
7.371842861175537109e-01
7.093060016632080078e-01
6.673845648765563965e-01
6.610084772109985352e-01
6.494697332382202148e-01
7.435357570648193359e-01
7.338832020759582520e-01
7.087228298187255859e-01
7.225504517555236816e-01
7.294411659240722656e-01
7.497996091842651367e-01
7.664905786514282227e-01
7.083580493927001953e-01
5.111737251281738281e-01
7.422857284545898438e-01
6.382846236228942871e-01
7.256833314895629883e-01
7.223659157752990723e-01
7.501518726348876953e-01
6.756414175033569336e-01
6.846987605094909668e-01
7.212582826614379883e-01
6.816352605819702148e-01
7.343051433563232422e-01
7.797131538391113281e-01
7.493298649787902832e-01
6.690582633018493652e-01
6.699608564376831055e-01
7.617366313934326172e-01
6.700823307037353516e-01
2.772905528545379639e-01
7.278689146041870117e-01
7.535055875778198242e-01
6.588410139083862305e-01
7.386513948440551758e-01
6.542160511016845703e-01
4.183771908283233643e-01
7.212078571319580078e-01
5.784181952476501465e-01
7.176423668861389160e-01
6.316866278648376465e-01
6.717415452003479004e-01
7.203097939491271973e-01
6.210913062095642090e-01
5.979831814765930176e-01
6.538441181182861328e-01
7.757633924484252930e-01
7.089074254035949707e-01
7.169163823127746582e-01
6.894435286521911621e-01
6.030282378196716309e-01
7.599562406539916992e-01
7.345957756042480469e-01
7.331849336624145508e-01
6.777527332305908203e-01
5.817196369171142578e-01
7.342380285263061523e-01
7.201577425003051758e-01
7.086939811706542969e-01
6.278430819511413574e-01
7.400655746459960938e-01
6.056308746337890625e-01
7.587297558784484863e-01
6.172191500663757324e-01
6.378357410430908203e-01
5.212052464485168457e-01
7.413525581359863281e-01
5.659888386726379395e-01
7.555167078971862793e-01
7.268385291099548340e-01
7.190158367156982422e-01
7.758420109748840332e-01
7.183004021644592285e-01
7.453825473785400391e-01
6.039804220199584961e-01
7.277857661247253418e-01
7.396731376647949219e-01
7.248191833496093750e-01
6.958935260772705078e-01
6.315996050834655762e-01
6.307063698768615723e-01
7.833815813064575195e-01
6.773052215576171875e-01
7.336534261703491211e-01
6.540381312370300293e-01
7.907971143722534180e-01
6.447148919105529785e-01
6.848099827766418457e-01
7.435801029205322266e-01
7.264670729637145996e-01
7.488830089569091797e-01
7.411499023437500000e-01
7.662643790245056152e-01
5.250918269157409668e-01
6.786275506019592285e-01
7.183777689933776855e-01
6.632567048072814941e-01
6.965131759643554688e-01
7.514825463294982910e-01
6.760421395301818848e-01
6.776300072669982910e-01
6.919522881507873535e-01
7.551435232162475586e-01
7.483293414115905762e-01
7.233024835586547852e-01
6.924532055854797363e-01
2.766664624214172363e-01
7.028201222419738770e-01
7.386582493782043457e-01
4.930959939956665039e-01
7.457320690155029297e-01
6.034176349639892578e-01
6.954279541969299316e-01
7.414528131484985352e-01
7.327819466590881348e-01
7.326164841651916504e-01
6.640871167182922363e-01
7.629479169845581055e-01
5.435301065444946289e-01
7.252606153488159180e-01
6.193255186080932617e-01
6.432644128799438477e-01
5.996637940406799316e-01
6.440810561180114746e-01
7.328820824623107910e-01
6.790304780006408691e-01
6.948715448379516602e-01
4.189974069595336914e-01
6.984210014343261719e-01
7.064890861511230469e-01
5.844919085502624512e-01
6.777058243751525879e-01
6.974809765815734863e-01
6.954453587532043457e-01
7.276037335395812988e-01
6.913191676139831543e-01
7.628561854362487793e-01
7.220329642295837402e-01
7.175028920173645020e-01
7.031279802322387695e-01
6.806568503379821777e-01
6.718646883964538574e-01
7.562983036041259766e-01
8.000863194465637207e-01
6.383354067802429199e-01
7.474325299263000488e-01
7.540457248687744141e-01
7.526438236236572266e-01
7.526529431343078613e-01
7.196207642555236816e-01
6.759499311447143555e-01
6.152723431587219238e-01
7.366797327995300293e-01
6.164938211441040039e-01
7.368875741958618164e-01
7.572999000549316406e-01
6.923037171363830566e-01
7.227031588554382324e-01
6.990766525268554688e-01
6.575609445571899414e-01
4.894104003906250000e-01
7.424188256263732910e-01
7.206338644027709961e-01
6.950213313102722168e-01
7.438248991966247559e-01
6.596852540969848633e-01
6.491252779960632324e-01
6.303272247314453125e-01
7.206943631172180176e-01
6.075832843780517578e-01
6.922988295555114746e-01
6.840406656265258789e-01
6.112653613090515137e-01
6.394608020782470703e-01
7.821442484855651855e-01
7.464590072631835938e-01
