9.999828338623046875e-01
9.959158301353454590e-01
9.999251365661621094e-01
3.517771884799003601e-02
2.323241978883743286e-01
9.999552965164184570e-01
4.027437898912467062e-05
2.318570017814636230e-02
7.554225921630859375e-01
4.420825571287423372e-04
4.655453667510300875e-04
2.622828178573399782e-04
4.587888543028384447e-04
9.997852444648742676e-01
2.014407068490982056e-01
1.238124910742044449e-03
9.999737739562988281e-01
4.009387339465320110e-04
1.253314258065074682e-04
9.994494318962097168e-01
1.137273665517568588e-02
9.946147799491882324e-01
5.619045346975326538e-03
9.993848800659179688e-01
9.983364939689636230e-01
1.239333651028573513e-04
9.999474287033081055e-01
9.998563528060913086e-01
3.883266617776826024e-05
9.997894167900085449e-01
8.847477874951437116e-05
1.478930334997130558e-05
7.507977485656738281e-01
9.983733892440795898e-01
8.111586066661402583e-05
9.999628067016601562e-01
7.780527084833011031e-05
3.984826907981187105e-04
9.998137354850769043e-01
1.181439906358718872e-01
9.998502731323242188e-01
9.998584985733032227e-01
9.998036026954650879e-01
2.053371827059891075e-05
9.999915361404418945e-01
3.788636531680822372e-03
9.994369149208068848e-01
1.422414497938007116e-04
4.574537873268127441e-01
9.999892711639404297e-01
3.256328636780381203e-05
9.999712705612182617e-01
9.997351765632629395e-01
3.020456060767173767e-04
2.343260450288653374e-03
2.242214232683181763e-01
2.032684278674423695e-05
9.998453855514526367e-01
4.188862740993499756e-01
9.901320934295654297e-01
9.839954972267150879e-01
9.751546382904052734e-01
9.968916773796081543e-01
7.062216997146606445e-01
2.227662801742553711e-01
3.584581281756982207e-05
5.989260898786596954e-05
1.205838285386562347e-03
5.291408859193325043e-03
2.188703547290060669e-05
9.999909400939941406e-01
8.349383278982713819e-06
6.205893587321043015e-04
9.998285770416259766e-01
9.791463526198640466e-05
4.990595698473043740e-05
7.170529443101258948e-06
1.251801964826881886e-03
9.982852339744567871e-01
2.302824286743998528e-04
4.531283676624298096e-01
1.043648794293403625e-01
1.329669703409308568e-05
9.996286630630493164e-01
9.994798302650451660e-01
9.998905658721923828e-01
4.497101064771413803e-03
9.999778270721435547e-01
9.998266100883483887e-01
8.327506482601165771e-02
9.999932050704956055e-01
2.696303650736808777e-02
9.865182042121887207e-01
3.235273435711860657e-02
4.466327372938394547e-03
6.400885581970214844e-01
9.999189376831054688e-01
6.144483108073472977e-03
2.255699473607819527e-05
1.126257935538887978e-03
1.448064297437667847e-02
3.206707239151000977e-01
6.083253771066665649e-03
7.390916380245471373e-06
6.184607148170471191e-01
9.999824762344360352e-01
1.387680321931838989e-01
2.772205322980880737e-02
9.999531507492065430e-01
3.784396540140733123e-05
9.938480257987976074e-01
9.998807907104492188e-01
4.880176782608032227e-01
9.997429251670837402e-01
9.999463558197021484e-01
9.999836683273315430e-01
5.749676347477361560e-05
5.985441748634912074e-05
4.671547794714570045e-04
3.059925278648734093e-03
9.176967144012451172e-01
1.889769174158573151e-02
3.856055438518524170e-01
1.306009507970884442e-04
9.959581494331359863e-01
1.973969936370849609e-01
2.586396294645965099e-04
7.621017721248790622e-05
9.998164772987365723e-01
2.430991828441619873e-01
9.990622401237487793e-01
1.123434980399906635e-03
4.104768857359886169e-02
9.865818023681640625e-01
9.998317956924438477e-01
9.999898672103881836e-01
6.076845456846058369e-04
2.339694219699595124e-05
4.304502726881764829e-05
9.998933076858520508e-01
4.335246607661247253e-02
9.999932050704956055e-01
3.544249339029192924e-03
9.986256361007690430e-01
9.721454989630728960e-05
9.405043125152587891e-01
8.214077679440379143e-04
1.225448067998513579e-04
9.997941851615905762e-01
9.834218621253967285e-01
6.540504546137526631e-05
6.080617755651473999e-02
9.999787807464599609e-01
9.982188344001770020e-01
1.408214848197530955e-05
1.960466243326663971e-02
9.023239612579345703e-01
3.101320908172056079e-05
7.102029048837721348e-04
9.835976958274841309e-01
9.169359803199768066e-01
5.247148801572620869e-04
8.077346086502075195e-01
9.999265670776367188e-01
4.823038125323364511e-06
9.999574422836303711e-01
2.821959787979722023e-04
1.336605548858642578e-01
3.021489595994353294e-03
5.062371565145440400e-05
1.930400139826815575e-05
1.771595212630927563e-03
9.999730587005615234e-01
9.999893903732299805e-01
9.886412024497985840e-01
1.422432887920876965e-05
1.203478351235389709e-01
5.305091690388508141e-06
2.307425886392593384e-01
1.313667598878964782e-05
9.204710721969604492e-01
7.773985713720321655e-02
2.392795140622183681e-04
5.693364437320269644e-05
9.991857409477233887e-01
9.759020209312438965e-01
9.999670982360839844e-01
6.712663453072309494e-04
1.512395869940519333e-02
9.988740086555480957e-01
9.999612569808959961e-01
3.053952241316437721e-04
9.999800920486450195e-01
1.501924823969602585e-02
9.898086786270141602e-01
9.996391534805297852e-01
9.998670816421508789e-01
8.873519254848361015e-05
9.914380908012390137e-01
9.999678134918212891e-01
1.611371844774112105e-04
1.176284160465002060e-03
2.730755507946014404e-02
9.999417066574096680e-01
7.499461174011230469e-01
2.515024505555629730e-03
9.998356103897094727e-01
8.592831363785080612e-06
9.811047911643981934e-01
9.803287982940673828e-01
9.999729394912719727e-01
3.906722122337669134e-04
9.246107935905456543e-01
9.999762773513793945e-01
9.738976586959324777e-06
1.988902949960902333e-04
9.993157386779785156e-01
9.966453909873962402e-01
7.126532727852463722e-05
4.435210721567273140e-04
1.633861538721248507e-04
8.807528614997863770e-01
9.998484849929809570e-01
9.300493597984313965e-01
9.852994680404663086e-01
9.932855963706970215e-01
5.023012869060039520e-03
9.999817609786987305e-01
9.999256134033203125e-01
1.911350773298181593e-05
9.960881471633911133e-01
2.119237324222922325e-04
9.999836683273315430e-01
3.108958899974822998e-02
4.330912634031847119e-05
9.999850988388061523e-01
7.859371900558471680e-01
9.999659061431884766e-01
9.871451184153556824e-04
9.998599290847778320e-01
9.998639822006225586e-01
4.602602857630699873e-04
9.907038807868957520e-01
4.562358953990042210e-04
1.236520940437912941e-03
6.981800310313701630e-03
8.673366210132371634e-06
4.845142757403664291e-05
9.998681545257568359e-01
1.585197262465953827e-02
5.587714165449142456e-02
9.680104255676269531e-01
9.420704736839979887e-05
8.757039904594421387e-03
5.853982642292976379e-02
1.791972666978836060e-02
4.197203516960144043e-01
2.804224095598328859e-05
9.986144304275512695e-01
9.991394281387329102e-01
9.295540452003479004e-01
9.999886751174926758e-01
6.757795745215844363e-06
9.999848604202270508e-01
3.981378376483917236e-01
2.842640969902276993e-05
4.444392397999763489e-03
8.828207850456237793e-03
4.656877990782959387e-06
9.999773502349853516e-01
4.596442740876227617e-04
6.194875016808509827e-02
9.999166727066040039e-01
9.999880790710449219e-01
9.774215221405029297e-01
2.083025538013316691e-05
2.517034998163580894e-03
8.916155695915222168e-01
9.999811649322509766e-01
2.124481397913768888e-04
9.999917745590209961e-01
3.299537599086761475e-01
5.971193895675241947e-04
7.148063778877258301e-01
9.999063014984130859e-01
8.299283945234492421e-05
9.883615374565124512e-01
2.359872996748890728e-05
1.251858007162809372e-02
9.999901056289672852e-01
8.893510675989091396e-05
9.192794823320582509e-05
3.790736082009971142e-05
7.013975991867482662e-04
9.489335934631526470e-05
8.758080366533249617e-05
9.211575984954833984e-01
7.760024163872003555e-05
1.367545593529939651e-02
9.999898672103881836e-01
8.588146301917731762e-04
9.998632669448852539e-01
2.910871808126103133e-05
9.996477365493774414e-01
8.511079102754592896e-02
4.689010165748186409e-05
1.323324861004948616e-03
9.999346733093261719e-01
9.982866644859313965e-01
1.687593794486019760e-05
9.999172687530517578e-01
2.877999941119924188e-05
1.575138652697205544e-03
9.968736171722412109e-01
9.999728202819824219e-01
1.054656808264553547e-03
3.649650898296386003e-04
9.993294477462768555e-01
9.999954700469970703e-01
7.806278881616890430e-05
1.494370371801778674e-04
9.999880790710449219e-01
9.999608993530273438e-01
9.999941587448120117e-01
1.357160806655883789e-01
9.998856782913208008e-01
6.501855386886745691e-05
9.999158382415771484e-01
1.313491666223853827e-04
8.926067675929516554e-05
9.999704360961914062e-01
9.999600648880004883e-01
1.304049055761424825e-05
4.522504806518554688e-01
9.999132156372070312e-01
4.497004449367523193e-01
8.834168314933776855e-01
9.915917180478572845e-03
4.107514905626885593e-05
9.998477697372436523e-01
3.691971360240131617e-04
9.624614715576171875e-01
9.999920129776000977e-01
9.999786615371704102e-01
9.999600648880004883e-01
9.994453787803649902e-01
9.999659061431884766e-01
9.996597766876220703e-01
9.974843263626098633e-01
3.422346413135528564e-01
9.974951744079589844e-01
9.988970756530761719e-01
9.999598264694213867e-01
7.401941111311316490e-04
2.687464075279422104e-05
9.605661630630493164e-01
4.358721077442169189e-01
6.884178519248962402e-01
9.999504089355468750e-01
1.073730891221202910e-05
1.161138410679996014e-03
9.989777803421020508e-01
7.518652677536010742e-01
5.310378037393093109e-05
9.998020529747009277e-01
9.892592430114746094e-01
5.001957179047167301e-04
2.500984237485681660e-06
6.491965055465698242e-01
5.114464163780212402e-01
9.978868365287780762e-01
5.221606697887182236e-04
3.500885941321030259e-05
9.963017702102661133e-01
9.999631643295288086e-01
6.669578608125448227e-03
2.786551602184772491e-02
1.173686450783861801e-05
9.999215602874755859e-01
4.385795546113513410e-05
1.849850057624280453e-03
9.999806880950927734e-01
2.757848985493183136e-02
9.999825954437255859e-01
9.999275207519531250e-01
5.940274000167846680e-01
6.018615385983139277e-05
9.998931884765625000e-01
9.997766613960266113e-01
9.170024394989013672e-01
4.324897378683090210e-02
9.999629259109497070e-01
9.991760849952697754e-01
9.996947050094604492e-01
9.998790025711059570e-01
9.999173879623413086e-01
1.105977662518853322e-05
6.204876699484884739e-04
9.999463558197021484e-01
9.992145299911499023e-01
9.998450279235839844e-01
6.329061090946197510e-02
9.986145496368408203e-01
9.999581575393676758e-01
1.672538816928863525e-01
7.202671766281127930e-01
9.998828172683715820e-01
1.767623689374886453e-05
2.504019141197204590e-01
9.996249675750732422e-01
9.998444318771362305e-01
9.993072748184204102e-01
2.355253382120281458e-04
9.133030176162719727e-01
5.688040255336090922e-05
9.994419217109680176e-01
1.293101558985654265e-05
1.554376067360863090e-04
5.879749078303575516e-04
7.386755347251892090e-01
9.996907711029052734e-01
5.728973820805549622e-02
7.471406715922057629e-04
2.632441231980919838e-03
9.953544139862060547e-01
1.458824699511751533e-04
9.891893863677978516e-01
9.999694824218750000e-01
3.702902176883071661e-05
1.574244233779609203e-03
9.998512268066406250e-01
3.492492542136460543e-04
6.378405669238418341e-05
9.999847412109375000e-01
9.999774694442749023e-01
9.999804496765136719e-01
9.999424219131469727e-01
9.899855852127075195e-01
9.999495744705200195e-01
4.743786063045263290e-03
9.678974151611328125e-01
3.168921684846282005e-04
9.986438155174255371e-01
1.115182385547086596e-05
9.593723370926454663e-05
2.095675299642607570e-04
9.746893048286437988e-01
1.218340592458844185e-03
9.999881982803344727e-01
3.533244016580283642e-04
7.816192373866215348e-05
9.998264908790588379e-01
5.409644246101379395e-01
4.841101690544746816e-05
6.796834468841552734e-01
9.999893903732299805e-01
9.998383522033691406e-01
5.982827588013606146e-06
8.324071764945983887e-03
9.999871253967285156e-01
4.039829946123063564e-06
2.430522181384731084e-05
4.874680191278457642e-02
2.691211104393005371e-01
9.999840259552001953e-01
4.645484965294599533e-03
9.999836683273315430e-01
1.267080369871109724e-05
2.802676135615911335e-05
9.952896833419799805e-01
8.415831689490005374e-05
9.959535598754882812e-01
9.899202585220336914e-01
9.689496755599975586e-01
2.437252365052700043e-02
1.117060037358896807e-05
9.999504089355468750e-01
6.071504671126604080e-03
9.875132441520690918e-01
7.614000787725672126e-05
7.517783045768737793e-01
1.039195922203361988e-04
9.999887943267822266e-01
1.632663406780920923e-05
9.992380142211914062e-01
6.473897490650415421e-03
9.999479055404663086e-01
6.144764274358749390e-02
9.797525126487016678e-05
1.746748603181913495e-04
9.999880790710449219e-01
4.152711629867553711e-01
7.784245099173858762e-05
2.715265691222157329e-05
1.966208583326078951e-05
1.539613294880837202e-04
7.594872386107454076e-06
5.687780305743217468e-02
4.307496419642120600e-05
9.999160766601562500e-01
9.999582767486572266e-01
9.999314546585083008e-01
9.999159574508666992e-01
9.999005794525146484e-01
5.181935848668217659e-04
1.289429201278835535e-04
9.999544620513916016e-01
6.140467121440451592e-06
1.463102817069739103e-04
9.999848604202270508e-01
9.997825026512145996e-01
9.997865557670593262e-01
3.889336949214339256e-05
8.796795271337032318e-03
5.109167695045471191e-01
2.092027716571465135e-04
9.999556541442871094e-01
9.291247129440307617e-01
2.200240560341626406e-04
2.261241461383178830e-04
1.184512439067475498e-04
2.024443965638056397e-04
9.983704686164855957e-01
4.288899162929737940e-06
2.577883750200271606e-02
9.874025583267211914e-01
9.969788789749145508e-01
9.999012947082519531e-01
9.520613551139831543e-01
3.201953601092100143e-03
7.860474288463592529e-04
9.998854398727416992e-01
9.472040983382612467e-05
9.969635605812072754e-01
9.999749660491943359e-01
9.999831914901733398e-01
9.994499087333679199e-01
8.298469474539160728e-04
9.999170303344726562e-01
9.999907016754150391e-01
1.182423625141382217e-02
9.999456405639648438e-01
2.762091159820556641e-01
4.706841893494129181e-03
1.873647677712142467e-03
9.998391866683959961e-01
9.999158382415771484e-01
9.931715726852416992e-01
2.495775515853893012e-05
5.515441298484802246e-01
1.215295568108558655e-01
3.333969798404723406e-04
5.964177398709580302e-05
3.766912050195969641e-05
9.999908208847045898e-01
9.473875761032104492e-01
4.670536782214185223e-06
9.986892342567443848e-01
6.312333792448043823e-02
9.999021291732788086e-01
5.338574192137457430e-05
9.975695013999938965e-01
9.994795918464660645e-01
2.413507783785462379e-03
9.998613595962524414e-01
8.891468867659568787e-03
9.972780346870422363e-01
4.069558781338855624e-05
9.999885559082031250e-01
9.999661445617675781e-01
3.770250976085662842e-01
9.990652203559875488e-01
6.429144646972417831e-03
9.999923706054687500e-01
5.855627932760398835e-06
9.999339580535888672e-01
1.873610563052352518e-05
2.527940960135310888e-04
2.344174776226282120e-03
9.999332427978515625e-01
2.152786037186160684e-04
9.995797276496887207e-01
5.726672243326902390e-04
2.243243623524904251e-03
9.755163773661479354e-05
4.645097305910894647e-06
9.999837875366210938e-01
9.999929666519165039e-01
6.068893981137080118e-06
4.710043370723724365e-01
9.546053409576416016e-01
8.068574666976928711e-01
1.849185173341538757e-05
9.955942034721374512e-01
8.076581358909606934e-01
2.281609631609171629e-04
9.973069429397583008e-01
9.332320769317448139e-05
7.114180363714694977e-03
9.998838901519775391e-01
9.998834133148193359e-01
6.795533895492553711e-01
5.451482534408569336e-02
9.998315572738647461e-01
9.991106390953063965e-01
8.555166721343994141e-01
7.316375849768519402e-04
1.123728361562825739e-05
4.989550411701202393e-01
8.913487792015075684e-01
9.999734163284301758e-01
1.472051008022390306e-05
8.787011355161666870e-02
1.128915318986400962e-04
1.162863150238990784e-01
6.107262372970581055e-01
9.410505890846252441e-01
1.161148399114608765e-02
1.656134030781686306e-03
9.986177682876586914e-01
9.866614937782287598e-01
9.999009370803833008e-01
1.117523876018822193e-03
9.411932842340320349e-05
1.217218190431594849e-01
9.783137102203909308e-06
9.999890327453613281e-01
1.160006783902645111e-02
1.270717829465866089e-01
3.636493384838104248e-01
9.985728263854980469e-01
5.837748646736145020e-01
6.880540240672416985e-06
9.994518160820007324e-01
4.380649770610034466e-04
1.750290044583380222e-03
7.359341979026794434e-01
1.703229174017906189e-02
5.512897372245788574e-01
9.960337281227111816e-01
9.999563694000244141e-01
9.997106194496154785e-01
9.999921321868896484e-01
8.121524842863436788e-06
9.959003329277038574e-01
8.431119322776794434e-01
9.999580383300781250e-01
5.371611714363098145e-01
1.793903261423110962e-01
9.974428415298461914e-01
9.999653100967407227e-01
9.999130964279174805e-01
1.087915734387934208e-05
9.999756813049316406e-01
9.999612569808959961e-01
9.982602000236511230e-01
5.449092350318096578e-05
7.671200633049011230e-01
9.995113611221313477e-01
9.997777342796325684e-01
5.071701525594107807e-05
7.130523590603843331e-05
8.966868519783020020e-01
1.362464204430580139e-02
8.029214739799499512e-01
9.986658096313476562e-01
1.356140011921525002e-03
5.909436941146850586e-01
2.237573971797246486e-05
3.073788830079138279e-04
6.145568931970046833e-06
9.999663829803466797e-01
3.478867438388988376e-05
3.625428653322160244e-04
9.991802573204040527e-01
3.355448544025421143e-01
1.832428155466914177e-03
9.998754262924194336e-01
9.744288921356201172e-01
7.602195143699645996e-01
9.979252815246582031e-01
9.999696016311645508e-01
9.999939203262329102e-01
8.595566153526306152e-01
6.114769261330366135e-03
4.434033471625298262e-04
9.989627599716186523e-01
9.908391833305358887e-01
8.353134035132825375e-06
9.999935626983642578e-01
4.281360452296212316e-05
9.780372381210327148e-01
9.999834299087524414e-01
9.999853372573852539e-01
9.998840093612670898e-01
8.682417683303356171e-05
9.920497536659240723e-01
9.999787807464599609e-01
9.999053478240966797e-01
4.007184412330389023e-03
9.996478557586669922e-01
9.999833106994628906e-01
9.999439716339111328e-01
9.999632835388183594e-01
9.960584640502929688e-01
9.987310767173767090e-01
9.996662139892578125e-01
3.898661816492676735e-04
9.807650446891784668e-01
9.995593428611755371e-01
1.787590190360788256e-05
9.952775239944458008e-01
9.949116110801696777e-01
6.604298832826316357e-04
9.999860525131225586e-01
3.701836168766021729e-01
1.049672137014567852e-03
3.099206660408526659e-04
1.275325212191091850e-05
1.635111495852470398e-02
9.999446868896484375e-01
9.998106360435485840e-01
7.347844075411558151e-05
9.999842643737792969e-01
2.551960386335849762e-02
2.029066527029499412e-04
9.374973177909851074e-01
2.346128821372985840e-01
9.998347759246826172e-01
9.995203018188476562e-01
1.134990947321057320e-03
3.227964639663696289e-01
5.394300096668303013e-04
1.065933238714933395e-02
9.871522784233093262e-01
9.999892711639404297e-01
8.170786713890265673e-06
9.995349645614624023e-01
9.896275997161865234e-01
1.252993970410898328e-04
7.423023227602243423e-03
9.996501207351684570e-01
5.369916558265686035e-02
9.983925223350524902e-01
3.795528755290433764e-05
6.688999384641647339e-02
9.827963113784790039e-01
1.221130788326263428e-01
2.195811612182296813e-05
9.999936819076538086e-01
9.999849796295166016e-01
3.609396517276763916e-03
3.147543072700500488e-01
4.517186284065246582e-01
2.719427924603223801e-03
7.926909020170569420e-04
8.792113512754440308e-02
9.997608065605163574e-01
9.998424053192138672e-01
2.749853592831641436e-04
9.998379945755004883e-01
5.484835505485534668e-01
6.358911632560193539e-04
1.221950515173375607e-03
8.071062620729207993e-05
9.468980133533477783e-02
2.121200232068076730e-04
7.509395072702318430e-05
8.041309047257527709e-05
4.795132190338335931e-05
9.999905824661254883e-01
5.237545119598507881e-04
3.743781745433807373e-01
9.990599751472473145e-01
6.546012312173843384e-02
9.997966885566711426e-01
8.343073725700378418e-01
9.977648258209228516e-01
4.528634548187255859e-01
9.965338706970214844e-01
4.164122947258874774e-05
7.646744052181020379e-05
9.999361038208007812e-01
9.990652203559875488e-01
8.894125130609609187e-06
2.817108543240465224e-05
1.384905590384732932e-05
8.821855485439300537e-02
9.998873472213745117e-01
7.370049953460693359e-01
9.977959394454956055e-01
9.083033204078674316e-01
1.300200168043375015e-02
5.075939698144793510e-04
2.095950245857238770e-01
8.899231943360064179e-06
4.212450949125923216e-05
9.999892711639404297e-01
5.945583325228653848e-06
1.807252876460552216e-03
9.999796152114868164e-01
1.131507233367301524e-04
9.999767541885375977e-01
9.999506473541259766e-01
3.600126504898071289e-01
7.837762677809223533e-05
1.124672198784537613e-04
2.052662521600723267e-02
9.999362230300903320e-01
9.997928738594055176e-01
7.972976163728162646e-06
9.999558925628662109e-01
9.787718057632446289e-01
2.206383214797824621e-04
9.520221352577209473e-01
3.556690353434532881e-05
7.107026875019073486e-02
6.767550706863403320e-01
5.673374049365520477e-03
8.667101263999938965e-01
9.997804760932922363e-01
9.995982050895690918e-01
1.939405628945678473e-04
4.893301054835319519e-03
4.656292870640754700e-02
8.476276993751525879e-01
6.264206171035766602e-01
9.997379183769226074e-01
1.074478728696703911e-03
4.356040433049201965e-02
1.770650669641327113e-05
4.074132884852588177e-04
4.968193024978972971e-05
9.996330738067626953e-01
8.097922545857727528e-04
1.569420601299498230e-05
8.324444293975830078e-01
7.002622623986098915e-06
1.767853391356766224e-03
2.633173950016498566e-02
9.999849796295166016e-01
9.866203069686889648e-01
1.421992331743240356e-01
9.999818801879882812e-01
1.167318623629398644e-04
3.554095625877380371e-01
9.999088048934936523e-01
9.928372502326965332e-01
9.999219179153442383e-01
5.153242349624633789e-01
9.997467398643493652e-01
9.046502113342285156e-01
3.163448767736554146e-03
7.701153663219884038e-06
1.428057003067806363e-04
9.999654293060302734e-01
9.999747276306152344e-01
9.986224174499511719e-01
1.332770916633307934e-04
9.999914169311523438e-01
9.091943502426147461e-01
8.609159849584102631e-03
3.358701942488551140e-04
9.999868869781494141e-01
8.195447921752929688e-01
4.684058148995973170e-05
9.961361289024353027e-01
3.028669425475527532e-06
9.993603825569152832e-01
5.686911940574645996e-01
9.999107122421264648e-01
4.329888542997650802e-05
2.283511310815811157e-02
9.999526739120483398e-01
9.999905824661254883e-01
3.966945409774780273e-02
9.999858140945434570e-01
6.296925857895985246e-05
9.076526165008544922e-01
4.155191127210855484e-04
9.999861717224121094e-01
9.023227612487971783e-04
1.601279800524935126e-04
9.927126169204711914e-01
9.998733997344970703e-01
9.965938925743103027e-01
9.999393224716186523e-01
9.999480247497558594e-01
1.726303162286058068e-04
8.759124284551944584e-06
9.977468848228454590e-01
9.912276254908647388e-06
2.582516372203826904e-01
9.861052632331848145e-01
3.896684211213141680e-05
4.142062664031982422e-01
9.996029734611511230e-01
9.943522214889526367e-01
2.209860365837812424e-03
9.997964501380920410e-01
9.999505281448364258e-01
6.376906640070956200e-06
9.990492463111877441e-01
9.999861717224121094e-01
9.996526241302490234e-01
9.272711873054504395e-01
4.667978282668627799e-05
9.981369972229003906e-01
9.999117851257324219e-01
9.999706745147705078e-01
3.229278809158131480e-05
9.999331235885620117e-01
2.028797753155231476e-02
7.711391150951385498e-02
3.448160350671969354e-05
5.709947799914516509e-05
6.654890626668930054e-02
2.323509566485881805e-02
9.999551773071289062e-01
9.597630560165271163e-05
9.123590588569641113e-01
9.998781681060791016e-01
1.027173420879989862e-04
9.304332733154296875e-01
9.999914169311523438e-01
9.719504714012145996e-01
5.867310101166367531e-04
9.998859167098999023e-01
9.878742098808288574e-01
9.999788999557495117e-01
9.999614953994750977e-01
6.660541892051696777e-01
9.734549522399902344e-01
2.135128452209755778e-04
9.995593428611755371e-01
9.999001026153564453e-01
9.999592304229736328e-01
9.995898604393005371e-01
1.535059604793787003e-02
1.292781525989994407e-04
2.990774810314178467e-01
9.825971722602844238e-01
9.187341667711734772e-03
9.998621940612792969e-01
9.999474287033081055e-01
9.911490678787231445e-01
6.046502221579430625e-06
2.667743501660879701e-05
2.305288566276431084e-03
9.999899864196777344e-01
9.998667240142822266e-01
2.174351393477991223e-04
9.995489716529846191e-01
8.798061753623187542e-04
2.671047812327742577e-03
5.424574192147701979e-05
9.999418258666992188e-01
9.999787807464599609e-01
9.998981952667236328e-01
5.469991564750671387e-01
9.994675517082214355e-01
3.994837403297424316e-01
9.999585151672363281e-01
9.998463392257690430e-01
9.998922348022460938e-01
4.656201899051666260e-01
5.322711658664047718e-04
9.988968372344970703e-01
8.939441442489624023e-01
5.495932418853044510e-03
8.917726278305053711e-01
9.994586110115051270e-01
9.999843835830688477e-01
3.179304301738739014e-01
3.243370883865281940e-05
1.405602693557739258e-02
7.047496183076873422e-05
6.957858800888061523e-01
3.396424278616905212e-02
5.513010910362936556e-05
9.998238682746887207e-01
9.999685287475585938e-01
9.974011182785034180e-01
8.317498577525839210e-05
5.189605951309204102e-01
9.999915361404418945e-01
1.098578286473639309e-05
6.214246153831481934e-01
4.822058975696563721e-01
1.864990741014480591e-01
7.289179484359920025e-05
9.994344115257263184e-01
1.430074235031497665e-06
9.938565641641616821e-02
9.997808337211608887e-01
9.999340772628784180e-01
9.999878406524658203e-01
9.985058307647705078e-01
9.995439648628234863e-01
1.777673787728417665e-05
4.841365353058790788e-06
6.770125031471252441e-01
1.603472337592393160e-04
9.746645092964172363e-01
9.999672174453735352e-01
9.605504601495340466e-05
8.312814235687255859e-01
9.554693102836608887e-01
1.040503382682800293e-03
7.280222326517105103e-02
4.678218974731862545e-04
1.935345608217176050e-05
1.014489680528640747e-03
9.029250577441416681e-06
9.999226331710815430e-01
4.004398651886731386e-04
3.338672816753387451e-01
5.641717314720153809e-01
9.814422726631164551e-01
9.803298711776733398e-01
9.991650581359863281e-01
5.195261110202409327e-05
2.185736447572708130e-01
6.194360139488708228e-06
4.829926765523850918e-04
1.490927661507157609e-05
9.992103576660156250e-01
1.695739477872848511e-01
9.968170523643493652e-01
9.849575757980346680e-01
9.999104738235473633e-01
9.999886751174926758e-01
6.062034663045778871e-05
4.833378188777714968e-04
1.397503656335175037e-04
9.997072815895080566e-01
9.999625682830810547e-01
9.792903661727905273e-01
1.700563552731182426e-05
1.066107961378293112e-05
5.494149327278137207e-01
3.029829531442373991e-04
9.999815225601196289e-01
9.999897480010986328e-01
1.558788790134713054e-04
2.006779909133911133e-01
1.179651077836751938e-02
2.821873204084113240e-05
9.999645948410034180e-01
9.999665021896362305e-01
9.999521970748901367e-01
7.373343221843242645e-03
9.999843835830688477e-01
8.682322502136230469e-01
4.318316578865051270e-01
7.666106830583885312e-05
6.983528146520256996e-04
9.042854607105255127e-02
9.346210360527038574e-01
5.334392189979553223e-02
2.830407209694385529e-02
9.968016147613525391e-01
2.243252238258719444e-04
9.999357461929321289e-01
2.568532479926943779e-03
9.990158081054687500e-01
3.536202609539031982e-01
9.987545013427734375e-01
9.999846220016479492e-01
1.620076363906264305e-04
2.423977857688441873e-04
8.739856481552124023e-01
2.044860593741759658e-04
9.998903274536132812e-01
1.656494103372097015e-02
9.999892711639404297e-01
9.999536275863647461e-01
1.338580697774887085e-01
2.738942202995531261e-05
1.203564554452896118e-01
5.042293667793273926e-02
4.595660865306854248e-01
9.999716281890869141e-01
2.042201231233775616e-05
6.297334039118140936e-05
9.999361038208007812e-01
4.842715337872505188e-03
7.456651926040649414e-01
1.477829646319150925e-03
2.986698927998077124e-05
9.999231100082397461e-01
3.559706965461373329e-03
8.249493241310119629e-01
9.295100569725036621e-01
3.013739296875428408e-05
9.998084902763366699e-01
9.999831914901733398e-01
9.994799494743347168e-01
5.042296368628740311e-03
2.900358522310853004e-03
9.998039603233337402e-01
1.013554574456065893e-04
9.999579191207885742e-01
9.859830737113952637e-01
2.163839899003505707e-02
6.559864878654479980e-01
9.974670410156250000e-01
3.130085824523121119e-04
7.414947748184204102e-01
2.271514094900339842e-04
9.999868869781494141e-01
9.951977133750915527e-01
9.672942757606506348e-01
2.240323919977527112e-05
2.477790713310241699e-01
9.451911319047212601e-05
9.687476754188537598e-01
3.273191675543785095e-02
6.729337655997369438e-06
1.373490318655967712e-02
9.999581575393676758e-01
9.966036081314086914e-01
9.998220801353454590e-01
9.587470293045043945e-01
6.211532763700233772e-06
9.999451637268066406e-01
9.162692427635192871e-01
5.497477054595947266e-01
9.999881982803344727e-01
9.999798536300659180e-01
8.954192399978637695e-01
1.466390676796436310e-04
9.999451637268066406e-01
9.999897480010986328e-01
2.400567063887137920e-05
9.520665407180786133e-01
5.791531205177307129e-01
3.062026735278777778e-05
9.999448060989379883e-01
9.999487400054931641e-01
3.806379027082584798e-06
9.867416024208068848e-01
7.376864552497863770e-03
9.993044137954711914e-01
3.409239579923450947e-04
1.207311749458312988e-01
9.996289014816284180e-01
9.998933076858520508e-01
9.992808699607849121e-01
9.996881484985351562e-01
2.545865936554037035e-05
4.994958341121673584e-01
9.905097484588623047e-01
6.045110225677490234e-01
6.682069215457886457e-05
9.992903470993041992e-01
8.780289888381958008e-01
9.998643398284912109e-01
9.988700747489929199e-01
9.998348951339721680e-01
9.999495744705200195e-01
3.028519131476059556e-05
3.779889084398746490e-04
5.954488005954772234e-05
5.147202014923095703e-01
9.999879598617553711e-01
6.050555501133203506e-03
2.350252587348222733e-03
9.944626688957214355e-01
9.923432469367980957e-01
1.723359491734299809e-05
9.978356957435607910e-01
9.999132156372070312e-01
9.999430179595947266e-01
8.679253458976745605e-01
6.570444107055664062e-01
1.771547431417275220e-05
7.742727175354957581e-04
4.599656164646148682e-01
1.333589665591716766e-03
6.824902258813381195e-03
9.380101691931486130e-04
5.033593697589822114e-05
9.838064908981323242e-01
3.185946843586862087e-05
9.989878535270690918e-01
9.999046325683593750e-01
2.374702853558119386e-05
7.864415238145738840e-05
9.999861717224121094e-01
9.736456871032714844e-01
7.909729902166873217e-05
3.758450620807707310e-04
9.999920129776000977e-01
3.609570921980775893e-05
9.999845027923583984e-01
2.650282979011535645e-01
3.416244685649871826e-02
9.999715089797973633e-01
9.550064802169799805e-01
9.957627654075622559e-01
3.311915133963339031e-05
1.301985889767820481e-06
7.417508959770202637e-01
5.578660219907760620e-02
8.949939012527465820e-01
9.397832327522337437e-04
9.999703168869018555e-01
9.940025210380554199e-01
1.914174572448246181e-05
9.999866485595703125e-01
9.999785423278808594e-01
9.998506307601928711e-01
9.998669624328613281e-01
9.926064014434814453e-01
9.850144982337951660e-01
9.999541044235229492e-01
9.484808892011642456e-03
1.108676733565516770e-04
9.999711513519287109e-01
5.787358283996582031e-01
9.999408721923828125e-01
9.999787807464599609e-01
9.943518638610839844e-01
5.415410123532637954e-05
7.094988541211932898e-05
1.365746557712554932e-01
5.492536425590515137e-01
9.999666213989257812e-01
9.998445510864257812e-01
2.053701551631093025e-03
4.292766607250086963e-05
9.999899864196777344e-01
1.216856762766838074e-03
6.104260683059692383e-05
1.053642336046323180e-04
9.991853833198547363e-01
9.956589937210083008e-01
9.623291407478973269e-05
9.923583865165710449e-01
9.999927282333374023e-01
9.984716773033142090e-01
9.997579455375671387e-01
1.884466291812714189e-05
9.993885755538940430e-01
2.406034327577799559e-04
8.064669236773625016e-05
9.966099858283996582e-01
9.999854564666748047e-01
1.031577630783431232e-05
9.999874830245971680e-01
2.409103093668818474e-03
7.895057933637872338e-06
2.966854274272918701e-01
2.017909735441207886e-01
9.613112807273864746e-01
6.437166929244995117e-01
1.375404279679059982e-02
6.914911209605634212e-04
1.597778027644380927e-04
9.999562501907348633e-01
9.985635876655578613e-01
9.999434947967529297e-01
9.999766349792480469e-01
6.632095391978509724e-06
9.998552799224853516e-01
9.969995021820068359e-01
9.996465444564819336e-01
3.883614242076873779e-01
2.295217849314212799e-02
9.998764991760253906e-01
1.560015678405761719e-01
1.898535490036010742e-01
6.868914351798593998e-05
9.999697208404541016e-01
5.274549126625061035e-01
3.781885607168078423e-05
4.738569259643554688e-05
9.999421834945678711e-01
9.993170499801635742e-01
6.898638093844056129e-05
9.974216222763061523e-01
7.966675609350204468e-02
9.478322267532348633e-01
9.999282360076904297e-01
9.999713897705078125e-01
1.365696080029010773e-04
9.999234676361083984e-01
9.998828172683715820e-01
1.588853046996518970e-05
9.674881696701049805e-01
1.929136738181114197e-02
1.289424151182174683e-01
9.999897480010986328e-01
1.599077222635969520e-05
4.848895696341060102e-05
5.782861626357771456e-05
3.450148215051740408e-04
6.307316652964800596e-05
3.313053026795387268e-02
9.999774694442749023e-01
1.121153007261455059e-03
9.999564886093139648e-01
8.328800797462463379e-01
9.999599456787109375e-01
2.676309049129486084e-01
9.943231344223022461e-01
5.290082097053527832e-01
1.221803855150938034e-02
9.998207688331604004e-01
7.703851461410522461e-01
1.143671124737011269e-05
9.981355667114257812e-01
2.083543949993327260e-05
3.806243883445858955e-03
9.972468614578247070e-01
1.778572681359946728e-03
9.992195367813110352e-01
9.999375343322753906e-01
5.976417469355510548e-06
6.884712576866149902e-01
1.573069166624918580e-04
9.999144077301025391e-01
9.999822378158569336e-01
3.342585114296525717e-05
4.070846736431121826e-01
2.133491761924233288e-05
9.959660768508911133e-01
9.995560050010681152e-01
1.621893352421466261e-05
9.999897480010986328e-01
9.965165853500366211e-01
1.027685869485139847e-02
2.304715663194656372e-02
9.999909400939941406e-01
2.903936430811882019e-03
9.282100200653076172e-01
9.930796027183532715e-01
1.483638789068209007e-05
3.243115032091736794e-03
2.704157726839184761e-03
2.729200932662934065e-04
9.996156692504882812e-01
9.918035268783569336e-01
9.999427795410156250e-01
2.881139749661087990e-03
9.999905824661254883e-01
2.933897823095321655e-02
9.792925119400024414e-01
9.998865127563476562e-01
3.564185753930360079e-04
9.999734163284301758e-01
9.742012023925781250e-01
4.903429150581359863e-01
9.725950360298156738e-01
7.809946686029434204e-02
9.999206066131591797e-01
9.999822378158569336e-01
9.456854462623596191e-01
5.440663080662488937e-03
9.998757839202880859e-01
4.152643978595733643e-01
2.590821869671344757e-02
3.676733176689594984e-04
9.800667762756347656e-01
9.350720643997192383e-01
4.597351362463086843e-04
9.999840259552001953e-01
1.107385614886879921e-04
1.468668870074907318e-05
3.940536454319953918e-02
9.998242259025573730e-01
9.612013697624206543e-01
1.124944355979096144e-05
3.380653288331814110e-05
9.997921586036682129e-01
9.818801879882812500e-01
8.113169074058532715e-01
8.235485553741455078e-01
4.720703065395355225e-01
2.440770767861977220e-04
9.978168010711669922e-01
8.189303334802389145e-04
8.145159881678409874e-06
9.999895095825195312e-01
1.528778765350580215e-02
1.508486689999699593e-03
2.490581828169524670e-04
9.999740123748779297e-01
8.131454233080148697e-04
1.348625301034189761e-05
4.013052675873041153e-04
1.163945496082305908e-01
9.999852180480957031e-01
1.449918840080499649e-03
9.998573064804077148e-01
9.993157386779785156e-01
4.215987864881753922e-04
9.265285730361938477e-01
9.999828338623046875e-01
9.999911785125732422e-01
1.701079163467511535e-04
9.999945163726806641e-01
1.069145724177360535e-01
5.556565520237199962e-05
1.256144940853118896e-01
7.866665720939636230e-01
7.381087052635848522e-04
9.755524992942810059e-01
9.999084472656250000e-01
1.440470223315060139e-03
9.999543428421020508e-01
6.180848140502348542e-05
6.672324612736701965e-03
6.174559821374714375e-04
8.452788460999727249e-05
4.887684553978033364e-05
1.076052740245359018e-05
9.989842772483825684e-01
2.421781209704931825e-05
9.861896634101867676e-01
1.944495888892561197e-04
3.198249042034149170e-01
9.999823570251464844e-01
1.668368349783122540e-03
9.999560117721557617e-01
9.853515625000000000e-01
9.999763965606689453e-01
9.830255508422851562e-01
1.467571273678913713e-04
2.411591708660125732e-01
1.260892767459154129e-02
2.776663750410079956e-03
8.465071767568588257e-02
9.959820508956909180e-01
3.588248789310455322e-01
9.999783039093017578e-01
4.641581654141191393e-06
9.999381303787231445e-01
9.999402761459350586e-01
7.962553354445844889e-05
9.086368680000305176e-01
9.827826619148254395e-01
3.301928052678704262e-03
9.999871253967285156e-01
9.214271306991577148e-01
8.761710524559020996e-01
9.997840523719787598e-01
9.482093453407287598e-01
9.999387264251708984e-01
8.682952523231506348e-01
4.184114933013916016e-01
1.938962850545067340e-05
9.984476566314697266e-01
1.398332005919655785e-05
9.404297452419996262e-05
1.171447616070508957e-02
9.965224266052246094e-01
9.931831955909729004e-01
5.090237259864807129e-01
5.000307737645925954e-06
2.776852343231439590e-04
3.910248778993263841e-05
9.998968839645385742e-01
6.305157876340672374e-05
3.025397956371307373e-01
8.233026862144470215e-01
3.229558095335960388e-02
9.996526241302490234e-01
9.527412056922912598e-01
9.776650071144104004e-01
2.852821350097656250e-01
9.999815225601196289e-01
4.396396223455667496e-03
9.997221827507019043e-01
8.970505595207214355e-01
1.188251189887523651e-03
1.214814838021993637e-02
9.999902248382568359e-01
7.138096261769533157e-04
5.475930520333349705e-04
9.015881419181823730e-01
9.997883439064025879e-01
8.862891793251037598e-02
1.770828152075409889e-03
9.999881982803344727e-01
2.314832672709599137e-04
2.606009840965270996e-01
6.119248270988464355e-02
9.344596415758132935e-03
8.498262166976928711e-01
6.255972981452941895e-01
8.977714180946350098e-02
3.174246739945374429e-05
9.969478249549865723e-01
7.581095560453832150e-04
1.093842874979600310e-04
1.476190611720085144e-02
3.105769428657367826e-05
9.588000774383544922e-01
9.857956171035766602e-01
5.208207294344902039e-04
9.999802112579345703e-01
8.796917796134948730e-01
9.999115467071533203e-01
9.999941587448120117e-01
1.299459381698397920e-05
9.972097277641296387e-01
5.104069350636564195e-05
9.999814033508300781e-01
9.955936074256896973e-01
7.150442688725888729e-04
9.996803998947143555e-01
9.165712253889068961e-05
9.981279969215393066e-01
3.372264793142676353e-03
9.835387766361236572e-02
2.176283942390000448e-06
9.999883174896240234e-01
9.999639987945556641e-01
9.886466860771179199e-01
7.250966154970228672e-05
4.117759090149775147e-05
2.077763929264619946e-05
1.787604996934533119e-04
9.999264478683471680e-01
9.965991377830505371e-01
3.717302978038787842e-01
8.099182844161987305e-01
9.997881054878234863e-01
9.999825954437255859e-01
1.639781839912757277e-05
9.999169111251831055e-01
9.984036087989807129e-01
9.998805522918701172e-01
3.223904059268534184e-04
5.855765342712402344e-01
3.538065357133746147e-04
3.362599454703740776e-05
9.898007512092590332e-01
5.468234885483980179e-03
2.114602923393249512e-01
1.544345286674797535e-05
3.640975570306181908e-03
2.666960284113883972e-02
8.545345813035964966e-02
5.419881199486553669e-04
5.223309993743896484e-02
9.996851682662963867e-01
9.995144605636596680e-01
3.455029428005218506e-01
2.771906438283622265e-04
6.106814742088317871e-01
7.231839699670672417e-04
9.836986064910888672e-01
1.647916249930858612e-02
9.999842643737792969e-01
3.911348467227071524e-04
9.995957016944885254e-01
8.469146676361560822e-03
1.516331540187820792e-04
1.037574112415313721e-01
6.690712780255125836e-06
5.086741410195827484e-03
3.366124331951141357e-01
2.588622272014617920e-01
5.520141567103564739e-04
9.894998669624328613e-01
8.393540156248491257e-06
1.169128809124231339e-03
2.061311679426580667e-04
2.164414217986632138e-05
9.997252821922302246e-01
9.847448468208312988e-01
4.626092049875296652e-06
2.069970068987458944e-04
1.550964952912181616e-04
2.217343426309525967e-04
9.999883174896240234e-01
9.999794960021972656e-01
1.548647851450368762e-04
1.102033555507659912e-01
8.285982161760330200e-02
2.362877130508422852e-01
7.068434953689575195e-01
9.999058246612548828e-01
4.895100937574170530e-05
9.999617338180541992e-01
6.006920244544744492e-03
9.653457999229431152e-01
2.425331994891166687e-02
5.859436839818954468e-02
2.186530642211437225e-02
9.991286396980285645e-01
9.995293617248535156e-01
9.519690065644681454e-04
5.873190984129905701e-02
9.978947043418884277e-01
9.969700574874877930e-01
2.104080282151699066e-02
9.998477697372436523e-01
4.291386529803276062e-02
3.420739085413515568e-04
7.080541849136352539e-01
9.856485128402709961e-01
9.999301433563232422e-01
1.418930478394031525e-02
2.837090007960796356e-02
3.677144413813948631e-03
8.931620121002197266e-01
9.981455802917480469e-01
1.556081138551235199e-02
2.629084920044988394e-04
1.796494796872138977e-02
9.971632361412048340e-01
9.997033476829528809e-01
4.230373087921179831e-05
9.998599290847778320e-01
9.999873638153076172e-01
7.580984856758732349e-06
9.954277276992797852e-01
9.999818801879882812e-01
1.051095081493258476e-03
9.958225488662719727e-01
2.317754477262496948e-01
1.253162510693073273e-03
9.999474287033081055e-01
9.873508810997009277e-01
5.619316289084963500e-05
9.996662139892578125e-01
9.998973608016967773e-01
9.999624490737915039e-01
9.999917745590209961e-01
9.999722242355346680e-01
9.019074440002441406e-01
3.057340654777362943e-05
3.792912662029266357e-01
1.338681795459706336e-05
1.495667695999145508e-01
2.402707905275747180e-04
3.650969564914703369e-01
9.603909850120544434e-01
9.999413490295410156e-01
1.092264301405521110e-05
3.978027403354644775e-01
7.839391827583312988e-01
2.046923691523261368e-05
9.999443292617797852e-01
9.889110326766967773e-01
9.999445676803588867e-01
2.060519909719005227e-04
9.998069405555725098e-01
9.993415474891662598e-01
9.257977604866027832e-01
9.999899864196777344e-01
9.883165955543518066e-01
2.447867579758167267e-02
9.999893903732299805e-01
9.995557665824890137e-01
3.017039597034454346e-01
9.996707439422607422e-01
2.294388785958290100e-02
6.299375090748071671e-04
3.616292178630828857e-01
1.435535864402481820e-06
1.041702628135681152e-01
8.487090963171795011e-05
9.874362945556640625e-01
2.869252602977212518e-05
9.993689656257629395e-01
9.999865293502807617e-01
7.635302026756107807e-04
1.195452138781547546e-01
2.365314867347478867e-03
9.999541044235229492e-01
9.253234602510929108e-03
9.996592998504638672e-01
9.986554384231567383e-01
3.490059636533260345e-03
9.877260327339172363e-01
9.722675681114196777e-01
9.999817609786987305e-01
9.388180971145629883e-01
8.328809599333908409e-06
9.999836683273315430e-01
3.926744759082794189e-01
9.999921321868896484e-01
9.998832941055297852e-01
1.881119533209130168e-04
1.312565291300415993e-04
1.791949398466385901e-05
2.394990879110991955e-04
9.980700612068176270e-01
8.416599631309509277e-01
1.399561442667618394e-04
9.962536096572875977e-01
9.998735189437866211e-01
9.999577999114990234e-01
3.896907728631049395e-04
8.622581663075834513e-05
1.624874025583267212e-02
9.994767308235168457e-01
1.194927062897477299e-05
4.142853140365332365e-05
4.094111500307917595e-04
1.003484794637188315e-05
1.212943461723625660e-04
9.994552731513977051e-01
9.999148845672607422e-01
5.299758911132812500e-01
9.993150234222412109e-01
8.954192399978637695e-01
3.422349318861961365e-02
9.999847412109375000e-01
1.098564709536731243e-03
1.660367846488952637e-02
9.998189806938171387e-01
9.913080334663391113e-01
2.883429871872067451e-03
1.579304807819426060e-04
1.441716449335217476e-05
8.446261927019804716e-05
7.481427746824920177e-04
1.165118184871971607e-03
2.064439831883646548e-05
9.999887943267822266e-01
2.698115110397338867e-01
7.400995492935180664e-01
2.981404364109039307e-01
9.999915361404418945e-01
2.262719720602035522e-01
8.113169074058532715e-01
9.995595812797546387e-01
9.999904632568359375e-01
3.009485953953117132e-05
4.783381819725036621e-01
1.136321946978569031e-02
1.734300851821899414e-01
9.953638315200805664e-01
9.999762773513793945e-01
1.586224789207335562e-05
9.999318122863769531e-01
2.399283039267174900e-05
9.999871253967285156e-01
8.738752603530883789e-01
3.247401677072048187e-03
1.748109012842178345e-01
9.919239878654479980e-01
7.083696126937866211e-01
3.300491880509071052e-05
3.779560560360550880e-03
6.277888417243957520e-01
9.812395572662353516e-01
9.995300769805908203e-01
9.941562414169311523e-01
3.200372739229351282e-04
9.999496936798095703e-01
9.762552508618682623e-05
9.999821186065673828e-01
9.992799162864685059e-01
9.498337507247924805e-01
1.951266452670097351e-02
8.955575525760650635e-02
9.974850416183471680e-01
9.999846220016479492e-01
9.965795874595642090e-01
9.545340435579419136e-05
9.727559685707092285e-01
2.298481122124940157e-04
5.618603229522705078e-01
9.999501705169677734e-01
3.740769170690327883e-05
9.863617420196533203e-01
1.254950314760208130e-01
9.999817609786987305e-01
9.998996257781982422e-01
1.010105006571393460e-05
5.062883064965717494e-05
9.999897480010986328e-01
9.991371035575866699e-01
9.999034404754638672e-01
1.985831331694498658e-04
3.920053495676256716e-05
9.999870061874389648e-01
9.709008932113647461e-01
9.193811416625976562e-01
3.021909469680394977e-05
9.990459084510803223e-01
9.998555183410644531e-01
9.999639987945556641e-01
7.886705861892551184e-05
9.999670982360839844e-01
2.043172862613573670e-04
5.059369505033828318e-05
5.276576150208711624e-03
9.088082239031791687e-03
9.999688863754272461e-01
9.999927282333374023e-01
9.999094009399414062e-01
9.996536970138549805e-01
9.999125003814697266e-01
8.868641853332519531e-01
9.999715089797973633e-01
8.304834365844726562e-01
5.466732091008452699e-06
4.761746386066079140e-04
9.987371563911437988e-01
9.965648055076599121e-01
8.190501928329467773e-01
5.329646592144854367e-05
9.999701976776123047e-01
9.999270439147949219e-01
9.837030172348022461e-01
4.470890562515705824e-04
9.976444840431213379e-01
9.999836683273315430e-01
9.990156888961791992e-01
4.454543069005012512e-02
1.386259536957368255e-04
2.357215285301208496e-01
7.447280883789062500e-01
9.997891783714294434e-01
9.999840259552001953e-01
9.999674558639526367e-01
1.447479589842259884e-03
1.749025250319391489e-04
5.929126143455505371e-01
8.023158460855484009e-02
9.998749494552612305e-01
9.999797344207763672e-01
4.733340465463697910e-04
1.265110373497009277e-01
7.138487696647644043e-01
9.159801155328750610e-02
9.970773458480834961e-01
9.999665021896362305e-01
7.825575885362923145e-04
1.426457166671752930e-01
4.199733957648277283e-02
5.053169388702372089e-06
9.950762391090393066e-01
9.999558925628662109e-01
9.990950822830200195e-01
9.030733108520507812e-01
1.789330504834651947e-02
9.982028007507324219e-01
4.786223173141479492e-03
1.138481366069754586e-05
1.956260239239782095e-04
2.670692629180848598e-04
6.510664825327694416e-04
7.842127680778503418e-01
9.997332692146301270e-01
1.863562688231468201e-02
2.521463611628860235e-04
3.517959557939320803e-04
7.929173707962036133e-01
9.717009663581848145e-01
9.397615790367126465e-01
9.998422861099243164e-01
4.273987375199794769e-03
3.374238731339573860e-04
3.589269146323204041e-02
9.999897480010986328e-01
4.087707784492522478e-04
7.880304455757141113e-01
9.967619180679321289e-01
8.489196747541427612e-02
1.263945549726486206e-01
9.999899864196777344e-01
3.097033186350017786e-04
9.998183846473693848e-01
9.418756235390901566e-05
6.855727434158325195e-01
9.999930858612060547e-01
5.965659394860267639e-03
1.026473728416021913e-05
2.097597462125122547e-05
6.237824891286436468e-06
2.744501034612767398e-05
9.999898672103881836e-01
2.179079800844192505e-01
9.990113973617553711e-01
2.136602852260693908e-04
9.569100141525268555e-01
1.061375662684440613e-01
1.721826964057981968e-03
9.989733695983886719e-01
6.697820208501070738e-05
9.264456629753112793e-01
8.189072104869410396e-06
1.137847721111029387e-04
9.651695489883422852e-01
6.999290082603693008e-03
9.568564593791961670e-03
9.999861717224121094e-01
9.999035596847534180e-01
9.796662926673889160e-01
9.932250380516052246e-01
6.609092815779149532e-04
4.391685724258422852e-01
5.826981214340776205e-05
9.936536550521850586e-01
9.999926090240478516e-01
4.706782783614471555e-05
1.962105045095086098e-03
2.291906821483280510e-05
9.999883174896240234e-01
9.407863616943359375e-01
8.868324948707595468e-05
9.999926090240478516e-01
4.392450500745326281e-05
3.488217713311314583e-03
9.983696341514587402e-01
9.999889135360717773e-01
2.677055634558200836e-02
9.999889135360717773e-01
2.237266395241022110e-03
1.180135877802968025e-03
9.999570846557617188e-01
2.217017608927562833e-04
4.049983908771537244e-05
9.999688863754272461e-01
8.660952444188296795e-04
1.067160349339246750e-02
4.418843309395015240e-05
9.857205152511596680e-01
4.082765430212020874e-03
1.259353666682727635e-05
3.407615440664812922e-05
1.093029495677910745e-04
9.803998470306396484e-01
9.193554520606994629e-01
1.251653418876230717e-03
1.522746169939637184e-03
9.427683949470520020e-01
9.999589920043945312e-01
4.316036574891768396e-05
9.781969189643859863e-01
9.999902248382568359e-01
9.999920129776000977e-01
1.713629317237064242e-04
1.998157968046143651e-04
4.183183773420751095e-05
9.999816417694091797e-01
9.999688863754272461e-01
5.102176146465353668e-05
9.588595628738403320e-01
9.999902248382568359e-01
5.619717836380004883e-01
9.820210933685302734e-01
1.468609203584492207e-03
1.502937986515462399e-03
8.475406793877482414e-04
2.778454450890421867e-03
3.034288883209228516e-01
9.999763965606689453e-01
9.999943971633911133e-01
5.299734038999304175e-05
7.207905650138854980e-01
9.999097585678100586e-01
9.979830980300903320e-01
1.259156409651041031e-02
9.832907915115356445e-01
2.420901546429377049e-05
9.999541044235229492e-01
9.997860789299011230e-01
9.999784231185913086e-01
9.998145699501037598e-01
1.641250273678451777e-04
9.983218312263488770e-01
9.989847540855407715e-01
2.380159683525562286e-03
9.619664400815963745e-03
9.993017911911010742e-01
1.791521208360791206e-04
7.737295527476817369e-05
2.384860664606094360e-01
7.412868142127990723e-01
3.692338168621063232e-01
1.003894489258527756e-03
9.999604225158691406e-01
9.140121983364224434e-05
2.154936082661151886e-03
9.012870490550994873e-02
4.011706187156960368e-05
8.076933026313781738e-01
4.482036083936691284e-02
9.855751991271972656e-01
9.981506466865539551e-01
1.612249889149097726e-06
2.889054594561457634e-04
5.471518728882074356e-03
4.879238986177369952e-06
3.568058907985687256e-01
9.927254915237426758e-01
9.999060630798339844e-01
9.997289776802062988e-01
6.311757117509841919e-02
9.999306201934814453e-01
9.888577461242675781e-01
2.985402534250169992e-04
2.526839853089768440e-05
9.999899864196777344e-01
1.260015880689024925e-03
9.994243383407592773e-01
9.999711513519287109e-01
9.999904632568359375e-01
9.999852180480957031e-01
1.235069939866662025e-04
8.950171832111664116e-06
9.321708930656313896e-04
2.456379434079281054e-06
9.887734055519104004e-01
9.999918937683105469e-01
4.309604719310300425e-06
1.276433795283082873e-05
1.823199454520363361e-05
9.998118281364440918e-01
3.832677602767944336e-01
9.999592304229736328e-01
1.390010118484497070e-01
9.923266768455505371e-01
4.352539777755737305e-01
9.806350469589233398e-01
9.689180850982666016e-01
1.014351495541632175e-03
8.918493222154211253e-06
1.575407758355140686e-02
9.999670982360839844e-01
3.338598906993865967e-01
9.999768733978271484e-01
7.518362998962402344e-02
9.999867677688598633e-01
9.998799562454223633e-01
6.315515637397766113e-01
3.148573450744152069e-03
9.956847429275512695e-01
8.117505908012390137e-01
9.999798536300659180e-01
1.605271427251864225e-05
9.999897480010986328e-01
8.607999086380004883e-01
9.997778534889221191e-01
9.999837875366210938e-01
1.649846322834491730e-02
6.408814787864685059e-01
9.390048384666442871e-01
6.404524901881814003e-04
1.332655698060989380e-01
1.846547384047880769e-04
9.819416999816894531e-01
6.748504005372524261e-03
6.239125650608912110e-05
9.346855878829956055e-01
9.999878406524658203e-01
9.999305009841918945e-01
7.344150915741920471e-03
8.983460429590195417e-05
4.314099624752998352e-02
9.996706247329711914e-01
9.999917745590209961e-01
9.528157711029052734e-01
9.999758005142211914e-01
9.999867677688598633e-01
1.953629907802678645e-05
9.999836683273315430e-01
9.998524188995361328e-01
4.459129869937896729e-01
9.999755620956420898e-01
9.998391866683959961e-01
5.119452907820232213e-06
1.720223873853683472e-01
4.006530642509460449e-01
1.062970932252937928e-05
5.113987754157278687e-06
9.999898672103881836e-01
8.835891494527459145e-04
4.817092267330735922e-04
3.608930637710727751e-05
1.551378518342971802e-01
1.361907834507292137e-05
9.999883174896240234e-01
9.926786422729492188e-01
1.504008769989013672e-01
1.095947663998231292e-05
5.181565880775451660e-03
9.999741315841674805e-01
9.999694824218750000e-01
9.981794357299804688e-01
4.839828470721840858e-04
6.062576919794082642e-02
3.550332985469140112e-05
9.936206936836242676e-01
9.713837876915931702e-03
9.982123374938964844e-01
9.999941587448120117e-01
7.747764902887865901e-05
2.144580939784646034e-04
9.974951744079589844e-01
9.999854564666748047e-01
1.121863751905038953e-04
1.213962968904525042e-05
4.833378188777714968e-04
9.999921321868896484e-01
9.998615980148315430e-01
9.901518225669860840e-01
9.577910304069519043e-01
3.174804449081420898e-01
3.883870691061019897e-02
3.577333390712738037e-01
1.242147535085678101e-01
8.725028601475059986e-05
1.390085890307091177e-05
3.267655265517532825e-04
2.199554874096065760e-04
2.401864767307415605e-04
9.999912977218627930e-01
5.250035319477319717e-04
9.999854564666748047e-01
9.999228715896606445e-01
1.805328950285911560e-02
9.997075200080871582e-01
1.154897152446210384e-03
2.315102666616439819e-01
1.681155264377593994e-01
7.517699897289276123e-02
2.671610855031758547e-05
9.070137143135070801e-01
4.812049865722656250e-01
1.250430359505116940e-03
1.880050513136666268e-05
9.997867941856384277e-01
9.999860525131225586e-01
1.404040358465863392e-05
3.653032763395458460e-04
8.919618994696065784e-05
9.980427026748657227e-01
6.654255557805299759e-03
1.014354079961776733e-02
9.987934827804565430e-01
1.361518297926522791e-05
9.901289343833923340e-01
9.999434947967529297e-01
2.410451634204946458e-05
9.998991489410400391e-01
9.999692440032958984e-01
9.999780654907226562e-01
9.920661449432373047e-01
9.976904392242431641e-01
3.376406803727149963e-02
9.999905824661254883e-01
9.314965605735778809e-01
3.306490480899810791e-01
3.343926975503563881e-03
9.998218417167663574e-01
2.608710201457142830e-04
9.999890327453613281e-01
1.495275500928983092e-04
8.569802045822143555e-01
3.752732591237872839e-04
9.999754428863525391e-01
9.821665883064270020e-01
4.593122284859418869e-03
6.997983291512355208e-06
9.797140955924987793e-01
9.989480376243591309e-01
3.495238721370697021e-01
1.333928321400890127e-05
9.997258782386779785e-01
3.776444494724273682e-02
9.999490976333618164e-01
9.997826218605041504e-01
9.999505281448364258e-01
1.673215627670288086e-02
3.523667529225349426e-02
8.505627920385450125e-05
4.591506905853748322e-03
4.389669356896774843e-06
9.999463558197021484e-01
4.866140079684555531e-04
5.460320413112640381e-02
9.997853636741638184e-01
1.683126611169427633e-04
8.321288228034973145e-01
9.883822798728942871e-01
1.875625806860625744e-03
9.999798536300659180e-01
9.999376535415649414e-01
4.591620745486579835e-05
5.350536666810512543e-03
9.993441700935363770e-01
9.550245404243469238e-01
5.392418825067579746e-04
4.000020635430701077e-05
9.822539985179901123e-03
1.592107233591377735e-03
7.838674355298280716e-05
1.385580282658338547e-03
5.367194414138793945e-01
9.998040795326232910e-01
9.520623683929443359e-01
1.865337399067357183e-04
9.696076512336730957e-01
7.597058720421046019e-05
9.999732971191406250e-01
6.344681233167648315e-02
9.999209642410278320e-01
2.457290655001997948e-03
9.999825954437255859e-01
8.200387954711914062e-01
7.477998733520507812e-01
9.996178150177001953e-01
1.696353683655615896e-05
9.996643066406250000e-01
9.999688863754272461e-01
2.486230514477938414e-04
1.354406995233148336e-04
9.830769896507263184e-01
1.380078720103483647e-05
3.487733556539751589e-05
3.526552114635705948e-03
3.577976895030587912e-04
9.995108842849731445e-01
6.537280569318681955e-05
7.720820307731628418e-01
6.163484795251861215e-05
2.400463745289016515e-05
9.982358217239379883e-01
1.950174919329583645e-05
9.999346733093261719e-01
9.882953166961669922e-01
4.857055842876434326e-03
1.491613056714413688e-05
9.999411106109619141e-01
1.245085586560890079e-04
1.141281146556138992e-02
9.999916553497314453e-01
9.481160044670104980e-01
8.928681612014770508e-01
9.641301035881042480e-01
7.820548489689826965e-06
9.999932050704956055e-01
1.684433198533952236e-03
9.999727010726928711e-01
9.999864101409912109e-01
4.963178932666778564e-01
9.998663663864135742e-01
9.999059438705444336e-01
9.998983144760131836e-01
6.774003058671951294e-02
9.999834299087524414e-01
2.319334074854850769e-03
9.979380965232849121e-01
1.321267932653427124e-01
1.877199101727455854e-04
8.149197101593017578e-01
5.080187474959529936e-05
8.363955566892400384e-05
9.982529282569885254e-01
9.999656677246093750e-01
1.829256420023739338e-03
9.993888139724731445e-01
9.999912977218627930e-01
9.998394250869750977e-01
2.438497176626697183e-05
9.998446702957153320e-01
9.569715857505798340e-01
1.037403824739158154e-03
9.458944201469421387e-01
9.817103743553161621e-01
1.620487455511465669e-04
9.992075562477111816e-01
9.392610192298889160e-02
1.962306669156532735e-05
2.922512590885162354e-01
9.998666048049926758e-01
9.999729394912719727e-01
9.127233028411865234e-01
2.413100190460681915e-02
9.831659793853759766e-01
2.579456754028797150e-02
9.412002563476562500e-01
1.382621212542289868e-05
9.973428845405578613e-01
5.570102948695421219e-04
9.870316386222839355e-01
1.896049216156825423e-04
3.524259955156594515e-04
8.182758756447583437e-05
6.746354103088378906e-01
1.710581091174390167e-05
9.999672174453735352e-01
9.999841451644897461e-01
7.999885082244873047e-01
9.826319217681884766e-01
9.804853200912475586e-01
9.996010661125183105e-01
9.994965791702270508e-01
9.971917271614074707e-01
3.280499367974698544e-04
3.538343356922268867e-03
6.045266985893249512e-03
4.800866544246673584e-01
9.977534413337707520e-01
9.820536375045776367e-01
1.085896656149998307e-04
5.492372292792424560e-05
9.999781847000122070e-01
5.911077260971069336e-01
9.997985959053039551e-01
9.999881982803344727e-01
5.126906037330627441e-01
8.615538827143609524e-04
9.998934268951416016e-01
7.775942322041373700e-06
9.999934434890747070e-01
9.925817251205444336e-01
2.063475403701886535e-05
9.552043629810214043e-04
6.722015738487243652e-01
9.999089241027832031e-01
3.492052480578422546e-02
1.166839078068733215e-01
9.992635846138000488e-01
9.999504089355468750e-01
6.568292621523141861e-03
4.142319812672212720e-05
9.996514320373535156e-01
9.998931884765625000e-01
4.781924071721732616e-04
9.933909177780151367e-01
4.790053367614746094e-01
1.392946690320968628e-01
8.805822290014475584e-05
9.750972986221313477e-01
8.089823495538439602e-06
9.648895859718322754e-01
6.215052417246624827e-05
5.116953161632409319e-06
7.491221278905868530e-02
9.999923706054687500e-01
9.999613761901855469e-01
9.982638955116271973e-01
1.793919652700424194e-01
4.873161613941192627e-01
9.814088940620422363e-01
9.962365031242370605e-01
9.999516010284423828e-01
7.573343515396118164e-01
6.039001891622319818e-05
9.999697208404541016e-01
9.999320507049560547e-01
1.186929730465635657e-04
9.998124241828918457e-01
3.775387108325958252e-01
6.927637878106907010e-05
5.730095435865223408e-04
9.982171654701232910e-01
5.626783519983291626e-02
9.999828338623046875e-01
9.892442226409912109e-01
9.999811649322509766e-01
3.577627649065107107e-04
9.999746084213256836e-01
6.658050697296857834e-04
2.757745387498289347e-04
4.961369335651397705e-01
1.474702381528913975e-03
9.999775886535644531e-01
9.916069507598876953e-01
1.617080852156504989e-04
9.891849756240844727e-01
9.986226558685302734e-01
2.550336648710072041e-04
9.856788516044616699e-01
5.172767851036041975e-05
9.999572038650512695e-01
9.999860525131225586e-01
1.510753110051155090e-02
9.999598264694213867e-01
9.997146725654602051e-01
9.884700775146484375e-01
9.999320507049560547e-01
4.962654202245175838e-06
3.721178276464343071e-03
2.352061164856422693e-05
2.854381818906404078e-05
9.999792575836181641e-01
3.194578312104567885e-05
9.970406889915466309e-01
6.777177914045751095e-04
1.444484689272940159e-03
9.997017979621887207e-01
9.996798038482666016e-01
9.593446850776672363e-01
4.664584696292877197e-01
5.640996694564819336e-01
5.313903966452926397e-05
1.637336239218711853e-02
7.744499453110620379e-05
1.046979278326034546e-01
7.561251550214365125e-06
9.986326098442077637e-01
9.999703168869018555e-01
7.288900017738342285e-01
3.979156026616692543e-04
7.869044202379882336e-05
9.994720816612243652e-01
2.962187863886356354e-03
9.999662637710571289e-01
9.983105659484863281e-01
9.999878406524658203e-01
9.966008067131042480e-01
5.707752425223588943e-04
7.121753692626953125e-01
1.997129584196954966e-04
9.991059899330139160e-01
9.999833106994628906e-01
9.815887212753295898e-01
1.003064753604121506e-04
9.999896287918090820e-01
4.345995932817459106e-02
9.997848868370056152e-01
9.999917745590209961e-01
2.507062628865242004e-02
2.102297730743885040e-04
4.813476152776274830e-06
9.999748468399047852e-01
9.994001388549804688e-01
4.331376869231462479e-03
7.591596804559230804e-04
9.997009038925170898e-01
3.309525549411773682e-03
2.018932253122329712e-03
3.438814383116550744e-05
9.999406337738037109e-01
6.196404865477234125e-05
9.999690055847167969e-01
1.194730051793158054e-03
2.117618219926953316e-03
7.296426338143646717e-05
3.104648494627326727e-04
2.419985103188082576e-04
9.974251985549926758e-01
9.999140501022338867e-01
9.893299937248229980e-01
1.289378906221827492e-05
1.618656814098358154e-01
9.997754693031311035e-01
9.999915361404418945e-01
1.158507466316223145e-01
9.997140765190124512e-01
1.517133750894572586e-05
5.826438311487436295e-03
1.238409280776977539e-01
2.904992178082466125e-02
9.997308850288391113e-01
9.999911785125732422e-01
9.999787807464599609e-01
4.356040433049201965e-02
9.985955357551574707e-01
1.891868412494659424e-01
9.999933242797851562e-01
9.998753070831298828e-01
8.306483626365661621e-01
3.532975679263472557e-04
9.998694658279418945e-01
9.168831706047058105e-01
1.178000941872596741e-01
9.999437332153320312e-01
3.144613932818174362e-03
3.727297298610210419e-04
9.999632835388183594e-01
1.313641987508162856e-04
6.911662785569205880e-05
5.520736053586006165e-02
4.841101690544746816e-05
9.317811131477355957e-01
7.251846138387918472e-03
7.622929215431213379e-01
9.999183416366577148e-01
5.687780305743217468e-02
9.999629259109497070e-01
4.935780167579650879e-02
9.999879598617553711e-01
9.999413490295410156e-01
1.167761255055665970e-02
9.977937936782836914e-01
4.384687417768873274e-05
3.347727397340349853e-05
9.999778270721435547e-01
9.999831914901733398e-01
7.776519851176999509e-06
2.468781620264053345e-01
2.478247624821960926e-04
2.224883610324468464e-05
2.328230766579508781e-04
5.623837932944297791e-03
9.997600913047790527e-01
9.535692930221557617e-01
3.074643015861511230e-02
9.999778270721435547e-01
3.132244819425977767e-05
9.545997381210327148e-01
1.096395496279001236e-02
9.999890327453613281e-01
2.154055517166852951e-03
9.999834299087524414e-01
9.988609552383422852e-01
6.001244182698428631e-04
2.964916575365350582e-06
1.722486776998266578e-04
1.217849203385412693e-03
3.342711180448532104e-02
2.099245029967278242e-04
9.987383484840393066e-01
9.999929666519165039e-01
5.487995222210884094e-04
5.546754437091294676e-06
1.313349366682814434e-05
9.999777078628540039e-01
9.999850988388061523e-01
3.748645831365138292e-04
9.995231628417968750e-01
9.232464435626752675e-06
4.670009657274931669e-04
1.062343799276277423e-04
4.127617103222291917e-06
3.676702135635423474e-06
4.392174014355987310e-04
9.999889135360717773e-01
9.003728628158569336e-04
2.542908862233161926e-02
6.792049389332532883e-04
4.872333109378814697e-01
9.981798008084297180e-03
4.572459962218999863e-03
9.999853372573852539e-01
8.729237379156984389e-06
1.974417864403221756e-05
9.999760389328002930e-01
7.522274245275184512e-05
9.999389648437500000e-01
9.999644756317138672e-01
2.209963649511337280e-02
1.488814596086740494e-03
3.193770349025726318e-01
1.837830394506454468e-01
1.695739477872848511e-01
9.998798370361328125e-01
9.906754493713378906e-01
1.359332166612148285e-02
3.599977617341210134e-06
9.998474121093750000e-01
7.462904602289199829e-02
8.153744935989379883e-01
4.337220161687582731e-04
3.628129888966213912e-06
6.794808432459831238e-03
9.936796426773071289e-01
2.171294181607663631e-05
3.379641100764274597e-02
9.985767602920532227e-01
9.823679327964782715e-01
9.998611211776733398e-01
9.999449253082275391e-01
6.884114554850384593e-05
9.999407529830932617e-01
9.999926090240478516e-01
4.274992272257804871e-03
9.134576430369634181e-06
4.472791260923258960e-06
9.999819993972778320e-01
3.758645430207252502e-02
9.999901056289672852e-01
1.814531606214586645e-05
4.858409283770015463e-06
7.125853153411298990e-05
9.997395873069763184e-01
9.992520213127136230e-01
2.825403498718515038e-05
9.607011675834655762e-01
5.561204034165712073e-06
9.999861717224121094e-01
2.617680911498609930e-05
1.036682049743831158e-03
9.999794960021972656e-01
9.999384880065917969e-01
1.151872146874666214e-02
9.999837875366210938e-01
9.999673366546630859e-01
9.906075000762939453e-01
9.917752742767333984e-01
9.189423872157931328e-04
9.994868040084838867e-01
9.932496547698974609e-01
3.698255401104688644e-03
4.948338866233825684e-01
7.576148491352796555e-04
9.999905824661254883e-01
9.629224538803100586e-01
6.148867396404966712e-05
3.454077886999584734e-05
7.468746900558471680e-01
1.146146405517356470e-05
8.190586413547862321e-06
9.999768733978271484e-01
8.241962495958432555e-05
9.989006519317626953e-01
1.227151369675993919e-03
1.599823008291423321e-05
7.471459684893488884e-04
3.217253386974334717e-01
8.640975356101989746e-01
3.723610643646679819e-05
9.999395608901977539e-01
9.996379613876342773e-01
9.999084472656250000e-01
6.715669878758490086e-04
9.996500015258789062e-01
6.653203854511957616e-06
9.998577833175659180e-01
9.998756647109985352e-01
9.998369216918945312e-01
9.998625516891479492e-01
1.701074279844760895e-02
9.977722764015197754e-01
8.880163659341633320e-05
9.999418258666992188e-01
2.057658821286167949e-05
9.997134804725646973e-01
5.022007226943969727e-01
6.532613770104944706e-05
3.186043177265673876e-04
2.887600567191839218e-04
1.017295562633080408e-05
1.739491820335388184e-01
9.999662637710571289e-01
4.358721077442169189e-01
9.999059438705444336e-01
3.713875776156783104e-05
3.378665307536721230e-03
1.008791296044364572e-04
4.234846830368041992e-01
1.206841506063938141e-02
3.875549435615539551e-01
2.998974196088965982e-05
9.999670982360839844e-01
9.999041557312011719e-01
1.555642847961280495e-05
1.326923607848584652e-03
9.996514320373535156e-01
1.331052681052824482e-05
1.594449579715728760e-02
9.179578423500061035e-01
4.594107624143362045e-03
9.997727274894714355e-01
2.840718440711498260e-02
1.245219260454177856e-02
9.711924791336059570e-01
9.999724626541137695e-01
9.997506737709045410e-01
1.484746020287275314e-02
6.236644461750984192e-03
9.210706921294331551e-04
7.930774700071197003e-06
4.726663246401585639e-05
5.237119330558925867e-05
9.642733335494995117e-01
9.999667406082153320e-01
2.242050541099160910e-04
1.453654567740159109e-05
3.453513085842132568e-01
9.989970326423645020e-01
2.403610560577362776e-04
1.475445151299936697e-05
9.999091625213623047e-01
9.985408782958984375e-01
3.990034747403115034e-05
3.970577090512961149e-04
9.999884366989135742e-01
6.094598770141601562e-01
9.999818801879882812e-01
8.329029078595340252e-04
9.999775886535644531e-01
9.999647140502929688e-01
2.017784136114642024e-04
1.742778345942497253e-02
4.591231117956340313e-05
9.999682903289794922e-01
3.243864281103014946e-03
8.708425411896314472e-06
2.675496041774749756e-03
9.980403780937194824e-01
4.820357571588829160e-05
2.596632204949855804e-02
3.063786402344703674e-02
2.449426028761081398e-05
3.387147444300353527e-06
3.028792561963200569e-03
9.998432397842407227e-01
9.999058246612548828e-01
2.904293239116668701e-01
9.902515411376953125e-01
5.536590237170457840e-03
9.999394416809082031e-01
2.310940297320485115e-03
1.868158324214164168e-05
9.998819828033447266e-01
4.538021457847207785e-04
1.874934387160465121e-04
9.999114274978637695e-01
5.172728560864925385e-05
1.207272543979343027e-05
2.373103488935157657e-04
9.990122318267822266e-01
7.109191417694091797e-01
4.354051779955625534e-03
9.998555183410644531e-01
2.186847123084589839e-04
9.995610117912292480e-01
2.379813976585865021e-02
4.897292852401733398e-01
9.999927282333374023e-01
9.997954964637756348e-01
1.856511662481352687e-04
9.007370471954345703e-01
9.999562501907348633e-01
9.999146461486816406e-01
2.186074294149875641e-02
5.576801413553766906e-05
2.306947857141494751e-01
3.701514750719070435e-02
9.997954964637756348e-01
9.999357461929321289e-01
1.954772160388529301e-04
2.394916737102903426e-05
9.998164772987365723e-01
1.946207508444786072e-02
9.999890327453613281e-01
9.992560744285583496e-01
9.251194000244140625e-01
9.998760223388671875e-01
2.947223139926791191e-03
9.998618364334106445e-01
2.506248711142688990e-04
9.658328294754028320e-01
9.993726611137390137e-01
2.185780089348554611e-03
9.999648332595825195e-01
9.955235719680786133e-01
9.496304392814636230e-01
4.171055257320404053e-01
3.069666922092437744e-01
4.615366378857288510e-06
9.999830722808837891e-01
9.999299049377441406e-01
9.981601834297180176e-01
9.996221065521240234e-01
2.778263115033041686e-05
1.277790591120719910e-02
4.543350951280444860e-05
5.934061408042907715e-01
9.947879314422607422e-01
1.444337540306150913e-03
9.998129010200500488e-01
6.701813254039734602e-05
4.395109717734158039e-04
3.533244016580283642e-04
3.456630408763885498e-01
2.789887003018520772e-05
6.668704152107238770e-01
9.977514147758483887e-01
6.771002663299441338e-04
5.703354477882385254e-01
9.999877214431762695e-01
9.997908473014831543e-01
1.516245447419350967e-05
1.579929084982722998e-05
9.972833395004272461e-01
9.999413490295410156e-01
9.335907697677612305e-01
6.792049389332532883e-04
9.980185031890869141e-01
9.805937409400939941e-01
9.999872446060180664e-01
8.970289826393127441e-01
6.211129948496818542e-05
1.572155815665610135e-05
9.680926203727722168e-01
9.941076040267944336e-01
7.410471880575641990e-05
9.182778000831604004e-01
9.999550580978393555e-01
9.999841451644897461e-01
1.224254909902811050e-02
2.963593695312738419e-03
2.869148552417755127e-02
9.998327493667602539e-01
1.650420576333999634e-02
3.050259053707122803e-01
9.997166991233825684e-01
9.329112172126770020e-01
3.176396712660789490e-02
9.958599209785461426e-01
6.501410971395671368e-04
8.427993059158325195e-01
9.995601773262023926e-01
1.954063074663281441e-03
3.297149389982223511e-02
1.918719863169826567e-05
2.005174290388822556e-03
7.452089630533009768e-05
9.999490976333618164e-01
9.999856948852539062e-01
9.260096587240695953e-03
9.990459084510803223e-01
2.760798856616020203e-02
1.450758706778287888e-02
8.951748013496398926e-01
1.147519424557685852e-02
2.587079536169767380e-03
9.999837875366210938e-01
9.998990297317504883e-01
3.175393503624945879e-04
9.997439980506896973e-01
9.496513009071350098e-01
1.689284545136615634e-05
2.616946585476398468e-03
9.991382360458374023e-01
1.905790879391133785e-03
8.672313560964539647e-05
6.068513263016939163e-03
1.162627540907124057e-05
6.756860530003905296e-04
9.996547698974609375e-01
9.994470477104187012e-01
9.995056390762329102e-01
9.998860359191894531e-01
1.424573957920074463e-01
2.872081473469734192e-03
9.999914169311523438e-01
9.996892213821411133e-01
6.557328701019287109e-01
4.649964272975921631e-01
9.994860887527465820e-01
1.237607375514926389e-05
2.320753037929534912e-02
1.564790291013196111e-04
9.999572038650512695e-01
9.999848604202270508e-01
9.999834299087524414e-01
5.069386959075927734e-01
5.274589657783508301e-01
9.999274015426635742e-01
4.404467836138792336e-05
9.820406436920166016e-01
3.670882506412453949e-05
4.699866258306428790e-05
1.890959720185492188e-05
9.999761581420898438e-01
9.621291756629943848e-01
6.068705916404724121e-01
6.933721899986267090e-01
9.999825954437255859e-01
1.645678858039900661e-04
9.999659061431884766e-01
9.939175844192504883e-01
4.519453737884759903e-03
3.832271322607994080e-02
1.003289744257926941e-01
4.620007239282131195e-04
9.974092841148376465e-01
9.957252740859985352e-01
9.997922778129577637e-01
2.262446651002392173e-05
9.999350309371948242e-01
2.478064782917499542e-02
9.999800920486450195e-01
8.433701992034912109e-01
9.999901056289672852e-01
1.118935397244058549e-04
9.988716244697570801e-01
9.998801946640014648e-01
6.531475484371185303e-02
9.306123683927580714e-05
9.947769641876220703e-01
3.979978791903704405e-04
4.898849292658269405e-04
1.556082218885421753e-01
9.999771118164062500e-01
9.998589754104614258e-01
3.499707281589508057e-01
1.185871078632771969e-03
9.011929035186767578e-01
2.306017279624938965e-02
3.140933986287564039e-04
9.998242259025573730e-01
9.998645782470703125e-01
3.768805981962941587e-05
9.998241066932678223e-01
9.999915361404418945e-01
6.587385432794690132e-04
2.528735995292663574e-01
9.998480081558227539e-01
7.398737221956253052e-02
6.257107015699148178e-04
9.997299313545227051e-01
9.998459815979003906e-01
9.986097812652587891e-01
1.794418676581699401e-05
9.995548129081726074e-01
8.954278230667114258e-01
2.717592567205429077e-02
9.998334646224975586e-01
2.612689742818474770e-03
1.121685199905186892e-04
4.880492342635989189e-04
9.993438124656677246e-01
3.569705086192698218e-06
9.999715089797973633e-01
9.986390471458435059e-01
9.934963658452033997e-03
1.965458795893937349e-05
6.549711542902514338e-05
1.221919319505104795e-05
3.016985137946903706e-04
9.999928474426269531e-01
1.065712515264749527e-02
3.394625673536211252e-05
9.994363188743591309e-01
8.633688557893037796e-04
2.694381866604089737e-03
9.991764426231384277e-01
9.999907016754150391e-01
3.912299405783414841e-03
6.018073558807373047e-01
7.065745739964768291e-05
3.208508587704272941e-06
9.999629259109497070e-01
8.434560298919677734e-01
4.279875755310058594e-01
5.528921484947204590e-01
2.998866839334368706e-04
9.987396597862243652e-01
9.999303817749023438e-01
9.986791014671325684e-01
6.263265851885080338e-03
5.332160592079162598e-01
3.515966236591339111e-03
9.970086216926574707e-01
3.923724307242082432e-06
9.516485929489135742e-01
5.808070898056030273e-01
9.994490742683410645e-01
8.801179938018321991e-04
9.286683052778244019e-06
3.094054045504890382e-05
7.378448247909545898e-01
9.999656677246093750e-01
8.896050530893262476e-06
1.568550057709217072e-02
2.152688428759574890e-02
1.204125396907329559e-02
9.818898439407348633e-01
9.917913675308227539e-01
6.728574953740462661e-05
9.854841828346252441e-01
4.761003423482179642e-03
1.364220079267397523e-04
6.322390163404634222e-06
4.624216854572296143e-01
1.008140072226524353e-01
9.963186979293823242e-01
9.945253133773803711e-01
3.422346413135528564e-01
2.839332073926925659e-02
9.993336796760559082e-01
3.209770657122135162e-03
9.999369382858276367e-01
1.757986145094037056e-03
1.165214693173766136e-03
1.870145979410153814e-06
7.240415811538696289e-01
1.440274179913103580e-03
1.435689181089401245e-01
9.999916553497314453e-01
9.999920129776000977e-01
1.390456855297088623e-01
1.203107982873916626e-01
