9.475827217102050781e-01
3.781301081180572510e-01
9.939066767692565918e-01
9.968402385711669922e-01
2.736945461947470903e-04
9.299274682998657227e-01
1.341480528935790062e-03
8.981456160545349121e-01
4.102745559066534042e-03
9.262008666992187500e-01
9.959701299667358398e-01
5.845274329185485840e-01
9.988904595375061035e-01
9.984141588211059570e-01
4.376291856169700623e-02
1.554358452558517456e-01
9.997578263282775879e-01
8.368109464645385742e-01
7.748652249574661255e-03
9.995970129966735840e-01
9.999881982803344727e-01
2.372820890741422772e-04
9.999481439590454102e-01
2.315698415040969849e-01
8.632851839065551758e-01
6.707560420036315918e-01
9.999897480010986328e-01
9.998536109924316406e-01
4.623130662366747856e-04
9.999063014984130859e-01
9.661934971809387207e-01
8.401583433151245117e-01
1.065056538209319115e-03
7.391387224197387695e-01
7.530491352081298828e-01
9.938044548034667969e-01
9.994152784347534180e-01
2.787440419197082520e-01
9.983118772506713867e-01
4.375406503677368164e-01
8.665254116058349609e-01
9.464800357818603516e-01
9.998402595520019531e-01
4.716015160083770752e-01
6.697032451629638672e-01
1.638526916503906250e-01
8.806969162833411247e-06
9.963086247444152832e-01
9.960436820983886719e-01
9.967402815818786621e-01
4.914516011922387406e-06
2.301201373338699341e-01
9.973968267440795898e-01
7.498296326957643032e-05
4.371847317088395357e-04
5.961314961314201355e-02
9.995798468589782715e-01
7.453164458274841309e-01
2.694968879222869873e-01
9.209755063056945801e-01
3.813345432281494141e-01
1.210733596235513687e-02
9.999955892562866211e-01
9.785519242286682129e-01
5.536605119705200195e-01
9.991049170494079590e-01
9.084955453872680664e-01
9.861141443252563477e-01
7.647653818130493164e-01
3.328940272331237793e-01
3.763360902667045593e-02
9.646735191345214844e-01
9.979627132415771484e-01
1.516184769570827484e-03
1.021624356508255005e-01
9.997230172157287598e-01
4.217736568534746766e-05
9.972671270370483398e-01
7.938301563262939453e-01
9.984196424484252930e-01
4.526167511940002441e-01
9.995121955871582031e-01
9.465024471282958984e-01
9.870793819427490234e-01
9.999260902404785156e-01
9.979748129844665527e-01
9.048268198966979980e-01
1.303816586732864380e-01
9.998661279678344727e-01
4.753068089485168457e-01
9.294610619544982910e-01
6.436255574226379395e-01
7.116808891296386719e-01
3.111925423145294189e-01
9.932900667190551758e-01
9.997203946113586426e-01
4.343631677329540253e-03
8.095406889915466309e-01
7.903190851211547852e-01
9.530876874923706055e-01
8.188326358795166016e-01
9.989889264106750488e-01
9.999858140945434570e-01
6.245267987251281738e-01
2.927299439907073975e-01
1.593766937730833888e-04
9.999852180480957031e-01
1.212325226515531540e-02
7.685822201892733574e-04
8.979254364967346191e-01
2.438793331384658813e-01
1.459303870797157288e-02
9.998469352722167969e-01
9.964489936828613281e-01
1.134455054998397827e-01
1.000832021236419678e-01
9.996241331100463867e-01
5.509169306606054306e-03
9.414716958999633789e-01
1.774834543466567993e-01
5.094307707622647285e-04
6.920875050127506256e-03
9.023454189300537109e-01
1.146156061440706253e-02
3.095533847808837891e-01
9.999072551727294922e-01
9.477441409444509191e-08
3.600022988393902779e-03
1.207378343679010868e-03
6.085146069526672363e-01
7.697069086134433746e-04
9.655187129974365234e-01
9.993035793304443359e-01
9.999138116836547852e-01
3.080659953411668539e-04
9.996500015258789062e-01
9.994137287139892578e-01
9.999833106994628906e-01
4.429398775100708008e-01
5.132593796588480473e-04
7.291085720062255859e-01
3.078956506215035915e-04
2.094376645982265472e-02
2.408034742984455079e-05
7.179030030965805054e-02
5.948735475540161133e-01
7.577415090054273605e-05
5.237626656889915466e-02
9.999347925186157227e-01
7.238546609878540039e-01
4.123095571994781494e-01
3.485669791698455811e-01
2.891220219680690207e-06
5.693101324141025543e-03
6.807193756103515625e-01
1.278909146785736084e-01
5.056562423706054688e-01
9.998455047607421875e-01
3.564153099432587624e-03
9.990257024765014648e-01
7.837480306625366211e-01
9.728781580924987793e-01
7.448559403419494629e-01
9.971201419830322266e-01
9.730556011199951172e-01
8.493992090225219727e-01
3.065438941121101379e-03
8.982008695602416992e-01
9.999971389770507812e-01
6.335287541151046753e-02
8.898110389709472656e-01
9.921711683273315430e-01
9.924958944320678711e-01
3.500904142856597900e-02
9.510935544967651367e-01
7.304180860519409180e-01
9.999939203262329102e-01
5.962760373950004578e-02
1.494428515434265137e-01
7.898534536361694336e-01
1.118329819291830063e-02
1.943521387875080109e-02
9.994562268257141113e-01
8.983144760131835938e-01
9.793586134910583496e-01
9.995551705360412598e-01
8.913361281156539917e-02
9.996809959411621094e-01
1.696232333779335022e-02
7.713310718536376953e-01
9.945689439773559570e-01
3.396892249584197998e-01
1.162016997113823891e-03
9.997945427894592285e-01
9.382602572441101074e-01
1.201325748115777969e-02
9.950749278068542480e-01
1.645175274461507797e-03
9.952799081802368164e-01
2.942662127315998077e-02
2.443980723619461060e-01
2.172110835090279579e-03
3.486495316028594971e-01
9.867327809333801270e-01
7.454759906977415085e-03
3.649930655956268311e-01
2.410494536161422729e-01
8.335531456395983696e-04
4.538334608078002930e-01
6.948131322860717773e-01
5.795197486877441406e-01
4.511319845914840698e-02
1.540709380060434341e-02
5.894657806493341923e-05
9.991433620452880859e-01
9.989020824432373047e-01
7.994388579390943050e-04
4.495613276958465576e-02
9.739484190940856934e-01
9.993280172348022461e-01
4.701479971408843994e-01
2.357912436127662659e-02
9.997764229774475098e-01
2.442327328026294708e-02
9.988725781440734863e-01
6.755172014236450195e-01
2.456053644418716431e-01
6.028905045241117477e-04
9.839829206466674805e-01
5.868878960609436035e-01
9.904540777206420898e-01
2.989811636507511139e-02
9.064379930496215820e-01
9.997132420539855957e-01
2.034300850937142968e-04
5.364734679460525513e-02
8.307453989982604980e-01
8.384658940485678613e-06
9.993121623992919922e-01
9.975528120994567871e-01
4.220180511474609375e-01
9.932811260223388672e-01
8.904406428337097168e-01
1.126588103943504393e-04
6.008640397340059280e-03
8.668135404586791992e-01
9.794715642929077148e-01
9.958721995353698730e-01
9.679832728579640388e-04
4.494921769946813583e-03
7.262065410614013672e-01
1.032486179610714316e-04
5.508418679237365723e-01
9.988135099411010742e-01
6.910882890224456787e-02
9.999002218246459961e-01
9.998774528503417969e-01
9.988601207733154297e-01
5.139605402946472168e-01
2.219091951847076416e-01
6.912364065647125244e-02
9.999840259552001953e-01
9.999654293060302734e-01
9.434279799461364746e-01
1.851600594818592072e-02
4.803481101989746094e-01
7.002598047256469727e-01
9.999836683273315430e-01
9.934141635894775391e-01
8.261615633964538574e-01
9.996495246887207031e-01
9.970241189002990723e-01
1.170994192361831665e-01
9.002193110063672066e-04
5.797835588455200195e-01
9.998250603675842285e-01
9.999440908432006836e-01
9.514886140823364258e-01
9.998970031738281250e-01
7.143719792366027832e-01
9.911735653877258301e-01
5.676189064979553223e-01
9.994537234306335449e-01
9.561440944671630859e-01
9.843571782112121582e-01
9.964656829833984375e-01
9.999895095825195312e-01
9.981421232223510742e-01
9.997608065605163574e-01
9.995286464691162109e-01
1.873562359833158553e-05
1.168540446087718010e-03
1.459676120430231094e-02
8.579814434051513672e-01
1.058616023510694504e-02
9.857959747314453125e-01
9.998993873596191406e-01
9.953777790069580078e-01
9.960799943655729294e-04
5.932475328445434570e-01
1.425185939297080040e-03
1.050694286823272705e-02
9.943441152572631836e-01
8.020259141921997070e-01
9.955407977104187012e-01
1.046817342285066843e-04
7.751114368438720703e-01
8.795731118880212307e-04
9.959831237792968750e-01
2.030919045209884644e-01
9.983336329460144043e-01
9.143678545951843262e-01
9.914184920489788055e-04
9.915010929107666016e-01
1.584091484546661377e-01
9.989628791809082031e-01
1.163931810879148543e-04
9.744636416435241699e-01
9.996412992477416992e-01
1.183072919957339764e-03
3.931605815887451172e-01
9.979774355888366699e-01
1.407810021191835403e-02
8.580244183540344238e-01
9.829252958297729492e-01
9.995065927505493164e-01
9.889077544212341309e-01
1.034866794943809509e-01
4.479931890964508057e-01
1.747155934572219849e-01
9.997286200523376465e-01
6.063945889472961426e-01
9.880999326705932617e-01
9.992529749870300293e-01
9.923399686813354492e-01
3.805488086072728038e-05
9.917216897010803223e-01
4.955880343914031982e-02
2.496170636732131243e-04
9.940074682235717773e-01
9.911439418792724609e-01
9.575268030166625977e-01
9.220819473266601562e-01
4.600934684276580811e-02
3.680169756989926100e-04
3.838078351691365242e-03
9.995809197425842285e-01
9.365324974060058594e-01
9.917764663696289062e-01
9.831232428550720215e-01
5.428059101104736328e-01
1.188358946819789708e-04
9.996840953826904297e-01
6.249525118619203568e-03
4.209323378745466471e-04
9.999492168426513672e-01
5.797726511955261230e-01
6.179173588752746582e-01
1.259069796651601791e-02
9.289296269416809082e-01
9.123821854591369629e-01
2.127908729016780853e-02
9.999567270278930664e-01
6.733151531079784036e-05
3.666796982288360596e-01
9.988136291503906250e-01
5.974349975585937500e-01
9.997567534446716309e-01
1.026972532272338867e-01
9.954516291618347168e-01
5.489087197929620743e-03
1.652146503329277039e-02
9.985022544860839844e-01
9.595478177070617676e-01
5.335265814210288227e-05
5.668567027896642685e-03
9.995291233062744141e-01
9.873005747795104980e-01
9.932223474606871605e-04
4.452359396964311600e-03
9.997891783714294434e-01
9.650202989578247070e-01
9.994934797286987305e-01
2.371501410380005836e-03
9.997596144676208496e-01
3.710666298866271973e-01
1.382699422538280487e-02
1.149046048521995544e-01
9.999426603317260742e-01
3.735623955726623535e-01
9.997299313545227051e-01
9.845591187477111816e-01
1.933708339929580688e-01
6.923265755176544189e-02
3.024773439392447472e-03
9.979827404022216797e-01
9.631127715110778809e-01
3.893382251262664795e-01
7.423656643368303776e-04
2.658380428329110146e-03
9.996683597564697266e-01
9.521778821945190430e-01
2.097315937280654907e-01
7.338557243347167969e-01
4.952954873442649841e-02
2.258857786655426025e-01
9.998658895492553711e-01
9.994102716445922852e-01
4.410644471645355225e-01
5.480702519416809082e-01
9.670218229293823242e-01
9.996253252029418945e-01
1.028469647280871868e-03
3.518325090408325195e-02
7.461054325103759766e-01
9.991925358772277832e-01
3.144816309213638306e-02
9.999943971633911133e-01
8.636090904474258423e-03
9.908280372619628906e-01
4.774111807346343994e-01
3.489773869514465332e-01
3.188337432220578194e-04
2.225514908786863089e-04
9.525033235549926758e-01
4.538778739515691996e-04
3.798531889915466309e-01
1.586657526786439121e-05
9.851480722427368164e-01
9.997910857200622559e-01
3.759444225579500198e-03
1.271294197067618370e-03
1.226791832596063614e-02
7.937309145927429199e-01
1.594775170087814331e-02
9.996484518051147461e-01
6.350737530738115311e-04
8.234137892723083496e-01
6.860714554786682129e-01
9.840399622917175293e-01
3.044646978378295898e-01
9.802846908569335938e-01
1.494428515434265137e-01
9.604632258415222168e-01
9.707884192466735840e-01
5.965254306793212891e-01
9.867008328437805176e-01
6.171910464763641357e-02
4.723034501075744629e-01
9.925391077995300293e-01
9.901218116283416748e-02
9.170637726783752441e-01
9.753587655723094940e-04
9.941370487213134766e-01
9.627038836479187012e-01
9.997059702873229980e-01
6.907727718353271484e-01
9.998975992202758789e-01
9.323579072952270508e-01
3.509870171546936035e-02
9.977892637252807617e-01
2.190243219956755638e-03
1.666069477796554565e-01
9.516577720642089844e-01
9.745318293571472168e-01
4.230263584759086370e-04
9.977532029151916504e-01
9.995680451393127441e-01
2.940753102302551270e-01
9.659835696220397949e-01
9.933973550796508789e-01
1.364273484796285629e-03
2.918701469898223877e-01
9.955542683601379395e-01
9.999837875366210938e-01
9.999037981033325195e-01
7.932366132736206055e-01
3.938573598861694336e-01
1.286523044109344482e-02
8.287295103073120117e-01
1.224385499954223633e-01
2.279693726450204849e-03
3.567044809460639954e-02
9.893641471862792969e-01
9.999929666519165039e-01
2.974691960844211280e-05
4.286534339189529419e-02
5.205391049385070801e-01
4.155169590376317501e-04
9.999613761901855469e-01
9.996529817581176758e-01
1.165232388302683830e-03
1.520180553197860718e-01
9.971349239349365234e-01
9.973326921463012695e-01
1.011959160678088665e-03
9.999834299087524414e-01
9.954633116722106934e-01
3.823327424470335245e-04
9.854058027267456055e-01
1.598665118217468262e-02
6.448274254798889160e-01
6.583272814750671387e-01
9.990316629409790039e-01
9.989002943038940430e-01
2.168197929859161377e-01
9.965387582778930664e-01
9.552980191074311733e-05
1.342194434255361557e-02
3.852221965789794922e-01
6.004055103403516114e-05
6.941756606101989746e-01
1.295500114792957902e-04
9.994490742683410645e-01
9.674107655882835388e-03
5.024292971938848495e-03
9.679490923881530762e-01
5.980442762374877930e-01
9.926526546478271484e-01
9.880554080009460449e-01
9.999810457229614258e-01
8.397585749626159668e-01
1.071484945714473724e-02
9.996185302734375000e-01
1.533893055238877423e-06
9.997344613075256348e-01
9.593657851219177246e-01
8.788748979568481445e-01
9.708958268165588379e-01
9.541277289390563965e-01
4.146381746977567673e-03
3.337083011865615845e-02
5.884447097778320312e-01
8.975605368614196777e-01
9.985394477844238281e-01
1.049812344717793167e-04
9.957059025764465332e-01
9.950474500656127930e-01
4.441924393177032471e-01
1.744125620462000370e-04
7.195777446031570435e-02
9.997714161872863770e-01
8.396107554435729980e-01
8.650447726249694824e-01
8.841648697853088379e-01
9.822005033493041992e-01
2.403507009148597717e-03
4.952636361122131348e-01
9.923033714294433594e-01
4.897003471851348877e-01
6.507626269012689590e-03
6.468323469161987305e-01
8.874300122261047363e-01
9.991357922554016113e-01
1.066192984580993652e-03
8.142019808292388916e-02
1.099392492324113846e-02
9.997376799583435059e-01
9.427190423011779785e-01
1.006559282541275024e-01
2.033635787665843964e-02
9.999834299087524414e-01
9.997872710227966309e-01
9.788542985916137695e-01
9.972482323646545410e-01
6.050897389650344849e-02
4.177339375019073486e-02
9.968726038932800293e-01
5.575006362050771713e-03
9.995359182357788086e-01
8.674582839012145996e-01
1.641706376176443882e-06
9.836344718933105469e-01
2.227535098791122437e-02
8.555746899219229817e-05
1.774856448173522949e-01
1.257802941836416721e-03
9.975959658622741699e-01
9.994643330574035645e-01
9.936026930809020996e-01
1.297475546598434448e-01
9.966140389442443848e-01
2.595473639667034149e-02
1.650322377681732178e-01
1.293805986642837524e-02
9.992296695709228516e-01
7.333640456199645996e-01
9.999872446060180664e-01
7.955393195152282715e-01
9.938637018203735352e-01
9.976232647895812988e-01
9.971452355384826660e-01
9.998096823692321777e-01
9.860209684120491147e-05
4.124791324138641357e-01
9.482053518295288086e-01
1.105865649878978729e-02
9.997140765190124512e-01
9.951460957527160645e-01
9.579039216041564941e-01
2.479428192600607872e-03
9.979919195175170898e-01
9.302752017974853516e-01
9.934416040778160095e-03
2.718385541811585426e-03
1.363513059914112091e-03
8.781129717826843262e-01
5.602423846721649170e-02
9.997630715370178223e-01
9.998018145561218262e-01
9.883812069892883301e-01
4.153680638410151005e-04
9.991655349731445312e-01
9.900354743003845215e-01
9.818184971809387207e-01
9.996391534805297852e-01
9.206555485725402832e-01
9.758053347468376160e-03
2.219062298536300659e-03
1.250591874122619629e-01
9.969872832298278809e-01
9.692466855049133301e-01
1.838197116740047932e-03
1.499933935701847076e-02
9.993374943733215332e-01
9.988375306129455566e-01
9.999552965164184570e-01
3.933438099920749664e-03
9.999392032623291016e-01
2.807035052683204412e-04
8.096818327903747559e-01
9.995803236961364746e-01
8.093773126602172852e-01
3.657603263854980469e-01
1.374417543411254883e-02
7.662047743797302246e-01
3.008452653884887695e-01
9.429445266723632812e-01
8.729850053787231445e-01
8.243391513824462891e-01
9.987680315971374512e-01
8.452126756310462952e-03
9.067373275756835938e-01
9.387375712394714355e-01
9.997771382331848145e-01
3.452472446952015162e-04
9.501518309116363525e-02
9.997575879096984863e-01
3.298267722129821777e-01
3.445936739444732666e-01
1.291264314204454422e-03
1.530976444482803345e-01
1.406120788305997849e-02
5.489394534379243851e-03
8.491447195410728455e-03
6.754075288772583008e-01
1.134985868702642620e-04
1.228134264238178730e-03
9.976496100425720215e-01
9.996238946914672852e-01
9.999462366104125977e-01
9.998854398727416992e-01
1.137590557336807251e-01
9.991790652275085449e-01
9.924517273902893066e-01
9.365547895431518555e-01
9.996293783187866211e-01
7.515484467148780823e-03
9.998576641082763672e-01
9.999799728393554688e-01
2.346408925950527191e-02
3.941012024879455566e-01
4.019248187541961670e-01
3.434224426746368408e-01
9.959594607353210449e-01
9.999245405197143555e-01
5.148521065711975098e-02
4.419755637645721436e-01
9.981558918952941895e-01
9.999582767486572266e-01
2.259561121463775635e-01
5.981563124805688858e-03
4.438412785530090332e-01
9.967709183692932129e-01
7.500629425048828125e-01
2.399841099977493286e-01
1.021624356508255005e-01
4.460142459720373154e-03
1.011959160678088665e-03
1.087153851985931396e-01
9.954140186309814453e-01
3.722137510776519775e-01
1.585383340716362000e-02
7.129640579223632812e-01
9.982352256774902344e-01
9.966352581977844238e-01
9.998936653137207031e-01
1.171120675280690193e-03
9.999271631240844727e-01
2.552865743637084961e-01
2.088726498186588287e-03
1.567844115197658539e-02
1.951758749783039093e-02
7.479131817817687988e-01
1.547980457544326782e-01
8.702386617660522461e-01
9.991160035133361816e-01
4.648568630218505859e-01
9.999901056289672852e-01
5.058569312095642090e-01
7.260453887283802032e-03
9.349417686462402344e-01
1.948318928480148315e-01
9.998492002487182617e-01
1.829875558614730835e-01
2.645045460667461157e-04
1.557770883664488792e-04
5.383246389101259410e-06
9.462589025497436523e-01
5.183034762740135193e-02
9.999523162841796875e-01
9.951801300048828125e-01
9.999175071716308594e-01
5.539370775222778320e-01
9.998536109924316406e-01
9.984051585197448730e-01
1.219713129103183746e-02
1.191787514835596085e-02
9.900665283203125000e-01
9.206858277320861816e-01
9.998210072517395020e-01
3.280756771564483643e-01
5.274659395217895508e-01
9.994894266128540039e-01
9.995293617248535156e-01
9.995468258857727051e-01
1.034103799611330032e-02
1.568017993122339249e-03
4.212015569210052490e-01
9.951220154762268066e-01
9.999678134918212891e-01
2.228393778204917908e-02
9.496673345565795898e-01
9.907668828964233398e-01
1.624319702386856079e-02
6.012457013130187988e-01
2.328680306673049927e-01
6.609073877334594727e-01
7.324077305383980274e-04
9.976497292518615723e-01
2.466445148456841707e-04
9.999227523803710938e-01
9.982786178588867188e-01
9.984714388847351074e-01
3.511530812829732895e-04
3.080659953411668539e-04
6.880536079406738281e-01
8.364525437355041504e-01
6.689474582672119141e-01
5.101236701011657715e-01
9.983645081520080566e-01
9.999310970306396484e-01
4.515819549560546875e-01
5.515338107943534851e-02
9.170016050338745117e-01
9.999597072601318359e-01
9.042395949363708496e-01
3.756515681743621826e-01
9.997364878654479980e-01
9.987937211990356445e-01
9.826923608779907227e-01
1.813088729977607727e-02
9.344655871391296387e-01
8.214144706726074219e-01
9.767069816589355469e-01
9.966236352920532227e-01
9.997270703315734863e-01
1.759079168550670147e-03
9.997887015342712402e-01
3.718951344490051270e-01
7.056824117898941040e-02
9.712821841239929199e-01
6.896550953388214111e-02
7.482312321662902832e-01
9.392971992492675781e-01
7.474812213331460953e-03
9.999364614486694336e-01
2.605013549327850342e-01
9.999487400054931641e-01
9.973093271255493164e-01
5.848408341407775879e-01
1.662635058164596558e-02
9.998561143875122070e-01
3.027389466296881437e-04
8.315641433000564575e-03
2.012886293232440948e-02
2.938320934772491455e-01
9.938718080520629883e-01
2.812798619270324707e-01
9.979939460754394531e-01
9.943780303001403809e-01
9.999841451644897461e-01
3.294429183006286621e-01
3.598184790462255478e-03
2.581237442791461945e-02
9.716255664825439453e-01
4.051360301673412323e-03
4.308260232210159302e-02
7.978246685524936765e-06
9.550967216491699219e-01
9.998855590820312500e-01
6.050702333450317383e-01
8.380955457687377930e-01
8.452617563307285309e-03
4.243669807910919189e-01
9.965326786041259766e-01
9.999605417251586914e-01
5.489087197929620743e-03
4.884985974058508873e-04
9.779213070869445801e-01
9.932250380516052246e-01
8.116556406021118164e-01
1.225656247697770596e-03
1.253375597298145294e-02
9.969230294227600098e-01
9.999725818634033203e-01
8.795105218887329102e-01
8.502644486725330353e-03
1.640803995542228222e-03
8.346007234649732709e-06
9.884892106056213379e-01
9.987835288047790527e-01
9.849172784015536308e-04
3.108942508697509766e-01
9.995487332344055176e-01
4.757860302925109863e-01
1.937233144417405128e-03
9.738696217536926270e-01
9.999412298202514648e-01
1.969437152147293091e-01
9.953369498252868652e-01
9.338813424110412598e-01
1.185877341777086258e-02
9.983679652214050293e-01
4.583687768899835646e-06
9.666031002998352051e-01
9.999961853027343750e-01
9.999217987060546875e-01
4.800374209880828857e-01
8.743188977241516113e-01
9.999864101409912109e-01
4.718323179986327887e-05
9.827427864074707031e-01
1.773873664205893874e-04
1.197961464640684426e-04
9.999378919601440430e-01
9.991717338562011719e-01
9.996563196182250977e-01
4.835607856512069702e-02
9.982157945632934570e-01
9.997404217720031738e-01
9.999186992645263672e-01
2.779919281601905823e-02
2.937616705894470215e-01
9.999859333038330078e-01
9.998235106468200684e-01
9.999898672103881836e-01
8.235960006713867188e-01
2.579446695744991302e-02
1.113945734687149525e-03
9.999756813049316406e-01
6.429035663604736328e-01
6.494697183370590210e-03
1.450368911027908325e-01
3.256356649217195809e-05
8.054978251457214355e-01
9.794075489044189453e-01
9.478868246078491211e-01
9.619036912918090820e-01
9.984114170074462891e-01
1.425253506749868393e-02
3.730155294761061668e-03
9.985760450363159180e-01
9.906786084175109863e-01
9.647515416145324707e-01
9.985563158988952637e-01
4.556229032459668815e-05
9.999940395355224609e-01
3.711531311273574829e-02
9.830211400985717773e-01
6.377863232046365738e-03
9.942767024040222168e-01
9.852753877639770508e-01
4.573028709273785353e-04
1.697580367326736450e-01
1.878675669431686401e-01
8.053381741046905518e-02
2.349198563024401665e-03
4.574976628646254539e-05
9.990478157997131348e-01
5.790020152926445007e-02
1.967654796317219734e-03
8.704201579093933105e-01
7.271303534507751465e-01
9.943780303001403809e-01
9.998757839202880859e-01
2.283008689119014889e-05
9.232439310835616197e-07
2.511066794395446777e-01
9.993533492088317871e-01
8.968505263328552246e-01
9.873499274253845215e-01
9.788510799407958984e-01
6.414763331413269043e-01
3.884189936798065901e-04
1.624364964663982391e-02
9.693162441253662109e-01
8.224142193794250488e-01
6.977334618568420410e-01
1.156076975166797638e-02
9.999420642852783203e-01
9.932297468185424805e-01
9.299185276031494141e-01
3.049995939363725483e-05
8.556760549545288086e-01
1.611012667417526245e-01
9.893239140510559082e-01
6.470934748649597168e-01
9.998470544815063477e-01
9.713801741600036621e-01
6.637856960296630859e-01
8.570547699928283691e-01
9.999773502349853516e-01
9.927323460578918457e-01
3.184715807437896729e-01
7.148389518260955811e-02
8.017891049385070801e-01
9.998006224632263184e-01
9.999938011169433594e-01
9.596564173698425293e-01
2.179840579628944397e-02
6.742365658283233643e-02
8.770144581794738770e-01
9.998530149459838867e-01
9.999476671218872070e-01
7.124372059479355812e-04
9.990332126617431641e-01
9.967497587203979492e-01
8.588109612464904785e-01
3.187643289566040039e-01
1.622519642114639282e-01
9.410805702209472656e-01
9.999662637710571289e-01
9.682708978652954102e-01
7.147775888442993164e-01
6.779173389077186584e-03
8.816766142845153809e-01
7.909872219897806644e-04
9.719544649124145508e-02
8.960846066474914551e-01
5.394715350121259689e-03
9.999101161956787109e-01
7.261589169502258301e-01
8.512837290763854980e-01
7.094739079475402832e-01
8.454502224922180176e-01
9.995778203010559082e-01
8.934977650642395020e-01
9.998044371604919434e-01
9.750030040740966797e-01
1.451971911592409015e-04
9.901815056800842285e-01
8.535463809967041016e-01
8.916568756103515625e-01
9.506125450134277344e-01
9.762001633644104004e-01
2.649096846580505371e-01
9.996039271354675293e-01
9.970785379409790039e-01
9.557482600212097168e-01
9.982362985610961914e-01
3.000951837748289108e-04
9.997473359107971191e-01
7.633193135261535645e-01
2.274542021041270345e-05
2.798962593078613281e-01
9.998154044151306152e-01
4.174144566059112549e-01
9.926296472549438477e-01
9.902728199958801270e-01
9.999586343765258789e-01
9.668298363685607910e-01
9.918924570083618164e-01
5.162943005561828613e-01
9.968468546867370605e-01
9.998892545700073242e-01
2.417488768696784973e-02
9.911557435989379883e-01
3.855081796646118164e-01
9.441022276878356934e-01
2.701300941407680511e-02
2.961620315909385681e-02
1.341683091595768929e-03
1.098465072573162615e-04
9.991200566291809082e-01
1.218229439109563828e-02
4.362594336271286011e-05
8.744191527366638184e-01
9.836258292198181152e-01
9.890071153640747070e-01
2.391780144535005093e-04
9.993295669555664062e-01
6.384011940099298954e-04
9.931209683418273926e-01
9.942755103111267090e-01
7.738740532658994198e-04
2.024767491093371063e-05
9.999816417694091797e-01
9.645568788982927799e-04
9.993305206298828125e-01
9.987223744392395020e-01
9.998243451118469238e-01
8.382824659347534180e-01
6.850218778708949685e-05
1.341413917543832213e-05
3.627916797995567322e-02
6.685089319944381714e-04
9.999139308929443359e-01
9.999749660491943359e-01
5.478365421295166016e-01
9.996920824050903320e-01
4.859257387579418719e-06
8.204512000083923340e-01
4.680153429508209229e-01
4.727194458246231079e-02
8.473255038261413574e-01
9.998140931129455566e-01
9.703062176704406738e-01
9.968813657760620117e-01
9.729357361793518066e-01
9.737761020660400391e-01
9.912627935409545898e-01
5.977140069007873535e-01
7.569181616418063641e-05
9.999189376831054688e-01
1.250623073428869247e-02
6.178123131394386292e-02
4.891094863414764404e-01
8.434046991169452667e-03
1.335476845270022750e-04
7.613964676856994629e-01
9.954329729080200195e-01
3.751920594368129969e-04
7.236655950546264648e-01
9.986323714256286621e-01
7.641310691833496094e-01
5.759860873222351074e-01
8.176828026771545410e-01
9.533708095550537109e-01
9.999510049819946289e-01
4.669598042964935303e-01
1.382089885737514123e-05
9.776747822761535645e-01
1.825944753363728523e-03
9.150992631912231445e-01
9.999725818634033203e-01
6.814007759094238281e-01
9.712032675743103027e-01
9.382113069295883179e-02
9.997232556343078613e-01
9.820885062217712402e-01
7.757952064275741577e-02
9.998645782470703125e-01
8.382028937339782715e-01
9.938036203384399414e-01
9.999942779541015625e-01
8.152189105749130249e-02
2.186086326837539673e-01
4.347494840621948242e-01
9.055578708648681641e-01
7.792292237281799316e-01
9.936647415161132812e-01
9.957171082496643066e-01
2.747591643128544092e-04
1.493008136749267578e-01
2.491450123488903046e-02
9.976519942283630371e-01
2.792681625578552485e-04
6.084470450878143311e-02
3.442540473770350218e-04
2.217089235782623291e-01
3.673807978630065918e-01
3.241128101944923401e-02
8.498781323432922363e-01
1.674502529203891754e-02
2.657428616657853127e-03
7.434091567993164062e-01
9.936125874519348145e-01
8.947066664695739746e-01
9.427848458290100098e-01
8.000536561012268066e-01
5.936137959361076355e-02
9.967701435089111328e-01
3.817992750555276871e-03
7.596636414527893066e-01
1.109758019447326660e-02
9.941059350967407227e-01
3.136867657303810120e-02
9.336442947387695312e-01
3.424844741821289062e-01
3.173610428348183632e-03
4.935318231582641602e-01
9.688175916671752930e-01
1.825676411390304565e-01
9.806109666824340820e-01
9.944179058074951172e-01
9.973111152648925781e-01
7.981725931167602539e-01
7.421852787956595421e-04
6.526386830955743790e-03
9.998561143875122070e-01
9.777852296829223633e-01
6.554724574089050293e-01
9.998859167098999023e-01
9.801795482635498047e-01
7.465439848601818085e-03
9.989818930625915527e-01
2.725685238838195801e-01
9.691536426544189453e-01
9.998657703399658203e-01
9.539908170700073242e-01
1.070699747651815414e-02
9.748993515968322754e-01
9.991726279258728027e-01
9.992833733558654785e-01
9.999325275421142578e-01
7.570234593003988266e-04
3.785924491239711642e-06
9.999403953552246094e-01
2.780767343938350677e-02
9.971777349710464478e-02
9.989344477653503418e-01
9.986005425453186035e-01
9.982762336730957031e-01
9.999819993972778320e-01
9.490166902542114258e-01
4.871962964534759521e-02
9.441609978675842285e-01
9.997292160987854004e-01
9.996960163116455078e-01
3.294134512543678284e-02
1.066604090738110244e-04
6.853923201560974121e-01
9.965853691101074219e-01
9.998944997787475586e-01
9.069942235946655273e-01
9.997773766517639160e-01
1.651290059089660645e-02
9.837395548820495605e-01
8.175881505012512207e-01
9.971144199371337891e-01
7.743590977042913437e-03
9.993031024932861328e-01
2.357008904218673706e-01
5.090297460556030273e-01
1.222395105287432671e-03
9.958178400993347168e-01
9.927051663398742676e-01
4.302338697016239166e-03
2.769912034273147583e-02
9.217695593833923340e-01
1.479866728186607361e-02
9.996415376663208008e-01
9.518335461616516113e-01
9.752297997474670410e-01
9.999650716781616211e-01
7.706032395362854004e-01
2.397614531219005585e-03
1.208382775075733662e-03
5.190524458885192871e-01
9.909808039665222168e-01
9.991216063499450684e-01
7.915094465715810657e-05
9.307723045349121094e-01
9.278911948204040527e-01
9.991777539253234863e-01
4.222507588565349579e-03
8.238351345062255859e-01
1.250979304313659668e-01
9.990978240966796875e-01
3.947449326515197754e-01
6.217781919986009598e-03
7.070893049240112305e-01
9.999009370803833008e-01
5.274630710482597351e-02
3.663738965988159180e-01
9.666419625282287598e-01
9.999659061431884766e-01
2.370994770899415016e-03
9.949213862419128418e-01
8.572845458984375000e-01
1.686577647924423218e-01
3.988368436694145203e-03
2.814517392835114151e-05
6.280208826065063477e-01
9.987727999687194824e-01
1.661310158669948578e-02
7.785476446151733398e-01
6.993844509124755859e-01
9.995889067649841309e-01
1.751469224691390991e-01
6.996397674083709717e-02
1.977004483342170715e-02
5.176355625735595822e-05
9.992019534111022949e-01
5.348612666130065918e-01
9.604564309120178223e-01
1.605810075998306274e-01
9.295030832290649414e-01
8.843128569424152374e-03
9.993059635162353516e-01
9.186553955078125000e-01
9.977045655250549316e-01
6.657643318176269531e-01
2.003694921731948853e-01
8.836617469787597656e-01
9.986743927001953125e-01
1.463349536061286926e-02
9.998911619186401367e-01
9.995496869087219238e-01
3.881639540195465088e-01
9.992109537124633789e-01
8.251295685768127441e-01
8.086876869201660156e-01
1.618859171867370605e-01
7.069322746247053146e-03
9.884530901908874512e-01
7.995525598526000977e-01
9.995912909507751465e-01
9.669116139411926270e-01
9.863170981407165527e-01
1.762996194884181023e-03
1.691535674035549164e-02
2.127339392900466919e-01
9.908175468444824219e-01
9.996325969696044922e-01
8.148853667080402374e-03
6.639119237661361694e-02
9.999539852142333984e-01
9.998090863227844238e-01
3.419112786650657654e-02
2.708241809159517288e-04
2.926512807607650757e-02
6.323471069335937500e-01
1.758632361888885498e-01
8.530025370419025421e-04
9.953888654708862305e-01
4.662314429879188538e-02
2.098727236443664879e-07
9.999641180038452148e-01
9.192074537277221680e-01
9.999601840972900391e-01
9.999837875366210938e-01
9.995281696319580078e-01
9.552873969078063965e-01
4.583893343806266785e-02
9.829435348510742188e-01
1.594147980213165283e-01
9.924167394638061523e-01
9.391770511865615845e-02
9.999250173568725586e-01
3.724504113197326660e-01
2.154549211263656616e-01
2.992128953337669373e-03
9.454268813133239746e-01
9.988390803337097168e-01
4.811994265764951706e-03
9.994899034500122070e-01
9.953299760818481445e-01
9.977204203605651855e-01
6.170883774757385254e-01
1.123559325933456421e-01
9.998958110809326172e-01
9.999788999557495117e-01
5.254879593849182129e-01
9.909356236457824707e-01
2.513136900961399078e-02
4.387115314602851868e-02
9.934106469154357910e-01
9.992070794105529785e-01
7.339578005485236645e-04
5.119838169775903225e-04
2.747815251350402832e-01
9.999904632568359375e-01
2.222963608801364899e-02
7.990310788154602051e-01
1.823362149298191071e-02
1.724053523503243923e-03
8.385930210351943970e-02
9.998772144317626953e-01
8.552680015563964844e-01
9.762195944786071777e-01
7.517600897699594498e-03
9.914035201072692871e-01
9.928344488143920898e-01
9.999923706054687500e-01
9.998710155487060547e-01
4.072413444519042969e-01
8.611508645117282867e-03
9.998891353607177734e-01
5.180801730602979660e-03
1.385421783197671175e-04
8.307083249092102051e-01
9.995310306549072266e-01
2.894557416439056396e-01
9.999372959136962891e-01
8.316015005111694336e-01
9.974223375320434570e-01
2.700896859169006348e-01
5.173162817955017090e-01
9.999333620071411133e-01
9.991273283958435059e-01
2.529840858187526464e-04
9.996744394302368164e-01
1.591650955379009247e-02
1.173538900911808014e-02
9.840062260627746582e-01
9.995838999748229980e-01
9.020832294481806457e-06
4.421760793775320053e-03
1.695185899734497070e-01
1.967608928680419922e-03
5.057329777628183365e-03
4.249028861522674561e-01
7.551199793815612793e-01
9.826254844665527344e-01
9.957905411720275879e-01
9.902095794677734375e-01
2.863919944502413273e-04
2.276805639266967773e-01
9.997143149375915527e-01
9.081791043281555176e-01
6.420829296112060547e-01
9.973922967910766602e-01
9.947110414505004883e-01
9.987519979476928711e-01
3.062492012977600098e-01
9.264171123504638672e-01
9.987826943397521973e-01
6.121878977864980698e-03
9.953569769859313965e-01
1.994729414582252502e-02
6.792949046939611435e-03
2.083555422723293304e-02
1.437016471754759550e-04
3.055886736547108740e-06
5.380501747131347656e-01
9.989029169082641602e-01
3.836843669414520264e-01
7.752190232276916504e-01
9.920920133590698242e-01
9.836702346801757812e-01
7.418632507324218750e-01
7.495177909731864929e-03
9.863196015357971191e-01
1.944577842950820923e-01
9.840977787971496582e-01
7.127803750336170197e-03
9.998471736907958984e-01
7.403261065483093262e-01
9.996936321258544922e-01
3.671659901738166809e-02
9.992800354957580566e-01
9.998421669006347656e-01
2.108740061521530151e-02
9.969207048416137695e-01
9.999651908874511719e-01
9.995408058166503906e-01
9.998911619186401367e-01
9.781827926635742188e-01
9.953520298004150391e-01
1.475122869014739990e-01
9.506775736808776855e-01
9.966866374015808105e-01
6.956632733345031738e-01
9.983264803886413574e-01
1.850382774136960506e-03
9.962278604507446289e-01
2.495558746159076691e-02
1.352374162524938583e-02
4.667777717113494873e-01
4.203238487243652344e-01
9.228444695472717285e-01
1.683166176080703735e-01
6.057967543601989746e-01
9.999784231185913086e-01
3.904029130935668945e-01
9.985490441322326660e-01
8.262854814529418945e-01
9.896116256713867188e-01
9.999785423278808594e-01
8.570795655250549316e-01
9.998620748519897461e-01
3.615054190158843994e-01
9.017237061925698072e-06
9.994743466377258301e-01
9.800931215286254883e-01
6.925037503242492676e-02
3.548870384693145752e-01
4.560029992717318237e-06
9.323136806488037109e-01
3.325256984680891037e-03
9.920095205307006836e-01
3.042791187763214111e-01
9.966128468513488770e-01
9.982877373695373535e-01
6.482364609837532043e-03
9.873960614204406738e-01
4.507661215029656887e-04
9.627649784088134766e-01
9.997672438621520996e-01
9.998083710670471191e-01
2.141764014959335327e-01
9.621850252151489258e-01
6.084470450878143311e-02
9.998061060905456543e-01
5.327195976860821247e-04
9.999481439590454102e-01
6.379228234291076660e-01
2.715983986854553223e-01
1.274646222591400146e-01
6.906961207278072834e-04
9.995757937431335449e-01
9.999815225601196289e-01
6.591727469640318304e-06
9.985563158988952637e-01
1.502495538443326950e-02
8.793241977691650391e-01
2.820271849632263184e-01
8.813323974609375000e-01
5.323169261828297749e-06
9.993363022804260254e-01
9.749357104301452637e-01
9.962524771690368652e-01
5.387349799275398254e-02
1.958152279257774353e-04
9.985766410827636719e-01
9.976104497909545898e-01
1.985645294189453125e-01
9.985394477844238281e-01
2.266899198293685913e-01
9.047936797142028809e-01
6.818755865097045898e-01
2.376850694417953491e-01
1.583863049745559692e-03
9.994367957115173340e-01
2.045720443129539490e-02
2.519629779271781445e-04
9.998643398284912109e-01
9.855806231498718262e-01
9.663965106010437012e-01
3.161452114582061768e-01
2.536366519052535295e-04
1.020567840896546841e-03
9.730682373046875000e-01
9.794797301292419434e-01
9.991713762283325195e-01
9.993968009948730469e-01
2.699845656752586365e-02
9.959285855293273926e-01
7.408564686775207520e-01
2.286527752876281738e-01
9.983544349670410156e-01
1.606926816748455167e-04
2.211809605360031128e-01
3.015346010215580463e-04
9.980242252349853516e-01
9.990014433860778809e-01
3.218383491039276123e-01
9.989048242568969727e-01
6.466349363327026367e-01
6.461245473474264145e-03
3.088152967393398285e-03
5.263117491267621517e-04
9.997915625572204590e-01
9.998956918716430664e-01
2.167438566684722900e-01
9.536258578300476074e-01
9.998680353164672852e-01
9.998835325241088867e-01
4.280253946781158447e-01
9.717882275581359863e-01
9.934686422348022461e-01
8.263173699378967285e-01
5.321078933775424957e-03
9.998096823692321777e-01
9.754897356033325195e-01
2.268261462450027466e-01
9.998301267623901367e-01
9.988639354705810547e-01
7.021301984786987305e-02
2.412797063589096069e-01
1.959518522198777646e-05
2.457502484321594238e-01
3.196123242378234863e-02
9.999810457229614258e-01
2.966183819808065891e-04
9.581740498542785645e-01
8.992014336399734020e-04
1.265226118266582489e-02
9.999306201934814453e-01
1.400000452995300293e-01
9.071727991104125977e-01
7.234888076782226562e-01
1.528763328678905964e-03
2.342456573387607932e-04
9.969050288200378418e-01
5.395326018333435059e-01
3.590989485383033752e-02
1.239204257726669312e-01
2.024651970714330673e-03
9.745805859565734863e-01
2.135658171027898788e-03
9.985608458518981934e-01
8.940276503562927246e-01
3.882060572504997253e-02
2.033974888036027551e-04
7.292911410331726074e-01
3.732258677482604980e-01
9.645370841026306152e-01
9.940615296363830566e-01
8.736258745193481445e-01
4.416271150112152100e-01
9.998670816421508789e-01
1.008952851407229900e-03
1.748407632112503052e-01
5.263169407844543457e-01
3.625059616751968861e-05
3.318814560770988464e-02
8.832742605591192842e-05
1.568990796804428101e-01
9.998371601104736328e-01
9.999208450317382812e-01
9.979546070098876953e-01
8.975503444671630859e-01
4.663872420787811279e-01
8.718460202217102051e-01
4.331440664827823639e-03
2.753557637333869934e-02
9.974234104156494141e-01
8.196632862091064453e-01
4.989498853683471680e-02
1.289068441838026047e-02
9.988968372344970703e-01
9.903736114501953125e-01
9.861525297164916992e-01
5.134499445557594299e-02
9.979972243309020996e-01
6.110064387321472168e-01
9.998893737792968750e-01
3.753450140357017517e-02
1.879450120031833649e-02
9.969902038574218750e-01
9.591311216354370117e-01
3.842326812446117401e-03
9.758750200271606445e-01
9.998508691787719727e-01
9.997438788414001465e-01
6.235693581402301788e-05
9.851762056350708008e-01
1.103237830102443695e-02
9.987171888351440430e-01
9.973160624504089355e-01
2.707858979701995850e-01
9.999674558639526367e-01
9.988145828247070312e-01
1.196170672774314880e-01
9.998333454132080078e-01
3.317559957504272461e-01
9.124264717102050781e-01
9.848195314407348633e-01
9.815040826797485352e-01
9.985270500183105469e-01
1.663891412317752838e-02
9.837395548820495605e-01
4.859951324760913849e-03
6.746352314949035645e-01
6.979380249977111816e-01
9.968802928924560547e-01
9.995570778846740723e-01
7.654193788766860962e-02
9.999212026596069336e-01
9.971598386764526367e-01
2.794774770736694336e-01
1.530196070671081543e-01
2.349371016025543213e-01
3.375079035758972168e-01
9.243130087852478027e-01
9.888349175453186035e-01
9.997856020927429199e-01
9.999855756759643555e-01
1.080411858856678009e-02
7.566044330596923828e-01
9.999268054962158203e-01
9.933562278747558594e-01
9.985264539718627930e-01
9.574503302574157715e-01
2.509687468409538269e-02
1.353303194046020508e-01
5.123518705368041992e-01
7.021436933428049088e-03
3.679098486900329590e-01
9.998381137847900391e-01
9.999872446060180664e-01
8.429372310638427734e-01
9.912638664245605469e-01
1.184763759374618530e-01
3.706737235188484192e-02
3.155042941216379404e-04
1.179808077722555026e-05
4.946456756442785263e-04
6.571210026741027832e-01
6.345400586724281311e-03
2.087607532739639282e-01
9.999667406082153320e-01
9.779334068298339844e-01
9.984820485115051270e-01
9.999541044235229492e-01
9.997137188911437988e-01
9.997363686561584473e-01
9.990590214729309082e-01
4.737730196211487055e-04
6.028184294700622559e-01
1.227832213044166565e-02
9.893135428428649902e-01
3.525713682174682617e-01
1.978926546871662140e-02
8.703408529981970787e-04
2.951916030724532902e-06
9.981943964958190918e-01
9.996505975723266602e-01
2.826265990734100342e-01
2.149322768673300743e-03
9.995908141136169434e-01
9.767985343933105469e-01
2.781902551651000977e-01
9.999923706054687500e-01
5.603285431861877441e-01
7.185158319771289825e-04
9.997279047966003418e-01
5.033676326274871826e-02
4.855211973190307617e-01
9.296920895576477051e-01
9.934472441673278809e-01
1.207016641274094582e-03
4.435079991817474365e-01
9.858368635177612305e-01
1.153027871623635292e-03
9.999698400497436523e-01
5.243005231022834778e-03
8.942785207182168961e-04
7.040451169013977051e-01
9.962344765663146973e-01
9.740139842033386230e-01
9.969220757484436035e-01
9.956159591674804688e-01
5.655493140220642090e-01
1.842683926224708557e-02
8.252193802036345005e-04
5.197961581870913506e-04
6.842460632324218750e-01
9.999459981918334961e-01
1.452622469514608383e-02
8.951797336339950562e-02
2.883286476135253906e-01
1.357872784137725830e-01
9.169668555259704590e-01
2.933705924078822136e-03
9.878997206687927246e-01
7.287848740816116333e-02
9.933207035064697266e-01
1.658251285552978516e-01
1.717058382928371429e-02
9.997280240058898926e-01
2.462924749124795198e-04
4.561440646648406982e-01
9.984019398689270020e-01
9.972860813140869141e-01
9.914084076881408691e-01
5.243700742721557617e-02
1.404167705914005637e-04
6.306314468383789062e-01
6.713032126426696777e-01
9.995248317718505859e-01
3.503236919641494751e-03
9.788048267364501953e-01
3.553993627429008484e-02
4.273972511291503906e-01
2.968831220641732216e-03
5.695569515228271484e-01
9.959541559219360352e-01
3.943577408790588379e-01
1.917911507189273834e-02
9.979259967803955078e-01
1.664471924304962158e-01
5.877171456813812256e-02
2.754536981228739023e-04
1.343698948621749878e-01
9.991387128829956055e-01
9.965897798538208008e-01
9.045472145080566406e-01
1.508683115243911743e-01
9.709442853927612305e-01
1.468304311856627464e-03
9.981296658515930176e-01
4.729348421096801758e-01
3.879824362229555845e-06
9.581956267356872559e-01
9.998294115066528320e-01
9.997062087059020996e-01
9.993531107902526855e-01
1.008810102939605713e-02
2.555056475102901459e-03
9.620442986488342285e-01
9.998695850372314453e-01
1.366649987176060677e-03
1.560725644230842590e-02
7.860242621973156929e-04
9.997224211692810059e-01
7.446368783712387085e-02
9.998964071273803711e-01
1.926530385389924049e-03
6.765182316303253174e-02
8.956057429313659668e-01
2.603324502706527710e-02
9.989616870880126953e-01
8.211197853088378906e-01
9.441172480583190918e-01
1.220414531417191029e-03
8.684306144714355469e-01
9.999816417694091797e-01
9.997290968894958496e-01
7.808764576911926270e-01
9.983103275299072266e-01
9.998638629913330078e-01
9.959219694137573242e-01
4.065796434879302979e-01
9.937518239021301270e-01
9.714677929878234863e-01
4.979732334613800049e-01
4.192105960100889206e-03
9.999583959579467773e-01
9.515317678451538086e-01
9.980096220970153809e-01
9.989000558853149414e-01
9.939728379249572754e-01
5.184437613934278488e-03
9.999064207077026367e-01
1.002988740801811218e-01
9.997771382331848145e-01
7.919921278953552246e-01
9.999164342880249023e-01
8.337710797786712646e-02
1.150306125055067241e-04
9.708321094512939453e-01
5.629412829875946045e-02
9.795767068862915039e-01
1.077560335397720337e-02
4.439864307641983032e-02
9.948957562446594238e-01
5.770269036293029785e-01
1.773804128170013428e-01
9.878671169281005859e-01
9.996880292892456055e-01
9.993323683738708496e-01
2.100692654494196177e-04
3.446705341339111328e-01
1.311558578163385391e-02
9.837371706962585449e-01
9.980333447456359863e-01
4.853676946368068457e-04
8.989791274070739746e-01
9.776247739791870117e-01
9.935603141784667969e-01
7.518080472946166992e-01
1.156703801825642586e-03
3.558347816579043865e-04
2.213577777147293091e-01
5.881066322326660156e-01
8.570740818977355957e-01
4.268372952938079834e-01
9.839185476303100586e-01
6.264380062930285931e-04
9.987548589706420898e-01
6.817765235900878906e-01
9.980795383453369141e-01
8.861256064847111702e-04
9.996459484100341797e-01
1.645022816956043243e-02
9.991406202316284180e-01
9.999779462814331055e-01
7.057009935379028320e-01
9.940762519836425781e-01
7.722731828689575195e-01
9.983227849006652832e-01
9.792709350585937500e-01
9.764795899391174316e-01
4.545025527477264404e-01
9.939530491828918457e-01
9.686693549156188965e-01
9.586994647979736328e-01
9.911571741104125977e-01
9.999779462814331055e-01
7.775154709815979004e-01
1.320679555647075176e-03
9.780915379524230957e-01
7.821210310794413090e-04
4.751121103763580322e-01
9.994443058967590332e-01
2.447898127138614655e-02
8.447565436363220215e-01
9.109026193618774414e-01
7.510085701942443848e-01
9.969542026519775391e-01
9.975494742393493652e-01
9.998150467872619629e-01
9.897632598876953125e-01
9.997455477714538574e-01
3.154023587703704834e-01
9.815700054168701172e-01
9.917567968368530273e-01
9.621385335922241211e-01
1.354134656139649451e-05
9.387396858073771000e-04
9.776109457015991211e-01
3.927660873159766197e-05
9.996805191040039062e-01
9.994112253189086914e-01
8.035470843315124512e-01
9.999802112579345703e-01
9.999399185180664062e-01
2.989228349179029465e-03
9.999008178710937500e-01
3.469237089157104492e-01
9.989944100379943848e-01
5.168958306312561035e-01
7.684683077968657017e-04
9.979704022407531738e-01
9.997132420539855957e-01
2.199404640123248100e-03
1.116093017117236741e-06
5.413878560066223145e-01
4.248468205332756042e-03
9.998457431793212891e-01
6.706692576408386230e-01
6.283875554800033569e-02
9.980260133743286133e-01
8.938289433717727661e-02
9.997074007987976074e-01
8.622407913208007812e-01
9.782873988151550293e-01
9.999829530715942383e-01
9.500860571861267090e-01
9.835754632949829102e-01
9.246870875358581543e-01
2.589818788692355156e-03
9.985249638557434082e-01
8.722448348999023438e-01
9.954752326011657715e-01
3.662431836128234863e-01
9.266400337219238281e-01
9.978443995350971818e-05
9.990828037261962891e-01
9.919273853302001953e-01
9.991556406021118164e-01
9.956489205360412598e-01
7.799428105354309082e-01
5.106294155120849609e-02
2.125182002782821655e-02
5.190051794052124023e-01
9.295052289962768555e-01
9.766845703125000000e-01
9.998872280120849609e-01
9.998948574066162109e-01
9.980462789535522461e-01
3.437567874789237976e-02
9.985942244529724121e-01
7.869074344635009766e-01
5.916072726249694824e-01
7.364243268966674805e-01
1.855880767107009888e-02
2.582483830337878317e-05
9.999008178710937500e-01
4.321333393454551697e-02
8.550947904586791992e-01
9.999095201492309570e-01
1.142621506005525589e-03
1.001501269638538361e-02
3.197687678039073944e-03
5.050715059041976929e-02
9.612557888031005859e-01
1.863626297563314438e-03
4.686944885179400444e-04
9.866147637367248535e-01
9.920709729194641113e-01
9.819850325584411621e-01
2.591718435287475586e-01
4.469364415854215622e-03
9.934968948364257812e-01
4.025543630123138428e-01
8.514721989631652832e-01
3.957135230302810669e-02
1.487929148424882442e-05
9.667717814445495605e-01
9.998291730880737305e-01
1.248990558087825775e-02
9.992946386337280273e-01
9.983940720558166504e-01
2.482842319295741618e-06
9.997413754463195801e-01
9.995419979095458984e-01
5.069219972938299179e-03
6.087619662284851074e-01
3.216101601719856262e-02
3.028648532927036285e-02
7.970014810562133789e-01
9.413151144981384277e-01
9.995148181915283203e-01
9.998175501823425293e-01
9.994031190872192383e-01
9.996701478958129883e-01
9.474908113479614258e-01
4.306836053729057312e-02
1.091659534722566605e-03
2.019935846328735352e-01
9.957920312881469727e-01
9.232125878334045410e-01
9.978092312812805176e-01
5.302472412586212158e-02
9.834700226783752441e-01
9.910163879394531250e-01
9.999885559082031250e-01
9.391946792602539062e-01
1.970608383417129517e-01
5.934579968452453613e-01
9.997324347496032715e-01
9.982917904853820801e-01
9.626029133796691895e-01
3.671151101589202881e-01
9.991587400436401367e-01
9.239299893379211426e-01
9.274134039878845215e-01
9.949461817741394043e-01
9.908860921859741211e-01
3.799904584884643555e-01
9.660143852233886719e-01
9.994429945945739746e-01
8.066700100898742676e-01
9.997652173042297363e-01
9.994082450866699219e-01
9.977089166641235352e-01
8.594769239425659180e-01
9.813987612724304199e-01
9.996653795242309570e-01
1.827356368303298950e-01
1.672518998384475708e-02
9.993482232093811035e-01
2.617602422833442688e-02
4.484116137027740479e-01
9.985179305076599121e-01
3.962680697441101074e-01
9.950231313705444336e-01
4.789175000041723251e-03
5.736023783683776855e-01
9.992561936378479004e-01
1.005602255463600159e-01
9.998672008514404297e-01
9.677100181579589844e-01
1.351705044507980347e-01
8.922619819641113281e-01
1.444299641661928035e-06
9.993316531181335449e-01
9.999383687973022461e-01
2.886107904487289488e-05
9.101493656635284424e-02
9.999974966049194336e-01
9.925289154052734375e-01
5.805400609970092773e-01
8.300663232803344727e-01
6.362217012792825699e-03
4.541621077805757523e-03
1.728859613649547100e-03
9.969167709350585938e-01
5.438989996910095215e-01
1.580080570420250297e-04
9.546893415972590446e-04
3.328457009047269821e-03
7.215666025876998901e-02
1.147109493613243103e-01
4.650835762731730938e-04
8.857339024543762207e-01
9.426824450492858887e-01
9.789231419563293457e-01
7.561058402061462402e-01
9.816971421241760254e-01
2.327249967493116856e-04
8.867611759342253208e-04
8.057259917259216309e-01
6.015227991156280041e-04
9.910556077957153320e-01
2.609199378639459610e-03
1.344968186458572745e-04
2.816309332847595215e-01
9.980561733245849609e-01
1.225926540791988373e-02
8.713608980178833008e-01
1.377970073372125626e-02
9.992306232452392578e-01
9.999572038650512695e-01
9.724085927009582520e-01
7.441460490226745605e-01
1.326327770948410034e-01
1.690926030278205872e-02
9.104646444320678711e-01
9.998815059661865234e-01
9.933565258979797363e-01
6.795417070388793945e-01
9.024049043655395508e-01
9.976652860641479492e-01
8.293500286526978016e-05
6.289488077163696289e-02
4.994112532585859299e-03
9.663246273994445801e-01
8.021377772092819214e-02
1.774177104234695435e-01
1.092475606128573418e-03
5.289406776428222656e-01
9.996505975723266602e-01
2.228492638096213341e-03
4.971290007233619690e-03
9.998521804809570312e-01
9.328843355178833008e-01
9.972860813140869141e-01
1.645144075155258179e-01
9.797348380088806152e-01
9.942521452903747559e-01
5.509597063064575195e-01
6.528012156486511230e-01
9.991052746772766113e-01
1.674925833940505981e-01
9.994943141937255859e-01
6.081762909889221191e-01
9.978175163269042969e-01
3.653124440461397171e-05
4.808453023433685303e-01
9.999732971191406250e-01
9.533066153526306152e-01
6.805735826492309570e-01
7.861508638598024845e-04
8.120267651975154877e-03
8.407929539680480957e-01
7.725496292114257812e-01
9.813619256019592285e-01
9.953159093856811523e-01
9.999566078186035156e-01
8.463076353073120117e-01
3.554059367161244154e-04
6.793621778488159180e-01
8.557997941970825195e-01
9.999958276748657227e-01
9.486197233200073242e-01
9.999039173126220703e-01
5.948891639709472656e-01
1.436205860227346420e-02
7.077406644821166992e-01
4.337525460869073868e-03
9.998875856399536133e-01
9.802440404891967773e-01
1.200800761580467224e-03
9.999890327453613281e-01
9.999499320983886719e-01
9.938971400260925293e-01
9.981427192687988281e-01
1.864424302766565233e-05
5.277230739593505859e-01
3.148135244846343994e-01
5.108275413513183594e-01
9.978525638580322266e-01
3.189665675163269043e-01
6.773175597190856934e-01
3.978444337844848633e-01
1.151349628344178200e-03
1.673364080488681793e-03
1.027851481921970844e-03
1.538919657468795776e-02
4.905965761281549931e-04
1.657247729599475861e-02
9.653788208961486816e-01
9.976342916488647461e-01
1.470998104196041822e-04
9.856044054031372070e-01
6.308261156082153320e-01
3.625571480370126665e-05
9.899548292160034180e-01
5.689777731895446777e-01
4.454585313796997070e-01
4.538726508617401123e-01
2.371501410380005836e-03
9.979962110519409180e-01
9.972862005233764648e-01
9.686107635498046875e-01
9.069942235946655273e-01
9.996534585952758789e-01
4.202382266521453857e-01
3.118921304121613503e-04
4.385687410831451416e-03
6.782363168895244598e-03
9.985151886940002441e-01
5.214710719883441925e-03
2.973374538123607635e-02
9.969812035560607910e-01
2.003938425332307816e-05
5.211408734321594238e-01
5.611398722976446152e-03
9.491664767265319824e-01
9.999723434448242188e-01
4.283659532666206360e-02
8.389437571167945862e-03
1.571104079484939575e-01
9.923349022865295410e-01
9.992202520370483398e-01
9.965574741363525391e-01
9.993947744369506836e-01
3.554930090904235840e-01
7.477076142095029354e-04
8.894468545913696289e-01
9.999395608901977539e-01
4.636922478675842285e-01
9.999022483825683594e-01
1.650010049343109131e-01
1.269843894988298416e-02
6.707487255334854126e-02
9.988868832588195801e-01
9.995280504226684570e-01
4.088592249900102615e-03
4.910116493701934814e-01
8.634848594665527344e-01
9.163638353347778320e-01
9.998241066932678223e-01
7.991494983434677124e-02
9.999518394470214844e-01
9.997581839561462402e-01
8.241081237792968750e-01
6.352558557409793139e-05
9.989174604415893555e-01
9.999930858612060547e-01
5.885860323905944824e-01
9.608421921730041504e-01
8.355386257171630859e-01
8.310483098030090332e-01
6.626363396644592285e-01
9.999647140502929688e-01
9.999395608901977539e-01
9.872761368751525879e-01
8.333062753081321716e-03
6.928699016571044922e-01
1.061646360903978348e-02
7.053062319755554199e-01
9.999502897262573242e-01
9.947178959846496582e-01
9.323579072952270508e-01
6.402253234227828216e-07
4.423140548169612885e-03
9.999545812606811523e-01
2.625232737045735121e-04
1.535527314990758896e-02
9.860877394676208496e-01
4.816291853785514832e-03
4.496684763580560684e-03
9.982529282569885254e-01
9.997158646583557129e-01
1.357263419777154922e-02
3.804780170321464539e-02
3.180638421326875687e-03
9.572237133979797363e-01
5.555580719374120235e-04
9.970130920410156250e-01
3.462784588336944580e-01
1.665990352630615234e-01
1.120554134249687195e-01
9.986889958381652832e-01
9.891965389251708984e-01
9.992170333862304688e-01
1.010643839836120605e-01
9.184305071830749512e-01
6.276405602693557739e-02
2.362131625413894653e-01
8.244115114212036133e-01
5.395919084548950195e-01
6.257884949445724487e-02
5.806217086501419544e-04
5.946318507194519043e-01
9.681012630462646484e-01
4.983336627483367920e-01
1.847934871912002563e-01
9.819952249526977539e-01
7.757204730296507478e-05
9.999753236770629883e-01
8.882903456687927246e-01
2.871472388505935669e-03
7.777679711580276489e-02
9.991707801818847656e-01
9.999941587448120117e-01
1.314697783527662978e-05
9.994626641273498535e-01
6.079324707388877869e-02
2.605668641626834869e-02
9.996800422668457031e-01
5.457428097724914551e-01
2.598586976528167725e-01
2.797130048274993896e-01
6.353790760040283203e-01
8.011803402041550726e-06
2.612585201859474182e-02
2.190742408856749535e-03
5.223890766501426697e-02
9.999278783798217773e-01
9.579967707395553589e-03
9.961009025573730469e-01
2.776497304439544678e-01
8.457835792796686292e-05
9.184779524803161621e-01
1.989041641354560852e-02
4.974061250686645508e-01
9.805645346641540527e-01
1.664820015430450439e-01
9.998732805252075195e-01
4.030995965003967285e-01
9.620509147644042969e-01
9.787864685058593750e-01
9.073533415794372559e-01
9.718400835990905762e-01
9.994075298309326172e-01
3.688032627105712891e-01
9.843742251396179199e-01
9.996722936630249023e-01
9.994747042655944824e-01
9.933940768241882324e-01
7.506549358367919922e-01
9.994335770606994629e-01
9.999382495880126953e-01
5.593023300170898438e-01
9.891129732131958008e-01
9.988119602203369141e-01
6.784997531212866306e-04
3.299231827259063721e-01
7.114290595054626465e-01
9.853853583335876465e-01
6.099740862846374512e-01
9.982996582984924316e-01
9.976893663406372070e-01
6.125184297561645508e-01
9.011530876159667969e-01
4.504437558352947235e-03
2.941230535507202148e-01
9.983730316162109375e-01
3.600453138351440430e-01
9.989522695541381836e-01
9.999916553497314453e-01
7.683807611465454102e-01
9.966129660606384277e-01
3.870872547850012779e-03
9.373352527618408203e-01
9.874070286750793457e-01
9.998292922973632812e-01
6.607683897018432617e-01
7.759194374084472656e-01
9.999749660491943359e-01
8.042240738868713379e-01
1.767997257411479950e-02
1.964830160140991211e-01
9.994112253189086914e-01
8.365662097930908203e-01
1.616764217615127563e-01
9.988886713981628418e-01
1.508402824401855469e-01
9.998157620429992676e-01
6.088398098945617676e-01
9.998220801353454590e-01
2.223771065473556519e-02
9.912275671958923340e-01
9.060146808624267578e-01
9.814202189445495605e-01
7.711124490015208721e-04
1.215603115269914269e-04
9.987001419067382812e-01
4.059629142284393311e-01
2.867420911788940430e-01
1.123406216502189636e-01
9.712687134742736816e-01
9.525767564773559570e-01
7.342444587266072631e-05
2.119598939316347241e-04
1.593969063833355904e-03
9.616699814796447754e-02
4.646717279683798552e-04
9.798197150230407715e-01
2.821577436407096684e-05
1.539755961857736111e-03
9.979925155639648438e-01
4.552869796752929688e-01
9.995406866073608398e-01
9.997223019599914551e-01
9.236142039299011230e-01
3.816054388880729675e-02
8.999860286712646484e-01
9.987820982933044434e-01
9.746572375297546387e-01
1.177312573418021202e-03
1.207902729511260986e-01
5.206636786460876465e-01
9.995666146278381348e-01
9.858618974685668945e-01
9.976552724838256836e-01
1.541284844279289246e-02
9.999213218688964844e-01
4.003322392236441374e-04
9.865004420280456543e-01
9.996095299720764160e-01
9.557064175605773926e-01
9.914304614067077637e-01
7.292360533028841019e-04
2.854494610801339149e-03
9.429587125778198242e-01
4.286604821681976318e-01
1.819465756416320801e-01
9.967107772827148438e-01
5.001081228256225586e-01
7.502346038818359375e-01
9.820939898490905762e-01
1.568917650729417801e-03
9.839805364608764648e-01
3.620023727416992188e-01
6.703942082822322845e-03
9.999608993530273438e-01
9.999966621398925781e-01
1.125323176383972168e-01
9.847601177170872688e-04
9.496777653694152832e-01
9.998444318771362305e-01
9.989915415644645691e-03
2.949533052742481232e-03
9.999953508377075195e-01
2.292431704699993134e-02
9.967064261436462402e-01
9.997839331626892090e-01
9.999842643737792969e-01
1.380732562392950058e-02
8.569060564041137695e-01
8.908281326293945312e-01
2.347275316715240479e-01
3.807650208473205566e-01
9.949518442153930664e-01
9.998139739036560059e-01
7.230774164199829102e-01
6.498928368091583252e-02
6.484410166740417480e-01
9.534058570861816406e-01
9.722069501876831055e-01
8.331385254859924316e-01
4.380587115883827209e-02
9.579039216041564941e-01
2.042981982231140137e-02
9.649763703346252441e-01
9.837137460708618164e-01
9.992548823356628418e-01
2.659729123115539551e-01
7.435097359120845795e-05
8.888629381544888020e-04
3.217929601669311523e-02
9.959887862205505371e-01
9.989905953407287598e-01
2.362281520618125796e-04
9.992132186889648438e-01
5.012590289115905762e-01
9.766495227813720703e-01
1.291057327762246132e-03
6.403472740203142166e-03
1.756852492690086365e-03
6.220454573631286621e-01
7.437818218022584915e-03
7.680382695980370045e-04
3.622666373848915100e-02
9.910436868667602539e-01
9.911963939666748047e-01
7.763280868530273438e-01
9.992187023162841797e-01
9.969667792320251465e-01
9.997261166572570801e-01
9.946027398109436035e-01
8.845173120498657227e-01
9.669531583786010742e-01
1.806290587410330772e-03
2.509658969938755035e-02
5.362038612365722656e-01
2.894045114517211914e-01
4.961077123880386353e-02
9.933447837829589844e-01
9.608403444290161133e-01
9.998697042465209961e-01
6.684024930000305176e-01
8.454502224922180176e-01
4.668728914111852646e-03
9.972881078720092773e-01
9.617888331413269043e-01
9.976078271865844727e-01
4.832818813156336546e-04
9.450778961181640625e-01
8.669667295180261135e-04
9.998169541358947754e-01
9.965202808380126953e-01
7.872778773307800293e-01
9.998941421508789062e-01
9.992778897285461426e-01
9.743938446044921875e-01
1.807765662670135498e-01
4.485207609832286835e-04
6.460146307945251465e-01
9.984741806983947754e-01
9.966637492179870605e-01
7.042195647954940796e-05
9.680300205945968628e-02
6.754075288772583008e-01
4.390597045421600342e-01
9.834417700767517090e-01
1.414861436933279037e-02
9.922491312026977539e-01
2.232965081930160522e-03
7.012996077537536621e-01
4.641147796064615250e-03
4.904738743789494038e-04
1.742103248834609985e-01
9.953475594520568848e-01
6.150657534599304199e-01
6.532201170921325684e-01
1.220042183995246887e-01
1.243938924744725227e-03
4.810711543541401625e-04
9.997978806495666504e-01
4.023192916065454483e-03
9.986464381217956543e-01
9.999369382858276367e-01
9.867072105407714844e-01
1.884630024433135986e-01
9.576162099838256836e-01
4.634462762624025345e-03
9.842641949653625488e-01
9.446628689765930176e-01
6.138556599617004395e-01
9.355306625366210938e-03
2.206714591011404991e-03
9.998854398727416992e-01
9.982193112373352051e-01
2.986592799425125122e-02
5.826598405838012695e-01
9.581991434097290039e-01
1.586041450500488281e-01
1.153561547398567200e-01
9.983307719230651855e-01
2.621998428367078304e-04
4.865101277828216553e-01
9.889219999313354492e-01
8.379182219505310059e-02
9.346747994422912598e-01
9.932458996772766113e-01
1.750504598021507263e-02
8.962180614471435547e-01
9.975652694702148438e-01
6.699752807617187500e-02
9.834822416305541992e-01
8.745906352996826172e-01
9.998723268508911133e-01
2.275712555274367332e-03
9.631072282791137695e-01
8.227262496948242188e-01
8.704971075057983398e-01
4.647977352142333984e-01
9.468439221382141113e-01
7.384380698204040527e-01
9.994559884071350098e-01
8.122570812702178955e-02
4.559798911213874817e-02
9.951695799827575684e-01
1.704110018908977509e-02
3.862876594066619873e-01
5.771904587745666504e-01
2.159109280910342932e-04
7.165732979774475098e-01
9.823079109191894531e-01
9.999985694885253906e-01
1.161066815257072449e-02
9.997696280479431152e-01
5.236068367958068848e-02
9.923891425132751465e-01
9.654328227043151855e-01
4.906814079731702805e-03
1.769857364706695080e-03
7.646376490592956543e-01
4.609845927916467190e-05
8.465296626091003418e-01
2.483692951500415802e-02
4.473847802728414536e-03
1.936959028244018555e-01
9.999339580535888672e-01
9.999810457229614258e-01
9.998368024826049805e-01
9.996786117553710938e-01
9.461246728897094727e-01
9.993609786033630371e-01
9.471672773361206055e-01
9.374898076057434082e-01
9.985677003860473633e-01
9.986039996147155762e-01
2.195161068812012672e-03
5.020807981491088867e-01
1.271428773179650307e-03
9.885436892509460449e-01
9.999498128890991211e-01
2.340772897005081177e-01
5.318258702754974365e-02
9.994369149208068848e-01
9.977328777313232422e-01
8.621605485677719116e-02
2.414503693580627441e-01
9.997889399528503418e-01
8.706455230712890625e-01
9.959343671798706055e-01
9.863016605377197266e-01
9.999928474426269531e-01
2.778411507606506348e-01
9.971843361854553223e-01
9.896997809410095215e-01
9.994982481002807617e-01
2.306752800941467285e-01
9.998633861541748047e-01
1.512346882373094559e-02
3.531309193931519985e-04
1.446108818054199219e-01
9.327126741409301758e-01
9.995990395545959473e-01
9.857602715492248535e-01
9.992135763168334961e-01
4.402068555355072021e-01
4.382505267858505249e-02
2.820271849632263184e-01
9.997809529304504395e-01
5.057128146290779114e-03
9.946537017822265625e-01
9.998971223831176758e-01
9.970511198043823242e-01
9.998904466629028320e-01
9.994115829467773438e-01
9.997603297233581543e-01
4.556224942207336426e-01
9.960336089134216309e-01
9.885861277580261230e-01
9.465427994728088379e-01
9.996303319931030273e-01
3.750630095601081848e-02
7.296301126480102539e-01
9.998847246170043945e-01
3.078495711088180542e-02
4.600847661495208740e-01
9.965083003044128418e-01
4.780763089656829834e-01
7.817271947860717773e-01
2.105768397450447083e-02
9.938428401947021484e-01
1.446032337844371796e-02
9.306559562683105469e-01
4.733975583803839982e-05
9.942899942398071289e-01
8.860219717025756836e-01
9.998738765716552734e-01
2.393120713531970978e-02
9.988777041435241699e-01
2.680753823369741440e-04
9.999696016311645508e-01
9.999107122421264648e-01
3.278891146183013916e-01
9.948858618736267090e-01
9.999518394470214844e-01
9.097730517387390137e-01
9.998302459716796875e-01
1.831547997426241636e-04
6.164984703063964844e-01
1.851408183574676514e-02
9.997087121009826660e-01
9.372194409370422363e-01
9.010302424430847168e-01
9.996913671493530273e-01
9.622541069984436035e-01
1.937927864491939545e-02
9.836475253105163574e-01
9.996120333671569824e-01
9.837601184844970703e-01
9.987806677818298340e-01
9.987548589706420898e-01
9.425822496414184570e-01
8.309867978096008301e-01
9.425529241561889648e-01
7.265695603564381599e-05
9.899605996906757355e-03
9.042330086231231689e-03
1.073349639773368835e-02
2.350379526615142822e-01
9.588245153427124023e-01
9.998487234115600586e-01
9.766972064971923828e-01
9.967111349105834961e-01
4.606510046869516373e-03
9.999680519104003906e-01
9.510115981101989746e-01
9.997159838676452637e-01
9.990972280502319336e-01
5.906280875205993652e-01
5.289004743099212646e-02
4.305283129215240479e-01
7.986856871866621077e-06
6.335567450150847435e-04
4.509420134127140045e-03
8.251507282257080078e-01
7.164047360420227051e-01
9.993931055068969727e-01
1.406440436840057373e-01
2.011598199605941772e-01
9.962332844734191895e-01
9.999902248382568359e-01
2.410895685898140073e-04
9.508490562438964844e-01
3.662568628787994385e-01
7.737584710121154785e-01
9.974570870399475098e-01
3.204244375228881836e-02
2.876971266232430935e-04
5.005302373319864273e-04
1.375901699066162109e-01
9.996907711029052734e-01
8.822245001792907715e-01
8.000234961509704590e-01
9.995112419128417969e-01
3.131802714051445946e-06
2.062052953988313675e-04
7.171113491058349609e-01
4.628352820873260498e-01
3.782367110252380371e-01
5.774849653244018555e-01
9.990220069885253906e-01
4.219556748867034912e-01
9.993885755538940430e-01
9.905417561531066895e-01
5.945458412170410156e-01
1.726865768432617188e-01
5.418077111244201660e-01
9.374400377273559570e-01
1.662025414407253265e-02
9.790601730346679688e-01
7.741813659667968750e-01
3.530811071395874023e-01
9.998877048492431641e-01
9.999264478683471680e-01
9.795478582382202148e-01
7.724325060844421387e-01
9.930498600006103516e-01
7.932134866714477539e-01
9.938854575157165527e-01
3.689287602901458740e-02
9.817081263463478535e-06
9.885022640228271484e-01
2.455285936594009399e-01
1.225689891725778580e-02
9.960583448410034180e-01
8.773792386054992676e-01
9.927005767822265625e-01
5.495501682162284851e-02
6.516196299344301224e-03
2.326125651597976685e-02
9.275192022323608398e-01
9.974301457405090332e-01
6.128296721726655960e-03
8.760176897048950195e-01
9.998838901519775391e-01
2.479171962477266788e-04
2.660177275538444519e-02
9.089462161064147949e-01
4.669595137238502502e-02
9.807586073875427246e-01
9.999806880950927734e-01
1.472446019761264324e-03
9.931334853172302246e-01
9.969806075096130371e-01
9.976957440376281738e-01
3.062968375161290169e-03
9.900273680686950684e-01
2.075685746967792511e-02
4.391569178551435471e-03
4.648444056510925293e-01
5.314003229141235352e-01
7.641580104827880859e-01
9.671078324317932129e-01
1.339527498930692673e-02
7.307282648980617523e-04
2.839991264045238495e-02
9.651024937629699707e-01
9.804288148880004883e-01
5.140063149156048894e-05
9.988516569137573242e-01
1.848908141255378723e-03
9.306142330169677734e-01
1.664161384105682373e-01
9.992030262947082520e-01
9.526132941246032715e-01
9.468753705732524395e-05
9.998772144317626953e-01
4.649941623210906982e-01
6.167358253151178360e-03
8.502256823703646660e-04
9.999636411666870117e-01
1.607832610607147217e-01
8.176601529121398926e-01
1.768228225409984589e-02
2.110090702772140503e-01
9.944670200347900391e-01
9.995922446250915527e-01
8.771674036979675293e-01
9.819813370704650879e-01
9.080064892768859863e-01
9.999839067459106445e-01
9.431641697883605957e-01
9.897646903991699219e-01
9.140542149543762207e-01
9.992997646331787109e-01
2.226276701549068093e-04
5.722414255142211914e-01
8.057588338851928711e-01
9.990924596786499023e-01
9.981599450111389160e-01
9.914107322692871094e-01
1.247034221887588501e-02
7.319761067628860474e-02
1.083281636238098145e-01
3.217568388208746910e-03
1.517761461400368717e-06
9.977795481681823730e-01
9.933823347091674805e-01
9.996566772460937500e-01
8.053166675381362438e-04
8.371433019638061523e-01
6.768672466278076172e-01
9.894462227821350098e-01
9.999128580093383789e-01
9.987911581993103027e-01
1.352262198925018311e-01
2.311060577630996704e-01
1.404827833175659180e-01
8.724499344825744629e-01
3.180063366889953613e-01
9.993072748184204102e-01
6.662403393420390785e-06
6.410406827926635742e-01
1.283165961503982544e-01
1.208606455475091934e-02
9.728401899337768555e-03
7.746371626853942871e-01
3.362494111061096191e-01
2.392857521772384644e-01
9.841852188110351562e-01
7.867159843444824219e-01
9.976904392242431641e-01
9.459069371223449707e-01
7.381799221038818359e-01
8.293271660804748535e-01
