8.952419757843017578e-01
6.806688904762268066e-01
5.851031541824340820e-01
1.766438782215118408e-01
3.563733994960784912e-01
9.192133545875549316e-01
1.024345234036445618e-01
4.122856259346008301e-01
7.419745326042175293e-01
2.284062802791595459e-01
1.096383109688758850e-01
7.469958662986755371e-01
3.029803037643432617e-01
7.104997634887695312e-01
8.299571871757507324e-01
7.185459733009338379e-01
8.587206006050109863e-01
5.050051808357238770e-01
1.686369776725769043e-01
5.771535634994506836e-01
1.932413578033447266e-01
5.719867348670959473e-01
8.056544512510299683e-02
5.831989049911499023e-01
8.902783989906311035e-01
9.494592994451522827e-02
9.198724031448364258e-01
8.492047786712646484e-01
1.412881463766098022e-01
7.913054227828979492e-01
9.890115261077880859e-02
2.725490629673004150e-01
2.833278477191925049e-01
8.166815042495727539e-01
1.315010040998458862e-01
8.916218280792236328e-01
5.579892992973327637e-01
1.190462559461593628e-01
8.115532994270324707e-01
1.693518459796905518e-01
8.590394854545593262e-01
8.348692655563354492e-01
8.788239955902099609e-01
8.143392950296401978e-02
8.786330819129943848e-01
6.042209863662719727e-01
6.472715139389038086e-01
1.313468217849731445e-01
6.041144132614135742e-01
8.736910223960876465e-01
9.778217971324920654e-02
8.500807881355285645e-01
8.866232037544250488e-01
4.584739357233047485e-02
1.096775755286216736e-01
8.973482251167297363e-01
2.053816914558410645e-01
8.899575471878051758e-01
7.394940853118896484e-01
8.010846376419067383e-01
6.692442297935485840e-01
8.836617469787597656e-01
6.570817828178405762e-01
2.816839516162872314e-01
1.542184352874755859e-01
1.717065125703811646e-01
3.446513414382934570e-01
8.047950863838195801e-01
8.841164112091064453e-01
1.640004068613052368e-01
8.579499125480651855e-01
1.600199490785598755e-01
1.438212096691131592e-01
8.651728034019470215e-01
7.083877921104431152e-01
2.608495056629180908e-01
1.914242357015609741e-01
5.296750739216804504e-02
6.299257874488830566e-01
5.922171473503112793e-02
6.977314352989196777e-01
7.825893163681030273e-01
2.014783173799514771e-01
8.942738771438598633e-01
7.184420228004455566e-01
8.923506140708923340e-01
1.360604763031005859e-01
9.341407418251037598e-01
6.873043775558471680e-01
5.634897947311401367e-01
9.102156162261962891e-01
1.344284564256668091e-01
8.611026406288146973e-01
7.783794403076171875e-01
5.405834913253784180e-01
4.895540177822113037e-01
8.974443674087524414e-01
6.829174160957336426e-01
1.649894565343856812e-01
7.021074742078781128e-02
2.343456596136093140e-01
4.325863420963287354e-01
2.743584811687469482e-01
5.783281326293945312e-01
7.421889305114746094e-01
8.834152221679687500e-01
7.430620193481445312e-01
5.415354967117309570e-01
8.867529034614562988e-01
9.667596220970153809e-02
5.254892110824584961e-01
7.997575402259826660e-01
6.733981370925903320e-01
8.818007707595825195e-01
9.025631546974182129e-01
8.915688991546630859e-01
1.435120850801467896e-01
6.682610511779785156e-02
2.331779301166534424e-01
3.865320086479187012e-01
1.903065443038940430e-01
9.416449815034866333e-02
8.812101483345031738e-01
8.091686666011810303e-02
8.324027061462402344e-01
1.587377041578292847e-01
6.351819634437561035e-01
9.917666763067245483e-02
5.578464269638061523e-01
7.735254168510437012e-01
8.279389739036560059e-01
2.764648497104644775e-01
3.658238947391510010e-01
7.883272767066955566e-01
6.348469257354736328e-01
8.600898981094360352e-01
3.725065886974334717e-01
7.150530815124511719e-02
3.424470126628875732e-01
7.834897041320800781e-01
2.825453579425811768e-01
8.975096344947814941e-01
2.676850557327270508e-01
8.940283656120300293e-01
1.278714835643768311e-01
3.790838122367858887e-01
3.385883867740631104e-01
7.341466099023818970e-02
8.559471368789672852e-01
2.991868555545806885e-01
4.143831431865692139e-01
2.245572209358215332e-02
7.346637248992919922e-01
7.996488809585571289e-01
3.040629066526889801e-02
1.830348372459411621e-01
6.228898167610168457e-01
6.025444343686103821e-02
7.958474159240722656e-01
6.311479806900024414e-01
2.766405940055847168e-01
6.984714269638061523e-01
6.738969087600708008e-01
9.011299610137939453e-01
1.183508895337581635e-02
7.674102783203125000e-01
1.113198176026344299e-01
3.782641291618347168e-01
9.132111817598342896e-02
1.143917664885520935e-01
1.502648890018463135e-01
3.863111510872840881e-02
9.035408496856689453e-01
8.568481206893920898e-01
7.171361446380615234e-01
1.682685315608978271e-01
5.233896374702453613e-01
2.643694914877414703e-02
2.592601478099822998e-01
1.716052293777465820e-01
7.578786611557006836e-01
7.680062055587768555e-01
1.240761950612068176e-01
7.637079060077667236e-02
7.402294874191284180e-01
4.946038424968719482e-01
8.812414407730102539e-01
2.006289213895797729e-01
1.979739964008331299e-01
4.517085552215576172e-01
3.270421028137207031e-01
2.191633582115173340e-01
9.068698883056640625e-01
8.481410741806030273e-01
8.918646574020385742e-01
2.259080857038497925e-01
8.141230940818786621e-01
6.247058510780334473e-02
3.470273613929748535e-01
9.020608067512512207e-01
4.479269310832023621e-02
1.362019032239913940e-01
7.519005984067916870e-02
8.760758638381958008e-01
4.384186565876007080e-01
6.200082898139953613e-01
7.792752981185913086e-01
2.009629011154174805e-01
8.965952396392822266e-01
5.232428908348083496e-01
8.479654192924499512e-01
1.679347604513168335e-01
7.192189097404479980e-01
9.076451659202575684e-01
1.279883645474910736e-02
1.027521342039108276e-01
4.255597293376922607e-01
3.358881473541259766e-01
1.278283149003982544e-01
2.209452241659164429e-01
1.901601701974868774e-01
4.122284054756164551e-01
8.896039724349975586e-01
8.761422038078308105e-01
8.618561625480651855e-01
1.322014182806015015e-01
3.482086956501007080e-01
9.067661762237548828e-01
9.017918109893798828e-01
1.955064386129379272e-01
7.818744778633117676e-01
1.951363980770111084e-01
8.987668752670288086e-01
7.512885332107543945e-01
9.668412059545516968e-02
8.997285962104797363e-01
2.303923070430755615e-01
8.002768158912658691e-01
2.470208555459976196e-01
4.349638223648071289e-01
8.876491785049438477e-01
2.524906396865844727e-01
7.981180548667907715e-01
1.968648880720138550e-01
2.601243928074836731e-02
7.255052775144577026e-02
3.855695575475692749e-02
3.202084898948669434e-01
7.305363416671752930e-01
5.989564210176467896e-02
4.777102768421173096e-01
8.452088832855224609e-01
5.456599593162536621e-01
1.141289100050926208e-01
1.084870472550392151e-01
2.272475212812423706e-01
8.344929218292236328e-01
2.058794908225536346e-02
4.525092244148254395e-01
8.750383853912353516e-01
8.868568539619445801e-01
9.227786660194396973e-01
1.133700311183929443e-01
5.517644286155700684e-01
2.488403767347335815e-01
3.517852127552032471e-01
1.653955280780792236e-01
5.932363122701644897e-02
2.108301967382431030e-02
7.032913565635681152e-01
1.328904181718826294e-01
2.713549137115478516e-01
8.313472270965576172e-01
7.451468110084533691e-01
9.060698151588439941e-01
3.071326911449432373e-01
1.368235349655151367e-01
8.911032676696777344e-01
8.893187046051025391e-01
4.100920259952545166e-02
8.887582421302795410e-01
7.902078628540039062e-01
2.701319158077239990e-01
7.490283250808715820e-01
8.805173635482788086e-01
4.369876980781555176e-01
8.649759888648986816e-01
4.421410262584686279e-01
5.181592702865600586e-01
7.866886854171752930e-01
1.597920954227447510e-01
4.050332009792327881e-01
1.922012120485305786e-01
1.890830546617507935e-01
5.514011532068252563e-02
1.059636026620864868e-01
4.243010282516479492e-01
6.886645406484603882e-02
9.196903705596923828e-01
8.819619417190551758e-01
1.188207194209098816e-01
7.128030061721801758e-01
1.594115495681762695e-01
9.309561848640441895e-01
7.165215015411376953e-01
5.162699148058891296e-02
3.553335070610046387e-01
9.308179616928100586e-01
1.929274648427963257e-01
2.704594731330871582e-01
8.853071928024291992e-01
6.110461801290512085e-02
7.128407955169677734e-01
9.131693840026855469e-01
9.277030229568481445e-01
9.690904617309570312e-02
7.818328142166137695e-01
6.451085209846496582e-01
8.830023407936096191e-01
6.749960035085678101e-02
2.197659760713577271e-01
7.369201183319091797e-01
8.806039094924926758e-01
9.108945131301879883e-01
1.012992039322853088e-01
8.938764929771423340e-01
1.424372196197509766e-01
2.132659256458282471e-01
8.073870837688446045e-02
2.537919580936431885e-01
8.694378137588500977e-01
8.275818228721618652e-01
3.130803629755973816e-02
7.045159339904785156e-01
5.825855731964111328e-01
8.201079368591308594e-01
6.054747700691223145e-01
2.359341830015182495e-01
7.559053599834442139e-02
8.847799301147460938e-01
1.015879586338996887e-01
8.370043039321899414e-01
8.872268199920654297e-01
7.695180177688598633e-01
8.852673172950744629e-01
4.852780699729919434e-01
8.948669433593750000e-01
8.447613716125488281e-01
8.377781510353088379e-01
7.788832187652587891e-01
4.285923242568969727e-01
7.773785591125488281e-01
9.283145666122436523e-01
1.774433106184005737e-01
3.096376173198223114e-02
3.800160586833953857e-01
4.272573292255401611e-01
5.075541734695434570e-01
9.145303368568420410e-01
3.198699280619621277e-02
2.960785329341888428e-01
8.450363874435424805e-01
1.934268027544021606e-01
5.557724460959434509e-02
8.959239721298217773e-01
7.881630063056945801e-01
2.008145004510879517e-01
1.107825525104999542e-02
6.735833883285522461e-01
8.259890675544738770e-01
4.793218672275543213e-01
1.617192775011062622e-01
2.181305736303329468e-02
6.952761411666870117e-01
8.796901106834411621e-01
6.986799240112304688e-01
5.313037708401679993e-02
1.039457693696022034e-01
8.205218315124511719e-01
8.580099791288375854e-02
9.516618400812149048e-02
7.868469953536987305e-01
6.057351231575012207e-01
8.175062537193298340e-01
8.922243118286132812e-01
6.630786657333374023e-01
3.702024370431900024e-02
8.087884783744812012e-01
4.048421084880828857e-01
1.906968802213668823e-01
2.790405452251434326e-01
7.454093098640441895e-01
2.554423809051513672e-01
7.491251230239868164e-01
9.072468876838684082e-01
9.092620611190795898e-01
4.288076981902122498e-02
4.981132745742797852e-01
8.344798684120178223e-01
2.612527906894683838e-01
8.059374690055847168e-01
3.984239101409912109e-01
7.379558682441711426e-01
8.876850008964538574e-01
8.837237358093261719e-01
8.973692655563354492e-01
8.313912749290466309e-01
4.133782163262367249e-02
7.566330432891845703e-01
3.380828499794006348e-01
8.642812371253967285e-01
8.503248095512390137e-01
2.530317902565002441e-01
2.703500986099243164e-01
8.749841153621673584e-02
8.738176226615905762e-01
2.999136745929718018e-01
9.315397590398788452e-02
1.427729427814483643e-01
1.439076066017150879e-01
8.966081142425537109e-01
3.806204497814178467e-01
5.334893986582756042e-02
2.129245698451995850e-01
3.521259725093841553e-01
3.548018932342529297e-01
8.763675689697265625e-01
7.985702753067016602e-01
3.601335734128952026e-02
3.973003625869750977e-01
8.797730803489685059e-01
8.212297558784484863e-01
6.745902299880981445e-01
4.835630953311920166e-01
9.165491461753845215e-01
8.799884915351867676e-01
8.907657861709594727e-01
7.282997965812683105e-01
8.992714285850524902e-01
9.285981208086013794e-02
7.448122501373291016e-01
1.980917751789093018e-01
7.699251174926757812e-01
8.837250620126724243e-02
1.166321784257888794e-01
2.695820853114128113e-02
2.404978126287460327e-01
3.444717228412628174e-01
7.313039898872375488e-01
1.421714425086975098e-01
2.856703996658325195e-01
9.268485903739929199e-01
8.389106988906860352e-01
6.995701193809509277e-01
2.681194245815277100e-01
8.911934494972229004e-01
8.817906975746154785e-01
3.245714306831359863e-02
4.898886382579803467e-01
9.227895140647888184e-01
2.865862287580966949e-02
1.038518026471138000e-01
7.321175932884216309e-01
7.984495162963867188e-01
9.032994508743286133e-01
8.968536555767059326e-02
5.085817575454711914e-01
3.146776184439659119e-02
5.224209427833557129e-01
4.015896916389465332e-01
1.420000940561294556e-01
5.009469985961914062e-01
6.482604742050170898e-01
1.226508542895317078e-01
7.843134999275207520e-01
1.143530681729316711e-01
7.923959493637084961e-01
3.263036608695983887e-01
8.190413117408752441e-01
2.166553586721420288e-01
8.859218358993530273e-01
5.057118460536003113e-02
9.186781048774719238e-01
2.891370058059692383e-01
7.373926043510437012e-01
4.037704169750213623e-01
8.766123652458190918e-01
3.032494485378265381e-01
7.908704876899719238e-02
1.164313033223152161e-01
8.779815435409545898e-01
4.803751111030578613e-01
2.509028911590576172e-01
3.841550275683403015e-02
1.398150771856307983e-01
4.637264832854270935e-02
1.646184362471103668e-02
8.498770594596862793e-01
1.073902100324630737e-02
6.994392275810241699e-01
8.708035945892333984e-01
7.027996182441711426e-01
8.346512317657470703e-01
7.956550121307373047e-01
4.315749704837799072e-01
1.684517264366149902e-01
8.743882179260253906e-01
2.030111551284790039e-01
5.430462956428527832e-02
9.132556319236755371e-01
6.433729529380798340e-01
8.111687898635864258e-01
3.278398811817169189e-01
8.505355119705200195e-01
7.635919451713562012e-01
3.791604638099670410e-01
8.818262815475463867e-01
4.029439389705657959e-01
3.124345242977142334e-01
1.019674316048622131e-01
4.346689879894256592e-01
6.135317683219909668e-02
9.315823912620544434e-01
9.090362116694450378e-03
4.146462976932525635e-01
7.200639247894287109e-01
7.097591161727905273e-01
8.644456863403320312e-01
2.105667740106582642e-01
8.279610276222229004e-01
7.766227424144744873e-02
6.850779056549072266e-01
1.055363342165946960e-01
9.244062900543212891e-01
9.036765694618225098e-01
8.556939363479614258e-01
7.138169407844543457e-01
6.977643072605133057e-02
3.511856794357299805e-01
8.829635977745056152e-01
7.443037033081054688e-01
8.915481567382812500e-01
7.391828298568725586e-01
2.920759320259094238e-01
5.892193317413330078e-02
8.780254721641540527e-01
2.132659256458282471e-01
7.867463231086730957e-01
5.061643198132514954e-02
6.422256231307983398e-01
5.970211029052734375e-01
8.117309212684631348e-02
1.309072971343994141e-01
2.507761716842651367e-01
9.216828346252441406e-01
7.176950573921203613e-01
3.440473228693008423e-02
7.257789373397827148e-01
1.597411632537841797e-01
8.504201173782348633e-01
2.851147949695587158e-01
6.927916407585144043e-01
9.247494935989379883e-01
4.735013246536254883e-01
8.586181402206420898e-01
2.692738771438598633e-01
7.653259038925170898e-01
3.199803084135055542e-02
8.836272954940795898e-01
9.191780090332031250e-01
4.746263623237609863e-01
8.533239364624023438e-01
7.813563942909240723e-01
8.227383494377136230e-01
2.195602469146251678e-02
8.797363638877868652e-01
1.511619091033935547e-01
2.922589778900146484e-01
1.021281406283378601e-01
7.096740007400512695e-01
1.472479552030563354e-01
7.897768020629882812e-01
2.721058130264282227e-01
1.025532782077789307e-01
2.181157022714614868e-01
1.823739893734455109e-02
9.002492427825927734e-01
9.208860397338867188e-01
4.999487102031707764e-02
8.000586628913879395e-01
6.843881011009216309e-01
4.338502883911132812e-01
4.136345162987709045e-02
4.788683056831359863e-01
8.195485472679138184e-01
1.798779517412185669e-01
5.673006176948547363e-01
1.064196452498435974e-01
2.239520847797393799e-02
8.827833533287048340e-01
8.450158834457397461e-01
5.987306237220764160e-01
6.796682476997375488e-01
7.914880514144897461e-01
8.146090507507324219e-01
8.646485209465026855e-01
8.802558779716491699e-01
4.063371196389198303e-02
7.783268690109252930e-01
5.629945993423461914e-01
3.519707620143890381e-01
6.711947917938232422e-02
3.692216873168945312e-01
6.122659519314765930e-02
2.631998062133789062e-01
2.559230029582977295e-01
4.804087281227111816e-01
1.988937556743621826e-01
4.594291001558303833e-02
9.203109741210937500e-01
8.360006809234619141e-01
8.808518052101135254e-01
4.332751929759979248e-01
2.706190943717956543e-01
9.227880835533142090e-02
2.614679932594299316e-02
9.283236265182495117e-01
3.182162940502166748e-01
8.351733535528182983e-02
7.625113129615783691e-01
8.257583975791931152e-01
5.685422420501708984e-01
7.699039578437805176e-02
9.083201289176940918e-01
9.472790360450744629e-02
2.492437660694122314e-01
8.488105535507202148e-01
1.550956815481185913e-01
2.181536257266998291e-01
2.908062934875488281e-01
6.927490830421447754e-01
9.040026664733886719e-01
7.300209403038024902e-01
2.327867224812507629e-02
7.093669176101684570e-01
3.999558389186859131e-01
8.278183937072753906e-01
4.816522598266601562e-01
7.780040502548217773e-01
6.767554879188537598e-01
8.979044556617736816e-01
9.308349490165710449e-01
2.651001214981079102e-01
9.293251037597656250e-01
8.762186169624328613e-01
8.461336493492126465e-01
3.797362744808197021e-01
5.874169468879699707e-01
7.762972116470336914e-01
8.455289006233215332e-01
6.861349940299987793e-02
1.758386790752410889e-01
2.168989777565002441e-01
6.011424064636230469e-01
2.513109743595123291e-01
8.057868480682373047e-01
5.110396072268486023e-02
7.476352453231811523e-01
1.684019416570663452e-01
1.519614011049270630e-01
3.366587460041046143e-01
9.348237514495849609e-01
3.640208765864372253e-02
1.174114421010017395e-01
7.425206303596496582e-01
4.796136021614074707e-01
8.675299882888793945e-01
7.518531680107116699e-01
5.922946333885192871e-01
7.610056400299072266e-01
3.689379394054412842e-01
7.519288063049316406e-01
9.014390707015991211e-01
4.632959663867950439e-01
1.201233267784118652e-01
7.599868774414062500e-01
8.858792781829833984e-01
8.593367338180541992e-01
4.263667017221450806e-02
8.256121277809143066e-01
4.468265771865844727e-01
6.521187424659729004e-01
8.566102981567382812e-01
7.876372933387756348e-01
7.185638546943664551e-01
1.594995856285095215e-01
8.793665170669555664e-01
9.159352779388427734e-01
5.880389809608459473e-01
3.598653376102447510e-01
6.190273761749267578e-01
8.831259012222290039e-01
9.102013111114501953e-01
9.202677011489868164e-01
9.031754732131958008e-01
7.235936522483825684e-01
6.813457608222961426e-01
6.441683769226074219e-01
6.923384666442871094e-01
8.868702054023742676e-01
6.691790372133255005e-02
7.300276756286621094e-01
4.798621833324432373e-01
2.385929673910140991e-01
8.716596961021423340e-01
5.202419757843017578e-01
1.262365877628326416e-01
6.141665577888488770e-01
6.876874715089797974e-02
1.031670644879341125e-01
9.160485267639160156e-01
8.528281450271606445e-01
6.491694599390029907e-02
9.212240576744079590e-01
1.981075853109359741e-01
4.621576145291328430e-02
4.584049582481384277e-01
8.446605801582336426e-01
3.812287151813507080e-01
9.297984242439270020e-01
8.013443350791931152e-01
2.665652334690093994e-01
8.390536904335021973e-02
1.873790025711059570e-01
8.737974762916564941e-01
9.091907739639282227e-01
2.598846890032291412e-02
8.229412436485290527e-01
4.034829735755920410e-01
2.333747893571853638e-01
5.308402776718139648e-01
8.648271560668945312e-01
1.872242242097854614e-01
1.044765114784240723e-01
2.358048856258392334e-01
4.907547831535339355e-01
8.904069066047668457e-01
4.344341456890106201e-01
2.063442319631576538e-01
8.929678797721862793e-01
8.995817303657531738e-01
4.513112902641296387e-01
4.088978469371795654e-01
6.256672739982604980e-02
6.059423089027404785e-01
3.009486496448516846e-01
8.240041136741638184e-01
7.033562064170837402e-01
7.227307558059692383e-01
3.430884331464767456e-02
8.532957434654235840e-01
3.463794589042663574e-01
6.460466235876083374e-02
2.982829809188842773e-01
7.816875725984573364e-02
4.023279547691345215e-01
2.551458775997161865e-01
3.821562230587005615e-02
1.818343400955200195e-01
1.594585776329040527e-01
8.855944275856018066e-01
6.532669067382812500e-02
1.464574784040451050e-01
2.041769474744796753e-01
2.887544594705104828e-02
8.238043189048767090e-01
7.468572258949279785e-01
9.007467031478881836e-01
6.317303180694580078e-01
8.821557760238647461e-01
2.295994758605957031e-01
1.425872743129730225e-01
5.557534694671630859e-01
8.533239364624023438e-01
6.438545882701873779e-02
2.313153296709060669e-01
3.012101724743843079e-02
1.713793426752090454e-01
9.143554568290710449e-01
6.591265797615051270e-01
8.691469430923461914e-01
9.824160486459732056e-02
1.515363901853561401e-01
7.666738033294677734e-01
1.378111690282821655e-01
2.726111188530921936e-02
1.704145520925521851e-01
9.088256359100341797e-01
2.437423020601272583e-01
4.696392416954040527e-01
7.342399954795837402e-01
4.508544504642486572e-02
9.204581975936889648e-01
7.724676728248596191e-01
6.276633143424987793e-01
3.235458582639694214e-02
9.597428143024444580e-02
4.809539318084716797e-01
8.975473642349243164e-01
2.042691409587860107e-01
4.508937522768974304e-02
6.327690482139587402e-01
2.242681831121444702e-01
5.051752924919128418e-01
5.846524238586425781e-01
1.824045032262802124e-01
1.079870760440826416e-01
2.161355912685394287e-01
6.822812557220458984e-01
8.432888984680175781e-01
4.850592613220214844e-01
9.309180974960327148e-01
3.015952110290527344e-01
1.248803660273551941e-01
4.430662095546722412e-01
8.444467186927795410e-01
5.874749273061752319e-02
7.849058508872985840e-01
6.757477521896362305e-01
7.878628373146057129e-01
3.540123626589775085e-02
2.109755277633666992e-01
4.729750007390975952e-02
7.078906893730163574e-01
5.585766583681106567e-02
3.619346916675567627e-01
8.847323060035705566e-01
2.841309271752834320e-02
5.217875838279724121e-01
4.444939792156219482e-01
9.206600785255432129e-01
1.207432001829147339e-01
5.141143798828125000e-01
6.522727012634277344e-01
8.874528110027313232e-02
7.347632646560668945e-01
9.182391762733459473e-01
5.008079409599304199e-01
7.606788873672485352e-01
9.357517361640930176e-01
8.791501522064208984e-01
3.084801137447357178e-01
3.335117101669311523e-01
7.081997394561767578e-02
5.621085762977600098e-01
9.116460680961608887e-01
8.549384474754333496e-01
5.912442803382873535e-01
2.608465552330017090e-01
8.675463795661926270e-01
8.998523354530334473e-01
5.857108235359191895e-01
2.388705462217330933e-01
9.247962832450866699e-01
8.277410268783569336e-01
6.908771395683288574e-02
8.619189262390136719e-01
2.531099691987037659e-02
8.878784179687500000e-01
1.273014098405838013e-01
9.201334118843078613e-01
8.671344816684722900e-02
8.216525912284851074e-01
8.958446979522705078e-01
9.248599410057067871e-01
4.375683963298797607e-01
9.262498617172241211e-01
1.593698412179946899e-01
3.575469255447387695e-01
9.404956549406051636e-02
8.217274546623229980e-01
4.049461185932159424e-01
3.155324980616569519e-02
8.329281210899353027e-01
8.205012083053588867e-01
1.191949918866157532e-01
8.755555748939514160e-01
8.856516480445861816e-01
1.384370625019073486e-01
3.819388523697853088e-02
8.951739668846130371e-01
2.111132144927978516e-01
9.009145498275756836e-01
1.402531862258911133e-01
1.532700657844543457e-01
3.403954207897186279e-01
4.935341477394104004e-01
8.427203893661499023e-01
2.457173615694046021e-01
7.614460587501525879e-01
8.354772925376892090e-01
2.436140477657318115e-01
2.449118196964263916e-01
9.143238067626953125e-01
8.775774836540222168e-01
2.825789749622344971e-01
3.517457842826843262e-02
8.899881243705749512e-01
8.680591583251953125e-01
5.447817444801330566e-01
1.462426930665969849e-01
2.131908684968948364e-01
5.860154032707214355e-01
9.263114631175994873e-02
6.707156449556350708e-02
6.526686996221542358e-02
4.739323258399963379e-01
3.454644083976745605e-01
6.826829910278320312e-01
7.753356099128723145e-01
8.335855603218078613e-01
8.903728127479553223e-01
8.049897104501724243e-02
4.619109630584716797e-01
9.103161692619323730e-01
8.354540467262268066e-01
1.685211062431335449e-01
7.314637899398803711e-01
4.158632457256317139e-01
8.811995983123779297e-01
8.522363305091857910e-01
8.282715082168579102e-01
2.682952880859375000e-01
3.514546453952789307e-01
8.449010848999023438e-01
9.230520129203796387e-01
9.233830571174621582e-01
8.710555434226989746e-01
1.079867333173751831e-01
3.862281888723373413e-02
2.692169249057769775e-01
9.085350632667541504e-01
9.022755175828933716e-02
3.313118517398834229e-01
8.179183006286621094e-01
8.412956595420837402e-01
2.690179832279682159e-02
1.533721983432769775e-01
2.479787170886993408e-01
9.286230802536010742e-01
5.927099585533142090e-01
1.296938061714172363e-01
4.074449837207794189e-01
1.086899340152740479e-01
9.092952311038970947e-02
3.161427751183509827e-02
5.330677628517150879e-01
9.078166484832763672e-01
9.071118235588073730e-01
6.246795058250427246e-01
8.404372930526733398e-01
2.207707762718200684e-01
4.333427250385284424e-01
8.033202290534973145e-01
8.769810795783996582e-01
3.588122427463531494e-01
9.575244039297103882e-02
8.677306175231933594e-01
1.110348105430603027e-01
8.475474119186401367e-01
9.294853210449218750e-01
4.890612959861755371e-01
6.916475892066955566e-01
6.872251033782958984e-01
5.559697747230529785e-01
3.823381662368774414e-02
2.782250940799713135e-01
8.621692061424255371e-01
8.839398026466369629e-01
2.489675395190715790e-02
8.328381180763244629e-01
9.195978045463562012e-01
8.866489529609680176e-01
1.709611266851425171e-01
6.926938891410827637e-01
8.854704499244689941e-01
3.285398483276367188e-01
5.678649544715881348e-01
8.496456742286682129e-01
5.866112709045410156e-01
2.292733453214168549e-02
5.533231496810913086e-01
5.165379121899604797e-02
1.943218335509300232e-02
9.045760631561279297e-01
8.391689658164978027e-01
6.416797041893005371e-01
4.016228020191192627e-01
8.450194001197814941e-01
3.138161078095436096e-02
8.261566609144210815e-02
8.886252641677856445e-01
8.612564206123352051e-01
8.616800904273986816e-01
9.296162724494934082e-01
2.957032322883605957e-01
3.664323985576629639e-01
7.267760634422302246e-01
2.309903055429458618e-01
8.557828664779663086e-01
9.238717705011367798e-02
1.296334862709045410e-01
2.925207912921905518e-01
3.908020630478858948e-02
8.379424214363098145e-01
1.568856239318847656e-01
2.801479697227478027e-01
6.423718482255935669e-02
5.086637735366821289e-01
3.200065493583679199e-01
8.407722115516662598e-01
3.674665093421936035e-02
7.743807435035705566e-01
4.337345436215400696e-02
4.406465590000152588e-01
2.774615399539470673e-02
7.936958670616149902e-01
1.785693168640136719e-01
7.255387306213378906e-01
7.939878702163696289e-01
5.236657261848449707e-01
9.325991272926330566e-01
2.511450462043285370e-02
1.490535885095596313e-01
3.971167206764221191e-01
7.497183084487915039e-01
8.978199362754821777e-01
7.276293039321899414e-01
1.975930333137512207e-01
4.745019599795341492e-02
2.572538554668426514e-01
4.871611893177032471e-01
8.698512315750122070e-01
6.792505979537963867e-01
5.423320531845092773e-01
2.029884606599807739e-01
6.900330781936645508e-01
3.322054147720336914e-01
8.791111707687377930e-01
9.038421511650085449e-01
9.240958094596862793e-01
2.573286592960357666e-01
9.169811606407165527e-01
2.611793577671051025e-01
5.694516897201538086e-01
1.637389510869979858e-01
1.025673002004623413e-01
5.917640775442123413e-02
9.344305396080017090e-01
1.671642214059829712e-01
8.036442399024963379e-01
8.649826645851135254e-01
5.317231267690658569e-02
7.035503983497619629e-01
6.235249042510986328e-01
8.348889946937561035e-01
5.873330831527709961e-01
7.960538864135742188e-01
9.018962979316711426e-01
2.296429276466369629e-01
1.569828242063522339e-01
5.987625122070312500e-01
3.098104000091552734e-01
7.431674599647521973e-01
1.765163987874984741e-01
9.229283332824707031e-01
8.521600365638732910e-01
2.915686964988708496e-01
1.153413206338882446e-01
6.704350709915161133e-01
8.885432481765747070e-01
3.166141808032989502e-01
7.504814863204956055e-01
1.385338306427001953e-01
3.778240978717803955e-01
8.798010349273681641e-01
1.164314299821853638e-01
6.449560523033142090e-01
3.551862835884094238e-01
3.500540927052497864e-02
2.622417211532592773e-01
2.829670011997222900e-01
3.128174543380737305e-01
3.336584866046905518e-01
1.736877262592315674e-01
7.190206646919250488e-01
9.000995159149169922e-01
5.102910399436950684e-01
5.776882767677307129e-01
3.206224739551544189e-02
8.287783265113830566e-01
4.124590009450912476e-02
8.831096291542053223e-01
8.772349953651428223e-01
2.006514519453048706e-01
8.180940747261047363e-01
7.073596715927124023e-01
2.036774456501007080e-01
7.476330399513244629e-01
8.877345919609069824e-02
9.053859114646911621e-01
4.806436300277709961e-01
5.227408409118652344e-01
2.972742021083831787e-01
8.045843243598937988e-02
1.965952478349208832e-02
5.494893789291381836e-01
1.324607878923416138e-01
2.688445150852203369e-01
1.076639667153358459e-01
8.465290665626525879e-01
8.700972795486450195e-01
8.105244040489196777e-01
6.120741367340087891e-01
4.466529190540313721e-02
9.274673461914062500e-01
5.038295984268188477e-01
7.661138176918029785e-01
9.114570617675781250e-01
8.505856394767761230e-01
8.619478940963745117e-01
2.057522088289260864e-01
9.195457696914672852e-01
8.911363482475280762e-01
6.365899741649627686e-02
6.720199584960937500e-01
1.508811712265014648e-01
4.786175116896629333e-02
7.399486303329467773e-01
7.994244098663330078e-01
1.116121560335159302e-02
2.783022820949554443e-01
4.151153564453125000e-01
2.332271784543991089e-01
2.113922238349914551e-01
6.427382230758666992e-01
2.250697463750839233e-01
7.985805273056030273e-01
9.256043434143066406e-01
8.069176673889160156e-01
1.831150949001312256e-01
2.091144621372222900e-01
2.234656661748886108e-01
4.942046403884887695e-01
1.358436644077301025e-01
7.484104037284851074e-01
7.341414690017700195e-01
3.392814695835113525e-01
6.274770498275756836e-01
8.609790802001953125e-01
9.274658560752868652e-01
8.512277156114578247e-02
9.605227410793304443e-02
2.905156910419464111e-01
9.068726301193237305e-01
9.082559943199157715e-01
6.573765724897384644e-02
1.249311789870262146e-01
4.239415526390075684e-01
8.738582730293273926e-01
4.906850680708885193e-02
2.989455759525299072e-01
9.167877435684204102e-01
8.835020661354064941e-01
8.719772696495056152e-01
8.688646554946899414e-02
9.462019801139831543e-02
1.733308844268321991e-02
8.221041560173034668e-01
1.929919421672821045e-01
5.526611208915710449e-01
4.838055670261383057e-01
1.154493615031242371e-01
3.747960031032562256e-01
2.585112489759922028e-02
8.603292107582092285e-01
9.124304056167602539e-01
1.279355585575103760e-01
2.782792448997497559e-01
9.125133156776428223e-01
7.641245126724243164e-01
4.261946976184844971e-01
2.799263894557952881e-01
5.585117936134338379e-01
4.076590538024902344e-01
8.862150907516479492e-01
3.864679038524627686e-01
8.385612368583679199e-01
8.861722946166992188e-01
8.476987481117248535e-01
4.901606738567352295e-01
4.483082890510559082e-02
3.517357259988784790e-02
6.675537824630737305e-01
7.138029932975769043e-01
8.576041460037231445e-01
1.449067145586013794e-01
8.750955462455749512e-01
5.613463521003723145e-01
5.492325499653816223e-02
8.576766848564147949e-01
8.760785460472106934e-01
5.525019168853759766e-01
6.802273988723754883e-01
5.669598579406738281e-01
8.615697026252746582e-01
6.667013168334960938e-01
3.578265905380249023e-01
3.490479290485382080e-01
8.881398439407348633e-01
7.906203269958496094e-01
8.639937639236450195e-01
9.083312749862670898e-01
5.582673549652099609e-01
4.417758435010910034e-02
7.246255129575729370e-02
7.294589281082153320e-01
8.819811344146728516e-01
8.767706155776977539e-01
8.537946343421936035e-01
2.126207053661346436e-01
6.353951245546340942e-02
9.187603592872619629e-01
3.470465540885925293e-02
1.093804463744163513e-01
4.344953000545501709e-01
6.224474310874938965e-01
8.232115507125854492e-01
3.522809594869613647e-02
7.330690026283264160e-01
9.233434200286865234e-01
5.651713013648986816e-01
5.045210123062133789e-01
3.676993027329444885e-02
5.048403739929199219e-01
4.309056699275970459e-01
2.660051882266998291e-01
7.675420641899108887e-01
8.486767411231994629e-01
1.293722093105316162e-01
8.872424960136413574e-01
3.323970139026641846e-01
7.010973989963531494e-02
4.281365275382995605e-01
5.849990993738174438e-02
8.742895722389221191e-01
8.400084972381591797e-01
1.925313323736190796e-01
9.011092036962509155e-02
2.760845720767974854e-01
8.868067264556884766e-01
8.671403527259826660e-01
7.803349494934082031e-01
8.763244748115539551e-01
3.133041411638259888e-02
8.682415485382080078e-01
7.770019769668579102e-01
5.889096260070800781e-01
8.197986483573913574e-01
4.977187812328338623e-01
8.652496933937072754e-01
2.073894292116165161e-01
8.879380226135253906e-01
4.284045100212097168e-02
8.831487894058227539e-01
2.729637920856475830e-01
7.550194859504699707e-01
1.171674951910972595e-01
8.518496155738830566e-01
4.355102181434631348e-01
5.207305774092674255e-02
8.788476586341857910e-01
8.273428082466125488e-01
9.102429747581481934e-01
7.327657938003540039e-01
9.207525253295898438e-01
1.877584904432296753e-01
8.728789687156677246e-01
7.736812233924865723e-01
2.548694312572479248e-01
8.763040304183959961e-01
5.621862411499023438e-01
2.356494069099426270e-01
9.286909103393554688e-01
2.363622933626174927e-02
4.318338036537170410e-01
1.978892087936401367e-01
1.763466000556945801e-01
6.006525829434394836e-02
2.085680812597274780e-01
7.646002769470214844e-01
1.458125710487365723e-01
9.352331161499023438e-01
1.071798354387283325e-01
9.281972050666809082e-01
2.264230400323867798e-01
8.960673809051513672e-01
4.984701275825500488e-01
8.299104571342468262e-01
5.865032076835632324e-01
1.425828039646148682e-01
3.852894902229309082e-01
3.447535336017608643e-01
1.946275308728218079e-02
4.787157475948333740e-01
8.575411438941955566e-01
7.568901032209396362e-02
8.387265801429748535e-01
9.121308922767639160e-01
4.097579419612884521e-02
4.277060031890869141e-01
1.076164916157722473e-01
8.670058846473693848e-01
8.891854286193847656e-01
7.569906860589981079e-02
4.578192830085754395e-01
2.168151363730430603e-02
4.147191047668457031e-01
8.622947931289672852e-01
2.275449410080909729e-02
9.091715812683105469e-01
9.054172039031982422e-01
3.834140896797180176e-01
3.567052185535430908e-01
9.239458441734313965e-01
3.105950653553009033e-01
8.300921916961669922e-01
7.807497978210449219e-01
6.325507164001464844e-02
1.430182307958602905e-01
1.119993254542350769e-01
1.523944437503814697e-01
7.592943310737609863e-01
8.954746127128601074e-01
8.815439343452453613e-01
8.200767636299133301e-01
8.900895714759826660e-01
7.953347265720367432e-02
5.745235681533813477e-01
8.938248753547668457e-01
1.675692498683929443e-01
8.744664788246154785e-01
5.863806009292602539e-01
2.446491420269012451e-01
7.589976787567138672e-01
8.251659572124481201e-02
8.853572607040405273e-01
9.275345802307128906e-01
8.735489249229431152e-01
8.677155375480651855e-01
8.427892327308654785e-01
4.598344564437866211e-01
2.198564261198043823e-01
8.162218332290649414e-01
8.407841920852661133e-01
3.313085138797760010e-01
4.593082368373870850e-01
8.401032090187072754e-01
2.930962294340133667e-02
7.237177491188049316e-01
6.442538499832153320e-01
6.985185742378234863e-01
8.619635701179504395e-01
1.938237249851226807e-02
9.603761881589889526e-02
7.048400044441223145e-01
7.720269560813903809e-01
6.011208891868591309e-01
6.440506577491760254e-01
1.942564994096755981e-01
1.876832693815231323e-01
7.726425528526306152e-01
2.185408622026443481e-01
2.524916641414165497e-02
8.963248133659362793e-01
1.028993129730224609e-01
9.143535047769546509e-02
1.643787324428558350e-01
8.147526979446411133e-01
6.780757904052734375e-01
3.368837758898735046e-02
6.066222786903381348e-01
3.793057799339294434e-01
8.899601101875305176e-01
4.426072165369987488e-02
7.806329727172851562e-01
9.224137663841247559e-01
2.163203507661819458e-01
4.651305377483367920e-01
7.498369812965393066e-01
9.358116388320922852e-01
7.665796577930450439e-02
8.577476143836975098e-01
8.720098137855529785e-01
2.433744221925735474e-01
2.099613100290298462e-01
8.104767799377441406e-01
3.161092400550842285e-01
4.186154901981353760e-01
9.131066799163818359e-01
7.064985036849975586e-01
9.260290265083312988e-01
2.410053275525569916e-02
7.149779200553894043e-01
9.007591605186462402e-01
3.052657544612884521e-01
2.753308042883872986e-02
2.534326612949371338e-01
6.388179063796997070e-01
2.246949374675750732e-01
7.469252943992614746e-01
2.233375795185565948e-02
8.972870111465454102e-01
9.227386713027954102e-01
6.219605728983879089e-02
9.125060439109802246e-01
4.434697926044464111e-01
8.805992007255554199e-01
4.235412478446960449e-01
3.529917821288108826e-02
2.785862982273101807e-01
2.635110616683959961e-01
1.324112415313720703e-01
1.250718384981155396e-01
7.153054475784301758e-01
2.651137113571166992e-01
8.712516427040100098e-01
5.511375516653060913e-02
7.390893697738647461e-01
7.533572316169738770e-01
3.034974075853824615e-02
5.253646373748779297e-01
8.179777264595031738e-01
4.524784907698631287e-02
8.840997219085693359e-01
7.841423749923706055e-01
7.600553631782531738e-01
5.938026309013366699e-01
3.588657081127166748e-01
8.542255759239196777e-01
7.659125328063964844e-01
2.032811045646667480e-01
2.558746933937072754e-01
6.414253115653991699e-01
4.646842554211616516e-02
7.359007745981216431e-02
6.511605978012084961e-01
2.452334612607955933e-01
8.718138933181762695e-01
6.190652847290039062e-01
8.772793412208557129e-02
2.480298876762390137e-01
1.035916358232498169e-01
9.139776825904846191e-01
1.038398221135139465e-01
1.146246790885925293e-01
7.671180963516235352e-01
2.714684307575225830e-01
8.847640156745910645e-01
5.718576312065124512e-01
6.418423056602478027e-01
2.853676378726959229e-01
8.996786475181579590e-01
4.202567413449287415e-02
6.406135559082031250e-01
8.401085138320922852e-01
6.230336055159568787e-02
4.886943101882934570e-01
7.884942889213562012e-01
9.186782687902450562e-02
1.043299213051795959e-01
2.545336782932281494e-01
7.497150301933288574e-01
5.204398036003112793e-01
7.438800334930419922e-01
9.008235931396484375e-01
5.967704206705093384e-02
4.781273603439331055e-01
1.331968158483505249e-01
7.927222847938537598e-01
8.655778765678405762e-01
5.921021699905395508e-01
2.703429460525512695e-01
2.378093749284744263e-01
6.980123519897460938e-01
7.756432294845581055e-01
2.136605679988861084e-01
4.408976063132286072e-02
3.588296771049499512e-01
5.951164364814758301e-01
1.198655888438224792e-01
3.554996103048324585e-02
8.866412639617919922e-01
7.017460465431213379e-01
5.714860558509826660e-01
8.995143175125122070e-01
1.400520354509353638e-01
7.988295555114746094e-01
4.983524605631828308e-02
3.184687495231628418e-01
5.056363940238952637e-01
1.922683045268058777e-02
8.455627560615539551e-01
2.563504874706268311e-01
8.695049285888671875e-01
1.137403547763824463e-01
1.825580298900604248e-01
7.403216790407896042e-03
8.977345824241638184e-01
8.473149538040161133e-01
8.861680626869201660e-01
9.728693217039108276e-02
3.236672654747962952e-02
8.308520168066024780e-02
1.878979504108428955e-01
8.808964490890502930e-01
8.495469093322753906e-01
8.197876214981079102e-01
6.052772402763366699e-01
8.324996829032897949e-01
9.068265557289123535e-01
8.839816600084304810e-02
8.997770547866821289e-01
7.811440229415893555e-01
9.238036274909973145e-01
8.442203998565673828e-01
7.392616868019104004e-01
6.292226910591125488e-01
1.125266775488853455e-01
8.713715076446533203e-01
6.804411411285400391e-01
7.731193900108337402e-01
1.286794524639844894e-02
4.574981331825256348e-01
1.766381263732910156e-01
2.041532248258590698e-01
2.747400999069213867e-01
8.351337909698486328e-01
6.572127938270568848e-01
7.154746055603027344e-01
5.020507574081420898e-01
7.835849374532699585e-02
8.699448704719543457e-01
2.645132541656494141e-01
2.812802791595458984e-01
1.683979779481887817e-01
7.156316041946411133e-01
4.473744705319404602e-02
6.400961279869079590e-01
2.105792462825775146e-01
6.075832843780517578e-01
7.194110751152038574e-02
1.396611779928207397e-01
8.396293967962265015e-02
3.371401429176330566e-01
4.596018493175506592e-01
1.658236384391784668e-01
7.103736996650695801e-01
7.807396352291107178e-02
1.534670144319534302e-01
3.246012628078460693e-01
7.285324335098266602e-01
8.531137704849243164e-01
3.437719941139221191e-01
2.893399596214294434e-01
1.249371096491813660e-02
6.402584165334701538e-02
2.872226536273956299e-01
8.895966410636901855e-01
8.604447245597839355e-01
2.573775947093963623e-01
6.449826359748840332e-01
1.884682476520538330e-01
7.505131959915161133e-01
8.707461953163146973e-01
8.790712952613830566e-01
1.132258251309394836e-01
7.883123755455017090e-01
2.655615806579589844e-01
9.024793505668640137e-01
1.602139472961425781e-01
1.207228973507881165e-01
2.726622521877288818e-01
5.860210657119750977e-01
8.335683345794677734e-01
3.895926177501678467e-01
6.858898997306823730e-01
8.656942844390869141e-01
8.909800052642822266e-01
2.208370417356491089e-01
7.144486904144287109e-01
3.672931492328643799e-01
4.550882875919342041e-01
1.289201527833938599e-01
1.128170713782310486e-01
8.772912621498107910e-01
3.854708671569824219e-01
9.937924891710281372e-02
4.989770054817199707e-02
8.134159445762634277e-01
8.446710109710693359e-01
4.336986541748046875e-01
1.044764295220375061e-01
2.601735591888427734e-01
9.025526046752929688e-01
8.362959623336791992e-01
2.175825089216232300e-01
8.912101984024047852e-01
9.335312247276306152e-01
1.321566849946975708e-02
2.555564045906066895e-01
8.501169681549072266e-01
4.275707602500915527e-01
3.831888437271118164e-01
6.756383925676345825e-02
1.043179109692573547e-01
9.038052558898925781e-01
8.858599066734313965e-01
2.394510954618453979e-01
6.039212346076965332e-01
6.857376098632812500e-01
9.195767641067504883e-01
9.319698214530944824e-01
9.211652278900146484e-01
6.197891235351562500e-01
1.054928451776504517e-01
1.666104048490524292e-01
2.232920974493026733e-01
1.175123900175094604e-01
6.667011976242065430e-01
3.950814902782440186e-01
6.840018033981323242e-01
8.917952775955200195e-01
3.580646589398384094e-02
3.366565406322479248e-01
5.148589611053466797e-01
8.115480095148086548e-02
8.997941613197326660e-01
3.527500331401824951e-01
9.325853586196899414e-01
4.397274255752563477e-01
7.109789848327636719e-01
1.170633137226104736e-01
4.951479136943817139e-01
9.274538755416870117e-01
4.397596120834350586e-01
5.495135784149169922e-01
8.781813979148864746e-01
6.518427133560180664e-01
5.371804833412170410e-01
7.382090687751770020e-01
8.438521027565002441e-01
2.784623205661773682e-01
4.211715757846832275e-01
9.489603340625762939e-03
4.097299277782440186e-01
7.389922738075256348e-01
8.544467687606811523e-01
2.136754244565963745e-01
8.969725966453552246e-01
6.380798220634460449e-01
3.733243346214294434e-01
2.817523181438446045e-01
8.111261129379272461e-01
9.095499515533447266e-01
8.796274065971374512e-01
7.878070473670959473e-01
8.609779477119445801e-01
8.788011670112609863e-01
5.268537998199462891e-01
2.894656956195831299e-01
8.516761660575866699e-01
1.847454160451889038e-01
6.484983861446380615e-02
8.810405135154724121e-01
6.010306477546691895e-01
8.803044557571411133e-01
8.558392524719238281e-01
8.914595246315002441e-01
4.763348028063774109e-02
1.071747839450836182e-01
4.401492476463317871e-01
8.774220347404479980e-01
7.033822536468505859e-01
4.870896935462951660e-01
6.285948753356933594e-01
8.947536349296569824e-01
8.854240179061889648e-01
7.131361961364746094e-02
1.440612375736236572e-01
8.008351922035217285e-01
5.520336627960205078e-01
2.878823876380920410e-02
1.426914781332015991e-01
4.251304268836975098e-01
6.741202622652053833e-02
8.733267337083816528e-02
5.227479338645935059e-01
8.741353154182434082e-01
7.150560021400451660e-01
2.415333539247512817e-01
8.619478940963745117e-01
7.127293944358825684e-01
9.201262593269348145e-01
2.297021299600601196e-01
2.929496467113494873e-01
8.956767916679382324e-01
9.106071591377258301e-01
8.289813399314880371e-01
8.844476342201232910e-01
7.986284792423248291e-02
4.639506340026855469e-01
2.873988449573516846e-01
9.426812082529067993e-02
1.550994962453842163e-01
8.849826455116271973e-01
8.555448651313781738e-01
8.873689174652099609e-01
3.987979590892791748e-01
9.198594093322753906e-01
4.475815296173095703e-01
6.011208891868591309e-01
8.838285803794860840e-01
9.310578703880310059e-01
1.609877496957778931e-01
4.806145429611206055e-01
1.288892477750778198e-01
4.685077071189880371e-01
9.274530410766601562e-01
9.251843094825744629e-01
4.382278397679328918e-02
8.722745776176452637e-01
9.307642281055450439e-02
9.046557545661926270e-01
4.517926573753356934e-01
4.394496977329254150e-02
9.000201523303985596e-02
8.612497448921203613e-01
6.518323719501495361e-02
1.470994800329208374e-01
2.681841552257537842e-01
7.351516485214233398e-01
2.963591217994689941e-01
4.258929789066314697e-01
8.239930272102355957e-01
1.322039961814880371e-01
8.094406127929687500e-01
4.081363230943679810e-02
8.283422589302062988e-01
4.525040090084075928e-01
8.574837446212768555e-01
6.094099879264831543e-01
6.299660801887512207e-01
8.086957931518554688e-01
9.368547797203063965e-01
9.041385054588317871e-01
3.210050761699676514e-01
7.399199604988098145e-01
7.891408354043960571e-02
6.884233951568603516e-01
8.203625082969665527e-01
9.298388659954071045e-02
4.293199479579925537e-01
1.441482901573181152e-01
9.036918282508850098e-01
7.889730930328369141e-01
3.378223627805709839e-02
1.781107336282730103e-01
8.231905698776245117e-01
8.412937521934509277e-01
7.972651124000549316e-01
2.739251255989074707e-01
9.447064995765686035e-02
8.744812011718750000e-01
8.817968368530273438e-01
7.794484496116638184e-01
5.724676847457885742e-01
3.579362928867340088e-01
8.784036040306091309e-01
8.473149538040161133e-01
1.457027047872543335e-01
5.162802934646606445e-01
7.740923166275024414e-01
5.114458128809928894e-02
7.621880173683166504e-01
6.101443767547607422e-01
8.776777386665344238e-01
8.921723961830139160e-01
8.795369863510131836e-01
8.886439800262451172e-01
7.805268168449401855e-01
9.180592894554138184e-01
6.738852858543395996e-01
3.190714716911315918e-01
2.667252160608768463e-02
8.474493026733398438e-02
8.007746934890747070e-01
8.810235261917114258e-01
7.587019801139831543e-01
4.675986617803573608e-02
7.954191565513610840e-01
6.126286983489990234e-01
8.648519515991210938e-01
2.240566909313201904e-01
8.380647301673889160e-01
7.761773467063903809e-01
7.521325349807739258e-01
7.623296976089477539e-01
4.088501632213592529e-01
4.775165617465972900e-01
3.436285853385925293e-01
6.976713538169860840e-01
8.862786293029785156e-01
8.509693145751953125e-01
2.122969925403594971e-01
2.275229245424270630e-01
8.070454001426696777e-01
7.191052436828613281e-01
5.473269224166870117e-01
8.833209872245788574e-01
2.206341177225112915e-01
8.496432900428771973e-01
7.778387069702148438e-01
1.500690579414367676e-01
3.730698227882385254e-01
9.038421511650085449e-01
7.121524810791015625e-01
4.223838448524475098e-01
3.403653204441070557e-01
1.273625157773494720e-02
3.942639827728271484e-01
9.298064708709716797e-01
7.252274155616760254e-01
2.304600179195404053e-01
5.345146730542182922e-02
9.145647287368774414e-01
1.652969717979431152e-01
1.693291515111923218e-01
2.996970713138580322e-01
7.181333899497985840e-01
5.564579367637634277e-01
6.600242853164672852e-01
8.282314538955688477e-01
6.428996920585632324e-01
1.345974057912826538e-01
7.839925885200500488e-01
3.103637099266052246e-01
3.206726610660552979e-01
8.668804764747619629e-01
4.970225393772125244e-01
3.746719956398010254e-01
5.435639619827270508e-02
8.042262196540832520e-01
8.645638227462768555e-01
3.181469440460205078e-01
7.068413496017456055e-01
6.760664582252502441e-01
8.573316037654876709e-02
2.045585662126541138e-01
9.231042861938476562e-01
8.539758920669555664e-01
8.699288964271545410e-01
1.770010441541671753e-01
8.873318433761596680e-01
8.231089711189270020e-01
3.094955086708068848e-01
5.814687162637710571e-02
4.145455658435821533e-01
3.482801839709281921e-02
3.539458662271499634e-02
8.600898981094360352e-01
2.092425674200057983e-01
8.967469930648803711e-01
7.655366510152816772e-02
8.767741918563842773e-01
7.003487944602966309e-01
3.503501713275909424e-01
7.661820650100708008e-01
2.695720270276069641e-02
9.173018336296081543e-01
4.856945946812629700e-02
5.105889961123466492e-02
4.818754792213439941e-01
6.640627980232238770e-01
7.193917632102966309e-01
8.795112967491149902e-01
8.918969035148620605e-01
6.392067670822143555e-01
8.297112584114074707e-01
4.090581834316253662e-02
1.187306717038154602e-01
5.319877341389656067e-02
6.793322563171386719e-01
9.038434624671936035e-01
1.027127802371978760e-01
4.200727045536041260e-01
4.312807321548461914e-02
8.716554641723632812e-01
3.291562795639038086e-01
4.852863848209381104e-01
8.536158800125122070e-01
2.869988419115543365e-02
9.329795837402343750e-02
9.155191183090209961e-01
8.877194523811340332e-01
2.649109065532684326e-01
7.615998387336730957e-01
5.674071311950683594e-01
7.865211367607116699e-01
6.884334087371826172e-01
8.081941008567810059e-01
3.201921582221984863e-01
8.788020014762878418e-01
3.433846682310104370e-02
6.881763935089111328e-01
1.140355467796325684e-01
8.940072655677795410e-01
7.150708138942718506e-02
5.895442888140678406e-02
3.353168070316314697e-02
4.251637458801269531e-01
4.090986847877502441e-01
3.962774276733398438e-01
2.564243078231811523e-01
2.056049853563308716e-01
8.108193278312683105e-01
8.401979804039001465e-01
1.997330188751220703e-01
8.792333602905273438e-01
9.278755187988281250e-01
9.259607195854187012e-01
7.161425799131393433e-02
3.380008041858673096e-02
2.594449520111083984e-01
9.319764375686645508e-01
7.642873525619506836e-01
1.783907786011695862e-02
8.954553604125976562e-01
9.276693463325500488e-01
6.253953576087951660e-01
8.964958786964416504e-01
3.422998785972595215e-01
2.366855740547180176e-02
3.329676091670989990e-01
3.846097588539123535e-01
7.708005309104919434e-01
8.189955949783325195e-01
9.120294451713562012e-01
2.864746749401092529e-02
4.376079440116882324e-01
8.953191041946411133e-01
8.688530921936035156e-01
1.027844250202178955e-01
8.516975641250610352e-01
8.699383586645126343e-02
8.377158045768737793e-01
8.670313358306884766e-01
9.108634591102600098e-01
5.383647084236145020e-01
5.497358366847038269e-02
8.100303411483764648e-01
7.992747426033020020e-01
9.097242951393127441e-01
6.640258431434631348e-01
1.288885325193405151e-01
7.542759925127029419e-02
1.207060366868972778e-01
3.967977762222290039e-01
2.790660560131072998e-01
3.845963478088378906e-01
1.377831548452377319e-01
9.044073820114135742e-01
1.616975367069244385e-01
7.009860873222351074e-01
3.442320823669433594e-01
1.426577866077423096e-01
4.367314279079437256e-01
8.966059684753417969e-01
7.019149661064147949e-01
6.766081452369689941e-01
1.167910918593406677e-01
5.836371779441833496e-01
7.338283210992813110e-02
1.580648124217987061e-01
1.490293741226196289e-01
1.985639929771423340e-01
8.315276503562927246e-01
8.863238096237182617e-01
2.772114872932434082e-01
7.188851237297058105e-01
7.739484906196594238e-01
4.674343168735504150e-01
3.568046391010284424e-01
8.850739598274230957e-01
1.073687300086021423e-01
5.738341808319091797e-01
9.225721359252929688e-01
8.757767081260681152e-01
9.109645485877990723e-01
8.515644073486328125e-02
1.668766885995864868e-02
1.424324810504913330e-01
1.894892193377017975e-02
6.923627257347106934e-01
5.511701703071594238e-01
5.569390952587127686e-02
1.138346493244171143e-01
4.336919263005256653e-02
7.734233140945434570e-01
1.486482173204421997e-01
8.858309388160705566e-01
7.309174537658691406e-01
2.262219637632369995e-01
1.139824688434600830e-01
8.446547985076904297e-01
7.706528306007385254e-01
1.386858969926834106e-01
1.736369356513023376e-02
4.455826804041862488e-02
8.582534790039062500e-01
5.426754355430603027e-01
7.665573954582214355e-01
3.732519745826721191e-01
8.794730305671691895e-01
8.877367377281188965e-01
8.344290852546691895e-01
1.056317612528800964e-01
9.044422507286071777e-01
3.239021301269531250e-01
6.809224486351013184e-01
1.115891933441162109e-01
8.922378420829772949e-01
4.417688250541687012e-01
7.640841603279113770e-01
9.002492427825927734e-01
1.192453652620315552e-01
2.062503397464752197e-01
1.361024528741836548e-01
2.863162755966186523e-01
3.795585334300994873e-01
3.901976719498634338e-02
8.638942241668701172e-01
1.290880292654037476e-01
1.484461724758148193e-01
7.866917252540588379e-01
9.031051993370056152e-01
8.407651185989379883e-01
7.459090948104858398e-01
1.831462383270263672e-01
4.071148931980133057e-01
5.450021624565124512e-01
7.849888205528259277e-01
2.454989254474639893e-01
5.557522773742675781e-01
8.859963417053222656e-01
4.159714654088020325e-02
8.613290786743164062e-01
8.425502181053161621e-01
2.848119139671325684e-01
8.296703100204467773e-01
8.780254721641540527e-01
1.522689126431941986e-02
2.804544270038604736e-01
6.186117529869079590e-01
1.563725769519805908e-01
2.299881167709827423e-02
8.705462217330932617e-01
3.956446349620819092e-01
4.042558372020721436e-01
2.370026409626007080e-01
4.104326963424682617e-01
5.668423175811767578e-01
8.433917760848999023e-01
8.182721734046936035e-01
2.540860176086425781e-01
2.307940833270549774e-02
2.674794495105743408e-01
3.165078759193420410e-01
9.020481705665588379e-01
1.810227930545806885e-01
7.556106150150299072e-02
1.519090831279754639e-01
9.054730832576751709e-02
8.780533075332641602e-01
1.218439936637878418e-01
1.894622892141342163e-01
9.110406637191772461e-01
4.040981084108352661e-02
4.424581304192543030e-02
4.285923242568969727e-01
8.828938007354736328e-01
9.053105860948562622e-02
7.009866088628768921e-02
1.490535885095596313e-01
8.805183172225952148e-01
2.615157663822174072e-01
3.243265748023986816e-01
8.159484863281250000e-01
1.712989658117294312e-01
7.437111437320709229e-02
4.011633992195129395e-01
8.234236836433410645e-01
1.969081908464431763e-01
1.492651365697383881e-02
4.370321333408355713e-01
3.374198973178863525e-01
7.774060964584350586e-02
8.673028945922851562e-01
7.012476027011871338e-02
8.870363831520080566e-01
9.062748551368713379e-01
2.098721861839294434e-01
6.716830730438232422e-01
1.934482008218765259e-01
5.750862360000610352e-01
4.671234786510467529e-01
7.870413064956665039e-01
9.734687954187393188e-02
8.852573037147521973e-01
4.255531728267669678e-01
2.892485819756984711e-02
2.521538436412811279e-01
8.897160887718200684e-01
8.160228729248046875e-01
1.250317543745040894e-01
1.247361078858375549e-01
3.785680532455444336e-01
5.299673080444335938e-01
6.890792250633239746e-01
4.285625517368316650e-01
2.935047447681427002e-01
2.241126894950866699e-01
5.426338911056518555e-01
8.100387454032897949e-01
5.887825414538383484e-02
9.048103690147399902e-01
9.283318519592285156e-01
8.403736352920532227e-01
8.479834198951721191e-01
8.904936909675598145e-01
6.164942979812622070e-01
8.855944275856018066e-01
2.141384035348892212e-01
4.302326440811157227e-01
2.541967630386352539e-01
1.694713532924652100e-01
1.203938052058219910e-01
9.073789715766906738e-01
6.264268606901168823e-02
6.337644457817077637e-01
7.002218365669250488e-01
9.202997684478759766e-01
8.096944689750671387e-01
5.604005455970764160e-01
2.248550057411193848e-01
8.073675036430358887e-01
8.915915489196777344e-01
8.022699356079101562e-01
6.198564916849136353e-02
8.257039785385131836e-01
1.775678247213363647e-01
8.476309180259704590e-01
5.680980682373046875e-01
8.710597753524780273e-01
4.246656894683837891e-01
1.790983825922012329e-01
5.870106071233749390e-02
1.198325753211975098e-01
8.398967981338500977e-02
7.638486623764038086e-01
6.072335690259933472e-02
4.902724623680114746e-01
8.332867622375488281e-01
1.838684827089309692e-01
4.959414601325988770e-01
5.474314689636230469e-01
3.790600597858428955e-02
9.201929569244384766e-01
8.359779119491577148e-01
4.367377981543540955e-02
3.615538030862808228e-02
8.421837091445922852e-01
7.389113903045654297e-01
1.799766719341278076e-01
3.770844265818595886e-02
4.855509400367736816e-01
1.340883225202560425e-01
3.389500826597213745e-02
5.342479944229125977e-01
7.361194491386413574e-01
8.612203001976013184e-01
8.207087516784667969e-01
2.692912518978118896e-01
5.493060946464538574e-01
1.899320818483829498e-02
8.378592133522033691e-01
2.507543265819549561e-01
8.779125213623046875e-01
4.285577237606048584e-01
8.340559005737304688e-01
8.453149199485778809e-01
8.694536685943603516e-01
6.555311083793640137e-01
1.827458441257476807e-01
8.351942896842956543e-01
8.861005902290344238e-01
5.062251687049865723e-01
1.909038126468658447e-01
2.122315913438796997e-01
1.860437691211700439e-01
1.766952574253082275e-01
5.227221176028251648e-02
7.723144441843032837e-02
7.527449727058410645e-01
8.126817345619201660e-01
5.433468818664550781e-01
3.819406405091285706e-02
8.591898530721664429e-02
9.282673597335815430e-01
8.822540193796157837e-02
7.252210378646850586e-01
5.596538782119750977e-01
1.818934977054595947e-01
1.894990503787994385e-01
8.809714317321777344e-01
1.826045513153076172e-01
1.238138154149055481e-01
8.856764435768127441e-01
5.457045435905456543e-01
2.509658932685852051e-01
6.794250011444091797e-01
2.531683444976806641e-01
9.110922813415527344e-01
2.799556851387023926e-01
8.872142434120178223e-01
9.286210536956787109e-01
1.609044373035430908e-01
2.237295508384704590e-01
8.168246150016784668e-01
8.468844294548034668e-01
2.181579321622848511e-01
8.368996977806091309e-01
7.605506777763366699e-01
8.601011037826538086e-01
1.246888637542724609e-01
2.707709968090057373e-01
8.701143264770507812e-01
1.371805071830749512e-01
1.173281669616699219e-01
7.002415060997009277e-01
9.209602475166320801e-01
8.808233141899108887e-01
3.213089108467102051e-01
9.133257865905761719e-01
7.569348812103271484e-01
2.969993650913238525e-02
8.321492671966552734e-01
4.832542836666107178e-01
5.845793485641479492e-01
8.694875240325927734e-01
4.177730083465576172e-01
1.547614485025405884e-01
6.272605657577514648e-01
2.604594230651855469e-01
2.620788477361202240e-02
2.271252572536468506e-01
5.643411874771118164e-01
6.427195072174072266e-01
8.143000602722167969e-01
6.387764215469360352e-02
8.818774819374084473e-01
1.282784342765808105e-01
5.734510421752929688e-01
3.030852414667606354e-02
3.819825947284698486e-01
6.344807147979736328e-01
4.319695830345153809e-01
5.076018571853637695e-01
9.796690195798873901e-02
1.086641177535057068e-01
4.777486622333526611e-01
8.716046810150146484e-02
7.015674710273742676e-01
8.836820125579833984e-01
2.320133000612258911e-01
7.037556171417236328e-01
8.780118823051452637e-01
9.055503010749816895e-01
7.775282859802246094e-01
8.654195070266723633e-01
8.863149210810661316e-03
6.116531491279602051e-01
1.025944277644157410e-01
8.776719570159912109e-01
7.946653366088867188e-01
8.673071861267089844e-01
3.171414509415626526e-02
2.097513228654861450e-01
8.083294034004211426e-01
3.118964433670043945e-01
7.857988476753234863e-01
8.889017105102539062e-01
3.235560357570648193e-01
6.658685207366943359e-01
8.844450116157531738e-01
3.350272029638290405e-02
8.985701799392700195e-01
7.066177129745483398e-01
1.575551629066467285e-01
2.541986405849456787e-01
3.975931406021118164e-01
8.425877094268798828e-01
1.070605441927909851e-01
5.065769553184509277e-01
7.205694913864135742e-01
9.089767336845397949e-01
4.114704132080078125e-01
2.813843823969364166e-02
8.852242231369018555e-01
8.334783911705017090e-01
4.575014710426330566e-01
5.634783506393432617e-01
7.156906127929687500e-01
7.102740406990051270e-01
9.151468425989151001e-02
2.414761185646057129e-01
2.945739775896072388e-02
6.579052805900573730e-01
3.069938346743583679e-02
5.413428321480751038e-02
7.731883525848388672e-01
8.908709883689880371e-01
5.574515461921691895e-01
6.365152001380920410e-01
8.460490703582763672e-01
5.660099983215332031e-01
5.731040835380554199e-01
9.288018941879272461e-01
6.898134946823120117e-01
1.565435379743576050e-01
5.762455239892005920e-02
8.973371982574462891e-01
9.095854163169860840e-01
3.730615377426147461e-01
8.749594688415527344e-01
2.602714896202087402e-01
1.100293621420860291e-01
2.270473092794418335e-01
8.256318569183349609e-01
5.637408494949340820e-01
7.248061299324035645e-01
5.885846018791198730e-01
8.007603883743286133e-01
5.559463500976562500e-01
9.123112559318542480e-01
6.590639352798461914e-01
4.960519671440124512e-01
4.810061156749725342e-01
4.276602864265441895e-01
8.830915689468383789e-01
8.650230169296264648e-01
2.832419611513614655e-02
4.792941510677337646e-01
6.520780324935913086e-01
3.796820342540740967e-01
8.890841007232666016e-01
5.144052952527999878e-02
7.672425508499145508e-01
9.076285362243652344e-01
2.186266928911209106e-01
8.663403987884521484e-01
7.997384071350097656e-01
8.279445171356201172e-01
8.424541950225830078e-01
4.748005047440528870e-02
4.994796514511108398e-01
3.159569203853607178e-02
5.849123373627662659e-02
8.030570149421691895e-01
1.014429554343223572e-01
7.905179262161254883e-01
2.296963483095169067e-01
8.493247628211975098e-02
9.015420675277709961e-01
7.230854034423828125e-01
8.495810031890869141e-01
1.702519953250885010e-01
5.765829086303710938e-01
1.144315898418426514e-01
8.584231734275817871e-01
3.460099548101425171e-02
4.612767398357391357e-01
2.384332939982414246e-02
8.692437410354614258e-01
8.750955462455749512e-01
4.225732386112213135e-01
1.204400062561035156e-01
1.142242252826690674e-01
8.873294591903686523e-01
2.361620962619781494e-01
8.870826959609985352e-01
1.925433874130249023e-01
9.065873026847839355e-01
8.720015883445739746e-01
1.031723096966743469e-01
8.800616860389709473e-01
2.462957352399826050e-01
8.720466494560241699e-01
8.730876445770263672e-01
8.935701847076416016e-01
3.894754648208618164e-01
8.851062655448913574e-01
6.979523599147796631e-02
8.892806768417358398e-01
8.945202827453613281e-01
7.377336621284484863e-01
1.894195973873138428e-01
1.812526881694793701e-01
8.622519969940185547e-01
8.938068747520446777e-01
7.832421660423278809e-01
3.966474533081054688e-01
8.023896813392639160e-01
5.334199219942092896e-02
7.971377670764923096e-02
6.573917716741561890e-02
9.188903570175170898e-01
1.561066806316375732e-01
8.850448131561279297e-01
1.476039737462997437e-01
6.454305052757263184e-01
9.273009747266769409e-02
2.783679366111755371e-01
1.746900826692581177e-01
6.647938489913940430e-01
9.094464778900146484e-01
8.621436953544616699e-01
4.487012326717376709e-02
7.305703759193420410e-01
8.646751642227172852e-01
8.460622429847717285e-01
4.559943079948425293e-01
5.236024856567382812e-01
1.031267642974853516e-01
7.122715562582015991e-02
8.110582232475280762e-01
5.396507680416107178e-02
7.110831141471862793e-01
9.174017906188964844e-01
9.187098145484924316e-01
7.878628373146057129e-01
8.658037185668945312e-01
1.882167458534240723e-01
9.023888707160949707e-01
8.196533918380737305e-01
6.667358279228210449e-01
3.425088524818420410e-01
8.396050333976745605e-01
9.176715612411499023e-01
8.447450399398803711e-01
9.059355258941650391e-01
1.876223981380462646e-01
2.339909672737121582e-01
5.197029709815979004e-01
5.579349398612976074e-02
5.205847322940826416e-02
7.340664863586425781e-01
6.995701193809509277e-01
1.191093176603317261e-01
4.871548712253570557e-01
8.028689026832580566e-01
8.808603882789611816e-01
8.498770594596862793e-01
8.004435300827026367e-01
2.027700394392013550e-01
9.112379550933837891e-01
3.259729146957397461e-01
7.033264040946960449e-01
8.208109736442565918e-01
1.598961651325225830e-01
2.113896757364273071e-01
8.775864243507385254e-01
9.254714250564575195e-01
3.157372027635574341e-02
1.241349503397941589e-01
2.076404094696044922e-01
1.781885474920272827e-01
2.864233851432800293e-01
4.998373389244079590e-01
8.312786817550659180e-01
6.954116225242614746e-01
8.786489367485046387e-01
9.009167551994323730e-01
1.304609030485153198e-01
8.235092163085937500e-01
3.886946141719818115e-01
8.999817967414855957e-01
1.743858009576797485e-01
6.867808103561401367e-01
8.950675725936889648e-01
5.584120005369186401e-02
1.482765749096870422e-02
3.147560656070709229e-01
3.624454736709594727e-01
6.184064745903015137e-01
2.491872310638427734e-01
7.842102050781250000e-01
8.888634443283081055e-01
3.270839452743530273e-01
5.249426141381263733e-02
1.445368081331253052e-01
8.715202212333679199e-01
9.043485522270202637e-01
4.400984570384025574e-02
8.568264842033386230e-01
3.830495104193687439e-02
3.846296668052673340e-02
9.415332227945327759e-02
2.715682610869407654e-02
6.165809463709592819e-03
1.007904335856437683e-01
7.879828214645385742e-01
2.016782164573669434e-01
5.277424454689025879e-01
5.961663126945495605e-01
7.573401331901550293e-01
8.600580692291259766e-01
1.052964031696319580e-01
8.744350075721740723e-01
3.280404210090637207e-02
7.332070916891098022e-02
9.309944510459899902e-01
9.698569029569625854e-02
4.456778764724731445e-01
9.192799329757690430e-01
6.377190947532653809e-01
1.022871956229209900e-01
1.718888729810714722e-01
2.770446836948394775e-01
1.785693168640136719e-01
5.601347684860229492e-01
8.734806776046752930e-01
1.242760270833969116e-01
6.795425899326801300e-03
8.649563789367675781e-01
7.648361921310424805e-01
7.640224099159240723e-01
9.026709944009780884e-02
2.542395144701004028e-02
4.299843609333038330e-01
1.424922943115234375e-01
7.485925406217575073e-02
1.927858144044876099e-01
6.202302575111389160e-01
4.987635314464569092e-01
9.046627879142761230e-01
5.526884198188781738e-01
1.941443085670471191e-01
8.800115585327148438e-01
9.159113168716430664e-01
3.359530866146087646e-01
4.771313071250915527e-02
1.430393606424331665e-01
7.824069857597351074e-01
5.125172734260559082e-01
8.850432634353637695e-01
2.657355070114135742e-01
2.457776665687561035e-02
1.807367242872714996e-02
7.774118185043334961e-01
8.813735246658325195e-01
1.256633996963500977e-01
5.364664793014526367e-01
2.987282350659370422e-02
9.286707043647766113e-01
4.155595600605010986e-02
2.072979062795639038e-01
8.973326086997985840e-01
7.555329203605651855e-01
1.399968564510345459e-01
8.421183824539184570e-01
2.442055791616439819e-01
8.658502101898193359e-01
9.097228646278381348e-01
1.655854433774948120e-01
7.701951265335083008e-01
8.085753917694091797e-01
8.895205706357955933e-02
3.510627150535583496e-01
1.316267997026443481e-01
9.053054451942443848e-01
4.277101755142211914e-01
5.949772521853446960e-02
1.434287335723638535e-02
8.289176821708679199e-01
5.782428756356239319e-02
3.865593671798706055e-01
6.552507877349853516e-01
6.393213272094726562e-01
8.597207069396972656e-01
2.341894954442977905e-01
8.171060681343078613e-02
4.154318273067474365e-01
7.393814325332641602e-01
8.762769699096679688e-01
2.620129883289337158e-01
9.286736845970153809e-01
5.842740535736083984e-01
8.703216910362243652e-01
1.065233275294303894e-01
5.640648007392883301e-01
1.677386164665222168e-01
8.086205720901489258e-01
3.190765380859375000e-01
8.698158264160156250e-01
8.845135569572448730e-01
6.961069703102111816e-01
6.826688051223754883e-01
3.190816566348075867e-02
9.187691807746887207e-01
2.962417900562286377e-01
1.816204637289047241e-01
5.640262365341186523e-01
5.587545037269592285e-02
1.140846759080886841e-01
2.580446600914001465e-01
2.566424384713172913e-02
1.211813837289810181e-01
6.448898911476135254e-01
4.272573292255401611e-01
6.631475687026977539e-01
3.644802421331405640e-02
8.191239833831787109e-01
9.379424154758453369e-02
8.390081524848937988e-01
1.603192239999771118e-01
3.033203184604644775e-01
1.570619642734527588e-01
9.251366257667541504e-01
8.826850652694702148e-01
3.485323116183280945e-02
3.423559367656707764e-01
8.852242231369018555e-01
1.124936342239379883e-01
1.581153422594070435e-01
3.919439911842346191e-01
3.093014955520629883e-01
3.979573249816894531e-01
4.496361017227172852e-01
8.831617832183837891e-01
4.944746494293212891e-01
9.343136548995971680e-01
8.870741724967956543e-01
3.311281800270080566e-01
2.155402153730392456e-01
3.129355609416961670e-01
2.289175987243652344e-02
7.053612470626831055e-01
1.028594151139259338e-01
4.590947628021240234e-01
8.897013664245605469e-01
8.903270959854125977e-02
4.997366964817047119e-01
4.896244406700134277e-01
5.753598213195800781e-01
4.020810127258300781e-02
1.114079654216766357e-01
3.735828995704650879e-01
8.331518769264221191e-01
1.220187265425920486e-02
1.300141662359237671e-01
9.288071393966674805e-01
1.738952994346618652e-01
8.881164193153381348e-01
4.219003617763519287e-01
8.830915689468383789e-01
8.882977962493896484e-01
4.041190072894096375e-02
5.335174798965454102e-01
4.164115712046623230e-02
8.788095712661743164e-01
5.046876892447471619e-02
6.463439017534255981e-02
2.865132093429565430e-01
8.525409102439880371e-01
5.650151893496513367e-02
1.699222177267074585e-01
2.544116079807281494e-01
4.614758491516113281e-02
2.401074208319187164e-02
8.308202624320983887e-01
8.802279829978942871e-01
4.274794459342956543e-01
4.266549348831176758e-01
3.119039535522460938e-01
3.440517783164978027e-01
5.632086992263793945e-01
2.069827765226364136e-01
7.016407698392868042e-02
7.726426124572753906e-01
2.390303313732147217e-01
3.076992332935333252e-01
3.649923205375671387e-01
3.106837719678878784e-02
2.809310704469680786e-02
3.522691130638122559e-01
7.094766497611999512e-01
1.701040565967559814e-01
2.576868534088134766e-01
8.534877896308898926e-01
3.422197401523590088e-01
8.785567879676818848e-01
1.923578232526779175e-01
7.573580741882324219e-01
9.316753149032592773e-01
6.125823259353637695e-01
7.186979800462722778e-02
2.588346302509307861e-01
8.693096637725830078e-01
1.182205379009246826e-01
2.979895472526550293e-01
4.182683303952217102e-02
7.504169344902038574e-01
2.954699099063873291e-01
9.243495464324951172e-01
5.034925937652587891e-01
2.290610074996948242e-01
2.130983397364616394e-02
8.183662295341491699e-01
3.230801224708557129e-01
7.926058173179626465e-01
6.701903939247131348e-01
6.892070770263671875e-01
8.347296118736267090e-01
5.148836597800254822e-02
8.245434165000915527e-01
4.370715096592903137e-02
7.310511469841003418e-01
5.849296450614929199e-01
1.452246457338333130e-01
8.845839500427246094e-01
4.051992893218994141e-01
5.866344571113586426e-01
8.844320178031921387e-01
5.050575137138366699e-01
5.761404633522033691e-01
8.911141157150268555e-01
8.752949237823486328e-01
5.953456163406372070e-01
7.887238264083862305e-01
4.127654433250427246e-02
1.391690224409103394e-01
1.304320693016052246e-01
1.436066478490829468e-01
8.772860169410705566e-01
5.314391106367111206e-02
7.685028314590454102e-01
6.409841775894165039e-02
2.701006457209587097e-02
1.421714425086975098e-01
4.672550261020660400e-01
2.775008417665958405e-02
1.491177380084991455e-01
5.179775953292846680e-01
8.753574639558792114e-02
7.459110617637634277e-01
8.421949744224548340e-01
5.652317404747009277e-01
1.073131710290908813e-01
4.185156896710395813e-02
8.692349195480346680e-01
8.917952775955200195e-01
8.874567151069641113e-01
5.961663126945495605e-01
8.483020663261413574e-01
3.614792227745056152e-01
7.000190019607543945e-01
7.145816087722778320e-01
7.059177160263061523e-01
2.978262677788734436e-02
7.901346683502197266e-01
1.804737001657485962e-01
3.041407465934753418e-01
6.788624525070190430e-01
7.612261772155761719e-01
8.855485916137695312e-01
3.513116836547851562e-01
3.716930449008941650e-01
1.086811125278472900e-01
8.735139966011047363e-01
3.611029982566833496e-01
4.992828071117401123e-01
9.077095985412597656e-01
7.043588161468505859e-01
3.761678338050842285e-01
8.793661594390869141e-01
2.448589727282524109e-02
5.952125787734985352e-01
8.868839740753173828e-01
5.819145441055297852e-01
3.362619876861572266e-01
2.832448668777942657e-02
2.055843323469161987e-01
4.061881080269813538e-02
8.765491843223571777e-01
8.712163567543029785e-01
3.196527436375617981e-02
8.168911933898925781e-01
2.418004572391510010e-01
1.179242953658103943e-01
3.984204828739166260e-01
6.869297623634338379e-01
9.127367138862609863e-01
9.053313136100769043e-01
2.648715674877166748e-01
5.427541136741638184e-01
8.367456793785095215e-01
7.491252422332763672e-01
1.890245676040649414e-01
3.501152098178863525e-01
5.721375942230224609e-01
1.685903817415237427e-01
8.883874118328094482e-02
2.874884009361267090e-01
1.133692264556884766e-01
3.771111071109771729e-01
8.874509334564208984e-01
6.730055809020996094e-01
8.933299779891967773e-01
9.236360192298889160e-01
3.380098044872283936e-01
4.441455006599426270e-01
8.069869279861450195e-01
8.024618029594421387e-01
1.842932701110839844e-01
8.811157345771789551e-01
6.098308563232421875e-01
6.382160633802413940e-02
8.467842340469360352e-01
8.772943913936614990e-02
7.672425508499145508e-01
7.574429512023925781e-01
6.867808103561401367e-01
5.390266776084899902e-01
6.582127213478088379e-01
8.804522156715393066e-01
2.145527303218841553e-02
9.023959636688232422e-01
2.782540619373321533e-01
3.582625091075897217e-01
3.726170957088470459e-02
9.307708144187927246e-01
8.855289816856384277e-01
3.147096037864685059e-01
6.318569928407669067e-02
9.068265557289123535e-01
3.060305491089820862e-02
7.836974263191223145e-01
8.088309168815612793e-01
4.544541835784912109e-01
2.811697125434875488e-01
3.405147790908813477e-01
1.036545783281326294e-01
8.707166910171508789e-01
2.474638223648071289e-01
7.043214440345764160e-01
4.895590990781784058e-02
8.865064382553100586e-01
5.647106766700744629e-01
7.630913853645324707e-01
2.130589187145233154e-01
9.092479348182678223e-01
7.619053870439529419e-02
9.000715017318725586e-01
4.787682592868804932e-01
1.233338490128517151e-01
2.730261087417602539e-01
8.289093971252441406e-01
9.589506685733795166e-02
3.645084500312805176e-01
6.929659843444824219e-01
8.696595430374145508e-01
8.752192258834838867e-01
4.115349650382995605e-01
3.597636818885803223e-01
5.162257552146911621e-01
1.777826100587844849e-01
2.635703980922698975e-01
8.809334039688110352e-01
8.615459203720092773e-01
1.998998969793319702e-02
7.364189028739929199e-01
9.284169077873229980e-01
3.279438316822052002e-01
4.906721711158752441e-01
9.203320145606994629e-01
1.146554574370384216e-01
7.638854384422302246e-01
8.586608171463012695e-01
8.840960860252380371e-01
4.942701756954193115e-01
5.158703923225402832e-01
8.584998250007629395e-01
7.293400168418884277e-01
8.926385045051574707e-01
9.059166312217712402e-01
4.234395325183868408e-01
2.726667225360870361e-01
1.408366858959197998e-01
3.761391937732696533e-01
1.329347491264343262e-02
8.791621327400207520e-01
7.691619396209716797e-01
6.201035976409912109e-01
2.649438381195068359e-01
4.258686304092407227e-02
3.829622268676757812e-02
3.605433106422424316e-01
9.022868871688842773e-01
2.789460718631744385e-01
1.322626173496246338e-01
8.692259192466735840e-01
1.851998120546340942e-01
1.196565106511116028e-01
5.047781467437744141e-01
8.871408700942993164e-01
1.395934671163558960e-01
8.425517678260803223e-01
4.061455428600311279e-01
6.405396759510040283e-02
8.083075881004333496e-01
5.485945343971252441e-01
8.069075345993041992e-01
2.850511670112609863e-01
4.425371438264846802e-02
8.990938663482666016e-01
8.867352604866027832e-01
8.028673529624938965e-01
1.782217621803283691e-02
3.998992443084716797e-01
7.697934508323669434e-01
2.324490398168563843e-01
3.744554147124290466e-02
8.218951821327209473e-01
3.108351528644561768e-01
8.077005147933959961e-01
3.865925967693328857e-01
1.695584654808044434e-01
1.012994945049285889e-01
6.923362612724304199e-01
8.958757519721984863e-01
2.835326828062534332e-02
6.189011931419372559e-01
7.474295496940612793e-01
4.351938068866729736e-01
4.781755506992340088e-01
8.856284618377685547e-01
1.575538963079452515e-01
7.935857176780700684e-01
5.640756487846374512e-01
1.728896051645278931e-02
2.348094061017036438e-02
6.594983339309692383e-01
1.634090542793273926e-01
1.680169105529785156e-01
7.860040664672851562e-01
7.788829207420349121e-01
7.959140539169311523e-01
8.836344480514526367e-01
4.292860031127929688e-01
8.969018459320068359e-01
6.356127858161926270e-01
1.569747626781463623e-01
1.632276177406311035e-02
8.721091747283935547e-01
2.036418318748474121e-01
1.479643136262893677e-01
9.356769919395446777e-01
9.284710884094238281e-01
2.580632567405700684e-01
1.783400177955627441e-01
