6.741464138031005859e-01
4.244605004787445068e-01
3.558561503887176514e-01
1.590374112129211426e-01
4.861559867858886719e-01
6.209872961044311523e-01
2.946033477783203125e-01
4.621852040290832520e-01
3.913250938057899475e-02
6.092034578323364258e-01
2.861795127391815186e-01
5.644601583480834961e-01
2.900083363056182861e-01
4.594154283404350281e-02
2.652868628501892090e-01
1.526832580566406250e-01
3.822880238294601440e-02
4.579898118972778320e-01
9.014902263879776001e-02
3.819706439971923828e-01
3.342559635639190674e-01
1.147596985101699829e-01
5.409363508224487305e-01
6.690580844879150391e-01
2.908418178558349609e-01
2.894461452960968018e-01
2.421158999204635620e-01
2.691259086132049561e-01
8.219512552022933960e-02
1.128143295645713806e-01
3.930591344833374023e-01
7.160812616348266602e-02
3.043397068977355957e-01
2.604434080421924591e-02
7.533105462789535522e-02
6.114311814308166504e-01
6.905444860458374023e-01
2.171488851308822632e-01
4.406039714813232422e-01
7.507856190204620361e-02
5.742911696434020996e-01
3.254975080490112305e-01
1.871849596500396729e-01
5.921071767807006836e-02
4.989884421229362488e-02
2.419347167015075684e-01
5.414508581161499023e-01
3.538312762975692749e-02
6.637277454137802124e-02
3.076718151569366455e-01
5.318124890327453613e-01
3.314026296138763428e-01
1.345335543155670166e-01
1.066652759909629822e-01
6.082567572593688965e-02
6.646069884300231934e-01
3.805902600288391113e-01
1.122979968786239624e-01
5.883169770240783691e-01
4.219704568386077881e-01
7.193501293659210205e-02
8.404004573822021484e-02
1.712991446256637573e-01
6.579188108444213867e-01
8.079245090484619141e-01
4.332039356231689453e-01
4.432758986949920654e-01
2.908947765827178955e-01
5.912732481956481934e-01
5.384392738342285156e-01
6.328251957893371582e-01
7.843811511993408203e-01
4.086968004703521729e-01
4.736208021640777588e-01
1.541740745306015015e-01
9.986960887908935547e-02
5.733475089073181152e-01
3.008817695081233978e-02
2.033721655607223511e-02
5.420168861746788025e-02
2.698625810444355011e-02
1.575562208890914917e-01
7.324243187904357910e-01
7.236980199813842773e-01
2.818935737013816833e-02
5.736037716269493103e-02
5.780298709869384766e-01
8.230068087577819824e-01
1.213003173470497131e-01
6.874405741691589355e-01
7.959612458944320679e-02
5.722712352871894836e-02
3.011947125196456909e-02
4.025048613548278809e-01
3.610345423221588135e-01
3.154650330543518066e-01
6.486179679632186890e-02
2.530803084373474121e-01
1.315465569496154785e-01
4.908773675560951233e-02
7.786174416542053223e-01
7.390105724334716797e-01
3.899356722831726074e-01
6.323584318161010742e-01
5.184824466705322266e-01
9.201916307210922241e-02
2.308003902435302734e-01
3.391748964786529541e-01
7.429073452949523926e-01
2.244063168764114380e-01
2.408964782953262329e-01
5.291321128606796265e-02
2.781474888324737549e-01
3.081113100051879883e-01
3.770573139190673828e-01
5.465901494026184082e-01
3.875814750790596008e-02
1.173240393400192261e-01
8.073317259550094604e-02
6.574676036834716797e-01
5.488455295562744141e-01
6.641037464141845703e-01
6.576625108718872070e-01
5.411882996559143066e-01
4.297492280602455139e-02
4.121378436684608459e-02
4.820031821727752686e-01
1.233167946338653564e-01
8.527294993400573730e-01
4.934751689434051514e-01
4.835954308509826660e-01
2.997024357318878174e-01
1.187618076801300049e-01
1.634377241134643555e-01
1.520926803350448608e-01
5.309247374534606934e-01
8.320078849792480469e-01
3.498568758368492126e-02
6.410910934209823608e-02
2.048555761575698853e-01
8.457017540931701660e-01
8.699998259544372559e-02
6.222149133682250977e-01
1.965425312519073486e-01
4.260633513331413269e-02
5.501426458358764648e-01
3.257471695542335510e-02
2.574095427989959717e-01
1.598728746175765991e-01
4.451589286327362061e-02
1.603104621171951294e-01
8.066479116678237915e-02
4.016293212771415710e-02
6.275859475135803223e-01
3.832508623600006104e-02
2.661683857440948486e-01
7.720934748649597168e-01
5.095395818352699280e-02
2.706859409809112549e-01
8.964943885803222656e-01
1.784752905368804932e-01
8.349384069442749023e-01
3.296090662479400635e-01
4.106957092881202698e-02
3.296414017677307129e-01
9.271368384361267090e-02
4.613444805145263672e-01
2.429153025150299072e-01
4.397133290767669678e-01
6.016093492507934570e-02
4.015317559242248535e-01
4.775156825780868530e-02
7.045478820800781250e-01
3.298589587211608887e-01
6.300592422485351562e-01
2.832814753055572510e-01
8.372856676578521729e-02
7.292445898056030273e-01
2.203655540943145752e-01
3.692455589771270752e-02
6.863826513290405273e-01
3.152998536825180054e-02
3.834823071956634521e-01
4.475999772548675537e-01
7.448872923851013184e-01
7.753447890281677246e-01
3.702198266983032227e-01
2.831078171730041504e-01
8.129949569702148438e-01
2.697054147720336914e-01
2.431107461452484131e-01
2.250019162893295288e-01
6.165422797203063965e-01
4.458318352699279785e-01
1.312089413404464722e-01
4.686645567417144775e-01
5.730794072151184082e-01
4.440396130084991455e-01
7.954129576683044434e-01
6.640870124101638794e-02
7.283565998077392578e-01
1.044257581233978271e-01
8.197734355926513672e-01
2.678408659994602203e-02
5.685300230979919434e-01
9.505303949117660522e-02
3.797613084316253662e-01
2.732768654823303223e-02
3.701407015323638916e-01
1.822870075702667236e-01
3.282173573970794678e-01
4.265478551387786865e-01
1.172820478677749634e-01
2.099883556365966797e-02
1.728737354278564453e-01
2.342897653579711914e-01
2.052803188562393188e-01
3.811424970626831055e-01
4.495954215526580811e-01
6.216853111982345581e-02
7.555903792381286621e-01
6.233066320419311523e-01
6.897011995315551758e-01
8.538882136344909668e-01
5.747246146202087402e-01
5.408363938331604004e-01
7.457229495048522949e-02
4.052407667040824890e-02
6.344301998615264893e-02
5.016469955444335938e-01
9.269651770591735840e-02
6.839740276336669922e-01
9.718319028615951538e-02
5.524944067001342773e-01
5.195955038070678711e-01
2.157140821218490601e-01
1.127473711967468262e-01
9.258497506380081177e-02
4.706206619739532471e-01
5.757215023040771484e-01
5.211293101310729980e-01
6.614977717399597168e-01
3.610953316092491150e-02
6.432831287384033203e-01
4.402463138103485107e-02
1.548871994018554688e-01
3.675741702318191528e-02
3.937895223498344421e-02
7.908166050910949707e-01
7.356446385383605957e-01
7.855195999145507812e-01
1.646088212728500366e-01
2.563674747943878174e-02
7.219942212104797363e-01
1.380413472652435303e-01
4.176675379276275635e-01
7.845780253410339355e-01
7.314203977584838867e-01
5.384789109230041504e-01
1.004222407937049866e-01
3.870706856250762939e-01
1.525577157735824585e-01
7.440618276596069336e-01
5.952857732772827148e-01
2.069116532802581787e-01
5.191299915313720703e-01
2.504853308200836182e-01
6.146762520074844360e-02
6.140986680984497070e-01
1.265057325363159180e-01
6.577242016792297363e-01
5.747776031494140625e-01
5.288552045822143555e-01
7.742803692817687988e-01
7.652074694633483887e-01
7.202903926372528076e-02
6.414934247732162476e-02
9.587693214416503906e-02
5.263680592179298401e-02
5.334525704383850098e-01
7.439248561859130859e-01
7.872546464204788208e-02
5.016167834401130676e-02
6.669174879789352417e-02
4.124236404895782471e-01
6.205561161041259766e-01
4.127117693424224854e-01
2.824257016181945801e-01
6.624850034713745117e-01
2.824674732983112335e-02
7.722923159599304199e-02
7.446964085102081299e-02
1.934649944305419922e-01
6.797880530357360840e-01
6.031695604324340820e-01
1.539889425039291382e-01
4.028244018554687500e-01
1.823959052562713623e-01
5.780791044235229492e-01
7.826911807060241699e-01
3.240146487951278687e-02
3.942433372139930725e-02
8.068443089723587036e-02
8.355174064636230469e-01
6.545248031616210938e-01
8.118631839752197266e-01
4.481595754623413086e-01
2.670967206358909607e-02
7.756590247154235840e-01
6.047317385673522949e-01
3.913184702396392822e-01
5.097077488899230957e-01
5.963393449783325195e-01
1.195396259427070618e-01
1.880934983491897583e-01
1.442470997571945190e-01
6.059085130691528320e-01
1.619617193937301636e-01
7.070658355951309204e-02
3.803558945655822754e-01
2.354130595922470093e-01
5.461983010172843933e-02
8.075018525123596191e-01
6.006364226341247559e-01
7.253668308258056641e-01
1.548366546630859375e-01
5.173157453536987305e-01
4.153205454349517822e-01
6.493320465087890625e-01
2.208333164453506470e-01
5.609818696975708008e-01
4.958060979843139648e-01
2.393445968627929688e-01
2.533955872058868408e-02
2.115201503038406372e-01
6.503941863775253296e-02
4.759468436241149902e-01
5.173904448747634888e-02
8.921799808740615845e-02
6.737881898880004883e-02
8.185329288244247437e-02
2.699469923973083496e-01
5.641863942146301270e-01
7.450184971094131470e-02
6.060688570141792297e-02
1.203053891658782959e-01
3.729785606265068054e-02
4.013120755553245544e-02
7.767283916473388672e-02
6.410395503044128418e-01
1.245956122875213623e-01
3.306007981300354004e-01
3.502978086471557617e-01
3.524100482463836670e-01
2.620627582073211670e-01
1.319286823272705078e-01
1.074958145618438721e-01
5.911532044410705566e-01
5.398222804069519043e-01
6.884342432022094727e-01
2.364190071821212769e-01
5.463773012161254883e-01
6.290473788976669312e-02
1.547055989503860474e-01
7.737022042274475098e-01
3.864039778709411621e-01
5.373784303665161133e-01
3.060118556022644043e-01
1.348405778408050537e-01
3.295871317386627197e-01
3.616995811462402344e-01
4.143042489886283875e-02
7.547411322593688965e-02
6.078247725963592529e-02
6.857125163078308105e-01
2.174619734287261963e-01
6.702431440353393555e-01
4.215013086795806885e-01
1.340262144804000854e-01
1.184114515781402588e-01
6.809930801391601562e-01
4.299758747220039368e-02
1.156240776181221008e-01
8.091039657592773438e-01
3.427982330322265625e-02
2.448703050613403320e-01
7.689819931983947754e-01
5.126886963844299316e-01
2.022532075643539429e-01
1.231988221406936646e-01
5.569848418235778809e-02
1.013120561838150024e-01
1.566557586193084717e-01
3.947481513023376465e-02
5.078994631767272949e-01
4.934485256671905518e-01
1.518957763910293579e-01
3.555874526500701904e-02
8.150005340576171875e-01
1.281350702047348022e-01
3.106428086757659912e-01
6.761490106582641602e-01
5.393161177635192871e-01
2.193575948476791382e-01
7.048889249563217163e-02
1.630032658576965332e-01
1.394444108009338379e-01
1.627181023359298706e-01
6.303468346595764160e-01
7.148708105087280273e-01
6.103571057319641113e-01
1.045004799962043762e-01
5.136996507644653320e-01
1.204337403178215027e-01
4.190711677074432373e-01
7.358482480049133301e-01
5.856756567955017090e-01
7.539520263671875000e-01
3.242754042148590088e-01
7.727383077144622803e-02
8.254072815179824829e-02
1.613867133855819702e-01
6.868272274732589722e-02
8.415222167968750000e-01
1.265199333429336548e-01
7.659594714641571045e-02
4.640604257583618164e-01
7.482262700796127319e-02
4.859302192926406860e-02
4.391774907708168030e-02
5.447508692741394043e-01
7.735572010278701782e-02
2.361965179443359375e-01
5.821754038333892822e-02
2.783307805657386780e-02
7.020036578178405762e-01
1.271986514329910278e-01
1.211861744523048401e-01
6.749020218849182129e-01
3.805472254753112793e-01
1.213071420788764954e-01
3.402598574757575989e-02
4.309009015560150146e-01
3.337525427341461182e-01
4.073242843151092529e-02
5.722927451133728027e-01
2.145831286907196045e-01
6.270626932382583618e-02
1.101885885000228882e-01
2.139842659235000610e-01
1.467288136482238770e-01
3.526880219578742981e-02
1.274656653404235840e-01
8.107229322195053101e-02
7.057498395442962646e-02
6.031302735209465027e-02
5.160393714904785156e-01
1.066652759909629822e-01
4.695625901222229004e-01
4.782634228467941284e-02
7.688289880752563477e-01
4.272031784057617188e-01
3.154269754886627197e-01
3.742901086807250977e-01
5.823833495378494263e-02
4.762046635150909424e-01
6.173422932624816895e-02
8.235489577054977417e-02
1.079995185136795044e-01
5.360966920852661133e-01
9.149024635553359985e-02
4.543078690767288208e-02
3.164887130260467529e-01
8.384695053100585938e-01
4.951933920383453369e-01
7.109889388084411621e-01
7.447332143783569336e-01
1.088004261255264282e-01
8.552706986665725708e-02
6.500330567359924316e-01
1.162948980927467346e-01
2.906210422515869141e-01
2.908242046833038330e-01
2.813345789909362793e-01
4.795859009027481079e-02
1.373766958713531494e-01
3.073787093162536621e-01
3.241927623748779297e-01
7.808746099472045898e-01
1.553886830806732178e-01
6.957100331783294678e-02
2.342897653579711914e-01
1.016075313091278076e-01
1.459898501634597778e-01
6.047708392143249512e-01
1.200071871280670166e-01
4.505398273468017578e-01
6.475180387496948242e-01
3.650981187820434570e-01
1.608965694904327393e-01
2.635707557201385498e-01
8.209746479988098145e-01
3.811925351619720459e-01
2.854632586240768433e-02
7.710185050964355469e-01
1.166144311428070068e-01
3.716416284441947937e-02
1.329962015151977539e-01
6.672273278236389160e-01
6.186677515506744385e-02
2.834651172161102295e-01
3.407347798347473145e-01
4.685384035110473633e-02
5.339679121971130371e-01
5.711743235588073730e-02
4.112445712089538574e-01
3.775826841592788696e-02
4.549907520413398743e-02
3.281986117362976074e-01
2.359001636505126953e-01
5.988852977752685547e-01
5.499492958188056946e-02
1.239487007260322571e-01
1.931549608707427979e-01
1.286927461624145508e-01
3.624244332313537598e-01
6.617356538772583008e-01
7.205724716186523438e-01
3.414405882358551025e-01
2.856616117060184479e-02
6.237089633941650391e-02
5.781056880950927734e-01
7.688123732805252075e-02
5.564592033624649048e-02
4.907513782382011414e-02
5.967480689287185669e-02
7.369058132171630859e-01
2.592069208621978760e-01
1.015603095293045044e-01
2.308701872825622559e-01
5.653744935989379883e-01
1.460484117269515991e-01
7.791696190834045410e-01
1.092788502573966980e-01
4.227606654167175293e-01
5.751395225524902344e-01
5.448448061943054199e-01
6.805555522441864014e-02
1.029590740799903870e-01
7.337722182273864746e-02
2.785513177514076233e-02
9.236203134059906006e-02
8.117250800132751465e-01
1.158109009265899658e-01
4.840339124202728271e-01
1.978880316019058228e-01
3.827563822269439697e-01
4.205699861049652100e-01
1.042139232158660889e-01
7.535567879676818848e-01
1.166943535208702087e-01
4.887884482741355896e-02
4.537401348352432251e-02
9.068022668361663818e-02
1.127914413809776306e-01
1.191298291087150574e-01
3.768763244152069092e-01
2.440696358680725098e-01
3.263703584671020508e-01
1.807318031787872314e-01
7.125952839851379395e-02
5.813583731651306152e-01
1.113888993859291077e-01
2.526974119246006012e-02
6.046565175056457520e-01
5.987108349800109863e-01
4.132113158702850342e-01
5.107598304748535156e-01
4.731886982917785645e-01
6.109905242919921875e-01
6.078492403030395508e-01
3.853923976421356201e-01
3.423693776130676270e-02
4.055115580558776855e-02
2.278878688812255859e-01
1.485653668642044067e-01
3.046193346381187439e-02
1.168103739619255066e-01
8.045056462287902832e-02
8.775337934494018555e-01
8.489158749580383301e-01
1.816790699958801270e-01
3.021011687815189362e-02
6.412854790687561035e-02
1.402319371700286865e-01
2.852729558944702148e-01
6.599767804145812988e-01
2.975590899586677551e-02
4.986029565334320068e-01
4.764576554298400879e-01
1.688470840454101562e-01
1.677865833044052124e-01
5.226965621113777161e-02
4.006146788597106934e-01
8.314737081527709961e-01
5.006648302078247070e-01
6.674219965934753418e-01
5.082676187157630920e-02
6.081552505493164062e-01
1.896372139453887939e-01
3.938228487968444824e-01
2.206776291131973267e-01
7.646392583847045898e-01
5.118601322174072266e-01
6.555022597312927246e-01
5.307153463363647461e-01
8.206165432929992676e-01
3.150405585765838623e-01
3.039194345474243164e-01
4.908740147948265076e-02
7.916661351919174194e-02
1.405687481164932251e-01
1.313462555408477783e-01
6.210121512413024902e-01
5.295921862125396729e-02
5.967485308647155762e-01
3.870706856250762939e-01
5.054012537002563477e-01
3.399064019322395325e-02
3.711660951375961304e-02
6.507950276136398315e-02
4.903532266616821289e-01
5.612859725952148438e-01
5.289549008011817932e-02
8.317517638206481934e-01
1.923968195915222168e-01
4.081036448478698730e-01
6.753055006265640259e-02
6.405647099018096924e-02
7.937562465667724609e-02
4.642902016639709473e-01
6.311231255531311035e-01
5.804688334465026855e-01
5.749007463455200195e-01
3.447485566139221191e-01
2.520602010190486908e-02
5.544312000274658203e-01
6.321294307708740234e-01
6.048809885978698730e-01
8.066477179527282715e-01
2.729285880923271179e-02
1.876315325498580933e-01
7.340322136878967285e-01
5.086973309516906738e-02
5.346038341522216797e-01
2.879283726215362549e-01
1.128278970718383789e-01
2.816191315650939941e-01
3.559130802750587463e-02
3.260624408721923828e-01
6.416060924530029297e-01
2.611410915851593018e-01
3.332881033420562744e-01
4.412158727645874023e-01
5.652836561203002930e-01
7.356031984090805054e-02
3.519573509693145752e-01
5.354790389537811279e-02
2.271731346845626831e-01
7.049614787101745605e-01
7.016521692276000977e-02
5.519362092018127441e-01
1.652768403291702271e-01
5.428002402186393738e-02
6.184874176979064941e-01
8.685992658138275146e-02
6.081805229187011719e-01
1.718462258577346802e-01
4.588701128959655762e-01
1.799897700548171997e-01
7.586630582809448242e-01
2.145059257745742798e-01
4.614472016692161560e-02
4.961219131946563721e-01
6.416844576597213745e-02
2.302534878253936768e-01
4.241768419742584229e-01
7.918773591518402100e-02
2.718078792095184326e-01
3.976764976978302002e-01
3.856395184993743896e-01
2.567392885684967041e-01
3.746848404407501221e-01
8.532578349113464355e-01
5.702253580093383789e-01
4.963158965110778809e-01
2.205339372158050537e-01
6.617826223373413086e-01
4.744955599308013916e-01
6.533142328262329102e-01
1.233337223529815674e-01
6.936963647603988647e-02
7.119215130805969238e-01
4.163940623402595520e-02
2.736513018608093262e-01
6.295083761215209961e-01
5.162730813026428223e-02
7.438156008720397949e-01
1.720390766859054565e-01
2.757470905780792236e-01
2.348458170890808105e-01
8.396553397178649902e-01
6.447709798812866211e-01
1.076113060116767883e-01
5.480800271034240723e-01
7.137726545333862305e-01
5.190343260765075684e-01
1.515853684395551682e-02
4.096782580018043518e-02
2.180082798004150391e-01
4.646092951297760010e-01
1.295447945594787598e-01
7.742099463939666748e-02
3.906316757202148438e-01
7.813882827758789062e-02
6.412477493286132812e-01
4.486258327960968018e-02
8.277811408042907715e-01
4.313577339053153992e-02
4.466542303562164307e-01
4.355477690696716309e-01
7.811235636472702026e-02
6.437767148017883301e-01
2.393069416284561157e-01
4.731886982917785645e-01
6.533288359642028809e-01
8.071982860565185547e-01
4.439724981784820557e-01
6.924334764480590820e-01
7.523857057094573975e-02
7.042552828788757324e-01
6.410456299781799316e-01
5.192527770996093750e-01
6.183995679020881653e-02
9.744341671466827393e-02
2.975719980895519257e-02
1.330506056547164917e-01
3.246307075023651123e-01
8.317517638206481934e-01
1.295449584722518921e-01
3.911703824996948242e-01
5.143214389681816101e-02
3.959018588066101074e-01
5.104539394378662109e-01
4.601978957653045654e-01
6.990269422531127930e-01
5.809004306793212891e-01
5.877174735069274902e-01
3.717945814132690430e-01
4.970305860042572021e-01
4.996989369392395020e-01
6.951556205749511719e-01
5.171141400933265686e-02
1.093857660889625549e-01
9.203799068927764893e-02
1.776419132947921753e-01
1.005615517497062683e-01
4.433631300926208496e-01
6.950538754463195801e-01
1.165562048554420471e-01
1.321708559989929199e-01
3.781660273671150208e-02
1.511338651180267334e-01
6.515687108039855957e-01
5.173283442854881287e-02
2.974854409694671631e-02
3.311629891395568848e-01
1.420841366052627563e-01
4.538260102272033691e-01
6.771056056022644043e-01
6.846173405647277832e-01
1.538883000612258911e-01
2.130891680717468262e-01
1.360354870557785034e-01
3.236761689186096191e-01
7.890099883079528809e-01
4.810191690921783447e-01
6.097224354743957520e-01
1.595731675624847412e-01
3.904993832111358643e-01
9.865877032279968262e-02
6.865369677543640137e-01
9.552742540836334229e-02
2.557538449764251709e-01
7.081207633018493652e-01
6.059815362095832825e-02
2.133154720067977905e-01
2.114875465631484985e-01
3.783211112022399902e-01
5.341699123382568359e-01
1.640737056732177734e-01
3.870706856250762939e-01
5.233703851699829102e-01
8.167837262153625488e-01
5.869723111391067505e-02
7.391278147697448730e-01
3.987360298633575439e-01
2.820987999439239502e-01
8.097779750823974609e-01
1.849874109029769897e-01
1.619652956724166870e-01
5.541157722473144531e-01
6.626605391502380371e-01
5.546725168824195862e-02
7.470677495002746582e-01
7.446694970130920410e-01
5.235248431563377380e-02
9.504263848066329956e-02
8.669460564851760864e-02
5.881139039993286133e-01
5.584895610809326172e-01
1.782169044017791748e-01
5.586996674537658691e-02
5.915148258209228516e-01
1.349114477634429932e-01
2.572187185287475586e-01
2.426677644252777100e-01
3.325951099395751953e-02
3.032570183277130127e-01
6.071540713310241699e-01
8.423651456832885742e-01
1.115929707884788513e-01
5.881157517433166504e-01
4.374197125434875488e-01
2.624082267284393311e-01
1.491833031177520752e-01
1.922350376844406128e-01
8.795241266489028931e-02
3.716471195220947266e-01
2.274805158376693726e-01
6.174088642001152039e-02
1.989668756723403931e-01
8.915416151285171509e-02
7.195718586444854736e-02
7.323057055473327637e-01
1.775086075067520142e-01
8.350600004196166992e-01
4.177334904670715332e-01
2.840679585933685303e-01
4.357477724552154541e-01
6.831523180007934570e-01
2.337787300348281860e-02
7.050851583480834961e-01
2.582012116909027100e-01
7.642608880996704102e-02
1.048762574791908264e-01
8.487031608819961548e-02
3.699529543519020081e-02
5.845608562231063843e-02
6.911154836416244507e-02
5.572662949562072754e-01
4.645493626594543457e-02
5.104822665452957153e-02
4.097944125533103943e-02
8.372023105621337891e-01
1.328136920928955078e-01
5.085281655192375183e-02
7.372824847698211670e-02
1.608992815017700195e-01
1.063121631741523743e-01
2.821138799190521240e-01
6.597236394882202148e-01
1.299626380205154419e-01
2.344689816236495972e-01
2.983487397432327271e-02
3.220308944582939148e-02
3.764133527874946594e-02
6.029556393623352051e-01
5.309247374534606934e-01
1.718807071447372437e-01
1.318109333515167236e-01
7.369477152824401855e-01
4.851483106613159180e-01
1.194686368107795715e-01
8.378757536411285400e-02
4.380275607109069824e-01
6.865661144256591797e-01
5.254850983619689941e-01
7.854619622230529785e-01
5.260173082351684570e-01
1.034891307353973389e-01
8.067666292190551758e-01
2.004304379224777222e-01
5.808589458465576172e-01
7.838923931121826172e-01
3.133862018585205078e-01
2.367260307073593140e-02
5.683128833770751953e-01
8.114323019981384277e-02
1.017302796244621277e-01
5.792951583862304688e-02
1.955338567495346069e-01
7.493164539337158203e-01
4.760909378528594971e-01
3.072748482227325439e-01
3.428931906819343567e-02
5.525314807891845703e-01
8.184102922677993774e-02
5.100392699241638184e-01
7.000480890274047852e-01
1.613263338804244995e-01
2.695351839065551758e-01
7.215073704719543457e-02
1.413516849279403687e-01
1.081415787339210510e-01
6.152505874633789062e-01
4.000284671783447266e-01
4.203529953956604004e-01
2.852466702461242676e-01
3.234933912754058838e-01
3.179085254669189453e-01
7.701521515846252441e-01
7.909842729568481445e-01
4.912213087081909180e-01
6.270878016948699951e-02
5.622651800513267517e-02
6.333174109458923340e-01
4.981757700443267822e-02
4.968773126602172852e-01
1.398179382085800171e-01
7.278482913970947266e-01
6.463627517223358154e-02
7.314541935920715332e-01
2.636715769767761230e-01
8.382140845060348511e-02
7.151297479867935181e-02
8.400340676307678223e-01
6.373757719993591309e-01
8.558975905179977417e-02
9.962877631187438965e-02
2.194094359874725342e-01
7.365510463714599609e-01
2.419182285666465759e-02
6.368093490600585938e-01
7.313974499702453613e-01
3.080236613750457764e-01
2.716265022754669189e-01
5.447465553879737854e-02
2.202636748552322388e-01
5.466159582138061523e-01
6.671363115310668945e-02
8.494037389755249023e-02
5.192664861679077148e-01
5.385015606880187988e-01
7.338463664054870605e-01
5.284602046012878418e-01
8.096238374710083008e-01
6.787996292114257812e-01
7.508952170610427856e-02
4.891479909420013428e-01
7.869834303855895996e-01
7.064419984817504883e-01
5.523630976676940918e-01
1.071514040231704712e-01
2.565009891986846924e-01
3.595975339412689209e-01
5.734978318214416504e-01
7.404760718345642090e-01
2.180290222167968750e-01
3.649073094129562378e-02
3.452501595020294189e-01
5.008852481842041016e-02
1.147596985101699829e-01
6.371585279703140259e-02
3.471999168395996094e-01
6.417945623397827148e-01
3.889154791831970215e-01
3.092156536877155304e-02
6.182914227247238159e-02
7.244349718093872070e-01
2.397325485944747925e-01
5.054425597190856934e-01
5.467294901609420776e-02
2.858247458934783936e-01
3.268055915832519531e-01
3.377040624618530273e-01
6.184872984886169434e-01
6.779432892799377441e-01
2.079577147960662842e-01
1.781744062900543213e-01
4.399481713771820068e-01
9.284731745719909668e-02
3.295492008328437805e-02
4.818063378334045410e-01
2.134043276309967041e-01
5.232986062765121460e-02
4.803623631596565247e-02
1.556845754384994507e-01
7.054429650306701660e-01
2.677381634712219238e-01
3.623913973569869995e-02
3.064515888690948486e-01
6.931522488594055176e-01
6.866894662380218506e-02
7.443884015083312988e-01
7.170773744583129883e-01
1.611265093088150024e-01
3.286286070942878723e-02
7.606598138809204102e-01
4.429416656494140625e-01
4.385803043842315674e-01
4.724341034889221191e-01
6.865369677543640137e-01
3.669488057494163513e-02
6.216889619827270508e-01
5.036796927452087402e-01
1.556828767061233521e-01
5.919017791748046875e-01
2.508701980113983154e-01
5.087610334157943726e-02
3.551848828792572021e-01
1.852603852748870850e-01
7.661660313606262207e-01
3.672429919242858887e-02
2.909875512123107910e-01
3.058311156928539276e-02
6.779295206069946289e-01
6.078460440039634705e-02
3.601846694946289062e-01
4.058719798922538757e-02
2.052500247955322266e-01
3.465207219123840332e-01
2.833073735237121582e-01
6.137353181838989258e-01
3.208941221237182617e-02
5.495291352272033691e-01
2.072608619928359985e-01
1.402489095926284790e-01
7.452561855316162109e-01
7.937423139810562134e-02
7.342802286148071289e-01
3.346687853336334229e-01
1.253362298011779785e-01
1.612240076065063477e-01
7.193843275308609009e-02
1.061574891209602356e-01
7.112817764282226562e-01
3.215251117944717407e-02
3.776052594184875488e-01
2.732978463172912598e-01
1.114752367138862610e-01
4.790032207965850830e-01
3.081642650067806244e-02
3.194963037967681885e-01
1.440301537513732910e-01
5.977742671966552734e-01
1.701721251010894775e-01
5.309247374534606934e-01
3.403263092041015625e-01
6.259350478649139404e-02
4.936670064926147461e-01
3.028704822063446045e-01
4.772282391786575317e-02
1.316284239292144775e-01
5.495291352272033691e-01
2.175397723913192749e-01
5.399255752563476562e-01
3.955685496330261230e-01
3.295274451375007629e-02
1.188641712069511414e-01
8.206165432929992676e-01
3.235756754875183105e-01
7.708675265312194824e-01
7.718578726053237915e-02
4.192792773246765137e-01
4.665212333202362061e-01
3.412493690848350525e-02
3.662842139601707458e-02
5.007754564285278320e-01
6.936110258102416992e-01
2.133816480636596680e-01
1.000129655003547668e-01
5.507787466049194336e-01
7.559711933135986328e-01
6.994926929473876953e-01
1.129266247153282166e-01
7.889189124107360840e-01
4.390795528888702393e-01
2.267634570598602295e-01
8.633633702993392944e-02
4.143285751342773438e-01
3.084056377410888672e-01
3.868833780288696289e-01
1.308822184801101685e-01
3.484096005558967590e-02
9.396856278181076050e-02
6.077014654874801636e-02
2.086823880672454834e-01
4.612910374999046326e-02
4.349427223205566406e-01
2.210859209299087524e-01
1.429315358400344849e-01
1.390374451875686646e-01
7.937397807836532593e-02
5.325043201446533203e-01
2.345570176839828491e-01
4.107894301414489746e-01
3.380919098854064941e-01
4.555000364780426025e-01
2.816216349601745605e-01
3.313777744770050049e-01
3.043460100889205933e-02
3.391606360673904419e-02
2.073466032743453979e-01
7.998119592666625977e-01
9.850418567657470703e-02
4.070156216621398926e-01
7.604920864105224609e-02
3.690860792994499207e-02
2.291229665279388428e-01
6.512537598609924316e-01
5.642144083976745605e-01
2.844654954969882965e-02
6.471137404441833496e-01
7.288106679916381836e-01
1.007988154888153076e-01
3.699583187699317932e-02
4.330560863018035889e-01
4.389369189739227295e-01
4.022005572915077209e-02
1.318567246198654175e-01
3.939262330532073975e-01
4.471914470195770264e-02
3.419775962829589844e-01
2.139365077018737793e-01
2.890840172767639160e-01
6.016774177551269531e-01
9.229991585016250610e-02
3.345631062984466553e-02
3.531672805547714233e-02
3.094410710036754608e-02
7.327041625976562500e-01
1.399565786123275757e-01
1.023716703057289124e-01
1.054920107126235962e-01
3.986546695232391357e-01
7.789279222488403320e-01
6.724554300308227539e-01
7.109358906745910645e-02
6.745217740535736084e-02
4.476150572299957275e-01
5.504326149821281433e-02
5.634928494691848755e-02
4.341976344585418701e-01
3.119547367095947266e-01
8.409991264343261719e-01
3.132073581218719482e-02
3.156431913375854492e-01
1.567716300487518311e-01
6.929962038993835449e-01
2.396778017282485962e-01
6.063056588172912598e-01
6.235703825950622559e-02
1.965927630662918091e-01
7.301849722862243652e-01
1.273327022790908813e-01
4.222774878144264221e-02
2.865661084651947021e-01
1.602456569671630859e-01
6.034323945641517639e-02
7.478738427162170410e-01
6.731784939765930176e-01
1.687425971031188965e-01
2.382123023271560669e-01
2.770021855831146240e-01
4.216137155890464783e-02
5.835325270891189575e-02
2.661516889929771423e-02
1.979436129331588745e-01
8.077366948127746582e-01
8.948206305503845215e-01
8.649497479200363159e-02
5.751669034361839294e-02
2.180457711219787598e-01
9.200410544872283936e-02
2.056468874216079712e-01
3.738636076450347900e-01
5.727275013923645020e-01
5.980502068996429443e-02
3.187539577484130859e-01
6.091687083244323730e-01
1.975332200527191162e-01
1.197902411222457886e-01
4.490246772766113281e-01
6.234799697995185852e-02
6.434481590986251831e-02
1.374275535345077515e-01
7.378927469253540039e-01
1.032188236713409424e-01
6.529223918914794922e-01
4.702699780464172363e-01
7.243134379386901855e-01
6.930689811706542969e-01
4.798994660377502441e-01
4.380150884389877319e-02
1.431552767753601074e-01
7.223709225654602051e-01
1.549220234155654907e-01
6.648998707532882690e-02
4.467158615589141846e-01
2.845053076744079590e-01
5.855430662631988525e-02
3.985447436571121216e-02
2.159371674060821533e-01
7.153112292289733887e-01
3.989595174789428711e-02
4.367506504058837891e-02
2.214217185974121094e-01
8.477395027875900269e-02
1.495851576328277588e-01
2.109354138374328613e-01
3.181772530078887939e-01
1.947642266750335693e-01
5.397614464163780212e-02
3.946655988693237305e-01
6.988843083381652832e-01
1.160867884755134583e-01
5.723144486546516418e-02
4.649381339550018311e-02
7.066422104835510254e-01
7.654199004173278809e-02
2.252596020698547363e-01
2.382802367210388184e-01
3.673501312732696533e-01
6.649453043937683105e-01
4.530146420001983643e-01
7.368373870849609375e-02
9.551024436950683594e-02
1.774729937314987183e-01
2.466186136007308960e-01
7.805345654487609863e-01
5.029948949813842773e-01
3.940793871879577637e-01
6.931847929954528809e-01
2.374932169914245605e-01
5.792323350906372070e-01
2.565009891986846924e-01
4.504795670509338379e-01
1.473392248153686523e-01
2.816075272858142853e-02
1.307374536991119385e-01
6.067434549331665039e-01
1.698507070541381836e-01
6.015015244483947754e-01
4.997798502445220947e-01
1.514217853546142578e-01
2.490656822919845581e-01
1.030298471450805664e-01
4.569687694311141968e-02
3.413957655429840088e-01
7.729561328887939453e-01
5.139911547303199768e-02
6.759990006685256958e-02
6.638880372047424316e-01
3.470985218882560730e-02
1.900138258934020996e-01
5.016152858734130859e-01
3.178832232952117920e-01
7.129393517971038818e-02
2.472497373819351196e-01
4.571155831217765808e-02
6.048937141895294189e-02
7.391918897628784180e-01
6.440059840679168701e-02
5.050016641616821289e-01
6.143422126770019531e-01
5.210163593292236328e-01
1.438929736614227295e-01
8.427378535270690918e-02
3.151889890432357788e-02
7.700918912887573242e-01
7.841866016387939453e-01
4.828240349888801575e-02
8.800536394119262695e-02
1.612889468669891357e-01
5.075652524828910828e-02
3.911242783069610596e-01
6.715701818466186523e-01
5.263389945030212402e-01
4.763215184211730957e-01
6.461057066917419434e-01
1.615837812423706055e-01
7.024716585874557495e-02
7.011079788208007812e-02
6.245767474174499512e-01
7.781779021024703979e-02
2.019824981689453125e-01
2.526850067079067230e-02
2.637268304824829102e-01
5.368889495730400085e-02
6.777686476707458496e-01
4.029691517353057861e-01
2.130533605813980103e-01
5.108009278774261475e-02
9.458802640438079834e-02
4.924941658973693848e-01
4.657218977808952332e-02
3.846937045454978943e-02
4.603814333677291870e-02
4.178925156593322754e-01
7.272087037563323975e-02
5.084117054939270020e-01
5.741319656372070312e-01
2.226069420576095581e-01
1.039537340402603149e-01
3.350905179977416992e-01
1.510094106197357178e-01
2.410890609025955200e-01
3.579577431082725525e-02
2.470015734434127808e-01
3.297093138098716736e-02
5.304023623466491699e-01
3.418361246585845947e-01
2.211311906576156616e-01
1.415414512157440186e-01
1.505443304777145386e-01
5.017024874687194824e-01
4.631711915135383606e-02
7.215940952301025391e-01
3.362895846366882324e-01
8.490599393844604492e-01
5.655096173286437988e-01
1.203487738966941833e-01
1.309313029050827026e-01
3.619316518306732178e-01
7.331353425979614258e-02
5.813474655151367188e-01
3.696566522121429443e-01
2.816880941390991211e-01
4.378888756036758423e-02
2.512827515602111816e-01
4.201240092515945435e-02
7.740617394447326660e-01
1.276924014091491699e-01
7.673822641372680664e-01
4.095064997673034668e-01
3.983607515692710876e-02
8.042991161346435547e-01
8.390896916389465332e-01
6.401970982551574707e-02
6.973083019256591797e-01
4.018757119774818420e-02
6.194147467613220215e-02
1.870948635041713715e-02
1.301637440919876099e-01
2.936799526214599609e-01
1.455386877059936523e-01
2.631751000881195068e-01
4.099576547741889954e-02
5.389136672019958496e-01
4.208649694919586182e-01
5.977742671966552734e-01
6.294507980346679688e-01
6.838987469673156738e-01
3.133512437343597412e-01
5.429179593920707703e-02
6.326436996459960938e-02
3.605466187000274658e-01
4.128162562847137451e-01
3.332881033420562744e-01
7.806092500686645508e-01
5.306570976972579956e-02
4.187035262584686279e-01
4.227850437164306641e-01
6.684806346893310547e-01
2.258338592946529388e-02
6.265777349472045898e-02
8.327118754386901855e-01
1.158716678619384766e-01
5.619875788688659668e-01
2.617354393005371094e-01
4.447524249553680420e-01
2.816530689597129822e-02
5.852516293525695801e-01
6.857661008834838867e-01
2.535165548324584961e-01
4.763100147247314453e-01
3.602229803800582886e-02
1.563389748334884644e-01
4.777891337871551514e-01
9.285927563905715942e-02
1.675967127084732056e-01
2.274710126221179962e-02
4.101199284195899963e-02
4.928328469395637512e-02
2.538718283176422119e-01
9.048551321029663086e-02
4.300921261310577393e-01
1.408866345882415771e-01
1.319380849599838257e-01
3.263019919395446777e-01
5.148230791091918945e-01
1.073464304208755493e-01
6.797945499420166016e-02
2.842883467674255371e-01
9.929299354553222656e-02
3.638610541820526123e-01
1.256792843341827393e-01
7.296820878982543945e-01
2.961984649300575256e-02
8.377106785774230957e-01
6.748287081718444824e-01
4.278136789798736572e-01
5.516894459724426270e-01
1.693816632032394409e-01
4.042045772075653076e-01
3.309651017189025879e-01
5.762979015707969666e-02
9.064736217260360718e-02
5.702981725335121155e-02
5.840293169021606445e-01
3.637534379959106445e-01
7.177018374204635620e-02
1.981603503227233887e-01
6.370229721069335938e-01
1.152624040842056274e-01
1.392557173967361450e-01
2.593187689781188965e-01
1.141539290547370911e-01
2.407785505056381226e-01
3.761701285839080811e-02
6.950328946113586426e-01
6.110671758651733398e-01
1.504331678152084351e-01
1.664844453334808350e-01
7.549235820770263672e-01
9.853656589984893799e-02
1.641461849212646484e-01
1.301104128360748291e-01
6.366378068923950195e-02
2.076218836009502411e-02
5.072060972452163696e-02
5.095661431550979614e-02
3.858876600861549377e-02
5.399972796440124512e-01
1.558446288108825684e-01
5.626711249351501465e-01
6.858140230178833008e-02
7.267604470252990723e-01
7.542161941528320312e-01
5.664426460862159729e-02
1.261606663465499878e-01
4.132113158702850342e-01
5.360257625579833984e-01
4.414595961570739746e-01
4.252521097660064697e-01
1.768631637096405029e-01
5.933429002761840820e-01
3.070463538169860840e-01
7.081043720245361328e-01
6.125951185822486877e-02
1.329118907451629639e-01
1.418645232915878296e-01
6.093686819076538086e-01
5.701074600219726562e-01
2.201830781996250153e-02
4.598272442817687988e-01
4.197587817907333374e-02
1.062966212630271912e-01
1.108265295624732971e-01
8.948504179716110229e-02
1.530986428260803223e-01
2.256794422864913940e-01
9.444988518953323364e-02
1.868167966604232788e-01
7.526655197143554688e-01
2.104693502187728882e-01
1.422070860862731934e-01
6.529746055603027344e-01
8.506636023521423340e-01
6.930934190750122070e-01
6.146678328514099121e-01
8.810012787580490112e-02
1.622111797332763672e-01
4.116271138191223145e-01
7.943247556686401367e-01
7.244881987571716309e-01
4.305276870727539062e-01
6.376245617866516113e-01
6.479911208152770996e-01
3.276408836245536804e-02
5.132005810737609863e-01
5.466691777110099792e-02
3.457605093717575073e-02
1.020318120718002319e-01
4.726818576455116272e-02
1.589404791593551636e-01
3.017860092222690582e-02
9.514550864696502686e-02
4.896588325500488281e-01
2.843949794769287109e-01
2.734399214386940002e-02
7.582752704620361328e-01
2.593645453453063965e-01
4.152082204818725586e-01
6.453887820243835449e-01
6.868942379951477051e-01
3.805674016475677490e-01
5.830450057983398438e-01
7.898135185241699219e-01
1.747298687696456909e-01
7.761043906211853027e-01
4.379963576793670654e-01
6.145946383476257324e-01
5.303260311484336853e-02
6.262972354888916016e-01
3.327255547046661377e-01
1.092663407325744629e-01
1.741342246532440186e-01
3.286699950695037842e-01
5.181169509887695312e-01
2.077083289623260498e-01
1.412243694067001343e-01
5.413402318954467773e-01
5.400473475456237793e-01
7.602487206459045410e-01
2.644140124320983887e-01
5.107539892196655273e-01
3.570252954959869385e-01
5.151397362351417542e-02
1.986983865499496460e-01
1.176273971796035767e-01
5.200836062431335449e-02
7.607340216636657715e-01
2.291193157434463501e-01
6.790121793746948242e-01
5.262169837951660156e-01
4.584191739559173584e-01
6.437894701957702637e-01
1.599776446819305420e-01
5.491213127970695496e-02
1.269876956939697266e-01
4.398891925811767578e-01
4.416278004646301270e-01
5.783756077289581299e-02
6.950621008872985840e-01
1.027023866772651672e-01
5.952165648341178894e-02
9.423120319843292236e-02
7.326036691665649414e-01
1.537808626890182495e-01
5.680697783827781677e-02
8.418001979589462280e-02
7.255005240440368652e-01
2.209959328174591064e-01
1.456334590911865234e-01
1.595158576965332031e-01
7.223637700080871582e-01
7.593926787376403809e-01
2.374102920293807983e-02
8.299739956855773926e-01
5.206147432327270508e-01
4.368371367454528809e-01
2.889262512326240540e-02
1.143785789608955383e-01
5.714122056961059570e-01
1.444682031869888306e-01
4.942377805709838867e-01
4.245400428771972656e-02
2.947528660297393799e-01
2.601425945758819580e-01
4.490337967872619629e-01
6.647035479545593262e-01
2.358393073081970215e-01
2.243390977382659912e-01
1.182572990655899048e-01
5.273476615548133850e-02
1.013869494199752808e-01
4.365178942680358887e-01
5.292748808860778809e-01
1.091675683856010437e-01
4.350194036960601807e-01
8.008352667093276978e-02
2.607187628746032715e-01
2.520534992218017578e-01
2.722538411617279053e-01
3.019390404224395752e-01
1.203116849064826965e-01
3.000716567039489746e-01
1.528381109237670898e-01
1.061590239405632019e-01
1.977110207080841064e-01
2.467879951000213623e-01
4.632821977138519287e-01
1.347787678241729736e-01
6.563711166381835938e-02
3.511852025985717773e-01
2.764764726161956787e-01
1.415695548057556152e-01
1.057787761092185974e-01
1.621492952108383179e-01
5.495291352272033691e-01
1.655574440956115723e-01
3.687652945518493652e-02
5.089394450187683105e-01
3.420645743608474731e-02
4.683322831988334656e-02
4.152161180973052979e-01
