7.251766324043273926e-01
7.238624095916748047e-01
7.006358504295349121e-01
6.862776875495910645e-01
6.983725428581237793e-01
7.151906490325927734e-01
6.868834495544433594e-01
7.204268574714660645e-01
5.920457243919372559e-01
7.088395953178405762e-01
7.007326483726501465e-01
7.131530046463012695e-01
7.017179727554321289e-01
7.145011425018310547e-01
7.166077494621276855e-01
7.190183997154235840e-01
7.251041531562805176e-01
7.175526022911071777e-01
7.088701128959655762e-01
7.257786989212036133e-01
7.270776033401489258e-01
7.174776196479797363e-01
6.578329801559448242e-01
7.262030243873596191e-01
7.088465690612792969e-01
7.187250256538391113e-01
7.094839811325073242e-01
7.130607366561889648e-01
6.846770644187927246e-01
7.240704298019409180e-01
6.911688446998596191e-01
7.122396230697631836e-01
7.252851724624633789e-01
7.092762589454650879e-01
7.244272828102111816e-01
7.205485701560974121e-01
7.263481020927429199e-01
7.211111187934875488e-01
6.673497557640075684e-01
6.900907754898071289e-01
7.167161107063293457e-01
4.116388857364654541e-01
7.090264558792114258e-01
7.066993713378906250e-01
7.162141203880310059e-01
6.631603837013244629e-01
6.230131983757019043e-01
7.091014385223388672e-01
6.648851037025451660e-01
6.564568877220153809e-01
7.125130295753479004e-01
5.851297378540039062e-01
7.007426619529724121e-01
6.369447112083435059e-01
6.945267319679260254e-01
6.811679005622863770e-01
7.043085098266601562e-01
5.617326498031616211e-01
6.819712519645690918e-01
7.192858457565307617e-01
7.232257127761840820e-01
7.169240713119506836e-01
7.137917280197143555e-01
7.234046459197998047e-01
7.022181749343872070e-01
7.156442999839782715e-01
7.184515595436096191e-01
7.237056493759155273e-01
7.044754624366760254e-01
7.253842949867248535e-01
7.096229791641235352e-01
6.738768815994262695e-01
7.157333493232727051e-01
7.058138847351074219e-01
4.406380355358123779e-01
7.194259166717529297e-01
7.192623019218444824e-01
7.143139839172363281e-01
7.245646119117736816e-01
6.981857419013977051e-01
7.013394832611083984e-01
7.266973853111267090e-01
6.635179519653320312e-01
7.251095771789550781e-01
7.061055898666381836e-01
7.141952514648437500e-01
6.968168020248413086e-01
7.026175260543823242e-01
7.227408885955810547e-01
6.966682672500610352e-01
7.112448811531066895e-01
7.182384133338928223e-01
7.082225084304809570e-01
7.235691547393798828e-01
5.956773757934570312e-01
6.918235421180725098e-01
6.488057374954223633e-01
7.145715355873107910e-01
6.748915314674377441e-01
7.164798974990844727e-01
7.087305188179016113e-01
6.908976435661315918e-01
7.142087817192077637e-01
7.033130526542663574e-01
7.223070859909057617e-01
7.135052084922790527e-01
7.247729301452636719e-01
6.803631186485290527e-01
7.089654207229614258e-01
7.125903367996215820e-01
7.054126262664794922e-01
7.223626375198364258e-01
6.865426898002624512e-01
7.015081644058227539e-01
7.161650061607360840e-01
7.079482078552246094e-01
7.214556932449340820e-01
7.269332408905029297e-01
7.006478905677795410e-01
6.521824598312377930e-01
7.131280303001403809e-01
5.767263174057006836e-01
7.057833671569824219e-01
7.225318551063537598e-01
6.997471451759338379e-01
6.181060671806335449e-01
7.123678326606750488e-01
6.535615921020507812e-01
7.024741768836975098e-01
7.127868533134460449e-01
7.139975428581237793e-01
7.015243768692016602e-01
6.584165096282958984e-01
6.466212272644042969e-01
7.111212611198425293e-01
7.211301326751708984e-01
7.253882288932800293e-01
7.244219779968261719e-01
7.069468498229980469e-01
7.239902019500732422e-01
7.224650979042053223e-01
7.172907590866088867e-01
4.485239088535308838e-01
7.203166484832763672e-01
7.113117575645446777e-01
7.129177451133728027e-01
7.064585685729980469e-01
7.285971641540527344e-01
7.214797139167785645e-01
7.140548229217529297e-01
7.226909399032592773e-01
7.106036543846130371e-01
6.766088008880615234e-01
7.104941606521606445e-01
6.952612400054931641e-01
6.777540445327758789e-01
7.161745429039001465e-01
7.163646221160888672e-01
4.755949378013610840e-01
6.938432455062866211e-01
7.165705561637878418e-01
7.254726290702819824e-01
7.207929491996765137e-01
6.258528232574462891e-01
7.270954847335815430e-01
7.235035300254821777e-01
5.259422063827514648e-01
7.132383584976196289e-01
7.245180606842041016e-01
7.098949551582336426e-01
7.229833602905273438e-01
6.221624016761779785e-01
5.481706857681274414e-01
5.184517502784729004e-01
7.161195874214172363e-01
7.027627825736999512e-01
7.221369147300720215e-01
7.117695212364196777e-01
7.113172411918640137e-01
7.201299071311950684e-01
7.290914058685302734e-01
7.092170715332031250e-01
7.235381603240966797e-01
6.963768005371093750e-01
7.138215899467468262e-01
7.170308828353881836e-01
7.133419513702392578e-01
7.190929651260375977e-01
7.166526317596435547e-01
6.978453397750854492e-01
6.872943639755249023e-01
6.090418100357055664e-01
5.794005990028381348e-01
6.998000741004943848e-01
7.151130437850952148e-01
6.532492637634277344e-01
6.732458472251892090e-01
6.656639575958251953e-01
6.921560168266296387e-01
7.269356846809387207e-01
7.272819876670837402e-01
7.130185365676879883e-01
7.252568006515502930e-01
6.536760926246643066e-01
4.519975483417510986e-01
6.288524866104125977e-01
7.102484107017517090e-01
7.235630154609680176e-01
6.876161694526672363e-01
7.015187144279479980e-01
7.277969717979431152e-01
7.040778398513793945e-01
7.019317150115966797e-01
6.883288025856018066e-01
7.104088664054870605e-01
7.187326550483703613e-01
7.245987057685852051e-01
6.287303566932678223e-01
6.366302371025085449e-01
7.273412346839904785e-01
6.957725286483764648e-01
6.844870448112487793e-01
6.985129714012145996e-01
7.140424847602844238e-01
6.649048328399658203e-01
7.129333019256591797e-01
7.051809430122375488e-01
7.220914959907531738e-01
7.177091836929321289e-01
7.080525755882263184e-01
7.263426780700683594e-01
7.176652550697326660e-01
6.008287072181701660e-01
7.242765426635742188e-01
4.741826653480529785e-01
6.910136342048645020e-01
7.150009274482727051e-01
7.248960137367248535e-01
6.903891563415527344e-01
6.730376482009887695e-01
6.947997212409973145e-01
7.185171842575073242e-01
7.112221717834472656e-01
6.251351833343505859e-01
7.209045886993408203e-01
7.209094762802124023e-01
7.123447656631469727e-01
7.147704362869262695e-01
7.180421352386474609e-01
7.252100706100463867e-01
7.115747332572937012e-01
7.192653417587280273e-01
7.220144271850585938e-01
7.175673842430114746e-01
7.018292546272277832e-01
7.164933681488037109e-01
6.955426931381225586e-01
4.623292386531829834e-01
7.143025994300842285e-01
7.177950739860534668e-01
7.158274650573730469e-01
7.222452759742736816e-01
7.186514139175415039e-01
6.544283628463745117e-01
7.243704199790954590e-01
7.279317975044250488e-01
7.254589200019836426e-01
6.188833713531494141e-01
7.106517553329467773e-01
7.144755721092224121e-01
7.100358009338378906e-01
7.030197381973266602e-01
7.232192158699035645e-01
6.909977793693542480e-01
7.183430194854736328e-01
6.794072389602661133e-01
7.166089415550231934e-01
6.483989357948303223e-01
6.962394118309020996e-01
7.183114290237426758e-01
7.008776068687438965e-01
6.875057220458984375e-01
7.179445624351501465e-01
7.081294655799865723e-01
7.191718220710754395e-01
7.223161458969116211e-01
6.494094729423522949e-01
7.104603052139282227e-01
6.854705810546875000e-01
7.266891002655029297e-01
7.229272723197937012e-01
6.901928186416625977e-01
4.131947159767150879e-01
6.899140477180480957e-01
7.039715051651000977e-01
7.269018292427062988e-01
7.244846820831298828e-01
6.959616541862487793e-01
7.060673832893371582e-01
6.625866293907165527e-01
7.239425182342529297e-01
7.135203480720520020e-01
7.160523533821105957e-01
7.101541161537170410e-01
7.279588580131530762e-01
7.032943367958068848e-01
6.932385563850402832e-01
7.051110863685607910e-01
7.180826067924499512e-01
6.975961923599243164e-01
7.272443771362304688e-01
6.913510560989379883e-01
7.167514562606811523e-01
7.081081867218017578e-01
6.401538252830505371e-01
7.265875339508056641e-01
7.236414551734924316e-01
7.061052322387695312e-01
7.022263407707214355e-01
7.002194523811340332e-01
6.623901128768920898e-01
7.147721052169799805e-01
7.057785391807556152e-01
7.256695032119750977e-01
6.958687305450439453e-01
7.013099193572998047e-01
7.094289064407348633e-01
7.178404331207275391e-01
7.205992341041564941e-01
7.129886150360107422e-01
7.086319327354431152e-01
4.986550211906433105e-01
6.994872093200683594e-01
6.387992501258850098e-01
7.263084650039672852e-01
6.021314859390258789e-01
4.473065435886383057e-01
6.902403235435485840e-01
7.106447219848632812e-01
6.882442235946655273e-01
6.290534734725952148e-01
7.157501578330993652e-01
5.927548408508300781e-01
6.708791255950927734e-01
7.063166499137878418e-01
7.126961946487426758e-01
6.738747954368591309e-01
7.047085165977478027e-01
7.059401869773864746e-01
7.116044163703918457e-01
7.190929651260375977e-01
6.917535662651062012e-01
7.199999094009399414e-01
6.649294495582580566e-01
6.619231700897216797e-01
6.853185892105102539e-01
6.809537410736083984e-01
7.147444486618041992e-01
7.100986242294311523e-01
6.995710730552673340e-01
7.262852787971496582e-01
7.107401490211486816e-01
7.104586362838745117e-01
6.358411908149719238e-01
6.998360753059387207e-01
7.164940834045410156e-01
6.812041401863098145e-01
7.223396301269531250e-01
7.039424777030944824e-01
6.409302949905395508e-01
7.271885275840759277e-01
5.249099135398864746e-01
7.285734415054321289e-01
7.243953347206115723e-01
7.158845067024230957e-01
7.228821516036987305e-01
7.256677746772766113e-01
7.058314681053161621e-01
7.079573869705200195e-01
7.191311120986938477e-01
7.133231759071350098e-01
5.570805668830871582e-01
6.646117568016052246e-01
6.836491823196411133e-01
7.224536538124084473e-01
7.250248193740844727e-01
7.169456481933593750e-01
6.738823652267456055e-01
6.295925378799438477e-01
6.808920502662658691e-01
5.497134327888488770e-01
6.894269585609436035e-01
6.080402135848999023e-01
7.136975526809692383e-01
7.188215255737304688e-01
6.999693512916564941e-01
7.099657058715820312e-01
7.207725644111633301e-01
7.140432000160217285e-01
7.041259407997131348e-01
7.058225870132446289e-01
7.235894203186035156e-01
7.217192649841308594e-01
5.878529548645019531e-01
5.438589453697204590e-01
6.723683476448059082e-01
7.126904726028442383e-01
7.207190990447998047e-01
7.145556807518005371e-01
5.917692780494689941e-01
7.046496272087097168e-01
7.088239192962646484e-01
7.227498292922973633e-01
7.155877947807312012e-01
7.059724330902099609e-01
7.246431708335876465e-01
7.090554237365722656e-01
7.005066871643066406e-01
7.104743719100952148e-01
6.868337392807006836e-01
7.165349125862121582e-01
7.204503417015075684e-01
5.321014523506164551e-01
6.635547876358032227e-01
7.117143273353576660e-01
7.018888592720031738e-01
6.959501504898071289e-01
7.256217002868652344e-01
6.752265095710754395e-01
7.249637842178344727e-01
6.673955321311950684e-01
6.914383769035339355e-01
4.943091273307800293e-01
7.297453880310058594e-01
7.002919912338256836e-01
7.163286209106445312e-01
7.095096707344055176e-01
7.089449763298034668e-01
7.213752865791320801e-01
7.072721719741821289e-01
6.845554113388061523e-01
7.174705862998962402e-01
7.072264552116394043e-01
5.151308774948120117e-01
7.024765014648437500e-01
7.001431584358215332e-01
7.045644521713256836e-01
5.419268608093261719e-01
7.193434238433837891e-01
7.115026712417602539e-01
7.144187688827514648e-01
6.001413464546203613e-01
5.935282111167907715e-01
6.884829401969909668e-01
7.228896617889404297e-01
7.070636153221130371e-01
7.244508266448974609e-01
7.307232022285461426e-01
7.015744447708129883e-01
7.177891731262207031e-01
7.165201306343078613e-01
6.974225044250488281e-01
5.987871289253234863e-01
7.252357602119445801e-01
6.188642978668212891e-01
7.222303748130798340e-01
7.220209836959838867e-01
7.136709094047546387e-01
7.170851230621337891e-01
7.315852642059326172e-01
7.027373909950256348e-01
6.860983371734619141e-01
7.140486836433410645e-01
7.025774717330932617e-01
7.160609960556030273e-01
7.043889760971069336e-01
7.231443524360656738e-01
7.070145010948181152e-01
6.994498372077941895e-01
7.024213075637817383e-01
6.504029631614685059e-01
7.166460752487182617e-01
4.625166058540344238e-01
6.933230161666870117e-01
7.197374701499938965e-01
7.237941622734069824e-01
7.126004695892333984e-01
6.608753800392150879e-01
7.146961688995361328e-01
6.800548434257507324e-01
7.042807936668395996e-01
6.939203143119812012e-01
7.186989188194274902e-01
7.273816466331481934e-01
6.613219976425170898e-01
7.229815125465393066e-01
7.130185365676879883e-01
7.174553275108337402e-01
7.276566624641418457e-01
7.156336903572082520e-01
6.946123242378234863e-01
6.459266543388366699e-01
7.229696512222290039e-01
7.266758680343627930e-01
7.099853157997131348e-01
7.116032242774963379e-01
7.071415185928344727e-01
7.289702296257019043e-01
4.287705719470977783e-01
6.519371271133422852e-01
7.255011200904846191e-01
6.496722102165222168e-01
7.200378775596618652e-01
7.124447226524353027e-01
7.279141545295715332e-01
7.162513136863708496e-01
7.239418625831604004e-01
5.722959637641906738e-01
7.149603366851806641e-01
7.218315601348876953e-01
7.142866253852844238e-01
6.520693898200988770e-01
7.182816863059997559e-01
6.815847754478454590e-01
5.667508244514465332e-01
7.170274853706359863e-01
7.284468412399291992e-01
7.212878465652465820e-01
7.192456722259521484e-01
6.730011701583862305e-01
6.779398322105407715e-01
7.077003121376037598e-01
7.040759921073913574e-01
6.525719761848449707e-01
7.277225255966186523e-01
7.251853346824645996e-01
6.858082413673400879e-01
7.071089744567871094e-01
7.122745513916015625e-01
6.972318887710571289e-01
7.060998678207397461e-01
6.462963223457336426e-01
7.226299047470092773e-01
7.060179710388183594e-01
7.083838582038879395e-01
7.172814607620239258e-01
6.927738189697265625e-01
7.173255085945129395e-01
4.288389682769775391e-01
7.003076076507568359e-01
6.538873314857482910e-01
7.192663550376892090e-01
7.258788943290710449e-01
7.207423448562622070e-01
6.361165642738342285e-01
7.208406925201416016e-01
7.003604769706726074e-01
6.811419725418090820e-01
7.143410444259643555e-01
7.267168760299682617e-01
6.481549739837646484e-01
7.222138643264770508e-01
7.153961658477783203e-01
6.875587701797485352e-01
7.212141752243041992e-01
7.223852276802062988e-01
5.439656972885131836e-01
6.285507678985595703e-01
7.112289071083068848e-01
6.978209614753723145e-01
7.239706516265869141e-01
7.112770676612854004e-01
7.149965167045593262e-01
5.682281851768493652e-01
6.369937658309936523e-01
6.212384104728698730e-01
7.143448591232299805e-01
7.296324968338012695e-01
7.166880369186401367e-01
7.049931883811950684e-01
7.267627716064453125e-01
7.124539613723754883e-01
6.272154450416564941e-01
7.228266000747680664e-01
6.976402997970581055e-01
7.218068242073059082e-01
5.586303472518920898e-01
6.934501528739929199e-01
7.246646881103515625e-01
6.858365535736083984e-01
7.117354869842529297e-01
7.019477486610412598e-01
5.963326692581176758e-01
7.123228311538696289e-01
6.853176951408386230e-01
7.213976383209228516e-01
7.189632058143615723e-01
4.101004600524902344e-01
6.658548116683959961e-01
7.211062908172607422e-01
6.466969847679138184e-01
6.780710816383361816e-01
7.202575802803039551e-01
6.967937946319580078e-01
6.737779974937438965e-01
7.181418538093566895e-01
7.198693752288818359e-01
6.498122215270996094e-01
7.177336812019348145e-01
7.171089053153991699e-01
6.195107102394104004e-01
7.146728038787841797e-01
7.062231898307800293e-01
6.906765699386596680e-01
7.140882015228271484e-01
6.966516971588134766e-01
6.600419282913208008e-01
6.956327557563781738e-01
7.020773887634277344e-01
7.130223512649536133e-01
7.216801643371582031e-01
7.130237221717834473e-01
7.268021702766418457e-01
6.274013519287109375e-01
7.205404043197631836e-01
7.239328622817993164e-01
7.236230373382568359e-01
7.227161526679992676e-01
7.159489393234252930e-01
7.052865028381347656e-01
7.276695370674133301e-01
6.131190061569213867e-01
7.023461461067199707e-01
7.272714376449584961e-01
7.021800279617309570e-01
6.211054921150207520e-01
7.219535112380981445e-01
6.757493019104003906e-01
7.224929332733154297e-01
5.938060879707336426e-01
7.205426096916198730e-01
7.112936973571777344e-01
7.202044725418090820e-01
7.087962627410888672e-01
7.198903560638427734e-01
7.217215299606323242e-01
6.544851660728454590e-01
7.206696271896362305e-01
6.994819641113281250e-01
7.106483578681945801e-01
7.142026424407958984e-01
7.155979871749877930e-01
7.123407721519470215e-01
6.987785696983337402e-01
7.212784886360168457e-01
7.195009589195251465e-01
7.090251445770263672e-01
7.244955301284790039e-01
7.266426682472229004e-01
7.223928570747375488e-01
7.244048118591308594e-01
7.149769663810729980e-01
7.043326497077941895e-01
6.349516510963439941e-01
6.751561164855957031e-01
7.051501274108886719e-01
7.190505266189575195e-01
7.198972105979919434e-01
7.178195118904113770e-01
7.198457717895507812e-01
7.089182138442993164e-01
6.684032678604125977e-01
7.034473419189453125e-01
7.033303976058959961e-01
6.608071923255920410e-01
6.964955925941467285e-01
7.082451581954956055e-01
7.299927473068237305e-01
6.549963951110839844e-01
6.958646178245544434e-01
7.271234989166259766e-01
7.198150753974914551e-01
7.170082330703735352e-01
7.194204926490783691e-01
7.000651359558105469e-01
6.658381819725036621e-01
7.233791351318359375e-01
7.178360819816589355e-01
6.751696467399597168e-01
7.092309594154357910e-01
7.133667469024658203e-01
6.988429427146911621e-01
7.216609716415405273e-01
7.259684205055236816e-01
6.969185471534729004e-01
6.612702012062072754e-01
7.053312659263610840e-01
7.135062813758850098e-01
7.180264592170715332e-01
7.152758836746215820e-01
5.223760604858398438e-01
7.192575335502624512e-01
7.284093499183654785e-01
7.256473898887634277e-01
7.157368659973144531e-01
6.663594245910644531e-01
7.315023541450500488e-01
7.103285193443298340e-01
6.938091516494750977e-01
7.230894565582275391e-01
7.066900134086608887e-01
6.868693232536315918e-01
6.436057686805725098e-01
6.897333264350891113e-01
7.187370061874389648e-01
6.485135555267333984e-01
7.274323701858520508e-01
7.201048731803894043e-01
7.239667773246765137e-01
7.248171567916870117e-01
7.129299640655517578e-01
6.427982449531555176e-01
6.901796460151672363e-01
5.863988995552062988e-01
7.071498632431030273e-01
6.571078896522521973e-01
6.574221253395080566e-01
4.958916902542114258e-01
6.807757616043090820e-01
7.257201075553894043e-01
7.212803959846496582e-01
7.071718573570251465e-01
6.668815016746520996e-01
7.230009436607360840e-01
7.146116495132446289e-01
7.184361219406127930e-01
7.225917577743530273e-01
7.144964337348937988e-01
7.195143699645996094e-01
7.198730111122131348e-01
7.018955349922180176e-01
7.202528715133666992e-01
7.078546285629272461e-01
6.963782310485839844e-01
7.297784090042114258e-01
6.067396402359008789e-01
7.239224910736083984e-01
7.020993828773498535e-01
7.004429101943969727e-01
7.233704328536987305e-01
7.211143374443054199e-01
7.146310210227966309e-01
6.663018465042114258e-01
7.243182063102722168e-01
6.733517646789550781e-01
6.973709464073181152e-01
7.072027921676635742e-01
7.017751932144165039e-01
7.169715166091918945e-01
6.530126333236694336e-01
6.583968997001647949e-01
7.143343091011047363e-01
7.264793515205383301e-01
7.137046456336975098e-01
7.238696813583374023e-01
7.203831672668457031e-01
7.221094369888305664e-01
7.013441920280456543e-01
7.233244776725769043e-01
6.990358233451843262e-01
7.319723367691040039e-01
7.305786609649658203e-01
6.849324107170104980e-01
7.232043147087097168e-01
7.141060829162597656e-01
6.953679919242858887e-01
6.861320137977600098e-01
7.128866314888000488e-01
4.458594322204589844e-01
6.145782470703125000e-01
7.083768248558044434e-01
7.228305339813232422e-01
7.240328788757324219e-01
7.127917408943176270e-01
7.158660888671875000e-01
7.212494015693664551e-01
7.277933955192565918e-01
7.037423253059387207e-01
7.207216620445251465e-01
7.075920104980468750e-01
7.019830942153930664e-01
5.787893533706665039e-01
7.174339294433593750e-01
7.044720649719238281e-01
7.256680130958557129e-01
6.047094464302062988e-01
4.448288977146148682e-01
7.183682918548583984e-01
6.783788800239562988e-01
7.256108522415161133e-01
7.056337594985961914e-01
7.216934561729431152e-01
7.231143712997436523e-01
7.105377912521362305e-01
6.562920212745666504e-01
7.277200222015380859e-01
7.174622416496276855e-01
7.283381819725036621e-01
7.227178812026977539e-01
5.670468807220458984e-01
6.998720765113830566e-01
6.929981112480163574e-01
7.208949923515319824e-01
7.077758312225341797e-01
7.058358788490295410e-01
7.144579887390136719e-01
7.239136695861816406e-01
6.796493530273437500e-01
7.239151597023010254e-01
7.222613096237182617e-01
7.164088487625122070e-01
7.234776616096496582e-01
6.417217850685119629e-01
7.129640579223632812e-01
6.557858586311340332e-01
7.102720737457275391e-01
7.130010724067687988e-01
5.435439944267272949e-01
7.237924337387084961e-01
6.814298629760742188e-01
7.158182263374328613e-01
7.276427745819091797e-01
7.035874724388122559e-01
6.860441565513610840e-01
7.155879139900207520e-01
7.142703533172607422e-01
6.191217899322509766e-01
7.191259264945983887e-01
7.242051959037780762e-01
7.218882441520690918e-01
7.127302885055541992e-01
7.238690853118896484e-01
7.152135372161865234e-01
7.216975092887878418e-01
7.160022854804992676e-01
7.153149247169494629e-01
7.032692432403564453e-01
7.107446193695068359e-01
5.790968537330627441e-01
6.647819280624389648e-01
6.912943720817565918e-01
6.606820821762084961e-01
5.825750827789306641e-01
7.076697349548339844e-01
7.198742032051086426e-01
5.859074592590332031e-01
7.000342011451721191e-01
4.624469280242919922e-01
7.217648029327392578e-01
7.060265541076660156e-01
7.225381135940551758e-01
7.207477688789367676e-01
7.179129719734191895e-01
7.262454032897949219e-01
6.724380254745483398e-01
1.510176807641983032e-01
7.162053585052490234e-01
6.598915457725524902e-01
6.980856060981750488e-01
7.147983312606811523e-01
7.173362970352172852e-01
7.035799622535705566e-01
7.232377529144287109e-01
7.100698351860046387e-01
7.028963565826416016e-01
6.498790383338928223e-01
7.286917567253112793e-01
7.117162346839904785e-01
7.072247862815856934e-01
7.146281599998474121e-01
7.125353813171386719e-01
7.280175089836120605e-01
7.206968069076538086e-01
7.236601710319519043e-01
6.106331944465637207e-01
7.164070010185241699e-01
7.078678607940673828e-01
6.650499105453491211e-01
6.730288863182067871e-01
6.838777065277099609e-01
6.361341476440429688e-01
7.141852378845214844e-01
6.535243391990661621e-01
7.221285700798034668e-01
7.169622182846069336e-01
7.090256214141845703e-01
7.184874415397644043e-01
7.313370108604431152e-01
7.206792831420898438e-01
7.259699702262878418e-01
7.109519243240356445e-01
7.062147259712219238e-01
7.230078577995300293e-01
6.629256606101989746e-01
6.983653306961059570e-01
7.110311985015869141e-01
7.051109075546264648e-01
7.179781794548034668e-01
7.066963911056518555e-01
6.926967501640319824e-01
6.337211728096008301e-01
7.251136302947998047e-01
6.055632829666137695e-01
7.311325073242187500e-01
7.174105048179626465e-01
7.212657928466796875e-01
6.919966340065002441e-01
6.680823564529418945e-01
7.250735759735107422e-01
7.216873168945312500e-01
7.260059118270874023e-01
5.814577341079711914e-01
7.144477367401123047e-01
7.132509350776672363e-01
4.951373934745788574e-01
4.933100938796997070e-01
6.942946910858154297e-01
7.246425151824951172e-01
7.134274244308471680e-01
1.510176807641983032e-01
7.249614000320434570e-01
7.031439542770385742e-01
7.231058478355407715e-01
6.282761693000793457e-01
7.070801854133605957e-01
7.303181290626525879e-01
7.305115461349487305e-01
6.987569332122802734e-01
7.159909009933471680e-01
7.045872211456298828e-01
5.058961510658264160e-01
4.244174361228942871e-01
7.105196118354797363e-01
6.878709197044372559e-01
7.103438377380371094e-01
7.146878242492675781e-01
7.057054638862609863e-01
7.199997901916503906e-01
6.079413294792175293e-01
7.265304327011108398e-01
6.520541906356811523e-01
6.736961007118225098e-01
6.834330558776855469e-01
7.247335314750671387e-01
7.078973054885864258e-01
7.291835546493530273e-01
7.243970632553100586e-01
7.092341780662536621e-01
7.186915278434753418e-01
7.149145007133483887e-01
6.191217899322509766e-01
7.156882882118225098e-01
6.152716279029846191e-01
6.497915983200073242e-01
7.087907791137695312e-01
7.030585408210754395e-01
6.953623294830322266e-01
7.259900569915771484e-01
7.186621427536010742e-01
7.132452726364135742e-01
7.183414101600646973e-01
7.216734290122985840e-01
6.678529977798461914e-01
6.882393956184387207e-01
7.135114073753356934e-01
6.570525169372558594e-01
6.477007269859313965e-01
6.843875050544738770e-01
7.144954204559326172e-01
6.976817846298217773e-01
6.605485081672668457e-01
7.001070976257324219e-01
7.054091095924377441e-01
7.015100717544555664e-01
6.903214454650878906e-01
5.835931897163391113e-01
7.238380312919616699e-01
7.248533964157104492e-01
7.004259824752807617e-01
7.240431904792785645e-01
6.500684022903442383e-01
6.905782818794250488e-01
7.111861109733581543e-01
7.174895405769348145e-01
7.170313596725463867e-01
6.837974786758422852e-01
6.984780430793762207e-01
7.206317782402038574e-01
7.201911211013793945e-01
6.570926904678344727e-01
7.170153260231018066e-01
7.087376117706298828e-01
4.603317975997924805e-01
7.282357215881347656e-01
7.171759009361267090e-01
6.935079693794250488e-01
7.213805317878723145e-01
5.953279733657836914e-01
6.795946359634399414e-01
7.200758457183837891e-01
7.121517658233642578e-01
7.197604775428771973e-01
7.141079902648925781e-01
6.962083578109741211e-01
7.069743275642395020e-01
7.168414592742919922e-01
6.960568428039550781e-01
7.109656929969787598e-01
7.085998654365539551e-01
5.304387807846069336e-01
6.834030747413635254e-01
7.076358199119567871e-01
6.976764798164367676e-01
7.179671525955200195e-01
7.272383570671081543e-01
7.186304926872253418e-01
7.095756530761718750e-01
5.930189490318298340e-01
6.949183940887451172e-01
6.338199973106384277e-01
6.697088479995727539e-01
6.957487463951110840e-01
6.979280114173889160e-01
7.115805745124816895e-01
7.081713676452636719e-01
7.286502718925476074e-01
6.981087923049926758e-01
7.081852555274963379e-01
7.233512401580810547e-01
6.534996032714843750e-01
6.877287626266479492e-01
7.206317782402038574e-01
7.002989649772644043e-01
6.942475438117980957e-01
7.288714647293090820e-01
6.537277698516845703e-01
7.071941494941711426e-01
6.258509159088134766e-01
6.980599164962768555e-01
7.098057866096496582e-01
7.173938155174255371e-01
7.225190401077270508e-01
7.168661355972290039e-01
5.864410400390625000e-01
7.087229490280151367e-01
7.148371338844299316e-01
4.439379870891571045e-01
7.200127840042114258e-01
7.260944843292236328e-01
7.070758938789367676e-01
7.253661751747131348e-01
6.756365299224853516e-01
7.123170495033264160e-01
6.973901987075805664e-01
7.046654820442199707e-01
6.592515707015991211e-01
6.929785609245300293e-01
7.106612324714660645e-01
5.457877516746520996e-01
7.061964273452758789e-01
7.115821838378906250e-01
5.913293361663818359e-01
7.288001179695129395e-01
7.130084037780761719e-01
7.143317461013793945e-01
6.976817846298217773e-01
7.226603031158447266e-01
7.072135210037231445e-01
7.196118831634521484e-01
7.133169770240783691e-01
7.091783881187438965e-01
7.167480587959289551e-01
7.053099870681762695e-01
7.226219773292541504e-01
7.168034911155700684e-01
6.998157501220703125e-01
7.105062603950500488e-01
6.765266060829162598e-01
7.024553418159484863e-01
7.084541916847229004e-01
7.248495817184448242e-01
6.637748479843139648e-01
7.097020745277404785e-01
6.943482756614685059e-01
7.157168388366699219e-01
6.100064516067504883e-01
5.991093516349792480e-01
6.851876378059387207e-01
7.216594219207763672e-01
7.305780649185180664e-01
6.886141300201416016e-01
7.146409153938293457e-01
7.219586968421936035e-01
7.123196125030517578e-01
7.240506410598754883e-01
6.237680315971374512e-01
7.146025300025939941e-01
7.266232967376708984e-01
6.228012442588806152e-01
6.991438269615173340e-01
7.212197780609130859e-01
7.272012829780578613e-01
7.258413434028625488e-01
7.217688560485839844e-01
7.109636664390563965e-01
4.208726584911346436e-01
7.254617810249328613e-01
7.135998010635375977e-01
6.934362649917602539e-01
6.383914351463317871e-01
7.249917984008789062e-01
7.161941528320312500e-01
5.125232338905334473e-01
6.816543936729431152e-01
7.245625257492065430e-01
6.747217774391174316e-01
4.379116594791412354e-01
7.216994166374206543e-01
7.055321335792541504e-01
7.277035117149353027e-01
7.197018861770629883e-01
7.138844132423400879e-01
7.100675106048583984e-01
7.156877517700195312e-01
6.600263714790344238e-01
7.314977049827575684e-01
7.027970552444458008e-01
6.521898508071899414e-01
6.842211484909057617e-01
7.252061963081359863e-01
6.844261288642883301e-01
7.276318073272705078e-01
6.706836819648742676e-01
6.674624681472778320e-01
7.199364900588989258e-01
6.940824985504150391e-01
7.149286270141601562e-01
7.143791913986206055e-01
7.123767137527465820e-01
6.950258016586303711e-01
7.182595729827880859e-01
7.207434773445129395e-01
7.131249308586120605e-01
7.208233475685119629e-01
7.245455980300903320e-01
7.076446413993835449e-01
7.185222506523132324e-01
7.174065709114074707e-01
7.213621139526367188e-01
7.174065709114074707e-01
7.222023010253906250e-01
7.004792094230651855e-01
7.182639837265014648e-01
6.947045922279357910e-01
6.946335434913635254e-01
7.112401723861694336e-01
6.633350849151611328e-01
6.883078813552856445e-01
7.262663841247558594e-01
5.894202589988708496e-01
7.249542474746704102e-01
6.833881735801696777e-01
7.125094532966613770e-01
7.256522178649902344e-01
7.191672921180725098e-01
6.954120993614196777e-01
7.118399739265441895e-01
7.214118838310241699e-01
7.056472301483154297e-01
7.148985862731933594e-01
7.177397012710571289e-01
7.095903158187866211e-01
7.210775017738342285e-01
7.129408717155456543e-01
6.651931405067443848e-01
7.185248732566833496e-01
6.855205297470092773e-01
5.923904180526733398e-01
4.841543734073638916e-01
7.228727936744689941e-01
7.089682221412658691e-01
7.303373217582702637e-01
7.095080614089965820e-01
6.747508645057678223e-01
7.129975557327270508e-01
7.175748348236083984e-01
5.485299229621887207e-01
6.865637302398681641e-01
7.186201214790344238e-01
6.750537157058715820e-01
7.149749398231506348e-01
6.845309138298034668e-01
7.217724919319152832e-01
7.302564382553100586e-01
6.417574882507324219e-01
6.418926119804382324e-01
7.005781531333923340e-01
7.181508541107177734e-01
7.108304500579833984e-01
6.006159186363220215e-01
7.080499529838562012e-01
7.270597815513610840e-01
7.300143241882324219e-01
7.114309668540954590e-01
7.245380878448486328e-01
7.173249721527099609e-01
6.893284320831298828e-01
6.951314210891723633e-01
6.779149770736694336e-01
6.920190453529357910e-01
7.174754142761230469e-01
7.142501473426818848e-01
7.115865349769592285e-01
6.916422843933105469e-01
6.708825230598449707e-01
7.235866189002990723e-01
7.151707410812377930e-01
7.057966589927673340e-01
6.632582545280456543e-01
7.004719376564025879e-01
7.067992091178894043e-01
6.646203398704528809e-01
6.050940752029418945e-01
7.177575826644897461e-01
7.102460265159606934e-01
7.190952897071838379e-01
6.945044398307800293e-01
7.210392951965332031e-01
7.165065407752990723e-01
7.145721912384033203e-01
4.571629762649536133e-01
7.176665067672729492e-01
7.137746810913085938e-01
5.917696356773376465e-01
7.217192649841308594e-01
7.250235676765441895e-01
7.010327577590942383e-01
6.813950538635253906e-01
6.760372519493103027e-01
7.245478034019470215e-01
6.623972654342651367e-01
7.181525826454162598e-01
7.271130681037902832e-01
7.191657423973083496e-01
7.211130261421203613e-01
7.148495912551879883e-01
6.491842269897460938e-01
7.231592535972595215e-01
7.179809808731079102e-01
7.096646428108215332e-01
7.178174257278442383e-01
7.093763947486877441e-01
6.043844819068908691e-01
5.998686552047729492e-01
7.031370401382446289e-01
7.122848033905029297e-01
6.997358202934265137e-01
7.088097929954528809e-01
7.173537611961364746e-01
7.230561971664428711e-01
7.112712860107421875e-01
7.253338694572448730e-01
6.868793368339538574e-01
7.181553840637207031e-01
7.216724753379821777e-01
6.591427326202392578e-01
7.126227021217346191e-01
7.248960733413696289e-01
7.158066034317016602e-01
6.015139222145080566e-01
7.232804298400878906e-01
7.149615287780761719e-01
7.198221087455749512e-01
6.522097587585449219e-01
7.146623730659484863e-01
7.070706486701965332e-01
7.035198807716369629e-01
7.117378711700439453e-01
6.465050578117370605e-01
7.215009927749633789e-01
7.205753326416015625e-01
7.246087193489074707e-01
7.153365015983581543e-01
7.181467413902282715e-01
7.232960462570190430e-01
6.949473023414611816e-01
7.186831235885620117e-01
7.101392149925231934e-01
6.963954567909240723e-01
7.033929228782653809e-01
7.160415053367614746e-01
7.300760149955749512e-01
7.041206955909729004e-01
6.970151066780090332e-01
7.256632447242736816e-01
7.266002893447875977e-01
6.625393629074096680e-01
6.923531889915466309e-01
7.179505825042724609e-01
7.165904045104980469e-01
5.705509781837463379e-01
7.226833105087280273e-01
6.921321153640747070e-01
7.181918025016784668e-01
7.214000225067138672e-01
7.119020819664001465e-01
7.258013486862182617e-01
6.872591376304626465e-01
7.146686911582946777e-01
4.145510792732238770e-01
6.301114559173583984e-01
7.239732742309570312e-01
6.874038577079772949e-01
7.142770290374755859e-01
7.196388840675354004e-01
6.820919513702392578e-01
7.211613655090332031e-01
6.676740050315856934e-01
5.874336361885070801e-01
5.734664201736450195e-01
4.245354533195495605e-01
7.123284339904785156e-01
6.867349743843078613e-01
5.918895006179809570e-01
6.948123574256896973e-01
7.297912240028381348e-01
7.220112681388854980e-01
7.259750962257385254e-01
7.154201865196228027e-01
7.187181711196899414e-01
7.051996588706970215e-01
7.258736491203308105e-01
6.585671305656433105e-01
7.124660611152648926e-01
7.144806981086730957e-01
7.274803519248962402e-01
7.153739929199218750e-01
7.274026274681091309e-01
7.067229151725769043e-01
7.256127595901489258e-01
6.941308379173278809e-01
6.875693202018737793e-01
5.012045502662658691e-01
6.453551054000854492e-01
7.259389758110046387e-01
7.026423811912536621e-01
7.202916145324707031e-01
7.218659520149230957e-01
6.978884339332580566e-01
7.190753221511840820e-01
7.133120894432067871e-01
7.241215109825134277e-01
7.173624038696289062e-01
7.178834676742553711e-01
7.249485850334167480e-01
7.225651741027832031e-01
7.183498740196228027e-01
6.866597533226013184e-01
7.191506028175354004e-01
6.038302779197692871e-01
7.302638292312622070e-01
6.788947582244873047e-01
7.163549661636352539e-01
4.549111127853393555e-01
6.857950091361999512e-01
7.218143343925476074e-01
7.248402833938598633e-01
7.183414101600646973e-01
7.218773365020751953e-01
7.098281979560852051e-01
7.090135812759399414e-01
7.209601998329162598e-01
5.700007081031799316e-01
7.294226288795471191e-01
7.161610722541809082e-01
7.156346440315246582e-01
7.085832357406616211e-01
7.220485806465148926e-01
7.248467803001403809e-01
7.060990929603576660e-01
7.178861498832702637e-01
7.299757003784179688e-01
6.878640055656433105e-01
6.349236369132995605e-01
4.435982108116149902e-01
7.005424499511718750e-01
6.205353736877441406e-01
7.214987874031066895e-01
7.133079171180725098e-01
6.057789921760559082e-01
5.433903336524963379e-01
7.242304086685180664e-01
7.238526344299316406e-01
7.115315198898315430e-01
7.178084254264831543e-01
7.144443392753601074e-01
7.245667576789855957e-01
6.826916933059692383e-01
7.255856394767761230e-01
7.123497128486633301e-01
7.018676996231079102e-01
6.977811455726623535e-01
7.089188694953918457e-01
7.134958505630493164e-01
7.202765345573425293e-01
7.219532728195190430e-01
7.172756791114807129e-01
4.790050089359283447e-01
7.085201740264892578e-01
7.152197360992431641e-01
7.020630836486816406e-01
7.140047550201416016e-01
7.146482467651367188e-01
7.266098856925964355e-01
7.218850851058959961e-01
7.168073058128356934e-01
7.192689180374145508e-01
6.010764837265014648e-01
7.176405191421508789e-01
7.256755232810974121e-01
5.256617069244384766e-01
7.071736454963684082e-01
7.194713354110717773e-01
7.121022939682006836e-01
6.729676127433776855e-01
6.786558628082275391e-01
7.079085707664489746e-01
7.119209766387939453e-01
7.268865704536437988e-01
7.062534093856811523e-01
7.200556397438049316e-01
6.780968308448791504e-01
7.180600166320800781e-01
6.827813386917114258e-01
7.169131636619567871e-01
7.103445529937744141e-01
6.401246190071105957e-01
7.178400158882141113e-01
7.066370248794555664e-01
6.902204751968383789e-01
7.160007953643798828e-01
7.218566536903381348e-01
6.980490684509277344e-01
7.107281684875488281e-01
7.239708304405212402e-01
6.561993956565856934e-01
7.045069932937622070e-01
6.261468529701232910e-01
7.236297726631164551e-01
7.284262776374816895e-01
6.825181841850280762e-01
7.068672180175781250e-01
7.166314125061035156e-01
6.856991648674011230e-01
7.158174514770507812e-01
4.580251574516296387e-01
7.181575298309326172e-01
7.154268622398376465e-01
7.226850986480712891e-01
7.195038199424743652e-01
6.691164374351501465e-01
7.070535421371459961e-01
6.581209301948547363e-01
7.103184461593627930e-01
7.157766819000244141e-01
7.112029790878295898e-01
6.704100370407104492e-01
7.238411903381347656e-01
6.036538481712341309e-01
5.941429734230041504e-01
7.102322578430175781e-01
5.264964699745178223e-01
7.135745286941528320e-01
6.544926166534423828e-01
6.876417994499206543e-01
7.127350568771362305e-01
7.247266173362731934e-01
6.154330372810363770e-01
7.191116213798522949e-01
7.089765071868896484e-01
6.992539167404174805e-01
7.199863791465759277e-01
7.129120826721191406e-01
7.082291245460510254e-01
6.585909128189086914e-01
7.180724740028381348e-01
7.217711806297302246e-01
7.218827009201049805e-01
7.210201621055603027e-01
7.217851877212524414e-01
7.216207385063171387e-01
7.178477048873901367e-01
7.061054110527038574e-01
7.105216979980468750e-01
7.292221784591674805e-01
7.046483755111694336e-01
7.176007628440856934e-01
7.314303517341613770e-01
7.208842039108276367e-01
6.999802589416503906e-01
7.257664799690246582e-01
7.240504026412963867e-01
7.152071595191955566e-01
6.012334227561950684e-01
6.236323118209838867e-01
7.105037569999694824e-01
7.215064764022827148e-01
6.933195590972900391e-01
6.844748258590698242e-01
6.384666562080383301e-01
7.178254127502441406e-01
7.052131295204162598e-01
6.819977164268493652e-01
7.278772592544555664e-01
7.254040241241455078e-01
7.094085216522216797e-01
6.978515386581420898e-01
7.020485401153564453e-01
6.959307193756103516e-01
7.028411626815795898e-01
7.093895673751831055e-01
7.067167758941650391e-01
7.083675265312194824e-01
6.784821152687072754e-01
7.079176902770996094e-01
7.226425409317016602e-01
7.001425623893737793e-01
7.118681669235229492e-01
6.573823094367980957e-01
7.117719650268554688e-01
6.097213029861450195e-01
7.104637026786804199e-01
7.184226512908935547e-01
7.239109873771667480e-01
7.136164307594299316e-01
7.171921730041503906e-01
6.760440468788146973e-01
6.748332977294921875e-01
7.219054698944091797e-01
6.421863436698913574e-01
7.148200869560241699e-01
7.035886645317077637e-01
6.813988089561462402e-01
7.232902646064758301e-01
7.180395126342773438e-01
7.144361734390258789e-01
7.256054282188415527e-01
7.195373177528381348e-01
7.096109390258789062e-01
7.027478814125061035e-01
6.585195660591125488e-01
7.227858304977416992e-01
6.976853013038635254e-01
6.461216211318969727e-01
7.066842317581176758e-01
7.018577456474304199e-01
7.018191218376159668e-01
7.239047884941101074e-01
7.322499155998229980e-01
5.778571367263793945e-01
7.056707739830017090e-01
6.656708121299743652e-01
6.100292205810546875e-01
6.979710459709167480e-01
6.608836054801940918e-01
6.821167469024658203e-01
6.615360379219055176e-01
6.543223261833190918e-01
6.951996088027954102e-01
7.240958213806152344e-01
7.142227292060852051e-01
7.271275520324707031e-01
7.194067835807800293e-01
5.705294013023376465e-01
7.225954532623291016e-01
6.900392174720764160e-01
6.837146282196044922e-01
7.288829684257507324e-01
7.091019153594970703e-01
7.244242429733276367e-01
7.137583494186401367e-01
7.270557880401611328e-01
6.837326884269714355e-01
7.229483723640441895e-01
6.217263340950012207e-01
6.883677244186401367e-01
7.146312594413757324e-01
6.494074463844299316e-01
7.136260867118835449e-01
7.274226546287536621e-01
7.066759467124938965e-01
6.779850125312805176e-01
7.105795145034790039e-01
7.018104195594787598e-01
7.180863022804260254e-01
7.039057016372680664e-01
7.093721628189086914e-01
7.168508768081665039e-01
6.792165637016296387e-01
7.223644852638244629e-01
6.971789598464965820e-01
6.677443385124206543e-01
7.165879011154174805e-01
6.956634521484375000e-01
6.684004068374633789e-01
7.210931777954101562e-01
7.167596817016601562e-01
7.196533679962158203e-01
6.699188351631164551e-01
7.194852828979492188e-01
7.105769515037536621e-01
6.096375584602355957e-01
7.151405215263366699e-01
7.245392203330993652e-01
7.236462235450744629e-01
6.543217301368713379e-01
7.241973280906677246e-01
7.219390273094177246e-01
7.211425304412841797e-01
6.894602775573730469e-01
7.185009121894836426e-01
7.115927934646606445e-01
7.018615007400512695e-01
7.184275984764099121e-01
7.090846896171569824e-01
7.071436643600463867e-01
7.253732681274414062e-01
7.277505993843078613e-01
6.975317001342773438e-01
7.168166041374206543e-01
7.200063467025756836e-01
7.064359784126281738e-01
7.101576924324035645e-01
7.024583220481872559e-01
6.828389763832092285e-01
6.848096847534179688e-01
7.164861559867858887e-01
4.304371178150177002e-01
7.079564332962036133e-01
7.005011439323425293e-01
6.598578691482543945e-01
7.237398624420166016e-01
7.141993641853332520e-01
6.717100739479064941e-01
7.286733984947204590e-01
6.805365681648254395e-01
6.873859167098999023e-01
7.002204060554504395e-01
5.758931636810302734e-01
7.028306126594543457e-01
7.265732884407043457e-01
7.210133671760559082e-01
4.502813220024108887e-01
7.127763032913208008e-01
7.010984420776367188e-01
7.275167703628540039e-01
6.234775185585021973e-01
6.916767954826354980e-01
7.202877402305603027e-01
7.232246994972229004e-01
6.537939310073852539e-01
7.055357098579406738e-01
7.044326066970825195e-01
7.025156021118164062e-01
7.163730263710021973e-01
7.270739078521728516e-01
7.290664911270141602e-01
6.886007189750671387e-01
7.267743349075317383e-01
6.394038796424865723e-01
6.775084733963012695e-01
7.229370474815368652e-01
6.712212562561035156e-01
7.067962884902954102e-01
7.042375802993774414e-01
7.112770676612854004e-01
7.168771028518676758e-01
7.241255640983581543e-01
6.597135663032531738e-01
7.157964706420898438e-01
7.212144732475280762e-01
7.185220122337341309e-01
7.203974127769470215e-01
5.758277773857116699e-01
7.248514294624328613e-01
7.067238092422485352e-01
6.700930595397949219e-01
6.194031834602355957e-01
7.149233818054199219e-01
5.921815633773803711e-01
7.157856822013854980e-01
7.139372825622558594e-01
6.756477952003479004e-01
7.299333810806274414e-01
5.861008763313293457e-01
7.154017686843872070e-01
7.269283533096313477e-01
6.528174877166748047e-01
6.671534776687622070e-01
6.808701753616333008e-01
7.217563986778259277e-01
7.047069668769836426e-01
7.151538133621215820e-01
6.596896052360534668e-01
7.022551298141479492e-01
6.942958235740661621e-01
7.224645018577575684e-01
7.084451913833618164e-01
7.194541692733764648e-01
7.250242829322814941e-01
7.296521067619323730e-01
7.200207710266113281e-01
5.850384831428527832e-01
7.127729654312133789e-01
7.223953604698181152e-01
7.210889458656311035e-01
7.206892371177673340e-01
7.264820933341979980e-01
7.165422439575195312e-01
6.989101767539978027e-01
7.200455069541931152e-01
6.661281585693359375e-01
6.044121980667114258e-01
7.072424292564392090e-01
7.204416394233703613e-01
5.814328193664550781e-01
7.186421155929565430e-01
7.230192422866821289e-01
7.070043087005615234e-01
7.245399355888366699e-01
7.270388007164001465e-01
7.135538458824157715e-01
7.097144126892089844e-01
7.215911149978637695e-01
7.303286790847778320e-01
7.113643884658813477e-01
7.149866819381713867e-01
7.179899215698242188e-01
7.163280248641967773e-01
5.562663078308105469e-01
7.152470946311950684e-01
6.377270221710205078e-01
7.229125499725341797e-01
7.236711382865905762e-01
7.242876291275024414e-01
7.133689522743225098e-01
7.175732254981994629e-01
5.613723397254943848e-01
6.906784176826477051e-01
7.164884209632873535e-01
7.146283388137817383e-01
5.932489037513732910e-01
7.220737934112548828e-01
7.093178033828735352e-01
6.563954353332519531e-01
7.300708293914794922e-01
7.101570367813110352e-01
7.107402682304382324e-01
7.268925905227661133e-01
7.271234989166259766e-01
7.037582397460937500e-01
6.486747264862060547e-01
7.194479703903198242e-01
7.204774022102355957e-01
7.087523341178894043e-01
7.044944763183593750e-01
6.610031723976135254e-01
7.101511955261230469e-01
7.252799868583679199e-01
7.249920368194580078e-01
7.124447226524353027e-01
7.183771729469299316e-01
7.218671441078186035e-01
7.218174934387207031e-01
7.178032398223876953e-01
6.784530282020568848e-01
7.117493748664855957e-01
7.174823284149169922e-01
7.290360331535339355e-01
7.201463580131530762e-01
7.086920738220214844e-01
4.555951356887817383e-01
7.083755135536193848e-01
7.156168818473815918e-01
7.267010807991027832e-01
6.861364245414733887e-01
7.277321815490722656e-01
7.217597961425781250e-01
7.234773039817810059e-01
6.969311833381652832e-01
7.218059897422790527e-01
7.081209421157836914e-01
6.559969186782836914e-01
7.150108814239501953e-01
7.011841535568237305e-01
7.061787843704223633e-01
7.260497808456420898e-01
7.028177976608276367e-01
7.087094783782958984e-01
7.258943319320678711e-01
6.497015357017517090e-01
4.456712603569030762e-01
7.219448685646057129e-01
6.769207119941711426e-01
7.256373763084411621e-01
6.869933009147644043e-01
7.198579907417297363e-01
7.009330987930297852e-01
7.100968360900878906e-01
7.204836010932922363e-01
7.202848792076110840e-01
7.278418540954589844e-01
7.049461007118225098e-01
6.700338721275329590e-01
7.286962270736694336e-01
6.829118728637695312e-01
7.114660739898681641e-01
7.139788866043090820e-01
7.090333700180053711e-01
7.112425565719604492e-01
7.123532891273498535e-01
6.966010928153991699e-01
7.232109308242797852e-01
6.692566871643066406e-01
6.196130514144897461e-01
7.073807716369628906e-01
6.944534778594970703e-01
6.932690143585205078e-01
7.121778726577758789e-01
7.240561842918395996e-01
5.767527222633361816e-01
7.016085982322692871e-01
5.944174528121948242e-01
6.664780974388122559e-01
6.364146471023559570e-01
7.112275362014770508e-01
7.213688492774963379e-01
7.100400924682617188e-01
6.835662126541137695e-01
7.119823098182678223e-01
6.968702673912048340e-01
7.187225818634033203e-01
7.227211594581604004e-01
6.848976612091064453e-01
7.207782864570617676e-01
7.126923203468322754e-01
6.524077653884887695e-01
6.284284591674804688e-01
7.218852043151855469e-01
7.218706607818603516e-01
5.709869265556335449e-01
7.213330864906311035e-01
7.034121155738830566e-01
7.116448283195495605e-01
6.309251785278320312e-01
7.242709398269653320e-01
5.114827752113342285e-01
7.197820544242858887e-01
6.769809126853942871e-01
7.204045653343200684e-01
6.881922483444213867e-01
7.088930606842041016e-01
6.933120489120483398e-01
7.090187072753906250e-01
7.258909940719604492e-01
7.136852741241455078e-01
7.044156789779663086e-01
7.250018715858459473e-01
7.068909406661987305e-01
7.221469879150390625e-01
6.241306066513061523e-01
7.106460332870483398e-01
5.389678478240966797e-01
6.307250857353210449e-01
7.108944654464721680e-01
7.255592346191406250e-01
7.179429531097412109e-01
7.147077918052673340e-01
7.259256243705749512e-01
7.026541233062744141e-01
5.468047261238098145e-01
5.925313830375671387e-01
7.070249915122985840e-01
7.026147842407226562e-01
7.258213162422180176e-01
7.215108871459960938e-01
7.144443988800048828e-01
6.678559780120849609e-01
7.179603576660156250e-01
7.058967947959899902e-01
7.171710133552551270e-01
7.111120223999023438e-01
7.242837548255920410e-01
5.795863866806030273e-01
7.260661721229553223e-01
7.253947257995605469e-01
6.865518093109130859e-01
7.256975769996643066e-01
7.160773277282714844e-01
7.252875566482543945e-01
7.223913669586181641e-01
7.272894978523254395e-01
7.273959517478942871e-01
7.104814648628234863e-01
7.197903394699096680e-01
5.101213455200195312e-01
6.820220947265625000e-01
6.732962727546691895e-01
7.139655947685241699e-01
7.102643251419067383e-01
7.074587941169738770e-01
7.099511027336120605e-01
4.817846119403839111e-01
4.299542605876922607e-01
7.220077514648437500e-01
6.232057213783264160e-01
7.224191427230834961e-01
6.824241280555725098e-01
7.216928601264953613e-01
7.127339243888854980e-01
6.601576209068298340e-01
7.187494039535522461e-01
7.084451913833618164e-01
7.169479131698608398e-01
6.994212269783020020e-01
7.269799709320068359e-01
7.243608236312866211e-01
7.119259834289550781e-01
7.181062102317810059e-01
7.002437114715576172e-01
6.528859734535217285e-01
6.886757612228393555e-01
7.022580504417419434e-01
5.655465126037597656e-01
7.192094922065734863e-01
7.219942212104797363e-01
6.125446557998657227e-01
7.184954285621643066e-01
7.202653288841247559e-01
6.739786863327026367e-01
6.074411273002624512e-01
7.147222757339477539e-01
7.251994609832763672e-01
7.093173861503601074e-01
7.234373688697814941e-01
6.696829795837402344e-01
7.284881472587585449e-01
7.150143980979919434e-01
7.306325435638427734e-01
7.157680988311767578e-01
6.788721680641174316e-01
7.272316217422485352e-01
7.198745608329772949e-01
7.296546697616577148e-01
6.907016634941101074e-01
7.290424108505249023e-01
1.510176807641983032e-01
7.117026448249816895e-01
7.245410084724426270e-01
7.163966298103332520e-01
6.722073554992675781e-01
7.224811911582946777e-01
7.224045395851135254e-01
7.236323356628417969e-01
6.736536026000976562e-01
7.166188955307006836e-01
7.173680663108825684e-01
7.249805927276611328e-01
7.149377465248107910e-01
7.220522165298461914e-01
7.071400880813598633e-01
6.852454543113708496e-01
6.997486948966979980e-01
6.535935401916503906e-01
6.808198690414428711e-01
4.887666404247283936e-01
6.822327375411987305e-01
7.153847813606262207e-01
7.193719148635864258e-01
7.264379858970642090e-01
7.191612720489501953e-01
6.553344726562500000e-01
7.248733043670654297e-01
7.239297032356262207e-01
7.043569087982177734e-01
5.904838442802429199e-01
4.483802616596221924e-01
6.956065893173217773e-01
7.238385081291198730e-01
7.281647324562072754e-01
7.235908508300781250e-01
7.323582768440246582e-01
7.324104309082031250e-01
7.189868688583374023e-01
7.156141996383666992e-01
6.027060747146606445e-01
4.187197387218475342e-01
7.239572405815124512e-01
7.099341750144958496e-01
6.764165163040161133e-01
7.030822038650512695e-01
6.908377408981323242e-01
7.197327613830566406e-01
7.123548984527587891e-01
7.073752284049987793e-01
7.207916378974914551e-01
7.139347791671752930e-01
7.243143916130065918e-01
7.241584062576293945e-01
7.180869579315185547e-01
6.096652746200561523e-01
7.214037179946899414e-01
6.646208763122558594e-01
7.197173237800598145e-01
7.145426273345947266e-01
7.168881297111511230e-01
6.953040361404418945e-01
7.070432901382446289e-01
7.229322791099548340e-01
7.094652056694030762e-01
7.158883810043334961e-01
7.245449423789978027e-01
7.225596904754638672e-01
6.931307315826416016e-01
6.932522058486938477e-01
7.193521261215209961e-01
6.957547068595886230e-01
4.301064014434814453e-01
7.119256258010864258e-01
7.231963872909545898e-01
6.943053007125854492e-01
7.190042138099670410e-01
6.941719651222229004e-01
5.425261855125427246e-01
7.152129411697387695e-01
6.243275403976440430e-01
7.146647572517395020e-01
6.662216782569885254e-01
6.862986087799072266e-01
7.225016355514526367e-01
6.431344151496887207e-01
6.437031626701354980e-01
6.944561600685119629e-01
7.279650568962097168e-01
7.043372988700866699e-01
7.200911045074462891e-01
7.048257589340209961e-01
6.371653079986572266e-01
7.222788333892822266e-01
7.171742320060729980e-01
7.162355184555053711e-01
7.054232358932495117e-01
6.576066613197326660e-01
7.184244394302368164e-01
7.149120569229125977e-01
7.166238427162170410e-01
7.000444531440734863e-01
7.200458645820617676e-01
6.437927484512329102e-01
7.248665690422058105e-01
6.649916768074035645e-01
6.506436467170715332e-01
5.862092971801757812e-01
7.030369043350219727e-01
6.055655479431152344e-01
7.245242595672607422e-01
7.146589159965515137e-01
7.244790196418762207e-01
7.285259962081909180e-01
7.105972766876220703e-01
7.230092287063598633e-01
6.704599261283874512e-01
7.238948345184326172e-01
7.195076346397399902e-01
7.265828251838684082e-01
7.108525633811950684e-01
6.901581883430480957e-01
6.956647634506225586e-01
7.287251353263854980e-01
6.458490490913391113e-01
7.223395109176635742e-01
6.992572546005249023e-01
7.272221446037292480e-01
6.752938628196716309e-01
6.993793249130249023e-01
7.193099260330200195e-01
7.160816192626953125e-01
7.195347547531127930e-01
7.178221344947814941e-01
7.205463051795959473e-01
6.384297013282775879e-01
7.077380418777465820e-01
7.221347689628601074e-01
6.831999421119689941e-01
7.149854898452758789e-01
7.203620076179504395e-01
7.126591205596923828e-01
7.006151676177978516e-01
7.169921994209289551e-01
7.196165323257446289e-01
7.177042961120605469e-01
7.177983522415161133e-01
7.177730798721313477e-01
4.335369169712066650e-01
7.013975977897644043e-01
7.243985533714294434e-01
6.545710563659667969e-01
7.261474728584289551e-01
7.004120349884033203e-01
7.043666243553161621e-01
7.198026776313781738e-01
7.203009724617004395e-01
7.185452580451965332e-01
6.733779907226562500e-01
7.161583900451660156e-01
6.125642657279968262e-01
7.182328104972839355e-01
6.572393774986267090e-01
7.087399363517761230e-01
6.126439571380615234e-01
7.002348899841308594e-01
7.250484824180603027e-01
7.107104659080505371e-01
7.031120657920837402e-01
5.534805059432983398e-01
7.152966856956481934e-01
7.038100957870483398e-01
6.059039235115051270e-01
7.015722393989562988e-01
6.953510046005249023e-01
7.148572206497192383e-01
7.155671715736389160e-01
7.016055583953857422e-01
7.221533656120300293e-01
7.170043587684631348e-01
7.162196636199951172e-01
7.117120027542114258e-01
6.798806786537170410e-01
6.930201053619384766e-01
7.232394218444824219e-01
7.307999134063720703e-01
7.010171413421630859e-01
7.257319688796997070e-01
7.195485830307006836e-01
7.176725864410400391e-01
7.236437201499938965e-01
7.133201360702514648e-01
7.101721763610839844e-01
6.801967620849609375e-01
7.211245894432067871e-01
7.006635069847106934e-01
7.159909009933471680e-01
7.247760891914367676e-01
7.130619883537292480e-01
7.122047543525695801e-01
7.070783376693725586e-01
6.780531406402587891e-01
4.998261928558349609e-01
7.163363695144653320e-01
7.123162746429443359e-01
7.134685516357421875e-01
7.244520783424377441e-01
7.028963565826416016e-01
7.001813054084777832e-01
6.407539844512939453e-01
7.230656743049621582e-01
6.771258711814880371e-01
6.977050304412841797e-01
7.075486779212951660e-01
6.113014221191406250e-01
6.677255630493164062e-01
7.255380749702453613e-01
7.222535610198974609e-01
