5.021660923957824707e-01
5.091986656188964844e-01
5.050826668739318848e-01
5.080671906471252441e-01
5.062701106071472168e-01
5.065869092941284180e-01
5.038000941276550293e-01
4.975057840347290039e-01
5.021104216575622559e-01
5.070698261260986328e-01
4.870885610580444336e-01
5.088120102882385254e-01
5.103353261947631836e-01
5.127649307250976562e-01
5.037032961845397949e-01
5.060898065567016602e-01
5.010436773300170898e-01
5.071313381195068359e-01
5.050231218338012695e-01
4.944681227207183838e-01
5.076602101325988770e-01
5.019571185111999512e-01
5.095385909080505371e-01
4.918967187404632568e-01
5.187820792198181152e-01
5.014286637306213379e-01
5.048531293869018555e-01
5.084515810012817383e-01
5.045194625854492188e-01
4.986422061920166016e-01
5.041142702102661133e-01
5.029859542846679688e-01
5.096575021743774414e-01
4.986482560634613037e-01
4.994498491287231445e-01
4.996251761913299561e-01
5.096285343170166016e-01
5.012329816818237305e-01
5.057655572891235352e-01
4.981376528739929199e-01
4.957751035690307617e-01
5.054836273193359375e-01
4.983547329902648926e-01
5.091788172721862793e-01
5.041555166244506836e-01
5.043513178825378418e-01
5.070184469223022461e-01
5.139136910438537598e-01
5.058898329734802246e-01
5.004974603652954102e-01
5.015828609466552734e-01
4.993219077587127686e-01
5.120768547058105469e-01
4.937707483768463135e-01
5.057557225227355957e-01
4.991297423839569092e-01
5.056955218315124512e-01
5.020821094512939453e-01
5.142671465873718262e-01
5.018744468688964844e-01
5.098798871040344238e-01
4.872266054153442383e-01
5.052968263626098633e-01
5.074661970138549805e-01
5.041871666908264160e-01
4.892711043357849121e-01
4.951921105384826660e-01
5.051655769348144531e-01
4.974587559700012207e-01
5.068359375000000000e-01
5.070850849151611328e-01
5.017079114913940430e-01
4.911205470561981201e-01
4.921910464763641357e-01
5.093092918395996094e-01
5.105479359626770020e-01
5.086988806724548340e-01
5.022693276405334473e-01
4.989371299743652344e-01
5.071924328804016113e-01
5.070080757141113281e-01
5.080581903457641602e-01
5.021227598190307617e-01
4.944731295108795166e-01
4.849734902381896973e-01
5.061522722244262695e-01
5.062955021858215332e-01
4.883921444416046143e-01
5.109953880310058594e-01
4.986458718776702881e-01
5.047721862792968750e-01
5.092563629150390625e-01
5.066401958465576172e-01
4.902613461017608643e-01
5.037015080451965332e-01
5.113760828971862793e-01
5.044313669204711914e-01
4.851022958755493164e-01
5.133401751518249512e-01
5.105127096176147461e-01
5.089306235313415527e-01
5.157187581062316895e-01
5.052867531776428223e-01
5.031273961067199707e-01
5.046051740646362305e-01
5.061993598937988281e-01
5.007536411285400391e-01
5.063930153846740723e-01
4.994037747383117676e-01
5.030173063278198242e-01
5.121957659721374512e-01
5.082098841667175293e-01
4.983985126018524170e-01
5.083817839622497559e-01
4.875285923480987549e-01
5.047247409820556641e-01
4.908531606197357178e-01
5.084053874015808105e-01
5.118871331214904785e-01
4.857110083103179932e-01
5.035102367401123047e-01
5.045490264892578125e-01
5.056426525115966797e-01
4.998463392257690430e-01
5.008656978607177734e-01
4.877732992172241211e-01
4.998530447483062744e-01
5.083739757537841797e-01
4.916692972183227539e-01
5.025275945663452148e-01
5.072326064109802246e-01
4.888392090797424316e-01
5.049521327018737793e-01
5.021770596504211426e-01
5.011360049247741699e-01
5.089133977890014648e-01
5.060743689537048340e-01
5.010136961936950684e-01
4.948894083499908447e-01
5.072513818740844727e-01
5.059738159179687500e-01
4.854412972927093506e-01
5.104259848594665527e-01
4.951805472373962402e-01
5.010474920272827148e-01
5.040722489356994629e-01
5.107945203781127930e-01
5.028636455535888672e-01
5.009945631027221680e-01
5.103645324707031250e-01
4.869202673435211182e-01
4.942311942577362061e-01
5.068601369857788086e-01
5.076563358306884766e-01
5.064710378646850586e-01
5.005687475204467773e-01
5.102801918983459473e-01
5.040364861488342285e-01
4.892915487289428711e-01
5.038567781448364258e-01
4.972218573093414307e-01
5.041826963424682617e-01
5.076425671577453613e-01
5.011914372444152832e-01
5.026709437370300293e-01
5.092919468879699707e-01
5.117438435554504395e-01
4.990341365337371826e-01
5.054919719696044922e-01
5.015349388122558594e-01
4.987842738628387451e-01
5.090547800064086914e-01
5.066862106323242188e-01
5.110898613929748535e-01
4.861493408679962158e-01
5.015650987625122070e-01
5.107566714286804199e-01
4.871247708797454834e-01
4.984719455242156982e-01
5.147876739501953125e-01
5.078606605529785156e-01
4.966366291046142578e-01
5.095556974411010742e-01
5.117697715759277344e-01
5.044429302215576172e-01
5.015394091606140137e-01
5.062761306762695312e-01
4.851367473602294922e-01
5.020214319229125977e-01
5.061631798744201660e-01
5.098104476928710938e-01
4.973110556602478027e-01
4.876676797866821289e-01
4.984428584575653076e-01
5.075929164886474609e-01
5.005269646644592285e-01
5.046179890632629395e-01
4.852658212184906006e-01
5.070066452026367188e-01
5.198244452476501465e-01
5.045643448829650879e-01
5.031877756118774414e-01
5.045735836029052734e-01
4.999853968620300293e-01
4.984053671360015869e-01
5.046944022178649902e-01
5.022701025009155273e-01
5.030462145805358887e-01
4.972632825374603271e-01
5.012196302413940430e-01
4.988697171211242676e-01
5.060561299324035645e-01
5.129074454307556152e-01
5.009034872055053711e-01
4.856768250465393066e-01
4.887712001800537109e-01
5.018897652626037598e-01
5.046426653861999512e-01
5.065539479255676270e-01
4.998368620872497559e-01
5.023171901702880859e-01
5.062561035156250000e-01
4.992855191230773926e-01
5.045086145401000977e-01
5.014800429344177246e-01
4.934622645378112793e-01
5.081650018692016602e-01
5.065697431564331055e-01
5.070294737815856934e-01
5.074092149734497070e-01
5.048371553421020508e-01
4.855446815490722656e-01
5.076628923416137695e-01
5.003939867019653320e-01
5.005427002906799316e-01
5.125011801719665527e-01
4.962632656097412109e-01
5.133068561553955078e-01
5.102517604827880859e-01
5.135531425476074219e-01
4.994135200977325439e-01
4.865894317626953125e-01
5.064610242843627930e-01
5.015564560890197754e-01
4.884498715400695801e-01
5.045199990272521973e-01
4.868350625038146973e-01
5.042749047279357910e-01
5.088880062103271484e-01
5.090633630752563477e-01
5.040414929389953613e-01
5.104121565818786621e-01
5.024409294128417969e-01
5.140260457992553711e-01
4.851297736167907715e-01
5.061113238334655762e-01
4.907961189746856689e-01
4.964947104454040527e-01
4.853358566761016846e-01
5.063076615333557129e-01
5.063338279724121094e-01
5.089679956436157227e-01
5.053376555442810059e-01
4.981117248535156250e-01
5.089084506034851074e-01
5.048888325691223145e-01
5.025069117546081543e-01
5.071364641189575195e-01
5.048992633819580078e-01
5.017339587211608887e-01
5.154955387115478516e-01
4.992155134677886963e-01
4.991568326950073242e-01
5.072565674781799316e-01
4.994157254695892334e-01
5.050113201141357422e-01
5.035923123359680176e-01
5.037803053855895996e-01
5.135272741317749023e-01
4.851591289043426514e-01
5.077838301658630371e-01
5.005505681037902832e-01
5.057880282402038574e-01
5.081821680068969727e-01
4.877077937126159668e-01
4.891712665557861328e-01
5.114956498146057129e-01
5.068737864494323730e-01
4.928131401538848877e-01
4.967139661312103271e-01
5.119390487670898438e-01
5.007588863372802734e-01
4.873710870742797852e-01
5.032535195350646973e-01
4.896342456340789795e-01
5.076909661293029785e-01
5.027053952217102051e-01
4.961498677730560303e-01
4.916151463985443115e-01
5.070605278015136719e-01
5.028032064437866211e-01
5.049363970756530762e-01
5.043830275535583496e-01
5.037568211555480957e-01
4.884169399738311768e-01
5.118691325187683105e-01
5.081008672714233398e-01
5.013096332550048828e-01
5.027341246604919434e-01
5.037395358085632324e-01
5.044686794281005859e-01
4.967964589595794678e-01
5.068224072456359863e-01
4.930941164493560791e-01
5.091502666473388672e-01
4.913141727447509766e-01
4.859473705291748047e-01
4.859261810779571533e-01
5.195842981338500977e-01
4.863224923610687256e-01
5.150597095489501953e-01
5.062550306320190430e-01
4.973423779010772705e-01
5.035277605056762695e-01
5.055357813835144043e-01
4.907971024513244629e-01
4.995934665203094482e-01
4.992414414882659912e-01
5.099156498908996582e-01
4.913280010223388672e-01
5.001124739646911621e-01
5.029521584510803223e-01
5.026404857635498047e-01
5.019603371620178223e-01
5.020101666450500488e-01
5.038434267044067383e-01
5.051431655883789062e-01
5.091413855552673340e-01
4.985769987106323242e-01
5.048006772994995117e-01
5.136799216270446777e-01
4.973179996013641357e-01
5.117118358612060547e-01
5.044270753860473633e-01
5.121673941612243652e-01
4.982323050498962402e-01
4.914873540401458740e-01
5.025402903556823730e-01
4.978634119033813477e-01
5.039353966712951660e-01
1.519365757703781128e-01
5.014357566833496094e-01
4.851948320865631104e-01
4.858336448669433594e-01
5.034404397010803223e-01
5.001376867294311523e-01
5.021203160285949707e-01
4.998042285442352295e-01
5.024854540824890137e-01
5.042351484298706055e-01
4.965134561061859131e-01
5.012454390525817871e-01
4.854311645030975342e-01
5.096852183341979980e-01
5.096406340599060059e-01
5.045465826988220215e-01
5.103328227996826172e-01
4.984027147293090820e-01
4.987209439277648926e-01
5.080564022064208984e-01
5.031445026397705078e-01
5.082505941390991211e-01
5.063285827636718750e-01
4.998270869255065918e-01
5.052493214607238770e-01
5.072439908981323242e-01
5.100840926170349121e-01
4.986168444156646729e-01
5.096660256385803223e-01
5.047820806503295898e-01
5.083215236663818359e-01
5.081650614738464355e-01
5.147831439971923828e-01
5.038510560989379883e-01
4.871589243412017822e-01
5.089582204818725586e-01
5.103455185890197754e-01
5.047211050987243652e-01
5.067942738533020020e-01
5.070088505744934082e-01
5.114737749099731445e-01
4.980095326900482178e-01
5.111136436462402344e-01
5.130411982536315918e-01
4.944731295108795166e-01
5.206603407859802246e-01
5.138924121856689453e-01
5.031816363334655762e-01
4.855000674724578857e-01
4.876548349857330322e-01
4.863412380218505859e-01
5.008100271224975586e-01
5.062844753265380859e-01
4.991577863693237305e-01
5.039213299751281738e-01
5.040804743766784668e-01
4.980345964431762695e-01
4.976764917373657227e-01
5.081861019134521484e-01
4.954107105731964111e-01
5.021832585334777832e-01
5.051476359367370605e-01
4.998002946376800537e-01
5.067452788352966309e-01
5.056821703910827637e-01
5.139354467391967773e-01
5.050948858261108398e-01
5.084566473960876465e-01
4.993993043899536133e-01
4.985911846160888672e-01
5.147871375083923340e-01
4.895486533641815186e-01
4.922143220901489258e-01
4.887566268444061279e-01
4.972375929355621338e-01
5.026227235794067383e-01
5.033335685729980469e-01
5.068516731262207031e-01
4.905246496200561523e-01
4.853287339210510254e-01
5.075016617774963379e-01
5.077138543128967285e-01
4.996753633022308350e-01
5.051519870758056641e-01
4.851065576076507568e-01
4.856011271476745605e-01
5.055294632911682129e-01
5.062484145164489746e-01
5.024167895317077637e-01
5.046278834342956543e-01
5.065333843231201172e-01
5.026113390922546387e-01
5.147376656532287598e-01
5.106415748596191406e-01
5.060912966728210449e-01
5.036372542381286621e-01
5.057055354118347168e-01
5.040394067764282227e-01
5.027267932891845703e-01
5.052979588508605957e-01
4.965074658393859863e-01
5.043140649795532227e-01
5.044066309928894043e-01
5.105378627777099609e-01
5.054287910461425781e-01
5.067402720451354980e-01
5.049474835395812988e-01
4.982924461364746094e-01
5.016757845878601074e-01
5.025723576545715332e-01
5.081612467765808105e-01
5.087337493896484375e-01
4.976669847965240479e-01
5.009012818336486816e-01
5.115718245506286621e-01
4.994478225708007812e-01
4.954487383365631104e-01
4.884477853775024414e-01
5.051306486129760742e-01
5.044596791267395020e-01
5.092534422874450684e-01
4.853322505950927734e-01
5.028253793716430664e-01
5.106270909309387207e-01
5.052284002304077148e-01
5.033660531044006348e-01
4.862755835056304932e-01
5.094248056411743164e-01
5.037789940834045410e-01
5.070968866348266602e-01
4.966033101081848145e-01
5.073868632316589355e-01
4.991233348846435547e-01
4.921329021453857422e-01
5.055121779441833496e-01
4.859706759452819824e-01
4.859374463558197021e-01
5.021007061004638672e-01
5.093687772750854492e-01
4.887816905975341797e-01
5.111185312271118164e-01
5.043909549713134766e-01
4.991597235202789307e-01
5.023947954177856445e-01
5.037657022476196289e-01
4.929344058036804199e-01
5.069221258163452148e-01
5.065906643867492676e-01
4.917829930782318115e-01
5.047239661216735840e-01
5.025245547294616699e-01
5.041121840476989746e-01
5.023285746574401855e-01
5.023012757301330566e-01
5.020982027053833008e-01
5.027154684066772461e-01
4.992792904376983643e-01
5.079013705253601074e-01
4.920921325683593750e-01
4.961828291416168213e-01
5.159936547279357910e-01
4.919894933700561523e-01
4.898000657558441162e-01
5.086420178413391113e-01
5.052695870399475098e-01
5.082874894142150879e-01
5.008416175842285156e-01
5.072544813156127930e-01
5.059985518455505371e-01
5.005372762680053711e-01
5.180812478065490723e-01
4.856455624103546143e-01
5.038916468620300293e-01
4.919814169406890869e-01
5.138919949531555176e-01
5.098631978034973145e-01
4.953875243663787842e-01
5.059583187103271484e-01
4.999462366104125977e-01
4.994850754737854004e-01
5.027672648429870605e-01
5.031632184982299805e-01
5.096297264099121094e-01
5.066488385200500488e-01
5.051567554473876953e-01
5.075687170028686523e-01
5.023459792137145996e-01
5.066085457801818848e-01
4.958754479885101318e-01
5.074895620346069336e-01
5.104023218154907227e-01
5.043007731437683105e-01
5.075480341911315918e-01
5.115602612495422363e-01
4.951594471931457520e-01
5.020006895065307617e-01
5.028326511383056641e-01
4.865206182003021240e-01
5.062255263328552246e-01
5.101235508918762207e-01
5.051237940788269043e-01
5.029474496841430664e-01
4.933713674545288086e-01
4.855867326259613037e-01
5.059425830841064453e-01
5.047671794891357422e-01
5.015227198600769043e-01
5.016578435897827148e-01
5.118618011474609375e-01
5.037496089935302734e-01
4.976277053356170654e-01
5.013068914413452148e-01
5.062745213508605957e-01
4.898338317871093750e-01
4.870627522468566895e-01
5.114061236381530762e-01
5.061733126640319824e-01
5.081496238708496094e-01
5.139055848121643066e-01
5.080087780952453613e-01
5.074235796928405762e-01
5.066052675247192383e-01
5.155854225158691406e-01
5.140492320060729980e-01
4.997452497482299805e-01
5.065175294876098633e-01
5.113704204559326172e-01
4.986755251884460449e-01
5.000325441360473633e-01
5.054790973663330078e-01
5.096157193183898926e-01
5.084494948387145996e-01
5.057204961776733398e-01
5.092784166336059570e-01
5.041426420211791992e-01
5.058043003082275391e-01
5.101936459541320801e-01
5.068925619125366211e-01
5.024105310440063477e-01
5.043262243270874023e-01
5.070223808288574219e-01
5.041378140449523926e-01
5.067566633224487305e-01
5.078260898590087891e-01
5.048683881759643555e-01
5.078973770141601562e-01
5.079617500305175781e-01
4.947721660137176514e-01
5.060657858848571777e-01
4.862417578697204590e-01
5.030975937843322754e-01
5.039797425270080566e-01
5.000858306884765625e-01
4.891214072704315186e-01
4.905929565429687500e-01
5.041911602020263672e-01
4.856282770633697510e-01
5.139408707618713379e-01
4.874935150146484375e-01
5.081764459609985352e-01
5.174618363380432129e-01
4.976838231086730957e-01
4.855424463748931885e-01
4.968995153903961182e-01
4.966271221637725830e-01
4.886661767959594727e-01
5.082609653472900391e-01
5.119751691818237305e-01
5.036334395408630371e-01
5.105807781219482422e-01
5.085837841033935547e-01
5.067735314369201660e-01
4.998625814914703369e-01
5.107138156890869141e-01
5.004156827926635742e-01
5.113206505775451660e-01
5.011801123619079590e-01
5.092734694480895996e-01
5.095627307891845703e-01
5.024504065513610840e-01
5.053120851516723633e-01
5.012266635894775391e-01
5.064293742179870605e-01
5.081159472465515137e-01
4.974471330642700195e-01
5.022117495536804199e-01
5.021082758903503418e-01
5.065949559211730957e-01
4.920503497123718262e-01
4.971424639225006104e-01
5.137895941734313965e-01
5.028904676437377930e-01
5.123071670532226562e-01
5.025869607925415039e-01
5.011777281761169434e-01
5.057530403137207031e-01
5.010693073272705078e-01
4.856713116168975830e-01
4.918745756149291992e-01
5.046107172966003418e-01
4.967680573463439941e-01
4.853692650794982910e-01
5.103045105934143066e-01
5.025202035903930664e-01
4.933355152606964111e-01
5.054880380630493164e-01
5.090371370315551758e-01
5.098929405212402344e-01
4.997915923595428467e-01
5.169073939323425293e-01
5.042952299118041992e-01
5.145196914672851562e-01
4.972606301307678223e-01
5.080695152282714844e-01
5.043079257011413574e-01
5.028769373893737793e-01
5.004519820213317871e-01
4.973059296607971191e-01
5.051624178886413574e-01
5.097140669822692871e-01
5.068233609199523926e-01
5.052339434623718262e-01
4.979499280452728271e-01
5.057330727577209473e-01
4.929280877113342285e-01
4.856665730476379395e-01
