8.545104861259460449e-01
4.884246885776519775e-01
7.376213669776916504e-01
2.934589684009552002e-01
7.960299849510192871e-01
8.579035401344299316e-01
7.562435269355773926e-01
7.527236938476562500e-01
2.330814301967620850e-01
9.002792835235595703e-01
6.903968453407287598e-01
7.754697799682617188e-01
7.064287066459655762e-01
1.944023370742797852e-01
8.304905891418457031e-01
6.005820631980895996e-01
2.261354625225067139e-01
6.298387050628662109e-01
2.221336662769317627e-01
6.636920571327209473e-01
6.053017973899841309e-01
7.366033792495727539e-01
7.847764492034912109e-01
9.035635590553283691e-01
7.287901639938354492e-01
6.519365310668945312e-01
4.184260070323944092e-01
6.383485198020935059e-01
6.452989578247070312e-01
6.030038595199584961e-01
7.313550114631652832e-01
2.060582488775253296e-01
5.788013935089111328e-01
2.584139108657836914e-01
4.188278317451477051e-01
8.492795228958129883e-01
8.963852524757385254e-01
4.758537709712982178e-01
7.373407483100891113e-01
1.585763096809387207e-01
8.700370192527770996e-01
8.709758520126342773e-01
3.870048224925994873e-01
3.623628914356231689e-01
1.967022269964218140e-01
6.831390261650085449e-01
6.842560172080993652e-01
2.021142542362213135e-01
1.761116981506347656e-01
6.431421041488647461e-01
7.987232804298400879e-01
6.646974682807922363e-01
7.177031040191650391e-01
3.325674831867218018e-01
4.223586916923522949e-01
8.939700126647949219e-01
5.805468559265136719e-01
3.916997015476226807e-01
7.164136767387390137e-01
5.845183134078979492e-01
4.012461006641387939e-01
3.235833644866943359e-01
6.323860287666320801e-01
8.115723133087158203e-01
9.089758396148681641e-01
6.341903209686279297e-01
6.555074453353881836e-01
6.545619368553161621e-01
8.438482880592346191e-01
9.024541974067687988e-01
8.212338089942932129e-01
8.866769075393676758e-01
7.185112237930297852e-01
7.900950312614440918e-01
5.982092618942260742e-01
4.966304004192352295e-01
7.655165195465087891e-01
1.131451278924942017e-01
3.688259050250053406e-02
7.603430002927780151e-02
9.950935095548629761e-02
3.457893133163452148e-01
8.390331268310546875e-01
9.296334385871887207e-01
1.714043915271759033e-01
3.498705625534057617e-01
6.746863126754760742e-01
9.244543910026550293e-01
4.905094504356384277e-01
8.435276746749877930e-01
1.961217224597930908e-01
1.809209585189819336e-01
3.037347495555877686e-01
5.855561494827270508e-01
7.884728312492370605e-01
3.594934046268463135e-01
2.682194411754608154e-01
3.539682924747467041e-01
1.904103755950927734e-01
9.667487442493438721e-02
9.248945116996765137e-01
8.772102594375610352e-01
6.297526359558105469e-01
8.763733506202697754e-01
8.500385284423828125e-01
2.477661967277526855e-01
5.286391377449035645e-01
6.915926337242126465e-01
8.639565110206604004e-01
7.276237607002258301e-01
7.747414112091064453e-01
1.688372045755386353e-01
7.850697040557861328e-01
5.258477926254272461e-01
5.610716938972473145e-01
8.099423646926879883e-01
2.507643401622772217e-01
3.181996047496795654e-01
5.854465961456298828e-01
8.123916983604431152e-01
6.397303938865661621e-01
8.708686828613281250e-01
7.926439642906188965e-01
7.564778923988342285e-01
2.296016365289688110e-01
2.666340768337249756e-01
8.413325548171997070e-01
5.578600764274597168e-01
9.562755823135375977e-01
6.726919412612915039e-01
7.537851333618164062e-01
5.882757306098937988e-01
6.046972274780273438e-01
4.788264334201812744e-01
5.632054209709167480e-01
6.287226676940917969e-01
8.503034114837646484e-01
9.738557785749435425e-02
3.975146114826202393e-01
5.129282474517822266e-01
9.235201478004455566e-01
5.712070465087890625e-01
8.868648409843444824e-01
6.799155473709106445e-01
2.727104425430297852e-01
6.831308603286743164e-01
8.583390712738037109e-02
6.194279789924621582e-01
3.538868129253387451e-01
1.019293069839477539e-01
6.430233716964721680e-01
5.142275691032409668e-01
3.115313351154327393e-01
8.044583201408386230e-01
3.884190618991851807e-01
6.658830642700195312e-01
9.216572046279907227e-01
2.830648422241210938e-01
8.011824488639831543e-01
9.646962881088256836e-01
2.406653463840484619e-01
9.344304203987121582e-01
5.616337656974792480e-01
1.618844717741012573e-01
4.431526362895965576e-01
3.013246953487396240e-01
7.122486233711242676e-01
8.306757211685180664e-01
6.097483038902282715e-01
4.263334274291992188e-01
6.515241265296936035e-01
9.901142865419387817e-02
7.993553280830383301e-01
6.656095385551452637e-01
8.142386078834533691e-01
6.497765183448791504e-01
2.368127405643463135e-01
8.934211134910583496e-01
4.672329127788543701e-01
1.750344932079315186e-01
7.785595059394836426e-01
2.678937911987304688e-01
7.914742827415466309e-01
8.137927055358886719e-01
9.267442226409912109e-01
9.133780002593994141e-01
7.871283888816833496e-01
8.133599162101745605e-01
9.303092956542968750e-01
3.760267496109008789e-01
3.783968985080718994e-01
5.452790856361389160e-01
8.300273418426513672e-01
7.813226580619812012e-01
5.643798708915710449e-01
7.369130849838256836e-01
7.777637839317321777e-01
7.662524580955505371e-01
8.945980072021484375e-01
2.784612774848937988e-01
8.676203489303588867e-01
5.228345990180969238e-01
8.853315711021423340e-01
1.035064086318016052e-01
7.433260083198547363e-01
3.048168122768402100e-01
7.576212286949157715e-01
2.027596384286880493e-01
7.968081235885620117e-01
5.025367140769958496e-01
7.390865087509155273e-01
8.432596921920776367e-01
5.041680932044982910e-01
7.495313137769699097e-02
3.759274184703826904e-01
5.746933817863464355e-01
7.539581656455993652e-01
7.938750982284545898e-01
6.205093860626220703e-01
3.701230287551879883e-01
8.343979120254516602e-01
8.596106767654418945e-01
8.356100320816040039e-01
9.141060709953308105e-01
6.672140955924987793e-01
8.360695838928222656e-01
2.673668861389160156e-01
1.923995316028594971e-01
1.624300628900527954e-01
6.598206758499145508e-01
4.381138384342193604e-01
8.835117816925048828e-01
4.275311827659606934e-01
8.086140751838684082e-01
7.209416627883911133e-01
7.487123608589172363e-01
2.218387722969055176e-01
4.175957441329956055e-01
7.377189397811889648e-01
8.448977470397949219e-01
8.505413532257080078e-01
7.678147554397583008e-01
1.402177065610885620e-01
8.292380571365356445e-01
2.909600138664245605e-01
5.663877129554748535e-01
8.623262494802474976e-02
2.914828360080718994e-01
9.458634853363037109e-01
9.121952652931213379e-01
9.196371436119079590e-01
3.389536142349243164e-01
1.150552332401275635e-01
8.601942062377929688e-01
6.336719989776611328e-01
7.769439816474914551e-01
9.381530284881591797e-01
8.905475735664367676e-01
7.528381943702697754e-01
2.230547219514846802e-01
1.099293008446693420e-01
3.872693181037902832e-01
9.041721224784851074e-01
8.425338268280029297e-01
4.470247924327850342e-01
6.560990214347839355e-01
6.648627519607543945e-01
2.455036342144012451e-01
7.963848114013671875e-01
1.941905021667480469e-01
8.459221124649047852e-01
8.277113437652587891e-01
6.341589093208312988e-01
9.257173538208007812e-01
9.017613530158996582e-01
6.729922890663146973e-01
1.671246737241744995e-01
5.081548690795898438e-01
1.959286034107208252e-01
7.657313942909240723e-01
8.875556588172912598e-01
3.481552600860595703e-01
5.955481529235839844e-01
5.370272994041442871e-01
7.600756883621215820e-01
7.683913111686706543e-01
8.285508155822753906e-01
7.204465866088867188e-01
8.953399062156677246e-01
8.846053481101989746e-02
2.404420673847198486e-01
1.494573205709457397e-01
2.895115911960601807e-01
8.252782821655273438e-01
7.833946347236633301e-01
3.027899563312530518e-01
8.536272048950195312e-01
6.258761286735534668e-01
8.171219825744628906e-01
8.884032368659973145e-01
1.440687030553817749e-01
1.295914053916931152e-01
4.155473709106445312e-01
9.295984506607055664e-01
8.086507916450500488e-01
9.298915266990661621e-01
6.827649474143981934e-01
2.182563543319702148e-01
9.283494949340820312e-01
6.543096303939819336e-01
6.466785669326782227e-01
7.507030367851257324e-01
7.052604556083679199e-01
6.967417001724243164e-01
6.046022176742553711e-01
2.832466959953308105e-01
8.335926532745361328e-01
4.858795702457427979e-01
2.265147119760513306e-01
7.018235921859741211e-01
6.510066986083984375e-01
2.789193689823150635e-01
8.959146142005920410e-01
8.673070669174194336e-01
8.529243469238281250e-01
4.012833535671234131e-01
8.272930979728698730e-01
6.146625876426696777e-01
9.088404178619384766e-01
6.661168336868286133e-01
8.194087147712707520e-01
7.850049734115600586e-01
6.560088396072387695e-01
1.998577564954757690e-01
4.461488723754882812e-01
1.362450271844863892e-01
5.145009160041809082e-01
3.144434392452239990e-01
1.302648037672042847e-01
1.937942802906036377e-01
3.725980222225189209e-01
5.318596959114074707e-01
8.437446355819702148e-01
2.772912085056304932e-01
1.899747550487518311e-01
1.471877992153167725e-01
3.086345791816711426e-01
1.834147125482559204e-01
4.290425777435302734e-01
8.280993103981018066e-01
3.408949673175811768e-01
8.286140561103820801e-01
7.002069950103759766e-01
7.625082731246948242e-01
3.944914340972900391e-01
3.392658829689025879e-01
4.819452464580535889e-01
7.391009330749511719e-01
7.868382930755615234e-01
8.322592973709106445e-01
7.778633236885070801e-01
7.060394883155822754e-01
9.877609461545944214e-02
8.180589675903320312e-01
8.390859961509704590e-01
6.729301810264587402e-01
7.029720544815063477e-01
4.894629120826721191e-01
2.453326135873794556e-01
4.702057540416717529e-01
7.438530325889587402e-01
8.997723460197448730e-02
2.749896645545959473e-01
2.403732687234878540e-01
8.803754448890686035e-01
4.885327816009521484e-01
8.715004324913024902e-01
7.175784111022949219e-01
6.567010283470153809e-01
3.751017451286315918e-01
7.954640388488769531e-01
2.661800384521484375e-01
3.799892961978912354e-01
8.916310667991638184e-01
1.059531643986701965e-01
4.607249498367309570e-01
9.121594429016113281e-01
7.591643333435058594e-01
5.635039806365966797e-01
3.262045979499816895e-01
2.931352853775024414e-01
1.529709994792938232e-01
2.879349291324615479e-01
1.481408923864364624e-01
7.562203407287597656e-01
7.730524539947509766e-01
7.424024343490600586e-01
1.552853137254714966e-01
9.158402085304260254e-01
2.699605524539947510e-01
7.350431680679321289e-01
7.705020308494567871e-01
8.375291228294372559e-01
6.703651547431945801e-01
2.067088037729263306e-01
4.465326070785522461e-01
5.861660838127136230e-01
4.557788074016571045e-01
7.585318088531494141e-01
8.707946538925170898e-01
7.048588395118713379e-01
6.582538485527038574e-01
7.735074758529663086e-01
3.631268739700317383e-01
8.349878787994384766e-01
9.153219461441040039e-01
8.387366533279418945e-01
8.459499478340148926e-01
7.677115201950073242e-01
1.346512138843536377e-01
2.629568278789520264e-01
4.352217614650726318e-01
3.543009161949157715e-01
9.454879164695739746e-01
4.757816493511199951e-01
3.638466894626617432e-01
5.059891939163208008e-01
1.246207877993583679e-01
2.285095155239105225e-01
1.479069888591766357e-01
8.261673450469970703e-01
4.743613004684448242e-01
3.950128257274627686e-01
3.396955728530883789e-01
7.103824615478515625e-02
8.434644937515258789e-01
5.951997041702270508e-01
5.723704099655151367e-01
8.596004843711853027e-01
6.390754580497741699e-01
5.498308539390563965e-01
2.276192754507064819e-01
7.647722363471984863e-01
4.701038300991058350e-01
1.561209708452224731e-01
7.252359986305236816e-01
7.978082299232482910e-01
2.404886037111282349e-01
4.596335887908935547e-01
4.828917384147644043e-01
3.547466099262237549e-01
1.631556004285812378e-01
2.724224627017974854e-01
1.557563394308090210e-01
4.459622204303741455e-01
2.972392737865447998e-01
7.816993594169616699e-01
3.325674831867218018e-01
8.046802282333374023e-01
2.888005971908569336e-01
8.977132439613342285e-01
7.799312472343444824e-01
7.030786275863647461e-01
6.878595352172851562e-01
2.416258007287979126e-01
7.445485591888427734e-01
1.645725071430206299e-01
1.717473715543746948e-01
1.548149734735488892e-01
7.883275151252746582e-01
2.599932551383972168e-01
3.477585911750793457e-01
4.904030561447143555e-01
9.194709062576293945e-01
5.977843403816223145e-01
9.038610458374023438e-01
9.072323441505432129e-01
5.742267370223999023e-01
3.196536600589752197e-01
8.709247708320617676e-01
5.249148607254028320e-01
4.520880579948425293e-01
5.151069760322570801e-01
3.480846285820007324e-01
1.345438510179519653e-01
4.127949178218841553e-01
4.787572920322418213e-01
7.572797536849975586e-01
9.056372642517089844e-01
6.226576566696166992e-01
2.179787009954452515e-01
5.746933817863464355e-01
5.567417740821838379e-01
3.998750448226928711e-01
7.335892915725708008e-01
3.798339366912841797e-01
7.622260451316833496e-01
7.445696592330932617e-01
7.384546399116516113e-01
2.622615396976470947e-01
6.238493323326110840e-01
9.159635901451110840e-01
7.176252603530883789e-01
4.383228123188018799e-01
8.968437910079956055e-01
1.627097427845001221e-01
2.686511278152465820e-01
6.340147256851196289e-01
8.048913478851318359e-01
1.537533402442932129e-01
8.020635843276977539e-01
6.714190840721130371e-01
2.049059718847274780e-01
7.996780872344970703e-01
1.727433800697326660e-01
8.417329788208007812e-01
1.854870617389678955e-01
9.069567918777465820e-02
5.451740026473999023e-01
7.295288443565368652e-01
6.893720626831054688e-01
3.413603305816650391e-01
4.129422605037689209e-01
3.924528360366821289e-01
6.452218890190124512e-01
5.682488679885864258e-01
8.646845817565917969e-01
9.072193503379821777e-01
8.008708357810974121e-01
1.349198669195175171e-01
2.984993159770965576e-01
8.095014691352844238e-01
4.725763201713562012e-01
3.743048012256622314e-01
2.093234658241271973e-01
2.040749937295913696e-01
9.265586733818054199e-01
6.414632797241210938e-01
5.842041969299316406e-01
5.173593163490295410e-01
8.335592150688171387e-01
3.050432503223419189e-01
9.140169620513916016e-01
3.440638780593872070e-01
7.129575610160827637e-01
7.374035120010375977e-01
8.626407980918884277e-01
2.275427877902984619e-01
4.404044747352600098e-01
3.343660533428192139e-01
7.451893389225006104e-02
5.671434402465820312e-01
9.189329147338867188e-01
2.239301055669784546e-01
7.323275804519653320e-01
5.068506002426147461e-01
5.899710059165954590e-01
6.004079580307006836e-01
2.512751221656799316e-01
8.194111585617065430e-01
1.870621442794799805e-01
3.841464817523956299e-01
9.954347461462020874e-02
3.425276577472686768e-01
6.243196725845336914e-01
2.205911874771118164e-01
8.481559157371520996e-01
4.991650283336639404e-01
6.807311773300170898e-01
7.458121180534362793e-01
2.860925495624542236e-01
8.061335682868957520e-01
2.545975446701049805e-01
6.990152597427368164e-02
8.569394946098327637e-01
7.725592851638793945e-01
8.125732541084289551e-01
8.121531605720520020e-01
6.678547859191894531e-01
7.738339900970458984e-01
8.462131023406982422e-01
7.378471493721008301e-01
1.955189257860183716e-01
9.238622337579727173e-02
6.422947049140930176e-01
3.801373839378356934e-01
1.444991827011108398e-01
7.000382542610168457e-01
3.013505637645721436e-01
9.523624181747436523e-01
9.308243989944458008e-01
3.187154531478881836e-01
6.742496043443679810e-02
4.230629801750183105e-01
3.774072229862213135e-01
5.327474474906921387e-01
8.549107909202575684e-01
4.397669732570648193e-01
7.229257225990295410e-01
7.853991985321044922e-01
1.626790016889572144e-01
4.516193866729736328e-01
3.719472885131835938e-01
5.321099758148193359e-01
9.065455794334411621e-01
8.788503408432006836e-01
8.350664973258972168e-01
1.877017021179199219e-01
7.255067825317382812e-01
6.453521847724914551e-01
4.792795181274414062e-01
5.732045769691467285e-01
8.703160881996154785e-01
6.063426733016967773e-01
9.117071032524108887e-01
8.334212899208068848e-01
9.018102884292602539e-01
7.567759156227111816e-01
6.564493179321289062e-01
1.562817543745040894e-01
4.613166749477386475e-01
4.441411197185516357e-01
3.782647550106048584e-01
7.486396431922912598e-01
1.833956241607666016e-01
8.287365436553955078e-01
1.099293008446693420e-01
7.683076262474060059e-01
8.866092562675476074e-02
1.532819569110870361e-01
2.790841162204742432e-01
7.460139393806457520e-01
8.429306149482727051e-01
2.758274078369140625e-01
9.211459159851074219e-01
6.391877532005310059e-01
5.450577735900878906e-01
1.553594022989273071e-01
1.446676850318908691e-01
4.745291173458099365e-01
7.745555043220520020e-01
8.290066719055175781e-01
8.002172708511352539e-01
9.129232764244079590e-01
5.778904557228088379e-01
1.029165238142013550e-01
8.259472250938415527e-01
8.139474391937255859e-01
8.493805527687072754e-01
8.783490061759948730e-01
2.137071192264556885e-01
7.735121250152587891e-01
8.832700252532958984e-01
4.198427796363830566e-01
6.793769001960754395e-01
7.148493528366088867e-01
3.513263463973999023e-01
5.632400512695312500e-01
2.174887508153915405e-01
7.599687576293945312e-01
7.600480914115905762e-01
4.910798370838165283e-01
4.871098399162292480e-01
6.103280186653137207e-01
7.962701916694641113e-01
2.626911401748657227e-01
5.939199328422546387e-01
1.572924405336380005e-01
5.611172318458557129e-01
8.488668799400329590e-01
1.907324939966201782e-01
8.038674592971801758e-01
5.490810871124267578e-01
5.483140349388122559e-01
8.460736870765686035e-01
1.673094928264617920e-01
8.101918101310729980e-01
6.594386100769042969e-01
8.302027583122253418e-01
6.232752799987792969e-01
8.666836023330688477e-01
4.284193813800811768e-01
2.334375381469726562e-01
7.818209528923034668e-01
1.793155819177627563e-01
3.204966187477111816e-01
7.500346302986145020e-01
2.916490137577056885e-01
7.815477252006530762e-01
7.681046128273010254e-01
7.196944952011108398e-01
4.737157523632049561e-01
6.266031861305236816e-01
9.347764253616333008e-01
6.433121562004089355e-01
8.146390318870544434e-01
5.357539653778076172e-01
7.536197304725646973e-01
7.243939638137817383e-01
8.850209116935729980e-01
3.422744274139404297e-01
4.832218587398529053e-01
8.819621205329895020e-01
1.190723106265068054e-01
5.093050003051757812e-01
8.903765678405761719e-01
2.262240648269653320e-01
9.070976972579956055e-01
3.517884016036987305e-01
6.205732822418212891e-01
6.658888459205627441e-01
9.403660893440246582e-01
8.767992258071899414e-01
4.000815749168395996e-01
7.901417016983032227e-01
8.392717242240905762e-01
5.959964990615844727e-01
4.913321882486343384e-02
1.311178058385848999e-01
5.899055600166320801e-01
7.290543913841247559e-01
3.818592429161071777e-01
4.107422828674316406e-01
7.989041209220886230e-01
5.126587152481079102e-01
9.258261322975158691e-01
1.244516074657440186e-01
9.333431124687194824e-01
1.261732876300811768e-01
7.199532389640808105e-01
8.072335720062255859e-01
3.268085122108459473e-01
8.038891553878784180e-01
5.627962946891784668e-01
6.678547859191894531e-01
8.519945740699768066e-01
8.958148956298828125e-01
7.562281489372253418e-01
8.982337117195129395e-01
4.675988852977752686e-01
8.712692260742187500e-01
8.667914867401123047e-01
7.764495015144348145e-01
3.455417454242706299e-01
1.715783625841140747e-01
2.172606587409973145e-01
1.770632117986679077e-01
8.087183833122253418e-01
9.211459159851074219e-01
4.876968264579772949e-01
8.118967413902282715e-01
4.722901582717895508e-01
6.580768227577209473e-01
6.970722675323486328e-01
7.689107060432434082e-01
9.240649342536926270e-01
7.263019680976867676e-01
8.355766534805297852e-01
6.662088036537170410e-01
6.875338554382324219e-01
8.491241931915283203e-01
8.397097587585449219e-01
1.819552630186080933e-01
7.443034052848815918e-01
1.907498240470886230e-01
6.718531250953674316e-01
6.551223993301391602e-01
6.102954745292663574e-01
8.783887028694152832e-01
6.302083730697631836e-01
3.941592872142791748e-01
2.318968772888183594e-01
5.509136319160461426e-01
8.444215655326843262e-01
2.731898725032806396e-01
9.662343561649322510e-02
6.381585597991943359e-01
3.738388717174530029e-01
7.051345705986022949e-01
7.454853057861328125e-01
8.832858204841613770e-01
4.318852722644805908e-01
6.406481266021728516e-01
2.452267259359359741e-01
5.158408880233764648e-01
8.889617919921875000e-01
7.233222126960754395e-01
9.106042385101318359e-01
3.843296766281127930e-01
6.662725210189819336e-01
2.653725445270538330e-01
8.280153870582580566e-01
4.092026650905609131e-01
7.013069987297058105e-01
9.065998792648315430e-01
1.556899547576904297e-01
6.183828115463256836e-01
6.864209771156311035e-01
7.579696774482727051e-01
7.277023792266845703e-01
2.688429057598114014e-01
1.099293008446693420e-01
6.366268396377563477e-01
9.300416111946105957e-01
2.158388048410415649e-01
8.630695343017578125e-01
8.264335393905639648e-01
5.697249770164489746e-01
9.376900196075439453e-01
3.694782555103302002e-01
4.572516083717346191e-01
7.816278338432312012e-01
9.084451794624328613e-01
2.710874676704406738e-01
9.143823981285095215e-01
9.006662368774414062e-01
1.510409414768218994e-01
4.588054418563842773e-01
3.866411447525024414e-01
8.257845640182495117e-01
8.887773752212524414e-01
4.197775423526763916e-01
2.496037483215332031e-01
8.884569406509399414e-01
5.067902803421020508e-01
4.502651393413543701e-01
3.510854244232177734e-01
2.178532332181930542e-01
6.679824590682983398e-01
8.118320703506469727e-01
9.197358489036560059e-01
6.340698003768920898e-01
7.510460019111633301e-01
8.033789396286010742e-01
6.821454763412475586e-01
3.895279765129089355e-01
3.525218963623046875e-01
5.314499735832214355e-01
6.549898982048034668e-01
5.378032922744750977e-01
2.833656072616577148e-01
2.749408781528472900e-01
5.870324373245239258e-01
3.066275715827941895e-01
8.841400742530822754e-01
2.734162807464599609e-01
9.232133030891418457e-01
7.515890002250671387e-01
6.955989003181457520e-01
7.080617547035217285e-01
8.554047346115112305e-01
2.109565213322639465e-02
8.907378911972045898e-01
5.018349885940551758e-01
6.063230633735656738e-01
4.415910243988037109e-01
1.851395815610885620e-01
8.956763148307800293e-02
4.111742675304412842e-01
2.555771768093109131e-01
8.331136703491210938e-01
5.020528435707092285e-01
2.628122866153717041e-01
1.370683461427688599e-01
9.527106881141662598e-01
6.760547757148742676e-01
1.975140720605850220e-01
4.084049463272094727e-01
2.014823108911514282e-01
3.498638570308685303e-01
4.646850526332855225e-01
8.052874207496643066e-01
4.561716616153717041e-01
7.551309466361999512e-01
6.564596295356750488e-02
7.503718137741088867e-02
1.681576520204544067e-01
8.014563322067260742e-01
6.287226676940917969e-01
5.822558403015136719e-01
5.225992798805236816e-01
9.056751728057861328e-01
7.673909664154052734e-01
3.733250498771667480e-01
6.620702147483825684e-01
9.068453907966613770e-01
8.347707390785217285e-01
6.350805759429931641e-01
8.687183260917663574e-01
8.651219010353088379e-01
2.806792259216308594e-01
8.989961147308349609e-01
5.504522919654846191e-01
8.164649009704589844e-01
8.778060078620910645e-01
7.100216150283813477e-01
1.420286595821380615e-01
7.629985809326171875e-01
2.394390702247619629e-01
2.604632377624511719e-01
2.133347690105438232e-01
6.215262413024902344e-01
9.316152930259704590e-01
7.979075312614440918e-01
5.739613175392150879e-01
9.355293959379196167e-02
7.084051370620727539e-01
4.222314953804016113e-01
8.312395811080932617e-01
8.424702882766723633e-01
4.905682504177093506e-01
6.624180674552917480e-01
2.351500093936920166e-01
3.950430452823638916e-01
5.736928582191467285e-01
8.284377455711364746e-01
5.599378943443298340e-01
6.644272208213806152e-01
7.808397412300109863e-01
6.064564585685729980e-01
5.494694113731384277e-01
8.887678980827331543e-01
9.328402876853942871e-01
8.288867473602294922e-01
5.435373783111572266e-01
2.058681249618530273e-01
7.978496551513671875e-01
1.926249414682388306e-01
7.824645042419433594e-01
4.018693566322326660e-01
9.262878298759460449e-01
2.494468390941619873e-01
8.926658034324645996e-01
3.515945374965667725e-01
2.976338565349578857e-01
1.273810267448425293e-01
9.334272742271423340e-01
9.133396148681640625e-01
1.051362007856369019e-01
4.376382529735565186e-01
5.898404121398925781e-01
9.025912284851074219e-01
8.276457339525222778e-02
8.793508410453796387e-01
8.981266617774963379e-01
6.830076575279235840e-01
5.919106602668762207e-01
5.240668058395385742e-01
3.456937670707702637e-01
8.871102929115295410e-01
3.092975318431854248e-01
4.358464777469635010e-01
7.235960364341735840e-01
7.399390339851379395e-01
9.024327397346496582e-01
8.375394940376281738e-01
8.919138908386230469e-01
8.709405064582824707e-01
1.472994834184646606e-01
7.024233341217041016e-01
8.686426281929016113e-01
8.233261704444885254e-01
7.178964018821716309e-01
6.889000535011291504e-01
4.383206069469451904e-01
6.496196985244750977e-01
7.258173823356628418e-01
8.985996842384338379e-01
7.378454804420471191e-01
2.459459900856018066e-01
6.572367548942565918e-01
1.630679517984390259e-01
7.366033792495727539e-01
1.861482709646224976e-01
4.616169333457946777e-01
7.748690247535705566e-01
7.305337786674499512e-01
8.748072385787963867e-02
2.141974717378616333e-01
8.451199531555175781e-01
5.103089809417724609e-01
7.782745957374572754e-01
2.514213025569915771e-01
6.056300401687622070e-01
5.084448456764221191e-01
4.159775376319885254e-01
8.199273943901062012e-01
8.619319796562194824e-01
4.488500058650970459e-01
7.593280076980590820e-01
6.706560850143432617e-01
8.403261005878448486e-02
4.091885685920715332e-01
7.290290594100952148e-01
6.207953691482543945e-01
3.967595100402832031e-01
1.536044329404830933e-01
4.308477044105529785e-01
8.695445656776428223e-01
6.753582954406738281e-01
1.940717399120330811e-01
6.892940402030944824e-01
8.423902392387390137e-01
4.613986611366271973e-01
9.438095688819885254e-01
8.826256394386291504e-01
4.473295807838439941e-01
5.016821026802062988e-01
9.311699271202087402e-01
9.066022038459777832e-01
8.155586719512939453e-01
6.248967051506042480e-01
8.280153870582580566e-01
8.486322313547134399e-02
7.481927275657653809e-01
6.714975833892822266e-01
5.243015885353088379e-01
7.649055123329162598e-01
4.305170774459838867e-01
4.775618016719818115e-01
4.978550672531127930e-01
5.893111824989318848e-01
8.820997476577758789e-01
1.854817271232604980e-01
7.540008425712585449e-01
1.839189976453781128e-01
8.815167546272277832e-01
2.462416887283325195e-01
5.377340316772460938e-01
1.394864469766616821e-01
7.105877399444580078e-01
7.189601659774780273e-01
7.023510932922363281e-01
8.112953901290893555e-01
1.791482269763946533e-01
8.175715804100036621e-01
6.678394079208374023e-01
4.478681385517120361e-01
8.325512409210205078e-01
3.405302762985229492e-01
8.648471236228942871e-01
5.710808038711547852e-01
3.875283002853393555e-01
3.501917421817779541e-01
8.943314850330352783e-02
7.745850086212158203e-01
8.597252368927001953e-01
3.593603670597076416e-01
7.606984376907348633e-01
5.206872820854187012e-01
3.339203596115112305e-01
7.696670889854431152e-01
4.466453939676284790e-02
7.354435920715332031e-01
4.064737558364868164e-01
8.591648340225219727e-01
4.321568608283996582e-01
6.287226676940917969e-01
3.196375966072082520e-01
2.318840622901916504e-01
7.261363267898559570e-01
5.282644033432006836e-01
1.595147699117660522e-01
6.921076774597167969e-01
8.175715804100036621e-01
7.780529260635375977e-01
7.530719637870788574e-01
6.084985136985778809e-01
1.923187226057052612e-01
5.051614642143249512e-01
9.018102884292602539e-01
6.742498278617858887e-01
9.034033417701721191e-01
1.695423871278762817e-01
7.590342760086059570e-01
7.209417223930358887e-01
8.054561167955398560e-02
2.397220134735107422e-01
8.681527972221374512e-01
8.700224757194519043e-01
4.474361538887023926e-01
3.770033419132232666e-01
8.267521858215332031e-01
9.055185317993164062e-01
8.914464116096496582e-01
6.050395965576171875e-01
8.744707107543945312e-01
5.975910425186157227e-01
7.379245162010192871e-01
3.583784103393554688e-01
8.371266126632690430e-01
5.799121856689453125e-01
6.763459444046020508e-01
2.865822017192840576e-01
1.273917853832244873e-01
2.157573997974395752e-01
1.847777068614959717e-01
2.190806269645690918e-01
1.331989318132400513e-01
7.722817659378051758e-01
6.198818683624267578e-01
4.323827624320983887e-01
6.529365777969360352e-01
1.365819871425628662e-01
7.236365675926208496e-01
6.144821643829345703e-01
8.673512935638427734e-01
5.875669121742248535e-01
7.558528780937194824e-01
7.038830518722534180e-01
5.354905128479003906e-01
1.140788942575454712e-01
2.675866484642028809e-01
6.192794442176818848e-01
9.024218916893005371e-01
2.892944812774658203e-01
6.744499206542968750e-01
1.817674189805984497e-01
2.015168666839599609e-01
2.049293816089630127e-01
8.458731174468994141e-01
8.465031981468200684e-01
1.006054580211639404e-01
8.634015917778015137e-01
9.107773303985595703e-01
4.782773554325103760e-01
2.880290150642395020e-01
8.266019821166992188e-01
6.760107874870300293e-01
2.064277380704879761e-01
3.693740665912628174e-01
7.395434975624084473e-01
2.255689948797225952e-01
6.955844759941101074e-01
4.595059454441070557e-01
8.081845641136169434e-01
8.832620382308959961e-01
4.290778636932373047e-01
2.589298486709594727e-01
7.854685187339782715e-02
1.913154721260070801e-01
9.070603847503662109e-01
5.725883245468139648e-01
4.375210106372833252e-01
5.445092320442199707e-01
6.433055400848388672e-01
9.079333543777465820e-01
8.730685710906982422e-01
4.889653921127319336e-01
3.730170726776123047e-01
7.060214877128601074e-01
2.138104438781738281e-01
1.595729589462280273e-01
4.769987165927886963e-01
6.695176959037780762e-01
9.016814827919006348e-01
6.080060452222824097e-02
5.479270815849304199e-01
5.251797437667846680e-01
8.737419843673706055e-01
4.989113807678222656e-01
8.625483512878417969e-01
2.184864282608032227e-01
5.829804539680480957e-01
8.300061225891113281e-01
4.890366494655609131e-01
1.919197440147399902e-01
4.124037027359008789e-01
5.501439571380615234e-01
1.375260800123214722e-01
8.876584768295288086e-01
8.906703591346740723e-01
1.926643699407577515e-01
4.673464000225067139e-01
2.535192072391510010e-01
1.015137210488319397e-01
2.080793082714080811e-01
2.514720335602760315e-02
6.832291483879089355e-01
9.086278676986694336e-01
9.662781953811645508e-01
1.427482366561889648e-01
4.493167996406555176e-01
5.899222493171691895e-01
5.536428093910217285e-01
6.674396395683288574e-01
7.220554947853088379e-01
8.103142380714416504e-01
6.368324160575866699e-02
2.799620628356933594e-01
8.303368091583251953e-01
3.680945932865142822e-01
3.211326003074645996e-01
7.651957273483276367e-01
3.128369748592376709e-01
2.952401340007781982e-01
2.396751195192337036e-01
7.907807230949401855e-01
4.499685466289520264e-01
8.289203643798828125e-01
8.003962635993957520e-01
8.946569561958312988e-01
8.948731422424316406e-01
7.647030353546142578e-01
2.594825923442840576e-01
3.789273202419281006e-01
8.790329694747924805e-01
3.129652142524719238e-01
5.398195981979370117e-01
6.564716100692749023e-01
6.834796071052551270e-01
5.288434028625488281e-01
1.235949844121932983e-01
8.365758061408996582e-01
9.109949469566345215e-01
1.228285878896713257e-01
2.731317579746246338e-01
3.071128427982330322e-01
3.609329164028167725e-01
2.436062395572662354e-01
5.282628536224365234e-01
6.642604470252990723e-01
2.870220541954040527e-01
3.595208227634429932e-01
8.696550130844116211e-01
8.795453906059265137e-01
4.891228079795837402e-01
3.002282977104187012e-01
1.761169284582138062e-01
8.518486022949218750e-01
4.793730378150939941e-01
7.063193917274475098e-01
6.391075253486633301e-01
6.636898517608642578e-01
8.583151102066040039e-01
7.342496514320373535e-01
2.753385007381439209e-01
4.997968375682830811e-01
5.570968985557556152e-01
6.668611764907836914e-01
9.207241535186767578e-01
7.131514549255371094e-01
6.819031238555908203e-01
8.471423983573913574e-01
4.881761372089385986e-01
8.219387531280517578e-01
4.383206069469451904e-01
7.092818021774291992e-01
6.260197758674621582e-01
1.150742620229721069e-01
5.728036761283874512e-01
8.235324025154113770e-01
5.651146173477172852e-01
8.637155890464782715e-01
8.271013498306274414e-01
5.131264925003051758e-01
6.103661060333251953e-01
2.591184675693511963e-01
1.823271960020065308e-01
7.183898687362670898e-01
8.926287293434143066e-01
7.778022289276123047e-01
4.607671499252319336e-01
7.965290546417236328e-01
1.822277754545211792e-01
2.987493276596069336e-01
7.685253620147705078e-01
8.365942239761352539e-01
3.069159686565399170e-01
6.669979095458984375e-01
1.204103827476501465e-01
1.744025796651840210e-01
9.089738726615905762e-01
2.996250689029693604e-01
8.257402777671813965e-01
7.838469743728637695e-01
8.423640131950378418e-01
2.931250035762786865e-01
1.198393404483795166e-01
1.191391274333000183e-01
8.666862845420837402e-01
8.708962202072143555e-01
9.585701674222946167e-02
3.880792558193206787e-01
2.094020247459411621e-01
1.733272522687911987e-01
5.760850906372070312e-01
8.344488739967346191e-01
7.968417406082153320e-01
7.471910119056701660e-01
8.476129174232482910e-01
5.416430830955505371e-01
1.310204863548278809e-01
3.609375953674316406e-01
8.138373494148254395e-01
3.928714990615844727e-01
3.828686773777008057e-01
6.455269455909729004e-02
7.525654435157775879e-01
6.468160748481750488e-01
9.159076809883117676e-01
7.743804454803466797e-01
6.624644398689270020e-01
2.683085501194000244e-01
4.809350073337554932e-01
7.648019194602966309e-01
3.115180432796478271e-01
2.061426192522048950e-01
1.284318715333938599e-01
6.715406179428100586e-01
1.419985592365264893e-01
8.447719812393188477e-01
7.699614763259887695e-01
5.821508765220642090e-01
5.401460528373718262e-01
4.595386981964111328e-01
2.666711509227752686e-01
4.625472128391265869e-01
6.483336091041564941e-01
4.166934788227081299e-01
3.504176437854766846e-01
6.569460630416870117e-01
5.948649048805236816e-01
7.426671385765075684e-01
3.753630220890045166e-01
4.144544303417205811e-01
7.445530891418457031e-01
7.840867340564727783e-02
8.909960985183715820e-01
7.420341968536376953e-01
9.364182353019714355e-01
8.265355825424194336e-01
1.996940672397613525e-01
4.931689202785491943e-01
5.673065185546875000e-01
1.301127672195434570e-01
7.105723619461059570e-01
7.365311384201049805e-01
6.376730203628540039e-01
2.723176777362823486e-01
8.030709624290466309e-01
2.079912871122360229e-01
9.043023586273193359e-01
1.420370042324066162e-01
9.053602218627929688e-01
7.940844297409057617e-01
3.239992260932922363e-01
9.078171253204345703e-01
9.403695464134216309e-01
1.463702172040939331e-01
8.365374207496643066e-01
1.962035596370697021e-01
5.555025339126586914e-01
2.209253609180450439e-02
4.634163081645965576e-01
5.392205715179443359e-01
4.765736758708953857e-01
8.369030952453613281e-01
2.080010175704956055e-01
7.068432569503784180e-01
7.369132637977600098e-01
8.591648340225219727e-01
8.281611800193786621e-01
8.812994956970214844e-01
5.709267258644104004e-01
1.246746778488159180e-01
9.407243877649307251e-02
5.828099846839904785e-01
6.691133379936218262e-01
4.871098399162292480e-01
9.214245676994323730e-01
3.354465067386627197e-01
8.625314235687255859e-01
7.131930589675903320e-01
8.617109656333923340e-01
7.900835573673248291e-02
2.589676082134246826e-01
9.418628215789794922e-01
5.051413774490356445e-01
7.433508038520812988e-01
7.601929903030395508e-01
7.485015988349914551e-01
2.334933131933212280e-01
8.169651031494140625e-01
9.214556813240051270e-01
5.747996568679809570e-01
6.703436374664306641e-01
1.846572756767272949e-01
5.460343956947326660e-01
7.416442632675170898e-01
4.714612364768981934e-01
4.901240766048431396e-01
5.619747564196586609e-02
2.867363095283508301e-01
3.810551166534423828e-01
5.985082387924194336e-01
2.899541854858398438e-01
7.031722068786621094e-01
3.998452723026275635e-01
3.023709952831268311e-01
6.695564985275268555e-01
7.682362198829650879e-01
3.971390128135681152e-01
6.836086511611938477e-01
5.147673487663269043e-01
3.824062049388885498e-01
8.309915065765380859e-01
1.443772017955780029e-01
8.704453706741333008e-01
1.589492857456207275e-01
9.203377366065979004e-01
8.617373704910278320e-01
8.429396152496337891e-01
7.516139149665832520e-01
5.027024149894714355e-01
5.110701322555541992e-01
4.413792192935943604e-01
4.097248315811157227e-01
5.637654662132263184e-01
4.719332456588745117e-01
6.929162144660949707e-01
7.961983680725097656e-01
4.675351977348327637e-01
6.056857109069824219e-01
7.617555856704711914e-01
4.612025320529937744e-01
7.019301056861877441e-01
7.210547327995300293e-01
1.554243564605712891e-01
5.554569363594055176e-01
1.999131441116333008e-01
8.660099506378173828e-01
8.658621907234191895e-01
3.096872568130493164e-01
4.047271609306335449e-01
8.694609403610229492e-01
5.130361318588256836e-01
5.130808353424072266e-01
3.446492254734039307e-01
1.836657822132110596e-01
1.092106625437736511e-01
1.115652397274971008e-01
4.802389740943908691e-01
9.562612324953079224e-02
8.389030098915100098e-01
3.309409022331237793e-01
7.723039388656616211e-01
3.640623986721038818e-01
8.581125736236572266e-01
9.268126487731933594e-01
2.107843458652496338e-01
4.171295166015625000e-01
8.125732541084289551e-01
8.294351100921630859e-01
7.743219733238220215e-01
8.117631673812866211e-01
3.166451752185821533e-01
8.048148751258850098e-01
5.237652063369750977e-01
8.892793059349060059e-01
1.614125967025756836e-01
5.668039917945861816e-01
3.850329518318176270e-01
8.459861874580383301e-01
8.648685216903686523e-01
8.926765620708465576e-02
7.734715342521667480e-01
2.335570305585861206e-01
4.709517657756805420e-01
5.714302659034729004e-01
3.935540616512298584e-01
4.664034843444824219e-01
5.595942139625549316e-01
1.593063175678253174e-01
4.757760763168334961e-01
9.189600348472595215e-01
6.975799202919006348e-01
5.039337277412414551e-01
8.708621859550476074e-01
9.375990629196166992e-01
7.829663753509521484e-01
8.428574800491333008e-01
4.286700487136840820e-01
3.772223591804504395e-01
6.088123917579650879e-01
9.548240900039672852e-01
9.128690958023071289e-01
4.012864828109741211e-01
7.884650230407714844e-01
8.901478052139282227e-01
2.144397795200347900e-01
8.131072521209716797e-01
4.743891358375549316e-01
9.571482241153717041e-02
4.379200041294097900e-01
2.655857801437377930e-01
3.139690160751342773e-01
2.557629942893981934e-01
2.353633642196655273e-01
8.512831330299377441e-01
5.847335457801818848e-01
8.219752460718154907e-02
9.323146343231201172e-01
7.679018974304199219e-01
8.243067860603332520e-01
8.681347370147705078e-01
8.605596423149108887e-01
6.110817790031433105e-01
7.781836390495300293e-01
8.899511098861694336e-01
5.734038352966308594e-01
9.222262501716613770e-01
7.383344769477844238e-01
8.972997665405273438e-01
5.496137738227844238e-01
8.433386683464050293e-01
6.934571266174316406e-01
4.653438329696655273e-01
7.779634594917297363e-01
6.370522379875183105e-01
7.978032231330871582e-01
3.451841771602630615e-01
1.778731942176818848e-01
7.440795898437500000e-01
7.470492124557495117e-01
8.828639984130859375e-01
6.518993377685546875e-01
5.560617446899414062e-01
6.834009885787963867e-01
2.281451821327209473e-01
2.907345592975616455e-01
3.826916813850402832e-01
2.864213585853576660e-01
9.004522562026977539e-01
5.791516900062561035e-01
8.439801931381225586e-01
7.908405661582946777e-01
8.526495099067687988e-01
8.078395724296569824e-01
3.724071383476257324e-01
1.401463449001312256e-01
3.661687374114990234e-01
7.552922368049621582e-01
6.709356307983398438e-01
7.173811793327331543e-01
7.954620122909545898e-01
2.637490034103393555e-01
3.786227405071258545e-01
1.785320490598678589e-01
9.179438948631286621e-01
2.641274929046630859e-01
1.468716263771057129e-01
1.274475753307342529e-01
8.812062740325927734e-01
4.864909946918487549e-01
2.285138964653015137e-01
3.879017233848571777e-01
8.421170711517333984e-01
9.028557538986206055e-01
9.139405936002731323e-02
9.165872931480407715e-01
7.811239957809448242e-01
7.445350289344787598e-01
5.721452087163925171e-02
6.569518446922302246e-01
7.666762471199035645e-01
5.328736305236816406e-01
7.408379316329956055e-01
1.373189240694046021e-01
7.396156191825866699e-01
7.851401567459106445e-01
7.877521514892578125e-01
8.890348076820373535e-01
6.167629957199096680e-01
6.271814107894897461e-01
3.478126525878906250e-01
4.382969737052917480e-01
4.470056295394897461e-01
7.770509123802185059e-01
6.473364830017089844e-01
2.645657062530517578e-01
8.214619159698486328e-01
4.247584939002990723e-01
7.696301341056823730e-01
8.281626701354980469e-01
6.214393377304077148e-01
6.025335192680358887e-01
1.499774008989334106e-01
7.874636054039001465e-01
4.271542429924011230e-01
2.257839739322662354e-01
8.235290050506591797e-01
6.529107689857482910e-01
8.264584541320800781e-01
2.575350999832153320e-01
8.843675255775451660e-02
7.696086168289184570e-01
4.489066898822784424e-01
6.115645170211791992e-01
3.308414518833160400e-01
4.676875174045562744e-01
8.175714612007141113e-01
3.559969365596771240e-01
9.454622119665145874e-02
7.919525504112243652e-01
7.731198519468307495e-02
3.393501043319702148e-01
7.413213849067687988e-01
