7.237063646316528320e-01
3.495055437088012695e-01
7.638454437255859375e-01
6.180904507637023926e-01
7.377412319183349609e-01
6.278567314147949219e-01
7.224574089050292969e-01
1.516081839799880981e-01
7.411900162696838379e-01
6.248698830604553223e-01
5.548838973045349121e-01
7.496595382690429688e-01
1.026692539453506470e-01
6.938637495040893555e-01
4.140702486038208008e-01
6.706659793853759766e-01
7.545210123062133789e-01
6.911718845367431641e-01
7.044053077697753906e-01
2.076322585344314575e-02
6.532076001167297363e-01
2.004736661911010742e-01
6.581157445907592773e-01
7.474440336227416992e-01
7.418134808540344238e-01
7.515698671340942383e-01
6.859807968139648438e-01
7.115575075149536133e-01
6.777127385139465332e-01
1.402374505996704102e-01
7.842053174972534180e-01
5.540482401847839355e-01
7.014179229736328125e-01
7.370846271514892578e-01
4.539628922939300537e-01
6.920967698097229004e-01
7.055251002311706543e-01
7.311294674873352051e-01
7.543460130691528320e-01
5.380214452743530273e-01
7.552671432495117188e-01
7.206538915634155273e-01
7.747105360031127930e-01
7.018255591392517090e-01
2.777419686317443848e-01
6.596687436103820801e-01
1.353463828563690186e-01
2.716989219188690186e-01
5.529801249504089355e-01
3.515743911266326904e-01
2.981993257999420166e-01
6.738087534904479980e-01
7.179539203643798828e-01
5.864319205284118652e-01
5.453978180885314941e-01
7.145850658416748047e-01
7.600725889205932617e-01
5.728916525840759277e-01
6.955018639564514160e-01
6.332126259803771973e-01
2.727082371711730957e-01
7.667232155799865723e-01
6.522141098976135254e-01
2.891612984240055084e-02
1.619687676429748535e-02
7.299519181251525879e-01
7.106378078460693359e-01
1.246093213558197021e-01
6.928725242614746094e-01
3.670940399169921875e-01
2.566368319094181061e-02
5.298654437065124512e-01
6.677860617637634277e-01
7.035723924636840820e-01
7.598549723625183105e-01
7.335005998611450195e-01
5.334540009498596191e-01
6.042008996009826660e-01
5.303136706352233887e-01
7.808231711387634277e-01
7.620561122894287109e-01
7.302084565162658691e-01
2.949822247028350830e-01
2.135435938835144043e-01
3.779324293136596680e-01
7.586102485656738281e-01
6.776549220085144043e-01
7.479370832443237305e-01
5.183414816856384277e-01
5.818028002977371216e-02
6.716685295104980469e-01
6.331855654716491699e-01
7.071553468704223633e-01
6.024823188781738281e-01
7.779422402381896973e-01
7.083646059036254883e-01
5.807461142539978027e-01
7.498107552528381348e-01
1.508048474788665771e-01
7.437800765037536621e-01
6.565241813659667969e-01
7.762562632560729980e-01
6.318240761756896973e-01
7.390749454498291016e-01
7.082636356353759766e-01
6.483848094940185547e-01
4.851426556706428528e-02
7.044011950492858887e-01
6.906173229217529297e-01
3.392810001969337463e-02
6.298753619194030762e-01
7.457529902458190918e-01
5.712867155671119690e-02
7.980293631553649902e-01
6.590166091918945312e-01
5.396844744682312012e-01
5.941780209541320801e-01
5.013102889060974121e-01
6.402364969253540039e-01
7.349859476089477539e-01
4.483717083930969238e-01
6.327017545700073242e-01
4.547559916973114014e-01
6.755666732788085938e-01
5.775493979454040527e-01
6.219987869262695312e-01
4.940082132816314697e-01
7.979488372802734375e-01
7.571169734001159668e-01
4.726724028587341309e-01
6.710389256477355957e-01
7.263489961624145508e-01
6.967539191246032715e-01
2.069254666566848755e-01
3.612431585788726807e-01
6.870443224906921387e-01
7.241665720939636230e-01
2.492331564426422119e-01
1.247223541140556335e-01
4.629959464073181152e-01
6.291900277137756348e-01
7.398188710212707520e-01
7.231880426406860352e-01
6.959350109100341797e-01
7.223706841468811035e-01
7.573460936546325684e-01
5.757933855056762695e-01
7.324271798133850098e-01
6.422270536422729492e-01
1.090046837925910950e-01
6.044868826866149902e-01
6.593145132064819336e-01
9.981974959373474121e-02
6.228660345077514648e-01
6.980535984039306641e-01
6.768507361412048340e-01
5.414515137672424316e-01
3.392050266265869141e-01
7.512459754943847656e-01
7.630257606506347656e-01
7.181625366210937500e-01
4.801429510116577148e-01
6.632221937179565430e-01
8.839845657348632812e-02
6.465632319450378418e-01
7.667998075485229492e-01
7.284527420997619629e-01
6.376364231109619141e-01
7.124887704849243164e-01
5.835422873497009277e-01
6.742924451828002930e-01
6.620914936065673828e-01
1.066824868321418762e-01
4.799888134002685547e-01
7.139630317687988281e-01
7.130384445190429688e-01
4.788269698619842529e-01
6.434639692306518555e-01
7.148164510726928711e-01
6.824361681938171387e-01
7.595907449722290039e-01
6.269447207450866699e-01
6.737834215164184570e-01
5.839372873306274414e-01
1.874218136072158813e-01
6.722657680511474609e-01
7.419238090515136719e-01
9.533032029867172241e-02
6.164051890373229980e-01
2.992984354496002197e-01
6.883012056350708008e-01
5.343879461288452148e-01
7.008022069931030273e-01
7.371143102645874023e-01
2.319338619709014893e-01
3.424895703792572021e-01
2.934508323669433594e-01
7.738044261932373047e-01
5.003501772880554199e-01
6.928997635841369629e-01
7.144250869750976562e-01
3.058371134102344513e-02
7.490162849426269531e-01
6.899604201316833496e-01
6.967552900314331055e-01
5.279977917671203613e-01
7.288311719894409180e-01
6.092098951339721680e-01
6.955353021621704102e-01
7.575226426124572754e-01
7.556388378143310547e-01
7.422665953636169434e-01
6.014015674591064453e-01
2.872622944414615631e-02
7.651855349540710449e-01
5.583313703536987305e-01
6.717542409896850586e-01
9.988521784543991089e-02
7.206985354423522949e-01
7.764454483985900879e-01
7.165425419807434082e-01
6.974878907203674316e-01
4.443669021129608154e-01
5.219388008117675781e-01
6.931377053260803223e-01
5.558706521987915039e-01
1.815369576215744019e-01
7.337372303009033203e-01
2.838257253170013428e-01
7.161793112754821777e-01
7.067396640777587891e-01
7.210956811904907227e-01
6.825418472290039062e-01
6.448249816894531250e-01
6.671016216278076172e-01
3.173223733901977539e-01
7.492323517799377441e-01
3.612863719463348389e-01
6.362087130546569824e-01
4.021097719669342041e-01
6.764292120933532715e-01
4.942061603069305420e-01
6.710149049758911133e-01
2.070833146572113037e-01
6.845495104789733887e-01
6.532426476478576660e-01
6.697930097579956055e-01
7.549217939376831055e-01
7.520904541015625000e-01
7.046154737472534180e-01
4.717377126216888428e-01
7.355864048004150391e-01
4.873792529106140137e-01
6.598238348960876465e-01
6.153753399848937988e-01
6.937322020530700684e-02
5.787315964698791504e-01
5.327168703079223633e-01
5.371060967445373535e-01
7.099465727806091309e-01
6.419700384140014648e-01
6.878016591072082520e-01
6.945795416831970215e-01
6.959791183471679688e-01
1.560029685497283936e-01
3.551582694053649902e-01
3.935218155384063721e-01
6.085552573204040527e-01
7.613858580589294434e-01
7.404711246490478516e-01
6.997336745262145996e-01
5.140943527221679688e-01
6.756052970886230469e-01
6.970362663269042969e-01
4.999670982360839844e-01
4.443534314632415771e-01
5.626634955406188965e-01
7.532699704170227051e-01
6.245893836021423340e-01
6.326146125793457031e-01
2.627789676189422607e-01
6.427300572395324707e-01
7.049924731254577637e-01
7.219054698944091797e-01
5.796291232109069824e-01
3.328753411769866943e-01
7.592776417732238770e-01
7.200757265090942383e-01
1.117951348423957825e-01
7.014072537422180176e-01
5.516372919082641602e-01
4.666668921709060669e-02
7.187938094139099121e-01
7.344424128532409668e-01
7.027202844619750977e-01
7.698467969894409180e-01
6.913160681724548340e-01
7.462947964668273926e-01
7.246050834655761719e-01
7.402380108833312988e-01
7.157936096191406250e-01
6.465322375297546387e-01
4.758741259574890137e-01
7.490258812904357910e-01
7.559768557548522949e-01
6.953675746917724609e-01
5.780023932456970215e-01
4.727092683315277100e-01
6.842313408851623535e-01
6.697408556938171387e-01
2.171643674373626709e-01
7.610261440277099609e-01
7.311689853668212891e-01
6.557465195655822754e-01
6.936523318290710449e-01
5.635187625885009766e-01
3.754031360149383545e-01
6.060726642608642578e-01
6.394909620285034180e-01
8.910971879959106445e-02
3.048564195632934570e-01
7.397806048393249512e-01
5.107297003269195557e-02
6.924224495887756348e-01
4.906921982765197754e-01
6.970914006233215332e-01
6.832128167152404785e-01
4.017666578292846680e-01
7.562136054039001465e-01
6.720551252365112305e-01
3.606120645999908447e-01
7.666120529174804688e-01
6.880107522010803223e-01
6.883269548416137695e-01
6.943975090980529785e-01
7.749279737472534180e-01
6.129548698663711548e-02
6.864218711853027344e-01
7.150192856788635254e-01
7.820100784301757812e-01
6.288422346115112305e-01
6.899734139442443848e-01
6.975412964820861816e-01
5.600795149803161621e-01
6.961568593978881836e-01
6.002295017242431641e-01
6.492350101470947266e-01
7.749254107475280762e-01
3.830831646919250488e-01
6.990078687667846680e-01
5.300602316856384277e-01
2.727082371711730957e-01
7.510963082313537598e-01
7.653725147247314453e-01
7.697130441665649414e-01
6.468688696622848511e-02
7.273218035697937012e-01
6.261366605758666992e-01
7.374320626258850098e-01
7.508759498596191406e-01
7.404711246490478516e-01
2.431874908506870270e-02
5.975918769836425781e-01
6.463943123817443848e-01
6.465302705764770508e-01
3.960623145103454590e-01
1.233761236071586609e-01
6.906012296676635742e-01
7.113446593284606934e-01
4.642642140388488770e-01
6.557862758636474609e-01
4.117598831653594971e-01
5.467180013656616211e-01
3.518553972244262695e-01
6.021655201911926270e-01
7.394298315048217773e-01
2.417115271091461182e-01
4.993176162242889404e-01
5.884808301925659180e-01
1.107004210352897644e-01
7.064904570579528809e-01
2.733983099460601807e-01
6.673816442489624023e-01
4.156088829040527344e-01
6.706659793853759766e-01
2.507320344448089600e-01
7.458875775337219238e-01
7.380996346473693848e-01
7.263037562370300293e-01
6.288829445838928223e-01
7.325139045715332031e-01
7.484964132308959961e-01
6.402075886726379395e-01
6.788361668586730957e-01
7.501996755599975586e-01
5.678187608718872070e-01
3.718279898166656494e-01
7.471235990524291992e-01
7.579408884048461914e-01
6.056594252586364746e-01
2.201320789754390717e-02
6.988561153411865234e-01
7.261252999305725098e-01
7.848724722862243652e-01
7.168742418289184570e-01
7.197465300559997559e-01
6.415793895721435547e-01
6.694067120552062988e-01
7.547010779380798340e-01
4.903241693973541260e-01
6.399532556533813477e-01
7.854834794998168945e-01
6.770495772361755371e-01
7.333851456642150879e-01
5.994676351547241211e-01
6.972638964653015137e-01
7.228133082389831543e-01
6.766791939735412598e-01
4.904719293117523193e-01
7.750564217567443848e-01
5.950695276260375977e-01
2.504100203514099121e-01
5.042328238487243652e-01
6.640964150428771973e-01
6.115322709083557129e-01
6.914482116699218750e-01
7.433359026908874512e-01
7.171852588653564453e-01
6.543175578117370605e-01
6.647146940231323242e-01
3.393134772777557373e-01
5.762904882431030273e-01
7.125732898712158203e-01
6.379255056381225586e-01
6.987125873565673828e-01
7.155073881149291992e-01
6.256521940231323242e-01
7.228181958198547363e-01
2.142079919576644897e-01
7.574539780616760254e-01
7.124943733215332031e-01
6.969774365425109863e-01
7.803611159324645996e-01
7.616043686866760254e-01
6.783105134963989258e-01
7.387092709541320801e-01
6.958516836166381836e-01
7.326911687850952148e-01
7.416268587112426758e-01
1.697353087365627289e-02
1.450289040803909302e-02
5.806400179862976074e-01
1.172043532133102417e-01
7.108892202377319336e-01
7.711553573608398438e-01
6.635208129882812500e-01
7.592386603355407715e-01
5.753081440925598145e-01
7.203069925308227539e-01
6.800236105918884277e-01
7.167392969131469727e-01
7.387923598289489746e-01
6.903055906295776367e-01
7.715693116188049316e-01
5.749712586402893066e-01
7.090445160865783691e-01
1.068539395928382874e-01
7.703447341918945312e-01
7.493788003921508789e-01
7.027385234832763672e-01
5.856052637100219727e-01
7.033285498619079590e-01
7.209838032722473145e-01
7.618851065635681152e-01
5.108191967010498047e-01
7.129739522933959961e-01
7.267113327980041504e-01
5.826938748359680176e-01
5.485327839851379395e-01
6.684734672307968140e-02
6.671910285949707031e-01
7.216756939888000488e-01
7.313362956047058105e-01
5.734792947769165039e-01
6.918272972106933594e-01
6.784978508949279785e-01
7.584044337272644043e-01
7.678005695343017578e-01
7.346254587173461914e-01
3.617601692676544189e-01
3.034016489982604980e-01
7.122364044189453125e-01
6.350497007369995117e-01
7.136097550392150879e-01
6.703237295150756836e-01
7.637185454368591309e-01
5.443385243415832520e-01
7.229145169258117676e-01
6.666705608367919922e-01
6.674923300743103027e-01
6.369765400886535645e-01
7.235199809074401855e-01
6.066886782646179199e-01
7.563727498054504395e-01
7.241792678833007812e-01
7.083530426025390625e-01
6.099415421485900879e-01
7.575156688690185547e-01
7.675486803054809570e-01
3.226403146982192993e-02
7.283738255500793457e-01
7.218459844589233398e-01
6.651813983917236328e-01
3.803402185440063477e-01
6.351143717765808105e-01
5.915024876594543457e-01
7.583439946174621582e-01
6.664946675300598145e-01
7.161503285169601440e-02
7.640638947486877441e-01
4.373146593570709229e-01
6.942214965820312500e-01
7.620964050292968750e-01
5.129752159118652344e-01
5.783308744430541992e-01
6.336901783943176270e-01
6.834163665771484375e-01
7.569996714591979980e-01
6.066886782646179199e-01
6.860827803611755371e-01
4.042688757181167603e-02
7.281587719917297363e-01
6.516770124435424805e-01
4.550726413726806641e-01
6.888946294784545898e-01
6.365550756454467773e-01
4.144616127014160156e-01
7.614995837211608887e-01
7.122436165809631348e-01
7.354488968849182129e-01
6.679452061653137207e-01
3.231169283390045166e-01
1.884673535823822021e-01
6.943975090980529785e-01
6.076808571815490723e-01
3.983348608016967773e-02
7.172330021858215332e-01
6.439419388771057129e-01
7.097579240798950195e-01
7.292006611824035645e-01
7.697104811668395996e-01
7.251231670379638672e-01
7.390841245651245117e-01
1.454991400241851807e-01
5.028000473976135254e-01
4.537944793701171875e-01
7.239559292793273926e-01
5.380475521087646484e-01
6.738237142562866211e-01
7.117645144462585449e-01
6.502804756164550781e-01
2.079307436943054199e-01
7.111583948135375977e-01
4.303463995456695557e-01
6.387949585914611816e-01
7.573348283767700195e-01
1.956590861082077026e-01
6.112558841705322266e-01
7.277764678001403809e-01
7.540526390075683594e-01
7.293872237205505371e-01
2.871225774288177490e-01
6.755552887916564941e-01
6.965277791023254395e-01
6.908742785453796387e-01
3.789211064577102661e-02
1.911576539278030396e-01
6.610081195831298828e-01
7.001916766166687012e-01
2.547836303710937500e-01
7.269830107688903809e-01
7.675479650497436523e-01
1.995341181755065918e-01
6.348446607589721680e-01
5.491215586662292480e-01
3.038572072982788086e-01
5.474814176559448242e-01
6.920600533485412598e-01
5.868282914161682129e-01
5.224009752273559570e-01
6.846368312835693359e-01
6.434309482574462891e-01
6.817829608917236328e-01
4.503316283226013184e-01
6.850544214248657227e-01
5.826344490051269531e-01
7.033919692039489746e-01
5.046234726905822754e-01
6.655492186546325684e-01
7.538952827453613281e-01
6.286118030548095703e-01
5.902617573738098145e-01
6.788917779922485352e-01
7.140422463417053223e-01
5.081253647804260254e-01
6.814948916435241699e-01
7.191824913024902344e-01
7.351319193840026855e-01
6.711242794990539551e-01
1.940640807151794434e-01
2.676183879375457764e-01
7.022157907485961914e-01
6.821527481079101562e-01
3.963597416877746582e-01
6.266711950302124023e-01
6.747827529907226562e-01
6.786304116249084473e-01
1.627503186464309692e-01
6.091300845146179199e-01
7.123296856880187988e-01
2.369738556444644928e-02
4.393753111362457275e-01
7.449122071266174316e-01
3.351588249206542969e-01
7.499922513961791992e-01
4.541509747505187988e-01
4.026528894901275635e-01
7.217816710472106934e-01
6.054031252861022949e-01
3.854722380638122559e-01
7.872466444969177246e-01
6.226140856742858887e-01
6.180564165115356445e-01
3.249335885047912598e-01
1.998613215982913971e-02
7.297956347465515137e-01
4.921330139040946960e-02
7.412930130958557129e-01
7.712838649749755859e-01
7.142207026481628418e-01
6.761353015899658203e-01
7.558309435844421387e-01
4.781932011246681213e-02
4.506232738494873047e-01
7.949820756912231445e-01
7.941306233406066895e-01
7.499760985374450684e-01
7.413756847381591797e-01
4.401616156101226807e-01
7.157678008079528809e-01
5.108247995376586914e-01
7.830336093902587891e-01
6.167649030685424805e-01
2.713315188884735107e-01
7.496234774589538574e-01
6.552685499191284180e-01
7.299904823303222656e-01
5.284042954444885254e-01
6.254683732986450195e-01
2.827381789684295654e-01
6.063759326934814453e-01
7.281536459922790527e-01
6.366681307554244995e-02
6.636657118797302246e-01
7.132248282432556152e-01
6.519833207130432129e-01
1.950677782297134399e-01
6.743702292442321777e-01
6.776549220085144043e-01
7.488856315612792969e-01
3.336747288703918457e-01
7.681416273117065430e-01
6.965842247009277344e-01
7.288218736648559570e-01
1.933661848306655884e-01
7.440543770790100098e-01
5.871330499649047852e-01
7.448406219482421875e-01
6.993908286094665527e-01
7.820874452590942383e-01
6.965543627738952637e-01
5.808236002922058105e-01
2.482597082853317261e-01
5.406165122985839844e-01
1.614636555314064026e-02
7.817301154136657715e-01
3.949607312679290771e-01
7.274865508079528809e-01
7.589979767799377441e-01
4.844409227371215820e-01
7.093957066535949707e-01
7.274391055107116699e-01
7.012241482734680176e-01
6.376045346260070801e-01
3.807247877120971680e-01
6.614792346954345703e-01
6.559700369834899902e-01
7.263871431350708008e-01
5.068780183792114258e-01
1.911599040031433105e-01
6.328705549240112305e-01
2.042582929134368896e-01
6.020860001444816589e-02
7.626975774765014648e-01
7.195503115653991699e-01
6.372318863868713379e-01
6.001963019371032715e-01
7.254251837730407715e-01
7.468959093093872070e-01
6.218394637107849121e-01
7.006354928016662598e-01
4.242308139801025391e-01
3.159029483795166016e-01
6.270724534988403320e-01
6.695122122764587402e-01
2.855791449546813965e-01
6.336364746093750000e-01
6.937013268470764160e-01
7.069666385650634766e-01
7.136415839195251465e-01
5.244431495666503906e-01
4.170648455619812012e-01
7.484151124954223633e-01
7.494593262672424316e-01
6.098331809043884277e-01
5.656182765960693359e-01
4.730868637561798096e-01
8.430837094783782959e-02
5.812003612518310547e-01
7.069656848907470703e-01
4.158585965633392334e-01
7.283049225807189941e-01
6.707129478454589844e-01
7.374945282936096191e-01
7.491961717605590820e-01
5.689045786857604980e-01
6.638498902320861816e-01
2.360383234918117523e-02
5.907393693923950195e-01
7.048816680908203125e-01
7.220551371574401855e-01
1.430801302194595337e-01
7.588156461715698242e-01
6.762931942939758301e-01
7.178015708923339844e-01
7.362138628959655762e-01
1.569944918155670166e-01
5.100172758102416992e-01
6.700065732002258301e-01
7.731406092643737793e-01
9.907674789428710938e-02
7.238918542861938477e-01
7.328133583068847656e-01
7.097212076187133789e-01
6.309612989425659180e-01
6.319993138313293457e-01
7.350904345512390137e-01
7.194062471389770508e-01
5.104474425315856934e-01
1.429421734064817429e-02
7.320041656494140625e-01
4.843005836009979248e-01
4.810214936733245850e-01
7.116097211837768555e-01
6.373041868209838867e-01
4.061656892299652100e-01
7.161148190498352051e-01
3.798309266567230225e-01
6.431415081024169922e-01
2.936514616012573242e-01
7.235469222068786621e-01
7.003918290138244629e-01
2.739690244197845459e-01
4.287626743316650391e-01
6.986028552055358887e-01
1.003995612263679504e-01
6.381770968437194824e-01
6.894248723983764648e-01
5.385266542434692383e-01
6.609243750572204590e-01
7.695726156234741211e-01
7.024607658386230469e-01
7.864356637001037598e-01
5.245721340179443359e-01
5.838799476623535156e-01
7.208777666091918945e-01
7.168908715248107910e-01
6.521289944648742676e-01
6.513761281967163086e-01
6.080799698829650879e-01
5.700315833091735840e-01
7.634974718093872070e-01
6.264743208885192871e-01
6.078018546104431152e-01
4.064300954341888428e-01
1.561022456735372543e-02
7.264159321784973145e-01
6.692675352096557617e-01
6.259320378303527832e-01
6.212234497070312500e-01
9.137882292270660400e-02
2.642064727842807770e-02
7.650496959686279297e-01
5.426148772239685059e-01
7.386707663536071777e-01
6.629303693771362305e-01
6.806713938713073730e-01
7.374237775802612305e-01
6.551113724708557129e-01
6.672335267066955566e-01
2.866767942905426025e-01
7.343270778656005859e-01
3.821362555027008057e-02
6.647880673408508301e-01
3.295753598213195801e-01
7.325609922409057617e-01
7.128766179084777832e-01
6.148049831390380859e-01
5.161617994308471680e-01
3.951610922813415527e-01
7.270922064781188965e-01
1.565856635570526123e-01
7.701218128204345703e-01
4.818169176578521729e-01
5.202437639236450195e-01
5.904414653778076172e-01
7.011449933052062988e-01
7.135326266288757324e-01
6.619320511817932129e-01
2.991124689579010010e-01
7.607570886611938477e-01
4.241212606430053711e-01
6.379720568656921387e-01
6.614040732383728027e-01
6.985050439834594727e-01
7.532031536102294922e-01
6.577770113945007324e-01
7.409110665321350098e-01
7.200719118118286133e-01
7.023293375968933105e-01
6.369168162345886230e-01
7.325378656387329102e-01
5.084541440010070801e-01
2.780417352914810181e-02
3.336668312549591064e-01
5.642455220222473145e-01
7.377752661705017090e-01
6.232925057411193848e-01
7.546929121017456055e-01
1.999565362930297852e-01
7.926667332649230957e-01
5.620340704917907715e-01
5.871885418891906738e-01
2.470316924154758453e-02
3.785645961761474609e-02
4.549784064292907715e-01
4.783253669738769531e-01
7.640187740325927734e-01
6.796140670776367188e-01
4.293449223041534424e-01
2.638391554355621338e-01
6.702070236206054688e-01
4.835842251777648926e-01
7.104480862617492676e-01
3.965387046337127686e-01
7.673071026802062988e-01
6.851823329925537109e-01
7.903752923011779785e-01
6.929751634597778320e-01
4.860603809356689453e-01
2.142484784126281738e-01
4.629959464073181152e-01
3.587009012699127197e-01
7.359053492546081543e-01
6.766163110733032227e-01
7.106173038482666016e-01
6.198187470436096191e-01
7.300655841827392578e-01
7.389501333236694336e-01
7.270846366882324219e-01
4.267817139625549316e-01
7.775083184242248535e-01
7.614336609840393066e-01
1.184569001197814941e-01
6.639381051063537598e-01
6.819216012954711914e-01
6.648108959197998047e-01
6.125749945640563965e-01
7.544143795967102051e-01
6.514196991920471191e-01
5.833364129066467285e-01
1.355714946985244751e-01
6.521695852279663086e-01
6.334158778190612793e-01
7.015111446380615234e-01
6.524798870086669922e-01
5.942865610122680664e-01
6.356368660926818848e-01
1.060918718576431274e-01
3.976606428623199463e-01
3.242214322090148926e-01
5.536591410636901855e-01
5.438955426216125488e-01
5.243546962738037109e-01
5.676924586296081543e-01
5.817174911499023438e-01
7.292349636554718018e-02
7.547141313552856445e-01
7.793637514114379883e-01
6.871171593666076660e-01
6.782389879226684570e-01
2.998612448573112488e-02
6.611608862876892090e-01
6.267674565315246582e-01
1.684587746858596802e-01
7.004844546318054199e-01
5.587490797042846680e-01
7.009723782539367676e-01
6.987886428833007812e-01
6.498762369155883789e-01
6.887614727020263672e-01
6.282781958580017090e-01
7.612906694412231445e-01
6.747498512268066406e-01
7.312701940536499023e-01
7.022157907485961914e-01
7.592668533325195312e-01
3.187870979309082031e-01
6.175106167793273926e-01
1.558743268251419067e-01
5.379166603088378906e-01
6.640884280204772949e-01
8.890125155448913574e-02
3.584876954555511475e-01
7.421367168426513672e-01
7.107641100883483887e-01
3.989170789718627930e-01
5.463906526565551758e-01
6.014865040779113770e-01
6.805000901222229004e-01
7.846765518188476562e-01
7.174748778343200684e-01
7.667369842529296875e-01
4.923960566520690918e-02
7.260488271713256836e-01
3.772468864917755127e-01
7.086614370346069336e-01
6.115622520446777344e-01
7.500825524330139160e-01
3.577883243560791016e-01
6.064580678939819336e-01
6.154859066009521484e-01
6.337632536888122559e-01
2.251095920801162720e-01
7.558923959732055664e-01
6.692446470260620117e-01
6.783071160316467285e-01
5.443925261497497559e-01
7.555034160614013672e-01
5.418898463249206543e-01
6.380573511123657227e-01
7.172018289566040039e-01
7.257734537124633789e-01
3.131389319896697998e-01
1.599078439176082611e-02
1.341697275638580322e-01
7.154363393783569336e-01
7.680313587188720703e-01
3.342029750347137451e-01
7.558341026306152344e-01
6.426957845687866211e-01
7.440492510795593262e-01
7.303944230079650879e-01
6.957300901412963867e-01
6.872225999832153320e-01
6.594617366790771484e-01
6.733991503715515137e-01
5.999908447265625000e-01
5.917469263076782227e-01
7.273353934288024902e-01
2.398249357938766479e-01
6.953625679016113281e-01
7.334554791450500488e-01
6.412942409515380859e-01
5.601884722709655762e-01
7.822842895984649658e-02
4.817541539669036865e-01
7.723129391670227051e-01
6.320335268974304199e-01
7.475644350051879883e-01
7.535479068756103516e-01
3.923101425170898438e-01
6.971443295478820801e-01
3.304440975189208984e-01
7.051143646240234375e-01
6.939205527305603027e-01
7.011568546295166016e-01
5.300119519233703613e-01
3.938713073730468750e-01
5.266888737678527832e-01
7.572878599166870117e-01
7.324979305267333984e-01
7.353796958923339844e-01
6.651526689529418945e-01
6.640020012855529785e-01
5.277690291404724121e-01
2.676440477371215820e-01
5.858247280120849609e-01
7.526422142982482910e-01
6.304435729980468750e-01
3.572414517402648926e-01
7.476097941398620605e-01
6.946602463722229004e-01
6.435537338256835938e-01
6.619469523429870605e-01
6.824361681938171387e-01
6.798575520515441895e-01
5.896309018135070801e-01
6.622042059898376465e-01
6.547282338142395020e-01
2.602237164974212646e-01
5.956131219863891602e-01
6.070252656936645508e-01
5.456522107124328613e-01
5.611523389816284180e-01
7.596367597579956055e-01
5.267258286476135254e-01
6.899604201316833496e-01
7.731292843818664551e-01
6.410635113716125488e-01
4.831412732601165771e-01
7.199718356132507324e-01
6.998003721237182617e-01
5.678159594535827637e-01
7.377618551254272461e-01
7.278713583946228027e-01
1.968153864145278931e-01
6.493272185325622559e-01
5.528283119201660156e-01
7.683210372924804688e-01
6.954037547111511230e-01
5.614771246910095215e-01
6.157842874526977539e-01
6.945110559463500977e-01
6.123427152633666992e-01
5.165935158729553223e-01
7.458588480949401855e-01
6.083418726921081543e-01
7.346814274787902832e-01
6.022500395774841309e-01
6.459326148033142090e-01
7.171871066093444824e-01
4.258150756359100342e-01
6.778167486190795898e-01
1.409657448530197144e-01
5.915886163711547852e-01
7.393118143081665039e-01
2.248129099607467651e-01
7.691532373428344727e-01
5.740442872047424316e-01
6.275029778480529785e-01
7.280201315879821777e-01
7.141750454902648926e-01
4.040849581360816956e-02
4.175541698932647705e-01
4.409402608871459961e-01
7.373247742652893066e-01
6.788353323936462402e-01
7.134845852851867676e-01
4.414824545383453369e-01
7.155565619468688965e-01
7.360249161720275879e-01
6.013068556785583496e-01
1.210504993796348572e-01
2.746229432523250580e-02
4.524898529052734375e-01
5.959804654121398926e-01
7.645102143287658691e-01
6.350943446159362793e-01
6.013134717941284180e-01
7.045612931251525879e-01
6.868554353713989258e-01
6.911574006080627441e-01
7.120648622512817383e-01
7.467613816261291504e-01
2.513038814067840576e-01
6.348021030426025391e-01
6.446396708488464355e-01
8.417066186666488647e-02
1.776955872774124146e-01
6.548238396644592285e-01
6.723083853721618652e-01
7.360316514968872070e-01
6.697154641151428223e-01
5.548038482666015625e-01
4.204537570476531982e-01
6.960623264312744141e-01
7.396320700645446777e-01
5.730307698249816895e-01
7.359023094177246094e-01
3.985973000526428223e-01
7.063561081886291504e-01
7.700564265251159668e-01
7.032167911529541016e-01
5.208013057708740234e-01
6.887176036834716797e-01
2.635580860078334808e-02
5.801858901977539062e-01
7.176840305328369141e-01
5.488723516464233398e-01
6.566027402877807617e-01
7.782830595970153809e-01
6.801684498786926270e-01
4.088548123836517334e-01
5.419256687164306641e-01
1.001086235046386719e-01
7.620040178298950195e-01
7.798452973365783691e-01
5.215460658073425293e-01
5.778994560241699219e-01
5.739326477050781250e-01
6.641470789909362793e-01
4.442054331302642822e-01
7.021860480308532715e-01
1.000169664621353149e-01
8.844082802534103394e-02
7.182931900024414062e-01
7.065172791481018066e-01
7.234016060829162598e-01
6.078211069107055664e-01
6.147891283035278320e-01
5.094780921936035156e-01
7.378527522087097168e-01
6.252374649047851562e-01
6.544607877731323242e-01
1.496834754943847656e-01
4.003014266490936279e-01
6.339750885963439941e-01
3.619532883167266846e-01
2.509506419301033020e-02
6.217613816261291504e-01
3.833147883415222168e-01
2.043322324752807617e-01
1.701534092426300049e-01
6.041542887687683105e-01
6.498320698738098145e-01
7.423900961875915527e-01
6.352971792221069336e-01
2.064258456230163574e-01
5.384387373924255371e-01
6.893327236175537109e-01
5.774089694023132324e-01
7.125999927520751953e-01
7.341853976249694824e-01
1.108252182602882385e-01
7.046955227851867676e-01
7.213239669799804688e-01
6.328291893005371094e-01
5.507512092590332031e-01
3.058100640773773193e-01
6.946983933448791504e-01
4.676951467990875244e-02
6.528216600418090820e-01
1.928977221250534058e-01
1.458582654595375061e-02
6.414757370948791504e-01
7.168269157409667969e-01
6.835097074508666992e-01
6.022529006004333496e-01
7.250096797943115234e-01
4.196960330009460449e-01
1.892193853855133057e-01
6.609054207801818848e-01
1.104326173663139343e-01
7.079479098320007324e-01
6.568967103958129883e-01
2.358008921146392822e-02
6.442049145698547363e-01
7.169170379638671875e-01
6.785383820533752441e-01
3.468635678291320801e-01
6.830298900604248047e-01
7.435684204101562500e-01
7.621545791625976562e-01
7.234240770339965820e-01
2.864470779895782471e-01
6.498752832412719727e-01
7.219581007957458496e-01
6.698909401893615723e-01
4.437508881092071533e-01
7.415800094604492188e-01
2.984134554862976074e-01
4.684422910213470459e-01
3.485969826579093933e-02
7.510954737663269043e-01
5.698678493499755859e-01
6.734367012977600098e-01
1.323810964822769165e-01
4.181561619043350220e-02
6.049284934997558594e-01
6.995700001716613770e-01
7.060358524322509766e-01
7.566654682159423828e-01
7.151788473129272461e-01
7.062169313430786133e-01
1.885503381490707397e-01
6.231758594512939453e-01
6.446147561073303223e-01
5.732818841934204102e-01
6.264950335025787354e-02
7.759709954261779785e-01
7.701734900474548340e-01
7.082798480987548828e-01
1.427846699953079224e-01
6.456328630447387695e-01
3.820567727088928223e-01
7.193534970283508301e-01
6.324185132980346680e-01
5.804274678230285645e-01
3.669337630271911621e-01
7.365213036537170410e-01
7.587873935699462891e-01
6.377036571502685547e-01
6.244055628776550293e-01
7.609966397285461426e-01
5.817810297012329102e-01
6.929646134376525879e-01
6.003783941268920898e-01
7.361573576927185059e-01
4.186604321002960205e-01
3.696804940700531006e-01
5.365052223205566406e-01
6.941788792610168457e-01
5.390051603317260742e-01
4.199931770563125610e-02
2.841401696205139160e-01
7.321597933769226074e-01
1.549873799085617065e-01
6.571051478385925293e-01
5.580884218215942383e-01
7.415928840637207031e-01
5.798739194869995117e-01
4.700115323066711426e-01
5.932306051254272461e-01
6.608458757400512695e-01
4.796003997325897217e-01
2.789993882179260254e-01
6.638758182525634766e-01
6.991550922393798828e-01
7.324001193046569824e-01
6.355494260787963867e-01
7.756847143173217773e-01
6.704097986221313477e-01
7.011568546295166016e-01
4.632501602172851562e-01
6.898354887962341309e-01
7.511653900146484375e-01
2.660455405712127686e-01
6.211376190185546875e-01
7.380520701408386230e-01
7.248997092247009277e-01
2.969382107257843018e-01
6.753053069114685059e-01
6.692063808441162109e-01
6.675436496734619141e-01
4.853079319000244141e-01
7.818840742111206055e-01
6.690436005592346191e-01
2.127404510974884033e-01
3.582237958908081055e-01
2.799411118030548096e-01
6.855213046073913574e-01
5.200167298316955566e-01
5.808995962142944336e-01
7.892870903015136719e-01
7.222380042076110840e-01
5.199958086013793945e-01
2.034832388162612915e-01
6.563318967819213867e-01
7.502437829971313477e-01
7.154252529144287109e-01
7.199342846870422363e-01
6.516944169998168945e-01
5.255419015884399414e-01
3.901874125003814697e-01
7.620137929916381836e-01
6.628603339195251465e-01
4.479841589927673340e-01
7.428521513938903809e-01
7.224574089050292969e-01
7.340517044067382812e-01
7.237216234207153320e-01
2.179161012172698975e-01
5.140943527221679688e-01
6.324936747550964355e-01
4.206790626049041748e-01
1.692885011434555054e-01
7.263007164001464844e-01
2.192350625991821289e-01
4.937404096126556396e-01
7.527926564216613770e-01
3.571942150592803955e-01
4.281595349311828613e-01
5.032944083213806152e-01
1.769342124462127686e-01
7.035430073738098145e-01
1.893478333950042725e-01
7.594798803329467773e-01
3.938665390014648438e-01
7.599207162857055664e-01
6.648920774459838867e-01
5.034027099609375000e-01
2.949685454368591309e-01
3.770633935928344727e-01
6.217819452285766602e-01
6.176115274429321289e-01
3.635516464710235596e-01
7.359350919723510742e-01
6.716611981391906738e-01
4.651783704757690430e-01
6.656376719474792480e-01
7.678368687629699707e-01
4.487289786338806152e-01
7.036300897598266602e-01
6.358166933059692383e-01
7.109463214874267578e-01
6.602737903594970703e-01
7.416883707046508789e-01
7.175920605659484863e-01
6.909459829330444336e-01
6.156415939331054688e-01
6.586944460868835449e-01
6.256105899810791016e-01
7.491816282272338867e-01
6.892220377922058105e-01
7.767412066459655762e-01
7.167974114418029785e-01
6.595410108566284180e-01
7.799866199493408203e-01
7.398310303688049316e-01
7.213433980941772461e-01
6.246795654296875000e-01
6.685853600502014160e-01
4.747046828269958496e-01
6.944440603256225586e-01
4.226786792278289795e-01
6.512618064880371094e-01
1.478042174130678177e-02
6.404696702957153320e-01
5.838191509246826172e-01
1.668237335979938507e-02
6.180419325828552246e-01
7.187438607215881348e-01
7.519607543945312500e-01
2.671926617622375488e-01
6.544287800788879395e-01
6.870418787002563477e-01
6.940709948539733887e-01
3.042366802692413330e-01
6.189144849777221680e-01
6.271512508392333984e-01
6.599175930023193359e-01
7.611089348793029785e-01
6.070457100868225098e-01
7.030227780342102051e-01
6.757057309150695801e-01
6.358291506767272949e-01
1.407230198383331299e-01
7.365400791168212891e-01
7.009375691413879395e-01
1.609228998422622681e-01
6.624628305435180664e-01
5.335432291030883789e-01
5.707100629806518555e-01
5.515326261520385742e-01
5.674824118614196777e-01
5.219906568527221680e-01
6.117038726806640625e-01
3.550515174865722656e-01
7.604519724845886230e-01
2.848041653633117676e-01
7.014179229736328125e-01
6.655908823013305664e-01
7.653536796569824219e-01
8.915823698043823242e-02
7.156268954277038574e-01
6.325612068176269531e-01
6.067339181900024414e-01
6.713904142379760742e-01
6.855472326278686523e-01
5.987725853919982910e-01
6.168108582496643066e-01
7.019761204719543457e-01
7.374206185340881348e-01
9.154208004474639893e-02
7.094212174415588379e-01
2.206911444664001465e-01
7.375900149345397949e-01
7.036415934562683105e-01
5.550225377082824707e-01
6.258855462074279785e-01
7.362712025642395020e-01
7.496824860572814941e-01
4.546833634376525879e-01
6.335331201553344727e-01
7.663766145706176758e-01
3.231417760252952576e-02
6.719237565994262695e-01
5.449476093053817749e-02
6.562288999557495117e-01
4.565652087330818176e-02
6.316776871681213379e-01
1.807777769863605499e-02
5.286599993705749512e-01
7.105435132980346680e-01
7.344761490821838379e-01
7.383650541305541992e-01
7.426033020019531250e-01
4.651366770267486572e-01
6.554498076438903809e-01
7.955965995788574219e-01
4.531093686819076538e-02
6.214617565274238586e-02
6.080094575881958008e-01
6.221851110458374023e-01
6.482245326042175293e-01
7.417926788330078125e-01
3.575176894664764404e-01
5.684671401977539062e-01
6.553483009338378906e-01
6.918763518333435059e-01
5.832515358924865723e-01
6.406056284904479980e-01
7.131801843643188477e-01
5.196427106857299805e-01
1.915342360734939575e-01
5.618015527725219727e-01
4.327170550823211670e-01
8.087413012981414795e-02
4.335202276706695557e-01
6.157237291336059570e-01
7.071056365966796875e-01
6.961200237274169922e-01
7.639641165733337402e-01
6.342459321022033691e-01
6.933599114418029785e-01
7.008240222930908203e-01
7.266306877136230469e-01
5.346040725708007812e-01
6.784982681274414062e-01
5.601811408996582031e-01
6.498917937278747559e-01
7.327021360397338867e-01
6.426647901535034180e-01
6.952579617500305176e-01
6.147271990776062012e-01
7.585703730583190918e-01
7.166218757629394531e-01
7.602861523628234863e-01
7.595450282096862793e-01
7.457833886146545410e-01
1.453162580728530884e-01
6.588139533996582031e-01
1.898062229156494141e-01
2.620627544820308685e-02
7.323198318481445312e-01
5.941375494003295898e-01
7.002673149108886719e-01
7.929275631904602051e-01
5.911139249801635742e-01
6.473563313484191895e-01
6.872379779815673828e-01
7.390749454498291016e-01
2.680743336677551270e-01
6.392049789428710938e-01
6.417699456214904785e-01
6.787923574447631836e-01
5.398722887039184570e-01
6.920600533485412598e-01
6.322157382965087891e-01
6.927284002304077148e-01
1.300774514675140381e-01
4.613988697528839111e-01
7.411757707595825195e-01
7.453439831733703613e-01
5.378537774085998535e-01
4.026781022548675537e-01
7.041514515876770020e-01
7.465960979461669922e-01
6.583130359649658203e-01
6.384313702583312988e-01
4.085924923419952393e-01
6.064020991325378418e-01
6.851218938827514648e-01
1.740861125290393829e-02
6.588068008422851562e-01
4.512314200401306152e-01
6.921249032020568848e-01
6.765466332435607910e-01
5.411298274993896484e-01
3.720564842224121094e-01
5.952557325363159180e-01
7.720455527305603027e-01
6.858453750610351562e-01
6.520003676414489746e-01
7.455881834030151367e-01
6.768502593040466309e-01
5.615466237068176270e-01
1.312905251979827881e-01
7.049307227134704590e-01
7.722710371017456055e-01
7.180347442626953125e-01
7.045236229896545410e-01
6.436169147491455078e-01
7.323470115661621094e-01
7.247515916824340820e-01
5.442699193954467773e-01
8.067796230316162109e-01
7.402112483978271484e-01
6.730839014053344727e-01
5.689321160316467285e-01
6.654630899429321289e-01
5.701355934143066406e-01
6.328388452529907227e-01
6.593616604804992676e-01
7.599386572837829590e-01
6.477480530738830566e-01
7.732461690902709961e-01
6.247574090957641602e-01
6.115364432334899902e-01
5.985382199287414551e-01
6.837249398231506348e-01
7.186389565467834473e-01
6.229945421218872070e-01
7.629823088645935059e-01
6.625593900680541992e-01
7.090490460395812988e-01
7.849346399307250977e-01
5.714715719223022461e-01
7.280644774436950684e-01
7.000496387481689453e-01
7.035028338432312012e-01
4.161612987518310547e-01
5.438588261604309082e-01
7.131931185722351074e-01
3.326335251331329346e-01
7.085866332054138184e-01
6.214433908462524414e-01
7.400045394897460938e-01
7.225412726402282715e-01
6.931247711181640625e-01
7.841807603836059570e-01
6.615547537803649902e-01
7.727394700050354004e-01
7.222037911415100098e-01
7.253017425537109375e-01
5.669882893562316895e-01
1.014229506254196167e-01
6.260508298873901367e-01
2.289282232522964478e-01
7.208786606788635254e-01
5.615324974060058594e-01
7.031729221343994141e-01
7.427188754081726074e-01
7.386839389801025391e-01
7.425125241279602051e-01
7.202396392822265625e-01
7.732973098754882812e-01
7.419704794883728027e-01
7.468557357788085938e-01
5.368809103965759277e-01
6.885635852813720703e-01
6.124512553215026855e-01
6.457363963127136230e-01
7.509658336639404297e-01
8.003090322017669678e-02
7.007805109024047852e-01
1.715684495866298676e-02
7.611418962478637695e-01
5.973156690597534180e-01
5.525704026222229004e-01
6.222295761108398438e-01
6.937838196754455566e-01
7.063094377517700195e-01
6.495850682258605957e-01
1.480225473642349243e-01
5.496101975440979004e-01
7.336645126342773438e-01
7.663514018058776855e-01
5.153630971908569336e-01
7.395693659782409668e-01
7.473980784416198730e-01
5.911764502525329590e-01
7.581492662429809570e-01
6.173041462898254395e-01
7.643623948097229004e-01
6.701791286468505859e-01
6.129258275032043457e-01
5.712429061532020569e-02
8.112415671348571777e-01
6.190367937088012695e-01
5.835914611816406250e-01
7.866243720054626465e-01
5.433937311172485352e-01
6.821027994155883789e-01
6.662009954452514648e-01
6.503139734268188477e-01
7.182456552982330322e-02
6.711683273315429688e-01
5.491215586662292480e-01
1.267598569393157959e-01
6.243907809257507324e-01
4.824432134628295898e-01
7.610385417938232422e-01
7.075633406639099121e-01
5.029899477958679199e-01
7.169768810272216797e-01
6.594170928001403809e-01
6.901844143867492676e-01
5.388455390930175781e-01
7.309986352920532227e-01
1.595680266618728638e-01
7.138668298721313477e-01
3.582262620329856873e-02
7.531411647796630859e-01
2.668488025665283203e-01
7.132941484451293945e-01
7.502314448356628418e-01
5.462523102760314941e-01
7.803965210914611816e-01
7.454630732536315918e-01
3.994811773300170898e-01
6.158823966979980469e-01
6.629531979560852051e-01
7.111094594001770020e-01
1.891153901815414429e-01
7.270870208740234375e-01
7.207942605018615723e-01
7.356210350990295410e-01
6.810442209243774414e-01
7.259448766708374023e-01
6.786362528800964355e-01
4.043940901756286621e-01
6.065473556518554688e-01
4.335202276706695557e-01
6.731906533241271973e-01
7.800905108451843262e-01
7.488107681274414062e-01
7.330175042152404785e-01
5.792410969734191895e-01
4.800239205360412598e-01
6.705638766288757324e-01
6.558831930160522461e-01
7.277764678001403809e-01
6.740726232528686523e-01
6.909824609756469727e-01
7.444027662277221680e-01
6.797700524330139160e-01
6.930067539215087891e-01
2.326417118310928345e-01
7.290138006210327148e-01
2.586500048637390137e-01
6.281182169914245605e-01
4.909156858921051025e-01
3.318517506122589111e-01
7.414875030517578125e-01
6.293082833290100098e-01
5.325064659118652344e-01
4.563496410846710205e-01
5.883914232254028320e-01
6.155722737312316895e-01
7.511585354804992676e-01
6.981706619262695312e-01
6.409243941307067871e-01
7.746363282203674316e-01
7.779640555381774902e-01
6.582124233245849609e-01
6.874932050704956055e-01
6.919209361076354980e-01
2.490118891000747681e-01
5.964868664741516113e-01
7.431886196136474609e-01
5.568531751632690430e-01
7.037352919578552246e-01
6.686415672302246094e-01
6.782575249671936035e-01
7.521607279777526855e-01
4.492280185222625732e-01
5.743544101715087891e-01
7.147436141967773438e-01
7.183666229248046875e-01
3.998629450798034668e-01
1.875296682119369507e-01
7.790553569793701172e-01
7.362138628959655762e-01
6.825641393661499023e-01
5.786553621292114258e-01
6.784011721611022949e-01
6.727247834205627441e-01
5.382622480392456055e-01
7.326929569244384766e-01
6.057338118553161621e-01
1.134298965334892273e-01
1.871152967214584351e-02
7.016099095344543457e-01
4.433611333370208740e-01
4.421845078468322754e-01
7.462036013603210449e-01
6.617183685302734375e-01
7.224041819572448730e-01
6.466674804687500000e-01
7.529945969581604004e-01
6.703618168830871582e-01
7.549002766609191895e-01
6.118758320808410645e-01
6.570415496826171875e-01
7.404273152351379395e-01
7.156793475151062012e-01
1.390854716300964355e-01
5.821877121925354004e-01
5.447546243667602539e-01
6.447290182113647461e-01
7.181456685066223145e-01
7.239612340927124023e-01
6.609014272689819336e-01
5.631087422370910645e-01
7.742177844047546387e-01
7.050843834877014160e-01
7.705333828926086426e-01
7.034978866577148438e-01
7.670485377311706543e-01
7.335972189903259277e-01
6.857438087463378906e-01
6.617631316184997559e-01
6.883400678634643555e-01
7.148976922035217285e-01
6.290867924690246582e-01
6.850017309188842773e-01
4.449167549610137939e-01
3.103083372116088867e-01
6.852909922599792480e-01
7.304840087890625000e-01
5.150073170661926270e-01
7.814454436302185059e-01
7.268525958061218262e-01
3.762203752994537354e-01
7.350634932518005371e-01
5.826366543769836426e-01
7.885691523551940918e-01
4.760960042476654053e-01
5.059581995010375977e-01
1.700866669416427612e-01
5.222805961966514587e-02
1.444703936576843262e-01
1.621778160333633423e-01
7.096303105354309082e-01
6.296522617340087891e-01
7.436541914939880371e-01
7.733436822891235352e-01
6.804500222206115723e-01
7.546516656875610352e-01
6.790899634361267090e-01
7.852241992950439453e-01
9.604970365762710571e-02
7.462760210037231445e-01
4.483172893524169922e-01
7.404264211654663086e-01
5.030550360679626465e-01
7.538542747497558594e-01
5.860890150070190430e-01
8.960270881652832031e-02
5.684563517570495605e-01
5.568306446075439453e-01
7.016149759292602539e-01
5.042966604232788086e-01
4.891050979495048523e-02
3.919783234596252441e-01
7.538848519325256348e-01
6.434279084205627441e-01
5.633636713027954102e-01
6.707381606101989746e-01
7.370480895042419434e-01
3.882562816143035889e-01
6.720953583717346191e-01
6.550585627555847168e-01
7.012140154838562012e-01
5.263473391532897949e-01
6.162678599357604980e-01
3.136620521545410156e-01
7.054156064987182617e-01
7.740272879600524902e-01
4.888748824596405029e-01
7.057151794433593750e-01
7.695415019989013672e-01
6.732361912727355957e-01
6.768100857734680176e-01
7.027959823608398438e-01
7.798589468002319336e-01
7.271160483360290527e-01
6.783472299575805664e-01
6.150454282760620117e-01
6.189687848091125488e-01
7.295071482658386230e-01
7.458053827285766602e-01
6.960646510124206543e-01
7.051099538803100586e-01
7.372366786003112793e-01
7.558923959732055664e-01
6.485353112220764160e-01
5.352998375892639160e-01
7.537273168563842773e-01
6.731542348861694336e-01
5.762420296669006348e-01
5.585773587226867676e-01
6.837297677993774414e-01
6.307381391525268555e-01
6.114484667778015137e-01
7.017318606376647949e-01
2.995874881744384766e-01
4.984126091003417969e-01
7.274199128150939941e-01
6.666043400764465332e-01
4.077092409133911133e-01
5.630620121955871582e-01
6.142266988754272461e-01
7.283836603164672852e-01
1.832522898912429810e-01
7.387304902076721191e-01
6.139411330223083496e-01
7.220979332923889160e-01
5.172613859176635742e-01
4.848119020462036133e-01
7.666416168212890625e-01
6.522141098976135254e-01
7.420552968978881836e-01
7.082612514495849609e-01
7.619767189025878906e-01
6.939815282821655273e-01
7.553244829177856445e-01
2.342519760131835938e-01
4.395043253898620605e-01
7.114967703819274902e-01
3.021559491753578186e-02
5.649559497833251953e-01
5.105991959571838379e-01
3.558431267738342285e-01
6.730011701583862305e-01
7.164111137390136719e-01
6.501834392547607422e-01
7.239916920661926270e-01
6.917785853147506714e-02
6.288524270057678223e-01
5.509963631629943848e-01
7.174227833747863770e-01
7.305278182029724121e-01
7.995133399963378906e-01
4.583859741687774658e-01
6.237075924873352051e-01
5.055826902389526367e-01
6.802685856819152832e-01
5.660394430160522461e-01
7.114085555076599121e-01
5.823389887809753418e-01
3.609753251075744629e-01
1.490114070475101471e-02
6.881187558174133301e-01
3.629194200038909912e-02
7.016863226890563965e-01
2.242654561996459961e-01
7.877782583236694336e-01
6.523172855377197266e-01
6.161475777626037598e-01
5.424081683158874512e-01
7.585114836692810059e-01
6.801907420158386230e-01
5.472570657730102539e-01
5.533751845359802246e-01
2.186847329139709473e-01
6.004151701927185059e-01
9.661192446947097778e-02
2.414219081401824951e-01
7.058572769165039062e-01
7.300116419792175293e-01
6.343768835067749023e-01
6.876531839370727539e-01
6.500829458236694336e-01
7.529897093772888184e-01
6.886455416679382324e-01
7.272015810012817383e-01
4.324586391448974609e-01
6.678392887115478516e-01
6.619145870208740234e-01
4.769540131092071533e-01
7.129919528961181641e-01
7.253012657165527344e-01
7.137218713760375977e-01
4.206593930721282959e-01
5.215441584587097168e-01
3.571133911609649658e-01
2.459764927625656128e-01
5.060582756996154785e-01
6.631107330322265625e-01
7.101836800575256348e-01
7.305278182029724121e-01
5.878329277038574219e-01
4.649421870708465576e-01
5.852081179618835449e-01
4.546839594841003418e-01
5.887570977210998535e-01
4.572530388832092285e-01
7.215721607208251953e-01
4.045082032680511475e-01
4.668187499046325684e-01
7.121023535728454590e-02
5.592947602272033691e-01
3.605174422264099121e-01
5.040799379348754883e-01
7.103717327117919922e-01
6.842829585075378418e-01
7.394225597381591797e-01
3.257664144039154053e-01
7.818835973739624023e-01
3.827570974826812744e-01
6.123049259185791016e-01
7.567150592803955078e-01
6.314702033996582031e-01
