8.962668478488922119e-02
7.629058361053466797e-01
6.492632627487182617e-01
5.922124981880187988e-01
6.856436133384704590e-01
5.881500840187072754e-01
4.831663072109222412e-01
2.282980680465698242e-01
6.946654319763183594e-01
6.858517527580261230e-01
6.660824418067932129e-01
7.072054743766784668e-01
2.201152443885803223e-01
6.693315505981445312e-01
6.598128080368041992e-01
6.753258109092712402e-01
6.544706821441650391e-01
7.219964861869812012e-01
6.585645079612731934e-01
5.641075968742370605e-01
7.273889183998107910e-01
7.592856884002685547e-01
6.627920269966125488e-01
7.329416871070861816e-01
6.136878132820129395e-01
6.877778768539428711e-01
7.091529965400695801e-01
1.618862599134445190e-01
6.685159802436828613e-01
6.979576945304870605e-01
6.357201337814331055e-01
7.391013503074645996e-01
6.914687156677246094e-01
6.583786606788635254e-01
7.255496382713317871e-01
7.273182272911071777e-01
1.712454706430435181e-01
7.257571816444396973e-01
7.506024837493896484e-01
6.005551815032958984e-01
7.510524988174438477e-01
6.963296532630920410e-01
5.634531974792480469e-01
6.757095456123352051e-01
5.631667971611022949e-01
6.571527719497680664e-01
4.306039214134216309e-01
5.886833071708679199e-01
6.994179487228393555e-01
6.834163665771484375e-01
6.819958090782165527e-01
1.126639172434806824e-01
6.859115958213806152e-01
6.952551603317260742e-01
7.384911775588989258e-01
6.772516965866088867e-01
4.859689176082611084e-01
6.655454635620117188e-01
6.909332871437072754e-01
2.600045800209045410e-01
6.508325338363647461e-01
2.376048862934112549e-01
9.616059809923171997e-02
6.730580925941467285e-01
4.780063629150390625e-01
7.614855170249938965e-01
5.862351059913635254e-01
7.372424006462097168e-02
6.908937692642211914e-01
5.616639852523803711e-01
6.474703550338745117e-01
6.177900433540344238e-01
6.751095652580261230e-01
7.920418381690979004e-01
5.735439658164978027e-01
6.268099546432495117e-01
7.573941349983215332e-01
3.035640716552734375e-01
6.722699999809265137e-01
6.726891994476318359e-01
6.606908440589904785e-01
6.808128952980041504e-01
6.952661871910095215e-01
2.377064377069473267e-01
6.190559267997741699e-01
3.289102315902709961e-01
7.142025232315063477e-01
7.026099562644958496e-01
7.282822132110595703e-01
5.437628626823425293e-01
2.482371330261230469e-01
6.885384321212768555e-01
1.515674591064453125e-01
7.079316973686218262e-01
6.889109015464782715e-01
7.658298611640930176e-01
7.078834176063537598e-01
7.090537548065185547e-01
5.935171842575073242e-01
6.764661669731140137e-01
4.979111552238464355e-01
5.224068760871887207e-01
7.432906031608581543e-01
7.029845714569091797e-01
7.302755713462829590e-01
1.639014035463333130e-01
6.575688123703002930e-01
6.946166753768920898e-01
7.087228298187255859e-01
6.855906248092651367e-01
4.938635230064392090e-01
6.838732361793518066e-01
6.181163191795349121e-01
5.425088405609130859e-01
7.268697619438171387e-01
5.874875187873840332e-01
7.839656472206115723e-01
2.044436186552047729e-01
7.073320150375366211e-01
6.946166753768920898e-01
1.365048289299011230e-01
6.786803007125854492e-01
1.166181415319442749e-01
6.818816065788269043e-01
6.865586638450622559e-01
6.611191630363464355e-01
7.266424894332885742e-01
6.827317476272583008e-01
6.555075645446777344e-01
6.737849712371826172e-01
7.632252573966979980e-01
6.443518400192260742e-01
6.753738522529602051e-01
3.431317806243896484e-01
5.186129212379455566e-01
1.415961682796478271e-01
5.797546505928039551e-01
7.153267264366149902e-01
7.037330865859985352e-01
1.044219955801963806e-01
6.814899444580078125e-01
6.821267604827880859e-01
1.835333853960037231e-01
7.303566932678222656e-01
6.769763231277465820e-01
7.377792000770568848e-01
6.828610897064208984e-01
6.485469937324523926e-01
6.649726033210754395e-01
6.519798040390014648e-01
1.251373142004013062e-01
6.859194636344909668e-01
7.063508033752441406e-01
6.744433641433715820e-01
4.873074591159820557e-01
5.967950820922851562e-01
7.591220736503601074e-01
6.826080679893493652e-01
7.053061723709106445e-01
5.465209484100341797e-01
7.119811773300170898e-01
1.381190568208694458e-01
7.462884783744812012e-01
6.720368862152099609e-01
6.941331028938293457e-01
7.021217346191406250e-01
6.591427326202392578e-01
5.999404191970825195e-01
6.754899024963378906e-01
7.265210151672363281e-01
6.762520074844360352e-01
6.787478327751159668e-01
7.664017081260681152e-01
6.833493113517761230e-01
7.945792376995086670e-02
5.143092870712280273e-01
6.178340911865234375e-01
6.837423443794250488e-01
6.814644932746887207e-01
6.851692199707031250e-01
7.468661069869995117e-01
7.151815295219421387e-01
6.254408359527587891e-01
6.841818690299987793e-01
4.500260055065155029e-01
6.377000808715820312e-01
6.052345037460327148e-01
7.451874017715454102e-01
7.217416167259216309e-01
6.945145726203918457e-01
6.844851970672607422e-01
7.418189644813537598e-01
5.756745934486389160e-01
6.173895001411437988e-01
6.818553805351257324e-01
2.786671817302703857e-01
6.995057463645935059e-01
7.215764522552490234e-01
2.205216884613037109e-01
7.129092812538146973e-01
7.138459086418151855e-01
5.360831618309020996e-01
6.820452809333801270e-01
6.492298841476440430e-01
6.960882544517517090e-01
6.790007352828979492e-01
7.195073366165161133e-01
6.789094209671020508e-01
7.060627937316894531e-01
8.341132849454879761e-02
6.708741784095764160e-01
5.491029024124145508e-01
7.377887368202209473e-01
5.778698325157165527e-01
6.849512457847595215e-01
6.835721731185913086e-01
6.909748911857604980e-01
5.901038050651550293e-01
6.528728604316711426e-01
5.910673141479492188e-01
4.797662794589996338e-01
6.716651916503906250e-01
6.939342021942138672e-01
6.555572748184204102e-01
6.760324835777282715e-01
7.066208124160766602e-01
7.052629590034484863e-01
6.581720113754272461e-01
6.866460442543029785e-01
6.691666245460510254e-01
7.058989405632019043e-01
6.763241291046142578e-01
1.762959659099578857e-01
1.052815690636634827e-01
6.646613478660583496e-01
7.004185318946838379e-01
6.883991956710815430e-01
5.757732391357421875e-01
7.007957100868225098e-01
7.180189490318298340e-01
1.932615190744400024e-01
6.820297241210937500e-01
5.607684254646301270e-01
6.097679138183593750e-01
6.296892166137695312e-01
6.700257062911987305e-01
6.873928308486938477e-01
6.355552077293395996e-01
6.359146833419799805e-01
6.962636709213256836e-01
7.952292263507843018e-02
7.044041752815246582e-01
7.308521270751953125e-01
7.083913683891296387e-01
7.264418601989746094e-01
5.927727222442626953e-01
7.228584885597229004e-01
5.990993976593017578e-01
8.476778864860534668e-02
6.657449007034301758e-01
6.842840313911437988e-01
6.861079335212707520e-01
6.732097268104553223e-01
6.716061830520629883e-01
6.659209728240966797e-01
6.597501039505004883e-01
7.035616636276245117e-01
6.840016245841979980e-01
6.149067282676696777e-01
8.696056902408599854e-02
6.748190522193908691e-01
6.786470413208007812e-01
7.125126719474792480e-01
6.735178828239440918e-01
6.698412299156188965e-01
6.933043003082275391e-01
6.455363035202026367e-01
5.648144483566284180e-01
7.097292542457580566e-01
6.781135201454162598e-01
7.610503435134887695e-01
8.682163059711456299e-02
7.173525094985961914e-01
6.565427780151367188e-01
6.735486388206481934e-01
7.096308469772338867e-01
7.006944417953491211e-01
6.774975657463073730e-01
7.801827788352966309e-01
5.361534953117370605e-01
6.355354785919189453e-01
5.006813406944274902e-01
6.836189031600952148e-01
7.960879206657409668e-01
2.329374253749847412e-01
5.912497043609619141e-01
6.583113670349121094e-01
7.086817622184753418e-01
6.822313070297241211e-01
6.501781940460205078e-01
1.690652072429656982e-01
6.865986585617065430e-01
6.449240446090698242e-01
1.918850690126419067e-01
7.269650697708129883e-01
6.873726844787597656e-01
7.109341621398925781e-01
6.860703229904174805e-01
4.823450744152069092e-01
6.758750677108764648e-01
7.371796965599060059e-01
3.924477100372314453e-01
3.148281872272491455e-01
6.335924267768859863e-01
6.928495764732360840e-01
7.353920489549636841e-02
6.146828532218933105e-01
4.701530635356903076e-01
5.431135892868041992e-01
7.001863718032836914e-01
5.870569944381713867e-01
7.455416917800903320e-01
6.556974053382873535e-01
6.716679334640502930e-01
7.559778094291687012e-01
7.539088726043701172e-01
6.334701776504516602e-01
6.958364248275756836e-01
6.545444726943969727e-01
1.633491069078445435e-01
6.898627281188964844e-01
1.267979294061660767e-01
6.086127161979675293e-01
7.169865369796752930e-01
6.872414946556091309e-01
6.928404569625854492e-01
6.352823376655578613e-01
6.902253031730651855e-01
6.443485617637634277e-01
7.143930792808532715e-01
7.483205199241638184e-01
6.468021273612976074e-01
6.748395562171936035e-01
7.574517130851745605e-01
7.328244447708129883e-01
6.858410239219665527e-01
6.865984201431274414e-01
7.339053750038146973e-01
7.625969648361206055e-01
6.016090512275695801e-01
3.839025199413299561e-01
6.871384382247924805e-01
6.756344437599182129e-01
5.493147373199462891e-01
6.914045214653015137e-01
6.702181100845336914e-01
5.470669865608215332e-01
6.691529154777526855e-01
6.699181199073791504e-01
6.656916141510009766e-01
6.571812629699707031e-01
6.729488968849182129e-01
6.796451210975646973e-01
3.764213323593139648e-01
6.655241250991821289e-01
6.740900278091430664e-01
5.991916060447692871e-01
6.555536985397338867e-01
6.848073601722717285e-01
4.481086432933807373e-01
5.890222191810607910e-01
6.733267307281494141e-01
1.192489191889762878e-01
5.438896417617797852e-01
6.721034646034240723e-01
4.781964421272277832e-01
5.058497786521911621e-01
6.109963059425354004e-01
6.921227574348449707e-01
7.318322658538818359e-01
6.879925131797790527e-01
6.435632705688476562e-01
6.979443430900573730e-01
6.936800479888916016e-01
6.712008714675903320e-01
6.425812840461730957e-01
6.982212066650390625e-01
7.585960030555725098e-01
5.405438542366027832e-01
6.786847114562988281e-01
7.138857841491699219e-01
2.981491088867187500e-01
6.579275727272033691e-01
5.762158036231994629e-01
6.927980780601501465e-01
7.086766362190246582e-01
6.212267875671386719e-01
6.902986764907836914e-01
7.176961898803710938e-01
6.180183887481689453e-01
6.729260087013244629e-01
6.134790182113647461e-01
2.247485220432281494e-01
7.063334584236145020e-01
7.056885957717895508e-01
6.355168819427490234e-01
6.809701919555664062e-01
6.515994668006896973e-01
7.064223289489746094e-01
6.960666179656982422e-01
6.687856912612915039e-01
6.664817333221435547e-01
4.731816649436950684e-01
6.003097891807556152e-01
6.532210111618041992e-01
6.574875712394714355e-01
5.823745131492614746e-01
7.079899907112121582e-01
6.455153822898864746e-01
5.318120718002319336e-01
6.648496985435485840e-01
2.935490608215332031e-01
1.098008677363395691e-01
6.664409041404724121e-01
5.341390967369079590e-01
7.002638578414916992e-01
7.613435387611389160e-01
6.438871622085571289e-01
7.560853362083435059e-01
6.890261173248291016e-01
6.888517737388610840e-01
7.134465575218200684e-01
6.831030845642089844e-01
7.513097673654556274e-02
6.467648744583129883e-01
6.334694027900695801e-01
6.819983124732971191e-01
6.782081127166748047e-01
6.699621677398681641e-01
6.901366710662841797e-01
6.272035241127014160e-01
7.037090063095092773e-01
7.530621886253356934e-01
7.596465945243835449e-01
6.785342693328857422e-01
6.807643175125122070e-01
6.828823685646057129e-01
6.838070154190063477e-01
6.956034898757934570e-01
6.551958322525024414e-01
6.686727404594421387e-01
7.118738889694213867e-01
6.557365655899047852e-01
5.173880457878112793e-01
6.701002120971679688e-01
1.524631083011627197e-01
6.868857741355895996e-01
5.171904563903808594e-01
6.841776967048645020e-01
7.574962973594665527e-01
6.395071744918823242e-01
7.240369915962219238e-01
5.852699875831604004e-01
6.798289418220520020e-01
5.918910503387451172e-01
6.939349770545959473e-01
6.324902176856994629e-01
6.838201880455017090e-01
7.012115716934204102e-01
6.357315182685852051e-01
6.827751398086547852e-01
6.267088055610656738e-01
6.664265394210815430e-01
5.748355984687805176e-01
6.871665716171264648e-01
6.676599979400634766e-01
7.003381848335266113e-01
6.857017874717712402e-01
4.141747653484344482e-01
7.053155303001403809e-01
6.189113259315490723e-01
6.060634851455688477e-01
1.389179974794387817e-01
5.820453763008117676e-01
7.140214443206787109e-01
6.767544746398925781e-01
6.266482472419738770e-01
6.128574609756469727e-01
6.863882541656494141e-01
1.192309111356735229e-01
7.643598914146423340e-01
6.446509361267089844e-01
6.887267827987670898e-01
6.182096004486083984e-01
4.089736938476562500e-01
7.382634878158569336e-01
6.951608657836914062e-01
5.903450846672058105e-01
6.768208146095275879e-01
6.622225046157836914e-01
6.937590837478637695e-01
3.103296160697937012e-01
4.286308288574218750e-01
5.922855734825134277e-01
4.688619077205657959e-01
6.747342944145202637e-01
6.791981458663940430e-01
6.883922815322875977e-01
4.003065228462219238e-01
6.864184141159057617e-01
6.896390914916992188e-01
6.913085579872131348e-01
3.569058775901794434e-01
6.887295842170715332e-01
5.223707556724548340e-01
6.952072978019714355e-01
6.633592247962951660e-01
1.504000127315521240e-01
6.988641023635864258e-01
6.871336698532104492e-01
6.403536200523376465e-01
7.504138946533203125e-01
6.671628355979919434e-01
6.867440938949584961e-01
1.785651743412017822e-01
5.999678969383239746e-01
6.288516521453857422e-01
6.925138831138610840e-01
6.773544549942016602e-01
5.030186772346496582e-01
5.831040143966674805e-01
6.808875799179077148e-01
6.705629825592041016e-01
5.219584107398986816e-01
5.987732410430908203e-01
6.994310021400451660e-01
5.947604179382324219e-01
7.291784882545471191e-01
7.083160281181335449e-01
7.508972287178039551e-01
7.501808404922485352e-01
6.740782260894775391e-01
4.481092989444732666e-01
6.920912265777587891e-01
6.075991988182067871e-01
6.554920673370361328e-01
6.975045204162597656e-01
6.993075609207153320e-01
6.809473037719726562e-01
6.571350097656250000e-01
7.875384092330932617e-01
2.482007592916488647e-01
7.739791870117187500e-01
6.922001838684082031e-01
7.100777626037597656e-01
3.248285651206970215e-01
6.901339292526245117e-01
6.824855804443359375e-01
7.049031853675842285e-01
7.299885749816894531e-01
6.817319989204406738e-01
2.751730084419250488e-01
2.448912858963012695e-01
7.266954183578491211e-01
2.665798962116241455e-01
7.515825033187866211e-01
7.090665698051452637e-01
6.951617598533630371e-01
7.062991261482238770e-01
1.068997904658317566e-01
7.293245196342468262e-01
7.384355068206787109e-01
6.891744732856750488e-01
7.228400111198425293e-01
4.574954509735107422e-01
1.958199888467788696e-01
7.094214558601379395e-01
6.629306674003601074e-01
2.369538545608520508e-01
6.535205245018005371e-01
6.833946108818054199e-01
7.012671828269958496e-01
6.611272692680358887e-01
6.825891733169555664e-01
6.577292680740356445e-01
6.854130625724792480e-01
6.727079153060913086e-01
1.323356181383132935e-01
6.778095960617065430e-01
2.338521629571914673e-01
6.425796747207641602e-01
3.146032691001892090e-01
6.784080862998962402e-01
6.931816935539245605e-01
6.079439520835876465e-01
6.754317283630371094e-01
7.691588997840881348e-01
7.003207802772521973e-01
6.781575679779052734e-01
6.724116206169128418e-01
6.941723227500915527e-01
6.623904109001159668e-01
6.767613291740417480e-01
7.090346813201904297e-01
2.064451724290847778e-01
6.854273080825805664e-01
5.744073987007141113e-01
6.784663200378417969e-01
7.094116806983947754e-01
7.445496916770935059e-01
6.819704174995422363e-01
8.750349283218383789e-02
2.433029264211654663e-01
6.851639151573181152e-01
6.331181526184082031e-01
7.272112369537353516e-01
6.265965700149536133e-01
6.661912798881530762e-01
6.980454325675964355e-01
5.581869482994079590e-01
6.705689430236816406e-01
6.438665986061096191e-01
2.870596945285797119e-01
6.490667462348937988e-01
3.016532957553863525e-01
6.917907595634460449e-01
6.566839218139648438e-01
6.647479534149169922e-01
5.983057022094726562e-01
6.960773468017578125e-01
6.847226023674011230e-01
6.025131940841674805e-01
6.475974321365356445e-01
6.914959549903869629e-01
9.827119857072830200e-02
3.935775756835937500e-01
7.449234127998352051e-01
3.476338088512420654e-01
7.025647163391113281e-01
6.767674088478088379e-01
6.324660181999206543e-01
4.081441462039947510e-01
7.846962213516235352e-01
6.811532378196716309e-01
6.933204531669616699e-01
6.775590777397155762e-01
8.738656342029571533e-02
6.528757810592651367e-01
6.888457536697387695e-01
6.905236244201660156e-01
2.603637278079986572e-01
7.129237055778503418e-01
6.754679679870605469e-01
6.334071159362792969e-01
5.340884327888488770e-01
6.270226240158081055e-01
1.176448687911033630e-01
6.924663186073303223e-01
6.848319172859191895e-01
6.730442047119140625e-01
2.200425863265991211e-01
6.945300698280334473e-01
6.714279055595397949e-01
6.801958084106445312e-01
4.235316812992095947e-01
7.072122097015380859e-01
6.927587389945983887e-01
6.606712937355041504e-01
6.735175848007202148e-01
5.595634579658508301e-01
2.277065217494964600e-01
7.321163415908813477e-01
6.903724670410156250e-01
7.118202447891235352e-01
1.205039694905281067e-01
6.802890896797180176e-01
6.766698956489562988e-01
2.453689873218536377e-01
7.511468529701232910e-01
6.814579367637634277e-01
6.572598814964294434e-01
6.565431356430053711e-01
6.514393091201782227e-01
7.100120186805725098e-01
6.878315806388854980e-01
6.692806482315063477e-01
6.764501333236694336e-01
6.818963885307312012e-01
7.527965307235717773e-01
6.797119379043579102e-01
6.477152109146118164e-01
6.983395814895629883e-01
6.929305195808410645e-01
7.209724783897399902e-01
7.075249552726745605e-01
6.341795921325683594e-01
6.701394915580749512e-01
6.213110089302062988e-01
7.739840745925903320e-01
6.963202953338623047e-01
6.815083026885986328e-01
6.872897148132324219e-01
6.836867928504943848e-01
6.746487617492675781e-01
7.427594661712646484e-01
6.682381629943847656e-01
6.882432699203491211e-01
7.267926931381225586e-01
6.763990521430969238e-01
6.968917250633239746e-01
5.299278497695922852e-01
6.632368564605712891e-01
6.826949119567871094e-01
6.986159086227416992e-01
6.763647198677062988e-01
1.738634705543518066e-01
4.713926613330841064e-01
7.166245579719543457e-01
6.718664169311523438e-01
6.234299540519714355e-01
6.665638089179992676e-01
6.519474387168884277e-01
7.637813687324523926e-01
6.047710180282592773e-01
7.090749144554138184e-01
6.031501293182373047e-01
5.130083560943603516e-01
5.714015364646911621e-01
6.639221310615539551e-01
6.663567423820495605e-01
6.972142457962036133e-01
6.327095627784729004e-01
6.845461726188659668e-01
6.561141014099121094e-01
6.562113165855407715e-01
6.891170740127563477e-01
2.952514290809631348e-01
2.501749992370605469e-01
6.847867965698242188e-01
2.442841976881027222e-01
6.852723360061645508e-01
7.494729757308959961e-02
7.112340927124023438e-01
6.832661032676696777e-01
6.395259499549865723e-01
4.051452279090881348e-01
6.670401096343994141e-01
6.835063695907592773e-01
7.593573927879333496e-01
6.688773036003112793e-01
6.578600406646728516e-01
6.772575378417968750e-01
6.501732468605041504e-01
7.365546226501464844e-01
7.104238867759704590e-01
6.904928088188171387e-01
6.619141101837158203e-01
6.681389212608337402e-01
6.712756752967834473e-01
7.547888159751892090e-01
7.543644309043884277e-01
6.590762734413146973e-01
7.677179574966430664e-01
6.356976032257080078e-01
5.761548876762390137e-01
6.824646592140197754e-01
6.545796990394592285e-01
6.847171187400817871e-01
9.400019049644470215e-02
6.903699636459350586e-01
2.069139182567596436e-01
6.613731980323791504e-01
7.087185382843017578e-01
6.814180016517639160e-01
3.242017626762390137e-01
3.382053077220916748e-01
6.188913583755493164e-01
5.702221989631652832e-01
5.902938842773437500e-01
6.874763369560241699e-01
7.507997751235961914e-01
5.782288908958435059e-01
6.875699162483215332e-01
6.544662714004516602e-01
7.260793447494506836e-01
6.662343740463256836e-01
6.744353771209716797e-01
7.057434916496276855e-01
3.735383749008178711e-01
6.809907555580139160e-01
6.727256178855895996e-01
6.171581745147705078e-01
6.382148861885070801e-01
7.174969315528869629e-01
6.537966728210449219e-01
6.706972718238830566e-01
7.036897540092468262e-02
6.307500004768371582e-01
1.781200021505355835e-01
6.869446635246276855e-01
6.639896035194396973e-01
6.591373085975646973e-01
7.017703652381896973e-01
7.201536297798156738e-01
6.785699129104614258e-01
7.484921216964721680e-01
6.703163385391235352e-01
6.255534291267395020e-01
6.211763620376586914e-01
7.260296940803527832e-01
6.828061938285827637e-01
8.587647974491119385e-02
6.970458626747131348e-01
6.420517563819885254e-01
6.595151424407958984e-01
5.623061656951904297e-01
7.387497425079345703e-01
6.879668235778808594e-01
7.085118889808654785e-01
7.011236548423767090e-01
2.466168850660324097e-01
7.302027344703674316e-01
6.412186026573181152e-01
6.866460442543029785e-01
7.930457592010498047e-01
6.413407921791076660e-01
7.543889284133911133e-01
9.750946611166000366e-02
6.039036512374877930e-01
6.938081383705139160e-01
4.782443046569824219e-01
6.838879585266113281e-01
7.147642970085144043e-01
7.300823330879211426e-01
7.420013844966888428e-02
6.792044043540954590e-01
6.941415667533874512e-01
5.417480468750000000e-01
6.506116390228271484e-01
5.161170959472656250e-01
6.727239489555358887e-01
6.806146502494812012e-01
7.691175490617752075e-02
6.770926117897033691e-01
4.888774454593658447e-01
6.763573884963989258e-01
6.764271259307861328e-01
5.849694013595581055e-01
6.632412075996398926e-01
6.811181902885437012e-01
7.179892659187316895e-01
6.061465740203857422e-01
6.765428781509399414e-01
7.187741249799728394e-02
6.614125967025756836e-01
7.040373682975769043e-01
6.676532626152038574e-01
6.774457097053527832e-01
6.682497262954711914e-01
7.040858268737792969e-01
6.617237925529479980e-01
4.263734519481658936e-01
5.877456665039062500e-01
6.610164642333984375e-01
7.609946131706237793e-01
5.355497598648071289e-01
6.710473299026489258e-01
7.351771593093872070e-01
6.697213649749755859e-01
6.462497711181640625e-01
6.773825883865356445e-01
6.785879135131835938e-01
4.312047064304351807e-01
6.213093996047973633e-01
6.900009512901306152e-01
3.825809061527252197e-01
5.902283787727355957e-01
5.014153122901916504e-01
5.240220427513122559e-01
3.878825902938842773e-01
6.721876859664916992e-01
7.243142724037170410e-01
7.120725512504577637e-01
7.067495584487915039e-01
6.843070983886718750e-01
6.354394555091857910e-01
6.298053264617919922e-01
6.876252889633178711e-01
6.322593688964843750e-01
4.427661597728729248e-01
7.640322446823120117e-01
6.631195545196533203e-01
7.719525098800659180e-01
6.610550284385681152e-01
6.893947720527648926e-01
6.670552492141723633e-01
3.789480030536651611e-01
6.366365551948547363e-01
5.553238987922668457e-01
6.774971485137939453e-01
2.214093953371047974e-01
4.107858240604400635e-01
6.842769980430603027e-01
6.731556653976440430e-01
6.648811697959899902e-01
6.709122657775878906e-01
6.847079396247863770e-01
6.882593631744384766e-01
6.829265952110290527e-01
6.826544404029846191e-01
6.544654369354248047e-01
7.334123849868774414e-01
5.843466520309448242e-01
7.376937270164489746e-01
6.908772587776184082e-01
6.621297597885131836e-01
7.147029638290405273e-01
6.673607230186462402e-01
6.645017266273498535e-01
6.793472170829772949e-01
7.534294128417968750e-01
6.450696587562561035e-01
6.883053779602050781e-01
6.587395071983337402e-01
6.664677262306213379e-01
7.179931402206420898e-01
6.807699799537658691e-01
3.158059716224670410e-01
6.836000680923461914e-01
6.857827305793762207e-01
6.551625132560729980e-01
7.085074186325073242e-01
6.786847114562988281e-01
4.326457381248474121e-01
4.274932742118835449e-01
6.224159002304077148e-01
1.850383579730987549e-01
7.730753421783447266e-01
7.273601889610290527e-01
6.664984226226806641e-01
6.897221207618713379e-01
7.436751127243041992e-01
6.931191682815551758e-01
6.770604252815246582e-01
6.589853167533874512e-01
6.705082058906555176e-01
6.770269274711608887e-01
6.416249871253967285e-01
2.844368517398834229e-01
6.784526705741882324e-01
7.139784097671508789e-01
7.012802958488464355e-01
5.677300095558166504e-01
3.014839291572570801e-01
7.000637054443359375e-01
5.842133164405822754e-01
6.920370459556579590e-01
6.822193861007690430e-01
1.030100658535957336e-01
6.734545826911926270e-01
6.431531310081481934e-01
7.340810894966125488e-01
6.963222026824951172e-01
6.603008508682250977e-01
5.521292090415954590e-01
7.186254262924194336e-01
6.729081869125366211e-01
6.817876696586608887e-01
6.454408764839172363e-01
6.999196410179138184e-01
5.944172143936157227e-01
7.173174023628234863e-01
6.596958637237548828e-01
6.631917953491210938e-01
6.521424651145935059e-01
7.140967845916748047e-01
5.814754366874694824e-01
6.860728859901428223e-01
6.944507956504821777e-01
7.384985089302062988e-01
7.296016812324523926e-01
6.346817016601562500e-01
7.087992429733276367e-01
6.879168748855590820e-01
7.051344513893127441e-01
7.018995881080627441e-01
7.480869293212890625e-01
5.580362677574157715e-01
6.760180592536926270e-01
6.694257855415344238e-01
6.634592413902282715e-01
9.847729653120040894e-02
1.898117661476135254e-01
6.822482347488403320e-01
6.381279826164245605e-01
6.827711462974548340e-01
6.866410374641418457e-01
6.697422862052917480e-01
6.997140645980834961e-01
6.793835759162902832e-01
6.783282756805419922e-01
5.175378322601318359e-01
6.347130537033081055e-01
8.122121542692184448e-02
