4.020423889160156250e-01
5.575401186943054199e-01
4.709655046463012695e-01
5.313249230384826660e-01
5.364769697189331055e-01
5.190438628196716309e-01
5.319193005561828613e-01
3.702137768268585205e-01
5.285334587097167969e-01
5.801519751548767090e-01
5.180833339691162109e-01
4.476288557052612305e-01
5.247557163238525391e-01
5.410994291305541992e-01
5.348194241523742676e-01
5.303598642349243164e-01
5.220342278480529785e-01
5.227749943733215332e-01
4.587848782539367676e-01
5.935917496681213379e-01
5.163503885269165039e-01
5.772615075111389160e-01
5.504534840583801270e-01
5.175079703330993652e-01
3.675043284893035889e-01
4.288146793842315674e-01
5.758316516876220703e-01
5.426630973815917969e-01
4.343716502189636230e-01
4.269493222236633301e-01
5.300914049148559570e-01
4.519145488739013672e-01
5.109615921974182129e-01
4.828236997127532959e-01
4.692367911338806152e-01
5.452997088432312012e-01
4.807902872562408447e-01
4.871304333209991455e-01
3.845084905624389648e-01
4.741001129150390625e-01
5.083127021789550781e-01
5.188738107681274414e-01
4.858280420303344727e-01
4.204145073890686035e-01
5.859286189079284668e-01
5.085136890411376953e-01
4.892495274543762207e-01
5.016442537307739258e-01
4.777270555496215820e-01
4.882313907146453857e-01
4.371908307075500488e-01
4.728519916534423828e-01
5.684336423873901367e-01
4.870670139789581299e-01
6.000679731369018555e-01
4.188288748264312744e-01
4.967442750930786133e-01
5.399686694145202637e-01
5.051993131637573242e-01
5.475785732269287109e-01
5.419414639472961426e-01
4.129789173603057861e-01
4.746650755405426025e-01
5.750477313995361328e-01
4.977827370166778564e-01
4.650403559207916260e-01
5.280144810676574707e-01
5.075150132179260254e-01
5.332473516464233398e-01
5.336511135101318359e-01
5.242584347724914551e-01
4.308523833751678467e-01
6.242153048515319824e-01
4.977394938468933105e-01
6.013536453247070312e-01
5.344179868698120117e-01
4.490796327590942383e-01
5.418980717658996582e-01
4.861451089382171631e-01
4.921349883079528809e-01
4.758893549442291260e-01
5.432542562484741211e-01
5.598275661468505859e-01
4.586552381515502930e-01
5.397098660469055176e-01
3.895438611507415771e-01
4.567852616310119629e-01
5.034846067428588867e-01
5.178821682929992676e-01
5.961742401123046875e-01
4.322863221168518066e-01
5.289117097854614258e-01
5.889418125152587891e-01
3.968431949615478516e-01
4.257362484931945801e-01
3.615889549255371094e-01
5.495917797088623047e-01
5.757210254669189453e-01
4.845851063728332520e-01
5.147320032119750977e-01
5.495721101760864258e-01
4.676322042942047119e-01
5.425315499305725098e-01
5.103161931037902832e-01
5.962833166122436523e-01
4.695263206958770752e-01
4.175005555152893066e-01
5.322752594947814941e-01
5.266271233558654785e-01
4.811188876628875732e-01
5.100867152214050293e-01
5.033995509147644043e-01
5.205165147781372070e-01
5.476469993591308594e-01
5.756083130836486816e-01
5.175540447235107422e-01
4.843156039714813232e-01
5.817457437515258789e-01
5.347311496734619141e-01
5.320760011672973633e-01
4.049327969551086426e-01
5.550919771194458008e-01
4.568035900592803955e-01
5.274308919906616211e-01
5.722765326499938965e-01
5.508909821510314941e-01
5.434094667434692383e-01
5.448671579360961914e-01
5.146505236625671387e-01
4.839492440223693848e-01
5.080839991569519043e-01
5.792798995971679688e-01
5.667505860328674316e-01
5.081616044044494629e-01
4.233930110931396484e-01
5.133950114250183105e-01
4.945503771305084229e-01
5.624529719352722168e-01
5.147637128829956055e-01
5.781183242797851562e-01
4.828792810440063477e-01
4.678848385810852051e-01
4.713112115859985352e-01
4.799937009811401367e-01
4.579384922981262207e-01
5.150789022445678711e-01
5.083444714546203613e-01
4.744422733783721924e-01
5.247127413749694824e-01
5.141988992691040039e-01
4.126831591129302979e-01
5.081577301025390625e-01
4.403195977210998535e-01
5.259079933166503906e-01
3.989776968955993652e-01
5.212313532829284668e-01
5.206639170646667480e-01
4.385673701763153076e-01
4.971360564231872559e-01
5.232097506523132324e-01
5.116409659385681152e-01
4.794229865074157715e-01
5.690971612930297852e-01
5.151509642601013184e-01
4.848867654800415039e-01
5.411088466644287109e-01
4.603801071643829346e-01
4.874306917190551758e-01
5.494405031204223633e-01
5.596979260444641113e-01
4.249447286128997803e-01
4.518011808395385742e-01
5.126952528953552246e-01
5.460464954376220703e-01
4.838261008262634277e-01
4.926663935184478760e-01
4.903146922588348389e-01
5.653308033943176270e-01
5.144375562667846680e-01
4.759821891784667969e-01
5.032889246940612793e-01
5.210560560226440430e-01
5.233322978019714355e-01
4.910469353199005127e-01
4.955213665962219238e-01
4.360933601856231689e-01
5.752897262573242188e-01
5.423134565353393555e-01
5.237577557563781738e-01
4.504912197589874268e-01
4.542711973190307617e-01
5.701699852943420410e-01
4.630603194236755371e-01
5.428386330604553223e-01
4.983006119728088379e-01
5.712282657623291016e-01
4.920361340045928955e-01
5.223135948181152344e-01
5.083096623420715332e-01
5.468907952308654785e-01
4.884950518608093262e-01
4.263677299022674561e-01
5.015026926994323730e-01
5.406091213226318359e-01
5.137793421745300293e-01
4.747850596904754639e-01
5.142055153846740723e-01
5.215429663658142090e-01
5.217233896255493164e-01
4.442124664783477783e-01
4.317067563533782959e-01
4.829327762126922607e-01
5.110064744949340820e-01
5.590602755546569824e-01
5.711300969123840332e-01
4.421958327293395996e-01
5.635003447532653809e-01
4.540085196495056152e-01
4.712097942829132080e-01
4.713341891765594482e-01
4.681467711925506592e-01
4.999381303787231445e-01
5.366523861885070801e-01
5.587021708488464355e-01
4.287950992584228516e-01
4.324141144752502441e-01
4.169887304306030273e-01
5.434507727622985840e-01
5.142738223075866699e-01
4.796568751335144043e-01
5.036960244178771973e-01
4.885001182556152344e-01
4.905640482902526855e-01
5.892258286476135254e-01
5.270626544952392578e-01
5.234020352363586426e-01
4.864849448204040527e-01
5.535330772399902344e-01
4.749410450458526611e-01
4.625936150550842285e-01
5.436955094337463379e-01
4.706441164016723633e-01
5.521901845932006836e-01
5.270048379898071289e-01
4.712190330028533936e-01
4.111483991146087646e-01
4.248616099357604980e-01
4.822224676609039307e-01
4.629760682582855225e-01
4.881113767623901367e-01
5.570223927497863770e-01
4.756691455841064453e-01
3.721083402633666992e-01
4.427573382854461670e-01
4.678727388381958008e-01
5.155644416809082031e-01
5.583491325378417969e-01
5.205507874488830566e-01
5.953792333602905273e-01
5.102459788322448730e-01
4.216764569282531738e-01
4.682556092739105225e-01
5.629449486732482910e-01
5.166834592819213867e-01
4.797632098197937012e-01
5.440618395805358887e-01
5.800902247428894043e-01
4.436823427677154541e-01
5.806888341903686523e-01
5.716616511344909668e-01
5.195696353912353516e-01
5.227489471435546875e-01
5.060806274414062500e-01
5.109560489654541016e-01
5.049852132797241211e-01
4.914373159408569336e-01
4.177456796169281006e-01
5.664529800415039062e-01
5.570033192634582520e-01
5.241080522537231445e-01
5.250443816184997559e-01
5.740758776664733887e-01
5.411244630813598633e-01
4.910773038864135742e-01
4.207849204540252686e-01
5.190086960792541504e-01
4.544849991798400879e-01
4.949563443660736084e-01
5.479359626770019531e-01
4.874468743801116943e-01
5.304945707321166992e-01
4.995649158954620361e-01
5.369282364845275879e-01
4.060108363628387451e-01
5.328043699264526367e-01
4.902833998203277588e-01
4.925269186496734619e-01
5.119574069976806641e-01
4.842131733894348145e-01
4.885837733745574951e-01
4.502544105052947998e-01
4.994108974933624268e-01
4.341127872467041016e-01
4.536774158477783203e-01
5.721365213394165039e-01
5.331626534461975098e-01
5.314778089523315430e-01
5.420246720314025879e-01
4.361492991447448730e-01
5.516729354858398438e-01
5.982882380485534668e-01
5.007647871971130371e-01
5.749772787094116211e-01
5.156190991401672363e-01
5.447669625282287598e-01
5.100542902946472168e-01
5.254188776016235352e-01
5.742813348770141602e-01
5.263103246688842773e-01
4.865058362483978271e-01
5.141411423683166504e-01
4.774659574031829834e-01
5.123543739318847656e-01
5.840377807617187500e-01
4.004111886024475098e-01
4.881144464015960693e-01
4.940485358238220215e-01
4.969937205314636230e-01
4.286560118198394775e-01
5.603464841842651367e-01
5.537716150283813477e-01
4.567295908927917480e-01
4.497758448123931885e-01
4.779897928237915039e-01
5.398489832878112793e-01
5.408663749694824219e-01
5.155339837074279785e-01
5.235290527343750000e-01
4.902071952819824219e-01
4.566720128059387207e-01
4.894143044948577881e-01
5.118535757064819336e-01
4.911189973354339600e-01
5.133328437805175781e-01
5.308287143707275391e-01
5.124748945236206055e-01
5.704526901245117188e-01
4.790944755077362061e-01
4.929831922054290771e-01
5.772788524627685547e-01
5.675781965255737305e-01
4.318408668041229248e-01
5.610094666481018066e-01
4.763874709606170654e-01
4.972139000892639160e-01
4.431399703025817871e-01
4.919952750205993652e-01
4.843396544456481934e-01
4.273545742034912109e-01
5.885176658630371094e-01
4.942001104354858398e-01
5.073205232620239258e-01
5.598763823509216309e-01
4.919989705085754395e-01
4.970608651638031006e-01
4.915076494216918945e-01
4.866451025009155273e-01
5.401057600975036621e-01
5.017262101173400879e-01
5.358624458312988281e-01
5.254784226417541504e-01
4.612264037132263184e-01
5.255603194236755371e-01
4.779645204544067383e-01
5.126032829284667969e-01
4.834841191768646240e-01
5.180828571319580078e-01
5.965160727500915527e-01
5.235378742218017578e-01
4.874430298805236816e-01
5.204593539237976074e-01
4.663532674312591553e-01
4.391579031944274902e-01
5.186216831207275391e-01
5.406160354614257812e-01
4.673408269882202148e-01
4.907179772853851318e-01
5.576774477958679199e-01
5.087225437164306641e-01
5.078812241554260254e-01
4.743695557117462158e-01
5.658802986145019531e-01
5.231509804725646973e-01
6.192623972892761230e-01
5.090496540069580078e-01
4.907858669757843018e-01
5.367326140403747559e-01
5.713526606559753418e-01
4.582813382148742676e-01
5.086518526077270508e-01
4.746194183826446533e-01
4.493185877799987793e-01
5.019013881683349609e-01
5.001278519630432129e-01
4.842919111251831055e-01
4.263017475605010986e-01
4.598109126091003418e-01
4.876401424407958984e-01
5.758500695228576660e-01
5.093583464622497559e-01
5.151827931404113770e-01
4.549151360988616943e-01
5.379603505134582520e-01
5.510857105255126953e-01
5.188733935356140137e-01
5.004783868789672852e-01
4.467044174671173096e-01
4.755632281303405762e-01
4.684379994869232178e-01
5.621315240859985352e-01
5.219988226890563965e-01
5.235171914100646973e-01
4.428828060626983643e-01
4.402820765972137451e-01
4.165365397930145264e-01
4.634129106998443604e-01
5.718421936035156250e-01
4.818167090415954590e-01
4.606879949569702148e-01
5.069754719734191895e-01
5.199203491210937500e-01
4.599694907665252686e-01
4.727418720722198486e-01
5.605837106704711914e-01
4.648686051368713379e-01
5.135543346405029297e-01
5.204613804817199707e-01
6.181110143661499023e-01
5.716635584831237793e-01
5.174973011016845703e-01
5.040366649627685547e-01
5.377740263938903809e-01
4.618519544601440430e-01
4.274840354919433594e-01
5.496405363082885742e-01
5.096849203109741211e-01
4.280899763107299805e-01
3.759598731994628906e-01
4.573440253734588623e-01
4.701251089572906494e-01
5.161129832267761230e-01
4.620561003684997559e-01
3.715881109237670898e-01
5.375030636787414551e-01
4.875434339046478271e-01
5.087006688117980957e-01
3.725821971893310547e-01
5.090634226799011230e-01
5.425433516502380371e-01
5.671634078025817871e-01
5.114094018936157227e-01
5.271258354187011719e-01
5.084642171859741211e-01
5.563344955444335938e-01
4.438116252422332764e-01
5.032556653022766113e-01
5.020357370376586914e-01
5.204905867576599121e-01
5.155720114707946777e-01
5.100894570350646973e-01
4.821077883243560791e-01
4.862896800041198730e-01
4.421418011188507080e-01
4.698339998722076416e-01
5.325940251350402832e-01
4.592650234699249268e-01
4.442858994007110596e-01
4.369975328445434570e-01
4.433923959732055664e-01
5.091912150382995605e-01
4.386388361454010010e-01
5.385484695434570312e-01
5.918650627136230469e-01
4.779092371463775635e-01
5.654265284538269043e-01
4.798732101917266846e-01
5.390635132789611816e-01
5.060860514640808105e-01
5.005018115043640137e-01
5.285755991935729980e-01
4.712010622024536133e-01
6.099216938018798828e-01
5.289198160171508789e-01
5.138212442398071289e-01
4.922487735748291016e-01
4.643478393554687500e-01
4.899237751960754395e-01
4.246686100959777832e-01
5.153381228446960449e-01
4.660734832286834717e-01
4.578087925910949707e-01
5.537295341491699219e-01
5.109304189682006836e-01
5.373721122741699219e-01
5.040723085403442383e-01
5.679574608802795410e-01
4.833139777183532715e-01
4.754681289196014404e-01
5.250388979911804199e-01
4.559032022953033447e-01
4.855394661426544189e-01
6.182879209518432617e-01
4.920311868190765381e-01
5.386059880256652832e-01
4.402179718017578125e-01
3.972481787204742432e-01
4.535532891750335693e-01
4.523203372955322266e-01
5.304224491119384766e-01
4.730759263038635254e-01
5.752520561218261719e-01
5.371356010437011719e-01
4.814941287040710449e-01
5.393832325935363770e-01
4.692689180374145508e-01
5.339848995208740234e-01
4.784785807132720947e-01
4.829851686954498291e-01
4.871874451637268066e-01
4.906942248344421387e-01
5.131565928459167480e-01
4.282770752906799316e-01
5.724796056747436523e-01
5.208365917205810547e-01
4.981612563133239746e-01
4.850574135780334473e-01
5.369883775711059570e-01
5.508773922920227051e-01
4.883214235305786133e-01
5.025574564933776855e-01
4.919555783271789551e-01
5.337964892387390137e-01
5.255250930786132812e-01
5.701208710670471191e-01
5.289233922958374023e-01
5.648442506790161133e-01
5.539084672927856445e-01
4.921428263187408447e-01
5.129691958427429199e-01
4.644489884376525879e-01
5.607820153236389160e-01
4.319050312042236328e-01
4.674530625343322754e-01
5.800786018371582031e-01
6.522185802459716797e-01
5.459838509559631348e-01
3.466773033142089844e-01
5.121783018112182617e-01
5.103380084037780762e-01
4.722108244895935059e-01
4.741522073745727539e-01
4.591764509677886963e-01
5.743668079376220703e-01
4.670508205890655518e-01
5.002946853637695312e-01
4.612131714820861816e-01
4.295945167541503906e-01
4.156476259231567383e-01
4.908156096935272217e-01
5.974994301795959473e-01
4.717320799827575684e-01
4.614556133747100830e-01
5.267002582550048828e-01
4.176324903964996338e-01
3.866640925407409668e-01
5.436197519302368164e-01
4.343479871749877930e-01
4.705504477024078369e-01
4.967865049839019775e-01
5.078108906745910645e-01
5.123184323310852051e-01
5.791247487068176270e-01
4.885276556015014648e-01
5.959292650222778320e-01
4.252214133739471436e-01
5.546531677246093750e-01
4.835094213485717773e-01
4.360359609127044678e-01
5.579699873924255371e-01
5.664529800415039062e-01
4.988934397697448730e-01
4.977947473526000977e-01
4.736303389072418213e-01
4.611814916133880615e-01
4.963032007217407227e-01
4.922950267791748047e-01
4.009970426559448242e-01
5.006103515625000000e-01
5.164377093315124512e-01
5.273883342742919922e-01
5.343137979507446289e-01
5.249300003051757812e-01
4.244195222854614258e-01
5.818184018135070801e-01
5.158445239067077637e-01
5.665377378463745117e-01
5.169214606285095215e-01
5.511288642883300781e-01
5.611623525619506836e-01
4.317067563533782959e-01
5.312191247940063477e-01
5.675450563430786133e-01
5.296030640602111816e-01
4.480982124805450439e-01
5.443410277366638184e-01
4.867063462734222412e-01
4.837268888950347900e-01
5.283951759338378906e-01
4.470279514789581299e-01
5.488339066505432129e-01
4.827325642108917236e-01
4.352898299694061279e-01
4.781423509120941162e-01
5.184166431427001953e-01
5.408647060394287109e-01
4.724467694759368896e-01
5.344111323356628418e-01
4.806573092937469482e-01
5.056562423706054688e-01
5.357228517532348633e-01
4.497146308422088623e-01
4.553362727165222168e-01
4.837608039379119873e-01
4.230115711688995361e-01
5.495194196701049805e-01
4.155173599720001221e-01
4.954541325569152832e-01
5.294006466865539551e-01
5.254064798355102539e-01
5.170531272888183594e-01
5.067057609558105469e-01
4.936827421188354492e-01
4.680103361606597900e-01
5.004575252532958984e-01
5.680744051933288574e-01
4.886937439441680908e-01
5.298339724540710449e-01
4.954486787319183350e-01
4.624430239200592041e-01
5.162230134010314941e-01
4.913344383239746094e-01
5.137136578559875488e-01
5.115671157836914062e-01
4.903431236743927002e-01
5.316472053527832031e-01
5.262725353240966797e-01
5.819566845893859863e-01
4.681104719638824463e-01
4.756528437137603760e-01
6.125892996788024902e-01
4.903329312801361084e-01
4.824619293212890625e-01
5.139439105987548828e-01
5.499606728553771973e-01
4.882280826568603516e-01
5.405212044715881348e-01
5.052645206451416016e-01
4.317067563533782959e-01
4.465564787387847900e-01
5.390202403068542480e-01
5.743061304092407227e-01
5.022243261337280273e-01
5.028769373893737793e-01
5.256779193878173828e-01
4.757654070854187012e-01
5.286815166473388672e-01
5.363880991935729980e-01
5.059091448783874512e-01
4.738978445529937744e-01
4.332127273082733154e-01
5.401376485824584961e-01
5.098564624786376953e-01
5.025138258934020996e-01
4.916281104087829590e-01
5.521546006202697754e-01
5.129854679107666016e-01
5.073150396347045898e-01
5.311890840530395508e-01
4.010942876338958740e-01
4.677273631095886230e-01
4.432700276374816895e-01
5.558051466941833496e-01
5.539023876190185547e-01
4.295037984848022461e-01
5.623761415481567383e-01
4.939835965633392334e-01
4.296163320541381836e-01
5.425471067428588867e-01
5.014678239822387695e-01
5.956139564514160156e-01
4.892560541629791260e-01
5.429557561874389648e-01
5.549146533012390137e-01
5.744373202323913574e-01
5.064560770988464355e-01
3.984997570514678955e-01
5.377193093299865723e-01
5.475687384605407715e-01
4.862239658832550049e-01
5.543614625930786133e-01
4.978206157684326172e-01
5.257716178894042969e-01
4.215109050273895264e-01
4.725480079650878906e-01
5.370921492576599121e-01
5.439856648445129395e-01
5.312749743461608887e-01
5.028788447380065918e-01
5.627018809318542480e-01
5.025008916854858398e-01
4.279670119285583496e-01
5.830961465835571289e-01
5.109386444091796875e-01
4.457609653472900391e-01
5.454254746437072754e-01
5.051777958869934082e-01
4.773736894130706787e-01
5.587946772575378418e-01
5.245683193206787109e-01
5.008552670478820801e-01
5.863874554634094238e-01
5.404547452926635742e-01
4.741500616073608398e-01
5.148777961730957031e-01
5.048268437385559082e-01
5.411332249641418457e-01
4.094454050064086914e-01
5.515865683555603027e-01
5.091243386268615723e-01
5.215289592742919922e-01
4.761487245559692383e-01
4.904531240463256836e-01
5.453546643257141113e-01
4.809257388114929199e-01
4.847911000251770020e-01
5.546167492866516113e-01
5.245184898376464844e-01
4.590351283550262451e-01
4.620813429355621338e-01
4.979130923748016357e-01
5.212464332580566406e-01
4.679064452648162842e-01
4.428434967994689941e-01
5.138029456138610840e-01
4.657027125358581543e-01
5.117081999778747559e-01
5.173029303550720215e-01
5.109542012214660645e-01
5.970569849014282227e-01
4.389031231403350830e-01
5.119514465332031250e-01
4.340517818927764893e-01
4.778748750686645508e-01
5.098825097084045410e-01
5.419703125953674316e-01
4.965597391128540039e-01
6.169639825820922852e-01
5.240208506584167480e-01
5.669043064117431641e-01
4.512016177177429199e-01
5.659470558166503906e-01
4.677217304706573486e-01
4.843198657035827637e-01
4.756597578525543213e-01
5.778893232345581055e-01
4.616313576698303223e-01
5.277144908905029297e-01
4.582898914813995361e-01
4.918009340763092041e-01
5.045691728591918945e-01
5.131905674934387207e-01
4.515462815761566162e-01
4.302725791931152344e-01
5.276803374290466309e-01
4.940413236618041992e-01
5.717400908470153809e-01
5.057383179664611816e-01
5.557644963264465332e-01
4.160323441028594971e-01
5.193670392036437988e-01
5.004964470863342285e-01
5.169745683670043945e-01
4.976180493831634521e-01
5.220150947570800781e-01
4.227819740772247314e-01
5.208037495613098145e-01
5.425474047660827637e-01
4.449598789215087891e-01
4.823337793350219727e-01
4.782090187072753906e-01
5.446956753730773926e-01
5.509753823280334473e-01
4.834925830364227295e-01
4.216812551021575928e-01
4.671934545040130615e-01
4.650911390781402588e-01
5.032781362533569336e-01
4.812676012516021729e-01
4.880573153495788574e-01
4.936602115631103516e-01
4.980425834655761719e-01
5.368373990058898926e-01
5.601616501808166504e-01
5.439582467079162598e-01
4.444545209407806396e-01
5.460379719734191895e-01
5.240936279296875000e-01
5.324792265892028809e-01
4.708091318607330322e-01
4.170664250850677490e-01
3.626891076564788818e-01
4.753731787204742432e-01
5.406954288482666016e-01
5.451964735984802246e-01
4.879742860794067383e-01
5.111923813819885254e-01
5.402098894119262695e-01
5.414613485336303711e-01
5.945311784744262695e-01
5.358195304870605469e-01
4.462643563747406006e-01
5.816211700439453125e-01
3.998085260391235352e-01
5.038182735443115234e-01
5.360472202301025391e-01
4.560858309268951416e-01
4.628603160381317139e-01
5.398273468017578125e-01
4.928684830665588379e-01
5.167948007583618164e-01
5.873237848281860352e-01
4.901129305362701416e-01
3.795009851455688477e-01
5.439279675483703613e-01
4.734103381633758545e-01
4.746700227260589600e-01
5.769066214561462402e-01
4.177561104297637939e-01
5.119867920875549316e-01
4.994172155857086182e-01
5.306612849235534668e-01
5.516729354858398438e-01
4.329994022846221924e-01
4.978528320789337158e-01
4.843477308750152588e-01
5.154427289962768555e-01
5.792664885520935059e-01
6.071403622627258301e-01
4.431375563144683838e-01
4.964576959609985352e-01
4.719739258289337158e-01
5.392340421676635742e-01
4.177213013172149658e-01
5.312647819519042969e-01
5.334353446960449219e-01
4.954031407833099365e-01
5.773884057998657227e-01
5.953014492988586426e-01
4.635749757289886475e-01
5.728106498718261719e-01
4.568617343902587891e-01
5.843914747238159180e-01
5.208840966224670410e-01
5.457157492637634277e-01
4.709402322769165039e-01
5.425977110862731934e-01
4.898149967193603516e-01
5.697243809700012207e-01
4.977896511554718018e-01
5.824693441390991211e-01
4.884409606456756592e-01
4.594994783401489258e-01
5.493528842926025391e-01
3.924386501312255859e-01
4.891358911991119385e-01
4.618448317050933838e-01
4.871760308742523193e-01
4.815900325775146484e-01
5.158668756484985352e-01
5.037238001823425293e-01
5.340163111686706543e-01
5.234947800636291504e-01
5.371924638748168945e-01
5.776741504669189453e-01
4.834231436252593994e-01
4.928015470504760742e-01
4.979602098464965820e-01
4.724230468273162842e-01
4.435963630676269531e-01
5.399717688560485840e-01
4.980183541774749756e-01
4.052771031856536865e-01
4.878797829151153564e-01
6.020299196243286133e-01
5.168133378028869629e-01
5.802327990531921387e-01
4.420135915279388428e-01
4.564874172210693359e-01
5.379285216331481934e-01
5.509753823280334473e-01
4.696405529975891113e-01
3.801101148128509521e-01
5.479727387428283691e-01
4.882872402667999268e-01
5.517682433128356934e-01
5.215655565261840820e-01
4.805638492107391357e-01
5.221701860427856445e-01
5.679674744606018066e-01
5.279653072357177734e-01
4.819070994853973389e-01
5.154437422752380371e-01
5.678194761276245117e-01
4.983967840671539307e-01
5.223281979560852051e-01
4.345230460166931152e-01
4.130643010139465332e-01
5.134491324424743652e-01
5.752520561218261719e-01
4.833839833736419678e-01
4.640621244907379150e-01
5.580391287803649902e-01
5.004385709762573242e-01
4.453470706939697266e-01
4.996133446693420410e-01
5.131078958511352539e-01
5.552817583084106445e-01
4.883171021938323975e-01
4.601437449455261230e-01
4.451878666877746582e-01
4.870453476905822754e-01
5.663605928421020508e-01
5.485088825225830078e-01
5.400037765502929688e-01
5.014961957931518555e-01
5.102685093879699707e-01
5.250835418701171875e-01
5.365146398544311523e-01
4.858101904392242432e-01
4.742900133132934570e-01
5.243909955024719238e-01
4.635203778743743896e-01
5.821022391319274902e-01
4.575395584106445312e-01
4.846594035625457764e-01
4.862320721149444580e-01
4.566098451614379883e-01
5.021024942398071289e-01
5.075055956840515137e-01
5.254064798355102539e-01
4.887715280055999756e-01
5.150086283683776855e-01
5.395799875259399414e-01
4.622847139835357666e-01
5.402494072914123535e-01
5.597066283226013184e-01
5.565739870071411133e-01
5.451385378837585449e-01
4.475025832653045654e-01
4.671149551868438721e-01
4.744183719158172607e-01
4.436886310577392578e-01
4.296659827232360840e-01
5.355593562126159668e-01
4.716899693012237549e-01
5.109043717384338379e-01
5.522024035453796387e-01
4.931169748306274414e-01
5.112609267234802246e-01
5.190463066101074219e-01
5.418571233749389648e-01
5.181949734687805176e-01
4.544998705387115479e-01
5.216569304466247559e-01
3.970310091972351074e-01
5.087558627128601074e-01
4.714580476284027100e-01
3.826509416103363037e-01
4.624246954917907715e-01
4.053958356380462646e-01
6.030173301696777344e-01
4.280484318733215332e-01
4.309701919555664062e-01
4.656259417533874512e-01
5.059356093406677246e-01
5.676245093345642090e-01
5.143246650695800781e-01
5.499370098114013672e-01
4.918697178363800049e-01
5.448505878448486328e-01
4.318574368953704834e-01
4.607864320278167725e-01
5.012676715850830078e-01
6.232405900955200195e-01
4.526430964469909668e-01
4.782580435276031494e-01
4.934920668601989746e-01
4.983164966106414795e-01
4.382755458354949951e-01
5.308676362037658691e-01
4.360345900058746338e-01
5.509641170501708984e-01
5.268361568450927734e-01
4.693455994129180908e-01
4.582650661468505859e-01
4.668995738029479980e-01
5.413312911987304688e-01
5.017837285995483398e-01
4.984278082847595215e-01
4.711187183856964111e-01
4.451882839202880859e-01
5.101662278175354004e-01
4.018233120441436768e-01
4.931559264659881592e-01
4.971131980419158936e-01
6.002249121665954590e-01
4.572904706001281738e-01
3.876894116401672363e-01
4.366376698017120361e-01
5.349543690681457520e-01
4.885016977787017822e-01
4.629864394664764404e-01
5.748840570449829102e-01
3.739973604679107666e-01
3.781255781650543213e-01
5.187870860099792480e-01
5.184163451194763184e-01
5.376504659652709961e-01
5.217660665512084961e-01
5.039776563644409180e-01
4.780924320220947266e-01
5.690670013427734375e-01
4.279711246490478516e-01
6.114224195480346680e-01
5.161023736000061035e-01
5.342280268669128418e-01
4.591389298439025879e-01
4.303531944751739502e-01
5.118681788444519043e-01
5.519790649414062500e-01
5.244807600975036621e-01
5.089266896247863770e-01
5.134989023208618164e-01
4.402754008769989014e-01
4.727881252765655518e-01
4.882796406745910645e-01
5.769811868667602539e-01
5.757539868354797363e-01
5.117675662040710449e-01
4.735000431537628174e-01
4.727575480937957764e-01
5.300640463829040527e-01
4.969399571418762207e-01
4.850369393825531006e-01
3.808491528034210205e-01
5.055292844772338867e-01
5.039194226264953613e-01
4.654496014118194580e-01
5.614275336265563965e-01
4.789101779460906982e-01
4.669578373432159424e-01
5.234167575836181641e-01
4.714899659156799316e-01
4.568175375461578369e-01
5.257152318954467773e-01
4.162403345108032227e-01
4.059610068798065186e-01
5.109327435493469238e-01
5.351234674453735352e-01
5.425215959548950195e-01
4.021948277950286865e-01
5.854064226150512695e-01
4.975584745407104492e-01
5.153286457061767578e-01
5.279427766799926758e-01
5.560509562492370605e-01
4.867230653762817383e-01
5.074896812438964844e-01
5.432865619659423828e-01
4.812331497669219971e-01
5.379287004470825195e-01
5.877001881599426270e-01
5.446535944938659668e-01
5.381498932838439941e-01
4.906581640243530273e-01
4.591994583606719971e-01
4.474627673625946045e-01
4.672075212001800537e-01
5.448181629180908203e-01
5.753551125526428223e-01
5.489913225173950195e-01
4.031400084495544434e-01
4.811375439167022705e-01
5.377003550529479980e-01
5.252506136894226074e-01
5.048310160636901855e-01
4.843166768550872803e-01
4.921765029430389404e-01
5.095372796058654785e-01
4.932212233543395996e-01
5.005702972412109375e-01
5.018099546432495117e-01
4.945710301399230957e-01
5.302910208702087402e-01
4.944722950458526611e-01
4.948143959045410156e-01
4.877730607986450195e-01
5.109024047851562500e-01
6.662071943283081055e-01
5.611582994461059570e-01
4.979910850524902344e-01
5.897036790847778320e-01
5.646519064903259277e-01
4.095830321311950684e-01
5.430673956871032715e-01
5.064824223518371582e-01
4.984928667545318604e-01
5.451362133026123047e-01
5.236811637878417969e-01
5.108795166015625000e-01
4.292570948600769043e-01
5.180721282958984375e-01
4.957326948642730713e-01
5.054252147674560547e-01
6.083740592002868652e-01
4.764517247676849365e-01
4.954526424407958984e-01
5.073720216751098633e-01
4.283528923988342285e-01
5.117596983909606934e-01
5.127422809600830078e-01
4.854960739612579346e-01
5.236377120018005371e-01
4.456492364406585693e-01
5.173107981681823730e-01
5.123887062072753906e-01
4.293126761913299561e-01
5.445201992988586426e-01
4.122304618358612061e-01
4.991272389888763428e-01
4.708539545536041260e-01
4.842317402362823486e-01
3.895996809005737305e-01
5.039396286010742188e-01
5.873376131057739258e-01
4.782666563987731934e-01
4.977984130382537842e-01
4.903164207935333252e-01
4.563664197921752930e-01
4.208517968654632568e-01
5.304535627365112305e-01
5.006166696548461914e-01
4.645319879055023193e-01
5.290461778640747070e-01
5.365777015686035156e-01
4.935226738452911377e-01
4.728847146034240723e-01
4.989085197448730469e-01
5.009610056877136230e-01
5.016843080520629883e-01
5.304378867149353027e-01
5.512609481811523438e-01
5.184521079063415527e-01
4.945166110992431641e-01
4.425590634346008301e-01
5.287770628929138184e-01
5.274533033370971680e-01
5.101200938224792480e-01
4.423087239265441895e-01
4.070739150047302246e-01
5.579229593276977539e-01
4.659186303615570068e-01
5.481492280960083008e-01
5.014373064041137695e-01
4.876106679439544678e-01
4.671511054039001465e-01
5.136414766311645508e-01
4.859385788440704346e-01
5.347014665603637695e-01
4.452470242977142334e-01
5.088580250740051270e-01
5.870436429977416992e-01
5.344246029853820801e-01
4.050940275192260742e-01
5.131013393402099609e-01
5.553094148635864258e-01
5.329484343528747559e-01
5.214030742645263672e-01
4.081379175186157227e-01
4.317067563533782959e-01
5.337284803390502930e-01
4.867436289787292480e-01
5.451835393905639648e-01
5.186693072319030762e-01
4.305950105190277100e-01
5.717849731445312500e-01
5.392238497734069824e-01
5.273194909095764160e-01
5.624897480010986328e-01
4.935149848461151123e-01
5.176196098327636719e-01
4.811295866966247559e-01
5.476012825965881348e-01
4.715123176574707031e-01
4.335491061210632324e-01
5.062946081161499023e-01
4.645366370677947998e-01
4.788311719894409180e-01
5.617158412933349609e-01
5.165427923202514648e-01
5.685067772865295410e-01
5.382665395736694336e-01
5.949606299400329590e-01
4.915331602096557617e-01
4.846109151840209961e-01
5.141211748123168945e-01
4.857918918132781982e-01
4.992492794990539551e-01
5.157110691070556641e-01
5.110111236572265625e-01
5.046293735504150391e-01
5.071560144424438477e-01
5.394813418388366699e-01
5.406836867332458496e-01
5.268526077270507812e-01
5.841226577758789062e-01
4.547769427299499512e-01
5.291614532470703125e-01
6.008002161979675293e-01
4.973670244216918945e-01
5.315262675285339355e-01
4.412398338317871094e-01
4.897790849208831787e-01
4.473558664321899414e-01
5.399819016456604004e-01
4.518673717975616455e-01
4.085380136966705322e-01
5.081241130828857422e-01
5.504893660545349121e-01
5.045692324638366699e-01
5.098738074302673340e-01
5.021857023239135742e-01
4.825994968414306641e-01
4.463137984275817871e-01
5.048179030418395996e-01
5.337941646575927734e-01
6.214152574539184570e-01
5.125864148139953613e-01
5.060005784034729004e-01
4.821019768714904785e-01
5.634601116180419922e-01
4.752848148345947266e-01
5.229294300079345703e-01
4.681895375251770020e-01
5.415481328964233398e-01
5.638361573219299316e-01
4.577450454235076904e-01
4.754251539707183838e-01
5.501121282577514648e-01
3.806690275669097900e-01
4.685761630535125732e-01
5.099801421165466309e-01
5.173500180244445801e-01
5.063597559928894043e-01
5.266128778457641602e-01
5.107308030128479004e-01
5.145958065986633301e-01
4.644477367401123047e-01
5.160948038101196289e-01
5.097012519836425781e-01
4.459888637065887451e-01
5.187870860099792480e-01
5.287269353866577148e-01
5.385210514068603516e-01
4.848520755767822266e-01
5.015026330947875977e-01
5.156043171882629395e-01
4.748304188251495361e-01
5.507947802543640137e-01
4.829498529434204102e-01
4.438779056072235107e-01
5.658342242240905762e-01
5.075491666793823242e-01
5.822726488113403320e-01
5.326214432716369629e-01
5.248118638992309570e-01
5.290176272392272949e-01
5.147876143455505371e-01
4.500091969966888428e-01
4.630111455917358398e-01
5.450454950332641602e-01
5.340752601623535156e-01
5.212492942810058594e-01
5.961688160896301270e-01
4.886223673820495605e-01
5.439047813415527344e-01
5.725719928741455078e-01
5.471404194831848145e-01
5.552136301994323730e-01
5.032855868339538574e-01
4.919805526733398438e-01
5.360214710235595703e-01
4.894315302371978760e-01
5.157000422477722168e-01
4.786538481712341309e-01
5.154072046279907227e-01
5.193902254104614258e-01
4.985137283802032471e-01
4.500366747379302979e-01
5.614053606986999512e-01
4.475115239620208740e-01
6.048172116279602051e-01
5.877001881599426270e-01
4.963943064212799072e-01
5.128886103630065918e-01
4.879416525363922119e-01
5.788364410400390625e-01
5.647398829460144043e-01
4.997321665287017822e-01
3.917823135852813721e-01
4.766745269298553467e-01
5.402589440345764160e-01
5.083247423171997070e-01
5.079407691955566406e-01
5.314794778823852539e-01
4.162602424621582031e-01
4.988626539707183838e-01
5.207903981208801270e-01
5.117636322975158691e-01
5.069227814674377441e-01
5.077948570251464844e-01
6.119531393051147461e-01
5.002473592758178711e-01
4.796619415283203125e-01
4.818390011787414551e-01
5.751923322677612305e-01
5.449445843696594238e-01
4.912818968296051025e-01
5.136942267417907715e-01
4.825661778450012207e-01
5.138844251632690430e-01
5.622037053108215332e-01
5.235484838485717773e-01
5.597338676452636719e-01
4.441342055797576904e-01
4.916709065437316895e-01
5.053243041038513184e-01
4.994429051876068115e-01
4.784922301769256592e-01
4.958026409149169922e-01
5.168680548667907715e-01
4.333610534667968750e-01
5.103595256805419922e-01
3.964830338954925537e-01
4.088909029960632324e-01
5.358279347419738770e-01
5.256091952323913574e-01
5.310187339782714844e-01
4.793992042541503906e-01
4.332026541233062744e-01
5.235381126403808594e-01
5.574187636375427246e-01
4.729317426681518555e-01
4.608825445175170898e-01
5.409635305404663086e-01
5.087403059005737305e-01
6.070405244827270508e-01
5.513815283775329590e-01
5.148400068283081055e-01
5.597620606422424316e-01
3.704901337623596191e-01
5.039889216423034668e-01
5.432817339897155762e-01
5.044733881950378418e-01
5.290697216987609863e-01
5.146220922470092773e-01
4.697587490081787109e-01
4.730631709098815918e-01
4.889896810054779053e-01
5.517240166664123535e-01
6.496125459671020508e-01
4.391483366489410400e-01
5.016906857490539551e-01
4.392859637737274170e-01
5.195788145065307617e-01
5.375989675521850586e-01
5.040349960327148438e-01
4.425261914730072021e-01
4.695804715156555176e-01
4.896417558193206787e-01
5.216724276542663574e-01
4.966773390769958496e-01
5.289512872695922852e-01
4.953559935092926025e-01
4.346947073936462402e-01
5.101572275161743164e-01
5.487738847732543945e-01
5.372029542922973633e-01
4.620835781097412109e-01
4.458735585212707520e-01
4.269864261150360107e-01
4.821602106094360352e-01
4.842819571495056152e-01
4.132866561412811279e-01
4.713214337825775146e-01
5.794090628623962402e-01
4.536511600017547607e-01
4.986844062805175781e-01
4.695559740066528320e-01
4.606223404407501221e-01
4.428403079509735107e-01
4.405856132507324219e-01
4.824732542037963867e-01
5.755099058151245117e-01
5.178909301757812500e-01
4.777893126010894775e-01
4.782925248146057129e-01
5.546560883522033691e-01
4.704982936382293701e-01
5.393813252449035645e-01
4.781911969184875488e-01
5.141167044639587402e-01
4.543503224849700928e-01
5.199915766716003418e-01
4.580839872360229492e-01
5.089440345764160156e-01
4.904883205890655518e-01
4.943120479583740234e-01
5.523592233657836914e-01
4.826672375202178955e-01
4.539506137371063232e-01
4.638439118862152100e-01
4.730402827262878418e-01
5.095796585083007812e-01
5.338606834411621094e-01
5.077896714210510254e-01
6.145154833793640137e-01
4.941871166229248047e-01
5.772156119346618652e-01
4.957292973995208740e-01
5.059088468551635742e-01
4.804646968841552734e-01
4.407699704170227051e-01
5.439651608467102051e-01
5.562948584556579590e-01
4.794263541698455811e-01
5.162339210510253906e-01
5.252202749252319336e-01
4.151942431926727295e-01
5.319944620132446289e-01
4.091472625732421875e-01
4.334393441677093506e-01
5.157826542854309082e-01
4.702155590057373047e-01
4.864043891429901123e-01
5.337176322937011719e-01
5.590783357620239258e-01
5.006315112113952637e-01
5.815610289573669434e-01
5.554409623146057129e-01
6.167501211166381836e-01
4.199610650539398193e-01
5.325393676757812500e-01
5.773074626922607422e-01
5.036361217498779297e-01
5.517084002494812012e-01
4.579985439777374268e-01
4.882701933383941650e-01
5.203348398208618164e-01
6.156414747238159180e-01
4.300705194473266602e-01
4.520793855190277100e-01
5.535353422164916992e-01
5.063011646270751953e-01
5.028900504112243652e-01
4.692157804965972900e-01
5.173490643501281738e-01
5.146248936653137207e-01
4.310430586338043213e-01
5.243543386459350586e-01
5.946325659751892090e-01
4.342732131481170654e-01
4.695887863636016846e-01
5.113545656204223633e-01
4.653856456279754639e-01
5.026938319206237793e-01
5.525025129318237305e-01
5.283262133598327637e-01
4.495441019535064697e-01
4.210321605205535889e-01
4.140584766864776611e-01
5.701343417167663574e-01
5.412609577178955078e-01
5.146831274032592773e-01
5.651875138282775879e-01
4.488975703716278076e-01
5.317820310592651367e-01
5.372820496559143066e-01
3.631319403648376465e-01
5.325247645378112793e-01
4.198903441429138184e-01
4.261913299560546875e-01
4.368547797203063965e-01
5.697969198226928711e-01
4.000940024852752686e-01
4.991890192031860352e-01
5.472535490989685059e-01
5.050960779190063477e-01
4.990336000919342041e-01
5.206421613693237305e-01
4.357062876224517822e-01
4.415535628795623779e-01
5.482035279273986816e-01
5.110914111137390137e-01
5.405649542808532715e-01
4.874763488769531250e-01
5.095936655998229980e-01
4.679291546344757080e-01
5.084723830223083496e-01
4.638402163982391357e-01
5.206402540206909180e-01
3.941977918148040771e-01
5.013832449913024902e-01
5.758296847343444824e-01
5.237651467323303223e-01
5.017326474189758301e-01
6.064820885658264160e-01
5.115031599998474121e-01
5.675427913665771484e-01
5.586051344871520996e-01
4.773585200309753418e-01
5.047258734703063965e-01
4.163654148578643799e-01
4.973595142364501953e-01
4.826597571372985840e-01
5.315980911254882812e-01
5.530262589454650879e-01
4.268086552619934082e-01
5.714385509490966797e-01
4.903244078159332275e-01
5.398696064949035645e-01
5.444812178611755371e-01
5.614901781082153320e-01
5.144721269607543945e-01
6.488646864891052246e-01
5.292071700096130371e-01
5.059133768081665039e-01
5.079641342163085938e-01
4.739080369472503662e-01
5.305964350700378418e-01
5.189289450645446777e-01
5.199037194252014160e-01
4.771057069301605225e-01
5.702413320541381836e-01
4.532926380634307861e-01
5.583055615425109863e-01
4.982070028781890869e-01
4.734622836112976074e-01
5.843241810798645020e-01
4.388491213321685791e-01
4.464482069015502930e-01
4.681395292282104492e-01
5.497767329216003418e-01
5.332055687904357910e-01
5.429973006248474121e-01
5.149881243705749512e-01
6.225373744964599609e-01
4.341231584548950195e-01
5.212122797966003418e-01
5.041024088859558105e-01
5.819877982139587402e-01
4.922188222408294678e-01
5.160421729087829590e-01
5.081261396408081055e-01
5.097032189369201660e-01
5.051652193069458008e-01
4.735226035118103027e-01
5.143370032310485840e-01
4.336587488651275635e-01
5.087155103683471680e-01
5.046117305755615234e-01
4.928795099258422852e-01
5.171055793762207031e-01
5.427721142768859863e-01
4.863989651203155518e-01
4.847923219203948975e-01
4.929723143577575684e-01
4.879485070705413818e-01
5.119846463203430176e-01
5.484381914138793945e-01
5.071042180061340332e-01
3.626208305358886719e-01
4.760451018810272217e-01
4.699190258979797363e-01
4.607443809509277344e-01
4.102078974246978760e-01
4.999772906303405762e-01
5.059487819671630859e-01
5.518783926963806152e-01
4.454020559787750244e-01
5.137138366699218750e-01
4.073972702026367188e-01
5.265952348709106445e-01
5.798045992851257324e-01
5.172141194343566895e-01
5.385374426841735840e-01
4.361499547958374023e-01
4.635191261768341064e-01
4.463409185409545898e-01
4.618021249771118164e-01
5.019873380661010742e-01
5.269161462783813477e-01
5.224080085754394531e-01
6.079113483428955078e-01
4.924010336399078369e-01
5.259968042373657227e-01
4.889123141765594482e-01
5.221772193908691406e-01
5.430863499641418457e-01
4.063368439674377441e-01
5.151011347770690918e-01
4.857503771781921387e-01
5.695014595985412598e-01
4.810954928398132324e-01
5.490740537643432617e-01
5.120966434478759766e-01
5.182287693023681641e-01
5.084280371665954590e-01
5.252696275711059570e-01
4.103153944015502930e-01
4.104080200195312500e-01
5.189802646636962891e-01
4.371871054172515869e-01
5.243705511093139648e-01
4.478023052215576172e-01
5.123717784881591797e-01
5.991259217262268066e-01
4.986449480056762695e-01
4.819401502609252930e-01
4.502349197864532471e-01
4.676598310470581055e-01
5.240936279296875000e-01
5.388656854629516602e-01
5.028511285781860352e-01
5.558494329452514648e-01
4.899300634860992432e-01
4.663999080657958984e-01
4.227638840675354004e-01
5.037929415702819824e-01
4.561486244201660156e-01
5.587154030799865723e-01
4.907655119895935059e-01
5.367726683616638184e-01
4.373523890972137451e-01
4.762065410614013672e-01
5.343259572982788086e-01
4.870423972606658936e-01
4.699083268642425537e-01
4.905372560024261475e-01
4.836648702621459961e-01
5.600191354751586914e-01
5.866835713386535645e-01
5.288726091384887695e-01
4.877529144287109375e-01
4.812676012516021729e-01
4.900070428848266602e-01
4.848373830318450928e-01
3.854189515113830566e-01
5.231680274009704590e-01
4.784527719020843506e-01
4.845373928546905518e-01
5.430639386177062988e-01
4.738467335700988770e-01
4.065593481063842773e-01
5.656388401985168457e-01
4.568771421909332275e-01
5.044897794723510742e-01
5.092412829399108887e-01
5.252408385276794434e-01
5.053191781044006348e-01
4.862738549709320068e-01
5.211890339851379395e-01
5.403531193733215332e-01
4.516563415527343750e-01
5.615911483764648438e-01
4.864276945590972900e-01
5.701069831848144531e-01
5.040375590324401855e-01
4.914866089820861816e-01
4.814376533031463623e-01
4.483388066291809082e-01
6.118097901344299316e-01
5.361571907997131348e-01
5.583787560462951660e-01
4.884081780910491943e-01
5.145685672760009766e-01
5.327829122543334961e-01
5.808765888214111328e-01
4.845809936523437500e-01
5.164291262626647949e-01
4.886166751384735107e-01
5.527692437171936035e-01
5.145389437675476074e-01
4.563174545764923096e-01
5.954655408859252930e-01
4.479503631591796875e-01
4.906831979751586914e-01
4.607460498809814453e-01
5.392977595329284668e-01
5.177074074745178223e-01
5.999886989593505859e-01
4.844554662704467773e-01
5.609517097473144531e-01
5.480945706367492676e-01
5.151432156562805176e-01
4.873469769954681396e-01
4.645558595657348633e-01
5.503678917884826660e-01
4.952280223369598389e-01
4.259718060493469238e-01
5.256608724594116211e-01
4.659002125263214111e-01
5.542487502098083496e-01
4.998469948768615723e-01
4.220912158489227295e-01
4.272203743457794189e-01
4.860790967941284180e-01
4.420281052589416504e-01
5.299187898635864258e-01
5.793254971504211426e-01
5.052710771560668945e-01
4.083627164363861084e-01
5.028614997863769531e-01
5.212866067886352539e-01
4.193647205829620361e-01
4.261234402656555176e-01
5.017910003662109375e-01
5.597385764122009277e-01
4.899761974811553955e-01
4.682577550411224365e-01
5.291219353675842285e-01
5.119341015815734863e-01
4.968806803226470947e-01
5.402647852897644043e-01
5.719160437583923340e-01
4.272854328155517578e-01
4.902037680149078369e-01
4.981822669506072998e-01
5.106684565544128418e-01
3.906178772449493408e-01
5.216290354728698730e-01
5.384600162506103516e-01
4.771243631839752197e-01
5.107953548431396484e-01
3.943644762039184570e-01
4.903719127178192139e-01
5.414300560951232910e-01
5.267440080642700195e-01
5.287944078445434570e-01
4.924224913120269775e-01
5.679352283477783203e-01
5.379639267921447754e-01
5.497807860374450684e-01
4.930023252964019775e-01
4.913225769996643066e-01
6.091763377189636230e-01
5.370208024978637695e-01
5.228146910667419434e-01
4.710826277732849121e-01
4.856106936931610107e-01
5.031052827835083008e-01
5.758101940155029297e-01
5.336887240409851074e-01
5.284977555274963379e-01
5.042779445648193359e-01
4.095047116279602051e-01
4.532094597816467285e-01
4.920238554477691650e-01
4.852144718170166016e-01
4.694635272026062012e-01
4.409204125404357910e-01
5.291119217872619629e-01
5.545123815536499023e-01
5.455089211463928223e-01
5.283907055854797363e-01
4.220397770404815674e-01
4.698532819747924805e-01
4.786801338195800781e-01
5.131477117538452148e-01
4.173300266265869141e-01
4.317067563533782959e-01
5.155929327011108398e-01
4.329208731651306152e-01
4.646866917610168457e-01
4.914751648902893066e-01
5.013723373413085938e-01
4.172447919845581055e-01
5.848948955535888672e-01
5.598846077919006348e-01
4.930328130722045898e-01
5.089129805564880371e-01
5.916091203689575195e-01
3.743826448917388916e-01
4.646594226360321045e-01
5.708041191101074219e-01
5.281706452369689941e-01
5.692350268363952637e-01
4.882799088954925537e-01
4.595377445220947266e-01
5.079025626182556152e-01
5.613647103309631348e-01
5.334678888320922852e-01
5.438506007194519043e-01
5.182558298110961914e-01
5.083242654800415039e-01
5.262634158134460449e-01
3.780152201652526855e-01
4.808198511600494385e-01
3.851825892925262451e-01
4.444760084152221680e-01
4.901140034198760986e-01
5.429995059967041016e-01
5.189467668533325195e-01
3.951014876365661621e-01
5.135853290557861328e-01
5.024238228797912598e-01
4.540834128856658936e-01
5.307554602622985840e-01
5.403317213058471680e-01
4.288932383060455322e-01
5.110108852386474609e-01
5.487368106842041016e-01
4.544105529785156250e-01
5.210762619972229004e-01
5.401899218559265137e-01
4.356442987918853760e-01
5.050215721130371094e-01
4.952825903892517090e-01
5.119854211807250977e-01
5.345867872238159180e-01
4.633922278881072998e-01
4.958670735359191895e-01
4.693765640258789062e-01
6.010600328445434570e-01
4.770514369010925293e-01
5.084558129310607910e-01
5.946072340011596680e-01
5.055853724479675293e-01
5.389693975448608398e-01
5.187702775001525879e-01
3.706624805927276611e-01
5.127095580101013184e-01
4.730227887630462646e-01
5.128641724586486816e-01
6.071337461471557617e-01
5.219355225563049316e-01
5.408545732498168945e-01
5.437595248222351074e-01
4.356371462345123291e-01
4.811106026172637939e-01
4.569912850856781006e-01
4.675920009613037109e-01
4.534901380538940430e-01
4.970806539058685303e-01
5.327680706977844238e-01
4.983208775520324707e-01
5.452942848205566406e-01
4.899275302886962891e-01
4.650262296199798584e-01
4.674273729324340820e-01
5.878073573112487793e-01
5.745724439620971680e-01
4.948749840259552002e-01
5.061908364295959473e-01
5.185804963111877441e-01
4.700680077075958252e-01
5.023938417434692383e-01
4.724980890750885010e-01
5.510846972465515137e-01
5.050333142280578613e-01
5.039629936218261719e-01
4.883642792701721191e-01
5.964801311492919922e-01
4.827548563480377197e-01
5.716422796249389648e-01
5.165660977363586426e-01
5.572209954261779785e-01
4.680187106132507324e-01
5.122530460357666016e-01
5.024570226669311523e-01
4.710525870323181152e-01
5.645517706871032715e-01
4.937604069709777832e-01
4.898429811000823975e-01
5.093010067939758301e-01
4.494386911392211914e-01
4.029025435447692871e-01
4.495572447776794434e-01
4.352178275585174561e-01
5.584982037544250488e-01
4.510852992534637451e-01
4.485192000865936279e-01
4.281352460384368896e-01
4.121212363243103027e-01
4.402074813842773438e-01
5.148712992668151855e-01
5.044426321983337402e-01
5.472874045372009277e-01
5.020731091499328613e-01
5.492990016937255859e-01
4.980909824371337891e-01
4.516650438308715820e-01
5.302082300186157227e-01
4.985810816287994385e-01
5.330440998077392578e-01
4.716605246067047119e-01
4.723425507545471191e-01
5.600264668464660645e-01
4.096563160419464111e-01
4.983967840671539307e-01
5.020101070404052734e-01
4.971826672554016113e-01
5.063009262084960938e-01
4.436172544956207275e-01
5.044960379600524902e-01
5.534732937812805176e-01
4.819654226303100586e-01
4.556876420974731445e-01
4.481996297836303711e-01
4.584144651889801025e-01
5.120324492454528809e-01
6.104230284690856934e-01
4.738727807998657227e-01
4.304886162281036377e-01
4.638702869415283203e-01
4.687564074993133545e-01
4.623104333877563477e-01
5.253387689590454102e-01
5.485087037086486816e-01
4.832281172275543213e-01
5.495199561119079590e-01
5.531675815582275391e-01
5.674332380294799805e-01
5.172377228736877441e-01
4.195623993873596191e-01
5.192419886589050293e-01
5.067322850227355957e-01
4.585621654987335205e-01
5.165326595306396484e-01
3.515895605087280273e-01
4.317067563533782959e-01
4.734689295291900635e-01
5.360592603683471680e-01
5.229228734970092773e-01
5.324809551239013672e-01
4.857993423938751221e-01
4.615840613842010498e-01
5.535529851913452148e-01
4.382276535034179688e-01
5.070104598999023438e-01
4.796556234359741211e-01
5.515694022178649902e-01
5.168802142143249512e-01
5.781687498092651367e-01
5.435602068901062012e-01
5.622454881668090820e-01
5.436034798622131348e-01
4.670620858669281006e-01
4.695488214492797852e-01
4.855826199054718018e-01
4.539686143398284912e-01
4.179115295410156250e-01
4.772457778453826904e-01
4.731740355491638184e-01
4.969503283500671387e-01
4.778067171573638916e-01
5.555160641670227051e-01
4.878245294094085693e-01
4.216316938400268555e-01
5.197983384132385254e-01
5.430305004119873047e-01
4.563864171504974365e-01
5.859529376029968262e-01
5.457111001014709473e-01
4.265017211437225342e-01
5.340012311935424805e-01
4.981204867362976074e-01
4.623855948448181152e-01
4.842439889907836914e-01
5.866498947143554688e-01
4.653135836124420166e-01
5.348101854324340820e-01
5.066276192665100098e-01
4.184106588363647461e-01
4.683433473110198975e-01
4.119350910186767578e-01
5.588937401771545410e-01
5.140326023101806641e-01
5.261468291282653809e-01
4.976367056369781494e-01
4.710151851177215576e-01
5.071501135826110840e-01
4.317067563533782959e-01
5.063109397888183594e-01
5.646860599517822266e-01
5.196290016174316406e-01
5.566743016242980957e-01
4.978586137294769287e-01
4.799794852733612061e-01
5.250455737113952637e-01
4.205811917781829834e-01
4.687740206718444824e-01
4.829851686954498291e-01
5.212913155555725098e-01
4.794932603836059570e-01
5.425368547439575195e-01
5.470741987228393555e-01
5.454361438751220703e-01
5.183137059211730957e-01
4.818473756313323975e-01
5.167407989501953125e-01
5.381451249122619629e-01
3.775563836097717285e-01
5.043886899948120117e-01
4.476231038570404053e-01
5.446273684501647949e-01
4.736085534095764160e-01
5.268004536628723145e-01
5.539792180061340332e-01
3.652645945549011230e-01
4.324965476989746094e-01
4.340502619743347168e-01
4.243560135364532471e-01
4.888883233070373535e-01
4.234222471714019775e-01
5.140479803085327148e-01
5.400871038436889648e-01
4.733805954456329346e-01
5.279011726379394531e-01
5.258785486221313477e-01
5.202714204788208008e-01
6.154446601867675781e-01
4.690580666065216064e-01
4.401557445526123047e-01
5.112980604171752930e-01
5.061900019645690918e-01
4.422704875469207764e-01
5.205423831939697266e-01
5.845277309417724609e-01
5.273653268814086914e-01
5.309478640556335449e-01
4.880053997039794922e-01
4.822467565536499023e-01
3.850366175174713135e-01
5.654757022857666016e-01
5.527644753456115723e-01
4.626117944717407227e-01
5.260639190673828125e-01
5.384804606437683105e-01
5.307824611663818359e-01
5.493305325508117676e-01
5.157766938209533691e-01
4.996369183063507080e-01
5.277799367904663086e-01
4.220520257949829102e-01
4.929747879505157471e-01
5.710269212722778320e-01
5.100266337394714355e-01
4.828747212886810303e-01
5.391803383827209473e-01
6.138144731521606445e-01
5.619435310363769531e-01
4.767020642757415771e-01
4.262054562568664551e-01
5.999953746795654297e-01
4.876725673675537109e-01
4.924677014350891113e-01
4.600529968738555908e-01
5.782347917556762695e-01
3.912567794322967529e-01
4.495607316493988037e-01
4.623293876647949219e-01
4.221622943878173828e-01
3.965793848037719727e-01
5.036553144454956055e-01
4.473045766353607178e-01
5.205754637718200684e-01
5.655529499053955078e-01
4.377270936965942383e-01
4.131123423576354980e-01
5.034846067428588867e-01
4.984518587589263916e-01
4.999262094497680664e-01
4.921082854270935059e-01
4.794937670230865479e-01
4.729103147983551025e-01
3.991162180900573730e-01
5.535083413124084473e-01
3.986366689205169678e-01
5.504347681999206543e-01
4.491184353828430176e-01
4.573589563369750977e-01
4.688962399959564209e-01
5.043931007385253906e-01
5.302112698554992676e-01
4.890288412570953369e-01
5.235378742218017578e-01
5.023645758628845215e-01
4.719510078430175781e-01
5.164399147033691406e-01
4.877114593982696533e-01
4.907516241073608398e-01
4.485900998115539551e-01
4.951376318931579590e-01
4.336049556732177734e-01
4.993214309215545654e-01
5.006686449050903320e-01
5.139067173004150391e-01
5.018283128738403320e-01
4.591327011585235596e-01
5.382987260818481445e-01
5.042728185653686523e-01
4.983164966106414795e-01
4.672113955020904541e-01
5.432751178741455078e-01
5.296653509140014648e-01
5.489084124565124512e-01
4.829865992069244385e-01
4.900577068328857422e-01
5.265008211135864258e-01
5.213127732276916504e-01
4.711965620517730713e-01
5.148097276687622070e-01
4.076235294342041016e-01
4.874099493026733398e-01
5.627802014350891113e-01
5.158557891845703125e-01
4.545578956604003906e-01
3.891528248786926270e-01
4.753006696701049805e-01
4.202535450458526611e-01
5.100436806678771973e-01
5.006138086318969727e-01
5.543232560157775879e-01
4.666275382041931152e-01
5.034673810005187988e-01
5.598416328430175781e-01
4.940637052059173584e-01
5.242857933044433594e-01
5.298819541931152344e-01
4.732662439346313477e-01
4.523842036724090576e-01
5.424932837486267090e-01
5.014450550079345703e-01
5.082798600196838379e-01
4.754708111286163330e-01
3.416735529899597168e-01
5.060783028602600098e-01
5.010251998901367188e-01
5.466506481170654297e-01
5.577161908149719238e-01
4.550001621246337891e-01
5.799052119255065918e-01
5.400409698486328125e-01
4.737144708633422852e-01
5.141465067863464355e-01
4.878548681735992432e-01
4.571947753429412842e-01
4.651245772838592529e-01
5.139675736427307129e-01
5.694661140441894531e-01
5.354269742965698242e-01
5.032685995101928711e-01
5.058795213699340820e-01
4.586011171340942383e-01
4.621948301792144775e-01
4.333883523941040039e-01
5.225244760513305664e-01
5.468591451644897461e-01
4.553869366645812988e-01
4.803267121315002441e-01
5.373911857604980469e-01
5.307511091232299805e-01
4.727431535720825195e-01
4.672491550445556641e-01
4.194965064525604248e-01
5.323325991630554199e-01
4.269362092018127441e-01
5.662106871604919434e-01
5.518263578414916992e-01
5.329734683036804199e-01
4.821092188358306885e-01
5.746620893478393555e-01
4.978206157684326172e-01
4.935726523399353027e-01
4.607501924037933350e-01
5.619632601737976074e-01
5.900915265083312988e-01
5.235468745231628418e-01
4.380000829696655273e-01
5.566546916961669922e-01
5.126076340675354004e-01
4.890635609626770020e-01
4.984688162803649902e-01
5.041480064392089844e-01
4.736744761466979980e-01
4.930942356586456299e-01
5.219633579254150391e-01
4.369235634803771973e-01
4.953695535659790039e-01
4.936878681182861328e-01
5.431240797042846680e-01
5.666948556900024414e-01
4.424891173839569092e-01
5.062582492828369141e-01
4.633378684520721436e-01
5.171389579772949219e-01
4.366937279701232910e-01
5.119820833206176758e-01
4.257826507091522217e-01
5.872352719306945801e-01
4.400463998317718506e-01
4.187338650226593018e-01
5.051421523094177246e-01
5.124877691268920898e-01
4.350253641605377197e-01
5.747058391571044922e-01
4.609281718730926514e-01
4.338416159152984619e-01
5.736477375030517578e-01
3.671996891498565674e-01
5.560208559036254883e-01
5.505169630050659180e-01
5.300963521003723145e-01
4.552979469299316406e-01
4.258384108543395996e-01
5.619435310363769531e-01
3.933772742748260498e-01
5.451616048812866211e-01
4.230543673038482666e-01
6.054328083992004395e-01
5.739765167236328125e-01
4.569891393184661865e-01
5.034813880920410156e-01
5.307686328887939453e-01
4.803689420223236084e-01
5.144940018653869629e-01
5.178462862968444824e-01
5.418909192085266113e-01
5.685134530067443848e-01
5.170180201530456543e-01
5.428131818771362305e-01
5.102293491363525391e-01
5.112722516059875488e-01
5.000339746475219727e-01
4.709218442440032959e-01
5.237985849380493164e-01
5.389939546585083008e-01
5.322945713996887207e-01
4.548070728778839111e-01
4.869656860828399658e-01
5.160654783248901367e-01
5.005514025688171387e-01
4.247264862060546875e-01
4.793411493301391602e-01
5.004627108573913574e-01
5.382294654846191406e-01
4.400313794612884521e-01
5.671160221099853516e-01
4.231632053852081299e-01
4.051349759101867676e-01
4.719359576702117920e-01
4.784969687461853027e-01
4.317067563533782959e-01
4.372918605804443359e-01
6.086571812629699707e-01
5.019717216491699219e-01
4.909211993217468262e-01
5.110946297645568848e-01
4.518558084964752197e-01
4.977432191371917725e-01
5.256056189537048340e-01
5.598213672637939453e-01
4.888588190078735352e-01
5.047171711921691895e-01
5.420742034912109375e-01
4.782108366489410400e-01
5.321402549743652344e-01
5.397058725357055664e-01
4.373356103897094727e-01
4.718999564647674561e-01
4.648306965827941895e-01
4.847273528575897217e-01
5.163024663925170898e-01
5.424935817718505859e-01
5.187223553657531738e-01
5.129039883613586426e-01
4.569025337696075439e-01
4.614511132240295410e-01
4.415040016174316406e-01
5.082573890686035156e-01
5.488308072090148926e-01
4.394538402557373047e-01
5.024119019508361816e-01
5.052336454391479492e-01
6.014860868453979492e-01
4.440641999244689941e-01
5.379380583763122559e-01
4.478339552879333496e-01
4.561994969844818115e-01
4.698130190372467041e-01
5.935737490653991699e-01
5.018358230590820312e-01
4.393563568592071533e-01
4.070031344890594482e-01
5.704632401466369629e-01
4.889508485794067383e-01
4.604433774948120117e-01
5.310189723968505859e-01
5.378283858299255371e-01
5.012130737304687500e-01
4.887053072452545166e-01
3.484417796134948730e-01
4.162464439868927002e-01
4.508467614650726318e-01
5.219151377677917480e-01
5.402553677558898926e-01
5.042065382003784180e-01
5.131201148033142090e-01
5.452855229377746582e-01
5.123121738433837891e-01
5.528001785278320312e-01
5.040842294692993164e-01
6.001894474029541016e-01
4.536058902740478516e-01
5.700134634971618652e-01
4.386605918407440186e-01
5.420650243759155273e-01
4.019656479358673096e-01
5.481946468353271484e-01
5.347008109092712402e-01
5.127465724945068359e-01
5.317591428756713867e-01
4.789765775203704834e-01
5.846255421638488770e-01
4.815494716167449951e-01
4.425023496150970459e-01
5.557905435562133789e-01
5.426198244094848633e-01
5.597906708717346191e-01
4.673457741737365723e-01
4.886905550956726074e-01
5.823661088943481445e-01
4.177213013172149658e-01
5.422625541687011719e-01
4.652262032032012939e-01
5.927983522415161133e-01
4.948320090770721436e-01
4.814932346343994141e-01
4.957449734210968018e-01
4.726618528366088867e-01
4.970366656780242920e-01
4.602639973163604736e-01
4.369147121906280518e-01
5.810990929603576660e-01
5.268566608428955078e-01
5.757059454917907715e-01
5.177466869354248047e-01
5.083397626876831055e-01
5.138885974884033203e-01
5.595699548721313477e-01
4.187415838241577148e-01
5.590583682060241699e-01
4.490796327590942383e-01
5.407695770263671875e-01
4.396030902862548828e-01
4.815721809864044189e-01
4.763568639755249023e-01
5.434668660163879395e-01
5.373525023460388184e-01
4.145494103431701660e-01
4.572971761226654053e-01
5.419043898582458496e-01
4.605599641799926758e-01
5.154731869697570801e-01
5.174530148506164551e-01
5.256402492523193359e-01
4.973745644092559814e-01
4.506083130836486816e-01
4.034379124641418457e-01
5.747440457344055176e-01
5.372396707534790039e-01
4.937543570995330811e-01
4.310182332992553711e-01
5.350719690322875977e-01
4.973100423812866211e-01
5.133150815963745117e-01
5.340064764022827148e-01
4.518389105796813965e-01
5.414642691612243652e-01
5.222125053405761719e-01
5.206235647201538086e-01
5.117105245590209961e-01
5.089440345764160156e-01
5.339311957359313965e-01
4.432768225669860840e-01
5.671370029449462891e-01
5.245859622955322266e-01
5.222004055976867676e-01
5.261921286582946777e-01
5.488761663436889648e-01
3.784300088882446289e-01
5.591702461242675781e-01
5.526124835014343262e-01
4.987553358078002930e-01
4.815324246883392334e-01
5.765506625175476074e-01
5.028104782104492188e-01
4.754340052604675293e-01
5.509556531906127930e-01
4.712101817131042480e-01
5.400099158287048340e-01
5.625256896018981934e-01
4.689905941486358643e-01
5.312343835830688477e-01
5.351051688194274902e-01
3.830696344375610352e-01
5.567403435707092285e-01
5.050666928291320801e-01
5.436093807220458984e-01
5.151058435440063477e-01
5.949164032936096191e-01
5.497431755065917969e-01
4.811635911464691162e-01
5.651785731315612793e-01
5.717849731445312500e-01
5.132734775543212891e-01
4.810139536857604980e-01
5.097740292549133301e-01
4.854576289653778076e-01
5.275099277496337891e-01
4.952213466167449951e-01
4.867431819438934326e-01
5.558643341064453125e-01
4.705049395561218262e-01
5.179604887962341309e-01
5.312080383300781250e-01
4.749020934104919434e-01
5.538111925125122070e-01
5.110297799110412598e-01
5.031846165657043457e-01
4.984174072742462158e-01
5.133500099182128906e-01
5.398095250129699707e-01
4.936190247535705566e-01
4.984536468982696533e-01
3.883514106273651123e-01
5.059305429458618164e-01
5.366505384445190430e-01
5.163147449493408203e-01
4.422784149646759033e-01
5.084101557731628418e-01
4.866437911987304688e-01
5.414635539054870605e-01
5.280314683914184570e-01
4.514482319355010986e-01
5.636395812034606934e-01
3.975028693675994873e-01
5.616638660430908203e-01
5.500113964080810547e-01
5.110080838203430176e-01
5.395016670227050781e-01
