9.138143062591552734e-01
2.334612654522061348e-04
6.172638535499572754e-01
9.999520778656005859e-01
9.601291418075561523e-01
9.999960660934448242e-01
9.300402998924255371e-01
9.999663829803466797e-01
2.473050262778997421e-04
3.566703759133815765e-03
9.948390126228332520e-01
9.996854066848754883e-01
3.986633121967315674e-01
7.620657086372375488e-01
1.283794631490309257e-06
6.487670361821074039e-06
8.503611087799072266e-01
9.194211959838867188e-01
9.998397827148437500e-01
9.761161804199218750e-01
9.582428932189941406e-01
9.444804191589355469e-01
6.042225956916809082e-01
1.363980700261890888e-04
5.966301560401916504e-01
9.999544620513916016e-01
9.072586894035339355e-01
9.852118492126464844e-01
1.875840942375361919e-03
2.390441251918673515e-03
9.583460688591003418e-01
9.358216524124145508e-01
7.209674119949340820e-01
9.996345043182373047e-01
7.656531333923339844e-01
9.281570315361022949e-01
7.098492980003356934e-01
3.790777991525828838e-04
1.058460250496864319e-01
1.114172302186489105e-02
2.358682155609130859e-01
1.194935385137796402e-02
9.677035808563232422e-01
3.321335613727569580e-01
1.751549541950225830e-01
3.462521126493811607e-04
3.993360151071101427e-04
7.789534330368041992e-01
9.339206814765930176e-01
9.969227910041809082e-01
8.625048940302804112e-05
4.896275699138641357e-01
8.848721981048583984e-01
9.983372688293457031e-01
9.991744160652160645e-01
9.994076490402221680e-01
9.994536042213439941e-01
7.267618179321289062e-01
5.332726519554853439e-03
8.237200230360031128e-02
1.727321743965148926e-02
9.968439340591430664e-01
1.022021695971488953e-01
9.969134330749511719e-01
1.493691559880971909e-02
1.681620329618453979e-01
9.990825653076171875e-01
8.482901453971862793e-01
9.999814033508300781e-01
1.094688009470701218e-02
2.703622885746881366e-05
9.610873460769653320e-01
7.021716237068176270e-02
9.254562258720397949e-01
6.383007019758224487e-02
1.666963915340602398e-03
1.989371376112103462e-04
8.827309608459472656e-01
9.996860027313232422e-01
9.420776367187500000e-01
4.028280727652600035e-06
9.930435419082641602e-01
9.848447442054748535e-01
1.031311257975175977e-04
9.255775250494480133e-03
2.919512987136840820e-01
1.151726464740931988e-03
9.970552921295166016e-01
4.161216565989889205e-06
1.323457690887153149e-04
8.184368014335632324e-01
6.900153756141662598e-01
9.991517066955566406e-01
9.967586398124694824e-01
6.816873699426651001e-02
3.384700103197246790e-04
9.919432401657104492e-01
3.388325058040209115e-05
9.693602323532104492e-01
2.576688826084136963e-01
9.925993680953979492e-01
3.973058774136006832e-04
1.421258691698312759e-02
4.737178642244543880e-06
2.443629130721092224e-02
6.362995505332946777e-01
9.990390539169311523e-01
9.979360103607177734e-01
9.927344322204589844e-01
2.606320753693580627e-02
8.143167495727539062e-01
5.543323606252670288e-02
4.006501659750938416e-02
1.480073115089908242e-04
1.023967911351064686e-06
1.954990439116954803e-03
9.779087901115417480e-01
6.378591060638427734e-03
2.029012441635131836e-01
5.389204714447259903e-03
7.552585005760192871e-01
1.209099497646093369e-02
1.272418163716793060e-02
3.310790518298745155e-03
9.849840998649597168e-01
9.902651309967041016e-01
9.996207952499389648e-01
4.068632796406745911e-02
3.225885331630706787e-01
9.990540146827697754e-01
9.666432142257690430e-01
3.935949061997234821e-04
9.317584037780761719e-01
2.672913251444697380e-05
8.003654479980468750e-01
2.904321849346160889e-01
9.997990727424621582e-01
5.902875680476427078e-03
3.025266050826758146e-04
1.653042621910572052e-02
9.951150417327880859e-01
9.767050147056579590e-01
9.999514818191528320e-01
8.735787272453308105e-01
7.829978317022323608e-02
5.120123550295829773e-02
9.501228332519531250e-01
1.010788232088088989e-02
1.725984657241497189e-05
7.775950507493689656e-05
2.441352754831314087e-01
5.318450275808572769e-03
4.900113344192504883e-01
7.125458680093288422e-03
4.228864014148712158e-01
6.985417567193508148e-03
9.925708174705505371e-01
2.427253499627113342e-02
6.306526064872741699e-01
8.136283159255981445e-01
3.312469124794006348e-01
9.994144439697265625e-01
2.399015426635742188e-02
9.630274176597595215e-01
1.044063176959753036e-02
3.382603463251143694e-04
9.976958632469177246e-01
9.800325334072113037e-02
8.296790719032287598e-01
4.035326652228832245e-03
3.894238034263253212e-03
9.991239905357360840e-01
6.644979119300842285e-01
8.112234473228454590e-01
8.375129103660583496e-01
9.998693466186523438e-01
1.347561366856098175e-02
9.968369007110595703e-01
8.367312602786114439e-07
9.994392991065979004e-01
9.988462924957275391e-01
9.994285702705383301e-01
9.964559674263000488e-01
9.999748468399047852e-01
9.997805953025817871e-01
7.688676714897155762e-01
9.845662713050842285e-01
9.982806444168090820e-01
9.519004821777343750e-01
7.576172705739736557e-03
7.457239031791687012e-01
7.919932007789611816e-01
9.994003772735595703e-01
6.254739855648949742e-05
4.295090585947036743e-02
9.821121692657470703e-01
3.346867742948234081e-04
1.190543174743652344e-03
9.933207631111145020e-01
1.936662243679165840e-03
9.684388041496276855e-01
9.984607696533203125e-01
9.866800904273986816e-01
9.998488426208496094e-01
9.996792078018188477e-01
8.672646880149841309e-01
2.702672965824604034e-03
1.487435027956962585e-02
7.581995129585266113e-01
2.318378835916519165e-01
4.987311363220214844e-01
1.743248477578163147e-02
5.382304191589355469e-01
9.969623684883117676e-01
4.792243838310241699e-01
8.377071022987365723e-01
1.714085042476654053e-02
6.034160777926445007e-02
8.556105196475982666e-02
9.998849630355834961e-01
9.846979975700378418e-01
1.572954356670379639e-01
9.786096811294555664e-01
9.357620729133486748e-05
9.999116659164428711e-01
1.546531729400157928e-02
1.967236166819930077e-04
9.790354967117309570e-01
2.445346675813198090e-02
9.457497000694274902e-01
9.966764450073242188e-01
9.998212456703186035e-01
1.803918033838272095e-01
9.997548460960388184e-01
9.998961687088012695e-01
8.050039468798786402e-05
5.374765532906167209e-05
5.794959515333175659e-02
1.308060600422322750e-03
2.195547372102737427e-01
6.262415051460266113e-01
4.514502882957458496e-01
1.567979110404849052e-03
9.377220273017883301e-01
9.810953736305236816e-01
9.355165958404541016e-01
9.691218137741088867e-01
9.008021354675292969e-01
9.950916767120361328e-01
2.912725806236267090e-01
9.977254271507263184e-01
8.273658156394958496e-01
8.707286119461059570e-01
3.093918223839864368e-07
9.999145269393920898e-01
9.926436543464660645e-01
9.932659864425659180e-01
6.556419134140014648e-01
2.027766895480453968e-04
9.969753026962280273e-01
9.998948574066162109e-01
9.590563923120498657e-02
6.726546416757628322e-06
9.330889582633972168e-01
9.682185649871826172e-01
5.421780347824096680e-01
9.791581034660339355e-01
8.380722403526306152e-01
4.072991311550140381e-01
9.592154026031494141e-01
8.694093227386474609e-01
6.990516185760498047e-02
6.630536913871765137e-02
3.299406380392611027e-04
3.186527639627456665e-02
6.988714337348937988e-01
5.255875587463378906e-01
9.900413155555725098e-01
9.992820620536804199e-01
6.299953907728195190e-03
9.960446357727050781e-01
7.496933937072753906e-01
9.732464551925659180e-01
1.382062473567202687e-04
3.979639112949371338e-01
3.837144076824188232e-01
2.695292234420776367e-01
9.351620078086853027e-01
9.896741509437561035e-01
9.939892292022705078e-01
3.860709227865299908e-07
9.059206843376159668e-01
8.114711046218872070e-01
2.897597290575504303e-02
3.152863655486726202e-06
5.473452806472778320e-01
8.871462345123291016e-01
1.157770981080830097e-03
5.082473754882812500e-01
9.866706728935241699e-01
9.913550019264221191e-01
9.046039581298828125e-01
3.424005582928657532e-03
6.932866381248459220e-05
6.430174410343170166e-02
6.010769284330308437e-04
9.972612857818603516e-01
1.937837805598974228e-03
9.993910789489746094e-01
9.992287158966064453e-01
9.989025592803955078e-01
2.910622209310531616e-02
9.460602086619473994e-06
9.985645413398742676e-01
1.782522645044082310e-06
1.113440703193191439e-05
6.670710444450378418e-01
7.781815528869628906e-01
3.610050189308822155e-04
9.361788630485534668e-01
1.211301059811376035e-04
2.228844445198774338e-03
9.994237422943115234e-01
7.409800887107849121e-01
9.998807907104492188e-01
9.771137833595275879e-01
3.162756684105261229e-06
4.344932449384941719e-07
9.972600936889648438e-01
3.949795370772335446e-07
8.578904089517891407e-04
1.041099652647972107e-01
7.926099002361297607e-02
5.910194516181945801e-01
2.016662387177348137e-03
9.798642396926879883e-01
9.998556375503540039e-01
4.416653215885162354e-01
9.566757082939147949e-02
2.697102352976799011e-02
9.866460561752319336e-01
8.443338274955749512e-01
9.995958209037780762e-01
8.001543879508972168e-01
9.791741967201232910e-01
8.900102376937866211e-01
2.773185842670500278e-04
8.540779352188110352e-01
1.415890604257583618e-01
8.657984733581542969e-01
9.658204913139343262e-01
4.780240058898925781e-01
9.998766183853149414e-01
9.748282900545746088e-05
9.946272969245910645e-01
2.668311297893524170e-01
7.710537174716591835e-04
5.672299861907958984e-01
1.765189617872238159e-01
9.950430393218994141e-01
9.999545812606811523e-01
9.938987493515014648e-01
4.996490897610783577e-04
9.977960586547851562e-01
9.996327161788940430e-01
2.434945106506347656e-01
9.994797110557556152e-01
8.599188327789306641e-01
4.047207534313201904e-02
5.554435847443528473e-05
1.729423552751541138e-02
9.975538849830627441e-01
1.325836628675460815e-01
9.978838562965393066e-01
1.785115338861942291e-02
9.999933242797851562e-01
9.917984008789062500e-01
1.468040049076080322e-02
9.997680783271789551e-01
9.979283809661865234e-01
9.999788999557495117e-01
8.778944611549377441e-01
9.222429990768432617e-01
9.997497200965881348e-01
7.333612442016601562e-01
1.599377486854791641e-03
1.344228535890579224e-01
9.996472597122192383e-01
8.840652704238891602e-01
9.786577820777893066e-01
1.572734862565994263e-02
7.315553426742553711e-01
3.360486626625061035e-01
8.422684669494628906e-01
8.695304393768310547e-01
1.298362016677856445e-02
2.442251425236463547e-03
1.926504482980817556e-04
9.996255636215209961e-01
9.995254278182983398e-01
9.137490391731262207e-01
9.997444748878479004e-01
1.007431745529174805e-01
9.998567104339599609e-01
1.115668118000030518e-01
4.820758700370788574e-01
9.973888993263244629e-01
1.668251305818557739e-02
3.170532290823757648e-04
9.500562548637390137e-01
6.368569098412990570e-03
3.031719243153929710e-04
1.653069830354070291e-06
8.054300546646118164e-01
9.997276663780212402e-01
5.802529049105942249e-04
7.227013111114501953e-01
9.999454021453857422e-01
1.509266067296266556e-02
6.812941137468442321e-06
9.997542500495910645e-01
5.992677807807922363e-02
2.642887234687805176e-01
9.998013377189636230e-01
7.287486642599105835e-02
2.119011729955673218e-01
5.995375514030456543e-01
9.840286374092102051e-01
1.140221506357192993e-01
5.299565196037292480e-01
2.303123706951737404e-03
7.329823970794677734e-01
8.672106923768296838e-05
9.998482465744018555e-01
9.938363432884216309e-01
8.992578387260437012e-01
7.228824310004711151e-03
6.613200157880783081e-02
1.015793811529874802e-02
8.119660615921020508e-02
9.928174018859863281e-01
1.895629055798053741e-02
1.416615646121499594e-06
7.195090292952954769e-04
9.617273211479187012e-01
9.994627833366394043e-01
5.242904424667358398e-01
1.228009257465600967e-02
4.181466996669769287e-02
9.999283552169799805e-01
7.799848914146423340e-02
8.455852046608924866e-03
9.928561449050903320e-01
9.998052716255187988e-01
2.494327723979949951e-03
6.423776969313621521e-03
1.792151597328484058e-04
6.881494773551821709e-04
1.047773379832506180e-02
3.840296631096862257e-05
9.953331351280212402e-01
8.458942174911499023e-01
9.884827733039855957e-01
2.832935564219951630e-02
8.934004902839660645e-01
2.201918141508940607e-05
1.089608818292617798e-01
9.707230329513549805e-01
7.827445864677429199e-01
5.232453811913728714e-03
5.440232753753662109e-01
2.805675903800874949e-04
8.586596846580505371e-01
6.550994701683521271e-03
9.093694686889648438e-01
9.846882224082946777e-01
9.166964888572692871e-01
4.019473791122436523e-01
3.747515007853507996e-02
9.999855756759643555e-01
4.735255788546055555e-04
5.011888570152223110e-04
1.420348853571340442e-04
7.816537618637084961e-01
4.917943151667714119e-04
8.928792522056028247e-05
8.122750520706176758e-01
1.736399084329605103e-01
9.999960660934448242e-01
9.811488986015319824e-01
2.940321806818246841e-03
4.208028018474578857e-01
9.903293848037719727e-01
9.991900324821472168e-01
9.997319579124450684e-01
9.453604817390441895e-01
8.185521364212036133e-01
8.637079596519470215e-01
1.722245087876217440e-06
9.992259740829467773e-01
9.946922659873962402e-01
9.982843995094299316e-01
3.249551355838775635e-02
6.484097838401794434e-01
1.755441725254058838e-02
2.869353338610380888e-04
1.393481343984603882e-01
1.420263666659593582e-02
9.989545345306396484e-01
9.986660480499267578e-01
9.621673822402954102e-01
2.512610256671905518e-01
9.976089000701904297e-01
9.921131134033203125e-01
9.856575131416320801e-01
9.708495140075683594e-01
9.998133778572082520e-01
8.493689820170402527e-04
9.823226332664489746e-01
8.421438336372375488e-01
9.001395665109157562e-03
8.709362708032131195e-03
4.491617903113365173e-02
1.377833657898008823e-03
9.509762749075889587e-03
7.058391571044921875e-01
9.998590946197509766e-01
1.340538710355758667e-01
9.224996028933674097e-05
3.025858998298645020e-01
9.275695681571960449e-01
1.126435920596122742e-01
2.040377818048000336e-03
9.948148131370544434e-01
9.818307757377624512e-01
9.988549947738647461e-01
8.004740476608276367e-01
9.996051192283630371e-01
9.987146854400634766e-01
9.974370002746582031e-01
5.503382635652087629e-05
8.405241966247558594e-01
7.860866934061050415e-02
9.888826012611389160e-01
9.083111882209777832e-01
3.478163480758666992e-01
9.986463189125061035e-01
9.887474179267883301e-01
9.996807575225830078e-01
9.993070363998413086e-01
5.075539462268352509e-03
7.003805134445428848e-03
9.065382480621337891e-01
6.559145276696654037e-06
4.989113286137580872e-02
7.344860205193981528e-05
5.808394551277160645e-01
9.994443058967590332e-01
1.410100958310067654e-04
6.103513836860656738e-01
7.302495941985398531e-05
9.908018708229064941e-01
8.704437017440795898e-01
6.450615910580381751e-05
9.998289346694946289e-01
2.583717927336692810e-03
1.767482353898230940e-05
8.080343008041381836e-01
9.991874098777770996e-01
9.999682903289794922e-01
6.371854688040912151e-04
7.528948187828063965e-01
1.479263301007449627e-05
1.973954141139984131e-01
8.392399549484252930e-01
9.948968291282653809e-01
1.060932409018278122e-02
7.150272130966186523e-01
1.274310518056154251e-03
8.635374903678894043e-02
8.868381381034851074e-01
5.207806825637817383e-03
3.415971398353576660e-01
5.014014840126037598e-01
6.568139195442199707e-01
1.361853331327438354e-01
9.033691287040710449e-01
2.758592308964580297e-04
1.787080913782119751e-01
4.378768149763345718e-03
9.792833924293518066e-01
9.995363950729370117e-01
3.996647298336029053e-01
6.521380972117185593e-03
7.804158329963684082e-01
9.836989641189575195e-01
9.021708965301513672e-01
1.595538407564163208e-01
1.300894469022750854e-01
1.091086960514076054e-05
3.984921053051948547e-02
5.774087905883789062e-01
5.313727073371410370e-03
9.993647933006286621e-01
1.865610107779502869e-02
9.898695349693298340e-01
9.998624324798583984e-01
9.994921684265136719e-01
9.999318122863769531e-01
3.715336788445711136e-03
9.999762773513793945e-01
9.900211691856384277e-01
1.838005334138870239e-02
9.999523162841796875e-01
7.210639715194702148e-01
6.555712223052978516e-01
3.791846632957458496e-01
3.452030718326568604e-01
9.994964599609375000e-01
2.025622641667723656e-03
1.286659948527812958e-02
9.992703795433044434e-01
5.443274974822998047e-01
3.466222062706947327e-02
2.875697418858180754e-06
5.242422819137573242e-01
3.035812377929687500e-01
9.778537154197692871e-01
9.998861551284790039e-01
9.999676942825317383e-01
6.855317354202270508e-01
1.824092715978622437e-01
9.464475512504577637e-01
9.996752738952636719e-01
9.982141256332397461e-01
4.964528083801269531e-01
9.906464815139770508e-01
4.585113376379013062e-03
8.140964061021804810e-02
1.329842302948236465e-02
1.088498625904321671e-02
8.430944085121154785e-01
5.566809326410293579e-03
3.579190969467163086e-01
9.998956918716430664e-01
1.181033626198768616e-01
9.597881436347961426e-01
8.822927474975585938e-01
8.373590111732482910e-01
2.774124499410390854e-03
4.153537750244140625e-02
7.817509770393371582e-02
9.952008724212646484e-01
9.950938224792480469e-01
7.591245174407958984e-01
1.890529994852840900e-03
5.060611367225646973e-01
2.532069087028503418e-01
1.473409007303416729e-03
1.126086644944734871e-04
9.999881982803344727e-01
9.900019168853759766e-01
1.143051667895633727e-05
1.016511991620063782e-01
9.992986917495727539e-01
8.470783829689025879e-01
3.179530054330825806e-02
9.995647072792053223e-01
1.921282964758574963e-03
2.432439709082245827e-03
3.741456661373376846e-03
2.127437852323055267e-03
9.871517419815063477e-01
5.736476778984069824e-01
8.559818267822265625e-01
9.996509552001953125e-01
8.013277500867843628e-02
9.352946281433105469e-01
4.565422236919403076e-01
1.100364988815272227e-05
1.276893890462815762e-04
9.960344433784484863e-01
9.998352527618408203e-01
8.150533540174365044e-05
9.988335967063903809e-01
9.931048750877380371e-01
1.028003869578242302e-03
2.136617451906204224e-01
3.941654264926910400e-01
6.306609511375427246e-01
9.490081667900085449e-01
9.995953440666198730e-01
4.451123459148220718e-06
3.289718925952911377e-02
9.866538643836975098e-01
1.021293865051120520e-04
8.189905285835266113e-01
1.669779012445360422e-04
9.999191761016845703e-01
1.745978079270571470e-05
4.840791821479797363e-01
4.739278665510937572e-05
8.981556892395019531e-01
9.919245839118957520e-01
9.948977828025817871e-01
9.596804380416870117e-01
1.042153034359216690e-02
8.800652623176574707e-01
7.408396005630493164e-01
6.037199497222900391e-01
2.216835469007492065e-01
1.865907222963869572e-03
9.988576173782348633e-01
9.889488220214843750e-01
9.998155236244201660e-01
1.532348571345210075e-03
1.016400201478973031e-04
1.004344667308032513e-03
9.973028898239135742e-01
9.997070431709289551e-01
9.945107698440551758e-01
8.660181760787963867e-01
9.999703168869018555e-01
2.764754742383956909e-02
8.899986147880554199e-01
9.636291861534118652e-01
7.356872558593750000e-01
1.617575908312574029e-04
9.872776865959167480e-01
9.999078512191772461e-01
7.585445046424865723e-01
9.997645020484924316e-01
9.967220425605773926e-01
2.203742624260485172e-04
9.223543852567672729e-02
4.673813879489898682e-01
6.234164237976074219e-01
2.565065622329711914e-01
9.799577593803405762e-01
8.503345251083374023e-01
9.996973276138305664e-01
9.999672174453735352e-01
3.665745491161942482e-03
8.927276134490966797e-01
9.680629372596740723e-01
9.972854852676391602e-01
1.302736718207597733e-02
9.630700945854187012e-01
9.862800836563110352e-01
2.570708282291889191e-02
9.997811913490295410e-01
4.658902287483215332e-01
9.998093247413635254e-01
3.527495265007019043e-02
9.874340891838073730e-01
2.894132733345031738e-01
6.608769297599792480e-01
4.057292342185974121e-01
9.998682737350463867e-01
1.451395899057388306e-01
1.548819988965988159e-01
9.982118606567382812e-01
9.953055977821350098e-01
6.467925384640693665e-03
3.670593723654747009e-04
9.993646740913391113e-01
1.274641156196594238e-01
8.134194016456604004e-01
1.133388832386117429e-05
9.296792149543762207e-01
1.173655688762664795e-02
2.125855302438139915e-03
1.769500086084008217e-04
6.135625764727592468e-02
9.991286396980285645e-01
9.991623163223266602e-01
9.347521513700485229e-02
6.051777675747871399e-02
1.750011742115020752e-02
8.215960115194320679e-04
9.958005547523498535e-01
9.999557733535766602e-01
3.996647298336029053e-01
2.926138229668140411e-02
4.950887262821197510e-01
1.549357920885086060e-01
1.939332694746553898e-03
1.010155538097023964e-03
1.330700665712356567e-01
2.533237077295780182e-02
9.411991834640502930e-01
1.367711555212736130e-02
9.990698695182800293e-01
6.051509990356862545e-04
2.527846954762935638e-04
6.422919631004333496e-01
5.448489785194396973e-01
8.749216794967651367e-01
6.038174033164978027e-01
6.812189817428588867e-01
7.175300121307373047e-01
8.979088068008422852e-01
2.755850553512573242e-02
9.995219707489013672e-01
2.073357701301574707e-01
9.905256032943725586e-01
8.927253484725952148e-01
1.444600969552993774e-01
9.992426633834838867e-01
1.803865889087319374e-03
7.454575388692319393e-04
9.996254444122314453e-01
1.064148455043323338e-05
1.042712246999144554e-03
6.543302536010742188e-01
9.999805688858032227e-01
1.411324925720691681e-02
2.591767311096191406e-01
9.955175518989562988e-01
9.443724155426025391e-01
8.304606676101684570e-01
8.481615781784057617e-01
9.999239444732666016e-01
9.995253086090087891e-01
1.142413839697837830e-01
3.092517852783203125e-01
3.993306681513786316e-02
1.795705035328865051e-02
9.998306035995483398e-01
1.691295910859480500e-04
9.859811067581176758e-01
1.995938271284103394e-02
1.197521667927503586e-02
9.977409839630126953e-01
2.072941362857818604e-01
7.606955170631408691e-01
3.388059735298156738e-01
1.141140091931447387e-04
8.876923918724060059e-01
7.620044350624084473e-01
1.215574343405023683e-06
9.766645431518554688e-01
2.069078182103112340e-04
7.396320104598999023e-01
9.989266991615295410e-01
9.998542070388793945e-01
2.410626560449600220e-01
2.842626720666885376e-02
9.727178812026977539e-01
9.998170733451843262e-01
7.224372029304504395e-02
5.477309972047805786e-02
9.994001388549804688e-01
1.588893532752990723e-01
8.102572560310363770e-01
5.231853127479553223e-01
2.992061126860789955e-05
9.702113270759582520e-01
9.645232558250427246e-01
9.999313354492187500e-01
9.833864569664001465e-01
9.932337403297424316e-01
9.985627532005310059e-01
1.257592253386974335e-02
2.641126140952110291e-02
2.944849729537963867e-01
7.361001372337341309e-01
3.298901319503784180e-01
9.999598264694213867e-01
9.956210255622863770e-01
3.616538047790527344e-01
6.455855816602706909e-02
9.848151206970214844e-01
6.468479633331298828e-01
9.816864728927612305e-01
9.642677903175354004e-01
8.659866452217102051e-01
9.997618794441223145e-01
2.739203628152608871e-03
9.985627532005310059e-01
1.105358600616455078e-01
8.621710538864135742e-01
9.779586791992187500e-01
8.551392555236816406e-01
9.998633861541748047e-01
3.415297567844390869e-01
9.899256229400634766e-01
1.289738435298204422e-02
2.245878276880830526e-04
2.127055265009403229e-02
9.973082542419433594e-01
9.544226527214050293e-01
6.598336100578308105e-01
1.359024643898010254e-02
2.501668677723500878e-05
1.767095411196351051e-03
2.289367839694023132e-03
6.283997744321823120e-02
9.922351241111755371e-01
9.951733946800231934e-01
5.865106582641601562e-01
1.614539511501789093e-02
5.477666272781789303e-04
1.416717655956745148e-03
6.478210091590881348e-01
9.212684631347656250e-01
1.887724502012133598e-04
5.996748059988021851e-02
1.336651854217052460e-02
4.160454124212265015e-02
1.909139007329940796e-02
1.583328284323215485e-02
7.869281172752380371e-01
9.998644590377807617e-01
8.826833963394165039e-01
6.401361823081970215e-01
1.110062934458255768e-03
1.461146771907806396e-02
2.450124127790331841e-03
9.999166727066040039e-01
9.963310360908508301e-01
4.151739552617073059e-02
9.998384714126586914e-01
9.975547194480895996e-01
2.755462378263473511e-02
9.884845614433288574e-01
9.999474287033081055e-01
9.886180162429809570e-01
4.410269558429718018e-01
3.466329276561737061e-01
9.929012656211853027e-01
1.168419122695922852e-01
4.444885626435279846e-02
9.995679259300231934e-01
9.974766373634338379e-01
3.948268294334411621e-01
3.764454973861575127e-03
8.054988980293273926e-01
1.723745279014110565e-02
3.357360810696263798e-06
7.502393126487731934e-01
9.975268244743347168e-01
9.923978447914123535e-01
5.755897655035369098e-05
9.169515371322631836e-01
8.709362708032131195e-03
9.909100481308996677e-05
9.490798115730285645e-01
7.907166481018066406e-01
1.226926408708095551e-02
9.689318537712097168e-01
4.399052613734966144e-06
9.988011121749877930e-01
2.375864056602949859e-07
1.056573539972305298e-01
4.214926064014434814e-01
9.999074935913085938e-01
4.599151611328125000e-01
9.953275918960571289e-01
5.085771554149687290e-04
6.381249427795410156e-02
7.186309993267059326e-02
7.347825765609741211e-01
9.964780211448669434e-01
9.995782971382141113e-01
9.946821331977844238e-01
3.292858302593231201e-01
7.769938558340072632e-02
9.954784512519836426e-01
9.976444840431213379e-01
9.877142906188964844e-01
7.777572274208068848e-01
9.561609029769897461e-01
9.689824581146240234e-01
1.667724363505840302e-02
4.722338914871215820e-01
2.697251375138876028e-06
4.229821860790252686e-01
8.063651621341705322e-02
9.986822009086608887e-01
9.998999834060668945e-01
9.884666204452514648e-01
8.058590888977050781e-01
9.800099730491638184e-01
2.213163822889328003e-01
1.032873466610908508e-01
9.999399185180664062e-01
9.999136924743652344e-01
9.963304400444030762e-01
9.735659360885620117e-01
1.979840844869613647e-01
9.989368319511413574e-01
8.869466185569763184e-01
9.985665678977966309e-01
7.188749313354492188e-02
4.209880530834197998e-01
4.325681657064706087e-04
4.449646472930908203e-01
1.066810265183448792e-01
9.895206689834594727e-01
3.151017008349299431e-03
2.078192681074142456e-01
7.802395820617675781e-01
2.591696977615356445e-01
1.953198164701461792e-01
3.192677977494895458e-04
1.439286321401596069e-01
9.559819698333740234e-01
7.059351773932576180e-04
9.499327093362808228e-02
5.488398671150207520e-02
7.284229993820190430e-02
3.849202021956443787e-02
3.149952040985226631e-03
8.998029232025146484e-01
9.697629809379577637e-01
9.999402761459350586e-01
3.041429817676544189e-02
9.302082657814025879e-01
9.555156826972961426e-01
9.998964071273803711e-01
9.996250867843627930e-01
1.669285818934440613e-02
3.105219802819192410e-04
5.423503462225198746e-03
5.010442063212394714e-02
9.998989105224609375e-01
9.993890523910522461e-01
9.985047578811645508e-01
9.469706416130065918e-01
3.181201172992587090e-03
9.990378618240356445e-01
7.637941241264343262e-01
7.649355381727218628e-02
9.353512525558471680e-01
9.538955986499786377e-03
9.993996620178222656e-01
9.994879961013793945e-01
2.468865830451250076e-03
7.585527896881103516e-01
4.588610529899597168e-01
2.563163451850414276e-02
9.997186064720153809e-01
8.468201756477355957e-01
7.953201532363891602e-01
9.337087869644165039e-01
3.354894742369651794e-02
3.422349982429295778e-04
9.870231151580810547e-01
8.265960812568664551e-01
1.260688623005989939e-05
1.435082964599132538e-02
5.830253958702087402e-01
6.450201272964477539e-01
8.336074650287628174e-03
2.452394552528858185e-02
1.882204562425613403e-01
9.974441528320312500e-01
1.974592451006174088e-03
7.333319634199142456e-03
9.996114373207092285e-01
9.718046188354492188e-01
3.569030959624797106e-04
9.999331235885620117e-01
9.597041606903076172e-01
9.136177301406860352e-01
9.873528033494949341e-03
6.988003253936767578e-01
9.998528957366943359e-01
1.550200977362692356e-03
3.518527150154113770e-01
1.678573489189147949e-01
7.770380377769470215e-01
6.359831094741821289e-01
8.486743085086345673e-03
6.473679840564727783e-02
9.996790885925292969e-01
3.397017484530806541e-03
9.556371569633483887e-01
4.469158593565225601e-03
1.178860850632190704e-02
9.923527836799621582e-01
9.999358654022216797e-01
8.342590332031250000e-01
9.954760670661926270e-01
4.525156691670417786e-02
8.507637381553649902e-01
2.368679270148277283e-03
6.396884918212890625e-01
5.662881955504417419e-02
7.935305237770080566e-01
9.482009045314043760e-05
8.740490674972534180e-01
7.260269485414028168e-04
9.834505319595336914e-01
8.973138779401779175e-02
9.962067604064941406e-01
1.768625676631927490e-01
9.994218349456787109e-01
8.203334808349609375e-01
9.989535808563232422e-01
4.365809559822082520e-01
5.140407681465148926e-01
9.989504218101501465e-01
1.622462528757750988e-03
9.993444085121154785e-01
3.434437871874251869e-07
9.938483834266662598e-01
1.580597646534442902e-02
9.956988096237182617e-01
9.965787529945373535e-01
2.234714478254318237e-01
9.999979734420776367e-01
2.088135778903961182e-01
9.976584911346435547e-01
9.692645072937011719e-01
9.996844530105590820e-01
9.743046164512634277e-01
1.050789877772331238e-01
3.673241473734378815e-03
1.376850850647315383e-04
9.997971653938293457e-01
2.471258922014385462e-04
9.981032609939575195e-01
8.440785109996795654e-03
9.988397955894470215e-01
1.409609918482601643e-03
7.846632070140913129e-05
9.652706980705261230e-01
4.053355380892753601e-02
3.231177979614585638e-04
9.993796348571777344e-01
1.462022046325728297e-04
8.109021186828613281e-01
9.948434829711914062e-01
5.992040038108825684e-02
6.581973433494567871e-01
9.998156428337097168e-01
9.999688863754272461e-01
6.016620993614196777e-02
6.906015872955322266e-01
6.963982013985514641e-04
4.404174685478210449e-01
1.576492004096508026e-02
9.632577300071716309e-01
9.911785309668630362e-05
1.174523774534463882e-02
8.209584355354309082e-01
3.369198879227042198e-03
4.418771341443061829e-02
7.981327176094055176e-01
2.308380901813507080e-01
9.990181922912597656e-01
9.134089350700378418e-01
9.993054866790771484e-01
4.131931811571121216e-02
9.730178713798522949e-01
1.202036961913108826e-01
1.188336387276649475e-01
5.244997516274452209e-02
5.970077836536802351e-07
3.976116422563791275e-03
9.949688315391540527e-01
9.981167316436767578e-01
8.437193632125854492e-01
8.727280497550964355e-01
9.958175010979175568e-03
6.956976056098937988e-01
8.415173292160034180e-01
9.975136518478393555e-01
4.784127324819564819e-02
5.349779725074768066e-01
9.077160805463790894e-02
4.832952108699828386e-04
4.892285687674302608e-08
7.367686033248901367e-01
6.713737966492772102e-04
2.131977118551731110e-02
9.780459403991699219e-01
1.109698496293276548e-04
4.257207820046460256e-06
9.880611896514892578e-01
3.032529726624488831e-03
9.570795297622680664e-01
4.610628262162208557e-02
3.111918084323406219e-02
9.811800718307495117e-01
9.856918454170227051e-01
9.982617497444152832e-01
1.248179841786623001e-02
4.394778907299041748e-01
9.898782968521118164e-01
3.415996441617608070e-03
9.102672338485717773e-01
7.605607509613037109e-01
3.318137228488922119e-01
7.567736506462097168e-02
9.939262270927429199e-01
1.522469613701105118e-02
9.998968839645385742e-01
2.640617191791534424e-01
6.651529576629400253e-03
9.999932050704956055e-01
8.576870709657669067e-02
8.412755280733108521e-02
9.884726405143737793e-01
3.549034520983695984e-02
1.414305984326347243e-06
4.172007143497467041e-01
3.577834665775299072e-01
9.991756081581115723e-01
7.238141447305679321e-02
9.999856948852539062e-01
1.092174872756004333e-01
1.175954565405845642e-01
8.354172110557556152e-01
9.967641830444335938e-01
2.728990837931632996e-02
3.704385380842722952e-05
9.990816116333007812e-01
1.862440607510507107e-03
6.134067475795745850e-02
9.773912429809570312e-01
4.798347949981689453e-01
4.574203339871019125e-04
3.692430618684738874e-04
9.497783780097961426e-01
9.582445621490478516e-01
4.425947368144989014e-01
9.921514987945556641e-01
9.998604059219360352e-01
6.734640598297119141e-01
3.467312781140208244e-03
9.214505553245544434e-03
9.996548891067504883e-01
2.691158354282379150e-01
5.383124575018882751e-03
9.815692901611328125e-01
9.878902435302734375e-01
2.914826013147830963e-02
9.842761754989624023e-01
9.580719470977783203e-01
1.118773221969604492e-01
9.882671236991882324e-01
4.971101880073547363e-01
1.000622170977294445e-03
6.926920413970947266e-01
9.752404689788818359e-01
6.989357471466064453e-01
9.997389912605285645e-01
9.999898672103881836e-01
6.290948987007141113e-01
8.646785467863082886e-02
9.889005422592163086e-01
4.075989723205566406e-01
1.588310487568378448e-02
8.202602475648745894e-05
7.238370180130004883e-02
3.298803903817315586e-06
3.195017052348703146e-05
9.994794726371765137e-01
9.998743534088134766e-01
9.829983115196228027e-01
3.128329291939735413e-03
9.970960617065429688e-01
9.991582632064819336e-01
9.295651912689208984e-01
5.756926722824573517e-03
9.976214766502380371e-01
2.973429486155509949e-02
6.214218679815530777e-03
6.448255589930340648e-06
8.686395287513732910e-01
9.970405697822570801e-01
9.865397810935974121e-01
1.581457853317260742e-01
4.602995177265256643e-04
4.635784626007080078e-01
4.689683318138122559e-01
9.427144378423690796e-02
1.352753397077322006e-02
9.978035092353820801e-01
4.724743848782964051e-05
2.718008458614349365e-01
4.790557324886322021e-01
1.189971044368576258e-05
6.269443631172180176e-01
4.823934887099312618e-06
9.264785051345825195e-01
9.850342869758605957e-01
6.895783822983503342e-03
3.954587969928979874e-03
9.998911619186401367e-01
9.918355941772460938e-01
6.861823931103572249e-05
9.858885407447814941e-01
7.912058234214782715e-01
9.985433816909790039e-01
9.829369187355041504e-01
5.297050476074218750e-01
7.819786667823791504e-01
2.072132229804992676e-01
9.860131144523620605e-01
8.728765249252319336e-01
1.353227794170379639e-01
9.996730089187622070e-01
3.036781847476959229e-01
3.820883631706237793e-01
4.466565698385238647e-02
8.455935865640640259e-02
9.995371103286743164e-01
9.999344348907470703e-01
9.947139620780944824e-01
9.994953870773315430e-01
9.995546936988830566e-01
3.488511443138122559e-01
8.822926320135593414e-04
7.296189069747924805e-01
3.443795442581176758e-01
9.785918593406677246e-01
2.905396223068237305e-01
1.619588874746114016e-05
8.951265811920166016e-01
3.554742038249969482e-02
2.239356935024261475e-02
9.939171671867370605e-01
9.968714118003845215e-01
1.380465086549520493e-02
9.975094795227050781e-01
2.259889841079711914e-01
4.169082641601562500e-01
4.201602190732955933e-02
9.999536275863647461e-01
9.999699592590332031e-01
9.997047781944274902e-01
8.165968060493469238e-01
2.623356133699417114e-02
7.786841392517089844e-01
9.997708201408386230e-01
2.774124499410390854e-03
9.993977546691894531e-01
9.861111640930175781e-01
9.999734163284301758e-01
9.993896484375000000e-01
3.324073553085327148e-02
9.416688084602355957e-01
3.861676156520843506e-01
9.985590577125549316e-01
9.686384201049804688e-01
1.492695063352584839e-01
3.571961424313485622e-04
3.609655201435089111e-01
9.086102843284606934e-01
2.494052797555923462e-01
8.578339219093322754e-01
9.977331161499023438e-01
9.681660532951354980e-01
9.992238283157348633e-01
9.998652935028076172e-01
2.569246105849742889e-03
4.419447854161262512e-02
9.353459477424621582e-01
4.157639341428875923e-05
9.072420001029968262e-01
2.605485916137695312e-01
9.182145595550537109e-01
9.998124241828918457e-01
6.068001389503479004e-01
4.000090993940830231e-04
9.420019984245300293e-01
8.222869597375392914e-03
2.164263045415282249e-03
2.891929820179939270e-03
4.403878748416900635e-01
9.960903525352478027e-01
9.569162130355834961e-01
1.736805140972137451e-01
6.996919512748718262e-01
9.543777108192443848e-01
9.999363422393798828e-01
9.527230262756347656e-01
6.860596477054059505e-04
3.596631586551666260e-01
8.703286647796630859e-01
9.929841756820678711e-01
6.089003682136535645e-01
9.981414079666137695e-01
9.998036026954650879e-01
9.979426264762878418e-01
9.997091889381408691e-01
9.999861717224121094e-01
3.534661531448364258e-01
5.324825644493103027e-01
9.976271986961364746e-01
9.335269927978515625e-01
9.947475790977478027e-01
9.961162805557250977e-01
9.995772242546081543e-01
4.951036274433135986e-01
9.965828061103820801e-01
1.802604092517867684e-04
9.058653116226196289e-01
1.134836929850280285e-03
9.904693812131881714e-02
9.963435530662536621e-01
8.603694438934326172e-01
9.999421834945678711e-01
7.961772084236145020e-01
9.524261951446533203e-01
5.647387504577636719e-01
9.907704591751098633e-01
2.137727424269542098e-04
9.985207915306091309e-01
9.826108813285827637e-01
8.439305424690246582e-02
1.248320788145065308e-01
1.112787649035453796e-01
9.969083666801452637e-01
1.987702999031171203e-04
1.551731526851654053e-01
9.995649456977844238e-01
9.525026679039001465e-01
9.995006322860717773e-01
4.026911035180091858e-02
9.018274545669555664e-01
9.998930692672729492e-01
8.066107034683227539e-01
3.088896870613098145e-01
7.485064677894115448e-03
5.090982886031270027e-04
6.710684299468994141e-01
9.845767617225646973e-01
9.105867147445678711e-01
2.050985954701900482e-02
9.973465204238891602e-01
9.984745383262634277e-01
6.935512423515319824e-01
5.912300944328308105e-01
3.987040545325726271e-04
9.999105930328369141e-01
1.228879671543836594e-03
9.998611211776733398e-01
7.054011803120374680e-05
9.611608386039733887e-01
7.016242295503616333e-02
9.810726642608642578e-01
9.996587038040161133e-01
9.970920085906982422e-01
4.862635396420955658e-04
9.998975992202758789e-01
1.467228430556133389e-04
9.884023070335388184e-01
9.984929561614990234e-01
1.120163593441247940e-02
2.516241557896137238e-02
9.984008669853210449e-01
9.890583157539367676e-01
1.741219195537269115e-03
9.993556141853332520e-01
8.826273083686828613e-01
3.712950944900512695e-01
4.400309175252914429e-02
8.801658153533935547e-01
7.835226505994796753e-02
7.790772318840026855e-01
9.998927116394042969e-01
9.702609181404113770e-01
9.631243348121643066e-01
5.661348253488540649e-02
9.908875226974487305e-01
9.999412298202514648e-01
9.313595890998840332e-01
3.987634954683016986e-06
8.398824371397495270e-03
1.958331614732742310e-01
9.995914101600646973e-01
3.065867722034454346e-01
9.974198341369628906e-01
9.726069401949644089e-04
3.127130039501935244e-04
9.999029636383056641e-01
3.934539165584283182e-07
9.998125433921813965e-01
2.071732422336935997e-03
4.678635671734809875e-02
1.508769392967224121e-01
8.571737408638000488e-01
9.999630451202392578e-01
9.077840447425842285e-01
1.811147521948441863e-04
9.898782968521118164e-01
9.983255267143249512e-01
1.349554676562547684e-02
1.080219261348247528e-02
9.999277591705322266e-01
9.998559951782226562e-01
3.459645370185171487e-07
8.421438336372375488e-01
9.902482628822326660e-01
1.086780321202240884e-05
9.997293353080749512e-01
1.293906476348638535e-02
9.980133771896362305e-01
8.507885336875915527e-01
1.826401352882385254e-01
1.628629514016211033e-03
9.604188203811645508e-01
9.997926354408264160e-01
9.639221243560314178e-04
8.990427255630493164e-01
9.999816417694091797e-01
6.327059585601091385e-03
9.899592995643615723e-01
6.132221221923828125e-01
9.770013689994812012e-01
8.380722403526306152e-01
9.998717308044433594e-01
9.971320629119873047e-01
9.988027811050415039e-01
9.998611211776733398e-01
9.906478524208068848e-01
9.892659187316894531e-01
9.632564187049865723e-01
9.156118721875827760e-06
7.219978215289302170e-07
8.867954611778259277e-01
2.509700832888484001e-03
2.153878100216388702e-02
8.947050571441650391e-01
9.900493621826171875e-01
7.165576815605163574e-01
9.759997129440307617e-01
9.997269511222839355e-01
7.173868361860513687e-04
9.999760389328002930e-01
1.006644144654273987e-01
1.115550458052894101e-05
9.539740681648254395e-01
9.902139306068420410e-01
9.987090826034545898e-01
8.913425803184509277e-01
3.302652537822723389e-01
9.985474944114685059e-01
2.046632766723632812e-01
2.221243194071575999e-04
9.990677237510681152e-01
9.996076226234436035e-01
9.996665716171264648e-01
9.999543428421020508e-01
9.148908853530883789e-01
9.907033443450927734e-01
8.692797273397445679e-02
5.776553750038146973e-01
7.310364246368408203e-01
5.737575520470272750e-06
3.409704864025115967e-01
9.995288848876953125e-01
1.270639360882341862e-03
9.958955049514770508e-01
1.389555633068084717e-02
9.993589520454406738e-01
9.997095465660095215e-01
1.324120070785284042e-02
9.451167583465576172e-01
9.999790191650390625e-01
9.999191761016845703e-01
9.996395111083984375e-01
7.495510578155517578e-01
9.999045133590698242e-01
5.293480353429913521e-04
7.525901794433593750e-01
3.151048347353935242e-02
3.578665782697498798e-04
9.996379613876342773e-01
1.269910763949155807e-02
9.681794643402099609e-01
9.999616146087646484e-01
9.457861781120300293e-01
1.340973675251007080e-01
2.902059641201049089e-04
1.172292628325521946e-03
3.928115591406822205e-02
7.889448315836489201e-04
6.049861258361488581e-05
9.999281167984008789e-02
4.923893138766288757e-02
9.996685981750488281e-01
9.275939464569091797e-01
9.998834133148193359e-01
8.497282266616821289e-01
9.989781379699707031e-01
8.667222857475280762e-01
7.710196543484926224e-03
3.570105135440826416e-02
9.074562694877386093e-04
1.950492262840270996e-01
1.600338704884052277e-02
9.256316423416137695e-01
9.999439716339111328e-01
9.951869845390319824e-01
4.923444390296936035e-01
5.618299474008381367e-04
7.896189689636230469e-01
2.395503968000411987e-02
2.222722469014115632e-05
9.999450445175170898e-01
9.866681098937988281e-01
2.318180352449417114e-02
1.014053747057914734e-01
8.986071348190307617e-01
8.382638096809387207e-01
9.792563915252685547e-01
9.641548395156860352e-01
9.137167036533355713e-02
1.777403813321143389e-04
2.376963198184967041e-02
6.075808778405189514e-04
1.222181096673011780e-01
3.168850889778696001e-05
7.870670557022094727e-01
7.953201532363891602e-01
9.558472037315368652e-01
6.380127072334289551e-01
4.026702642440795898e-01
7.729489803314208984e-01
4.525819967966526747e-04
3.823470771312713623e-01
9.978226423263549805e-01
9.892730116844177246e-01
9.702555835247039795e-02
9.982672929763793945e-01
9.856855869293212891e-01
1.400080145685933530e-05
9.455651044845581055e-02
9.937712550163269043e-01
1.743186451494693756e-02
9.932963252067565918e-01
9.988999366760253906e-01
7.067092657089233398e-01
9.759435057640075684e-01
9.996348619461059570e-01
9.986063838005065918e-01
7.556672017017262988e-07
6.134266033768653870e-02
9.980601668357849121e-01
1.247410103678703308e-02
9.994482398033142090e-01
9.977985024452209473e-01
9.987533092498779297e-01
7.168288826942443848e-01
9.630930423736572266e-01
9.079980254173278809e-01
6.377995305228978395e-06
5.970411933958530426e-03
9.900527596473693848e-01
6.978909969329833984e-01
9.817551374435424805e-01
3.387068500160239637e-05
5.703848600387573242e-01
9.994694590568542480e-01
2.664837287738919258e-03
8.305546361953020096e-05
1.262959849555045366e-04
9.998247027397155762e-01
1.029477082192897797e-02
1.680677640251815319e-03
7.257400155067443848e-01
9.931199550628662109e-01
8.031644225120544434e-01
9.996687173843383789e-01
1.869165301322937012e-01
7.776730656623840332e-01
9.995440840721130371e-01
9.998311996459960938e-01
4.453117071534506977e-05
9.853213429450988770e-01
3.733701631426811218e-02
9.565704464912414551e-01
4.182654665783047676e-04
9.629876017570495605e-01
7.387930750846862793e-01
9.919257760047912598e-01
9.998970031738281250e-01
2.479833364486694336e-02
6.733479499816894531e-01
5.444750562310218811e-02
1.739298999309539795e-01
2.055990742519497871e-03
9.983769655227661133e-01
5.537227392196655273e-01
9.883809089660644531e-01
9.999954700469970703e-01
9.999471902847290039e-01
7.755166292190551758e-01
9.994854927062988281e-01
9.995313882827758789e-01
9.933651089668273926e-01
9.987737536430358887e-01
9.533722400665283203e-01
8.990993499755859375e-01
2.613370716571807861e-01
6.822091341018676758e-01
1.386342773912474513e-04
1.419629552401602268e-03
7.784398645162582397e-02
9.957421422004699707e-01
9.988996982574462891e-01
4.467006623744964600e-01
8.266319632530212402e-01
7.058870196342468262e-01
1.681996732950210571e-01
6.914594450790900737e-06
5.212156772613525391e-01
9.346317648887634277e-01
3.364257645444013178e-05
9.849458932876586914e-01
3.376060340087860823e-04
9.999748468399047852e-01
1.182300620712339878e-03
9.042446613311767578e-01
7.270447094924747944e-04
9.304655790328979492e-01
1.764312982559204102e-01
6.881480216979980469e-01
8.797980844974517822e-03
8.672432303428649902e-01
4.721995890140533447e-01
8.654224276542663574e-01
5.348939299583435059e-01
3.167947579640895128e-05
3.361219167709350586e-01
9.992595314979553223e-01
2.150017069652676582e-03
5.405018964665941894e-05
2.571193268522620201e-03
9.977503418922424316e-01
3.653259947896003723e-02
6.504772305488586426e-01
9.988815188407897949e-01
3.982600197196006775e-02
6.030315756797790527e-01
9.998041987419128418e-01
1.265956554561853409e-03
9.994669556617736816e-01
9.996096491813659668e-01
9.998713731765747070e-01
3.339374670758843422e-04
9.992190599441528320e-01
1.476785987615585327e-01
9.556716680526733398e-01
2.553792893886566162e-01
9.999222755432128906e-01
9.994327425956726074e-01
3.869618376484140754e-05
9.960215687751770020e-01
9.997883439064025879e-01
6.283997744321823120e-02
6.349874138832092285e-01
9.470342993736267090e-01
1.484674215316772461e-01
2.515045161999296397e-05
1.749143898487091064e-01
2.066471129655838013e-01
9.471194148063659668e-01
2.735184319317340851e-02
1.251328177750110626e-02
9.700787067413330078e-01
9.983832836151123047e-01
7.853994965553283691e-01
9.047140926122665405e-02
9.977236390113830566e-01
1.588031300343573093e-04
9.982773065567016602e-01
9.919195175170898438e-01
9.999488592147827148e-01
9.283303022384643555e-01
1.716284304857254028e-01
7.411192636936903000e-03
3.726733120856806636e-05
9.994627833366394043e-01
2.101860627590212971e-05
3.800819516181945801e-01
3.112999200820922852e-01
6.129202898591756821e-03
5.142742767930030823e-03
9.996557235717773438e-01
9.994345307350158691e-01
2.418121875962242484e-04
6.772578358650207520e-01
6.821910738945007324e-01
9.822903275489807129e-01
9.836062192916870117e-01
5.048730410635471344e-03
4.280874054529704154e-05
4.131359457969665527e-01
9.929251670837402344e-01
1.291346852667629719e-03
6.133866310119628906e-01
2.067834511399269104e-02
9.882445335388183594e-01
1.240094155073165894e-01
3.504880471155047417e-03
9.946255087852478027e-01
9.879221320152282715e-01
9.936258792877197266e-01
9.449521899223327637e-01
9.998773336410522461e-01
9.986972212791442871e-01
8.821310997009277344e-01
9.461514353752136230e-01
7.682023048400878906e-01
9.801217317581176758e-01
2.179279476404190063e-01
3.060837686061859131e-01
1.408683165209367871e-04
9.969450831413269043e-01
1.120173092931509018e-02
1.779876276850700378e-02
1.551013090647757053e-03
8.265307405963540077e-05
5.362431984394788742e-04
2.913795113563537598e-01
5.912300944328308105e-01
3.434898853302001953e-01
9.999414682388305664e-01
9.983030557632446289e-01
3.926724493503570557e-01
2.042134059593081474e-03
9.962236881256103516e-01
2.386845735600218177e-04
5.489953036885708570e-05
4.512704163789749146e-02
7.060911655426025391e-01
9.718573093414306641e-01
9.127211570739746094e-02
9.435346722602844238e-01
9.998071789741516113e-01
9.998700618743896484e-01
9.882672429084777832e-01
3.186090663075447083e-02
9.713995456695556641e-01
1.132437377236783504e-03
6.864370703697204590e-01
9.998687505722045898e-01
6.719847917556762695e-01
3.123671049252152443e-03
9.995105266571044922e-01
9.999516010284423828e-01
4.900723099708557129e-01
1.840226905187591910e-04
7.701545953750610352e-01
5.897503342566778883e-06
7.409414138237480074e-06
9.984511137008666992e-01
4.550693333148956299e-01
3.817036002874374390e-02
7.438050508499145508e-01
9.992764592170715332e-01
5.662288069725036621e-01
9.989516735076904297e-01
9.871826171875000000e-01
4.334242839831858873e-05
5.417256616055965424e-03
1.741830637911334634e-04
8.838413357734680176e-01
5.438636615872383118e-02
9.999747276306152344e-01
9.998251795768737793e-01
1.738231778144836426e-01
2.126112522091716528e-04
9.997958540916442871e-01
8.866245480021461844e-06
9.999682903289794922e-01
4.023947287350893021e-03
4.753155633807182312e-02
1.920398175716400146e-01
9.999847412109375000e-01
9.993528723716735840e-01
6.933979988098144531e-01
7.634186744689941406e-01
3.631184995174407959e-02
9.998975992202758789e-01
3.580710887908935547e-01
7.710196543484926224e-03
3.394221514463424683e-02
6.275261403061449528e-04
9.223372936248779297e-01
9.999809265136718750e-01
1.643986403942108154e-01
6.985218822956085205e-02
9.928771853446960449e-01
9.759939908981323242e-01
9.990629553794860840e-01
1.460148859769105911e-02
9.658976793289184570e-01
1.035565808415412903e-01
9.405790567398071289e-01
9.263437986373901367e-01
3.282960504293441772e-02
2.222092002630233765e-01
9.446533918380737305e-01
9.823710918426513672e-01
3.881743550300598145e-01
1.330343275185441598e-05
9.945579767227172852e-01
9.985498785972595215e-01
1.329843507846817374e-05
9.969012737274169922e-01
2.713985159061849117e-04
3.756985999643802643e-03
9.274353384971618652e-01
9.999341964721679688e-01
9.717049002647399902e-01
8.975342512130737305e-01
4.899279475212097168e-01
7.229367494583129883e-01
9.975625276565551758e-01
1.017235033214092255e-02
6.158372163772583008e-01
8.479881798848509789e-04
4.134983289986848831e-03
9.748182296752929688e-01
4.133820533752441406e-02
8.546619792468845844e-04
9.999384880065917969e-01
9.360092878341674805e-01
8.594620823860168457e-01
2.867127954959869385e-01
2.400846369710052386e-06
9.995001554489135742e-01
9.964510202407836914e-01
7.826418004697188735e-05
9.985443353652954102e-01
4.643761217594146729e-01
6.475082773249596357e-05
8.898121714591979980e-01
4.381939172744750977e-01
9.993538260459899902e-01
9.891198873519897461e-01
9.083808064460754395e-01
3.443346577114425600e-05
9.999849796295166016e-01
1.281862556934356689e-01
5.197156569920480251e-04
8.657431602478027344e-02
7.995511889457702637e-01
3.227841556072235107e-01
9.986787438392639160e-01
1.706624478101730347e-01
3.677776549011468887e-03
9.993849992752075195e-01
9.595827460289001465e-01
1.340600647381506860e-05
4.373050630092620850e-01
9.899092912673950195e-01
7.843217463232576847e-04
5.393109470605850220e-02
9.997758269309997559e-01
9.908022284507751465e-01
2.701673284173011780e-02
7.666928172111511230e-01
9.998780488967895508e-01
9.996776580810546875e-01
8.688660264015197754e-01
6.014235615730285645e-01
1.548910047858953476e-03
1.409056712873280048e-04
9.914633631706237793e-01
9.743134379386901855e-01
6.357637643814086914e-01
2.175657302141189575e-01
9.639765620231628418e-01
5.541807413101196289e-02
7.053542733192443848e-01
7.021217141300439835e-03
9.987176656723022461e-01
5.614717956632375717e-04
4.638254269957542419e-02
5.512592792510986328e-01
5.380954593420028687e-02
4.621088206768035889e-01
9.999808073043823242e-01
2.355846518184989691e-04
9.994491934776306152e-01
9.998582601547241211e-01
8.541404455900192261e-02
8.215288519859313965e-01
8.214770555496215820e-01
1.336152013391256332e-02
9.978014826774597168e-01
4.763241708278656006e-01
9.806833863258361816e-01
9.790347814559936523e-01
9.639896154403686523e-01
3.604125231504440308e-03
9.858555197715759277e-01
2.889293730258941650e-01
3.446620539762079716e-04
4.588598012924194336e-01
9.998649358749389648e-01
1.168595924973487854e-01
8.233060240745544434e-01
9.931991696357727051e-01
2.078192681074142456e-01
6.889979243278503418e-01
9.957706332206726074e-01
2.877897815778851509e-03
4.552296698093414307e-01
9.910678267478942871e-01
9.999848604202270508e-01
3.336160148137423676e-07
9.967905879020690918e-01
2.824724614620208740e-01
4.649080336093902588e-03
4.982570111751556396e-01
2.383614337304607034e-04
8.164283258338400628e-07
1.203912030905485153e-02
5.955066084861755371e-01
2.187344944104552269e-03
2.577323615550994873e-01
6.898479163646697998e-02
1.820263685658574104e-03
2.274967581033706665e-01
1.665421994403004646e-03
6.698739528656005859e-01
9.818847775459289551e-01
2.099098637700080872e-03
1.197759341448545456e-02
5.066791772842407227e-01
7.063554525375366211e-01
9.367491006851196289e-01
9.955000281333923340e-01
2.828594110906124115e-02
6.690963506698608398e-01
9.976482987403869629e-01
3.507978320121765137e-01
9.306692481040954590e-01
9.986534118652343750e-01
9.976096153259277344e-01
3.520563477650284767e-03
8.220221207011491060e-05
9.549230933189392090e-01
9.938607215881347656e-01
9.702648520469665527e-01
9.999709129333496094e-01
9.489818476140499115e-03
6.103760097175836563e-05
3.977589681744575500e-02
1.015502057271078229e-04
1.356209686491638422e-04
9.999887943267822266e-01
1.256989538669586182e-01
3.504821142996661365e-05
4.884234368801116943e-01
9.897136688232421875e-01
4.870608448982238770e-01
1.476890295743942261e-01
9.859878420829772949e-01
9.859471321105957031e-01
3.812065915553830564e-05
4.685769677162170410e-01
9.991282820701599121e-01
1.482614595443010330e-02
2.618145346641540527e-01
1.325799268670380116e-03
1.683124457485973835e-03
3.850040584802627563e-02
9.975226521492004395e-01
1.071376260370016098e-02
1.284220488741993904e-04
5.279788092593662441e-05
9.722700715065002441e-01
2.206651493906974792e-02
9.912597537040710449e-01
3.986029478255659342e-04
9.834204316139221191e-01
2.355148345232009888e-01
9.997537732124328613e-01
2.252537906169891357e-01
1.460399478673934937e-01
9.997578263282775879e-01
9.408299811184406281e-03
2.235652655363082886e-01
8.794368505477905273e-01
2.756501547992229462e-03
6.520068049430847168e-01
4.958433419233188033e-05
9.944062232971191406e-01
4.027475137263536453e-03
9.363951683044433594e-01
1.339362375438213348e-02
6.672385334968566895e-01
1.075146868824958801e-01
9.996601343154907227e-01
9.999765157699584961e-01
1.414353549480438232e-01
3.180275671184062958e-03
8.672758936882019043e-01
8.704370260238647461e-01
9.998488426208496094e-01
1.938313990831375122e-01
4.160422086715698242e-01
9.999115467071533203e-01
8.650450110435485840e-01
9.022788435686379671e-05
9.834116101264953613e-01
8.300299644470214844e-01
9.993476271629333496e-01
9.849082231521606445e-01
2.161292433738708496e-01
9.986608028411865234e-01
9.942203015089035034e-02
7.299846410751342773e-01
9.999206066131591797e-01
8.716383599676191807e-04
2.216406725347042084e-02
5.112356543540954590e-01
9.999184608459472656e-01
9.695828557014465332e-01
4.013895094394683838e-01
2.756480360403656960e-03
9.979099631309509277e-01
2.429729886353015900e-02
9.938136339187622070e-01
9.999853372573852539e-01
4.066258203238248825e-03
9.763134121894836426e-01
1.939332694746553898e-03
8.497925996780395508e-01
9.995509982109069824e-01
6.869863864267244935e-05
1.441334025003015995e-03
6.130432211648439988e-06
4.073146581649780273e-01
9.993889331817626953e-01
5.403906015999382362e-07
9.999908208847045898e-01
9.163025617599487305e-01
9.990743398666381836e-01
9.994922876358032227e-01
9.997497200965881348e-01
9.946297407150268555e-01
2.292014956474304199e-01
3.355443768668919802e-04
6.724546197801828384e-03
9.999369382858276367e-01
9.994495511054992676e-01
9.369628969579935074e-06
9.549485445022583008e-01
9.565719366073608398e-01
7.239463739097118378e-03
2.039906196296215057e-02
1.391157973557710648e-03
2.007867908105254173e-03
7.318135499954223633e-01
9.991402626037597656e-01
9.356464147567749023e-01
9.750005006790161133e-01
6.899263858795166016e-01
4.895368218421936035e-01
1.008058115839958191e-01
7.947530150413513184e-01
1.651253296586219221e-05
4.609546886058524251e-05
9.999805688858032227e-01
8.285803347826004028e-02
9.996335506439208984e-01
9.920160770416259766e-01
6.297439932823181152e-01
2.825474441051483154e-01
2.393210232257843018e-01
6.459687650203704834e-02
9.999698400497436523e-01
9.940646290779113770e-01
4.768592119216918945e-01
9.997926354408264160e-01
6.347616761922836304e-02
6.525556445121765137e-01
9.997182488441467285e-01
5.550146102905273438e-03
9.998743534088134766e-01
3.114367723464965820e-01
9.997890591621398926e-01
5.570469074882566929e-04
1.819409408199135214e-05
9.999748468399047852e-01
5.442962516099214554e-03
6.353330332785844803e-03
4.773172084242105484e-03
2.217824310064315796e-01
2.203587064286693931e-04
9.907255768775939941e-01
7.502859830856323242e-02
9.962937235832214355e-01
9.886193275451660156e-01
4.398421384394168854e-03
1.967058032751083374e-01
9.996100068092346191e-01
9.987756609916687012e-01
9.999682903289794922e-01
4.170676227658987045e-03
9.998886585235595703e-01
7.011090517044067383e-01
4.382243454456329346e-01
9.935576319694519043e-01
1.561931130709126592e-04
2.886606125684920698e-05
9.197211265563964844e-01
1.882994174957275391e-01
6.439703982323408127e-03
9.998749494552612305e-01
7.449765205383300781e-01
2.965866625308990479e-01
9.952495098114013672e-01
1.724222674965858459e-03
7.557489275932312012e-01
9.544630646705627441e-01
9.758307337760925293e-01
8.407759070396423340e-01
1.154585275799036026e-03
9.421634674072265625e-01
9.538304805755615234e-01
3.702577305375598371e-05
6.812188625335693359e-01
9.992437362670898438e-01
9.528638124465942383e-01
3.204068914055824280e-02
1.170954201370477676e-02
6.139149665832519531e-01
6.600795388221740723e-01
7.991426438093185425e-02
5.432175099849700928e-02
5.644271150231361389e-03
9.986990690231323242e-01
2.713137073442339897e-03
1.056029554456472397e-02
4.637714028358459473e-01
8.229582905769348145e-01
2.126759500242769718e-04
5.614386796951293945e-01
9.810726642608642578e-01
9.997552037239074707e-01
2.144118994474411011e-01
7.367563247680664062e-02
3.690184354782104492e-01
2.144427504390478134e-03
2.598953724373131990e-04
3.375023007392883301e-01
9.814118742942810059e-01
9.997149109840393066e-01
2.494134474545717239e-03
1.234648370882496238e-04
3.549219109117984772e-04
9.933586716651916504e-01
9.135208725929260254e-01
3.867826890200376511e-04
3.815711708739399910e-03
1.105159074068069458e-01
9.999868869781494141e-01
9.787198359845206141e-05
4.783530831336975098e-01
5.720477201975882053e-05
9.999858140945434570e-01
8.018583059310913086e-01
6.737292408943176270e-01
9.922467470169067383e-01
7.844864726066589355e-01
8.653890490531921387e-01
9.876070618629455566e-01
5.127100273966789246e-02
1.234541196026839316e-05
4.964022934436798096e-01
3.419530689716339111e-01
9.996827840805053711e-01
9.993548989295959473e-01
7.975086569786071777e-03
7.346335053443908691e-01
7.822894454002380371e-01
3.469523489475250244e-01
4.536299966275691986e-04
8.215738489525392652e-05
4.229357000440359116e-05
4.188594222068786621e-01
4.895337224006652832e-01
3.900111615657806396e-01
3.753874003887176514e-01
1.124723255634307861e-02
9.851659834384918213e-02
9.998779296875000000e-01
7.811331190168857574e-03
9.977256655693054199e-01
1.322560906410217285e-01
5.904499888420104980e-01
9.695026278495788574e-01
1.976024941541254520e-04
9.995891451835632324e-01
9.998558759689331055e-01
3.151331096887588501e-02
1.218557707034051418e-03
9.984672665596008301e-01
4.336535558104515076e-02
8.300383342429995537e-04
9.961258769035339355e-01
3.590199048630893230e-04
2.969139516353607178e-01
9.999362230300903320e-01
1.112412959337234497e-01
3.143386170268058777e-02
3.607939652283675969e-05
9.963339567184448242e-01
9.999420642852783203e-01
6.007807314745150506e-06
9.991886019706726074e-01
9.986520409584045410e-01
5.193142220377922058e-02
9.996969699859619141e-01
2.128837257623672485e-01
9.976353645324707031e-01
1.541674464533571154e-05
3.680251393234357238e-05
1.199431833811104298e-03
4.030627314932644367e-04
5.497731035575270653e-04
5.701672658324241638e-02
3.214691579341888428e-01
5.192371010780334473e-01
9.051868319511413574e-01
9.988306164741516113e-01
9.799282550811767578e-01
2.428780347108840942e-01
9.984620809555053711e-01
9.998032450675964355e-01
8.107609748840332031e-01
9.995282888412475586e-01
9.959561228752136230e-01
3.595465614125714637e-06
3.896600799635052681e-03
3.174394805682823062e-05
1.981911249458789825e-03
8.170107603073120117e-01
9.725261330604553223e-01
9.260879829525947571e-03
9.998244643211364746e-01
2.317645847797393799e-01
5.887195467948913574e-01
2.600342966616153717e-03
6.766933202743530273e-02
9.867586493492126465e-01
9.764214754104614258e-01
1.910605533339548856e-05
1.398035287857055664e-01
9.073210954666137695e-01
1.405348256230354309e-02
9.998181462287902832e-01
1.953201144933700562e-01
6.324400007724761963e-02
2.099326593452133238e-05
5.610391497611999512e-01
9.984793066978454590e-01
9.999030828475952148e-01
9.995626807212829590e-01
9.893189072608947754e-01
4.573266414809040725e-05
1.232870519161224365e-01
9.974210262298583984e-01
2.615074394270777702e-03
9.967887401580810547e-01
9.473320245742797852e-01
5.587650593952275813e-05
9.999207258224487305e-01
9.958879351615905762e-01
9.994034767150878906e-01
1.452160775661468506e-01
9.994539618492126465e-01
6.009680801071226597e-04
7.202427089214324951e-02
6.780822873115539551e-01
1.221075467765331268e-02
2.285346388816833496e-02
3.103611432015895844e-02
9.999141693115234375e-01
7.034839987754821777e-01
9.816075563430786133e-01
4.636630713939666748e-01
9.985744953155517578e-01
9.981195330619812012e-01
1.300077326595783234e-02
3.604457676410675049e-01
3.703218325972557068e-02
4.014922380447387695e-01
4.620976687874644995e-05
6.046095490455627441e-01
1.238305354490876198e-03
9.995920062065124512e-01
9.988355040550231934e-01
1.602506451308727264e-02
9.923850297927856445e-01
9.994571805000305176e-01
6.235587224364280701e-02
9.973818659782409668e-01
8.679904276505112648e-04
3.512960160151124001e-03
8.130501955747604370e-02
8.226158022880554199e-01
1.581079850438982248e-04
1.908958256244659424e-01
9.873936176300048828e-01
9.999843835830688477e-01
9.951041936874389648e-01
2.690509427338838577e-04
9.732658863067626953e-01
8.312580585479736328e-01
6.762409582734107971e-03
9.762719273567199707e-01
1.258349791169166565e-02
2.368431091308593750e-01
7.161018252372741699e-01
9.758266806602478027e-01
9.998331069946289062e-01
9.999116659164428711e-01
9.973382353782653809e-01
9.855132699012756348e-01
1.869816915132105350e-03
9.340557456016540527e-01
9.831453561782836914e-01
9.996076226234436035e-01
9.989197254180908203e-01
9.971821308135986328e-01
7.889407277107238770e-01
1.083941315300762653e-04
7.245119214057922363e-01
5.749587416648864746e-01
3.429025113582611084e-01
6.175574962981045246e-04
9.967346787452697754e-01
5.600319127552211285e-04
9.985662102699279785e-01
3.537635803222656250e-01
2.011863944062497467e-05
5.341256856918334961e-01
5.078631639480590820e-01
9.997821450233459473e-01
9.990476965904235840e-01
1.325949281454086304e-02
1.455712947063148022e-03
3.285533282905817032e-03
9.999183416366577148e-01
1.487892717123031616e-01
9.989225268363952637e-01
9.408003687858581543e-01
9.377108216285705566e-01
7.145409199438290671e-06
9.942432045936584473e-01
3.431386721786111593e-04
9.993407130241394043e-01
3.352115452289581299e-01
3.903343749698251486e-04
7.364785075187683105e-01
9.999691247940063477e-01
6.216757465153932571e-04
1.416587338098906912e-06
9.967018961906433105e-01
9.016037583351135254e-01
9.998158812522888184e-01
9.721468091011047363e-01
9.998481273651123047e-01
9.998549222946166992e-01
6.302015781402587891e-01
9.331886172294616699e-01
9.116837382316589355e-01
7.136496901512145996e-02
9.907167553901672363e-01
1.739489436149597168e-01
1.051444094628095627e-03
9.997177720069885254e-01
2.372982203960418701e-01
1.987325027585029602e-03
1.893805223517119884e-03
9.864211082458496094e-01
9.997121691703796387e-01
7.733968496322631836e-01
9.901216626167297363e-01
9.239403880201280117e-06
9.992171525955200195e-01
9.182745814323425293e-01
5.562141910195350647e-02
7.335489392280578613e-01
9.781328439712524414e-01
2.569252550601959229e-01
5.810207803733646870e-04
9.984893798828125000e-01
9.374691247940063477e-01
8.982191211543977261e-04
3.302426338195800781e-01
3.488743901252746582e-01
9.999015331268310547e-01
5.918600559234619141e-01
3.046884387731552124e-02
5.675772428512573242e-01
7.018044590950012207e-01
4.620389342308044434e-01
9.366135299205780029e-02
9.992632269859313965e-01
2.566589415073394775e-01
3.393676877021789551e-01
7.824342901585623622e-05
8.048301562666893005e-03
2.894291877746582031e-01
5.449723005294799805e-01
3.190251765772700310e-03
9.447848796844482422e-01
8.835936188697814941e-01
9.998699426651000977e-01
9.872866272926330566e-01
7.357189655303955078e-01
9.645292162895202637e-01
6.202139047672972083e-05
3.661847710609436035e-01
6.032676100730895996e-01
9.969974756240844727e-01
1.640874445438385010e-01
2.616961300373077393e-02
8.809365681372582912e-05
3.761322498321533203e-01
2.583447098731994629e-02
9.943315982818603516e-01
2.974973917007446289e-01
9.943392872810363770e-01
9.986580610275268555e-01
3.488721325993537903e-02
9.998148083686828613e-01
7.651859521865844727e-01
1.585755348205566406e-01
9.783900976181030273e-01
9.633272290229797363e-01
2.804768681526184082e-01
9.996422529220581055e-01
3.311620966996997595e-04
4.897062171949073672e-05
9.996860027313232422e-01
9.885032773017883301e-01
9.968658089637756348e-01
3.919383585453033447e-01
9.996466636657714844e-01
9.134778976440429688e-01
9.060297012329101562e-01
9.995287656784057617e-01
3.395231664180755615e-01
6.935120373964309692e-02
1.449910178780555725e-02
9.987547397613525391e-01
1.613337917660828680e-05
2.111633867025375366e-02
9.638965725898742676e-01
9.933131337165832520e-01
1.248997723450884223e-04
7.005751878023147583e-02
9.826526641845703125e-01
9.999016523361206055e-01
9.994850158691406250e-01
9.980431795120239258e-01
8.380452394485473633e-01
1.055496162734925747e-03
4.799496309715323150e-05
5.980497691780328751e-03
1.654683649539947510e-01
9.445610642433166504e-01
5.391963571310043335e-02
9.959679841995239258e-01
9.977321624755859375e-01
8.603241443634033203e-01
2.058996111154556274e-01
9.999947547912597656e-01
6.716592609882354736e-02
9.990199804306030273e-01
8.099333941936492920e-02
9.995562434196472168e-01
9.841762948781251907e-04
4.578954577445983887e-01
1.540091005153954029e-03
8.237354755401611328e-01
2.119623124599456787e-01
2.927358145825564861e-04
1.344076171517372131e-02
9.483748674392700195e-01
6.935809552669525146e-02
9.977799057960510254e-01
9.961189031600952148e-01
9.887148737907409668e-01
1.622819922886264976e-06
9.987008571624755859e-01
8.286107913590967655e-04
1.758146390784531832e-04
7.392088770866394043e-01
8.900817036628723145e-01
8.167667984962463379e-01
1.423531323671340942e-01
9.982847571372985840e-01
9.992057681083679199e-01
2.584800822660326958e-03
9.523659944534301758e-01
9.680053219199180603e-03
9.973394274711608887e-01
2.264309208840131760e-03
8.467613458633422852e-01
1.367841497994959354e-03
9.733049228088930249e-05
9.996094107627868652e-01
9.937835931777954102e-01
1.663836446823552251e-04
1.688539981842041016e-01
4.604094028472900391e-01
4.456776976585388184e-01
9.896184802055358887e-01
5.174820544198155403e-04
8.414198160171508789e-01
1.452160775661468506e-01
9.997995495796203613e-01
9.999313354492187500e-01
9.823027253150939941e-01
3.076078891754150391e-01
9.997416138648986816e-01
9.905670285224914551e-01
2.134401584044098854e-03
9.999189376831054688e-01
3.734330832958221436e-01
1.798254251480102539e-01
6.746476143598556519e-02
9.010485410690307617e-01
9.922692775726318359e-01
9.991224408149719238e-01
9.995394945144653320e-01
9.890555143356323242e-01
3.431473625823855400e-03
8.394219279289245605e-01
1.982501000165939331e-01
4.267762973904609680e-02
9.783405661582946777e-01
8.006374835968017578e-01
1.166152879595756531e-01
9.999465942382812500e-01
9.998295307159423828e-01
9.912970066070556641e-01
9.989441037178039551e-01
9.992290735244750977e-01
1.757760941982269287e-01
2.029017806053161621e-01
9.909850358963012695e-01
8.364471606910228729e-03
9.992398023605346680e-01
8.309373259544372559e-01
9.998847246170043945e-01
1.883221790194511414e-02
9.495956301689147949e-01
8.890815377235412598e-01
4.152688980102539062e-01
9.988244175910949707e-01
8.788345754146575928e-02
8.974374532699584961e-01
7.513465285301208496e-01
8.677258491516113281e-01
9.998877048492431641e-01
4.672335386276245117e-01
9.588467478752136230e-01
8.728294051252305508e-04
9.991643428802490234e-01
9.927450418472290039e-01
9.858703613281250000e-01
9.991406202316284180e-01
9.997852444648742676e-01
7.810963988304138184e-01
2.532610415073577315e-05
2.574689388275146484e-01
1.491781696677207947e-02
2.410404831171035767e-01
8.261572122573852539e-01
2.162457108497619629e-01
6.517738103866577148e-01
4.148030129726976156e-04
9.908527731895446777e-01
8.053270578384399414e-01
9.998841285705566406e-01
2.184595465660095215e-01
9.996546506881713867e-01
9.975426197052001953e-01
9.979417920112609863e-01
9.997414946556091309e-01
8.804329037666320801e-01
3.744067251682281494e-01
8.853386044502258301e-01
7.943264245986938477e-01
3.612918546423316002e-03
2.611206769943237305e-01
1.282202824950218201e-02
9.888823628425598145e-01
8.004647493362426758e-01
2.310566051164641976e-04
8.556985259056091309e-01
9.217194914817810059e-01
1.170115396380424500e-01
9.925822019577026367e-01
9.994526505470275879e-01
9.999841451644897461e-01
1.415481604635715485e-02
9.966539144515991211e-01
2.848783740773797035e-03
2.604998182505369186e-03
4.597224891185760498e-01
9.999421834945678711e-01
5.139959976077079773e-03
9.941099286079406738e-01
9.528291821479797363e-01
9.978544116020202637e-01
2.971276342868804932e-01
1.445377274649217725e-04
5.228745794738642871e-05
4.744715616106987000e-02
4.431277979165315628e-03
9.999688863754272461e-01
1.210626447573304176e-03
4.063767939805984497e-02
1.327743828296661377e-01
9.997000694274902344e-01
9.787769913673400879e-01
1.610897928476333618e-01
9.476000070571899414e-01
9.993619322776794434e-01
7.100141644477844238e-01
6.627730131149291992e-01
2.334391884505748749e-02
9.997157454490661621e-01
9.999821186065673828e-01
8.081244886852800846e-04
9.998966455459594727e-01
8.415090292692184448e-02
9.999755620956420898e-01
2.114807516336441040e-01
9.471009969711303711e-01
6.461376642619143240e-07
3.378461673855781555e-02
3.647129237651824951e-01
1.397898197174072266e-01
9.998006224632263184e-01
9.423211812973022461e-01
9.630826711654663086e-01
7.857345975935459137e-03
9.867060780525207520e-01
5.034894911659648642e-06
2.164797933801310137e-06
8.560148477554321289e-01
1.245125532150268555e-01
2.261177636682987213e-03
3.424250986427068710e-03
5.053966045379638672e-01
9.994320273399353027e-01
9.993313550949096680e-01
9.999456405639648438e-01
8.744496107101440430e-01
1.372930314391851425e-02
7.806669920682907104e-02
3.736160397529602051e-01
9.999579191207885742e-01
9.941987991333007812e-01
9.999220371246337891e-01
9.973849654197692871e-01
9.944567680358886719e-01
6.068336963653564453e-01
9.973340034484863281e-01
9.993935823440551758e-01
3.516196738928556442e-05
9.918289780616760254e-01
8.807114958763122559e-01
9.430986642837524414e-01
5.092192906886339188e-03
9.892483949661254883e-01
3.156065708026289940e-03
9.981167316436767578e-01
9.361898154020309448e-02
3.139262199401855469e-01
8.985983729362487793e-01
3.979580700397491455e-01
6.027359962463378906e-01
9.360696673393249512e-01
9.563151597976684570e-01
9.951537847518920898e-01
9.290860891342163086e-01
4.355455748736858368e-03
8.010583929717540741e-03
6.551209688186645508e-01
8.382638096809387207e-01
9.999819993972778320e-01
1.610897928476333618e-01
2.629156922921538353e-03
9.432078003883361816e-01
6.133036315441131592e-02
5.138617157936096191e-01
9.239623323082923889e-03
2.668187953531742096e-04
9.998552799224853516e-01
2.278427779674530029e-02
7.562968221463961527e-06
3.018260700628161430e-03
5.194138363003730774e-02
5.717463791370391846e-02
1.686320453882217407e-02
5.511401891708374023e-01
9.988828301429748535e-01
9.272405505180358887e-01
9.999463558197021484e-01
6.823287010192871094e-01
5.687697529792785645e-01
8.867420554161071777e-01
6.730167567729949951e-02
9.493665099143981934e-01
8.587521910667419434e-01
3.344741463661193848e-01
9.998993873596191406e-01
1.472164094448089600e-01
7.516310084611177444e-03
9.995713829994201660e-01
4.550989251583814621e-04
9.601838588714599609e-01
3.261774033308029175e-02
9.838063716888427734e-01
1.982548201340250671e-05
5.450147455121623352e-06
9.715443253517150879e-01
9.999785423278808594e-01
3.145883083343505859e-01
9.974315762519836426e-01
7.751262784004211426e-01
9.999375343322753906e-01
1.178150796476984397e-05
2.605205809231847525e-04
6.401059031486511230e-02
9.867478609085083008e-01
5.644398331642150879e-01
5.643344484269618988e-04
2.010329365730285645e-01
9.877281188964843750e-01
1.424541464075446129e-03
9.993446469306945801e-01
9.995537400245666504e-01
9.982253909111022949e-01
7.589238230139017105e-03
9.048148393630981445e-01
5.772246718406677246e-01
8.671002388000488281e-01
4.736180999316275120e-04
9.867789745330810547e-01
9.993177652359008789e-01
9.804617166519165039e-01
9.965092539787292480e-01
9.980943799018859863e-01
9.227873682975769043e-01
5.697908252477645874e-02
9.856552481651306152e-01
7.581928968429565430e-01
1.825478859245777130e-03
6.035483966115862131e-05
1.480930894613265991e-01
2.713781083002686501e-03
9.999748468399047852e-01
3.848274354822933674e-05
9.999828338623046875e-01
2.991678379476070404e-02
9.992982149124145508e-01
5.990179777145385742e-01
9.995464682579040527e-01
3.990384638309478760e-01
9.233035445213317871e-01
2.055895747616887093e-03
9.908588603138923645e-03
9.998333454132080078e-01
1.821785699576139450e-03
1.986306451726704836e-04
2.996619418263435364e-02
9.964734911918640137e-01
4.015094041824340820e-02
9.556859149597585201e-04
9.964426159858703613e-01
4.720885753631591797e-01
9.168639735435135663e-06
9.898099899291992188e-01
9.371145367622375488e-01
1.766494126059114933e-03
9.974363446235656738e-01
9.389000535011291504e-01
6.043709516525268555e-01
9.720376133918762207e-01
9.739955663681030273e-01
9.091042876243591309e-01
9.631754755973815918e-01
7.304014434339478612e-05
9.551382660865783691e-01
9.997047781944274902e-01
5.966907143592834473e-01
9.998482465744018555e-01
9.177622795104980469e-01
9.984931945800781250e-01
9.621071219444274902e-01
2.382769715040922165e-03
5.995221436023712158e-03
3.842146252281963825e-04
4.912104457616806030e-03
2.556014060974121094e-01
1.186425089836120605e-01
1.491851726314052939e-04
1.985011156648397446e-03
8.352005388587713242e-04
9.985017823055386543e-04
3.374228719621896744e-03
6.611943827010691166e-04
9.986991882324218750e-01
9.946790933609008789e-01
7.746057963231578469e-05
4.993034526705741882e-03
2.117592096328735352e-01
9.776346683502197266e-01
9.659956693649291992e-01
9.999177455902099609e-01
6.665518283843994141e-01
9.931355714797973633e-01
2.971966285258531570e-03
3.363104769960045815e-04
1.137051367550157011e-05
9.871113896369934082e-01
9.970059990882873535e-01
9.179943799972534180e-01
9.996621608734130859e-01
2.186254278058186173e-05
9.900980591773986816e-01
9.999872446060180664e-01
4.240516107529401779e-03
9.938418865203857422e-01
7.199460640549659729e-03
9.999805688858032227e-01
7.963517308235168457e-01
9.588302373886108398e-01
1.581457853317260742e-01
6.964971544221043587e-05
2.773339474515523762e-05
2.956459820270538330e-01
9.993349909782409668e-01
3.962275513913482428e-04
9.997645020484924316e-01
2.177085552830249071e-04
9.990092515945434570e-01
9.946183562278747559e-01
1.962204277515411377e-02
7.601842284202575684e-01
9.152528643608093262e-01
9.787726402282714844e-01
9.998077750205993652e-01
1.992987381527200341e-05
9.999670982360839844e-01
1.030331104993820190e-02
3.155535960104316473e-04
4.565699100494384766e-01
1.016186433844268322e-03
3.796645905822515488e-04
3.404284943826496601e-04
9.843946695327758789e-01
3.635541722178459167e-02
1.479356797062791884e-07
9.921929240226745605e-01
8.971194028854370117e-01
2.122685313224792480e-01
9.974898397922515869e-02
9.348484277725219727e-01
9.992092251777648926e-01
9.997664093971252441e-01
8.712858892977237701e-03
6.379601927619660273e-06
9.991945624351501465e-01
5.473849177360534668e-01
9.998883008956909180e-01
9.999495744705200195e-01
9.658107161521911621e-01
9.999991655349731445e-01
1.759845912456512451e-01
2.788659036159515381e-01
9.083808064460754395e-01
9.999811649322509766e-01
8.212965913116931915e-04
7.434619419655064121e-06
3.085843324661254883e-01
1.042841468006372452e-03
9.991315007209777832e-01
9.420647621154785156e-01
2.445749472826719284e-03
1.068108808249235153e-02
9.840437769889831543e-01
1.088963355869054794e-02
9.995684027671813965e-01
7.129963040351867676e-01
9.269919395446777344e-01
9.999483823776245117e-01
3.473125398159027100e-01
9.798238277435302734e-01
1.897537708282470703e-01
9.999501705169677734e-01
1.132326275110244751e-01
9.975663423538208008e-01
9.957773685455322266e-01
8.836693450575694442e-05
2.459871757309883833e-04
1.553746551508083940e-05
9.999127388000488281e-01
9.563091397285461426e-01
9.997243285179138184e-01
2.804277528412058018e-06
1.070064902305603027e-01
3.132134224870242178e-06
4.243674688041210175e-03
9.999006986618041992e-01
8.722318410873413086e-01
3.912759944796562195e-02
9.999858140945434570e-01
9.959315657615661621e-01
9.997612833976745605e-01
9.989810585975646973e-01
9.928426742553710938e-01
2.586055174469947815e-02
9.099352955818176270e-01
9.991431236267089844e-01
9.977339506149291992e-01
9.998300075531005859e-01
9.093272089958190918e-01
9.095339775085449219e-01
9.973309040069580078e-01
9.948306679725646973e-01
4.185821671853773296e-05
9.991742968559265137e-01
6.036801636219024658e-02
9.963378906250000000e-01
2.478029280900955200e-01
5.355113744735717773e-01
5.911889672279357910e-01
9.999868869781494141e-01
9.998310804367065430e-01
1.390476077795028687e-01
3.563182428479194641e-02
9.831272363662719727e-01
1.770716044120490551e-03
2.952447831630706787e-01
2.653962292242795229e-04
1.124428957700729370e-02
9.997721314430236816e-01
9.998345375061035156e-01
9.996211528778076172e-01
1.627867966890335083e-01
5.440334230661392212e-02
2.753163129091262817e-02
7.960349321365356445e-01
2.328162314370274544e-03
9.835825562477111816e-01
9.206944108009338379e-01
9.979792237281799316e-01
1.673759252298623323e-04
9.992044568061828613e-01
6.537662148475646973e-01
9.994972944259643555e-01
8.961647748947143555e-01
9.937018156051635742e-01
3.285973798483610153e-03
1.484607346355915070e-04
9.999843835830688477e-01
6.592198461294174194e-02
2.315713354619219899e-04
9.936752915382385254e-01
2.689162194728851318e-01
1.858242452144622803e-01
9.989078044891357422e-01
8.717815279960632324e-01
1.654683649539947510e-01
8.653921075165271759e-03
4.539925139397382736e-03
9.995135068893432617e-01
9.975107908248901367e-01
9.786624312400817871e-01
9.987217783927917480e-01
9.624086618423461914e-01
9.989655017852783203e-01
9.383712410926818848e-01
5.574033781886100769e-02
2.095607481896877289e-02
1.882827430963516235e-01
3.775390097871422768e-03
9.999219179153442383e-01
9.860889911651611328e-01
9.996234178543090820e-01
3.125527128577232361e-02
9.934504032135009766e-01
8.724339008331298828e-01
3.221417136956006289e-05
4.767125472426414490e-02
7.310788631439208984e-01
1.320663392543792725e-01
9.300609230995178223e-01
9.998811483383178711e-01
3.425405547022819519e-02
1.173884629679378122e-05
8.746005892753601074e-01
9.959056377410888672e-01
9.970483183860778809e-01
4.774047136306762695e-01
9.932558536529541016e-01
9.454869627952575684e-01
2.897833883762359619e-01
7.039859425276517868e-03
9.955514073371887207e-01
9.998606443405151367e-01
1.823882013559341431e-02
8.705717325210571289e-02
6.209529638290405273e-01
9.686175584793090820e-01
1.411154400557279587e-02
9.990340471267700195e-01
9.860178232192993164e-01
1.326889917254447937e-02
6.684491038322448730e-01
2.381559759378433228e-01
9.666546583175659180e-01
2.377376407384872437e-01
9.999299049377441406e-01
9.982481002807617188e-01
1.916548499139025807e-04
9.937903285026550293e-01
9.984927177429199219e-01
7.056604027748107910e-01
9.585236310958862305e-01
9.102888703346252441e-01
9.977236390113830566e-01
9.448876976966857910e-01
6.224555894732475281e-02
7.080632448196411133e-01
8.075921982526779175e-02
9.554856419563293457e-01
2.604190958663821220e-03
9.834393858909606934e-01
9.729750156402587891e-01
9.218738079071044922e-01
7.081179064698517323e-04
2.778372727334499359e-04
5.977552756667137146e-02
9.886257648468017578e-01
9.987622499465942383e-01
9.949099421501159668e-01
3.882758319377899170e-01
4.029860794544219971e-01
1.630643606185913086e-01
9.806062579154968262e-01
4.040170088410377502e-02
7.876431345939636230e-01
9.487106800079345703e-01
7.831764523871243000e-04
4.914397299289703369e-01
3.103061113506555557e-03
8.077234625816345215e-01
5.465499591082334518e-03
7.224843502044677734e-01
1.363281011581420898e-01
1.553222984075546265e-01
9.463319182395935059e-01
9.520428180694580078e-01
3.368186997249722481e-03
5.307948449626564980e-04
9.999209642410278320e-01
9.855636358261108398e-01
9.713965058326721191e-01
7.359084520430769771e-06
7.437995076179504395e-01
4.379239864647388458e-03
7.370505045400932431e-05
9.567546844482421875e-01
1.476941406726837158e-01
9.998652935028076172e-01
8.011884093284606934e-01
9.995480179786682129e-01
5.177137255668640137e-01
4.462343156337738037e-01
9.998458623886108398e-01
9.998581409454345703e-01
5.262728407979011536e-02
9.996912479400634766e-01
9.993719458580017090e-01
2.045166620519012213e-04
9.530090689659118652e-01
6.569012254476547241e-02
9.994581341743469238e-01
2.661156654357910156e-01
9.995322227478027344e-01
5.440040957182645798e-03
8.379099965095520020e-01
8.468782762065529823e-04
9.953048229217529297e-01
7.557281787740066648e-05
9.570586085319519043e-01
6.051509990356862545e-04
2.009983640164136887e-03
9.955812096595764160e-01
9.872653484344482422e-01
9.939957261085510254e-01
2.264546637888997793e-04
1.862492063082754612e-03
9.909594058990478516e-01
9.903507828712463379e-01
1.834927126765251160e-02
9.962686300277709961e-01
9.959736466407775879e-01
2.058996111154556274e-01
4.498564812820404768e-04
6.603893041610717773e-01
9.997636675834655762e-01
8.522319793701171875e-01
9.013208746910095215e-01
9.974285960197448730e-01
9.982913136482238770e-01
9.434995055198669434e-02
9.979662895202636719e-01
9.923547506332397461e-01
8.380722403526306152e-01
4.569366108626127243e-03
6.590623524971306324e-05
7.587987511215033010e-06
4.613583951140753925e-05
9.975831508636474609e-01
9.993315935134887695e-01
9.998840093612670898e-01
9.803926348686218262e-01
2.089503504976164550e-05
9.435434341430664062e-01
9.984140396118164062e-01
9.956431388854980469e-01
2.069793045520782471e-01
8.378187417984008789e-01
4.013192951679229736e-01
9.964212179183959961e-01
3.545036015566438437e-04
9.996157884597778320e-01
9.895340800285339355e-01
2.000331692397594452e-02
4.769076440425124019e-06
9.986727237701416016e-01
6.837691068649291992e-01
9.998784065246582031e-01
5.057039670646190643e-03
9.146715402603149414e-01
8.730206638574600220e-03
9.950466156005859375e-01
3.012739398400299251e-05
2.929998096078634262e-03
9.974232912063598633e-01
1.528241932392120361e-01
9.980407357215881348e-01
3.523171471897512674e-05
6.599667072296142578e-01
3.008746206760406494e-01
2.943585786852054298e-05
3.368703424930572510e-01
6.965868473052978516e-01
1.460869862057734281e-05
1.733392477035522461e-02
9.992024302482604980e-01
9.884859323501586914e-01
2.321573672816157341e-03
9.913567304611206055e-01
9.681292772293090820e-01
9.976504445075988770e-01
2.161817625164985657e-02
1.188690424896776676e-03
1.224362198263406754e-02
7.854916453361511230e-01
9.106026291847229004e-01
9.937803149223327637e-01
1.759758591651916504e-02
2.120433375239372253e-03
2.395001705735921860e-03
2.060032449662685394e-03
6.809672117233276367e-01
5.673922225832939148e-02
6.932983524166047573e-06
9.998664855957031250e-01
9.995502829551696777e-01
1.707070856355130672e-03
1.417623367160558701e-03
4.987311363220214844e-01
8.051194548606872559e-01
1.608721353113651276e-02
9.876018166542053223e-01
5.499874823726713657e-04
1.098314241971820593e-04
9.915233850479125977e-01
5.675020813941955566e-02
9.990654587745666504e-01
5.308519005775451660e-01
9.997403025627136230e-01
9.985013008117675781e-01
9.984990358352661133e-01
5.754034966230392456e-02
8.559507550671696663e-04
9.001865237951278687e-02
9.208507537841796875e-01
1.119109168648719788e-01
1.525386422872543335e-01
3.206567838788032532e-02
2.443073876202106476e-02
2.299810694239567965e-05
7.569087147712707520e-01
9.993647933006286621e-01
9.925846010446548462e-03
9.989393353462219238e-01
9.951061010360717773e-01
9.999190568923950195e-01
9.973849654197692871e-01
9.999624490737915039e-01
9.975821971893310547e-01
9.995997548103332520e-01
4.616738259792327881e-01
9.966505169868469238e-01
9.998488426208496094e-01
9.977548718452453613e-01
8.322678208351135254e-01
2.357094781473278999e-03
7.392519116401672363e-01
9.882571101188659668e-01
9.998866319656372070e-01
9.999018907546997070e-01
3.760993058676831424e-05
2.283205045387148857e-03
9.979667663574218750e-01
9.997977614402770996e-01
9.998962879180908203e-01
4.874945878982543945e-01
5.526695251464843750e-01
9.997555613517761230e-01
1.142231673002243042e-01
8.515071272850036621e-01
2.706821858882904053e-01
9.999243021011352539e-01
1.524209976196289062e-02
9.850929379463195801e-01
8.569349050521850586e-01
2.566156983375549316e-01
3.522114828228950500e-02
8.558965637348592281e-04
5.047882795333862305e-01
9.851699471473693848e-01
6.591428973479196429e-05
9.983431100845336914e-01
7.632706314325332642e-02
3.215901786461472511e-03
8.521111011505126953e-01
9.824871420860290527e-01
9.081524014472961426e-01
5.230056047439575195e-01
8.747004270553588867e-01
9.997039437294006348e-01
9.845157861709594727e-01
5.908626914024353027e-01
9.888598918914794922e-01
3.159583508968353271e-01
2.445516176521778107e-02
1.427508145570755005e-02
5.003033220418728888e-05
9.984512329101562500e-01
9.998755455017089844e-01
9.874825477600097656e-01
1.098141372203826904e-01
4.920623302459716797e-01
1.134383865064592101e-06
6.685688276775181293e-04
1.449451595544815063e-01
3.059556782245635986e-01
9.997159838676452637e-01
2.728947997093200684e-01
9.738522171974182129e-01
5.411528982222080231e-04
8.669954724609851837e-03
9.999830722808837891e-01
9.996980428695678711e-01
1.361044007353484631e-03
9.994352459907531738e-01
1.137503311038017273e-01
5.058217644691467285e-01
1.190543174743652344e-03
3.686572425067424774e-03
4.711174368858337402e-01
9.997046589851379395e-01
3.157838364131748676e-04
9.995444416999816895e-01
9.855563044548034668e-01
9.919394850730895996e-01
3.178667611791752279e-06
6.874480843544006348e-01
9.950248599052429199e-01
9.980144500732421875e-01
1.024303637677803636e-04
9.971234202384948730e-01
9.996716976165771484e-01
4.219077527523040771e-01
9.992565512657165527e-01
9.570192694664001465e-01
1.900817296700552106e-04
5.703728199005126953e-01
9.996910095214843750e-01
9.872928857803344727e-01
1.831164117902517319e-03
9.989718198776245117e-01
9.992235898971557617e-01
9.962067604064941406e-01
9.541776776313781738e-01
7.064358592033386230e-01
2.666127635166049004e-03
8.359697461128234863e-01
9.815781116485595703e-01
9.806559085845947266e-01
8.285803347826004028e-02
3.327279388904571533e-01
6.777972728013992310e-02
7.818030714988708496e-01
1.239927019923925400e-03
9.980383515357971191e-01
9.543876051902770996e-01
8.779699802398681641e-01
6.764201521873474121e-01
9.824516177177429199e-01
7.851603627204895020e-01
1.417317893356084824e-02
7.698631286621093750e-01
9.210395216941833496e-01
9.878624677658081055e-01
6.824017167091369629e-01
7.842667982913553715e-04
9.999799728393554688e-01
9.976868629455566406e-01
1.517056080047041178e-04
8.962253332138061523e-01
1.907101017422974110e-03
1.486787659814581275e-04
9.951104521751403809e-01
3.554160892963409424e-02
9.984891414642333984e-01
2.806674838066101074e-01
9.997375607490539551e-01
9.997343420982360840e-01
3.130209073424339294e-02
9.697672724723815918e-01
7.085967063903808594e-02
6.954623386263847351e-04
2.969389897771179676e-04
1.234922558069229126e-02
3.176394402980804443e-01
9.715068340301513672e-01
9.898562431335449219e-01
9.987022876739501953e-01
9.977912902832031250e-01
9.797555208206176758e-01
9.996045231819152832e-01
9.987677335739135742e-01
1.068837661296129227e-02
2.896994556067511439e-05
4.942379891872406006e-04
7.637358903884887695e-01
7.608766555786132812e-01
9.990008473396301270e-01
7.052160799503326416e-02
1.141426502726972103e-03
8.631130456924438477e-01
9.999002218246459961e-01
9.937592744827270508e-01
9.707434773445129395e-01
4.489872371777892113e-04
3.198854252696037292e-02
8.510537743568420410e-01
2.740401625633239746e-01
9.993646740913391113e-01
7.955157756805419922e-02
9.567758440971374512e-01
9.389006495475769043e-01
9.952552318572998047e-01
1.450784853659570217e-03
9.977030158042907715e-01
9.623430967330932617e-01
9.998728036880493164e-01
8.917098641395568848e-01
9.998289346694946289e-01
4.066209867596626282e-02
1.752344369888305664e-01
9.281000494956970215e-01
1.863528229296207428e-02
1.267564892768859863e-01
9.774869084358215332e-01
9.925900697708129883e-01
2.908138930797576904e-01
8.296058773994445801e-01
9.229019284248352051e-01
9.999585151672363281e-01
7.457239031791687012e-01
1.050554960966110229e-02
9.994972944259643555e-01
1.154312044382095337e-01
2.327416586922481656e-05
9.870342612266540527e-01
2.840280532836914062e-01
7.106811244739219546e-05
5.005931481719017029e-03
9.309322237968444824e-01
5.972203798592090607e-04
7.360545396804809570e-01
2.818845510482788086e-01
2.985717263072729111e-03
9.993397593498229980e-01
9.777330160140991211e-01
1.593046635389328003e-02
9.760677218437194824e-01
9.984076619148254395e-01
9.995922446250915527e-01
9.530544281005859375e-01
9.175654053688049316e-01
1.526192529127001762e-03
7.281942367553710938e-01
2.032387303188443184e-03
9.557514786720275879e-01
9.999865293502807617e-01
9.991804957389831543e-01
9.960928559303283691e-01
7.159669697284698486e-02
7.926505641080439091e-04
2.694068010896444321e-03
6.555273430421948433e-04
1.533412784337997437e-01
9.594589471817016602e-01
5.153641104698181152e-01
9.948521256446838379e-01
7.701967842876911163e-05
2.389877885580062866e-01
5.728809833526611328e-01
1.558313518762588501e-01
9.859119057655334473e-01
5.091857910156250000e-01
1.054084673523902893e-02
2.547068288549780846e-04
6.997425953159108758e-05
6.603761762380599976e-02
9.959427714347839355e-01
6.234467029571533203e-02
3.109073804807849228e-05
3.058111667633056641e-02
7.430052757263183594e-02
3.091748654842376709e-01
9.907386302947998047e-01
9.956236481666564941e-01
7.370505045400932431e-05
9.986521601676940918e-01
2.126296521964832209e-06
9.996763467788696289e-01
9.998948574066162109e-01
6.693127155303955078e-01
9.667528271675109863e-01
9.999780654907226562e-01
2.305575013160705566e-01
9.989865422248840332e-01
9.995816349983215332e-01
9.483610391616821289e-01
4.579843880492262542e-05
9.968130143533926457e-06
8.497123781125992537e-05
1.317390007898211479e-03
9.994986057281494141e-01
3.582630539312958717e-03
8.031172156333923340e-01
1.390171498060226440e-01
1.904805004596710205e-02
5.095857381820678711e-01
1.792903617024421692e-02
6.697509884834289551e-01
6.176615133881568909e-03
6.451573688536882401e-03
4.224276170134544373e-03
4.978947690688073635e-04
4.456857823242899030e-06
9.787030816078186035e-01
7.806885838508605957e-01
5.837065633386373520e-03
1.113691600039601326e-03
9.312701821327209473e-01
1.667152196168899536e-01
2.971290996356401592e-06
1.298712322750361636e-05
9.994311928749084473e-01
2.168844938278198242e-01
9.196986556053161621e-01
9.869204368442296982e-04
3.141696155071258545e-01
9.998503923416137695e-01
1.768868241924792528e-05
9.870160818099975586e-01
3.465119004249572754e-01
9.999544620513916016e-01
9.931390881538391113e-01
7.739210724830627441e-01
7.795892888680100441e-04
7.773392647504806519e-02
9.714980721473693848e-01
8.403872847557067871e-01
2.278103306889533997e-02
9.714155197143554688e-01
1.879391968250274658e-01
8.791014261078089476e-05
1.533077061176300049e-01
9.857406020164489746e-01
9.994798302650451660e-01
6.201958749443292618e-04
9.954593777656555176e-01
9.998589754104614258e-01
7.830456495285034180e-01
9.995989203453063965e-01
1.259480200133111794e-06
9.989427924156188965e-01
4.449372291564941406e-01
2.200582027435302734e-01
7.029588222503662109e-01
2.254422195255756378e-02
1.100363588193431497e-04
9.997834563255310059e-01
6.211433093994855881e-03
9.988873600959777832e-01
9.634796977043151855e-01
9.064229130744934082e-01
1.506368047557771206e-03
1.147488274000352249e-05
7.737246155738830566e-01
8.382920026779174805e-01
1.099729016423225403e-01
9.980541467666625977e-01
2.418225556612014771e-01
2.644464606419205666e-03
4.166913330554962158e-01
1.792761613614857197e-04
8.351404070854187012e-01
9.515487181488424540e-05
9.951403141021728516e-01
1.355052459985017776e-03
9.263809323310852051e-01
4.180831092526204884e-05
2.245803736150264740e-02
9.983837604522705078e-01
9.984306693077087402e-01
9.999976158142089844e-01
9.511475563049316406e-01
9.999722242355346680e-01
9.918081164360046387e-01
1.346239732811227441e-04
2.523125708103179932e-01
7.892265421105548739e-05
3.840831667184829712e-02
9.861196279525756836e-01
7.806510478258132935e-02
9.921407699584960938e-01
1.765756756067276001e-01
9.990535378456115723e-01
9.936735630035400391e-01
9.788253373699262738e-05
8.196859955787658691e-01
3.264141380786895752e-01
9.540216326713562012e-01
9.953958392143249512e-01
6.366482557496055961e-05
3.193021938204765320e-02
2.930350303649902344e-01
9.814940690994262695e-01
9.190912246704101562e-01
9.981687068939208984e-01
5.117961168289184570e-01
4.895939026027917862e-03
3.118397891521453857e-01
1.490386389195919037e-02
6.203606128692626953e-01
